        1121
     1   9.999999E-01   9.999999E-01   5.163346E-08
     2   4.155284E-04   4.322420E-04   4.155284E-06
     3   4.155189E-04   4.380067E-04   4.155189E-06
     4   4.155025E-04   4.514944E-04   4.155025E-06
     5   4.154836E-04   4.347025E-04   4.154836E-06
     6   4.154671E-04   3.870600E-04   4.154671E-06
     7   4.154577E-04   4.071723E-04   4.154577E-06
     8   1.255503E-03   1.055163E-03   1.255503E-05
     9   1.255363E-03   1.015753E-03   1.255363E-05
    10   1.255123E-03   1.069500E-03   1.255123E-05
    11   1.254845E-03   1.100340E-03   1.254845E-05
    12   1.254604E-03   1.022276E-03   1.254604E-05
    13   1.254466E-03   1.059904E-03   1.254466E-05
    14   2.106625E-03   1.985233E-03   2.106625E-05
    15   2.106056E-03   1.933491E-03   2.106056E-05
    16   2.105072E-03   2.017044E-03   2.105072E-05
    17   2.103936E-03   2.092887E-03   2.103936E-05
    18   2.102953E-03   2.131697E-03   2.102953E-05
    19   2.102386E-03   2.160339E-03   2.102386E-05
    20   2.925383E-03   2.918418E-03   2.925383E-05
    21   2.924022E-03   3.018151E-03   2.924022E-05
    22   2.921667E-03   2.990551E-03   2.921667E-05
    23   2.918952E-03   3.023991E-03   2.918952E-05
    24   2.916603E-03   3.116405E-03   2.916603E-05
    25   2.915249E-03   3.068510E-03   2.915249E-05
    26   3.605353E-03   3.055394E-03   3.605353E-05
    27   3.603030E-03   3.126503E-03   3.603030E-05
    28   3.599011E-03   3.130809E-03   3.599011E-05
    29   3.594379E-03   3.107624E-03   3.594379E-05
    30   3.590375E-03   3.189072E-03   3.590375E-05
    31   3.588066E-03   3.134830E-03   3.588066E-05
    32   4.000638E-03   3.759701E-03   4.000638E-05
    33   3.997628E-03   3.867565E-03   3.997628E-05
    34   3.992424E-03   3.815723E-03   3.992424E-05
    35   3.986427E-03   3.848812E-03   3.986427E-05
    36   3.981244E-03   3.944251E-03   3.981244E-05
    37   3.978256E-03   3.870726E-03   3.978256E-05
    38   1.183250E-04   1.442676E-04   1.183250E-06
    39   1.183218E-04   1.495992E-04   1.183218E-06
    40   1.183162E-04   1.355056E-04   1.183162E-06
    41   1.183097E-04   1.178023E-04   1.183097E-06
    42   1.183041E-04   1.106869E-04   1.183041E-06
    43   1.183009E-04   1.141729E-04   1.183009E-06
    44   3.609891E-04   3.113542E-04   3.609891E-06
    45   3.609392E-04   2.882936E-04   3.609392E-06
    46   3.608529E-04   2.873804E-04   3.608529E-06
    47   3.607533E-04   2.449048E-04   3.607533E-06
    48   3.606671E-04   2.000147E-04   3.606671E-06
    49   3.606173E-04   1.915205E-04   3.606173E-06
    50   6.181876E-04   6.744654E-04   6.181876E-06
    51   6.179648E-04   6.108005E-04   6.179648E-06
    52   6.175793E-04   6.382661E-04   6.175793E-06
    53   6.171348E-04   5.953443E-04   6.171348E-06
    54   6.167506E-04   5.985293E-04   6.167506E-06
    55   6.165290E-04   5.898903E-04   6.165290E-06
    56   8.845601E-04   9.202589E-04   8.845601E-06
    57   8.839660E-04   8.926783E-04   8.839660E-06
    58   8.829392E-04   9.034886E-04   8.829392E-06
    59   8.817570E-04   9.032431E-04   8.817570E-06
    60   8.807360E-04   9.611822E-04   8.807360E-06
    61   8.801478E-04   8.832650E-04   8.801478E-06
    62   1.125791E-03   1.224650E-03   1.125791E-05
    63   1.124672E-03   1.135935E-03   1.124672E-05
    64   1.122739E-03   1.183916E-03   1.122739E-05
    65   1.120516E-03   1.158639E-03   1.120516E-05
    66   1.118598E-03   1.139210E-03   1.118598E-05
    67   1.117494E-03   1.145407E-03   1.117494E-05
    68   1.276265E-03   1.272369E-03   1.276265E-05
    69   1.274727E-03   1.303599E-03   1.274727E-05
    70   1.272073E-03   1.317879E-03   1.272073E-05
    71   1.269022E-03   1.259074E-03   1.269022E-05
    72   1.266392E-03   1.302280E-03   1.266392E-05
    73   1.264879E-03   1.226072E-03   1.264879E-05
    74   2.041399E-04   2.512974E-04   2.041399E-06
    75   2.041356E-04   2.491648E-04   2.041356E-06
    76   2.041283E-04   2.632959E-04   2.041283E-06
    77   2.041197E-04   2.067098E-04   2.041197E-06
    78   2.041124E-04   2.184097E-04   2.041124E-06
    79   2.041081E-04   2.405765E-04   2.041081E-06
    80   6.206070E-04   3.871831E-04   6.206070E-06
    81   6.205443E-04   3.578115E-04   6.205443E-06
    82   6.204356E-04   3.487022E-04   6.204356E-06
    83   6.203101E-04   2.946743E-04   6.203101E-06
    84   6.202015E-04   2.918465E-04   6.202015E-06
    85   6.201388E-04   3.116836E-04   6.201388E-06
    86   1.052540E-03   9.269554E-04   1.052540E-05
    87   1.052280E-03   9.764618E-04   1.052280E-05
    88   1.051831E-03   1.035516E-03   1.051831E-05
    89   1.051313E-03   9.729359E-04   1.051313E-05
    90   1.050864E-03   1.123245E-03   1.050864E-05
    91   1.050606E-03   9.417323E-04   1.050606E-05
    92   1.480006E-03   1.434990E-03   1.480006E-05
    93   1.479377E-03   1.487433E-03   1.479377E-05
    94   1.478287E-03   1.520585E-03   1.478287E-05
    95   1.477031E-03   1.517715E-03   1.477031E-05
    96   1.475944E-03   1.549176E-03   1.475944E-05
    97   1.475317E-03   1.371687E-03   1.475317E-05
    98   1.844254E-03   1.678098E-03   1.844254E-05
    99   1.843163E-03   1.547784E-03   1.843163E-05
   100   1.841276E-03   1.622355E-03   1.841276E-05
   101   1.839100E-03   1.593914E-03   1.839100E-05
   102   1.837219E-03   1.696088E-03   1.837219E-05
   103   1.836135E-03   1.567234E-03   1.836135E-05
   104   2.059829E-03   2.040618E-03   2.059829E-05
   105   2.058401E-03   2.108035E-03   2.058401E-05
   106   2.055932E-03   2.047829E-03   2.055932E-05
   107   2.053086E-03   1.974357E-03   2.053086E-05
   108   2.050627E-03   2.277578E-03   2.050627E-05
   109   2.049209E-03   1.954183E-03   2.049209E-05
   110   2.868581E-04   1.902269E-04   2.868581E-06
   111   2.868485E-04   1.977577E-04   2.868485E-06
   112   2.868320E-04   1.933581E-04   2.868320E-06
   113   2.868129E-04   1.891354E-04   2.868129E-06
   114   2.867963E-04   1.843506E-04   2.867963E-06
   115   2.867868E-04   1.700039E-04   2.867868E-06
   116   8.950768E-04   3.745766E-04   8.950768E-06
   117   8.949280E-04   3.934625E-04   8.949280E-06
   118   8.946704E-04   3.602344E-04   8.946704E-06
   119   8.943731E-04   3.338274E-04   8.943731E-06
   120   8.941159E-04   3.379897E-04   8.941159E-06
   121   8.939674E-04   3.418671E-04   8.939674E-06
   122   1.594316E-03   1.043712E-03   1.594316E-05
   123   1.593644E-03   1.031518E-03   1.593644E-05
   124   1.592483E-03   1.043380E-03   1.592483E-05
   125   1.591144E-03   1.003145E-03   1.591144E-05
   126   1.589985E-03   1.005055E-03   1.589985E-05
   127   1.589317E-03   1.043169E-03   1.589317E-05
   128   2.386729E-03   1.869057E-03   2.386729E-05
   129   2.384931E-03   1.778497E-03   2.384931E-05
   130   2.381821E-03   1.799847E-03   2.381821E-05
   131   2.378239E-03   1.757983E-03   2.378239E-05
   132   2.375144E-03   1.790672E-03   2.375144E-05
   133   2.373359E-03   1.816052E-03   2.373359E-05
   134   3.155412E-03   1.909039E-03   3.155412E-05
   135   3.152026E-03   1.827822E-03   3.152026E-05
   136   3.146175E-03   1.820749E-03   3.146175E-05
   137   3.139438E-03   1.778223E-03   3.139438E-05
   138   3.133622E-03   1.836141E-03   3.133622E-05
   139   3.130271E-03   1.836931E-03   3.130271E-05
   140   3.653750E-03   2.846379E-03   3.653750E-05
   141   3.649109E-03   2.961650E-03   3.649109E-05
   142   3.641089E-03   3.005387E-03   3.641089E-05
   143   3.631862E-03   2.919616E-03   3.631862E-05
   144   3.623898E-03   2.995361E-03   3.623898E-05
   145   3.619311E-03   2.818825E-03   3.619311E-05
   146   2.617829E-04   3.651280E-04   2.617829E-06
   147   2.617745E-04   3.610356E-04   2.617745E-06
   148   2.617600E-04   3.511080E-04   2.617600E-06
   149   2.617432E-04   3.615724E-04   2.617432E-06
   150   2.617287E-04   3.385347E-04   2.617287E-06
   151   2.617203E-04   3.319017E-04   2.617203E-06
   152   8.329336E-04   7.742645E-04   8.329336E-06
   153   8.327935E-04   7.159104E-04   8.327935E-06
   154   8.325511E-04   6.732448E-04   8.325511E-06
   155   8.322714E-04   6.829129E-04   8.322714E-06
   156   8.320295E-04   6.441315E-04   8.320295E-06
   157   8.318898E-04   6.428345E-04   8.318898E-06
   158   1.546549E-03   1.395015E-03   1.546549E-05
   159   1.545835E-03   1.338245E-03   1.545835E-05
   160   1.544600E-03   1.412010E-03   1.544600E-05
   161   1.543176E-03   1.152459E-03   1.543176E-05
   162   1.541946E-03   1.309613E-03   1.541946E-05
   163   1.541237E-03   1.315816E-03   1.541237E-05
   164   2.462260E-03   3.227400E-03   2.462260E-05
   165   2.460026E-03   3.334381E-03   2.460026E-05
   166   2.456168E-03   3.219640E-03   2.456168E-05
   167   2.451728E-03   3.208995E-03   2.451728E-05
   168   2.447898E-03   3.368230E-03   2.447898E-05
   169   2.445693E-03   3.533594E-03   2.445693E-05
   170   3.478923E-03   3.589460E-03   3.478923E-05
   171   3.474058E-03   3.285102E-03   3.474058E-05
   172   3.465664E-03   3.504106E-03   3.465664E-05
   173   3.456022E-03   3.321673E-03   3.456022E-05
   174   3.447714E-03   3.282983E-03   3.447714E-05
   175   3.442936E-03   3.414132E-03   3.442936E-05
   176   4.211003E-03   4.512294E-03   4.211003E-05
   177   4.203716E-03   4.514009E-03   4.203716E-05
   178   4.191151E-03   4.579496E-03   4.191151E-05
   179   4.176730E-03   4.461838E-03   4.176730E-05
   180   4.164317E-03   4.490390E-03   4.164317E-05
   181   4.157182E-03   4.102150E-03   4.157182E-05
   182   2.095306E-04   2.166923E-04   2.095306E-06
   183   2.095228E-04   1.952126E-04   2.095228E-06
   184   2.095094E-04   1.770632E-04   2.095094E-06
   185   2.094940E-04   1.887937E-04   2.094940E-06
   186   2.094806E-04   2.448202E-04   2.094806E-06
   187   2.094729E-04   2.987927E-04   2.094729E-06
   188   7.016351E-04   6.822885E-04   7.016351E-06
   189   7.014992E-04   7.014762E-04   7.014992E-06
   190   7.012639E-04   6.867047E-04   7.012639E-06
   191   7.009923E-04   8.421465E-04   7.009923E-06
   192   7.007573E-04   7.219886E-04   7.007573E-06
   193   7.006217E-04   8.517962E-04   7.006217E-06
   194   1.440692E-03   1.691721E-03   1.440692E-05
   195   1.439937E-03   1.598366E-03   1.439937E-05
   196   1.438631E-03   1.845469E-03   1.438631E-05
   197   1.437124E-03   1.541872E-03   1.437124E-05
   198   1.435822E-03   1.545358E-03   1.435822E-05
   199   1.435071E-03   1.718498E-03   1.435071E-05
   200   2.617661E-03   2.643830E-03   2.617661E-05
   201   2.615055E-03   2.718586E-03   2.615055E-05
   202   2.610549E-03   2.460707E-03   2.610549E-05
   203   2.605361E-03   2.417652E-03   2.605361E-05
   204   2.600881E-03   2.806752E-03   2.600881E-05
   205   2.598300E-03   2.962119E-03   2.598300E-05
   206   4.187258E-03   4.211169E-03   4.187258E-05
   207   4.181066E-03   3.778709E-03   4.181066E-05
   208   4.170373E-03   4.381368E-03   4.170373E-05
   209   4.158076E-03   4.150039E-03   4.158076E-05
   210   4.147468E-03   3.731424E-03   4.147468E-05
   211   4.141362E-03   4.245278E-03   4.141362E-05
   212   5.458818E-03   5.490622E-03   5.458818E-05
   213   5.449051E-03   5.894465E-03   5.449051E-05
   214   5.432194E-03   6.148388E-03   5.432194E-05
   215   5.412823E-03   6.063838E-03   5.412823E-05
   216   5.396128E-03   6.110619E-03   5.396128E-05
   217   5.386524E-03   5.450946E-03   5.386524E-05
   218   2.135368E-04   2.617861E-04   2.135368E-06
   219   2.135313E-04   2.484282E-04   2.135313E-06
   220   2.135219E-04   2.380183E-04   2.135219E-06
   221   2.135110E-04   2.143935E-04   2.135110E-06
   222   2.135015E-04   2.048266E-04   2.135015E-06
   223   2.134960E-04   2.192150E-04   2.134960E-06
   224   6.917537E-04   5.155716E-04   6.917537E-06
   225   6.916476E-04   4.431116E-04   6.916476E-06
   226   6.914639E-04   4.269561E-04   6.914639E-06
   227   6.912520E-04   4.523717E-04   6.912520E-06
   228   6.910687E-04   4.065298E-04   6.910687E-06
   229   6.909629E-04   4.702881E-04   6.909629E-06
   230   1.390234E-03   1.163135E-03   1.390234E-05
   231   1.389486E-03   1.146932E-03   1.389486E-05
   232   1.388193E-03   1.201277E-03   1.388193E-05
   233   1.386703E-03   1.127282E-03   1.386703E-05
   234   1.385416E-03   1.139063E-03   1.385416E-05
   235   1.384674E-03   1.335786E-03   1.384674E-05
   236   2.717767E-03   2.397281E-03   2.717767E-05
   237   2.714058E-03   2.290148E-03   2.714058E-05
   238   2.707657E-03   2.342031E-03   2.707657E-05
   239   2.700299E-03   2.315880E-03   2.700299E-05
   240   2.693956E-03   2.403259E-03   2.693956E-05
   241   2.690306E-03   2.478871E-03   2.690306E-05
   242   5.190200E-03   3.216818E-03   5.190200E-05
   243   5.177572E-03   3.016786E-03   5.177572E-05
   244   5.155803E-03   3.252103E-03   5.155803E-05
   245   5.130830E-03   3.139019E-03   5.130830E-05
   246   5.109342E-03   3.127633E-03   5.109342E-05
   247   5.096994E-03   3.198826E-03   5.096994E-05
   248   7.865635E-03   5.009534E-03   7.865635E-05
   249   7.840854E-03   5.154930E-03   7.840854E-05
   250   7.798171E-03   5.137037E-03   7.798171E-05
   251   7.749259E-03   5.049588E-03   7.749259E-05
   252   7.707221E-03   5.301594E-03   7.707221E-05
   253   7.683086E-03   4.913457E-03   7.683086E-05
   254   3.579052E-04   4.644939E-04   3.579052E-06
   255   3.578967E-04   4.412869E-04   3.578967E-06
   256   3.578819E-04   4.271517E-04   3.578819E-06
   257   3.578649E-04   4.049771E-04   3.578649E-06
   258   3.578502E-04   3.999105E-04   3.578502E-06
   259   3.578417E-04   3.790957E-04   3.578417E-06
   260   1.142383E-03   1.020945E-03   1.142383E-05
   261   1.142248E-03   9.894054E-04   1.142248E-05
   262   1.142014E-03   8.499532E-04   1.142014E-05
   263   1.141743E-03   9.043224E-04   1.141743E-05
   264   1.141509E-03   9.141362E-04   1.141509E-05
   265   1.141374E-03   9.275534E-04   1.141374E-05
   266   2.127211E-03   2.243459E-03   2.127211E-05
   267   2.126542E-03   2.155086E-03   2.126542E-05
   268   2.125385E-03   2.249732E-03   2.125385E-05
   269   2.124050E-03   2.264530E-03   2.124050E-05
   270   2.122896E-03   2.286146E-03   2.122896E-05
   271   2.122230E-03   2.665787E-03   2.122230E-05
   272   3.460527E-03   4.322049E-03   3.460527E-05
   273   3.457980E-03   3.993320E-03   3.457980E-05
   274   3.453583E-03   4.297811E-03   3.453583E-05
   275   3.448528E-03   4.197890E-03   3.448528E-05
   276   3.444168E-03   4.219526E-03   3.444168E-05
   277   3.441659E-03   4.558439E-03   3.441659E-05
   278   5.488169E-03   5.654795E-03   5.488169E-05
   279   5.477975E-03   5.830429E-03   5.477975E-05
   280   5.460448E-03   5.688669E-03   5.460448E-05
   281   5.440409E-03   5.493873E-03   5.440409E-05
   282   5.423225E-03   5.980393E-03   5.423225E-05
   283   5.413376E-03   5.402017E-03   5.413376E-05
   284   7.975985E-03   9.014161E-03   7.975985E-05
   285   7.949477E-03   8.567424E-03   7.949477E-05
   286   7.904019E-03   9.033863E-03   7.904019E-05
   287   7.852241E-03   8.849879E-03   7.852241E-05
   288   7.808007E-03   9.220996E-03   7.808007E-05
   289   7.782721E-03   8.747885E-03   7.782721E-05
   290   3.728971E-04   3.943437E-04   3.728971E-06
   291   3.728816E-04   3.679626E-04   3.728816E-06
   292   3.728549E-04   3.952508E-04   3.728549E-06
   293   3.728241E-04   2.946273E-04   3.728241E-06
   294   3.727974E-04   3.041279E-04   3.727974E-06
   295   3.727819E-04   2.934217E-04   3.727819E-06
   296   1.271844E-03   1.268834E-03   1.271844E-05
   297   1.271568E-03   1.284095E-03   1.271568E-05
   298   1.271092E-03   9.337370E-04   1.271092E-05
   299   1.270541E-03   1.256401E-03   1.270541E-05
   300   1.270065E-03   1.611191E-03   1.270065E-05
   301   1.269790E-03   1.373491E-03   1.269790E-05
   302   2.701869E-03   2.559236E-03   2.701869E-05
   303   2.700311E-03   2.306742E-03   2.700311E-05
   304   2.697616E-03   3.167832E-03   2.697616E-05
   305   2.694508E-03   3.020237E-03   2.694508E-05
   306   2.691821E-03   3.052080E-03   2.691821E-05
   307   2.690271E-03   4.005251E-03   2.690271E-05
   308   5.107890E-03   6.327995E-03   5.107890E-05
   309   5.102449E-03   6.231159E-03   5.102449E-05
   310   5.093042E-03   6.339443E-03   5.093042E-05
   311   5.082207E-03   6.059601E-03   5.082207E-05
   312   5.072847E-03   6.690365E-03   5.072847E-05
   313   5.067452E-03   7.432091E-03   5.067452E-05
   314   8.458280E-03   9.081369E-03   8.458280E-05
   315   8.445006E-03   8.887229E-03   8.445006E-05
   316   8.422081E-03   9.441161E-03   8.422081E-05
   317   8.395716E-03   8.880692E-03   8.395716E-05
   318   8.372975E-03   9.687017E-03   8.372975E-05
   319   8.359883E-03   8.919917E-03   8.359883E-05
   320   1.133446E-02   1.417066E-02   1.133446E-04
   321   1.131159E-02   1.389068E-02   1.131159E-04
   322   1.127217E-02   1.549544E-02   1.127217E-04
   323   1.122697E-02   1.410516E-02   1.122697E-04
   324   1.118809E-02   1.609631E-02   1.118809E-04
   325   1.116576E-02   1.442712E-02   1.116576E-04
   326   1.694411E-04   2.027399E-04   1.694411E-06
   327   1.694346E-04   2.067909E-04   1.694346E-06
   328   1.694233E-04   1.793400E-04   1.694233E-06
   329   1.694103E-04   1.742249E-04   1.694103E-06
   330   1.693990E-04   1.519221E-04   1.693990E-06
   331   1.693925E-04   1.910308E-04   1.693925E-06
   332   5.825480E-04   6.522365E-04   5.825480E-06
   333   5.823967E-04   6.497571E-04   5.823967E-06
   334   5.821350E-04   3.837594E-04   5.821350E-06
   335   5.818332E-04   2.300327E-04   5.818332E-06
   336   5.815722E-04   2.269866E-04   5.815722E-06
   337   5.814216E-04   1.874608E-04   5.814216E-06
   338   1.397266E-03   1.571791E-03   1.397266E-05
   339   1.395905E-03   1.653703E-03   1.395905E-05
   340   1.393554E-03   1.182172E-03   1.393554E-05
   341   1.390848E-03   1.467527E-03   1.390848E-05
   342   1.388512E-03   1.146868E-03   1.388512E-05
   343   1.387166E-03   1.241317E-03   1.387166E-05
   344   3.719433E-03   4.897897E-03   3.719433E-05
   345   3.710621E-03   4.952591E-03   3.710621E-05
   346   3.695429E-03   4.683900E-03   3.695429E-05
   347   3.677995E-03   4.800573E-03   3.677995E-05
   348   3.662989E-03   4.517001E-03   3.662989E-05
   349   3.654364E-03   4.670898E-03   3.654364E-05
   350   9.928978E-03   5.898110E-03   9.928978E-05
   351   9.888222E-03   6.159509E-03   9.888222E-05
   352   9.818137E-03   5.505765E-03   9.818137E-05
   353   9.738000E-03   5.868448E-03   9.738000E-05
   354   9.669276E-03   5.786120E-03   9.669276E-05
   355   9.629881E-03   5.552594E-03   9.629881E-05
   356   1.891732E-02   2.292716E-02   1.891732E-04
   357   1.881426E-02   2.278065E-02   1.881426E-04
   358   1.863744E-02   2.263942E-02   1.863744E-04
   359   1.843589E-02   2.277882E-02   1.843589E-04
   360   1.826357E-02   2.209457E-02   1.826357E-04
   361   1.816502E-02   2.267150E-02   1.816502E-04
   362   1.118719E-02   1.002129E-02   2.237438E-04
   363   5.701304E-03   5.329358E-03   1.140261E-04
   364   5.209374E-03   4.904683E-03   1.041875E-04
   365   3.638031E-03   3.223001E-03   7.276062E-05
   366   6.404468E-03   5.777765E-03   1.280894E-04
   367   1.844336E-03   1.885025E-03   3.688672E-05
   368   3.709114E-03   3.620193E-03   7.418228E-05
   369   3.716510E-03   3.187391E-03   7.433019E-05
   370   2.518294E-03   2.704604E-03   5.036589E-05
   371   3.562341E-03   3.381564E-03   7.124682E-05
   372   1.376420E-03   1.489223E-03   2.752839E-05
   373   1.302225E-02   1.159086E-02   2.604449E-04
   374   5.086731E-03   4.432416E-03   1.017346E-04
   375   1.064447E-02   9.951605E-03   2.128894E-04
   376   1.285141E-02   1.219612E-02   2.570282E-04
   377   2.636488E-03   2.595956E-03   5.272977E-05
   378   9.873560E-03   8.885034E-03   1.974712E-04
   379   1.535640E-03   1.388952E-03   3.071280E-05
   380   4.111067E-03   3.575361E-03   8.222135E-05
   381   4.096004E-03   4.162351E-03   8.192007E-05
   382   3.887665E-03   3.313841E-03   7.775329E-05
   383   1.023513E-02   9.472600E-03   2.047025E-04
   384   2.094854E-03   2.102856E-03   4.189708E-05
   385   7.168263E-03   7.228278E-03   1.433653E-04
   386   7.369448E-03   7.381411E-03   1.473890E-04
   387   1.036245E-02   1.020360E-02   2.072489E-04
   388   3.332118E-03   3.071557E-03   6.664236E-05
   389   1.261001E-03   1.264583E-03   2.522003E-05
   390   1.566815E-03   1.675130E-03   3.133630E-05
   391   3.476988E-03   2.809598E-03   6.953975E-05
   392   1.927492E-03   1.995772E-03   3.854983E-05
   393   1.034455E-02   9.867442E-03   2.068910E-04
   394   6.482766E-03   4.768674E-03   1.296553E-04
   395   3.293591E-03   2.925432E-03   6.587182E-05
   396   1.262959E-02   1.107145E-02   2.525917E-04
   397   1.325792E-03   1.404066E-03   2.651585E-05
   398   1.307184E-02   1.477212E-02   2.614368E-04
   399   5.209182E-03   3.869704E-03   1.041836E-04
   400   2.725570E-03   2.872638E-03   5.451141E-05
   401   1.273646E-02   1.119886E-02   2.547293E-04
   402   9.991806E-03   1.041975E-02   1.998361E-04
   403   6.424793E-03   5.506315E-03   1.284959E-04
   404   1.350663E-02   1.591139E-02   2.701326E-04
   405   3.013352E-03   2.164571E-03   6.026705E-05
   406   1.256803E-03   1.300496E-03   2.513607E-05
   407   1.650949E-03   1.808307E-03   3.301898E-05
   408   3.337900E-03   2.928477E-03   6.675800E-05
   409   4.745555E-03   4.659150E-03   9.491110E-05
   410   1.235833E-03   1.354063E-03   2.471667E-05
   411   1.694483E-03   1.804816E-03   3.388966E-05
   412   8.725576E-03   9.408962E-03   1.745115E-04
   413   3.850813E-03   3.442746E-03   7.701626E-05
   414   1.147973E-03   1.266554E-03   2.295945E-05
   415   2.586320E-03   2.322575E-03   5.172641E-05
   416   1.605471E-03   1.693375E-03   3.210943E-05
   417   2.410463E-03   2.254053E-03   4.820925E-05
   418   3.956459E-03   3.434069E-03   7.912919E-05
   419   7.334161E-03   6.664755E-03   1.466832E-04
   420   5.407697E-03   4.714996E-03   1.081539E-04
   421   1.008986E-03   1.036755E-03   2.017972E-05
   422   1.403111E-03   1.417846E-03   2.806223E-05
   423   2.087620E-03   1.921253E-03   4.175239E-05
   424   1.292623E-02   1.233909E-02   2.585247E-04
   425   3.361898E-03   2.895528E-03   6.723796E-05
   426   3.241457E-03   3.227051E-03   6.482913E-05
   427   1.622882E-02   1.470246E-02   3.245764E-04
   428   2.914416E-02   2.793155E-02   5.828833E-04
   429   1.287656E-02   1.283845E-02   2.575312E-04
   430   1.645070E-03   1.518456E-03   3.290140E-05
   431   6.081675E-03   5.834527E-03   1.216335E-04
   432   2.473586E-03   2.146833E-03   4.947173E-05
   433   9.355594E-03   8.215383E-03   1.871119E-04
   434   4.118656E-03   3.640095E-03   8.237313E-05
   435   3.887665E-03   3.302401E-03   7.775329E-05
   436   5.425307E-03   5.017592E-03   1.085061E-04
   437   1.285141E-02   1.224240E-02   2.570282E-04
   438   1.338775E-02   1.370011E-02   2.677550E-04
   439   9.138559E-03   7.492391E-03   1.827712E-04
   440   1.466686E-03   1.468046E-03   2.933372E-05
   441   1.230281E-03   1.186559E-03   2.460562E-05
   442   2.164850E-03   2.235746E-03   4.329701E-05
   443   1.715720E-03   1.502687E-03   3.431440E-05
   444   5.876696E-03   5.132588E-03   1.175339E-04
   445   2.395348E-03   2.048030E-03   4.790695E-05
   446   4.752106E-03   4.561996E-03   9.504212E-05
   447   1.186613E-03   1.167903E-03   2.373226E-05
   448   1.355002E-02   1.225962E-02   2.710003E-04
   449   3.184835E-03   2.698188E-03   6.369669E-05
   450   1.064447E-02   9.955836E-03   2.128894E-04
   451   1.535640E-03   1.395054E-03   3.071280E-05
   452   7.334161E-03   6.656203E-03   1.466832E-04
   453   1.522091E-03   1.610449E-03   3.044183E-05
   454   3.716510E-03   3.214572E-03   7.433019E-05
   455   1.901896E-03   1.707487E-03   3.803792E-05
   456   3.043952E-03   2.908136E-03   6.087904E-05
   457   1.038707E-02   9.354303E-03   2.077415E-04
   458   1.034628E-03   1.065603E-03   2.069256E-05
   459   1.230281E-03   1.177396E-03   2.460562E-05
   460   3.956459E-03   3.486143E-03   7.912919E-05
   461   3.638031E-03   3.174998E-03   7.276062E-05
   462   4.409992E-03   4.092901E-03   8.819983E-05
   463   4.650930E-03   4.158076E-03   9.301859E-05
   464   1.231562E-03   1.176787E-03   2.463124E-05
   465   9.854930E-03   1.016392E-02   1.970986E-04
   466   2.769166E-03   2.814349E-03   5.538331E-05
   467   2.087620E-03   1.894592E-03   4.175239E-05
   468   1.390723E-03   1.382533E-03   2.781447E-05
   469   5.588879E-03   5.231535E-03   1.117776E-04
   470   1.599592E-03   1.633485E-03   3.199184E-05
   471   2.410463E-03   2.250366E-03   4.820925E-05
   472   3.221398E-03   2.941705E-03   6.442796E-05
   473   2.655052E-03   2.603530E-03   5.310104E-05
   474   2.472990E-03   2.365977E-03   4.945980E-05
   475   1.470740E-03   1.541735E-03   2.941479E-05
   476   2.412098E-03   2.461734E-03   4.824195E-05
   477   4.859244E-03   4.883951E-03   9.718487E-05
   478   2.100401E-03   2.075492E-03   4.200802E-05
   479   2.684868E-03   2.666136E-03   5.369737E-05
   480   1.605471E-03   1.693365E-03   3.210943E-05
   481   8.038542E-03   7.421098E-03   1.607708E-04
   482   2.272565E-03   2.238296E-03   4.545130E-05
   483   2.835062E-03   3.033674E-03   5.670125E-05
   484   3.411151E-03   3.602041E-03   6.822303E-05
   485   2.930316E-03   3.187603E-03   5.860633E-05
   486   1.927492E-03   2.040768E-03   3.854983E-05
   487   1.650949E-03   1.756319E-03   3.301898E-05
   488   1.059652E-03   1.145253E-03   2.119304E-05
   489   1.147973E-03   1.253707E-03   2.295945E-05
   490   4.852275E-03   4.184278E-03   9.704551E-05
   491   3.679540E-03   3.210293E-03   7.359079E-05
   492   2.725570E-03   2.871918E-03   5.451141E-05
   493   2.896860E-03   2.680006E-03   5.793720E-05
   494   6.104997E-03   5.834404E-03   1.220999E-04
   495   1.261001E-03   1.279945E-03   2.522003E-05
   496   1.128739E-02   1.147296E-02   2.257477E-04
   497   1.256803E-03   1.339697E-03   2.513607E-05
   498   2.457652E-03   2.442375E-03   4.915305E-05
   499   3.209930E-03   2.988989E-03   6.419859E-05
   500   3.143110E-03   2.583751E-03   6.286221E-05
   501   2.161731E-03   1.831759E-03   4.323462E-05
   502   2.817515E-03   2.340294E-03   5.635030E-05
   503   7.381667E-03   6.193434E-03   1.476333E-04
   504   4.252131E-03   3.237295E-03   8.504262E-05
   505   1.365569E-02   1.494469E-02   2.731138E-04
   506   9.710843E-04   7.336846E-04   1.942169E-05
   507   5.731622E-03   4.732594E-03   1.146324E-04
   508   2.531445E-03   1.791924E-03   5.062890E-05
   509   7.573552E-03   6.211792E-03   1.514710E-04
   510   1.863807E-02   1.980479E-02   3.727614E-04
   511   1.360232E-02   1.224607E-02   2.720463E-04
   512   1.704174E-02   1.906198E-02   3.408349E-04
   513   2.837137E-02   2.686352E-02   5.674274E-04
   514   0.000000E+00   1.338682E-03   8.571999E-05
   515   0.000000E+00   4.570411E-04   4.928760E-05
   516   0.000000E+00   4.290063E-04   6.938575E-05
   517   0.000000E+00   3.791884E-04   3.784845E-05
   518   0.000000E+00   7.070088E-04   5.833195E-05
   519   0.000000E+00   2.088459E-04   3.567512E-05
   520   0.000000E+00   3.187547E-04   4.791193E-05
   521   0.000000E+00   4.348353E-04   3.792972E-05
   522   0.000000E+00   3.767523E-04   4.420725E-05
   523   0.000000E+00   3.473030E-04   4.893610E-05
   524   0.000000E+00   3.099259E-04   2.576351E-05
   525   0.000000E+00   1.364784E-03   8.947855E-05
   526   0.000000E+00   6.362825E-04   5.100023E-05
   527   0.000000E+00   1.405816E-03   7.263877E-05
   528   0.000000E+00   9.706587E-04   1.112597E-04
   529   0.000000E+00   3.695259E-04   5.354117E-05
   530   0.000000E+00   1.450701E-03   1.905779E-04
   531   0.000000E+00   1.090752E-04   3.233695E-05
   532   0.000000E+00  -5.356166E-05   4.774072E-05
   533   0.000000E+00   2.809261E-04   7.106440E-05
   534   0.000000E+00   1.867426E-05   5.388827E-05
   535   0.000000E+00  -3.598035E-04   8.743535E-05
   536   0.000000E+00   1.603418E-05   3.275580E-05
   537   0.000000E+00   1.018372E-03   4.587356E-04
   538   0.000000E+00  -3.056610E-04   3.185521E-04
   539   0.000000E+00   4.233311E-03   5.889728E-04
   540   0.000000E+00   7.542197E-04   7.864687E-05
   541   0.000000E+00   2.845809E-04   2.646036E-05
   542   0.000000E+00   2.862106E-04   2.638962E-05
   543   0.000000E+00   9.041393E-04   9.389042E-05
   544   0.000000E+00   2.830716E-04   3.011639E-05
   545   0.000000E+00   3.621453E-03   3.532326E-04
   546   0.000000E+00   1.164937E-03   1.419297E-04
   547   0.000000E+00   5.916222E-04   6.301965E-05
   548   0.000000E+00   4.232739E-03   3.330377E-04
   549   0.000000E+00   2.673655E-04   2.572478E-05
   550   0.000000E+00   1.031235E-02   6.532966E-04
   551   0.000000E+00   7.379002E-04   9.212542E-05
   552   0.000000E+00   6.375154E-04   4.467353E-05
   553   0.000000E+00   6.030619E-03   8.249259E-04
   554   0.000000E+00   6.244368E-03   3.649289E-04
   555   0.000000E+00   1.546099E-03   1.539804E-04
   556   0.000000E+00   6.984023E-03   6.346598E-04
   557   0.000000E+00   5.583071E-04   8.178753E-05
   558   0.000000E+00   3.245309E-04   2.410946E-05
   559   0.000000E+00   4.130523E-04   2.414284E-05
   560   0.000000E+00   8.217637E-04   6.979279E-05
   561   0.000000E+00   3.012994E-04   5.179795E-05
   562   0.000000E+00   3.421434E-04   1.919544E-05
   563   0.000000E+00   3.326236E-04   2.376196E-05
   564   0.000000E+00   3.485556E-03   3.452366E-04
   565   0.000000E+00   1.400638E-04   3.292312E-05
   566   0.000000E+00   2.721401E-04   2.041193E-05
   567   0.000000E+00   5.444297E-04   6.110786E-05
   568   0.000000E+00   2.523080E-04   2.060922E-05
   569   0.000000E+00   1.770251E-04   2.815692E-05
   570   0.000000E+00   9.138099E-05   3.147130E-05
   571   0.000000E+00   7.188642E-04   6.085316E-05
   572   0.000000E+00   8.436978E-04   1.118133E-04
   573   0.000000E+00   1.958039E-04   2.366837E-05
   574   0.000000E+00   1.987622E-04   1.953068E-05
   575   0.000000E+00   1.421658E-04   2.779137E-05
   576   0.000000E+00   9.197842E-04   9.873027E-05
   577   0.000000E+00   1.789400E-04   3.718324E-05
   578   0.000000E+00   4.617703E-04   7.636247E-05
   579   0.000000E+00   5.140007E-04   1.113851E-04
   580   0.000000E+00  -2.985561E-03   1.625447E-04
   581   0.000000E+00   3.357277E-03   6.834563E-04
   582   0.000000E+00   1.478775E-04   1.925692E-05
   583   0.000000E+00  -5.135905E-04   1.158571E-04
   584   0.000000E+00   4.579901E-05   3.991710E-05
   585   0.000000E+00  -5.273885E-04   7.434996E-05
   586   0.000000E+00  -2.941443E-04   3.911121E-05
   587   0.000000E+00   6.930111E-06   5.388827E-05
   588   0.000000E+00   2.711808E-04   1.845522E-04
   589   0.000000E+00  -1.009498E-03   1.112597E-04
   590   0.000000E+00   7.631663E-03   8.013370E-04
   591   0.000000E+00   2.100696E-02   6.984900E-04
   592   0.000000E+00   1.258100E-04   3.666105E-05
   593   0.000000E+00   9.574380E-05   2.240563E-05
   594   0.000000E+00   1.536803E-04   4.817192E-05
   595   0.000000E+00   8.911114E-05   3.031923E-05
   596   0.000000E+00  -6.491864E-04   5.235641E-05
   597   0.000000E+00  -6.212675E-05   3.690730E-05
   598   0.000000E+00   2.934043E-04   1.846210E-04
   599   0.000000E+00  -5.902404E-05   2.179130E-05
   600   0.000000E+00  -1.579963E-03   9.428622E-05
   601   0.000000E+00  -4.376448E-04   4.057387E-05
   602   0.000000E+00  -1.437919E-03   7.263877E-05
   603   0.000000E+00  -1.245593E-04   3.233695E-05
   604   0.000000E+00  -7.786683E-04   6.085316E-05
   605   0.000000E+00   3.851098E-05   3.886744E-05
   606   0.000000E+00  -4.291004E-04   3.792972E-05
   607   0.000000E+00  -1.779461E-04   3.065130E-05
   608   0.000000E+00   5.479438E-05   1.055374E-04
   609   0.000000E+00  -8.697125E-04   6.793450E-05
   610   0.000000E+00  -1.130721E-04   2.506130E-05
   611   0.000000E+00  -8.870053E-05   2.240563E-05
   612   0.000000E+00  -9.897048E-05   3.147130E-05
   613   0.000000E+00  -3.759217E-04   3.784845E-05
   614   0.000000E+00  -3.545617E-04   5.626829E-05
   615   0.000000E+00  -5.392754E-04   5.365125E-05
   616   0.000000E+00  -1.597656E-04   3.100760E-05
   617   0.000000E+00  -6.527220E-04   6.214445E-04
   618   0.000000E+00  -3.784420E-04   7.379859E-05
   619   0.000000E+00  -1.502782E-04   2.779137E-05
   620   0.000000E+00  -1.220799E-04   3.134071E-05
   621   0.000000E+00  -5.853411E-04   6.665645E-05
   622   0.000000E+00  -1.544276E-04   3.974242E-05
   623   0.000000E+00  -1.569992E-04   2.815692E-05
   624   0.000000E+00  -2.154548E-04   3.335440E-05
   625   0.000000E+00  -4.001687E-04   6.736173E-05
   626   0.000000E+00  -1.348678E-04   3.504132E-05
   627   0.000000E+00  -1.378502E-04   2.657622E-05
   628   0.000000E+00  -3.857765E-04   2.873763E-05
   629   0.000000E+00   5.442552E-05   2.415488E-04
   630   0.000000E+00  -1.484845E-04   4.024154E-05
   631   0.000000E+00  -4.324003E-04   7.362440E-05
   632   0.000000E+00  -2.440580E-04   2.060922E-05
   633   0.000000E+00  -6.626385E-04   2.758659E-04
   634   0.000000E+00  -2.159023E-04   3.847177E-05
   635   0.000000E+00  -5.614098E-04   4.285841E-05
   636   0.000000E+00  -5.331950E-04   4.331878E-05
   637   0.000000E+00  -7.041649E-04   3.060131E-05
   638   0.000000E+00  -2.634325E-04   3.011639E-05
   639   0.000000E+00  -3.945700E-04   2.414284E-05
   640   0.000000E+00  -1.653494E-04   2.575829E-05
   641   0.000000E+00  -2.413253E-04   2.041193E-05
   642   0.000000E+00  -8.642449E-04   1.317718E-04
   643   0.000000E+00  -4.548257E-04   1.116361E-04
   644   0.000000E+00  -6.720183E-04   4.467353E-05
   645   0.000000E+00  -7.258896E-04   7.097436E-05
   646   0.000000E+00  -1.050768E-03   1.717571E-04
   647   0.000000E+00  -2.854690E-04   2.646036E-05
   648   0.000000E+00  -4.818226E-03   6.347788E-04
   649   0.000000E+00  -3.235848E-04   2.410946E-05
   650   0.000000E+00  -4.622387E-04   4.117016E-05
   651   0.000000E+00  -7.437091E-04   6.411905E-05
   652   0.000000E+00  -6.280134E-04   7.552702E-05
   653   0.000000E+00  -3.997872E-04   5.065160E-05
   654   0.000000E+00  -6.405633E-04   7.019159E-05
   655   0.000000E+00  -2.113025E-03   2.141020E-04
   656   0.000000E+00  -8.597341E-04   1.031970E-04
   657   0.000000E+00  -1.168990E-02   8.124586E-04
   658   0.000000E+00  -1.549656E-04   2.755854E-05
   659   0.000000E+00  -1.217219E-03   1.293177E-04
   660   0.000000E+00  -3.111007E-04   7.103876E-05
   661   0.000000E+00  -1.705752E-03   2.108601E-04
   662   0.000000E+00  -1.183161E-02   6.538745E-04
   663   0.000000E+00  -5.168126E-03   3.143698E-04
   664   0.000000E+00  -1.307067E-02   6.913460E-04
   665   0.000000E+00   1.372938E-02   1.143279E-03
   666   0.000000E+00  -2.146565E-03   8.502500E-05
   667   0.000000E+00  -7.616879E-04   5.345402E-05
   668   0.000000E+00  -3.985577E-04   7.063079E-05
   669   0.000000E+00  -4.920070E-04   3.726087E-05
   670   0.000000E+00  -1.669153E-03   5.548086E-05
   671   0.000000E+00  -2.582867E-04   3.610002E-05
   672   0.000000E+00  -4.065445E-04   5.109268E-05
   673   0.000000E+00  -6.564345E-04   3.979963E-05
   674   0.000000E+00  -2.669935E-04   4.782883E-05
   675   0.000000E+00  -6.337708E-04   5.004599E-05
   676   0.000000E+00  -2.312955E-04   3.485687E-05
   677   0.000000E+00  -3.875079E-03   8.669034E-05
   678   0.000000E+00  -9.508985E-04   5.286713E-05
   679   0.000000E+00  -3.459196E-03   8.780515E-05
   680   0.000000E+00  -4.960651E-03   9.603366E-05
   681   0.000000E+00  -5.973042E-04   5.963232E-05
   682   0.000000E+00  -5.006303E-04   1.995973E-04
   683   0.000000E+00  -2.558107E-04   3.154722E-05
   684   0.000000E+00  -7.419016E-04   4.713132E-05
   685   0.000000E+00  -8.914604E-04   7.136238E-05
   686   0.000000E+00  -8.237413E-04   4.633345E-05
   687   0.000000E+00  -3.604612E-03   8.080342E-05
   688   0.000000E+00  -4.265745E-04   3.800434E-05
   689   0.000000E+00  -8.492372E-04   4.553733E-04
   690   0.000000E+00  -1.986231E-04   3.342714E-04
   691   0.000000E+00  -1.108069E-04   5.170341E-04
   692   0.000000E+00  -9.390012E-05   8.861092E-05
   693   0.000000E+00  -1.653141E-04   2.645064E-05
   694   0.000000E+00  -2.992620E-04   2.832537E-05
   695   0.000000E+00   6.785214E-05   1.000823E-04
   696   0.000000E+00  -3.217008E-04   3.068300E-05
   697   0.000000E+00   1.042660E-03   3.578252E-04
   698   0.000000E+00   3.484099E-04   1.539400E-04
   699   0.000000E+00  -2.024345E-04   6.082881E-05
   700   0.000000E+00   1.744811E-03   3.399691E-04
   701   0.000000E+00  -2.234445E-04   2.538879E-05
   702   0.000000E+00   7.552117E-03   7.181558E-04
   703   0.000000E+00   2.019151E-04   1.031984E-04
   704   0.000000E+00  -4.334505E-04   4.486014E-05
   705   0.000000E+00   4.129311E-03   9.890900E-04
   706   0.000000E+00   4.445860E-03   4.048614E-04
   707   0.000000E+00   4.126925E-04   1.716064E-04
   708   0.000000E+00   8.683644E-03   8.651080E-04
   709   0.000000E+00   1.782084E-04   8.641357E-05
   710   0.000000E+00  -2.245114E-04   2.172030E-05
   711   0.000000E+00  -3.538715E-04   2.603586E-05
   712   0.000000E+00  -4.033854E-05   7.987421E-05
   713   0.000000E+00  -5.890195E-04   5.287223E-05
   714   0.000000E+00  -3.065190E-04   1.745297E-05
   715   0.000000E+00  -3.820754E-04   2.384431E-05
   716   0.000000E+00   9.513218E-04   3.729572E-04
   717   0.000000E+00  -9.182363E-04   3.140260E-05
   718   0.000000E+00  -1.922108E-04   2.273269E-05
   719   0.000000E+00   7.487646E-05   5.746233E-05
   720   0.000000E+00  -3.477773E-04   2.372358E-05
   721   0.000000E+00  -3.909611E-04   3.016024E-05
   722   0.000000E+00  -9.625802E-04   3.139118E-05
   723   0.000000E+00  -2.189342E-03   5.136381E-05
   724   0.000000E+00  -1.231387E-05   1.259637E-04
   725   0.000000E+00  -1.601997E-04   2.901345E-05
   726   0.000000E+00  -3.679389E-04   2.153188E-05
   727   0.000000E+00  -3.374099E-04   2.747425E-05
   728   0.000000E+00  -5.003382E-03   9.698348E-05
   729   0.000000E+00  -7.359212E-04   3.958268E-05
   730   0.000000E+00  -4.426241E-04   7.385422E-05
   731   0.000000E+00  -5.445784E-03   1.024805E-04
   732   0.000000E+00  -1.103888E-02   1.654751E-04
   733   0.000000E+00  -1.460325E-03   5.877665E-04
   734   0.000000E+00  -3.805992E-04   2.359301E-05
   735   0.000000E+00  -5.643712E-04   1.328803E-04
   736   0.000000E+00  -4.046939E-04   3.977570E-05
   737   0.000000E+00  -2.490986E-03   7.343206E-05
   738   0.000000E+00  -7.670377E-04   4.408569E-05
   739   0.000000E+00  -8.306699E-04   4.633345E-05
   740   0.000000E+00   3.408180E-04   2.016173E-04
   741   0.000000E+00  -4.992264E-03   9.603366E-05
   742   0.000000E+00   9.306288E-03   1.073694E-03
   743   0.000000E+00   6.969595E-04   1.042696E-03
   744   0.000000E+00  -2.581492E-04   3.997074E-05
   745   0.000000E+00  -1.887664E-04   2.547163E-05
   746   0.000000E+00  -3.317821E-04   5.670562E-05
   747   0.000000E+00  -3.209519E-04   3.014662E-05
   748   0.000000E+00  -1.747739E-03   4.845909E-05
   749   0.000000E+00  -4.288746E-04   3.622306E-05
   750   0.000000E+00   5.488782E-04   2.223257E-04
   751   0.000000E+00  -2.137662E-04   2.507152E-05
   752   0.000000E+00  -3.755309E-03   9.310043E-05
   753   0.000000E+00  -6.379252E-04   4.310329E-05
   754   0.000000E+00  -3.468700E-03   8.780515E-05
   755   0.000000E+00  -2.699072E-04   3.154722E-05
   756   0.000000E+00  -2.173227E-03   5.136381E-05
   757   0.000000E+00  -3.123806E-04   4.158928E-05
   758   0.000000E+00  -6.785162E-04   3.979963E-05
   759   0.000000E+00  -3.291551E-04   3.079421E-05
   760   0.000000E+00  -3.925035E-04   9.785477E-05
   761   0.000000E+00  -2.533398E-03   6.676575E-05
   762   0.000000E+00  -2.373568E-04   2.670224E-05
   763   0.000000E+00  -1.986150E-04   2.547163E-05
   764   0.000000E+00  -9.818274E-04   3.139118E-05
   765   0.000000E+00  -4.813765E-04   3.726087E-05
   766   0.000000E+00  -5.787113E-04   5.581810E-05
   767   0.000000E+00  -6.387884E-04   5.138683E-05
   768   0.000000E+00  -2.926176E-04   3.623462E-05
   769   0.000000E+00  -1.667143E-03   6.309801E-04
   770   0.000000E+00  -6.161179E-04   7.363586E-05
   771   0.000000E+00  -3.388565E-04   2.747425E-05
   772   0.000000E+00  -2.882480E-04   3.279285E-05
   773   0.000000E+00  -6.191513E-04   7.198962E-05
   774   0.000000E+00  -2.800118E-04   4.167816E-05
   775   0.000000E+00  -3.864978E-04   3.016024E-05
   776   0.000000E+00  -3.676234E-04   3.587868E-05
   777   0.000000E+00  -3.399212E-04   6.433065E-05
   778   0.000000E+00  -3.428499E-04   3.891477E-05
   779   0.000000E+00  -1.688502E-04   3.053185E-05
   780   0.000000E+00  -5.700994E-04   3.279801E-05
   781   0.000000E+00   1.861090E-04   2.583525E-04
   782   0.000000E+00  -1.432802E-04   3.999934E-05
   783   0.000000E+00  -3.407910E-04   7.473856E-05
   784   0.000000E+00  -3.489321E-04   2.372358E-05
   785   0.000000E+00   2.046274E-04   2.849040E-04
   786   0.000000E+00  -2.796044E-04   3.583350E-05
   787   0.000000E+00  -4.338002E-04   5.229974E-05
   788   0.000000E+00  -5.557188E-04   4.530177E-05
   789   0.000000E+00  -7.011574E-04   2.922159E-05
   790   0.000000E+00  -3.419924E-04   3.068300E-05
   791   0.000000E+00  -3.518230E-04   2.603586E-05
   792   0.000000E+00  -8.757745E-05   2.830580E-05
   793   0.000000E+00  -2.030809E-04   2.273269E-05
   794   0.000000E+00   1.891998E-04   1.513282E-04
   795   0.000000E+00  -4.653624E-05   1.230757E-04
   796   0.000000E+00  -4.173487E-04   4.486014E-05
   797   0.000000E+00  -1.374438E-04   7.670949E-05
   798   0.000000E+00   4.677846E-04   1.910509E-04
   799   0.000000E+00  -1.660951E-04   2.645064E-05
   800   0.000000E+00   4.012990E-04   5.318033E-04
   801   0.000000E+00  -2.166040E-04   2.172030E-05
   802   0.000000E+00  -3.188733E-04   4.094920E-05
   803   0.000000E+00  -1.413551E-04   7.061205E-05
   804   0.000000E+00   1.719665E-04   7.469525E-05
   805   0.000000E+00  -1.147121E-04   4.777532E-05
   806   0.000000E+00  -9.041911E-05   7.891373E-05
   807   0.000000E+00   4.892763E-04   2.245348E-04
   808   0.000000E+00   1.535865E-04   1.128870E-04
   809   0.000000E+00   7.939628E-03   8.263193E-04
   810   0.000000E+00   1.755433E-05   2.932472E-05
   811   0.000000E+00   2.619225E-04   1.452169E-04
   812   0.000000E+00   1.677441E-04   8.161353E-05
   813   0.000000E+00   5.589255E-04   2.181146E-04
   814   0.000000E+00   1.104469E-02   7.805474E-04
   815   0.000000E+00   2.305913E-03   3.362209E-04
   816   0.000000E+00   7.348839E-03   7.246632E-04
   817   0.000000E+00   8.884270E-03   1.567776E-03
   818   8.614137E-04  -3.842531E-04   3.356157E-03
   819   5.735512E-04   3.981082E-04   1.710391E-03
   820   5.120814E-04   3.563257E-04   1.562812E-03
   821   3.019566E-04  -5.529609E-05   1.091409E-03
   822   3.842681E-04  -4.014748E-04   1.921340E-03
   823   1.977128E-04   2.000532E-04   5.533008E-04
   824   3.152747E-04   1.365241E-04   1.112734E-03
   825   2.363700E-04  -2.193022E-04   1.114953E-03
   826   2.593843E-04   2.404879E-04   7.554883E-04
   827   2.493639E-04  -5.273150E-05   1.068702E-03
   828   1.666844E-04   9.036622E-05   4.129259E-04
   829   4.753119E-04  -9.015771E-04   3.906674E-03
   830   2.650187E-04  -2.848475E-04   1.526019E-03
   831   5.130635E-04  -9.025519E-04   3.193341E-03
   832   2.930122E-04  -7.080909E-04   3.855424E-03
   833   1.426340E-04  -7.759072E-05   7.909465E-04
   834   8.353032E-04   2.716963E-04   2.962068E-03
   835   4.238366E-05  -3.625151E-05   4.606920E-04
   836  -2.425530E-05   2.779674E-05   1.233320E-03
   837   9.420808E-05  -5.724998E-05   1.228801E-03
   838  -1.671696E-05   3.999173E-05   1.166299E-03
   839  -1.064453E-04   2.470536E-04   3.070538E-03
   840  -2.094854E-07  -1.460080E-05   6.284562E-04
   841   4.064405E-04  -2.125096E-04   2.150479E-03
   842   1.473890E-06  -1.939667E-06   2.210834E-03
   843   1.265255E-03  -7.928844E-04   3.108734E-03
   844   4.178476E-04   1.703144E-04   9.996354E-04
   845   1.617865E-04   8.134896E-05   3.783004E-04
   846   1.869210E-04   1.451768E-04   4.700445E-04
   847   5.556226E-04   7.036866E-05   1.043096E-03
   848   2.193485E-04   1.818269E-04   5.782475E-04
   849   1.908569E-03   9.574834E-04   3.103364E-03
   850   1.128001E-03   2.950156E-04   1.944830E-03
   851   4.406825E-04   2.020330E-04   9.880773E-04
   852   2.693891E-03   8.270334E-04   3.788876E-03
   853   1.674476E-04   1.109412E-04   3.977377E-04
   854   2.955543E-03   2.495033E-03   3.921552E-03
   855   8.136742E-04   1.635279E-04   1.562754E-03
   856   3.625008E-04   2.017051E-04   8.176711E-04
   857   3.516538E-03   5.872038E-03   3.820939E-03
   858   2.312104E-03   1.573220E-03   2.997542E-03
   859   1.126909E-03   5.873430E-04   1.927438E-03
   860   3.779155E-03   7.961928E-03   4.051989E-03
   861   4.782190E-04   1.158620E-04   9.040057E-04
   862   1.616249E-04   4.185820E-05   3.770410E-04
   863   2.101658E-04   6.019741E-05   4.952847E-04
   864   4.579599E-04   1.218342E-04   1.001370E-03
   865   4.612680E-04   4.232859E-04   1.423667E-03
   866   1.523783E-04  -2.863404E-06   3.707500E-04
   867   1.948655E-04   4.473692E-05   5.083449E-04
   868   1.312327E-03   5.650791E-04   2.617673E-03
   869   2.787988E-04   5.406053E-05   1.155244E-03
   870   1.276546E-04   5.054999E-05   3.443918E-04
   871   3.302731E-04   1.648712E-04   7.758961E-04
   872   1.629554E-04   4.580310E-05   4.816414E-04
   873   2.041662E-04   5.126850E-05   7.231388E-04
   874   2.156270E-04  -5.334552E-05   1.186938E-03
   875   3.527731E-04  -4.938621E-04   2.200248E-03
   876   5.337397E-04   2.302550E-04   1.622309E-03
   877   9.282673E-05   1.006823E-05   3.026959E-04
   878   1.158970E-04  -1.973942E-05   4.209334E-04
   879   1.436282E-04  -3.417276E-06   6.262859E-04
   880   2.998886E-04  -6.966620E-04   3.877870E-03
   881   1.637244E-04  -1.249546E-04   1.008569E-03
   882   2.116671E-04  -2.311370E-05   9.724370E-04
   883   2.207120E-04  -4.411840E-04   4.868647E-03
   884  -8.043790E-04   1.852887E-03   8.743249E-03
   885   9.966457E-04  -8.025958E-04   3.862968E-03
   886   8.850477E-05  -5.913364E-05   4.935210E-04
   887  -1.471765E-04   7.025446E-06   1.824502E-03
   888   6.876570E-05  -6.021994E-05   7.420759E-04
   889  -3.321236E-04   4.289874E-04   2.806678E-03
   890  -1.836921E-04   1.195605E-04   1.235597E-03
   891   1.671696E-05  -3.230869E-05   1.166299E-03
   892   2.614998E-04   1.992090E-04   1.627592E-03
   893  -2.930122E-04   7.001539E-04   3.855424E-03
   894   2.907819E-03   7.668946E-03   4.016324E-03
   895   2.741568E-03   1.364174E-03   2.741568E-03
   896   5.470738E-05   1.834737E-06   4.400057E-04
   897   3.776962E-05  -1.503314E-05   3.690843E-04
   898   4.546186E-05   5.816521E-06   6.494551E-04
   899   4.066256E-05  -3.009791E-05   5.147159E-04
   900  -1.939310E-04   3.788793E-04   1.763009E-03
   901  -2.083952E-05   1.750261E-05   7.186043E-04
   902   9.931902E-05   1.574386E-04   1.425632E-03
   903  -9.730228E-06   2.209462E-05   3.559840E-04
   904  -7.086659E-04   9.978872E-04   4.065005E-03
   905  -1.678408E-04   2.060930E-04   9.554504E-04
   906  -5.130635E-04   9.197422E-04   3.193341E-03
   907  -4.238366E-05   4.704695E-05   4.606920E-04
   908  -3.527731E-04   5.237557E-04   2.200248E-03
   909   3.500810E-06  -2.167998E-05   4.566274E-04
   910  -2.363700E-04   2.370204E-04   1.114953E-03
   911  -9.775745E-05   5.819872E-05   5.705688E-04
   912  -1.735053E-05  -2.818998E-05   9.131856E-04
   913  -7.208630E-04   3.107096E-04   3.116122E-03
   914  -3.517735E-05   2.297027E-05   3.103884E-04
   915  -3.776962E-05   4.736067E-06   3.690843E-04
   916  -2.156270E-04   4.881881E-05   1.186938E-03
   917  -3.019566E-04   6.406183E-05   1.091409E-03
   918  -3.430974E-04  -2.192479E-05   1.322998E-03
   919  -4.167233E-04   1.796888E-05   1.395279E-03
   920  -6.638119E-05   3.461227E-05   3.694686E-04
   921  -3.173288E-04   1.444640E-04   2.956479E-03
   922  -1.420582E-04   6.688560E-05   8.307497E-04
   923  -1.436282E-04   1.194433E-05   6.262859E-04
   924  -9.456918E-05   3.342239E-06   4.172170E-04
   925  -5.940978E-04  -3.528052E-04   1.676664E-03
   926  -6.974222E-05  -2.274302E-05   4.798776E-04
   927  -2.041662E-04  -5.667905E-05   7.231388E-04
   928  -3.092542E-04  -1.956533E-04   9.664194E-04
   929  -1.956773E-04   1.986463E-05   7.965155E-04
   930  -2.228164E-04  -1.677948E-04   7.418970E-04
   931  -1.251599E-04  -8.948122E-05   4.412219E-04
   932  -2.071992E-04   9.913533E-06   7.236293E-04
   933  -1.482069E-04   2.435434E-06   1.457773E-03
   934  -2.020586E-04  -1.999274E-04   6.301204E-04
   935  -2.223071E-04  -5.362288E-05   8.054605E-04
   936  -1.629554E-04  -4.665941E-05   4.816414E-04
   937  -5.715403E-04  -4.319149E-04   2.411563E-03
   938  -2.418009E-04  -2.407535E-04   6.817695E-04
   939  -3.274497E-04  -2.002240E-04   8.505187E-04
   940  -3.892124E-04  -3.336982E-04   1.023345E-03
   941  -3.487076E-04  -1.786456E-05   8.790949E-04
   942  -2.193485E-04  -1.811327E-04   5.782475E-04
   943  -2.101658E-04  -5.119131E-05   4.952847E-04
   944  -1.069189E-04  -1.089295E-04   3.178956E-04
   945  -1.276546E-04  -4.039911E-05   3.443918E-04
   946  -5.788765E-04  -2.994883E-04   1.455683E-03
   947  -2.594075E-04  -6.850777E-05   1.103862E-03
   948  -3.625008E-04  -1.809764E-04   8.176711E-04
   949  -3.884689E-04  -1.152404E-04   8.690579E-04
   950  -7.374836E-04  -6.701296E-04   1.831499E-03
   951  -1.617865E-04  -9.834022E-05   3.783004E-04
   952  -1.502351E-03   4.638529E-04   3.386216E-03
   953  -1.616249E-04  -4.779545E-05   3.770410E-04
   954  -3.133507E-04  -1.854250E-04   7.372957E-04
   955  -3.697839E-04  -1.153901E-04   9.629789E-04
   956  -4.346921E-04  -2.063245E-04   9.429331E-04
   957  -2.931307E-04  -8.937943E-05   6.485193E-04
   958  -4.147382E-04  -4.365410E-05   8.452545E-04
   959  -1.345678E-03  -5.549614E-04   2.214500E-03
   960  -7.275396E-04  -1.315644E-04   1.275639E-03
   961  -2.727041E-03  -1.422268E-03   4.096707E-03
   962  -1.428465E-04  -1.442588E-05   2.913253E-04
   963  -9.439981E-04  -4.601817E-04   1.719487E-03
   964  -4.126256E-04  -1.012255E-04   7.594335E-04
   965  -1.460938E-03  -4.913361E-04   2.272066E-03
   966  -4.797439E-03  -6.688010E-03   5.591420E-03
   967  -2.848325E-03  -8.844140E-04   4.080695E-03
   968  -3.352111E-03  -1.110606E-03   5.112523E-03
   969  -8.142583E-03  -1.195152E-02   8.511411E-03
   970   0.000000E+00   5.835940E-05   3.356157E-03
   971   0.000000E+00  -1.865714E-05   1.710391E-03
   972   0.000000E+00  -6.100489E-05   1.562812E-03
   973   0.000000E+00  -5.797922E-05   1.091409E-03
   974   0.000000E+00   3.275031E-04   1.921340E-03
   975   0.000000E+00   8.390725E-05   5.533008E-04
   976   0.000000E+00   4.482719E-06   1.112734E-03
   977   0.000000E+00   7.259314E-05   1.114953E-03
   978   0.000000E+00   1.622223E-04   7.554883E-04
   979   0.000000E+00   1.061982E-04   1.068702E-03
   980   0.000000E+00   1.369627E-04   4.129259E-04
   981   0.000000E+00   1.333652E-03   3.906674E-03
   982   0.000000E+00   1.926831E-04   1.526019E-03
   983   0.000000E+00   1.020039E-03   3.193341E-03
   984   0.000000E+00   1.941796E-03   3.855424E-03
   985   0.000000E+00   1.964969E-04   7.909465E-04
   986   0.000000E+00   9.532654E-05   2.962068E-03
   987   0.000000E+00   3.856900E-05   4.606920E-04
   988   0.000000E+00   1.600642E-04   1.233320E-03
   989   0.000000E+00   2.351992E-04   1.228801E-03
   990   0.000000E+00   2.810071E-04   1.166299E-03
   991   0.000000E+00   1.395231E-03   3.070538E-03
   992   0.000000E+00   9.857438E-05   6.284562E-04
   993   0.000000E+00  -8.602837E-06   2.150479E-03
   994   0.000000E+00  -5.413259E-04   2.210834E-03
   995   0.000000E+00   1.350242E-04   3.108734E-03
   996   0.000000E+00   2.039963E-04   9.996354E-04
   997   0.000000E+00   1.614648E-04   3.783004E-04
   998   0.000000E+00   1.568069E-04   4.700445E-04
   999   0.000000E+00   2.528856E-04   1.043096E-03
  1000   0.000000E+00   1.059351E-04   5.782475E-04
  1001   0.000000E+00   1.172409E-03   3.103364E-03
  1002   0.000000E+00   3.655503E-04   1.944830E-03
  1003   0.000000E+00   3.883248E-04   9.880773E-04
  1004   0.000000E+00   1.197207E-03   3.788876E-03
  1005   0.000000E+00   1.775494E-04   3.977377E-04
  1006   0.000000E+00  -2.128212E-04   3.921552E-03
  1007   0.000000E+00   3.919989E-04   1.562754E-03
  1008   0.000000E+00   3.664665E-04   8.176711E-04
  1009   0.000000E+00   6.380436E-03   3.820939E-03
  1010   0.000000E+00   5.078138E-04   2.997542E-03
  1011   0.000000E+00   6.216659E-04   1.927438E-03
  1012   0.000000E+00   4.583662E-03   4.051989E-03
  1013   0.000000E+00   1.459360E-04   9.040057E-04
  1014   0.000000E+00   1.542314E-04   3.770410E-04
  1015   0.000000E+00   1.696543E-04   4.952847E-04
  1016   0.000000E+00   2.120538E-04   1.001370E-03
  1017   0.000000E+00  -2.167490E-06   1.423667E-03
  1018   0.000000E+00   1.480009E-04   3.707500E-04
  1019   0.000000E+00   1.285051E-04   5.083449E-04
  1020   0.000000E+00   6.715190E-04   2.617673E-03
  1021   0.000000E+00   9.902537E-05   1.155244E-03
  1022   0.000000E+00   8.493389E-05   3.443918E-04
  1023   0.000000E+00   7.283287E-05   7.758961E-04
  1024   0.000000E+00   8.848149E-05   4.816414E-04
  1025   0.000000E+00  -1.555225E-06   7.231388E-04
  1026   0.000000E+00   1.570423E-04   1.186938E-03
  1027   0.000000E+00   6.047803E-04   2.200248E-03
  1028   0.000000E+00   1.587315E-07   1.622309E-03
  1029   0.000000E+00   6.004163E-05   3.026959E-04
  1030   0.000000E+00   9.793563E-05   4.209334E-04
  1031   0.000000E+00   2.407372E-05   6.262859E-04
  1032   0.000000E+00   1.937714E-03   3.877870E-03
  1033   0.000000E+00   1.467597E-04   1.008569E-03
  1034   0.000000E+00   1.729689E-04   9.724370E-04
  1035   0.000000E+00   2.085368E-03   4.868647E-03
  1036   0.000000E+00   4.167974E-03   8.743249E-03
  1037   0.000000E+00   4.052073E-04   3.862968E-03
  1038   0.000000E+00   8.723607E-05   4.935210E-04
  1039   0.000000E+00   1.042998E-04   1.824502E-03
  1040   0.000000E+00   7.983207E-05   7.420759E-04
  1041   0.000000E+00   7.247714E-04   2.806678E-03
  1042   0.000000E+00   1.510801E-04   1.235597E-03
  1043   0.000000E+00   2.774225E-04   1.166299E-03
  1044   0.000000E+00  -3.317618E-04   1.627592E-03
  1045   0.000000E+00   1.968536E-03   3.855424E-03
  1046   0.000000E+00   3.648726E-03   4.016324E-03
  1047   0.000000E+00   2.530991E-03   2.741568E-03
  1048   0.000000E+00   9.611466E-05   4.400057E-04
  1049   0.000000E+00   4.766830E-05   3.690843E-04
  1050   0.000000E+00   1.002311E-04   6.494551E-04
  1051   0.000000E+00   7.759342E-05   5.147159E-04
  1052   0.000000E+00   6.700611E-04   1.763009E-03
  1053   0.000000E+00   1.100514E-04   7.186043E-04
  1054   0.000000E+00  -4.565032E-04   1.425632E-03
  1055   0.000000E+00   2.925733E-05   3.559840E-04
  1056   0.000000E+00   9.442985E-04   4.065005E-03
  1057   0.000000E+00   1.550385E-04   9.554504E-04
  1058   0.000000E+00   1.037432E-03   3.193341E-03
  1059   0.000000E+00   5.651126E-05   4.606920E-04
  1060   0.000000E+00   5.853504E-04   2.200248E-03
  1061   0.000000E+00   8.402734E-05   4.566274E-04
  1062   0.000000E+00   8.038145E-05   1.114953E-03
  1063   0.000000E+00   4.855021E-05   5.705688E-04
  1064   0.000000E+00   2.827253E-05   9.131856E-04
  1065   0.000000E+00   3.498455E-04   3.116122E-03
  1066   0.000000E+00   7.099765E-05   3.103884E-04
  1067   0.000000E+00   5.401249E-05   3.690843E-04
  1068   0.000000E+00   1.649878E-04   1.186938E-03
  1069   0.000000E+00  -4.508694E-05   1.091409E-03
  1070   0.000000E+00  -2.718357E-05   1.322998E-03
  1071   0.000000E+00  -9.445163E-05   1.395279E-03
  1072   0.000000E+00   8.303914E-05   3.694686E-04
  1073   0.000000E+00   2.688740E-04   2.956479E-03
  1074   0.000000E+00   2.236773E-04   8.307497E-04
  1075   0.000000E+00   3.078648E-05   6.262859E-04
  1076   0.000000E+00   6.387994E-05   4.172170E-04
  1077   0.000000E+00  -2.120531E-05   1.676664E-03
  1078   0.000000E+00   1.060104E-04   4.798776E-04
  1079   0.000000E+00   4.149938E-06   7.231388E-04
  1080   0.000000E+00  -6.823034E-05   9.664194E-04
  1081   0.000000E+00   1.254379E-04   7.965155E-04
  1082   0.000000E+00  -5.767361E-06   7.418970E-04
  1083   0.000000E+00   3.010783E-05   4.412219E-04
  1084   0.000000E+00   1.609202E-04   7.236293E-04
  1085   0.000000E+00  -3.869002E-04   1.457773E-03
  1086   0.000000E+00  -2.814662E-06   6.301204E-04
  1087   0.000000E+00   1.364916E-04   8.054605E-04
  1088   0.000000E+00   8.807128E-05   4.816414E-04
  1089   0.000000E+00  -4.401151E-04   2.411563E-03
  1090   0.000000E+00   4.283514E-05   6.817695E-04
  1091   0.000000E+00   2.379030E-04   8.505187E-04
  1092   0.000000E+00   2.541854E-04   1.023345E-03
  1093   0.000000E+00   2.732111E-04   8.790949E-04
  1094   0.000000E+00   1.156884E-04   5.782475E-04
  1095   0.000000E+00   1.594451E-04   4.952847E-04
  1096   0.000000E+00   6.435822E-05   3.178956E-04
  1097   0.000000E+00   8.702254E-05   3.443918E-04
  1098   0.000000E+00   1.091003E-04   1.455683E-03
  1099   0.000000E+00  -7.923738E-05   1.103862E-03
  1100   0.000000E+00   3.691006E-04   8.176711E-04
  1101   0.000000E+00   2.540284E-04   8.690579E-04
  1102   0.000000E+00   3.903075E-05   1.831499E-03
  1103   0.000000E+00   1.635634E-04   3.783004E-04
  1104   0.000000E+00   1.182560E-04   3.386216E-03
  1105   0.000000E+00   1.509364E-04   3.770410E-04
  1106   0.000000E+00   3.122139E-04   7.372957E-04
  1107   0.000000E+00   1.481075E-04   9.629789E-04
  1108   0.000000E+00   1.011990E-04   9.429331E-04
  1109   0.000000E+00   2.309077E-04   6.485193E-04
  1110   0.000000E+00   2.422455E-04   8.452545E-04
  1111   0.000000E+00   6.637615E-04   2.214500E-03
  1112   0.000000E+00   2.499430E-04   1.275639E-03
  1113   0.000000E+00  -2.571896E-03   4.096707E-03
  1114   0.000000E+00   7.908673E-05   2.913253E-04
  1115   0.000000E+00   4.338647E-04   1.719487E-03
  1116   0.000000E+00   1.610841E-04   7.594335E-04
  1117   0.000000E+00   6.202465E-04   2.272066E-03
  1118   0.000000E+00   2.080587E-03   5.591420E-03
  1119   0.000000E+00   1.233786E-03   4.080695E-03
  1120   0.000000E+00  -4.672007E-04   5.112523E-03
  1121   0.000000E+00   1.280497E-02   8.511411E-03
