 smom1,sph1,sth1,slr1
          16           6           6          10
 phi boundaries
  0.00000E+00  2.61799E-01  5.23599E-01  7.85398E-01  1.04720E+00  1.30900E+00  1.57080E+00
 theta boundaries
  0.00000E+00  2.61799E-01  5.23599E-01  7.85398E-01  1.04720E+00  1.30900E+00  1.57080E+00
 radius boundaries in arcsec
  0.00000E+00  1.19639E+00  1.80726E+00  2.73003E+00  4.12397E+00  6.22963E+00  9.41044E+00  1.42153E+01  2.14736E+01  3.24379E+01  9.80009E+03
                                                                              phi,theta,r,mgemass,fitmass,errmass,x,y,z 
                                           (in arcsec),vx,vy,vz,xv2,vy2,vz2,vxvy,vyvz,vzvx,orbit long, orbit short,boxes
       1       1       1  4.15528E-04  4.32242E-04  4.15528E-06  1.15376E-01  1.53413E-02  5.66212E-01 -2.01465E+01  1.00654E+02  3.43197E+00  1.58786E+04  2.36603E+04  2.17928E+04 -1.51087E+03 -9.90960E+02  1.72633E+03  0.00000E+00  3.71744E-04  6.04984E-05
       1       1       2  1.18325E-04  1.44268E-04  1.18325E-06  3.08873E-01  3.99891E-02  1.44965E+00 -2.37964E+01  9.55339E+01 -4.09149E-01  1.70482E+04  2.01415E+04  2.21903E+04 -2.78648E+03 -1.58749E+02  8.63180E+02  0.00000E+00  1.25251E-04  1.90165E-05
       1       1       3  2.04140E-04  2.51297E-04  2.04140E-06  4.30629E-01  5.74171E-02  2.10307E+00 -4.95977E+00  5.03652E+01  1.10693E+01  1.51526E+04  1.18996E+04  9.02417E+03 -6.79331E+02  5.09386E+02  1.63855E+03  0.00000E+00  2.00241E-04  5.10562E-05
       1       1       4  2.86858E-04  1.90227E-04  2.86858E-06  7.48906E-01  9.62883E-02  3.60731E+00 -1.33081E+01  7.12170E+01  1.21397E+00  1.97079E+04  3.02121E+04  9.30587E+03 -3.58464E+03 -1.42219E+02  1.52793E+03  0.00000E+00  1.83517E-04  6.70975E-06
       1       1       5  2.61783E-04  3.65128E-04  2.61783E-06  1.12714E+00  1.48690E-01  5.17691E+00 -8.44509E+00  4.59341E+01  7.14475E+00  7.59458E+03  1.38306E+04  9.94435E+03 -1.72969E+03 -3.44010E+02  6.21703E+02  0.00000E+00  3.56096E-04  9.03246E-06
       1       1       6  2.09531E-04  2.16692E-04  2.09531E-06  1.43611E+00  1.78561E-01  6.59602E+00 -8.61749E+00  2.47007E+01  1.34950E+01  3.29353E+03  6.68482E+03  8.68267E+03 -1.16235E+03 -3.09674E+02  1.17170E+03  0.00000E+00  1.97236E-04  1.94560E-05
       1       1       7  2.13537E-04  2.61786E-04  2.13537E-06  2.52231E+00  3.34592E-01  1.22252E+01  3.30282E+01 -1.25972E+02  6.17339E-01  1.34389E+04  2.03956E+04  1.18557E+04 -2.68261E+03  3.02575E+01  1.28975E+03  0.00000E+00  2.24941E-04  3.68448E-05
       1       1       8  3.57905E-04  4.64494E-04  3.57905E-06  3.68587E+00  4.92195E-01  1.78057E+01  2.29521E+01 -8.31184E+01 -7.44279E-01  5.66010E+03  9.26803E+03  9.46877E+03 -1.42006E+03  2.24650E+02  6.76864E+02  0.00000E+00  3.77487E-04  8.70067E-05
       1       1       9  3.72897E-04  3.94344E-04  3.72897E-06  4.63371E+00  6.08362E-01  2.35440E+01  1.12188E+01 -4.28329E+01  5.54425E-01  2.16877E+03  3.67228E+03  4.64378E+03 -5.93376E+02 -6.39606E+01  5.00876E+02  0.00000E+00  2.22474E-04  1.71870E-04
       1       1      10  1.69441E-04  2.02740E-04  1.69441E-06  1.53279E+01  2.22601E+00  7.33712E+01  7.80205E+00 -2.38432E+01  2.98915E+00  1.46385E+03  1.02155E+03  1.61795E+04 -6.09176E+01  1.77689E+02  9.43605E+02  0.00000E+00  1.40572E-04  6.21675E-05
       1       2       1  1.25550E-03  1.05516E-03  1.25550E-05  1.99761E-01  2.59623E-02  4.75480E-01 -8.83352E+00  7.20289E+01  9.71262E-02  2.15877E+04  1.16299E+04  2.39160E+04  1.31388E+03  1.00487E+03  8.80843E+02  0.00000E+00  9.06798E-04  1.48365E-04
       1       2       2  3.60989E-04  3.11354E-04  3.60989E-06  5.67323E-01  7.30780E-02  1.39903E+00 -5.20270E+00  4.22167E+01 -8.06414E-01  2.71914E+04  4.79925E+03  2.33164E+04  3.17786E+03  3.11726E+02  1.94569E+03  0.00000E+00  2.80389E-04  3.09656E-05
       1       2       3  6.20607E-04  3.87183E-04  6.20607E-06  8.06696E-01  1.07546E-01  2.04771E+00 -1.68787E+01  6.66438E+00 -3.13313E+00  1.79535E+04  2.24843E+03  1.98895E+04  2.97630E+03  1.96956E+03  6.22535E+03  0.00000E+00  2.87443E-04  9.97397E-05
       1       2       4  8.95077E-04  3.74577E-04  8.95077E-06  1.33974E+00  1.76165E-01  3.30929E+00 -1.26721E+00  1.53276E+01  9.33013E+00  3.26236E+04  8.09148E+03  2.62178E+04  3.30436E+03 -9.14430E+00  3.86762E+03  0.00000E+00  3.40441E-04  3.41358E-05
       1       2       5  8.32934E-04  7.74265E-04  8.32934E-06  1.98768E+00  2.56447E-01  4.84860E+00 -4.33938E-01  1.58459E+01  1.07059E+01  1.56958E+04  3.17725E+03  1.60663E+04  1.48234E+03 -2.33703E+02  1.90847E+03  0.00000E+00  7.14257E-04  6.00077E-05
       1       2       6  7.01635E-04  6.82289E-04  7.01635E-06  2.75942E+00  3.92457E-01  6.53372E+00  6.52306E+00  4.03631E+00  1.75632E+01  6.19953E+03  1.23299E+03  1.20602E+04  7.60246E+02  2.90620E+02  3.61811E+03  0.00000E+00  5.48442E-04  1.33846E-04
       1       2       7  6.91754E-04  5.15572E-04  6.91754E-06  4.71778E+00  5.86499E-01  1.12901E+01  1.77417E+01 -4.65219E+01  2.48456E+01  2.18032E+04  4.99774E+03  2.12194E+04  2.66380E+03  1.05817E+03  6.07847E+03  0.00000E+00  3.46318E-04  1.69253E-04
       1       2       8  1.14238E-03  1.02094E-03  1.14238E-05  6.94944E+00  9.86486E-01  1.67649E+01  1.00926E+01 -2.96387E+01  1.51034E+01  1.04129E+04  1.99048E+03  1.26087E+04  1.42417E+03  6.06617E+02  2.93867E+03  0.00000E+00  6.69511E-04  3.51434E-04
       1       2       9  1.27184E-03  1.26883E-03  1.27184E-05  1.00301E+01  1.60548E+00  2.26506E+01  4.76777E+00 -9.31290E+00  8.57710E+00  2.95283E+03  5.41716E+02  5.19415E+03  3.84874E+02  3.41771E+02  1.60418E+03  0.00000E+00  3.48673E-04  9.20161E-04
       1       2      10  5.82548E-04  6.52237E-04  5.82548E-06  2.77123E+01  4.11723E+00  7.08423E+01 -2.95155E-01 -5.35932E+00 -2.33580E+00  2.97929E+03  1.85168E+02  1.44783E+04  4.52099E+02  6.08685E+02  3.82374E+03  0.00000E+00  2.19602E-04  4.32635E-04
       1       3       1  2.10663E-03  1.98523E-03  2.10663E-05  3.70080E-01  4.85459E-02  5.01923E-01 -2.99928E+00  4.66772E+01 -6.77832E-01  1.46788E+04  6.45910E+03  1.71867E+04  8.62287E+02 -1.56431E+01  1.01855E+03  0.00000E+00  1.89424E-03  9.09971E-05
       1       3       2  6.18188E-04  6.74465E-04  6.18188E-06  9.15418E-01  1.20795E-01  1.21887E+00 -3.63713E+00  4.51270E+01 -7.56580E-01  2.29544E+04  4.84429E+03  2.33686E+04  2.20200E+03  9.72169E+00  2.67741E+03  0.00000E+00  6.19897E-04  5.45683E-05
       1       3       3  1.05254E-03  9.26955E-04  1.05254E-05  1.32151E+00  1.69148E-01  1.76560E+00 -3.80683E+00  2.98945E+01 -1.85556E+00  1.11741E+04  2.39779E+03  1.06016E+04  1.06152E+03  2.45844E+02  1.90566E+03  0.00000E+00  7.62879E-04  1.64076E-04
       1       3       4  1.59432E-03  1.04371E-03  1.59432E-05  2.06565E+00  2.72913E-01  2.73312E+00  1.74428E+01 -1.29722E+02 -2.54807E+00  2.08939E+04  3.52958E+04  1.96506E+04 -2.23660E+03  2.86146E+02  3.76727E+03  0.00000E+00  9.41554E-04  1.02159E-04
       1       3       5  1.54655E-03  1.39501E-03  1.54655E-05  3.24139E+00  4.36511E-01  4.12083E+00  5.34855E+00 -4.34433E+01 -2.47886E+00  1.43809E+04  7.28065E+03  1.52850E+04  1.04417E+03  6.00187E+02  3.66140E+03  0.00000E+00  1.26462E-03  1.30396E-04
       1       3       6  1.44069E-03  1.69172E-03  1.44069E-05  4.14939E+00  5.40310E-01  5.63759E+00  5.42788E+00 -4.47142E+01 -1.88656E+00  4.73833E+03  5.03903E+03  8.38936E+03 -3.91168E+01  4.60065E+02  3.43278E+03  0.00000E+00  1.48988E-03  2.01845E-04
       1       3       7  1.39023E-03  1.16313E-03  1.39023E-05  7.28631E+00  9.47293E-01  9.75616E+00  1.90036E+01 -9.72897E+01  8.58768E+00  1.42544E+04  1.76620E+04  1.85278E+04 -5.20005E+02  6.27052E+02  5.61663E+03  0.00000E+00  8.68502E-04  2.94633E-04
       1       3       8  2.12721E-03  2.24346E-03  2.12721E-05  1.08626E+01  1.41520E+00  1.44507E+01  1.07657E+01 -5.95831E+01  3.93364E+00  8.28190E+03  7.21296E+03  1.07485E+04  2.85596E+02  4.49477E+02  3.25597E+03  0.00000E+00  1.56475E-03  6.78710E-04
       1       3       9  2.70187E-03  2.55924E-03  2.70187E-05  1.48292E+01  1.88137E+00  1.96499E+01  8.49111E+00 -2.41103E+01 -1.25975E-01  3.45407E+03  2.24660E+03  4.74503E+03 -1.18449E+02  2.00954E+02  1.60259E+03  0.00000E+00  9.82327E-04  1.57691E-03
       1       3      10  1.39727E-03  1.57179E-03  1.39727E-05  4.51488E+01  6.50281E+00  5.94169E+01 -1.01592E+01 -3.13541E+01  1.72262E+00  6.54435E+03  1.68828E+03  1.06398E+04  1.20344E+03  2.42532E+02  2.25207E+03  0.00000E+00  1.20501E-03  3.66786E-04
       1       4       1  2.92538E-03  2.91842E-03  2.92538E-05  5.08034E-01  6.72012E-02  3.58053E-01 -4.09397E+00  4.42774E+01  4.38198E-01  1.07569E+04  2.35649E+04  1.12371E+04 -1.72318E+03  1.15375E+02  1.32578E+02  0.00000E+00  2.84333E-03  7.50883E-05
       1       4       2  8.84560E-04  9.20259E-04  8.84560E-06  1.23764E+00  1.63721E-01  8.52394E-01 -2.83188E-01 -1.32073E+01 -2.25571E+00  1.77084E+04  2.04578E+04  1.21829E+04 -4.76202E+02  2.63827E+02  1.15510E+03  0.00000E+00  8.65840E-04  5.44193E-05
       1       4       3  1.48001E-03  1.43499E-03  1.48001E-05  1.74594E+00  2.30401E-01  1.27521E+00  3.13944E+00 -1.84692E+01  2.82575E+00  7.12541E+03  1.54011E+04  7.35616E+03 -9.83979E+02 -6.63434E+01  8.59862E+02  0.00000E+00  1.33558E-03  9.94124E-05
       1       4       4  2.38673E-03  1.86906E-03  2.38673E-05  2.78420E+00  3.60657E-01  2.03796E+00  1.35096E+01 -1.03406E+02  5.36997E-01  2.09397E+04  4.38244E+04  1.50033E+04 -2.89001E+03  3.07390E+02  1.21035E+03  0.00000E+00  1.77406E-03  9.50024E-05
       1       4       5  2.46226E-03  3.22740E-03  2.46226E-05  4.22705E+00  5.51015E-01  3.01401E+00  6.77133E+00 -6.35363E+01  1.99069E-03  1.69934E+04  1.55063E+04  9.57464E+03  3.91494E+02  1.94075E+02  1.46436E+03  0.00000E+00  3.07148E-03  1.55918E-04
       1       4       6  2.61766E-03  2.64383E-03  2.61766E-05  5.87496E+00  7.73290E-01  3.94669E+00  2.66119E+00 -3.45745E+01 -1.52953E+00  9.41083E+03  7.61009E+03  4.97642E+03  3.11597E+02  4.77589E+02  2.34913E+03  0.00000E+00  2.35431E-03  2.89523E-04
       1       4       7  2.71777E-03  2.39728E-03  2.71777E-05  9.77819E+00  1.29186E+00  6.87581E+00  2.12583E+01 -1.33510E+02 -5.66299E+00  1.64416E+04  2.74298E+04  1.44708E+04 -2.09363E+03  6.81214E+02  2.70239E+03  0.00000E+00  2.10212E-03  2.95165E-04
       1       4       8  3.46053E-03  4.32205E-03  3.46053E-05  1.47437E+01  1.96679E+00  1.02904E+01  8.73571E+00 -7.28228E+01 -6.30083E-01  1.27328E+04  8.73308E+03  8.46998E+03  4.83714E+02  2.17288E+02  1.88831E+03  0.00000E+00  3.71831E-03  6.03735E-04
       1       4       9  5.10789E-03  6.32800E-03  5.10789E-05  2.06461E+01  2.79086E+00  1.41395E+01  2.72812E+00 -4.18616E+01  3.77063E-01  5.33086E+03  3.19706E+03  3.02024E+03  3.36837E+02  5.92118E+01  6.37086E+02  0.00000E+00  5.04966E-03  1.27833E-03
       1       4      10  3.71943E-03  4.89790E-03  3.71943E-05  6.20075E+01  8.23202E+00  4.17003E+01  3.02266E+00 -4.04032E+01  3.48937E+00  1.12594E+04  2.27611E+03  5.39383E+03  1.26635E+03 -4.18573E+01  8.70505E+02  0.00000E+00  4.57240E-03  3.25498E-04
       1       5       1  3.60535E-03  3.05539E-03  3.60535E-05  5.51982E-01  7.25561E-02  2.37746E-01 -5.25703E+00  4.71349E+01 -5.47054E-01  8.50905E+03  2.17071E+04  1.43185E+04 -1.90504E+03  1.21037E+02 -2.48167E+02  0.00000E+00  2.98707E-03  6.83245E-05
       1       5       2  1.12579E-03  1.22465E-03  1.12579E-05  1.38005E+00  1.82266E-01  5.96677E-01 -4.21818E-01 -1.59035E+01 -5.67911E+00  2.14803E+04  1.79422E+04  1.44871E+04  7.21375E+02  1.45446E+03  1.40810E+02  0.00000E+00  1.18688E-03  3.77699E-05
       1       5       3  1.84425E-03  1.67810E-03  1.84425E-05  1.93594E+00  2.54993E-01  8.24625E-01  4.23813E+00 -4.72721E+01 -3.06026E+00  1.36105E+04  2.01207E+04  9.37521E+03 -9.70001E+02  1.95969E+02 -3.67460E+01  0.00000E+00  1.55070E-03  1.27394E-04
       1       5       4  3.15541E-03  1.90904E-03  3.15541E-05  3.14824E+00  4.08774E-01  1.34598E+00  1.28406E+01 -8.05987E+01 -4.68626E+00  1.87642E+04  2.95887E+04  2.35649E+04 -1.61521E+03  4.34320E+02  7.83844E+02  0.00000E+00  1.87789E-03  3.11503E-05
       1       5       5  3.47892E-03  3.58946E-03  3.47892E-05  4.78977E+00  6.35844E-01  2.08204E+00  7.06204E+00 -5.44508E+01 -3.71836E+00  1.74299E+04  1.35603E+04  1.14983E+04  7.59024E+02  9.65187E+01  3.44756E+02  0.00000E+00  3.49523E-03  9.42348E-05
       1       5       6  4.18726E-03  4.21117E-03  4.18726E-05  6.56907E+00  8.64467E-01  2.86380E+00  8.42391E+00 -4.70586E+01 -5.24689E+00  1.53994E+04  7.97320E+03  6.54903E+03  8.44588E+02  2.60455E+02  6.05682E+02  0.00000E+00  3.95229E-03  2.58878E-04
       1       5       7  5.19020E-03  3.21682E-03  5.19020E-05  1.08127E+01  1.40243E+00  4.61595E+00  5.66786E+00 -1.02011E+02 -1.54441E+00  2.42748E+04  1.64624E+04  1.50274E+04  1.46830E+03  3.70868E+02  1.95487E+03  0.00000E+00  2.83356E-03  3.83262E-04
       1       5       8  5.48817E-03  5.65480E-03  5.48817E-05  1.64415E+01  2.19338E+00  7.04602E+00  8.28673E+00 -6.43107E+01 -3.39986E-01  1.53651E+04  6.89030E+03  7.49237E+03  1.07208E+03  9.47198E+00  9.57789E+02  0.00000E+00  4.90226E-03  7.52532E-04
       1       5       9  8.45828E-03  9.08137E-03  8.45828E-05  2.32529E+01  3.01258E+00  9.88910E+00  5.97863E+00 -3.58665E+01 -1.41681E+00  5.83123E+03  2.40462E+03  2.42689E+03  3.59445E+02  8.45022E+01  3.12638E+02  0.00000E+00  7.35749E-03  1.72388E-03
       1       5      10  9.92898E-03  5.89811E-03  9.92898E-05  6.82500E+01  9.29380E+00  2.95994E+01 -6.83484E-01 -3.94895E+01 -1.45938E+00  1.36663E+04  2.16135E+03  3.32260E+03  1.76436E+03  1.00184E+02  2.58580E+02  0.00000E+00  5.68191E-03  2.16203E-04
       1       6       1  4.00064E-03  3.75970E-03  4.00064E-05  6.02590E-01  7.92249E-02  8.03796E-02  3.65806E+00 -3.78943E+01  1.20449E-01  6.17085E+03  2.48727E+04  1.34562E+04 -2.30411E+03  1.35591E+02 -9.45633E+01  0.00000E+00  3.69789E-03  6.18112E-05
       1       6       2  1.27626E-03  1.27237E-03  1.27626E-05  1.48234E+00  1.95470E-01  1.97787E-01  1.01680E+01 -7.61692E+01 -1.81853E+00  1.41661E+04  2.34410E+04  1.16067E+04 -1.01322E+03  2.82987E+02 -4.96026E+02  0.00000E+00  1.23145E-03  4.09152E-05
       1       6       3  2.05983E-03  2.04062E-03  2.05983E-05  2.05677E+00  2.68514E-01  2.71187E-01  5.53877E+00 -6.67320E+01  7.46759E-02  9.21608E+03  1.88248E+04  8.37717E+03 -7.75114E+02 -6.06244E+01  3.28673E+02  0.00000E+00  1.92870E-03  1.11914E-04
       1       6       4  3.65375E-03  2.84638E-03  3.65375E-05  3.38086E+00  4.48418E-01  4.57783E-01  1.11293E+01 -9.17295E+01 -8.66340E-01  1.49434E+04  4.00981E+04  1.88140E+04 -3.30712E+03  1.73487E+02  2.07644E+02  0.00000E+00  2.75162E-03  9.47607E-05
       1       6       5  4.21100E-03  4.51229E-03  4.21100E-05  5.15829E+00  6.83687E-01  6.88837E-01  7.02832E+00 -5.71310E+01 -8.28485E-01  1.57455E+04  1.87811E+04  8.56708E+03 -3.81536E+02 -1.29468E+02  6.59523E+02  0.00000E+00  4.36747E-03  1.44825E-04
       1       6       6  5.45882E-03  5.49062E-03  5.45882E-05  7.02620E+00  9.24354E-01  9.50482E-01  1.11030E+01 -6.86245E+01 -2.42620E+00  1.26215E+04  1.73798E+04  5.61362E+03 -7.66648E+02  8.85557E+01  4.04871E+02  0.00000E+00  5.27037E-03  2.20248E-04
       1       6       7  7.86564E-03  5.00953E-03  7.86564E-05  1.16601E+01  1.54267E+00  1.57103E+00  2.02978E+01 -1.47024E+02 -1.31836E+00  2.40644E+04  3.09029E+04  9.72602E+03 -1.09938E+03  2.40026E+02  7.34419E+02  0.00000E+00  4.60823E-03  4.01307E-04
       1       6       8  7.97599E-03  9.01416E-03  7.97599E-05  1.77171E+01  2.33861E+00  2.37339E+00  1.11769E+01 -8.74031E+01  5.35362E-01  1.98259E+04  1.17327E+04  4.63606E+03  1.23357E+03  1.46618E+01  4.84503E+02  0.00000E+00  8.16402E-03  8.50137E-04
       1       6       9  1.13345E-02  1.41707E-02  1.13345E-04  2.51563E+01  3.32069E+00  3.43193E+00  7.40462E+00 -4.75831E+01  6.33593E-01  1.03981E+04  4.24756E+03  1.59885E+03  8.00993E+02  5.80185E+00  4.35934E+01  0.00000E+00  1.17468E-02  2.42382E-03
       1       6      10  1.89173E-02  2.29272E-02  1.89173E-04  7.41506E+01  9.81109E+00  9.63862E+00  4.82891E+00 -4.41433E+01  3.27396E-01  1.57110E+04  2.57041E+03  6.86289E+02  1.76081E+03  6.38009E+00  1.01636E+02  0.00000E+00  2.26321E-02  2.95032E-04
       2       1       1  4.15519E-04  4.38007E-04  4.15519E-06  1.04642E-01  4.33954E-02  5.70241E-01 -4.37380E+01  8.48002E+01 -2.27089E+00  1.70396E+04  2.29100E+04  2.20376E+04 -3.12502E+03  1.48514E+03  1.31697E+03  0.00000E+00  3.72003E-04  6.60037E-05
       2       1       2  1.18322E-04  1.49599E-04  1.18322E-06  2.76126E-01  1.13387E-01  1.45517E+00 -7.05773E+01  6.11709E+01  8.22041E-01  1.77640E+04  1.66039E+04  2.31044E+04 -3.22909E+03  1.27268E+03 -7.39440E+02  0.00000E+00  1.30072E-04  1.95270E-05
       2       1       3  2.04136E-04  2.49165E-04  2.04136E-06  3.92221E-01  1.61896E-01  2.09422E+00 -2.42800E+01  3.26242E+01 -2.80831E+00  1.44901E+04  9.89646E+03  9.53588E+03  7.79933E+02  6.60332E+02  3.32310E+02  0.00000E+00  1.98653E-04  5.05117E-05
       2       1       4  2.86849E-04  1.97758E-04  2.86849E-06  6.76986E-01  2.77174E-01  3.60872E+00 -4.14945E+01  5.90268E+01  5.09516E+00  2.37969E+04  2.46936E+04  1.02336E+04 -7.75058E+03  2.66990E+02  6.12873E+02  0.00000E+00  1.90987E-04  6.77106E-06
       2       1       5  2.61775E-04  3.61036E-04  2.61775E-06  1.01045E+00  4.16951E-01  5.15415E+00 -3.00653E+01  4.04191E+01  2.38287E+00  1.07995E+04  1.17112E+04  8.81082E+03 -4.15738E+03 -1.25107E+02  4.01579E+02  0.00000E+00  3.55062E-04  5.97330E-06
       2       1       6  2.09523E-04  1.95213E-04  2.09523E-06  1.28668E+00  5.23460E-01  6.58370E+00 -1.90107E+01  2.60187E+01 -4.79699E-01  5.03277E+03  6.18417E+03  7.42589E+03 -2.47947E+03  1.88562E+02  1.02737E+03  0.00000E+00  1.78951E-04  1.62621E-05
       2       1       7  2.13531E-04  2.48428E-04  2.13531E-06  2.26435E+00  9.28507E-01  1.22687E+01  8.72234E+01 -1.06755E+02  2.85740E+00  1.73567E+04  1.73289E+04  1.14945E+04 -5.96513E+03  3.22518E+02  6.56109E+02  0.00000E+00  2.18068E-04  3.03604E-05
       2       1       8  3.57897E-04  4.41287E-04  3.57897E-06  3.33871E+00  1.37983E+00  1.78151E+01  5.91940E+01 -7.12398E+01  1.69481E+00  7.89737E+03  7.79084E+03  8.65626E+03 -2.90426E+03  1.74033E+02  6.12513E+02  0.00000E+00  3.80867E-04  6.04203E-05
       2       1       9  3.72882E-04  3.67963E-04  3.72882E-06  4.09478E+00  1.65360E+00  2.35542E+01  2.98244E+01 -3.63289E+01 -1.76160E-01  2.94463E+03  3.11380E+03  4.83207E+03 -1.17622E+03  4.99413E+01  3.20882E+02  0.00000E+00  2.16764E-04  1.51198E-04
       2       1      10  1.69435E-04  2.06791E-04  1.69435E-06  1.37936E+01  5.64371E+00  7.37103E+01  1.83531E+01 -1.69089E+01  4.74230E+00  1.44429E+03  8.14760E+02  1.62274E+04 -5.62216E+01  4.22446E+02  1.13411E+03  0.00000E+00  1.31489E-04  7.53023E-05
       2       2       1  1.25536E-03  1.01575E-03  1.25536E-05  1.85952E-01  7.69687E-02  4.75004E-01 -2.63343E+01  6.73477E+01 -1.13023E-02  2.08361E+04  1.27581E+04  2.38819E+04  4.17785E+03  5.29139E+02  1.34843E+03  0.00000E+00  8.84058E-04  1.31695E-04
       2       2       2  3.60939E-04  2.88294E-04  3.60939E-06  5.30848E-01  2.19820E-01  1.39689E+00 -1.18514E+01  4.26203E+01  1.87794E+00  2.34720E+04  1.01336E+04  2.54832E+04  9.64084E+03  9.05758E+02  2.25056E+03  0.00000E+00  2.54354E-04  3.39395E-05
       2       2       3  6.20544E-04  3.57811E-04  6.20544E-06  7.53698E-01  3.12162E-01  2.03173E+00 -7.19655E+00  1.28043E+01  7.37106E+00  1.74306E+04  4.57207E+03  2.03488E+04  6.45186E+03  1.06612E+03  3.53702E+03  0.00000E+00  2.57656E-04  1.00155E-04
       2       2       4  8.94928E-04  3.93462E-04  8.94928E-06  1.26799E+00  5.21004E-01  3.28266E+00 -1.35831E+01  9.81252E+00 -9.38525E+00  2.88681E+04  1.24449E+04  2.75515E+04  9.86212E+03  1.58773E+03  4.24569E+03  0.00000E+00  3.48282E-04  4.51801E-05
       2       2       5  8.32794E-04  7.15910E-04  8.32794E-06  1.86191E+00  7.65602E-01  4.87229E+00 -1.43150E+01  1.07753E+01 -1.48051E+01  1.31476E+04  5.14510E+03  1.58228E+04  4.33217E+03  1.07035E+03  2.10494E+03  0.00000E+00  6.62902E-04  5.30079E-05
       2       2       6  7.01499E-04  7.01476E-04  7.01499E-06  2.55730E+00  1.05729E+00  6.47511E+00 -7.31132E+00 -1.32353E+00 -1.25291E+01  4.82531E+03  1.84471E+03  9.06824E+03  1.68252E+03  8.80772E+02  2.27635E+03  0.00000E+00  6.00792E-04  1.00684E-04
       2       2       7  6.91648E-04  4.43112E-04  6.91648E-06  4.43366E+00  1.82629E+00  1.13634E+01  1.94419E+01 -5.37297E+01 -1.24210E+01  1.91944E+04  9.26382E+03  2.01878E+04  6.33547E+03  1.79473E+03  4.78629E+03  0.00000E+00  3.16801E-04  1.26311E-04
       2       2       8  1.14225E-03  9.89405E-04  1.14225E-05  6.55371E+00  2.65690E+00  1.67590E+01  1.02066E+01 -2.79132E+01 -8.00980E+00  8.24908E+03  3.21817E+03  1.34590E+04  2.96645E+03  1.15264E+03  3.28673E+03  0.00000E+00  5.98707E-04  3.90698E-04
       2       2       9  1.27157E-03  1.28410E-03  1.27157E-05  9.18618E+00  3.61747E+00  2.28510E+01  2.01474E+00 -6.45405E+00 -5.77426E+00  2.30960E+03  8.50984E+02  5.30969E+03  8.41234E+02  5.52883E+02  1.54841E+03  0.00000E+00  3.06929E-04  9.77166E-04
       2       2      10  5.82397E-04  6.49757E-04  5.82397E-06  2.68564E+01  1.07409E+01  7.04979E+01  2.09791E+00 -4.60629E+00  1.65989E+00  2.66520E+03  5.74802E+02  1.43622E+04  1.06637E+03  1.55108E+03  3.96270E+03  0.00000E+00  1.89966E-04  4.59791E-04
       2       3       1  2.10606E-03  1.93349E-03  2.10606E-05  3.43868E-01  1.42065E-01  4.98101E-01 -1.86009E+01  4.23236E+01 -3.90296E-01  1.37733E+04  7.54366E+03  1.77290E+04  2.64353E+03  3.78601E+02  5.22910E+02  0.00000E+00  1.82992E-03  1.03572E-04
       2       3       2  6.17965E-04  6.10800E-04  6.17965E-06  8.46435E-01  3.49628E-01  1.21966E+00 -2.12747E+01  4.26798E+01  9.45683E-01  2.02138E+04  7.85445E+03  2.40516E+04  6.72051E+03  1.03650E+03  2.29299E+03  0.00000E+00  5.57719E-04  5.30814E-05
       2       3       3  1.05228E-03  9.76462E-04  1.05228E-05  1.24279E+00  5.11915E-01  1.77549E+00 -1.15087E+01  2.60623E+01 -1.21759E+00  9.64317E+03  3.59852E+03  1.07148E+04  2.71929E+03  7.85978E+02  2.29976E+03  0.00000E+00  7.99800E-04  1.76662E-04
       2       3       4  1.59364E-03  1.03152E-03  1.59364E-05  1.91514E+00  7.91639E-01  2.74910E+00  5.53487E+01 -1.19456E+02 -2.06423E-01  2.24353E+04  3.26128E+04  1.93793E+04 -6.26854E+03  7.63955E+02  2.52576E+03  0.00000E+00  9.39925E-04  9.15930E-05
       2       3       5  1.54584E-03  1.33825E-03  1.54584E-05  3.00569E+00  1.23367E+00  4.11357E+00  1.95297E+01 -3.88605E+01 -8.11271E-01  1.34634E+04  8.19827E+03  1.56464E+04  2.53127E+03  9.24659E+02  2.73750E+03  0.00000E+00  1.20568E-03  1.32563E-04
       2       3       6  1.43994E-03  1.59837E-03  1.43994E-05  3.86784E+00  1.61168E+00  5.63370E+00  1.90981E+01 -4.34112E+01  1.71450E+00  4.62036E+03  5.23387E+03  8.58706E+03 -3.00624E+02  1.21272E+03  2.82431E+03  0.00000E+00  1.39090E-03  2.07462E-04
       2       3       7  1.38949E-03  1.14693E-03  1.38949E-05  6.72533E+00  2.74560E+00  9.82042E+00  4.00251E+01 -9.12557E+01 -3.21633E-01  1.41136E+04  1.70952E+04  1.88961E+04 -1.71569E+03  2.07593E+03  5.29898E+03  0.00000E+00  8.39479E-04  3.07453E-04
       2       3       8  2.12654E-03  2.15509E-03  2.12654E-05  1.01531E+01  4.14371E+00  1.44785E+01  2.84595E+01 -5.77575E+01  3.74163E+00  8.44749E+03  7.66614E+03  1.08391E+04  1.79660E+02  1.23650E+03  2.98771E+03  0.00000E+00  1.56864E-03  5.86445E-04
       2       3       9  2.70031E-03  2.30674E-03  2.70031E-05  1.38191E+01  5.47995E+00  1.96385E+01  9.32148E+00 -2.45482E+01  1.18092E+00  3.06310E+03  2.70486E+03  4.70982E+03  3.93472E+02  4.93094E+02  1.44851E+03  0.00000E+00  9.06909E-04  1.39983E-03
       2       3      10  1.39591E-03  1.65370E-03  1.39591E-05  4.42111E+01  1.79523E+01  6.12944E+01  2.04221E+01 -2.25339E+01 -4.81961E+00  5.38385E+03  1.69664E+03  9.25147E+03  1.34289E+03  6.85720E+02  1.19067E+03  0.00000E+00  1.31945E-03  3.34256E-04
       2       4       1  2.92402E-03  3.01815E-03  2.92402E-05  4.71442E-01  1.94645E-01  3.57750E-01 -1.54310E+01  4.10887E+01 -2.24524E+00  1.26754E+04  2.12745E+04  1.14389E+04 -4.48488E+03  8.75372E+01  1.42300E+02  0.00000E+00  2.92332E-03  9.48317E-05
       2       4       2  8.83966E-04  8.92678E-04  8.83966E-06  1.14559E+00  4.71142E-01  8.51601E-01  4.45407E+00 -1.32424E+01  1.90072E+00  1.87837E+04  2.07649E+04  1.25028E+04 -8.54608E+02  6.95744E+02  2.11461E+03  0.00000E+00  8.30383E-04  6.22949E-05
       2       4       3  1.47938E-03  1.48743E-03  1.47938E-05  1.62263E+00  6.73859E-01  1.27849E+00  7.57642E+00 -1.73848E+01 -5.04816E+00  7.23755E+03  1.49493E+04  6.76645E+03 -3.31345E+03  1.05153E+03  1.03467E+02  0.00000E+00  1.38028E-03  1.07156E-04
       2       4       4  2.38493E-03  1.77850E-03  2.38493E-05  2.59038E+00  1.07137E+00  2.02998E+00  3.85507E+01 -1.01222E+02  1.34966E+00  2.28181E+04  4.23768E+04  1.39825E+04 -9.43237E+03 -3.08537E+01  5.59907E+02  0.00000E+00  1.70992E-03  6.85784E-05
       2       4       5  2.46003E-03  3.33438E-03  2.46003E-05  3.93734E+00  1.64045E+00  3.01519E+00  2.61321E+01 -5.94945E+01  7.29009E-02  1.68038E+04  1.58575E+04  9.58249E+03  4.83704E+02  6.15215E+02  1.61570E+03  0.00000E+00  3.17970E-03  1.54683E-04
       2       4       6  2.61505E-03  2.71859E-03  2.61505E-05  5.53073E+00  2.29252E+00  4.00726E+00  1.07559E+01 -3.21072E+01 -1.43564E+00  8.93530E+03  7.55668E+03  4.78589E+03  6.29064E+02  1.03421E+03  2.31032E+03  0.00000E+00  2.42434E-03  2.94251E-04
       2       4       7  2.71406E-03  2.29015E-03  2.71406E-05  9.03732E+00  3.74592E+00  6.79304E+00  5.34434E+01 -1.30526E+02  1.41931E+00  1.84100E+04  2.73313E+04  1.34064E+04 -4.45008E+03  5.88500E+02  2.42968E+03  0.00000E+00  2.05360E-03  2.36552E-04
       2       4       8  3.45798E-03  3.99332E-03  3.45798E-05  1.37980E+01  5.70066E+00  1.02053E+01  2.92055E+01 -7.31212E+01 -2.56251E+00  1.20516E+04  9.79514E+03  8.25153E+03  1.09420E+03  6.72781E+02  1.12682E+03  0.00000E+00  3.58335E-03  4.09970E-04
       2       4       9  5.10245E-03  6.23116E-03  5.10245E-05  1.95598E+01  8.04815E+00  1.40377E+01  1.61625E+01 -4.03905E+01 -4.83779E-01  4.78003E+03  3.51622E+03  2.94281E+03  6.86556E+02  1.91749E+02  5.01832E+02  0.00000E+00  5.31623E-03  9.14927E-04
       2       4      10  3.71062E-03  4.95259E-03  3.71062E-05  5.78282E+01  2.39100E+01  4.23157E+01  1.69631E+01 -3.61977E+01  8.68436E-01  1.02094E+04  3.41058E+03  4.90336E+03  3.33216E+03  4.74531E+01  4.09336E+02  0.00000E+00  4.61738E-03  3.35213E-04
       2       5       1  3.60303E-03  3.12650E-03  3.60303E-05  5.14059E-01  2.13014E-01  2.37708E-01 -1.80562E+01  4.21448E+01 -1.68450E+00  9.74366E+03  1.95363E+04  1.42752E+04 -4.74481E+03 -9.24916E+01 -1.70249E+02  0.00000E+00  3.04953E-03  7.69779E-05
       2       5       2  1.12467E-03  1.13594E-03  1.12467E-05  1.29051E+00  5.33621E-01  5.96205E-01  4.73501E+00 -1.11751E+01 -1.17709E+00  1.93463E+04  1.81273E+04  1.33288E+04  4.77093E+02  1.07814E+02 -5.88462E+01  0.00000E+00  1.10569E-03  3.02442E-05
       2       5       3  1.84316E-03  1.54778E-03  1.84316E-05  1.78908E+00  7.43178E-01  8.19697E-01  1.24572E+01 -3.96766E+01  4.84803E-01  1.32934E+04  1.80348E+04  8.53682E+03 -1.70241E+03  7.27152E+02  1.22907E+03  0.00000E+00  1.42343E-03  1.24352E-04
       2       5       4  3.15203E-03  1.82782E-03  3.15203E-05  2.92952E+00  1.21654E+00  1.35113E+00  3.14278E+01 -7.98957E+01 -1.95683E+00  2.00800E+04  2.90816E+04  2.37526E+04 -4.79931E+03  6.35492E+02  1.14717E+03  0.00000E+00  1.80047E-03  2.73468E-05
       2       5       5  3.47406E-03  3.28510E-03  3.47406E-05  4.46751E+00  1.84493E+00  2.08009E+00  1.98436E+01 -5.19097E+01  1.72546E-01  1.62473E+04  1.45809E+04  1.14155E+04  8.13476E+02  3.73622E+02  5.40035E+02  0.00000E+00  3.20672E-03  7.83776E-05
       2       5       6  4.18107E-03  3.77871E-03  4.18107E-05  6.07606E+00  2.54784E+00  2.82318E+00  1.95314E+01 -4.51250E+01 -2.42072E-01  1.49172E+04  9.73794E+03  6.67777E+03  2.69884E+03  1.77991E+01  4.85627E+02  0.00000E+00  3.57640E-03  2.02304E-04
       2       5       7  5.17757E-03  3.01679E-03  5.17757E-05  1.01282E+01  4.18031E+00  4.72184E+00  4.01132E+01 -9.71391E+01  2.18904E+00  2.21500E+04  1.78876E+04  1.53296E+04  2.29269E+03  4.89338E+02  1.64694E+03  0.00000E+00  2.71697E-03  2.99813E-04
       2       5       8  5.47798E-03  5.83043E-03  5.47798E-05  1.53648E+01  6.39316E+00  6.97627E+00  2.51487E+01 -5.98542E+01  1.26827E+00  1.43843E+04  8.06556E+03  7.28844E+03  3.33846E+03  2.76621E+02  9.53282E+02  0.00000E+00  5.09290E-03  7.37524E-04
       2       5       9  8.44501E-03  8.88723E-03  8.44501E-05  2.15911E+01  8.97923E+00  9.85383E+00  1.40216E+01 -3.28534E+01  1.61603E+00  5.43221E+03  2.90220E+03  2.59079E+03  1.23629E+03  1.48269E+02  4.41044E+02  0.00000E+00  6.82214E-03  2.06508E-03
       2       5      10  9.88822E-03  6.15951E-03  9.88822E-05  6.43631E+01  2.64729E+01  2.95610E+01  1.72899E+01 -3.42632E+01 -8.20443E-01  1.20174E+04  3.51614E+03  3.02179E+03  4.12108E+03  7.10172E+01  1.07252E+02  0.00000E+00  5.92247E-03  2.37034E-04
       2       6       1  3.99763E-03  3.86756E-03  3.99763E-05  5.58435E-01  2.32194E-01  7.95415E-02  1.32617E+01 -3.39681E+01 -1.40438E+00  8.73076E+03  2.19311E+04  1.39427E+04 -6.32930E+03  9.10755E+00 -4.43789E+01  0.00000E+00  3.79069E-03  7.68780E-05
       2       6       2  1.27473E-03  1.30360E-03  1.27473E-05  1.38386E+00  5.73101E-01  2.01361E-01  2.97234E+01 -7.38097E+01 -2.32681E+00  1.62214E+04  2.25351E+04  1.15302E+04 -2.90377E+03 -1.17506E+02 -8.68702E+02  0.00000E+00  1.26046E-03  4.31387E-05
       2       6       3  2.05840E-03  2.10803E-03  2.05840E-05  1.92925E+00  8.05980E-01  2.64344E-01  2.66108E+01 -6.27797E+01 -3.05725E-01  1.18980E+04  1.79654E+04  8.39228E+03 -2.95447E+03 -1.49636E+02 -1.85122E+02  0.00000E+00  1.99618E-03  1.11859E-04
       2       6       4  3.64911E-03  2.96165E-03  3.64911E-05  3.15854E+00  1.31568E+00  4.63364E-01  3.52853E+01 -8.49502E+01  1.22197E+00  1.93732E+04  3.61377E+04  1.79205E+04 -7.85603E+03 -5.97463E+02 -3.43502E+02  0.00000E+00  2.86886E-03  9.27934E-05
       2       6       5  4.20372E-03  4.51401E-03  4.20372E-05  4.80081E+00  1.98993E+00  6.71746E-01  2.29074E+01 -5.35506E+01 -2.00667E+00  1.71728E+04  1.81578E+04  7.87864E+03 -7.64593E+02  4.56208E+02  1.12998E+02  0.00000E+00  4.35921E-03  1.54794E-04
       2       6       6  5.44905E-03  5.89446E-03  5.44905E-05  6.54077E+00  2.74093E+00  9.03884E-01  2.43629E+01 -6.11580E+01 -4.98861E-01  1.24508E+04  1.53888E+04  5.47924E+03 -1.33142E+03  1.97066E+02  4.56248E+02  0.00000E+00  5.65468E-03  2.39780E-04
       2       6       7  7.84085E-03  5.15493E-03  7.84085E-05  1.08606E+01  4.50154E+00  1.61420E+00  5.56465E+01 -1.37044E+02 -1.29454E+00  2.50514E+04  3.00496E+04  9.64476E+03 -2.14003E+03  3.80598E+02  5.95102E+02  0.00000E+00  4.76259E-03  3.92342E-04
       2       6       8  7.94948E-03  8.56742E-03  7.94948E-05  1.65046E+01  6.88229E+00  2.35008E+00  3.48039E+01 -8.35387E+01 -7.07996E-01  1.86365E+04  1.30116E+04  4.69795E+03  2.81962E+03  1.50133E+02  2.88046E+02  0.00000E+00  7.87336E-03  6.94064E-04
       2       6       9  1.13116E-02  1.38907E-02  1.13116E-04  2.33100E+01  9.70918E+00  3.44512E+00  1.84949E+01 -4.69644E+01 -3.26400E-01  9.77002E+03  5.34229E+03  1.62474E+03  2.35411E+03  7.87994E+01  8.41291E+01  0.00000E+00  1.20608E-02  1.82986E-03
       2       6      10  1.88143E-02  2.27807E-02  1.88143E-04  6.92359E+01  2.86452E+01  9.61276E+00  1.88254E+01 -4.01137E+01 -2.93152E-01  1.39064E+04  4.25880E+03  6.47006E+02  4.72549E+03  2.85684E+01  5.98613E+01  0.00000E+00  2.24882E-02  2.92483E-04
       3       1       1  4.15503E-04  4.51494E-04  4.15503E-06  8.77737E-02  6.81039E-02  5.65117E-01 -6.75832E+01  6.99498E+01 -4.36265E-01  1.77003E+04  1.99335E+04  2.34159E+04 -2.83847E+03  1.40316E+03  1.32585E+03  0.00000E+00  3.67070E-04  8.44245E-05
       3       1       2  1.18316E-04  1.35506E-04  1.18316E-06  2.27170E-01  1.75114E-01  1.45372E+00 -7.97849E+01  4.76525E+01  6.03643E+00  1.79850E+04  9.66954E+03  2.47540E+04 -2.69651E+03  2.03621E+01  2.94192E+01  0.00000E+00  1.12272E-04  2.32332E-05
       3       1       3  2.04128E-04  2.63296E-04  2.04128E-06  3.32782E-01  2.58211E-01  2.09157E+00 -3.85148E+01  2.32812E+01 -1.03128E+01  1.17058E+04  7.94815E+03  9.25120E+03  7.81645E+02  6.06300E+02  1.86698E+03  0.00000E+00  1.89686E-04  7.36094E-05
       3       1       4  2.86832E-04  1.93358E-04  2.86832E-06  5.55789E-01  4.24633E-01  3.61233E+00 -6.07501E+01  4.05038E+01 -8.13329E+00  2.85482E+04  2.01571E+04  1.01359E+04 -7.31770E+03  5.65656E+02  2.49749E+02  0.00000E+00  1.86902E-04  6.45577E-06
       3       1       5  2.61760E-04  3.51108E-04  2.61760E-06  8.27180E-01  6.31561E-01  5.19045E+00 -4.12702E+01  2.85410E+01  2.78771E+00  1.30320E+04  8.57714E+03  9.46843E+03 -4.16213E+03  1.04248E+02  5.62707E+01  0.00000E+00  3.43145E-04  7.96311E-06
       3       1       6  2.09509E-04  1.77063E-04  2.09509E-06  1.01847E+00  7.83019E-01  6.40914E+00 -3.00976E+01  2.21819E+01 -1.86730E+00  7.43351E+03  5.15328E+03  6.80775E+03 -2.61878E+03  4.76902E+02  5.62063E+02  0.00000E+00  1.65757E-04  1.13057E-05
       3       1       7  2.13522E-04  2.38018E-04  2.13522E-06  1.84531E+00  1.41140E+00  1.23439E+01  1.14948E+02 -8.03425E+01 -7.54378E+00  2.07937E+04  1.38595E+04  1.08001E+04 -5.87019E+03  6.59162E+02  1.10715E+03  0.00000E+00  2.08166E-04  2.98527E-05
       3       1       8  3.57882E-04  4.27152E-04  3.57882E-06  2.70133E+00  2.05472E+00  1.78527E+01  7.69743E+01 -5.19816E+01 -8.77072E+00  9.44456E+03  5.81280E+03  9.19250E+03 -2.82038E+03  4.42124E+02  2.22222E+02  0.00000E+00  3.59687E-04  6.74652E-05
       3       1       9  3.72855E-04  3.95251E-04  3.72855E-06  3.18091E+00  2.42105E+00  2.37607E+01  3.65682E+01 -2.36131E+01  5.93291E-01  3.40215E+03  2.17235E+03  4.56734E+03 -9.72711E+02  1.62501E+02  3.87798E+02  0.00000E+00  2.10678E-04  1.84572E-04
       3       1      10  1.69423E-04  1.79340E-04  1.69423E-06  1.11548E+01  8.39528E+00  7.29231E+01  2.15328E+01 -1.39072E+01 -4.67958E+00  1.48299E+03  8.42355E+02  1.69932E+04  4.27531E+01  6.40898E+02  9.27595E+02  0.00000E+00  1.19566E-04  5.97740E-05
       3       2       1  1.25512E-03  1.06950E-03  1.25512E-05  1.58887E-01  1.22738E-01  4.75139E-01 -4.20349E+01  5.71754E+01 -7.05045E-01  1.86015E+04  1.53431E+04  2.53905E+04  5.79929E+03  1.59257E+03  2.09154E+03  0.00000E+00  8.91043E-04  1.78457E-04
       3       2       2  3.60853E-04  2.87380E-04  3.60853E-06  4.58877E-01  3.55158E-01  1.39226E+00 -2.19845E+01  3.42755E+01 -7.95535E-01  2.02142E+04  1.58341E+04  2.96334E+04  1.23706E+04  2.56059E+03  3.02240E+03  0.00000E+00  2.32616E-04  5.47643E-05
       3       2       3  6.20436E-04  3.48702E-04  6.20436E-06  6.41975E-01  4.97789E-01  2.04267E+00 -4.95653E+00  1.17765E+01 -4.53661E+00  1.15704E+04  7.25883E+03  2.03472E+04  7.57735E+03  2.11436E+03  2.80015E+03  0.00000E+00  2.29906E-04  1.18797E-04
       3       2       4  8.94670E-04  3.60234E-04  8.94670E-06  1.09329E+00  8.43724E-01  3.28216E+00 -8.21241E+00  1.41285E+01 -3.78431E+00  2.14754E+04  1.70925E+04  2.93796E+04  1.12327E+04  2.00083E+03  3.01176E+03  0.00000E+00  3.20756E-04  3.94783E-05
       3       2       5  8.32551E-04  6.73245E-04  8.32551E-06  1.62092E+00  1.24937E+00  4.84099E+00 -1.02773E+01  1.32156E+01 -5.79797E+00  9.58873E+03  7.96246E+03  1.82660E+04  5.35120E+03  2.01227E+03  2.70645E+03  0.00000E+00  6.03193E-04  7.00515E-05
       3       2       6  7.01264E-04  6.86705E-04  7.01264E-06  2.37971E+00  1.78030E+00  6.51291E+00 -4.04270E+00  4.13654E-01 -4.80221E+00  3.67295E+03  2.69889E+03  1.08067E+04  2.08727E+03  1.98920E+03  2.48864E+03  0.00000E+00  5.31048E-04  1.55657E-04
       3       2       7  6.91464E-04  4.26956E-04  6.91464E-06  3.75371E+00  2.88391E+00  1.12619E+01  3.55838E+01 -4.42823E+01 -9.59785E+00  1.42063E+04  1.26824E+04  2.18726E+04  6.37627E+03  3.59008E+03  4.74046E+03  0.00000E+00  2.69933E-04  1.57023E-04
       3       2       8  1.14201E-03  8.49953E-04  1.14201E-05  5.60209E+00  4.35663E+00  1.66362E+01  1.97685E+01 -2.80009E+01 -1.10690E+01  6.49249E+03  5.34424E+03  1.28395E+04  3.79353E+03  2.45827E+03  2.92504E+03  0.00000E+00  5.09033E-04  3.40920E-04
       3       2       9  1.27109E-03  9.33737E-04  1.27109E-05  8.00117E+00  6.05785E+00  2.25293E+01  4.46374E+00 -1.26109E+01 -1.12222E+01  1.94705E+03  1.65814E+03  4.96102E+03  1.16943E+03  8.94057E+02  1.16168E+03  0.00000E+00  2.66962E-04  6.66775E-04
       3       2      10  5.82135E-04  3.83759E-04  5.82135E-06  2.19089E+01  1.69440E+01  7.06512E+01  2.19204E+00 -8.02366E+00 -4.37803E+00  1.91999E+03  1.35378E+03  1.45394E+04  1.41596E+03  2.15896E+03  2.80070E+03  0.00000E+00  1.48634E-04  2.35125E-04
       3       3       1  2.10507E-03  2.01704E-03  2.10507E-05  2.95287E-01  2.27809E-01  5.00757E-01 -2.55583E+01  3.38343E+01 -2.68627E-01  1.23080E+04  9.90348E+03  1.77275E+04  4.16491E+03  6.54683E+02  8.72443E+02  0.00000E+00  1.89097E-03  1.26077E-04
       3       3       2  6.17579E-04  6.38266E-04  6.17579E-06  7.25625E-01  5.56748E-01  1.21587E+00 -2.79140E+01  3.85768E+01 -1.13636E+00  1.67229E+04  1.24005E+04  2.51761E+04  9.31472E+03  1.82496E+03  2.62250E+03  0.00000E+00  5.53445E-04  8.48212E-05
       3       3       3  1.05183E-03  1.03552E-03  1.05183E-05  1.05760E+00  8.17048E-01  1.77802E+00 -1.55494E+01  2.06495E+01  2.77562E+00  7.92234E+03  5.29114E+03  1.15523E+04  4.01664E+03  2.16412E+03  2.40620E+03  0.00000E+00  7.81278E-04  2.54238E-04
       3       3       4  1.59248E-03  1.04338E-03  1.59248E-05  1.64548E+00  1.26744E+00  2.74155E+00  8.29638E+01 -1.00659E+02 -1.64306E+00  2.68492E+04  2.98104E+04  1.99510E+04 -6.62188E+03  2.91029E+03  3.08589E+03  0.00000E+00  8.96056E-04  1.47325E-04
       3       3       5  1.54460E-03  1.41201E-03  1.54460E-05  2.59363E+00  2.00403E+00  4.11007E+00  3.33396E+01 -3.13358E+01 -1.06615E+00  1.16918E+04  9.66440E+03  1.51878E+04  3.40416E+03  2.38739E+03  2.99635E+03  0.00000E+00  1.23590E-03  1.76107E-04
       3       3       6  1.43863E-03  1.84547E-03  1.43863E-05  3.35290E+00  2.57126E+00  5.69124E+00  2.76146E+01 -3.03671E+01 -4.88966E+00  4.66102E+03  4.66434E+03  8.70731E+03  9.57811E+01  2.23102E+03  2.79257E+03  0.00000E+00  1.52953E-03  3.15936E-04
       3       3       7  1.38819E-03  1.20128E-03  1.38819E-05  5.78191E+00  4.45722E+00  9.79562E+00  5.73556E+01 -7.83691E+01 -6.10152E+00  1.51771E+04  1.58063E+04  1.89548E+04 -1.65442E+03  4.25084E+03  5.31258E+03  0.00000E+00  8.27237E-04  3.74040E-04
       3       3       8  2.12539E-03  2.24973E-03  2.12539E-05  8.62683E+00  6.62212E+00  1.44829E+01  3.12102E+01 -4.96492E+01 -6.81671E+00  7.55617E+03  7.32746E+03  1.08006E+04  4.19544E+02  2.40491E+03  3.19605E+03  0.00000E+00  1.42927E-03  8.20459E-04
       3       3       9  2.69762E-03  3.16783E-03  2.69762E-05  1.20862E+01  9.23924E+00  1.99043E+01  1.05482E+01 -1.77327E+01 -2.54304E+00  2.62793E+03  2.18361E+03  4.19345E+03  4.57412E+02  1.00167E+03  1.13621E+03  0.00000E+00  9.42842E-04  2.22499E-03
       3       3      10  1.39355E-03  1.18217E-03  1.39355E-05  3.34091E+01  2.58048E+01  5.70474E+01  1.91528E+01 -3.38911E+01  1.35388E+01  5.55728E+03  4.52110E+03  1.24854E+04  2.95300E+03  3.98204E+02  1.34275E+03  0.00000E+00  1.03745E-03  1.44721E-04
       3       4       1  2.92167E-03  2.99055E-03  2.92167E-05  4.03962E-01  3.10175E-01  3.56574E-01 -2.98938E+01  3.56688E+01 -3.02586E-01  1.56459E+04  1.81468E+04  1.11897E+04 -5.80503E+03 -4.99665E+01  1.32824E+02  0.00000E+00  2.88861E-03  1.01945E-04
       3       4       2  8.82939E-04  9.03489E-04  8.82939E-06  9.88386E-01  7.52938E-01  8.51841E-01  5.76600E+00 -5.65008E+00  1.40772E-01  1.92987E+04  1.94230E+04  1.30014E+04 -5.44095E+02  1.05520E+03  1.57701E+03  0.00000E+00  8.20890E-04  8.25990E-05
       3       4       3  1.47829E-03  1.52059E-03  1.47829E-05  1.39277E+00  1.07263E+00  1.26647E+00  9.41501E+00 -1.01915E+01  6.38134E-01  1.00102E+04  1.14789E+04  7.05992E+03 -3.01252E+03 -5.84760E+02  1.34288E+03  0.00000E+00  1.37917E-03  1.41412E-04
       3       4       4  2.38182E-03  1.79985E-03  2.38182E-05  2.21885E+00  1.70047E+00  2.03490E+00  6.18823E+01 -8.95813E+01 -1.31273E+00  2.87260E+04  3.69557E+04  1.40815E+04 -1.25236E+04  1.20708E+03  1.08087E+03  0.00000E+00  1.71322E-03  8.66311E-05
       3       4       5  2.45617E-03  3.21964E-03  2.45617E-05  3.39420E+00  2.59672E+00  2.99739E+00  3.60230E+01 -5.27883E+01  3.63885E+00  1.70536E+04  1.65574E+04  9.39528E+03  7.13945E+02  8.06418E+02  1.39972E+03  0.00000E+00  3.01873E-03  2.00905E-04
       3       4       6  2.61055E-03  2.46071E-03  2.61055E-05  4.66147E+00  3.58663E+00  4.03187E+00  2.56784E+01 -2.14817E+01  6.52811E+00  9.66291E+03  8.03383E+03  5.17749E+03  8.12559E+02  1.37159E+03  1.83748E+03  0.00000E+00  2.05288E-03  4.07825E-04
       3       4       7  2.70766E-03  2.34203E-03  2.70766E-05  7.81602E+00  5.98738E+00  6.83537E+00  8.55229E+01 -1.12294E+02  3.77284E+00  2.07151E+04  2.51797E+04  1.38473E+04 -6.33339E+03  1.78824E+03  2.50421E+03  0.00000E+00  2.05159E-03  2.90436E-04
       3       4       8  3.45358E-03  4.29781E-03  3.45358E-05  1.17705E+01  9.08830E+00  1.02853E+01  4.72757E+01 -5.82554E+01  5.81537E+00  1.08839E+04  1.03407E+04  8.31703E+03  1.69277E+03  9.73284E+02  1.49816E+03  0.00000E+00  3.63322E-03  6.64592E-04
       3       4       9  5.09304E-03  6.33944E-03  5.09304E-05  1.65412E+01  1.26691E+01  1.42171E+01  2.99812E+01 -2.91804E+01  2.58220E+00  4.70754E+03  3.78746E+03  2.91034E+03  1.08191E+03  2.39861E+02  3.46463E+02  0.00000E+00  5.05734E-03  1.28210E-03
       3       4      10  3.69543E-03  4.68390E-03  3.69543E-05  4.91192E+01  3.77412E+01  4.11324E+01  2.57501E+01 -3.41374E+01  2.94169E+00  8.18489E+03  5.70017E+03  5.83829E+03  4.51814E+03  2.04669E+02  4.15092E+02  0.00000E+00  4.47721E-03  2.06690E-04
       3       5       1  3.59901E-03  3.13081E-03  3.59901E-05  4.40488E-01  3.38938E-01  2.37282E-01 -2.71757E+01  3.72232E+01  1.63512E+00  1.33278E+04  1.69071E+04  1.43119E+04 -6.16616E+03 -5.42784E+02 -4.43903E+01  0.00000E+00  3.04120E-03  8.96094E-05
       3       5       2  1.12274E-03  1.18392E-03  1.12274E-05  1.10614E+00  8.44095E-01  5.95644E-01  4.08396E+00 -1.25426E+01  4.51306E+00  2.10030E+04  1.92687E+04  1.40283E+04  2.52609E+03 -9.85175E+02  6.21984E+02  0.00000E+00  1.13152E-03  5.23939E-05
       3       5       3  1.84128E-03  1.62235E-03  1.84128E-05  1.54352E+00  1.18928E+00  8.19003E-01  2.64570E+01 -3.39742E+01  4.56911E+00  1.51239E+04  1.76084E+04  9.13348E+03 -2.77226E+03 -1.13258E+02  8.51759E+02  0.00000E+00  1.44996E-03  1.72392E-04
       3       5       4  3.14617E-03  1.82075E-03  3.14617E-05  2.52433E+00  1.93704E+00  1.33441E+00  5.06652E+01 -6.62739E+01  7.36934E+00  2.37138E+04  2.56230E+04  2.30742E+04 -6.55848E+03 -5.04287E+02  8.31447E+02  0.00000E+00  1.78300E-03  3.77466E-05
       3       5       5  3.46566E-03  3.50411E-03  3.46566E-05  3.82647E+00  2.94851E+00  2.07820E+00  3.27633E+01 -4.63311E+01  5.27940E+00  1.59374E+04  1.54273E+04  1.14322E+04  1.88540E+03 -1.22428E+02  5.16258E+02  0.00000E+00  3.39626E-03  1.07849E-04
       3       5       6  4.17037E-03  4.38137E-03  4.17037E-05  5.28459E+00  4.09822E+00  2.84467E+00  2.47417E+01 -4.05778E+01  4.81649E+00  1.24221E+04  1.08967E+04  6.49383E+03  3.50671E+03  6.15783E+02  1.33006E+03  0.00000E+00  4.00134E-03  3.80028E-04
       3       5       7  5.15580E-03  3.25210E-03  5.15580E-05  8.68837E+00  6.68503E+00  4.61571E+00  6.12746E+01 -7.65933E+01 -5.32328E-01  2.17706E+04  1.89186E+04  1.40570E+04  4.83869E+03  1.23230E+03  1.29005E+03  0.00000E+00  2.77870E-03  4.73399E-04
       3       5       8  5.46045E-03  5.68867E-03  5.46045E-05  1.31934E+01  1.01335E+01  6.97835E+00  4.02377E+01 -4.96358E+01 -7.86175E-01  1.22793E+04  9.95938E+03  7.09454E+03  4.25958E+03  9.49830E+02  1.24277E+03  0.00000E+00  4.74431E-03  9.44364E-04
       3       5       9  8.42208E-03  9.44116E-03  8.42208E-05  1.85800E+01  1.44294E+01  9.78265E+00  2.16296E+01 -2.66609E+01 -5.23061E-01  4.61097E+03  3.62456E+03  2.24039E+03  1.79893E+03  2.25295E+02  2.61364E+02  0.00000E+00  7.13561E-03  2.30555E-03
       3       5      10  9.81814E-03  5.50577E-03  9.81814E-05  5.40857E+01  4.15428E+01  2.95299E+01  2.21201E+01 -3.44032E+01  5.39397E-02  9.51403E+03  6.59502E+03  3.61649E+03  5.89775E+03  3.28272E+02  3.41846E+02  0.00000E+00  5.40496E-03  1.00801E-04
       3       6       1  3.99242E-03  3.81572E-03  3.99242E-05  4.80187E-01  3.68956E-01  8.03356E-02  2.28348E+01 -3.05431E+01  5.72020E-01  1.31264E+04  1.81332E+04  1.37810E+04 -8.92944E+03 -2.80372E+02 -1.17739E+02  0.00000E+00  3.73491E-03  8.08122E-05
       3       6       2  1.27207E-03  1.31788E-03  1.27207E-05  1.19009E+00  9.16643E-01  2.00652E-01  4.90887E+01 -6.71523E+01  2.76577E+00  1.89228E+04  2.12651E+04  1.13417E+04 -3.61711E+03 -6.49890E+02 -9.20222E+01  0.00000E+00  1.25572E-03  6.21602E-05
       3       6       3  2.05593E-03  2.04783E-03  2.05593E-05  1.64883E+00  1.27899E+00  2.70586E-01  4.18800E+01 -5.20052E+01  1.63859E+00  1.46724E+04  1.67246E+04  8.52884E+03 -2.84851E+03 -5.64156E+02 -6.76521E+02  0.00000E+00  1.87189E-03  1.75942E-04
       3       6       4  3.64109E-03  3.00539E-03  3.64109E-05  2.70865E+00  2.08264E+00  4.59409E-01  5.72190E+01 -7.15574E+01  1.49110E+00  2.60736E+04  3.12937E+04  1.75420E+04 -9.99940E+03  1.98554E+02  3.01234E+02  0.00000E+00  2.84464E-03  1.60751E-04
       3       6       5  4.19115E-03  4.57950E-03  4.19115E-05  4.12439E+00  3.16664E+00  6.91635E-01  3.61698E+01 -4.46828E+01  3.06696E+00  1.80122E+04  1.81159E+04  7.88385E+03 -5.08426E+01  2.83264E+02  8.15145E+02  0.00000E+00  4.34008E-03  2.39416E-04
       3       6       6  5.43219E-03  6.14839E-03  5.43219E-05  5.65316E+00  4.35136E+00  9.40399E-01  3.81817E+01 -5.00543E+01  4.19633E-01  1.32890E+04  1.44188E+04  5.12405E+03 -1.19167E+03  4.15224E+02  4.81975E+02  0.00000E+00  5.84666E-03  3.01724E-04
       3       6       7  7.79817E-03  5.13704E-03  7.79817E-05  9.33360E+00  7.18248E+00  1.60139E+00  8.84971E+01 -1.16847E+02  9.94693E-01  2.66802E+04  2.86201E+04  9.26960E+03 -2.93479E+03  4.33435E+02  5.39996E+02  0.00000E+00  4.60935E-03  5.27690E-04
       3       6       8  7.90402E-03  9.03386E-03  7.90402E-05  1.41566E+01  1.08909E+01  2.39734E+00  5.20839E+01 -6.81277E+01  1.34884E+00  1.68897E+04  1.44917E+04  4.27716E+03  4.29716E+03  1.02246E+02  2.20882E+02  0.00000E+00  7.90761E-03  1.12626E-03
       3       6       9  1.12722E-02  1.54954E-02  1.12722E-04  2.01158E+01  1.55169E+01  3.47399E+00  2.68291E+01 -3.61267E+01 -8.41650E-01  7.84868E+03  6.16032E+03  1.48653E+03  3.03770E+03  1.55001E+02  2.05608E+02  0.00000E+00  1.22332E-02  3.26228E-03
       3       6      10  1.86374E-02  2.26394E-02  1.86374E-04  5.91126E+01  4.53916E+01  9.45686E+00  2.65522E+01 -3.63392E+01  5.98327E-01  1.10020E+04  7.50645E+03  7.13918E+02  6.65426E+03 -8.17790E+00  2.83138E+01  0.00000E+00  2.24947E-02  1.44724E-04
       4       1       1  4.15484E-04  4.34702E-04  4.15484E-06  6.45907E-02  8.32177E-02  5.51329E-01 -7.90082E+01  5.43938E+01  2.90966E+00  1.98976E+04  1.89597E+04  2.04147E+04 -2.57051E+03  4.23745E+02  8.17089E+02  0.00000E+00  3.55757E-04  7.89454E-05
       4       1       2  1.18310E-04  1.17802E-04  1.18310E-06  1.59909E-01  2.07553E-01  1.44298E+00 -1.10895E+02  4.57156E+01 -1.44691E+01  2.22113E+04  1.51439E+04  2.50795E+04 -3.54246E+03 -1.74156E+03  3.64060E+03  0.00000E+00  1.05317E-04  1.24850E-05
       4       1       3  2.04120E-04  2.06710E-04  2.04120E-06  2.30071E-01  2.98575E-01  2.09128E+00 -5.41263E+01  1.91934E+01 -7.61065E+00  1.23240E+04  1.31374E+04  7.99927E+03  1.90488E+03 -8.51286E+02  1.24164E+03  0.00000E+00  1.79221E-04  2.74889E-05
       4       1       4  2.86813E-04  1.89135E-04  2.86813E-06  4.17591E-01  5.39024E-01  3.62104E+00 -6.80553E+01  2.84787E+01  3.00114E+00  3.13070E+04  1.66253E+04  1.07717E+04 -5.53457E+03  5.64786E+02  6.75638E+02  0.00000E+00  1.82503E-04  6.63206E-06
       4       1       5  2.61743E-04  3.61572E-04  2.61743E-06  6.12407E-01  7.92696E-01  5.18202E+00 -4.49639E+01  1.63145E+01 -2.34574E+00  1.37434E+04  6.79615E+03  1.10926E+04 -3.04050E+03  3.12710E+02 -1.47037E+02  0.00000E+00  3.50807E-04  1.07652E-05
       4       1       6  2.09494E-04  1.88794E-04  2.09494E-06  7.62922E-01  1.00568E+00  6.51692E+00 -3.18869E+01  1.10837E+01  3.44903E+00  7.64730E+03  3.75408E+03  7.48229E+03 -1.76222E+03  2.52165E+02  4.79801E+02  0.00000E+00  1.74682E-04  1.41114E-05
       4       1       7  2.13511E-04  2.14393E-04  2.13511E-06  1.35673E+00  1.76820E+00  1.23394E+01  1.35909E+02 -5.89421E+01 -1.91491E+00  2.37954E+04  1.23167E+04  9.34399E+03 -4.96952E+03  5.03093E+02  3.01896E+02  0.00000E+00  1.94050E-04  2.03438E-05
       4       1       8  3.57865E-04  4.04977E-04  3.57865E-06  1.97523E+00  2.57909E+00  1.79446E+01  8.71501E+01 -3.61395E+01  3.82289E-01  1.02567E+04  4.93651E+03  8.64315E+03 -2.10952E+03  1.42574E+02  3.08581E+02  0.00000E+00  3.48806E-04  5.61706E-05
       4       1       9  3.72824E-04  2.94627E-04  3.72824E-06  2.48764E+00  3.21890E+00  2.33761E+01  5.04491E+01 -2.05226E+01  4.67074E-02  4.54203E+03  2.18004E+03  4.44834E+03 -9.82570E+02  3.39717E+02  1.96338E+02  0.00000E+00  1.88561E-04  1.06067E-04
       4       1      10  1.69410E-04  1.74225E-04  1.69410E-06  7.90353E+00  1.00863E+01  7.52583E+01  2.28290E+01 -8.09954E+00  1.90598E+00  1.23263E+03  8.19115E+02  1.53722E+04  6.15674E+01  7.44263E+02  6.26501E+02  0.00000E+00  1.07189E-04  6.70356E-05
       4       2       1  1.25484E-03  1.10034E-03  1.25484E-05  1.20984E-01  1.56262E-01  4.60200E-01 -5.59744E+01  4.83727E+01  8.26782E-01  1.62604E+04  1.78207E+04  2.43464E+04  5.57594E+03  8.10697E+02  8.20677E+02  0.00000E+00  9.37933E-04  1.62407E-04
       4       2       2  3.60753E-04  2.44905E-04  3.60753E-06  3.59720E-01  4.61885E-01  1.38650E+00 -3.25179E+01  2.10498E+01  5.58186E+00  1.70050E+04  2.25805E+04  3.37465E+04  1.33455E+04 -6.05306E+01  1.54318E+03  0.00000E+00  2.11301E-04  3.36033E-05
       4       2       3  6.20310E-04  2.94674E-04  6.20310E-06  5.25423E-01  6.52057E-01  2.01598E+00 -1.12782E+01  9.01604E+00 -9.83634E+00  1.26632E+04  1.71963E+04  2.52649E+04  1.27755E+04  4.41327E+03  4.15640E+03  0.00000E+00  2.10593E-04  8.40810E-05
       4       2       4  8.94373E-04  3.33827E-04  8.94373E-06  8.58223E-01  1.10265E+00  3.25760E+00 -1.77148E+01 -1.93220E+00  8.22602E+00  1.56488E+04  2.36917E+04  3.17771E+04  1.02654E+04  4.80293E+03  3.00746E+03  0.00000E+00  2.86948E-04  4.68799E-05
       4       2       5  8.32271E-04  6.82913E-04  8.32271E-06  1.28066E+00  1.67540E+00  4.83444E+00 -1.40609E+01  5.85923E+00 -2.11646E-01  6.37045E+03  9.92765E+03  1.77700E+04  4.72654E+03  1.99122E+03  1.67657E+03  0.00000E+00  6.42742E-04  4.01706E-05
       4       2       6  7.00992E-04  8.42147E-04  7.00992E-06  1.73071E+00  2.32207E+00  6.66385E+00 -9.17332E-01 -2.04847E-01 -1.10467E+00  2.03228E+03  3.19218E+03  1.12910E+04  1.68721E+03  2.92587E+03  1.98620E+03  0.00000E+00  7.33933E-04  1.08213E-04
       4       2       7  6.91252E-04  4.52372E-04  6.91252E-06  2.92162E+00  3.89818E+00  1.11255E+01  4.06151E+01 -3.18716E+01 -2.36560E+01  1.05469E+04  1.43166E+04  2.40386E+04  4.97943E+03  6.90159E+03  4.38004E+03  0.00000E+00  2.41225E-04  2.11147E-04
       4       2       8  1.14174E-03  9.04322E-04  1.14174E-05  4.29801E+00  5.71260E+00  1.66781E+01  2.09513E+01 -1.99760E+01 -1.20502E+01  3.87639E+03  6.34745E+03  1.38589E+04  2.97470E+03  3.29941E+03  2.46326E+03  0.00000E+00  4.41371E-04  4.62951E-04
       4       2       9  1.27054E-03  1.25640E-03  1.27054E-05  6.03404E+00  7.74187E+00  2.29032E+01  6.68533E+00 -5.45008E+00 -4.39550E+00  1.04353E+03  1.52677E+03  4.45522E+03  7.89327E+02  1.24899E+03  8.89626E+02  0.00000E+00  2.32552E-04  1.02385E-03
       4       2      10  5.81833E-04  2.30033E-04  5.81833E-06  1.73387E+01  2.26363E+01  6.91245E+01  1.04560E+01 -7.00957E+00  2.19089E+00  1.42703E+03  2.54426E+03  1.47732E+04  1.57460E+03  2.27218E+03  1.75245E+03  0.00000E+00  1.33192E-04  9.68409E-05
       4       3       1  2.10394E-03  2.09289E-03  2.10394E-05  2.24448E-01  2.92650E-01  4.97696E-01 -3.27166E+01  2.35355E+01  8.84306E-01  1.02130E+04  1.13719E+04  1.70486E+04  4.22277E+03  4.73305E+02  5.26665E+02  0.00000E+00  1.96439E-03  1.28495E-04
       4       3       2  6.17135E-04  5.95344E-04  6.17135E-06  5.56276E-01  7.26343E-01  1.21965E+00 -4.10729E+01  3.13582E+01  1.54721E+00  1.21738E+04  1.72264E+04  2.40606E+04  8.84631E+03  1.87020E+03  1.20068E+03  0.00000E+00  5.35674E-04  5.96706E-05
       4       3       3  1.05131E-03  9.72936E-04  1.05131E-05  8.18355E-01  1.04777E+00  1.78195E+00 -2.68276E+01  1.21823E+01  2.90538E+00  5.97003E+03  7.84234E+03  1.13897E+04  4.71259E+03  2.15048E+03  1.79143E+03  0.00000E+00  7.90033E-04  1.82903E-04
       4       3       4  1.59114E-03  1.00314E-03  1.59114E-05  1.26742E+00  1.63722E+00  2.73473E+00  1.12945E+02 -8.76455E+01  2.03027E-01  3.20813E+04  2.75638E+04  1.82342E+04 -8.98094E+03  2.56561E+03  2.06217E+03  0.00000E+00  9.21866E-04  8.12781E-05
       4       3       5  1.54318E-03  1.15246E-03  1.54318E-05  1.98604E+00  2.59279E+00  4.09634E+00  3.87862E+01 -3.22239E+01  1.08167E+00  1.07615E+04  1.27402E+04  1.53469E+04  3.32863E+03  3.28542E+03  2.27507E+03  0.00000E+00  1.04355E-03  1.08912E-04
       4       3       6  1.43712E-03  1.54187E-03  1.43712E-05  2.55754E+00  3.39020E+00  5.60702E+00  3.90938E+01 -2.89573E+01 -2.47164E+00  5.19563E+03  5.13075E+03  9.01697E+03 -2.85992E+02  2.94410E+03  2.24806E+03  0.00000E+00  1.36207E-03  1.79800E-04
       4       3       7  1.38670E-03  1.12728E-03  1.38670E-05  4.43899E+00  5.78668E+00  9.79854E+00  7.73890E+01 -6.54354E+01 -3.82624E+00  1.59744E+04  1.46202E+04  1.85647E+04 -2.52653E+03  5.14677E+03  3.96507E+03  0.00000E+00  7.71567E-04  3.55714E-04
       4       3       8  2.12405E-03  2.26453E-03  2.12405E-05  6.62404E+00  8.57951E+00  1.45027E+01  4.88782E+01 -3.86882E+01 -1.18193E+00  7.60346E+03  7.56597E+03  1.15408E+04  2.05326E+02  3.06020E+03  2.37408E+03  0.00000E+00  1.44021E-03  8.24319E-04
       4       3       9  2.69451E-03  3.02024E-03  2.69451E-05  9.13797E+00  1.16398E+01  2.01677E+01  1.67238E+01 -1.26969E+01  2.18812E+00  2.14914E+03  2.14528E+03  3.88322E+03  2.13603E+02  1.01974E+03  9.26257E+02  0.00000E+00  8.74653E-04  2.14558E-03
       4       3      10  1.39085E-03  1.46753E-03  1.39085E-05  2.92853E+01  3.84472E+01  6.27989E+01  2.46038E+01 -2.09671E+01 -1.04696E+01  2.62592E+03  3.67710E+03  8.53822E+03  1.68090E+03  8.50057E+02  1.91887E+02  0.00000E+00  1.33285E-03  1.34681E-04
       4       4       1  2.91895E-03  3.02399E-03  2.91895E-05  3.09726E-01  4.03713E-01  3.56673E-01 -3.54102E+01  2.82240E+01  1.14031E-01  1.81373E+04  1.52989E+04  1.10933E+04 -5.65358E+03  3.36365E+02  3.83270E+02  0.00000E+00  2.91924E-03  1.04752E-04
       4       4       2  8.81757E-04  9.03243E-04  8.81757E-06  7.61789E-01  9.94457E-01  8.56080E-01  7.25743E+00 -2.60290E+00  2.80000E+00  1.97585E+04  1.84904E+04  1.26924E+04 -6.08468E+02  4.15101E+02  5.30041E+02  0.00000E+00  8.28753E-04  7.44900E-05
       4       4       3  1.47703E-03  1.51772E-03  1.47703E-05  1.07418E+00  1.40235E+00  1.27286E+00  1.33034E+01 -5.42488E+00 -3.74983E+00  1.12763E+04  9.42310E+03  7.09504E+03 -3.47884E+03  1.30584E+03  8.76168E+01  0.00000E+00  1.36402E-03  1.53695E-04
       4       4       4  2.37824E-03  1.75798E-03  2.37824E-05  1.71705E+00  2.22710E+00  2.03706E+00  8.35013E+01 -6.63142E+01  1.10816E+00  3.70145E+04  2.89543E+04  1.37799E+04 -1.21000E+04  6.40194E+02  9.62083E+02  0.00000E+00  1.66702E-03  9.09644E-05
       4       4       5  2.45173E-03  3.20900E-03  2.45173E-05  2.59661E+00  3.38835E+00  3.01467E+00  5.05166E+01 -4.39557E+01 -1.83604E+00  1.61620E+04  1.71691E+04  8.85982E+03  1.19444E+02  1.07897E+03  7.60868E+02  0.00000E+00  3.05869E-03  1.50310E-04
       4       4       6  2.60536E-03  2.41765E-03  2.60536E-05  3.54225E+00  4.69681E+00  3.98579E+00  2.31165E+01 -2.50096E+01  6.64017E-01  8.67957E+03  9.60434E+03  5.51995E+03  1.20196E+03  1.21618E+03  1.21094E+03  0.00000E+00  2.21472E-03  2.02932E-04
       4       4       7  2.70030E-03  2.31588E-03  2.70030E-05  5.99089E+00  7.81374E+00  6.86049E+00  1.16172E+02 -7.94613E+01 -1.00422E+00  2.46856E+04  2.05402E+04  1.37253E+04 -6.19324E+03  2.24862E+03  1.40277E+03  0.00000E+00  2.04163E-03  2.74253E-04
       4       4       8  3.44853E-03  4.19789E-03  3.44853E-05  9.06962E+00  1.18516E+01  1.02411E+01  6.50245E+01 -4.46914E+01 -1.13629E+00  1.09050E+04  1.13470E+04  7.79921E+03  1.68648E+03  1.30914E+03  8.54802E+02  0.00000E+00  3.68171E-03  5.16178E-04
       4       4       9  5.08221E-03  6.05960E-03  5.08221E-05  1.26122E+01  1.66327E+01  1.40971E+01  3.24264E+01 -2.84917E+01  1.57658E+00  3.85896E+03  4.51827E+03  3.12812E+03  9.11440E+02  3.88451E+02  3.44255E+02  0.00000E+00  4.98267E-03  1.07693E-03
       4       4      10  3.67799E-03  4.80057E-03  3.67799E-05  3.84532E+01  5.00451E+01  4.21854E+01  3.44691E+01 -2.44513E+01 -3.65664E+00  5.68785E+03  7.93334E+03  4.51643E+03  4.54000E+03  2.08412E+02 -1.78890E+01  0.00000E+00  4.74485E-03  5.57252E-05
       4       5       1  3.59438E-03  3.10762E-03  3.59438E-05  3.37704E-01  4.40493E-01  2.37602E-01 -3.61567E+01  2.93134E+01  8.18818E-01  1.67548E+04  1.32422E+04  1.38639E+04 -6.24241E+03  1.20842E+02  2.79015E+02  0.00000E+00  3.01721E-03  9.04147E-05
       4       5       2  1.12052E-03  1.15864E-03  1.12052E-05  8.50057E-01  1.10094E+00  5.96033E-01  9.66503E+00 -9.87002E+00  5.86540E+00  1.92065E+04  2.02851E+04  1.32583E+04  1.82221E+03 -1.40589E+03  8.21790E+02  0.00000E+00  1.11517E-03  4.34669E-05
       4       5       3  1.83910E-03  1.59391E-03  1.83910E-05  1.18244E+00  1.54311E+00  8.21194E-01  3.34695E+01 -2.72891E+01  3.17379E+00  1.69655E+04  1.56053E+04  8.85978E+03 -3.13028E+03 -1.03063E+03 -6.47549E+02  0.00000E+00  1.43860E-03  1.55315E-04
       4       5       4  3.13944E-03  1.77822E-03  3.13944E-05  1.93459E+00  2.52422E+00  1.33248E+00  7.20535E+01 -4.81071E+01  6.13276E+00  2.70980E+04  2.21741E+04  2.27466E+04 -6.63992E+03 -5.65208E+02  1.20147E+02  0.00000E+00  1.75707E-03  2.11575E-05
       4       5       5  3.45602E-03  3.32167E-03  3.45602E-05  2.93850E+00  3.82939E+00  2.08422E+00  4.49033E+01 -3.47150E+01  1.59806E+00  1.59215E+04  1.64005E+04  1.11033E+04  1.83679E+03 -1.25689E+02  4.85497E+02  0.00000E+00  3.22558E-03  9.60902E-05
       4       5       6  4.15808E-03  4.15004E-03  4.15808E-05  4.06809E+00  5.28230E+00  2.84325E+00  3.75978E+01 -2.71027E+01  7.99631E+00  1.07104E+04  1.23955E+04  6.17843E+03  3.89552E+03  5.51937E+02  5.30779E+02  0.00000E+00  3.93461E-03  2.15424E-04
       4       5       7  5.13083E-03  3.13902E-03  5.13083E-05  6.63862E+00  8.70577E+00  4.59977E+00  8.14157E+01 -6.51369E+01  2.38777E+00  1.95592E+04  2.18281E+04  1.41146E+04  3.90025E+03  1.00825E+03  9.75959E+02  0.00000E+00  2.74687E-03  3.92149E-04
       4       5       8  5.44041E-03  5.49387E-03  5.44041E-05  1.00737E+01  1.32037E+01  7.04442E+00  5.32960E+01 -3.95727E+01  3.80441E+00  9.97667E+03  1.24807E+04  7.21220E+03  4.15954E+03  7.65998E+02  7.00931E+02  0.00000E+00  4.72590E-03  7.67973E-04
       4       5       9  8.39572E-03  8.88069E-03  8.39572E-05  1.42114E+01  1.86386E+01  9.92644E+00  2.88608E+01 -2.11211E+01  2.33080E-02  3.54293E+03  4.32656E+03  2.36869E+03  1.57760E+03  2.29724E+02  2.06178E+02  0.00000E+00  7.06875E-03  1.81194E-03
       4       5      10  9.73800E-03  5.86845E-03  9.73800E-05  4.26594E+01  5.58488E+01  3.00196E+01  2.96657E+01 -2.45333E+01 -9.21376E-01  5.88009E+03  9.04689E+03  2.82780E+03  5.41493E+03 -2.78382E+01 -1.45152E+01  0.00000E+00  5.75064E-03  1.17808E-04
       4       6       1  3.98643E-03  3.84881E-03  3.98643E-05  3.68430E-01  4.80053E-01  8.01339E-02  3.03294E+01 -2.29052E+01  1.02298E+00  1.77911E+04  1.30354E+04  1.32664E+04 -9.07372E+03  2.87317E+01  2.52972E+02  0.00000E+00  3.75791E-03  9.09041E-05
       4       6       2  1.26902E-03  1.25907E-03  1.26902E-05  9.09869E-01  1.18905E+00  1.98939E-01  6.79920E+01 -5.33630E+01  2.87404E+00  2.13187E+04  1.89113E+04  1.09277E+04 -4.45936E+03  2.53359E+02  1.01089E+03  0.00000E+00  1.20724E-03  5.18333E-05
       4       6       3  2.05309E-03  1.97436E-03  2.05309E-05  1.26738E+00  1.64467E+00  2.73900E-01  5.31976E+01 -4.44831E+01  8.92989E-01  1.58670E+04  1.37234E+04  8.47494E+03 -4.23454E+03 -5.74880E+02 -1.60733E+02  0.00000E+00  1.84272E-03  1.31641E-04
       4       6       4  3.63186E-03  2.91962E-03  3.63186E-05  2.08527E+00  2.71674E+00  4.63695E-01  7.36771E+01 -5.87572E+01 -5.93282E-01  3.05998E+04  2.54566E+04  1.72191E+04 -1.18000E+04  8.94063E+02  2.95290E+02  0.00000E+00  2.84424E-03  7.53745E-05
       4       6       5  4.17673E-03  4.46184E-03  4.17673E-05  3.15929E+00  4.12592E+00  6.88283E-01  4.86756E+01 -3.33055E+01  2.50205E+00  1.78780E+04  1.77410E+04  7.82292E+03 -7.52031E+02  1.18073E+02  5.02973E+02  0.00000E+00  4.33589E-03  1.25952E-04
       4       6       6  5.41282E-03  6.06384E-03  5.41282E-05  4.33598E+00  5.66423E+00  9.42245E-01  5.32708E+01 -3.90835E+01  4.27163E+00  1.44046E+04  1.36149E+04  5.08504E+03 -1.78871E+03  2.14147E+02  2.07708E+02  0.00000E+00  5.82510E-03  2.38735E-04
       4       6       7  7.74926E-03  5.04959E-03  7.74926E-05  7.13513E+00  9.33501E+00  1.58092E+00  1.19113E+02 -9.23817E+01 -5.98474E-01  2.90839E+04  2.71455E+04  8.87232E+03 -3.58418E+03  8.33374E+02  6.04971E+02  0.00000E+00  4.62368E-03  4.25910E-04
       4       6       8  7.85224E-03  8.84988E-03  7.85224E-05  1.08594E+01  1.41479E+01  2.37299E+00  6.98174E+01 -5.50601E+01 -5.01669E-01  1.49294E+04  1.70492E+04  4.46687E+03  4.26460E+03  5.24393E+02  3.54283E+02  0.00000E+00  7.98811E-03  8.61770E-04
       4       6       9  1.12270E-02  1.41052E-02  1.12270E-04  1.54226E+01  2.01193E+01  3.43951E+00  3.91192E+01 -2.89378E+01  1.42443E-01  6.51771E+03  8.11646E+03  1.50035E+03  3.01092E+03  2.83451E+01  7.24582E+01  0.00000E+00  1.17703E-02  2.33490E-03
       4       6      10  1.84359E-02  2.27788E-02  1.84359E-04  4.56983E+01  5.95252E+01  9.72251E+00  3.54136E+01 -2.67723E+01 -8.81296E-02  7.33259E+03  1.07252E+04  6.42875E+02  6.48039E+03  5.72561E+01  4.58441E+01  0.00000E+00  2.27007E-02  7.81005E-05
       5       1       1  4.15467E-04  3.87060E-04  4.15467E-06  4.08263E-02  9.80163E-02  5.69803E-01 -9.75762E+01  3.73204E+01  3.47387E+00  2.37020E+04  2.01993E+04  2.00887E+04 -1.80210E+03 -4.55016E+02 -4.99789E+01  0.00000E+00  3.52652E-04  3.44084E-05
       5       1       2  1.18304E-04  1.10687E-04  1.18304E-06  9.78484E-02  2.33324E-01  1.44803E+00 -1.01741E+02  1.78957E+01  1.78645E+00  2.43105E+04  1.44819E+04  2.81668E+04 -2.39217E+03  6.59767E+02 -2.03697E+03  0.00000E+00  9.67973E-05  1.38896E-05
       5       1       3  2.04112E-04  2.18410E-04  2.04112E-06  1.39205E-01  3.38424E-01  2.11155E+00 -4.67963E+01 -4.18345E+00  1.06186E+00  1.33656E+04  2.11998E+04  1.00802E+04  3.74541E+03  1.60078E+03 -6.99074E+02  0.00000E+00  1.72902E-04  4.55078E-05
       5       1       4  2.86796E-04  1.84351E-04  2.86796E-06  2.51236E-01  6.08214E-01  3.61817E+00 -6.95957E+01  1.82423E+01  6.95470E+00  3.30047E+04  1.47417E+04  1.32975E+04 -2.55974E+03  1.32932E+03  6.45665E+02  0.00000E+00  1.71779E-04  1.25719E-05
       5       1       5  2.61729E-04  3.38535E-04  2.61729E-06  3.72740E-01  8.98533E-01  5.18763E+00 -4.78236E+01  1.09949E+01 -4.93780E+00  1.45565E+04  6.22157E+03  1.08358E+04 -2.11079E+03  1.41572E+02  4.04924E+02  0.00000E+00  3.28296E-04  1.02387E-05
       5       1       6  2.09481E-04  2.44820E-04  2.09481E-06  5.25383E-01  1.25726E+00  6.69839E+00 -2.19827E+01  1.32518E+00 -4.58926E+00  6.29350E+03  2.45508E+03  6.83497E+03 -6.88514E+02  6.82045E+02  9.48217E+01  0.00000E+00  2.31423E-04  1.33976E-05
       5       1       7  2.13501E-04  2.04827E-04  2.13501E-06  8.28448E-01  2.01132E+00  1.23740E+01  1.39452E+02 -2.81104E+01  1.55550E+00  2.40809E+04  1.02122E+04  1.06326E+04 -2.32032E+03  6.80892E+02  1.36166E+02  0.00000E+00  1.77089E-04  2.77372E-05
       5       1       8  3.57850E-04  3.99911E-04  3.57850E-06  1.22741E+00  2.96829E+00  1.79223E+01  9.15047E+01 -1.93213E+01  7.67263E+00  1.06655E+04  4.40545E+03  8.99787E+03 -1.14619E+03  7.14070E+02  5.07958E+02  0.00000E+00  3.40143E-04  5.97671E-05
       5       1       9  3.72797E-04  3.04128E-04  3.72797E-06  1.58707E+00  3.80464E+00  2.34179E+01  4.86806E+01 -1.00946E+01  1.22904E+00  4.42081E+03  1.79267E+03  4.42296E+03 -5.04732E+02  3.76504E+02  5.92834E+01  0.00000E+00  1.77509E-04  1.26618E-04
       5       1      10  1.69399E-04  1.51922E-04  1.69399E-06  5.05419E+00  1.20579E+01  7.52232E+01  2.49280E+01 -6.30347E+00 -6.96381E-01  1.21471E+03  9.30498E+02  1.53877E+04  4.54307E+01  7.23671E+02  3.94613E+02  0.00000E+00  1.00717E-04  5.12051E-05
       5       2       1  1.25460E-03  1.02228E-03  1.25460E-05  7.43833E-02  1.80709E-01  4.49915E-01 -7.30852E+01  3.02789E+01  8.63781E-01  1.44465E+04  2.37206E+04  2.56447E+04  4.97500E+03  1.42479E+03  4.35262E+02  0.00000E+00  9.63942E-04  5.83345E-05
       5       2       2  3.60667E-04  2.00015E-04  3.60667E-06  2.27817E-01  5.38633E-01  1.38384E+00 -3.31799E+01  2.35976E+01 -1.36764E+01  1.06035E+04  2.94551E+04  3.64323E+04  9.84675E+03  3.01843E+03 -3.26662E+02  0.00000E+00  1.74280E-04  2.57350E-05
       5       2       3  6.20202E-04  2.91846E-04  6.20202E-06  3.16741E-01  7.74365E-01  2.00462E+00 -1.03901E+01  1.94428E+01  1.06042E+01  5.74942E+03  2.58295E+04  2.85755E+04  9.53755E+03  5.19378E+03  1.61289E+03  0.00000E+00  2.30110E-04  6.17364E-05
       5       2       4  8.94116E-04  3.37990E-04  8.94116E-06  5.24203E-01  1.26280E+00  3.25364E+00 -9.29963E+00  1.30984E+01 -3.79787E+00  1.11170E+04  2.60374E+04  3.35860E+04  6.76115E+03  4.99281E+03  1.56852E+03  0.00000E+00  2.93028E-04  4.49617E-05
       5       2       5  8.32029E-04  6.44131E-04  8.32029E-06  7.77857E-01  1.85810E+00  4.84316E+00 -1.28621E+01  8.42063E+00 -4.42172E+00  4.78814E+03  1.12882E+04  2.03575E+04  3.39377E+03  3.26778E+03  1.21031E+03  0.00000E+00  5.87251E-04  5.68806E-05
       5       2       6  7.00757E-04  7.21989E-04  7.00757E-06  1.08091E+00  2.61491E+00  6.67883E+00  1.16890E-01  3.71483E+00 -4.52106E+00  1.35967E+03  3.87354E+03  1.18794E+04  1.14306E+03  3.29355E+03  1.33456E+03  0.00000E+00  6.23287E-04  9.87015E-05
       5       2       7  6.91069E-04  4.06530E-04  6.91069E-06  1.82735E+00  4.40047E+00  1.11910E+01  5.63054E+01 -1.19117E+01  1.78117E+01  8.55185E+03  1.55812E+04  2.42948E+04  3.15612E+03  7.04393E+03  3.28341E+03  0.00000E+00  2.17351E-04  1.89179E-04
       5       2       8  1.14151E-03  9.14136E-04  1.14151E-05  2.75488E+00  6.67376E+00  1.66724E+01  2.87383E+01 -2.03253E+00  1.41300E+01  2.64490E+03  6.89660E+03  1.42904E+04  2.08696E+03  4.31430E+03  1.90150E+03  0.00000E+00  3.95660E-04  5.18476E-04
       5       2       9  1.27007E-03  1.61119E-03  1.27007E-05  3.95112E+00  9.25279E+00  2.30744E+01  7.60907E+00 -5.90304E-01  5.45586E+00  5.33758E+02  1.50034E+03  3.92705E+03  4.56554E+02  1.25788E+03  5.85148E+02  0.00000E+00  2.12888E-04  1.39830E-03
       5       2      10  5.81572E-04  2.26987E-04  5.81572E-06  1.13048E+01  2.57642E+01  7.05992E+01  1.10771E+01 -3.49727E+00 -7.00368E-01  7.23674E+02  2.80089E+03  1.40799E+04  1.01882E+03  2.50307E+03  1.10485E+03  0.00000E+00  1.15592E-04  1.11395E-04
       5       3       1  2.10295E-03  2.13170E-03  2.10295E-05  1.41883E-01  3.43701E-01  5.01124E-01 -3.80979E+01  1.56241E+01  2.68674E-01  7.41237E+03  1.42240E+04  1.74752E+04  3.64609E+03  1.01587E+03  5.05968E+02  0.00000E+00  2.02541E-03  1.06292E-04
       5       3       2  6.16751E-04  5.98529E-04  6.16751E-06  3.43092E-01  8.40186E-01  1.22183E+00 -4.56517E+01  2.21521E+01 -2.22851E+00  7.98751E+03  2.08741E+04  2.50649E+04  6.22796E+03  2.71809E+03  1.05831E+03  0.00000E+00  5.18293E-04  8.02366E-05
       5       3       3  1.05086E-03  1.12324E-03  1.05086E-05  5.04676E-01  1.24395E+00  1.77977E+00 -2.34990E+01  9.15918E+00 -1.07153E+00  3.16223E+03  9.64511E+03  1.05369E+04  3.36501E+03  2.03827E+03  7.18179E+02  0.00000E+00  8.36778E-04  2.86467E-04
       5       3       4  1.58999E-03  1.00505E-03  1.58999E-05  7.84534E-01  1.90815E+00  2.74725E+00  1.22900E+02 -5.80115E+01 -1.71027E+00  3.42146E+04  2.29063E+04  1.93227E+04 -5.96705E+03  3.76339E+03  1.19010E+03  0.00000E+00  9.20774E-04  8.42811E-05
       5       3       5  1.54195E-03  1.30961E-03  1.54195E-05  1.24721E+00  3.02563E+00  4.10656E+00  4.64094E+01 -1.82984E+01  8.67379E-01  8.75336E+03  1.30013E+04  1.51475E+04  2.23641E+03  3.15872E+03  1.14285E+03  0.00000E+00  1.21742E-03  9.21898E-05
       5       3       6  1.43582E-03  1.54536E-03  1.43582E-05  1.59125E+00  3.88509E+00  5.59617E+00  4.33065E+01 -1.88746E+01  1.42656E+00  5.25735E+03  4.77290E+03  8.69216E+03 -2.06172E+02  3.22436E+03  1.28367E+03  0.00000E+00  1.38799E-03  1.57372E-04
       5       3       7  1.38542E-03  1.13906E-03  1.38542E-05  2.79170E+00  6.81806E+00  9.76562E+00  9.24816E+01 -4.03829E+01 -9.09410E+00  1.73745E+04  1.34140E+04  1.88682E+04 -1.70053E+03  6.26321E+03  2.58441E+03  0.00000E+00  7.70581E-04  3.68481E-04
       5       3       8  2.12290E-03  2.28615E-03  2.12290E-05  4.16656E+00  1.01557E+01  1.44894E+01  5.44554E+01 -2.40342E+01 -3.75541E+00  7.13203E+03  7.19466E+03  1.10507E+04  1.00335E+02  3.81171E+03  1.57786E+03  0.00000E+00  1.39497E-03  8.91177E-04
       5       3       9  2.69182E-03  3.05208E-03  2.69182E-05  5.66698E+00  1.37923E+01  2.01362E+01  1.87777E+01 -9.85667E+00 -2.89281E+00  1.94004E+03  2.51689E+03  4.15879E+03  1.59410E+02  1.29466E+03  4.14736E+02  0.00000E+00  8.56062E-04  2.19602E-03
       5       3      10  1.38851E-03  1.14687E-03  1.38851E-05  1.63749E+01  3.89529E+01  5.79592E+01  4.17655E+01 -3.36436E+00  8.96952E+00  3.26858E+03  6.39959E+03  1.22020E+04  2.32605E+03  2.50386E+02  4.86021E+02  0.00000E+00  1.03447E-03  1.12396E-04
       5       4       1  2.91660E-03  3.11640E-03  2.91660E-05  1.93897E-01  4.70915E-01  3.57944E-01 -3.95105E+01  1.61537E+01 -1.22207E-01  2.10160E+04  1.35373E+04  1.09286E+04 -3.90951E+03  1.03620E+03  1.60097E+02  0.00000E+00  3.01408E-03  1.02329E-04
       5       4       2  8.80736E-04  9.61182E-04  8.80736E-06  4.73609E-01  1.15517E+00  8.56280E-01  1.11669E+01 -5.15171E+00  8.55740E-01  1.99614E+04  1.97426E+04  1.16528E+04 -1.30617E+02  1.50654E+03  3.98533E+02  0.00000E+00  8.37291E-04  1.23891E-04
       5       4       3  1.47594E-03  1.54918E-03  1.47594E-05  6.64813E-01  1.63294E+00  1.28142E+00  1.59314E+01 -6.18241E+00 -1.07426E+00  1.35891E+04  8.63570E+03  6.91394E+03 -2.58992E+03  1.04718E+03  7.98549E+02  0.00000E+00  1.30159E-03  2.47589E-04
       5       4       4  2.37514E-03  1.79067E-03  2.37514E-05  1.06690E+00  2.56240E+00  2.03799E+00  1.03520E+02 -3.75283E+01 -5.66740E-02  4.28140E+04  2.46923E+04  1.40740E+04 -8.64287E+03  1.90601E+03  9.39000E+02  0.00000E+00  1.68656E-03  1.04117E-04
       5       4       5  2.44790E-03  3.36823E-03  2.44790E-05  1.62834E+00  3.95449E+00  2.99269E+00  6.13798E+01 -2.38758E+01  1.59313E+00  1.64722E+04  1.76770E+04  9.22423E+03  1.80280E+02  1.33333E+03  6.25091E+02  0.00000E+00  3.18912E-03  1.79111E-04
       5       4       6  2.60088E-03  2.80675E-03  2.60088E-05  2.27197E+00  5.52727E+00  4.05346E+00  3.29203E+01 -6.36789E+00  1.54968E-01  7.51963E+03  1.01430E+04  6.17066E+03  1.57493E+03  2.21819E+03  8.74044E+02  0.00000E+00  2.54266E-03  2.64090E-04
       5       4       7  2.69396E-03  2.40326E-03  2.69396E-05  3.72764E+00  9.04848E+00  6.78890E+00  1.27290E+02 -4.95883E+01  4.22894E+00  2.66275E+04  1.90373E+04  1.33414E+04 -3.76352E+03  2.75176E+03  1.03873E+03  0.00000E+00  2.05163E-03  3.51629E-04
       5       4       8  3.44417E-03  4.21953E-03  3.44417E-05  5.65809E+00  1.37653E+01  1.02319E+01  7.30640E+01 -2.91182E+01  8.61421E-01  9.79681E+03  1.18065E+04  8.04609E+03  1.03387E+03  1.63982E+03  7.60989E+02  0.00000E+00  3.61564E-03  6.03886E-04
       5       4       9  5.07285E-03  6.69037E-03  5.07285E-05  7.99286E+00  1.94924E+01  1.42599E+01  3.62720E+01 -1.64055E+01 -1.80900E+00  3.21808E+03  4.78203E+03  2.64895E+03  7.38551E+02  5.08659E+02  1.15045E+02  0.00000E+00  5.23721E-03  1.45316E-03
       5       4      10  3.66299E-03  4.51700E-03  3.66299E-05  2.38063E+01  5.70319E+01  4.10457E+01  4.22769E+01 -1.35963E+01  2.07137E-01  3.79509E+03  1.02940E+04  5.79946E+03  3.40352E+03  1.25853E+02  6.21076E+00  0.00000E+00  4.44291E-03  7.40871E-05
       5       5       1  3.59038E-03  3.18907E-03  3.59038E-05  2.11957E-01  5.13745E-01  2.36924E-01 -4.15297E+01  1.83521E+01 -1.98979E-01  1.92557E+04  1.12785E+04  1.43974E+04 -4.00933E+03  5.52765E+02  7.63979E+01  0.00000E+00  3.08257E-03  1.06506E-04
       5       5       2  1.11860E-03  1.13921E-03  1.11860E-05  5.32817E-01  1.29160E+00  5.93248E-01  1.09188E+01 -5.84381E+00  3.47385E+00  1.81603E+04  2.18215E+04  1.29092E+04  1.56158E+03 -7.56856E+02 -2.96816E+02  0.00000E+00  1.07226E-03  6.69538E-05
       5       5       3  1.83722E-03  1.69609E-03  1.83722E-05  7.39767E-01  1.82002E+00  8.29362E-01  3.66014E+01 -1.47216E+01  7.65508E-01  1.70842E+04  1.31270E+04  8.23400E+03 -1.61913E+03 -6.65925E+02  1.98160E+01  0.00000E+00  1.38911E-03  3.06976E-04
       5       5       4  3.13362E-03  1.83614E-03  3.13362E-05  1.21277E+00  2.93471E+00  1.35179E+00  8.33503E+01 -3.07150E+01 -1.31594E+00  3.02956E+04  2.15943E+04  2.29470E+04 -4.07977E+03 -1.88736E+03 -5.00315E+02  0.00000E+00  1.78364E-03  5.25005E-05
       5       5       5  3.44771E-03  3.28298E-03  3.44771E-05  1.84326E+00  4.45359E+00  2.09181E+00  5.32084E+01 -1.88026E+01 -3.97525E-01  1.45377E+04  1.68722E+04  1.12568E+04  9.94711E+02 -1.67370E+01 -1.98846E+02  0.00000E+00  3.19572E-03  8.72588E-05
       5       5       6  4.14747E-03  3.73142E-03  4.14747E-05  2.53186E+00  6.13940E+00  2.81033E+00  4.56453E+01 -1.73556E+01 -2.84010E+00  9.85983E+03  1.61200E+04  6.67697E+03  3.24612E+03  7.78964E+02  1.64687E+02  0.00000E+00  3.50408E-03  2.27342E-04
       5       5       7  5.10934E-03  3.12763E-03  5.10934E-05  4.16209E+00  1.01741E+01  4.63763E+00  9.42600E+01 -3.24651E+01  1.49711E+00  1.71291E+04  2.37724E+04  1.40444E+04  3.09049E+03  2.19944E+03  9.92865E+02  0.00000E+00  2.57266E-03  5.54974E-04
       5       5       8  5.42323E-03  5.98039E-03  5.42323E-05  6.25113E+00  1.53815E+01  6.93385E+00  5.76500E+01 -2.07089E+01 -7.36097E-01  7.63763E+03  1.49966E+04  6.71236E+03  3.40984E+03  1.49882E+03  4.20320E+02  0.00000E+00  4.83505E-03  1.14534E-03
       5       5       9  8.37297E-03  9.68702E-03  8.37297E-05  8.80262E+00  2.19229E+01  9.76518E+00  2.99059E+01 -1.09102E+01  3.98338E-01  2.62497E+03  5.31745E+03  2.21677E+03  1.27227E+03  4.69469E+02  1.84550E+02  0.00000E+00  6.70724E-03  2.97978E-03
       5       5      10  9.66928E-03  5.78612E-03  9.66928E-05  2.64720E+01  6.33962E+01  2.90391E+01  3.89074E+01 -1.19083E+01  3.06228E+00  3.87640E+03  1.21954E+04  3.42667E+03  4.43138E+03 -6.39180E+01  9.48161E+01  0.00000E+00  5.68124E-03  1.04877E-04
       5       6       1  3.98124E-03  3.94425E-03  3.98124E-05  2.30800E-01  5.60502E-01  7.99948E-02  3.27206E+01 -1.36729E+01 -8.35514E-01  2.14438E+04  9.64739E+03  1.32427E+04 -5.94287E+03  4.66203E+02  1.80044E+02  0.00000E+00  3.83645E-03  1.07805E-04
       5       6       2  1.26639E-03  1.30228E-03  1.26639E-05  5.70815E-01  1.38113E+00  1.99246E-01  7.49707E+01 -3.00415E+01 -4.11102E-01  2.29358E+04  1.89175E+04  1.05646E+04 -1.80330E+03 -3.93265E+02 -3.39238E+01  0.00000E+00  1.20863E-03  9.36489E-05
       5       6       3  2.05063E-03  2.27758E-03  2.05063E-05  8.00049E-01  1.95047E+00  2.67718E-01  5.95134E+01 -2.28165E+01 -9.70791E-01  1.71385E+04  1.47018E+04  8.25854E+03 -1.95761E+03 -4.86019E+02 -4.53453E+02  0.00000E+00  2.01775E-03  2.59824E-04
       5       6       4  3.62390E-03  2.99536E-03  3.62390E-05  1.30628E+00  3.16778E+00  4.55358E-01  8.49516E+01 -3.37132E+01 -8.33715E-01  3.61375E+04  2.18542E+04  1.68124E+04 -7.24896E+03  8.78490E+02  3.53573E+02  0.00000E+00  2.84203E-03  1.53328E-04
       5       6       5  4.16432E-03  4.49039E-03  4.16432E-05  1.98332E+00  4.80287E+00  6.76907E-01  5.29027E+01 -2.24208E+01 -2.13609E+00  1.83795E+04  1.90578E+04  7.53536E+03  4.16814E+02  1.71695E+03  2.39920E+02  0.00000E+00  4.23730E-03  2.53095E-04
       5       6       6  5.39613E-03  6.11062E-03  5.39613E-05  2.70227E+00  6.59178E+00  9.16987E-01  5.96990E+01 -2.47317E+01  2.54252E-01  1.53947E+04  1.39289E+04  5.03268E+03 -1.02842E+03  8.93978E+02  3.80408E+02  0.00000E+00  5.71289E-03  3.97733E-04
       5       6       7  7.70722E-03  5.30159E-03  7.70722E-05  4.45279E+00  1.08811E+01  1.62907E+00  1.32517E+02 -5.45503E+01  6.87584E-01  2.93882E+04  2.61874E+04  8.64142E+03 -1.63998E+03  1.46605E+03  6.52931E+02  0.00000E+00  4.64852E-03  6.53078E-04
       5       6       8  7.80801E-03  9.22100E-03  7.80801E-05  6.79807E+00  1.65310E+01  2.45714E+00  7.62460E+01 -3.43112E+01 -1.28371E+00  1.22221E+04  1.92955E+04  3.96917E+03  3.16378E+03  7.04000E+02  1.85322E+02  0.00000E+00  7.75570E-03  1.46529E-03
       5       6       9  1.11881E-02  1.60963E-02  1.11881E-04  9.60085E+00  2.34821E+01  3.60502E+00  3.97774E+01 -1.71033E+01 -9.43008E-01  4.61075E+03  9.10905E+03  1.42213E+03  2.19542E+03  1.46828E+02  9.98017E+00  0.00000E+00  1.20155E-02  4.08078E-03
       5       6      10  1.82636E-02  2.20946E-02  1.82636E-04  2.85156E+01  6.87594E+01  9.69909E+00  4.23565E+01 -1.59480E+01 -5.43342E-01  4.43906E+03  1.41481E+04  6.92615E+02  4.90739E+03  4.21952E+01 -1.50448E+01  0.00000E+00  2.20216E-02  7.29404E-05
       6       1       1  4.15458E-04  4.07172E-04  4.15458E-06  1.41693E-02  1.08133E-01  5.77279E-01 -9.61899E+01  1.25173E+01 -4.02063E+00  2.44493E+04  2.38675E+04  2.43559E+04 -4.09682E+02 -4.65125E+01  6.98889E+02  0.00000E+00  3.65074E-04  4.20988E-05
       6       1       2  1.18301E-04  1.14173E-04  1.18301E-06  3.18917E-02  2.51357E-01  1.44914E+00 -8.69566E+01 -1.23370E+01 -1.61322E+00  2.25320E+04  2.77671E+04  2.65635E+04  9.86496E+02  1.00595E+02  3.19589E+03  0.00000E+00  9.25274E-05  2.16455E-05
       6       1       3  2.04108E-04  2.40576E-04  2.04108E-06  4.58063E-02  3.54885E-01  2.10961E+00 -4.86757E+01  5.28384E+00 -1.14119E+00  1.29631E+04  2.90878E+04  1.25815E+04  1.00932E+03  3.26591E+03  1.51451E+02  0.00000E+00  1.77232E-04  6.33445E-05
       6       1       4  2.86787E-04  1.70004E-04  2.86787E-06  8.38745E-02  6.38825E-01  3.61822E+00 -7.21770E+01  6.13690E+00 -5.98145E+00  3.30406E+04  1.42053E+04  1.19098E+04 -8.19682E+02  3.95353E+02 -9.40701E+01  0.00000E+00  1.63472E-04  6.53186E-06
       6       1       5  2.61720E-04  3.31902E-04  2.61720E-06  1.27235E-01  9.61414E-01  5.19448E+00 -4.82274E+01  5.50065E+00  4.70971E-01  1.49737E+04  5.96931E+03  1.10598E+04 -6.46656E+02  5.94711E+02 -3.14628E+02  0.00000E+00  3.19872E-04  1.20297E-05
       6       1       6  2.09473E-04  2.98793E-04  2.09473E-06  1.69576E-01  1.37303E+00  6.86381E+00 -1.46826E+01 -1.26660E+00  4.06816E+00  5.17881E+03  1.87576E+03  7.51463E+03 -1.92928E+02  7.48735E+02  3.59857E+01  0.00000E+00  2.78707E-04  2.00861E-05
       6       1       7  2.13496E-04  2.19215E-04  2.13496E-06  2.92120E-01  2.17709E+00  1.22741E+01  1.32152E+02 -5.61218E+00  9.25304E+00  2.25899E+04  9.31581E+03  1.31940E+04 -3.61231E+02  1.52439E+03  4.69698E+02  0.00000E+00  1.74273E-04  4.49420E-05
       6       1       8  3.57842E-04  3.79096E-04  3.57842E-06  3.93906E-01  3.13684E+00  1.78746E+01  9.23177E+01 -7.17130E+00 -1.16369E+00  1.07756E+04  4.23054E+03  9.48139E+03 -3.79836E+02  7.47419E+02 -1.09593E+02  0.00000E+00  3.20547E-04  5.85482E-05
       6       1       9  3.72782E-04  2.93422E-04  3.72782E-06  4.54824E-01  4.27417E+00  2.33543E+01  5.03265E+01 -3.65156E+00 -1.23349E+00  4.57238E+03  1.78469E+03  5.07852E+03 -2.02381E+02  4.39049E+02  2.03644E+01  0.00000E+00  1.74249E-04  1.19173E-04
       6       1      10  1.69392E-04  1.91031E-04  1.69392E-06  1.41798E+00  1.16158E+01  7.52037E+01  2.03104E+01 -5.53698E-01 -7.36202E-01  9.36267E+02  8.36715E+02  1.60161E+04  2.63958E+01  1.15312E+03  7.12807E+01  0.00000E+00  9.93545E-05  9.16763E-05
       6       2       1  1.25447E-03  1.05990E-03  1.25447E-05  2.59610E-02  1.98238E-01  4.55252E-01 -7.63363E+01  1.51184E+01  6.08453E+00  1.25180E+04  2.68627E+04  2.75373E+04  2.36629E+03  2.45468E+03  5.15887E+02  0.00000E+00  9.95151E-04  6.47537E-05
       6       2       2  3.60617E-04  1.91520E-04  3.60617E-06  7.67914E-02  5.67394E-01  1.36160E+00 -3.78585E+01  1.44035E+01 -8.68333E+00  7.05571E+03  3.99799E+04  4.03233E+04  4.40469E+03  4.20584E+03  8.83527E+02  0.00000E+00  1.57355E-04  3.41652E-05
       6       2       3  6.20139E-04  3.11684E-04  6.20139E-06  1.06979E-01  8.27785E-01  2.01655E+00 -1.69297E+01  1.08847E+01  1.20275E+01  2.55919E+03  3.61569E+04  2.93852E+04  4.72335E+03  9.29899E+03  1.12669E+03  0.00000E+00  2.20428E-04  9.12557E-05
       6       2       4  8.93967E-04  3.41867E-04  8.93967E-06  1.79170E-01  1.37265E+00  3.25861E+00 -1.28623E+01  1.53618E+00  7.63358E+00  8.38311E+03  2.74211E+04  3.81124E+04  2.32704E+03  8.19389E+03  7.17489E+02  0.00000E+00  2.78299E-04  6.35681E-05
       6       2       5  8.31890E-04  6.42834E-04  8.31890E-06  2.60517E-01  1.99779E+00  4.85456E+00 -1.51643E+01 -4.34119E+00  9.66494E+00  3.40219E+03  1.20839E+04  2.23307E+04  1.20190E+03  4.06918E+03  3.73764E+02  0.00000E+00  5.71399E-04  7.14356E-05
       6       2       6  7.00622E-04  8.51796E-04  7.00622E-06  3.92664E-01  2.92511E+00  6.68713E+00 -2.24811E-01  1.29156E+00  6.21911E+00  8.18786E+02  4.44989E+03  1.36803E+04  4.77370E+02  4.76336E+03  7.71633E+02  0.00000E+00  7.05505E-04  1.46291E-04
       6       2       7  6.90963E-04  4.70288E-04  6.90963E-06  6.45930E-01  4.74195E+00  1.11365E+01  4.83493E+01 -6.27644E+00  3.35266E+00  6.90643E+03  1.54235E+04  2.61510E+04  9.44920E+02  8.81728E+03  1.19117E+03  0.00000E+00  2.17531E-04  2.52757E-04
       6       2       8  1.14137E-03  9.27553E-04  1.14137E-05  9.20186E-01  7.06291E+00  1.66246E+01  2.56709E+01 -6.57847E+00 -6.13227E+00  1.90227E+03  7.50361E+03  1.44905E+04  7.52046E+02  5.00807E+03  5.99820E+02  0.00000E+00  3.82356E-04  5.45198E-04
       6       2       9  1.26979E-03  1.37349E-03  1.26979E-05  1.31420E+00  9.98087E+00  2.30546E+01  7.80854E+00 -4.69726E+00 -3.94692E+00  4.10169E+02  1.81960E+03  3.80375E+03  1.36743E+02  1.35898E+03  1.41929E+02  0.00000E+00  2.06462E-04  1.16703E-03
       6       2      10  5.81422E-04  1.87461E-04  5.81422E-06  3.45694E+00  2.75486E+01  6.92099E+01  1.43137E+01  1.10407E-01  4.72369E+00  4.32855E+02  3.56897E+03  1.47602E+04  3.98423E+02  2.06573E+03  2.08984E+02  0.00000E+00  1.13434E-04  7.40264E-05
       6       3       1  2.10239E-03  2.16034E-03  2.10239E-05  4.79551E-02  3.63387E-01  4.95825E-01 -4.07779E+01  4.22770E+00  7.93334E-01  5.96421E+03  1.44345E+04  1.62439E+04  1.38513E+03  9.35306E+02  1.87908E+02  0.00000E+00  2.10610E-03  5.42361E-05
       6       3       2  6.16529E-04  5.89890E-04  6.16529E-06  1.23044E-01  9.02098E-01  1.22590E+00 -5.32970E+01  1.06983E+00  3.34263E+00  5.97793E+03  2.73294E+04  2.66863E+04  2.76287E+03  1.25002E+03 -2.60347E+01  0.00000E+00  5.30683E-04  5.92075E-05
       6       3       3  1.05061E-03  9.41732E-04  1.05061E-05  1.78144E-01  1.31044E+00  1.78316E+00 -2.97972E+01  3.46609E+00 -1.78443E+00  2.21046E+03  1.50916E+04  1.28840E+04  1.46494E+03  3.20265E+03  2.95403E+02  0.00000E+00  7.94822E-04  1.46911E-04
       6       3       4  1.58932E-03  1.04317E-03  1.58932E-05  2.59588E-01  2.05086E+00  2.72446E+00  1.32336E+02 -1.97452E+01 -2.73505E-01  3.58492E+04  2.37627E+04  2.00132E+04 -2.46904E+03  4.54690E+03  3.68255E+02  0.00000E+00  9.16923E-04  1.26247E-04
       6       3       5  1.54124E-03  1.31582E-03  1.54124E-05  4.01667E-01  3.24818E+00  4.08568E+00  4.69832E+01 -6.95815E+00 -1.85558E+00  7.65274E+03  1.47039E+04  1.73979E+04  6.96666E+02  4.55915E+03  4.65958E+02  0.00000E+00  1.17343E-03  1.42388E-04
       6       3       6  1.43507E-03  1.71850E-03  1.43507E-05  5.16605E-01  4.16078E+00  5.69930E+00  4.21365E+01 -4.03347E+00  2.62283E+00  4.81499E+03  5.57240E+03  1.04320E+04  5.74949E+01  4.62168E+03  4.61225E+02  0.00000E+00  1.46955E-03  2.48945E-04
       6       3       7  1.38467E-03  1.33579E-03  1.38467E-05  9.09034E-01  7.26464E+00  9.72048E+00  8.62339E+01 -3.87445E+00  1.09245E+01  1.52472E+04  1.30852E+04  2.05701E+04 -3.42263E+02  9.23964E+03  1.06278E+03  0.00000E+00  7.59794E-04  5.75991E-04
       6       3       8  2.12223E-03  2.66579E-03  2.12223E-05  1.28631E+00  1.07916E+01  1.44435E+01  5.20457E+01 -1.14689E+00  7.67948E+00  6.16598E+03  7.63418E+03  1.21388E+04  3.53778E+01  5.14623E+03  5.47117E+02  0.00000E+00  1.37141E-03  1.29438E-03
       6       3       9  2.69027E-03  4.00525E-03  2.69027E-05  1.70474E+00  1.47597E+01  2.03059E+01  1.66720E+01  2.67670E+00  1.87837E+00  1.52109E+03  2.14441E+03  3.76374E+03  1.87576E+02  1.56798E+03  1.96714E+02  0.00000E+00  8.69291E-04  3.13596E-03
       6       3      10  1.38717E-03  1.24132E-03  1.38717E-05  5.42378E+00  4.59898E+01  6.10554E+01  3.51103E+01 -2.28266E+01 -5.31192E+00  1.62983E+03  5.85320E+03  9.69469E+03 -1.40979E+02  7.50118E+02 -6.55038E+01  0.00000E+00  1.21423E-03  2.70830E-05
       6       4       1  2.91525E-03  3.06851E-03  2.91525E-05  6.67208E-02  5.01998E-01  3.56929E-01 -4.33109E+01  5.09061E+00 -1.85969E+00  2.23398E+04  1.10390E+04  1.15049E+04 -1.18619E+03  6.57224E+02  1.50694E+02  0.00000E+00  3.00934E-03  5.91674E-05
       6       4       2  8.80148E-04  8.83265E-04  8.80148E-06  1.68276E-01  1.23379E+00  8.51298E-01  1.16394E+01 -7.24802E+00 -3.27267E+00  2.17986E+04  1.87286E+04  1.18515E+04 -5.77656E+02  4.53962E+02 -5.47454E+01  0.00000E+00  8.34029E-04  4.92358E-05
       6       4       3  1.47532E-03  1.37169E-03  1.47532E-05  2.33528E-01  1.73664E+00  1.26365E+00  1.39712E+01 -8.41579E-01  1.13104E+00  1.41844E+04  8.13738E+03  8.78248E+03 -2.45522E+02  1.55858E+03  5.32466E+01  0.00000E+00  1.26317E-03  1.08512E-04
       6       4       4  2.37336E-03  1.81605E-03  2.37336E-05  3.59060E-01  2.75464E+00  2.03902E+00  1.08217E+02 -1.00188E+01  2.07600E+00  4.52621E+04  2.42456E+04  1.40417E+04 -2.66406E+03  2.75368E+03 -7.02721E+01  0.00000E+00  1.66134E-03  1.54715E-04
       6       4       5  2.44569E-03  3.53359E-03  2.44569E-05  5.55023E-01  4.24375E+00  2.99151E+00  6.38642E+01 -4.54910E+00 -1.37297E+00  1.61909E+04  1.85363E+04  9.30050E+03  3.96852E+02  1.84907E+03  5.26139E+00  0.00000E+00  3.29320E-03  2.40389E-04
       6       4       6  2.59830E-03  2.96212E-03  2.59830E-05  7.77851E-01  5.93045E+00  4.10546E+00  3.10454E+01 -4.14269E+00 -2.76508E+00  6.49520E+03  1.16328E+04  6.75409E+03  8.37421E+02  3.23367E+03  2.43018E+02  0.00000E+00  2.60816E-03  3.53956E-04
       6       4       7  2.69031E-03  2.47887E-03  2.69031E-05  1.25253E+00  9.70339E+00  6.86835E+00  1.28625E+02 -2.61572E+01 -6.96088E+00  2.69859E+04  1.75266E+04  1.36831E+04 -1.53482E+03  4.00379E+03  2.78494E+02  0.00000E+00  2.00651E-03  4.72360E-04
       6       4       8  3.44166E-03  4.55844E-03  3.44166E-05  1.86965E+00  1.47866E+01  1.02974E+01  7.29402E+01 -1.38554E+01 -3.49792E+00  8.92592E+03  1.26441E+04  7.86118E+03  3.34351E+02  1.87592E+03  9.80443E+01  0.00000E+00  3.72775E-03  8.30689E-04
       6       4       9  5.06745E-03  7.43209E-03  5.06745E-05  2.53664E+00  2.06488E+01  1.45056E+01  3.55330E+01 -1.20100E+00 -6.36195E-02  2.67021E+03  4.69516E+03  2.87389E+03  3.79803E+02  5.72766E+02  9.20948E+01  0.00000E+00  5.15243E-03  2.27966E-03
       6       4      10  3.65436E-03  4.67090E-03  3.65436E-05  8.04497E+00  6.18815E+01  4.17570E+01  4.23043E+01 -9.75448E+00 -1.24638E+00  2.36119E+03  1.15689E+04  5.06637E+03  1.10372E+03  1.00553E+02 -4.12431E+01  0.00000E+00  4.60930E-03  6.15958E-05
       6       5       1  3.58807E-03  3.13483E-03  3.58807E-05  7.26263E-02  5.47224E-01  2.35928E-01 -4.55696E+01  6.24532E+00 -6.97029E-01  2.10177E+04  8.67180E+03  1.44134E+04 -1.60394E+03  2.53145E+02 -2.44643E+02  0.00000E+00  3.08625E-03  4.85778E-05
       6       5       2  1.11749E-03  1.14541E-03  1.11749E-05  1.84907E-01  1.38073E+00  5.97830E-01  1.49352E+01 -5.83920E-01 -6.17926E+00  1.83737E+04  2.19422E+04  1.39369E+04  5.82843E+02 -5.04388E+02 -1.02076E+03  0.00000E+00  1.11653E-03  2.88757E-05
       6       5       3  1.83614E-03  1.56723E-03  1.83614E-05  2.65285E-01  1.92903E+00  8.22216E-01  4.59206E+01 -4.82925E+00 -3.94277E+00  1.99360E+04  1.50386E+04  9.46283E+03 -8.01024E+02 -8.27973E+02 -1.17903E+03  0.00000E+00  1.44702E-03  1.20216E-04
       6       5       4  3.13027E-03  1.83693E-03  3.13027E-05  4.07091E-01  3.15460E+00  1.34615E+00  8.23546E+01 -1.25758E+01 -6.50883E+00  2.97609E+04  2.02974E+04  2.26514E+04 -1.73545E+03 -2.93153E+02 -6.27672E+02  0.00000E+00  1.77588E-03  6.10527E-05
       6       5       5  3.44294E-03  3.41413E-03  3.44294E-05  6.12314E-01  4.77326E+00  2.09905E+00  5.52368E+01 -7.44859E+00 -2.17897E+00  1.37719E+04  1.88345E+04  1.11185E+04  4.34040E+02  8.04150E+02 -2.11028E+02  0.00000E+00  3.28377E-03  1.30358E-04
       6       5       6  4.14136E-03  4.24528E-03  4.14136E-05  8.25397E-01  6.62795E+00  2.87952E+00  4.50852E+01 -6.84363E+00 -5.59969E+00  7.75930E+03  1.57454E+04  6.00470E+03  9.11844E+02  1.08094E+03 -4.05730E+01  0.00000E+00  3.98299E-03  2.62286E-04
       6       5       7  5.09699E-03  3.19883E-03  5.09699E-05  1.36881E+00  1.08174E+01  4.61064E+00  9.81483E+01 -1.08867E+01  2.38424E-01  1.59000E+04  2.54038E+04  1.36601E+04  1.22974E+03  2.35683E+03  2.00029E+02  0.00000E+00  2.67262E-03  5.26204E-04
       6       5       8  5.41338E-03  5.40202E-03  5.41338E-05  2.09063E+00  1.63931E+01  7.13482E+00  6.49635E+01 -1.22005E+01 -1.76187E+00  7.06488E+03  1.54832E+04  7.14516E+03  1.16222E+03  1.45755E+03  5.30050E+01  0.00000E+00  4.57315E-03  8.28870E-04
       6       5       9  8.35988E-03  8.91992E-03  8.35988E-05  2.90527E+00  2.32893E+01  9.87874E+00  3.44292E+01 -4.56340E+00 -2.69107E-01  2.38201E+03  5.63477E+03  2.24218E+03  5.38431E+02  3.62921E+02  2.26115E+01  0.00000E+00  6.86623E-03  2.05369E-03
       6       5      10  9.62988E-03  5.55259E-03  9.62988E-05  8.94323E+00  6.89932E+01  2.99645E+01  3.87594E+01 -1.00306E+01  5.76174E-01  2.03824E+03  1.32744E+04  3.05397E+03  1.30996E+03  3.59606E+02  1.01565E+02  0.00000E+00  5.51307E-03  3.95276E-05
       6       6       1  3.97826E-03  3.87073E-03  3.97826E-05  7.90554E-02  6.00001E-01  8.00632E-02  3.71038E+01 -4.63466E+00  1.02761E+00  2.43955E+04  6.47319E+03  1.33043E+04 -2.33142E+03  1.22568E+02 -2.12690E+02  0.00000E+00  3.82248E-03  4.82486E-05
       6       6       2  1.26488E-03  1.22607E-03  1.26488E-05  1.99563E-01  1.48683E+00  2.01045E-01  8.04965E+01 -8.07077E+00 -6.81145E-01  2.43125E+04  1.36809E+04  1.05073E+04 -1.12353E+03 -4.35233E+01 -4.35561E+02  0.00000E+00  1.18903E-03  3.70404E-05
       6       6       3  2.04921E-03  1.95418E-03  2.04921E-05  2.70433E-01  2.06186E+00  2.68135E-01  6.87540E+01 -5.62372E+00  3.68342E-01  1.93569E+04  8.22639E+03  8.56742E+03 -1.46239E+03  6.21683E+02  1.72601E+02  0.00000E+00  1.87672E-03  7.74634E-05
       6       6       4  3.61931E-03  2.81882E-03  3.61931E-05  4.48227E-01  3.40099E+00  4.69465E-01  9.44185E+01 -1.26670E+01 -1.69038E+00  4.09834E+04  1.43808E+04  1.74922E+04 -3.21558E+03  1.69449E+02 -4.13898E+02  0.00000E+00  2.76978E-03  4.90442E-05
       6       6       5  4.15718E-03  4.10215E-03  4.15718E-05  6.72907E-01  5.14812E+00  6.96947E-01  6.06748E+01 -9.26503E+00 -4.76890E-01  1.97870E+04  1.60179E+04  7.65833E+03 -5.06139E+02  1.24045E+02  1.59440E+02  0.00000E+00  4.01112E-03  9.10259E-05
       6       6       6  5.38652E-03  5.45095E-03  5.38652E-05  9.11264E-01  6.98606E+00  9.40355E-01  6.78911E+01 -8.18840E+00 -2.57368E+00  1.69302E+04  1.21455E+04  5.55415E+03 -5.79085E+02  2.90454E+02 -1.74973E+02  0.00000E+00  5.25203E-03  1.98919E-04
       6       6       7  7.68309E-03  4.91346E-03  7.68309E-05  1.52991E+00  1.16973E+01  1.55098E+00  1.51707E+02 -1.85493E+01  1.85200E+00  3.20408E+04  2.40412E+04  8.90411E+03 -9.16899E+02 -2.30082E+01  2.47759E+02  0.00000E+00  4.54798E-03  3.65477E-04
       6       6       8  7.78272E-03  8.74788E-03  7.78272E-05  2.27946E+00  1.77520E+01  2.38672E+00  8.69892E+01 -8.28558E+00  2.08728E-01  1.15573E+04  2.02147E+04  4.09887E+03  1.11242E+03  1.17182E+02  2.92048E+01  0.00000E+00  7.73974E-03  1.00814E-03
       6       6       9  1.11658E-02  1.44271E-02  1.11658E-04  3.24781E+00  2.51607E+01  3.24297E+00  4.72597E+01 -6.75376E+00  1.33676E+00  4.18405E+03  1.02124E+04  1.50892E+03  7.86862E+02  1.00893E+02  3.41775E+01  0.00000E+00  1.18617E-02  2.56545E-03
       6       6      10  1.81650E-02  2.26715E-02  1.81650E-04  9.69650E+00  7.42450E+01  9.64466E+00  4.39181E+01 -8.24424E+00  1.95902E-01  2.55076E+03  1.56234E+04  6.62483E+02  1.68833E+03  7.98028E+01  2.64519E+01  0.00000E+00  2.26230E-02  4.85179E-05
