         152           4
       1  1.11872E-02  1.05154E-02 -4.94792E+01 -5.51457E+01  2.09680E+00  1.96497E+02  1.93500E+02  2.07980E+00  5.25313E-02  7.70000E-02  3.00000E-01 -1.51456E-02  0.00000E+00  3.00000E-01
       2  5.70130E-03  5.61977E-03 -8.08084E+01 -7.20331E+01  2.11870E+00  1.99345E+02  1.73297E+02  2.29780E+00  1.39267E-01  1.00600E-01  3.00000E-01 -1.37417E-02  0.00000E+00  3.00000E-01
       3  5.20937E-03  5.10767E-03 -7.56367E+01 -7.03214E+01  2.97040E+00  1.96626E+02  1.57694E+02  3.02370E+00  1.15801E-01  9.83000E-02  3.00000E-01 -1.06353E-02  0.00000E+00  3.00000E-01
       4  3.63803E-03  3.32473E-03 -5.92546E+01 -5.93916E+01  2.64100E+00  1.95694E+02  1.79503E+02  2.60000E+00  4.64429E-02  8.30000E-02  3.00000E-01 -3.38349E-06  0.00000E+00  3.00000E-01
       5  6.40447E-03  5.93067E-03 -4.21891E+01 -4.29252E+01  2.62700E+00  1.89887E+02  2.03949E+02  2.49860E+00  3.79886E-02  6.00000E-02  3.00000E-01 -4.99850E-03  0.00000E+00  3.00000E-01
       6  1.84434E-03  1.99410E-03 -8.73191E+01 -7.66923E+01  4.18970E+00  1.76449E+02  1.53159E+02  4.23960E+00  1.97403E-01  1.07200E-01  3.00000E-01  2.33870E-02  0.00000E+00  3.00000E-01
       7  3.70911E-03  3.78969E-03 -7.11922E+01 -6.08558E+01  2.81680E+00  1.79336E+02  1.54194E+02  3.00380E+00  9.32065E-02  8.50000E-02  3.00000E-01  6.31093E-03  0.00000E+00  3.00000E-01
       8  3.71651E-03  3.30276E-03 -4.22139E+01 -4.55340E+01  2.66940E+00  1.83256E+02  1.84950E+02  2.80100E+00  8.32626E-03  6.36000E-02  3.00000E-01  2.77568E-02  0.00000E+00  3.00000E-01
       9  2.51829E-03  2.79488E-03 -7.79641E+01 -7.37064E+01  3.32630E+00  1.66804E+02  1.33986E+02  3.59880E+00  1.80330E-01  1.03000E-01  3.00000E-01  2.86971E-03  0.00000E+00  3.00000E-01
      10  3.56234E-03  3.42536E-03 -5.60088E+01 -5.00778E+01  3.24950E+00  1.71182E+02  1.67266E+02  3.32320E+00  2.76493E-02  7.00000E-02  3.00000E-01  3.29642E-02  0.00000E+00  3.00000E-01
      11  1.37642E-03  1.55045E-03 -8.43589E+01 -8.66754E+01  3.87500E+00  1.62489E+02  1.46387E+02  5.24270E+00  2.21059E-01  1.21100E-01  3.00000E-01  3.81326E-02  0.00000E+00  3.00000E-01
      12  1.30222E-02  1.19431E-02 -2.12724E+01 -2.61590E+01  1.95760E+00  1.76132E+02  2.01454E+02  1.89660E+00  1.09828E-02  3.65000E-02  3.00000E-01  1.04680E-02  0.00000E+00  3.00000E-01
      13  5.08673E-03  4.41743E-03 -3.04435E+01 -3.72943E+01  2.53240E+00  1.67891E+02  1.78601E+02  2.62510E+00 -8.99901E-03  5.21000E-02  3.00000E-01  5.38020E-02  0.00000E+00  3.00000E-01
      14  1.06445E-02  1.03453E-02 -2.85749E+01 -3.44990E+01  2.01780E+00  1.86625E+02  2.09083E+02  2.43910E+00  3.31762E-02  4.82000E-02  3.00000E-01 -3.26361E-02  0.00000E+00  3.00000E-01
      15  1.28514E-02  1.26513E-02 -1.53809E+01 -1.63027E+01  2.61890E+00  1.82815E+02  2.13903E+02  2.26050E+00  1.73623E-02  2.28000E-02  3.00000E-01 -4.04781E-02  0.00000E+00  3.00000E-01
      16  2.63649E-03  2.61551E-03 -3.99931E+01 -3.87077E+01  4.33610E+00  1.36667E+02  1.50981E+02  4.82940E+00  3.06336E-02  5.41000E-02  3.00000E-01  6.32930E-02  0.00000E+00  3.00000E-01
      17  9.87356E-03  9.26511E-03 -5.40730E+01 -6.05436E+01  3.43570E+00  1.55164E+02  1.25864E+02  3.59830E+00  4.57227E-02  8.46000E-02  3.00000E-01 -5.88673E-03  0.00000E+00  3.00000E-01
      18  1.53564E-03  1.34925E-03 -1.79383E+01 -1.97254E+01  4.73350E+00  1.55711E+02  1.58949E+02  4.61790E+00  6.68437E-03  2.76000E-02  3.00000E-01  5.56240E-02  0.00000E+00  3.00000E-01
      19  4.11107E-03  3.46589E-03  6.15161E-02  4.25290E+00  2.76540E+00  1.62460E+02  1.68387E+02  2.73010E+00 -2.06303E-03 -5.90000E-03  3.00000E-01  5.27114E-02  0.00000E+00  3.00000E-01
      20  4.09600E-03  3.93543E-03 -2.29040E+01 -1.64615E+01  3.52970E+00  1.26096E+02  1.43857E+02  3.54450E+00  2.77577E-02  2.30000E-02  3.00000E-01  8.35590E-02  0.00000E+00  3.00000E-01
      21  3.88766E-03  3.36701E-03  2.20810E+00  3.07820E+00  3.50300E+00  1.66739E+02  1.78698E+02  3.01190E+00  1.45228E-03 -4.30000E-03  3.00000E-01  4.62933E-02  0.00000E+00  3.00000E-01
      22  1.02351E-02  9.85976E-03  1.50829E-01  7.42610E+00  2.47200E+00  1.78350E+02  2.04616E+02  2.28450E+00 -3.48679E-04 -1.04000E-02  3.00000E-01 -1.94995E-02  0.00000E+00  3.00000E-01
      23  2.09485E-03  1.97523E-03  3.90738E-02  6.42000E-02  3.23530E+00  1.36983E+02  1.46307E+02  3.75370E+00  5.01531E-03 -1.00000E-04  3.00000E-01  6.82473E-02  0.00000E+00  3.00000E-01
      24  7.16826E-03  6.87730E-03 -1.04214E+01 -4.05902E+01  1.00825E+01  1.39081E+02  1.11405E+02  1.00086E+01 -1.56458E-02  5.67000E-02  3.00000E-01 -3.48965E-02  0.00000E+00  3.00000E-01
      25  7.36945E-03  6.73324E-03  2.13336E+01 -1.27600E-01  6.76040E+00  1.46383E+02  1.10589E+02  7.09400E+00 -2.99079E-02  2.00000E-04  3.00000E-01 -6.48119E-02  0.00000E+00  3.00000E-01
      26  1.03624E-02  1.03784E-02 -5.26362E+01 -8.73687E+01  8.21170E+00  1.28012E+02  1.02161E+02  7.20870E+00  2.33830E-02  1.22100E-01  3.00000E-01 -2.33856E-02  0.00000E+00  3.00000E-01
      27  3.33212E-03  3.16115E-03 -7.25541E+01 -8.97611E+01  4.07440E+00  1.56980E+02  1.22064E+02  4.59060E+00  1.02671E-01  1.25400E-01  3.00000E-01  1.90024E-03  0.00000E+00  3.00000E-01
      28  1.26100E-03  1.36642E-03 -8.99149E+01 -9.18239E+01  4.08350E+00  1.51645E+02  1.37606E+02  4.08200E+00  2.27093E-01  1.28300E-01  3.00000E-01  6.49567E-02  0.00000E+00  3.00000E-01
      29  1.56682E-03  1.78858E-03 -9.41810E+01 -8.53951E+01  3.61540E+00  1.59616E+02  1.51784E+02  3.88060E+00  2.41000E-01  1.19300E-01  3.00000E-01  6.65548E-02  0.00000E+00  3.00000E-01
      30  3.47699E-03  2.91841E-03 -8.24208E+01 -1.14358E+02  4.66580E+00  1.59249E+02  1.22178E+02  4.97350E+00  8.42900E-02  1.59800E-01  3.00000E-01  1.37194E-02  0.00000E+00  3.00000E-01
      31  1.92749E-03  2.10807E-03 -9.07717E+01 -8.14300E+01  3.54520E+00  1.76344E+02  1.60441E+02  3.61190E+00  2.11920E-01  1.13800E-01  3.00000E-01  3.14278E-02  0.00000E+00  3.00000E-01
      32  1.03445E-02  9.91682E-03 -1.12362E+02 -1.32051E+02  4.99940E+00  1.60346E+02  1.03527E+02  5.06440E+00  9.48411E-02  1.84500E-01  3.00000E-01 -2.84514E-02  0.00000E+00  3.00000E-01
      33  6.48277E-03  4.99830E-03 -1.28119E+02 -1.24535E+02  3.79810E+00  1.76089E+02  1.22670E+02  4.11950E+00  6.88650E-02  1.74000E-01  3.00000E-01 -1.41962E-02  0.00000E+00  3.00000E-01
      34  3.29359E-03  3.06119E-03 -9.28309E+01 -9.57580E+01  3.50070E+00  1.53283E+02  1.29370E+02  3.37900E+00  1.60602E-01  1.33800E-01  3.00000E-01  4.69142E-02  0.00000E+00  3.00000E-01
      35  1.26296E-02  1.19639E-02 -1.50905E+02 -1.52696E+02  3.72370E+00  1.49115E+02  9.98517E+01  3.80120E+00  9.05240E-02  2.13300E-01  3.00000E-01  1.24685E-02  0.00000E+00  3.00000E-01
      36  1.32579E-03  1.47220E-03 -9.88891E+01 -9.03990E+01  3.94300E+00  1.50181E+02  1.43693E+02  3.89150E+00  2.44721E-01  1.26300E-01  3.00000E-01  9.34306E-02  0.00000E+00  3.00000E-01
      37  1.30718E-02  1.46285E-02 -8.79946E+01 -1.61801E+02  6.01230E+00  1.04387E+02  8.50652E+01  6.60920E+00  1.24293E-01  2.26100E-01  3.00000E-01  2.11385E-02  0.00000E+00  3.00000E-01
      38  5.20918E-03  4.08007E-03 -1.10251E+02 -1.11794E+02  2.99430E+00  1.67551E+02  1.19721E+02  3.35420E+00  5.41093E-02  1.56200E-01  3.00000E-01  1.33298E-02  0.00000E+00  3.00000E-01
      39  2.72557E-03  3.00962E-03 -9.28566E+01 -9.52033E+01  3.35160E+00  1.53364E+02  1.44592E+02  3.36560E+00  2.42256E-01  1.33000E-01  3.00000E-01  7.42819E-02  0.00000E+00  3.00000E-01
      40  1.27365E-02  1.03517E-02 -2.38458E+01 -1.97637E+02  6.00790E+00  5.96392E+01  6.55906E+01  7.20350E+00 -2.45664E-01  2.76100E-01  3.00000E-01  2.66541E-01  0.00000E+00  3.00000E-01
      41  9.99181E-03  1.05454E-02 -1.04777E+02 -1.65616E+02  4.30430E+00  1.10397E+02  8.33342E+01  4.77530E+00  8.99222E-02  2.31400E-01  3.00000E-01  9.18639E-02  0.00000E+00  3.00000E-01
      42  6.42479E-03  5.80787E-03 -1.26470E+02 -1.25516E+02  3.53720E+00  1.58465E+02  1.04361E+02  3.94210E+00  9.64901E-02  1.75400E-01  3.00000E-01 -1.38561E-02  0.00000E+00  3.00000E-01
      43  1.35066E-02  1.61038E-02 -1.17570E+02 -2.00253E+02  4.68790E+00  8.46308E+01  7.05455E+01  6.39010E+00  2.02330E-01  2.79800E-01  3.00000E-01  1.18703E-01  0.00000E+00  3.00000E-01
      44  3.01335E-03  2.30158E-03 -9.76713E+01 -1.13573E+02  4.52250E+00  1.66821E+02  1.17822E+02  4.77830E+00  4.13857E-02  1.58700E-01  3.00000E-01  1.09459E-03  0.00000E+00  3.00000E-01
      45  1.25680E-03  1.35877E-03 -8.64734E+01 -9.20753E+01  3.96280E+00  1.54377E+02  1.46072E+02  3.57010E+00  2.25376E-01  1.28600E-01  3.00000E-01  4.85838E-02  0.00000E+00  3.00000E-01
      46  1.65095E-03  1.83481E-03 -8.92839E+01 -9.10898E+01  3.34400E+00  1.65897E+02  1.61695E+02  3.60620E+00  2.30101E-01  1.27300E-01  3.00000E-01  4.56904E-02  0.00000E+00  3.00000E-01
      47  3.33790E-03  3.03224E-03 -7.67042E+01 -9.81729E+01  3.58330E+00  1.56237E+02  1.21180E+02  4.10090E+00  8.81774E-02  1.37200E-01  3.00000E-01  9.08557E-03  0.00000E+00  3.00000E-01
      48  4.74556E-03  4.82915E-03 -8.34338E+01 -6.95816E+01  2.54100E+00  1.92503E+02  1.64613E+02  2.59370E+00  1.57039E-01  9.72000E-02  3.00000E-01 -3.15629E-03  0.00000E+00  3.00000E-01
      49  1.23583E-03  1.41297E-03 -7.91031E+01 -8.82302E+01  3.46790E+00  1.64252E+02  1.57875E+02  3.15310E+00  2.09240E-01  1.23300E-01  3.00000E-01  8.47723E-03  0.00000E+00  3.00000E-01
      50  1.69448E-03  1.86818E-03 -8.27021E+01 -8.23289E+01  3.31840E+00  1.76802E+02  1.67328E+02  3.32990E+00  1.92447E-01  1.15000E-01  3.00000E-01  1.35237E-02  0.00000E+00  3.00000E-01
      51  8.72558E-03  9.46060E-03 -9.40893E+01 -1.07611E+02  5.32290E+00  1.32168E+02  9.51285E+01  5.75030E+00  6.73559E-02  1.50400E-01  3.00000E-01  3.16808E-02  0.00000E+00  3.00000E-01
      52  3.85081E-03  3.60761E-03 -6.38898E+01 -5.18417E+01  2.48570E+00  2.03269E+02  2.05582E+02  2.37090E+00  7.42885E-02  7.24000E-02  3.00000E-01 -1.50574E-02  0.00000E+00  3.00000E-01
      53  1.14797E-03  1.27550E-03 -7.48917E+01 -7.95708E+01  3.64480E+00  1.63495E+02  1.44946E+02  4.05920E+00  1.70019E-01  1.11200E-01  3.00000E-01  2.99686E-03  0.00000E+00  3.00000E-01
      54  2.58632E-03  2.37882E-03 -7.67541E+01 -9.13735E+01  3.94420E+00  1.60918E+02  1.18040E+02  3.70890E+00  6.80256E-02  1.27700E-01  3.00000E-01 -1.02467E-02  0.00000E+00  3.00000E-01
      55  1.60547E-03  1.74683E-03 -7.98626E+01 -7.26749E+01  2.99110E+00  1.77173E+02  1.64762E+02  3.44310E+00  1.59562E-01  1.01500E-01  3.00000E-01  5.89523E-03  0.00000E+00  3.00000E-01
      56  2.41046E-03  2.31536E-03 -7.03933E+01 -6.05916E+01  2.90940E+00  1.93836E+02  1.76118E+02  3.11640E+00  9.50399E-02  8.47000E-02  3.00000E-01 -1.00172E-02  0.00000E+00  3.00000E-01
      57  3.95646E-03  3.59058E-03 -4.95432E+01 -3.90104E+01  2.31750E+00  1.98487E+02  2.06014E+02  2.31160E+00  3.25172E-02  5.45000E-02  3.00000E-01 -5.51451E-03  0.00000E+00  3.00000E-01
      58  7.33416E-03  6.83463E-03 -2.92294E+01 -3.44129E+01  2.42660E+00  1.85767E+02  2.06800E+02  2.04820E+00  2.12596E-02  4.81000E-02  3.00000E-01 -1.34070E-02  0.00000E+00  3.00000E-01
      59  5.40770E-03  4.83159E-03 -6.94573E+01 -7.06768E+01  3.54790E+00  1.57043E+02  1.21332E+02  3.99690E+00  4.74043E-02  9.87000E-02  3.00000E-01 -1.54870E-02  0.00000E+00  3.00000E-01
      60  1.00899E-03  1.05809E-03 -6.97100E+01 -6.58570E+01  4.59500E+00  1.55677E+02  1.38512E+02  5.63270E+00  1.34353E-01  9.20000E-02  3.00000E-01  1.06790E-02  0.00000E+00  3.00000E-01
      61  1.40311E-03  1.47133E-03 -6.84859E+01 -5.91339E+01  3.37190E+00  1.67070E+02  1.71291E+02  3.71740E+00  1.04228E-01  8.26000E-02  3.00000E-01  1.98530E-02  0.00000E+00  3.00000E-01
      62  2.08762E-03  1.94827E-03 -5.82038E+01 -4.92578E+01  3.20750E+00  1.82445E+02  1.70370E+02  3.17090E+00  4.40743E-02  6.88000E-02  3.00000E-01  1.17055E-02  0.00000E+00  3.00000E-01
      63  1.29262E-02  1.27917E-02 -1.54724E+01 -1.66150E+01  2.31170E+00  1.84113E+02  2.14012E+02  2.27080E+00  1.68883E-02  2.32000E-02  3.00000E-01 -4.22708E-02  0.00000E+00  3.00000E-01
      64  3.36190E-03  2.94705E-03 -3.70482E+01 -3.48226E+01  3.01100E+00  1.84573E+02  1.92501E+02  3.20530E+00  1.63577E-04  4.87000E-02  3.00000E-01  2.78107E-02  0.00000E+00  3.00000E-01
      65  3.24146E-03  3.25750E-03 -5.16258E+01 -4.67406E+01  4.32920E+00  1.39901E+02  1.29943E+02  4.18700E+00  4.67611E-02  6.53000E-02  3.00000E-01  1.83984E-02  0.00000E+00  3.00000E-01
      66  1.62288E-02  1.52183E-02 -4.62932E+00 -9.71960E+00  1.98640E+00  1.76909E+02  2.04650E+02  1.82760E+00 -2.21393E-03  1.36000E-02  3.00000E-01 -6.17549E-03  0.00000E+00  3.00000E-01
      67  2.91442E-02  2.91004E-02  6.37334E+00  1.97364E+01  1.65850E+00  1.84917E+02  2.10271E+02  1.68840E+00 -7.26343E-03 -2.76000E-02  3.00000E-01 -4.84803E-02  0.00000E+00  3.00000E-01
      68  1.28766E-02  1.25611E-02 -5.42480E+01 -5.53930E+01  7.43740E+00  1.05782E+02  9.90821E+01  6.39610E+00  5.52802E-02  7.74000E-02  3.00000E-01  1.09159E-02  0.00000E+00  3.00000E-01
      69  1.64507E-03  1.53357E-03 -4.06055E+01 -3.85227E+01  2.88670E+00  1.66754E+02  1.74375E+02  3.53670E+00  1.11981E-02  5.38000E-02  3.00000E-01  3.76594E-02  0.00000E+00  3.00000E-01
      70  6.08167E-03  5.67981E-03  6.67881E+00  1.72862E+01  3.27700E+00  1.29841E+02  1.21636E+02  3.75850E+00  3.22795E-02 -2.42000E-02  3.00000E-01  7.49218E-02  0.00000E+00  3.00000E-01
      71  2.47359E-03  2.13059E-03 -2.33905E+01 -1.98976E+01  3.89570E+00  1.70822E+02  1.70702E+02  3.88190E+00 -1.80090E-02  2.78000E-02  3.00000E-01  5.09039E-02  0.00000E+00  3.00000E-01
      72  9.35559E-03  8.41165E-03  2.17990E+01  2.54342E+01  2.23560E+00  1.77455E+02  1.98916E+02  2.20800E+00  2.43777E-03 -3.55000E-02  3.00000E-01  2.76191E-02  0.00000E+00  3.00000E-01
      73  4.11866E-03  3.58684E-03  3.08454E+01  3.19210E+01  2.31940E+00  1.70973E+02  1.72709E+02  2.61440E+00  3.72456E-03 -4.46000E-02  3.00000E-01  3.90846E-02  0.00000E+00  3.00000E-01
      74  3.88766E-03  3.36386E-03 -3.08729E+00 -3.07820E+00  3.50300E+00  1.65837E+02  1.78698E+02  3.01190E+00 -2.83547E-03  4.30000E-03  3.00000E-01  5.20707E-02  0.00000E+00  3.00000E-01
      75  5.42531E-03  4.94444E-03 -4.83214E+01 -3.44652E+01  5.16830E+00  1.53746E+02  1.07433E+02  5.64620E+00  2.77721E-02  4.82000E-02  3.00000E-01 -3.20330E-02  0.00000E+00  3.00000E-01
      76  1.28514E-02  1.26735E-02  1.52399E+01  1.63027E+01  2.61890E+00  1.82830E+02  2.13903E+02  2.26050E+00 -1.80924E-02 -2.28000E-02  3.00000E-01 -3.85935E-02  0.00000E+00  3.00000E-01
      77  1.33877E-02  1.27491E-02 -4.10571E+01 -1.55468E+02  5.77590E+00  7.11470E+01  6.82334E+01  7.73900E+00 -1.65362E-01  2.17200E-01  3.00000E-01  7.06647E-02  0.00000E+00  3.00000E-01
      78  9.13856E-03  6.17210E-03 -1.42018E+01 -2.14718E+02  6.11990E+00  3.08989E+01  5.66170E+01  9.13570E+00 -3.18188E-02  3.00000E-01  3.00000E-01  1.16881E-02  0.00000E+00  3.00000E-01
      79  1.46669E-03  1.42200E-03 -2.94120E+01 -2.66730E+01  4.69660E+00  1.30898E+02  1.32862E+02  5.12060E+00  7.23035E-03  3.73000E-02  3.00000E-01  5.17174E-02  0.00000E+00  3.00000E-01
      80  1.23028E-03  1.12338E-03 -2.44854E+01 -2.19635E+01  3.75400E+00  1.49317E+02  1.45756E+02  4.26770E+00  7.82863E-03  3.07000E-02  3.00000E-01  5.20846E-02  0.00000E+00  3.00000E-01
      81  2.16485E-03  2.12407E-03 -8.58833E+00 -1.50469E+01  4.04570E+00  1.25771E+02  1.28562E+02  4.76240E+00 -3.03533E-03  2.10000E-02  3.00000E-01  6.71124E-02  0.00000E+00  3.00000E-01
      82  1.71572E-03  1.46037E-03 -8.20104E+00 -1.69529E+01  4.11020E+00  1.57675E+02  1.64466E+02  4.08680E+00  5.24244E-04  2.37000E-02  3.00000E-01  6.45814E-02  0.00000E+00  3.00000E-01
      83  5.87670E-03  5.31038E-03  1.30257E+01  2.36044E+01  2.54170E+00  1.69433E+02  2.01731E+02  2.35250E+00 -2.63936E-03 -3.30000E-02  3.00000E-01  2.93625E-02  0.00000E+00  3.00000E-01
      84  2.39535E-03  2.04308E-03  9.20899E+00  6.25090E+00  3.73800E+00  1.61822E+02  1.71546E+02  3.66870E+00  4.90155E-03 -8.70000E-03  3.00000E-01  6.37077E-02  0.00000E+00  3.00000E-01
      85  4.75211E-03  4.31126E-03 -2.30171E+01 -1.49436E+01  5.71080E+00  1.57948E+02  1.03941E+02  6.87710E+00  7.49794E-03  2.09000E-02  3.00000E-01 -7.01558E-02  0.00000E+00  3.00000E-01
      86  1.18661E-03  1.07807E-03  6.26769E+00  5.89020E+00  3.99590E+00  1.45056E+02  1.53860E+02  4.59740E+00 -1.74091E-02 -8.20000E-03  3.00000E-01  5.78979E-02  0.00000E+00  3.00000E-01
      87  1.35500E-02  1.26164E-02  3.40206E+01  3.74109E+01  1.99580E+00  1.84615E+02  2.02812E+02  1.97070E+00 -2.14360E-02 -5.23000E-02  3.00000E-01 -6.15493E-04  0.00000E+00  3.00000E-01
      88  3.18483E-03  2.75099E-03  2.57558E+01  3.76838E+01  3.34130E+00  1.68232E+02  1.85456E+02  3.54960E+00  8.23362E-03 -5.27000E-02  3.00000E-01  5.09386E-02  0.00000E+00  3.00000E-01
      89  1.06445E-02  1.03859E-02  2.92044E+01  3.44990E+01  2.01780E+00  1.86643E+02  2.09083E+02  2.43910E+00 -3.27909E-02 -4.82000E-02  3.00000E-01 -3.53960E-02  0.00000E+00  3.00000E-01
      90  1.53564E-03  1.34359E-03  1.93349E+01  1.97254E+01  4.73350E+00  1.56199E+02  1.58949E+02  4.61790E+00 -8.81092E-03 -2.76000E-02  3.00000E-01  5.96082E-02  0.00000E+00  3.00000E-01
      91  7.33416E-03  6.85939E-03  2.89839E+01  3.44129E+01  2.42660E+00  1.86385E+02  2.06800E+02  2.04820E+00 -2.17276E-02 -4.81000E-02  3.00000E-01 -1.03014E-02  0.00000E+00  3.00000E-01
      92  1.52209E-03  1.50444E-03  9.53256E+00 -1.66190E+00  4.87370E+00  1.19219E+02  1.34958E+02  5.21500E+00 -2.82703E-02  2.30000E-03  3.00000E-01  9.36437E-02  0.00000E+00  3.00000E-01
      93  3.71651E-03  3.29624E-03  4.12504E+01  4.55340E+01  2.66940E+00  1.81186E+02  1.84950E+02  2.80100E+00 -3.21177E-03 -6.36000E-02  3.00000E-01  3.33942E-02  0.00000E+00  3.00000E-01
      94  1.90190E-03  1.69154E-03  3.55774E+01  3.67685E+01  3.88200E+00  1.66818E+02  1.70325E+02  3.90010E+00  9.79692E-03 -5.14000E-02  3.00000E-01  4.65192E-02  0.00000E+00  3.00000E-01
      95  3.04395E-03  2.78819E-03  1.21360E+01  4.09800E+00  6.29160E+00  1.31247E+02  1.28315E+02  5.83360E+00 -2.20244E-02 -5.70000E-03  3.00000E-01  8.62578E-02  0.00000E+00  3.00000E-01
      96  1.03871E-02  9.67987E-03  5.06458E+01  4.96517E+01  1.89490E+00  1.97526E+02  2.04868E+02  1.86230E+00 -5.15214E-02 -6.94000E-02  3.00000E-01 -1.63464E-02  0.00000E+00  3.00000E-01
      97  1.03463E-03  9.94555E-04  2.83223E+01  2.43638E+01  5.29040E+00  1.36113E+02  1.54438E+02  5.63680E+00 -2.57044E-02 -3.40000E-02  3.00000E-01  6.75560E-02  0.00000E+00  3.00000E-01
      98  1.23028E-03  1.15020E-03  2.51291E+01  2.19635E+01  3.75400E+00  1.46820E+02  1.45756E+02  4.26770E+00 -5.44305E-03 -3.07000E-02  3.00000E-01  5.89858E-02  0.00000E+00  3.00000E-01
      99  3.95646E-03  3.57530E-03  5.03204E+01  3.90104E+01  2.31750E+00  1.96475E+02  2.06014E+02  2.31160E+00 -3.69814E-02 -5.45000E-02  3.00000E-01 -3.12725E-03  0.00000E+00  3.00000E-01
     100  3.63803E-03  3.31713E-03  5.77331E+01  5.93916E+01  2.64100E+00  1.96408E+02  1.79503E+02  2.60000E+00 -4.33213E-02 -8.30000E-02  3.00000E-01  5.57332E-04  0.00000E+00  3.00000E-01
     101  4.40999E-03  4.23912E-03  6.19093E+01  5.56762E+01  3.02470E+00  1.83900E+02  1.67626E+02  3.00050E+00 -5.22785E-02 -7.78000E-02  3.00000E-01  9.78660E-03  0.00000E+00  3.00000E-01
     102  4.65093E-03  4.32015E-03  5.97972E+01  6.41298E+01  3.00430E+00  2.00360E+02  1.84157E+02  2.87750E+00 -6.77983E-02 -8.96000E-02  3.00000E-01 -1.25323E-02  0.00000E+00  3.00000E-01
     103  1.23156E-03  1.19887E-03  4.24821E+01  3.85853E+01  5.73760E+00  1.47782E+02  1.61140E+02  6.70480E+00 -3.70312E-02 -5.39000E-02  3.00000E-01  5.48018E-02  0.00000E+00  3.00000E-01
     104  9.85493E-03  9.38430E-03 -8.16536E+00  2.30641E+01  9.59970E+00  1.25790E+02  1.07645E+02  9.74700E+00  1.49975E-02 -3.22000E-02  3.00000E-01 -4.14067E-02  0.00000E+00  3.00000E-01
     105  2.76917E-03  2.76422E-03  3.73632E+01  3.67031E+01  5.26070E+00  1.27543E+02  1.39582E+02  5.24910E+00 -2.81091E-02 -5.13000E-02  3.00000E-01  6.33895E-02  0.00000E+00  3.00000E-01
     106  2.08762E-03  1.98303E-03  5.75135E+01  4.92578E+01  3.20750E+00  1.86459E+02  1.70370E+02  3.17090E+00 -4.24955E-02 -6.88000E-02  3.00000E-01  3.94753E-03  0.00000E+00  3.00000E-01
     107  1.39072E-03  1.40366E-03  6.14880E+01  4.86514E+01  5.14740E+00  1.57277E+02  1.61512E+02  5.38590E+00 -6.54588E-02 -6.80000E-02  3.00000E-01  2.99334E-02  0.00000E+00  3.00000E-01
     108  5.58888E-03  5.45753E-03  7.93945E+01  7.60691E+01  2.84590E+00  1.97582E+02  1.68728E+02  3.07360E+00 -1.32779E-01 -1.06300E-01  3.00000E-01 -1.10490E-02  0.00000E+00  3.00000E-01
     109  1.59959E-03  1.59587E-03  3.95727E+01  3.12237E+01  4.52500E+00  1.31285E+02  1.28783E+02  4.74540E+00 -3.16492E-02 -4.36000E-02  3.00000E-01  3.07747E-02  0.00000E+00  3.00000E-01
     110  2.41046E-03  2.33699E-03  7.25376E+01  6.05916E+01  2.90940E+00  1.94302E+02  1.76118E+02  3.11640E+00 -8.91175E-02 -8.47000E-02  3.00000E-01 -8.75959E-03  0.00000E+00  3.00000E-01
     111  3.22140E-03  3.08482E-03  7.64822E+01  6.87448E+01  2.57530E+00  2.03359E+02  1.75875E+02  2.77020E+00 -1.16800E-01 -9.60000E-02  3.00000E-01 -2.10622E-02  0.00000E+00  3.00000E-01
     112  2.65505E-03  2.64184E-03  5.61294E+01  5.27820E+01  4.76920E+00  1.45389E+02  1.32920E+02  4.55460E+00 -6.13119E-02 -7.37000E-02  3.00000E-01  2.29025E-02  0.00000E+00  3.00000E-01
     113  2.47299E-03  2.46398E-03  8.03390E+01  6.44952E+01  3.38250E+00  1.96390E+02  1.68797E+02  3.75640E+00 -1.40156E-01 -9.01000E-02  3.00000E-01 -1.23678E-02  0.00000E+00  3.00000E-01
     114  1.47074E-03  1.55910E-03  7.27625E+01  6.09376E+01  3.68380E+00  1.70931E+02  1.44153E+02  4.23210E+00 -1.17748E-01 -8.51000E-02  3.00000E-01  5.77061E-03  0.00000E+00  3.00000E-01
     115  2.41210E-03  2.52086E-03  6.76588E+01  6.14871E+01  2.71850E+00  1.61701E+02  1.61346E+02  3.10260E+00 -1.06464E-01 -8.59000E-02  3.00000E-01  1.20871E-02  0.00000E+00  3.00000E-01
     116  4.85924E-03  4.64941E-03  5.31928E+01  2.17985E+01  7.38860E+00  1.45027E+02  1.05102E+02  7.90260E+00 -4.76146E-02 -3.05000E-02  3.00000E-01 -3.49760E-02  0.00000E+00  3.00000E-01
     117  2.10040E-03  2.16402E-03  8.04281E+01  6.88558E+01  4.02080E+00  1.87626E+02  1.48397E+02  3.99660E+00 -1.44879E-01 -9.62000E-02  3.00000E-01  4.48237E-03  0.00000E+00  3.00000E-01
     118  2.68487E-03  2.75448E-03  6.15592E+01  5.92784E+01  5.08820E+00  1.48001E+02  1.31205E+02  5.16520E+00 -9.27679E-02 -8.28000E-02  3.00000E-01  7.87843E-03  0.00000E+00  3.00000E-01
     119  1.60547E-03  1.76980E-03  7.99587E+01  7.26749E+01  2.99110E+00  1.73691E+02  1.64762E+02  3.44310E+00 -1.58351E-01 -1.01500E-01  3.00000E-01  1.77813E-02  0.00000E+00  3.00000E-01
     120  8.03854E-03  7.47050E-03  4.77592E+01  5.09015E+01  5.64670E+00  1.67777E+02  1.16348E+02  5.83170E+00 -1.88284E-02 -7.11000E-02  3.00000E-01 -5.65994E-02  0.00000E+00  3.00000E-01
     121  2.27257E-03  2.35597E-03  8.69319E+01  7.61701E+01  3.84970E+00  1.90708E+02  1.60800E+02  3.58570E+00 -1.75323E-01 -1.06400E-01  3.00000E-01  1.28521E-03  0.00000E+00  3.00000E-01
     122  2.83506E-03  3.21821E-03  8.46250E+01  8.27018E+01  3.09000E+00  1.66379E+02  1.44534E+02  3.77070E+00 -1.99346E-01 -1.15500E-01  3.00000E-01  2.80715E-02  0.00000E+00  3.00000E-01
     123  3.41115E-03  3.81438E-03  8.86075E+01  8.16806E+01  2.73720E+00  1.69822E+02  1.52411E+02  2.86250E+00 -2.23181E-01 -1.14100E-01  3.00000E-01  4.01551E-02  0.00000E+00  3.00000E-01
     124  2.93032E-03  3.25509E-03  8.30600E+01  8.51497E+01  2.39760E+00  1.69466E+02  1.62344E+02  2.28950E+00 -1.91121E-01 -1.19000E-01  3.00000E-01  2.05518E-02  0.00000E+00  3.00000E-01
     125  1.92749E-03  2.12127E-03  8.84525E+01  8.14300E+01  3.54520E+00  1.78155E+02  1.60441E+02  3.61190E+00 -2.14808E-01 -1.13800E-01  3.00000E-01  1.79068E-02  0.00000E+00  3.00000E-01
     126  1.65095E-03  1.87695E-03  8.95485E+01  9.10898E+01  3.34400E+00  1.67843E+02  1.61695E+02  3.60620E+00 -2.28175E-01 -1.27300E-01  3.00000E-01  4.35165E-02  0.00000E+00  3.00000E-01
     127  1.05965E-03  1.16811E-03  6.99538E+01  7.22056E+01  4.37510E+00  1.61091E+02  1.27268E+02  4.80780E+00 -1.57201E-01 -1.00900E-01  3.00000E-01 -9.22449E-03  0.00000E+00  3.00000E-01
     128  1.14797E-03  1.26299E-03  7.61861E+01  7.95708E+01  3.64480E+00  1.61888E+02  1.44946E+02  4.05920E+00 -1.71481E-01 -1.11200E-01  3.00000E-01  1.44686E-03  0.00000E+00  3.00000E-01
     129  4.85228E-03  4.31255E-03  7.07987E+01  8.53516E+01  4.42960E+00  1.63755E+02  1.15338E+02  5.08700E+00 -3.36350E-02 -1.19300E-01  3.00000E-01 -1.82848E-02  0.00000E+00  3.00000E-01
     130  3.67954E-03  3.28394E-03  5.19017E+01  5.04692E+01  5.06090E+00  1.49592E+02  1.17951E+02  5.57950E+00 -8.32749E-03 -7.05000E-02  3.00000E-01 -1.18586E-05  0.00000E+00  3.00000E-01
     131  2.72557E-03  2.99975E-03  9.51290E+01  9.52033E+01  3.35160E+00  1.52683E+02  1.44592E+02  3.36560E+00 -2.40817E-01 -1.33000E-01  3.00000E-01  7.71119E-02  0.00000E+00  3.00000E-01
     132  2.89686E-03  2.81712E-03  7.62807E+01  9.59976E+01  4.33880E+00  1.57471E+02  1.25222E+02  4.68940E+00 -1.44922E-01 -1.34100E-01  3.00000E-01  1.34425E-02  0.00000E+00  3.00000E-01
     133  6.10500E-03  6.01765E-03  9.52166E+01  8.64738E+01  4.31310E+00  1.57430E+02  1.08404E+02  4.79760E+00 -8.23402E-02 -1.20800E-01  3.00000E-01 -1.44665E-02  0.00000E+00  3.00000E-01
     134  1.26100E-03  1.33645E-03  8.85269E+01  9.18239E+01  4.08350E+00  1.54370E+02  1.37606E+02  4.08200E+00 -2.26144E-01 -1.28300E-01  3.00000E-01  4.80737E-02  0.00000E+00  3.00000E-01
     135  1.12874E-02  1.16788E-02  6.14423E+01  9.52826E+01  8.11970E+00  1.34099E+02  1.02093E+02  6.80250E+00 -2.36988E-02 -1.33100E-01  3.00000E-01 -2.85237E-02  0.00000E+00  3.00000E-01
     136  1.25680E-03  1.35889E-03  8.57358E+01  9.20753E+01  3.96280E+00  1.54680E+02  1.46072E+02  3.57010E+00 -2.26544E-01 -1.28600E-01  3.00000E-01  5.00065E-02  0.00000E+00  3.00000E-01
     137  2.45765E-03  2.54742E-03  9.46524E+01  9.12632E+01  3.29800E+00  1.49196E+02  1.39211E+02  3.28030E+00 -2.21297E-01 -1.27500E-01  3.00000E-01  7.21813E-02  0.00000E+00  3.00000E-01
     138  3.20993E-03  3.10324E-03  6.58132E+01  8.24222E+01  3.56590E+00  1.57307E+02  1.26230E+02  3.92700E+00 -9.65781E-02 -1.15200E-01  3.00000E-01 -1.12678E-02  0.00000E+00  3.00000E-01
     139  3.14311E-03  2.67046E-03  8.32513E+01  9.89743E+01  3.80460E+00  1.62312E+02  1.11957E+02  3.76270E+00 -3.29564E-02 -1.38300E-01  3.00000E-01 -1.03522E-02  0.00000E+00  3.00000E-01
     140  2.16173E-03  1.97621E-03  9.35256E+01  9.70276E+01  4.30390E+00  1.53119E+02  1.29884E+02  4.05950E+00 -1.46964E-01 -1.35600E-01  3.00000E-01  5.87048E-02  0.00000E+00  3.00000E-01
     141  2.81751E-03  2.44067E-03  8.18979E+01  1.05362E+02  4.43740E+00  1.56012E+02  1.25949E+02  4.98880E+00 -1.04618E-01 -1.47200E-01  3.00000E-01  2.25486E-02  0.00000E+00  3.00000E-01
     142  7.38167E-03  6.23181E-03  1.10385E+02  1.30449E+02  4.55590E+00  1.64423E+02  1.11069E+02  4.77790E+00 -8.11139E-02 -1.82300E-01  3.00000E-01 -2.86034E-02  0.00000E+00  3.00000E-01
     143  4.25213E-03  3.39905E-03  1.14398E+02  1.22448E+02  4.22050E+00  1.70125E+02  1.22967E+02  4.61680E+00 -7.00835E-02 -1.71100E-01  3.00000E-01  2.16654E-03  0.00000E+00  3.00000E-01
     144  1.36557E-02  1.42775E-02  5.85098E+01  1.42943E+02  7.38560E+00  9.42170E+01  8.77775E+01  7.51160E+00  4.21692E-02 -1.99700E-01  3.00000E-01 -2.54010E-02  0.00000E+00  3.00000E-01
     145  9.71084E-04  7.67858E-04  9.61632E+01  1.05273E+02  4.89950E+00  1.59319E+02  1.22078E+02  5.21350E+00 -6.79016E-02 -1.47100E-01  3.00000E-01  2.36070E-02  0.00000E+00  3.00000E-01
     146  5.73162E-03  4.87491E-03  1.18369E+02  1.17864E+02  3.54300E+00  1.61657E+02  1.11039E+02  3.97860E+00 -8.61090E-02 -1.64700E-01  3.00000E-01 -1.31413E-02  0.00000E+00  3.00000E-01
     147  2.53145E-03  1.91315E-03  1.20896E+02  1.16630E+02  4.58890E+00  1.73809E+02  1.15629E+02  5.27200E+00 -3.65363E-02 -1.63000E-01  3.00000E-01 -1.37503E-03  0.00000E+00  3.00000E-01
     148  7.57355E-03  6.70430E-03  1.55853E+02  1.38060E+02  4.37150E+00  1.63341E+02  1.11025E+02  4.52190E+00 -1.11906E-01 -1.92900E-01  3.00000E-01 -8.89728E-03  0.00000E+00  3.00000E-01
     149  1.86381E-02  2.00872E-02  9.73584E+01  1.84203E+02  4.12540E+00  1.09499E+02  8.31491E+01  4.92460E+00 -8.64112E-02 -2.57400E-01  3.00000E-01  2.47115E-02  0.00000E+00  3.00000E-01
     150  1.36023E-02  1.30691E-02  1.33098E+02  1.49848E+02  3.14210E+00  1.44277E+02  9.61340E+01  3.36050E+00 -6.95532E-02 -2.09400E-01  3.00000E-01  2.34051E-02  0.00000E+00  3.00000E-01
     151  1.70417E-02  1.86220E-02  8.07084E+01  1.40762E+02  4.94690E+00  1.00043E+02  8.62257E+01  5.18530E+00 -8.41302E-02 -1.96700E-01  3.00000E-01  3.45216E-02  0.00000E+00  3.00000E-01
     152  2.83714E-02  2.47867E-02  6.68452E+01  2.05386E+02  3.59980E+00  1.05894E+02  6.31672E+01  4.93640E+00  8.03965E-02 -2.87000E-01  3.00000E-01 -2.27804E-02  0.00000E+00  3.00000E-01
