         152           4
       1  1.11872E-02  1.03662E-02 -4.97611E+01 -5.51457E+01  2.09680E+00  1.98242E+02  1.93500E+02  2.07980E+00  4.14103E-02  7.70000E-02  3.00000E-01 -1.94275E-02  0.00000E+00  3.00000E-01
       2  5.70130E-03  5.48743E-03 -8.06263E+01 -7.20331E+01  2.11870E+00  1.95575E+02  1.73297E+02  2.29780E+00  1.21647E-01  1.00600E-01  3.00000E-01 -1.10260E-02  0.00000E+00  3.00000E-01
       3  5.20937E-03  5.05660E-03 -8.09412E+01 -7.03214E+01  2.97040E+00  1.88094E+02  1.57694E+02  3.02370E+00  9.66611E-02  9.83000E-02  3.00000E-01 -4.28299E-04  0.00000E+00  3.00000E-01
       4  3.63803E-03  3.31088E-03 -5.88799E+01 -5.93916E+01  2.64100E+00  1.96207E+02  1.79503E+02  2.60000E+00  3.73414E-02  8.30000E-02  3.00000E-01 -7.01493E-03  0.00000E+00  3.00000E-01
       5  6.40447E-03  5.97788E-03 -3.93291E+01 -4.29252E+01  2.62700E+00  1.90686E+02  2.03949E+02  2.49860E+00  2.02406E-02  6.00000E-02  3.00000E-01 -5.01052E-03  0.00000E+00  3.00000E-01
       6  1.84434E-03  1.95055E-03 -9.15598E+01 -7.66923E+01  4.18970E+00  1.68165E+02  1.53159E+02  4.23960E+00  1.74090E-01  1.07200E-01  3.00000E-01  4.42234E-02  0.00000E+00  3.00000E-01
       7  3.70911E-03  3.72101E-03 -7.09263E+01 -6.08558E+01  2.81680E+00  1.76065E+02  1.54194E+02  3.00380E+00  7.47420E-02  8.50000E-02  3.00000E-01  1.83051E-02  0.00000E+00  3.00000E-01
       8  3.71651E-03  3.27649E-03 -3.60548E+01 -4.55340E+01  2.66940E+00  1.86102E+02  1.84950E+02  2.80100E+00 -1.55091E-03  6.36000E-02  3.00000E-01  2.89771E-02  0.00000E+00  3.00000E-01
       9  2.51829E-03  2.79425E-03 -8.72512E+01 -7.37064E+01  3.32630E+00  1.46793E+02  1.33986E+02  3.59880E+00  1.45421E-01  1.03000E-01  3.00000E-01  6.83009E-02  0.00000E+00  3.00000E-01
      10  3.56234E-03  3.46531E-03 -4.93597E+01 -5.00778E+01  3.24950E+00  1.74960E+02  1.67266E+02  3.32320E+00  4.27884E-02  7.00000E-02  3.00000E-01  2.60656E-02  0.00000E+00  3.00000E-01
      11  1.37642E-03  1.54044E-03 -9.44412E+01 -8.66754E+01  3.87500E+00  1.45612E+02  1.46387E+02  5.24270E+00  1.78081E-01  1.21100E-01  3.00000E-01  8.22252E-02  0.00000E+00  3.00000E-01
      12  1.30222E-02  1.19910E-02 -1.62289E+01 -2.61590E+01  1.95760E+00  1.78419E+02  2.01454E+02  1.89660E+00  6.29328E-03  3.65000E-02  3.00000E-01  1.72707E-02  0.00000E+00  3.00000E-01
      13  5.08673E-03  4.54084E-03 -2.50151E+01 -3.72943E+01  2.53240E+00  1.78436E+02  1.78601E+02  2.62510E+00  7.40761E-03  5.21000E-02  3.00000E-01  3.34101E-02  0.00000E+00  3.00000E-01
      14  1.06445E-02  1.03768E-02 -2.80221E+01 -3.44990E+01  2.01780E+00  1.86838E+02  2.09083E+02  2.43910E+00  2.54948E-02  4.82000E-02  3.00000E-01 -2.43213E-02  0.00000E+00  3.00000E-01
      15  1.28514E-02  1.27579E-02 -1.19598E+01 -1.63027E+01  2.61890E+00  1.82935E+02  2.13903E+02  2.26050E+00  9.80577E-03  2.28000E-02  3.00000E-01 -2.58715E-02  0.00000E+00  3.00000E-01
      16  2.63649E-03  2.64109E-03 -3.14308E+01 -3.87077E+01  4.33610E+00  1.48549E+02  1.50981E+02  4.82940E+00  3.56245E-02  5.41000E-02  3.00000E-01  2.96629E-02  0.00000E+00  3.00000E-01
      17  9.87356E-03  8.95193E-03 -5.24674E+01 -6.05436E+01  3.43570E+00  1.56968E+02  1.25864E+02  3.59830E+00  5.20769E-02  8.46000E-02  3.00000E-01  2.51832E-03  0.00000E+00  3.00000E-01
      18  1.53564E-03  1.42773E-03 -1.70635E+01 -1.97254E+01  4.73350E+00  1.68963E+02  1.58949E+02  4.61790E+00 -5.11088E-03  2.76000E-02  3.00000E-01  1.44019E-02  0.00000E+00  3.00000E-01
      19  4.11107E-03  3.66879E-03  4.98090E+00  4.25290E+00  2.76540E+00  1.74813E+02  1.68387E+02  2.73010E+00 -8.33003E-04 -5.90000E-03  3.00000E-01  2.35529E-02  0.00000E+00  3.00000E-01
      20  4.09600E-03  4.19400E-03 -2.29355E+01 -1.64615E+01  3.52970E+00  1.43937E+02  1.43857E+02  3.54450E+00  1.72097E-02  2.30000E-02  3.00000E-01  4.05057E-02  0.00000E+00  3.00000E-01
      21  3.88766E-03  3.40280E-03  8.76982E+00  3.07820E+00  3.50300E+00  1.75441E+02  1.78698E+02  3.01190E+00  4.20349E-03 -4.30000E-03  3.00000E-01  3.96635E-02  0.00000E+00  3.00000E-01
      22  1.02351E-02  9.87711E-03  4.10244E+00  7.42610E+00  2.47200E+00  1.80110E+02  2.04616E+02  2.28450E+00 -6.14261E-04 -1.04000E-02  3.00000E-01 -1.37300E-02  0.00000E+00  3.00000E-01
      23  2.09485E-03  2.15582E-03  8.98783E+00  6.42000E-02  3.23530E+00  1.51218E+02  1.46307E+02  3.75370E+00 -6.25098E-03 -1.00000E-04  3.00000E-01  2.78792E-02  0.00000E+00  3.00000E-01
      24  7.16826E-03  6.96242E-03 -3.67311E+01 -4.05902E+01  1.00825E+01  1.35798E+02  1.11405E+02  1.00086E+01  5.22564E-03  5.67000E-02  3.00000E-01 -2.63702E-02  0.00000E+00  3.00000E-01
      25  7.36945E-03  7.14603E-03 -9.95556E+00 -1.27600E-01  6.76040E+00  1.53778E+02  1.10589E+02  7.09400E+00  6.22603E-03  2.00000E-04  3.00000E-01 -7.36014E-02  0.00000E+00  3.00000E-01
      26  1.03624E-02  9.88977E-03 -6.16125E+01 -8.73687E+01  8.21170E+00  1.20578E+02  1.02161E+02  7.20870E+00  2.75257E-02  1.22100E-01  3.00000E-01  1.36223E-02  0.00000E+00  3.00000E-01
      27  3.33212E-03  3.20150E-03 -8.23722E+01 -8.97611E+01  4.07440E+00  1.40906E+02  1.22064E+02  4.59060E+00  7.44430E-02  1.25400E-01  3.00000E-01  4.63330E-02  0.00000E+00  3.00000E-01
      28  1.26100E-03  1.32208E-03 -9.32546E+01 -9.18239E+01  4.08350E+00  1.42254E+02  1.37606E+02  4.08200E+00  1.91736E-01  1.28300E-01  3.00000E-01  9.36140E-02  0.00000E+00  3.00000E-01
      29  1.56682E-03  1.75001E-03 -9.29811E+01 -8.53951E+01  3.61540E+00  1.57273E+02  1.51784E+02  3.88060E+00  2.21431E-01  1.19300E-01  3.00000E-01  6.38817E-02  0.00000E+00  3.00000E-01
      30  3.47699E-03  2.93781E-03 -9.02464E+01 -1.14358E+02  4.66580E+00  1.47309E+02  1.22178E+02  4.97350E+00  5.05657E-02  1.59800E-01  3.00000E-01  5.38811E-02  0.00000E+00  3.00000E-01
      31  1.92749E-03  2.06855E-03 -8.46987E+01 -8.14300E+01  3.54520E+00  1.76378E+02  1.60441E+02  3.61190E+00  1.85848E-01  1.13800E-01  3.00000E-01  1.82155E-02  0.00000E+00  3.00000E-01
      32  1.03445E-02  1.00516E-02 -1.16996E+02 -1.32051E+02  4.99940E+00  1.55539E+02  1.03527E+02  5.06440E+00  8.21796E-02  1.84500E-01  3.00000E-01 -6.25487E-03  0.00000E+00  3.00000E-01
      33  6.48277E-03  5.03732E-03 -1.31573E+02 -1.24535E+02  3.79810E+00  1.76184E+02  1.22670E+02  4.11950E+00  4.76678E-02  1.74000E-01  3.00000E-01  1.17700E-02  0.00000E+00  3.00000E-01
      34  3.29359E-03  3.07132E-03 -9.31329E+01 -9.57580E+01  3.50070E+00  1.49052E+02  1.29370E+02  3.37900E+00  1.41262E-01  1.33800E-01  3.00000E-01  8.18879E-02  0.00000E+00  3.00000E-01
      35  1.26296E-02  1.18196E-02 -1.56659E+02 -1.52696E+02  3.72370E+00  1.48561E+02  9.98517E+01  3.80120E+00  7.34277E-02  2.13300E-01  3.00000E-01  2.52243E-02  0.00000E+00  3.00000E-01
      36  1.32579E-03  1.46962E-03 -9.46194E+01 -9.03990E+01  3.94300E+00  1.50008E+02  1.43693E+02  3.89150E+00  2.24537E-01  1.26300E-01  3.00000E-01  9.05516E-02  0.00000E+00  3.00000E-01
      37  1.30718E-02  1.46896E-02 -8.92155E+01 -1.61801E+02  6.01230E+00  9.90948E+01  8.50652E+01  6.60920E+00  1.09070E-01  2.26100E-01  3.00000E-01  4.56442E-02  0.00000E+00  3.00000E-01
      38  5.20918E-03  4.09300E-03 -1.17270E+02 -1.11794E+02  2.99430E+00  1.66074E+02  1.19721E+02  3.35420E+00  2.16417E-02  1.56200E-01  3.00000E-01  5.27126E-02  0.00000E+00  3.00000E-01
      39  2.72557E-03  2.98268E-03 -9.42416E+01 -9.52033E+01  3.35160E+00  1.51143E+02  1.44592E+02  3.36560E+00  2.16470E-01  1.33000E-01  3.00000E-01  8.66647E-02  0.00000E+00  3.00000E-01
      40  1.27365E-02  1.00140E-02 -4.27941E+01 -1.97637E+02  6.00790E+00  8.30324E+01  6.55906E+01  7.20350E+00 -1.88637E-01  2.76100E-01  3.00000E-01  1.25760E-01  0.00000E+00  3.00000E-01
      41  9.99181E-03  1.06024E-02 -1.04894E+02 -1.65616E+02  4.30430E+00  1.12721E+02  8.33342E+01  4.77530E+00  8.48686E-02  2.31400E-01  3.00000E-01  1.03227E-01  0.00000E+00  3.00000E-01
      42  6.42479E-03  5.71357E-03 -1.32138E+02 -1.25516E+02  3.53720E+00  1.58055E+02  1.04361E+02  3.94210E+00  9.22146E-02  1.75400E-01  3.00000E-01  4.75651E-03  0.00000E+00  3.00000E-01
      43  1.35066E-02  1.61082E-02 -1.17978E+02 -2.00253E+02  4.68790E+00  8.58017E+01  7.05455E+01  6.39010E+00  1.86344E-01  2.79800E-01  3.00000E-01  1.19714E-01  0.00000E+00  3.00000E-01
      44  3.01335E-03  2.26894E-03 -1.03202E+02 -1.13573E+02  4.52250E+00  1.63193E+02  1.17822E+02  4.77830E+00  1.97037E-02  1.58700E-01  3.00000E-01  3.20650E-02  0.00000E+00  3.00000E-01
      45  1.25680E-03  1.36034E-03 -9.30896E+01 -9.20753E+01  3.96280E+00  1.41819E+02  1.46072E+02  3.57010E+00  1.95952E-01  1.28600E-01  3.00000E-01  8.15205E-02  0.00000E+00  3.00000E-01
      46  1.65095E-03  1.87516E-03 -8.89397E+01 -9.10898E+01  3.34400E+00  1.62034E+02  1.61695E+02  3.60620E+00  1.90256E-01  1.27300E-01  3.00000E-01  4.70168E-02  0.00000E+00  3.00000E-01
      47  3.33790E-03  3.04836E-03 -8.49732E+01 -9.81729E+01  3.58330E+00  1.41742E+02  1.21180E+02  4.10090E+00  6.25954E-02  1.37200E-01  3.00000E-01  4.47734E-02  0.00000E+00  3.00000E-01
      48  4.74556E-03  4.80697E-03 -8.63374E+01 -6.95816E+01  2.54100E+00  1.87263E+02  1.64613E+02  2.59370E+00  1.30071E-01  9.72000E-02  3.00000E-01  5.62134E-03  0.00000E+00  3.00000E-01
      49  1.23583E-03  1.40594E-03 -9.38683E+01 -8.82302E+01  3.46790E+00  1.36693E+02  1.57875E+02  3.15310E+00  1.65890E-01  1.23300E-01  3.00000E-01  9.25985E-02  0.00000E+00  3.00000E-01
      50  1.69448E-03  1.85913E-03 -8.83560E+01 -8.23289E+01  3.31840E+00  1.63003E+02  1.67328E+02  3.32990E+00  1.52226E-01  1.15000E-01  3.00000E-01  4.45917E-02  0.00000E+00  3.00000E-01
      51  8.72558E-03  9.24466E-03 -8.92941E+01 -1.07611E+02  5.32290E+00  1.39804E+02  9.51285E+01  5.75030E+00  5.57766E-02  1.50400E-01  3.00000E-01  2.19232E-03  0.00000E+00  3.00000E-01
      52  3.85081E-03  3.54524E-03 -6.67395E+01 -5.18417E+01  2.48570E+00  2.02516E+02  2.05582E+02  2.37090E+00  6.39721E-02  7.24000E-02  3.00000E-01 -2.78153E-02  0.00000E+00  3.00000E-01
      53  1.14797E-03  1.30138E-03 -8.16438E+01 -7.95708E+01  3.64480E+00  1.48250E+02  1.44946E+02  4.05920E+00  1.43954E-01  1.11200E-01  3.00000E-01  4.65081E-02  0.00000E+00  3.00000E-01
      54  2.58632E-03  2.38519E-03 -8.08959E+01 -9.13735E+01  3.94420E+00  1.53567E+02  1.18040E+02  3.70890E+00  4.42744E-02  1.27700E-01  3.00000E-01  2.05231E-02  0.00000E+00  3.00000E-01
      55  1.60547E-03  1.74024E-03 -8.06820E+01 -7.26749E+01  2.99110E+00  1.65791E+02  1.64762E+02  3.44310E+00  1.22517E-01  1.01500E-01  3.00000E-01  2.65132E-02  0.00000E+00  3.00000E-01
      56  2.41046E-03  2.31079E-03 -7.07300E+01 -6.05916E+01  2.90940E+00  1.90765E+02  1.76118E+02  3.11640E+00  6.46252E-02  8.47000E-02  3.00000E-01 -1.05996E-02  0.00000E+00  3.00000E-01
      57  3.95646E-03  3.52345E-03 -5.42222E+01 -3.90104E+01  2.31750E+00  1.95853E+02  2.06014E+02  2.31160E+00  2.44035E-02  5.45000E-02  3.00000E-01 -1.95113E-03  0.00000E+00  3.00000E-01
      58  7.33416E-03  6.89989E-03 -3.21805E+01 -3.44129E+01  2.42660E+00  1.86373E+02  2.06800E+02  2.04820E+00  1.65042E-02  4.81000E-02  3.00000E-01 -4.24111E-03  0.00000E+00  3.00000E-01
      59  5.40770E-03  4.72583E-03 -6.27403E+01 -7.06768E+01  3.54790E+00  1.61989E+02  1.21332E+02  3.99690E+00  4.19188E-02  9.87000E-02  3.00000E-01 -1.00545E-02  0.00000E+00  3.00000E-01
      60  1.00899E-03  1.06963E-03 -5.83618E+01 -6.58570E+01  4.59500E+00  1.50535E+02  1.38512E+02  5.63270E+00  1.02619E-01  9.20000E-02  3.00000E-01  1.86393E-02  0.00000E+00  3.00000E-01
      61  1.40311E-03  1.45664E-03 -5.75052E+01 -5.91339E+01  3.37190E+00  1.64716E+02  1.71291E+02  3.71740E+00  7.57097E-02  8.26000E-02  3.00000E-01  1.62968E-02  0.00000E+00  3.00000E-01
      62  2.08762E-03  1.96902E-03 -5.51254E+01 -4.92578E+01  3.20750E+00  1.81242E+02  1.70370E+02  3.17090E+00  4.09994E-02  6.88000E-02  3.00000E-01  1.94095E-02  0.00000E+00  3.00000E-01
      63  1.29262E-02  1.29075E-02 -1.58240E+01 -1.66150E+01  2.31170E+00  1.82947E+02  2.14012E+02  2.27080E+00  1.25845E-02  2.32000E-02  3.00000E-01 -2.59951E-02  0.00000E+00  3.00000E-01
      64  3.36190E-03  2.96933E-03 -3.93544E+01 -3.48226E+01  3.01100E+00  1.86121E+02  1.92501E+02  3.20530E+00  6.18260E-03  4.87000E-02  3.00000E-01  2.61245E-02  0.00000E+00  3.00000E-01
      65  3.24146E-03  3.29170E-03 -3.49556E+01 -4.67406E+01  4.32920E+00  1.47204E+02  1.29943E+02  4.18700E+00  4.38028E-02  6.53000E-02  3.00000E-01  1.67822E-02  0.00000E+00  3.00000E-01
      66  1.62288E-02  1.52664E-02 -9.41423E+00 -9.71960E+00  1.98640E+00  1.79607E+02  2.04650E+02  1.82760E+00  2.99596E-03  1.36000E-02  3.00000E-01 -5.03006E-04  0.00000E+00  3.00000E-01
      67  2.91442E-02  2.92711E-02  7.32685E+00  1.97364E+01  1.65850E+00  1.83442E+02  2.10271E+02  1.68840E+00 -6.52446E-03 -2.76000E-02  3.00000E-01 -3.29188E-02  0.00000E+00  3.00000E-01
      68  1.28766E-02  1.23514E-02 -4.29451E+01 -5.53930E+01  7.43740E+00  1.15930E+02  9.90821E+01  6.39610E+00  2.15387E-02  7.74000E-02  3.00000E-01 -1.15409E-02  0.00000E+00  3.00000E-01
      69  1.64507E-03  1.55558E-03 -3.95567E+01 -3.85227E+01  2.88670E+00  1.68272E+02  1.74375E+02  3.53670E+00  1.94984E-02  5.38000E-02  3.00000E-01  2.06252E-02  0.00000E+00  3.00000E-01
      70  6.08167E-03  5.76392E-03  1.38092E+01  1.72862E+01  3.27700E+00  1.44324E+02  1.21636E+02  3.75850E+00 -1.48470E-02 -2.42000E-02  3.00000E-01  3.56688E-02  0.00000E+00  3.00000E-01
      71  2.47359E-03  2.19656E-03 -3.00295E+01 -1.98976E+01  3.89570E+00  1.78790E+02  1.70702E+02  3.88190E+00  2.56066E-03  2.78000E-02  3.00000E-01  3.08551E-02  0.00000E+00  3.00000E-01
      72  9.35559E-03  8.45347E-03  2.78372E+01  2.54342E+01  2.23560E+00  1.82484E+02  1.98916E+02  2.20800E+00 -4.19401E-03 -3.55000E-02  3.00000E-01  2.46589E-02  0.00000E+00  3.00000E-01
      73  4.11866E-03  3.73621E-03  3.17205E+01  3.19210E+01  2.31940E+00  1.75206E+02  1.72709E+02  2.61440E+00 -1.13288E-02 -4.46000E-02  3.00000E-01  2.88882E-02  0.00000E+00  3.00000E-01
      74  3.88766E-03  3.39024E-03 -8.78952E+00 -3.07820E+00  3.50300E+00  1.75140E+02  1.78698E+02  3.01190E+00 -2.62967E-04  4.30000E-03  3.00000E-01  3.80683E-02  0.00000E+00  3.00000E-01
      75  5.42531E-03  4.86075E-03 -4.08829E+01 -3.44652E+01  5.16830E+00  1.63951E+02  1.07433E+02  5.64620E+00  2.67665E-02  4.82000E-02  3.00000E-01 -5.30069E-02  0.00000E+00  3.00000E-01
      76  1.28514E-02  1.27946E-02  1.09375E+01  1.63027E+01  2.61890E+00  1.82522E+02  2.13903E+02  2.26050E+00 -8.84364E-03 -2.28000E-02  3.00000E-01 -2.56652E-02  0.00000E+00  3.00000E-01
      77  1.33877E-02  1.28263E-02 -4.23636E+01 -1.55468E+02  5.77590E+00  6.71436E+01  6.82334E+01  7.73900E+00 -1.45867E-01  2.17200E-01  3.00000E-01  7.79188E-02  0.00000E+00  3.00000E-01
      78  9.13856E-03  5.76570E-03 -2.16432E+01 -2.14718E+02  6.11990E+00  3.34009E+01  5.66170E+01  9.13570E+00  1.15249E-02  3.00000E-01  3.00000E-01  1.98459E-02  0.00000E+00  3.00000E-01
      79  1.46669E-03  1.48882E-03 -3.03474E+01 -2.66730E+01  4.69660E+00  1.38410E+02  1.32862E+02  5.12060E+00  2.55818E-02  3.73000E-02  3.00000E-01  4.02684E-02  0.00000E+00  3.00000E-01
      80  1.23028E-03  1.22023E-03 -2.67421E+01 -2.19635E+01  3.75400E+00  1.55631E+02  1.45756E+02  4.26770E+00  1.84970E-02  3.07000E-02  3.00000E-01  3.09564E-02  0.00000E+00  3.00000E-01
      81  2.16485E-03  2.26403E-03 -2.42968E+01 -1.50469E+01  4.04570E+00  1.38283E+02  1.28562E+02  4.76240E+00  1.43390E-02  2.10000E-02  3.00000E-01  4.03926E-02  0.00000E+00  3.00000E-01
      82  1.71572E-03  1.55105E-03 -1.69851E+01 -1.69529E+01  4.11020E+00  1.68024E+02  1.64466E+02  4.08680E+00 -2.89064E-03  2.37000E-02  3.00000E-01  2.67088E-02  0.00000E+00  3.00000E-01
      83  5.87670E-03  5.29738E-03  6.76601E+00  2.36044E+01  2.54170E+00  1.75375E+02  2.01731E+02  2.35250E+00 -2.45171E-03 -3.30000E-02  3.00000E-01  2.99276E-02  0.00000E+00  3.00000E-01
      84  2.39535E-03  2.10110E-03  2.21307E+00  6.25090E+00  3.73800E+00  1.77528E+02  1.71546E+02  3.66870E+00  9.53018E-04 -8.70000E-03  3.00000E-01  3.31444E-02  0.00000E+00  3.00000E-01
      85  4.75211E-03  4.42537E-03 -4.69586E+00 -1.49436E+01  5.71080E+00  1.69552E+02  1.03941E+02  6.87710E+00 -8.65397E-04  2.09000E-02  3.00000E-01 -8.92710E-02  0.00000E+00  3.00000E-01
      86  1.18661E-03  1.20066E-03 -5.17545E+00  5.89020E+00  3.99590E+00  1.63692E+02  1.53860E+02  4.59740E+00  5.39861E-03 -8.20000E-03  3.00000E-01  1.94801E-02  0.00000E+00  3.00000E-01
      87  1.35500E-02  1.26867E-02  3.04582E+01  3.74109E+01  1.99580E+00  1.86148E+02  2.02812E+02  1.97070E+00 -1.24979E-02 -5.23000E-02  3.00000E-01  1.42029E-03  0.00000E+00  3.00000E-01
      88  3.18483E-03  2.76930E-03  2.07149E+01  3.76838E+01  3.34130E+00  1.79392E+02  1.85456E+02  3.54960E+00 -7.66920E-03 -5.27000E-02  3.00000E-01  3.51850E-02  0.00000E+00  3.00000E-01
      89  1.06445E-02  1.03750E-02  2.69299E+01  3.44990E+01  2.01780E+00  1.86180E+02  2.09083E+02  2.43910E+00 -2.47177E-02 -4.82000E-02  3.00000E-01 -2.25756E-02  0.00000E+00  3.00000E-01
      90  1.53564E-03  1.43655E-03  1.68004E+01  1.97254E+01  4.73350E+00  1.64973E+02  1.58949E+02  4.61790E+00 -1.35503E-03 -2.76000E-02  3.00000E-01  2.36158E-02  0.00000E+00  3.00000E-01
      91  7.33416E-03  6.88845E-03  3.04361E+01  3.44129E+01  2.42660E+00  1.86718E+02  2.06800E+02  2.04820E+00 -1.47462E-02 -4.81000E-02  3.00000E-01 -5.82400E-03  0.00000E+00  3.00000E-01
      92  1.52209E-03  1.63437E-03  5.90810E+00 -1.66190E+00  4.87370E+00  1.39319E+02  1.34958E+02  5.21500E+00 -2.10979E-03  2.30000E-03  3.00000E-01  4.87066E-02  0.00000E+00  3.00000E-01
      93  3.71651E-03  3.29489E-03  3.78581E+01  4.55340E+01  2.66940E+00  1.84257E+02  1.84950E+02  2.80100E+00  1.14935E-04 -6.36000E-02  3.00000E-01  3.08298E-02  0.00000E+00  3.00000E-01
      94  1.90190E-03  1.75023E-03  3.43331E+01  3.67685E+01  3.88200E+00  1.77009E+02  1.70325E+02  3.90010E+00 -2.06576E-02 -5.14000E-02  3.00000E-01  2.13675E-02  0.00000E+00  3.00000E-01
      95  3.04395E-03  2.85304E-03  1.74920E+01  4.09800E+00  6.29160E+00  1.46425E+02  1.28315E+02  5.83360E+00 -1.15207E-02 -5.70000E-03  3.00000E-01  2.37670E-02  0.00000E+00  3.00000E-01
      96  1.03871E-02  9.65864E-03  5.32107E+01  4.96517E+01  1.89490E+00  1.97713E+02  2.04868E+02  1.86230E+00 -4.38682E-02 -6.94000E-02  3.00000E-01 -1.49630E-02  0.00000E+00  3.00000E-01
      97  1.03463E-03  1.08918E-03  2.87245E+01  2.43638E+01  5.29040E+00  1.50180E+02  1.54438E+02  5.63680E+00 -2.71049E-02 -3.40000E-02  3.00000E-01  3.69888E-02  0.00000E+00  3.00000E-01
      98  1.23028E-03  1.21695E-03  2.65234E+01  2.19635E+01  3.75400E+00  1.54324E+02  1.45756E+02  4.26770E+00 -1.19284E-02 -3.07000E-02  3.00000E-01  3.46055E-02  0.00000E+00  3.00000E-01
      99  3.95646E-03  3.58070E-03  5.37802E+01  3.90104E+01  2.31750E+00  1.96119E+02  2.06014E+02  2.31160E+00 -2.63610E-02 -5.45000E-02  3.00000E-01  1.13623E-03  0.00000E+00  3.00000E-01
     100  3.63803E-03  3.26421E-03  5.77370E+01  5.93916E+01  2.64100E+00  1.94812E+02  1.79503E+02  2.60000E+00 -3.02071E-02 -8.30000E-02  3.00000E-01 -1.99461E-04  0.00000E+00  3.00000E-01
     101  4.40999E-03  4.19912E-03  6.18870E+01  5.56762E+01  3.02470E+00  1.86673E+02  1.67626E+02  3.00050E+00 -4.19113E-02 -7.78000E-02  3.00000E-01  4.21299E-03  0.00000E+00  3.00000E-01
     102  4.65093E-03  4.29887E-03  5.89078E+01  6.41298E+01  3.00430E+00  2.02230E+02  1.84157E+02  2.87750E+00 -5.20404E-02 -8.96000E-02  3.00000E-01 -2.17859E-02  0.00000E+00  3.00000E-01
     103  1.23156E-03  1.21200E-03  3.32639E+01  3.85853E+01  5.73760E+00  1.57087E+02  1.61140E+02  6.70480E+00 -4.20009E-02 -5.39000E-02  3.00000E-01  9.61194E-03  0.00000E+00  3.00000E-01
     104  9.85493E-03  9.80073E-03  2.45985E+01  2.30641E+01  9.59970E+00  1.26481E+02  1.07645E+02  9.74700E+00 -1.23871E-02 -3.22000E-02  3.00000E-01 -2.89228E-02  0.00000E+00  3.00000E-01
     105  2.76917E-03  2.85203E-03  3.14986E+01  3.67031E+01  5.26070E+00  1.37516E+02  1.39582E+02  5.24910E+00 -2.56523E-02 -5.13000E-02  3.00000E-01  4.45822E-02  0.00000E+00  3.00000E-01
     106  2.08762E-03  1.94056E-03  5.50406E+01  4.92578E+01  3.20750E+00  1.80837E+02  1.70370E+02  3.17090E+00 -3.92317E-02 -6.88000E-02  3.00000E-01  2.04024E-02  0.00000E+00  3.00000E-01
     107  1.39072E-03  1.42103E-03  5.01150E+01  4.86514E+01  5.14740E+00  1.65797E+02  1.61512E+02  5.38590E+00 -5.30266E-02 -6.80000E-02  3.00000E-01  2.09487E-02  0.00000E+00  3.00000E-01
     108  5.58888E-03  5.39132E-03  8.02741E+01  7.60691E+01  2.84590E+00  1.94769E+02  1.68728E+02  3.07360E+00 -1.09835E-01 -1.06300E-01  3.00000E-01 -1.08486E-02  0.00000E+00  3.00000E-01
     109  1.59959E-03  1.66679E-03  3.06414E+01  3.12237E+01  4.52500E+00  1.38702E+02  1.28783E+02  4.74540E+00 -3.83674E-02 -4.36000E-02  3.00000E-01  1.62385E-02  0.00000E+00  3.00000E-01
     110  2.41046E-03  2.30989E-03  7.42704E+01  6.05916E+01  2.90940E+00  1.89334E+02  1.76118E+02  3.11640E+00 -6.46376E-02 -8.47000E-02  3.00000E-01 -1.18981E-03  0.00000E+00  3.00000E-01
     111  3.22140E-03  3.02432E-03  7.62762E+01  6.87448E+01  2.57530E+00  2.03180E+02  1.75875E+02  2.77020E+00 -1.03991E-01 -9.60000E-02  3.00000E-01 -2.19482E-02  0.00000E+00  3.00000E-01
     112  2.65505E-03  2.66494E-03  4.12351E+01  5.27820E+01  4.76920E+00  1.50117E+02  1.32920E+02  4.55460E+00 -4.70485E-02 -7.37000E-02  3.00000E-01  1.96313E-02  0.00000E+00  3.00000E-01
     113  2.47299E-03  2.43633E-03  8.26844E+01  6.44952E+01  3.38250E+00  1.87601E+02  1.68797E+02  3.75640E+00 -1.09677E-01 -9.01000E-02  3.00000E-01  1.66985E-03  0.00000E+00  3.00000E-01
     114  1.47074E-03  1.58394E-03  7.08533E+01  6.09376E+01  3.68380E+00  1.65656E+02  1.44153E+02  4.23210E+00 -9.40924E-02 -8.51000E-02  3.00000E-01  2.47520E-02  0.00000E+00  3.00000E-01
     115  2.41210E-03  2.52544E-03  5.87890E+01  6.14871E+01  2.71850E+00  1.60620E+02  1.61346E+02  3.10260E+00 -1.00192E-01 -8.59000E-02  3.00000E-01  1.45559E-02  0.00000E+00  3.00000E-01
     116  4.85924E-03  4.73085E-03  3.77881E+01  2.17985E+01  7.38860E+00  1.57155E+02  1.05102E+02  7.90260E+00 -7.13836E-03 -3.05000E-02  3.00000E-01 -6.36152E-02  0.00000E+00  3.00000E-01
     117  2.10040E-03  2.13745E-03  8.69590E+01  6.88558E+01  4.02080E+00  1.78365E+02  1.48397E+02  3.99660E+00 -1.15969E-01 -9.62000E-02  3.00000E-01  1.77652E-02  0.00000E+00  3.00000E-01
     118  2.68487E-03  2.73516E-03  5.03135E+01  5.92784E+01  5.08820E+00  1.50130E+02  1.31205E+02  5.16520E+00 -8.13295E-02 -8.28000E-02  3.00000E-01  1.45465E-02  0.00000E+00  3.00000E-01
     119  1.60547E-03  1.73919E-03  8.05008E+01  7.26749E+01  2.99110E+00  1.66252E+02  1.64762E+02  3.44310E+00 -1.17613E-01 -1.01500E-01  3.00000E-01  2.71432E-02  0.00000E+00  3.00000E-01
     120  8.03854E-03  7.24542E-03  5.78795E+01  5.09015E+01  5.64670E+00  1.68227E+02  1.16348E+02  5.83170E+00 -4.51926E-02 -7.11000E-02  3.00000E-01 -5.25516E-02  0.00000E+00  3.00000E-01
     121  2.27257E-03  2.31689E-03  8.66748E+01  7.61701E+01  3.84970E+00  1.84918E+02  1.60800E+02  3.58570E+00 -1.60549E-01 -1.06400E-01  3.00000E-01  7.19359E-03  0.00000E+00  3.00000E-01
     122  2.83506E-03  3.13857E-03  9.12867E+01  8.27018E+01  3.09000E+00  1.49301E+02  1.44534E+02  3.77070E+00 -1.68345E-01 -1.15500E-01  3.00000E-01  7.25729E-02  0.00000E+00  3.00000E-01
     123  3.41115E-03  3.74054E-03  9.16809E+01  8.16806E+01  2.73720E+00  1.62780E+02  1.52411E+02  2.86250E+00 -1.96010E-01 -1.14100E-01  3.00000E-01  5.35938E-02  0.00000E+00  3.00000E-01
     124  2.93032E-03  3.29703E-03  8.88722E+01  8.51497E+01  2.39760E+00  1.51753E+02  1.62344E+02  2.28950E+00 -1.50966E-01 -1.19000E-01  3.00000E-01  5.47681E-02  0.00000E+00  3.00000E-01
     125  1.92749E-03  2.11479E-03  8.96091E+01  8.14300E+01  3.54520E+00  1.73687E+02  1.60441E+02  3.61190E+00 -1.90954E-01 -1.13800E-01  3.00000E-01  3.10854E-02  0.00000E+00  3.00000E-01
     126  1.65095E-03  1.82711E-03  9.00523E+01  9.10898E+01  3.34400E+00  1.59882E+02  1.61695E+02  3.60620E+00 -1.88065E-01 -1.27300E-01  3.00000E-01  5.12561E-02  0.00000E+00  3.00000E-01
     127  1.05965E-03  1.18556E-03  8.40316E+01  7.22056E+01  4.37510E+00  1.42368E+02  1.27268E+02  4.80780E+00 -1.34657E-01 -1.00900E-01  3.00000E-01  5.96609E-02  0.00000E+00  3.00000E-01
     128  1.14797E-03  1.28887E-03  8.36744E+01  7.95708E+01  3.64480E+00  1.47908E+02  1.44946E+02  4.05920E+00 -1.35358E-01 -1.11200E-01  3.00000E-01  4.83009E-02  0.00000E+00  3.00000E-01
     129  4.85228E-03  4.29953E-03  7.67357E+01  8.53516E+01  4.42960E+00  1.57341E+02  1.15338E+02  5.08700E+00 -4.20092E-02 -1.19300E-01  3.00000E-01  1.40849E-02  0.00000E+00  3.00000E-01
     130  3.67954E-03  3.15755E-03  4.34161E+01  5.04692E+01  5.06090E+00  1.57834E+02  1.17951E+02  5.57950E+00 -1.70430E-02 -7.05000E-02  3.00000E-01 -1.32456E-02  0.00000E+00  3.00000E-01
     131  2.72557E-03  2.99707E-03  9.11312E+01  9.52033E+01  3.35160E+00  1.52455E+02  1.44592E+02  3.36560E+00 -2.13968E-01 -1.33000E-01  3.00000E-01  8.08463E-02  0.00000E+00  3.00000E-01
     132  2.89686E-03  2.80102E-03  8.67494E+01  9.59976E+01  4.33880E+00  1.36591E+02  1.25222E+02  4.68940E+00 -9.17737E-02 -1.34100E-01  3.00000E-01  6.74619E-02  0.00000E+00  3.00000E-01
     133  6.10500E-03  5.76396E-03  8.88603E+01  8.64738E+01  4.31310E+00  1.67518E+02  1.08404E+02  4.79760E+00 -6.25521E-02 -1.20800E-01  3.00000E-01 -4.30558E-02  0.00000E+00  3.00000E-01
     134  1.26100E-03  1.33973E-03  9.30791E+01  9.18239E+01  4.08350E+00  1.44053E+02  1.37606E+02  4.08200E+00 -2.05920E-01 -1.28300E-01  3.00000E-01  8.55451E-02  0.00000E+00  3.00000E-01
     135  1.12874E-02  1.11749E-02  6.88248E+01  9.52826E+01  8.11970E+00  1.28693E+02  1.02093E+02  6.80250E+00 -2.40708E-02 -1.33100E-01  3.00000E-01  5.86886E-03  0.00000E+00  3.00000E-01
     136  1.25680E-03  1.39063E-03  9.37552E+01  9.20753E+01  3.96280E+00  1.41770E+02  1.46072E+02  3.57010E+00 -1.87262E-01 -1.28600E-01  3.00000E-01  9.80424E-02  0.00000E+00  3.00000E-01
     137  2.45765E-03  2.55884E-03  9.19600E+01  9.12632E+01  3.29800E+00  1.50842E+02  1.39211E+02  3.28030E+00 -1.95760E-01 -1.27500E-01  3.00000E-01  8.17121E-02  0.00000E+00  3.00000E-01
     138  3.20993E-03  3.08290E-03  7.08654E+01  8.24222E+01  3.56590E+00  1.45160E+02  1.26230E+02  3.92700E+00 -8.16412E-02 -1.15200E-01  3.00000E-01  3.84783E-02  0.00000E+00  3.00000E-01
     139  3.14311E-03  2.65486E-03  8.71740E+01  9.89743E+01  3.80460E+00  1.53427E+02  1.11957E+02  3.76270E+00 -2.54560E-02 -1.38300E-01  3.00000E-01  1.66214E-02  0.00000E+00  3.00000E-01
     140  2.16173E-03  1.91711E-03  9.05479E+01  9.70276E+01  4.30390E+00  1.49850E+02  1.29884E+02  4.05950E+00 -1.23469E-01 -1.35600E-01  3.00000E-01  6.94601E-02  0.00000E+00  3.00000E-01
     141  2.81751E-03  2.46587E-03  9.38588E+01  1.05362E+02  4.43740E+00  1.41997E+02  1.25949E+02  4.98880E+00 -7.15461E-02 -1.47200E-01  3.00000E-01  6.76817E-02  0.00000E+00  3.00000E-01
     142  7.38167E-03  6.36840E-03  1.14521E+02  1.30449E+02  4.55590E+00  1.59424E+02  1.11069E+02  4.77790E+00 -6.90456E-02 -1.82300E-01  3.00000E-01 -6.70042E-03  0.00000E+00  3.00000E-01
     143  4.25213E-03  3.43446E-03  1.20883E+02  1.22448E+02  4.22050E+00  1.67830E+02  1.22967E+02  4.61680E+00 -4.14151E-02 -1.71100E-01  3.00000E-01  2.49441E-02  0.00000E+00  3.00000E-01
     144  1.36557E-02  1.43247E-02  5.92369E+01  1.42943E+02  7.38560E+00  8.71577E+01  8.77775E+01  7.51160E+00  4.67508E-02 -1.99700E-01  3.00000E-01 -8.84586E-03  0.00000E+00  3.00000E-01
     145  9.71084E-04  7.74723E-04  9.87334E+01  1.05273E+02  4.89950E+00  1.54786E+02  1.22078E+02  5.21350E+00 -3.21312E-02 -1.47100E-01  3.00000E-01  7.20208E-02  0.00000E+00  3.00000E-01
     146  5.73162E-03  4.86414E-03  1.21491E+02  1.17864E+02  3.54300E+00  1.61134E+02  1.11039E+02  3.97860E+00 -7.84607E-02 -1.64700E-01  3.00000E-01  2.31997E-03  0.00000E+00  3.00000E-01
     147  2.53145E-03  1.89184E-03  1.29267E+02  1.16630E+02  4.58890E+00  1.72250E+02  1.15629E+02  5.27200E+00 -5.35579E-03 -1.63000E-01  3.00000E-01  3.09748E-02  0.00000E+00  3.00000E-01
     148  7.57355E-03  6.64381E-03  1.61317E+02  1.38060E+02  4.37150E+00  1.63139E+02  1.11025E+02  4.52190E+00 -8.73381E-02 -1.92900E-01  3.00000E-01  7.01324E-03  0.00000E+00  3.00000E-01
     149  1.86381E-02  2.00254E-02  1.02490E+02  1.84203E+02  4.12540E+00  1.06232E+02  8.31491E+01  4.92460E+00 -8.13906E-02 -2.57400E-01  3.00000E-01  6.10016E-02  0.00000E+00  3.00000E-01
     150  1.36023E-02  1.29708E-02  1.38837E+02  1.49848E+02  3.14210E+00  1.45539E+02  9.61340E+01  3.36050E+00 -6.20814E-02 -2.09400E-01  3.00000E-01  3.71092E-02  0.00000E+00  3.00000E-01
     151  1.70417E-02  1.85483E-02  7.68210E+01  1.40762E+02  4.94690E+00  1.03359E+02  8.62257E+01  5.18530E+00 -7.18568E-02 -1.96700E-01  3.00000E-01  2.15819E-02  0.00000E+00  3.00000E-01
     152  2.83714E-02  2.41754E-02  7.06180E+01  2.05386E+02  3.59980E+00  1.06765E+02  6.31672E+01  4.93640E+00  5.00854E-02 -2.87000E-01  3.00000E-01  1.68940E-02  0.00000E+00  3.00000E-01
