        1121
     1   9.999999E-01   9.999999E-01   5.134247E-08
     2   4.193840E-04   4.187250E-04   4.193840E-06
     3   4.193457E-04   4.430168E-04   4.193457E-06
     4   4.192793E-04   4.090899E-04   4.192793E-06
     5   4.192027E-04   4.493071E-04   4.192027E-06
     6   4.191364E-04   4.246631E-04   4.191364E-06
     7   4.190981E-04   4.045500E-04   4.190981E-06
     8   1.267071E-03   1.254850E-03   1.267071E-05
     9   1.266509E-03   1.153958E-03   1.266509E-05
    10   1.265537E-03   1.225394E-03   1.265537E-05
    11   1.264416E-03   1.202036E-03   1.264416E-05
    12   1.263447E-03   1.355462E-03   1.263447E-05
    13   1.262888E-03   1.033197E-03   1.262888E-05
    14   2.125791E-03   2.249012E-03   2.125791E-05
    15   2.123494E-03   2.178943E-03   2.123494E-05
    16   2.119526E-03   2.192631E-03   2.119526E-05
    17   2.114958E-03   2.207354E-03   2.114958E-05
    18   2.111015E-03   2.210374E-03   2.111015E-05
    19   2.108744E-03   1.910507E-03   2.108744E-05
    20   2.951588E-03   3.271818E-03   2.951588E-05
    21   2.946097E-03   3.213947E-03   2.946097E-05
    22   2.936621E-03   3.248368E-03   2.936621E-05
    23   2.925739E-03   3.365492E-03   2.925739E-05
    24   2.916364E-03   3.461665E-03   2.916364E-05
    25   2.910973E-03   3.303461E-03   2.910973E-05
    26   3.637194E-03   3.515345E-03   3.637194E-05
    27   3.627824E-03   3.350947E-03   3.627824E-05
    28   3.611680E-03   3.298101E-03   3.611680E-05
    29   3.593173E-03   3.288341E-03   3.593173E-05
    30   3.577261E-03   3.330065E-03   3.577261E-05
    31   3.568123E-03   3.154020E-03   3.568123E-05
    32   4.035669E-03   4.190422E-03   4.035669E-05
    33   4.023536E-03   4.108816E-03   4.023536E-05
    34   4.002649E-03   4.100375E-03   4.002649E-05
    35   3.978731E-03   4.233026E-03   3.978731E-05
    36   3.958190E-03   4.212127E-03   3.958190E-05
    37   3.946403E-03   4.080485E-03   3.946403E-05
    38   1.199656E-04   1.155667E-04   1.199656E-06
    39   1.199525E-04   1.148953E-04   1.199525E-06
    40   1.199297E-04   1.348676E-04   1.199297E-06
    41   1.199034E-04   1.312203E-04   1.199034E-06
    42   1.198807E-04   1.010919E-04   1.198807E-06
    43   1.198676E-04   1.250289E-04   1.198676E-06
    44   3.659378E-04   2.694689E-04   3.659378E-06
    45   3.657352E-04   2.533609E-04   3.657352E-06
    46   3.653849E-04   3.244805E-04   3.653849E-06
    47   3.649815E-04   3.522037E-04   3.649815E-06
    48   3.646332E-04   3.004316E-04   3.646332E-06
    49   3.644326E-04   3.047985E-04   3.644326E-06
    50   6.264717E-04   6.246409E-04   6.264717E-06
    51   6.255678E-04   5.927593E-04   6.255678E-06
    52   6.240098E-04   6.056744E-04   6.240098E-06
    53   6.222227E-04   7.496593E-04   6.222227E-06
    54   6.206853E-04   6.384812E-04   6.206853E-06
    55   6.198020E-04   5.855294E-04   6.198020E-06
    56   8.960444E-04   9.052627E-04   8.960444E-06
    57   8.936405E-04   8.713668E-04   8.936405E-06
    58   8.895112E-04   9.266734E-04   8.895112E-06
    59   8.847969E-04   1.058457E-03   8.847969E-06
    60   8.807600E-04   1.010314E-03   8.807600E-06
    61   8.784485E-04   9.441143E-04   8.784485E-06
    62   1.139939E-03   1.054339E-03   1.139939E-05
    63   1.135419E-03   1.047680E-03   1.135419E-05
    64   1.127680E-03   1.077920E-03   1.127680E-05
    65   1.118882E-03   1.144723E-03   1.118882E-05
    66   1.111380E-03   1.070625E-03   1.111380E-05
    67   1.107098E-03   9.859264E-04   1.107098E-05
    68   1.291966E-03   1.271767E-03   1.291966E-05
    69   1.285763E-03   1.260456E-03   1.285763E-05
    70   1.275163E-03   1.280415E-03   1.275163E-05
    71   1.263144E-03   1.366616E-03   1.263144E-05
    72   1.252923E-03   1.284128E-03   1.252923E-05
    73   1.247099E-03   1.256647E-03   1.247099E-05
    74   2.072609E-04   2.394985E-04   2.072609E-06
    75   2.072432E-04   1.621956E-04   2.072432E-06
    76   2.072127E-04   2.187917E-04   2.072127E-06
    77   2.071775E-04   2.328093E-04   2.071775E-06
    78   2.071470E-04   2.145227E-04   2.071470E-06
    79   2.071294E-04   2.635172E-04   2.071294E-06
    80   6.301102E-04   7.159892E-04   6.301102E-06
    81   6.298505E-04   5.843592E-04   6.298505E-06
    82   6.294011E-04   7.055602E-04   6.294011E-06
    83   6.288828E-04   5.265531E-04   6.288828E-06
    84   6.284345E-04   4.431724E-04   6.284345E-06
    85   6.281760E-04   5.617136E-04   6.281760E-06
    86   1.068689E-03   1.169490E-03   1.068689E-05
    87   1.067616E-03   1.108009E-03   1.067616E-05
    88   1.065762E-03   1.109317E-03   1.065762E-05
    89   1.063627E-03   1.203245E-03   1.063627E-05
    90   1.061784E-03   1.100528E-03   1.061784E-05
    91   1.060722E-03   9.014102E-04   1.060722E-05
    92   1.502738E-03   1.582164E-03   1.502738E-05
    93   1.500137E-03   1.465840E-03   1.500137E-05
    94   1.495649E-03   1.595897E-03   1.495649E-05
    95   1.490493E-03   1.499633E-03   1.490493E-05
    96   1.486050E-03   1.509661E-03   1.486050E-05
    97   1.483494E-03   1.589287E-03   1.483494E-05
    98   1.872571E-03   1.886893E-03   1.872571E-05
    99   1.868069E-03   1.856153E-03   1.868069E-05
   100   1.860311E-03   1.899682E-03   1.860311E-05
   101   1.851417E-03   1.808594E-03   1.851417E-05
   102   1.843768E-03   1.779458E-03   1.843768E-05
   103   1.839375E-03   1.676093E-03   1.839375E-05
   104   2.091432E-03   2.202135E-03   2.091432E-05
   105   2.085543E-03   2.055452E-03   2.085543E-05
   106   2.075407E-03   2.236800E-03   2.075407E-05
   107   2.063801E-03   2.169369E-03   2.063801E-05
   108   2.053834E-03   2.118246E-03   2.053834E-05
   109   2.048114E-03   1.950685E-03   2.048114E-05
   110   2.914318E-04   1.695385E-04   2.914318E-06
   111   2.913921E-04   2.020266E-04   2.913921E-06
   112   2.913234E-04   2.187485E-04   2.913234E-06
   113   2.912441E-04   1.639211E-04   2.912441E-06
   114   2.911755E-04   1.335176E-04   2.911755E-06
   115   2.911359E-04   1.395307E-04   2.911359E-06
   116   9.094368E-04   2.090035E-04   9.094368E-06
   117   9.088196E-04   1.910350E-04   9.088196E-06
   118   9.077526E-04   4.758249E-04   9.077526E-06
   119   9.065235E-04   6.422598E-04   9.065235E-06
   120   9.054616E-04   5.747710E-04   9.054616E-06
   121   9.048496E-04   5.439428E-04   9.048496E-06
   122   1.620097E-03   9.878682E-04   1.620097E-05
   123   1.617316E-03   9.995140E-04   1.617316E-05
   124   1.612519E-03   8.912241E-04   1.612519E-05
   125   1.607010E-03   1.119190E-03   1.607010E-05
   126   1.602266E-03   7.885397E-04   1.602266E-05
   127   1.599537E-03   7.468037E-04   1.599537E-05
   128   2.425508E-03   1.634314E-03   2.425508E-05
   129   2.418070E-03   1.580649E-03   2.418070E-05
   130   2.405272E-03   1.538476E-03   2.405272E-05
   131   2.390628E-03   1.910183E-03   2.390628E-05
   132   2.378059E-03   1.679377E-03   2.378059E-05
   133   2.370850E-03   1.613363E-03   2.370850E-05
   134   3.206704E-03   1.871912E-03   3.206704E-05
   135   3.192717E-03   1.827708E-03   3.192717E-05
   136   3.168705E-03   1.841852E-03   3.168705E-05
   137   3.141314E-03   2.274961E-03   3.141314E-05
   138   3.117880E-03   2.041428E-03   3.117880E-05
   139   3.104470E-03   1.998668E-03   3.104470E-05
   140   3.713071E-03   2.872179E-03   3.713071E-05
   141   3.693911E-03   2.813775E-03   3.693911E-05
   142   3.661062E-03   2.847105E-03   3.661062E-05
   143   3.623659E-03   3.131064E-03   3.623659E-05
   144   3.591718E-03   3.094602E-03   3.591718E-05
   145   3.573465E-03   2.979703E-03   3.573465E-05
   146   2.670196E-04   3.154485E-04   2.670196E-06
   147   2.669842E-04   4.080789E-04   2.669842E-06
   148   2.669230E-04   3.502920E-04   2.669230E-06
   149   2.668523E-04   2.664439E-04   2.668523E-06
   150   2.667912E-04   2.343966E-04   2.667912E-06
   151   2.667560E-04   2.524217E-04   2.667560E-06
   152   8.498789E-04   2.754888E-04   8.498789E-06
   153   8.492899E-04   2.919002E-04   8.492899E-06
   154   8.482724E-04   7.792814E-04   8.482724E-06
   155   8.471017E-04   7.980223E-04   8.471017E-06
   156   8.460914E-04   6.201437E-04   8.460914E-06
   157   8.455096E-04   5.164264E-04   8.455096E-06
   158   1.578710E-03   1.591999E-03   1.578710E-05
   159   1.575717E-03   1.550985E-03   1.575717E-05
   160   1.570565E-03   1.505180E-03   1.570565E-05
   161   1.564666E-03   2.275611E-03   1.564666E-05
   162   1.559600E-03   1.747577E-03   1.559600E-05
   163   1.556693E-03   1.684959E-03   1.556693E-05
   164   2.514123E-03   2.707108E-03   2.514123E-05
   165   2.504804E-03   2.676012E-03   2.504804E-05
   166   2.488836E-03   2.938726E-03   2.488836E-05
   167   2.470668E-03   3.963347E-03   2.470668E-05
   168   2.455165E-03   3.735561E-03   2.455165E-05
   169   2.446309E-03   3.727168E-03   2.446309E-05
   170   3.552165E-03   3.559466E-03   3.552165E-05
   171   3.531945E-03   3.458052E-03   3.531945E-05
   172   3.497455E-03   3.395516E-03   3.497455E-05
   173   3.458449E-03   3.980114E-03   3.458449E-05
   174   3.425362E-03   3.502686E-03   3.425362E-05
   175   3.406546E-03   3.526517E-03   3.406546E-05
   176   4.299183E-03   4.800382E-03   4.299183E-05
   177   4.268959E-03   4.547392E-03   4.268959E-05
   178   4.217546E-03   4.442236E-03   4.217546E-05
   179   4.159617E-03   4.725981E-03   4.159617E-05
   180   4.110659E-03   4.324322E-03   4.110659E-05
   181   4.082892E-03   4.006799E-03   4.082892E-05
   182   2.151389E-04   2.711864E-04   2.151389E-06
   183   2.151055E-04   2.794519E-04   2.151055E-06
   184   2.150478E-04   2.542415E-04   2.150478E-06
   185   2.149812E-04   2.167403E-04   2.149812E-06
   186   2.149236E-04   1.866549E-04   2.149236E-06
   187   2.148903E-04   1.808240E-04   2.148903E-06
   188   7.207214E-04   6.649673E-04   7.207214E-06
   189   7.201355E-04   6.995719E-04   7.201355E-06
   190   7.191228E-04   7.637199E-04   7.191228E-06
   191   7.179566E-04   7.810009E-04   7.179566E-06
   192   7.169495E-04   7.739834E-04   7.169495E-06
   193   7.163692E-04   8.096870E-04   7.163692E-06
   194   1.480786E-03   1.916250E-03   1.480786E-05
   195   1.477537E-03   1.932375E-03   1.477537E-05
   196   1.471936E-03   1.705517E-03   1.471936E-05
   197   1.465510E-03   1.876952E-03   1.465510E-05
   198   1.459982E-03   1.674718E-03   1.459982E-05
   199   1.456805E-03   1.238026E-03   1.456805E-05
   200   2.691776E-03   3.182282E-03   2.691776E-05
   201   2.680590E-03   3.193240E-03   2.680590E-05
   202   2.661377E-03   3.084534E-03   2.661377E-05
   203   2.639445E-03   3.177170E-03   2.639445E-05
   204   2.620666E-03   2.918082E-03   2.620666E-05
   205   2.609914E-03   2.764764E-03   2.609914E-05
   206   4.306614E-03   4.496715E-03   4.306614E-05
   207   4.280114E-03   4.123511E-03   4.280114E-05
   208   4.234766E-03   3.931695E-03   4.234766E-05
   209   4.183254E-03   4.254188E-03   4.183254E-05
   210   4.139364E-03   4.031426E-03   4.139364E-05
   211   4.114322E-03   3.951742E-03   4.114322E-05
   212   5.614481E-03   6.304370E-03   5.614481E-05
   213   5.572758E-03   6.097630E-03   5.572758E-05
   214   5.501533E-03   6.207579E-03   5.501533E-05
   215   5.420890E-03   6.314010E-03   5.420890E-05
   216   5.352397E-03   6.559577E-03   5.352397E-05
   217   5.313409E-03   6.296807E-03   5.313409E-05
   218   2.192678E-04   2.019170E-04   2.192678E-06
   219   2.192442E-04   2.362514E-04   2.192442E-06
   220   2.192033E-04   2.289246E-04   2.192033E-06
   221   2.191562E-04   2.029681E-04   2.191562E-06
   222   2.191154E-04   1.513204E-04   2.191154E-06
   223   2.190918E-04   1.502387E-04   2.190918E-06
   224   7.105569E-04   3.880393E-04   7.105569E-06
   225   7.100989E-04   2.808688E-04   7.100989E-06
   226   7.093079E-04   3.898127E-04   7.093079E-06
   227   7.083982E-04   8.068711E-04   7.083982E-06
   228   7.076134E-04   6.139715E-04   7.076134E-06
   229   7.071617E-04   5.635331E-04   7.071617E-06
   230   1.428867E-03   1.349768E-03   1.428867E-05
   231   1.425645E-03   1.268002E-03   1.425645E-05
   232   1.420106E-03   1.129221E-03   1.420106E-05
   233   1.413777E-03   1.565438E-03   1.413777E-05
   234   1.408352E-03   1.108676E-03   1.408352E-05
   235   1.405243E-03   9.754460E-04   1.405243E-05
   236   2.794841E-03   2.400786E-03   2.794841E-05
   237   2.778915E-03   2.207471E-03   2.778915E-05
   238   2.751712E-03   2.265387E-03   2.751712E-05
   239   2.720893E-03   2.916224E-03   2.720893E-05
   240   2.694706E-03   2.821751E-03   2.694706E-05
   241   2.679795E-03   2.649590E-03   2.679795E-05
   242   5.338429E-03   3.113553E-03   5.338429E-05
   243   5.284330E-03   2.997912E-03   5.284330E-05
   244   5.192469E-03   2.931302E-03   5.192469E-05
   245   5.089233E-03   3.089300E-03   5.089233E-05
   246   5.002213E-03   2.958238E-03   5.002213E-05
   247   4.952957E-03   2.798969E-03   4.952957E-05
   248   8.089942E-03   6.144827E-03   8.089942E-05
   249   7.983935E-03   5.787583E-03   7.983935E-05
   250   7.804555E-03   5.994559E-03   7.804555E-05
   251   7.603909E-03   5.809818E-03   7.603909E-05
   252   7.435581E-03   5.927230E-03   7.435581E-05
   253   7.340630E-03   5.275818E-03   7.340630E-05
   254   3.667437E-04   4.413236E-04   3.667437E-06
   255   3.667070E-04   4.649016E-04   3.667070E-06
   256   3.666434E-04   4.325229E-04   3.666434E-06
   257   3.665699E-04   3.387908E-04   3.665699E-06
   258   3.665063E-04   3.192961E-04   3.665063E-06
   259   3.664696E-04   2.919671E-04   3.664696E-06
   260   1.171141E-03   8.110102E-04   1.171141E-05
   261   1.170556E-03   6.673953E-04   1.170556E-05
   262   1.169545E-03   8.449114E-04   1.169545E-05
   263   1.168379E-03   1.306916E-03   1.168379E-05
   264   1.167371E-03   1.050599E-03   1.167371E-05
   265   1.166789E-03   9.675656E-04   1.166789E-05
   266   2.182380E-03   2.634620E-03   2.182380E-05
   267   2.179495E-03   2.443439E-03   2.179495E-05
   268   2.174517E-03   2.214304E-03   2.174517E-05
   269   2.168798E-03   3.204099E-03   2.168798E-05
   270   2.163870E-03   2.417891E-03   2.163870E-05
   271   2.161035E-03   2.095906E-03   2.161035E-05
   272   3.552963E-03   4.488519E-03   3.552963E-05
   273   3.542022E-03   4.054676E-03   3.542022E-05
   274   3.523316E-03   4.195176E-03   3.523316E-05
   275   3.502090E-03   5.267929E-03   3.502090E-05
   276   3.484022E-03   4.769724E-03   3.484022E-05
   277   3.473719E-03   4.278435E-03   3.473719E-05
   278   5.637198E-03   5.979030E-03   5.637198E-05
   279   5.593724E-03   5.712601E-03   5.593724E-05
   280   5.520664E-03   5.850812E-03   5.520664E-05
   281   5.439671E-03   5.824744E-03   5.439671E-05
   282   5.372293E-03   5.624959E-03   5.372293E-05
   283   5.334506E-03   4.951464E-03   5.334506E-05
   284   8.192099E-03   1.044260E-02   8.192099E-05
   285   8.079589E-03   9.866034E-03   8.079589E-05
   286   7.892638E-03   1.034266E-02   7.892638E-05
   287   7.688573E-03   1.000217E-02   7.688573E-05
   288   7.521428E-03   1.037649E-02   7.521428E-05
   289   7.428753E-03   9.197944E-03   7.428753E-05
   290   3.804836E-04   5.547016E-04   3.804836E-06
   291   3.804170E-04   4.147909E-04   3.804170E-06
   292   3.803016E-04   3.444125E-04   3.803016E-06
   293   3.801684E-04   3.246302E-04   3.801684E-06
   294   3.800532E-04   3.032384E-04   3.800532E-06
   295   3.799867E-04   3.371811E-04   3.799867E-06
   296   1.299533E-03   1.804570E-03   1.299533E-05
   297   1.298344E-03   1.683336E-03   1.298344E-05
   298   1.296289E-03   1.321905E-03   1.296289E-05
   299   1.293922E-03   1.480158E-03   1.293922E-05
   300   1.291878E-03   9.102257E-04   1.291878E-05
   301   1.290700E-03   9.448339E-04   1.290700E-05
   302   2.766474E-03   3.784793E-03   2.766474E-05
   303   2.759756E-03   2.843901E-03   2.759756E-05
   304   2.748174E-03   2.440727E-03   2.748174E-05
   305   2.734882E-03   3.223292E-03   2.734882E-05
   306   2.723442E-03   2.720345E-03   2.723442E-05
   307   2.716868E-03   2.272239E-03   2.716868E-05
   308   5.239693E-03   5.640034E-03   5.239693E-05
   309   5.216261E-03   6.076261E-03   5.216261E-05
   310   5.175984E-03   5.750575E-03   5.175984E-05
   311   5.129958E-03   6.484193E-03   5.129958E-05
   312   5.090510E-03   6.197094E-03   5.090510E-05
   313   5.067907E-03   5.920135E-03   5.067907E-05
   314   8.686186E-03   1.051378E-02   8.686186E-05
   315   8.629132E-03   8.582347E-03   8.629132E-05
   316   8.531508E-03   9.616511E-03   8.531508E-05
   317   8.420619E-03   7.896919E-03   8.420619E-05
   318   8.326130E-03   8.438100E-03   8.326130E-05
   319   8.272212E-03   6.156473E-03   8.272212E-05
   320   1.164459E-02   1.342173E-02   1.164459E-04
   321   1.154665E-02   1.234771E-02   1.154665E-04
   322   1.138050E-02   1.345880E-02   1.138050E-04
   323   1.119380E-02   1.091313E-02   1.119380E-04
   324   1.103630E-02   1.249495E-02   1.103630E-04
   325   1.094704E-02   1.001057E-02   1.094704E-04
   326   1.709989E-04   1.477892E-04   1.709989E-06
   327   1.709708E-04   1.499621E-04   1.709708E-06
   328   1.709221E-04   1.991323E-04   1.709221E-06
   329   1.708660E-04   1.571236E-04   1.708660E-06
   330   1.708175E-04   2.233350E-04   1.708175E-06
   331   1.707895E-04   1.646361E-04   1.707895E-06
   332   5.897183E-04   3.661418E-04   5.897183E-06
   333   5.890660E-04   5.571729E-04   5.890660E-06
   334   5.879410E-04   5.179121E-04   5.879410E-06
   335   5.866494E-04   6.163068E-04   5.866494E-06
   336   5.855373E-04   7.068631E-04   5.855373E-06
   337   5.848980E-04   6.147729E-04   5.848980E-06
   338   1.422726E-03   1.525312E-03   1.422726E-05
   339   1.416872E-03   1.439195E-03   1.416872E-05
   340   1.406835E-03   1.728008E-03   1.406835E-05
   341   1.395406E-03   1.228602E-03   1.395406E-05
   342   1.385644E-03   1.276984E-03   1.385644E-05
   343   1.380065E-03   1.201049E-03   1.380065E-05
   344   3.807861E-03   3.957124E-03   3.807861E-05
   345   3.770098E-03   4.149379E-03   3.770098E-05
   346   3.705913E-03   4.183905E-03   3.705913E-05
   347   3.633679E-03   4.169751E-03   3.633679E-05
   348   3.572705E-03   5.622614E-03   3.572705E-05
   349   3.538153E-03   4.412378E-03   3.538153E-05
   350   1.018921E-02   5.150789E-03   1.018921E-04
   351   1.001537E-02   6.145085E-03   1.001537E-04
   352   9.723133E-03   4.959844E-03   9.723133E-05
   353   9.399119E-03   6.506220E-03   9.399119E-05
   354   9.129607E-03   6.565378E-03   9.129607E-05
   355   8.978507E-03   8.790295E-03   8.978507E-05
   356   1.942042E-02   2.262499E-02   1.942042E-04
   357   1.898260E-02   1.864126E-02   1.898260E-04
   358   1.825345E-02   2.244579E-02   1.825345E-04
   359   1.745506E-02   1.957967E-02   1.745506E-04
   360   1.679904E-02   1.947574E-02   1.679904E-04
   361   1.643447E-02   2.101584E-02   1.643447E-04
   362   1.118719E-02   1.047361E-02   2.237438E-04
   363   5.701304E-03   5.466440E-03   1.140261E-04
   364   5.209374E-03   4.998911E-03   1.041875E-04
   365   3.638031E-03   3.317310E-03   7.276062E-05
   366   6.404468E-03   6.030277E-03   1.280894E-04
   367   1.844336E-03   1.940857E-03   3.688672E-05
   368   3.709114E-03   3.666850E-03   7.418228E-05
   369   3.716510E-03   3.329980E-03   7.433019E-05
   370   2.518294E-03   2.726466E-03   5.036589E-05
   371   3.562341E-03   3.444168E-03   7.124682E-05
   372   1.376420E-03   1.488134E-03   2.752839E-05
   373   1.302225E-02   1.212631E-02   2.604449E-04
   374   5.086731E-03   4.574509E-03   1.017346E-04
   375   1.064447E-02   1.039154E-02   2.128894E-04
   376   1.285141E-02   1.284014E-02   2.570282E-04
   377   2.636488E-03   2.642181E-03   5.272977E-05
   378   9.873560E-03   9.236576E-03   1.974712E-04
   379   1.535640E-03   1.416190E-03   3.071280E-05
   380   4.111067E-03   3.686333E-03   8.222135E-05
   381   4.096004E-03   4.013855E-03   8.192007E-05
   382   3.887665E-03   3.469633E-03   7.775329E-05
   383   1.023513E-02   1.003051E-02   2.047025E-04
   384   2.094854E-03   2.052529E-03   4.189708E-05
   385   7.168263E-03   7.166531E-03   1.433653E-04
   386   7.369448E-03   6.535994E-03   1.473890E-04
   387   1.036245E-02   1.048011E-02   2.072489E-04
   388   3.332118E-03   3.168232E-03   6.664236E-05
   389   1.261001E-03   1.355288E-03   2.522003E-05
   390   1.566815E-03   1.756543E-03   3.133630E-05
   391   3.476988E-03   2.994065E-03   6.953975E-05
   392   1.927492E-03   2.067532E-03   3.854983E-05
   393   1.034455E-02   9.862933E-03   2.068910E-04
   394   6.482766E-03   5.127383E-03   1.296553E-04
   395   3.293591E-03   3.074922E-03   6.587182E-05
   396   1.262959E-02   1.191441E-02   2.525917E-04
   397   1.325792E-03   1.446035E-03   2.651585E-05
   398   1.307184E-02   1.462957E-02   2.614368E-04
   399   5.209182E-03   4.177369E-03   1.041836E-04
   400   2.725570E-03   2.960819E-03   5.451141E-05
   401   1.273646E-02   1.082134E-02   2.547293E-04
   402   9.991806E-03   1.067384E-02   1.998361E-04
   403   6.424793E-03   5.756894E-03   1.284959E-04
   404   1.350663E-02   1.637641E-02   2.701326E-04
   405   3.013352E-03   2.341239E-03   6.026705E-05
   406   1.256803E-03   1.358278E-03   2.513607E-05
   407   1.650949E-03   1.796744E-03   3.301898E-05
   408   3.337900E-03   3.131782E-03   6.675800E-05
   409   4.745555E-03   4.729720E-03   9.491110E-05
   410   1.235833E-03   1.367466E-03   2.471667E-05
   411   1.694483E-03   1.775928E-03   3.388966E-05
   412   8.725576E-03   9.222002E-03   1.745115E-04
   413   3.850813E-03   3.557183E-03   7.701626E-05
   414   1.147973E-03   1.277872E-03   2.295945E-05
   415   2.586320E-03   2.434110E-03   5.172641E-05
   416   1.605471E-03   1.661152E-03   3.210943E-05
   417   2.410463E-03   2.323350E-03   4.820925E-05
   418   3.956459E-03   3.600434E-03   7.912919E-05
   419   7.334161E-03   6.956985E-03   1.466832E-04
   420   5.407697E-03   4.848205E-03   1.081539E-04
   421   1.008986E-03   1.064267E-03   2.017972E-05
   422   1.403111E-03   1.448156E-03   2.806223E-05
   423   2.087620E-03   1.979568E-03   4.175239E-05
   424   1.292623E-02   1.298036E-02   2.585247E-04
   425   3.361898E-03   3.027404E-03   6.723796E-05
   426   3.241457E-03   3.238736E-03   6.482913E-05
   427   1.622882E-02   1.549463E-02   3.245764E-04
   428   2.914416E-02   2.945058E-02   5.828833E-04
   429   1.287656E-02   1.306502E-02   2.575312E-04
   430   1.645070E-03   1.570907E-03   3.290140E-05
   431   6.081675E-03   5.464627E-03   1.216335E-04
   432   2.473586E-03   2.169353E-03   4.947173E-05
   433   9.355594E-03   8.593786E-03   1.871119E-04
   434   4.118656E-03   3.750204E-03   8.237313E-05
   435   3.887665E-03   3.459848E-03   7.775329E-05
   436   5.425307E-03   4.955962E-03   1.085061E-04
   437   1.285141E-02   1.283801E-02   2.570282E-04
   438   1.338775E-02   1.317835E-02   2.677550E-04
   439   9.138559E-03   6.120455E-03   1.827712E-04
   440   1.466686E-03   1.476348E-03   2.933372E-05
   441   1.230281E-03   1.207890E-03   2.460562E-05
   442   2.164850E-03   2.151413E-03   4.329701E-05
   443   1.715720E-03   1.571650E-03   3.431440E-05
   444   5.876696E-03   5.411880E-03   1.175339E-04
   445   2.395348E-03   2.107053E-03   4.790695E-05
   446   4.752106E-03   4.103779E-03   9.504212E-05
   447   1.186613E-03   1.128053E-03   2.373226E-05
   448   1.355002E-02   1.273517E-02   2.710003E-04
   449   3.184835E-03   2.806489E-03   6.369669E-05
   450   1.064447E-02   1.044968E-02   2.128894E-04
   451   1.535640E-03   1.426412E-03   3.071280E-05
   452   7.334161E-03   6.970446E-03   1.466832E-04
   453   1.522091E-03   1.524841E-03   3.044183E-05
   454   3.716510E-03   3.349829E-03   7.433019E-05
   455   1.901896E-03   1.755445E-03   3.803792E-05
   456   3.043952E-03   2.696672E-03   6.087904E-05
   457   1.038707E-02   9.719920E-03   2.077415E-04
   458   1.034628E-03   1.032399E-03   2.069256E-05
   459   1.230281E-03   1.190658E-03   2.460562E-05
   460   3.956459E-03   3.598556E-03   7.912919E-05
   461   3.638031E-03   3.322028E-03   7.276062E-05
   462   4.409992E-03   4.155615E-03   8.819983E-05
   463   4.650930E-03   4.301133E-03   9.301859E-05
   464   1.231562E-03   1.229518E-03   2.463124E-05
   465   9.854930E-03   9.532519E-03   1.970986E-04
   466   2.769166E-03   2.831901E-03   5.538331E-05
   467   2.087620E-03   1.970343E-03   4.175239E-05
   468   1.390723E-03   1.370155E-03   2.781447E-05
   469   5.588879E-03   5.371252E-03   1.117776E-04
   470   1.599592E-03   1.623254E-03   3.199184E-05
   471   2.410463E-03   2.297933E-03   4.820925E-05
   472   3.221398E-03   3.033603E-03   6.442796E-05
   473   2.655052E-03   2.641656E-03   5.310104E-05
   474   2.472990E-03   2.396100E-03   4.945980E-05
   475   1.470740E-03   1.523014E-03   2.941479E-05
   476   2.412098E-03   2.508452E-03   4.824195E-05
   477   4.859244E-03   4.655168E-03   9.718487E-05
   478   2.100401E-03   2.084972E-03   4.200802E-05
   479   2.684868E-03   2.765979E-03   5.369737E-05
   480   1.605471E-03   1.704523E-03   3.210943E-05
   481   8.038542E-03   7.515548E-03   1.607708E-04
   482   2.272565E-03   2.270874E-03   4.545130E-05
   483   2.835062E-03   3.079327E-03   5.670125E-05
   484   3.411151E-03   3.648021E-03   6.822303E-05
   485   2.930316E-03   3.185966E-03   5.860633E-05
   486   1.927492E-03   2.078823E-03   3.854983E-05
   487   1.650949E-03   1.797054E-03   3.301898E-05
   488   1.059652E-03   1.152617E-03   2.119304E-05
   489   1.147973E-03   1.269260E-03   2.295945E-05
   490   4.852275E-03   4.303994E-03   9.704551E-05
   491   3.679540E-03   3.266465E-03   7.359079E-05
   492   2.725570E-03   2.951278E-03   5.451141E-05
   493   2.896860E-03   2.847102E-03   5.793720E-05
   494   6.104997E-03   5.900463E-03   1.220999E-04
   495   1.261001E-03   1.341480E-03   2.522003E-05
   496   1.128739E-02   1.172644E-02   2.257477E-04
   497   1.256803E-03   1.342476E-03   2.513607E-05
   498   2.457652E-03   2.570653E-03   4.915305E-05
   499   3.209930E-03   3.172194E-03   6.419859E-05
   500   3.143110E-03   2.746813E-03   6.286221E-05
   501   2.161731E-03   2.007397E-03   4.323462E-05
   502   2.817515E-03   2.493172E-03   5.635030E-05
   503   7.381667E-03   6.311656E-03   1.476333E-04
   504   4.252131E-03   3.532223E-03   8.504262E-05
   505   1.365569E-02   1.446466E-02   2.731138E-04
   506   9.710843E-04   8.180387E-04   1.942169E-05
   507   5.731622E-03   4.894570E-03   1.146324E-04
   508   2.531445E-03   1.886419E-03   5.062890E-05
   509   7.573552E-03   6.701960E-03   1.514710E-04
   510   1.863807E-02   2.061315E-02   3.727614E-04
   511   1.360232E-02   1.317763E-02   2.720463E-04
   512   1.704174E-02   1.841203E-02   3.408349E-04
   513   2.837137E-02   2.519588E-02   5.674274E-04
   514   0.000000E+00   1.055464E-04   8.571999E-05
   515   0.000000E+00  -2.230951E-04   4.928760E-05
   516   0.000000E+00  -2.027922E-04   6.938575E-05
   517   0.000000E+00   8.794346E-06   3.784845E-05
   518   0.000000E+00  -5.588598E-06   5.833195E-05
   519   0.000000E+00  -1.281463E-04   3.567512E-05
   520   0.000000E+00  -1.807040E-04   4.791193E-05
   521   0.000000E+00   4.082537E-05   3.792972E-05
   522   0.000000E+00  -1.455155E-04   4.420725E-05
   523   0.000000E+00  -1.528238E-04   4.893610E-05
   524   0.000000E+00  -3.666268E-05   2.576351E-05
   525   0.000000E+00   2.456808E-04   8.947855E-05
   526   0.000000E+00   3.377731E-05   5.100023E-05
   527   0.000000E+00   1.522071E-04   7.263877E-05
   528   0.000000E+00   4.291743E-05   1.112597E-04
   529   0.000000E+00  -1.150222E-04   5.354117E-05
   530   0.000000E+00   2.051057E-04   1.905779E-04
   531   0.000000E+00  -3.109449E-05   3.233695E-05
   532   0.000000E+00  -1.224440E-04   4.774072E-05
   533   0.000000E+00  -1.752019E-04   7.106440E-05
   534   0.000000E+00  -3.414619E-05   5.388827E-05
   535   0.000000E+00  -2.602469E-04   8.743535E-05
   536   0.000000E+00   1.790502E-05   3.275580E-05
   537   0.000000E+00   6.054375E-04   4.587356E-04
   538   0.000000E+00   5.919098E-04   3.185521E-04
   539   0.000000E+00   9.455714E-04   5.889728E-04
   540   0.000000E+00   2.137642E-04   7.864687E-05
   541   0.000000E+00  -4.742970E-05   2.646036E-05
   542   0.000000E+00  -1.138210E-04   2.638962E-05
   543   0.000000E+00   3.923464E-04   9.389042E-05
   544   0.000000E+00  -1.310659E-04   3.011639E-05
   545   0.000000E+00   6.329267E-05   3.532326E-04
   546   0.000000E+00  -7.408738E-05   1.419297E-04
   547   0.000000E+00   1.307503E-05   6.301965E-05
   548   0.000000E+00   1.988911E-03   3.330377E-04
   549   0.000000E+00  -6.901588E-05   2.572478E-05
   550   0.000000E+00   5.465966E-03   6.532966E-04
   551   0.000000E+00   4.506548E-05   9.212542E-05
   552   0.000000E+00  -7.410559E-05   4.467353E-05
   553   0.000000E+00   5.149002E-03   8.249259E-04
   554   0.000000E+00   2.818608E-03   3.649289E-04
   555   0.000000E+00  -3.076623E-04   1.539804E-04
   556   0.000000E+00   8.012396E-03   6.346598E-04
   557   0.000000E+00   1.365798E-04   8.178753E-05
   558   0.000000E+00   1.657024E-05   2.410946E-05
   559   0.000000E+00  -2.347358E-05   2.414284E-05
   560   0.000000E+00   2.366576E-04   6.979279E-05
   561   0.000000E+00  -3.013802E-04   5.179795E-05
   562   0.000000E+00   5.880161E-05   1.919544E-05
   563   0.000000E+00  -5.569906E-06   2.376196E-05
   564   0.000000E+00   1.304980E-05   3.452366E-04
   565   0.000000E+00  -1.360414E-04   3.292312E-05
   566   0.000000E+00   1.385879E-06   2.041193E-05
   567   0.000000E+00   1.042989E-04   6.110786E-05
   568   0.000000E+00  -4.119877E-05   2.060922E-05
   569   0.000000E+00  -8.077837E-05   2.815692E-05
   570   0.000000E+00  -1.366716E-04   3.147130E-05
   571   0.000000E+00   4.797367E-05   6.085316E-05
   572   0.000000E+00  -7.175524E-05   1.118133E-04
   573   0.000000E+00  -3.484230E-05   2.366837E-05
   574   0.000000E+00  -6.781562E-05   1.953068E-05
   575   0.000000E+00  -7.226845E-05   2.779137E-05
   576   0.000000E+00  -2.492943E-05   9.873027E-05
   577   0.000000E+00  -1.259613E-05   3.718324E-05
   578   0.000000E+00  -1.510541E-04   7.636247E-05
   579   0.000000E+00   2.278100E-04   1.113851E-04
   580   0.000000E+00  -1.358572E-03   1.625447E-04
   581   0.000000E+00  -7.235799E-04   6.834563E-04
   582   0.000000E+00  -3.878639E-05   1.925692E-05
   583   0.000000E+00  -3.753545E-05   1.158571E-04
   584   0.000000E+00  -1.399931E-05   3.991710E-05
   585   0.000000E+00  -7.327165E-05   7.434996E-05
   586   0.000000E+00   3.377796E-05   3.911121E-05
   587   0.000000E+00   1.138739E-05   5.388827E-05
   588   0.000000E+00  -4.277051E-04   1.845522E-04
   589   0.000000E+00  -2.527868E-05   1.112597E-04
   590   0.000000E+00   5.785383E-03   8.013370E-04
   591   0.000000E+00   3.702595E-03   6.984900E-04
   592   0.000000E+00  -9.135625E-05   3.666105E-05
   593   0.000000E+00  -2.173439E-05   2.240563E-05
   594   0.000000E+00  -4.964127E-05   4.817192E-05
   595   0.000000E+00   5.890595E-05   3.031923E-05
   596   0.000000E+00  -2.211461E-04   5.235641E-05
   597   0.000000E+00   4.646120E-05   3.690730E-05
   598   0.000000E+00  -1.209619E-04   1.846210E-04
   599   0.000000E+00   4.599446E-06   2.179130E-05
   600   0.000000E+00  -1.099986E-04   9.428622E-05
   601   0.000000E+00  -9.582999E-05   4.057387E-05
   602   0.000000E+00  -1.110544E-04   7.263877E-05
   603   0.000000E+00   3.757848E-05   3.233695E-05
   604   0.000000E+00  -8.832684E-05   6.085316E-05
   605   0.000000E+00   7.845046E-05   3.886744E-05
   606   0.000000E+00  -3.098581E-05   3.792972E-05
   607   0.000000E+00   3.212454E-05   3.065130E-05
   608   0.000000E+00   1.038087E-04   1.055374E-04
   609   0.000000E+00   6.568829E-05   6.793450E-05
   610   0.000000E+00   4.204823E-05   2.506130E-05
   611   0.000000E+00   2.453442E-05   2.240563E-05
   612   0.000000E+00   1.656447E-04   3.147130E-05
   613   0.000000E+00  -1.225221E-05   3.784845E-05
   614   0.000000E+00   1.151113E-04   5.626829E-05
   615   0.000000E+00  -4.426518E-05   5.365125E-05
   616   0.000000E+00   7.530165E-05   3.100760E-05
   617   0.000000E+00  -9.892933E-04   6.214445E-04
   618   0.000000E+00   8.676217E-05   7.379859E-05
   619   0.000000E+00   7.378262E-05   2.779137E-05
   620   0.000000E+00   8.838600E-05   3.134071E-05
   621   0.000000E+00   1.630912E-04   6.665645E-05
   622   0.000000E+00   1.292522E-04   3.974242E-05
   623   0.000000E+00   7.653665E-05   2.815692E-05
   624   0.000000E+00   1.186460E-04   3.335440E-05
   625   0.000000E+00   9.156869E-05   6.736173E-05
   626   0.000000E+00   1.682900E-04   3.504132E-05
   627   0.000000E+00   1.062009E-04   2.657622E-05
   628   0.000000E+00   7.954566E-05   2.873763E-05
   629   0.000000E+00   6.760574E-04   2.415488E-04
   630   0.000000E+00   1.322401E-04   4.024154E-05
   631   0.000000E+00   1.036153E-04   7.362440E-05
   632   0.000000E+00   4.139743E-05   2.060922E-05
   633   0.000000E+00  -9.428633E-05   2.758659E-04
   634   0.000000E+00   1.501011E-04   3.847177E-05
   635   0.000000E+00   8.780918E-05   4.285841E-05
   636   0.000000E+00   2.356746E-04   4.331878E-05
   637   0.000000E+00  -2.835636E-05   3.060131E-05
   638   0.000000E+00   1.307682E-04   3.011639E-05
   639   0.000000E+00   7.243904E-06   2.414284E-05
   640   0.000000E+00   5.403115E-05   2.575829E-05
   641   0.000000E+00  -6.153449E-06   2.041193E-05
   642   0.000000E+00  -2.468428E-04   1.317718E-04
   643   0.000000E+00   1.225357E-04   1.116361E-04
   644   0.000000E+00   3.823537E-05   4.467353E-05
   645   0.000000E+00  -1.809780E-04   7.097436E-05
   646   0.000000E+00   3.755180E-04   1.717571E-04
   647   0.000000E+00   3.202176E-05   2.646036E-05
   648   0.000000E+00  -9.434566E-04   6.347788E-04
   649   0.000000E+00  -5.332020E-06   2.410946E-05
   650   0.000000E+00   9.833290E-05   4.117016E-05
   651   0.000000E+00  -1.395174E-04   6.411905E-05
   652   0.000000E+00  -1.617869E-04   7.552702E-05
   653   0.000000E+00  -5.529675E-06   5.065160E-05
   654   0.000000E+00  -2.170386E-04   7.019159E-05
   655   0.000000E+00  -2.650518E-04   2.141020E-04
   656   0.000000E+00  -7.422371E-05   1.031970E-04
   657   0.000000E+00  -6.704699E-03   8.124586E-04
   658   0.000000E+00  -4.042871E-05   2.755854E-05
   659   0.000000E+00   1.547241E-04   1.293177E-04
   660   0.000000E+00   1.002281E-05   7.103876E-05
   661   0.000000E+00   6.769432E-04   2.108601E-04
   662   0.000000E+00  -7.948733E-03   6.538745E-04
   663   0.000000E+00   2.206219E-03   3.143698E-04
   664   0.000000E+00  -5.420202E-03   6.913460E-04
   665   0.000000E+00  -7.241069E-03   1.143279E-03
   666   0.000000E+00   2.929155E-04   8.502500E-05
   667   0.000000E+00   5.816144E-04   5.345402E-05
   668   0.000000E+00   6.556973E-04   7.063079E-05
   669   0.000000E+00   2.244670E-04   3.726087E-05
   670   0.000000E+00  -1.833786E-04   5.548086E-05
   671   0.000000E+00   2.052223E-04   3.610002E-05
   672   0.000000E+00   3.980549E-04   5.109268E-05
   673   0.000000E+00   3.646621E-05   3.979963E-05
   674   0.000000E+00   3.059818E-04   4.782883E-05
   675   0.000000E+00   1.353115E-04   5.004599E-05
   676   0.000000E+00   7.121024E-05   3.485687E-05
   677   0.000000E+00  -7.817223E-04   8.669034E-05
   678   0.000000E+00   8.694960E-05   5.286713E-05
   679   0.000000E+00  -5.337598E-04   8.780515E-05
   680   0.000000E+00  -1.025385E-03   9.603366E-05
   681   0.000000E+00  -1.464180E-05   5.963232E-05
   682   0.000000E+00   1.234256E-03   1.995973E-04
   683   0.000000E+00   1.318524E-04   3.154722E-05
   684   0.000000E+00   2.122416E-04   4.713132E-05
   685   0.000000E+00   1.093768E-04   7.136238E-05
   686   0.000000E+00  -3.902982E-06   4.633345E-05
   687   0.000000E+00  -5.954022E-04   8.080342E-05
   688   0.000000E+00   2.135373E-04   3.800434E-05
   689   0.000000E+00   1.353515E-03   4.553733E-04
   690   0.000000E+00   1.609106E-03   3.342714E-04
   691   0.000000E+00   1.655647E-03   5.170341E-04
   692   0.000000E+00   3.535151E-04   8.861092E-05
   693   0.000000E+00   7.177122E-05   2.645064E-05
   694   0.000000E+00   1.170926E-04   2.832537E-05
   695   0.000000E+00   3.856504E-04   1.000823E-04
   696   0.000000E+00   1.847274E-04   3.068300E-05
   697   0.000000E+00   2.324558E-03   3.578252E-04
   698   0.000000E+00   1.214575E-03   1.539400E-04
   699   0.000000E+00   1.951972E-04   6.082881E-05
   700   0.000000E+00   3.059811E-03   3.399691E-04
   701   0.000000E+00   6.856647E-05   2.538879E-05
   702   0.000000E+00   1.699481E-03   7.181558E-04
   703   0.000000E+00   8.017405E-04   1.031984E-04
   704   0.000000E+00   1.041904E-04   4.486014E-05
   705   0.000000E+00   2.988080E-03   9.890900E-04
   706   0.000000E+00   1.663073E-03   4.048614E-04
   707   0.000000E+00   1.429737E-03   1.716064E-04
   708   0.000000E+00   2.613497E-03   8.651080E-04
   709   0.000000E+00   4.594407E-04   8.641357E-05
   710   0.000000E+00   2.094932E-05   2.172030E-05
   711   0.000000E+00   4.620886E-05   2.603586E-05
   712   0.000000E+00   3.118796E-04   7.987421E-05
   713   0.000000E+00   5.814566E-04   5.287223E-05
   714   0.000000E+00  -4.408872E-05   1.745297E-05
   715   0.000000E+00   4.764696E-05   2.384431E-05
   716   0.000000E+00   1.534676E-03   3.729572E-04
   717   0.000000E+00   1.238618E-05   3.140260E-05
   718   0.000000E+00   5.683293E-05   2.273269E-05
   719   0.000000E+00   3.475208E-04   5.746233E-05
   720   0.000000E+00   5.081385E-05   2.372358E-05
   721   0.000000E+00   1.689864E-04   3.016024E-05
   722   0.000000E+00  -6.388636E-05   3.139118E-05
   723   0.000000E+00  -2.939802E-04   5.136381E-05
   724   0.000000E+00   7.448074E-04   1.259637E-04
   725   0.000000E+00   5.496459E-05   2.901345E-05
   726   0.000000E+00  -3.074200E-06   2.153188E-05
   727   0.000000E+00   1.462522E-04   2.747425E-05
   728   0.000000E+00  -9.266756E-04   9.698348E-05
   729   0.000000E+00  -7.411743E-06   3.958268E-05
   730   0.000000E+00   2.373888E-04   7.385422E-05
   731   0.000000E+00  -9.692334E-04   1.024805E-04
   732   0.000000E+00  -1.580058E-03   1.654751E-04
   733   0.000000E+00   1.695566E-03   5.877665E-04
   734   0.000000E+00   3.548224E-05   2.359301E-05
   735   0.000000E+00   5.020562E-04   1.328803E-04
   736   0.000000E+00   1.164841E-04   3.977570E-05
   737   0.000000E+00  -3.490267E-04   7.343206E-05
   738   0.000000E+00   1.517226E-04   4.408569E-05
   739   0.000000E+00  -1.319897E-05   4.633345E-05
   740   0.000000E+00   1.132596E-03   2.016173E-04
   741   0.000000E+00  -9.858149E-04   9.603366E-05
   742   0.000000E+00   5.841284E-03   1.073694E-03
   743   0.000000E+00   1.116570E-03   1.042696E-03
   744   0.000000E+00   6.509748E-05   3.997074E-05
   745   0.000000E+00   1.180196E-04   2.547163E-05
   746   0.000000E+00   2.000663E-04   5.670562E-05
   747   0.000000E+00   1.247130E-04   3.014662E-05
   748   0.000000E+00  -4.307207E-04   4.845909E-05
   749   0.000000E+00   8.605104E-05   3.622306E-05
   750   0.000000E+00   1.019846E-03   2.223257E-04
   751   0.000000E+00   1.130930E-04   2.507152E-05
   752   0.000000E+00  -5.119251E-04   9.310043E-05
   753   0.000000E+00  -4.873966E-05   4.310329E-05
   754   0.000000E+00  -4.924858E-04   8.780515E-05
   755   0.000000E+00   1.036921E-04   3.154722E-05
   756   0.000000E+00  -3.345629E-04   5.136381E-05
   757   0.000000E+00   1.407331E-04   4.158928E-05
   758   0.000000E+00   5.795598E-05   3.979963E-05
   759   0.000000E+00   8.301181E-05   3.079421E-05
   760   0.000000E+00   2.118682E-04   9.785477E-05
   761   0.000000E+00  -1.058418E-04   6.676575E-05
   762   0.000000E+00   2.533212E-05   2.670224E-05
   763   0.000000E+00   1.215772E-04   2.547163E-05
   764   0.000000E+00  -4.908098E-05   3.139118E-05
   765   0.000000E+00   2.116852E-04   3.726087E-05
   766   0.000000E+00   3.333009E-04   5.581810E-05
   767   0.000000E+00   2.637791E-04   5.138683E-05
   768   0.000000E+00  -9.910360E-06   3.623462E-05
   769   0.000000E+00   1.756232E-03   6.309801E-04
   770   0.000000E+00   9.751673E-06   7.363586E-05
   771   0.000000E+00   1.335160E-04   2.747425E-05
   772   0.000000E+00   3.478122E-05   3.279285E-05
   773   0.000000E+00   6.216831E-04   7.198962E-05
   774   0.000000E+00   1.189730E-04   4.167816E-05
   775   0.000000E+00   1.724626E-04   3.016024E-05
   776   0.000000E+00   3.015885E-04   3.587868E-05
   777   0.000000E+00   1.821226E-04   6.433065E-05
   778   0.000000E+00   2.851318E-04   3.891477E-05
   779   0.000000E+00   1.673250E-04   3.053185E-05
   780   0.000000E+00  -1.129019E-05   3.279801E-05
   781   0.000000E+00   1.205325E-03   2.583525E-04
   782   0.000000E+00   2.949069E-04   3.999934E-05
   783   0.000000E+00   2.274626E-04   7.473856E-05
   784   0.000000E+00   9.003415E-05   2.372358E-05
   785   0.000000E+00   1.818174E-03   2.849040E-04
   786   0.000000E+00   2.898059E-04   3.583350E-05
   787   0.000000E+00   2.270464E-04   5.229974E-05
   788   0.000000E+00   3.289190E-04   4.530177E-05
   789   0.000000E+00   5.687006E-05   2.922159E-05
   790   0.000000E+00   2.089104E-04   3.068300E-05
   791   0.000000E+00   5.239250E-05   2.603586E-05
   792   0.000000E+00   1.329546E-04   2.830580E-05
   793   0.000000E+00   4.560015E-05   2.273269E-05
   794   0.000000E+00   8.454975E-04   1.513282E-04
   795   0.000000E+00   4.630578E-04   1.230757E-04
   796   0.000000E+00   8.356634E-05   4.486014E-05
   797   0.000000E+00   2.350027E-04   7.670949E-05
   798   0.000000E+00   1.383611E-03   1.910509E-04
   799   0.000000E+00   8.043927E-05   2.645064E-05
   800   0.000000E+00   2.110236E-03   5.318033E-04
   801   0.000000E+00   1.688301E-05   2.172030E-05
   802   0.000000E+00   1.266454E-04   4.094920E-05
   803   0.000000E+00   2.421346E-04   7.061205E-05
   804   0.000000E+00   5.023562E-04   7.469525E-05
   805   0.000000E+00   1.460601E-04   4.777532E-05
   806   0.000000E+00   1.788701E-04   7.891373E-05
   807   0.000000E+00   1.537848E-03   2.245348E-04
   808   0.000000E+00   6.811897E-04   1.128870E-04
   809   0.000000E+00   3.711110E-03   8.263193E-04
   810   0.000000E+00   1.049012E-04   2.932472E-05
   811   0.000000E+00   1.128609E-03   1.452169E-04
   812   0.000000E+00   4.762505E-04   8.161353E-05
   813   0.000000E+00   1.912381E-03   2.181146E-04
   814   0.000000E+00   3.873679E-03   7.805474E-04
   815   0.000000E+00   2.895940E-03   3.362209E-04
   816   0.000000E+00   2.083027E-03   7.246632E-04
   817   0.000000E+00   6.218136E-03   1.567776E-03
   818   8.614137E-04   4.426708E-04   3.356157E-03
   819   5.735512E-04   6.308559E-04   1.710391E-03
   820   5.120814E-04   4.148526E-04   1.562812E-03
   821   3.019566E-04   8.687267E-05   1.091409E-03
   822   3.842681E-04   1.592157E-04   1.921340E-03
   823   1.977128E-04   3.756803E-04   5.533008E-04
   824   3.152747E-04   2.286995E-04   1.112734E-03
   825   2.363700E-04  -7.261177E-06   1.114953E-03
   826   2.593843E-04   4.380656E-04   7.554883E-04
   827   2.493639E-04   1.009847E-04   1.068702E-03
   828   1.666844E-04   3.095130E-04   4.129259E-04
   829   4.753119E-04   6.187558E-05   3.906674E-03
   830   2.650187E-04  -4.241427E-05   1.526019E-03
   831   5.130635E-04   3.146146E-04   3.193341E-03
   832   2.930122E-04   1.521331E-04   3.855424E-03
   833   1.426340E-04   1.095469E-04   7.909465E-04
   834   8.353032E-04  -2.467027E-06   2.962068E-03
   835   4.238366E-05  -5.127566E-06   4.606920E-04
   836  -2.425530E-05  -2.153834E-05   1.233320E-03
   837   9.420808E-05   1.144142E-04   1.228801E-03
   838  -1.671696E-05   9.970714E-06   1.166299E-03
   839  -1.064453E-04   2.146204E-05   3.070538E-03
   840  -2.094854E-07  -5.853031E-05   6.284562E-04
   841   4.064405E-04   4.277293E-04   2.150479E-03
   842   1.473890E-06   6.347271E-04   2.210834E-03
   843   1.265255E-03   9.364487E-04   3.108734E-03
   844   4.178476E-04   1.311921E-04   9.996354E-04
   845   1.617865E-04   2.993270E-04   3.783004E-04
   846   1.869210E-04   4.566265E-04   4.700445E-04
   847   5.556226E-04   8.091406E-05   1.043096E-03
   848   2.193485E-04   4.817063E-04   5.782475E-04
   849   1.908569E-03   6.880896E-04   3.103364E-03
   850   1.128001E-03  -9.397463E-05   1.944830E-03
   851   4.406825E-04   2.665533E-04   9.880773E-04
   852   2.693891E-03  -2.270968E-04   3.788876E-03
   853   1.674476E-04   3.591710E-04   3.977377E-04
   854   2.955543E-03   1.187354E-03   3.921552E-03
   855   8.136742E-04  -2.437155E-04   1.562754E-03
   856   3.625008E-04   7.088466E-04   8.176711E-04
   857   3.516538E-03   2.925494E-03   3.820939E-03
   858   2.312104E-03   5.779520E-04   2.997542E-03
   859   1.126909E-03   1.641940E-06   1.927438E-03
   860   3.779155E-03   8.028311E-04   4.051989E-03
   861   4.782190E-04  -5.280367E-05   9.040057E-04
   862   1.616249E-04   2.808808E-04   3.770410E-04
   863   2.101658E-04   4.341991E-04   4.952847E-04
   864   4.579599E-04   9.222123E-05   1.001370E-03
   865   4.612680E-04   6.152358E-04   1.423667E-03
   866   1.523783E-04   2.299018E-04   3.707500E-04
   867   1.948655E-04   2.967621E-04   5.083449E-04
   868   1.312327E-03   6.399687E-04   2.617673E-03
   869   2.787988E-04   2.008998E-04   1.155244E-03
   870   1.276546E-04   1.925182E-04   3.443918E-04
   871   3.302731E-04  -3.382507E-05   7.758961E-04
   872   1.629554E-04   2.143883E-04   4.816414E-04
   873   2.041662E-04   1.351824E-04   7.231388E-04
   874   2.156270E-04   8.425422E-05   1.186938E-03
   875   3.527731E-04   1.476395E-04   2.200248E-03
   876   5.337397E-04  -1.081980E-04   1.622309E-03
   877   9.282673E-05   1.107533E-04   3.026959E-04
   878   1.158970E-04   1.251771E-04   4.209334E-04
   879   1.436282E-04   5.010662E-05   6.262859E-04
   880   2.998886E-04   2.287778E-04   3.877870E-03
   881   1.637244E-04   1.105750E-05   1.008569E-03
   882   2.116671E-04   1.421050E-04   9.724370E-04
   883   2.207120E-04  -2.076761E-05   4.868647E-03
   884  -8.043790E-04  -1.740511E-04   8.743249E-03
   885   9.966457E-04   4.192093E-04   3.862968E-03
   886   8.850477E-05   3.368843E-05   4.935210E-04
   887  -1.471765E-04  -3.735131E-05   1.824502E-03
   888   6.876570E-05  -1.156203E-05   7.420759E-04
   889  -3.321236E-04   1.637967E-05   2.806678E-03
   890  -1.836921E-04  -3.356684E-05   1.235597E-03
   891   1.671696E-05  -4.787591E-06   1.166299E-03
   892   2.614998E-04  -3.104314E-04   1.627592E-03
   893  -2.930122E-04  -1.855834E-04   3.855424E-03
   894   2.907819E-03   4.907845E-03   4.016324E-03
   895   2.741568E-03   1.131442E-03   2.741568E-03
   896   5.470738E-05   7.465760E-05   4.400057E-04
   897   3.776962E-05   5.849132E-05   3.690843E-04
   898   4.546186E-05   1.292568E-04   6.494551E-04
   899   4.066256E-05   2.457307E-05   5.147159E-04
   900  -1.939310E-04   2.642044E-05   1.763009E-03
   901  -2.083952E-05   3.523474E-05   7.186043E-04
   902   9.931902E-05  -2.990322E-04   1.425632E-03
   903  -9.730228E-06   9.338463E-06   3.559840E-04
   904  -7.086659E-04  -2.418644E-04   4.065005E-03
   905  -1.678408E-04   3.322693E-05   9.554504E-04
   906  -5.130635E-04  -3.280988E-04   3.193341E-03
   907  -4.238366E-05  -1.001030E-05   4.606920E-04
   908  -3.527731E-04  -1.438711E-04   2.200248E-03
   909   3.500810E-06   2.077429E-06   4.566274E-04
   910  -2.363700E-04   1.252822E-05   1.114953E-03
   911  -9.775745E-05   9.368933E-06   5.705688E-04
   912  -1.735053E-05  -1.216090E-05   9.131856E-04
   913  -7.208630E-04  -4.452801E-04   3.116122E-03
   914  -3.517735E-05  -3.742213E-05   3.103884E-04
   915  -3.776962E-05  -7.186683E-05   3.690843E-04
   916  -2.156270E-04  -1.056132E-04   1.186938E-03
   917  -3.019566E-04  -7.321514E-05   1.091409E-03
   918  -3.430974E-04  -1.058845E-04   1.322998E-03
   919  -4.167233E-04  -2.040733E-04   1.395279E-03
   920  -6.638119E-05  -5.496983E-05   3.694686E-04
   921  -3.173288E-04  -1.007597E-03   2.956479E-03
   922  -1.420582E-04  -1.021651E-04   8.307497E-04
   923  -1.436282E-04  -6.074368E-05   6.262859E-04
   924  -9.456918E-05  -7.613986E-05   4.172170E-04
   925  -5.940978E-04  -5.782240E-04   1.676664E-03
   926  -6.974222E-05  -1.070091E-04   4.798776E-04
   927  -2.041662E-04  -1.250503E-04   7.231388E-04
   928  -3.092542E-04  -2.860943E-04   9.664194E-04
   929  -1.956773E-04  -1.249146E-04   7.965155E-04
   930  -2.228164E-04  -2.469755E-04   7.418970E-04
   931  -1.251599E-04  -1.434558E-04   4.412219E-04
   932  -2.071992E-04  -2.221689E-04   7.236293E-04
   933  -1.482069E-04   4.409472E-04   1.457773E-03
   934  -2.020586E-04  -2.220515E-04   6.301204E-04
   935  -2.223071E-04  -1.948271E-04   8.054605E-04
   936  -1.629554E-04  -2.119926E-04   4.816414E-04
   937  -5.715403E-04   1.409521E-04   2.411563E-03
   938  -2.418009E-04  -3.744245E-04   6.817695E-04
   939  -3.274497E-04  -5.939759E-04   8.505187E-04
   940  -3.892124E-04  -8.259479E-04   1.023345E-03
   941  -3.487076E-04  -5.605933E-04   8.790949E-04
   942  -2.193485E-04  -4.832877E-04   5.782475E-04
   943  -2.101658E-04  -4.195716E-04   4.952847E-04
   944  -1.069189E-04  -1.684054E-04   3.178956E-04
   945  -1.276546E-04  -1.943301E-04   3.443918E-04
   946  -5.788765E-04   2.029807E-04   1.455683E-03
   947  -2.594075E-04   1.792940E-04   1.103862E-03
   948  -3.625008E-04  -6.853684E-04   8.176711E-04
   949  -3.884689E-04  -2.378667E-04   8.690579E-04
   950  -7.374836E-04   6.671344E-05   1.831499E-03
   951  -1.617865E-04  -2.949304E-04   3.783004E-04
   952  -1.502351E-03  -1.163071E-03   3.386216E-03
   953  -1.616249E-04  -2.746370E-04   3.770410E-04
   954  -3.133507E-04  -4.990649E-04   7.372957E-04
   955  -3.697839E-04  -1.508599E-04   9.629789E-04
   956  -4.346921E-04   1.766399E-04   9.429331E-04
   957  -2.931307E-04  -1.907325E-04   6.485193E-04
   958  -4.147382E-04  -9.625515E-05   8.452545E-04
   959  -1.345678E-03  -3.154493E-04   2.214500E-03
   960  -7.275396E-04  -1.629300E-05   1.275639E-03
   961  -2.727041E-03  -1.840854E-03   4.096707E-03
   962  -1.428465E-04   2.931629E-05   2.913253E-04
   963  -9.439981E-04  -3.203877E-05   1.719487E-03
   964  -4.126256E-04   1.802691E-04   7.594335E-04
   965  -1.460938E-03   3.028521E-04   2.272066E-03
   966  -4.797439E-03  -2.837359E-03   5.591420E-03
   967  -2.848325E-03  -7.651962E-06   4.080695E-03
   968  -3.352111E-03  -1.934717E-03   5.112523E-03
   969  -8.142583E-03  -4.323687E-03   8.511411E-03
   970   0.000000E+00   1.418265E-04   3.356157E-03
   971   0.000000E+00   1.206929E-04   1.710391E-03
   972   0.000000E+00   2.293220E-04   1.562812E-03
   973   0.000000E+00   1.185965E-04   1.091409E-03
   974   0.000000E+00   7.693393E-05   1.921340E-03
   975   0.000000E+00   4.552776E-05   5.533008E-04
   976   0.000000E+00   8.475973E-05   1.112734E-03
   977   0.000000E+00   1.338107E-04   1.114953E-03
   978   0.000000E+00   8.230102E-05   7.554883E-04
   979   0.000000E+00   1.005175E-04   1.068702E-03
   980   0.000000E+00   8.722122E-05   4.129259E-04
   981   0.000000E+00   2.379005E-04   3.906674E-03
   982   0.000000E+00   1.394761E-04   1.526019E-03
   983   0.000000E+00  -1.799599E-04   3.193341E-03
   984   0.000000E+00  -2.123570E-04   3.855424E-03
   985   0.000000E+00   7.932153E-05   7.909465E-04
   986   0.000000E+00   2.748586E-04   2.962068E-03
   987   0.000000E+00   1.366469E-05   4.606920E-04
   988   0.000000E+00   1.160753E-04   1.233320E-03
   989   0.000000E+00   5.680363E-05   1.228801E-03
   990   0.000000E+00   1.561184E-04   1.166299E-03
   991   0.000000E+00  -1.241668E-04   3.070538E-03
   992   0.000000E+00  -2.985264E-05   6.284562E-04
   993   0.000000E+00   2.143787E-04   2.150479E-03
   994   0.000000E+00   4.385878E-04   2.210834E-03
   995   0.000000E+00   1.446975E-04   3.108734E-03
   996   0.000000E+00   1.529002E-04   9.996354E-04
   997   0.000000E+00   9.774996E-05   3.783004E-04
   998   0.000000E+00   6.882457E-05   4.700445E-04
   999   0.000000E+00  -5.160998E-05   1.043096E-03
  1000   0.000000E+00   3.344695E-05   5.782475E-04
  1001   0.000000E+00   3.856991E-04   3.103364E-03
  1002   0.000000E+00  -3.035959E-04   1.944830E-03
  1003   0.000000E+00   1.222435E-04   9.880773E-04
  1004   0.000000E+00  -1.180658E-04   3.788876E-03
  1005   0.000000E+00   8.210874E-05   3.977377E-04
  1006   0.000000E+00   1.896492E-03   3.921552E-03
  1007   0.000000E+00  -1.517288E-04   1.562754E-03
  1008   0.000000E+00   2.176930E-04   8.176711E-04
  1009   0.000000E+00   4.103243E-03   3.820939E-03
  1010   0.000000E+00   5.995169E-04   2.997542E-03
  1011   0.000000E+00   2.292636E-04   1.927438E-03
  1012   0.000000E+00   2.056749E-03   4.051989E-03
  1013   0.000000E+00  -9.826937E-05   9.040057E-04
  1014   0.000000E+00   1.018180E-04   3.770410E-04
  1015   0.000000E+00   9.460242E-05   4.952847E-04
  1016   0.000000E+00   8.795617E-05   1.001370E-03
  1017   0.000000E+00   7.361596E-05   1.423667E-03
  1018   0.000000E+00   8.713849E-05   3.707500E-04
  1019   0.000000E+00   4.321509E-05   5.083449E-04
  1020   0.000000E+00   8.213612E-04   2.617673E-03
  1021   0.000000E+00   3.015487E-05   1.155244E-03
  1022   0.000000E+00   4.498441E-05   3.443918E-04
  1023   0.000000E+00   5.688417E-05   7.758961E-04
  1024   0.000000E+00   2.201510E-05   4.816414E-04
  1025   0.000000E+00   2.870050E-05   7.231388E-04
  1026   0.000000E+00   6.381944E-05   1.186938E-03
  1027   0.000000E+00   1.408629E-05   2.200248E-03
  1028   0.000000E+00   5.207003E-05   1.622309E-03
  1029   0.000000E+00   6.040297E-06   3.026959E-04
  1030   0.000000E+00   4.412930E-06   4.209334E-04
  1031   0.000000E+00   3.315816E-05   6.262859E-04
  1032   0.000000E+00  -2.983359E-04   3.877870E-03
  1033   0.000000E+00   8.401295E-05   1.008569E-03
  1034   0.000000E+00   8.391822E-06   9.724370E-04
  1035   0.000000E+00   2.142833E-05   4.868647E-03
  1036   0.000000E+00  -1.027539E-03   8.743249E-03
  1037   0.000000E+00  -2.575797E-04   3.862968E-03
  1038   0.000000E+00   3.066776E-05   4.935210E-04
  1039   0.000000E+00   3.653858E-04   1.824502E-03
  1040   0.000000E+00   9.289116E-05   7.420759E-04
  1041   0.000000E+00   2.393123E-04   2.806678E-03
  1042   0.000000E+00   1.325999E-04   1.235597E-03
  1043   0.000000E+00   1.721485E-04   1.166299E-03
  1044   0.000000E+00   5.173462E-04   1.627592E-03
  1045   0.000000E+00  -2.363620E-04   3.855424E-03
  1046   0.000000E+00   3.356901E-03   4.016324E-03
  1047   0.000000E+00   1.300983E-03   2.741568E-03
  1048   0.000000E+00   4.643632E-05   4.400057E-04
  1049   0.000000E+00   1.664001E-05   3.690843E-04
  1050   0.000000E+00   5.993507E-05   6.494551E-04
  1051   0.000000E+00   4.015922E-05   5.147159E-04
  1052   0.000000E+00   1.863593E-04   1.763009E-03
  1053   0.000000E+00   9.070010E-05   7.186043E-04
  1054   0.000000E+00   5.328413E-04   1.425632E-03
  1055   0.000000E+00  -1.498501E-05   3.559840E-04
  1056   0.000000E+00   1.189879E-04   4.065005E-03
  1057   0.000000E+00   1.094977E-04   9.554504E-04
  1058   0.000000E+00  -1.943153E-04   3.193341E-03
  1059   0.000000E+00   3.615770E-05   4.606920E-04
  1060   0.000000E+00   1.718443E-05   2.200248E-03
  1061   0.000000E+00  -1.715156E-05   4.566274E-04
  1062   0.000000E+00   1.207436E-04   1.114953E-03
  1063   0.000000E+00   4.318087E-05   5.705688E-04
  1064   0.000000E+00   1.428917E-04   9.131856E-04
  1065   0.000000E+00   8.339058E-05   3.116122E-03
  1066   0.000000E+00   1.326624E-05   3.103884E-04
  1067   0.000000E+00   1.108265E-05   3.690843E-04
  1068   0.000000E+00   3.813798E-05   1.186938E-03
  1069   0.000000E+00   1.257426E-04   1.091409E-03
  1070   0.000000E+00   1.170416E-04   1.322998E-03
  1071   0.000000E+00   1.593728E-04   1.395279E-03
  1072   0.000000E+00   2.943686E-05   3.694686E-04
  1073   0.000000E+00   2.950682E-04   2.956479E-03
  1074   0.000000E+00   8.359897E-05   8.307497E-04
  1075   0.000000E+00   3.612161E-05   6.262859E-04
  1076   0.000000E+00   8.289896E-06   4.172170E-04
  1077   0.000000E+00   1.754141E-04   1.676664E-03
  1078   0.000000E+00   6.880846E-06   4.798776E-04
  1079   0.000000E+00   3.775562E-05   7.231388E-04
  1080   0.000000E+00   8.115626E-05   9.664194E-04
  1081   0.000000E+00   3.269175E-05   7.965155E-04
  1082   0.000000E+00   3.765497E-05   7.418970E-04
  1083   0.000000E+00   8.180107E-06   4.412219E-04
  1084   0.000000E+00   3.225687E-05   7.236293E-04
  1085   0.000000E+00   4.131992E-04   1.457773E-03
  1086   0.000000E+00   8.018324E-05   6.301204E-04
  1087   0.000000E+00   1.822382E-06   8.054605E-04
  1088   0.000000E+00   1.176450E-05   4.816414E-04
  1089   0.000000E+00   5.291022E-04   2.411563E-03
  1090   0.000000E+00   5.183688E-05   6.817695E-04
  1091   0.000000E+00   1.479043E-04   8.505187E-04
  1092   0.000000E+00   1.050904E-04   1.023345E-03
  1093   0.000000E+00   1.273255E-04   8.790949E-04
  1094   0.000000E+00   2.380937E-05   5.782475E-04
  1095   0.000000E+00   8.994073E-05   4.952847E-04
  1096   0.000000E+00   3.838229E-05   3.178956E-04
  1097   0.000000E+00   5.071896E-05   3.443918E-04
  1098   0.000000E+00   1.170138E-04   1.455683E-03
  1099   0.000000E+00   1.402233E-04   1.103862E-03
  1100   0.000000E+00   2.262232E-04   8.176711E-04
  1101   0.000000E+00   1.386345E-04   8.690579E-04
  1102   0.000000E+00   3.519974E-04   1.831499E-03
  1103   0.000000E+00   8.479505E-05   3.783004E-04
  1104   0.000000E+00   3.346632E-04   3.386216E-03
  1105   0.000000E+00   1.011155E-04   3.770410E-04
  1106   0.000000E+00   1.284040E-04   7.372957E-04
  1107   0.000000E+00   1.172935E-04   9.629789E-04
  1108   0.000000E+00  -1.889551E-05   9.429331E-04
  1109   0.000000E+00   7.472636E-05   6.485193E-04
  1110   0.000000E+00   4.321374E-05   8.452545E-04
  1111   0.000000E+00  -1.706203E-04   2.214500E-03
  1112   0.000000E+00  -1.309545E-04   1.275639E-03
  1113   0.000000E+00   2.704465E-04   4.096707E-03
  1114   0.000000E+00  -2.746508E-05   2.913253E-04
  1115   0.000000E+00  -4.596675E-05   1.719487E-03
  1116   0.000000E+00  -1.285087E-04   7.594335E-04
  1117   0.000000E+00  -1.715277E-04   2.272066E-03
  1118   0.000000E+00   2.618216E-03   5.591420E-03
  1119   0.000000E+00   4.843812E-04   4.080695E-03
  1120   0.000000E+00   2.288110E-03   5.112523E-03
  1121   0.000000E+00   5.919024E-03   8.511411E-03
