         152           4
       1  1.11872E-02  1.04736E-02 -5.15767E+01 -5.51457E+01  2.09680E+00  2.01952E+02  1.93500E+02  2.07980E+00  4.15038E-02  7.70000E-02  3.00000E-01  8.76776E-03  0.00000E+00  3.00000E-01
       2  5.70130E-03  5.46644E-03 -7.77042E+01 -7.20331E+01  2.11870E+00  2.03303E+02  1.73297E+02  2.29780E+00  1.21332E-01  1.00600E-01  3.00000E-01  4.73668E-03  0.00000E+00  3.00000E-01
       3  5.20937E-03  4.99891E-03 -7.57122E+01 -7.03214E+01  2.97040E+00  1.95884E+02  1.57694E+02  3.02370E+00  9.60445E-02  9.83000E-02  3.00000E-01  1.48645E-02  0.00000E+00  3.00000E-01
       4  3.63803E-03  3.31731E-03 -5.74818E+01 -5.93916E+01  2.64100E+00  2.00226E+02  1.79503E+02  2.60000E+00  3.04968E-02  8.30000E-02  3.00000E-01  1.97450E-02  0.00000E+00  3.00000E-01
       5  6.40447E-03  6.03028E-03 -4.35760E+01 -4.29252E+01  2.62700E+00  1.95212E+02  2.03949E+02  2.49860E+00  2.77258E-02  6.00000E-02  3.00000E-01  1.27566E-02  0.00000E+00  3.00000E-01
       6  1.84434E-03  1.94086E-03 -8.55407E+01 -7.66923E+01  4.18970E+00  1.77952E+02  1.53159E+02  4.23960E+00  1.84230E-01  1.07200E-01  3.00000E-01  2.65411E-02  0.00000E+00  3.00000E-01
       7  3.70911E-03  3.66685E-03 -7.10676E+01 -6.08558E+01  2.81680E+00  1.81871E+02  1.54194E+02  3.00380E+00  6.94540E-02  8.50000E-02  3.00000E-01  1.48422E-02  0.00000E+00  3.00000E-01
       8  3.71651E-03  3.32998E-03 -4.22069E+01 -4.55340E+01  2.66940E+00  1.88188E+02  1.84950E+02  2.80100E+00 -1.00745E-03  6.36000E-02  3.00000E-01  3.91723E-02  0.00000E+00  3.00000E-01
       9  2.51829E-03  2.72647E-03 -7.88203E+01 -7.37064E+01  3.32630E+00  1.59783E+02  1.33986E+02  3.59880E+00  1.52716E-01  1.03000E-01  3.00000E-01  2.69845E-02  0.00000E+00  3.00000E-01
      10  3.56234E-03  3.44417E-03 -6.11229E+01 -5.00778E+01  3.24950E+00  1.76985E+02  1.67266E+02  3.32320E+00  3.02885E-02  7.00000E-02  3.00000E-01  2.98218E-02  0.00000E+00  3.00000E-01
      11  1.37642E-03  1.48813E-03 -8.78504E+01 -8.66754E+01  3.87500E+00  1.58610E+02  1.46387E+02  5.24270E+00  1.99279E-01  1.21100E-01  3.00000E-01  5.42181E-02  0.00000E+00  3.00000E-01
      12  1.30222E-02  1.21263E-02 -2.12638E+01 -2.61590E+01  1.95760E+00  1.83843E+02  2.01454E+02  1.89660E+00  9.00370E-03  3.65000E-02  3.00000E-01  1.10936E-02  0.00000E+00  3.00000E-01
      13  5.08673E-03  4.57451E-03 -3.54052E+01 -3.72943E+01  2.53240E+00  1.83971E+02  1.78601E+02  2.62510E+00 -8.13996E-03  5.21000E-02  3.00000E-01  2.92019E-02  0.00000E+00  3.00000E-01
      14  1.06445E-02  1.03915E-02 -3.13109E+01 -3.44990E+01  2.01780E+00  1.95797E+02  2.09083E+02  2.43910E+00  3.51712E-02  4.82000E-02  3.00000E-01 -2.88467E-02  0.00000E+00  3.00000E-01
      15  1.28514E-02  1.28401E-02 -1.58854E+01 -1.63027E+01  2.61890E+00  1.93502E+02  2.13903E+02  2.26050E+00  1.55089E-02  2.28000E-02  3.00000E-01 -3.92738E-02  0.00000E+00  3.00000E-01
      16  2.63649E-03  2.64218E-03 -4.82007E+01 -3.87077E+01  4.33610E+00  1.48632E+02  1.50981E+02  4.82940E+00  3.84371E-02  5.41000E-02  3.00000E-01  3.49820E-02  0.00000E+00  3.00000E-01
      17  9.87356E-03  9.23658E-03 -5.43260E+01 -6.05436E+01  3.43570E+00  1.57087E+02  1.25864E+02  3.59830E+00  1.80673E-02  8.46000E-02  3.00000E-01  6.09032E-03  0.00000E+00  3.00000E-01
      18  1.53564E-03  1.41619E-03 -2.59969E+01 -1.97254E+01  4.73350E+00  1.83316E+02  1.58949E+02  4.61790E+00 -2.25104E-03  2.76000E-02  3.00000E-01  3.02246E-04  0.00000E+00  3.00000E-01
      19  4.11107E-03  3.68633E-03 -5.06116E+00  4.25290E+00  2.76540E+00  1.84567E+02  1.68387E+02  2.73010E+00 -4.28390E-03 -5.90000E-03  3.00000E-01  2.44367E-02  0.00000E+00  3.00000E-01
      20  4.09600E-03  4.01386E-03 -2.57248E+01 -1.64615E+01  3.52970E+00  1.49143E+02  1.43857E+02  3.54450E+00  2.82897E-02  2.30000E-02  3.00000E-01  1.90795E-02  0.00000E+00  3.00000E-01
      21  3.88766E-03  3.46963E-03  5.36664E-01  3.07820E+00  3.50300E+00  1.78338E+02  1.78698E+02  3.01190E+00  1.92254E-03 -4.30000E-03  3.00000E-01  4.50281E-02  0.00000E+00  3.00000E-01
      22  1.02351E-02  1.00305E-02  7.24987E-01  7.42610E+00  2.47200E+00  1.89306E+02  2.04616E+02  2.28450E+00 -2.90965E-04 -1.04000E-02  3.00000E-01 -2.66278E-02  0.00000E+00  3.00000E-01
      23  2.09485E-03  2.05253E-03  1.04465E+00  6.42000E-02  3.23530E+00  1.70286E+02  1.46307E+02  3.75370E+00 -2.64999E-02 -1.00000E-04  3.00000E-01 -1.61605E-02  0.00000E+00  3.00000E-01
      24  7.16826E-03  7.16653E-03 -1.55994E+01 -4.05902E+01  1.00825E+01  1.52304E+02  1.11405E+02  1.00086E+01  1.62783E-02  5.67000E-02  3.00000E-01 -1.33536E-02  0.00000E+00  3.00000E-01
      25  7.36945E-03  6.53599E-03  3.63585E+01 -1.27600E-01  6.76040E+00  1.68653E+02  1.10589E+02  7.09400E+00  8.71188E-03  2.00000E-04  3.00000E-01 -5.98518E-02  0.00000E+00  3.00000E-01
      26  1.03624E-02  1.04801E-02 -6.46531E+01 -8.73687E+01  8.21170E+00  1.30605E+02  1.02161E+02  7.20870E+00  3.13412E-02  1.22100E-01  3.00000E-01 -3.54377E-02  0.00000E+00  3.00000E-01
      27  3.33212E-03  3.16823E-03 -7.07225E+01 -8.97611E+01  4.07440E+00  1.50183E+02  1.22064E+02  4.59060E+00  6.43583E-02  1.25400E-01  3.00000E-01  3.17605E-02  0.00000E+00  3.00000E-01
      28  1.26100E-03  1.35529E-03 -9.43556E+01 -9.18239E+01  4.08350E+00  1.50592E+02  1.37606E+02  4.08200E+00  2.19373E-01  1.28300E-01  3.00000E-01  7.52885E-02  0.00000E+00  3.00000E-01
      29  1.56682E-03  1.75654E-03 -9.56107E+01 -8.53951E+01  3.61540E+00  1.64007E+02  1.51784E+02  3.88060E+00  2.48965E-01  1.19300E-01  3.00000E-01  6.67486E-02  0.00000E+00  3.00000E-01
      30  3.47699E-03  2.99407E-03 -8.16019E+01 -1.14358E+02  4.66580E+00  1.48803E+02  1.22178E+02  4.97350E+00  4.71582E-02  1.59800E-01  3.00000E-01  2.27687E-02  0.00000E+00  3.00000E-01
      31  1.92749E-03  2.06753E-03 -9.00343E+01 -8.14300E+01  3.54520E+00  1.80580E+02  1.60441E+02  3.61190E+00  2.20392E-01  1.13800E-01  3.00000E-01  2.85942E-02  0.00000E+00  3.00000E-01
      32  1.03445E-02  9.86293E-03 -1.18264E+02 -1.32051E+02  4.99940E+00  1.57645E+02  1.03527E+02  5.06440E+00  9.37818E-02  1.84500E-01  3.00000E-01 -4.09849E-02  0.00000E+00  3.00000E-01
      33  6.48277E-03  5.12738E-03 -1.25863E+02 -1.24535E+02  3.79810E+00  1.69492E+02  1.22670E+02  4.11950E+00  6.14075E-02  1.74000E-01  3.00000E-01 -7.35319E-02  0.00000E+00  3.00000E-01
      34  3.29359E-03  3.07492E-03 -9.18157E+01 -9.57580E+01  3.50070E+00  1.45057E+02  1.29370E+02  3.37900E+00  1.11957E-01  1.33800E-01  3.00000E-01  4.26034E-02  0.00000E+00  3.00000E-01
      35  1.26296E-02  1.19144E-02 -1.58755E+02 -1.52696E+02  3.72370E+00  1.46606E+02  9.98517E+01  3.80120E+00  9.48453E-02  2.13300E-01  3.00000E-01 -5.37634E-02  0.00000E+00  3.00000E-01
      36  1.32579E-03  1.44604E-03 -9.73838E+01 -9.03990E+01  3.94300E+00  1.52283E+02  1.43693E+02  3.89150E+00  2.43857E-01  1.26300E-01  3.00000E-01  7.60017E-02  0.00000E+00  3.00000E-01
      37  1.30718E-02  1.46296E-02 -9.88250E+01 -1.61801E+02  6.01230E+00  1.00042E+02  8.50652E+01  6.60920E+00  1.37879E-01  2.26100E-01  3.00000E-01  4.11152E-02  0.00000E+00  3.00000E-01
      38  5.20918E-03  4.17737E-03 -1.10155E+02 -1.11794E+02  2.99430E+00  1.58938E+02  1.19721E+02  3.35420E+00  2.55414E-02  1.56200E-01  3.00000E-01 -3.27231E-02  0.00000E+00  3.00000E-01
      39  2.72557E-03  2.96082E-03 -9.71047E+01 -9.52033E+01  3.35160E+00  1.53251E+02  1.44592E+02  3.36560E+00  2.36129E-01  1.33000E-01  3.00000E-01  7.65038E-02  0.00000E+00  3.00000E-01
      40  1.27365E-02  1.08213E-02 -4.06909E+01 -1.97637E+02  6.00790E+00  8.00395E+01  6.55906E+01  7.20350E+00 -2.87007E-01  2.76100E-01  3.00000E-01  8.69918E-02  0.00000E+00  3.00000E-01
      41  9.99181E-03  1.06738E-02 -1.12645E+02 -1.65616E+02  4.30430E+00  1.10116E+02  8.33342E+01  4.77530E+00  1.02447E-01  2.31400E-01  3.00000E-01  8.41401E-02  0.00000E+00  3.00000E-01
      42  6.42479E-03  5.75689E-03 -1.33494E+02 -1.25516E+02  3.53720E+00  1.57153E+02  1.04361E+02  3.94210E+00  9.76714E-02  1.75400E-01  3.00000E-01 -3.53753E-02  0.00000E+00  3.00000E-01
      43  1.35066E-02  1.63764E-02 -1.30051E+02 -2.00253E+02  4.68790E+00  8.14898E+01  7.05455E+01  6.39010E+00  2.22187E-01  2.79800E-01  3.00000E-01  1.01627E-01  0.00000E+00  3.00000E-01
      44  3.01335E-03  2.34124E-03 -9.79263E+01 -1.13573E+02  4.52250E+00  1.57785E+02  1.17822E+02  4.77830E+00  2.63852E-02  1.58700E-01  3.00000E-01 -2.10943E-02  0.00000E+00  3.00000E-01
      45  1.25680E-03  1.35828E-03 -8.70169E+01 -9.20753E+01  3.96280E+00  1.52346E+02  1.46072E+02  3.57010E+00  2.06296E-01  1.28600E-01  3.00000E-01  5.83966E-02  0.00000E+00  3.00000E-01
      46  1.65095E-03  1.79674E-03 -9.12852E+01 -9.10898E+01  3.34400E+00  1.68727E+02  1.61695E+02  3.60620E+00  2.33681E-01  1.27300E-01  3.00000E-01  4.87656E-02  0.00000E+00  3.00000E-01
      47  3.33790E-03  3.13178E-03 -7.91153E+01 -9.81729E+01  3.58330E+00  1.44516E+02  1.21180E+02  4.10090E+00  5.75992E-02  1.37200E-01  3.00000E-01  3.78769E-02  0.00000E+00  3.00000E-01
      48  4.74556E-03  4.72972E-03 -8.05405E+01 -6.95816E+01  2.54100E+00  1.96248E+02  1.64613E+02  2.59370E+00  1.35343E-01  9.72000E-02  3.00000E-01  7.26598E-03  0.00000E+00  3.00000E-01
      49  1.23583E-03  1.36747E-03 -8.07623E+01 -8.82302E+01  3.46790E+00  1.52085E+02  1.57875E+02  3.15310E+00  1.78809E-01  1.23300E-01  3.00000E-01  4.61650E-02  0.00000E+00  3.00000E-01
      50  1.69448E-03  1.77593E-03 -8.09251E+01 -8.23289E+01  3.31840E+00  1.74793E+02  1.67328E+02  3.32990E+00  1.61036E-01  1.15000E-01  3.00000E-01  1.85272E-02  0.00000E+00  3.00000E-01
      51  8.72558E-03  9.22200E-03 -1.01130E+02 -1.07611E+02  5.32290E+00  1.32435E+02  9.51285E+01  5.75030E+00  7.05138E-02  1.50400E-01  3.00000E-01  1.14018E-02  0.00000E+00  3.00000E-01
      52  3.85081E-03  3.55718E-03 -6.29794E+01 -5.18417E+01  2.48570E+00  2.05199E+02  2.05582E+02  2.37090E+00  5.56679E-02  7.24000E-02  3.00000E-01  1.37862E-02  0.00000E+00  3.00000E-01
      53  1.14797E-03  1.27787E-03 -7.61194E+01 -7.95708E+01  3.64480E+00  1.56712E+02  1.44946E+02  4.05920E+00  1.43181E-01  1.11200E-01  3.00000E-01  2.52980E-02  0.00000E+00  3.00000E-01
      54  2.58632E-03  2.43411E-03 -8.04749E+01 -9.13735E+01  3.94420E+00  1.50666E+02  1.18040E+02  3.70890E+00  2.41551E-02  1.27700E-01  3.00000E-01  2.02870E-02  0.00000E+00  3.00000E-01
      55  1.60547E-03  1.66115E-03 -7.73511E+01 -7.26749E+01  2.99110E+00  1.71388E+02  1.64762E+02  3.44310E+00  1.26105E-01  1.01500E-01  3.00000E-01  2.09737E-02  0.00000E+00  3.00000E-01
      56  2.41046E-03  2.32335E-03 -6.85121E+01 -6.05916E+01  2.90940E+00  1.95594E+02  1.76118E+02  3.11640E+00  6.29220E-02  8.47000E-02  3.00000E-01  7.00703E-03  0.00000E+00  3.00000E-01
      57  3.95646E-03  3.60043E-03 -4.98709E+01 -3.90104E+01  2.31750E+00  1.99997E+02  2.06014E+02  2.31160E+00  2.02975E-02  5.45000E-02  3.00000E-01  2.14982E-02  0.00000E+00  3.00000E-01
      58  7.33416E-03  6.95698E-03 -3.30017E+01 -3.44129E+01  2.42660E+00  1.95164E+02  2.06800E+02  2.04820E+00  2.43991E-02  4.81000E-02  3.00000E-01 -2.16145E-03  0.00000E+00  3.00000E-01
      59  5.40770E-03  4.84820E-03 -7.40002E+01 -7.06768E+01  3.54790E+00  1.55224E+02  1.21332E+02  3.99690E+00  2.81017E-02  9.87000E-02  3.00000E-01 -5.02906E-03  0.00000E+00  3.00000E-01
      60  1.00899E-03  1.06427E-03 -7.11570E+01 -6.58570E+01  4.59500E+00  1.48743E+02  1.38512E+02  5.63270E+00  1.01823E-01  9.20000E-02  3.00000E-01  1.85996E-02  0.00000E+00  3.00000E-01
      61  1.40311E-03  1.44816E-03 -7.07887E+01 -5.91339E+01  3.37190E+00  1.68578E+02  1.71291E+02  3.71740E+00  8.61068E-02  8.26000E-02  3.00000E-01  1.63655E-02  0.00000E+00  3.00000E-01
      62  2.08762E-03  1.97957E-03 -5.85663E+01 -4.92578E+01  3.20750E+00  1.90140E+02  1.70370E+02  3.17090E+00  3.26292E-02  6.88000E-02  3.00000E-01  9.42572E-03  0.00000E+00  3.00000E-01
      63  1.29262E-02  1.29804E-02 -1.76920E+01 -1.66150E+01  2.31170E+00  1.95745E+02  2.14012E+02  2.27080E+00  2.13552E-02  2.32000E-02  3.00000E-01 -4.22038E-02  0.00000E+00  3.00000E-01
      64  3.36190E-03  3.02740E-03 -3.59639E+01 -3.48226E+01  3.01100E+00  1.91770E+02  1.92501E+02  3.20530E+00  3.33519E-03  4.87000E-02  3.00000E-01  2.79618E-02  0.00000E+00  3.00000E-01
      65  3.24146E-03  3.23874E-03 -5.56677E+01 -4.67406E+01  4.32920E+00  1.44458E+02  1.29943E+02  4.18700E+00  5.30710E-02  6.53000E-02  3.00000E-01  1.68433E-02  0.00000E+00  3.00000E-01
      66  1.62288E-02  1.54946E-02 -5.95649E+00 -9.71960E+00  1.98640E+00  1.88079E+02  2.04650E+02  1.82760E+00  1.73662E-03  1.36000E-02  3.00000E-01 -1.09088E-02  0.00000E+00  3.00000E-01
      67  2.91442E-02  2.94506E-02  7.61951E+00  1.97364E+01  1.65850E+00  1.96668E+02  2.10271E+02  1.68840E+00 -8.06704E-03 -2.76000E-02  3.00000E-01 -5.21995E-02  0.00000E+00  3.00000E-01
      68  1.28766E-02  1.30650E-02 -6.43789E+01 -5.53930E+01  7.43740E+00  1.19113E+02  9.90821E+01  6.39610E+00  3.89001E-02  7.74000E-02  3.00000E-01 -1.50454E-02  0.00000E+00  3.00000E-01
      69  1.64507E-03  1.57091E-03 -4.47533E+01 -3.85227E+01  2.88670E+00  1.80115E+02  1.74375E+02  3.53670E+00  2.16001E-02  5.38000E-02  3.00000E-01  2.01179E-02  0.00000E+00  3.00000E-01
      70  6.08167E-03  5.46463E-03  1.52953E+01  1.72862E+01  3.27700E+00  1.43812E+02  1.21636E+02  3.75850E+00 -1.31302E-02 -2.42000E-02  3.00000E-01  4.20041E-02  0.00000E+00  3.00000E-01
      71  2.47359E-03  2.16935E-03 -2.18356E+01 -1.98976E+01  3.89570E+00  1.86608E+02  1.70702E+02  3.88190E+00 -4.15937E-03  2.78000E-02  3.00000E-01  3.38503E-02  0.00000E+00  3.00000E-01
      72  9.35559E-03  8.59379E-03  2.31932E+01  2.54342E+01  2.23560E+00  1.87216E+02  1.98916E+02  2.20800E+00 -3.00510E-04 -3.55000E-02  3.00000E-01  2.68619E-02  0.00000E+00  3.00000E-01
      73  4.11866E-03  3.75020E-03  3.41648E+01  3.19210E+01  2.31940E+00  1.84277E+02  1.72709E+02  2.61440E+00 -1.01267E-02 -4.46000E-02  3.00000E-01  3.05155E-02  0.00000E+00  3.00000E-01
      74  3.88766E-03  3.45985E-03 -2.22940E+00 -3.07820E+00  3.50300E+00  1.77569E+02  1.78698E+02  3.01190E+00 -9.81105E-04  4.30000E-03  3.00000E-01  4.99397E-02  0.00000E+00  3.00000E-01
      75  5.42531E-03  4.95596E-03 -6.20933E+01 -3.44652E+01  5.16830E+00  1.62240E+02  1.07433E+02  5.64620E+00  3.07436E-02  4.82000E-02  3.00000E-01 -2.59232E-02  0.00000E+00  3.00000E-01
      76  1.28514E-02  1.28380E-02  1.63018E+01  1.63027E+01  2.61890E+00  1.94265E+02  2.13903E+02  2.26050E+00 -1.79822E-02 -2.28000E-02  3.00000E-01 -4.00189E-02  0.00000E+00  3.00000E-01
      77  1.33877E-02  1.31784E-02 -4.27194E+01 -1.55468E+02  5.77590E+00  6.93768E+01  6.82334E+01  7.73900E+00 -1.70714E-01  2.17200E-01  3.00000E-01  8.61345E-02  0.00000E+00  3.00000E-01
      78  9.13856E-03  6.12046E-03 -1.68929E+01 -2.14718E+02  6.11990E+00  3.28003E+01  5.66170E+01  9.13570E+00 -5.13609E-02  3.00000E-01  3.00000E-01  2.07345E-02  0.00000E+00  3.00000E-01
      79  1.46669E-03  1.47635E-03 -3.90350E+01 -2.66730E+01  4.69660E+00  1.40927E+02  1.32862E+02  5.12060E+00  5.11034E-02  3.73000E-02  3.00000E-01  4.13120E-02  0.00000E+00  3.00000E-01
      80  1.23028E-03  1.20789E-03 -2.45304E+01 -2.19635E+01  3.75400E+00  1.69983E+02  1.45756E+02  4.26770E+00  4.12010E-02  3.07000E-02  3.00000E-01  1.16245E-02  0.00000E+00  3.00000E-01
      81  2.16485E-03  2.15141E-03 -1.79311E+01 -1.50469E+01  4.04570E+00  1.49435E+02  1.28562E+02  4.76240E+00  5.78039E-02  2.10000E-02  3.00000E-01  2.13478E-02  0.00000E+00  3.00000E-01
      82  1.71572E-03  1.57165E-03 -5.86724E+00 -1.69529E+01  4.11020E+00  1.86454E+02  1.64466E+02  4.08680E+00  9.23885E-03  2.37000E-02  3.00000E-01  1.29554E-02  0.00000E+00  3.00000E-01
      83  5.87670E-03  5.41188E-03  1.35646E+01  2.36044E+01  2.54170E+00  1.79329E+02  2.01731E+02  2.35250E+00 -2.71273E-03 -3.30000E-02  3.00000E-01  2.33396E-02  0.00000E+00  3.00000E-01
      84  2.39535E-03  2.10705E-03  1.26214E+01  6.25090E+00  3.73800E+00  1.83629E+02  1.71546E+02  3.66870E+00  1.58869E-02 -8.70000E-03  3.00000E-01  3.66843E-02  0.00000E+00  3.00000E-01
      85  4.75211E-03  4.10378E-03 -3.50635E+01 -1.49436E+01  5.71080E+00  1.72103E+02  1.03941E+02  6.87710E+00 -2.01962E-02  2.09000E-02  3.00000E-01 -4.77584E-02  0.00000E+00  3.00000E-01
      86  1.18661E-03  1.12805E-03  7.30472E+00  5.89020E+00  3.99590E+00  1.78025E+02  1.53860E+02  4.59740E+00  5.08229E-03 -8.20000E-03  3.00000E-01 -1.75362E-02  0.00000E+00  3.00000E-01
      87  1.35500E-02  1.27352E-02  3.54959E+01  3.74109E+01  1.99580E+00  1.91701E+02  2.02812E+02  1.97070E+00 -2.14702E-02 -5.23000E-02  3.00000E-01  5.86192E-03  0.00000E+00  3.00000E-01
      88  3.18483E-03  2.80649E-03  2.88360E+01  3.76838E+01  3.34130E+00  1.80034E+02  1.85456E+02  3.54960E+00  8.75691E-03 -5.27000E-02  3.00000E-01  4.19191E-02  0.00000E+00  3.00000E-01
      89  1.06445E-02  1.04497E-02  3.23231E+01  3.44990E+01  2.01780E+00  1.96819E+02  2.09083E+02  2.43910E+00 -3.56917E-02 -4.82000E-02  3.00000E-01 -2.86025E-02  0.00000E+00  3.00000E-01
      90  1.53564E-03  1.42641E-03  2.65415E+01  1.97254E+01  4.73350E+00  1.78242E+02  1.58949E+02  4.61790E+00 -7.11133E-03 -2.76000E-02  3.00000E-01  1.83134E-02  0.00000E+00  3.00000E-01
      91  7.33416E-03  6.97045E-03  3.15337E+01  3.44129E+01  2.42660E+00  1.93723E+02  2.06800E+02  2.04820E+00 -2.45675E-02 -4.81000E-02  3.00000E-01 -3.76265E-03  0.00000E+00  3.00000E-01
      92  1.52209E-03  1.52484E-03  1.02811E+01 -1.66190E+00  4.87370E+00  1.53972E+02  1.34958E+02  5.21500E+00 -8.22175E-03  2.30000E-03  3.00000E-01 -1.05005E-02  0.00000E+00  3.00000E-01
      93  3.71651E-03  3.34983E-03  4.30155E+01  4.55340E+01  2.66940E+00  1.90072E+02  1.84950E+02  2.80100E+00  2.66998E-03 -6.36000E-02  3.00000E-01  3.40374E-02  0.00000E+00  3.00000E-01
      94  1.90190E-03  1.75544E-03  4.18218E+01  3.67685E+01  3.88200E+00  1.83323E+02  1.70325E+02  3.90010E+00  3.63873E-03 -5.14000E-02  3.00000E-01  1.81450E-02  0.00000E+00  3.00000E-01
      95  3.04395E-03  2.69667E-03  1.24819E+01  4.09800E+00  6.29160E+00  1.46541E+02  1.28315E+02  5.83360E+00 -8.77596E-03 -5.70000E-03  3.00000E-01  3.60214E-02  0.00000E+00  3.00000E-01
      96  1.03871E-02  9.71992E-03  5.18266E+01  4.96517E+01  1.89490E+00  2.01505E+02  2.04868E+02  1.86230E+00 -4.58523E-02 -6.94000E-02  3.00000E-01  1.04099E-02  0.00000E+00  3.00000E-01
      97  1.03463E-03  1.03240E-03  3.35418E+01  2.43638E+01  5.29040E+00  1.59412E+02  1.54438E+02  5.63680E+00 -3.44818E-02 -3.40000E-02  3.00000E-01  2.06247E-02  0.00000E+00  3.00000E-01
      98  1.23028E-03  1.19066E-03  2.45362E+01  2.19635E+01  3.75400E+00  1.70656E+02  1.45756E+02  4.26770E+00 -5.50901E-02 -3.07000E-02  3.00000E-01  5.41204E-03  0.00000E+00  3.00000E-01
      99  3.95646E-03  3.59856E-03  5.22215E+01  3.90104E+01  2.31750E+00  2.00910E+02  2.06014E+02  2.31160E+00 -2.68983E-02 -5.45000E-02  3.00000E-01  1.55314E-02  0.00000E+00  3.00000E-01
     100  3.63803E-03  3.32203E-03  5.73972E+01  5.93916E+01  2.64100E+00  1.99047E+02  1.79503E+02  2.60000E+00 -2.66354E-02 -8.30000E-02  3.00000E-01  2.26619E-02  0.00000E+00  3.00000E-01
     101  4.40999E-03  4.15561E-03  6.23633E+01  5.56762E+01  3.02470E+00  1.89926E+02  1.67626E+02  3.00050E+00 -3.25701E-02 -7.78000E-02  3.00000E-01  1.54235E-02  0.00000E+00  3.00000E-01
     102  4.65093E-03  4.30113E-03  5.92349E+01  6.41298E+01  3.00430E+00  2.03607E+02  1.84157E+02  2.87750E+00 -5.04553E-02 -8.96000E-02  3.00000E-01  2.01845E-02  0.00000E+00  3.00000E-01
     103  1.23156E-03  1.22952E-03  5.26878E+01  3.85853E+01  5.73760E+00  1.57367E+02  1.61140E+02  6.70480E+00 -4.10933E-02 -5.39000E-02  3.00000E-01  3.31352E-02  0.00000E+00  3.00000E-01
     104  9.85493E-03  9.53252E-03 -8.99749E+00  2.30641E+01  9.59970E+00  1.47009E+02  1.07645E+02  9.74700E+00 -4.15104E-02 -3.22000E-02  3.00000E-01 -2.62377E-02  0.00000E+00  3.00000E-01
     105  2.76917E-03  2.83190E-03  4.29137E+01  3.67031E+01  5.26070E+00  1.39767E+02  1.39582E+02  5.24910E+00 -3.43198E-02 -5.13000E-02  3.00000E-01  3.13229E-02  0.00000E+00  3.00000E-01
     106  2.08762E-03  1.97034E-03  5.86484E+01  4.92578E+01  3.20750E+00  1.88343E+02  1.70370E+02  3.17090E+00 -3.65542E-02 -6.88000E-02  3.00000E-01  1.35226E-02  0.00000E+00  3.00000E-01
     107  1.39072E-03  1.37016E-03  6.37936E+01  4.86514E+01  5.14740E+00  1.65428E+02  1.61512E+02  5.38590E+00 -5.54636E-02 -6.80000E-02  3.00000E-01  1.81902E-02  0.00000E+00  3.00000E-01
     108  5.58888E-03  5.37125E-03  7.79243E+01  7.60691E+01  2.84590E+00  2.03007E+02  1.68728E+02  3.07360E+00 -1.13709E-01 -1.06300E-01  3.00000E-01  5.55935E-03  0.00000E+00  3.00000E-01
     109  1.59959E-03  1.62325E-03  4.67985E+01  3.12237E+01  4.52500E+00  1.41266E+02  1.28783E+02  4.74540E+00 -7.40651E-02 -4.36000E-02  3.00000E-01  2.52910E-02  0.00000E+00  3.00000E-01
     110  2.41046E-03  2.29793E-03  6.81290E+01  6.05916E+01  2.90940E+00  1.96606E+02  1.76118E+02  3.11640E+00 -6.15504E-02 -8.47000E-02  3.00000E-01  8.70744E-03  0.00000E+00  3.00000E-01
     111  3.22140E-03  3.03360E-03  7.53820E+01  6.87448E+01  2.57530E+00  2.04288E+02  1.75875E+02  2.77020E+00 -1.04092E-01 -9.60000E-02  3.00000E-01  8.27874E-03  0.00000E+00  3.00000E-01
     112  2.65505E-03  2.64166E-03  5.91664E+01  5.27820E+01  4.76920E+00  1.47554E+02  1.32920E+02  4.55460E+00 -5.25922E-02 -7.37000E-02  3.00000E-01  2.41688E-02  0.00000E+00  3.00000E-01
     113  2.47299E-03  2.39610E-03  7.95362E+01  6.44952E+01  3.38250E+00  1.99126E+02  1.68797E+02  3.75640E+00 -1.14484E-01 -9.01000E-02  3.00000E-01  7.02874E-03  0.00000E+00  3.00000E-01
     114  1.47074E-03  1.52301E-03  7.46127E+01  6.09376E+01  3.68380E+00  1.68066E+02  1.44153E+02  4.23210E+00 -9.60792E-02 -8.51000E-02  3.00000E-01  1.86907E-02  0.00000E+00  3.00000E-01
     115  2.41210E-03  2.50845E-03  6.90815E+01  6.14871E+01  2.71850E+00  1.58867E+02  1.61346E+02  3.10260E+00 -8.80547E-02 -8.59000E-02  3.00000E-01  2.14149E-02  0.00000E+00  3.00000E-01
     116  4.85924E-03  4.65517E-03  7.07843E+01  2.17985E+01  7.38860E+00  1.60295E+02  1.05102E+02  7.90260E+00 -3.41609E-02 -3.05000E-02  3.00000E-01 -4.95222E-02  0.00000E+00  3.00000E-01
     117  2.10040E-03  2.08497E-03  7.88908E+01  6.88558E+01  4.02080E+00  1.85977E+02  1.48397E+02  3.99660E+00 -1.14923E-01 -9.62000E-02  3.00000E-01  2.07700E-02  0.00000E+00  3.00000E-01
     118  2.68487E-03  2.76598E-03  6.53877E+01  5.92784E+01  5.08820E+00  1.47973E+02  1.31205E+02  5.16520E+00 -7.37655E-02 -8.28000E-02  3.00000E-01  1.38922E-02  0.00000E+00  3.00000E-01
     119  1.60547E-03  1.70452E-03  7.61888E+01  7.26749E+01  2.99110E+00  1.77528E+02  1.64762E+02  3.44310E+00 -1.17376E-01 -1.01500E-01  3.00000E-01  1.06937E-02  0.00000E+00  3.00000E-01
     120  8.03854E-03  7.51555E-03  4.70958E+01  5.09015E+01  5.64670E+00  1.76058E+02  1.16348E+02  5.83170E+00 -1.07938E-02 -7.11000E-02  3.00000E-01 -4.82393E-02  0.00000E+00  3.00000E-01
     121  2.27257E-03  2.27087E-03  8.50593E+01  7.61701E+01  3.84970E+00  1.93981E+02  1.60800E+02  3.58570E+00 -1.65022E-01 -1.06400E-01  3.00000E-01  1.16047E-02  0.00000E+00  3.00000E-01
     122  2.83506E-03  3.07933E-03  8.28491E+01  8.27018E+01  3.09000E+00  1.63848E+02  1.44534E+02  3.77070E+00 -1.79263E-01 -1.15500E-01  3.00000E-01  3.64005E-02  0.00000E+00  3.00000E-01
     123  3.41115E-03  3.64802E-03  9.00779E+01  8.16806E+01  2.73720E+00  1.72596E+02  1.52411E+02  2.86250E+00 -2.14387E-01 -1.14100E-01  3.00000E-01  3.93686E-02  0.00000E+00  3.00000E-01
     124  2.93032E-03  3.18597E-03  8.11317E+01  8.51497E+01  2.39760E+00  1.68331E+02  1.62344E+02  2.28950E+00 -1.70851E-01 -1.19000E-01  3.00000E-01  2.73664E-02  0.00000E+00  3.00000E-01
     125  1.92749E-03  2.07882E-03  8.87041E+01  8.14300E+01  3.54520E+00  1.84152E+02  1.60441E+02  3.61190E+00 -2.17939E-01 -1.13800E-01  3.00000E-01  1.68032E-02  0.00000E+00  3.00000E-01
     126  1.65095E-03  1.79705E-03  8.82385E+01  9.10898E+01  3.34400E+00  1.70977E+02  1.61695E+02  3.60620E+00 -2.24503E-01 -1.27300E-01  3.00000E-01  3.57896E-02  0.00000E+00  3.00000E-01
     127  1.05965E-03  1.15262E-03  7.56753E+01  7.22056E+01  4.37510E+00  1.53362E+02  1.27268E+02  4.80780E+00 -1.44891E-01 -1.00900E-01  3.00000E-01  2.40317E-02  0.00000E+00  3.00000E-01
     128  1.14797E-03  1.26926E-03  7.57448E+01  7.95708E+01  3.64480E+00  1.54806E+02  1.44946E+02  4.05920E+00 -1.47455E-01 -1.11200E-01  3.00000E-01  3.05105E-02  0.00000E+00  3.00000E-01
     129  4.85228E-03  4.30399E-03  7.18301E+01  8.53516E+01  4.42960E+00  1.60483E+02  1.15338E+02  5.08700E+00  3.65865E-04 -1.19300E-01  3.00000E-01 -3.74212E-03  0.00000E+00  3.00000E-01
     130  3.67954E-03  3.26646E-03  6.10527E+01  5.04692E+01  5.06090E+00  1.50092E+02  1.17951E+02  5.57950E+00 -7.28044E-03 -7.05000E-02  3.00000E-01  5.49251E-03  0.00000E+00  3.00000E-01
     131  2.72557E-03  2.95128E-03  9.47168E+01  9.52033E+01  3.35160E+00  1.52602E+02  1.44592E+02  3.36560E+00 -2.30579E-01 -1.33000E-01  3.00000E-01  7.22945E-02  0.00000E+00  3.00000E-01
     132  2.89686E-03  2.84710E-03  7.74982E+01  9.59976E+01  4.33880E+00  1.47618E+02  1.25222E+02  4.68940E+00 -1.02808E-01 -1.34100E-01  3.00000E-01  3.57276E-02  0.00000E+00  3.00000E-01
     133  6.10500E-03  5.90046E-03  1.00635E+02  8.64738E+01  4.31310E+00  1.59804E+02  1.08404E+02  4.79760E+00 -6.47412E-02 -1.20800E-01  3.00000E-01 -3.21706E-02  0.00000E+00  3.00000E-01
     134  1.26100E-03  1.34148E-03  9.05432E+01  9.18239E+01  4.08350E+00  1.53885E+02  1.37606E+02  4.08200E+00 -2.18017E-01 -1.28300E-01  3.00000E-01  5.33078E-02  0.00000E+00  3.00000E-01
     135  1.12874E-02  1.17264E-02  7.19645E+01  9.52826E+01  8.11970E+00  1.36424E+02  1.02093E+02  6.80250E+00 -3.53791E-02 -1.33100E-01  3.00000E-01 -4.17805E-02  0.00000E+00  3.00000E-01
     136  1.25680E-03  1.34248E-03  8.95633E+01  9.20753E+01  3.96280E+00  1.50519E+02  1.46072E+02  3.57010E+00 -2.03958E-01 -1.28600E-01  3.00000E-01  6.64095E-02  0.00000E+00  3.00000E-01
     137  2.45765E-03  2.57065E-03  9.60763E+01  9.12632E+01  3.29800E+00  1.49464E+02  1.39211E+02  3.28030E+00 -1.98285E-01 -1.27500E-01  3.00000E-01  5.96939E-02  0.00000E+00  3.00000E-01
     138  3.20993E-03  3.17219E-03  7.06649E+01  8.24222E+01  3.56590E+00  1.44782E+02  1.26230E+02  3.92700E+00 -6.37574E-02 -1.15200E-01  3.00000E-01  3.67030E-02  0.00000E+00  3.00000E-01
     139  3.14311E-03  2.74681E-03  8.69073E+01  9.89743E+01  3.80460E+00  1.49949E+02  1.11957E+02  3.76270E+00  2.14001E-03 -1.38300E-01  3.00000E-01  5.41114E-03  0.00000E+00  3.00000E-01
     140  2.16173E-03  2.00740E-03  9.25618E+01  9.70276E+01  4.30390E+00  1.48105E+02  1.29884E+02  4.05950E+00 -1.20702E-01 -1.35600E-01  3.00000E-01  3.82986E-02  0.00000E+00  3.00000E-01
     141  2.81751E-03  2.49317E-03  8.49604E+01  1.05362E+02  4.43740E+00  1.42374E+02  1.25949E+02  4.98880E+00 -6.08309E-02 -1.47200E-01  3.00000E-01  3.72280E-02  0.00000E+00  3.00000E-01
     142  7.38167E-03  6.31166E-03  1.10718E+02  1.30449E+02  4.55590E+00  1.62759E+02  1.11069E+02  4.77790E+00 -6.55322E-02 -1.82300E-01  3.00000E-01 -5.04973E-02  0.00000E+00  3.00000E-01
     143  4.25213E-03  3.53222E-03  1.14014E+02  1.22448E+02  4.22050E+00  1.63145E+02  1.22967E+02  4.61680E+00 -5.27731E-02 -1.71100E-01  3.00000E-01 -4.21158E-02  0.00000E+00  3.00000E-01
     144  1.36557E-02  1.44647E-02  6.41362E+01  1.42943E+02  7.38560E+00  9.19656E+01  8.77775E+01  7.51160E+00  7.18183E-02 -1.99700E-01  3.00000E-01 -2.86449E-02  0.00000E+00  3.00000E-01
     145  9.71084E-04  8.18039E-04  9.43287E+01  1.05273E+02  4.89950E+00  1.47325E+02  1.22078E+02  5.21350E+00 -1.55070E-02 -1.47100E-01  3.00000E-01 -6.83725E-04  0.00000E+00  3.00000E-01
     146  5.73162E-03  4.89457E-03  1.21269E+02  1.17864E+02  3.54300E+00  1.57880E+02  1.11039E+02  3.97860E+00 -7.93989E-02 -1.64700E-01  3.00000E-01 -4.16125E-02  0.00000E+00  3.00000E-01
     147  2.53145E-03  1.88642E-03  1.21579E+02  1.16630E+02  4.58890E+00  1.63603E+02  1.15629E+02  5.27200E+00 -2.82365E-02 -1.63000E-01  3.00000E-01 -7.25004E-02  0.00000E+00  3.00000E-01
     148  7.57355E-03  6.70196E-03  1.62292E+02  1.38060E+02  4.37150E+00  1.60113E+02  1.11025E+02  4.52190E+00 -1.19866E-01 -1.92900E-01  3.00000E-01 -8.00617E-02  0.00000E+00  3.00000E-01
     149  1.86381E-02  2.06132E-02  1.05355E+02  1.84203E+02  4.12540E+00  1.07938E+02  8.31491E+01  4.92460E+00 -9.90584E-02 -2.57400E-01  3.00000E-01 -7.56597E-03  0.00000E+00  3.00000E-01
     150  1.36023E-02  1.31776E-02  1.39845E+02  1.49848E+02  3.14210E+00  1.42684E+02  9.61340E+01  3.36050E+00 -7.64851E-02 -2.09400E-01  3.00000E-01 -1.39098E-02  0.00000E+00  3.00000E-01
     151  1.70417E-02  1.84120E-02  8.83306E+01  1.40762E+02  4.94690E+00  1.03664E+02  8.62257E+01  5.18530E+00 -9.20688E-02 -1.96700E-01  3.00000E-01  8.47610E-03  0.00000E+00  3.00000E-01
     152  2.83714E-02  2.51959E-02  7.54013E+01  2.05386E+02  3.59980E+00  1.03595E+02  6.31672E+01  4.93640E+00  7.72925E-02 -2.87000E-01  3.00000E-01 -1.16802E-01  0.00000E+00  3.00000E-01
