 smom1,sph1,sth1,slr1
          16           6           6          10
 phi boundaries
  0.00000E+00  2.61799E-01  5.23599E-01  7.85398E-01  1.04720E+00  1.30900E+00  1.57080E+00
 theta boundaries
  0.00000E+00  2.61799E-01  5.23599E-01  7.85398E-01  1.04720E+00  1.30900E+00  1.57080E+00
 radius boundaries in arcsec
  0.00000E+00  1.19639E+00  1.80726E+00  2.73003E+00  4.12397E+00  6.22963E+00  9.41044E+00  1.42153E+01  2.14736E+01  3.24379E+01  9.80009E+03
                                                                              phi,theta,r,mgemass,fitmass,errmass,x,y,z 
                                           (in arcsec),vx,vy,vz,xv2,vy2,vz2,vxvy,vyvz,vzvx,orbit long, orbit short,boxes
       1       1       1  4.14786E-04  4.30878E-04  4.14786E-06  9.87436E-02  1.37586E-02  5.48735E-01  2.67100E+00 -5.39657E+00  1.13957E+00  3.01414E+04  2.29684E+04  6.77876E+04  1.66503E+03  9.94321E+02  1.45645E+04  1.00256E-04  1.40625E-05  3.16560E-04
       1       1       2  1.18693E-04  1.23380E-04  1.18693E-06  2.76283E-01  3.82843E-02  1.46384E+00  2.01268E+01  5.37699E+01 -7.23133E+00  3.72604E+04  4.10008E+04  4.57754E+04 -4.70117E+03 -1.75020E+03  7.03843E+03  5.36830E-05  1.49414E-05  5.47557E-05
       1       1       3  2.04932E-04  2.30417E-04  2.04932E-06  4.43957E-01  5.64697E-02  2.18032E+00  7.71237E+00  2.52275E+01  9.21224E-01  1.88099E+04  1.31281E+04  1.83192E+04 -2.09265E+02  1.86797E+03  3.69236E+03  8.10266E-05  1.31836E-06  1.48072E-04
       1       1       4  2.82115E-04  1.65302E-04  2.82115E-06  5.35138E-01  7.43249E-02  3.59461E+00  3.04516E+00  3.35934E+01 -6.40127E-01  4.36509E+04  5.71842E+04  1.96252E+04  4.68535E+02 -3.21392E+03  3.39719E+03  1.43388E-04  1.75781E-06  2.01565E-05
       1       1       5  2.49515E-04  3.13470E-04  2.49515E-06  8.21963E-01  1.14818E-01  5.24281E+00 -1.24803E-01  2.62212E+01  2.75257E-01  1.31268E+04  2.55666E+04  1.60531E+04  8.47225E+01 -5.38619E+02  5.46827E+02  3.03382E-04  0.00000E+00  1.00879E-05
       1       1       6  1.84868E-04  1.67471E-04  1.84868E-06  1.07995E+00  1.50336E-01  6.61146E+00  2.37759E-01  9.18391E+00 -7.17930E-02  6.86858E+03  1.23258E+04  1.35095E+04 -6.06758E+01 -5.63478E+02  1.87541E+03  1.48392E-04  0.00000E+00  1.90791E-05
       1       1       7  2.02697E-04  1.74164E-04  2.02697E-06  1.90614E+00  2.65321E-01  1.23724E+01 -2.80896E+00 -1.80613E+02  3.80839E+00  1.59616E+04  4.15943E+04  2.21358E+04  3.52290E+02 -1.77440E+03  3.14249E+03  1.40513E-04  0.00000E+00  3.36509E-05
       1       1       8  3.34025E-04  3.51204E-04  3.34025E-06  2.90334E+00  3.90613E-01  1.80117E+01  1.76220E+00 -1.16918E+02  6.20485E+00  7.11078E+03  1.83455E+04  1.61001E+04 -3.14512E+01 -2.75274E+02  1.86365E+03  2.73296E-04  0.00000E+00  7.79074E-05
       1       1       9  3.11665E-04  2.82941E-04  3.11665E-06  3.96014E+00  5.67919E-01  2.34648E+01  5.95112E-02 -5.24095E+01 -2.02019E+00  2.70072E+03  6.38166E+03  6.94272E+03  6.19139E+01 -1.08124E+01  1.04047E+03  1.22418E-04  0.00000E+00  1.60523E-04
       1       1      10  1.44896E-04  1.36943E-04  1.44896E-06  1.29139E+01  1.96731E+00  7.08740E+01 -3.37542E+00 -6.97824E+01 -1.08172E+01  3.62147E+03  1.38823E+04  2.11502E+04  3.81395E+02  2.85066E+02  3.38343E+03  5.20901E-05  0.00000E+00  8.48525E-05
       1       2       1  1.25564E-03  1.20635E-03  1.25564E-05  2.31270E-01  3.20531E-02  5.58056E-01 -8.21495E+00  5.05638E+01  3.93631E+00  2.57899E+04  2.03311E+04  4.51027E+04 -8.88693E+01  1.23006E+03  9.74361E+03  0.00000E+00  3.17628E-04  8.88724E-04
       1       2       2  3.62830E-04  2.77394E-04  3.62830E-06  5.52790E-01  7.12905E-02  1.40167E+00  5.46589E+00 -3.22451E+01  6.85883E+00  4.44631E+04  1.00183E+04  8.26278E+04  3.74977E+03  2.80197E+03  2.07466E+04  0.00000E+00  5.80077E-05  2.19387E-04
       1       2       3  6.25237E-04  6.62956E-04  6.25237E-06  8.19187E-01  1.16138E-01  2.09323E+00  1.21436E+00 -4.16506E+00 -2.64337E+00  1.46880E+04  2.22553E+03  2.55560E+04  8.83367E+02  1.06010E+03  7.07002E+03  0.00000E+00  2.72460E-05  6.35710E-04
       1       2       4  8.85680E-04  1.93825E-04  8.85680E-06  1.35456E+00  1.78036E-01  3.16563E+00  4.72431E+01 -9.25220E+01 -1.10306E+01  7.64672E+04  3.49314E+04  8.54081E+04  6.64878E+02  3.20791E+03  2.69006E+04  0.00000E+00  1.09262E-04  8.45623E-05
       1       2       5  8.02205E-04  3.19246E-04  8.02205E-06  2.11424E+00  2.91567E-01  4.80603E+00  2.93422E+01 -3.43695E+01 -2.20997E+01  1.75592E+04  4.39342E+03  6.27997E+04  1.09606E+03  2.58987E+03  1.15703E+04  0.00000E+00  2.51028E-04  6.82175E-05
       1       2       6  6.26138E-04  7.25420E-04  6.26138E-06  3.05565E+00  3.85837E-01  6.76094E+00  7.00714E+00 -2.38608E+01  1.61025E+00  5.46384E+03  1.04342E+03  2.39219E+04  4.97192E+02  1.04211E+03  7.50199E+03  0.00000E+00  6.00292E-04  1.25128E-04
       1       2       7  6.51277E-04  2.20703E-04  6.51277E-06  4.83522E+00  5.64568E-01  1.08524E+01  2.20955E+01 -7.72019E+00  4.49469E+01  1.54861E+04  2.17575E+03  7.35878E+04  1.22776E+03  3.28959E+03  3.19704E+04  0.00000E+00  1.64490E-06  2.19058E-04
       1       2       8  1.08360E-03  5.51224E-04  1.08360E-05  7.43475E+00  9.48152E-01  1.65700E+01  1.58224E+01 -9.55351E-01  2.82551E+01  8.21152E+03  3.45689E+02  3.68930E+04  1.00512E+03  1.98632E+03  1.64914E+04  0.00000E+00  0.00000E+00  5.51224E-04
       1       2       9  1.08011E-03  1.39441E-03  1.08011E-05  1.03734E+01  1.47026E+00  2.31348E+01  3.02410E+00  1.74530E+00  5.42496E+00  2.05294E+03  1.39495E+02  8.29854E+03  2.25525E+02  4.70381E+02  3.69088E+03  0.00000E+00  0.00000E+00  1.39441E-03
       1       2      10  4.79751E-04  3.75060E-04  4.79751E-06  3.02763E+01  3.87284E+00  7.01825E+01 -2.57566E+00 -6.23524E-01 -3.27022E+00  4.99789E+03  1.58620E+02  2.67378E+04  6.62358E+02  1.49519E+03  1.12961E+04  0.00000E+00  0.00000E+00  3.75060E-04
       1       3       1  2.11416E-03  2.13344E-03  2.11416E-05  3.57084E-01  4.76541E-02  4.81700E-01 -1.34465E+01  1.07252E+02  7.38693E-01  2.30377E+04  2.95588E+04  2.89421E+04 -1.03403E+03 -1.23687E+02  1.68218E+03  0.00000E+00  1.61359E-03  5.19853E-04
       1       3       2  6.23775E-04  5.85265E-04  6.23775E-06  9.03509E-01  1.19634E-01  1.21043E+00  4.75131E+00  9.18305E+00 -4.06268E+00  4.10427E+04  1.94731E+04  4.19624E+04  3.58592E+03  1.62309E+03  7.35863E+03  0.00000E+00  4.59623E-04  1.25643E-04
       1       3       3  1.06715E-03  1.13372E-03  1.06715E-05  1.32685E+00  1.74568E-01  1.77370E+00 -2.10363E+00  2.60081E+01 -3.78541E+00  1.92089E+04  8.12450E+03  2.03157E+04  1.81282E+03  7.75564E+00  2.04081E+03  0.00000E+00  8.17879E-04  3.15841E-04
       1       3       4  1.59580E-03  9.49896E-04  1.59580E-05  2.01356E+00  2.71848E-01  2.69834E+00  3.62601E+01 -2.45034E+02  3.07685E+00  3.72153E+04  8.36905E+04  2.98375E+04 -6.18941E+03  9.09697E+02  6.14191E+03  0.00000E+00  8.61772E-04  8.81236E-05
       1       3       5  1.52109E-03  1.02594E-03  1.52109E-05  3.25662E+00  4.32218E-01  4.05328E+00  1.92279E+01 -9.66689E+01  4.91197E+00  3.22535E+04  2.31808E+04  2.82540E+04  8.98620E+02  5.83694E+02  8.58709E+03  0.00000E+00  9.02609E-04  1.23335E-04
       1       3       6  1.32813E-03  1.57419E-03  1.32813E-05  4.26547E+00  5.40107E-01  5.58856E+00  1.95295E+01 -8.38276E+01  4.65972E+00  9.68481E+03  1.17531E+04  1.64040E+04 -5.72253E+02  4.68679E+02  5.75391E+03  0.00000E+00  1.42295E-03  1.51240E-04
       1       3       7  1.29125E-03  1.14338E-03  1.29125E-05  7.33063E+00  9.49777E-01  9.83038E+00  2.35351E+01 -1.54838E+02  3.17200E+00  1.97731E+04  3.65198E+04  3.12289E+04 -2.38243E+03  1.54034E+03  1.16042E+04  0.00000E+00  8.39274E-04  3.04105E-04
       1       3       8  2.07502E-03  2.28377E-03  2.07502E-05  1.08957E+01  1.42776E+00  1.44058E+01  1.55600E+01 -9.77890E+01 -7.99804E-02  1.17108E+04  1.56987E+04  1.94142E+04 -8.96111E+02  6.70055E+02  6.71935E+03  0.00000E+00  1.58838E-03  6.95395E-04
       1       3       9  2.39682E-03  2.94095E-03  2.39682E-05  1.46484E+01  1.92056E+00  1.99798E+01  6.85146E+00 -3.52406E+01 -3.35900E+00  3.96693E+03  4.04938E+03  7.37516E+03 -9.42321E+01  3.49552E+02  3.19184E+03  0.00000E+00  1.26486E-03  1.67609E-03
       1       3      10  1.10601E-03  1.21721E-03  1.10601E-05  4.51858E+01  6.34710E+00  6.12510E+01  6.07605E+00 -9.11178E+00  4.08602E+00  1.11706E+04  9.36388E+02  2.03999E+04  1.42602E+03  1.72116E+03  1.22992E+04  0.00000E+00  2.20729E-04  9.96478E-04
       1       4       1  2.94840E-03  3.15597E-03  2.94840E-05  4.90101E-01  6.52271E-02  3.46640E-01  1.24424E+00 -2.40660E+01 -1.61871E+00  2.24960E+04  4.48153E+04  2.08924E+04 -2.95388E+03 -6.26023E+01  8.16124E+02  0.00000E+00  2.77651E-03  3.79459E-04
       1       4       2  8.97416E-04  8.40827E-04  8.97416E-06  1.23386E+00  1.59955E-01  8.44111E-01  3.36615E+00 -5.46720E+01 -1.70106E+00  4.30783E+04  3.99625E+04  2.05471E+04 -4.93104E+02  1.33185E+02  2.76854E+03  0.00000E+00  7.26910E-04  1.13917E-04
       1       4       3  1.51204E-03  1.56003E-03  1.51204E-05  1.77560E+00  2.42462E-01  1.28228E+00  8.29916E+00 -1.58864E+01 -3.60100E+00  1.64395E+04  1.73849E+04  1.32188E+04  1.99614E+02  1.50458E+03  6.50297E+02  0.00000E+00  1.23877E-03  3.21264E-04
       1       4       4  2.42406E-03  1.54569E-03  2.42406E-05  2.83970E+00  3.75123E-01  2.02614E+00  1.22280E+01 -1.26567E+02 -6.37483E-02  3.24704E+04  9.07905E+04  1.85955E+04 -5.87346E+03  5.61854E+01  1.32332E+03  0.00000E+00  1.49591E-03  4.97862E-05
       1       4       5  2.49210E-03  3.00876E-03  2.49210E-05  4.21596E+00  5.47591E-01  3.00030E+00  1.21985E+01 -8.53252E+01  7.57175E-04  3.14688E+04  3.01235E+04  1.65166E+04  3.30676E+02  5.87683E+02  2.22470E+03  0.00000E+00  2.85265E-03  1.56105E-04
       1       4       6  2.55583E-03  2.91758E-03  2.55583E-05  5.92640E+00  8.19087E-01  3.98887E+00  2.35260E+00 -3.77198E+01 -1.14163E-01  1.67797E+04  1.33176E+04  9.32032E+03  3.22553E+02  8.44288E+02  5.71898E+03  0.00000E+00  2.54710E-03  3.70484E-04
       1       4       7  2.55632E-03  2.25119E-03  2.55632E-05  9.85905E+00  1.32353E+00  6.98892E+00  2.41818E+01 -1.97333E+02 -9.36276E+00  2.65645E+04  5.46488E+04  2.08748E+04 -4.33095E+03  1.71130E+03  8.36828E+03  0.00000E+00  1.82267E-03  4.28520E-04
       1       4       8  3.46743E-03  3.29388E-03  3.46743E-05  1.47450E+01  1.90974E+00  1.04070E+01  5.50548E+00 -8.57971E+01 -3.18753E+00  2.40009E+04  1.32981E+04  1.68361E+04  1.59228E+03  9.50924E+02  6.79199E+03  0.00000E+00  2.46017E-03  8.33709E-04
       1       4       9  4.87178E-03  6.58803E-03  4.87178E-05  2.03196E+01  2.64122E+00  1.42311E+01  8.81504E+00 -5.74554E+01  7.39880E-01  7.80006E+03  6.71273E+03  4.70429E+03 -8.95487E+01 -6.89568E+00  1.67292E+03  0.00000E+00  4.55897E-03  2.02906E-03
       1       4      10  3.09014E-03  3.48440E-03  3.09014E-05  6.24171E+01  8.33249E+00  4.15520E+01  8.12366E+00 -5.32196E+01  1.33486E+00  2.09775E+04  4.15418E+03  9.21231E+03  2.19431E+03  1.92371E+02  2.14357E+03  0.00000E+00  3.02023E-03  4.64176E-04
       1       5       1  3.64810E-03  3.27960E-03  3.64810E-05  5.33401E-01  7.06070E-02  2.29912E-01  2.80741E+00 -3.86636E+01 -8.94172E-01  1.81638E+04  4.04149E+04  2.79653E+04 -2.51188E+03 -3.67354E+02  5.77310E+02  0.00000E+00  2.95758E-03  3.22019E-04
       1       5       2  1.14863E-03  1.19040E-03  1.14863E-05  1.38414E+00  1.77777E-01  5.95068E-01  6.20049E+00 -4.88453E+01 -2.41021E+00  5.26627E+04  3.10528E+04  2.29593E+04  2.50867E+03  4.53363E+02  2.59975E+03  0.00000E+00  1.05510E-03  1.35300E-04
       1       5       3  1.89715E-03  1.88536E-03  1.89715E-05  1.97099E+00  2.63686E-01  8.42214E-01  5.95388E+00 -6.19487E+01  1.23767E+00  3.94701E+04  2.77458E+04  2.04746E+04  1.60496E+03 -1.09889E+03  1.91310E+03  0.00000E+00  1.48720E-03  3.98159E-04
       1       5       4  3.24902E-03  1.88293E-03  3.24902E-05  3.15760E+00  4.16946E-01  1.34568E+00  1.20823E+01 -8.52631E+01  5.62983E+00  4.71884E+04  4.91504E+04  3.56233E+04 -3.00527E+02 -7.44710E+02  4.28226E+03  0.00000E+00  1.69205E-03  1.90880E-04
       1       5       5  3.62182E-03  3.70756E-03  3.62182E-05  4.78511E+00  6.43239E-01  2.06492E+00  1.23159E+01 -6.15029E+01 -7.23580E-01  3.67428E+04  2.37232E+04  1.95284E+04  1.18742E+03  8.64394E+02  2.98338E+03  0.00000E+00  3.37944E-03  3.28121E-04
       1       5       6  4.36175E-03  4.84630E-03  4.36175E-05  6.70871E+00  9.05063E-01  2.87354E+00  9.60289E+00 -5.31298E+01 -8.49732E-01  2.74175E+04  1.25591E+04  1.11027E+04  2.14813E+03  1.73537E+02  3.09011E+03  0.00000E+00  4.17349E-03  6.72809E-04
       1       5       7  5.23540E-03  3.30818E-03  5.23540E-05  1.07496E+01  1.39495E+00  4.75758E+00  1.92739E+01 -1.28365E+02 -7.97920E+00  4.74769E+04  2.81919E+04  2.33118E+04  3.00598E+03  2.58763E+03  4.93443E+03  0.00000E+00  2.58503E-03  7.23155E-04
       1       5       8  5.64292E-03  5.47784E-03  5.64292E-05  1.64702E+01  2.23414E+00  7.01573E+00  6.27621E+00 -8.40660E+01  1.68451E+01  2.82995E+04  1.26628E+04  1.22052E+04  2.63482E+03 -2.28059E+03  4.42105E+03  0.00000E+00  3.97338E-03  1.50447E-03
       1       5       9  8.71120E-03  1.02094E-02  8.71120E-05  2.33737E+01  3.13251E+00  9.90291E+00  4.35577E+00 -4.01344E+01 -5.32858E+00  9.20595E+03  3.82086E+03  3.95429E+03  7.11877E+02  8.74130E+02  9.77895E+02  0.00000E+00  6.56627E-03  3.64309E-03
       1       5      10  9.45607E-03  5.28163E-03  9.45607E-05  6.91456E+01  9.13823E+00  2.94891E+01  6.48987E+00 -4.30754E+01 -4.39656E-01  2.51889E+04  3.33296E+03  5.44177E+03  2.90006E+03  3.65296E+02  2.32862E+03  0.00000E+00  4.01653E-03  1.26509E-03
       1       6       1  4.05774E-03  4.01862E-03  4.05774E-05  5.89234E-01  7.77760E-02  7.86116E-02  1.13940E+01 -1.03860E+02  1.06133E+00  1.48570E+04  4.62725E+04  2.57390E+04 -4.32309E+03 -1.31084E+02  6.37853E+02  0.00000E+00  3.73641E-03  2.82214E-04
       1       6       2  1.30701E-03  1.27670E-03  1.30701E-05  1.48608E+00  1.92752E-01  2.01054E-01  2.14884E+01 -1.38770E+02 -1.44653E+00  3.81120E+04  4.39461E+04  1.91583E+04 -1.67937E+03  1.50502E+02  7.16909E+02  0.00000E+00  1.15252E-03  1.24184E-04
       1       6       3  2.12758E-03  2.20598E-03  2.12758E-05  2.10109E+00  2.75700E-01  2.76127E-01  1.06889E+01 -7.48667E+01  1.37471E+00  2.48618E+04  2.21348E+04  1.55664E+04  9.22234E+02  3.30493E+01  8.41540E+02  0.00000E+00  1.88598E-03  3.19999E-04
       1       6       4  3.79365E-03  2.97812E-03  3.79365E-05  3.36810E+00  4.46224E-01  4.72043E-01  1.45552E+01 -1.24479E+02 -2.93488E+00  3.39928E+04  7.22328E+04  2.81067E+04 -4.83798E+03  9.97749E+02 -4.22179E+00  0.00000E+00  2.76801E-03  2.10104E-04
       1       6       5  4.46151E-03  4.76578E-03  4.46151E-05  5.14923E+00  6.70847E-01  6.84947E-01  8.12703E+00 -7.34100E+01  2.60563E+00  3.15524E+04  3.32536E+04  1.19870E+04 -8.51029E+01 -2.48499E+02  1.36961E+03  0.00000E+00  4.36585E-03  3.99935E-04
       1       6       6  5.93241E-03  6.60173E-03  5.93241E-05  7.07817E+00  9.09556E-01  9.18662E-01  9.87323E+00 -8.02656E+01 -3.86869E-01  1.98495E+04  2.69915E+04  8.41361E+03 -8.47295E+02  2.04745E+02  1.50319E+03  0.00000E+00  5.77891E-03  8.22823E-04
       1       6       7  8.51142E-03  6.09615E-03  8.51142E-05  1.16574E+01  1.55467E+00  1.59453E+00  2.90884E+01 -2.22935E+02 -2.91390E+00  3.59569E+04  6.57526E+04  1.27570E+04 -4.29194E+03  4.34664E+02  1.13261E+03  0.00000E+00  5.23883E-03  8.57313E-04
       1       6       8  8.59771E-03  1.15907E-02  8.59771E-05  1.76937E+01  2.31167E+00  2.47805E+00  2.09600E+01 -1.36196E+02  5.09141E+00  3.03431E+04  2.59107E+04  6.83704E+03  3.65159E+02 -4.16332E+02  1.17494E+03  0.00000E+00  9.81874E-03  1.77192E-03
       1       6       9  1.22664E-02  1.34419E-02  1.22664E-04  2.47289E+01  3.27324E+00  3.02595E+00  9.78378E+00 -7.25225E+01 -1.35783E+00  2.01604E+04  1.06814E+04  2.51158E+03  1.34397E+03  2.99768E+02  8.66260E+02  0.00000E+00  8.76305E-03  4.67885E-03
       1       6      10  2.02270E-02  2.32953E-02  2.02270E-04  7.41263E+01  9.93942E+00  1.00402E+01  6.43236E+00 -5.57587E+01  7.43479E-01  2.91061E+04  4.51888E+03  1.14150E+03  3.40872E+03  1.32554E+01  5.51473E+02  0.00000E+00  2.11113E-02  2.18399E-03
       2       1       1  4.14757E-04  4.07651E-04  4.14757E-06  8.91187E-02  3.61527E-02  5.29528E-01  5.52414E+00 -2.27779E+00  7.53712E+00  3.09348E+04  2.43135E+04  6.16228E+04  2.89860E+03  1.23043E+03  8.66149E+03  1.33491E-04  1.27441E-05  2.61416E-04
       2       1       2  1.18684E-04  1.08261E-04  1.18684E-06  2.51721E-01  1.07140E-01  1.46367E+00  1.86517E+01  1.15884E+02 -1.85105E+01  4.47864E+04  5.25272E+04  3.43404E+04  1.15173E+02 -6.17472E+03  3.14408E+03  8.06156E-05  1.09863E-05  1.66589E-05
       2       1       3  2.04919E-04  1.54939E-04  2.04919E-06  3.79171E-01  1.52083E-01  2.13203E+00  5.98260E-01  3.48096E+01 -3.29236E+01  3.52769E+04  2.11372E+04  3.02393E+04  3.22648E+02  3.62597E+02  3.34973E+03  9.93627E-05  6.15233E-06  4.94237E-05
       2       1       4  2.82087E-04  2.25547E-04  2.82087E-06  6.02677E-01  2.52618E-01  3.56951E+00 -1.84849E+00  2.83963E+01 -2.37333E+00  4.36366E+04  5.31643E+04  1.93290E+04  1.14389E+03 -8.82259E+03  2.38726E+03  2.00266E-04  4.83398E-06  2.04479E-05
       2       1       5  2.49492E-04  4.16772E-04  2.49492E-06  8.98511E-01  3.72087E-01  5.19669E+00 -5.52304E-01  2.44341E+01 -4.82853E+00  1.55307E+04  2.31618E+04  1.61788E+04 -2.57176E+02 -2.67946E+03  7.96653E+02  4.03756E-04  1.31836E-06  1.16976E-05
       2       1       6  1.84849E-04  2.01254E-04  1.84849E-06  1.14694E+00  4.63959E-01  6.53118E+00 -1.31753E-01  9.27227E+00  3.71629E+00  7.57335E+03  1.15737E+04  1.39724E+04  5.75141E+02 -1.33575E+03  1.73558E+03  1.79938E-04  0.00000E+00  2.13160E-05
       2       1       7  2.02685E-04  2.34222E-04  2.02685E-06  2.02438E+00  8.68365E-01  1.23551E+01  4.46937E-01 -1.82678E+02  3.14805E+01  1.82037E+04  4.09500E+04  1.98772E+04  2.62427E+02 -5.59761E+03  1.62575E+03  1.97699E-04  0.00000E+00  3.65225E-05
       2       1       8  3.34002E-04  4.50505E-04  3.34002E-06  2.99961E+00  1.25763E+00  1.79131E+01 -3.19604E+00 -1.17813E+02  1.83256E+01  8.22336E+03  1.80988E+04  1.52585E+04  5.78572E+02 -1.58292E+03  1.02039E+03  3.66563E-04  0.00000E+00  8.39417E-05
       2       1       9  3.11630E-04  3.34559E-04  3.11630E-06  3.85501E+00  1.59389E+00  2.34523E+01  1.55779E+00 -5.56091E+01  9.38179E+00  3.11918E+03  6.66752E+03  5.42107E+03 -1.07757E+02 -6.65751E+02  6.69102E+02  1.60081E-04  0.00000E+00  1.74479E-04
       2       1      10  1.44886E-04  1.23713E-04  1.44886E-06  1.21158E+01  5.38347E+00  6.72619E+01  9.56111E-01 -9.71788E+01  2.19351E+01  5.07608E+03  1.96365E+04  1.94849E+04  5.89583E+02 -6.57689E+02  2.53116E+03  6.86593E-05  0.00000E+00  5.50539E-05
       2       2       1  1.25523E-03  1.13382E-03  1.25523E-05  2.11769E-01  8.78767E-02  5.42911E-01 -1.72338E+01  4.82607E+01  7.01647E+00  2.73027E+04  2.37833E+04  4.47479E+04  1.93675E+02  1.49185E+03  7.11663E+03  1.06147E-04  3.30609E-04  6.97064E-04
       2       2       2  3.62684E-04  2.89139E-04  3.62684E-06  5.02526E-01  2.09990E-01  1.41650E+00  5.31832E+00 -1.48394E+01 -1.45627E+00  3.92726E+04  1.41681E+04  7.72728E+04  1.15751E+04  9.00978E+03  1.63295E+04  1.00644E-05  4.92187E-05  2.29856E-04
       2       2       3  6.25047E-04  5.86740E-04  6.25047E-06  7.46806E-01  3.03465E-01  2.08535E+00  8.41358E-01 -1.07970E+01 -5.65135E+00  1.69047E+04  4.52591E+03  3.36611E+04  4.80893E+03  2.34719E+03  6.80553E+03  9.90765E-06  4.92008E-05  5.27631E-04
       2       2       4  8.85244E-04  2.55761E-04  8.85244E-06  1.20115E+00  5.23309E-01  3.23024E+00  3.95017E+01 -5.85448E+01  1.16389E+00  5.86288E+04  3.74076E+04  7.42459E+04  8.68281E+03  1.65791E+03  1.84524E+04  5.74483E-05  1.20249E-04  7.80643E-05
       2       2       5  8.01813E-04  4.86446E-04  8.01813E-06  1.76635E+00  7.87200E-01  4.94299E+00  1.98212E+01 -9.13525E+00  9.52763E+00  1.61056E+04  1.06373E+04  4.53959E+04  1.25950E+03  8.39962E+02  8.27270E+03  1.85799E-04  2.32993E-04  6.76537E-05
       2       2       6  6.25802E-04  6.64605E-04  6.25802E-06  2.60920E+00  1.09895E+00  6.70652E+00  1.06006E+01 -1.34376E+01  7.18475E+00  6.28084E+03  2.98241E+03  3.04307E+04  1.79743E+03  3.06090E+03  9.79707E+03  7.70801E-05  4.38573E-04  1.48951E-04
       2       2       7  6.51047E-04  3.16407E-04  6.51047E-06  4.35475E+00  1.80049E+00  1.09413E+01 -6.87921E+00 -1.57460E+01 -2.15951E+01  1.35632E+04  5.43227E+03  7.13821E+04  3.89658E+03  1.05406E+04  2.82540E+04  1.28500E-05  2.50651E-06  3.01051E-04
       2       2       8  1.08322E-03  6.16059E-04  1.08322E-05  6.43793E+00  2.66732E+00  1.66060E+01 -1.07416E+01 -1.52939E+01 -2.19356E+01  7.01097E+03  2.80604E+03  3.61875E+04  2.13244E+03  4.90893E+03  1.39854E+04  5.49693E-05  0.00000E+00  5.61089E-04
       2       2       9  1.07945E-03  1.06278E-03  1.07945E-05  9.73427E+00  4.06306E+00  2.30675E+01 -8.11083E+00 -4.56358E+00 -5.95013E+00  1.98169E+03  5.89246E+02  9.38680E+03  6.51878E+02  1.42710E+03  3.72659E+03  2.03458E-05  0.00000E+00  1.04244E-03
       2       2      10  4.79497E-04  4.58886E-04  4.79497E-06  2.84230E+01  1.18757E+01  7.02417E+01  5.36162E+00  1.29647E+00  6.48978E+00  4.40599E+03  7.75699E+02  2.64577E+04  1.76056E+03  4.31412E+03  1.05323E+04  2.92610E-08  0.00000E+00  4.58856E-04
       2       3       1  2.11246E-03  2.13565E-03  2.11246E-05  3.29328E-01  1.35885E-01  4.76547E-01 -4.30321E+01  9.86783E+01 -1.04786E+00  2.32662E+04  2.75072E+04  2.80799E+04 -3.18681E+03 -3.90071E+02  1.26548E+03  6.05987E-05  1.61277E-03  4.62283E-04
       2       3       2  6.23118E-04  5.14565E-04  6.23118E-06  8.44554E-01  3.49905E-01  1.20631E+00 -2.39586E+00  4.72793E+00 -1.42148E+00  3.71710E+04  2.32471E+04  4.08330E+04  6.03061E+03  9.19378E+02  2.75928E+03  0.00000E+00  4.38488E-04  7.60766E-05
       2       3       3  1.06636E-03  1.07450E-03  1.06636E-05  1.23952E+00  5.11438E-01  1.79017E+00 -1.96511E+01  1.83579E+01  2.11631E+00  1.88546E+04  1.13746E+04  1.97028E+04  3.49260E+03  1.65489E+02  9.85450E+02  0.00000E+00  8.45480E-04  2.29015E-04
       2       3       4  1.59379E-03  9.35296E-04  1.59379E-05  1.88140E+00  7.77961E-01  2.70820E+00  9.80770E+01 -2.29877E+02 -4.81040E+00  4.00851E+04  7.58692E+04  3.13870E+04 -1.88587E+04  1.81942E+03  4.61893E+03  0.00000E+00  8.68390E-04  6.69058E-05
       2       3       5  1.51903E-03  9.91451E-04  1.51903E-05  3.00207E+00  1.24324E+00  4.05278E+00  4.73082E+01 -8.82877E+01 -3.45784E+00  3.14482E+04  2.36596E+04  2.77195E+04  1.79005E+03  2.91491E+03  7.06716E+03  0.00000E+00  8.88879E-04  1.02572E-04
       2       3       6  1.32611E-03  1.43391E-03  1.32611E-05  3.95144E+00  1.64589E+00  5.51359E+00  4.00638E+01 -8.61532E+01 -6.26525E-03  9.71058E+03  1.24676E+04  1.57490E+04 -1.62776E+03  2.07755E+03  4.60406E+03  0.00000E+00  1.31234E-03  1.21569E-04
       2       3       7  1.28956E-03  1.06677E-03  1.28956E-05  6.73956E+00  2.80675E+00  9.89520E+00  7.65882E+01 -1.51263E+02  1.19117E+01  2.23385E+04  3.51608E+04  2.92207E+04 -8.86967E+03  2.75638E+03  8.72046E+03  0.00000E+00  8.42942E-04  2.23823E-04
       2       3       8  2.07312E-03  2.06910E-03  2.07312E-05  1.00336E+01  4.10609E+00  1.45547E+01  4.83049E+01 -9.48603E+01  2.96249E+00  1.23686E+04  1.55521E+04  1.84426E+04 -2.72809E+03  2.56496E+03  5.41798E+03  0.00000E+00  1.54076E-03  5.28343E-04
       2       3       9  2.39274E-03  2.36350E-03  2.39274E-05  1.35392E+01  5.53792E+00  1.98588E+01  1.89558E+01 -4.01299E+01  3.59444E+00  4.36521E+03  4.73538E+03  7.67840E+03 -3.73036E+02  1.27281E+03  3.01042E+03  0.00000E+00  1.23855E-03  1.12495E-03
       2       3      10  1.10335E-03  1.14999E-03  1.10335E-05  4.13154E+01  1.74294E+01  6.17033E+01 -3.90165E-01 -1.08580E+01 -7.34260E+00  9.48235E+03  2.34001E+03  2.07588E+04  3.67319E+03  4.72048E+03  1.11622E+04  0.00000E+00  2.19085E-04  9.30905E-04
       2       4       1  2.94431E-03  3.25568E-03  2.94431E-05  4.56032E-01  1.87836E-01  3.47462E-01  8.61979E+00 -2.30495E+01  7.38968E-01  2.50039E+04  4.14284E+04  2.16188E+04 -8.10749E+03  1.30724E+02  1.92065E+02  4.41078E-05  2.83964E-03  3.71932E-04
       2       4       2  8.95642E-04  8.30719E-04  8.95642E-06  1.15194E+00  4.77378E-01  8.45587E-01  2.15540E+01 -4.82555E+01 -6.54377E-01  4.32429E+04  3.95661E+04  1.94647E+04 -2.03452E+02  8.67995E+02  2.26992E+03  0.00000E+00  7.39476E-04  9.12428E-05
       2       4       3  1.51010E-03  1.63198E-03  1.51010E-05  1.65882E+00  6.67363E-01  1.29647E+00  6.78275E+00 -2.11140E+01  1.88109E+00  1.59964E+04  2.04526E+04  1.42144E+04 -6.39974E+02 -1.38222E+02  1.72441E+02  0.00000E+00  1.39808E-03  2.33899E-04
       2       4       4  2.41859E-03  1.49145E-03  2.41859E-05  2.63805E+00  1.09323E+00  2.02777E+00  4.19361E+01 -1.12610E+02  1.23593E+00  3.87124E+04  8.15142E+04  1.80662E+04 -1.95566E+04  5.81137E+01  1.85737E+03  0.00000E+00  1.44778E-03  4.36696E-05
       2       4       5  2.48540E-03  3.01278E-03  2.48540E-05  3.92963E+00  1.62805E+00  2.99311E+00  3.05090E+01 -8.19880E+01  2.95697E+00  2.88078E+04  3.15929E+04  1.56594E+04  2.27972E+02  4.03660E+02  1.86827E+03  0.00000E+00  2.90740E-03  1.05381E-04
       2       4       6  2.54821E-03  2.59878E-03  2.54821E-05  5.52861E+00  2.24729E+00  3.98235E+00  2.15407E+01 -3.60206E+01  1.28620E-01  1.74473E+04  1.39745E+04  8.54365E+03 -2.77473E+02  1.40758E+03  3.82743E+03  0.00000E+00  2.36884E-03  2.29936E-04
       2       4       7  2.54678E-03  2.20498E-03  2.54678E-05  9.24236E+00  3.81210E+00  6.89090E+00  8.96640E+01 -1.85726E+02 -1.59891E+00  3.17949E+04  5.14794E+04  1.91997E+04 -1.12922E+04  2.54300E+03  5.42042E+03  0.00000E+00  1.93641E-03  2.68562E-04
       2       4       8  3.46052E-03  3.29584E-03  3.46052E-05  1.37498E+01  5.70862E+00  1.03880E+01  3.84230E+01 -9.38109E+01  1.31430E+01  2.18895E+04  1.75885E+04  1.48880E+04  3.40353E+03  6.41434E+02  4.63956E+03  0.00000E+00  2.78080E-03  5.15039E-04
       2       4       9  4.85598E-03  5.78978E-03  4.85598E-05  1.90408E+01  7.72857E+00  1.40729E+01  2.85218E+01 -5.65034E+01  4.08812E+00  8.58637E+03  7.02226E+03  4.84344E+03  4.22149E+01  2.03840E+02  1.45054E+03  0.00000E+00  4.40111E-03  1.38867E-03
       2       4      10  3.06934E-03  3.54065E-03  3.06934E-05  5.76949E+01  2.40262E+01  4.16056E+01  1.99552E+01 -4.99034E+01  3.63127E+00  1.89638E+04  6.48184E+03  9.55840E+03  6.21848E+03  6.31784E+02  2.16801E+03  0.00000E+00  3.03372E-03  5.06938E-04
       2       5       1  3.64106E-03  3.26038E-03  3.64106E-05  4.93142E-01  2.04050E-01  2.28037E-01  1.93267E+01 -3.49902E+01  1.30547E+00  2.01760E+04  3.72885E+04  2.73822E+04 -8.60697E+03 -1.21561E+02  3.13784E+02  3.68225E-05  2.93061E-03  2.92954E-04
       2       5       2  1.14525E-03  1.15804E-03  1.14525E-05  1.28676E+00  5.32393E-01  6.01733E-01  2.13594E+01 -4.56177E+01 -1.44491E+00  4.94456E+04  3.38001E+04  2.27827E+04  6.50744E+03  1.73192E+01  1.24944E+03  0.00000E+00  1.05867E-03  9.93720E-05
       2       5       3  1.89376E-03  1.73425E-03  1.89376E-05  1.84142E+00  7.52301E-01  8.39315E-01  3.00774E+01 -6.00661E+01  4.58864E-01  4.04240E+04  2.74599E+04  2.02680E+04  9.61422E+02  6.21432E+02  9.64377E+02  0.00000E+00  1.46298E-03  2.71268E-04
       2       5       4  3.23854E-03  1.81223E-03  3.23854E-05  2.94695E+00  1.20947E+00  1.35305E+00  3.55658E+01 -8.59690E+01  4.54710E-01  4.78931E+04  5.02779E+04  3.49084E+04 -2.80278E+03  4.34950E+02  2.88991E+03  0.00000E+00  1.68939E-03  1.22840E-04
       2       5       5  3.60673E-03  3.50749E-03  3.60673E-05  4.45286E+00  1.83154E+00  2.07881E+00  2.24039E+01 -6.14557E+01 -2.72370E+00  3.38500E+04  2.58641E+04  1.90626E+04  3.26225E+03  1.17640E+03  2.17070E+03  0.00000E+00  3.31116E-03  1.96327E-04
       2       5       6  4.34208E-03  4.46182E-03  4.34208E-05  6.18615E+00  2.51241E+00  2.91223E+00  1.68876E+01 -5.22153E+01  1.49785E+00  2.42257E+04  1.46441E+04  1.07503E+04  4.93567E+03  7.99253E+02  2.93194E+03  0.00000E+00  4.04326E-03  4.18562E-04
       2       5       7  5.19741E-03  2.95582E-03  5.19741E-05  1.00594E+01  4.11790E+00  4.69826E+00  5.64667E+01 -1.24946E+02 -8.43752E+00  4.40071E+04  3.12176E+04  2.42944E+04  4.64859E+03  3.65223E+03  4.28642E+03  0.00000E+00  2.38232E-03  5.73501E-04
       2       5       8  5.61369E-03  5.22904E-03  5.61369E-05  1.53702E+01  6.29369E+00  6.98606E+00  2.37716E+01 -8.44037E+01  7.86754E+00  2.55278E+04  1.56319E+04  1.21868E+04  6.14026E+03  2.22549E+02  5.37413E+03  0.00000E+00  3.95727E-03  1.27177E-03
       2       5       9  8.66926E-03  9.57758E-03  8.66926E-05  2.18767E+01  8.91732E+00  9.89030E+00  1.47352E+01 -3.88091E+01 -5.09228E+00  8.71979E+03  4.52824E+03  3.83609E+03  1.87802E+03  8.92432E+02  7.01700E+02  0.00000E+00  6.41126E-03  3.16632E-03
       2       5      10  9.33971E-03  4.85602E-03  9.33971E-05  6.44151E+01  2.63625E+01  2.96210E+01  1.97634E+01 -4.16502E+01  1.36375E-01  2.22481E+04  6.28556E+03  5.51324E+03  7.85384E+03  7.34738E+02  1.74923E+03  0.00000E+00  3.95143E-03  9.04591E-04
       2       6       1  4.04860E-03  4.03047E-03  4.04860E-05  5.45171E-01  2.25858E-01  7.85309E-02  3.93023E+01 -9.71118E+01  8.80694E-01  1.76102E+04  4.21364E+04  2.52434E+04 -1.13549E+04 -1.09993E+02 -2.93112E+02  3.40791E-05  3.73408E-03  2.62305E-04
       2       6       2  1.30233E-03  1.27052E-03  1.30233E-05  1.38578E+00  5.73926E-01  1.97160E-01  5.43559E+01 -1.30429E+02  1.74584E-03  3.64064E+04  4.38634E+04  1.82382E+04 -3.16618E+03 -3.00944E+02 -4.79273E+01  0.00000E+00  1.18298E-03  8.75429E-05
       2       6       3  2.12312E-03  1.99704E-03  2.12312E-05  1.94121E+00  8.00925E-01  2.71290E-01  2.79628E+01 -7.86216E+01 -1.19454E+00  2.34257E+04  2.49480E+04  1.54691E+04  9.11585E+02 -7.14687E+02 -9.52370E+00  0.00000E+00  1.75371E-03  2.43330E-04
       2       6       4  3.77914E-03  2.88311E-03  3.77914E-05  3.15186E+00  1.30142E+00  4.57420E-01  4.90461E+01 -1.17553E+02 -1.73435E+00  3.70197E+04  6.82826E+04  2.73832E+04 -1.55447E+04 -1.01410E+02  5.77757E+02  0.00000E+00  2.71606E-03  1.67054E-04
       2       6       5  4.43846E-03  4.73279E-03  4.43846E-05  4.80767E+00  1.99061E+00  6.82710E-01  3.05288E+01 -6.96460E+01  1.19715E+00  3.11184E+04  3.30485E+04  1.15925E+04 -1.22096E+03  4.71298E+02  1.22443E+03  0.00000E+00  4.42356E-03  3.09236E-04
       2       6       6  5.89987E-03  6.59006E-03  5.89987E-05  6.60065E+00  2.72661E+00  9.43720E-01  3.37378E+01 -7.66374E+01 -1.34353E+00  1.94574E+04  2.65011E+04  8.17783E+03 -3.57501E+03  8.48575E+02  1.69946E+03  0.00000E+00  6.02539E-03  5.64667E-04
       2       6       7  8.42903E-03  5.98058E-03  8.42903E-05  1.08785E+01  4.49817E+00  1.61093E+00  8.35956E+01 -2.14897E+02 -2.08132E+00  3.80657E+04  6.36701E+04  1.22986E+04 -1.15490E+04  8.67415E+02  9.04701E+02  0.00000E+00  5.27160E-03  7.08989E-04
       2       6       8  8.51108E-03  1.10238E-02  8.51108E-05  1.65080E+01  6.82476E+00  2.46304E+00  5.64032E+01 -1.31528E+02  2.54275E+00  2.91252E+04  2.73354E+04  6.84062E+03  8.68645E+02  9.54736E+01  1.18836E+03  0.00000E+00  9.68146E-03  1.34237E-03
       2       6       9  1.21900E-02  1.29161E-02  1.21900E-04  2.29383E+01  9.47629E+00  3.13519E+00  3.20203E+01 -7.12796E+01 -4.12389E+00  1.85361E+04  1.23110E+04  2.63964E+03  3.04131E+03  8.11023E+02  6.81393E+02  0.00000E+00  9.17196E-03  3.74410E-03
       2       6      10  1.98895E-02  2.23648E-02  1.98895E-04  6.92079E+01  2.86669E+01  9.79240E+00  2.26225E+01 -5.40076E+01 -4.27000E-02  2.56662E+04  7.83036E+03  1.10569E+03  8.83399E+03  2.98055E+01  1.20919E+02  0.00000E+00  2.12160E-02  1.14885E-03
       3       1       1  4.14709E-04  4.23931E-04  4.14709E-06  8.50012E-02  6.71566E-02  5.60294E-01  3.80657E+00 -1.31367E+00 -5.47392E+00  2.68233E+04  2.66395E+04  6.81778E+04  3.22674E+03  4.65426E+03  9.87288E+03  9.41880E-05  1.66992E-05  3.13044E-04
       3       1       2  1.18667E-04  1.27982E-04  1.18667E-06  2.23396E-01  1.80630E-01  1.45870E+00  4.04667E+01  7.08405E+01 -1.68358E+01  3.84359E+04  3.58500E+04  5.66528E+04  7.35679E+02  3.29083E+03  7.41804E+03  6.23280E-05  1.23047E-05  5.33495E-05
       3       1       3  2.04897E-04  2.29583E-04  2.04897E-06  3.51400E-01  2.92451E-01  2.17723E+00  1.35207E+01  2.86374E+01 -9.26993E+00  2.05806E+04  2.20772E+04  2.96866E+04  4.56350E+03  2.98274E+03  4.67157E+03  6.35045E-05  6.59179E-06  1.59487E-04
       3       1       4  2.82039E-04  1.71160E-04  2.82039E-06  5.01359E-01  3.74453E-01  3.56279E+00  2.23282E+00  2.85293E+01 -6.96004E-01  4.28089E+04  5.06588E+04  2.88584E+04  3.81489E+03 -5.36445E+03  3.41638E+03  1.39342E-04  8.34959E-06  2.34678E-05
       3       1       5  2.49452E-04  2.87096E-04  2.49452E-06  7.10530E-01  5.42172E-01  5.19533E+00  2.35536E+00  1.94149E+01  5.48463E-02  1.59388E+04  1.98011E+04  2.23824E+04  1.16269E+03 -6.72267E+02  8.68630E+02  2.59807E-04  1.27441E-05  1.45456E-05
       3       1       6  1.84818E-04  1.42552E-04  1.84818E-06  9.60780E-01  7.26836E-01  6.66933E+00  1.59525E+00  1.18303E+01 -9.43937E-01  7.84489E+03  1.02098E+04  2.84952E+04 -3.57799E+02  1.31516E+03  2.93389E+03  1.08901E-04  0.00000E+00  3.36516E-05
       3       1       7  2.02664E-04  1.87005E-04  2.02664E-06  1.78582E+00  1.37049E+00  1.22231E+01 -1.70099E+00 -1.56782E+02  1.42507E+01  1.92660E+04  3.41668E+04  2.76688E+04  4.37789E+02 -2.93350E+03  2.54803E+03  1.39908E-04  0.00000E+00  4.70973E-05
       3       1       8  3.33961E-04  3.86509E-04  3.33961E-06  2.48109E+00  1.94529E+00  1.79036E+01  2.84275E+00 -9.21858E+01  1.04490E+01  8.81779E+03  1.35991E+04  2.01201E+04  3.17532E+01  1.11149E+02  2.07826E+03  2.64510E-04  0.00000E+00  1.21998E-04
       3       1       9  3.11569E-04  3.91455E-04  3.11569E-06  3.43349E+00  2.74655E+00  2.40508E+01  1.29263E+00 -3.00529E+01  9.71974E-02  2.13074E+03  3.88951E+03  7.73166E+03  1.93750E+02  2.91223E+02  1.15112E+03  1.10365E-04  0.00000E+00  2.81090E-04
       3       1      10  1.44868E-04  1.76406E-04  1.44868E-06  1.11340E+01  8.47223E+00  7.27768E+01 -4.44362E+00 -5.73871E+01 -2.12213E+01  3.90879E+03  1.06987E+04  2.07802E+04  4.99524E+02  9.06271E+02  2.69270E+03  5.60563E-05  0.00000E+00  1.20350E-04
       3       2       1  1.25451E-03  1.15781E-03  1.25451E-05  1.85749E-01  1.43184E-01  5.49678E-01 -4.22607E+01  5.46464E+01 -4.19402E+00  2.56883E+04  2.50358E+04  4.44320E+04 -1.08038E+03  4.40780E+02  5.38053E+03  1.56798E-04  3.67724E-04  6.33286E-04
       3       2       2  3.62432E-04  4.14833E-04  3.62432E-06  4.42943E-01  3.46412E-01  1.41322E+00  1.33257E+01  6.75710E+01 -4.61564E+01  3.04127E+04  2.73100E+04  5.24465E+04  1.03528E+04  1.47011E+03  7.71125E+03  2.17927E-04  4.91020E-05  1.47804E-04
       3       2       3  6.24718E-04  6.26731E-04  6.24718E-06  6.15333E-01  4.70114E-01  2.08357E+00  6.11092E+00  9.46704E+00 -1.58047E+00  1.13238E+04  8.20953E+03  3.60030E+04  5.35498E+03  4.60610E+03  6.12331E+03  1.04674E-04  6.17375E-05  4.60320E-04
       3       2       4  8.84489E-04  5.75793E-04  8.84489E-06  1.11885E+00  8.34057E-01  3.28060E+00  1.89120E+01 -7.52650E+00 -1.80283E+01  3.97710E+04  3.97512E+04  5.47996E+04  4.49727E+03 -1.05057E+04  7.55349E+03  3.70371E-04  1.26787E-04  7.86348E-05
       3       2       5  8.01136E-04  1.01015E-03  8.01136E-06  1.66750E+00  1.21659E+00  4.82154E+00  5.14567E+00  1.01811E+01 -1.11418E+01  1.74995E+04  1.61355E+04  3.29536E+04  1.62729E+03 -3.06658E+03  4.55318E+03  7.53693E-04  1.68375E-04  8.80815E-05
       3       2       6  6.25221E-04  7.76882E-04  6.25221E-06  2.07214E+00  1.57435E+00  6.58188E+00  2.38523E+00 -9.13467E+00 -1.60121E+01  6.30821E+03  6.22646E+03  2.42663E+04  1.45782E+03  2.03323E+03  6.03490E+03  3.02464E-04  3.40136E-04  1.34282E-04
       3       2       7  6.50649E-04  6.53669E-04  6.50649E-06  3.72969E+00  2.94811E+00  1.13053E+01  4.42284E+00 -1.18224E+02  5.48260E+01  1.92552E+04  2.51588E+04  3.95702E+04  6.42250E+02 -3.93008E+03  9.25043E+03  3.73831E-04  3.00045E-05  2.49833E-04
       3       2       8  1.08255E-03  1.26652E-03  1.08255E-05  5.53306E+00  4.32151E+00  1.67073E+01 -5.87330E-01 -7.31327E+01  3.82827E+01  8.81805E+03  1.14298E+04  2.35454E+04  1.41884E+03  4.71415E+02  5.15352E+03  7.27638E-04  1.56657E-07  5.38726E-04
       3       2       9  1.07831E-03  1.45282E-03  1.07831E-05  7.23602E+00  5.55109E+00  2.28979E+01  1.22373E+00 -2.23066E+01  1.49178E+01  2.31345E+03  3.08407E+03  8.54030E+03  6.67724E+02  6.24554E+02  2.19951E+03  3.15354E-04  0.00000E+00  1.13746E-03
       3       2      10  4.79059E-04  5.42231E-04  4.79059E-06  2.13871E+01  1.68146E+01  6.72384E+01 -5.60397E-02 -3.05438E+01  1.57245E+01  4.46262E+03  7.31523E+03  2.63790E+04  1.97122E+03  4.07560E+03  7.64849E+03  1.04027E-04  0.00000E+00  4.38203E-04
       3       3       1  2.10952E-03  2.17338E-03  2.10952E-05  2.84085E-01  2.19000E-01  4.82653E-01 -6.43042E+01  8.21403E+01  5.82373E-01  2.35921E+04  2.59789E+04  2.88497E+04 -4.65284E+03 -4.71971E+02  1.33526E+03  1.31054E-04  1.58777E-03  4.54547E-04
       3       3       2  6.21983E-04  6.75792E-04  6.21983E-06  7.05641E-01  5.56975E-01  1.21900E+00 -2.81794E+00  3.58302E+01 -2.74945E+01  3.22158E+04  2.58577E+04  3.96441E+04  7.32894E+03 -2.62475E+03  1.55624E+03  1.32297E-04  4.80821E-04  6.26737E-05
       3       3       3  1.06499E-03  1.08790E-03  1.06499E-05  1.04672E+00  8.05109E-01  1.77949E+00 -2.11196E+01  2.21454E+01 -7.12210E+00  1.38015E+04  1.15562E+04  1.94195E+04  3.48078E+03  1.09350E+03  2.02090E+03  1.01300E-04  8.04744E-04  1.81859E-04
       3       3       4  1.59034E-03  1.27499E-03  1.59034E-05  1.62551E+00  1.24583E+00  2.74964E+00  1.09335E+02 -1.37484E+02 -1.12155E+01  4.59844E+04  5.33851E+04  3.73688E+04 -1.77022E+04 -5.77486E+03  2.04037E+03  3.60825E-04  8.47845E-04  6.63226E-05
       3       3       5  1.51547E-03  1.86795E-03  1.51547E-05  2.59401E+00  1.99117E+00  4.13222E+00  4.25467E+01 -3.47075E+01 -5.39819E+00  2.33655E+04  1.98739E+04  2.46692E+04  1.60183E+03 -1.77324E+03  3.97903E+03  7.60864E-04  1.01372E-03  9.33704E-05
       3       3       6  1.32264E-03  1.66525E-03  1.32264E-05  3.30045E+00  2.54000E+00  5.49336E+00  5.27395E+01 -5.40418E+01 -1.23450E+00  1.09503E+04  1.07272E+04  1.61533E+04 -1.15646E+03  1.75034E+03  3.84988E+03  2.51987E-04  1.27674E-03  1.36522E-04
       3       3       7  1.28664E-03  1.33628E-03  1.28664E-05  5.71709E+00  4.52660E+00  9.88829E+00  8.11671E+01 -1.29260E+02  3.64771E+01  2.63632E+04  2.79571E+04  3.24043E+04 -7.11766E+03 -2.50078E+02  5.54288E+03  2.90241E-04  8.07570E-04  2.38469E-04
       3       3       8  2.06985E-03  2.67436E-03  2.06985E-05  8.60772E+00  6.73878E+00  1.45420E+01  5.55963E+01 -8.81165E+01  2.66874E+01  1.41470E+04  1.38907E+04  1.76993E+04 -2.43000E+03  1.85778E+02  3.69661E+03  5.83019E-04  1.61374E-03  4.77600E-04
       3       3       9  2.38570E-03  2.68159E-03  2.38570E-05  1.14821E+01  8.91273E+00  1.96333E+01  2.56292E+01 -3.77429E+01  6.81683E+00  5.00412E+03  4.74286E+03  8.05404E+03 -3.21252E+02  1.17089E+03  2.57548E+03  2.20086E-04  1.29012E-03  1.17138E-03
       3       3      10  1.09877E-03  1.28796E-03  1.09877E-05  3.54028E+01  2.73816E+01  6.16629E+01  2.71073E+00 -1.11337E+01 -6.18549E+00  7.30790E+03  4.60318E+03  2.07642E+04  5.03708E+03  7.63247E+03  9.85365E+03  4.90092E-06  2.21199E-04  1.06186E-03
       3       4       1  2.93724E-03  3.25466E-03  2.93724E-05  3.91986E-01  3.02233E-01  3.48519E-01  1.53289E+01 -1.89932E+01 -1.65216E+00  2.88373E+04  3.53170E+04  2.23706E+04 -1.24852E+04 -7.65563E+02  3.77195E+02  1.07258E-04  2.82136E-03  3.26041E-04
       3       4       2  8.92589E-04  9.33666E-04  8.92589E-06  9.75029E-01  7.65274E-01  8.57313E-01  2.94662E+01 -2.64574E+01 -2.31152E+01  4.06786E+04  3.64318E+04  2.32176E+04  6.43295E+02 -1.38847E+03  1.18293E+03  1.16654E-04  7.18999E-04  9.80126E-05
       3       4       3  1.50675E-03  1.53202E-03  1.50675E-05  1.40501E+00  1.10150E+00  1.27257E+00  2.30379E+01 -2.12811E+01 -6.84547E+00  1.68315E+04  2.15571E+04  1.42583E+04 -3.85428E+03 -3.33867E+02  2.42869E+02  6.50321E-05  1.26372E-03  2.03271E-04
       3       4       4  2.40916E-03  1.83994E-03  2.40916E-05  2.23702E+00  1.71911E+00  2.04877E+00  6.05811E+01 -7.62337E+01 -5.41345E+00  4.74506E+04  5.70014E+04  3.10121E+04 -2.36329E+04 -4.71411E+03  1.86877E+03  3.35415E-04  1.45554E-03  4.89910E-05
       3       4       5  2.47388E-03  3.74584E-03  2.47388E-05  3.37018E+00  2.60141E+00  3.03436E+00  3.67140E+01 -5.69831E+01 -6.15749E+00  2.60582E+04  2.78070E+04  1.85254E+04 -8.55128E+02 -1.45947E+03  9.14317E+02  6.81707E-04  2.95374E-03  1.10387E-04
       3       4       6  2.53508E-03  2.99659E-03  2.53508E-05  4.70345E+00  3.63080E+00  3.98606E+00  2.84387E+01 -2.77529E+01 -2.01932E+00  1.56322E+04  1.24368E+04  8.93658E+03  8.74992E+02  1.02557E+03  2.27068E+03  2.08737E-04  2.61152E-03  1.76331E-04
       3       4       7  2.53040E-03  2.50868E-03  2.53040E-05  7.77724E+00  6.03877E+00  6.92772E+00  1.15033E+02 -1.47150E+02  2.98850E+01  3.65859E+04  4.00746E+04  2.53643E+04 -1.18633E+04 -5.65709E+02  4.36182E+03  2.60212E-04  1.96688E-03  2.81583E-04
       3       4       8  3.44865E-03  4.11231E-03  3.44865E-05  1.16555E+01  9.14160E+00  1.03954E+01  5.76027E+01 -8.44634E+01  1.23508E+01  1.84116E+04  1.84457E+04  1.56972E+04  2.29787E+03  1.53246E+03  2.46847E+03  4.93296E-04  3.07245E-03  5.46567E-04
       3       4       9  4.82878E-03  6.03424E-03  4.82878E-05  1.62727E+01  1.26345E+01  1.40842E+01  4.02608E+01 -4.01564E+01  4.21617E+00  8.44387E+03  6.25330E+03  5.26140E+03  9.91702E+02  7.03690E+02  1.12187E+03  1.91322E-04  4.33131E-03  1.51161E-03
       3       4      10  3.03380E-03  3.62283E-03  3.03380E-05  5.01087E+01  3.83401E+01  4.20264E+01  3.35262E+01 -4.25811E+01 -9.15731E-01  1.46658E+04  9.96041E+03  9.16023E+03  8.12044E+03  1.00997E+03  1.24689E+03  0.00000E+00  3.18185E-03  4.40978E-04
       3       5       1  3.62893E-03  3.34397E-03  3.62893E-05  4.29458E-01  3.30945E-01  2.31527E-01  2.09022E+01 -3.04153E+01 -1.88522E+00  2.45167E+04  3.18397E+04  2.87198E+04 -1.10579E+04 -7.00468E+02 -3.04380E+02  1.00418E-04  2.96999E-03  2.73567E-04
       3       5       2  1.13944E-03  1.20066E-03  1.13944E-05  1.10021E+00  8.59706E-01  5.95566E-01  2.67731E+01 -3.27155E+01 -2.21100E+01  4.18663E+04  3.65098E+04  2.58600E+04  8.92751E+03 -9.67727E+02  5.69655E+02  9.93925E-05  1.03116E-03  7.01094E-05
       3       5       3  1.88792E-03  1.79930E-03  1.88792E-05  1.57323E+00  1.21936E+00  8.39602E-01  3.48868E+01 -3.97385E+01 -3.09124E+00  3.30714E+04  2.58226E+04  1.86773E+04  4.49674E+03 -4.28604E+00  1.27822E+02  5.78703E-05  1.47653E-03  2.64900E-04
       3       5       4  3.22051E-03  2.12504E-03  3.22051E-05  2.50821E+00  1.94022E+00  1.33080E+00  5.04958E+01 -6.77632E+01 -7.98697E+00  4.01473E+04  4.28492E+04  4.77114E+04 -5.18445E+03 -2.34619E+03  1.23171E+03  3.24976E-04  1.74276E-03  5.73005E-05
       3       5       5  3.58088E-03  4.09074E-03  3.58088E-05  3.84124E+00  2.95636E+00  2.07228E+00  3.56053E+01 -4.11423E+01 -5.62820E+00  2.73962E+04  2.43030E+04  2.25429E+04  3.76505E+03 -7.57275E+02  8.44034E+02  6.04918E-04  3.35844E-03  1.27377E-04
       3       5       6  4.30831E-03  4.62025E-03  4.30831E-05  5.32531E+00  4.08883E+00  2.74715E+00  2.85262E+01 -4.32130E+01 -2.38467E+00  2.06148E+04  1.74851E+04  1.15983E+04  6.98555E+03  1.49360E+03  2.33363E+03  2.13710E-04  4.09538E-03  3.11155E-04
       3       5       7  5.13257E-03  3.09605E-03  5.13257E-05  8.62150E+00  6.73170E+00  4.63039E+00  8.56838E+01 -9.75415E+01  1.83156E+01  3.79491E+04  3.28281E+04  2.80295E+04  6.60995E+03  3.48023E+03  4.17223E+03  2.48433E-04  2.22065E-03  6.26967E-04
       3       5       8  5.56412E-03  5.90496E-03  5.56412E-05  1.31002E+01  1.02203E+01  6.98680E+00  3.87932E+01 -7.16103E+01  2.50251E+01  1.98772E+04  1.83856E+04  1.44422E+04  7.62166E+03  1.39134E+03  4.45525E+03  4.60458E-04  4.04901E-03  1.39550E-03
       3       5       9  8.59725E-03  9.40241E-03  8.59725E-05  1.85577E+01  1.44558E+01  9.89009E+00  1.91597E+01 -3.55742E+01  2.25587E+00  7.15072E+03  5.80176E+03  4.21477E+03  2.62677E+03  6.76489E+02  7.74335E+02  1.60625E-04  5.69636E-03  3.54542E-03
       3       5      10  9.14248E-03  4.72822E-03  9.14248E-05  5.48957E+01  4.22726E+01  2.94054E+01  2.80188E+01 -3.68079E+01 -8.34810E-01  1.71890E+04  1.17959E+04  5.63442E+03  1.10907E+04  1.52306E+03  1.75323E+03  0.00000E+00  3.86417E-03  8.64052E-04
       3       6       1  4.03284E-03  4.14346E-03  4.03284E-05  4.73442E-01  3.64089E-01  7.91115E-02  5.93492E+01 -8.27316E+01 -4.25243E-01  2.50678E+04  3.42397E+04  2.62469E+04 -1.54923E+04 -1.36569E+02 -1.98447E+01  9.54462E-05  3.81006E-03  2.37960E-04
       3       6       2  1.29431E-03  1.36339E-03  1.29431E-05  1.18522E+00  9.14711E-01  2.03637E-01  8.18980E+01 -1.04042E+02 -1.12246E+01  3.92396E+04  3.92019E+04  2.17680E+04 -3.40498E+03 -8.20613E+02  3.08122E+02  7.18737E-05  1.19585E-03  9.56681E-05
       3       6       3  2.11545E-03  2.30986E-03  2.11545E-05  1.67254E+00  1.29095E+00  2.73361E-01  4.27773E+01 -5.80606E+01 -4.64797E+00  2.31896E+04  2.55298E+04  1.56726E+04  2.45762E+03  3.57581E+02  7.10095E+02  8.19826E-05  2.00421E-03  2.23664E-04
       3       6       4  3.75420E-03  3.31578E-03  3.75420E-05  2.69352E+00  2.07185E+00  4.58052E-01  7.11279E+01 -8.56918E+01 -3.75268E+00  4.54940E+04  5.31787E+04  3.53598E+04 -1.59411E+04 -1.49031E+03  3.12738E+02  3.19798E-04  2.78601E-03  2.09975E-04
       3       6       5  4.39906E-03  5.19712E-03  4.39906E-05  4.12768E+00  3.16979E+00  6.78325E-01  4.23851E+01 -5.21450E+01 -3.82934E+00  3.02369E+04  3.01949E+04  1.63926E+04 -6.93118E+01  7.97964E+02  1.03919E+03  5.69109E-04  4.29072E-03  3.37291E-04
       3       6       6  5.84411E-03  6.60730E-03  5.84411E-05  5.61495E+00  4.31805E+00  9.19820E-01  4.92108E+01 -6.43544E+01 -1.22845E-01  2.23008E+04  2.48708E+04  9.55252E+03 -3.41255E+03  1.11384E+03  1.58585E+03  2.04925E-04  5.87223E-03  5.30147E-04
       3       6       7  8.28878E-03  6.51196E-03  8.28878E-05  9.31007E+00  7.22430E+00  1.61187E+00  1.25990E+02 -1.74289E+02  8.57401E+00  4.45008E+04  5.32631E+04  1.50325E+04 -1.34799E+04  1.24448E+03  8.29572E+02  2.39152E-04  5.39146E-03  8.81351E-04
       3       6       8  8.36556E-03  1.12591E-02  8.36556E-05  1.41544E+01  1.09567E+01  2.38964E+00  8.34460E+01 -1.05634E+02  1.38685E+01  2.81338E+04  2.70529E+04  7.36092E+03  1.83408E+03  1.88416E+01  1.43038E+03  4.28690E-04  9.10640E-03  1.72403E-03
       3       6       9  1.20598E-02  1.45078E-02  1.20598E-04  1.95566E+01  1.52470E+01  3.35981E+00  4.66748E+01 -5.60112E+01  2.53780E+00  1.54821E+04  1.34722E+04  2.91161E+03  4.24796E+03  5.19112E+02  6.62569E+02  1.87752E-04  9.95253E-03  4.36751E-03
       3       6      10  1.93216E-02  2.29535E-02  1.93216E-04  5.92301E+01  4.56959E+01  9.97356E+00  3.51807E+01 -4.45089E+01 -3.89132E-01  2.00632E+04  1.35182E+04  1.11029E+03  1.22935E+04  2.98857E+02  2.76923E+02  0.00000E+00  2.11380E-02  1.81549E-03
       4       1       1  4.14653E-04  4.56136E-04  4.14653E-06  6.25845E-02  8.12635E-02  5.41820E-01  9.80458E+00 -3.87587E+00  2.44849E+00  2.17248E+04  2.54852E+04  6.64473E+04  4.85101E+03  7.11534E+03  8.45619E+03  7.05752E-05  2.02148E-05  3.65346E-04
       4       1       2  1.18649E-04  1.07404E-04  1.18649E-06  1.77771E-01  2.22682E-01  1.46765E+00  4.13098E+01  6.72705E+01 -8.58029E+00  3.75391E+04  3.72195E+04  6.02678E+04  7.99439E+02  2.61289E+03  7.73726E+03  4.88232E-05  1.40625E-05  4.45185E-05
       4       1       3  2.04871E-04  1.88121E-04  2.04871E-06  2.80209E-01  3.62199E-01  2.17299E+00  3.24512E+00  3.71951E+01  3.06495E+00  2.39144E+04  2.48957E+04  3.60834E+04  6.14543E+03  3.12644E+03  1.77024E+03  4.81313E-05  7.03124E-06  1.32959E-04
       4       1       4  2.81983E-04  1.51630E-04  2.81983E-06  3.75953E-01  4.88634E-01  3.53666E+00 -5.41314E-03  6.12922E+00 -1.41614E+01  3.95806E+04  4.83657E+04  4.01169E+04  5.10780E+03 -2.40132E+03  3.52396E+03  1.10311E-04  1.75781E-05  2.37409E-05
       4       1       5  2.49406E-04  2.51215E-04  2.49406E-06  5.58791E-01  7.30304E-01  5.21433E+00  7.61128E-01  1.43349E+01 -1.17630E+01  1.44281E+04  1.78198E+04  2.93918E+04 -5.74102E+02  9.12856E+02  2.12961E+03  2.01065E-04  3.03222E-05  1.98279E-05
       4       1       6  1.84781E-04  1.99126E-04  1.84781E-06  8.02132E-01  1.08053E+00  6.87218E+00  1.06809E+01  1.22167E-01 -1.67532E+01  5.64295E+03  5.85702E+03  2.63912E+04  4.17039E+02  1.90364E+03  2.55765E+03  7.99475E-05  8.26170E-05  3.65618E-05
       4       1       7  2.02640E-04  1.71482E-04  2.02640E-06  1.25589E+00  1.61613E+00  1.22016E+01 -5.76249E+00 -1.29322E+02  2.51723E+01  1.79505E+04  2.69216E+04  3.65601E+04  1.13243E+03 -1.39965E+03  2.67719E+03  1.08774E-04  0.00000E+00  6.27073E-05
       4       1       8  3.33913E-04  3.23464E-04  3.33913E-06  1.91205E+00  2.51148E+00  1.79511E+01 -2.34839E+00 -8.95593E+01  7.26306E+00  8.11559E+03  1.26781E+04  2.11941E+04  2.02715E+02  9.06541E+02  1.33316E+03  2.10491E-04  0.00000E+00  1.12974E-04
       4       1       9  3.11499E-04  2.90057E-04  3.11499E-06  2.68349E+00  3.59834E+00  2.42077E+01 -2.48720E+00 -2.94346E+01 -3.36241E+00  2.16881E+03  3.19010E+03  8.39191E+03  2.42883E+02  6.60059E+02  7.09109E+02  7.38899E-05  0.00000E+00  2.16167E-04
       4       1      10  1.44849E-04  1.27704E-04  1.44849E-06  8.24047E+00  1.10014E+01  6.98452E+01 -6.78246E-01 -5.55488E+01  1.59170E+01  4.59885E+03  1.04579E+04  2.50913E+04  5.89645E+02  2.33437E+03  2.65043E+03  4.16415E-05  0.00000E+00  8.60625E-05
       4       2       1  1.25369E-03  1.16183E-03  1.25369E-05  1.45694E-01  1.87296E-01  5.38733E-01 -5.20244E+01  4.23042E+01 -1.62600E+00  2.75499E+04  2.71500E+04  4.61863E+04  9.03018E+02  3.17045E+03  4.72010E+03  1.05652E-04  4.00550E-04  6.55627E-04
       4       2       2  3.62142E-04  3.18432E-04  3.62142E-06  3.53056E-01  4.49036E-01  1.39894E+00  1.23763E+01  5.17507E+01 -2.73018E+01  2.87171E+04  3.66016E+04  6.17743E+04  1.52438E+04  6.57789E+03  9.00198E+03  1.17171E-04  4.54426E-05  1.55819E-04
       4       2       3  6.24339E-04  5.80838E-04  6.24339E-06  5.33233E-01  6.85387E-01  2.06301E+00  4.54181E+00  1.38874E+01 -7.41344E+00  8.89603E+03  1.18325E+04  3.61010E+04  6.76785E+03  6.13713E+03  6.02232E+03  7.82859E-05  9.63665E-05  4.06185E-04
       4       2       4  8.83618E-04  3.81553E-04  8.83618E-06  8.32874E-01  1.08187E+00  3.23671E+00  3.30203E+01 -2.33036E+01 -1.94435E+01  3.26203E+04  5.29928E+04  6.17655E+04  5.86411E+03 -4.73890E+03  5.45463E+03  1.81366E-04  1.28803E-04  7.13840E-05
       4       2       5  8.00355E-04  6.09008E-04  8.00355E-06  1.24776E+00  1.60994E+00  4.83959E+00  8.51330E+00  4.43584E+00 -1.90332E+00  1.22347E+04  2.14688E+04  4.09458E+04  2.73445E+03  2.66500E+03  5.34813E+03  3.78469E-04  1.46682E-04  8.38571E-05
       4       2       6  6.24552E-04  5.63192E-04  6.24552E-06  1.62606E+00  2.10557E+00  6.69726E+00  1.84295E+01 -3.83158E-01  8.34109E+00  3.92701E+03  6.82069E+03  2.85618E+04  2.18860E+03  6.05146E+03  5.31918E+03  1.38740E-04  3.10253E-04  1.14199E-04
       4       2       7  6.50190E-04  4.99354E-04  6.50190E-06  2.91965E+00  3.85716E+00  1.11815E+01  3.34874E+01 -1.07414E+02  5.54484E+01  1.78696E+04  2.59399E+04  4.22093E+04 -2.03752E+03  1.10190E+03  7.78546E+03  2.14395E-04  6.70245E-05  2.17935E-04
       4       2       8  1.08179E-03  9.46138E-04  1.08179E-05  4.25191E+00  5.49598E+00  1.67719E+01 -2.10698E+00 -6.34317E+01  2.46086E+01  5.22263E+03  1.18955E+04  2.68639E+04  1.78886E+03  3.52531E+03  5.27843E+03  4.16055E-04  1.25325E-06  5.28829E-04
       4       2       9  1.07699E-03  1.37533E-03  1.07699E-05  6.04512E+00  7.60802E+00  2.30349E+01 -7.20122E-01 -1.45276E+01  4.79498E+00  1.26866E+03  2.45003E+03  8.45511E+03  5.41093E+02  1.67756E+03  2.03608E+03  1.64249E-04  5.48299E-07  1.21054E-03
       4       2      10  4.78554E-04  6.03144E-04  4.78554E-06  1.90057E+01  2.39339E+01  6.81413E+01 -3.98524E-01 -3.21304E+01  1.70321E+01  3.34931E+03  8.56927E+03  2.27174E+04  2.01890E+03  4.81202E+03  5.46883E+03  1.19857E-04  0.00000E+00  4.83287E-04
       4       3       1  2.10613E-03  2.26682E-03  2.10613E-05  2.20295E-01  2.86625E-01  4.84158E-01 -7.88284E+01  6.12321E+01 -4.87915E+00  2.52024E+04  2.41241E+04  2.84264E+04 -2.95311E+03 -6.45173E+02  2.30757E+02  9.66585E-05  1.61149E-03  5.58673E-04
       4       3       2  6.20680E-04  6.68022E-04  6.20680E-06  5.54094E-01  7.14235E-01  1.21651E+00 -2.39631E+00  3.41538E+01 -3.03687E+01  2.59546E+04  2.96333E+04  4.12099E+04  7.11982E+03 -2.02277E+03  1.98420E+03  1.32440E-04  4.58502E-04  7.70807E-05
       4       3       3  1.06341E-03  1.09440E-03  1.06341E-05  8.11048E-01  1.05655E+00  1.78496E+00 -2.46372E+01  1.78911E+01 -1.90493E+00  1.01268E+04  1.17426E+04  1.79194E+04  3.49410E+03  1.85110E+03  1.35596E+03  8.27008E-05  8.20733E-04  1.90970E-04
       4       3       4  1.58636E-03  1.07437E-03  1.58636E-05  1.24664E+00  1.61659E+00  2.75802E+00  1.65310E+02 -1.16199E+02 -5.88436E+00  5.68242E+04  4.95962E+04  3.31792E+04 -1.84748E+04 -2.87901E+03  3.19058E+03  1.86153E-04  8.13617E-04  7.45997E-05
       4       3       5  1.51138E-03  1.42082E-03  1.51138E-05  1.98274E+00  2.57382E+00  4.11229E+00  6.48329E+01 -2.90476E+01 -1.15549E+01  2.24079E+04  2.42480E+04  2.51154E+04  2.49633E+03 -2.99436E+02  2.06683E+03  3.81108E-04  9.59998E-04  7.97130E-05
       4       3       6  1.31864E-03  1.73240E-03  1.31864E-05  2.57429E+00  3.31357E+00  5.57781E+00  6.66861E+01 -3.99061E+01  1.10539E+00  1.02697E+04  9.68675E+03  1.42987E+04 -1.32950E+03  2.20108E+03  2.14700E+03  1.41722E-04  1.47835E-03  1.12328E-04
       4       3       7  1.28329E-03  1.19956E-03  1.28329E-05  4.45518E+00  5.78107E+00  9.94787E+00  1.10801E+02 -1.08276E+02  3.86694E+01  2.88658E+04  2.57719E+04  3.07511E+04 -7.39355E+03 -5.02084E+02  4.08628E+03  2.33979E-04  7.77186E-04  1.88395E-04
       4       3       8  2.06608E-03  2.55298E-03  2.06608E-05  6.60071E+00  8.58434E+00  1.45824E+01  7.39352E+01 -6.85180E+01  1.98134E+01  1.43266E+04  1.29863E+04  1.76440E+04 -2.26786E+03  1.58266E+03  2.33794E+03  4.64095E-04  1.58886E-03  5.00030E-04
       4       3       9  2.37761E-03  2.58459E-03  2.37761E-05  8.86565E+00  1.14522E+01  1.97100E+01  3.44812E+01 -2.86609E+01  6.57477E+00  4.76819E+03  4.41775E+03  7.03610E+03 -2.83062E+02  1.43141E+03  1.42426E+03  1.67452E-04  1.30695E-03  1.11019E-03
       4       3      10  1.09353E-03  1.04043E-03  1.09353E-05  2.74806E+01  3.50584E+01  5.89373E+01  1.41674E+01 -2.42927E+01  2.82501E+01  5.87044E+03  9.83321E+03  2.05063E+04  4.29753E+03  5.07342E+03  5.86473E+03  1.72057E-04  2.14072E-04  6.54301E-04
       4       4       1  2.92910E-03  3.35223E-03  2.92910E-05  3.02836E-01  3.94560E-01  3.52265E-01  1.96921E+01 -1.61617E+01  1.11419E-02  3.54710E+04  2.97785E+04  2.06195E+04 -1.13509E+04 -1.87669E+02 -1.78150E+02  8.32453E-05  2.89626E-03  3.72731E-04
       4       4       2  8.89094E-04  9.75771E-04  8.89094E-06  7.53979E-01  9.81098E-01  8.57592E-01  3.27142E+01 -1.29088E+01 -2.62264E+01  3.69203E+04  3.70494E+04  2.35275E+04  5.32703E+02 -2.05082E+03  2.92099E+02  1.37841E-04  7.77210E-04  6.07197E-05
       4       4       3  1.50290E-03  1.63086E-03  1.50290E-05  1.07562E+00  1.39772E+00  1.29832E+00  2.68634E+01 -1.39399E+01 -4.22592E+00  1.87225E+04  1.75471E+04  1.41406E+04 -6.07928E+03 -3.50223E+02  4.00443E+02  7.22888E-05  1.40979E-03  1.48776E-04
       4       4       4  2.39835E-03  1.66093E-03  2.39835E-05  1.71981E+00  2.23571E+00  2.04875E+00  8.36026E+01 -7.12987E+01 -9.16848E+00  6.08001E+04  5.02760E+04  2.53848E+04 -2.69089E+04 -2.67849E+03  1.88992E+02  1.93161E-04  1.43564E-03  3.21304E-05
       4       4       5  2.46072E-03  3.53091E-03  2.46072E-05  2.58884E+00  3.38051E+00  3.01671E+00  5.98672E+01 -4.42270E+01  1.34763E-01  2.81340E+04  2.79108E+04  1.61629E+04 -1.68590E+03 -9.70802E+02  5.34285E+02  3.65355E-04  3.07885E-03  8.67121E-05
       4       4       6  2.52005E-03  2.73143E-03  2.52005E-05  3.59563E+00  4.69645E+00  4.02729E+00  3.60184E+01 -1.79293E+01 -2.09690E+00  1.52749E+04  1.36841E+04  8.72105E+03  1.80442E+03  1.57265E+03  1.31947E+03  1.33730E-04  2.45321E-03  1.44485E-04
       4       4       7  2.51175E-03  2.33617E-03  2.51175E-05  5.93541E+00  7.71457E+00  6.88044E+00  1.50762E+02 -1.11282E+02  2.43905E+01  4.46072E+04  3.46895E+04  2.53787E+04 -1.07854E+04  1.24089E+02  2.53537E+03  2.32837E-04  1.87668E-03  2.26657E-04
       4       4       8  3.43507E-03  4.49058E-03  3.43507E-05  9.08820E+00  1.17640E+01  1.04028E+01  8.83009E+01 -7.21967E+01  1.70159E+01  1.85136E+04  2.00839E+04  1.37472E+04  5.73000E+02  1.10535E+03  1.86153E+03  4.59135E-04  3.63717E-03  3.94272E-04
       4       4       9  4.79761E-03  5.65057E-03  4.79761E-05  1.26517E+01  1.64242E+01  1.41193E+01  5.04386E+01 -2.61419E+01  4.53112E+00  7.80328E+03  7.02556E+03  5.24342E+03  1.98635E+03  6.79234E+02  8.09703E+02  1.58645E-04  4.47176E-03  1.02016E-03
       4       4      10  2.99349E-03  4.02646E-03  2.99349E-05  3.77337E+01  4.90959E+01  4.19211E+01  4.03652E+01 -3.39831E+01  5.24612E+00  1.03331E+04  1.45081E+04  1.05345E+04  8.14425E+03  9.62126E+02  1.13624E+03  1.63807E-04  3.26252E-03  6.00136E-04
       4       5       1  3.61500E-03  3.33012E-03  3.61500E-05  3.28863E-01  4.29069E-01  2.30539E-01  3.14083E+01 -2.05030E+01 -8.73140E-01  3.09430E+04  2.52019E+04  2.83706E+04 -1.10426E+04 -5.65848E+02  7.21092E+01  8.46593E-05  2.93685E-03  3.08610E-04
       4       5       2  1.13282E-03  1.18403E-03  1.13282E-05  8.50484E-01  1.10505E+00  5.98921E-01  3.54731E+01 -2.47227E+01 -1.55716E+01  3.56250E+04  4.12241E+04  2.70446E+04  8.22123E+03 -1.41877E+03 -3.32039E+01  1.14917E-04  1.00509E-03  6.40302E-05
       4       5       3  1.88121E-03  1.66243E-03  1.88121E-05  1.20660E+00  1.57054E+00  8.32051E-01  4.33291E+01 -3.16469E+01 -6.08226E+00  3.11012E+04  2.83508E+04  1.93456E+04  6.91295E+03  1.22563E+02 -5.99381E+02  7.40885E-05  1.42469E-03  1.63657E-04
       4       5       4  3.19988E-03  1.96347E-03  3.19988E-05  1.93923E+00  2.51989E+00  1.33688E+00  7.66926E+01 -5.37137E+01 -5.06914E+00  4.67829E+04  4.25111E+04  4.21924E+04 -5.75666E+03 -1.53792E+03 -1.68437E+02  1.85116E-04  1.74675E-03  3.16077E-05
       4       5       5  3.55149E-03  3.62511E-03  3.55149E-05  2.93925E+00  3.82683E+00  2.09696E+00  4.72061E+01 -3.58134E+01 -1.34377E+00  2.57335E+04  2.79112E+04  2.10874E+04  3.15180E+03 -6.69554E+02  7.64187E+02  3.44222E-04  3.20169E-03  7.91909E-05
       4       5       6  4.26979E-03  4.26329E-03  4.26979E-05  4.00359E+00  5.24637E+00  2.90721E+00  4.01727E+01 -3.59684E+01  1.60640E+00  1.65779E+04  2.01772E+04  1.03962E+04  5.55441E+03  7.53539E+02  9.22489E+02  1.39773E-04  3.94534E-03  1.78177E-04
       4       5       7  5.05917E-03  2.90352E-03  5.05917E-05  6.70860E+00  8.73391E+00  4.56307E+00  1.15148E+02 -7.80202E+01  2.48101E+01  3.49081E+04  3.57428E+04  2.88972E+04  4.77847E+03  1.99894E+03  2.92676E+03  2.36680E-04  2.23519E-03  4.31652E-04
       4       5       8  5.50849E-03  5.43810E-03  5.50849E-05  1.01399E+01  1.32083E+01  6.94858E+00  6.05544E+01 -6.46108E+01  9.86008E+00  1.63368E+04  2.29572E+04  1.37183E+04  6.48498E+03  1.81346E+03  1.40775E+03  3.95524E-04  4.12695E-03  9.15619E-04
       4       5       9  8.51505E-03  7.07015E-03  8.51505E-05  1.42459E+01  1.84400E+01  9.71737E+00  2.91805E+01 -3.62427E+01  3.10693E+00  6.68930E+03  8.46208E+03  4.69671E+03  3.06159E+03  4.63118E+02  7.36117E+02  1.83220E-04  4.67293E-03  2.21400E-03
       4       5      10  8.92132E-03  5.10474E-03  8.92132E-05  4.28490E+01  5.47221E+01  2.93332E+01  3.35409E+01 -2.63533E+01  6.48323E+00  1.11254E+04  1.66050E+04  6.55127E+03  1.05731E+04  1.63333E+03  1.57738E+03  1.58596E-04  3.77383E-03  1.17231E-03
       4       6       1  4.01476E-03  4.17274E-03  4.01476E-05  3.64396E-01  4.74547E-01  7.94860E-02  7.94319E+01 -6.36343E+01 -3.01744E+00  3.29187E+04  2.50998E+04  2.61005E+04 -1.58388E+04 -3.76596E+02 -1.15639E+02  8.70804E-05  3.81662E-03  2.69037E-04
       4       6       2  1.28518E-03  1.34242E-03  1.28518E-05  9.09885E-01  1.18804E+00  2.00387E-01  1.08151E+02 -8.04484E+01 -1.49202E+01  3.92124E+04  3.58080E+04  2.17728E+04 -5.10577E+03 -6.68646E+02 -2.83573E+02  8.33128E-05  1.19552E-03  6.35903E-05
       4       6       3  2.10664E-03  2.08491E-03  2.10664E-05  1.27777E+00  1.65941E+00  2.69180E-01  6.39387E+01 -5.25635E+01 -9.64335E+00  2.17731E+04  2.49346E+04  1.62088E+04 -2.09521E+03 -4.95824E+02 -1.04895E+03  1.05535E-04  1.79865E-03  1.80723E-04
       4       6       4  3.72570E-03  3.08662E-03  3.72570E-05  2.08128E+00  2.71089E+00  4.64886E-01  9.52864E+01 -7.11428E+01 -4.61443E+00  5.46529E+04  4.32690E+04  3.12532E+04 -2.05034E+04  1.69018E+01 -1.90983E+02  1.78262E-04  2.79300E-03  1.15364E-04
       4       6       5  4.35438E-03  4.89963E-03  4.35438E-05  3.16958E+00  4.12467E+00  6.93413E-01  5.93183E+01 -4.49397E+01 -4.27089E+00  3.04563E+04  2.94576E+04  1.41701E+04 -2.02945E+03  5.56087E+02  8.62928E+02  3.24071E-04  4.37840E-03  1.97165E-04
       4       6       6  5.78064E-03  6.78956E-03  5.78064E-05  4.33971E+00  5.63808E+00  9.63576E-01  6.47806E+01 -4.70847E+01  6.84843E-01  2.23534E+04  1.97020E+04  8.76884E+03 -4.80576E+03  8.83357E+02  1.15215E+03  1.57389E-04  6.29234E-03  3.39831E-04
       4       6       7  8.13058E-03  6.18926E-03  8.13058E-05  7.19492E+00  9.35210E+00  1.63190E+00  1.78664E+02 -1.44729E+02  1.30552E+01  5.37479E+04  4.47430E+04  1.49033E+04 -1.77756E+04  1.89783E+02  7.46084E+02  2.29802E-04  5.43953E-03  5.19924E-04
       4       6       8  8.20436E-03  1.01661E-02  8.20436E-05  1.09352E+01  1.41901E+01  2.34789E+00  1.13034E+02 -8.80132E+01  5.78682E+00  2.80185E+04  2.79562E+04  7.60466E+03  4.55970E+02  5.73236E+02  4.38296E+02  4.20863E-04  8.66423E-03  1.08100E-03
       4       6       9  1.19124E-02  1.34968E-02  1.19124E-04  1.49844E+01  1.95285E+01  3.53247E+00  6.73151E+01 -4.66205E+01  7.19107E-01  1.40608E+04  1.55587E+04  3.24524E+03  3.53834E+03  1.69514E+02  1.02452E+02  1.53132E-04  1.05224E-02  2.82127E-03
       4       6      10  1.86911E-02  2.18604E-02  1.86911E-04  4.54182E+01  5.92434E+01  9.72882E+00  4.70763E+01 -3.60064E+01  8.93906E-01  1.35710E+04  1.99987E+04  1.41691E+03  1.21098E+04  2.05904E+02  1.12271E+02  1.56079E-04  2.10802E-02  6.24118E-04
       5       1       1  4.14604E-04  4.48207E-04  4.14604E-06  3.79920E-02  9.26281E-02  5.36736E-01  6.72981E+00 -1.58878E-01  1.42353E+00  1.80808E+04  2.75416E+04  6.59806E+04  3.46937E+03  8.33019E+03  5.26666E+03  6.01991E-05  1.58203E-05  3.72188E-04
       5       1       2  1.18632E-04  1.24244E-04  1.18632E-06  1.06294E-01  2.62627E-01  1.45765E+00  4.70717E+01  5.39615E+01 -1.32178E+01  3.34791E+04  3.88055E+04  6.43723E+04  4.18470E+03  6.15309E+03  2.65045E+03  4.35792E-05  1.88965E-05  6.17686E-05
       5       1       3  2.04849E-04  1.99798E-04  2.04849E-06  1.66147E-01  4.31722E-01  2.17636E+00  4.23586E+00  2.35331E+01 -5.92898E+00  1.64371E+04  2.11789E+04  2.59719E+04  4.81782E+03  4.21964E+03  5.35586E+02  4.42256E-05  4.39452E-06  1.51177E-04
       5       1       4  2.81935E-04  1.37628E-04  2.81935E-06  2.32827E-01  5.64721E-01  3.52604E+00  8.77392E-01  1.96504E+01  1.18998E+01  3.94461E+04  5.47252E+04  3.93270E+04  6.55550E+03 -2.35701E+03  2.23621E+03  9.92217E-05  1.14258E-05  2.69810E-05
       5       1       5  2.49366E-04  2.26544E-04  2.49366E-06  3.55680E-01  8.65409E-01  5.19202E+00  1.07591E+01  1.60742E+01 -1.32745E+00  1.39102E+04  1.65845E+04  2.60856E+04  1.34524E+02  2.15842E+02  9.55605E+02  1.65896E-04  5.22948E-05  8.35304E-06
       5       1       6  1.84750E-04  2.46076E-04  1.84750E-06  5.38348E-01  1.29597E+00  6.93273E+00  1.59201E+01  2.31085E+00 -1.23137E+01  4.52047E+03  4.77105E+03  1.70568E+04  6.30123E+02  1.88124E+03  1.28583E+03  7.71163E-05  1.43701E-04  2.52587E-05
       5       1       7  2.02620E-04  1.29480E-04  2.02620E-06  7.69455E-01  1.87728E+00  1.22491E+01  3.38125E+00 -1.53515E+02  1.18595E+00  2.09835E+04  3.15948E+04  2.91157E+04 -3.39657E+02 -2.16590E+03  1.64218E+03  9.62144E-05  0.00000E+00  3.32659E-05
       5       1       8  3.33872E-04  2.56510E-04  3.33872E-06  1.20156E+00  2.88482E+00  1.80810E+01 -6.66823E+00 -8.88705E+01  2.03356E+01  8.58549E+03  1.29701E+04  2.05351E+04  9.11389E+02  1.22738E+03  4.56787E+02  1.69023E-04  0.00000E+00  8.74875E-05
       5       1       9  3.11438E-04  3.24897E-04  3.11438E-06  1.52727E+00  3.88137E+00  2.42498E+01  1.79545E+00 -2.15982E+01  2.32868E+01  2.05243E+03  2.74597E+03  8.26319E+03 -1.14793E+02  8.80503E+02  4.43284E+02  7.23869E-05  0.00000E+00  2.52511E-04
       5       1      10  1.44831E-04  1.30790E-04  1.44831E-06  5.05686E+00  1.25844E+01  7.22731E+01  1.44332E+00 -4.02672E+01  1.51691E+01  3.89484E+03  8.36848E+03  2.40101E+04  3.13343E+02  2.88311E+03  1.39476E+03  3.51072E-05  0.00000E+00  9.56832E-05
       5       2       1  1.25297E-03  9.77740E-04  1.25297E-05  8.87899E-02  2.18201E-01  5.25727E-01 -7.89879E+01  4.02735E+01 -3.74834E+00  3.23433E+04  3.52190E+04  5.33619E+04  2.04778E+02  4.06220E+03  3.33263E+03  8.33577E-05  4.49817E-04  4.44566E-04
       5       2       2  3.61891E-04  2.81717E-04  3.61891E-06  2.17487E-01  5.26066E-01  1.38891E+00  2.58895E+01  5.17467E+01 -1.24510E+01  1.88408E+04  4.18396E+04  6.98967E+04  1.28759E+04  1.10143E+04  7.66638E+03  7.16035E-05  5.32984E-05  1.56815E-04
       5       2       3  6.24011E-04  6.12886E-04  6.24011E-06  3.28607E-01  7.99024E-01  2.06533E+00  1.48777E+00  1.46900E+01 -7.55335E+00  3.97753E+03  1.39963E+04  2.95875E+04  4.42401E+03  4.02609E+03  1.57106E+03  7.57377E-05  1.35981E-04  4.01167E-04
       5       2       4  8.82866E-04  3.55547E-04  8.82866E-06  5.39626E-01  1.32057E+00  3.21186E+00  7.37050E+01 -1.26212E+01  2.97845E+00  3.43839E+04  5.65867E+04  5.63808E+04  2.51652E+03 -1.97934E+03  4.21471E+03  1.40820E-04  1.56077E-04  5.86505E-05
       5       2       5  7.99682E-04  5.76890E-04  7.99682E-06  8.00184E-01  1.90301E+00  4.81303E+00  1.63188E+01  5.70353E+00  1.61068E+00  8.07493E+03  2.14340E+04  4.08033E+04  2.04234E+03  1.93995E+03  2.02244E+03  2.87568E-04  2.29756E-04  5.95662E-05
       5       2       6  6.23973E-04  6.76899E-04  6.23973E-06  1.07714E+00  2.59366E+00  6.69190E+00  1.30946E+01 -2.93526E+00 -1.51886E+00  1.87477E+03  7.37991E+03  2.98429E+04  1.35235E+03  7.62223E+03  3.20199E+03  1.05951E-04  4.26708E-04  1.44240E-04
       5       2       7  6.49794E-04  5.33295E-04  6.49794E-06  1.90201E+00  4.63366E+00  1.10830E+01  5.80366E+01 -9.02257E+01  2.03417E+01  2.08637E+04  2.34487E+04  4.10886E+04 -3.27422E+03  7.19920E+03  5.09188E+03  1.61652E-04  1.21862E-04  2.49781E-04
       5       2       8  1.08113E-03  8.52060E-04  1.08113E-05  2.70165E+00  6.67216E+00  1.66301E+01  1.21476E+01 -6.05635E+01  2.20151E+01  5.24103E+03  1.29555E+04  2.60983E+04  5.64204E+02  5.74378E+03  3.31220E+03  3.25203E-04  4.98051E-05  4.77051E-04
       5       2       9  1.07585E-03  1.12384E-03  1.07585E-05  3.83791E+00  9.40953E+00  2.28383E+01  2.22195E-01 -1.12788E+01  7.96757E+00  7.61756E+02  3.15225E+03  8.80214E+03  6.67237E+02  2.56701E+03  1.18196E+03  1.16189E-04  3.13314E-06  1.00452E-03
       5       2      10  4.78119E-04  3.98630E-04  4.78119E-06  1.15957E+01  2.73667E+01  6.75164E+01  2.49141E+00 -2.44318E+01  2.86462E+01  2.30111E+03  1.00589E+04  2.40306E+04  1.61533E+03  6.24127E+03  3.37923E+03  7.83730E-05  6.81457E-06  3.13442E-04
       5       3       1  2.10320E-03  2.26325E-03  2.10320E-05  1.36759E-01  3.35175E-01  4.89440E-01 -8.56220E+01  3.51346E+01  9.36341E-01  2.66605E+04  2.20612E+04  2.65954E+04 -1.57756E+03  1.63048E+03  9.14024E+02  6.96385E-05  1.55553E-03  6.38085E-04
       5       3       2  6.19557E-04  6.57879E-04  6.19557E-06  3.40240E-01  8.21796E-01  1.23093E+00 -8.72156E+00  3.20853E+01 -1.93578E+01  2.07024E+04  3.23882E+04  4.33534E+04  5.35357E+03  2.73335E+00  1.23475E+03  9.44581E-05  4.73727E-04  8.96943E-05
       5       3       3  1.06205E-03  1.03948E-03  1.06205E-05  5.08090E-01  1.20452E+00  1.78061E+00 -2.99626E+01  8.51870E+00 -4.84796E+00  7.64375E+03  1.41072E+04  1.88529E+04  3.65912E+03  1.77264E+03  1.01218E+03  5.08589E-05  7.45248E-04  2.43373E-04
       5       3       4  1.58293E-03  1.02159E-03  1.58293E-05  7.78103E-01  1.87841E+00  2.75934E+00  1.97933E+02 -6.84141E+01 -9.44201E+00  6.56407E+04  4.23699E+04  3.41874E+04 -1.35310E+04 -1.23997E+03  1.17375E+03  1.43260E-04  8.02933E-04  7.54013E-05
       5       3       5  1.50787E-03  1.37120E-03  1.50787E-05  1.24001E+00  3.01687E+00  4.11265E+00  7.75171E+01 -1.92436E+01 -1.19459E+01  2.02743E+04  2.71889E+04  2.55794E+04  1.98704E+03  2.47937E+03  1.82378E+03  2.90176E-04  9.82770E-04  9.82501E-05
       5       3       6  1.31520E-03  1.44029E-03  1.31520E-05  1.59576E+00  3.83061E+00  5.56754E+00  8.03748E+01 -2.88836E+01 -1.30935E+00  1.18810E+04  1.02157E+04  1.60537E+04 -9.91598E+02  3.99254E+03  2.21742E+03  1.11016E-04  1.21252E-03  1.16758E-04
       5       3       7  1.28041E-03  1.09305E-03  1.28041E-05  2.80656E+00  6.73817E+00  9.91059E+00  1.28297E+02 -7.22426E+01  3.15970E+01  3.04592E+04  2.42171E+04  3.15116E+04 -4.01346E+03  2.74084E+03  2.79408E+03  1.72062E-04  7.27610E-04  1.93383E-04
       5       3       8  2.06283E-03  2.31037E-03  2.06283E-05  4.14041E+00  9.96659E+00  1.46292E+01  8.82091E+01 -5.12708E+01  1.46364E+01  1.49730E+04  1.28455E+04  1.75948E+04 -1.54141E+03  2.66455E+03  1.78075E+03  3.23461E-04  1.54647E-03  4.40444E-04
       5       3       9  2.37063E-03  2.45156E-03  2.37063E-05  5.32524E+00  1.32540E+01  1.98213E+01  4.19449E+01 -2.05712E+01  4.68063E+00  4.93190E+03  4.58313E+03  7.16451E+03 -3.80583E+02  2.15845E+03  1.08689E+03  1.25490E-04  1.30114E-03  1.02494E-03
       5       3      10  1.08903E-03  1.03074E-03  1.08903E-05  1.69262E+01  4.14319E+01  6.03761E+01  1.08152E+01 -1.69935E+01  8.65629E+00  2.55844E+03  1.13125E+04  2.03730E+04  3.32937E+03  8.60894E+03  4.01684E+03  8.94188E-05  2.12035E-04  7.29291E-04
       5       4       1  2.92209E-03  3.39762E-03  2.92209E-05  1.91073E-01  4.62416E-01  3.54056E-01  2.53074E+01 -1.01705E+01 -2.15047E+00  4.05763E+04  2.53491E+04  2.11735E+04 -8.35799E+03  1.33452E+02  1.33550E+02  6.38015E-05  2.94073E-03  3.93094E-04
       5       4       2  8.86092E-04  9.39026E-04  8.86092E-06  4.70365E-01  1.14137E+00  8.54805E-01  4.78678E+01 -7.55119E+00 -1.71894E+01  3.89599E+04  4.23761E+04  2.03119E+04  2.40645E+03 -4.28794E+02  1.00215E+03  8.58074E-05  7.45459E-04  1.07760E-04
       5       4       3  1.49958E-03  1.66894E-03  1.49958E-05  6.93981E-01  1.65632E+00  1.29322E+00  3.77308E+01 -1.45759E+01  1.58598E+00  2.41901E+04  1.60416E+04  1.37905E+04 -6.34613E+03 -6.59831E+02  8.64291E+02  4.84495E-05  1.38052E-03  2.39973E-04
       5       4       4  2.38904E-03  1.55557E-03  2.38904E-05  1.08402E+00  2.59835E+00  2.05341E+00  1.06238E+02 -4.38334E+01 -6.49442E+00  7.68715E+04  3.61823E+04  2.35167E+04 -2.18028E+04 -2.15120E+03 -2.81041E+02  1.36901E-04  1.39161E-03  2.70589E-05
       5       4       5  2.44945E-03  3.52989E-03  2.44945E-05  1.62924E+00  3.95213E+00  3.01974E+00  7.05710E+01 -2.61659E+01 -3.35522E+00  2.91606E+04  2.77656E+04  1.53278E+04 -1.78079E+03 -2.32469E+02  3.84251E+02  2.60675E-04  3.17754E-03  9.16728E-05
       5       4       6  2.50714E-03  2.90004E-03  2.50714E-05  2.32935E+00  5.55015E+00  4.01999E+00  4.11948E+01 -7.88354E+00 -4.16122E+00  1.29260E+04  1.51663E+04  8.16732E+03  2.25341E+03  1.77411E+03  4.55784E+02  1.14806E-04  2.64151E-03  1.43723E-04
       5       4       7  2.49582E-03  2.18112E-03  2.49582E-05  3.67590E+00  8.90341E+00  6.84259E+00  1.75395E+02 -8.04233E+01  2.29986E+01  5.06518E+04  3.20458E+04  2.44792E+04 -8.66469E+03 -3.12349E+01  2.44541E+03  1.62454E-04  1.81164E-03  2.07022E-04
       5       4       8  3.42343E-03  4.63051E-03  3.42343E-05  5.65633E+00  1.37341E+01  1.03312E+01  1.09237E+02 -4.90689E+01  5.79669E+00  1.93735E+04  1.99531E+04  1.27887E+04 -7.76541E+02  1.43048E+03  1.34870E+02  3.24780E-04  3.89088E-03  4.14846E-04
       5       4       9  4.77082E-03  5.87029E-03  4.77082E-05  7.99359E+00  1.95620E+01  1.42347E+01  4.86026E+01 -8.35748E+00 -3.47550E-01  5.60084E+03  7.85848E+03  4.99902E+03  2.29159E+03  6.26987E+02  1.71947E+02  1.20854E-04  4.64996E-03  1.09948E-03
       5       4      10  2.95921E-03  3.92920E-03  2.95921E-05  2.36175E+01  5.71005E+01  4.20211E+01  4.78042E+01 -2.24137E+01  2.14111E+00  6.31539E+03  1.89440E+04  1.02392E+04  6.08939E+03  1.46446E+03  7.02098E+02  9.00614E-05  3.28552E-03  5.53622E-04
       5       5       1  3.60300E-03  3.33288E-03  3.60300E-05  2.07287E-01  5.01974E-01  2.31347E-01  3.45569E+01 -1.02873E+01 -8.43828E-01  3.59355E+04  2.12272E+04  2.76315E+04 -7.20000E+03 -5.91597E+02 -6.96782E+01  6.25407E-05  2.95807E-03  3.12273E-04
       5       5       2  1.12715E-03  1.20314E-03  1.12715E-05  5.29310E-01  1.28928E+00  5.93475E-01  4.50034E+01 -6.71841E+00 -2.18650E+01  3.21642E+04  5.03772E+04  2.62700E+04  9.26578E+03 -1.34500E+03 -2.01837E+02  6.98824E-05  1.02589E-03  1.07375E-04
       5       5       3  1.87543E-03  1.72373E-03  1.87543E-05  7.58219E-01  1.83431E+00  8.36144E-01  4.07681E+01 -1.85336E+01 -6.54722E+00  2.30290E+04  3.42405E+04  1.69852E+04  7.73873E+03 -4.71941E+02 -7.13575E+02  5.66520E-05  1.41464E-03  2.52430E-04
       5       5       4  3.18217E-03  1.99096E-03  3.18217E-05  1.20673E+00  2.92924E+00  1.33155E+00  8.87854E+01 -4.46385E+01 -9.34954E+00  4.90175E+04  4.36395E+04  4.16415E+04 -4.56365E+03 -7.01615E+02 -1.42531E+03  1.44312E-04  1.79947E-03  4.71768E-05
       5       5       5  3.52642E-03  3.61366E-03  3.52642E-05  1.85653E+00  4.44698E+00  2.08454E+00  5.61412E+01 -2.25287E+01 -2.74631E+00  2.44687E+04  3.02774E+04  1.99605E+04  3.12785E+03 -3.61100E+02  5.52941E+02  2.56446E-04  3.27663E-03  8.05794E-05
       5       5       6  4.23683E-03  4.23740E-03  4.23683E-05  2.56051E+00  6.16872E+00  2.73405E+00  4.53534E+01 -2.45304E+01 -2.49650E+00  1.34111E+04  2.42842E+04  1.02229E+04  4.87990E+03  2.39235E+03  8.32610E+02  9.54775E-05  3.86433E-03  2.77594E-04
       5       5       7  4.99685E-03  3.10353E-03  4.99685E-05  4.16145E+00  1.02740E+01  4.50056E+00  1.15753E+02 -4.42921E+01  1.85537E+01  3.00583E+04  4.20180E+04  2.58373E+04  6.50700E+03  5.49215E+03  3.67124E+03  1.57436E-04  2.22039E-03  7.25705E-04
       5       5       8  5.46165E-03  6.36034E-03  5.46165E-05  6.27425E+00  1.54684E+01  6.95019E+00  6.64351E+01 -3.75919E+01  2.49583E+00  1.25867E+04  2.65315E+04  1.26823E+04  5.51178E+03  4.77366E+03  6.37330E+02  3.34123E-04  4.30621E-03  1.72001E-03
       5       5       9  8.44469E-03  9.66739E-03  8.44469E-05  8.61196E+00  2.20055E+01  9.29955E+00  2.61182E+01 -1.95356E+01  6.84226E+00  4.05079E+03  9.46734E+03  3.66899E+03  2.30254E+03  1.44166E+03  1.15246E+03  1.10113E-04  4.33089E-03  5.22638E-03
       5       5      10  8.73529E-03  4.53433E-03  8.73529E-05  2.65401E+01  6.42974E+01  2.95839E+01  4.17546E+01 -2.03984E+01  4.27411E+00  6.12841E+03  2.16969E+04  6.18872E+03  7.55536E+03  1.29651E+03  6.88684E+02  8.85804E-05  3.70911E-03  7.36642E-04
       5       6       1  3.99920E-03  4.27751E-03  3.99920E-05  2.29100E-01  5.56066E-01  8.02922E-02  9.10879E+01 -3.94922E+01 -2.18093E+00  3.93067E+04  1.87165E+04  2.42975E+04 -1.12702E+04 -4.53566E+02 -1.46695E+02  6.10302E-05  3.95108E-03  2.65400E-04
       5       6       2  1.27738E-03  1.34004E-03  1.27738E-05  5.70352E-01  1.38682E+00  2.05146E-01  1.26312E+02 -4.96550E+01 -1.27844E+01  4.15164E+04  3.78863E+04  1.96013E+04 -2.66985E+03 -2.58499E+03 -7.67384E+02  6.22622E-05  1.18279E-03  9.49879E-05
       5       6       3  2.09905E-03  2.33394E-03  2.09905E-05  8.04218E-01  1.95807E+00  2.74229E-01  7.03406E+01 -2.82159E+01 -3.09331E+00  2.34786E+04  2.91918E+04  1.50469E+04  8.67541E+02 -1.51242E+03 -3.72379E+02  6.23643E-05  1.97881E-03  2.92767E-04
       5       6       4  3.70128E-03  3.18299E-03  3.70128E-05  1.30282E+00  3.16713E+00  4.70539E-01  1.07850E+02 -3.89174E+01 -7.68304E-01  6.35735E+04  4.11685E+04  2.90352E+04 -1.06736E+04  5.23400E+02  2.57367E+02  1.27395E-04  2.79564E-03  2.59960E-04
       5       6       5  4.31639E-03  4.81331E-03  4.31639E-05  1.97534E+00  4.80052E+00  6.84106E-01  6.79160E+01 -2.36900E+01 -3.36009E+00  3.14949E+04  3.44734E+04  1.38483E+04  5.94416E+02  3.11490E+03  1.01452E+03  2.61346E-04  4.14261E-03  4.09353E-04
       5       6       6  5.72646E-03  6.73107E-03  5.72646E-05  2.67631E+00  6.59498E+00  9.44406E-01  7.55848E+01 -2.96777E+01  1.66312E+00  2.60520E+04  2.23151E+04  8.99347E+03 -2.61923E+03  2.86408E+03  1.11738E+03  8.25114E-05  6.03682E-03  6.11737E-04
       5       6       7  7.99676E-03  6.60500E-03  7.99676E-05  4.48173E+00  1.09483E+01  1.67174E+00  2.00190E+02 -8.74003E+01  8.74774E+00  5.85623E+04  3.94071E+04  1.36164E+04 -1.14231E+04  3.06096E+03  1.35322E+03  1.66654E-04  5.50003E-03  9.38312E-04
       5       6       8  8.07040E-03  9.99863E-03  8.07040E-05  6.74836E+00  1.65319E+01  2.40751E+00  1.25716E+02 -5.40830E+01  2.71223E-01  2.69819E+04  3.02808E+04  6.24934E+03  1.14614E+03  2.04066E+03  1.90101E+02  2.58434E-04  7.99106E-03  1.74914E-03
       5       6       9  1.17872E-02  1.47312E-02  1.17872E-04  9.31465E+00  2.28853E+01  3.81925E+00  7.17663E+01 -2.79131E+01  3.56105E+00  1.14766E+04  1.62721E+04  2.97919E+03  2.36246E+03  5.29479E+01  2.66838E+02  1.15118E-04  1.07699E-02  3.84613E-03
       5       6      10  1.81659E-02  2.17234E-02  1.81659E-04  2.85339E+01  6.90340E+01  9.84714E+00  5.49409E+01 -2.31907E+01  9.23332E-01  7.88391E+03  2.56947E+04  1.27804E+03  8.82469E+03  2.77940E+02  1.25819E+02  8.86449E-05  2.11771E-02  4.57614E-04
       6       1       1  4.14576E-04  4.08874E-04  4.14576E-06  1.42971E-02  9.53064E-02  5.34252E-01  1.30877E+01  7.22840E+00  7.15028E+00  1.94319E+04  3.22834E+04  7.46220E+04  2.42704E+03  1.10617E+04  2.99773E+03  5.71646E-05  1.75781E-05  3.34132E-04
       6       1       2  1.18623E-04  1.38506E-04  1.18623E-06  3.56848E-02  2.84188E-01  1.45504E+00  4.66144E+01  3.31092E+01 -1.72341E+01  3.01063E+04  3.05483E+04  6.93121E+04 -1.35095E+03  1.08283E+04  5.35871E+02  3.83413E-05  2.10937E-05  7.90707E-05
       6       1       3  2.04836E-04  2.71845E-04  2.04836E-06  6.11395E-02  4.53337E-01  2.17806E+00  3.29749E+00  1.49888E+01  8.84236E+00  1.20435E+04  1.87833E+04  2.60401E+04  4.25418E+02  6.83414E+03  9.80276E+02  4.28293E-05  2.19726E-06  2.26819E-04
       6       1       4  2.81908E-04  1.21870E-04  2.81908E-06  7.94147E-02  6.11141E-01  3.52269E+00  3.79066E+00  2.58731E+01  4.72669E+00  3.68006E+04  5.13402E+04  4.69297E+04 -2.22906E+03 -6.90880E+02  7.65706E+02  8.27005E-05  1.40625E-05  2.51068E-05
       6       1       5  2.49343E-04  2.51157E-04  2.49343E-06  1.23717E-01  9.41920E-01  5.20630E+00  1.22669E+01  1.53058E+01  6.58490E+00  1.33653E+04  1.58705E+04  3.06233E+04  5.69207E+02  1.02692E+03  6.80133E+02  1.73251E-04  6.10839E-05  1.68224E-05
       6       1       6  1.84731E-04  1.68318E-04  1.84731E-06  1.81503E-01  1.29876E+00  6.81258E+00  1.96934E+01  1.36148E+01  1.05458E+01  5.24291E+03  5.52231E+03  1.97770E+04  2.49267E+01  1.72132E+03  1.07360E+03  5.99593E-05  8.74510E-05  2.09075E-05
       6       1       7  2.02608E-04  1.25134E-04  2.02608E-06  2.84188E-01  2.08137E+00  1.23613E+01  6.75235E+00 -1.40103E+02  4.92080E+01  2.13524E+04  2.97605E+04  2.98022E+04 -9.77463E+02 -8.17750E+02  5.76176E+02  9.08435E-05  0.00000E+00  3.42902E-05
       6       1       8  3.33849E-04  2.55793E-04  3.33849E-06  4.09136E-01  3.10139E+00  1.77760E+01 -2.28093E+00 -7.72114E+01  1.93384E+01  7.93886E+03  1.14645E+04  2.47693E+04  3.37081E+02  1.78805E+03  1.51279E+02  1.46900E-04  0.00000E+00  1.08893E-04
       6       1       9  3.11403E-04  3.21476E-04  3.11403E-06  4.87989E-01  3.87821E+00  2.40804E+01  1.16860E+00 -3.18229E+01  3.18252E+00  2.41997E+03  3.43297E+03  8.74250E+03 -1.47606E+02  8.84600E+02  3.09178E+02  8.73326E-05  0.00000E+00  2.34143E-04
       6       1      10  1.44821E-04  1.57809E-04  1.44821E-06  2.18173E+00  1.38748E+01  7.30624E+01  9.14675E-01 -2.88835E+01  2.19642E+01  3.13382E+03  6.93332E+03  2.50209E+04  1.02435E+02  3.78698E+03  8.35493E+02  3.29460E-05  0.00000E+00  1.24863E-04
       6       2       1  1.25256E-03  9.69690E-04  1.25256E-05  3.35377E-02  2.33833E-01  5.21003E-01 -8.96684E+01  1.39773E+01 -5.67632E-02  3.38293E+04  3.69182E+04  5.39711E+04  1.70805E+03  1.79444E+03  1.64837E+03  7.82903E-05  4.85008E-04  4.06391E-04
       6       2       2  3.61746E-04  2.15767E-04  3.61746E-06  7.88830E-02  5.62461E-01  1.37254E+00  3.06674E+01  6.24656E+01 -2.22480E+01  1.79382E+04  5.30550E+04  7.84691E+04  7.24772E+03  6.53082E+03  2.60927E+03  5.52057E-05  5.79342E-05  1.02627E-04
       6       2       3  6.23821E-04  5.25147E-04  6.23821E-06  1.23608E-01  8.93478E-01  2.06002E+00 -7.31322E+00  1.39164E+01 -8.36696E+00  3.32979E+03  1.81168E+04  2.96207E+04  2.22763E+03  5.42605E+03  2.30162E+02  7.90182E-05  1.67783E-04  2.78346E-04
       6       2       4  8.82432E-04  3.53372E-04  8.82432E-06  1.87868E-01  1.43073E+00  3.24246E+00  7.79853E+01 -4.26633E+00 -1.71173E+01  3.20138E+04  5.48646E+04  5.76152E+04 -2.39454E+02  2.35983E+03  1.06892E+03  1.31776E-04  1.63468E-04  5.81281E-05
       6       2       5  7.99293E-04  5.81362E-04  7.99293E-06  2.60457E-01  2.03844E+00  4.85250E+00  1.95918E+01  2.90994E+00 -5.29030E+00  6.27230E+03  2.13767E+04  3.88268E+04  9.80965E+02  1.61797E+03  3.34405E+02  2.50934E-04  2.85074E-04  4.53542E-05
       6       2       6  6.23640E-04  8.16015E-04  6.23640E-06  3.84422E-01  2.83632E+00  6.71567E+00  1.56833E+01  9.36484E-01 -8.94364E-01  1.11507E+03  5.56147E+03  1.85209E+04  2.67810E+02  3.87156E+03  5.78463E+02  9.48573E-05  6.30614E-04  9.05433E-05
       6       2       7  6.49566E-04  4.91908E-04  6.49566E-06  6.80336E-01  5.03559E+00  1.11336E+01  8.96130E+01 -6.72412E+01  5.13709E+01  2.91122E+04  2.08909E+04  3.55092E+04 -1.91832E+03  4.26831E+03  1.51181E+03  1.48474E-04  1.62875E-04  1.80559E-04
       6       2       8  1.08075E-03  8.63197E-04  1.08075E-05  1.01007E+00  7.31515E+00  1.64638E+01  2.99407E+01 -4.00184E+01  3.54021E+01  7.47028E+03  1.20155E+04  2.54531E+04 -2.19042E+02  6.51496E+03  1.17779E+03  2.65901E-04  1.23792E-04  4.73505E-04
       6       2       9  1.07520E-03  1.38144E-03  1.07520E-05  1.31466E+00  1.00723E+01  2.30209E+01  6.20135E-01 -8.46015E+00  6.24847E+00  4.92909E+02  2.95500E+03  8.21509E+03  1.92805E+02  2.63703E+03  3.79297E+02  1.20057E-04  3.75976E-06  1.25762E-03
       6       2      10  4.77869E-04  4.50913E-04  4.77869E-06  4.33885E+00  2.99820E+01  6.75913E+01  3.58446E-01 -3.21126E+01 -7.65754E+00  1.55125E+03  9.40988E+03  2.48226E+04  6.87931E+02  7.74537E+03  1.24428E+03  6.60524E-05  2.61617E-05  3.58699E-04
       6       3       1  2.10152E-03  1.93706E-03  2.10152E-05  4.97685E-02  3.53659E-01  4.82012E-01 -1.08758E+02  2.00966E+01  2.86447E-01  3.11081E+04  2.40272E+04  2.88245E+04  3.74531E+02 -7.13810E+02 -4.31312E+01  5.97545E-05  1.54532E-03  3.31985E-04
       6       3       2  6.18910E-04  6.06527E-04  6.18910E-06  1.21457E-01  8.82078E-01  1.23255E+00 -1.13479E+01  2.45421E+01 -1.42896E+01  1.85133E+04  3.41618E+04  3.70077E+04  1.74319E+03  7.73947E+02  2.63892E+02  8.88882E-05  4.53056E-04  6.45829E-05
       6       3       3  1.06126E-03  9.69827E-04  1.06126E-05  1.78258E-01  1.31359E+00  1.76843E+00 -2.84298E+01  1.37351E+01 -2.75612E+00  6.94460E+03  1.69706E+04  1.91811E+04  1.01882E+03  2.14744E+02  2.90645E+02  3.93255E-05  7.44813E-04  1.85688E-04
       6       3       4  1.58096E-03  9.36359E-04  1.58096E-05  2.61820E-01  2.00841E+00  2.76240E+00  2.15630E+02 -2.02129E+01 -6.90832E+00  7.14728E+04  3.89209E+04  3.11784E+04 -6.06880E+03 -1.75763E+03  9.41995E+02  1.30830E-04  7.33312E-04  7.22175E-05
       6       3       5  1.50584E-03  1.25722E-03  1.50584E-05  4.33438E-01  3.24007E+00  4.11889E+00  8.27380E+01 -5.47662E+00 -2.80681E+00  2.01797E+04  2.74667E+04  2.49448E+04  3.21896E+02  1.90400E+03  6.36535E+02  2.63779E-04  9.12508E-04  8.09321E-05
       6       3       6  1.31322E-03  1.51735E-03  1.31322E-05  5.18693E-01  4.06131E+00  5.62917E+00  8.25194E+01 -1.01980E+01  1.42220E+00  1.15543E+04  8.75103E+03  1.59853E+04 -6.58085E+02  4.02483E+03  5.48487E+02  1.00432E-04  1.30122E-03  1.15695E-04
       6       3       7  1.27876E-03  1.06307E-03  1.27876E-05  9.11088E-01  7.26063E+00  9.87753E+00  1.27166E+02 -4.48028E+01  2.34193E+01  2.92257E+04  2.27788E+04  3.36915E+04 -1.54276E+03  4.89641E+03  1.14622E+03  1.49549E-04  6.74888E-04  2.38635E-04
       6       3       8  2.06095E-03  2.27508E-03  2.06095E-05  1.37471E+00  1.06976E+01  1.46253E+01  8.78053E+01 -2.91062E+01  9.29600E+00  1.41952E+04  1.24940E+04  1.82789E+04 -1.05210E+02  3.38152E+03  4.35823E+02  2.96228E-04  1.46859E-03  5.10255E-04
       6       3       9  2.36661E-03  2.34229E-03  2.36661E-05  1.93501E+00  1.41715E+01  1.97432E+01  4.53836E+01 -1.05335E+01  5.68805E-01  5.15599E+03  4.25358E+03  6.89916E+03 -7.43701E+01  1.98029E+03  3.67761E+02  1.12574E-04  1.26936E-03  9.60356E-04
       6       3      10  1.08646E-03  8.91357E-04  1.08646E-05  6.20572E+00  4.48851E+01  6.03273E+01  1.08830E+01 -1.94822E+01  4.65475E+00  1.34735E+03  1.26851E+04  1.96598E+04  1.32701E+03  8.84321E+03  1.37714E+03  7.80324E-05  1.93315E-04  6.20010E-04
       6       4       1  2.91805E-03  3.29653E-03  2.91805E-05  6.68378E-02  4.95739E-01  3.53194E-01  2.87905E+01 -2.40030E+00  5.24434E-01  4.54653E+04  2.14308E+04  1.98091E+04 -2.95000E+03 -1.25863E+02  2.49791E+02  5.87570E-05  2.97829E-03  2.59486E-04
       6       4       2  8.84369E-04  8.98304E-04  8.84369E-06  1.62439E-01  1.22924E+00  8.56492E-01  5.05206E+01  6.05736E+00 -1.81603E+01  3.83150E+04  3.74342E+04  2.09983E+04  1.02218E+03 -9.76717E+02 -9.19272E+01  7.20496E-05  7.71065E-04  5.51898E-05
       6       4       3  1.49766E-03  1.61494E-03  1.49766E-05  2.27601E-01  1.76905E+00  1.30471E+00  4.14196E+01  1.85955E+00 -3.09956E+00  2.81417E+04  1.31477E+04  1.35697E+04 -2.53225E+03 -1.45269E+03  8.65495E+01  4.62921E-05  1.42625E-03  1.42399E-04
       6       4       4  2.38370E-03  1.57088E-03  2.38370E-05  3.71181E-01  2.79658E+00  2.05652E+00  1.18553E+02 -1.85224E+01 -4.15572E-01  8.54838E+04  3.00714E+04  2.22368E+04 -7.38372E+03 -3.85056E+03 -4.62765E+02  1.20057E-04  1.42831E-03  2.25132E-05
       6       4       5  2.44299E-03  3.63118E-03  2.44299E-05  5.50187E-01  4.23494E+00  3.00255E+00  7.50356E+01 -6.37554E+00 -2.02364E+00  2.99253E+04  2.75953E+04  1.54745E+04 -2.75578E+02  2.11768E+02  9.33852E+01  2.50260E-04  3.27173E-03  1.09190E-04
       6       4       6  2.49973E-03  2.61518E-03  2.49973E-05  7.54253E-01  5.96197E+00  4.00857E+00  4.32425E+01 -2.33229E+00 -1.67785E+00  1.23979E+04  1.90807E+04  1.04272E+04  1.21125E+03  3.30755E+03  1.32476E+02  1.03801E-04  2.31221E-03  1.99169E-04
       6       4       7  2.48671E-03  2.10268E-03  2.48671E-05  1.26082E+00  9.49057E+00  6.81551E+00  1.80092E+02 -3.04998E+01  1.62192E+01  5.09932E+04  2.99913E+04  2.56930E+04 -1.75671E+03  2.42088E+03 -3.16971E+02  1.53808E-04  1.71077E-03  2.38100E-04
       6       4       8  3.41676E-03  4.92489E-03  3.41676E-05  1.97286E+00  1.47286E+01  1.03666E+01  1.19567E+02 -2.31079E+01  4.27880E+00  2.03106E+04  1.90489E+04  1.21857E+04 -4.49237E+02  1.45060E+03  8.09293E+01  2.78003E-04  4.20283E-03  4.44051E-04
       6       4       9  4.75543E-03  5.98844E-03  4.75543E-05  2.71722E+00  2.10659E+01  1.43180E+01  4.48909E+01 -3.83882E+00  9.39428E-01  3.86618E+03  8.64588E+03  4.91260E+03  8.34243E+02  8.24387E+02  5.07270E+01  1.08265E-04  4.77532E-03  1.10485E-03
       6       4      10  2.93968E-03  4.01957E-03  2.93968E-05  8.04824E+00  6.12194E+01  4.24065E+01  5.09831E+01 -7.23328E+00  3.86999E+00  3.97727E+03  2.08472E+04  1.03008E+04  2.22669E+03  1.93844E+03  2.50417E+02  8.23944E-05  3.33416E-03  6.03018E-04
       6       5       1  3.59610E-03  3.22986E-03  3.59610E-05  7.18626E-02  5.30889E-01  2.28258E-01  3.53328E+01 -5.54471E+00 -2.15801E+00  3.88122E+04  1.62929E+04  2.65246E+04 -2.92483E+03 -3.80205E+02 -4.13956E+02  5.58363E-05  2.96674E-03  2.07283E-04
       6       5       2  1.12390E-03  1.13326E-03  1.12390E-05  1.89169E-01  1.38347E+00  6.00119E-01  4.91251E+01 -9.95911E+00 -1.15101E+01  3.03730E+04  4.64709E+04  2.49486E+04  1.20364E+03 -2.60232E+02 -6.30677E+01  5.76112E-05  1.02488E-03  5.07733E-05
       6       5       3  1.87211E-03  1.54218E-03  1.87211E-05  2.63741E-01  1.96602E+00  8.39230E-01  4.71146E+01 -7.32400E+00 -2.19697E+00  1.97166E+04  3.55166E+04  1.84227E+04  2.62069E+03 -1.40916E+02  4.30608E+02  5.67133E-05  1.34321E-03  1.42257E-04
       6       5       4  3.17202E-03  1.99042E-03  3.17202E-05  4.23753E-01  3.15423E+00  1.34058E+00  1.00169E+02 -7.34639E+00 -5.67491E+00  5.16155E+04  4.18869E+04  4.11562E+04 -1.04713E+03 -5.54270E+02 -1.37313E+03  1.24291E-04  1.81232E-03  5.38108E-05
       6       5       5  3.51211E-03  3.37412E-03  3.51211E-05  6.14281E-01  4.76908E+00  2.10762E+00  6.05664E+01 -4.02369E+00  1.93303E-01  2.32338E+04  3.17028E+04  2.05084E+04  1.14916E+03  3.01083E+02  6.79165E+02  2.32495E-04  3.04249E-03  9.91367E-05
       6       5       6  4.21797E-03  4.08941E-03  4.21797E-05  8.69932E-01  6.53765E+00  2.84077E+00  5.36130E+01 -5.64306E+00  7.95345E-01  1.28592E+04  2.34161E+04  9.24568E+03  1.62696E+03  1.06920E+03  5.87565E+01  9.06850E-05  3.84535E-03  1.53366E-04
       6       5       7  4.96139E-03  2.72356E-03  4.96139E-05  1.46240E+00  1.09292E+01  4.59049E+00  1.37832E+02 -2.33995E+01  2.77335E+01  3.06654E+04  4.07471E+04  2.71182E+04  1.22960E+03  1.45088E+03  3.24067E+03  1.54127E-04  2.23225E-03  3.37183E-04
       6       5       8  5.43515E-03  5.08623E-03  5.43515E-05  2.14297E+00  1.64616E+01  7.13679E+00  9.02213E+01 -1.61876E+01 -6.92843E+00  1.31928E+04  2.64565E+04  1.32814E+04  1.51765E+03  8.42959E+02 -2.79737E+03  2.59069E-04  4.26601E-03  5.61153E-04
       6       5       9  8.40440E-03  5.22656E-03  8.40440E-05  3.15297E+00  2.25743E+01  9.20964E+00  5.12566E+01 -1.22447E+01  1.45767E+01  5.51959E+03  1.30427E+04  5.23472E+03  1.13896E+03  4.07102E+02  1.32427E+03  1.07169E-04  3.93149E-03  1.18791E-03
       6       5      10  8.63015E-03  4.21877E-03  8.63015E-05  9.06488E+00  6.90716E+01  2.97466E+01  4.80974E+01 -1.18767E+01  4.76671E+00  3.55365E+03  2.40416E+04  6.14516E+03  2.61527E+03  6.93632E+02  2.53683E+02  8.44395E-05  3.72127E-03  4.13067E-04
       6       6       1  3.99025E-03  4.28748E-03  3.99025E-05  7.94752E-02  5.92466E-01  7.99716E-02  9.84392E+01 -1.35352E+01 -1.75258E-01  4.34822E+04  1.34690E+04  2.34001E+04 -3.50378E+03 -2.25754E+01  1.01252E+01  5.08579E-05  4.05299E-03  1.83634E-04
       6       6       2  1.27292E-03  1.27189E-03  1.27292E-05  1.98571E-01  1.48305E+00  1.99705E-01  1.41670E+02 -1.33129E+01 -1.55168E+01  4.45201E+04  2.92824E+04  1.98032E+04 -8.12414E+02  4.08949E+02 -2.22583E+02  6.34115E-05  1.17054E-03  3.79425E-05
       6       6       3  2.09470E-03  2.03024E-03  2.09470E-05  2.86920E-01  2.07433E+00  2.75892E-01  9.20240E+01 -9.91632E+00 -2.62540E+00  2.82158E+04  1.67675E+04  1.61184E+04 -1.96524E+03  7.08390E+02 -6.94462E+02  4.34551E-05  1.86958E-03  1.17197E-04
       6       6       4  3.68728E-03  2.93334E-03  3.68728E-05  4.51392E-01  3.40505E+00  4.69689E-01  1.22162E+02 -1.93637E+01 -2.08150E-01  7.26998E+04  2.23668E+04  2.93423E+04 -6.69053E+03 -5.11952E+02  4.26359E+02  1.26905E-04  2.76835E-03  3.80941E-05
       6       6       5  4.29474E-03  4.41159E-03  4.29474E-05  6.84106E-01  5.16008E+00  6.90860E-01  7.74311E+01 -1.65999E+01 -3.74649E+00  3.36015E+04  2.44823E+04  1.27976E+04 -1.50175E+03 -4.00151E+02 -3.43363E+02  2.24729E-04  4.12450E-03  6.23563E-05
       6       6       6  5.69551E-03  6.34926E-03  5.69551E-05  9.40634E-01  7.00271E+00  9.60693E-01  8.25329E+01 -1.11906E+01 -6.19425E-01  2.71400E+04  1.26487E+04  8.70297E+03 -1.65158E+03  1.31929E+02 -3.19886E+01  7.74539E-05  6.13909E-03  1.32722E-04
       6       6       7  7.92082E-03  5.94081E-03  7.92082E-05  1.55702E+00  1.17888E+01  1.61728E+00  2.43618E+02 -3.24432E+01  1.13202E+01  7.11910E+04  2.83436E+04  1.38156E+04 -5.60201E+03 -1.95998E+02  8.02086E+02  1.40538E-04  5.55840E-03  2.41874E-04
       6       6       8  7.99535E-03  8.73082E-03  7.99535E-05  2.38267E+00  1.77644E+01  2.24545E+00  1.52061E+02 -2.02268E+01 -1.64506E+00  2.98421E+04  2.87933E+04  6.48971E+03  1.90455E+01 -5.77287E+01 -9.71728E+02  2.75837E-04  7.84112E-03  6.13860E-04
       6       6       9  1.17160E-02  1.27074E-02  1.17160E-04  3.22010E+00  2.42682E+01  3.49598E+00  8.99105E+01 -1.16066E+01  4.20653E+00  1.24023E+04  1.80621E+04  3.48948E+03  6.73389E+02 -2.02671E+02  2.69028E+02  1.06052E-04  1.08537E-02  1.74756E-03
       6       6      10  1.78712E-02  2.17134E-02  1.78712E-04  9.76380E+00  7.40872E+01  9.89209E+00  5.89756E+01 -7.07967E+00  8.84295E-01  4.66192E+03  2.88368E+04  1.26359E+03  3.31309E+03  2.01724E+02  8.57941E+01  8.39185E-05  2.11468E-02  4.82698E-04
