        1121
     1   9.999999E-01   9.999999E-01   5.134234E-08
     2   4.168134E-04   4.365016E-04   4.168134E-06
     3   4.167944E-04   4.486150E-04   4.167944E-06
     4   4.167614E-04   4.350688E-04   4.167614E-06
     5   4.167234E-04   4.696649E-04   4.167234E-06
     6   4.166904E-04   5.012658E-04   4.166904E-06
     7   4.166714E-04   3.803779E-04   4.166714E-06
     8   1.259358E-03   9.993542E-04   1.259358E-05
     9   1.259079E-03   1.068526E-03   1.259079E-05
    10   1.258596E-03   1.024174E-03   1.258596E-05
    11   1.258039E-03   1.191373E-03   1.258039E-05
    12   1.257557E-03   1.275485E-03   1.257557E-05
    13   1.257278E-03   1.063731E-03   1.257278E-05
    14   2.113014E-03   2.250770E-03   2.113014E-05
    15   2.111873E-03   1.989800E-03   2.111873E-05
    16   2.109899E-03   2.251288E-03   2.109899E-05
    17   2.107623E-03   2.187303E-03   2.107623E-05
    18   2.105655E-03   2.189547E-03   2.105655E-05
    19   2.104520E-03   2.296457E-03   2.104520E-05
    20   2.934120E-03   3.182818E-03   2.934120E-05
    21   2.931390E-03   3.137290E-03   2.931390E-05
    22   2.926671E-03   3.255352E-03   2.926671E-05
    23   2.921236E-03   3.130749E-03   2.921236E-05
    24   2.916542E-03   3.316764E-03   2.916542E-05
    25   2.913837E-03   3.224440E-03   2.913837E-05
    26   3.615971E-03   3.549785E-03   3.615971E-05
    27   3.611311E-03   3.527253E-03   3.611311E-05
    28   3.603262E-03   3.494201E-03   3.603262E-05
    29   3.594001E-03   3.451511E-03   3.594001E-05
    30   3.586009E-03   3.460262E-03   3.586009E-05
    31   3.581408E-03   3.342337E-03   3.581408E-05
    32   4.012320E-03   4.277829E-03   4.012320E-05
    33   4.006285E-03   4.112745E-03   4.006285E-05
    34   3.995864E-03   4.153171E-03   3.995864E-05
    35   3.983881E-03   4.097714E-03   3.983881E-05
    36   3.973547E-03   4.199013E-03   3.973547E-05
    37   3.967598E-03   4.246281E-03   3.967598E-05
    38   1.188678E-04   1.260858E-04   1.188678E-06
    39   1.188613E-04   1.422758E-04   1.188613E-06
    40   1.188500E-04   1.110689E-04   1.188500E-06
    41   1.188371E-04   1.352889E-04   1.188371E-06
    42   1.188258E-04   1.334063E-04   1.188258E-06
    43   1.188193E-04   8.256803E-05   1.188193E-06
    44   3.626267E-04   2.269724E-04   3.626267E-06
    45   3.625264E-04   3.955648E-04   3.625264E-06
    46   3.623529E-04   2.900798E-04   3.623529E-06
    47   3.621529E-04   2.508125E-04   3.621529E-06
    48   3.619799E-04   2.202202E-04   3.619799E-06
    49   3.618801E-04   1.720413E-04   3.618801E-06
    50   6.209298E-04   5.271623E-04   6.209298E-06
    51   6.204820E-04   6.405375E-04   6.204820E-06
    52   6.197083E-04   7.222147E-04   6.197083E-06
    53   6.188178E-04   5.857314E-04   6.188178E-06
    54   6.180493E-04   6.284318E-04   6.180493E-06
    55   6.176066E-04   5.524560E-04   6.176066E-06
    56   8.883631E-04   9.097867E-04   8.883631E-06
    57   8.871703E-04   9.615585E-04   8.871703E-06
    58   8.851130E-04   1.049061E-03   8.851130E-06
    59   8.827509E-04   9.389084E-04   8.827509E-06
    60   8.807168E-04   1.014296E-03   8.807168E-06
    61   8.795473E-04   9.832243E-04   8.795473E-06
    62   1.130478E-03   1.068305E-03   1.130478E-05
    63   1.128232E-03   1.121940E-03   1.128232E-05
    64   1.124365E-03   1.128983E-03   1.124365E-05
    65   1.119935E-03   1.046777E-03   1.119935E-05
    66   1.116128E-03   1.106053E-03   1.116128E-05
    67   1.113942E-03   9.390999E-04   1.113942E-05
    68   1.281467E-03   1.282047E-03   1.281467E-05
    69   1.278383E-03   1.304170E-03   1.278383E-05
    70   1.273077E-03   1.375106E-03   1.273077E-05
    71   1.267006E-03   1.334713E-03   1.267006E-05
    72   1.261797E-03   1.282281E-03   1.261797E-05
    73   1.258809E-03   1.142294E-03   1.258809E-05
    74   2.051699E-04   1.808410E-04   2.051699E-06
    75   2.051613E-04   2.028775E-04   2.051613E-06
    76   2.051464E-04   2.366184E-04   2.051464E-06
    77   2.051291E-04   2.661274E-04   2.051291E-06
    78   2.051142E-04   2.932181E-04   2.051142E-06
    79   2.051056E-04   1.507742E-04   2.051056E-06
    80   6.237437E-04   6.365687E-04   6.237437E-06
    81   6.236168E-04   6.688902E-04   6.236168E-06
    82   6.233970E-04   4.561533E-04   6.233970E-06
    83   6.231433E-04   4.983568E-04   6.231433E-06
    84   6.229238E-04   4.448388E-04   6.229238E-06
    85   6.227972E-04   2.563020E-04   6.227972E-06
    86   1.057871E-03   1.128773E-03   1.057871E-05
    87   1.057347E-03   1.242126E-03   1.057347E-05
    88   1.056439E-03   1.009888E-03   1.056439E-05
    89   1.055392E-03   1.162420E-03   1.055392E-05
    90   1.054487E-03   1.039891E-03   1.054487E-05
    91   1.053965E-03   1.042968E-03   1.053965E-05
    92   1.487513E-03   1.515321E-03   1.487513E-05
    93   1.486240E-03   1.535889E-03   1.486240E-05
    94   1.484040E-03   1.389182E-03   1.484040E-05
    95   1.481505E-03   1.384086E-03   1.481505E-05
    96   1.479316E-03   1.522087E-03   1.479316E-05
    97   1.478054E-03   1.475480E-03   1.478054E-05
    98   1.853607E-03   1.928590E-03   1.853607E-05
    99   1.851402E-03   1.806963E-03   1.851402E-05
   100   1.847593E-03   1.821759E-03   1.847593E-05
   101   1.843210E-03   1.743975E-03   1.843210E-05
   102   1.839428E-03   1.854610E-03   1.839428E-05
   103   1.837250E-03   1.575589E-03   1.837250E-05
   104   2.070269E-03   2.227997E-03   2.070269E-05
   105   2.067384E-03   2.117415E-03   2.067384E-05
   106   2.062402E-03   2.327680E-03   2.062402E-05
   107   2.056674E-03   2.172262E-03   2.056674E-05
   108   2.051734E-03   2.221672E-03   2.051734E-05
   109   2.048890E-03   1.692845E-03   2.048890E-05
   110   2.883625E-04   2.718599E-04   2.883625E-06
   111   2.883431E-04   1.911324E-04   2.883431E-06
   112   2.883096E-04   1.288451E-04   2.883096E-06
   113   2.882709E-04   1.097830E-04   2.882709E-06
   114   2.882374E-04   1.100143E-04   2.882374E-06
   115   2.882180E-04   9.451026E-05   2.882180E-06
   116   8.998013E-04   2.588955E-04   8.998013E-06
   117   8.995001E-04   4.482884E-04   8.995001E-06
   118   8.989789E-04   3.236874E-04   8.989789E-06
   119   8.983778E-04   2.847407E-04   8.983778E-06
   120   8.978579E-04   2.592857E-04   8.978579E-06
   121   8.975580E-04   2.838554E-04   8.975580E-06
   122   1.602802E-03   9.628382E-04   1.602802E-05
   123   1.601444E-03   1.291762E-03   1.601444E-05
   124   1.599096E-03   9.868987E-04   1.599096E-05
   125   1.596392E-03   9.724558E-04   1.596392E-05
   126   1.594057E-03   9.496882E-04   1.594057E-05
   127   1.592712E-03   9.392907E-04   1.592712E-05
   128   2.399501E-03   1.612066E-03   2.399501E-05
   129   2.395865E-03   1.960434E-03   2.395865E-05
   130   2.389587E-03   1.716586E-03   2.389587E-05
   131   2.382370E-03   1.716833E-03   2.382370E-05
   132   2.376147E-03   1.740314E-03   2.376147E-05
   133   2.372567E-03   1.653960E-03   2.372567E-05
   134   3.172315E-03   1.816855E-03   3.172315E-05
   135   3.165470E-03   2.112718E-03   3.165470E-05
   136   3.153667E-03   1.813958E-03   3.153667E-05
   137   3.140120E-03   1.817096E-03   3.140120E-05
   138   3.128458E-03   1.911093E-03   3.128458E-05
   139   3.121754E-03   1.982732E-03   3.121754E-05
   140   3.673305E-03   2.918401E-03   3.673305E-05
   141   3.663924E-03   3.030363E-03   3.663924E-05
   142   3.647758E-03   3.067070E-03   3.647758E-05
   143   3.629220E-03   2.912276E-03   3.629220E-05
   144   3.613276E-03   2.989265E-03   3.613276E-05
   145   3.604118E-03   2.714208E-03   3.604118E-05
   146   2.634958E-04   4.924808E-04   2.634958E-06
   147   2.634787E-04   3.183899E-04   2.634787E-06
   148   2.634492E-04   2.336606E-04   2.634492E-06
   149   2.634150E-04   1.899648E-04   2.634150E-06
   150   2.633855E-04   1.824913E-04   2.633855E-06
   151   2.633684E-04   2.068124E-04   2.633684E-06
   152   8.384778E-04   5.129655E-04   8.384778E-06
   153   8.381930E-04   7.375318E-04   8.381930E-06
   154   8.377004E-04   4.569805E-04   8.377004E-06
   155   8.371326E-04   4.894678E-04   8.371326E-06
   156   8.366417E-04   4.208409E-04   8.366417E-06
   157   8.363587E-04   3.993794E-04   8.363587E-06
   158   1.557077E-03   1.267590E-03   1.557077E-05
   159   1.555626E-03   1.869016E-03   1.555626E-05
   160   1.553121E-03   1.454728E-03   1.553121E-05
   161   1.550241E-03   1.311479E-03   1.550241E-05
   162   1.547757E-03   1.357601E-03   1.547757E-05
   163   1.546327E-03   1.325054E-03   1.546327E-05
   164   2.479248E-03   3.167794E-03   2.479248E-05
   165   2.474718E-03   3.637308E-03   2.474718E-05
   166   2.466914E-03   3.397034E-03   2.466914E-05
   167   2.457968E-03   3.193040E-03   2.457968E-05
   168   2.450278E-03   3.449762E-03   2.450278E-05
   169   2.445862E-03   3.698036E-03   2.445862E-05
   170   3.502930E-03   3.414891E-03   3.502930E-05
   171   3.493076E-03   3.892903E-03   3.493076E-05
   172   3.476138E-03   3.530719E-03   3.476138E-05
   173   3.456782E-03   3.396074E-03   3.456782E-05
   174   3.440193E-03   3.589521E-03   3.440193E-05
   175   3.430687E-03   3.416276E-03   3.430687E-05
   176   4.239919E-03   4.518226E-03   4.239919E-05
   177   4.225168E-03   4.789489E-03   4.225168E-05
   178   4.199848E-03   4.537804E-03   4.199848E-05
   179   4.170967E-03   4.542796E-03   4.170967E-05
   180   4.146259E-03   4.478089E-03   4.146259E-05
   181   4.132120E-03   3.845876E-03   4.132120E-05
   182   2.113620E-04   2.855137E-04   2.113620E-06
   183   2.113461E-04   2.561372E-04   2.113461E-06
   184   2.113187E-04   2.622635E-04   2.113187E-06
   185   2.112870E-04   2.035517E-04   2.112870E-06
   186   2.112596E-04   2.689742E-04   2.112596E-06
   187   2.112437E-04   2.964641E-04   2.112437E-06
   188   7.078684E-04   7.068814E-04   7.078684E-06
   189   7.075898E-04   7.929223E-04   7.075898E-06
   190   7.071077E-04   7.895572E-04   7.071077E-06
   191   7.065517E-04   6.226936E-04   7.065517E-06
   192   7.060709E-04   5.954330E-04   7.060709E-06
   193   7.057936E-04   7.545799E-04   7.057936E-06
   194   1.453789E-03   1.694926E-03   1.453789E-05
   195   1.452242E-03   2.184114E-03   1.452242E-05
   196   1.449569E-03   1.886776E-03   1.449569E-05
   197   1.446492E-03   1.668186E-03   1.446492E-05
   198   1.443835E-03   1.670428E-03   1.443835E-05
   199   1.442305E-03   1.674047E-03   1.442305E-05
   200   2.641879E-03   3.157281E-03   2.641879E-05
   201   2.636543E-03   3.155229E-03   2.636543E-05
   202   2.627340E-03   2.296574E-03   2.627340E-05
   203   2.616773E-03   2.270772E-03   2.616773E-05
   204   2.607673E-03   3.029020E-03   2.607673E-05
   205   2.602441E-03   3.083890E-03   2.602441E-05
   206   4.226270E-03   3.858015E-03   4.226270E-05
   207   4.213607E-03   4.242663E-03   4.213607E-05
   208   4.191805E-03   3.952203E-03   4.191805E-05
   209   4.166833E-03   3.994820E-03   4.166833E-05
   210   4.145380E-03   4.437359E-03   4.145380E-05
   211   4.133067E-03   3.683466E-03   4.133067E-05
   212   5.509707E-03   6.287151E-03   5.509707E-05
   213   5.489745E-03   5.855150E-03   5.489745E-05
   214   5.455416E-03   6.569514E-03   5.455416E-05
   215   5.416161E-03   6.318291E-03   5.416161E-05
   216   5.382493E-03   6.183207E-03   5.382493E-05
   217   5.363192E-03   5.208318E-03   5.363192E-05
   218   2.154082E-04   2.415239E-04   2.154082E-06
   219   2.153970E-04   2.739069E-04   2.153970E-06
   220   2.153776E-04   1.853727E-04   2.153776E-06
   221   2.153552E-04   1.231726E-04   2.153552E-06
   222   2.153358E-04   1.265641E-04   2.153358E-06
   223   2.153246E-04   1.272074E-04   2.153246E-06
   224   6.978942E-04   3.279774E-04   6.978942E-06
   225   6.976765E-04   6.375347E-04   6.976765E-06
   226   6.973001E-04   4.616329E-04   6.973001E-06
   227   6.968663E-04   3.597331E-04   6.968663E-06
   228   6.964913E-04   4.416101E-04   6.964913E-06
   229   6.962751E-04   4.302201E-04   6.962751E-06
   230   1.402853E-03   1.098267E-03   1.402853E-05
   231   1.401320E-03   1.328400E-03   1.401320E-05
   232   1.398674E-03   1.309367E-03   1.398674E-05
   233   1.395635E-03   1.196728E-03   1.395635E-05
   234   1.393015E-03   1.176048E-03   1.393015E-05
   235   1.391509E-03   1.201368E-03   1.391509E-05
   236   2.742955E-03   2.376158E-03   2.742955E-05
   237   2.735362E-03   2.584878E-03   2.735362E-05
   238   2.722300E-03   2.591428E-03   2.722300E-05
   239   2.707357E-03   2.479528E-03   2.707357E-05
   240   2.694534E-03   2.557783E-03   2.694534E-05
   241   2.687181E-03   2.565010E-03   2.687181E-05
   242   5.238671E-03   3.296086E-03   5.238671E-05
   243   5.212836E-03   3.139624E-03   5.212836E-05
   244   5.168519E-03   3.231768E-03   5.168519E-05
   245   5.118014E-03   2.900328E-03   5.118014E-05
   246   5.074847E-03   3.409290E-03   5.074847E-05
   247   5.050164E-03   2.985247E-03   5.050164E-05
   248   7.939015E-03   5.933377E-03   7.939015E-05
   249   7.888341E-03   5.828970E-03   7.888341E-05
   250   7.801559E-03   6.022579E-03   7.801559E-05
   251   7.702889E-03   5.629954E-03   7.702889E-05
   252   7.618748E-03   5.965236E-03   7.618748E-05
   253   7.570716E-03   5.554566E-03   7.570716E-05
   254   3.607913E-04   5.148060E-04   3.607913E-06
   255   3.607738E-04   4.988595E-04   3.607738E-06
   256   3.607436E-04   3.409926E-04   3.607436E-06
   257   3.607087E-04   2.569299E-04   3.607087E-06
   258   3.606785E-04   2.483445E-04   3.606785E-06
   259   3.606611E-04   2.730400E-04   3.606611E-06
   260   1.151774E-03   6.721863E-04   1.151774E-05
   261   1.151497E-03   1.423027E-03   1.151497E-05
   262   1.151016E-03   9.219967E-04   1.151016E-05
   263   1.150462E-03   7.452724E-04   1.150462E-05
   264   1.149982E-03   8.529159E-04   1.149982E-05
   265   1.149705E-03   8.312193E-04   1.149705E-05
   266   2.145229E-03   2.224801E-03   2.145229E-05
   267   2.143858E-03   2.452592E-03   2.143858E-05
   268   2.141487E-03   2.429323E-03   2.141487E-05
   269   2.138757E-03   2.129033E-03   2.138757E-05
   270   2.136398E-03   2.354178E-03   2.136398E-05
   271   2.135038E-03   2.411515E-03   2.135038E-05
   272   3.490725E-03   3.991292E-03   3.490725E-05
   273   3.485510E-03   4.577177E-03   3.485510E-05
   274   3.476535E-03   4.343315E-03   3.476535E-05
   275   3.466260E-03   4.588791E-03   3.466260E-05
   276   3.457438E-03   4.303184E-03   3.457438E-05
   277   3.452376E-03   4.698100E-03   3.452376E-05
   278   5.536887E-03   6.005999E-03   5.536887E-05
   279   5.516063E-03   5.701302E-03   5.516063E-05
   280   5.480523E-03   6.101044E-03   5.480523E-05
   281   5.440299E-03   5.393519E-03   5.440299E-05
   282   5.406151E-03   6.227067E-03   5.406151E-05
   283   5.386720E-03   5.325909E-03   5.386720E-05
   284   8.046694E-03   1.039652E-02   8.046694E-05
   285   7.992625E-03   9.881338E-03   7.992625E-05
   286   7.900854E-03   1.068523E-02   7.900854E-05
   287   7.797767E-03   9.435873E-03   7.797767E-05
   288   7.710909E-03   1.057811E-02   7.710909E-05
   289   7.661755E-03   9.502992E-03   7.661755E-05
   290   3.753744E-04   4.600432E-04   3.753744E-06
   291   3.753428E-04   4.507956E-04   3.753428E-06
   292   3.752880E-04   3.912837E-04   3.752880E-06
   293   3.752247E-04   1.945467E-04   3.752247E-06
   294   3.751699E-04   2.814440E-04   3.751699E-06
   295   3.751383E-04   3.577726E-04   3.751383E-06
   296   1.280887E-03   1.436336E-03   1.280887E-05
   297   1.280322E-03   2.116635E-03   1.280322E-05
   298   1.279344E-03   1.312065E-03   1.279344E-05
   299   1.278217E-03   1.256055E-03   1.278217E-05
   300   1.277242E-03   1.562629E-03   1.277242E-05
   301   1.276680E-03   1.619174E-03   1.276680E-05
   302   2.722973E-03   3.174148E-03   2.722973E-05
   303   2.719779E-03   2.945910E-03   2.719779E-05
   304   2.714260E-03   2.392004E-03   2.714260E-05
   305   2.707905E-03   2.803798E-03   2.707905E-05
   306   2.702419E-03   2.959085E-03   2.702419E-05
   307   2.699258E-03   3.617367E-03   2.699258E-05
   308   5.150959E-03   5.770554E-03   5.150959E-05
   309   5.139808E-03   5.578482E-03   5.139808E-05
   310   5.120567E-03   6.202019E-03   5.120567E-05
   311   5.098460E-03   5.764761E-03   5.098460E-05
   312   5.079412E-03   5.927683E-03   5.079412E-05
   313   5.068455E-03   5.954756E-03   5.068455E-05
   314   8.532773E-03   9.541773E-03   8.532773E-05
   315   8.505587E-03   8.159018E-03   8.505587E-05
   316   8.458779E-03   9.095334E-03   8.458779E-05
   317   8.405165E-03   7.982730E-03   8.405165E-05
   318   8.359104E-03   9.853128E-03   8.359104E-05
   319   8.332666E-03   7.713711E-03   8.332666E-05
   320   1.143585E-02   1.356625E-02   1.143585E-04
   321   1.138907E-02   1.187348E-02   1.138907E-04
   322   1.130886E-02   1.279627E-02   1.130886E-04
   323   1.121751E-02   1.125675E-02   1.121751E-04
   324   1.113945E-02   1.347604E-02   1.113945E-04
   325   1.109482E-02   1.169218E-02   1.109482E-04
   326   1.699498E-04   1.674277E-04   1.699498E-06
   327   1.699365E-04   2.053168E-04   1.699365E-06
   328   1.699133E-04   1.587804E-04   1.699133E-06
   329   1.698866E-04   1.572189E-04   1.698866E-06
   330   1.698635E-04   1.749431E-04   1.698635E-06
   331   1.698502E-04   1.984484E-04   1.698502E-06
   332   5.848902E-04   4.916157E-04   5.848902E-06
   333   5.845801E-04   5.063656E-04   5.845801E-06
   334   5.840441E-04   7.349323E-04   5.840441E-06
   335   5.834268E-04   5.264565E-04   5.834268E-06
   336   5.828938E-04   5.460587E-04   5.828938E-06
   337   5.825867E-04   4.605408E-04   5.825867E-06
   338   1.405587E-03   1.395104E-03   1.405587E-05
   339   1.402799E-03   1.392101E-03   1.402799E-05
   340   1.397994E-03   1.538784E-03   1.397994E-05
   341   1.392484E-03   1.469838E-03   1.392484E-05
   342   1.387743E-03   1.481253E-03   1.387743E-05
   343   1.385020E-03   1.169039E-03   1.385020E-05
   344   3.748356E-03   4.519900E-03   3.748356E-05
   345   3.730328E-03   4.402493E-03   3.730328E-05
   346   3.699387E-03   4.947623E-03   3.699387E-05
   347   3.664103E-03   4.788131E-03   3.664103E-05
   348   3.633926E-03   4.680892E-03   3.633926E-05
   349   3.616661E-03   4.824347E-03   3.616661E-05
   350   1.001417E-02   5.646856E-03   1.001417E-04
   351   9.930912E-03   6.038121E-03   9.930912E-05
   352   9.788783E-03   5.675266E-03   9.788783E-05
   353   9.627893E-03   5.657479E-03   9.627893E-05
   354   9.491288E-03   5.752557E-03   9.491288E-05
   355   9.413550E-03   4.976906E-03   9.413550E-05
   356   1.908215E-02   2.226305E-02   1.908215E-04
   357   1.887188E-02   2.124942E-02   1.887188E-04
   358   1.851460E-02   2.167177E-02   1.851460E-04
   359   1.811267E-02   2.152890E-02   1.811267E-04
   360   1.777349E-02   2.122640E-02   1.777349E-04
   361   1.758133E-02   2.136947E-02   1.758133E-04
   362   1.118719E-02   1.052981E-02   2.237438E-04
   363   5.701304E-03   5.597836E-03   1.140261E-04
   364   5.209374E-03   5.088845E-03   1.041875E-04
   365   3.638031E-03   3.326549E-03   7.276062E-05
   366   6.404468E-03   5.943417E-03   1.280894E-04
   367   1.844336E-03   1.991639E-03   3.688672E-05
   368   3.709114E-03   3.788649E-03   7.418228E-05
   369   3.716510E-03   3.301486E-03   7.433019E-05
   370   2.518294E-03   2.794571E-03   5.036589E-05
   371   3.562341E-03   3.420320E-03   7.124682E-05
   372   1.376420E-03   1.546698E-03   2.752839E-05
   373   1.302225E-02   1.195692E-02   2.604449E-04
   374   5.086731E-03   4.425467E-03   1.017346E-04
   375   1.064447E-02   1.037000E-02   2.128894E-04
   376   1.285141E-02   1.269572E-02   2.570282E-04
   377   2.636488E-03   2.612961E-03   5.272977E-05
   378   9.873560E-03   9.245651E-03   1.974712E-04
   379   1.535640E-03   1.352921E-03   3.071280E-05
   380   4.111067E-03   3.480739E-03   8.222135E-05
   381   4.096004E-03   3.930044E-03   8.192007E-05
   382   3.887665E-03   3.364141E-03   7.775329E-05
   383   1.023513E-02   9.873967E-03   2.047025E-04
   384   2.094854E-03   1.971554E-03   4.189708E-05
   385   7.168263E-03   6.945354E-03   1.433653E-04
   386   7.369448E-03   6.775947E-03   1.473890E-04
   387   1.036245E-02   1.038647E-02   2.072489E-04
   388   3.332118E-03   3.176595E-03   6.664236E-05
   389   1.261001E-03   1.367076E-03   2.522003E-05
   390   1.566815E-03   1.785922E-03   3.133630E-05
   391   3.476988E-03   2.939532E-03   6.953975E-05
   392   1.927492E-03   2.099091E-03   3.854983E-05
   393   1.034455E-02   9.963339E-03   2.068910E-04
   394   6.482766E-03   5.037795E-03   1.296553E-04
   395   3.293591E-03   3.105327E-03   6.587182E-05
   396   1.262959E-02   1.218461E-02   2.525917E-04
   397   1.325792E-03   1.477215E-03   2.651585E-05
   398   1.307184E-02   1.468976E-02   2.614368E-04
   399   5.209182E-03   4.121920E-03   1.041836E-04
   400   2.725570E-03   3.022689E-03   5.451141E-05
   401   1.273646E-02   1.017968E-02   2.547293E-04
   402   9.991806E-03   1.065876E-02   1.998361E-04
   403   6.424793E-03   5.869409E-03   1.284959E-04
   404   1.350663E-02   1.649294E-02   2.701326E-04
   405   3.013352E-03   2.303793E-03   6.026705E-05
   406   1.256803E-03   1.363339E-03   2.513607E-05
   407   1.650949E-03   1.832312E-03   3.301898E-05
   408   3.337900E-03   3.037859E-03   6.675800E-05
   409   4.745555E-03   4.808937E-03   9.491110E-05
   410   1.235833E-03   1.402850E-03   2.471667E-05
   411   1.694483E-03   1.861804E-03   3.388966E-05
   412   8.725576E-03   9.408230E-03   1.745115E-04
   413   3.850813E-03   3.593508E-03   7.701626E-05
   414   1.147973E-03   1.276588E-03   2.295945E-05
   415   2.586320E-03   2.385745E-03   5.172641E-05
   416   1.605471E-03   1.737543E-03   3.210943E-05
   417   2.410463E-03   2.307799E-03   4.820925E-05
   418   3.956459E-03   3.582369E-03   7.912919E-05
   419   7.334161E-03   6.843773E-03   1.466832E-04
   420   5.407697E-03   4.814111E-03   1.081539E-04
   421   1.008986E-03   1.055918E-03   2.017972E-05
   422   1.403111E-03   1.473595E-03   2.806223E-05
   423   2.087620E-03   1.945686E-03   4.175239E-05
   424   1.292623E-02   1.282571E-02   2.585247E-04
   425   3.361898E-03   2.949976E-03   6.723796E-05
   426   3.241457E-03   3.266985E-03   6.482913E-05
   427   1.622882E-02   1.523528E-02   3.245764E-04
   428   2.914416E-02   2.918577E-02   5.828833E-04
   429   1.287656E-02   1.280874E-02   2.575312E-04
   430   1.645070E-03   1.535837E-03   3.290140E-05
   431   6.081675E-03   5.678697E-03   1.216335E-04
   432   2.473586E-03   2.132128E-03   4.947173E-05
   433   9.355594E-03   8.424102E-03   1.871119E-04
   434   4.118656E-03   3.598056E-03   8.237313E-05
   435   3.887665E-03   3.362783E-03   7.775329E-05
   436   5.425307E-03   4.916730E-03   1.085061E-04
   437   1.285141E-02   1.270340E-02   2.570282E-04
   438   1.338775E-02   1.272029E-02   2.677550E-04
   439   9.138559E-03   5.867581E-03   1.827712E-04
   440   1.466686E-03   1.420061E-03   2.933372E-05
   441   1.230281E-03   1.126306E-03   2.460562E-05
   442   2.164850E-03   2.127984E-03   4.329701E-05
   443   1.715720E-03   1.471212E-03   3.431440E-05
   444   5.876696E-03   5.310650E-03   1.175339E-04
   445   2.395348E-03   2.047591E-03   4.790695E-05
   446   4.752106E-03   4.288616E-03   9.504212E-05
   447   1.186613E-03   1.076619E-03   2.373226E-05
   448   1.355002E-02   1.262620E-02   2.710003E-04
   449   3.184835E-03   2.756889E-03   6.369669E-05
   450   1.064447E-02   1.041194E-02   2.128894E-04
   451   1.535640E-03   1.348512E-03   3.071280E-05
   452   7.334161E-03   6.874079E-03   1.466832E-04
   453   1.522091E-03   1.498903E-03   3.044183E-05
   454   3.716510E-03   3.294663E-03   7.433019E-05
   455   1.901896E-03   1.695265E-03   3.803792E-05
   456   3.043952E-03   2.779412E-03   6.087904E-05
   457   1.038707E-02   9.685144E-03   2.077415E-04
   458   1.034628E-03   9.963115E-04   2.069256E-05
   459   1.230281E-03   1.151365E-03   2.460562E-05
   460   3.956459E-03   3.568393E-03   7.912919E-05
   461   3.638031E-03   3.305719E-03   7.276062E-05
   462   4.409992E-03   4.231280E-03   8.819983E-05
   463   4.650930E-03   4.322129E-03   9.301859E-05
   464   1.231562E-03   1.203592E-03   2.463124E-05
   465   9.854930E-03   9.621359E-03   1.970986E-04
   466   2.769166E-03   2.757177E-03   5.538331E-05
   467   2.087620E-03   1.979646E-03   4.175239E-05
   468   1.390723E-03   1.410069E-03   2.781447E-05
   469   5.588879E-03   5.448784E-03   1.117776E-04
   470   1.599592E-03   1.597659E-03   3.199184E-05
   471   2.410463E-03   2.327211E-03   4.820925E-05
   472   3.221398E-03   3.073997E-03   6.442796E-05
   473   2.655052E-03   2.635356E-03   5.310104E-05
   474   2.472990E-03   2.456001E-03   4.945980E-05
   475   1.470740E-03   1.559680E-03   2.941479E-05
   476   2.412098E-03   2.517057E-03   4.824195E-05
   477   4.859244E-03   4.643678E-03   9.718487E-05
   478   2.100401E-03   2.155072E-03   4.200802E-05
   479   2.684868E-03   2.759045E-03   5.369737E-05
   480   1.605471E-03   1.762432E-03   3.210943E-05
   481   8.038542E-03   7.435337E-03   1.607708E-04
   482   2.272565E-03   2.343164E-03   4.545130E-05
   483   2.835062E-03   3.210294E-03   5.670125E-05
   484   3.411151E-03   3.812713E-03   6.822303E-05
   485   2.930316E-03   3.238032E-03   5.860633E-05
   486   1.927492E-03   2.120393E-03   3.854983E-05
   487   1.650949E-03   1.867475E-03   3.301898E-05
   488   1.059652E-03   1.167509E-03   2.119304E-05
   489   1.147973E-03   1.264162E-03   2.295945E-05
   490   4.852275E-03   4.309432E-03   9.704551E-05
   491   3.679540E-03   3.260295E-03   7.359079E-05
   492   2.725570E-03   3.020798E-03   5.451141E-05
   493   2.896860E-03   2.820508E-03   5.793720E-05
   494   6.104997E-03   5.991041E-03   1.220999E-04
   495   1.261001E-03   1.339896E-03   2.522003E-05
   496   1.128739E-02   1.170785E-02   2.257477E-04
   497   1.256803E-03   1.362750E-03   2.513607E-05
   498   2.457652E-03   2.568808E-03   4.915305E-05
   499   3.209930E-03   3.111052E-03   6.419859E-05
   500   3.143110E-03   2.682366E-03   6.286221E-05
   501   2.161731E-03   1.992197E-03   4.323462E-05
   502   2.817515E-03   2.451780E-03   5.635030E-05
   503   7.381667E-03   6.277372E-03   1.476333E-04
   504   4.252131E-03   3.419117E-03   8.504262E-05
   505   1.365569E-02   1.420726E-02   2.731138E-04
   506   9.710843E-04   7.819937E-04   1.942169E-05
   507   5.731622E-03   4.905344E-03   1.146324E-04
   508   2.531445E-03   1.926972E-03   5.062890E-05
   509   7.573552E-03   6.790380E-03   1.514710E-04
   510   1.863807E-02   2.040156E-02   3.727614E-04
   511   1.360232E-02   1.328686E-02   2.720463E-04
   512   1.704174E-02   1.855440E-02   3.408349E-04
   513   2.837137E-02   2.458444E-02   5.674274E-04
   514   0.000000E+00   2.592097E-05   8.571999E-05
   515   0.000000E+00  -3.071506E-04   4.928760E-05
   516   0.000000E+00  -2.651249E-04   6.938575E-05
   517   0.000000E+00  -5.163389E-05   3.784845E-05
   518   0.000000E+00  -8.157658E-05   5.833195E-05
   519   0.000000E+00  -1.710405E-04   3.567512E-05
   520   0.000000E+00  -2.401925E-04   4.791193E-05
   521   0.000000E+00  -8.317885E-06   3.792972E-05
   522   0.000000E+00  -2.445896E-04   4.420725E-05
   523   0.000000E+00  -1.182100E-04   4.893610E-05
   524   0.000000E+00  -7.781982E-05   2.576351E-05
   525   0.000000E+00   7.051662E-05   8.947855E-05
   526   0.000000E+00   8.186336E-05   5.100023E-05
   527   0.000000E+00   7.901953E-05   7.263877E-05
   528   0.000000E+00  -3.417775E-05   1.112597E-04
   529   0.000000E+00  -5.677219E-05   5.354117E-05
   530   0.000000E+00  -1.350668E-05   1.905779E-04
   531   0.000000E+00   6.245805E-06   3.233695E-05
   532   0.000000E+00  -4.242182E-05   4.774072E-05
   533   0.000000E+00  -1.481577E-04   7.106440E-05
   534   0.000000E+00   8.761147E-06   5.388827E-05
   535   0.000000E+00  -2.424075E-04   8.743535E-05
   536   0.000000E+00   1.084527E-05   3.275580E-05
   537   0.000000E+00   7.558877E-04   4.587356E-04
   538   0.000000E+00   5.175955E-04   3.185521E-04
   539   0.000000E+00   1.201922E-03   5.889728E-04
   540   0.000000E+00   6.882554E-05   7.864687E-05
   541   0.000000E+00  -5.817843E-05   2.646036E-05
   542   0.000000E+00  -1.273661E-04   2.638962E-05
   543   0.000000E+00   2.552369E-04   9.389042E-05
   544   0.000000E+00  -1.504956E-04   3.011639E-05
   545   0.000000E+00   3.490619E-06   3.532326E-04
   546   0.000000E+00  -1.426252E-04   1.419297E-04
   547   0.000000E+00  -7.492474E-05   6.301965E-05
   548   0.000000E+00   1.765353E-03   3.330377E-04
   549   0.000000E+00  -9.354390E-05   2.572478E-05
   550   0.000000E+00   4.833785E-03   6.532966E-04
   551   0.000000E+00  -1.362585E-05   9.212542E-05
   552   0.000000E+00  -9.418065E-05   4.467353E-05
   553   0.000000E+00   5.417815E-03   8.249259E-04
   554   0.000000E+00   2.627731E-03   3.649289E-04
   555   0.000000E+00  -1.934825E-04   1.539804E-04
   556   0.000000E+00   7.857220E-03   6.346598E-04
   557   0.000000E+00   1.071207E-04   8.178753E-05
   558   0.000000E+00  -2.944319E-05   2.410946E-05
   559   0.000000E+00  -4.913020E-05   2.414284E-05
   560   0.000000E+00   1.262310E-04   6.979279E-05
   561   0.000000E+00  -3.760852E-04   5.179795E-05
   562   0.000000E+00  -2.010395E-05   1.919544E-05
   563   0.000000E+00  -7.269575E-05   2.376196E-05
   564   0.000000E+00  -2.219253E-05   3.452366E-04
   565   0.000000E+00  -1.661462E-04   3.292312E-05
   566   0.000000E+00  -4.522225E-05   2.041193E-05
   567   0.000000E+00   4.410102E-05   6.110786E-05
   568   0.000000E+00  -1.164531E-04   2.060922E-05
   569   0.000000E+00  -1.283271E-04   2.815692E-05
   570   0.000000E+00  -1.718528E-04   3.147130E-05
   571   0.000000E+00   2.180845E-05   6.085316E-05
   572   0.000000E+00  -9.974944E-05   1.118133E-04
   573   0.000000E+00  -6.789105E-05   2.366837E-05
   574   0.000000E+00  -9.058798E-05   1.953068E-05
   575   0.000000E+00  -9.213011E-05   2.779137E-05
   576   0.000000E+00  -4.829384E-05   9.873027E-05
   577   0.000000E+00  -6.132362E-05   3.718324E-05
   578   0.000000E+00  -1.594498E-04   7.636247E-05
   579   0.000000E+00   1.988983E-04   1.113851E-04
   580   0.000000E+00  -1.271868E-03   1.625447E-04
   581   0.000000E+00  -2.293902E-04   6.834563E-04
   582   0.000000E+00  -3.217115E-05   1.925692E-05
   583   0.000000E+00  -2.944074E-04   1.158571E-04
   584   0.000000E+00  -4.633705E-05   3.991710E-05
   585   0.000000E+00   4.634448E-06   7.434996E-05
   586   0.000000E+00   2.410730E-05   3.911121E-05
   587   0.000000E+00  -2.529708E-05   5.388827E-05
   588   0.000000E+00  -2.416484E-04   1.845522E-04
   589   0.000000E+00   2.899842E-05   1.112597E-04
   590   0.000000E+00   5.760147E-03   8.013370E-04
   591   0.000000E+00   1.600861E-02   6.984900E-04
   592   0.000000E+00  -4.309757E-05   3.666105E-05
   593   0.000000E+00  -2.736436E-05   2.240563E-05
   594   0.000000E+00   4.824151E-05   4.817192E-05
   595   0.000000E+00   4.070104E-05   3.031923E-05
   596   0.000000E+00  -1.821204E-04   5.235641E-05
   597   0.000000E+00   2.128843E-05   3.690730E-05
   598   0.000000E+00  -5.951037E-05   1.846210E-04
   599   0.000000E+00   1.816019E-06   2.179130E-05
   600   0.000000E+00   4.414014E-05   9.428622E-05
   601   0.000000E+00  -9.768953E-05   4.057387E-05
   602   0.000000E+00  -3.070907E-05   7.263877E-05
   603   0.000000E+00   3.677567E-06   3.233695E-05
   604   0.000000E+00  -3.994234E-05   6.085316E-05
   605   0.000000E+00   8.551142E-05   3.886744E-05
   606   0.000000E+00   1.633424E-06   3.792972E-05
   607   0.000000E+00   1.605491E-06   3.065130E-05
   608   0.000000E+00   1.229710E-04   1.055374E-04
   609   0.000000E+00   1.322220E-04   6.793450E-05
   610   0.000000E+00   2.481898E-05   2.506130E-05
   611   0.000000E+00   3.315592E-05   2.240563E-05
   612   0.000000E+00   1.765732E-04   3.147130E-05
   613   0.000000E+00   3.851352E-05   3.784845E-05
   614   0.000000E+00   1.556199E-04   5.626829E-05
   615   0.000000E+00   1.268514E-05   5.365125E-05
   616   0.000000E+00   3.536870E-05   3.100760E-05
   617   0.000000E+00  -1.255522E-03   6.214445E-04
   618   0.000000E+00   5.767271E-05   7.379859E-05
   619   0.000000E+00   9.381110E-05   2.779137E-05
   620   0.000000E+00   9.934578E-05   3.134071E-05
   621   0.000000E+00   2.258460E-04   6.665645E-05
   622   0.000000E+00   1.005622E-04   3.974242E-05
   623   0.000000E+00   1.412938E-04   2.815692E-05
   624   0.000000E+00   1.355100E-04   3.335440E-05
   625   0.000000E+00   1.198439E-04   6.736173E-05
   626   0.000000E+00   1.952529E-04   3.504132E-05
   627   0.000000E+00   1.262416E-04   2.657622E-05
   628   0.000000E+00   1.354086E-04   2.873763E-05
   629   0.000000E+00   5.731714E-04   2.415488E-04
   630   0.000000E+00   1.804449E-04   4.024154E-05
   631   0.000000E+00   1.253348E-04   7.362440E-05
   632   0.000000E+00   1.131915E-04   2.060922E-05
   633   0.000000E+00   3.119435E-05   2.758659E-04
   634   0.000000E+00   1.741878E-04   3.847177E-05
   635   0.000000E+00   2.258475E-04   4.285841E-05
   636   0.000000E+00   2.801986E-04   4.331878E-05
   637   0.000000E+00   1.044637E-04   3.060131E-05
   638   0.000000E+00   1.375758E-04   3.011639E-05
   639   0.000000E+00   5.843766E-05   2.414284E-05
   640   0.000000E+00   7.302592E-05   2.575829E-05
   641   0.000000E+00   5.194933E-05   2.041193E-05
   642   0.000000E+00  -1.373906E-04   1.317718E-04
   643   0.000000E+00   2.752415E-05   1.116361E-04
   644   0.000000E+00   1.175033E-04   4.467353E-05
   645   0.000000E+00  -4.271482E-05   7.097436E-05
   646   0.000000E+00   4.221449E-04   1.717571E-04
   647   0.000000E+00   5.489850E-05   2.646036E-05
   648   0.000000E+00  -1.174735E-03   6.347788E-04
   649   0.000000E+00   2.193329E-05   2.410946E-05
   650   0.000000E+00   1.261253E-04   4.117016E-05
   651   0.000000E+00  -5.357325E-05   6.411905E-05
   652   0.000000E+00  -1.344891E-04   7.552702E-05
   653   0.000000E+00   3.639496E-05   5.065160E-05
   654   0.000000E+00  -1.296196E-04   7.019159E-05
   655   0.000000E+00  -1.333702E-04   2.141020E-04
   656   0.000000E+00  -1.110022E-06   1.031970E-04
   657   0.000000E+00  -5.759533E-03   8.124586E-04
   658   0.000000E+00  -2.256537E-05   2.755854E-05
   659   0.000000E+00   1.416589E-04   1.293177E-04
   660   0.000000E+00   2.466488E-06   7.103876E-05
   661   0.000000E+00   6.250529E-04   2.108601E-04
   662   0.000000E+00  -7.476229E-03   6.538745E-04
   663   0.000000E+00   1.797674E-03   3.143698E-04
   664   0.000000E+00  -5.220836E-03   6.913460E-04
   665   0.000000E+00   3.881671E-03   1.143279E-03
   666   0.000000E+00   6.253489E-04   8.502500E-05
   667   0.000000E+00   8.789316E-04   5.345402E-05
   668   0.000000E+00   9.390327E-04   7.063079E-05
   669   0.000000E+00   3.290211E-04   3.726087E-05
   670   0.000000E+00   1.785942E-05   5.548086E-05
   671   0.000000E+00   3.261764E-04   3.610002E-05
   672   0.000000E+00   5.684630E-04   5.109268E-05
   673   0.000000E+00   1.336112E-04   3.979963E-05
   674   0.000000E+00   5.600601E-04   4.782883E-05
   675   0.000000E+00   2.091563E-04   5.004599E-05
   676   0.000000E+00   1.814978E-04   3.485687E-05
   677   0.000000E+00  -3.991294E-04   8.669034E-05
   678   0.000000E+00   3.087706E-05   5.286713E-05
   679   0.000000E+00  -2.612872E-04   8.780515E-05
   680   0.000000E+00  -6.379987E-04   9.603366E-05
   681   0.000000E+00  -3.135147E-05   5.963232E-05
   682   0.000000E+00   1.533122E-03   1.995973E-04
   683   0.000000E+00   3.703954E-05   3.154722E-05
   684   0.000000E+00   6.988619E-05   4.713132E-05
   685   0.000000E+00  -1.176886E-04   7.136238E-05
   686   0.000000E+00   3.285284E-05   4.633345E-05
   687   0.000000E+00  -3.123490E-04   8.080342E-05
   688   0.000000E+00   5.351036E-06   3.800434E-05
   689   0.000000E+00   1.050729E-03   4.553733E-04
   690   0.000000E+00   1.451675E-03   3.342714E-04
   691   0.000000E+00   1.512572E-03   5.170341E-04
   692   0.000000E+00   5.549257E-04   8.861092E-05
   693   0.000000E+00   1.378799E-04   2.645064E-05
   694   0.000000E+00   2.017535E-04   2.832537E-05
   695   0.000000E+00   5.319747E-04   1.000823E-04
   696   0.000000E+00   2.868227E-04   3.068300E-05
   697   0.000000E+00   2.698309E-03   3.578252E-04
   698   0.000000E+00   1.409193E-03   1.539400E-04
   699   0.000000E+00   3.989611E-04   6.082881E-05
   700   0.000000E+00   3.469527E-03   3.399691E-04
   701   0.000000E+00   1.354253E-04   2.538879E-05
   702   0.000000E+00   1.858954E-03   7.181558E-04
   703   0.000000E+00   9.617728E-04   1.031984E-04
   704   0.000000E+00   2.376634E-04   4.486014E-05
   705   0.000000E+00   2.785960E-03   9.890900E-04
   706   0.000000E+00   2.042706E-03   4.048614E-04
   707   0.000000E+00   1.617077E-03   1.716064E-04
   708   0.000000E+00   2.539793E-03   8.651080E-04
   709   0.000000E+00   5.642182E-04   8.641357E-05
   710   0.000000E+00   1.031922E-04   2.172030E-05
   711   0.000000E+00   1.375575E-04   2.603586E-05
   712   0.000000E+00   5.145587E-04   7.987421E-05
   713   0.000000E+00   8.323190E-04   5.287223E-05
   714   0.000000E+00   1.026110E-04   1.745297E-05
   715   0.000000E+00   1.864866E-04   2.384431E-05
   716   0.000000E+00   1.623209E-03   3.729572E-04
   717   0.000000E+00   2.004500E-04   3.140260E-05
   718   0.000000E+00   1.604762E-04   2.273269E-05
   719   0.000000E+00   5.073046E-04   5.746233E-05
   720   0.000000E+00   2.088456E-04   2.372358E-05
   721   0.000000E+00   2.875869E-04   3.016024E-05
   722   0.000000E+00   1.014063E-04   3.139118E-05
   723   0.000000E+00  -1.374137E-04   5.136381E-05
   724   0.000000E+00   9.580626E-04   1.259637E-04
   725   0.000000E+00   1.422993E-04   2.901345E-05
   726   0.000000E+00   6.724097E-05   2.153188E-05
   727   0.000000E+00   1.824859E-04   2.747425E-05
   728   0.000000E+00  -6.030513E-04   9.698348E-05
   729   0.000000E+00   5.796131E-05   3.958268E-05
   730   0.000000E+00   3.235440E-04   7.385422E-05
   731   0.000000E+00  -5.956881E-04   1.024805E-04
   732   0.000000E+00  -8.148112E-04   1.654751E-04
   733   0.000000E+00   5.432468E-04   5.877665E-04
   734   0.000000E+00   1.894432E-05   2.359301E-05
   735   0.000000E+00   3.844250E-04   1.328803E-04
   736   0.000000E+00   8.542859E-05   3.977570E-05
   737   0.000000E+00  -1.901415E-04   7.343206E-05
   738   0.000000E+00   1.258125E-04   4.408569E-05
   739   0.000000E+00   1.296471E-05   4.633345E-05
   740   0.000000E+00   1.108877E-03   2.016173E-04
   741   0.000000E+00  -6.373047E-04   9.603366E-05
   742   0.000000E+00   4.825662E-03   1.073694E-03
   743   0.000000E+00   1.875085E-03   1.042696E-03
   744   0.000000E+00   4.968659E-05   3.997074E-05
   745   0.000000E+00   6.126918E-05   2.547163E-05
   746   0.000000E+00   6.111625E-05   5.670562E-05
   747   0.000000E+00   1.879354E-05   3.014662E-05
   748   0.000000E+00  -2.982392E-04   4.845909E-05
   749   0.000000E+00   1.715253E-05   3.622306E-05
   750   0.000000E+00   1.160452E-03   2.223257E-04
   751   0.000000E+00   1.008467E-05   2.507152E-05
   752   0.000000E+00  -1.375702E-04   9.310043E-05
   753   0.000000E+00  -2.687344E-05   4.310329E-05
   754   0.000000E+00  -2.546477E-04   8.780515E-05
   755   0.000000E+00   3.892749E-05   3.154722E-05
   756   0.000000E+00  -1.213088E-04   5.136381E-05
   757   0.000000E+00  -3.257758E-05   4.158928E-05
   758   0.000000E+00   1.111055E-04   3.979963E-05
   759   0.000000E+00   5.174086E-05   3.079421E-05
   760   0.000000E+00   1.173558E-04   9.785477E-05
   761   0.000000E+00   2.860281E-04   6.676575E-05
   762   0.000000E+00  -3.098606E-05   2.670224E-05
   763   0.000000E+00   5.055375E-05   2.547163E-05
   764   0.000000E+00   9.703540E-05   3.139118E-05
   765   0.000000E+00   3.372196E-04   3.726087E-05
   766   0.000000E+00   4.466807E-04   5.581810E-05
   767   0.000000E+00   4.344253E-04   5.138683E-05
   768   0.000000E+00  -7.108812E-06   3.623462E-05
   769   0.000000E+00   1.079646E-03   6.309801E-04
   770   0.000000E+00  -9.206069E-06   7.363586E-05
   771   0.000000E+00   2.071976E-04   2.747425E-05
   772   0.000000E+00   6.288624E-05   3.279285E-05
   773   0.000000E+00   8.465466E-04   7.198962E-05
   774   0.000000E+00   1.073712E-04   4.167816E-05
   775   0.000000E+00   2.912089E-04   3.016024E-05
   776   0.000000E+00   4.670586E-04   3.587868E-05
   777   0.000000E+00   2.849339E-04   6.433065E-05
   778   0.000000E+00   4.195041E-04   3.891477E-05
   779   0.000000E+00   2.739508E-04   3.053185E-05
   780   0.000000E+00   1.644395E-04   3.279801E-05
   781   0.000000E+00   1.068302E-03   2.583525E-04
   782   0.000000E+00   4.374783E-04   3.999934E-05
   783   0.000000E+00   3.725278E-04   7.473856E-05
   784   0.000000E+00   1.869652E-04   2.372358E-05
   785   0.000000E+00   1.812228E-03   2.849040E-04
   786   0.000000E+00   4.189421E-04   3.583350E-05
   787   0.000000E+00   4.764718E-04   5.229974E-05
   788   0.000000E+00   5.269291E-04   4.530177E-05
   789   0.000000E+00   2.811440E-04   2.922159E-05
   790   0.000000E+00   2.966816E-04   3.068300E-05
   791   0.000000E+00   1.540809E-04   2.603586E-05
   792   0.000000E+00   2.303104E-04   2.830580E-05
   793   0.000000E+00   1.603324E-04   2.273269E-05
   794   0.000000E+00   1.014189E-03   1.513282E-04
   795   0.000000E+00   5.584527E-04   1.230757E-04
   796   0.000000E+00   2.626529E-04   4.486014E-05
   797   0.000000E+00   4.246301E-04   7.670949E-05
   798   0.000000E+00   1.470541E-03   1.910509E-04
   799   0.000000E+00   1.525790E-04   2.645064E-05
   800   0.000000E+00   2.007370E-03   5.318033E-04
   801   0.000000E+00   1.011052E-04   2.172030E-05
   802   0.000000E+00   2.322449E-04   4.094920E-05
   803   0.000000E+00   5.126431E-04   7.061205E-05
   804   0.000000E+00   6.520988E-04   7.469525E-05
   805   0.000000E+00   2.335999E-04   4.777532E-05
   806   0.000000E+00   3.481379E-04   7.891373E-05
   807   0.000000E+00   1.783778E-03   2.245348E-04
   808   0.000000E+00   7.904728E-04   1.128870E-04
   809   0.000000E+00   3.095175E-03   8.263193E-04
   810   0.000000E+00   1.483139E-04   2.932472E-05
   811   0.000000E+00   1.292135E-03   1.452169E-04
   812   0.000000E+00   5.521761E-04   8.161353E-05
   813   0.000000E+00   2.152743E-03   2.181146E-04
   814   0.000000E+00   3.892436E-03   7.805474E-04
   815   0.000000E+00   3.375710E-03   3.362209E-04
   816   0.000000E+00   2.242281E-03   7.246632E-04
   817   0.000000E+00   6.587231E-03   1.567776E-03
   818   8.614137E-04   5.356127E-04   3.356157E-03
   819   5.735512E-04   6.041113E-04   1.710391E-03
   820   5.120814E-04   3.667350E-04   1.562812E-03
   821   3.019566E-04   8.981080E-05   1.091409E-03
   822   3.842681E-04   2.606979E-04   1.921340E-03
   823   1.977128E-04   3.667545E-04   5.533008E-04
   824   3.152747E-04   2.474967E-04   1.112734E-03
   825   2.363700E-04   2.068167E-05   1.114953E-03
   826   2.593843E-04   4.381082E-04   7.554883E-04
   827   2.493639E-04   4.901406E-05   1.068702E-03
   828   1.666844E-04   3.493568E-04   4.129259E-04
   829   4.753119E-04   1.707374E-04   3.906674E-03
   830   2.650187E-04  -6.504214E-05   1.526019E-03
   831   5.130635E-04   4.211559E-04   3.193341E-03
   832   2.930122E-04   2.578702E-04   3.855424E-03
   833   1.426340E-04   6.938854E-05   7.909465E-04
   834   8.353032E-04  -6.937841E-05   2.962068E-03
   835   4.238366E-05   5.373233E-06   4.606920E-04
   836  -2.425530E-05  -7.775497E-06   1.233320E-03
   837   9.420808E-05   1.204264E-04   1.228801E-03
   838  -1.671696E-05  -7.911973E-06   1.166299E-03
   839  -1.064453E-04  -1.670281E-05   3.070538E-03
   840  -2.094854E-07   7.089590E-06   6.284562E-04
   841   4.064405E-04   3.723818E-04   2.150479E-03
   842   1.473890E-06   2.634044E-04   2.210834E-03
   843   1.265255E-03   7.438779E-04   3.108734E-03
   844   4.178476E-04   9.082633E-05   9.996354E-04
   845   1.617865E-04   2.854191E-04   3.783004E-04
   846   1.869210E-04   4.187773E-04   4.700445E-04
   847   5.556226E-04   6.822293E-05   1.043096E-03
   848   2.193485E-04   4.350048E-04   5.782475E-04
   849   1.908569E-03   2.574561E-05   3.103364E-03
   850   1.128001E-03  -4.065750E-04   1.944830E-03
   851   4.406825E-04   2.686889E-04   9.880773E-04
   852   2.693891E-03  -1.172587E-03   3.788876E-03
   853   1.674476E-04   3.244628E-04   3.977377E-04
   854   2.955543E-03   1.241116E-03   3.921552E-03
   855   8.136742E-04  -3.577536E-04   1.562754E-03
   856   3.625008E-04   6.816231E-04   8.176711E-04
   857   3.516538E-03   2.084241E-03   3.820939E-03
   858   2.312104E-03   2.766577E-04   2.997542E-03
   859   1.126909E-03  -5.163622E-04   1.927438E-03
   860   3.779155E-03   1.034682E-03   4.051989E-03
   861   4.782190E-04  -1.722958E-04   9.040057E-04
   862   1.616249E-04   2.947478E-04   3.770410E-04
   863   2.101658E-04   4.165839E-04   4.952847E-04
   864   4.579599E-04   6.100520E-05   1.001370E-03
   865   4.612680E-04   5.891372E-04   1.423667E-03
   866   1.523783E-04   3.075918E-04   3.707500E-04
   867   1.948655E-04   3.578534E-04   5.083449E-04
   868   1.312327E-03   2.088916E-04   2.617673E-03
   869   2.787988E-04   2.253882E-04   1.155244E-03
   870   1.276546E-04   2.130227E-04   3.443918E-04
   871   3.302731E-04  -6.083575E-05   7.758961E-04
   872   1.629554E-04   2.621104E-04   4.816414E-04
   873   2.041662E-04   1.620829E-04   7.231388E-04
   874   2.156270E-04   1.126375E-04   1.186938E-03
   875   3.527731E-04   2.005699E-04   2.200248E-03
   876   5.337397E-04  -2.163186E-04   1.622309E-03
   877   9.282673E-05   1.209474E-04   3.026959E-04
   878   1.158970E-04   1.377939E-04   4.209334E-04
   879   1.436282E-04   5.512680E-05   6.262859E-04
   880   2.998886E-04   2.846367E-04   3.877870E-03
   881   1.637244E-04   2.962591E-06   1.008569E-03
   882   2.116671E-04   5.352492E-05   9.724370E-04
   883   2.207120E-04   1.756963E-05   4.868647E-03
   884  -8.043790E-04  -2.698342E-04   8.743249E-03
   885   9.966457E-04   4.646611E-04   3.862968E-03
   886   8.850477E-05   9.905599E-06   4.935210E-04
   887  -1.471765E-04   2.821883E-04   1.824502E-03
   888   6.876570E-05  -3.472565E-05   7.420759E-04
   889  -3.321236E-04  -3.115109E-05   2.806678E-03
   890  -1.836921E-04   2.386589E-05   1.235597E-03
   891   1.671696E-05   2.642368E-07   1.166299E-03
   892   2.614998E-04  -3.110620E-04   1.627592E-03
   893  -2.930122E-04  -2.620991E-04   3.855424E-03
   894   2.907819E-03   4.061113E-03   4.016324E-03
   895   2.741568E-03   1.279794E-03   2.741568E-03
   896   5.470738E-05  -4.626336E-06   4.400057E-04
   897   3.776962E-05   1.306137E-05   3.690843E-04
   898   4.546186E-05  -1.491154E-05   6.494551E-04
   899   4.066256E-05  -4.201935E-06   5.147159E-04
   900  -1.939310E-04   6.433169E-06   1.763009E-03
   901  -2.083952E-05   1.419405E-05   7.186043E-04
   902   9.931902E-05  -1.855036E-04   1.425632E-03
   903  -9.730228E-06  -1.618792E-05   3.559840E-04
   904  -7.086659E-04  -3.698114E-04   4.065005E-03
   905  -1.678408E-04   3.697452E-05   9.554504E-04
   906  -5.130635E-04  -4.237327E-04   3.193341E-03
   907  -4.238366E-05  -1.097449E-05   4.606920E-04
   908  -3.527731E-04  -1.952550E-04   2.200248E-03
   909   3.500810E-06  -5.647006E-05   4.566274E-04
   910  -2.363700E-04  -4.718040E-06   1.114953E-03
   911  -9.775745E-05   3.225529E-05   5.705688E-04
   912  -1.735053E-05  -6.667255E-05   9.131856E-04
   913  -7.208630E-04  -4.938661E-04   3.116122E-03
   914  -3.517735E-05  -2.548015E-05   3.103884E-04
   915  -3.776962E-05  -9.879435E-06   3.690843E-04
   916  -2.156270E-04  -1.272595E-04   1.186938E-03
   917  -3.019566E-04  -8.610908E-05   1.091409E-03
   918  -3.430974E-04  -1.240836E-04   1.322998E-03
   919  -4.167233E-04  -2.247725E-04   1.395279E-03
   920  -6.638119E-05  -3.662295E-05   3.694686E-04
   921  -3.173288E-04  -6.102339E-04   2.956479E-03
   922  -1.420582E-04  -5.576193E-05   8.307497E-04
   923  -1.436282E-04  -4.345207E-05   6.262859E-04
   924  -9.456918E-05  -7.482983E-05   4.172170E-04
   925  -5.940978E-04  -5.399297E-04   1.676664E-03
   926  -6.974222E-05  -2.438885E-05   4.798776E-04
   927  -2.041662E-04  -1.491616E-04   7.231388E-04
   928  -3.092542E-04  -2.430434E-04   9.664194E-04
   929  -1.956773E-04  -8.575115E-05   7.965155E-04
   930  -2.228164E-04  -2.477257E-04   7.418970E-04
   931  -1.251599E-04  -1.356950E-04   4.412219E-04
   932  -2.071992E-04  -2.447402E-04   7.236293E-04
   933  -1.482069E-04   2.106100E-04   1.457773E-03
   934  -2.020586E-04  -2.224084E-04   6.301204E-04
   935  -2.223071E-04  -1.566824E-04   8.054605E-04
   936  -1.629554E-04  -2.659899E-04   4.816414E-04
   937  -5.715403E-04   2.556697E-04   2.411563E-03
   938  -2.418009E-04  -3.405091E-04   6.817695E-04
   939  -3.274497E-04  -6.374902E-04   8.505187E-04
   940  -3.892124E-04  -8.169521E-04   1.023345E-03
   941  -3.487076E-04  -6.317332E-04   8.790949E-04
   942  -2.193485E-04  -4.367021E-04   5.782475E-04
   943  -2.101658E-04  -4.345425E-04   4.952847E-04
   944  -1.069189E-04  -1.564123E-04   3.178956E-04
   945  -1.276546E-04  -2.141367E-04   3.443918E-04
   946  -5.788765E-04   2.294730E-04   1.455683E-03
   947  -2.594075E-04   2.767597E-04   1.103862E-03
   948  -3.625008E-04  -6.843355E-04   8.176711E-04
   949  -3.884689E-04  -2.714512E-04   8.690579E-04
   950  -7.374836E-04   1.791571E-04   1.831499E-03
   951  -1.617865E-04  -2.797899E-04   3.783004E-04
   952  -1.502351E-03  -7.621197E-04   3.386216E-03
   953  -1.616249E-04  -2.941087E-04   3.770410E-04
   954  -3.133507E-04  -4.716157E-04   7.372957E-04
   955  -3.697839E-04  -1.476400E-04   9.629789E-04
   956  -4.346921E-04   2.783269E-04   9.429331E-04
   957  -2.931307E-04  -1.490544E-04   6.485193E-04
   958  -4.147382E-04  -9.936358E-05   8.452545E-04
   959  -1.345678E-03   7.387804E-05   2.214500E-03
   960  -7.275396E-04   1.394715E-04   1.275639E-03
   961  -2.727041E-03  -1.813922E-03   4.096707E-03
   962  -1.428465E-04   4.471312E-05   2.913253E-04
   963  -9.439981E-04   3.626610E-04   1.719487E-03
   964  -4.126256E-04   2.569280E-04   7.594335E-04
   965  -1.460938E-03   8.335516E-04   2.272066E-03
   966  -4.797439E-03  -2.272858E-03   5.591420E-03
   967  -2.848325E-03   9.521672E-04   4.080695E-03
   968  -3.352111E-03  -1.334512E-03   5.112523E-03
   969  -8.142583E-03  -3.491204E-03   8.511411E-03
   970   0.000000E+00   2.954176E-04   3.356157E-03
   971   0.000000E+00   1.120245E-04   1.710391E-03
   972   0.000000E+00   2.919586E-04   1.562812E-03
   973   0.000000E+00   1.816200E-04   1.091409E-03
   974   0.000000E+00   1.436954E-04   1.921340E-03
   975   0.000000E+00   2.680056E-05   5.533008E-04
   976   0.000000E+00   1.256165E-04   1.112734E-03
   977   0.000000E+00   1.842791E-04   1.114953E-03
   978   0.000000E+00   3.372035E-05   7.554883E-04
   979   0.000000E+00   1.583037E-04   1.068702E-03
   980   0.000000E+00   5.474811E-05   4.129259E-04
   981   0.000000E+00   3.791888E-04   3.906674E-03
   982   0.000000E+00   2.859532E-04   1.526019E-03
   983   0.000000E+00   2.380273E-05   3.193341E-03
   984   0.000000E+00  -9.477346E-05   3.855424E-03
   985   0.000000E+00   1.488009E-04   7.909465E-04
   986   0.000000E+00   2.203283E-04   2.962068E-03
   987   0.000000E+00   8.169254E-05   4.606920E-04
   988   0.000000E+00   2.185002E-04   1.233320E-03
   989   0.000000E+00   3.146375E-04   1.228801E-03
   990   0.000000E+00   1.878067E-04   1.166299E-03
   991   0.000000E+00   4.499737E-05   3.070538E-03
   992   0.000000E+00   1.234168E-04   6.284562E-04
   993   0.000000E+00   3.049274E-04   2.150479E-03
   994   0.000000E+00   9.769286E-06   2.210834E-03
   995   0.000000E+00   7.709585E-04   3.108734E-03
   996   0.000000E+00   3.471413E-05   9.996354E-04
   997   0.000000E+00   5.881153E-05   3.783004E-04
   998   0.000000E+00   1.874056E-05   4.700445E-04
   999   0.000000E+00  -1.018901E-04   1.043096E-03
  1000   0.000000E+00   5.674902E-06   5.782475E-04
  1001   0.000000E+00   4.412619E-04   3.103364E-03
  1002   0.000000E+00  -2.772957E-04   1.944830E-03
  1003   0.000000E+00   1.524957E-05   9.880773E-04
  1004   0.000000E+00   1.951491E-05   3.788876E-03
  1005   0.000000E+00   3.993791E-05   3.977377E-04
  1006   0.000000E+00   1.660227E-03   3.921552E-03
  1007   0.000000E+00  -1.420530E-04   1.562754E-03
  1008   0.000000E+00   1.418416E-04   8.176711E-04
  1009   0.000000E+00   3.351683E-03   3.820939E-03
  1010   0.000000E+00   1.624638E-04   2.997542E-03
  1011   0.000000E+00   3.115942E-04   1.927438E-03
  1012   0.000000E+00   1.908867E-03   4.051989E-03
  1013   0.000000E+00  -1.276805E-04   9.040057E-04
  1014   0.000000E+00   5.164999E-05   3.770410E-04
  1015   0.000000E+00   5.246891E-05   4.952847E-04
  1016   0.000000E+00   2.590849E-05   1.001370E-03
  1017   0.000000E+00   7.889360E-05   1.423667E-03
  1018   0.000000E+00   2.983985E-05   3.707500E-04
  1019   0.000000E+00   1.809661E-05   5.083449E-04
  1020   0.000000E+00   1.152849E-03   2.617673E-03
  1021   0.000000E+00   2.911920E-05   1.155244E-03
  1022   0.000000E+00   1.305020E-05   3.443918E-04
  1023   0.000000E+00   1.536678E-05   7.758961E-04
  1024   0.000000E+00  -6.836851E-06   4.816414E-04
  1025   0.000000E+00   5.735314E-05   7.231388E-04
  1026   0.000000E+00   7.885934E-05   1.186938E-03
  1027   0.000000E+00   1.029465E-04   2.200248E-03
  1028   0.000000E+00   5.553976E-05   1.622309E-03
  1029   0.000000E+00  -8.518582E-06   3.026959E-04
  1030   0.000000E+00   8.007480E-06   4.209334E-04
  1031   0.000000E+00   8.162604E-05   6.262859E-04
  1032   0.000000E+00  -1.019400E-04   3.877870E-03
  1033   0.000000E+00   1.575674E-04   1.008569E-03
  1034   0.000000E+00   5.589714E-06   9.724370E-04
  1035   0.000000E+00   2.583057E-04   4.868647E-03
  1036   0.000000E+00  -4.928414E-04   8.743249E-03
  1037   0.000000E+00   4.279320E-04   3.862968E-03
  1038   0.000000E+00   7.440465E-05   4.935210E-04
  1039   0.000000E+00   5.286556E-04   1.824502E-03
  1040   0.000000E+00   1.570478E-04   7.420759E-04
  1041   0.000000E+00   3.792307E-04   2.806678E-03
  1042   0.000000E+00   2.086805E-04   1.235597E-03
  1043   0.000000E+00   2.134833E-04   1.166299E-03
  1044   0.000000E+00   4.880274E-04   1.627592E-03
  1045   0.000000E+00  -6.617398E-05   3.855424E-03
  1046   0.000000E+00   2.909983E-03   4.016324E-03
  1047   0.000000E+00   1.110346E-03   2.741568E-03
  1048   0.000000E+00   5.883536E-05   4.400057E-04
  1049   0.000000E+00   6.010656E-05   3.690843E-04
  1050   0.000000E+00   1.409841E-04   6.494551E-04
  1051   0.000000E+00   1.100824E-04   5.147159E-04
  1052   0.000000E+00   2.510482E-04   1.763009E-03
  1053   0.000000E+00   1.480849E-04   7.186043E-04
  1054   0.000000E+00   3.540835E-04   1.425632E-03
  1055   0.000000E+00   5.829875E-05   3.559840E-04
  1056   0.000000E+00   3.248003E-04   4.065005E-03
  1057   0.000000E+00   1.639677E-04   9.554504E-04
  1058   0.000000E+00  -5.805856E-06   3.193341E-03
  1059   0.000000E+00   8.678460E-05   4.606920E-04
  1060   0.000000E+00   1.258253E-04   2.200248E-03
  1061   0.000000E+00   1.260825E-04   4.566274E-04
  1062   0.000000E+00   1.973744E-04   1.114953E-03
  1063   0.000000E+00   1.049442E-04   5.705688E-04
  1064   0.000000E+00   3.109307E-04   9.131856E-04
  1065   0.000000E+00   1.314966E-04   3.116122E-03
  1066   0.000000E+00   6.599758E-05   3.103884E-04
  1067   0.000000E+00   6.705769E-05   3.690843E-04
  1068   0.000000E+00   6.974046E-05   1.186938E-03
  1069   0.000000E+00   1.875398E-04   1.091409E-03
  1070   0.000000E+00   1.876667E-04   1.322998E-03
  1071   0.000000E+00   1.884022E-04   1.395279E-03
  1072   0.000000E+00   6.015108E-05   3.694686E-04
  1073   0.000000E+00   9.356204E-05   2.956479E-03
  1074   0.000000E+00   1.560402E-04   8.307497E-04
  1075   0.000000E+00   8.370054E-05   6.262859E-04
  1076   0.000000E+00   2.832962E-05   4.172170E-04
  1077   0.000000E+00   1.927377E-04   1.676664E-03
  1078   0.000000E+00   2.365083E-05   4.798776E-04
  1079   0.000000E+00   6.415894E-05   7.231388E-04
  1080   0.000000E+00   1.068062E-04   9.664194E-04
  1081   0.000000E+00   7.227689E-06   7.965155E-04
  1082   0.000000E+00   4.212166E-05   7.418970E-04
  1083   0.000000E+00   1.714700E-05   4.412219E-04
  1084   0.000000E+00  -4.228837E-06   7.236293E-04
  1085   0.000000E+00   3.054511E-04   1.457773E-03
  1086   0.000000E+00   1.042912E-04   6.301204E-04
  1087   0.000000E+00  -2.836269E-05   8.054605E-04
  1088   0.000000E+00   5.625893E-06   4.816414E-04
  1089   0.000000E+00   6.157471E-04   2.411563E-03
  1090   0.000000E+00   4.447440E-05   6.817695E-04
  1091   0.000000E+00   8.037269E-05   8.505187E-04
  1092   0.000000E+00   6.309732E-05   1.023345E-03
  1093   0.000000E+00   5.398011E-05   8.790949E-04
  1094   0.000000E+00   4.055728E-06   5.782475E-04
  1095   0.000000E+00   5.023061E-05   4.952847E-04
  1096   0.000000E+00   1.597976E-05   3.178956E-04
  1097   0.000000E+00   2.186533E-06   3.443918E-04
  1098   0.000000E+00   7.300058E-05   1.455683E-03
  1099   0.000000E+00   1.681222E-04   1.103862E-03
  1100   0.000000E+00   1.270713E-04   8.176711E-04
  1101   0.000000E+00   6.063407E-05   8.690579E-04
  1102   0.000000E+00   5.279104E-04   1.831499E-03
  1103   0.000000E+00   4.908054E-05   3.783004E-04
  1104   0.000000E+00   1.013537E-03   3.386216E-03
  1105   0.000000E+00   5.865829E-05   3.770410E-04
  1106   0.000000E+00   5.920634E-05   7.372957E-04
  1107   0.000000E+00   2.078438E-05   9.629789E-04
  1108   0.000000E+00  -2.603546E-05   9.429331E-04
  1109   0.000000E+00   1.472087E-05   6.485193E-04
  1110   0.000000E+00  -2.118671E-05   8.452545E-04
  1111   0.000000E+00  -2.214353E-04   2.214500E-03
  1112   0.000000E+00  -1.239019E-04   1.275639E-03
  1113   0.000000E+00   9.592089E-04   4.096707E-03
  1114   0.000000E+00  -4.382332E-05   2.913253E-04
  1115   0.000000E+00   6.757296E-05   1.719487E-03
  1116   0.000000E+00  -9.536088E-05   7.594335E-04
  1117   0.000000E+00  -2.518376E-05   2.272066E-03
  1118   0.000000E+00   1.744519E-03   5.591420E-03
  1119   0.000000E+00   2.701208E-04   4.080695E-03
  1120   0.000000E+00   1.929635E-03   5.112523E-03
  1121   0.000000E+00   4.817483E-03   8.511411E-03
