 smom1,sph1,sth1,slr1
          16           6           6          10
 phi boundaries
  0.00000E+00  2.61799E-01  5.23599E-01  7.85398E-01  1.04720E+00  1.30900E+00  1.57080E+00
 theta boundaries
  0.00000E+00  2.61799E-01  5.23599E-01  7.85398E-01  1.04720E+00  1.30900E+00  1.57080E+00
 radius boundaries in arcsec
  0.00000E+00  1.19639E+00  1.80726E+00  2.73003E+00  4.12397E+00  6.22963E+00  9.41044E+00  1.42153E+01  2.14736E+01  3.24379E+01  9.80009E+03
                                                                              phi,theta,r,mgemass,fitmass,errmass,x,y,z 
                                           (in arcsec),vx,vy,vz,xv2,vy2,vz2,vxvy,vyvz,vzvx,orbit long, orbit short,boxes
       1       1       1  4.16813E-04  4.36502E-04  4.16813E-06  9.23435E-02  1.22462E-02  5.06893E-01 -5.95522E+00 -2.69440E+01 -5.42601E+00  6.01413E+04  4.51555E+04  9.77294E+04  3.39469E+03  2.12111E+03  2.01036E+04  2.54616E-05  9.28484E-05  3.18192E-04
       1       1       2  1.18868E-04  1.26086E-04  1.18868E-06  2.67376E-01  3.86253E-02  1.46855E+00  1.81684E+00  1.40864E+02 -1.18260E+01  4.45037E+04  5.54713E+04  7.44423E+04  1.53116E+03 -2.13936E+03  1.70271E+04  7.46885E-05  0.00000E+00  5.13973E-05
       1       1       3  2.05170E-04  1.80841E-04  2.05170E-06  4.21232E-01  6.28311E-02  2.14313E+00  6.31162E+00  6.19370E+01 -1.39336E+00  5.65206E+04  3.62473E+04  4.84184E+04  1.93852E+03  2.06409E+03  1.05906E+04  5.47421E-05  0.00000E+00  1.26099E-04
       1       1       4  2.88362E-04  2.71860E-04  2.88362E-06  5.94202E-01  8.40472E-02  3.55740E+00  3.75547E-01  7.53333E+00 -5.42197E+00  8.20628E+04  3.96747E+04  3.98566E+04  9.02678E+02 -5.87872E+03  2.81924E+03  2.42570E-04  0.00000E+00  2.92901E-05
       1       1       5  2.63496E-04  4.92481E-04  2.63496E-06  8.72223E-01  1.28325E-01  5.17252E+00 -2.18666E-01  5.50600E+00 -1.31983E+00  3.61377E+04  1.74447E+04  2.95428E+04  3.62956E+02 -6.91502E+02  9.39524E+02  4.63588E-04  0.00000E+00  2.88933E-05
       1       1       6  2.11362E-04  2.85514E-04  2.11362E-06  1.16838E+00  1.53041E-01  6.63984E+00 -1.59615E-01  3.25327E+00 -1.22275E+00  1.77121E+04  9.80065E+03  1.91540E+04 -1.42767E+01 -1.09280E+03  2.42371E+03  2.32463E-04  0.00000E+00  5.30509E-05
       1       1       7  2.15408E-04  2.41524E-04  2.15408E-06  1.96715E+00  2.79666E-01  1.23573E+01 -1.39088E+01 -1.76246E+02  3.17208E+00  4.11266E+04  4.11161E+04  3.52139E+04  2.53923E+03 -3.04395E+03  4.15685E+03  1.97908E-04  0.00000E+00  4.36156E-05
       1       1       8  3.60791E-04  5.14806E-04  3.60791E-06  2.94250E+00  3.98881E-01  1.79630E+01 -7.43595E+00 -1.10743E+02  1.60622E+01  1.87022E+04  1.76071E+04  2.57634E+04  1.22952E+03 -8.46138E+02  2.40338E+03  4.02866E-04  0.00000E+00  1.11940E-04
       1       1       9  3.75374E-04  4.60043E-04  3.75374E-06  4.25390E+00  5.76709E-01  2.38067E+01 -2.84186E+00 -4.80964E+01  1.28519E+01  6.22392E+03  6.05950E+03  1.14469E+04  5.10685E+02 -2.12856E+02  1.79442E+03  2.07772E-04  0.00000E+00  2.52271E-04
       1       1      10  1.69950E-04  1.67428E-04  1.69950E-06  1.54053E+01  2.55108E+00  7.36638E+01 -2.35499E-01  4.46312E-01  6.54850E+00  2.21967E+03  9.00703E+01  4.66158E+04  3.57226E+02  1.70661E+03  9.76747E+03  0.00000E+00  0.00000E+00  1.67428E-04
       1       2       1  1.25936E-03  9.99354E-04  1.25936E-05  2.02129E-01  2.70605E-02  4.82716E-01  1.13416E+01 -8.05112E+01 -1.56565E+00  6.66775E+04  3.15380E+04  7.68440E+04  3.08813E+03  2.48006E+03  2.07808E+04  0.00000E+00  3.67150E-04  6.32204E-04
       1       2       2  3.62627E-04  2.26972E-04  3.62627E-06  5.31668E-01  6.55619E-02  1.41684E+00 -8.21411E+00 -3.82486E+00 -8.98346E+00  4.72944E+04  9.18815E+03  1.34542E+05  5.22227E+03  7.83207E+03  5.72453E+04  0.00000E+00  0.00000E+00  2.26972E-04
       1       2       3  6.23744E-04  6.36569E-04  6.23744E-06  7.91738E-01  1.07978E-01  2.12449E+00  1.58733E+00  2.59967E-01  6.16922E+00  2.38512E+04  1.99172E+03  4.10113E+04  2.07512E+03  2.46535E+03  1.80085E+04  0.00000E+00  0.00000E+00  6.36569E-04
       1       2       4  8.99801E-04  2.58895E-04  8.99801E-06  1.31982E+00  2.16651E-01  3.21771E+00  6.36913E+00 -7.83240E+01 -2.67261E+00  9.60424E+04  4.76604E+04  1.00041E+05  5.84559E+03 -5.66928E+02  4.00205E+04  8.69240E-05  4.46896E-05  1.27282E-04
       1       2       5  8.38478E-04  5.12966E-04  8.38478E-06  1.98620E+00  3.63567E-01  4.82653E+00  2.09991E-01 -1.77336E+00 -5.73350E+00  3.71218E+04  5.24997E+03  6.77328E+04  1.04553E+03  8.56693E+01  2.15849E+04  2.69986E-04  4.96551E-06  2.38014E-04
       1       2       6  7.07868E-04  7.06881E-04  7.07868E-06  3.04256E+00  4.27461E-01  6.77612E+00 -1.84107E+00  1.21419E+00 -3.25135E+00  1.13017E+04  1.17744E+03  4.65717E+04  8.46883E+02  1.50991E+03  1.80546E+04  8.93812E-05  0.00000E+00  6.17500E-04
       1       2       7  6.97894E-04  3.27977E-04  6.97894E-06  4.81215E+00  6.17445E-01  1.08180E+01 -2.99728E+00 -1.29480E+01 -5.12187E+00  1.89575E+04  7.31602E+03  1.10111E+05  1.32878E+03  5.62973E+03  4.30840E+04  0.00000E+00  7.14028E-06  3.20837E-04
       1       2       8  1.15177E-03  6.72186E-04  1.15177E-05  7.18412E+00  9.62847E-01  1.65906E+01 -3.92370E+00 -2.92562E+00 -1.00066E+01  9.91837E+03  5.22899E+02  5.69467E+04  1.36714E+03  3.44347E+03  2.26572E+04  0.00000E+00  0.00000E+00  6.72186E-04
       1       2       9  1.28089E-03  1.43634E-03  1.28089E-05  9.95750E+00  1.40302E+00  2.33671E+01 -3.10962E+00 -2.20660E+00 -5.51679E+00  2.51056E+03  2.05206E+02  1.39421E+04  3.51911E+02  8.75545E+02  5.49023E+03  0.00000E+00  0.00000E+00  1.43634E-03
       1       2      10  5.84890E-04  4.91616E-04  5.84890E-06  2.98904E+01  3.82161E+00  7.00146E+01  1.26743E+00  1.13230E+00  9.02141E-01  7.47575E+03  1.94656E+02  3.89077E+04  8.86601E+02  1.87643E+03  1.65939E+04  0.00000E+00  0.00000E+00  4.91616E-04
       1       3       1  2.11301E-03  2.25077E-03  2.11301E-05  3.58666E-01  4.91322E-02  4.86098E-01  8.38750E+00 -8.29470E+01 -4.75536E-01  4.31306E+04  1.86358E+04  4.29965E+04  2.90614E+03  7.27132E+02  5.05079E+03  0.00000E+00  1.37922E-03  8.71547E-04
       1       3       2  6.20930E-04  5.27162E-04  6.20930E-06  8.98257E-01  1.22844E-01  1.20624E+00 -2.97672E+00 -2.60511E+00 -3.92029E+00  6.38951E+04  2.20001E+04  7.12823E+04  5.83493E+03  4.46896E+03  2.41965E+04  0.00000E+00  3.65720E-04  1.61442E-04
       1       3       3  1.05787E-03  1.12877E-03  1.05787E-05  1.35853E+00  1.89509E-01  1.79808E+00  3.32506E-02 -4.89972E+01  6.08602E+00  2.33342E+04  7.28499E+03  3.47434E+04  2.54771E+03  1.44293E+03  1.46761E+04  0.00000E+00  7.81988E-04  3.46786E-04
       1       3       4  1.60280E-03  9.62838E-04  1.60280E-05  2.01672E+00  2.73818E-01  2.79563E+00  3.54180E+01 -2.41150E+02  4.24910E+00  5.81508E+04  9.39970E+04  5.80055E+04 -3.40235E+03  2.98024E+03  2.74886E+04  0.00000E+00  6.41911E-04  3.20927E-04
       1       3       5  1.55708E-03  1.26759E-03  1.55708E-05  3.23385E+00  4.44377E-01  4.06124E+00  1.41538E+01 -1.27511E+02 -3.54527E+00  4.43110E+04  2.91306E+04  4.64406E+04  1.74278E+03  2.95897E+03  2.16543E+04  2.94866E-05  7.72848E-04  4.65255E-04
       1       3       6  1.45379E-03  1.69493E-03  1.45379E-05  4.19779E+00  5.49733E-01  5.72758E+00  1.15788E+01 -8.65226E+01  1.46611E+00  1.41519E+04  1.59756E+04  2.46411E+04 -3.78617E+02  1.16336E+03  1.05753E+04  0.00000E+00  8.25206E-04  8.69720E-04
       1       3       7  1.40285E-03  1.09827E-03  1.40285E-05  7.27906E+00  9.66290E-01  9.73924E+00  2.94206E+01 -1.79204E+02  5.46162E+00  3.00005E+04  5.25208E+04  4.93027E+04 -3.62583E+03  2.31647E+03  1.66931E+04  0.00000E+00  7.85041E-04  3.13226E-04
       1       3       8  2.14523E-03  2.22480E-03  2.14523E-05  1.08494E+01  1.46361E+00  1.44264E+01  1.93301E+01 -1.08475E+02  1.68675E+00  1.82189E+04  2.12113E+04  3.04811E+04 -7.33655E+02  1.20223E+03  1.03629E+04  0.00000E+00  1.46970E-03  7.55102E-04
       1       3       9  2.72297E-03  3.17415E-03  2.72297E-05  1.48763E+01  1.87724E+00  2.01184E+01  7.63665E+00 -4.37070E+01 -2.09912E+00  6.05015E+03  5.61550E+03  1.08536E+04  1.30792E+02  4.59212E+02  3.78870E+03  0.00000E+00  1.43387E-03  1.74028E-03
       1       3      10  1.40559E-03  1.39510E-03  1.40559E-05  4.54976E+01  6.08067E+00  6.05381E+01  4.48058E+00 -4.15344E+01 -3.94360E-01  1.62623E+04  3.60433E+03  2.78399E+04  1.72057E+03  1.13675E+03  8.66967E+03  0.00000E+00  8.39138E-04  5.55966E-04
       1       4       1  2.93412E-03  3.18282E-03  2.93412E-05  4.91857E-01  6.53262E-02  3.48269E-01  2.01711E+01 -1.50533E+02 -3.66609E-01  3.94456E+04  5.81263E+04  2.77625E+04 -3.27900E+03  5.35435E+02  3.26782E+03  0.00000E+00  2.52469E-03  6.58131E-04
       1       4       2  8.88363E-04  9.09787E-04  8.88363E-06  1.23050E+00  1.61286E-01  8.54668E-01 -1.15253E+00 -1.16454E+01 -4.62432E+00  6.47233E+04  5.40363E+04  2.87853E+04  1.88166E+03  9.01716E+02  6.61779E+03  0.00000E+00  7.49870E-04  1.59917E-04
       1       4       3  1.48751E-03  1.51532E-03  1.48751E-05  1.76913E+00  2.40375E-01  1.25792E+00  2.96880E+00 -4.31930E+01 -1.94634E+00  2.06961E+04  2.93831E+04  1.60508E+04 -9.08183E+02  7.29109E+02  4.93272E+03  0.00000E+00  1.16883E-03  3.46489E-04
       1       4       4  2.39950E-03  1.61207E-03  2.39950E-05  2.82112E+00  3.75484E-01  2.01100E+00  1.76399E+01 -1.43876E+02  1.37454E+00  3.92653E+04  1.29786E+05  2.58648E+04 -1.15280E+04 -7.51167E+02  4.13523E+03  0.00000E+00  1.49780E-03  1.14262E-04
       1       4       5  2.47925E-03  3.16779E-03  2.47925E-05  4.25142E+00  5.64898E-01  2.98977E+00  1.55652E+01 -9.70666E+01  5.04855E+00  3.99849E+04  4.50721E+04  2.22109E+04 -8.26761E+02  4.61788E+02  4.66330E+03  0.00000E+00  2.78577E-03  3.82026E-04
       1       4       6  2.64188E-03  3.15728E-03  2.64188E-05  5.95183E+00  7.92920E-01  4.07053E+00  4.43000E+00 -4.31005E+01  3.76469E+00  2.20997E+04  1.91203E+04  1.25726E+04  5.37163E+02  1.04648E+03  6.33602E+03  0.00000E+00  2.12948E-03  1.02780E-03
       1       4       7  2.74295E-03  2.37616E-03  2.74295E-05  9.77217E+00  1.28938E+00  6.88182E+00  3.07777E+01 -2.55958E+02 -4.72797E+00  3.80861E+04  8.75746E+04  2.81126E+04 -7.10921E+03  1.08801E+03  7.24385E+03  0.00000E+00  2.07437E-03  3.01784E-04
       1       4       8  3.49072E-03  3.99129E-03  3.49072E-05  1.47658E+01  1.92601E+00  1.01543E+01  1.46399E+01 -1.46184E+02 -1.03848E+00  3.09000E+04  3.08151E+04  1.85085E+04  8.97941E+01  7.62846E+02  5.87006E+03  0.00000E+00  3.35575E-03  6.35544E-04
       1       4       9  5.15096E-03  5.77055E-03  5.15096E-05  2.04817E+01  2.82054E+00  1.41216E+01  1.10049E+01 -7.34213E+01 -5.59024E-01  1.40105E+04  1.05088E+04  7.64628E+03  2.83325E+02  2.51731E+02  2.01716E+03  0.00000E+00  4.22235E-03  1.54820E-03
       1       4      10  3.74836E-03  4.51990E-03  3.74836E-05  6.16682E+01  8.25891E+00  4.15576E+01  8.89126E+00 -6.53005E+01  3.10633E+00  3.09613E+04  6.12073E+03  1.41213E+04  3.38467E+03  2.85382E+02  2.94117E+03  0.00000E+00  4.04267E-03  4.77230E-04
       1       5       1  3.61597E-03  3.54979E-03  3.61597E-05  5.26535E-01  7.08784E-02  2.24104E-01  1.51351E+01 -1.49260E+02  9.68996E-01  3.94243E+04  5.42484E+04  3.21626E+04 -1.07167E+03 -2.74314E+02  2.05925E+03  0.00000E+00  2.79505E-03  7.54738E-04
       1       5       2  1.13048E-03  1.06831E-03  1.13048E-05  1.38064E+00  1.85228E-01  5.99670E-01  4.55341E+00 -1.06285E+01  1.62738E+00  7.38029E+04  5.03344E+04  3.05478E+04  4.72565E+03 -1.31828E+03  1.39846E+03  0.00000E+00  8.67410E-04  2.00895E-04
       1       5       3  1.85361E-03  1.92859E-03  1.85361E-05  1.98424E+00  2.74858E-01  8.39814E-01  1.85861E+00 -4.10587E+01  2.92764E+00  4.29944E+04  2.86217E+04  1.98854E+04  2.82680E+03 -1.09942E+03 -5.20348E+02  0.00000E+00  1.37569E-03  5.52901E-04
       1       5       4  3.17232E-03  1.81686E-03  3.17232E-05  3.16993E+00  4.17184E-01  1.35151E+00  1.12090E+01 -1.13072E+02  6.16845E+00  5.40122E+04  8.34611E+04  5.21318E+04 -3.31821E+03 -1.79210E+03  5.44894E+03  0.00000E+00  1.63103E-03  1.85827E-04
       1       5       5  3.50293E-03  3.41489E-03  3.50293E-05  4.78253E+00  6.40324E-01  2.10784E+00  5.98043E+00 -7.68145E+01 -2.72254E+00  4.33369E+04  3.90760E+04  2.74181E+04  9.94873E+02  3.11840E+03  5.57897E+03  0.00000E+00  3.04265E-03  3.72238E-04
       1       5       6  4.22627E-03  3.85802E-03  4.22627E-05  6.54522E+00  8.93933E-01  2.84262E+00  5.75969E+00 -6.00581E+01 -1.07702E+00  4.01644E+04  2.25999E+04  1.69104E+04  2.50484E+03 -1.92583E+02  8.05657E+03  0.00000E+00  2.90283E-03  9.55182E-04
       1       5       7  5.23867E-03  3.29609E-03  5.23867E-05  1.08931E+01  1.46078E+00  4.58849E+00  2.20476E+01 -1.75564E+02 -3.07389E+00  6.22784E+04  5.07064E+04  3.33070E+04  1.82673E+03  1.65235E+03  9.66860E+03  0.00000E+00  2.48031E-03  8.15774E-04
       1       5       8  5.53689E-03  6.00600E-03  5.53689E-05  1.65156E+01  2.22872E+00  6.89934E+00  8.48427E+00 -1.11026E+02  3.43303E+00  3.94744E+04  2.13307E+04  1.69848E+04  2.70753E+03  5.84653E+01  6.63234E+03  0.00000E+00  4.39495E-03  1.61105E-03
       1       5       9  8.53277E-03  9.54177E-03  8.53277E-05  2.32769E+01  3.15506E+00  9.71051E+00  3.95199E+00 -5.13637E+01 -1.56974E+00  1.45750E+04  6.85538E+03  5.77295E+03  1.19675E+03  4.69780E+02  1.92866E+03  0.00000E+00  5.39459E-03  4.14718E-03
       1       5      10  1.00142E-02  5.64686E-03  1.00142E-04  6.89485E+01  9.13866E+00  2.98760E+01  5.23201E+00 -6.10820E+01 -2.14841E+00  3.54674E+04  5.40431E+03  8.21004E+03  4.24790E+03  2.01188E+02  5.66403E+02  0.00000E+00  5.17093E-03  4.75926E-04
       1       6       1  4.01232E-03  4.27783E-03  4.01232E-05  5.81345E-01  7.87663E-02  7.85069E-02  1.13063E+01 -1.12265E+02  5.18765E-01  5.04364E+04  3.58556E+04  2.96449E+04  2.50643E+03  2.66979E+02  9.28055E+02  0.00000E+00  3.12987E-03  1.14796E-03
       1       6       2  1.28147E-03  1.28205E-03  1.28147E-05  1.48595E+00  1.99995E-01  2.00146E-01 -6.82038E+00  4.47129E+01 -1.53840E+00  7.73158E+04  4.90601E+04  2.37932E+04  4.65641E+03  1.01032E+02 -3.65784E+02  0.00000E+00  1.03030E-03  2.51750E-04
       1       6       3  2.07027E-03  2.22800E-03  2.07027E-05  2.18705E+00  3.03498E-01  2.83484E-01  6.11877E+00 -3.75864E+01 -1.05933E+00  5.30976E+04  1.82089E+04  1.80097E+04  5.75905E+03  6.81577E+02  7.59672E+02  0.00000E+00  1.48399E-03  7.44004E-04
       1       6       4  3.67331E-03  2.91840E-03  3.67331E-05  3.39709E+00  4.59577E-01  4.47716E-01  1.29904E+01 -9.98331E+01  9.65486E-01  5.76675E+04  9.56307E+04  4.08156E+04 -3.89370E+03 -1.49926E+02  4.83147E+03  0.00000E+00  2.40633E-03  5.12075E-04
       1       6       5  4.23992E-03  4.51823E-03  4.23992E-05  5.13868E+00  7.04280E-01  6.74110E-01  6.01641E+00 -5.67837E+01 -2.30786E+00  5.27878E+04  4.56286E+04  1.68322E+04  1.59754E+03  1.73312E+03  5.24217E+03  0.00000E+00  3.57591E-03  9.42315E-04
       1       6       6  5.50971E-03  6.28715E-03  5.50971E-05  7.04983E+00  9.99725E-01  9.24026E-01  5.44674E+00 -4.75109E+01 -2.60578E+00  3.07560E+04  2.10559E+04  1.23617E+04  1.76568E+03  8.31872E+02  3.75368E+03  0.00000E+00  4.16314E-03  2.12401E-03
       1       6       7  7.93902E-03  5.93338E-03  7.93902E-05  1.17677E+01  1.57618E+00  1.61800E+00  3.45774E+01 -2.47745E+02 -1.16565E+00  4.08637E+04  8.06494E+04  1.95004E+04 -5.10407E+03  7.73301E+02  4.48847E+03  0.00000E+00  4.96375E-03  9.69627E-04
       1       6       8  8.04669E-03  1.03965E-02  8.04669E-05  1.77502E+01  2.40399E+00  2.46635E+00  2.29592E+01 -1.57340E+02  1.14616E+00  3.18691E+04  3.46887E+04  9.37063E+03 -9.54875E+01  1.49394E+02  2.27128E+03  0.00000E+00  8.49131E-03  1.90522E-03
       1       6       9  1.14359E-02  1.35663E-02  1.14359E-04  2.43638E+01  3.25447E+00  3.53574E+00  1.44136E+01 -8.01456E+01  1.48880E+00  1.28975E+04  1.30808E+04  3.88013E+03 -2.15538E+02  1.94547E+02  8.83921E+02  0.00000E+00  8.52628E-03  5.03998E-03
       1       6      10  1.90821E-02  2.22631E-02  1.90821E-04  6.27256E+01  8.33679E+00  8.05370E+00  3.03368E+01 -2.26855E+02  8.89986E-01  1.13168E+04  6.17278E+04  2.31337E+03 -6.74359E+03 -1.67420E+01  2.67856E+02  0.00000E+00  2.11140E-02  1.14904E-03
       2       1       1  4.16794E-04  4.48615E-04  4.16794E-06  8.64748E-02  3.45911E-02  4.98215E-01  1.75625E+01 -3.76112E+01  8.23755E-01  6.18508E+04  4.48436E+04  1.06584E+05  9.55807E+03  2.67085E+03  2.27016E+04  2.96948E-05  1.00928E-04  3.17992E-04
       2       1       2  1.18861E-04  1.42276E-04  1.18861E-06  2.68955E-01  1.03503E-01  1.45099E+00  5.69681E+00  1.14501E+02 -1.22343E+01  5.19034E+04  5.59348E+04  6.85233E+04  5.85736E+03  4.45608E+03  1.51083E+04  8.62932E-05  0.00000E+00  5.59827E-05
       2       1       3  2.05161E-04  2.02877E-04  2.05161E-06  4.06142E-01  1.54274E-01  2.11766E+00  1.43840E+00  5.38720E+01 -1.51513E+01  4.65467E+04  3.69560E+04  4.41589E+04  7.31538E+03 -7.24979E+02  9.36467E+03  6.57857E-05  0.00000E+00  1.37092E-04
       2       1       4  2.88343E-04  1.91132E-04  2.88343E-06  5.60882E-01  2.26222E-01  3.55016E+00  6.73577E+00  4.21326E+00  1.29471E+01  8.01907E+04  4.63981E+04  4.60417E+04  4.88666E+03 -3.54433E+03  4.16794E+03  1.68711E-04  0.00000E+00  2.24218E-05
       2       1       5  2.63479E-04  3.18390E-04  2.63479E-06  8.19116E-01  3.20709E-01  5.22181E+00  2.72716E+00  4.84243E+00  1.62820E+01  2.90810E+04  1.98408E+04  3.75682E+04  1.35573E+01  1.11271E+03  2.56139E+03  2.73015E-04  0.00000E+00  4.53753E-05
       2       1       6  2.11346E-04  2.56137E-04  2.11346E-06  1.09117E+00  4.63455E-01  6.71531E+00 -1.80724E+00  4.41638E+00 -9.75439E+00  1.44036E+04  7.70006E+03  2.94544E+04  4.10830E+02  1.67195E+03  4.14086E+03  1.71810E-04  0.00000E+00  8.43273E-05
       2       1       7  2.15397E-04  2.73907E-04  2.15397E-06  2.08065E+00  8.16133E-01  1.22984E+01 -1.07448E+01 -1.61337E+02  3.01795E+01  4.70621E+04  3.59035E+04  3.41732E+04  2.21744E+03 -4.90817E+03  3.65894E+03  2.28374E-04  0.00000E+00  4.55331E-05
       2       1       8  3.60774E-04  4.98860E-04  3.60774E-06  3.16018E+00  1.26278E+00  1.78402E+01 -2.92521E+00 -9.95910E+01  1.96581E+01  1.91244E+04  1.57167E+04  2.86169E+04  8.26598E+02 -5.52642E+02  3.27919E+03  3.71156E-04  0.00000E+00  1.27703E-04
       2       1       9  3.75343E-04  4.50796E-04  3.75343E-06  4.11917E+00  1.59508E+00  2.36126E+01  2.90635E-01 -4.62634E+01  1.33443E+01  7.66866E+03  5.38125E+03  1.24883E+04  3.51546E+02 -1.63744E+02  2.12822E+03  2.22820E-04  0.00000E+00  2.27976E-04
       2       1      10  1.69936E-04  2.05317E-04  1.69936E-06  1.18939E+01  4.83097E+00  7.56108E+01 -4.05900E-01 -2.19722E-01  3.77225E-01  1.35864E+03  2.20442E+02  4.40764E+04  5.11417E+02  2.88151E+03  7.36739E+03  0.00000E+00  0.00000E+00  2.05317E-04
       2       2       1  1.25908E-03  1.06853E-03  1.25908E-05  1.94722E-01  8.09536E-02  5.05065E-01  3.05935E+01 -6.69963E+01 -4.37434E+00  6.38940E+04  3.54212E+04  7.82641E+04  1.01737E+04  6.08414E+03  1.82375E+04  1.99930E-05  3.80955E-04  6.67578E-04
       2       2       2  3.62526E-04  3.95565E-04  3.62526E-06  5.03375E-01  2.28741E-01  1.41156E+00  1.48186E+00  7.17721E+01 -4.50636E+01  4.84403E+04  2.03012E+04  7.53722E+04  7.96571E+03  5.28579E+03  2.48492E+04  1.66137E-04  0.00000E+00  2.29428E-04
       2       2       3  6.23617E-04  6.68890E-04  6.23617E-06  7.55867E-01  3.17824E-01  2.09457E+00  3.86320E+00  5.48370E+00 -7.39761E+00  2.06663E+04  5.96666E+03  4.06215E+04  8.14410E+03  5.98571E+03  1.63111E+04  2.47255E-05  0.00000E+00  6.44165E-04
       2       2       4  8.99500E-04  4.48288E-04  8.99500E-06  1.30967E+00  5.03061E-01  3.23778E+00  2.17299E+01 -4.57674E+01 -6.42930E+00  8.43064E+04  4.31438E+04  7.68177E+04  4.39093E+02 -6.49481E+03  1.97826E+04  2.85129E-04  4.85516E-05  1.14608E-04
       2       2       5  8.38193E-04  7.37532E-04  8.38193E-06  1.95821E+00  7.93588E-01  4.84244E+00  4.75239E+00  1.53733E+00  2.11591E+00  3.55450E+04  1.06390E+04  4.95676E+04  1.98441E+03  7.63004E+02  1.24371E+04  4.99283E-04  4.41378E-06  2.33835E-04
       2       2       6  7.07590E-04  7.92922E-04  7.07590E-06  2.66776E+00  1.05187E+00  6.55699E+00  2.30164E+00  1.30045E+00  6.37268E-01  1.28221E+04  3.79527E+03  3.49006E+04  1.66811E+03  2.52092E+03  1.11000E+04  2.70801E-04  0.00000E+00  5.22121E-04
       2       2       7  6.97677E-04  6.37535E-04  6.97677E-06  4.30366E+00  1.87495E+00  1.12598E+01 -7.97746E+00 -9.57297E+01  6.53932E+01  4.11343E+04  1.87270E+04  6.60296E+04  2.10618E+03 -4.52878E+03  1.66631E+04  3.53942E-04  7.76117E-06  2.75831E-04
       2       2       8  1.15150E-03  1.42303E-03  1.15150E-05  6.43113E+00  2.76923E+00  1.67922E+01 -6.58180E+00 -5.47336E+01  3.61071E+01  1.91800E+04  7.24617E+03  3.70626E+04  2.08911E+03  3.31581E+02  1.00876E+04  7.18837E-04  0.00000E+00  7.04190E-04
       2       2       9  1.28032E-03  2.11664E-03  1.28032E-05  9.04017E+00  3.56161E+00  2.30867E+01 -1.70097E-01 -1.42982E+01  1.00606E+01  4.38038E+03  1.67080E+03  1.14340E+04  6.32325E+02  6.03735E+02  3.88691E+03  3.43797E-04  0.00000E+00  1.77284E-03
       2       2      10  5.84580E-04  5.06366E-04  5.84580E-06  2.74385E+01  1.10100E+01  7.01661E+01 -5.99664E+00 -3.43890E+00 -1.20266E+01  6.23443E+03  1.17400E+03  3.93691E+04  2.59677E+03  6.39601E+03  1.52424E+04  0.00000E+00  0.00000E+00  5.06366E-04
       2       3       1  2.11187E-03  1.98980E-03  2.11187E-05  3.38706E-01  1.39372E-01  4.88133E-01  3.74198E+01 -8.55708E+01 -2.61378E+00  4.89557E+04  2.47345E+04  4.90950E+04  7.24162E+03  1.73128E+03  5.71889E+03  6.76800E-06  1.36921E-03  6.13824E-04
       2       3       2  6.20482E-04  6.40537E-04  6.20482E-06  8.37156E-01  3.60409E-01  1.20695E+00  1.76152E+00  2.51622E+01 -2.66674E+01  5.91997E+04  2.46987E+04  6.81661E+04  1.28590E+04  3.12618E+03  1.90504E+04  9.60680E-05  3.44180E-04  2.00290E-04
       2       3       3  1.05735E-03  1.24213E-03  1.05735E-05  1.26815E+00  5.22313E-01  1.80491E+00  1.75733E+01 -3.87929E+01 -1.52831E+01  2.10260E+04  6.96294E+03  3.38663E+04  6.92725E+03  7.03598E+03  1.47694E+04  1.21766E-06  8.10381E-04  4.30527E-04
       2       3       4  1.60144E-03  1.29176E-03  1.60144E-05  1.92321E+00  7.64720E-01  2.78833E+00  6.79537E+01 -1.66885E+02 -9.92640E+00  6.17946E+04  6.87125E+04  6.51599E+04 -1.19120E+04  9.47754E+02  1.86372E+04  3.46073E-04  6.36486E-04  3.09204E-04
       2       3       5  1.55563E-03  1.86902E-03  1.55563E-05  3.03199E+00  1.19650E+00  4.11800E+00  3.55715E+01 -7.87348E+01 -3.53207E+00  3.99669E+04  2.26244E+04  4.15155E+04  2.39969E+03  2.10544E+03  1.32891E+04  6.17985E-04  7.68767E-04  4.82263E-04
       2       3       6  1.45224E-03  2.18411E-03  1.45224E-05  3.87860E+00  1.56806E+00  5.68722E+00  2.83402E+01 -6.19021E+01  8.83672E-01  1.54159E+04  1.26868E+04  2.27231E+04 -4.56714E+02  2.17832E+03  8.36395E+03  3.03800E-04  8.25133E-04  1.05518E-03
       2       3       7  1.40132E-03  1.32840E-03  1.40132E-05  6.74204E+00  2.86341E+00  9.77146E+00  7.40091E+01 -1.63127E+02  6.29543E+01  3.87491E+04  4.45372E+04  4.74788E+04 -8.24547E+03 -1.46171E+03  1.05926E+04  2.84191E-04  7.98471E-04  2.45738E-04
       2       3       8  2.14386E-03  2.45259E-03  2.14386E-05  1.00974E+01  4.29478E+00  1.44144E+01  4.19458E+01 -1.03536E+02  4.10375E+01  2.12476E+04  1.92207E+04  2.83609E+04 -1.91636E+03  2.11886E+02  6.39034E+03  5.49996E-04  1.39011E-03  5.12491E-04
       2       3       9  2.71978E-03  2.94591E-03  2.71978E-05  1.37103E+01  5.75012E+00  1.96593E+01  2.17039E+01 -4.77032E+01  1.38195E+01  7.93511E+03  6.63686E+03  1.08551E+04 -9.29538E+01  7.38598E+02  3.16764E+03  2.46772E-04  1.46072E-03  1.23842E-03
       2       3      10  1.40280E-03  1.39210E-03  1.40280E-05  4.20332E+01  1.77920E+01  6.04155E+01  2.41022E+01 -3.51694E+01  6.47679E+00  1.47108E+04  5.25575E+03  2.81895E+04  4.60227E+03  3.24184E+03  7.67326E+03  0.00000E+00  8.47210E-04  5.44891E-04
       2       4       1  2.93139E-03  3.13729E-03  2.93139E-05  4.56187E-01  1.88380E-01  3.45849E-01  5.48850E+01 -1.41007E+02 -5.96575E-01  4.09068E+04  5.47204E+04  3.07768E+04 -8.53703E+03  1.63130E+03  4.35324E+03  3.49622E-06  2.55551E-03  5.78282E-04
       2       4       2  8.87170E-04  9.61559E-04  8.87170E-06  1.14031E+00  4.78514E-01  8.58358E-01 -3.79984E+00  2.43788E+00 -1.41349E+01  5.81225E+04  5.15314E+04  3.36746E+04  2.64840E+03 -1.26428E+02  6.03149E+03  7.06388E-05  7.21982E-04  1.68938E-04
       2       4       3  1.48624E-03  1.53589E-03  1.48624E-05  1.64001E+00  6.71070E-01  1.27058E+00  1.62664E+01 -3.13489E+01 -9.43138E-01  2.15376E+04  2.62138E+04  1.69442E+04 -3.52577E+03  2.42387E+03  5.37886E+03  3.05003E-06  1.10201E-03  4.30829E-04
       2       4       4  2.39586E-03  1.96043E-03  2.39586E-05  2.60890E+00  1.06745E+00  2.03659E+00  4.83750E+01 -1.05888E+02  1.23048E+00  5.11611E+04  9.56153E+04  4.29394E+04 -2.62931E+04 -3.55135E+03  4.72925E+03  3.44902E-04  1.46679E-03  1.48740E-04
       2       4       5  2.47472E-03  3.63731E-03  2.47472E-05  3.94514E+00  1.59437E+00  3.02763E+00  3.63854E+01 -7.84060E+01 -6.45034E+00  3.70698E+04  3.94349E+04  2.51867E+04 -2.93892E+03  6.88177E+02  2.73352E+03  5.21984E-04  2.77206E-03  3.43262E-04
       2       4       6  2.63654E-03  3.15523E-03  2.63654E-05  5.45362E+00  2.18497E+00  4.03127E+00  1.91874E+01 -3.15539E+01 -2.13193E+00  1.99979E+04  1.82842E+04  1.14649E+04 -4.54869E+02  6.59880E+02  3.18579E+03  3.36520E-04  1.78466E-03  1.03405E-03
       2       4       7  2.73536E-03  2.58488E-03  2.73536E-05  9.03586E+00  3.82471E+00  6.88336E+00  9.38294E+01 -2.31524E+02  3.19502E+01  4.30220E+04  7.68786E+04  3.25234E+04 -1.78956E+04 -1.07287E+03  4.69565E+03  2.66078E-04  2.11257E-03  2.06226E-04
       2       4       8  3.48551E-03  4.57718E-03  3.48551E-05  1.37279E+01  5.81786E+00  1.03865E+01  5.58189E+01 -1.29994E+02  1.84902E+01  2.93463E+04  2.83803E+04  1.93392E+04 -2.71853E+02  7.59074E+02  3.51818E+03  4.86383E-04  3.57963E-03  5.11162E-04
       2       4       9  5.13981E-03  5.57848E-03  5.13981E-05  1.90230E+01  7.85409E+00  1.40892E+01  2.99680E+01 -6.97490E+01  8.66217E+00  1.35582E+04  1.07163E+04  8.25796E+03  9.33088E+02  1.92790E+02  1.88342E+03  2.19933E-04  4.15221E-03  1.20633E-03
       2       4      10  3.73033E-03  4.40249E-03  3.73033E-05  5.74520E+01  2.39406E+01  4.17467E+01  2.36150E+01 -6.32352E+01 -3.49353E-01  2.74057E+04  9.55142E+03  1.39900E+04  9.04001E+03  6.48870E+02  1.81476E+03  0.00000E+00  4.04422E-03  3.58275E-04
       2       5       1  3.61131E-03  3.52725E-03  3.61131E-05  4.92206E-01  2.03492E-01  2.25525E-01  5.55818E+01 -1.41058E+02 -2.57188E+00  3.76911E+04  5.16074E+04  3.43717E+04 -6.43424E+03  8.28248E+02  2.14415E+03  3.69088E-06  2.92314E-03  6.00423E-04
       2       5       2  1.12823E-03  1.12194E-03  1.12823E-05  1.28751E+00  5.32652E-01  5.90322E-01 -3.86974E-02 -6.56463E+00 -1.97918E+01  6.37691E+04  4.78441E+04  3.49834E+04  5.10794E+03 -8.60794E+02  7.15214E+02  5.84728E-05  8.61282E-04  2.02185E-04
       2       5       3  1.85140E-03  1.80696E-03  1.85140E-05  1.83882E+00  7.65059E-01  8.40234E-01  2.97859E+00 -4.21951E+01 -1.97797E+00  3.55825E+04  3.04315E+04  2.09443E+04  4.67731E+03  3.95252E+02  5.80531E+02  7.61687E-06  1.33536E-03  4.63986E-04
       2       5       4  3.16547E-03  2.11272E-03  3.16547E-05  2.95165E+00  1.19608E+00  1.33271E+00  3.68323E+01 -9.03593E+01  2.19978E-01  4.91375E+04  6.95778E+04  6.68960E+04 -1.09150E+04 -3.82712E+03  2.26646E+03  3.19548E-04  1.61943E-03  1.73740E-04
       2       5       5  3.49308E-03  3.89290E-03  3.49308E-05  4.50289E+00  1.82452E+00  2.08160E+00  2.24529E+01 -6.13996E+01  5.57390E+00  3.75848E+04  3.45144E+04  3.12593E+04  1.22197E+03  5.69299E+02  1.78481E+03  5.31732E-04  2.96305E-03  3.98117E-04
       2       5       6  4.21361E-03  4.24266E-03  4.21361E-05  6.09117E+00  2.50101E+00  2.79790E+00  2.15013E+01 -4.93266E+01  5.73862E+00  2.86294E+04  2.09038E+04  1.64656E+04  3.38712E+03  1.25825E+01  3.71700E+03  2.84125E-04  2.95928E-03  9.99261E-04
       2       5       7  5.21284E-03  3.13962E-03  5.21284E-05  1.01521E+01  4.26689E+00  4.65554E+00  7.82496E+01 -1.70643E+02  2.79239E+01  5.20582E+04  5.14599E+04  4.23419E+04 -1.31622E+03  1.92932E+03  5.15516E+03  2.54541E-04  2.46238E-03  4.22702E-04
       2       5       8  5.51606E-03  5.70130E-03  5.51606E-05  1.53575E+01  6.43266E+00  7.06193E+00  4.82000E+01 -1.09675E+02  2.15675E+01  3.45093E+04  2.43075E+04  1.98772E+04  4.67849E+03  5.51197E+02  4.17169E+03  4.59217E-04  4.33097E-03  9.11118E-04
       2       5       9  8.50559E-03  8.15902E-03  8.50559E-05  2.15675E+01  8.89756E+00  9.66127E+00  2.51405E+01 -5.42978E+01  3.03757E+00  1.43179E+04  8.80102E+03  7.33235E+03  2.62388E+03  5.35112E+02  1.31705E+03  2.06908E-04  5.31104E-03  2.64107E-03
       2       5      10  9.93091E-03  6.03812E-03  9.93091E-05  6.44312E+01  2.66894E+01  2.94687E+01  2.64620E+01 -5.44416E+01  2.60120E+00  3.16973E+04  9.26886E+03  8.11721E+03  1.10209E+04  4.77448E+02  1.48763E+03  0.00000E+00  5.44549E-03  5.92627E-04
       2       6       1  4.00628E-03  4.11275E-03  4.00628E-05  5.42630E-01  2.22737E-01  7.91122E-02  4.11425E+01 -1.14729E+02  2.76820E-01  4.46838E+04  3.87581E+04  3.36287E+04  3.43162E+03  1.90617E+01  5.81679E+02  5.38700E-06  3.35445E-03  7.52912E-04
       2       6       2  1.27838E-03  1.30417E-03  1.27838E-05  1.38436E+00  5.78351E-01  1.99243E-01 -1.55676E+01  3.55307E+01 -1.63810E+01  5.93737E+04  5.11638E+04  3.01654E+04  4.89335E+03 -6.51647E+02  9.29530E+02  5.21059E-05  1.09711E-03  1.54956E-04
       2       6       3  2.06738E-03  2.11742E-03  2.06738E-05  2.03232E+00  8.31949E-01  2.85912E-01  1.53438E+01 -4.44120E+01  1.73154E+00  3.49089E+04  2.23667E+04  1.83289E+04  7.40770E+03 -1.21624E+03 -3.40517E+02  9.65691E-06  1.60113E-03  5.06628E-04
       2       6       4  3.66392E-03  3.03036E-03  3.66392E-05  3.15769E+00  1.29196E+00  4.58539E-01  3.58900E+01 -9.28610E+01  1.66402E+00  4.74619E+04  8.49169E+04  5.40981E+04 -1.88621E+04  5.53188E+02  2.35317E+03  2.91093E-04  2.47047E-03  2.68802E-04
       2       6       5  4.22517E-03  4.78949E-03  4.22517E-05  4.80485E+00  1.98176E+00  6.75968E-01  2.05463E+01 -5.24404E+01 -4.23957E-02  3.88515E+04  4.22452E+04  2.41996E+04 -1.93889E+03  4.60160E+02  2.26863E+03  5.82214E-04  3.74512E-03  4.62155E-04
       2       6       6  5.48974E-03  5.85515E-03  5.48974E-05  6.46724E+00  2.66751E+00  9.00812E-01  1.93945E+01 -5.14725E+01  1.02224E+01  2.25144E+04  2.24128E+04  1.45864E+04  2.22534E+02 -8.91070E+02  2.33890E+03  2.20587E-04  4.65994E-03  9.74625E-04
       2       6       7  7.88834E-03  5.82897E-03  7.88834E-05  1.09766E+01  4.57617E+00  1.59724E+00  9.36511E+01 -2.38533E+02  1.51137E+01  3.95439E+04  7.59013E+04  2.46952E+04 -1.76081E+04  8.34333E+02  1.97499E+03  2.48959E-04  5.01114E-03  5.68873E-04
       2       6       8  7.99263E-03  9.88134E-03  7.99263E-05  1.65263E+01  6.86199E+00  2.37535E+00  6.14067E+01 -1.53278E+02  1.05707E+01  2.92420E+04  3.48054E+04  1.14994E+04 -3.14051E+03  3.04478E+02  1.36524E+03  4.52518E-04  8.25688E-03  1.17194E-03
       2       6       9  1.13891E-02  1.18735E-02  1.13891E-04  2.23883E+01  9.19495E+00  3.33502E+00  3.46042E+01 -8.70731E+01  1.36753E+00  1.20694E+04  1.44457E+04  5.19109E+03 -1.27972E+03  2.55424E+02  5.73311E+02  1.90906E-04  8.62771E-03  3.05486E-03
       2       6      10  1.88719E-02  2.12494E-02  1.88719E-04  5.78980E+01  2.39656E+01  8.10512E+00  9.15828E+01 -2.21037E+02 -1.74388E+00  1.70335E+04  5.72405E+04  2.32026E+03 -2.01701E+04  1.43057E+02  3.94724E+01  0.00000E+00  2.08835E-02  3.65937E-04
       3       1       1  4.16761E-04  4.35069E-04  4.16761E-06  7.43034E-02  5.76996E-02  5.06386E-01  1.52982E+01 -3.93253E+01 -1.39640E+01  5.39623E+04  5.46003E+04  1.05571E+05  8.62672E+03  7.98574E+03  1.55045E+04  2.32314E-05  1.05140E-04  3.06697E-04
       3       1       2  1.18850E-04  1.11069E-04  1.18850E-06  2.21406E-01  1.79496E-01  1.44752E+00  7.37786E+00  9.71194E+01 -2.33071E+01  4.59393E+04  5.09084E+04  8.66129E+04  1.14982E+02  6.30984E+03  2.10446E+04  4.79871E-05  0.00000E+00  6.30818E-05
       3       1       3  2.05146E-04  2.36618E-04  2.05146E-06  3.67505E-01  2.97441E-01  2.16495E+00 -6.39874E+00  4.60454E+01 -3.52996E+00  3.20441E+04  2.09852E+04  3.58931E+04  4.71141E+03  2.03833E+03  5.89138E+03  4.97059E-05  0.00000E+00  1.86913E-04
       3       1       4  2.88310E-04  1.28845E-04  2.88310E-06  4.42543E-01  3.34317E-01  3.54198E+00 -3.42889E+00  9.81328E+00  1.36667E+01  6.73098E+04  5.17346E+04  5.94196E+04  4.87683E+03 -2.89835E+03  2.83336E+03  1.09383E-04  0.00000E+00  1.94620E-05
       3       1       5  2.63449E-04  2.33661E-04  2.63449E-06  6.77129E-01  5.15245E-01  5.17519E+00 -6.19596E-01  6.47229E+00  2.18001E+00  3.15363E+04  1.68664E+04  4.24245E+04  9.67308E+02  3.45253E+03  2.67187E+03  2.05224E-04  0.00000E+00  2.84371E-05
       3       1       6  2.11319E-04  2.62263E-04  2.11319E-06  1.00514E+00  7.69847E-01  7.03851E+00 -2.40071E+00  5.78713E+00 -5.78581E+00  7.03952E+03  7.00894E+03  3.01984E+04  2.97498E+02  2.72709E+03  3.76276E+03  1.35899E-04  0.00000E+00  1.26364E-04
       3       1       7  2.15378E-04  1.85373E-04  2.15378E-06  1.67149E+00  1.28966E+00  1.22165E+01 -8.25115E+00 -1.47271E+02  3.90520E+00  3.91829E+04  3.32964E+04  4.63566E+04  1.81775E+03 -8.82102E+02  5.84869E+03  1.31812E-04  0.00000E+00  5.35605E-05
       3       1       8  3.60744E-04  3.40993E-04  3.60744E-06  2.44222E+00  1.85532E+00  1.78587E+01 -1.03841E+01 -9.76054E+01 -9.49976E+00  2.01397E+04  1.41957E+04  2.97568E+04  9.22472E+02  1.29326E+03  2.08388E+03  2.50136E-04  0.00000E+00  9.08567E-05
       3       1       9  3.75288E-04  3.91284E-04  3.75288E-06  3.69147E+00  2.80865E+00  2.41296E+01 -3.79968E+00 -3.73719E+01 -1.59830E+01  4.60258E+03  4.21185E+03  1.31636E+04  1.94879E+02  9.29638E+02  1.93761E+03  1.27950E-04  0.00000E+00  2.63333E-04
       3       1      10  1.69913E-04  1.58780E-04  1.69913E-06  1.12753E+01  8.99484E+00  7.51265E+01 -5.45833E+00 -4.44580E+00 -3.43265E+01  1.03779E+03  6.10350E+02  4.43291E+04  7.73021E+02  4.78410E+03  6.41810E+03  0.00000E+00  0.00000E+00  1.58780E-04
       3       2       1  1.25860E-03  1.02417E-03  1.25860E-05  1.61867E-01  1.24959E-01  4.79688E-01  4.67004E+01 -5.97444E+01 -2.38121E+00  5.31586E+04  4.10615E+04  7.03653E+04  1.30901E+04  5.64039E+03  1.15033E+04  3.10922E-05  4.22815E-04  5.70267E-04
       3       2       2  3.62353E-04  2.90080E-04  3.62353E-06  4.66493E-01  3.42759E-01  1.38971E+00  1.55207E+00  1.01829E+02 -4.38186E+01  4.62154E+04  3.81744E+04  8.09386E+04  1.09995E+04  7.73258E+03  2.07450E+04  1.48183E-04  0.00000E+00  1.41897E-04
       3       2       3  6.23397E-04  4.56153E-04  6.23397E-06  6.37046E-01  4.80829E-01  2.07804E+00 -4.96017E+00  1.05973E+01 -2.05696E+01  2.23288E+04  1.46397E+04  4.88710E+04  1.31345E+04  1.05432E+04  1.58655E+04  5.24959E-05  0.00000E+00  4.03657E-04
       3       2       4  8.98979E-04  3.23687E-04  8.98979E-06  1.11647E+00  8.49664E-01  3.25850E+00  2.40489E+01 -4.63818E+01  1.01140E+01  6.90746E+04  6.05097E+04  8.95528E+04  8.14227E+03  2.43709E+03  1.99297E+04  1.60158E-04  3.91723E-05  1.24357E-04
       3       2       5  8.37700E-04  4.56980E-04  8.37700E-06  1.56418E+00  1.21130E+00  4.88562E+00 -2.83352E+00 -2.30865E+00 -1.18050E+01  2.06730E+04  2.11418E+04  7.19297E+04  4.42575E+03  1.06915E+04  1.98153E+04  2.20769E-04  4.41378E-06  2.31798E-04
       3       2       6  7.07108E-04  7.89557E-04  7.07108E-06  2.35636E+00  1.79886E+00  6.68797E+00 -6.60634E+00 -2.47909E+00 -1.30749E+01  8.53503E+03  5.39544E+03  3.68597E+04  3.11309E+03  7.36229E+03  1.09626E+04  1.95208E-04  0.00000E+00  5.94349E-04
       3       2       7  6.97300E-04  4.61633E-04  6.97300E-06  3.79136E+00  2.84942E+00  1.12530E+01  5.58271E+00 -9.91087E+01  8.32851E+01  2.98435E+04  2.70314E+04  7.08193E+04  2.82713E+03  1.10667E+03  1.68275E+04  2.31567E-04  7.45073E-06  2.22615E-04
       3       2       8  1.15102E-03  9.21997E-04  1.15102E-05  5.63994E+00  4.29855E+00  1.66623E+01  1.11015E+01 -5.51567E+01  6.19812E+01  1.29803E+04  1.20457E+04  4.19447E+04  2.19832E+03  4.50334E+03  1.06266E+04  4.20830E-04  0.00000E+00  5.01167E-04
       3       2       9  1.27934E-03  1.31207E-03  1.27934E-05  7.91718E+00  6.02040E+00  2.29490E+01  8.27215E-02 -1.63756E+01  1.22303E+01  3.65155E+03  2.97123E+03  1.51275E+04  1.38630E+03  2.45757E+03  4.34667E+03  2.32193E-04  0.00000E+00  1.07987E-03
       3       2      10  5.84044E-04  7.34932E-04  5.84044E-06  2.40528E+01  1.84097E+01  7.04772E+01 -3.95662E+00 -3.09956E+00 -7.54144E+00  4.43603E+03  2.69293E+03  3.83506E+04  3.39325E+03  9.82275E+03  1.26697E+04  0.00000E+00  0.00000E+00  7.34932E-04
       3       3       1  2.10990E-03  2.25129E-03  2.10990E-05  2.87155E-01  2.23187E-01  4.92416E-01  5.65470E+01 -5.92552E+01 -1.08452E+01  3.73325E+04  2.68576E+04  4.51307E+04  8.81659E+03  9.99712E+02  3.36170E+03  3.48853E-05  1.50781E-03  7.08589E-04
       3       3       2  6.19708E-04  7.22215E-04  6.19708E-06  7.33647E-01  5.50441E-01  1.21520E+00  2.72476E-01  4.41762E+01 -6.22350E+01  4.48762E+04  3.29467E+04  6.15828E+04  1.31304E+04  4.12158E+02  1.02941E+04  2.25663E-04  3.83059E-04  1.13493E-04
       3       3       3  1.05644E-03  1.00989E-03  1.05644E-05  1.06584E+00  8.21745E-01  1.79898E+00  3.35188E+01 -3.85037E+01  2.08324E+01  1.62532E+04  1.27854E+04  3.33487E+04  8.00639E+03  5.58289E+03  9.02008E+03  1.19635E-05  7.86496E-04  2.11429E-04
       3       3       4  1.59910E-03  9.86899E-04  1.59910E-05  1.61007E+00  1.23610E+00  2.79764E+00  1.41533E+02 -1.91903E+02  3.60600E-01  6.92011E+04  7.90355E+04  6.07545E+04 -2.24811E+04  7.55379E+03  1.82422E+04  1.19064E-04  6.36207E-04  2.31627E-04
       3       3       5  1.55312E-03  1.45473E-03  1.55312E-05  2.62360E+00  2.00514E+00  4.06684E+00  7.07018E+01 -9.09066E+01 -8.44019E+00  3.91207E+04  3.20523E+04  4.47230E+04  5.97415E+03  9.59847E+03  1.44529E+04  2.35154E-04  7.92699E-04  4.26876E-04
       3       3       6  1.44957E-03  1.88678E-03  1.44957E-05  3.36711E+00  2.54557E+00  5.71708E+00  4.55162E+01 -6.27844E+01  1.69815E+00  1.59877E+04  1.51677E+04  2.61008E+04  4.14557E+01  5.71975E+03  9.13659E+03  1.70104E-04  8.14914E-04  9.01758E-04
       3       3       7  1.39867E-03  1.30937E-03  1.39867E-05  5.76802E+00  4.39163E+00  9.72784E+00  8.90381E+01 -1.50358E+02  3.14220E+01  4.08006E+04  4.05774E+04  5.07240E+04 -9.46537E+03  3.32385E+03  1.18835E+04  2.30326E-04  7.82407E-04  2.96633E-04
       3       3       8  2.14149E-03  2.42932E-03  2.14149E-05  8.71848E+00  6.65967E+00  1.43946E+01  5.97368E+01 -1.05226E+02  1.90889E+01  2.20482E+04  2.05954E+04  2.73161E+04 -1.95283E+03  1.81910E+03  5.54236E+03  4.79237E-04  1.50023E-03  4.49860E-04
       3       3       9  2.71426E-03  2.39200E-03  2.71426E-05  1.18950E+01  9.07495E+00  1.94993E+01  3.46723E+01 -5.04653E+01  9.95327E+00  8.55493E+03  7.75742E+03  1.28824E+04 -1.45195E+01  1.73931E+03  3.25093E+03  2.22443E-04  1.39257E-03  7.76991E-04
       3       3      10  1.39799E-03  1.53878E-03  1.39799E-05  3.65007E+01  2.80882E+01  5.99453E+01  2.59393E+01 -2.83842E+01  5.37146E+00  1.20634E+04  8.24754E+03  2.83012E+04  6.78790E+03  6.16266E+03  8.16089E+03  0.00000E+00  8.45347E-04  6.93438E-04
       3       4       1  2.92667E-03  3.25535E-03  2.92667E-05  3.91787E-01  3.01525E-01  3.47009E-01  8.78319E+01 -1.14536E+02 -2.97688E+00  4.16554E+04  4.61225E+04  2.75205E+04 -1.15650E+04  9.44185E+02  2.66957E+03  3.59660E-05  2.60377E-03  6.15617E-04
       3       4       2  8.85113E-04  1.04906E-03  8.85113E-06  9.84394E-01  7.47807E-01  8.72480E-01 -3.05695E+00  2.57917E+01 -5.17499E+01  4.72074E+04  4.56247E+04  3.69995E+04 -1.97362E+03 -6.60775E+02  5.45791E+03  2.11141E-04  6.95519E-04  1.42402E-04
       3       4       3  1.48404E-03  1.38918E-03  1.48404E-05  1.40107E+00  1.07113E+00  1.25235E+00  1.79681E+01 -3.34091E+01  7.29562E+00  2.68435E+04  3.23283E+04  2.06045E+04 -4.89441E+03  2.02330E+03  6.14077E+03  3.30456E-05  9.76052E-04  3.80084E-04
       3       4       4  2.38959E-03  1.71659E-03  2.38959E-05  2.23677E+00  1.71692E+00  2.01669E+00  8.27715E+01 -1.08728E+02 -2.49243E+00  7.11128E+04  9.30593E+04  3.21880E+04 -4.00024E+04  3.27727E+03  2.72867E+03  8.10956E-05  1.48351E-03  1.51977E-04
       3       4       5  2.46691E-03  3.39703E-03  2.46691E-05  3.37893E+00  2.58736E+00  3.00124E+00  5.59255E+01 -7.03754E+01  4.97514E+00  4.04441E+04  4.01606E+04  2.38251E+04 -4.88658E+03 -3.57752E+02  3.36218E+03  3.61263E-04  2.72504E-03  3.10734E-04
       3       4       6  2.62734E-03  2.29657E-03  2.62734E-05  4.63746E+00  3.52411E+00  4.02072E+00  2.89946E+01 -3.49057E+01 -2.44566E-01  2.55950E+04  2.45439E+04  1.19694E+04 -1.26538E+03  3.74271E+03  5.24190E+03  2.60497E-05  1.48535E-03  7.85171E-04
       3       4       7  2.72230E-03  2.59143E-03  2.72230E-05  7.82043E+00  5.99730E+00  6.93411E+00  1.49981E+02 -1.96929E+02  2.89717E+01  5.48830E+04  6.51828E+04  3.14507E+04 -2.30069E+04  3.80491E+02  4.25303E+03  2.47163E-04  2.11919E-03  2.25073E-04
       3       4       8  3.47653E-03  4.34332E-03  3.47653E-05  1.18009E+01  9.01934E+00  1.02040E+01  8.38097E+01 -1.15695E+02  2.28911E+01  3.03078E+04  2.94904E+04  2.04560E+04 -5.67884E+02  1.06274E+03  3.55596E+03  4.10432E-04  3.38562E-03  5.47260E-04
       3       4       9  5.12057E-03  6.20202E-03  5.12057E-05  1.62046E+01  1.24050E+01  1.43484E+01  4.25973E+01 -5.80716E+01  6.10917E+00  1.25278E+04  1.15066E+04  8.37941E+03  1.75927E+03  9.03777E+02  1.36407E+03  2.62128E-04  4.25043E-03  1.68946E-03
       3       4      10  3.69939E-03  4.94762E-03  3.69939E-05  4.90611E+01  3.78509E+01  4.20212E+01  3.86245E+01 -4.92016E+01  2.46755E+00  2.12426E+04  1.51054E+04  1.46189E+04  1.24590E+04  2.04883E+03  2.79574E+03  0.00000E+00  4.22540E-03  7.22220E-04
       3       5       1  3.60326E-03  3.49420E-03  3.60326E-05  4.27605E-01  3.29541E-01  2.29286E-01  8.99694E+01 -1.23144E+02 -4.12940E+00  4.22901E+04  4.81265E+04  3.68213E+04 -9.70774E+03  3.42962E+02  1.35775E+03  5.05187E-05  2.90222E-03  5.41466E-04
       3       5       2  1.12437E-03  1.12898E-03  1.12437E-05  1.10185E+00  8.42009E-01  5.87145E-01  3.93845E+00  2.54514E+00 -4.21246E+01  5.37951E+04  5.06097E+04  4.00172E+04  7.92685E+03 -2.86497E+02  1.16193E+03  1.46215E-04  8.33399E-04  1.49368E-04
       3       5       3  1.84759E-03  1.82176E-03  1.84759E-05  1.56235E+00  1.22068E+00  8.29177E-01  1.99618E+01 -2.89918E+01 -7.99882E+00  3.25612E+04  3.10863E+04  2.04884E+04  3.26336E+03 -2.07220E+02  1.15005E+03  8.18955E-05  1.33653E-03  4.03336E-04
       3       5       4  3.15367E-03  1.81396E-03  3.15367E-05  2.54060E+00  1.94790E+00  1.32471E+00  6.06684E+01 -8.86538E+01 -8.69075E+00  5.92535E+04  6.87796E+04  5.92265E+04 -2.00516E+04 -8.65328E+02  2.21856E+03  1.26360E-04  1.52747E-03  1.60133E-04
       3       5       5  3.47614E-03  3.53072E-03  3.47614E-05  3.84894E+00  2.95193E+00  2.09545E+00  4.09300E+01 -5.95353E+01 -6.42220E+00  3.89810E+04  3.94967E+04  2.80223E+04  5.87018E+02  8.51892E+02  9.35786E+02  2.27843E-04  2.94770E-03  3.55177E-04
       3       5       6  4.19180E-03  3.95220E-03  4.19180E-05  5.28259E+00  4.05444E+00  2.75471E+00  3.64766E+01 -4.39880E+01 -6.81259E+00  3.06579E+04  2.56968E+04  1.63617E+04  6.25939E+03  2.79871E+03  2.74408E+03  1.01136E-04  2.84582E-03  1.00525E-03
       3       5       7  5.16852E-03  3.23177E-03  5.16852E-05  8.70503E+00  6.71875E+00  4.62455E+00  1.07262E+02 -1.42441E+02  2.61438E+01  5.38722E+04  5.22866E+04  3.96012E+04  2.39145E+03  4.16762E+03  7.23684E+03  2.34683E-04  2.39688E-03  6.00203E-04
       3       5       8  5.48052E-03  6.10104E-03  5.48052E-05  1.31870E+01  1.01728E+01  6.98703E+00  6.98064E+01 -8.77566E+01  1.78541E+01  3.12367E+04  2.69026E+04  1.98890E+04  7.63339E+03  2.45864E+03  4.69017E+03  3.96747E-04  4.35665E-03  1.34765E-03
       3       5       9  8.45878E-03  9.09533E-03  8.45878E-05  1.84221E+01  1.43613E+01  9.69758E+00  3.28987E+01 -4.28232E+01  4.03151E+00  1.20598E+04  9.96452E+03  6.40136E+03  3.94542E+03  1.31235E+03  1.76315E+03  2.40559E-04  5.32059E-03  3.53418E-03
       3       5      10  9.78878E-03  5.67527E-03  9.78878E-05  5.52209E+01  4.24122E+01  2.98951E+01  3.68021E+01 -4.58301E+01 -4.44459E+00  2.48446E+04  1.59148E+04  8.20021E+03  1.51134E+04  1.80649E+03  1.95209E+03  0.00000E+00  4.95505E-03  7.20215E-04
       3       6       1  3.99586E-03  4.15317E-03  3.99586E-05  4.71889E-01  3.64235E-01  7.83734E-02  7.03886E+01 -9.83223E+01 -5.35767E+00  4.32849E+04  4.12618E+04  3.44213E+04  4.87690E+03  1.77776E+02  9.52537E+02  6.76995E-05  3.38078E-03  7.04693E-04
       3       6       2  1.27308E-03  1.37511E-03  1.27308E-05  1.18328E+00  9.08979E-01  1.97172E-01 -1.86985E+01  2.17281E+01 -2.35473E+01  5.91696E+04  5.52960E+04  3.49445E+04  9.13142E+03  8.72600E+02 -2.85174E+02  9.19818E-05  1.14918E-03  1.33945E-04
       3       6       3  2.06240E-03  2.32768E-03  2.06240E-05  1.72945E+00  1.32860E+00  2.84339E-01  2.91992E+01 -3.88703E+01 -1.24699E+01  3.46992E+04  2.87732E+04  2.14044E+04  1.29407E+04  1.04055E+02  6.81400E+02  1.19183E-04  1.84437E-03  3.64125E-04
       3       6       4  3.64776E-03  3.06707E-03  3.64776E-05  2.72007E+00  2.09237E+00  4.56435E-01  6.34297E+01 -7.98611E+01 -3.26786E+00  6.60200E+04  7.82940E+04  4.59434E+04 -1.99905E+04  3.95694E+02  2.17313E+03  1.53354E-04  2.60962E-03  3.04101E-04
       3       6       5  4.19985E-03  4.53780E-03  4.19985E-05  4.11443E+00  3.17513E+00  6.74256E-01  3.77018E+01 -4.94615E+01 -3.14087E+00  4.69200E+04  4.69067E+04  1.76963E+04  1.68058E+03  3.19261E+03  2.26310E+03  9.46426E-05  3.91162E-03  5.31542E-04
       3       6       6  5.45542E-03  6.56951E-03  5.45542E-05  5.59999E+00  4.33993E+00  9.30937E-01  3.11930E+01 -4.30067E+01 -7.99346E+00  2.43199E+04  2.34146E+04  1.34928E+04  3.71091E+03  2.33690E+03  1.80814E+03  2.10146E-04  5.26030E-03  1.09906E-03
       3       6       7  7.80156E-03  6.02258E-03  7.80156E-05  9.40081E+00  7.23590E+00  1.62015E+00  1.48145E+02 -1.96044E+02  1.50134E+01  5.27996E+04  6.45507E+04  2.29341E+04 -2.04041E+04  1.16444E+03  2.91750E+03  2.21919E-04  4.92082E-03  8.79839E-04
       3       6       8  7.90085E-03  1.06852E-02  7.90085E-05  1.42114E+01  1.09478E+01  2.39261E+00  9.38938E+01 -1.25501E+02  8.36352E+00  3.10649E+04  3.25978E+04  1.13115E+04 -2.24982E+03  1.01006E+03  1.51720E+03  4.15022E-04  8.59649E-03  1.67372E-03
       3       6       9  1.13089E-02  1.27963E-02  1.13089E-04  1.93565E+01  1.50434E+01  3.47273E+00  4.97821E+01 -6.76475E+01  2.48561E+00  1.26036E+04  1.32617E+04  4.06934E+03 -6.30109E+02  5.26362E+02  7.77690E+02  2.11094E-04  8.26666E-03  4.31852E-03
       3       6      10  1.85146E-02  2.16718E-02  1.85146E-04  4.98756E+01  3.83386E+01  8.07212E+00  1.42851E+02 -1.86124E+02  9.96680E-01  2.97755E+04  4.39359E+04  2.32560E+03 -2.63989E+04  1.50479E+01  1.27283E+02  0.00000E+00  2.10753E-02  5.96492E-04
       4       1       1  4.16723E-04  4.69665E-04  4.16723E-06  5.79481E-02  7.57564E-02  5.04524E-01  2.91321E+01 -5.43035E+01  8.59703E-01  4.36370E+04  5.54767E+04  1.09756E+05  6.57022E+03  1.68357E+04  1.46779E+04  2.06285E-05  1.16160E-04  3.32876E-04
       4       1       2  1.18837E-04  1.35289E-04  1.18837E-06  1.87330E-01  2.36847E-01  1.46243E+00 -1.29650E+00  6.91337E+01 -2.45341E+01  3.32871E+04  4.06277E+04  9.77648E+04  1.13458E+03  1.15776E+04  1.67898E+04  4.04405E-05  0.00000E+00  9.48484E-05
       4       1       3  2.05129E-04  2.66127E-04  2.05129E-06  2.89485E-01  3.78947E-01  2.16382E+00  4.99358E-01  1.49178E+01 -1.26406E+01  2.17122E+04  1.94733E+04  3.85193E+04  9.57024E+03  6.82178E+03  3.57213E+03  4.04967E-05  0.00000E+00  2.25631E-04
       4       1       4  2.88271E-04  1.09783E-04  2.88271E-06  3.52285E-01  4.53244E-01  3.55645E+00 -7.34830E+00  6.14291E+00 -7.89729E+00  6.66722E+04  4.73097E+04  6.80517E+04  5.50422E+03 -1.74491E+03  2.69159E+03  9.09850E-05  0.00000E+00  1.87980E-05
       4       1       5  2.63415E-04  1.89965E-04  2.63415E-06  4.84076E-01  6.15610E-01  5.22914E+00 -5.31630E-01  1.61149E+01  4.23099E+01  2.55243E+04  1.68634E+04  5.13835E+04  3.98943E+02  5.23434E+03  2.06193E+03  1.55994E-04  0.00000E+00  3.39706E-05
       4       1       6  2.11287E-04  2.03552E-04  2.11287E-06  7.03641E-01  9.28101E-01  6.93218E+00  1.83057E+00  1.51665E+01  2.17093E+01  8.64268E+03  7.28687E+03  2.56044E+04  3.57073E+02  2.99232E+03  1.00459E+03  1.43320E-04  0.00000E+00  6.02314E-05
       4       1       7  2.15355E-04  1.23173E-04  2.15355E-06  1.18355E+00  1.55094E+00  1.22381E+01 -4.85130E+00 -1.54342E+02  7.37714E+01  4.15034E+04  3.60882E+04  4.28783E+04  2.00429E+03 -2.62477E+03  1.36928E+03  9.56954E-05  0.00000E+00  2.74772E-05
       4       1       8  3.60709E-04  2.56930E-04  3.60709E-06  1.74726E+00  2.27184E+00  1.79789E+01  6.25974E+00 -9.95438E+01  2.43687E+01  1.85701E+04  1.56471E+04  2.98468E+04 -3.61723E+02  9.78444E+02  2.11039E+03  1.89096E-04  0.00000E+00  6.78336E-05
       4       1       9  3.75225E-04  1.94547E-04  3.75225E-06  2.48473E+00  3.09491E+00  2.36168E+01 -3.06059E+00 -4.79775E+01  6.43340E+00  7.65552E+03  6.06606E+03  1.54051E+04  7.45249E+02  1.07497E+03  1.20024E+03  1.01213E-04  0.00000E+00  9.33338E-05
       4       1      10  1.69887E-04  1.57219E-04  1.69887E-06  9.29696E+00  1.37983E+01  7.79886E+01  2.72307E+00  5.20139E+00  1.83050E+01  5.17671E+02  1.14894E+03  3.66539E+04  7.55672E+02  6.19875E+03  4.17377E+03  0.00000E+00  0.00000E+00  1.57219E-04
       4       2       1  1.25804E-03  1.19137E-03  1.25804E-05  1.23211E-01  1.61525E-01  4.70507E-01  6.27952E+01 -4.86550E+01  3.13916E-01  4.57688E+04  4.60821E+04  6.93842E+04  1.47836E+04  6.68097E+03  7.74178E+03  2.30475E-05  5.46544E-04  6.21781E-04
       4       2       2  3.62153E-04  2.50813E-04  3.62153E-06  3.55108E-01  4.59060E-01  1.38382E+00 -2.08896E+00  8.39404E+01 -4.23275E+01  3.37304E+04  5.30420E+04  9.76682E+04  1.78612E+04  2.61862E+04  2.70831E+04  8.38703E-05  0.00000E+00  1.66942E-04
       4       2       3  6.23143E-04  4.98357E-04  6.23143E-06  4.83810E-01  6.48787E-01  2.08508E+00  4.67678E+00  1.67528E+01 -7.49057E+00  1.32449E+04  2.47319E+04  5.62325E+04  1.47193E+04  1.84384E+04  1.47008E+04  3.84807E-05  0.00000E+00  4.59876E-04
       4       2       4  8.98378E-04  2.84741E-04  8.98378E-06  8.34330E-01  1.07837E+00  3.20210E+00  7.85614E+01 -5.80781E+01  8.86197E+00  6.14977E+04  7.23420E+04  1.02647E+05  9.78657E+02  1.56688E+04  2.41671E+04  8.83501E-05  5.90344E-05  1.37356E-04
       4       2       5  8.37133E-04  4.89468E-04  8.37133E-06  1.29283E+00  1.67744E+00  4.77918E+00  1.07690E+01  1.73115E+01  2.87176E+01  1.29280E+04  2.49895E+04  6.68367E+04  4.72848E+03  1.19278E+04  1.16085E+04  2.59938E-04  2.20689E-06  2.27323E-04
       4       2       6  7.06552E-04  6.22694E-04  7.06552E-06  1.75985E+00  2.27971E+00  6.75573E+00  6.39809E+00  1.59693E+01  1.49624E+01  3.80618E+03  6.45580E+03  4.10402E+04  2.43698E+03  1.06713E+04  8.20830E+03  1.58627E-04  0.00000E+00  4.64067E-04
       4       2       7  6.96866E-04  3.59733E-04  6.96866E-06  2.94995E+00  3.78026E+00  1.11419E+01  2.84152E+01 -1.00758E+02  4.66576E+01  2.23652E+04  3.32746E+04  7.84197E+04 -2.33343E+03  8.83762E+03  1.60663E+04  1.41214E-04  1.63041E-05  2.02215E-04
       4       2       8  1.15046E-03  7.45272E-04  1.15046E-05  4.30710E+00  5.49486E+00  1.67591E+01 -9.17042E+00 -6.42859E+01  1.70980E+01  7.52812E+03  1.46006E+04  4.42150E+04  3.72672E+03  8.13976E+03  8.06341E+03  2.86420E-04  0.00000E+00  4.58852E-04
       4       2       9  1.27822E-03  1.25606E-03  1.27822E-05  5.94413E+00  7.75821E+00  2.34042E+01  3.71578E+00 -1.20461E+01  1.20519E+01  1.64010E+03  3.10881E+03  1.29871E+04  5.85050E+02  3.21290E+03  3.18116E+03  1.36001E-04  0.00000E+00  1.12005E-03
       4       2      10  5.83427E-04  5.26456E-04  5.83427E-06  1.91902E+01  2.47017E+01  6.97116E+01  1.12721E+00 -7.81624E-02  7.85454E-01  2.85452E+03  4.61844E+03  3.87205E+04  3.56937E+03  1.29675E+04  1.01041E+04  0.00000E+00  0.00000E+00  5.26456E-04
       4       3       1  2.10762E-03  2.18730E-03  2.10762E-05  2.20455E-01  2.84848E-01  4.88797E-01  6.71415E+01 -5.59305E+01 -2.00550E+00  3.18609E+04  3.54624E+04  4.75125E+04  1.08782E+04  1.33067E+03  2.26234E+03  1.91452E-05  1.67457E-03  4.93583E-04
       4       3       2  6.18818E-04  5.85731E-04  6.18818E-06  5.56103E-01  7.22247E-01  1.21120E+00 -4.72753E+00  4.04074E+01 -3.18356E+01  3.50173E+04  4.57173E+04  6.44259E+04  1.52063E+04  4.84574E+03  1.08977E+04  1.12712E-04  3.46622E-04  1.26397E-04
       4       3       3  1.05539E-03  1.16242E-03  1.05539E-05  8.19731E-01  1.07061E+00  1.82114E+00  3.34581E+01 -2.52332E+01 -1.77836E+01  9.84136E+03  1.39957E+04  2.85899E+04  6.94468E+03  8.52369E+03  5.38895E+03  1.82911E-05  8.34091E-04  3.10038E-04
       4       3       4  1.59639E-03  9.72456E-04  1.59639E-05  1.23838E+00  1.60847E+00  2.81037E+00  1.99391E+02 -1.40682E+02  4.60079E-01  7.86270E+04  6.93008E+04  5.77744E+04 -2.52383E+04  1.04189E+04  1.10896E+04  1.10174E-04  6.44356E-04  2.17926E-04
       4       3       5  1.55024E-03  1.31148E-03  1.55024E-05  1.99414E+00  2.60078E+00  4.10085E+00  1.04766E+02 -6.93210E+01 -1.67169E+00  3.39827E+04  3.58968E+04  4.17977E+04  3.47255E+03  1.08830E+04  9.54692E+03  1.91990E-04  7.87920E-04  3.31570E-04
       4       3       6  1.44649E-03  1.66819E-03  1.44649E-05  2.57859E+00  3.33685E+00  5.69772E+00  7.21052E+01 -4.56041E+01 -5.19813E+00  1.56836E+04  1.56858E+04  2.42492E+04 -7.58295E+02  7.55743E+03  5.96972E+03  1.36940E-04  8.09765E-04  7.21481E-04
       4       3       7  1.39563E-03  1.19673E-03  1.39563E-05  4.44071E+00  5.79948E+00  9.80992E+00  1.38631E+02 -1.18029E+02  3.16543E+01  4.52216E+04  4.01558E+04  4.58025E+04 -9.33404E+03  5.97095E+03  7.19081E+03  1.56682E-04  7.95801E-04  2.44244E-04
       4       3       8  2.13876E-03  2.12903E-03  2.13876E-05  6.54137E+00  8.65205E+00  1.44475E+01  9.48022E+01 -7.60426E+01  1.97169E+01  2.17182E+04  2.02122E+04  2.89130E+04 -2.83357E+03  4.42960E+03  5.27906E+03  2.27291E-04  1.41789E-03  4.83852E-04
       4       3       9  2.70791E-03  2.80380E-03  2.70791E-05  8.97154E+00  1.18748E+01  1.97920E+01  4.07569E+01 -3.48940E+01  6.43700E+00  7.06984E+03  7.17736E+03  1.09747E+04  7.58289E+01  2.06053E+03  1.75549E+03  1.85452E-04  1.49376E-03  1.12459E-03
       4       3      10  1.39248E-03  1.46984E-03  1.39248E-05  2.80003E+01  3.59290E+01  6.07406E+01  3.47847E+01 -2.00901E+01  3.93478E+00  8.25262E+03  1.11940E+04  2.81600E+04  6.36684E+03  7.27474E+03  5.65920E+03  0.00000E+00  8.56523E-04  6.13315E-04
       4       4       1  2.92124E-03  3.13075E-03  2.92124E-05  2.99786E-01  3.88377E-01  3.43478E-01  1.14758E+02 -9.55457E+01  1.23045E+00  4.88734E+04  4.20234E+04  2.98722E+04 -1.22083E+04  9.68491E+02  1.87653E+03  1.84648E-05  2.61832E-03  4.93961E-04
       4       4       2  8.82751E-04  9.38908E-04  8.82751E-06  7.52352E-01  9.82933E-01  8.70935E-01 -6.80700E+00  2.06625E+01 -3.17803E+01  5.14146E+04  4.89192E+04  3.34912E+04 -2.01986E+03  1.94382E+03  4.71838E+03  1.08835E-04  6.80233E-04  1.49840E-04
       4       4       3  1.48151E-03  1.38409E-03  1.48151E-05  1.07045E+00  1.38830E+00  1.25760E+00  3.03081E+01 -1.39177E+01 -2.39986E+00  2.83675E+04  2.46089E+04  1.73291E+04 -3.86791E+03  3.67479E+03  3.05725E+03  1.79420E-05  1.04274E-03  3.23403E-04
       4       4       4  2.38237E-03  1.71683E-03  2.38237E-05  1.72638E+00  2.24377E+00  2.03734E+00  1.04351E+02 -8.23501E+01  1.26413E+00  9.01919E+04  7.08516E+04  3.22672E+04 -4.03382E+04  7.84445E+02  3.08659E+03  1.28293E-04  1.45286E-03  1.35676E-04
       4       4       5  2.45797E-03  3.19304E-03  2.45797E-05  2.60250E+00  3.37723E+00  2.99007E+00  8.00856E+01 -5.64897E+01 -5.08927E+00  4.34802E+04  4.10669E+04  2.12397E+04 -5.54382E+03  2.15298E+03  1.23802E+03  1.07013E-04  2.80902E-03  2.77011E-04
       4       4       6  2.61677E-03  2.27077E-03  2.61677E-05  3.49185E+00  4.58991E+00  3.96822E+00  3.53751E+01 -2.46229E+01 -4.08801E-01  2.54561E+04  2.46897E+04  1.25905E+04 -2.30982E+02  3.51335E+03  3.64454E+03  1.67378E-04  1.48369E-03  6.19705E-04
       4       4       7  2.70736E-03  2.47953E-03  2.70736E-05  5.96727E+00  7.80119E+00  6.86154E+00  2.01219E+02 -1.59501E+02  1.60929E+01  6.81938E+04  5.66068E+04  2.90116E+04 -2.50487E+04  2.81745E+03  3.23998E+03  1.20273E-04  2.11794E-03  2.41318E-04
       4       4       8  3.46626E-03  4.58879E-03  3.46626E-05  9.05883E+00  1.17883E+01  1.03702E+01  1.13455E+02 -9.19915E+01  1.09172E+01  2.94144E+04  2.90094E+04  1.91888E+04 -8.45130E+02  2.77786E+03  2.66912E+03  3.31148E-04  3.69169E-03  5.65952E-04
       4       4       9  5.09846E-03  5.76476E-03  5.09846E-05  1.23978E+01  1.63999E+01  1.41930E+01  5.96369E+01 -4.53208E+01  2.78710E+00  1.20374E+04  1.27021E+04  8.20362E+03  1.79551E+03  1.42767E+03  1.40727E+03  9.33413E-05  4.26264E-03  1.40878E-03
       4       4      10  3.66410E-03  4.78813E-03  3.66410E-05  3.79896E+01  4.95173E+01  4.21913E+01  5.02879E+01 -4.06358E+01 -3.97604E+00  1.46417E+04  2.12324E+04  1.40495E+04  1.20257E+04  2.53673E+03  1.52301E+03  0.00000E+00  4.23836E-03  5.49774E-04
       4       5       1  3.59400E-03  3.45151E-03  3.59400E-05  3.26044E-01  4.22721E-01  2.26294E-01  1.21510E+02 -9.59606E+01 -9.98024E-01  4.78433E+04  4.14268E+04  3.57980E+04 -9.22456E+03  7.84533E+02  7.99445E+02  2.41776E-05  2.97443E-03  4.52899E-04
       4       5       2  1.11993E-03  1.04678E-03  1.11993E-05  8.52784E-01  1.10511E+00  5.88294E-01  9.32586E+00  6.00482E+00 -2.49293E+01  5.30093E+04  5.39236E+04  3.53214E+04  6.12837E+03  2.56865E+03  2.02326E+03  7.70031E-05  8.45393E-04  1.24381E-04
       4       5       3  1.84321E-03  1.74397E-03  1.84321E-05  1.20520E+00  1.58380E+00  8.34376E-01  3.35479E+01 -2.17635E+01 -5.64678E+00  3.20677E+04  3.38797E+04  2.19361E+04  4.03481E+03  3.32175E+03  1.74551E+03  3.89497E-05  1.29932E-03  4.05707E-04
       4       5       4  3.14012E-03  1.81710E-03  3.14012E-05  1.94986E+00  2.54288E+00  1.32332E+00  9.23690E+01 -5.78826E+01 -1.00226E+01  7.16665E+04  6.22260E+04  5.55294E+04 -1.64995E+04  4.31164E+03  3.45450E+03  1.02157E-04  1.51682E-03  1.98121E-04
       4       5       5  3.45678E-03  3.39607E-03  3.45678E-05  2.94326E+00  3.85217E+00  2.07286E+00  5.54802E+01 -4.50119E+01 -1.06572E+00  3.91964E+04  4.10186E+04  2.69600E+04  1.41708E+03  3.76502E+03  4.07037E+03  1.53135E-04  2.84697E-03  3.95971E-04
       4       5       6  4.16683E-03  3.99482E-03  4.16683E-05  4.02776E+00  5.29232E+00  2.76615E+00  4.24002E+01 -2.95896E+01 -8.53129E+00  2.47793E+04  2.82190E+04  1.54866E+04  6.93435E+03  5.08081E+03  3.26506E+03  1.50036E-04  2.76811E-03  1.07667E-03
       4       5       7  5.11801E-03  2.90033E-03  5.11801E-05  6.67495E+00  8.74431E+00  4.64746E+00  1.49492E+02 -1.22120E+02  1.66422E+01  5.28105E+04  5.45188E+04  3.87199E+04 -1.01704E+03  3.83819E+03  5.06483E+03  1.29346E-04  2.34925E-03  4.21735E-04
       4       5       8  5.44030E-03  5.39352E-03  5.44030E-05  1.00711E+01  1.32209E+01  7.10101E+00  9.22952E+01 -7.94250E+01  1.00038E+01  2.74296E+04  3.21764E+04  1.87374E+04  6.50850E+03  2.88412E+03  2.34398E+03  2.87416E-04  4.17380E-03  9.32300E-04
       4       5       9  8.40517E-03  7.98273E-03  8.40517E-05  1.41088E+01  1.85081E+01  9.78837E+00  4.72594E+01 -3.68603E+01  2.40709E+00  1.02974E+04  1.23778E+04  6.78781E+03  3.63997E+03  1.06577E+03  1.01808E+03  1.06025E-04  5.18935E-03  2.68736E-03
       4       5      10  9.62789E-03  5.65748E-03  9.62789E-05  4.19651E+01  5.51617E+01  2.96753E+01  4.72249E+01 -3.43916E+01  6.93759E-01  1.66000E+04  2.49314E+04  8.30461E+03  1.56164E+04  7.38171E+02  7.13599E+02  0.00000E+00  4.97215E-03  6.85325E-04
       4       6       1  3.98388E-03  4.09771E-03  3.98388E-05  3.59999E-01  4.66342E-01  8.00543E-02  9.61444E+01 -7.75304E+01 -2.92121E+00  4.14542E+04  4.17871E+04  3.37633E+04  4.56909E+03  3.41780E+02  2.95387E+02  3.36786E-05  3.63076E-03  4.33272E-04
       4       6       2  1.26701E-03  1.33471E-03  1.26701E-05  9.11398E-01  1.18674E+00  1.97542E-01 -2.15658E+01  1.85998E+01 -1.77833E+01  5.60099E+04  5.90952E+04  3.12264E+04  8.43050E+03 -6.04660E+02 -6.59587E+02  5.20046E-05  1.15645E-03  1.26260E-04
       4       6       3  2.05667E-03  2.17226E-03  2.05667E-05  1.33920E+00  1.72969E+00  2.86409E-01  4.30553E+01 -2.96181E+01 -4.36661E+00  2.77778E+04  3.28087E+04  1.88093E+04  1.03289E+04  5.96930E+02 -4.52765E+02  5.68555E-05  1.80132E-03  3.14084E-04
       4       6       4  3.62922E-03  2.91228E-03  3.62922E-05  2.08782E+00  2.71993E+00  4.67312E-01  8.50863E+01 -6.73813E+01 -4.59922E-01  7.79849E+04  6.46107E+04  4.30424E+04 -2.58479E+04  5.18970E+02  1.18388E+03  6.87347E-05  2.61814E-03  2.25398E-04
       4       6       5  4.17097E-03  4.54280E-03  4.17097E-05  3.16837E+00  4.12020E+00  6.83542E-01  5.09982E+01 -3.46261E+01 -3.40777E+00  4.39779E+04  4.32791E+04  1.86342E+04 -1.39214E+03  2.65829E+02  2.96369E+02  2.32575E-04  3.89638E-03  4.13843E-04
       4       6       6  5.41616E-03  6.31829E-03  5.41616E-05  4.33147E+00  5.60848E+00  9.25440E-01  4.67814E+01 -3.22597E+01  4.83126E-01  2.19069E+04  2.23299E+04  1.22781E+04  6.86695E+02  1.37236E+03  1.22621E+03  9.06492E-05  5.33604E-03  8.91599E-04
       4       6       7  7.70289E-03  5.62995E-03  7.70289E-05  7.25191E+00  9.45554E+00  1.57992E+00  2.08853E+02 -1.58614E+02  8.43358E+00  6.53615E+04  5.25259E+04  2.21844E+04 -2.54728E+04  1.51298E+03  7.20924E+02  1.59842E-04  4.92384E-03  5.46276E-04
       4       6       8  7.79777E-03  9.43587E-03  7.79777E-05  1.08521E+01  1.41966E+01  2.31749E+00  1.37695E+02 -1.04862E+02  5.39557E+00  3.44586E+04  3.19934E+04  9.92246E+03 -4.63938E+03  8.52862E+02  8.14162E+02  1.83519E-04  8.21438E-03  1.03798E-03
       4       6       9  1.12175E-02  1.12567E-02  1.12175E-04  1.46535E+01  1.92660E+01  3.13808E+00  7.82781E+01 -5.84580E+01  4.58167E+00  1.41194E+04  1.31583E+04  5.09960E+03 -1.93649E+03  3.21744E+02  4.49760E+02  1.73083E-04  8.53651E-03  2.54715E-03
       4       6      10  1.81127E-02  2.15289E-02  1.81127E-04  3.82829E+01  4.98629E+01  8.12882E+00  1.87284E+02 -1.43396E+02  9.53012E-01  4.41089E+04  2.96949E+04  2.26400E+03 -2.66977E+04  1.77639E+02  2.11919E+02  0.00000E+00  2.09628E-02  5.66123E-04
       5       1       1  4.16690E-04  5.01266E-04  4.16690E-06  3.51833E-02  8.33539E-02  4.89496E-01  3.31313E+01 -3.36218E+01 -3.90851E+00  4.31759E+04  6.27289E+04  1.06546E+05  5.80917E+03  1.83738E+04  8.29159E+03  2.22112E-05  1.23124E-04  3.55931E-04
       5       1       2  1.18826E-04  1.33406E-04  1.18826E-06  1.14614E-01  2.63477E-01  1.46081E+00 -1.99204E+01  5.44427E+01 -1.34390E+01  2.76410E+04  5.35488E+04  1.08184E+05  2.80806E+03  1.50503E+04  1.48838E+04  3.95296E-05  0.00000E+00  9.38767E-05
       5       1       3  2.05114E-04  2.93218E-04  2.05114E-06  1.82818E-01  4.20992E-01  2.18514E+00 -5.06770E+00  2.21319E+01 -2.94417E+00  2.12881E+04  3.32104E+04  4.10219E+04  8.08953E+03  5.06940E+03  3.26048E+03  4.04411E-05  0.00000E+00  2.52777E-04
       5       1       4  2.88237E-04  1.10014E-04  2.88237E-06  2.15971E-01  5.20137E-01  3.51560E+00 -5.63018E+00  9.81648E+00 -5.22258E+00  5.71181E+04  5.39695E+04  7.17846E+04  6.00248E+03  4.43361E+03  1.19854E+03  8.74077E-05  0.00000E+00  2.26066E-05
       5       1       5  2.63386E-04  1.82491E-04  2.63386E-06  3.01869E-01  7.50619E-01  5.20982E+00  1.67044E+00  1.35016E+01  1.31976E-01  2.22167E+04  1.89958E+04  4.91053E+04  8.39655E+02  4.56048E+03  7.72872E+01  1.55453E-04  0.00000E+00  2.70388E-05
       5       1       6  2.11260E-04  2.68974E-04  2.11260E-06  4.35207E-01  1.11327E+00  7.12245E+00 -1.45726E+00  2.18009E+01  1.42714E+01  6.02880E+03  4.37940E+03  2.06632E+04 -1.89890E+02  2.58103E+03  2.42427E+02  1.85415E-04  0.00000E+00  8.35594E-05
       5       1       7  2.15336E-04  1.26564E-04  2.15336E-06  7.25671E-01  1.74905E+00  1.21800E+01  1.13098E+01 -1.39265E+02  4.60149E+01  4.05017E+04  3.32609E+04  4.88530E+04 -9.65067E+02  2.33842E+03  3.23922E+03  9.00832E-05  0.00000E+00  3.64809E-05
       5       1       8  3.60679E-04  2.48344E-04  3.60679E-06  1.12706E+00  2.79185E+00  1.78437E+01 -3.62951E+00 -9.41751E+01  3.73173E+01  1.79295E+04  1.58700E+04  3.15214E+04  1.09349E+03  2.69714E+03  8.84197E+02  1.78990E-04  0.00000E+00  6.93548E-05
       5       1       9  3.75170E-04  2.81444E-04  3.75170E-06  1.21222E+00  3.10566E+00  2.45293E+01  1.00020E+00 -2.72982E+01  3.45310E+00  4.05203E+03  3.47684E+03  1.55297E+04 -1.55907E+02  1.98642E+03  9.41830E+02  7.79518E-05  0.00000E+00  2.03492E-04
       5       1      10  1.69864E-04  1.74943E-04  1.69864E-06  5.97071E+00  1.43863E+01  7.26469E+01 -2.18324E+00 -4.01773E+00 -2.28418E+01  3.67113E+02  2.00749E+03  4.85807E+04  8.00454E+02  9.51101E+03  3.80770E+03  0.00000E+00  0.00000E+00  1.74943E-04
       5       2       1  1.25756E-03  1.27549E-03  1.25756E-05  7.66472E-02  1.86300E-01  4.77078E-01  6.95126E+01 -3.19706E+01 -1.15116E+00  3.48172E+04  4.99443E+04  6.89219E+04  1.02067E+04  7.67665E+03  4.43589E+03  1.92217E-05  6.09545E-04  6.46718E-04
       5       2       2  3.61980E-04  2.20220E-04  3.61980E-06  2.16022E-01  5.10942E-01  1.40018E+00 -4.20425E+00  8.97574E+01 -2.76987E+01  1.97182E+04  6.44666E+04  1.13234E+05  1.32277E+04  3.81967E+04  1.82958E+04  6.86803E-05  0.00000E+00  1.51540E-04
       5       2       3  6.22924E-04  4.44839E-04  6.22924E-06  3.27025E-01  7.86172E-01  2.08010E+00  4.24033E+00  2.54233E+01 -1.13845E+00  7.68370E+03  3.47066E+04  5.65388E+04  1.28266E+04  2.13984E+04  9.10747E+03  3.68557E-05  0.00000E+00  4.07983E-04
       5       2       4  8.97858E-04  2.59286E-04  8.97858E-06  5.27655E-01  1.26393E+00  3.19340E+00  6.98046E+01 -2.27715E+01 -2.26359E+01  4.91502E+04  7.69432E+04  1.03886E+05  5.93445E+03  2.23381E+04  1.18675E+04  8.89969E-05  4.24827E-05  1.27806E-04
       5       2       5  8.36642E-04  4.20841E-04  8.36642E-06  7.93822E-01  1.85770E+00  4.81124E+00  3.61427E+00  8.66610E+00 -7.91743E+00  1.15478E+04  2.64362E+04  6.95790E+04  3.71670E+03  1.64093E+04  8.48880E+03  2.19745E-04  4.41378E-06  1.96682E-04
       5       2       6  7.06071E-04  5.95433E-04  7.06071E-06  1.08903E+00  2.60130E+00  6.86359E+00  1.73639E+00  9.79249E+00  2.12730E+00  1.57805E+03  1.05278E+04  4.66347E+04  2.45298E+03  1.53465E+04  5.92205E+03  1.74436E-04  0.00000E+00  4.20997E-04
       5       2       7  6.96491E-04  4.41610E-04  6.96491E-06  1.82143E+00  4.42459E+00  1.10556E+01  3.71101E+01 -7.90042E+01  4.69300E+01  2.23722E+04  3.11450E+04  8.20628E+04 -2.92202E+02  1.86383E+04  1.00984E+04  1.26672E-04  3.86786E-05  2.76260E-04
       5       2       8  1.14998E-03  8.52916E-04  1.14998E-05  2.74569E+00  6.64991E+00  1.66461E+01  8.75124E+00 -3.32516E+01  3.77128E+01  4.01865E+03  1.47971E+04  4.80634E+04  1.50913E+03  1.43474E+04  6.61849E+03  2.06192E-04  2.17313E-06  6.44550E-04
       5       2       9  1.27724E-03  1.56263E-03  1.27724E-05  3.60012E+00  9.15421E+00  2.32030E+01 -1.44923E+00 -7.80920E+00  4.51102E+00  9.30492E+02  3.61328E+03  1.37136E+04  8.77060E+02  4.28277E+03  1.80774E+03  1.39920E-04  0.00000E+00  1.42271E-03
       5       2      10  5.82894E-04  5.46059E-04  5.82894E-06  1.11317E+01  2.70117E+01  7.06296E+01 -1.66744E+00 -3.85713E+00 -9.99648E+00  1.05705E+03  5.82455E+03  3.92557E+04  2.40389E+03  1.47270E+04  6.02603E+03  0.00000E+00  0.00000E+00  5.46059E-04
       5       3       1  2.10566E-03  2.18955E-03  2.10566E-05  1.34699E-01  3.32643E-01  4.88981E-01  7.67681E+01 -2.77860E+01 -7.17913E+00  2.38946E+04  4.10069E+04  4.91702E+04  8.88218E+03  2.41552E+03  6.22027E+02  1.56926E-05  1.81311E-03  3.60743E-04
       5       3       2  6.18049E-04  6.28432E-04  6.18049E-06  3.39074E-01  8.29015E-01  1.21568E+00  7.49563E-01  3.27391E+01 -2.91063E+01  2.47326E+04  5.96363E+04  6.66084E+04  1.36058E+04  4.09117E+03  3.37774E+03  8.93683E-05  3.88318E-04  1.50746E-04
       5       3       3  1.05449E-03  1.03989E-03  1.05449E-05  5.04279E-01  1.23224E+00  1.80392E+00  4.53891E+01 -1.25413E+01  3.54637E+00  6.58513E+03  1.89642E+04  2.94127E+04  5.80926E+03  8.83759E+03  4.02849E+03  1.59242E-05  8.05136E-04  2.18830E-04
       5       3       4  1.59406E-03  9.49688E-04  1.59406E-05  7.72736E-01  1.87083E+00  2.81313E+00  2.32918E+02 -8.71286E+01  1.72198E+00  9.18945E+04  6.09625E+04  5.54450E+04 -1.60265E+04  1.50024E+04  8.76012E+03  9.82330E-05  6.37398E-04  2.14057E-04
       5       3       5  1.54776E-03  1.35760E-03  1.54776E-05  1.25964E+00  3.02211E+00  4.10442E+00  1.17159E+02 -4.96891E+01 -1.58469E+01  3.02863E+04  3.99946E+04  4.12838E+04  3.52804E+03  1.30510E+04  5.40038E+03  1.72675E-04  8.19871E-04  3.65054E-04
       5       3       6  1.44384E-03  1.67043E-03  1.44384E-05  1.61595E+00  3.88799E+00  5.69969E+00  7.81916E+01 -3.24462E+01 -6.81761E+00  1.60367E+04  1.53107E+04  2.57362E+04 -1.75619E+01  9.86661E+03  4.65086E+03  1.34620E-04  7.92962E-04  7.42847E-04
       5       3       7  1.39302E-03  1.17605E-03  1.39302E-05  2.78424E+00  6.69022E+00  9.76329E+00  1.50695E+02 -8.07392E+01  9.27153E+00  4.51532E+04  3.44138E+04  5.08506E+04 -6.17636E+03  1.10963E+04  6.35079E+03  1.06506E-04  7.56066E-04  3.13476E-04
       5       3       8  2.13640E-03  2.35418E-03  2.13640E-05  4.16339E+00  9.99956E+00  1.45574E+01  9.56448E+01 -6.04090E+01  7.32335E+00  2.07563E+04  1.96973E+04  2.87552E+04 -1.04110E+03  5.61598E+03  3.09582E+03  2.78206E-04  1.50245E-03  5.73525E-04
       5       3       9  2.70242E-03  2.95908E-03  2.70242E-05  5.69905E+00  1.37448E+01  1.99930E+01  4.36403E+01 -1.95071E+01 -1.42323E+00  6.34191E+03  6.52812E+03  1.12955E+04  3.29700E+02  3.13590E+03  1.47216E+03  7.18206E-05  1.48747E-03  1.39979E-03
       5       3      10  1.38774E-03  1.48125E-03  1.38774E-05  1.76168E+01  4.19657E+01  6.01866E+01  3.58324E+01 -1.79384E+01 -3.88045E+00  5.32339E+03  1.47745E+04  2.87794E+04  4.95305E+03  8.47409E+03  3.67713E+03  0.00000E+00  8.41622E-04  6.39632E-04
       5       4       1  2.91654E-03  3.31676E-03  2.91654E-05  1.88804E-01  4.60717E-01  3.51582E-01  1.35224E+02 -6.11986E+01 -4.74862E+00  5.29338E+04  4.02862E+04  2.96274E+04 -7.95553E+03  1.12967E+03  4.46913E+02  1.44004E-05  2.95268E-03  3.49683E-04
       5       4       2  8.80717E-04  1.01430E-03  8.80717E-06  4.70519E-01  1.15012E+00  8.64685E-01  3.41646E+00  1.99385E+01 -2.10964E+01  5.17427E+04  6.10519E+04  3.30000E+04  4.30731E+03 -4.41742E+02  1.05139E+03  8.67329E-05  7.55038E-04  1.72525E-04
       5       4       3  1.47932E-03  1.52209E-03  1.47932E-05  6.71718E-01  1.64565E+00  1.26490E+00  3.49548E+01 -1.02951E+01  9.25996E-01  2.84114E+04  2.17612E+04  1.71881E+04 -3.90479E+03  3.93392E+03  1.26406E+03  1.42633E-05  1.11288E-03  3.94943E-04
       5       4       4  2.37615E-03  1.74031E-03  2.37615E-05  1.08983E+00  2.60751E+00  2.04362E+00  1.24569E+02 -5.20987E+01 -2.11214E+00  1.09595E+05  5.47101E+04  3.08497E+04 -2.95214E+04  2.22378E+03  6.88535E+02  1.12578E-04  1.47949E-03  1.48249E-04
       5       4       5  2.45028E-03  3.44976E-03  2.45028E-05  1.62742E+00  3.96520E+00  2.99137E+00  8.53716E+01 -3.54045E+01 -1.76621E-01  4.44447E+04  3.98909E+04  2.18743E+04 -2.46752E+03  5.11648E+03  2.51911E+03  1.11063E-04  2.95038E-03  3.88320E-04
       5       4       6  2.60767E-03  3.02902E-03  2.60767E-05  2.24152E+00  5.47278E+00  4.10337E+00  3.57199E+01 -1.24871E+01 -2.89873E+00  1.89477E+04  2.18260E+04  1.32128E+04  1.45319E+03  5.66369E+03  2.52272E+03  1.44290E-04  1.77801E-03  1.10672E-03
       5       4       7  2.69453E-03  2.55778E-03  2.69453E-05  3.74786E+00  9.08637E+00  6.90097E+00  2.32294E+02 -1.05073E+02  1.48197E+01  7.93853E+04  4.38123E+04  2.98760E+04 -1.80845E+04  2.77859E+03  2.36671E+03  1.38550E-04  2.17922E-03  2.40014E-04
       5       4       8  3.45744E-03  4.30318E-03  3.45744E-05  5.69144E+00  1.37407E+01  1.02163E+01  1.37563E+02 -5.76077E+01  7.17687E+00  3.13843E+04  3.03617E+04  1.84688E+04 -3.54879E+02  3.39279E+03  1.53584E+03  1.55783E-04  3.60897E-03  5.38433E-04
       5       4       9  5.07941E-03  5.92768E-03  5.07941E-05  7.98079E+00  1.90011E+01  1.42314E+01  6.93518E+01 -2.89498E+01  3.02107E+00  1.08362E+04  1.28226E+04  7.89840E+03  1.03361E+03  1.19006E+03  5.19663E+02  1.54312E-04  4.38194E-03  1.39144E-03
       5       4      10  3.63393E-03  4.68089E-03  3.63393E-05  2.37849E+01  5.73326E+01  4.22627E+01  6.20594E+01 -2.39471E+01  1.27879E+00  9.36547E+03  2.68941E+04  1.43046E+04  8.88455E+03  1.93300E+03  9.18610E+02  0.00000E+00  4.24409E-03  4.36798E-04
       5       5       1  3.58601E-03  3.46026E-03  3.58601E-05  2.01434E-01  4.89444E-01  2.25467E-01  1.44342E+02 -5.91097E+01 -4.13502E+00  5.24739E+04  4.04915E+04  3.58227E+04 -5.00274E+03  9.43983E+02 -5.32363E+01  1.85491E-05  3.14063E-03  3.01079E-04
       5       5       2  1.11613E-03  1.10605E-03  1.11613E-05  5.25124E-01  1.28804E+00  5.90620E-01  7.83706E+00 -1.35218E-01 -2.17661E+01  4.97537E+04  7.17767E+04  3.51642E+04  1.13908E+04  3.74673E+03  2.01923E+03  6.05377E-05  8.35331E-04  2.10184E-04
       5       5       3  1.83943E-03  1.85461E-03  1.83943E-05  7.45299E-01  1.84918E+00  8.43344E-01  3.85550E+01 -5.22747E+00 -1.02811E+01  3.06599E+04  4.93795E+04  2.09425E+04  9.44623E+03  5.22283E+03  1.71133E+03  3.17900E-05  1.29298E-03  5.29837E-04
       5       5       4  3.12846E-03  1.91109E-03  3.12846E-05  1.22936E+00  2.95878E+00  1.32895E+00  9.90413E+01 -3.64424E+01 -2.62875E+00  7.56586E+04  5.89673E+04  5.53707E+04 -8.05307E+03  7.87345E+03  1.84574E+03  8.73549E-05  1.57883E-03  2.44910E-04
       5       5       5  3.44019E-03  3.58952E-03  3.44019E-05  1.86455E+00  4.47112E+00  2.08074E+00  6.53577E+01 -2.52044E+01  6.23440E+00  3.70178E+04  4.53367E+04  2.82467E+04  3.00947E+03  5.80713E+03  4.67474E+03  1.31270E-04  2.92942E-03  5.28833E-04
       5       5       6  4.14538E-03  4.43736E-03  4.14538E-05  2.59357E+00  6.18071E+00  2.81067E+00  4.53639E+01 -1.37535E+01 -1.34181E-01  2.01232E+04  3.50497E+04  1.52966E+04  7.75636E+03  7.47828E+03  2.36349E+03  1.16427E-04  2.86782E-03  1.45311E-03
       5       5       7  5.07485E-03  3.40929E-03  5.07485E-05  4.19497E+00  1.01669E+01  4.62898E+00  1.51022E+02 -6.40786E+01  1.08192E+01  4.93557E+04  6.03958E+04  3.53072E+04  5.37338E+03  1.02282E+04  4.21902E+03  1.21412E-04  2.34733E-03  9.40549E-04
       5       5       8  5.40615E-03  6.22707E-03  5.40615E-05  6.35144E+00  1.53699E+01  6.99666E+00  9.59972E+01 -4.00297E+01  3.36480E+00  2.24969E+04  3.73842E+04  1.79157E+04  6.97947E+03  7.03914E+03  2.58640E+03  1.76191E-04  4.17396E-03  1.87692E-03
       5       5       9  8.35910E-03  9.85313E-03  8.35910E-05  8.92693E+00  2.16600E+01  9.90731E+00  4.20619E+01 -1.89705E+01  4.81436E+00  7.30979E+03  1.37562E+04  5.90810E+03  3.07674E+03  2.06324E+03  1.19734E+03  1.32909E-04  4.95918E-03  4.76104E-03
       5       5      10  9.49129E-03  5.75256E-03  9.49129E-05  2.64958E+01  6.43442E+01  2.91801E+01  5.61232E+01 -2.21869E+01  2.76167E+00  9.36524E+03  3.20964E+04  8.18463E+03  1.12862E+04  1.37586E+03  7.18427E+02  0.00000E+00  5.21189E-03  5.40665E-04
       5       6       1  3.97355E-03  4.19901E-03  3.97355E-05  2.24169E-01  5.43033E-01  7.90599E-02  1.12198E+02 -4.30618E+01 -3.09706E+00  3.91357E+04  4.66991E+04  3.36726E+04  5.87512E+03  4.46345E+02  9.51716E+00  2.70218E-05  3.89783E-03  2.74159E-04
       5       6       2  1.26180E-03  1.28228E-03  1.26180E-05  5.72343E-01  1.38377E+00  2.02103E-01 -3.60974E+01  1.06243E+01 -9.44926E+00  5.26519E+04  6.55737E+04  2.94644E+04  8.02149E+03  7.80374E+02  1.65641E+03  3.89170E-05  1.09126E-03  1.52107E-04
       5       6       3  2.05173E-03  2.22167E-03  2.05173E-05  8.35812E-01  2.03412E+00  2.85286E-01  4.42688E+01 -1.42896E+01 -5.01543E+00  2.25013E+04  4.12176E+04  2.04368E+04  9.08739E+03  2.01915E+02  6.50071E+02  4.57243E-05  1.70125E-03  4.74695E-04
       5       6       4  3.61328E-03  2.98927E-03  3.61328E-05  1.31777E+00  3.17515E+00  4.77021E-01  9.46033E+01 -3.64178E+01 -1.86165E+00  8.87042E+04  6.05125E+04  4.27314E+04 -1.43528E+04  9.00106E+02 -9.59249E+02  6.47414E-05  2.51029E-03  4.14233E-04
       5       6       5  4.14626E-03  4.47809E-03  4.14626E-05  1.99587E+00  4.79016E+00  6.79851E-01  5.36239E+01 -2.27948E+01  3.18647E+00  4.51430E+04  4.80814E+04  1.85017E+04  1.13308E+03  1.31554E+03  2.71197E+03  1.87140E-04  3.62525E-03  6.65700E-04
       5       6       6  5.38249E-03  6.18321E-03  5.38249E-05  2.72875E+00  6.51846E+00  9.18326E-01  4.76774E+01 -1.93453E+01 -3.27041E-01  2.20843E+04  2.78601E+04  1.22292E+04  2.52769E+03  2.68759E+03  1.20750E+03  8.04059E-05  4.75488E-03  1.34792E-03
       5       6       7  7.61875E-03  5.96524E-03  7.61875E-05  4.53133E+00  1.09960E+01  1.59814E+00  2.30336E+02 -9.79879E+01  5.87148E+00  7.47206E+04  4.51576E+04  2.01416E+04 -1.57929E+04  2.72722E+03  1.11627E+03  9.44872E-05  4.96107E-03  9.09677E-04
       5       6       8  7.71091E-03  1.05781E-02  7.71091E-05  6.83655E+00  1.65779E+01  2.38450E+00  1.44570E+02 -5.83749E+01  5.17014E+00  3.33588E+04  3.13380E+04  9.91000E+03 -1.32496E+03  1.38384E+03  4.54560E+02  2.57618E-04  8.42401E-03  1.89648E-03
       5       6       9  1.11394E-02  1.34760E-02  1.11394E-04  9.19437E+00  2.27941E+01  3.22663E+00  7.46251E+01 -3.11882E+01 -1.81674E-01  1.27830E+04  1.22295E+04  3.59674E+03 -4.94306E+02  4.75862E+02  9.62946E+01  6.19419E-05  8.36388E-03  5.05022E-03
       5       6      10  1.77735E-02  2.12264E-02  1.77735E-04  2.40249E+01  5.79178E+01  8.23984E+00  2.20679E+02 -9.15146E+01 -1.49300E+00  5.72124E+04  1.68848E+04  2.19738E+03 -2.01011E+04  1.71912E+02 -5.87945E+01  0.00000E+00  2.07852E-02  4.41237E-04
       6       1       1  4.16671E-04  3.80378E-04  4.16671E-06  1.15618E-02  8.16596E-02  4.58974E-01  6.26806E+01 -3.14653E+00  5.86262E+00  4.80901E+04  6.83073E+04  1.04279E+05  2.85593E+03  9.94962E+02  2.93216E+03  1.97511E-05  1.19326E-04  2.41301E-04
       6       1       2  1.18819E-04  8.25680E-05  1.18819E-06  3.21331E-02  2.46401E-01  1.42728E+00  9.93495E+00  1.43383E+02 -3.56661E+01  4.13434E+04  1.15900E+05  9.95302E+04  3.35089E+03  1.27410E+04  1.97441E+03  4.16177E-05  0.00000E+00  4.09504E-05
       6       1       3  2.05106E-04  1.50774E-04  2.05106E-06  5.52101E-02  4.14251E-01  2.17739E+00 -1.76727E+01  3.39234E+01 -1.29470E+01  3.01807E+04  6.66747E+04  5.25170E+04  9.05562E+03  9.63993E+03  4.56403E+02  3.90461E-05  0.00000E+00  1.11728E-04
       6       1       4  2.88218E-04  9.45103E-05  2.88218E-06  7.05515E-02  5.16699E-01  3.49069E+00  5.03120E+00  2.24935E+01  2.22400E+01  5.84384E+04  5.55545E+04  7.21024E+04  1.94300E+03  5.82792E+03  1.48206E+03  7.86401E-05  0.00000E+00  1.58702E-05
       6       1       5  2.63368E-04  2.06812E-04  2.63368E-06  1.14427E-01  8.89894E-01  5.19042E+00 -1.75046E-01  1.03109E+01 -5.25122E+00  2.10865E+04  1.87156E+04  5.25395E+04 -1.89356E+02  6.67763E+03 -2.31715E+01  1.62369E-04  0.00000E+00  4.44430E-05
       6       1       6  2.11244E-04  2.96464E-04  2.11244E-06  1.77485E-01  1.25927E+00  7.19056E+00 -2.62139E+00  1.38535E+01 -1.07138E+01  4.58310E+03  3.26613E+03  2.67437E+04 -1.73957E+01  3.45018E+03  6.50443E+02  1.43219E-04  0.00000E+00  1.53245E-04
       6       1       7  2.15325E-04  1.27207E-04  2.15325E-06  2.47527E-01  1.94431E+00  1.22180E+01  1.50655E+00 -1.36154E+02  1.76811E+00  3.42559E+04  3.08122E+04  5.85871E+04  3.02526E+00  2.81182E+03  1.72569E+03  8.16354E-05  0.00000E+00  4.55720E-05
       6       1       8  3.60661E-04  2.73040E-04  3.60661E-06  3.75407E-01  2.78268E+00  1.79479E+01 -5.14540E+00 -7.90833E+01 -2.15971E+01  1.40238E+04  1.21573E+04  3.94252E+04  9.46052E+02  4.37486E+03  3.77456E+02  1.50105E-04  0.00000E+00  1.22935E-04
       6       1       9  3.75138E-04  3.57773E-04  3.75138E-06  5.69319E-01  4.20762E+00  2.43972E+01  1.33476E+00 -2.25856E+01  5.77688E+00  3.57225E+03  3.50229E+03  1.41864E+04 -2.08378E+02  1.84245E+03  3.94286E+02  9.08455E-05  0.00000E+00  2.66927E-04
       6       1      10  1.69850E-04  1.98448E-04  1.69850E-06  2.74756E+00  1.53557E+01  7.68417E+01  1.61036E+00  5.91585E+00  2.38053E+01  8.46084E+01  1.67902E+03  3.95373E+04  3.25245E+02  7.75904E+03  1.46956E+03  0.00000E+00  0.00000E+00  1.98448E-04
       6       2       1  1.25728E-03  1.06373E-03  1.25728E-05  2.57802E-02  1.87165E-01  4.20438E-01  9.90868E+01 -8.03221E+00 -1.41213E+01  3.89498E+04  7.03368E+04  7.77826E+04  6.99851E+03  3.07638E+03 -3.05237E+02  2.48071E-05  7.95636E-04  2.43287E-04
       6       2       2  3.61880E-04  1.72041E-04  3.61880E-06  7.56941E-02  5.55359E-01  1.36874E+00  7.20294E+00  1.21273E+02 -3.49131E+01  1.89563E+04  1.27732E+05  1.07300E+05  1.25383E+04  2.81257E+04  3.98879E+03  7.35363E-05  0.00000E+00  9.85050E-05
       6       2       3  6.22797E-04  2.56302E-04  6.22797E-06  1.22463E-01  8.42436E-01  2.06646E+00 -2.07711E-01  1.80009E+01 -1.40892E+01  5.88041E+03  7.82604E+04  8.58076E+04  9.62019E+03  4.21302E+04  6.21865E+03  4.44857E-05  0.00000E+00  2.11816E-04
       6       2       4  8.97558E-04  2.83855E-04  8.97558E-06  1.86641E-01  1.40873E+00  3.25870E+00  9.67327E+01 -2.19748E+00 -5.65111E+00  5.40830E+04  8.02489E+04  9.86140E+04 -2.05859E+01  2.01877E+04  3.79792E+03  1.23938E-04  5.62758E-05  1.03641E-04
       6       2       5  8.36359E-04  3.99379E-04  8.36359E-06  2.63535E-01  1.99717E+00  4.85617E+00  6.65654E+00  6.84349E+00 -2.11560E+01  6.50414E+03  2.71234E+04  8.47701E+04  8.71999E+02  2.80154E+04  2.50853E+03  1.74076E-04  6.06895E-06  2.19235E-04
       6       2       6  7.05794E-04  7.54580E-04  7.05794E-06  3.42703E-01  2.85188E+00  6.75732E+00 -8.59191E-01  9.86491E+00 -6.21345E+00  1.10227E+03  1.11749E+04  4.10166E+04  7.24913E+02  1.38819E+04  1.33734E+03  2.53865E-04  0.00000E+00  5.00715E-04
       6       2       7  6.96275E-04  4.30220E-04  6.96275E-06  5.91765E-01  4.94762E+00  1.10167E+01  4.60078E+01 -6.69424E+01  2.89781E+01  2.49802E+04  2.98891E+04  7.75587E+04 -8.21966E+02  1.98149E+04  2.70987E+03  1.06396E-04  5.60860E-05  2.67739E-04
       6       2       8  1.14970E-03  8.31219E-04  1.14970E-05  8.72109E-01  7.03399E+00  1.66521E+01  5.67638E+00 -4.56077E+01  1.34452E+01  3.53261E+03  1.54008E+04  4.79451E+04 -7.31678E+01  1.39952E+04  2.52329E+03  2.21884E-04  3.10447E-06  6.06231E-04
       6       2       9  1.27668E-03  1.61917E-03  1.27668E-05  1.32381E+00  9.92171E+00  2.34220E+01  5.11183E-01 -1.04455E+01 -2.67032E+00  3.65033E+02  3.00459E+03  1.25344E+04  3.89213E+02  4.04474E+03  5.13558E+02  9.63921E-05  0.00000E+00  1.52278E-03
       6       2      10  5.82587E-04  4.60541E-04  5.82587E-06  3.06998E+00  2.67443E+01  7.10436E+01  2.86211E-01  2.80611E+00  2.05687E+00  1.22174E+02  6.07184E+03  4.08923E+04  7.07224E+02  1.52151E+04  1.78052E+03  0.00000E+00  0.00000E+00  4.60541E-04
       6       3       1  2.10452E-03  2.29646E-03  2.10452E-05  4.61199E-02  3.52280E-01  4.90149E-01  7.60410E+01 -8.63336E+00 -2.13453E+00  1.71298E+04  4.17975E+04  4.55406E+04  3.46016E+03 -5.18286E+02  3.80140E+02  2.07778E-05  2.10465E-03  1.71028E-04
       6       3       2  6.17607E-04  5.52456E-04  6.17607E-06  1.21650E-01  8.91987E-01  1.21831E+00 -2.62235E+00  4.21884E+01 -2.40528E+01  2.12140E+04  6.95625E+04  6.98310E+04  5.98035E+03  1.01173E+04  1.88784E+03  9.01875E-05  3.60711E-04  1.01557E-04
       6       3       3  1.05396E-03  1.04297E-03  1.05396E-05  1.73710E-01  1.32160E+00  1.82743E+00  5.08945E+01 -2.16642E+00 -5.79063E+00  5.16254E+03  2.38028E+04  3.28532E+04  1.62086E+03  1.06563E+04  8.08696E+02  2.95418E-05  8.53039E-04  1.60387E-04
       6       3       4  1.59271E-03  9.39291E-04  1.59271E-05  2.59967E-01  1.98455E+00  2.80968E+00  2.44858E+02 -2.50235E+01 -1.53754E+00  9.74443E+04  5.63411E+04  5.62132E+04 -5.10486E+03  1.81256E+04  1.93886E+03  9.83961E-05  6.21595E-04  2.19300E-04
       6       3       5  1.54633E-03  1.32505E-03  1.54633E-05  4.15039E-01  3.24168E+00  4.07855E+00  1.27535E+02 -1.20255E+01 -3.99498E+00  2.88008E+04  4.17465E+04  4.31780E+04  1.07754E+03  1.39330E+04  1.89803E+03  2.07792E-04  8.05494E-04  3.11768E-04
       6       3       6  1.44231E-03  1.67405E-03  1.44231E-05  5.39748E-01  4.12226E+00  5.77747E+00  8.38285E+01 -7.12166E+00 -2.98515E+00  1.54329E+04  1.50249E+04  2.75466E+04 -2.97716E+02  1.06436E+04  1.43366E+03  2.01978E-04  7.90094E-04  6.81976E-04
       6       3       7  1.39151E-03  1.20137E-03  1.39151E-05  9.53148E-01  7.13754E+00  9.86407E+00  1.53801E+02 -4.13988E+01  9.35212E+00  4.46385E+04  3.33804E+04  5.08948E+04 -1.66422E+03  1.28615E+04  1.92716E+03  1.13255E-04  7.44294E-04  3.43820E-04
       6       3       8  2.13504E-03  2.41151E-03  2.13504E-05  1.41607E+00  1.06183E+01  1.45872E+01  9.71153E+01 -2.39733E+01  6.71091E+00  1.95765E+04  1.88231E+04  2.98891E+04  1.60287E+02  8.46156E+03  1.08129E+03  1.86822E-04  1.44359E-03  7.81105E-04
       6       3       9  2.69926E-03  3.61737E-03  2.69926E-05  1.94860E+00  1.49728E+01  1.99577E+01  3.86491E+01 -1.14232E+01  3.69711E+00  5.12529E+03  6.19891E+03  9.63859E+03 -1.72444E+02  2.96328E+03  4.85122E+02  1.23367E-04  1.49412E-03  1.99988E-03
       6       3      10  1.38502E-03  1.16904E-03  1.38502E-05  6.19682E+00  4.41636E+01  6.09908E+01  4.94603E+01 -8.04268E+00 -2.76772E+00  4.19316E+03  1.59329E+04  2.83708E+04  1.62465E+03  6.26520E+03  8.17062E+02  0.00000E+00  8.47210E-04  3.21829E-04
       6       4       1  2.91384E-03  3.22444E-03  2.91384E-05  6.52761E-02  4.94624E-01  3.51315E-01  1.56290E+02 -2.16216E+01 -2.35315E+00  5.95169E+04  3.40545E+04  2.86018E+04 -3.64698E+03 -1.24378E+02 -1.77371E+01  2.01232E-05  3.06252E-03  1.41796E-04
       6       4       2  8.79547E-04  9.83224E-04  8.79547E-06  1.65589E-01  1.22709E+00  8.60699E-01  1.13408E+01  1.09694E+01 -2.29902E+01  5.37931E+04  6.01027E+04  3.04365E+04  1.67765E+03  5.11708E+02  2.65443E+02  8.38998E-05  8.07714E-04  9.16101E-05
       6       4       3  1.47805E-03  1.47548E-03  1.47805E-05  2.36471E-01  1.75147E+00  1.25221E+00  4.04378E+01 -5.01853E+00 -5.22906E+00  3.08882E+04  2.50972E+04  1.70744E+04 -1.26604E+03  3.04538E+03  8.78854E+02  2.36753E-05  1.26554E-03  1.86262E-04
       6       4       4  2.37257E-03  1.65396E-03  2.37257E-05  3.68667E-01  2.79416E+00  2.03168E+00  1.37675E+02 -1.47105E+01 -3.58217E+00  1.23223E+05  4.20129E+04  2.98874E+04 -1.13690E+04  3.58594E+03  1.14647E+03  7.79689E-05  1.44739E-03  1.28597E-04
       6       4       5  2.44586E-03  3.69804E-03  2.44586E-05  5.56126E-01  4.23985E+00  2.98717E+00  8.82496E+01 -9.86229E+00 -1.23608E+00  4.29140E+04  3.85548E+04  2.27625E+04 -1.14464E+03  3.93121E+03  5.52023E+02  2.78559E-04  3.08867E-03  3.30809E-04
       6       4       6  2.60244E-03  3.08389E-03  2.60244E-05  7.56265E-01  5.92012E+00  4.06747E+00  4.37518E+01 -5.53778E+00  1.60372E+00  1.79793E+04  2.28693E+04  1.15664E+04  3.63311E+02  6.29702E+03  9.90417E+02  1.29611E-04  2.20403E-03  7.50249E-04
       6       4       7  2.68718E-03  2.56501E-03  2.68718E-05  1.26380E+00  9.75040E+00  6.86748E+00  2.42109E+02 -3.95236E+01  9.64581E+00  8.35041E+04  3.80280E+04  2.96463E+04 -6.57242E+03  6.37740E+03  3.79785E+02  9.40456E-05  2.14773E-03  3.23233E-04
       6       4       8  3.45238E-03  4.69810E-03  3.45238E-05  1.96425E+00  1.47187E+01  1.03334E+01  1.38655E+02 -2.81052E+01  5.79826E+00  2.93599E+04  2.95263E+04  1.95845E+04 -1.48252E+02  3.56697E+03  5.02982E+02  2.26018E-04  3.73712E-03  7.34963E-04
       6       4       9  5.06846E-03  5.95476E-03  5.06846E-05  2.67682E+00  2.03755E+01  1.42512E+01  7.06558E+01 -9.16943E+00  1.22544E+00  1.01727E+04  1.34430E+04  7.96249E+03  5.34139E+02  1.73609E+03  1.85256E+02  7.98464E-05  4.23904E-03  1.63587E-03
       6       4      10  3.61666E-03  4.82435E-03  3.61666E-05  8.16577E+00  6.19290E+01  4.22867E+01  6.65681E+01 -7.81065E+00  1.02736E+00  6.04815E+03  2.96111E+04  1.39340E+04  3.22697E+03  1.05905E+03  2.04368E+02  0.00000E+00  4.45744E-03  3.66911E-04
       6       5       1  3.58141E-03  3.34234E-03  3.58141E-05  6.74004E-02  5.14883E-01  2.20957E-01  1.58299E+02 -2.26488E+01 -4.95705E+00  5.62466E+04  3.10485E+04  3.56982E+04 -2.01668E+03  7.07187E+02 -2.94343E+02  2.43206E-05  3.19136E-03  1.26654E-04
       6       5       2  1.11394E-03  9.39100E-04  1.11394E-05  1.84888E-01  1.37548E+00  6.01260E-01  8.56542E+00  2.61498E+00 -1.55268E+01  5.23963E+04  5.83598E+04  3.57680E+04  7.52977E+02  2.69282E+03  2.28950E+03  5.71247E-05  8.13586E-04  6.83893E-05
       6       5       3  1.83725E-03  1.57559E-03  1.83725E-05  2.69905E-01  1.95085E+00  8.48104E-01  4.84470E+01  4.69689E+00 -2.81237E+00  3.28845E+04  5.06497E+04  2.50495E+04  2.88862E+03  3.50891E+03  1.16124E+03  3.77391E-05  1.30277E-03  2.35083E-04
       6       5       4  3.12175E-03  1.98273E-03  3.12175E-05  4.21693E-01  3.16784E+00  1.35166E+00  1.07778E+02 -4.13116E+00 -2.15929E+00  7.82634E+04  6.07505E+04  5.48595E+04 -1.56355E+03  6.17489E+03 -1.53437E+03  1.05421E-04  1.66123E-03  2.16086E-04
       6       5       5  3.43069E-03  3.41628E-03  3.43069E-05  6.34710E-01  4.79060E+00  2.11710E+00  7.37962E+01 -3.83679E+00  2.42080E+00  3.78950E+04  4.34844E+04  2.79791E+04  7.60363E+02  3.84941E+03  3.31493E+03  1.92827E-04  2.92748E-03  2.95972E-04
       6       5       6  4.13307E-03  3.68347E-03  4.13307E-05  8.73816E-01  6.54377E+00  2.80808E+00  5.81560E+01  7.18275E-01 -3.83395E+00  2.17532E+04  3.89738E+04  1.72915E+04  2.36791E+03  5.74299E+03 -4.28270E+02  2.12183E-04  2.74163E-03  7.29649E-04
       6       5       7  5.05016E-03  2.98525E-03  5.05016E-05  1.42469E+00  1.08784E+01  4.67005E+00  1.84997E+02 -2.16705E+01  1.36584E+01  5.38978E+04  5.60045E+04  3.64869E+04  1.06698E+03  6.70211E+03  1.83485E+03  1.01699E-04  2.33601E-03  5.47541E-04
       6       5       8  5.38672E-03  5.32591E-03  5.38672E-05  2.11451E+00  1.64867E+01  7.09704E+00  1.16952E+02 -1.83105E+01  2.68456E+00  2.23928E+04  3.73407E+04  1.80854E+04  1.65589E+03  4.25822E+03 -4.58940E+02  2.03982E-04  4.08685E-03  1.03508E-03
       6       5       9  8.33267E-03  7.71371E-03  8.33267E-05  2.98436E+00  2.30303E+01  9.81155E+00  5.93474E+01 -8.86569E+00  1.51085E+00  7.79134E+03  1.51697E+04  6.50655E+03  9.79392E+02  1.50507E+03  2.98569E+02  8.48559E-05  5.16283E-03  2.46603E-03
       6       5      10  9.41355E-03  4.97691E-03  9.41355E-05  9.12810E+00  6.84160E+01  2.96349E+01  6.29019E+01 -6.19030E+00 -3.11170E+00  5.64590E+03  3.63766E+04  8.46331E+03  4.41781E+03  1.83756E+03  1.02484E+02  0.00000E+00  4.64549E-03  3.31415E-04
       6       6       1  3.96760E-03  4.24628E-03  3.96760E-05  7.49037E-02  5.75906E-01  7.91899E-02  1.15812E+02 -1.89146E+01 -2.19025E+00  3.48630E+04  4.22227E+04  3.05226E+04  1.40594E+03  3.10176E+02  2.14079E+02  3.14444E-05  4.12088E-03  9.39592E-05
       6       6       2  1.25881E-03  1.14229E-03  1.25881E-05  1.99164E-01  1.48798E+00  2.00861E-01 -5.02010E+01  8.19434E+00 -1.09168E+01  5.34784E+04  5.39296E+04  3.08205E+04  4.19848E+02  1.83792E+03  5.80976E+02  3.28091E-05  1.03988E-03  6.96050E-05
       6       6       3  2.04889E-03  1.69284E-03  2.04889E-05  2.96814E-01  2.15780E+00  2.86975E-01  5.09706E+01 -2.29931E+00 -6.83883E+00  2.21840E+04  2.90236E+04  2.15827E+04  1.40110E+03 -1.16236E+01  1.32744E+02  5.24504E-05  1.50070E-03  1.39690E-04
       6       6       4  3.60412E-03  2.71421E-03  3.60412E-05  4.49222E-01  3.41963E+00  4.68072E-01  1.10069E+02 -1.39209E+01 -2.99066E+00  1.03607E+05  3.29020E+04  4.62538E+04 -1.00970E+04  1.61890E+02 -5.64018E+02  1.19007E-04  2.46123E-03  1.33976E-04
       6       6       5  4.13212E-03  3.84588E-03  4.13212E-05  6.80155E-01  5.14994E+00  6.92762E-01  6.35214E+01 -8.47155E+00 -1.71274E+00  5.07636E+04  3.79819E+04  1.76337E+04 -1.72777E+03  1.19067E+03  5.73409E+02  1.14920E-04  3.42154E-03  3.09413E-04
       6       6       6  5.36319E-03  5.20832E-03  5.36319E-05  9.14231E-01  6.85283E+00  9.28105E-01  5.68123E+01 -6.89338E+00 -3.84848E+00  2.50449E+04  2.17479E+04  1.44697E+04 -3.20826E+02  7.27115E+02 -5.80379E+02  2.71964E-04  4.28184E-03  6.54515E-04
       6       6       7  7.57072E-03  5.55457E-03  7.57072E-05  1.55596E+00  1.18305E+01  1.61404E+00  2.63482E+02 -3.72991E+01  7.69287E+00  8.53710E+04  3.29937E+04  2.06069E+04 -7.24964E+03  6.33252E+02  5.63421E+02  1.10359E-04  4.93444E-03  5.09767E-04
       6       6       8  7.66176E-03  9.50299E-03  7.66176E-05  2.32402E+00  1.77545E+01  2.33443E+00  1.68134E+02 -2.32250E+01  2.98412E+00  3.70750E+04  2.87801E+04  9.58211E+03 -1.10306E+03  5.20803E+02  1.09229E+02  1.52899E-04  8.23685E-03  1.11324E-03
       6       6       9  1.10948E-02  1.16922E-02  1.10948E-04  3.21162E+00  2.41043E+01  3.05849E+00  9.29004E+01 -1.35204E+01  1.89911E+00  1.50111E+04  1.15156E+04  4.58001E+03 -5.80464E+02  1.67314E+02  8.91813E+01  1.16349E-04  8.48500E-03  3.09084E-03
       6       6      10  1.75813E-02  2.13695E-02  1.75813E-04  8.23689E+00  6.22046E+01  8.17623E+00  2.35866E+02 -3.04470E+01  6.93366E-01  6.41065E+04  9.88163E+03  2.21525E+03 -7.19163E+03  4.46474E+01  6.45765E+01  0.00000E+00  2.10484E-02  3.21103E-04
