        1121
     1   9.999999E-01   9.999999E-01   5.134561E-08
     2   4.164074E-04   4.312193E-04   4.164074E-06
     3   4.163791E-04   4.035591E-04   4.163791E-06
     4   4.163299E-04   4.398526E-04   4.163299E-06
     5   4.162732E-04   4.190200E-04   4.162732E-06
     6   4.162241E-04   4.226549E-04   4.162241E-06
     7   4.161957E-04   4.822122E-04   4.161957E-06
     8   1.259348E-03   1.211726E-03   1.259348E-05
     9   1.258931E-03   1.125493E-03   1.258931E-05
    10   1.258210E-03   1.168466E-03   1.258210E-05
    11   1.257378E-03   1.309273E-03   1.257378E-05
    12   1.256659E-03   1.004736E-03   1.256659E-05
    13   1.256244E-03   9.108677E-04   1.256244E-05
    14   2.116713E-03   2.241235E-03   2.116713E-05
    15   2.115005E-03   2.188544E-03   2.115005E-05
    16   2.112050E-03   2.204359E-03   2.112050E-05
    17   2.108647E-03   2.252509E-03   2.108647E-05
    18   2.105707E-03   2.160125E-03   2.105707E-05
    19   2.104013E-03   1.972845E-03   2.104013E-05
    20   2.945634E-03   3.277970E-03   2.945634E-05
    21   2.941533E-03   3.165960E-03   2.941533E-05
    22   2.934450E-03   3.322428E-03   2.934450E-05
    23   2.926305E-03   3.305552E-03   2.926305E-05
    24   2.919279E-03   3.409097E-03   2.919279E-05
    25   2.915234E-03   3.241304E-03   2.915234E-05
    26   3.637432E-03   3.406579E-03   3.637432E-05
    27   3.630411E-03   3.312435E-03   3.630411E-05
    28   3.618299E-03   3.288749E-03   3.618299E-05
    29   3.604389E-03   3.397496E-03   3.604389E-05
    30   3.592408E-03   3.352545E-03   3.592408E-05
    31   3.585518E-03   3.264226E-03   3.585518E-05
    32   4.041017E-03   4.072024E-03   4.041017E-05
    33   4.031908E-03   4.067953E-03   4.031908E-05
    34   4.016203E-03   4.086307E-03   4.016203E-05
    35   3.998183E-03   4.223768E-03   3.998183E-05
    36   3.982674E-03   4.269601E-03   3.982674E-05
    37   3.973760E-03   4.231586E-03   3.973760E-05
    38   1.190323E-04   1.107593E-04   1.190323E-06
    39   1.190227E-04   1.271668E-04   1.190227E-06
    40   1.190061E-04   1.152316E-04   1.190061E-06
    41   1.189869E-04   1.132140E-04   1.189869E-06
    42   1.189703E-04   1.365737E-04   1.189703E-06
    43   1.189608E-04   1.283713E-04   1.189608E-06
    44   3.634941E-04   2.767035E-04   3.634941E-06
    45   3.633457E-04   2.369919E-04   3.633457E-06
    46   3.630891E-04   4.730890E-04   3.630891E-06
    47   3.627934E-04   2.810289E-04   3.627934E-06
    48   3.625379E-04   1.854882E-04   3.625379E-06
    49   3.623906E-04   2.237148E-04   3.623906E-06
    50   6.236538E-04   5.758208E-04   6.236538E-06
    51   6.229879E-04   5.559445E-04   6.229879E-06
    52   6.218387E-04   6.686516E-04   6.218387E-06
    53   6.205184E-04   6.408038E-04   6.205184E-06
    54   6.193806E-04   6.482209E-04   6.193806E-06
    55   6.187260E-04   6.002904E-04   6.187260E-06
    56   8.947253E-04   8.929400E-04   8.947253E-06
    57   8.929407E-04   8.653694E-04   8.929407E-06
    58   8.898688E-04   1.052248E-03   8.898688E-06
    59   8.863516E-04   1.040391E-03   8.863516E-06
    60   8.833314E-04   1.058572E-03   8.833314E-06
    61   8.815984E-04   9.715950E-04   8.815984E-06
    62   1.141844E-03   1.076320E-03   1.141844E-05
    63   1.138465E-03   1.048623E-03   1.138465E-05
    64   1.132661E-03   1.039996E-03   1.132661E-05
    65   1.126038E-03   1.153723E-03   1.126038E-05
    66   1.120369E-03   9.787197E-04   1.120369E-05
    67   1.117124E-03   9.992284E-04   1.117124E-05
    68   1.296795E-03   1.253848E-03   1.296795E-05
    69   1.292138E-03   1.320162E-03   1.292138E-05
    70   1.284151E-03   1.317023E-03   1.284151E-05
    71   1.275053E-03   1.356668E-03   1.275053E-05
    72   1.267281E-03   1.266378E-03   1.267281E-05
    73   1.262839E-03   1.279378E-03   1.262839E-05
    74   2.055725E-04   2.097058E-04   2.055725E-06
    75   2.055596E-04   2.023505E-04   2.055596E-06
    76   2.055372E-04   1.768725E-04   2.055372E-06
    77   2.055113E-04   1.926460E-04   2.055113E-06
    78   2.054889E-04   2.516459E-04   2.054889E-06
    79   2.054759E-04   2.487492E-04   2.054759E-06
    80   6.260740E-04   6.737776E-04   6.260740E-06
    81   6.258827E-04   6.301446E-04   6.258827E-06
    82   6.255516E-04   7.964803E-04   6.255516E-06
    83   6.251697E-04   5.140093E-04   6.251697E-06
    84   6.248393E-04   2.928494E-04   6.248393E-06
    85   6.246487E-04   4.334299E-04   6.246487E-06
    86   1.065179E-03   1.135390E-03   1.065179E-05
    87   1.064385E-03   1.050616E-03   1.064385E-05
    88   1.063013E-03   1.063167E-03   1.063013E-05
    89   1.061432E-03   1.121354E-03   1.061432E-05
    90   1.060065E-03   9.936614E-04   1.060065E-05
    91   1.059278E-03   9.703166E-04   1.059278E-05
    92   1.503474E-03   1.498047E-03   1.503474E-05
    93   1.501540E-03   1.350004E-03   1.501540E-05
    94   1.498199E-03   1.735165E-03   1.498199E-05
    95   1.494356E-03   1.399055E-03   1.494356E-05
    96   1.491041E-03   1.581285E-03   1.491041E-05
    97   1.489132E-03   1.365353E-03   1.489132E-05
    98   1.879900E-03   2.002571E-03   1.879900E-05
    99   1.876536E-03   1.811799E-03   1.876536E-05
   100   1.870732E-03   1.763434E-03   1.870732E-05
   101   1.864066E-03   1.930938E-03   1.864066E-05
   102   1.858323E-03   1.846802E-03   1.858323E-05
   103   1.855021E-03   1.873134E-03   1.855021E-05
   104   2.103901E-03   2.168425E-03   2.103901E-05
   105   2.099488E-03   2.200691E-03   2.099488E-05
   106   2.091881E-03   2.106668E-03   2.091881E-05
   107   2.083152E-03   2.203310E-03   2.083152E-05
   108   2.075640E-03   2.108449E-03   2.075640E-05
   109   2.071323E-03   2.015030E-03   2.071323E-05
   110   2.860403E-04   1.706554E-04   2.860403E-06
   111   2.860117E-04   2.282011E-04   2.860117E-06
   112   2.859622E-04   1.773549E-04   2.859622E-06
   113   2.859051E-04   1.476102E-04   2.859051E-06
   114   2.858557E-04   1.304071E-04   2.858557E-06
   115   2.858272E-04   1.210005E-04   2.858272E-06
   116   8.952466E-04   2.543816E-04   8.952466E-06
   117   8.947998E-04   2.256795E-04   8.947998E-06
   118   8.940269E-04   5.802280E-04   8.940269E-06
   119   8.931361E-04   3.671324E-04   8.931361E-06
   120   8.923661E-04   3.615964E-04   8.923661E-06
   121   8.919220E-04   3.548821E-04   8.919220E-06
   122   1.603721E-03   8.718838E-04   1.603721E-05
   123   1.601690E-03   9.063167E-04   1.601690E-05
   124   1.598181E-03   1.222436E-03   1.598181E-05
   125   1.594146E-03   1.011018E-03   1.594146E-05
   126   1.590666E-03   9.921774E-04   1.590666E-05
   127   1.588663E-03   8.925015E-04   1.588663E-05
   128   2.418180E-03   1.545250E-03   2.418180E-05
   129   2.412687E-03   1.590152E-03   2.412687E-05
   130   2.403219E-03   1.785587E-03   2.403219E-05
   131   2.392359E-03   1.620751E-03   2.392359E-05
   132   2.383018E-03   1.554643E-03   2.383018E-05
   133   2.377651E-03   1.424288E-03   2.377651E-05
   134   3.218682E-03   1.937205E-03   3.218682E-05
   135   3.208253E-03   1.851260E-03   3.208253E-05
   136   3.190310E-03   2.251590E-03   3.190310E-05
   137   3.169778E-03   2.106439E-03   3.169778E-05
   138   3.152158E-03   1.975880E-03   3.152158E-05
   139   3.142052E-03   2.028857E-03   3.142052E-05
   140   3.742354E-03   2.830565E-03   3.742354E-05
   141   3.727990E-03   2.780457E-03   3.727990E-05
   142   3.703300E-03   3.148824E-03   3.703300E-05
   143   3.675087E-03   3.068470E-03   3.675087E-05
   144   3.650907E-03   3.195156E-03   3.650907E-05
   145   3.637053E-03   2.980161E-03   3.637053E-05
   146   2.576386E-04   3.295419E-04   2.576386E-06
   147   2.576141E-04   4.010708E-04   2.576141E-06
   148   2.575716E-04   2.845076E-04   2.575716E-06
   149   2.575226E-04   2.642466E-04   2.575226E-06
   150   2.574802E-04   2.089628E-04   2.574802E-06
   151   2.574557E-04   2.369606E-04   2.574557E-06
   152   8.240169E-04   3.610862E-04   8.240169E-06
   153   8.236038E-04   3.749521E-04   8.236038E-06
   154   8.228897E-04   1.003831E-03   8.228897E-06
   155   8.220672E-04   6.920973E-04   8.220672E-06
   156   8.213569E-04   4.870066E-04   8.213569E-06
   157   8.209475E-04   4.890883E-04   8.209475E-06
   158   1.545846E-03   1.214698E-03   1.545846E-05
   159   1.543708E-03   1.271750E-03   1.543708E-05
   160   1.540022E-03   1.913727E-03   1.540022E-05
   161   1.535793E-03   1.584431E-03   1.535793E-05
   162   1.532153E-03   1.550819E-03   1.532153E-05
   163   1.530061E-03   1.443837E-03   1.530061E-05
   164   2.495492E-03   2.684410E-03   2.495492E-05
   165   2.488692E-03   2.810986E-03   2.488692E-05
   166   2.477009E-03   3.620895E-03   2.477009E-05
   167   2.463667E-03   3.451973E-03   2.463667E-05
   168   2.452238E-03   3.707924E-03   2.452238E-05
   169   2.445692E-03   3.707750E-03   2.445692E-05
   170   3.573935E-03   3.549593E-03   3.573935E-05
   171   3.558903E-03   3.487446E-03   3.558903E-05
   172   3.533162E-03   3.901912E-03   3.533162E-05
   173   3.503895E-03   3.750950E-03   3.503895E-05
   174   3.478938E-03   3.628841E-03   3.478938E-05
   175   3.464691E-03   3.470470E-03   3.464691E-05
   176   4.362459E-03   4.786061E-03   4.362459E-05
   177   4.339742E-03   4.655119E-03   4.339742E-05
   178   4.300920E-03   5.008322E-03   4.300920E-05
   179   4.256903E-03   4.547470E-03   4.256903E-05
   180   4.219472E-03   4.419063E-03   4.219472E-05
   181   4.198146E-03   4.019398E-03   4.198146E-05
   182   1.988785E-04   2.180805E-04   1.988785E-06
   183   1.988572E-04   2.672619E-04   1.988572E-06
   184   1.988204E-04   2.431814E-04   1.988204E-06
   185   1.987779E-04   1.919746E-04   1.987779E-06
   186   1.987411E-04   2.110381E-04   1.987411E-06
   187   1.987198E-04   1.916220E-04   1.987198E-06
   188   6.702591E-04   6.834255E-04   6.702591E-06
   189   6.698770E-04   6.786144E-04   6.698770E-06
   190   6.692163E-04   9.551978E-04   6.692163E-06
   191   6.684548E-04   7.632351E-04   6.684548E-06
   192   6.677967E-04   6.465244E-04   6.677967E-06
   193   6.674173E-04   5.665172E-04   6.674173E-06
   194   1.399674E-03   1.666196E-03   1.399674E-05
   195   1.397473E-03   1.843997E-03   1.397473E-05
   196   1.393676E-03   1.862284E-03   1.393676E-05
   197   1.389312E-03   1.683149E-03   1.389312E-05
   198   1.385551E-03   1.623638E-03   1.385551E-05
   199   1.383387E-03   1.646949E-03   1.383387E-05
   200   2.615970E-03   2.830464E-03   2.615970E-05
   201   2.608042E-03   2.953320E-03   2.608042E-05
   202   2.594395E-03   3.001087E-03   2.594395E-05
   203   2.578770E-03   2.939820E-03   2.578770E-05
   204   2.565352E-03   2.743784E-03   2.565352E-05
   205   2.557653E-03   2.569658E-03   2.557653E-05
   206   4.316236E-03   4.379722E-03   4.316236E-05
   207   4.296673E-03   4.321608E-03   4.296673E-05
   208   4.263089E-03   4.318874E-03   4.263089E-05
   209   4.224780E-03   4.323948E-03   4.224780E-05
   210   4.192001E-03   4.439197E-03   4.192001E-05
   211   4.173242E-03   3.942908E-03   4.173242E-05
   212   5.741081E-03   6.355307E-03   5.741081E-05
   213   5.709536E-03   6.273005E-03   5.709536E-05
   214   5.655482E-03   6.652277E-03   5.655482E-05
   215   5.593970E-03   6.498635E-03   5.593970E-05
   216   5.541465E-03   6.698371E-03   5.541465E-05
   217   5.511469E-03   6.635523E-03   5.511469E-05
   218   2.095321E-04   1.743070E-04   2.095321E-06
   219   2.095178E-04   2.426512E-04   2.095178E-06
   220   2.094931E-04   2.128285E-04   2.094931E-06
   221   2.094645E-04   1.631143E-04   2.094645E-06
   222   2.094397E-04   1.344156E-04   2.094397E-06
   223   2.094254E-04   1.561940E-04   2.094254E-06
   224   6.760164E-04   2.679952E-04   6.760164E-06
   225   6.757386E-04   2.327558E-04   6.757386E-06
   226   6.752582E-04   7.053724E-04   6.752582E-06
   227   6.747050E-04   5.871662E-04   6.747050E-06
   228   6.742272E-04   5.676918E-04   6.742272E-06
   229   6.739519E-04   5.274835E-04   6.739519E-06
   230   1.350896E-03   1.061137E-03   1.350896E-05
   231   1.348887E-03   1.156227E-03   1.348887E-05
   232   1.345425E-03   1.391551E-03   1.345425E-05
   233   1.341457E-03   1.248562E-03   1.341457E-05
   234   1.338045E-03   1.166610E-03   1.338045E-05
   235   1.336086E-03   1.012034E-03   1.336086E-05
   236   2.663551E-03   2.383760E-03   2.663551E-05
   237   2.652940E-03   2.329702E-03   2.652940E-05
   238   2.634746E-03   2.551493E-03   2.634746E-05
   239   2.614028E-03   2.623910E-03   2.614028E-05
   240   2.596332E-03   2.483979E-03   2.596332E-05
   241   2.586218E-03   2.364415E-03   2.586218E-05
   242   5.267856E-03   3.095047E-03   5.267856E-05
   243   5.228958E-03   2.949978E-03   5.228958E-05
   244   5.162562E-03   3.202679E-03   5.162562E-05
   245   5.087410E-03   3.084913E-03   5.087410E-05
   246   5.023612E-03   3.328701E-03   5.023612E-05
   247   4.987311E-03   2.760869E-03   4.987311E-05
   248   8.255953E-03   5.958670E-03   8.255953E-05
   249   8.175950E-03   5.741435E-03   8.175950E-05
   250   8.039745E-03   6.084521E-03   8.039745E-05
   251   7.886123E-03   6.040559E-03   7.886123E-05
   252   7.756171E-03   6.128869E-03   7.756171E-05
   253   7.682422E-03   5.505209E-03   7.682422E-05
   254   3.496274E-04   3.517419E-04   3.496274E-06
   255   3.496021E-04   4.751499E-04   3.496021E-06
   256   3.495583E-04   3.624857E-04   3.495583E-06
   257   3.495077E-04   3.444459E-04   3.495077E-06
   258   3.494639E-04   3.078921E-04   3.494639E-06
   259   3.494386E-04   3.027051E-04   3.494386E-06
   260   1.124759E-03   5.570290E-04   1.124759E-05
   261   1.124354E-03   5.308669E-04   1.124354E-05
   262   1.123653E-03   1.481120E-03   1.123653E-05
   263   1.122844E-03   1.077950E-03   1.122844E-05
   264   1.122144E-03   8.676019E-04   1.122144E-05
   265   1.121740E-03   9.114642E-04   1.121740E-05
   266   2.122357E-03   2.105373E-03   2.122357E-05
   267   2.120361E-03   2.196386E-03   2.120361E-05
   268   2.116913E-03   2.701848E-03   2.116913E-05
   269   2.112944E-03   2.416865E-03   2.112944E-05
   270   2.109518E-03   2.540232E-03   2.109518E-05
   271   2.107545E-03   2.155733E-03   2.107545E-05
   272   3.495835E-03   4.083306E-03   3.495835E-05
   273   3.488405E-03   4.262314E-03   3.488405E-05
   274   3.475646E-03   4.540051E-03   3.475646E-05
   275   3.461084E-03   4.707824E-03   3.461084E-05
   276   3.448616E-03   4.251230E-03   3.448616E-05
   277   3.441478E-03   4.283543E-03   3.441478E-05
   278   5.615690E-03   5.975219E-03   5.615690E-05
   279   5.585083E-03   5.656808E-03   5.585083E-05
   280   5.533212E-03   6.155869E-03   5.533212E-05
   281   5.475056E-03   5.821620E-03   5.475056E-05
   282   5.426139E-03   6.376081E-03   5.426139E-05
   283   5.398488E-03   5.124902E-03   5.398488E-05
   284   8.351562E-03   1.014221E-02   8.351562E-05
   285   8.266912E-03   9.640663E-03   8.266912E-05
   286   8.124723E-03   1.045835E-02   8.124723E-05
   287   7.967236E-03   1.029964E-02   7.967236E-05
   288   7.836377E-03   1.061317E-02   7.836377E-05
   289   7.763067E-03   9.235315E-03   7.763067E-05
   290   3.442242E-04   2.112946E-04   3.442242E-06
   291   3.441825E-04   3.169932E-04   3.441825E-06
   292   3.441102E-04   3.145409E-04   3.441102E-06
   293   3.440267E-04   2.618555E-04   3.440267E-06
   294   3.439545E-04   3.919230E-04   3.439545E-06
   295   3.439128E-04   4.606905E-04   3.439128E-06
   296   1.184805E-03   1.083928E-03   1.184805E-05
   297   1.184041E-03   1.316602E-03   1.184041E-05
   298   1.182719E-03   1.963731E-03   1.182719E-05
   299   1.181196E-03   1.399665E-03   1.181196E-05
   300   1.179880E-03   1.218215E-03   1.179880E-05
   301   1.179121E-03   1.145851E-03   1.179121E-05
   302   2.574831E-03   3.005206E-03   2.574831E-05
   303   2.570327E-03   2.870240E-03   2.570327E-05
   304   2.562551E-03   2.691282E-03   2.562551E-05
   305   2.553613E-03   2.577268E-03   2.553613E-05
   306   2.545907E-03   2.989446E-03   2.545907E-05
   307   2.541473E-03   2.318595E-03   2.541473E-05
   308   5.044637E-03   5.447478E-03   5.044637E-05
   309   5.028127E-03   6.132458E-03   5.028127E-05
   310   4.999690E-03   5.614558E-03   4.999690E-05
   311   4.967104E-03   5.675854E-03   4.967104E-05
   312   4.939098E-03   5.510689E-03   4.939098E-05
   313   4.923019E-03   5.373391E-03   4.923019E-05
   314   8.667172E-03   1.013880E-02   8.667172E-05
   315   8.625283E-03   8.952481E-03   8.625283E-05
   316   8.553365E-03   9.620750E-03   8.553365E-05
   317   8.471307E-03   8.438810E-03   8.471307E-05
   318   8.401077E-03   9.936690E-03   8.401077E-05
   319   8.360876E-03   7.437249E-03   8.360876E-05
   320   1.189165E-02   1.379499E-02   1.189165E-04
   321   1.181765E-02   1.285405E-02   1.181765E-04
   322   1.169142E-02   1.345594E-02   1.169142E-04
   323   1.154860E-02   1.359396E-02   1.154860E-04
   324   1.142734E-02   1.481568E-02   1.142734E-04
   325   1.135830E-02   1.107632E-02   1.135830E-04
   326   1.561376E-04   1.484196E-04   1.561376E-06
   327   1.561231E-04   2.029283E-04   1.561231E-06
   328   1.560978E-04   2.018382E-04   1.560978E-06
   329   1.560687E-04   1.261548E-04   1.560687E-06
   330   1.560436E-04   1.390396E-04   1.560436E-06
   331   1.560290E-04   1.477713E-04   1.560290E-06
   332   5.282072E-04   5.758215E-04   5.282072E-06
   333   5.278538E-04   4.680932E-04   5.278538E-06
   334   5.272436E-04   5.526298E-04   5.272436E-06
   335   5.265419E-04   4.198424E-04   5.265419E-06
   336   5.259367E-04   4.232674E-04   5.259367E-06
   337   5.255884E-04   3.377453E-04   5.255884E-06
   338   1.250869E-03   1.338244E-03   1.250869E-05
   339   1.247452E-03   1.301213E-03   1.247452E-05
   340   1.241577E-03   1.458286E-03   1.241577E-05
   341   1.234860E-03   1.260906E-03   1.234860E-05
   342   1.229102E-03   1.206187E-03   1.229102E-05
   343   1.225802E-03   1.157488E-03   1.225802E-05
   344   3.430637E-03   3.640532E-03   3.430637E-05
   345   3.406478E-03   4.092586E-03   3.406478E-05
   346   3.365199E-03   4.376017E-03   3.365199E-05
   347   3.318414E-03   4.142415E-03   3.318414E-05
   348   3.278642E-03   4.127737E-03   3.278642E-05
   349   3.255989E-03   4.592801E-03   3.255989E-05
   350   9.797261E-03   5.585823E-03   9.797261E-05
   351   9.675047E-03   5.451342E-03   9.675047E-05
   352   9.467941E-03   5.488575E-03   9.467941E-05
   353   9.235800E-03   5.580864E-03   9.235800E-05
   354   9.040620E-03   4.487210E-03   9.040620E-05
   355   8.930336E-03   4.219010E-03   8.930336E-05
   356   1.972984E-02   2.301417E-02   1.972984E-04
   357   1.940030E-02   2.111218E-02   1.940030E-04
   358   1.884585E-02   2.226123E-02   1.884585E-04
   359   1.823033E-02   2.124200E-02   1.823033E-04
   360   1.771769E-02   2.053421E-02   1.771769E-04
   361   1.743001E-02   2.037264E-02   1.743001E-04
   362   1.118719E-02   1.036191E-02   2.237438E-04
   363   5.701304E-03   5.505537E-03   1.140261E-04
   364   5.209374E-03   5.103654E-03   1.041875E-04
   365   3.638031E-03   3.331843E-03   7.276062E-05
   366   6.404468E-03   5.992398E-03   1.280894E-04
   367   1.844336E-03   1.971529E-03   3.688672E-05
   368   3.709114E-03   3.721011E-03   7.418228E-05
   369   3.716510E-03   3.321679E-03   7.433019E-05
   370   2.518294E-03   2.788140E-03   5.036589E-05
   371   3.562341E-03   3.439884E-03   7.124682E-05
   372   1.376420E-03   1.535437E-03   2.752839E-05
   373   1.302225E-02   1.199408E-02   2.604449E-04
   374   5.086731E-03   4.416097E-03   1.017346E-04
   375   1.064447E-02   1.039728E-02   2.128894E-04
   376   1.285141E-02   1.272472E-02   2.570282E-04
   377   2.636488E-03   2.661081E-03   5.272977E-05
   378   9.873560E-03   9.466067E-03   1.974712E-04
   379   1.535640E-03   1.397421E-03   3.071280E-05
   380   4.111067E-03   3.511351E-03   8.222135E-05
   381   4.096004E-03   3.976866E-03   8.192007E-05
   382   3.887665E-03   3.349436E-03   7.775329E-05
   383   1.023513E-02   9.886019E-03   2.047025E-04
   384   2.094854E-03   1.999997E-03   4.189708E-05
   385   7.168263E-03   7.369817E-03   1.433653E-04
   386   7.369448E-03   6.310440E-03   1.473890E-04
   387   1.036245E-02   1.023213E-02   2.072489E-04
   388   3.332118E-03   3.315130E-03   6.664236E-05
   389   1.261001E-03   1.374909E-03   2.522003E-05
   390   1.566815E-03   1.760201E-03   3.133630E-05
   391   3.476988E-03   3.055034E-03   6.953975E-05
   392   1.927492E-03   2.094285E-03   3.854983E-05
   393   1.034455E-02   1.022496E-02   2.068910E-04
   394   6.482766E-03   4.952322E-03   1.296553E-04
   395   3.293591E-03   3.138673E-03   6.587182E-05
   396   1.262959E-02   1.190837E-02   2.525917E-04
   397   1.325792E-03   1.473807E-03   2.651585E-05
   398   1.307184E-02   1.470822E-02   2.614368E-04
   399   5.209182E-03   4.160903E-03   1.041836E-04
   400   2.725570E-03   2.980079E-03   5.451141E-05
   401   1.273646E-02   1.015061E-02   2.547293E-04
   402   9.991806E-03   1.070902E-02   1.998361E-04
   403   6.424793E-03   5.867136E-03   1.284959E-04
   404   1.350663E-02   1.648252E-02   2.701326E-04
   405   3.013352E-03   2.293933E-03   6.026705E-05
   406   1.256803E-03   1.355498E-03   2.513607E-05
   407   1.650949E-03   1.805887E-03   3.301898E-05
   408   3.337900E-03   3.170072E-03   6.675800E-05
   409   4.745555E-03   4.771239E-03   9.491110E-05
   410   1.235833E-03   1.379654E-03   2.471667E-05
   411   1.694483E-03   1.828808E-03   3.388966E-05
   412   8.725576E-03   9.309129E-03   1.745115E-04
   413   3.850813E-03   3.546288E-03   7.701626E-05
   414   1.147973E-03   1.277160E-03   2.295945E-05
   415   2.586320E-03   2.415682E-03   5.172641E-05
   416   1.605471E-03   1.729773E-03   3.210943E-05
   417   2.410463E-03   2.335310E-03   4.820925E-05
   418   3.956459E-03   3.590547E-03   7.912919E-05
   419   7.334161E-03   6.853624E-03   1.466832E-04
   420   5.407697E-03   5.044280E-03   1.081539E-04
   421   1.008986E-03   1.077194E-03   2.017972E-05
   422   1.403111E-03   1.475649E-03   2.806223E-05
   423   2.087620E-03   1.957013E-03   4.175239E-05
   424   1.292623E-02   1.278117E-02   2.585247E-04
   425   3.361898E-03   2.953869E-03   6.723796E-05
   426   3.241457E-03   3.316379E-03   6.482913E-05
   427   1.622882E-02   1.540224E-02   3.245764E-04
   428   2.914416E-02   2.921804E-02   5.828833E-04
   429   1.287656E-02   1.296218E-02   2.575312E-04
   430   1.645070E-03   1.501881E-03   3.290140E-05
   431   6.081675E-03   5.342470E-03   1.216335E-04
   432   2.473586E-03   2.129342E-03   4.947173E-05
   433   9.355594E-03   8.464933E-03   1.871119E-04
   434   4.118656E-03   3.629631E-03   8.237313E-05
   435   3.887665E-03   3.364389E-03   7.775329E-05
   436   5.425307E-03   4.828167E-03   1.085061E-04
   437   1.285141E-02   1.271431E-02   2.570282E-04
   438   1.338775E-02   1.296615E-02   2.677550E-04
   439   9.138559E-03   6.446217E-03   1.827712E-04
   440   1.466686E-03   1.451994E-03   2.933372E-05
   441   1.230281E-03   1.170727E-03   2.460562E-05
   442   2.164850E-03   2.088416E-03   4.329701E-05
   443   1.715720E-03   1.508976E-03   3.431440E-05
   444   5.876696E-03   5.352138E-03   1.175339E-04
   445   2.395348E-03   2.019660E-03   4.790695E-05
   446   4.752106E-03   3.893104E-03   9.504212E-05
   447   1.186613E-03   1.109995E-03   2.373226E-05
   448   1.355002E-02   1.259578E-02   2.710003E-04
   449   3.184835E-03   2.717380E-03   6.369669E-05
   450   1.064447E-02   1.038930E-02   2.128894E-04
   451   1.535640E-03   1.387915E-03   3.071280E-05
   452   7.334161E-03   6.897735E-03   1.466832E-04
   453   1.522091E-03   1.474902E-03   3.044183E-05
   454   3.716510E-03   3.304298E-03   7.433019E-05
   455   1.901896E-03   1.713616E-03   3.803792E-05
   456   3.043952E-03   2.677243E-03   6.087904E-05
   457   1.038707E-02   9.685039E-03   2.077415E-04
   458   1.034628E-03   1.027492E-03   2.069256E-05
   459   1.230281E-03   1.176189E-03   2.460562E-05
   460   3.956459E-03   3.584306E-03   7.912919E-05
   461   3.638031E-03   3.309045E-03   7.276062E-05
   462   4.409992E-03   4.152972E-03   8.819983E-05
   463   4.650930E-03   4.299959E-03   9.301859E-05
   464   1.231562E-03   1.213650E-03   2.463124E-05
   465   9.854930E-03   9.769566E-03   1.970986E-04
   466   2.769166E-03   2.815929E-03   5.538331E-05
   467   2.087620E-03   1.954453E-03   4.175239E-05
   468   1.390723E-03   1.398034E-03   2.781447E-05
   469   5.588879E-03   5.390186E-03   1.117776E-04
   470   1.599592E-03   1.624000E-03   3.199184E-05
   471   2.410463E-03   2.332401E-03   4.820925E-05
   472   3.221398E-03   3.017228E-03   6.442796E-05
   473   2.655052E-03   2.717813E-03   5.310104E-05
   474   2.472990E-03   2.422787E-03   4.945980E-05
   475   1.470740E-03   1.546032E-03   2.941479E-05
   476   2.412098E-03   2.552822E-03   4.824195E-05
   477   4.859244E-03   4.386404E-03   9.718487E-05
   478   2.100401E-03   2.167152E-03   4.200802E-05
   479   2.684868E-03   2.850779E-03   5.369737E-05
   480   1.605471E-03   1.687448E-03   3.210943E-05
   481   8.038542E-03   7.623329E-03   1.607708E-04
   482   2.272565E-03   2.313167E-03   4.545130E-05
   483   2.835062E-03   3.149258E-03   5.670125E-05
   484   3.411151E-03   3.745900E-03   6.822303E-05
   485   2.930316E-03   3.253021E-03   5.860633E-05
   486   1.927492E-03   2.101350E-03   3.854983E-05
   487   1.650949E-03   1.817888E-03   3.301898E-05
   488   1.059652E-03   1.192044E-03   2.119304E-05
   489   1.147973E-03   1.315068E-03   2.295945E-05
   490   4.852275E-03   4.546026E-03   9.704551E-05
   491   3.679540E-03   3.347018E-03   7.359079E-05
   492   2.725570E-03   2.962414E-03   5.451141E-05
   493   2.896860E-03   2.897404E-03   5.793720E-05
   494   6.104997E-03   6.057614E-03   1.220999E-04
   495   1.261001E-03   1.352172E-03   2.522003E-05
   496   1.128739E-02   1.153079E-02   2.257477E-04
   497   1.256803E-03   1.358577E-03   2.513607E-05
   498   2.457652E-03   2.567706E-03   4.915305E-05
   499   3.209930E-03   3.179217E-03   6.419859E-05
   500   3.143110E-03   2.794174E-03   6.286221E-05
   501   2.161731E-03   2.060112E-03   4.323462E-05
   502   2.817515E-03   2.499562E-03   5.635030E-05
   503   7.381667E-03   6.573664E-03   1.476333E-04
   504   4.252131E-03   3.382411E-03   8.504262E-05
   505   1.365569E-02   1.442861E-02   2.731138E-04
   506   9.710843E-04   8.190873E-04   1.942169E-05
   507   5.731622E-03   5.035707E-03   1.146324E-04
   508   2.531445E-03   1.908699E-03   5.062890E-05
   509   7.573552E-03   6.572562E-03   1.514710E-04
   510   1.863807E-02   2.008581E-02   3.727614E-04
   511   1.360232E-02   1.286942E-02   2.720463E-04
   512   1.704174E-02   1.864621E-02   3.408349E-04
   513   2.837137E-02   2.535468E-02   5.674274E-04
   514   0.000000E+00   1.763412E-04   8.571999E-05
   515   0.000000E+00  -2.522072E-04   4.928760E-05
   516   0.000000E+00  -1.911391E-04   6.938575E-05
   517   0.000000E+00   2.424775E-05   3.784845E-05
   518   0.000000E+00   2.801060E-05   5.833195E-05
   519   0.000000E+00  -1.054295E-04   3.567512E-05
   520   0.000000E+00  -1.689755E-04   4.791193E-05
   521   0.000000E+00   5.796397E-05   3.792972E-05
   522   0.000000E+00  -1.139403E-04   4.420725E-05
   523   0.000000E+00  -1.015263E-04   4.893610E-05
   524   0.000000E+00   1.380226E-05   2.576351E-05
   525   0.000000E+00   3.479632E-04   8.947855E-05
   526   0.000000E+00   1.366487E-04   5.100023E-05
   527   0.000000E+00   2.345166E-04   7.263877E-05
   528   0.000000E+00   1.753452E-04   1.112597E-04
   529   0.000000E+00  -3.765626E-05   5.354117E-05
   530   0.000000E+00   1.768233E-04   1.905779E-04
   531   0.000000E+00  -3.356085E-05   3.233695E-05
   532   0.000000E+00  -9.156157E-05   4.774072E-05
   533   0.000000E+00  -1.030353E-04   7.106440E-05
   534   0.000000E+00  -1.512565E-05   5.388827E-05
   535   0.000000E+00  -3.102637E-04   8.743535E-05
   536   0.000000E+00   2.104713E-05   3.275580E-05
   537   0.000000E+00   8.919736E-04   4.587356E-04
   538   0.000000E+00   7.924586E-04   3.185521E-04
   539   0.000000E+00   1.446450E-03   5.889728E-04
   540   0.000000E+00   1.810890E-04   7.864687E-05
   541   0.000000E+00   3.940797E-05   2.646036E-05
   542   0.000000E+00  -7.317038E-05   2.638962E-05
   543   0.000000E+00   4.821355E-04   9.389042E-05
   544   0.000000E+00  -1.338231E-04   3.011639E-05
   545   0.000000E+00   6.103588E-04   3.532326E-04
   546   0.000000E+00   6.705128E-05   1.419297E-04
   547   0.000000E+00   8.808621E-05   6.301965E-05
   548   0.000000E+00   2.261137E-03   3.330377E-04
   549   0.000000E+00  -2.930413E-05   2.572478E-05
   550   0.000000E+00   6.321276E-03   6.532966E-04
   551   0.000000E+00   1.410161E-04   9.212542E-05
   552   0.000000E+00   3.101721E-05   4.467353E-05
   553   0.000000E+00   2.913050E-03   8.249259E-04
   554   0.000000E+00   3.501187E-03   3.649289E-04
   555   0.000000E+00  -1.976381E-04   1.539804E-04
   556   0.000000E+00   1.016977E-02   6.346598E-04
   557   0.000000E+00   1.465159E-04   8.178753E-05
   558   0.000000E+00   2.854336E-05   2.410946E-05
   559   0.000000E+00   3.069657E-05   2.414284E-05
   560   0.000000E+00   2.250784E-04   6.979279E-05
   561   0.000000E+00  -2.947121E-04   5.179795E-05
   562   0.000000E+00   8.417425E-05   1.919544E-05
   563   0.000000E+00   1.644247E-05   2.376196E-05
   564   0.000000E+00   6.915603E-04   3.452366E-04
   565   0.000000E+00  -1.465359E-04   3.292312E-05
   566   0.000000E+00   2.633552E-05   2.041193E-05
   567   0.000000E+00   8.378672E-05   6.110786E-05
   568   0.000000E+00  -2.878102E-05   2.060922E-05
   569   0.000000E+00  -4.892912E-05   2.815692E-05
   570   0.000000E+00  -1.199281E-04   3.147130E-05
   571   0.000000E+00   1.388170E-04   6.085316E-05
   572   0.000000E+00   1.543973E-05   1.118133E-04
   573   0.000000E+00  -3.487652E-05   2.366837E-05
   574   0.000000E+00  -2.211796E-05   1.953068E-05
   575   0.000000E+00  -4.639852E-05   2.779137E-05
   576   0.000000E+00   1.054246E-04   9.873027E-05
   577   0.000000E+00  -1.761194E-05   3.718324E-05
   578   0.000000E+00  -1.155137E-04   7.636247E-05
   579   0.000000E+00   2.447285E-04   1.113851E-04
   580   0.000000E+00  -1.539092E-03   1.625447E-04
   581   0.000000E+00  -5.608863E-04   6.834563E-04
   582   0.000000E+00   3.196875E-06   1.925692E-05
   583   0.000000E+00  -1.107131E-04   1.158571E-04
   584   0.000000E+00  -6.743421E-06   3.991710E-05
   585   0.000000E+00  -1.429525E-04   7.434996E-05
   586   0.000000E+00  -7.339641E-05   3.911121E-05
   587   0.000000E+00   1.311022E-05   5.388827E-05
   588   0.000000E+00  -4.613523E-04   1.845522E-04
   589   0.000000E+00  -1.273123E-04   1.112597E-04
   590   0.000000E+00   5.379033E-03   8.013370E-04
   591   0.000000E+00   1.549462E-02   6.984900E-04
   592   0.000000E+00  -5.860248E-05   3.666105E-05
   593   0.000000E+00  -1.067455E-05   2.240563E-05
   594   0.000000E+00   2.251928E-05   4.817192E-05
   595   0.000000E+00   7.068367E-05   3.031923E-05
   596   0.000000E+00  -2.812294E-04   5.235641E-05
   597   0.000000E+00   2.832642E-05   3.690730E-05
   598   0.000000E+00  -2.698535E-04   1.846210E-04
   599   0.000000E+00  -5.477033E-06   2.179130E-05
   600   0.000000E+00  -2.423071E-04   9.428622E-05
   601   0.000000E+00  -1.507069E-04   4.057387E-05
   602   0.000000E+00  -2.375413E-04   7.263877E-05
   603   0.000000E+00   1.167813E-05   3.233695E-05
   604   0.000000E+00  -1.460736E-04   6.085316E-05
   605   0.000000E+00   8.111883E-05   3.886744E-05
   606   0.000000E+00  -6.761254E-05   3.792972E-05
   607   0.000000E+00   1.058247E-05   3.065130E-05
   608   0.000000E+00   9.664578E-05   1.055374E-04
   609   0.000000E+00   3.908101E-05   6.793450E-05
   610   0.000000E+00   1.177039E-05   2.506130E-05
   611   0.000000E+00   1.117119E-05   2.240563E-05
   612   0.000000E+00   1.137566E-04   3.147130E-05
   613   0.000000E+00  -1.620241E-05   3.784845E-05
   614   0.000000E+00   1.361171E-04   5.626829E-05
   615   0.000000E+00  -2.567177E-05   5.365125E-05
   616   0.000000E+00   2.200287E-05   3.100760E-05
   617   0.000000E+00  -1.534495E-03   6.214445E-04
   618   0.000000E+00   2.480257E-05   7.379859E-05
   619   0.000000E+00   5.305120E-05   2.779137E-05
   620   0.000000E+00   6.903109E-05   3.134071E-05
   621   0.000000E+00   1.248769E-04   6.665645E-05
   622   0.000000E+00   7.056421E-05   3.974242E-05
   623   0.000000E+00   6.643277E-05   2.815692E-05
   624   0.000000E+00   1.457047E-04   3.335440E-05
   625   0.000000E+00   8.951954E-05   6.736173E-05
   626   0.000000E+00   1.287319E-04   3.504132E-05
   627   0.000000E+00   1.025501E-04   2.657622E-05
   628   0.000000E+00   5.698593E-05   2.873763E-05
   629   0.000000E+00   7.748327E-04   2.415488E-04
   630   0.000000E+00   1.283397E-04   4.024154E-05
   631   0.000000E+00   9.374756E-05   7.362440E-05
   632   0.000000E+00   4.286958E-06   2.060922E-05
   633   0.000000E+00  -7.459967E-05   2.758659E-04
   634   0.000000E+00   1.232472E-04   3.847177E-05
   635   0.000000E+00   1.756339E-05   4.285841E-05
   636   0.000000E+00   1.722646E-04   4.331878E-05
   637   0.000000E+00  -8.182104E-05   3.060131E-05
   638   0.000000E+00   1.270577E-04   3.011639E-05
   639   0.000000E+00  -1.875306E-05   2.414284E-05
   640   0.000000E+00   5.876894E-05   2.575829E-05
   641   0.000000E+00   3.196989E-06   2.041193E-05
   642   0.000000E+00  -1.884917E-04   1.317718E-04
   643   0.000000E+00   6.361751E-05   1.116361E-04
   644   0.000000E+00  -1.585069E-05   4.467353E-05
   645   0.000000E+00  -2.489770E-04   7.097436E-05
   646   0.000000E+00   1.907912E-04   1.717571E-04
   647   0.000000E+00  -2.824328E-05   2.646036E-05
   648   0.000000E+00  -1.520172E-03   6.347788E-04
   649   0.000000E+00  -4.337688E-05   2.410946E-05
   650   0.000000E+00   3.343394E-05   4.117016E-05
   651   0.000000E+00  -1.411651E-04   6.411905E-05
   652   0.000000E+00  -1.103504E-04   7.552702E-05
   653   0.000000E+00  -7.851886E-05   5.065160E-05
   654   0.000000E+00  -2.837815E-04   7.019159E-05
   655   0.000000E+00  -4.210532E-04   2.141020E-04
   656   0.000000E+00  -1.913611E-04   1.031970E-04
   657   0.000000E+00  -7.166507E-03   8.124586E-04
   658   0.000000E+00  -6.379701E-05   2.755854E-05
   659   0.000000E+00   7.002838E-05   1.293177E-04
   660   0.000000E+00  -2.502674E-05   7.103876E-05
   661   0.000000E+00   3.893527E-04   2.108601E-04
   662   0.000000E+00  -8.515584E-03   6.538745E-04
   663   0.000000E+00   1.183851E-03   3.143698E-04
   664   0.000000E+00  -6.769175E-03   6.913460E-04
   665   0.000000E+00   7.408408E-03   1.143279E-03
   666   0.000000E+00   5.088027E-05   8.502500E-05
   667   0.000000E+00   4.533242E-04   5.345402E-05
   668   0.000000E+00   6.188667E-04   7.063079E-05
   669   0.000000E+00   1.799028E-04   3.726087E-05
   670   0.000000E+00  -2.932475E-04   5.548086E-05
   671   0.000000E+00   1.358999E-04   3.610002E-05
   672   0.000000E+00   3.387747E-04   5.109268E-05
   673   0.000000E+00  -1.854948E-05   3.979963E-05
   674   0.000000E+00   2.701575E-04   4.782883E-05
   675   0.000000E+00   5.698895E-05   5.004599E-05
   676   0.000000E+00   1.941620E-05   3.485687E-05
   677   0.000000E+00  -1.122998E-03   8.669034E-05
   678   0.000000E+00  -1.131704E-04   5.286713E-05
   679   0.000000E+00  -8.519442E-04   8.780515E-05
   680   0.000000E+00  -1.478648E-03   9.603366E-05
   681   0.000000E+00  -1.152727E-04   5.963232E-05
   682   0.000000E+00   1.005204E-03   1.995973E-04
   683   0.000000E+00   2.557997E-05   3.154722E-05
   684   0.000000E+00  -1.513635E-05   4.713132E-05
   685   0.000000E+00  -1.588289E-04   7.136238E-05
   686   0.000000E+00  -1.333938E-04   4.633345E-05
   687   0.000000E+00  -9.739412E-04   8.080342E-05
   688   0.000000E+00   4.302426E-05   3.800434E-05
   689   0.000000E+00   1.366649E-03   4.553733E-04
   690   0.000000E+00   1.530388E-03   3.342714E-04
   691   0.000000E+00   1.345000E-03   5.170341E-04
   692   0.000000E+00   2.738901E-04   8.861092E-05
   693   0.000000E+00   2.480400E-05   2.645064E-05
   694   0.000000E+00   4.525340E-05   2.832537E-05
   695   0.000000E+00   3.040805E-04   1.000823E-04
   696   0.000000E+00   1.262948E-04   3.068300E-05
   697   0.000000E+00   2.105638E-03   3.578252E-04
   698   0.000000E+00   9.960711E-04   1.539400E-04
   699   0.000000E+00   1.141162E-04   6.082881E-05
   700   0.000000E+00   2.503642E-03   3.399691E-04
   701   0.000000E+00   1.233620E-05   2.538879E-05
   702   0.000000E+00   2.411922E-03   7.181558E-04
   703   0.000000E+00   6.486686E-04   1.031984E-04
   704   0.000000E+00  -1.971779E-05   4.486014E-05
   705   0.000000E+00   2.806901E-03   9.890900E-04
   706   0.000000E+00   1.815293E-03   4.048614E-04
   707   0.000000E+00   1.254452E-03   1.716064E-04
   708   0.000000E+00   4.153123E-03   8.651080E-04
   709   0.000000E+00   3.640610E-04   8.641357E-05
   710   0.000000E+00  -2.865885E-05   2.172030E-05
   711   0.000000E+00  -4.509125E-06   2.603586E-05
   712   0.000000E+00   2.196612E-04   7.987421E-05
   713   0.000000E+00   4.857394E-04   5.287223E-05
   714   0.000000E+00  -7.961776E-05   1.745297E-05
   715   0.000000E+00  -1.394956E-06   2.384431E-05
   716   0.000000E+00   1.339298E-03   3.729572E-04
   717   0.000000E+00  -9.400291E-05   3.140260E-05
   718   0.000000E+00   2.415205E-05   2.273269E-05
   719   0.000000E+00   2.892057E-04   5.746233E-05
   720   0.000000E+00   2.957194E-05   2.372358E-05
   721   0.000000E+00   1.492354E-04   3.016024E-05
   722   0.000000E+00  -1.366844E-04   3.139118E-05
   723   0.000000E+00  -5.103396E-04   5.136381E-05
   724   0.000000E+00   5.981430E-04   1.259637E-04
   725   0.000000E+00   4.714074E-05   2.901345E-05
   726   0.000000E+00  -5.379670E-05   2.153188E-05
   727   0.000000E+00   1.131930E-04   2.747425E-05
   728   0.000000E+00  -1.399940E-03   9.698348E-05
   729   0.000000E+00  -8.931781E-05   3.958268E-05
   730   0.000000E+00   1.828626E-04   7.385422E-05
   731   0.000000E+00  -1.528273E-03   1.024805E-04
   732   0.000000E+00  -2.770403E-03   1.654751E-04
   733   0.000000E+00   1.248447E-03   5.877665E-04
   734   0.000000E+00  -9.099040E-06   2.359301E-05
   735   0.000000E+00   9.675526E-05   1.328803E-04
   736   0.000000E+00   4.229326E-05   3.977570E-05
   737   0.000000E+00  -5.596035E-04   7.343206E-05
   738   0.000000E+00   1.016578E-05   4.408569E-05
   739   0.000000E+00  -1.395277E-04   4.633345E-05
   740   0.000000E+00   1.039635E-03   2.016173E-04
   741   0.000000E+00  -1.493676E-03   9.603366E-05
   742   0.000000E+00   5.352949E-03   1.073694E-03
   743   0.000000E+00   8.998899E-04   1.042696E-03
   744   0.000000E+00   8.317179E-06   3.997074E-05
   745   0.000000E+00   5.409982E-05   2.547163E-05
   746   0.000000E+00   4.990329E-05   5.670562E-05
   747   0.000000E+00   3.099226E-05   3.014662E-05
   748   0.000000E+00  -5.802983E-04   4.845909E-05
   749   0.000000E+00  -1.028495E-05   3.622306E-05
   750   0.000000E+00   9.357747E-04   2.223257E-04
   751   0.000000E+00  -3.554303E-06   2.507152E-05
   752   0.000000E+00  -8.751325E-04   9.310043E-05
   753   0.000000E+00  -1.174119E-04   4.310329E-05
   754   0.000000E+00  -8.499654E-04   8.780515E-05
   755   0.000000E+00   3.413552E-05   3.154722E-05
   756   0.000000E+00  -5.321965E-04   5.136381E-05
   757   0.000000E+00   4.039634E-06   4.158928E-05
   758   0.000000E+00  -1.003956E-05   3.979963E-05
   759   0.000000E+00   3.535374E-06   3.079421E-05
   760   0.000000E+00   3.351427E-06   9.785477E-05
   761   0.000000E+00  -3.216562E-04   6.676575E-05
   762   0.000000E+00  -5.421566E-05   2.670224E-05
   763   0.000000E+00   5.407893E-05   2.547163E-05
   764   0.000000E+00  -1.374106E-04   3.139118E-05
   765   0.000000E+00   1.718834E-04   3.726087E-05
   766   0.000000E+00   2.868543E-04   5.581810E-05
   767   0.000000E+00   1.962257E-04   5.138683E-05
   768   0.000000E+00  -3.967179E-05   3.623462E-05
   769   0.000000E+00   1.774272E-03   6.309801E-04
   770   0.000000E+00  -1.124335E-04   7.363586E-05
   771   0.000000E+00   1.130311E-04   2.747425E-05
   772   0.000000E+00  -6.356613E-06   3.279285E-05
   773   0.000000E+00   5.044615E-04   7.198962E-05
   774   0.000000E+00   6.681140E-05   4.167816E-05
   775   0.000000E+00   1.356736E-04   3.016024E-05
   776   0.000000E+00   2.922622E-04   3.587868E-05
   777   0.000000E+00   1.416581E-04   6.433065E-05
   778   0.000000E+00   2.091150E-04   3.891477E-05
   779   0.000000E+00   1.477204E-04   3.053185E-05
   780   0.000000E+00  -3.291123E-05   3.279801E-05
   781   0.000000E+00   1.224197E-03   2.583525E-04
   782   0.000000E+00   2.805568E-04   3.999934E-05
   783   0.000000E+00   1.487561E-04   7.473856E-05
   784   0.000000E+00   4.734371E-05   2.372358E-05
   785   0.000000E+00   1.599168E-03   2.849040E-04
   786   0.000000E+00   2.215844E-04   3.583350E-05
   787   0.000000E+00   1.465273E-04   5.229974E-05
   788   0.000000E+00   1.965102E-04   4.530177E-05
   789   0.000000E+00  -6.695645E-05   2.922159E-05
   790   0.000000E+00   1.204689E-04   3.068300E-05
   791   0.000000E+00   1.083654E-05   2.603586E-05
   792   0.000000E+00   1.171822E-04   2.830580E-05
   793   0.000000E+00   1.455791E-05   2.273269E-05
   794   0.000000E+00   7.430470E-04   1.513282E-04
   795   0.000000E+00   4.103137E-04   1.230757E-04
   796   0.000000E+00  -6.179694E-06   4.486014E-05
   797   0.000000E+00   1.579521E-04   7.670949E-05
   798   0.000000E+00   1.239684E-03   1.910509E-04
   799   0.000000E+00   1.536675E-05   2.645064E-05
   800   0.000000E+00   1.670043E-03   5.318033E-04
   801   0.000000E+00  -2.172195E-05   2.172030E-05
   802   0.000000E+00   2.429171E-05   4.094920E-05
   803   0.000000E+00   1.480734E-04   7.061205E-05
   804   0.000000E+00   4.620848E-04   7.469525E-05
   805   0.000000E+00   6.752749E-05   4.777532E-05
   806   0.000000E+00   1.081791E-04   7.891373E-05
   807   0.000000E+00   1.359686E-03   2.245348E-04
   808   0.000000E+00   5.649150E-04   1.128870E-04
   809   0.000000E+00   4.255490E-03   8.263193E-04
   810   0.000000E+00   8.032273E-05   2.932472E-05
   811   0.000000E+00   9.869426E-04   1.452169E-04
   812   0.000000E+00   3.986962E-04   8.161353E-05
   813   0.000000E+00   1.528322E-03   2.181146E-04
   814   0.000000E+00   4.481590E-03   7.805474E-04
   815   0.000000E+00   2.396777E-03   3.362209E-04
   816   0.000000E+00   2.489275E-03   7.246632E-04
   817   0.000000E+00   6.738758E-03   1.567776E-03
   818   8.614137E-04   3.869065E-04   3.356157E-03
   819   5.735512E-04   6.845967E-04   1.710391E-03
   820   5.120814E-04   5.106436E-04   1.562812E-03
   821   3.019566E-04   1.241372E-04   1.091409E-03
   822   3.842681E-04   1.419061E-04   1.921340E-03
   823   1.977128E-04   3.841961E-04   5.533008E-04
   824   3.152747E-04   3.460780E-04   1.112734E-03
   825   2.363700E-04   6.787851E-06   1.114953E-03
   826   2.593843E-04   5.080996E-04   7.554883E-04
   827   2.493639E-04   1.961069E-04   1.068702E-03
   828   1.666844E-04   3.421765E-04   4.129259E-04
   829   4.753119E-04   6.851118E-06   3.906674E-03
   830   2.650187E-04   1.086795E-06   1.526019E-03
   831   5.130635E-04   1.437755E-04   3.193341E-03
   832   2.930122E-04   7.711700E-05   3.855424E-03
   833   1.426340E-04   1.633984E-04   7.909465E-04
   834   8.353032E-04   7.073186E-04   2.962068E-03
   835   4.238366E-05   2.762334E-05   4.606920E-04
   836  -2.425530E-05   1.801555E-05   1.233320E-03
   837   9.420808E-05   1.603412E-04   1.228801E-03
   838  -1.671696E-05   3.272910E-05   1.166299E-03
   839  -1.064453E-04   9.806932E-05   3.070538E-03
   840  -2.094854E-07  -1.069063E-05   6.284562E-04
   841   4.064405E-04   7.609322E-04   2.150479E-03
   842   1.473890E-06   5.165883E-04   2.210834E-03
   843   1.265255E-03   1.155271E-03   3.108734E-03
   844   4.178476E-04   3.337598E-04   9.996354E-04
   845   1.617865E-04   2.913227E-04   3.783004E-04
   846   1.869210E-04   4.444115E-04   4.700445E-04
   847   5.556226E-04   1.734456E-04   1.043096E-03
   848   2.193485E-04   4.910533E-04   5.782475E-04
   849   1.908569E-03   1.045441E-03   3.103364E-03
   850   1.128001E-03   2.487472E-04   1.944830E-03
   851   4.406825E-04   3.563966E-04   9.880773E-04
   852   2.693891E-03   5.265532E-04   3.788876E-03
   853   1.674476E-04   3.414583E-04   3.977377E-04
   854   2.955543E-03   1.290855E-03   3.921552E-03
   855   8.136742E-04   7.076348E-05   1.562754E-03
   856   3.625008E-04   6.728281E-04   8.176711E-04
   857   3.516538E-03   2.491628E-03   3.820939E-03
   858   2.312104E-03   7.146637E-04   2.997542E-03
   859   1.126909E-03   3.083009E-04   1.927438E-03
   860   3.779155E-03   1.064180E-03   4.051989E-03
   861   4.782190E-04   7.075526E-05   9.040057E-04
   862   1.616249E-04   2.925338E-04   3.770410E-04
   863   2.101658E-04   3.990913E-04   4.952847E-04
   864   4.579599E-04   2.238513E-04   1.001370E-03
   865   4.612680E-04   6.842499E-04   1.423667E-03
   866   1.523783E-04   2.341476E-04   3.707500E-04
   867   1.948655E-04   3.356967E-04   5.083449E-04
   868   1.312327E-03   6.981584E-04   2.617673E-03
   869   2.787988E-04   2.249708E-04   1.155244E-03
   870   1.276546E-04   2.218016E-04   3.443918E-04
   871   3.302731E-04   1.424094E-04   7.758961E-04
   872   1.629554E-04   2.528216E-04   4.816414E-04
   873   2.041662E-04   1.925031E-04   7.231388E-04
   874   2.156270E-04   9.830606E-05   1.186938E-03
   875   3.527731E-04   4.094405E-05   2.200248E-03
   876   5.337397E-04   2.759685E-04   1.622309E-03
   877   9.282673E-05   1.693311E-04   3.026959E-04
   878   1.158970E-04   1.452258E-04   4.209334E-04
   879   1.436282E-04   8.827635E-05   6.262859E-04
   880   2.998886E-04   4.539015E-05   3.877870E-03
   881   1.637244E-04   1.932715E-05   1.008569E-03
   882   2.116671E-04   2.641899E-04   9.724370E-04
   883   2.207120E-04  -1.223865E-04   4.868647E-03
   884  -8.043790E-04   1.041004E-04   8.743249E-03
   885   9.966457E-04   1.030461E-03   3.862968E-03
   886   8.850477E-05   4.531714E-05   4.935210E-04
   887  -1.471765E-04   4.042767E-05   1.824502E-03
   888   6.876570E-05  -1.584360E-05   7.420759E-04
   889  -3.321236E-04   6.406969E-05   2.806678E-03
   890  -1.836921E-04  -2.349389E-05   1.235597E-03
   891   1.671696E-05  -3.121308E-05   1.166299E-03
   892   2.614998E-04  -2.283505E-04   1.627592E-03
   893  -2.930122E-04  -9.057392E-05   3.855424E-03
   894   2.907819E-03   5.145068E-03   4.016324E-03
   895   2.741568E-03   8.580930E-04   2.741568E-03
   896   5.470738E-05   9.015494E-05   4.400057E-04
   897   3.776962E-05   4.577455E-05   3.690843E-04
   898   4.546186E-05   5.430357E-05   6.494551E-04
   899   4.066256E-05   1.345712E-05   5.147159E-04
   900  -1.939310E-04   5.870570E-05   1.763009E-03
   901  -2.083952E-05  -1.188696E-05   7.186043E-04
   902   9.931902E-05  -2.530181E-04   1.425632E-03
   903  -9.730228E-06  -6.306392E-06   3.559840E-04
   904  -7.086659E-04  -1.269041E-04   4.065005E-03
   905  -1.678408E-04   4.687326E-05   9.554504E-04
   906  -5.130635E-04  -1.665161E-04   3.193341E-03
   907  -4.238366E-05  -2.595154E-05   4.606920E-04
   908  -3.527731E-04  -2.465004E-05   2.200248E-03
   909   3.500810E-06  -1.645181E-05   4.566274E-04
   910  -2.363700E-04   2.249815E-06   1.114953E-03
   911  -9.775745E-05  -2.161480E-05   5.705688E-04
   912  -1.735053E-05  -8.192921E-05   9.131856E-04
   913  -7.208630E-04  -4.007162E-04   3.116122E-03
   914  -3.517735E-05  -4.210245E-05   3.103884E-04
   915  -3.776962E-05  -4.310119E-05   3.690843E-04
   916  -2.156270E-04  -1.036445E-04   1.186938E-03
   917  -3.019566E-04  -1.432302E-04   1.091409E-03
   918  -3.430974E-04  -2.388348E-04   1.322998E-03
   919  -4.167233E-04  -2.289139E-04   1.395279E-03
   920  -6.638119E-05  -6.971328E-05   3.694686E-04
   921  -3.173288E-04  -1.016570E-03   2.956479E-03
   922  -1.420582E-04  -1.778678E-04   8.307497E-04
   923  -1.436282E-04  -8.592473E-05   6.262859E-04
   924  -9.456918E-05  -1.206234E-04   4.172170E-04
   925  -5.940978E-04  -6.473033E-04   1.676664E-03
   926  -6.974222E-05  -9.667526E-05   4.798776E-04
   927  -2.041662E-04  -2.004078E-04   7.231388E-04
   928  -3.092542E-04  -3.045509E-04   9.664194E-04
   929  -1.956773E-04  -2.800788E-04   7.965155E-04
   930  -2.228164E-04  -2.756506E-04   7.418970E-04
   931  -1.251599E-04  -2.015154E-04   4.412219E-04
   932  -2.071992E-04  -3.260328E-04   7.236293E-04
   933  -1.482069E-04   3.401619E-04   1.457773E-03
   934  -2.020586E-04  -2.669676E-04   6.301204E-04
   935  -2.223071E-04  -3.674470E-04   8.054605E-04
   936  -1.629554E-04  -2.459658E-04   4.816414E-04
   937  -5.715403E-04  -3.368198E-04   2.411563E-03
   938  -2.418009E-04  -3.872776E-04   6.817695E-04
   939  -3.274497E-04  -6.402305E-04   8.505187E-04
   940  -3.892124E-04  -8.370535E-04   1.023345E-03
   941  -3.487076E-04  -5.886986E-04   8.790949E-04
   942  -2.193485E-04  -4.832236E-04   5.782475E-04
   943  -2.101658E-04  -4.014348E-04   4.952847E-04
   944  -1.069189E-04  -2.246554E-04   3.178956E-04
   945  -1.276546E-04  -2.408654E-04   3.443918E-04
   946  -5.788765E-04  -2.634985E-04   1.455683E-03
   947  -2.594075E-04  -3.289962E-05   1.103862E-03
   948  -3.625008E-04  -6.853729E-04   8.176711E-04
   949  -3.884689E-04  -3.429485E-04   8.690579E-04
   950  -7.374836E-04  -2.568463E-04   1.831499E-03
   951  -1.617865E-04  -2.816148E-04   3.783004E-04
   952  -1.502351E-03  -1.326868E-03   3.386216E-03
   953  -1.616249E-04  -2.801156E-04   3.770410E-04
   954  -3.133507E-04  -5.111855E-04   7.372957E-04
   955  -3.697839E-04  -3.290097E-04   9.629789E-04
   956  -4.346921E-04  -2.491903E-05   9.429331E-04
   957  -2.931307E-04  -2.086621E-04   6.485193E-04
   958  -4.147382E-04  -1.507455E-04   8.452545E-04
   959  -1.345678E-03  -5.997777E-04   2.214500E-03
   960  -7.275396E-04  -1.931477E-04   1.275639E-03
   961  -2.727041E-03  -2.480262E-03   4.096707E-03
   962  -1.428465E-04  -5.547854E-06   2.913253E-04
   963  -9.439981E-04  -2.796568E-04   1.719487E-03
   964  -4.126256E-04  -4.392797E-06   7.594335E-04
   965  -1.460938E-03  -2.502708E-04   2.272066E-03
   966  -4.797439E-03  -2.540994E-03   5.591420E-03
   967  -2.848325E-03  -6.702924E-04   4.080695E-03
   968  -3.352111E-03  -1.733490E-03   5.112523E-03
   969  -8.142583E-03  -4.340509E-03   8.511411E-03
   970   0.000000E+00  -9.238011E-05   3.356157E-03
   971   0.000000E+00   8.380637E-06   1.710391E-03
   972   0.000000E+00   1.239942E-04   1.562812E-03
   973   0.000000E+00   2.438086E-05   1.091409E-03
   974   0.000000E+00  -2.410212E-05   1.921340E-03
   975   0.000000E+00   5.203255E-05   5.533008E-04
   976   0.000000E+00   5.177602E-05   1.112734E-03
   977   0.000000E+00   5.977053E-05   1.114953E-03
   978   0.000000E+00   1.182711E-04   7.554883E-04
   979   0.000000E+00   5.277054E-05   1.068702E-03
   980   0.000000E+00   1.107918E-04   4.129259E-04
   981   0.000000E+00   2.906207E-04   3.906674E-03
   982   0.000000E+00   1.122948E-04   1.526019E-03
   983   0.000000E+00  -1.078096E-04   3.193341E-03
   984   0.000000E+00   6.811024E-06   3.855424E-03
   985   0.000000E+00   7.797186E-05   7.909465E-04
   986   0.000000E+00   1.417022E-04   2.962068E-03
   987   0.000000E+00   5.971825E-06   4.606920E-04
   988   0.000000E+00   6.845132E-05   1.233320E-03
   989   0.000000E+00   9.864085E-05   1.228801E-03
   990   0.000000E+00   1.337779E-04   1.166299E-03
   991   0.000000E+00   6.827222E-05   3.070538E-03
   992   0.000000E+00  -3.666595E-05   6.284562E-04
   993   0.000000E+00   5.172647E-05   2.150479E-03
   994   0.000000E+00   5.787014E-05   2.210834E-03
   995   0.000000E+00   6.156821E-04   3.108734E-03
   996   0.000000E+00   2.136436E-04   9.996354E-04
   997   0.000000E+00   1.354817E-04   3.783004E-04
   998   0.000000E+00   9.662405E-05   4.700445E-04
   999   0.000000E+00   8.395362E-05   1.043096E-03
  1000   0.000000E+00   3.628527E-05   5.782475E-04
  1001   0.000000E+00   5.799952E-04   3.103364E-03
  1002   0.000000E+00  -1.001956E-04   1.944830E-03
  1003   0.000000E+00   2.034976E-04   9.880773E-04
  1004   0.000000E+00   2.991642E-04   3.788876E-03
  1005   0.000000E+00   1.130437E-04   3.977377E-04
  1006   0.000000E+00   2.266547E-03   3.921552E-03
  1007   0.000000E+00   7.642772E-06   1.562754E-03
  1008   0.000000E+00   2.954991E-04   8.176711E-04
  1009   0.000000E+00   3.831644E-03   3.820939E-03
  1010   0.000000E+00   8.139257E-04   2.997542E-03
  1011   0.000000E+00   2.675822E-04   1.927438E-03
  1012   0.000000E+00   2.183709E-03   4.051989E-03
  1013   0.000000E+00  -1.618562E-05   9.040057E-04
  1014   0.000000E+00   1.294290E-04   3.770410E-04
  1015   0.000000E+00   1.031614E-04   4.952847E-04
  1016   0.000000E+00   1.809736E-04   1.001370E-03
  1017   0.000000E+00  -1.637672E-05   1.423667E-03
  1018   0.000000E+00   1.133660E-04   3.707500E-04
  1019   0.000000E+00   6.128426E-05   5.083449E-04
  1020   0.000000E+00   8.907251E-04   2.617673E-03
  1021   0.000000E+00  -4.571816E-05   1.155244E-03
  1022   0.000000E+00   6.540372E-05   3.443918E-04
  1023   0.000000E+00   6.872285E-05   7.758961E-04
  1024   0.000000E+00   1.830706E-05   4.816414E-04
  1025   0.000000E+00  -2.509870E-05   7.231388E-04
  1026   0.000000E+00  -1.788222E-05   1.186938E-03
  1027   0.000000E+00   7.326583E-07   2.200248E-03
  1028   0.000000E+00   4.027079E-05   1.622309E-03
  1029   0.000000E+00   7.822410E-06   3.026959E-04
  1030   0.000000E+00   3.326268E-06   4.209334E-04
  1031   0.000000E+00  -1.480177E-06   6.262859E-04
  1032   0.000000E+00  -6.913567E-05   3.877870E-03
  1033   0.000000E+00   3.390943E-05   1.008569E-03
  1034   0.000000E+00   2.256116E-06   9.724370E-04
  1035   0.000000E+00   2.173091E-04   4.868647E-03
  1036   0.000000E+00  -4.091528E-04   8.743249E-03
  1037   0.000000E+00  -3.649552E-04   3.862968E-03
  1038   0.000000E+00  -6.482819E-06   4.935210E-04
  1039   0.000000E+00   3.232520E-04   1.824502E-03
  1040   0.000000E+00   4.036667E-05   7.420759E-04
  1041   0.000000E+00   1.610093E-04   2.806678E-03
  1042   0.000000E+00   5.600025E-05   1.235597E-03
  1043   0.000000E+00   1.346602E-04   1.166299E-03
  1044   0.000000E+00   2.543491E-04   1.627592E-03
  1045   0.000000E+00  -1.645997E-05   3.855424E-03
  1046   0.000000E+00   4.724983E-03   4.016324E-03
  1047   0.000000E+00   1.140630E-03   2.741568E-03
  1048   0.000000E+00   2.570874E-05   4.400057E-04
  1049   0.000000E+00  -1.117880E-06   3.690843E-04
  1050   0.000000E+00   2.037962E-05   6.494551E-04
  1051   0.000000E+00   4.418882E-06   5.147159E-04
  1052   0.000000E+00   2.146331E-04   1.763009E-03
  1053   0.000000E+00   5.364453E-05   7.186043E-04
  1054   0.000000E+00   3.321603E-04   1.425632E-03
  1055   0.000000E+00  -1.298633E-05   3.559840E-04
  1056   0.000000E+00   1.014134E-04   4.065005E-03
  1057   0.000000E+00   9.767216E-05   9.554504E-04
  1058   0.000000E+00  -1.227114E-04   3.193341E-03
  1059   0.000000E+00  -7.055254E-07   4.606920E-04
  1060   0.000000E+00   2.071520E-05   2.200248E-03
  1061   0.000000E+00   1.138134E-07   4.566274E-04
  1062   0.000000E+00   6.606874E-05   1.114953E-03
  1063   0.000000E+00   3.214134E-05   5.705688E-04
  1064   0.000000E+00   1.714016E-04   9.131856E-04
  1065   0.000000E+00  -1.011122E-04   3.116122E-03
  1066   0.000000E+00   2.898283E-05   3.103884E-04
  1067   0.000000E+00   4.066707E-07   3.690843E-04
  1068   0.000000E+00  -9.071927E-06   1.186938E-03
  1069   0.000000E+00   2.096357E-05   1.091409E-03
  1070   0.000000E+00   2.621772E-05   1.322998E-03
  1071   0.000000E+00   1.201737E-05   1.395279E-03
  1072   0.000000E+00   1.879240E-05   3.694686E-04
  1073   0.000000E+00  -2.210036E-04   2.956479E-03
  1074   0.000000E+00   1.030492E-04   8.307497E-04
  1075   0.000000E+00  -1.048137E-05   6.262859E-04
  1076   0.000000E+00   1.168468E-05   4.172170E-04
  1077   0.000000E+00   5.415884E-05   1.676664E-03
  1078   0.000000E+00   3.316143E-06   4.798776E-04
  1079   0.000000E+00  -1.663057E-05   7.231388E-04
  1080   0.000000E+00  -9.693301E-06   9.664194E-04
  1081   0.000000E+00   1.165689E-05   7.965155E-04
  1082   0.000000E+00  -1.721088E-05   7.418970E-04
  1083   0.000000E+00   2.037950E-05   4.412219E-04
  1084   0.000000E+00   4.578942E-06   7.236293E-04
  1085   0.000000E+00   1.229490E-04   1.457773E-03
  1086   0.000000E+00   4.818368E-05   6.301204E-04
  1087   0.000000E+00   1.960126E-05   8.054605E-04
  1088   0.000000E+00   1.691414E-05   4.816414E-04
  1089   0.000000E+00   2.527759E-04   2.411563E-03
  1090   0.000000E+00   2.719105E-05   6.817695E-04
  1091   0.000000E+00   1.870744E-04   8.505187E-04
  1092   0.000000E+00   1.335924E-04   1.023345E-03
  1093   0.000000E+00   1.705319E-04   8.790949E-04
  1094   0.000000E+00   3.615694E-05   5.782475E-04
  1095   0.000000E+00   9.460642E-05   4.952847E-04
  1096   0.000000E+00   5.321241E-05   3.178956E-04
  1097   0.000000E+00   6.882107E-05   3.443918E-04
  1098   0.000000E+00   1.392511E-04   1.455683E-03
  1099   0.000000E+00   5.512829E-05   1.103862E-03
  1100   0.000000E+00   2.904279E-04   8.176711E-04
  1101   0.000000E+00   2.318110E-04   8.690579E-04
  1102   0.000000E+00   1.867258E-04   1.831499E-03
  1103   0.000000E+00   1.383592E-04   3.783004E-04
  1104   0.000000E+00   8.732993E-04   3.386216E-03
  1105   0.000000E+00   1.325334E-04   3.770410E-04
  1106   0.000000E+00   2.101356E-04   7.372957E-04
  1107   0.000000E+00   1.836519E-04   9.629789E-04
  1108   0.000000E+00   1.166811E-05   9.429331E-04
  1109   0.000000E+00   1.316207E-04   6.485193E-04
  1110   0.000000E+00   1.412727E-04   8.452545E-04
  1111   0.000000E+00   4.723354E-05   2.214500E-03
  1112   0.000000E+00  -1.744216E-05   1.275639E-03
  1113   0.000000E+00   1.280860E-03   4.096707E-03
  1114   0.000000E+00   7.935310E-06   2.913253E-04
  1115   0.000000E+00   7.888742E-05   1.719487E-03
  1116   0.000000E+00  -6.491251E-05   7.594335E-04
  1117   0.000000E+00   1.806513E-05   2.272066E-03
  1118   0.000000E+00   3.090524E-03   5.591420E-03
  1119   0.000000E+00   8.121558E-04   4.080695E-03
  1120   0.000000E+00   2.527157E-03   5.112523E-03
  1121   0.000000E+00   5.892373E-03   8.511411E-03
