 smom1,sph1,sth1,slr1
          16           6           6          10
 phi boundaries
  0.00000E+00  2.61799E-01  5.23599E-01  7.85398E-01  1.04720E+00  1.30900E+00  1.57080E+00
 theta boundaries
  0.00000E+00  2.61799E-01  5.23599E-01  7.85398E-01  1.04720E+00  1.30900E+00  1.57080E+00
 radius boundaries in arcsec
  0.00000E+00  1.19639E+00  1.80726E+00  2.73003E+00  4.12397E+00  6.22963E+00  9.41044E+00  1.42153E+01  2.14736E+01  3.24379E+01  9.80009E+03
                                                                              phi,theta,r,mgemass,fitmass,errmass,x,y,z 
                                           (in arcsec),vx,vy,vz,xv2,vy2,vz2,vxvy,vyvz,vzvx,orbit long, orbit short,boxes
       1       1       1  4.16407E-04  4.31219E-04  4.16407E-06  9.90659E-02  1.42115E-02  5.36636E-01 -4.21343E+00  1.46326E+01 -1.04617E+00  3.65397E+04  2.26091E+04  8.12968E+04  2.38786E+03  9.72703E+02  1.63539E+04  7.08129E-05  9.93941E-06  3.50467E-04
       1       1       2  1.19032E-04  1.10759E-04  1.19032E-06  2.68589E-01  4.11481E-02  1.47801E+00  2.14909E-02  9.72355E+01  1.52550E+01  3.89217E+04  5.16641E+04  6.31218E+04  8.63804E+02  4.03277E+03  1.05726E+04  4.70641E-05  1.30782E-06  6.23873E-05
       1       1       3  2.05573E-04  2.09706E-04  2.05573E-06  4.53156E-01  7.41686E-02  2.23878E+00  9.04256E-01  2.29587E+01 -2.50844E+00  1.79986E+04  1.54321E+04  2.32255E+04 -1.61877E+03  1.84720E+03  4.04992E+03  5.87428E-05  0.00000E+00  1.50963E-04
       1       1       4  2.86040E-04  1.70655E-04  2.86040E-06  5.58681E-01  7.64600E-02  3.56225E+00  1.68025E+01  3.58296E+01  6.14570E+00  5.43021E+04  6.31894E+04  2.67678E+04  1.50687E+03 -2.15056E+03  5.89189E+03  1.29848E-04  0.00000E+00  4.08079E-05
       1       1       5  2.57639E-04  3.29542E-04  2.57639E-06  8.60508E-01  1.18858E-01  5.22361E+00  1.79339E-01  2.54509E+01 -2.23757E+00  1.29754E+04  2.63996E+04  2.23843E+04 -2.80331E+00 -1.01862E+03  2.00592E+03  2.72314E-04  0.00000E+00  5.72275E-05
       1       1       6  1.98878E-04  2.18081E-04  1.98878E-06  1.07811E+00  1.41892E-01  6.71966E+00  4.05579E-01  1.08270E+01 -1.34647E+01  5.81679E+03  1.11745E+04  1.22706E+04  1.21317E+02 -1.89503E+02  1.83715E+03  1.20549E-04  0.00000E+00  9.75316E-05
       1       1       7  2.09532E-04  1.74307E-04  2.09532E-06  1.91826E+00  2.70468E-01  1.24503E+01 -2.40215E+00 -2.23009E+02  6.93440E+00  1.98165E+04  5.55096E+04  1.72263E+04  5.21978E+02 -1.99351E+03  1.74330E+03  1.59138E-04  0.00000E+00  1.51691E-05
       1       1       8  3.49627E-04  3.51742E-04  3.49627E-06  2.89072E+00  3.98948E-01  1.80364E+01  2.89973E+00 -1.48457E+02  1.13784E+01  9.38283E+03  2.49471E+04  1.49690E+04 -1.95524E+01 -5.62566E+02  1.32160E+03  3.21239E-04  0.00000E+00  3.05033E-05
       1       1       9  3.44224E-04  2.11295E-04  3.44224E-06  4.17898E+00  5.60915E-01  2.28203E+01  5.24841E+00 -8.82745E+01  1.29827E+01  4.48656E+03  1.17916E+04  1.04034E+04  5.06020E+01 -7.62917E+01  2.11953E+03  1.41785E-04  0.00000E+00  6.95095E-05
       1       1      10  1.56138E-04  1.48420E-04  1.56138E-06  1.31606E+01  1.98590E+00  7.26832E+01  4.95926E-01 -3.71346E+01  1.00615E+01  2.93107E+03  8.47710E+03  2.97719E+04  6.12088E+02  6.33416E+02  5.48093E+03  2.42592E-05  0.00000E+00  1.24160E-04
       1       2       1  1.25935E-03  1.21173E-03  1.25935E-05  2.33977E-01  3.16662E-02  5.55521E-01 -1.95995E+00  2.29060E+01 -4.43908E+00  3.04584E+04  2.05567E+04  5.03195E+04  2.12283E+03  2.44331E+03  1.22617E+04  1.13662E-06  2.49459E-04  9.61130E-04
       1       2       2  3.63494E-04  2.76703E-04  3.63494E-06  5.48150E-01  7.11350E-02  1.40389E+00  1.17206E+01  2.24046E+00 -3.88000E+00  5.23759E+04  1.23366E+04  9.75363E+04  4.99595E+03 -1.20962E+02  2.96607E+04  0.00000E+00  1.38629E-05  2.62841E-04
       1       2       3  6.26074E-04  6.73778E-04  6.26074E-06  8.21993E-01  1.05717E-01  2.10101E+00 -2.74449E+00 -4.75340E+00 -1.80209E+00  1.94626E+04  3.63395E+03  3.71547E+04  1.20539E+03  5.02232E+01  1.27490E+04  0.00000E+00  1.51707E-05  6.58607E-04
       1       2       4  8.95247E-04  2.54382E-04  8.95247E-06  1.35181E+00  1.80533E-01  3.11637E+00  2.18009E+01 -4.94812E+01 -4.57399E+00  8.42970E+04  2.73507E+04  1.10357E+05  8.53025E+03  6.77505E+03  5.15703E+04  0.00000E+00  5.16891E-05  2.02692E-04
       1       2       5  8.24017E-04  3.61086E-04  8.24017E-06  2.03281E+00  2.81198E-01  4.80525E+00 -8.15421E-01 -1.08938E+01 -1.30153E+01  1.78273E+04  3.54141E+03  8.02228E+04  2.62668E+03  5.21662E+03  2.92287E+04  0.00000E+00  5.05253E-05  3.10561E-04
       1       2       6  6.70259E-04  6.83426E-04  6.70259E-06  2.91006E+00  4.00977E-01  6.84506E+00  1.21905E+01 -2.55237E+00  2.28473E+01  7.36398E+03  1.04367E+03  3.50309E+04  8.41578E+02  2.00120E+03  1.30797E+04  0.00000E+00  1.01487E-04  5.81939E-04
       1       2       7  6.76016E-04  2.67995E-04  6.76016E-06  4.91355E+00  6.13225E-01  1.08098E+01  3.60649E+01  5.19412E+00  9.21074E+01  1.60899E+04  1.21216E+03  8.87317E+04  1.09076E+03  3.13997E+03  3.53622E+04  0.00000E+00  0.00000E+00  2.67995E-04
       1       2       8  1.12476E-03  5.57029E-04  1.12476E-05  7.33961E+00  8.34492E-01  1.64563E+01  1.53368E+01  4.41561E+00  2.94122E+01  8.02110E+03  7.65106E+02  4.65538E+04  1.17422E+03  3.18638E+03  1.80940E+04  0.00000E+00  0.00000E+00  5.57029E-04
       1       2       9  1.18480E-03  1.08393E-03  1.18480E-05  1.00111E+01  1.48482E+00  2.33326E+01  4.05633E-01  1.85869E+00  2.36604E+00  2.00886E+03  3.40621E+02  1.26465E+04  3.78210E+02  1.02050E+03  4.52578E+03  0.00000E+00  0.00000E+00  1.08393E-03
       1       2      10  5.28207E-04  5.75822E-04  5.28207E-06  2.96069E+01  3.82728E+00  7.03462E+01 -4.91700E+00 -5.87940E-01 -9.01370E+00  5.48671E+03  1.57779E+02  3.09668E+04  7.15221E+02  1.58999E+03  1.27316E+04  0.00000E+00  0.00000E+00  5.75822E-04
       1       3       1  2.11671E-03  2.24124E-03  2.11671E-05  3.64974E-01  4.83063E-02  4.93290E-01 -7.52318E+00  8.49782E+01  8.22271E-01  2.55720E+04  3.98982E+04  3.30220E+04 -3.20279E+03  6.02137E+02  2.08023E+03  0.00000E+00  1.68295E-03  5.58281E-04
       1       3       2  6.23654E-04  5.75821E-04  6.23654E-06  9.15912E-01  1.19013E-01  1.19604E+00  4.05250E+00  3.92764E+01 -9.76889E-01  5.16522E+04  2.77290E+04  4.32758E+04  3.02110E+03  1.39671E+03  1.04920E+04  0.00000E+00  3.82071E-04  1.93750E-04
       1       3       3  1.06518E-03  1.13539E-03  1.06518E-05  1.31654E+00  1.84331E-01  1.74373E+00 -2.26818E+00  1.15980E+00 -4.78820E+00  1.97769E+04  1.20222E+04  2.11592E+04  1.01557E+03  4.07194E+02  6.24391E+03  0.00000E+00  6.44294E-04  4.91096E-04
       1       3       4  1.60372E-03  8.71884E-04  1.60372E-05  2.00525E+00  2.61297E-01  2.81594E+00  3.13709E+01 -2.22202E+02  2.41587E+00  3.88179E+04  8.24197E+04  3.72078E+04 -5.01214E+03  7.95779E+02  1.09617E+04  0.00000E+00  7.27940E-04  1.43944E-04
       1       3       5  1.54585E-03  1.21470E-03  1.54585E-05  3.28590E+00  4.32056E-01  4.05877E+00  1.67605E+01 -1.10627E+02  1.97693E+00  3.55473E+04  2.39705E+04  3.27712E+04  1.38645E+03  2.17210E+03  1.28574E+04  0.00000E+00  9.53158E-04  2.61540E-04
       1       3       6  1.39967E-03  1.66620E-03  1.39967E-05  4.20639E+00  5.58330E-01  5.66344E+00  1.07091E+01 -7.36522E+01  3.97955E+00  1.09584E+04  1.30602E+04  2.04286E+04 -8.62036E+01  1.20311E+03  9.02209E+03  0.00000E+00  1.18456E-03  4.81637E-04
       1       3       7  1.35090E-03  1.06114E-03  1.35090E-05  7.19725E+00  9.37415E-01  9.86492E+00  2.74124E+01 -1.70680E+02  1.88224E+00  2.18163E+04  4.32371E+04  3.46677E+04 -3.30586E+03  1.87307E+03  1.37658E+04  0.00000E+00  7.64098E-04  2.97039E-04
       1       3       8  2.12236E-03  2.10537E-03  2.12236E-05  1.08480E+01  1.46761E+00  1.44820E+01  1.46584E+01 -1.04390E+02 -3.51951E-02  1.35538E+04  1.83771E+04  2.12442E+04 -8.40512E+02  1.18177E+03  8.91751E+03  0.00000E+00  1.38467E-03  7.20699E-04
       1       3       9  2.57483E-03  3.00521E-03  2.57483E-05  1.48145E+01  2.07552E+00  1.98924E+01  8.93956E+00 -3.17143E+01  1.21521E+00  4.73595E+03  4.43759E+03  8.11823E+03 -3.14265E+01  5.88732E+02  4.38329E+03  0.00000E+00  1.01472E-03  1.99049E-03
       1       3      10  1.25087E-03  1.33824E-03  1.25087E-05  4.35718E+01  5.27784E+00  5.74912E+01  1.02556E+01 -5.20038E+01  2.49267E+00  1.25396E+04  1.17618E+04  1.97185E+04 -3.93310E+02  1.54735E+03  1.35338E+04  0.00000E+00  3.18920E-04  1.01932E-03
       1       4       1  2.94563E-03  3.27797E-03  2.94563E-05  4.86808E-01  6.42865E-02  3.45956E-01  1.20120E+01 -1.02678E+02  1.11359E+00  2.70732E+04  5.11550E+04  2.53956E+04 -3.92367E+03  3.43133E+02  9.09007E+02  0.00000E+00  2.84682E-03  4.31152E-04
       1       4       2  8.94725E-04  8.92940E-04  8.94725E-06  1.22211E+00  1.54840E-01  8.69703E-01 -7.23809E+00 -1.07622E+01 -2.57812E+00  5.41773E+04  3.80505E+04  2.75227E+04  2.80110E+03 -5.39602E+01  5.02903E+03  0.00000E+00  7.61130E-04  1.31810E-04
       1       4       3  1.50347E-03  1.49805E-03  1.50347E-05  1.77466E+00  2.21458E-01  1.26054E+00 -1.73810E+00 -3.42351E+01  1.37902E+00  2.49564E+04  1.96555E+04  1.43813E+04  2.16938E+02 -4.49056E+02  2.53801E+03  0.00000E+00  1.09224E-03  4.05805E-04
       1       4       4  2.41818E-03  1.54525E-03  2.41818E-05  2.82682E+00  3.56883E-01  2.02196E+00  1.74446E+01 -1.16889E+02 -1.07233E+00  3.68235E+04  9.36972E+04  2.52250E+04 -7.15529E+03 -2.23730E+02  5.24209E+03  0.00000E+00  1.40544E-03  1.39807E-04
       1       4       5  2.49549E-03  2.68441E-03  2.49549E-05  4.19409E+00  5.45758E-01  3.00186E+00  1.48849E+01 -8.95071E+01  4.95409E+00  3.39764E+04  3.24619E+04  2.11962E+04  4.70345E+02  6.88177E+02  4.68168E+03  0.00000E+00  2.43510E-03  2.49308E-04
       1       4       6  2.61597E-03  2.83046E-03  2.61597E-05  5.92814E+00  7.76287E-01  3.96576E+00  7.86778E+00 -4.32656E+01  2.92899E+00  1.82311E+04  1.58387E+04  9.07345E+03  2.73382E+02  1.11408E+03  5.90430E+03  0.00000E+00  2.44032E-03  3.90149E-04
       1       4       7  2.66355E-03  2.38376E-03  2.66355E-05  9.75171E+00  1.30411E+00  6.88164E+00  3.02049E+01 -2.03708E+02  1.11267E+00  3.20782E+04  6.15928E+04  2.31662E+04 -2.61984E+03  1.55223E+03  1.04153E+04  0.00000E+00  1.86146E-03  5.22297E-04
       1       4       8  3.49583E-03  4.08331E-03  3.49583E-05  1.46813E+01  1.99415E+00  1.02823E+01  1.64910E+01 -1.19016E+02  3.26639E+00  2.30549E+04  2.21767E+04  1.54845E+04  5.39703E+02  8.50683E+02  6.74769E+03  0.00000E+00  3.12200E-03  9.61309E-04
       1       4       9  5.04464E-03  5.44748E-03  5.04464E-05  2.04087E+01  2.86069E+00  1.42183E+01  9.89230E+00 -5.77204E+01  1.16182E+00  1.02602E+04  7.64902E+03  6.00195E+03  3.39721E+02  4.21744E+02  2.72462E+03  0.00000E+00  3.30238E-03  2.14510E-03
       1       4      10  3.43064E-03  3.64053E-03  3.43064E-05  5.89087E+01  8.10415E+00  4.00435E+01  2.26050E+01 -7.29079E+01 -2.09031E+00  2.45724E+04  1.03372E+04  1.15545E+04  1.05479E+03  8.63180E+02  4.12097E+03  0.00000E+00  2.85412E-03  7.86413E-04
       1       5       1  3.63743E-03  3.40658E-03  3.63743E-05  5.33021E-01  7.11845E-02  2.29636E-01  1.35996E+01 -1.17406E+02  5.89068E-01  2.43829E+04  4.57914E+04  3.27254E+04 -2.38841E+03 -1.10061E+02 -1.46099E+02  0.00000E+00  3.04066E-03  3.65919E-04
       1       5       2  1.14184E-03  1.07632E-03  1.14184E-05  1.38681E+00  1.88029E-01  5.96868E-01  4.15880E+00 -3.57590E+01 -2.89038E+00  6.59276E+04  3.35855E+04  2.93666E+04  3.81908E+03 -6.67722E+02  4.04936E+03  0.00000E+00  9.10680E-04  1.65640E-04
       1       5       3  1.87990E-03  2.00257E-03  1.87990E-05  1.99987E+00  2.76396E-01  8.57725E-01  4.29311E+00 -5.12250E+01  9.77440E-01  4.43353E+04  1.87100E+04  1.74241E+04  3.74719E+03 -3.55010E+02  2.76222E+03  0.00000E+00  1.62498E-03  3.77594E-04
       1       5       4  3.21868E-03  1.93720E-03  3.21868E-05  3.13976E+00  4.24366E-01  1.33576E+00  1.21869E+01 -9.82979E+01 -7.15153E-01  5.54840E+04  5.65511E+04  4.19690E+04 -3.17381E+01  6.12388E+02  1.90530E+03  0.00000E+00  1.75369E-03  1.83515E-04
       1       5       5  3.57393E-03  3.54959E-03  3.57393E-05  4.80368E+00  6.44392E-01  2.07031E+00  5.14126E+00 -6.82939E+01  1.05184E+00  3.98417E+04  2.69202E+04  2.11520E+04  2.44932E+03  1.51698E+03  2.68405E+03  0.00000E+00  3.26457E-03  2.85020E-04
       1       5       6  4.31624E-03  4.37972E-03  4.31624E-05  6.64746E+00  8.89759E-01  2.82415E+00  9.29222E+00 -5.14877E+01 -1.48725E+00  3.00751E+04  1.46052E+04  1.24633E+04  2.18949E+03  4.25729E+02  5.74281E+03  0.00000E+00  3.68550E-03  6.94218E-04
       1       5       7  5.26786E-03  3.09505E-03  5.26786E-05  1.08826E+01  1.47557E+00  4.61301E+00  1.73409E+01 -1.46091E+02 -1.29137E+00  4.77944E+04  3.67839E+04  2.81396E+04  1.32355E+03  1.44764E+03  1.08749E+04  0.00000E+00  2.16987E-03  9.25179E-04
       1       5       8  5.61569E-03  5.97522E-03  5.61569E-05  1.64927E+01  2.23551E+00  7.04975E+00  9.49363E+00 -8.91750E+01 -1.89494E+00  3.13745E+04  1.53877E+04  1.35909E+04  2.71426E+03  1.18410E+03  6.89772E+03  0.00000E+00  3.88947E-03  2.08575E-03
       1       5       9  8.66717E-03  1.01388E-02  8.66717E-05  2.33734E+01  3.29025E+00  9.78440E+00  5.22259E+00 -3.61116E+01 -1.57889E-01  1.07625E+04  4.42065E+03  4.16091E+03  9.50815E+02  3.11478E+02  2.31154E+03  0.00000E+00  4.41346E-03  5.72533E-03
       1       5      10  9.79726E-03  5.58582E-03  9.79726E-05  6.73452E+01  9.00913E+00  2.99007E+01  9.48771E+00 -6.11512E+01 -5.24122E-01  2.61076E+04  7.71661E+03  7.80706E+03  2.36306E+03  3.26531E+02  2.66111E+03  0.00000E+00  4.21918E-03  1.36664E-03
       1       6       1  4.04102E-03  4.07202E-03  4.04102E-05  5.58109E-01  7.46001E-02  7.45260E-02  1.51647E+01 -1.39994E+02  7.60512E-01  2.47838E+04  4.49302E+04  2.98165E+04 -2.13671E+03 -1.72983E+01  4.40349E+02  0.00000E+00  3.68529E-03  3.86736E-04
       1       6       2  1.29680E-03  1.25385E-03  1.29680E-05  1.48253E+00  1.93788E-01  2.00041E-01  1.55147E+01 -1.05361E+02 -1.83218E+00  5.79315E+04  4.28892E+04  2.41164E+04  1.19458E+03 -2.24476E+02  4.98722E+02  0.00000E+00  1.06033E-03  1.93523E-04
       1       6       3  2.10390E-03  2.16843E-03  2.10390E-05  2.18522E+00  3.04852E-01  2.82620E-01  3.37292E+00 -3.73652E+01  1.08730E+00  3.77697E+04  1.26371E+04  1.60407E+04  3.87974E+03  3.35316E+02  1.26231E+03  0.00000E+00  1.56575E-03  6.02674E-04
       1       6       4  3.74235E-03  2.83056E-03  3.74235E-05  3.37752E+00  4.45288E-01  4.62072E-01  1.24462E+01 -1.11331E+02  9.07155E-01  4.55997E+04  7.84090E+04  3.24960E+04 -3.69343E+03 -1.23620E+02  9.22469E+02  0.00000E+00  2.54387E-03  2.86698E-04
       1       6       5  4.36246E-03  4.78606E-03  4.36246E-05  5.15377E+00  6.76254E-01  6.70296E-01  8.44912E+00 -6.49785E+01  5.88485E-01  4.11564E+04  3.67419E+04  1.33444E+04  8.28723E+02  5.22238E+02  2.20120E+03  0.00000E+00  4.24251E-03  5.43550E-04
       1       6       6  5.74108E-03  6.35531E-03  5.74108E-05  7.08933E+00  9.45739E-01  9.17983E-01  6.91876E+00 -6.37687E+01  6.19124E-01  2.67079E+04  2.25936E+04  9.61416E+03  9.93448E+02 -2.02173E+02  2.95907E+03  0.00000E+00  5.34894E-03  1.00636E-03
       1       6       7  8.25595E-03  5.95867E-03  8.25595E-05  1.17240E+01  1.57769E+00  1.59347E+00  2.95243E+01 -2.16105E+02 -2.84124E+00  4.12014E+04  6.60795E+04  1.53959E+04 -3.01923E+03  1.15438E+03  3.42766E+03  0.00000E+00  4.69344E-03  1.26523E-03
       1       6       8  8.35156E-03  1.01422E-02  8.35156E-05  1.77311E+01  2.39833E+00  2.35945E+00  1.93064E+01 -1.34128E+02  4.85219E-02  3.26806E+04  2.73166E+04  7.59967E+03  7.84383E+02  4.43458E+02  2.13112E+03  0.00000E+00  7.69743E-03  2.44478E-03
       1       6       9  1.18917E-02  1.37950E-02  1.18917E-04  2.46335E+01  3.32926E+00  3.34537E+00  9.24978E+00 -6.76342E+01  9.86691E-01  1.67832E+04  1.04069E+04  3.10768E+03  8.99692E+02 -2.98845E+01  1.07363E+03  0.00000E+00  7.69003E-03  6.10496E-03
       1       6      10  1.97298E-02  2.30142E-02  1.97298E-04  6.95098E+01  9.30429E+00  9.59032E+00  1.25146E+01 -1.13786E+02  5.62551E-01  2.44451E+04  2.22055E+04  2.13944E+03  5.52819E+02  5.97278E+01  1.05031E+03  0.00000E+00  2.01038E-02  2.91035E-03
       2       1       1  4.16379E-04  4.03559E-04  4.16379E-06  9.09135E-02  3.64872E-02  5.30189E-01  2.96657E-01  1.67394E+01  1.71801E-01  4.20341E+04  2.91166E+04  7.96329E+04  5.35173E+03  2.82542E+03  1.29509E+04  8.88250E-05  8.10846E-06  3.06626E-04
       2       1       2  1.19023E-04  1.27167E-04  1.19023E-06  2.69684E-01  1.09973E-01  1.47053E+00  1.23615E+01  1.09609E+02 -2.77540E+01  4.56572E+04  4.50230E+04  5.34527E+04  1.17917E+03  2.07715E+03  3.60667E+03  6.50373E-05  7.84690E-07  6.13448E-05
       2       1       3  2.05560E-04  2.02351E-04  2.05560E-06  4.25601E-01  1.72413E-01  2.21779E+00 -4.80201E+00  1.90437E+01 -2.00740E+01  3.19634E+04  1.78069E+04  3.68189E+04 -3.65947E+03 -5.18246E+02  3.17712E+03  7.34083E-05  0.00000E+00  1.28942E-04
       2       1       4  2.86012E-04  2.28201E-04  2.86012E-06  5.99033E-01  2.56052E-01  3.54345E+00  3.55662E+00  2.60892E+01  4.66077E-01  4.66494E+04  6.63485E+04  2.57600E+04  4.89470E+02 -9.19041E+03  1.56124E+03  1.88295E-04  0.00000E+00  3.99056E-05
       2       1       5  2.57614E-04  4.01071E-04  2.57614E-06  8.97927E-01  3.73411E-01  5.19001E+00  8.48309E-01  2.74928E+01  9.20602E+00  1.65298E+04  2.67588E+04  2.04903E+04 -2.30796E+02 -2.14414E+03  1.23686E+03  3.66296E-04  0.00000E+00  3.47747E-05
       2       1       6  1.98857E-04  2.67262E-04  1.98857E-06  1.25397E+00  5.22904E-01  6.73756E+00  4.93138E-01  1.23971E+01  1.12809E+01  6.54057E+03  1.07167E+04  1.15783E+04  4.51385E+02 -5.81425E+02  1.34815E+03  1.50105E-04  0.00000E+00  1.17157E-04
       2       1       7  2.09518E-04  2.42651E-04  2.09518E-06  2.07797E+00  9.03206E-01  1.23451E+01  6.00734E+00 -2.15120E+02  4.42269E+01  2.14651E+04  5.23649E+04  1.82048E+04 -1.01339E+03 -7.57049E+03  1.45361E+03  2.21777E-04  0.00000E+00  2.08739E-05
       2       1       8  3.49602E-04  4.75150E-04  3.49602E-06  3.11621E+00  1.31387E+00  1.78579E+01 -2.35887E+00 -1.41644E+02  2.07418E+01  9.93487E+03  2.34397E+04  1.60254E+04  5.45603E+02 -2.21909E+03  8.38118E+02  4.23662E-04  0.00000E+00  5.14875E-05
       2       1       9  3.44182E-04  3.16993E-04  3.44182E-06  4.09991E+00  1.80258E+00  2.29235E+01 -9.09786E-02 -7.99558E+01  1.21498E+01  4.42468E+03  1.04850E+04  8.31955E+03 -1.78288E+02 -7.46559E+02  8.93952E+02  1.98499E-04  0.00000E+00  1.18494E-04
       2       1      10  1.56123E-04  2.02928E-04  1.56123E-06  1.29513E+01  5.46089E+00  7.32144E+01 -6.79939E+00 -3.74340E+01 -2.22795E+01  2.81706E+03  7.95735E+03  2.87183E+04  7.65419E+02  1.24083E+03  4.90988E+03  3.13848E-05  0.00000E+00  1.71543E-04
       2       2       1  1.25893E-03  1.12549E-03  1.25893E-05  2.14050E-01  8.84873E-02  5.51456E-01 -1.36001E+01  2.95095E+01 -3.91036E+00  3.18398E+04  2.28072E+04  5.07584E+04  2.23210E+03  2.67707E+03  1.05422E+04  6.90579E-05  2.57905E-04  7.98530E-04
       2       2       2  3.63346E-04  2.36992E-04  3.63346E-06  4.95331E-01  2.05884E-01  1.39999E+00  1.33442E+01 -2.42866E-01 -6.62661E-01  5.58564E+04  2.19011E+04  9.28581E+04  9.88285E+03  1.23554E+04  2.53634E+04  6.96204E-06  1.43860E-05  2.15644E-04
       2       2       3  6.25883E-04  6.30145E-04  6.25883E-06  7.64706E-01  3.26395E-01  2.10656E+00  5.21736E+00  9.38788E-01  8.05746E-01  1.95630E+04  6.12691E+03  3.81367E+04  5.47822E+03  5.69383E+03  1.21083E+04  5.73505E-06  1.64785E-05  6.07931E-04
       2       2       4  8.94800E-04  2.25679E-04  8.94800E-06  1.19791E+00  4.95454E-01  3.20186E+00 -2.75202E+00 -5.62738E+01 -2.24192E+01  7.02677E+04  3.91457E+04  8.65190E+04  1.64600E+04  4.62814E+03  3.22256E+04  3.35412E-05  4.56208E-05  1.46517E-04
       2       2       5  8.23604E-04  3.74952E-04  8.23604E-06  1.75736E+00  7.66938E-01  4.88948E+00  5.93491E+00 -5.06819E+00 -1.96914E+00  2.06114E+04  1.14311E+04  6.27045E+04  3.77314E+03  5.97960E+03  2.22730E+04  1.13907E-04  5.47234E-05  2.06322E-04
       2       2       6  6.69877E-04  6.78614E-04  6.69877E-06  2.72913E+00  1.10997E+00  6.79535E+00  3.24190E+00 -3.32425E+00 -9.26514E+00  7.18364E+03  3.27483E+03  2.89550E+04  2.47444E+03  4.71434E+03  1.13143E+04  5.31345E-05  1.60600E-04  4.64880E-04
       2       2       7  6.75739E-04  2.32756E-04  6.75739E-06  4.42851E+00  1.89995E+00  1.09286E+01 -3.48681E+01 -2.92720E+01 -7.28672E+01  1.42583E+04  5.96192E+03  8.53517E+04  6.42721E+03  1.54715E+04  3.08351E+04  8.88802E-06  0.00000E+00  2.23868E-04
       2       2       8  1.12435E-03  5.30867E-04  1.12435E-05  6.39755E+00  2.70821E+00  1.67944E+01  4.02753E-01 -9.10064E+00  1.80412E+01  6.65003E+03  3.32043E+03  4.37724E+04  2.05126E+03  6.07477E+03  1.44454E+04  4.44401E-05  0.00000E+00  4.86427E-04
       2       2       9  1.18404E-03  1.31660E-03  1.18404E-05  8.98475E+00  3.76682E+00  2.35075E+01  1.71431E+00  3.13919E+00  9.71780E+00  1.67492E+03  6.84021E+02  1.05534E+04  4.58762E+02  1.42487E+03  3.67801E+03  2.11620E-05  0.00000E+00  1.29544E-03
       2       2      10  5.27854E-04  4.68093E-04  5.27854E-06  2.64120E+01  1.13876E+01  7.04435E+01 -9.58346E-01 -8.64714E-01 -2.71496E+00  4.63779E+03  9.65830E+02  3.17056E+04  2.04016E+03  5.21493E+03  1.17736E+04  0.00000E+00  0.00000E+00  4.68093E-04
       2       3       1  2.11500E-03  2.18854E-03  2.11500E-05  3.38598E-01  1.39358E-01  4.93200E-01 -4.04626E+01  8.23506E+01 -1.06499E+00  2.83597E+04  3.85489E+04  3.14381E+04 -5.54287E+03 -2.48413E+02  1.53163E+03  3.09446E-05  1.71071E-03  4.46889E-04
       2       3       2  6.22988E-04  5.55944E-04  6.22988E-06  8.48292E-01  3.53243E-01  1.19945E+00 -2.22977E+01  3.91747E+01 -1.68485E+00  5.16442E+04  3.25659E+04  4.63382E+04  8.69119E+03  3.92495E+03  9.09444E+03  0.00000E+00  3.72079E-04  1.83866E-04
       2       3       3  1.06439E-03  1.05062E-03  1.06439E-05  1.21687E+00  5.04105E-01  1.74210E+00 -1.93940E+00  2.73745E-01 -2.92845E+00  1.97420E+04  1.33074E+04  2.22628E+04  3.20379E+03  2.42405E+03  6.27351E+03  0.00000E+00  6.86281E-04  3.64335E-04
       2       3       4  1.60169E-03  9.06317E-04  1.60169E-05  1.87159E+00  7.77809E-01  2.81192E+00  8.88222E+01 -2.01383E+02  2.28236E+00  4.70213E+04  7.60032E+04  3.71435E+04 -1.53072E+04  3.55809E+03  8.64884E+03  0.00000E+00  7.43510E-04  1.62807E-04
       2       3       5  1.54371E-03  1.27175E-03  1.54371E-05  3.08331E+00  1.27680E+00  4.06014E+00  4.14604E+01 -1.00965E+02 -1.20641E+01  3.36056E+04  2.38734E+04  3.13521E+04  3.42166E+03  5.03697E+03  1.08311E+04  0.00000E+00  9.88752E-04  2.82998E-04
       2       3       6  1.39747E-03  1.84400E-03  1.39747E-05  3.90889E+00  1.61619E+00  5.71000E+00  2.42385E+01 -6.34565E+01 -2.13827E+00  1.09328E+04  1.16640E+04  1.92717E+04 -3.82333E+02  3.39776E+03  7.99335E+03  0.00000E+00  1.21860E-03  6.25392E-04
       2       3       7  1.34889E-03  1.15623E-03  1.34889E-05  6.72918E+00  2.76295E+00  9.81871E+00  7.71931E+01 -1.34970E+02  1.10181E+01  2.68199E+04  3.61558E+04  3.67981E+04 -6.89485E+03  6.40690E+03  1.49372E+04  0.00000E+00  7.67084E-04  3.89143E-04
       2       3       8  2.12036E-03  2.19639E-03  2.12036E-05  1.01140E+01  4.16742E+00  1.44674E+01  4.71855E+01 -8.87450E+01  2.44813E+00  1.50096E+04  1.65539E+04  2.11427E+04 -1.84174E+03  3.43194E+03  8.67177E+03  0.00000E+00  1.40044E-03  7.95943E-04
       2       3       9  2.57033E-03  2.87024E-03  2.57033E-05  1.40440E+01  5.83229E+00  1.97249E+01  1.42997E+01 -3.20506E+01 -2.71688E+00  4.70129E+03  4.40160E+03  7.45735E+03 -1.79969E+02  1.47498E+03  3.75402E+03  0.00000E+00  1.03479E-03  1.83545E-03
       2       3      10  1.24745E-03  1.30121E-03  1.24745E-05  3.95026E+01  1.61579E+01  5.88351E+01  2.62196E+01 -4.81598E+01  9.60412E-01  1.21860E+04  1.14176E+04  1.95687E+04 -1.06025E+03  4.79960E+03  1.18122E+04  0.00000E+00  3.19848E-04  9.81366E-04
       2       4       1  2.94153E-03  3.16596E-03  2.94153E-05  4.52131E-01  1.87647E-01  3.43799E-01  3.86183E+01 -1.00420E+02 -2.42729E+00  2.91921E+04  4.96422E+04  2.52370E+04 -1.00996E+04 -6.58303E+01  1.41260E+02  1.88296E-05  2.82544E-03  3.21689E-04
       2       4       2  8.92941E-04  8.65369E-04  8.92941E-06  1.13936E+00  4.79101E-01  8.61558E-01  8.06583E+00 -9.27396E+00  5.21445E-02  5.20551E+04  4.06856E+04  2.90453E+04  3.94167E+03  2.37443E+02  8.24268E+02  0.00000E+00  7.56332E-04  1.09037E-04
       2       4       3  1.50154E-03  1.35000E-03  1.50154E-05  1.64232E+00  6.86862E-01  1.24406E+00  1.70930E+01 -2.71085E+01  1.17219E+01  2.48890E+04  2.06375E+04  1.56416E+04  1.36156E+03  4.29951E+02  2.89570E+03  0.00000E+00  1.00215E-03  3.47852E-04
       2       4       4  2.41269E-03  1.59015E-03  2.41269E-05  2.62931E+00  1.09307E+00  2.01800E+00  4.54624E+01 -1.06093E+02  1.27407E+00  4.45307E+04  8.52282E+04  2.43247E+04 -2.12039E+04  2.34925E+03  4.75697E+03  0.00000E+00  1.43670E-03  1.53450E-04
       2       4       5  2.48869E-03  2.81099E-03  2.48869E-05  3.92280E+00  1.63061E+00  2.99763E+00  3.68846E+01 -7.87643E+01  1.41139E+00  3.27405E+04  3.31144E+04  2.09726E+04  1.17252E+03  1.37058E+03  3.87567E+03  0.00000E+00  2.52082E-03  2.90163E-04
       2       4       6  2.60804E-03  2.95332E-03  2.60804E-05  5.52349E+00  2.28757E+00  4.00525E+00  1.66196E+01 -4.18643E+01 -2.66245E+00  1.80610E+04  1.63834E+04  9.80303E+03 -2.07883E+02  1.98614E+03  5.06633E+03  0.00000E+00  2.48830E-03  4.65019E-04
       2       4       7  2.65294E-03  2.32970E-03  2.65294E-05  9.10047E+00  3.76505E+00  6.89377E+00  7.06719E+01 -1.96959E+02 -8.60518E+00  3.52855E+04  5.78050E+04  2.29561E+04 -1.12341E+04  4.28136E+03  9.27877E+03  0.00000E+00  1.84292E-03  4.86779E-04
       2       4       8  3.48840E-03  4.26231E-03  3.48840E-05  1.37064E+01  5.70053E+00  1.03559E+01  4.21311E+01 -1.09849E+02 -3.20368E+00  2.31737E+04  2.18298E+04  1.49905E+04  7.52051E+02  2.80818E+03  6.18763E+03  0.00000E+00  3.19917E-03  1.06315E-03
       2       4       9  5.02813E-03  6.13246E-03  5.02813E-05  1.89559E+01  7.86720E+00  1.45033E+01  1.87879E+01 -4.64910E+01 -3.25493E+00  8.56736E+03  6.91006E+03  5.34780E+03  9.54920E+02  1.00502E+03  2.53085E+03  0.00000E+00  3.26858E-03  2.86388E-03
       2       4      10  3.40648E-03  4.09259E-03  3.40648E-05  5.74330E+01  2.39775E+01  4.10458E+01  3.40202E+01 -6.70582E+01  5.53053E+00  1.94885E+04  1.09668E+04  1.03485E+04  3.58257E+03  4.11485E+02  2.36618E+03  0.00000E+00  3.44759E-03  6.44998E-04
       2       5       1  3.63041E-03  3.31244E-03  3.63041E-05  4.93100E-01  2.04364E-01  2.27901E-01  4.72381E+01 -1.10644E+02 -5.15426E-01  2.61757E+04  4.28299E+04  3.39064E+04 -9.53071E+03  6.44164E+01  9.46137E+02  1.35038E-05  3.02155E-03  2.77385E-04
       2       5       2  1.13846E-03  1.04862E-03  1.13846E-05  1.29190E+00  5.35272E-01  5.97897E-01  1.89547E+01 -3.16098E+01  1.34248E+00  6.05185E+04  3.82365E+04  3.00361E+04  1.06751E+04 -1.08277E+03  2.90151E+01  0.00000E+00  9.20559E-04  1.28064E-04
       2       5       3  1.87654E-03  1.81180E-03  1.87654E-05  1.85007E+00  7.72686E-01  8.52361E-01  1.84966E+01 -5.42236E+01  3.46478E+00  3.98758E+04  2.45129E+04  1.78503E+04  7.72774E+03 -3.58518E+02 -7.02541E+02  0.00000E+00  1.54493E-03  2.66870E-04
       2       5       4  3.20825E-03  1.85126E-03  3.20825E-05  2.94108E+00  1.20903E+00  1.33907E+00  4.32891E+01 -9.45242E+01  2.86316E+00  5.41271E+04  5.39295E+04  4.28101E+04 -1.69132E+03 -1.06643E+03  9.59237E+02  0.00000E+00  1.70479E-03  1.46474E-04
       2       5       5  3.55890E-03  3.48745E-03  3.55890E-05  4.44259E+00  1.85657E+00  2.07270E+00  3.02896E+01 -6.20308E+01 -3.34047E-01  3.82807E+04  2.96282E+04  2.09334E+04  5.85169E+03  1.54638E+03  2.36580E+03  0.00000E+00  3.18156E-03  3.05881E-04
       2       5       6  4.29667E-03  4.32161E-03  4.29667E-05  6.21242E+00  2.59035E+00  2.82887E+00  2.43082E+01 -4.47518E+01  8.12349E-01  2.65549E+04  1.46340E+04  1.17189E+04  5.12802E+03  1.56298E+03  4.64817E+03  0.00000E+00  3.61794E-03  7.03669E-04
       2       5       7  5.22896E-03  2.94998E-03  5.22896E-05  1.01821E+01  4.19156E+00  4.63534E+00  5.79921E+01 -1.43272E+02 -2.74840E+00  4.61712E+04  4.00004E+04  2.75072E+04  2.66256E+03  3.50843E+03  8.34552E+03  0.00000E+00  2.16179E-03  7.88185E-04
       2       5       8  5.58508E-03  5.65681E-03  5.58508E-05  1.54121E+01  6.37506E+00  7.01193E+00  2.78263E+01 -9.12145E+01 -3.81154E+00  2.80434E+04  1.82050E+04  1.41856E+04  5.28466E+03  2.45880E+03  6.02285E+03  0.00000E+00  3.84294E-03  1.81387E-03
       2       5       9  8.62528E-03  8.95248E-03  8.62528E-05  2.16225E+01  9.08098E+00  9.77715E+00  1.32332E+01 -3.80454E+01  7.48792E-01  9.75072E+03  5.69130E+03  4.62773E+03  2.18732E+03  9.14501E+02  2.01719E+03  0.00000E+00  4.24439E-03  4.70809E-03
       2       5      10  9.67505E-03  5.45134E-03  9.67505E-05  6.40419E+01  2.64441E+01  2.79434E+01  2.85202E+01 -5.49925E+01 -5.84278E-01  2.34538E+04  9.77521E+03  7.51142E+03  6.25347E+03  1.09075E+03  2.56105E+03  0.00000E+00  4.20924E-03  1.24210E-03
       2       6       1  4.03191E-03  4.06795E-03  4.03191E-05  5.23820E-01  2.16023E-01  7.47190E-02  5.32297E+01 -1.31877E+02  7.28055E-01  2.80016E+04  4.26021E+04  3.10030E+04 -7.45210E+03  6.44229E+01  1.92471E+02  1.13773E-05  3.73494E-03  3.21639E-04
       2       6       2  1.29214E-03  1.32016E-03  1.29214E-05  1.38633E+00  5.67905E-01  1.96476E-01  4.69987E+01 -9.33704E+01 -1.38905E+00  5.32977E+04  4.17156E+04  2.35183E+04  3.88395E+03 -4.05511E+02 -1.30047E+02  0.00000E+00  1.15445E-03  1.65712E-04
       2       6       3  2.09949E-03  2.20069E-03  2.09949E-05  2.04109E+00  8.28575E-01  2.79550E-01  2.07777E+01 -3.36536E+01  3.70917E+00  3.13902E+04  1.56098E+04  1.71821E+04  7.50839E+03  1.00816E+02  7.56422E+02  0.00000E+00  1.66717E-03  5.33518E-04
       2       6       4  3.72799E-03  2.78046E-03  3.72799E-05  3.14715E+00  1.30446E+00  4.75598E-01  3.93518E+01 -1.05276E+02  1.80327E+00  4.50533E+04  7.49702E+04  3.31207E+04 -1.45188E+04 -4.14489E+01  1.04732E+03  0.00000E+00  2.54306E-03  2.37393E-04
       2       6       5  4.33974E-03  4.65512E-03  4.33974E-05  4.81176E+00  1.98074E+00  6.80892E-01  2.18762E+01 -6.29783E+01 -1.12049E+00  3.84183E+04  3.68318E+04  1.33815E+04  8.34625E+01  7.72400E+02  1.28346E+03  0.00000E+00  4.16777E-03  4.87351E-04
       2       6       6  5.70954E-03  6.27301E-03  5.70954E-05  6.57676E+00  2.73484E+00  9.26812E-01  2.46547E+01 -6.30968E+01 -2.28236E+00  2.38512E+04  2.44570E+04  9.91201E+03  6.60643E+01  5.48887E+02  1.53580E+03  0.00000E+00  5.38632E-03  8.86684E-04
       2       6       7  8.17595E-03  5.74144E-03  8.17595E-05  1.09372E+01  4.53381E+00  1.57526E+00  8.97351E+01 -2.05232E+02  2.96442E+00  4.15199E+04  6.36617E+04  1.56961E+04 -1.04666E+04  1.03670E+03  3.33548E+03  0.00000E+00  4.65778E-03  1.08365E-03
       2       6       8  8.26691E-03  9.64066E-03  8.26691E-05  1.65164E+01  6.80648E+00  2.33226E+00  5.99986E+01 -1.29469E+02  1.28906E+00  3.11459E+04  2.90210E+04  7.66841E+03  7.14165E+02  5.38735E+02  1.23312E+03  0.00000E+00  7.57461E-03  2.06605E-03
       2       6       9  1.18177E-02  1.28541E-02  1.18177E-04  2.29183E+01  9.36415E+00  3.28196E+00  3.00618E+01 -6.73490E+01  3.17987E-01  1.59169E+04  1.17640E+04  3.36129E+03  1.89719E+03  3.17931E+02  5.53524E+02  0.00000E+00  7.70740E-03  5.14666E-03
       2       6      10  1.94003E-02  2.11122E-02  1.94003E-04  6.39850E+01  2.64407E+01  8.70948E+00  4.59442E+01 -1.14726E+02 -4.07340E-01  2.43921E+04  2.41978E+04  2.13421E+03  2.47966E+02  2.99658E+02  7.04932E+02  0.00000E+00  1.95335E-02  1.57868E-03
       3       1       1  4.16330E-04  4.39853E-04  4.16330E-06  8.25672E-02  6.62221E-02  5.40140E-01  2.88465E+00  1.53668E+01 -1.42157E+01  3.40001E+04  3.09212E+04  8.31003E+04  7.77128E+03  8.86181E+03  1.48898E+04  6.45448E-05  7.84690E-06  3.67461E-04
       3       1       2  1.19006E-04  1.15232E-04  1.19006E-06  2.19052E-01  1.76166E-01  1.45471E+00  4.62304E+00  8.47467E+01 -2.30415E+01  4.19076E+04  5.16330E+04  6.06376E+04 -1.88690E+03  2.03807E+03  6.29113E+03  5.28178E-05  5.23127E-07  6.18906E-05
       3       1       3  2.05537E-04  1.76873E-04  2.05537E-06  3.58685E-01  2.91432E-01  2.18019E+00  2.45676E+00  5.00299E+00 -1.24671E+01  2.76012E+04  2.14991E+04  4.69631E+04  1.44256E+03  6.08598E+03  1.34304E+04  4.45859E-05  0.00000E+00  1.32287E-04
       3       1       4  2.85962E-04  1.77355E-04  2.85962E-06  4.87142E-01  3.68961E-01  3.52680E+00 -7.04913E+00  2.76456E+01 -8.97195E+00  5.13824E+04  5.96092E+04  3.07146E+04  2.02581E+03 -4.36621E+03  5.31305E+03  1.37154E-04  0.00000E+00  4.02014E-05
       3       1       5  2.57572E-04  2.84508E-04  2.57572E-06  7.38570E-01  5.60393E-01  5.21357E+00  2.99236E+00  2.46445E+01  1.52467E+01  1.71690E+04  2.26776E+04  2.32205E+04  1.11084E+03 -1.56794E+02  1.39998E+03  2.36449E-04  0.00000E+00  4.80590E-05
       3       1       6  1.98820E-04  2.43181E-04  1.98820E-06  1.04134E+00  8.14546E-01  6.82580E+00 -1.33393E+00  9.48095E+00 -3.01117E+00  6.01429E+03  7.60936E+03  1.60301E+04 -3.98280E+02  9.06473E+02  2.36439E+03  1.01620E-04  0.00000E+00  1.41562E-04
       3       1       7  2.09493E-04  2.12828E-04  2.09493E-06  1.78677E+00  1.34618E+00  1.23684E+01 -1.18518E+00 -1.83513E+02  3.59596E+01  2.34807E+04  4.28738E+04  2.58490E+04  5.76594E+02 -4.69986E+03  2.28998E+03  1.75644E-04  0.00000E+00  3.71842E-05
       3       1       8  3.49558E-04  3.62486E-04  3.49558E-06  2.57473E+00  1.96622E+00  1.79039E+01 -1.01717E+00 -1.21211E+02  7.41596E+00  1.06393E+04  1.93952E+04  1.98772E+04 -1.05597E+02 -6.58340E+02  1.67183E+03  2.90765E-04  0.00000E+00  7.17204E-05
       3       1       9  3.44110E-04  3.14541E-04  3.44110E-06  3.31671E+00  2.50168E+00  2.35941E+01 -4.83544E+00 -5.47384E+01 -7.91530E+00  4.29875E+03  6.66660E+03  1.02126E+04  4.26580E+02 -4.40654E+01  1.50312E+03  1.42632E-04  0.00000E+00  1.71909E-04
       3       1      10  1.56098E-04  2.01838E-04  1.56098E-06  9.98786E+00  7.44634E+00  7.34958E+01  1.60392E+00 -3.12069E+01  1.25177E+01  2.93276E+03  7.22253E+03  2.93862E+04  5.26585E+02  1.80520E+03  3.86447E+03  3.01058E-05  0.00000E+00  1.71732E-04
       3       2       1  1.25821E-03  1.16847E-03  1.25821E-05  1.84042E-01  1.40872E-01  5.58130E-01 -2.03550E+01  3.09785E+01 -1.65941E+01  2.70428E+04  2.50582E+04  5.26369E+04  3.07794E+03  4.57511E+03  8.83974E+03  1.03294E-04  2.94229E-04  7.70942E-04
       3       2       2  3.63089E-04  4.73089E-04  3.63089E-06  4.33860E-01  3.34332E-01  1.40769E+00  9.13052E+00  6.32714E+01 -2.17997E+01  3.02232E+04  2.60786E+04  7.38460E+04  9.34808E+03  7.43291E+03  1.58920E+04  1.78319E-04  1.17704E-05  2.82999E-04
       3       2       3  6.25552E-04  7.96480E-04  6.25552E-06  6.37155E-01  4.89059E-01  2.09698E+00  2.08373E+00  2.39753E+00 -6.01839E+00  1.44484E+04  8.37617E+03  3.46016E+04  7.61845E+03  7.21972E+03  9.87342E+03  6.69853E-05  1.51707E-05  7.14324E-04
       3       2       4  8.94027E-04  5.80228E-04  8.94027E-06  1.09843E+00  8.34026E-01  3.27519E+00  9.91389E+00  5.68563E+00 -5.58391E+00  4.73295E+04  4.57058E+04  6.23154E+04  9.32555E+03 -7.61591E+03  1.43811E+04  3.63972E-04  4.69287E-05  1.69328E-04
       3       2       5  8.22890E-04  1.00383E-03  8.22890E-06  1.66129E+00  1.24392E+00  4.84908E+00  2.68859E+00  1.55169E+01 -1.27560E+01  1.86259E+04  1.91643E+04  3.50764E+04  2.55772E+03 -2.15022E+03  6.45277E+03  7.26947E-04  6.49244E-05  2.11960E-04
       3       2       6  6.69216E-04  9.55198E-04  6.69216E-06  2.24145E+00  1.71710E+00  6.56724E+00  1.00008E+00 -4.07317E-01 -1.59220E+01  6.86334E+03  6.35550E+03  2.24761E+04  1.90736E+03  2.50359E+03  6.87307E+03  2.81281E-04  1.69231E-04  5.04685E-04
       3       2       7  6.75258E-04  7.05372E-04  6.75258E-06  3.66817E+00  2.90071E+00  1.13595E+01 -8.02832E+00 -1.37828E+02  4.35537E+01  2.16399E+04  2.95658E+04  4.48880E+04  2.24771E+03 -6.53723E+03  1.13267E+04  4.33397E-04  9.76308E-06  2.62212E-04
       3       2       8  1.12365E-03  1.48112E-03  1.12365E-05  5.48378E+00  4.21736E+00  1.67964E+01 -9.68585E+00 -8.87382E+01  9.03906E+00  9.84951E+03  1.34639E+04  2.67341E+04  1.34361E+03  5.32050E+01  6.26180E+03  8.48171E-04  0.00000E+00  6.32949E-04
       3       2       9  1.18272E-03  1.96373E-03  1.18272E-05  7.61371E+00  5.84234E+00  2.29466E+01 -6.18682E+00 -2.42344E+01  1.21159E-01  2.47348E+03  3.15624E+03  8.88242E+03  6.66908E+02  8.00144E+02  2.47514E+03  3.66102E-04  0.00000E+00  1.59763E-03
       3       2      10  5.27244E-04  5.52630E-04  5.27244E-06  2.30397E+01  1.81764E+01  6.98991E+01  1.85525E+00 -1.37110E+01  1.48769E+01  3.95104E+03  5.20520E+03  2.83162E+04  2.52108E+03  5.99494E+03  8.98938E+03  3.98501E-05  0.00000E+00  5.12780E-04
       3       3       1  2.11205E-03  2.20436E-03  2.11205E-05  2.91870E-01  2.24374E-01  4.95410E-01 -5.47068E+01  7.01691E+01 -1.08300E+01  3.16599E+04  3.31242E+04  3.31156E+04 -8.75454E+03  2.73932E+01  2.10353E+03  1.02404E-04  1.69902E-03  4.02930E-04
       3       3       2  6.21839E-04  6.68652E-04  6.21839E-06  7.22435E-01  5.65179E-01  1.20109E+00 -2.38593E+01  4.75610E+01 -3.14408E+01  4.37857E+04  3.39125E+04  4.33520E+04  9.61572E+03  6.40365E+02  4.57776E+03  8.03475E-05  4.28442E-04  1.59862E-04
       3       3       3  1.06301E-03  1.06317E-03  1.06301E-05  1.04156E+00  8.08734E-01  1.72953E+00 -4.88355E+00  9.35092E+00  2.86675E+00  1.78720E+04  1.33612E+04  2.29711E+04  3.89321E+03  4.00827E+03  5.10798E+03  8.66326E-05  6.04293E-04  3.72242E-04
       3       3       4  1.59818E-03  1.22244E-03  1.59818E-05  1.61991E+00  1.25245E+00  2.81538E+00  9.74405E+01 -1.22478E+02 -1.10177E+01  5.08266E+04  5.55128E+04  4.59810E+04 -1.55228E+04 -5.04424E+03  5.77324E+03  3.26113E-04  7.44918E-04  1.51405E-04
       3       3       5  1.54002E-03  1.91373E-03  1.54002E-05  2.58763E+00  2.00743E+00  4.12676E+00  4.45207E+01 -4.95095E+01 -6.81956E+00  2.69168E+04  2.24782E+04  2.97209E+04  2.44045E+03 -3.14165E+02  6.17040E+03  6.76137E-04  9.88972E-04  2.48618E-04
       3       3       6  1.39368E-03  1.86228E-03  1.39368E-05  3.28666E+00  2.48716E+00  5.60229E+00  3.95725E+01 -5.03739E+01  1.41222E+00  1.25259E+04  1.18706E+04  1.81667E+04 -6.83092E+02  3.17245E+03  6.50006E+03  2.39105E-04  1.15002E-03  4.73161E-04
       3       3       7  1.34543E-03  1.39155E-03  1.34543E-05  5.71826E+00  4.47165E+00  9.86953E+00  9.03202E+01 -1.29985E+02  5.61026E+01  3.02338E+04  3.15108E+04  3.73358E+04 -7.63046E+03  2.27383E+02  9.62152E+03  3.10234E-04  7.60576E-04  3.20740E-04
       3       3       8  2.11691E-03  2.70185E-03  2.11691E-05  8.51435E+00  6.70156E+00  1.45672E+01  6.01073E+01 -8.65821E+01  3.66335E+01  1.59930E+04  1.54939E+04  2.09941E+04 -2.24413E+03  1.20805E+03  5.04246E+03  6.46286E-04  1.41288E-03  6.42683E-04
       3       3       9  2.56255E-03  2.69128E-03  2.56255E-05  1.16121E+01  9.00363E+00  1.95109E+01  2.99862E+01 -3.63852E+01  1.23000E+01  5.60139E+03  5.36345E+03  8.90245E+03 -3.87235E+02  1.67947E+03  3.33930E+03  2.43363E-04  1.04114E-03  1.40678E-03
       3       3      10  1.24158E-03  1.45829E-03  1.24158E-05  3.34523E+01  2.54727E+01  6.00127E+01  3.58700E+01 -3.46095E+01  5.61066E-01  1.20815E+04  9.88638E+03  2.02550E+04 -4.14915E+02  7.84408E+03  1.03112E+04  0.00000E+00  3.22218E-04  1.13607E-03
       3       4       1  2.93445E-03  3.32243E-03  2.93445E-05  3.93060E-01  3.01957E-01  3.51302E-01  6.44814E+01 -8.56750E+01 -6.84833E+00  3.68532E+04  4.35376E+04  2.51476E+04 -1.15314E+04 -5.56323E+02  2.00175E+02  8.15437E-05  2.94565E-03  2.95236E-04
       3       4       2  8.89869E-04  1.05225E-03  8.89869E-06  9.66535E-01  7.45265E-01  8.76334E-01  9.69856E+00 -3.30991E+00 -1.51300E+01  4.58364E+04  3.94863E+04  2.99601E+04  7.05709E+03 -5.52443E+02  2.58844E+03  8.10627E-05  8.55685E-04  1.15500E-04
       3       4       3  1.49820E-03  1.73516E-03  1.49820E-05  1.41623E+00  1.08000E+00  1.27655E+00  1.85583E+01 -3.58486E+01 -1.23041E+01  2.05745E+04  2.00528E+04  1.49203E+04  2.31417E+03  1.76230E+03  1.37203E+03  4.18851E-05  1.40563E-03  2.87646E-04
       3       4       4  2.40322E-03  1.78559E-03  2.40322E-05  2.21943E+00  1.72546E+00  2.04301E+00  6.43409E+01 -7.12488E+01 -7.37710E+00  5.54308E+04  6.09900E+04  3.64552E+04 -2.33252E+04 -3.70712E+03  2.91523E+03  3.00874E-04  1.34993E-03  1.34781E-04
       3       4       5  2.47701E-03  3.62089E-03  2.47701E-05  3.36053E+00  2.60961E+00  3.03362E+00  4.63395E+01 -5.32644E+01 -7.33245E+00  2.87797E+04  3.02166E+04  2.25612E+04 -6.81820E+02 -6.69791E+02  1.98361E+03  6.02413E-04  2.78149E-03  2.36988E-04
       3       4       6  2.59440E-03  3.00109E-03  2.59440E-05  4.69955E+00  3.62787E+00  3.98430E+00  2.92719E+01 -3.16689E+01  1.42085E+00  1.73737E+04  1.44381E+04  9.70416E+03  2.21242E+02  1.82292E+03  3.45105E+03  2.04568E-04  2.44021E-03  3.56310E-04
       3       4       7  2.63475E-03  2.55149E-03  2.63475E-05  7.74041E+00  6.02496E+00  6.98014E+00  1.20306E+02 -1.67854E+02  2.98367E+01  4.11032E+04  4.76521E+04  2.71813E+04 -1.61401E+04  1.24765E+03  5.92360E+03  2.83993E-04  1.90777E-03  3.59730E-04
       3       4       8  3.47565E-03  4.54005E-03  3.47565E-05  1.16462E+01  9.04604E+00  1.04041E+01  6.60037E+01 -9.98095E+01  1.68777E+01  2.25157E+04  2.14872E+04  1.63307E+04  1.75917E+02  1.50441E+03  3.98072E+03  5.25240E-04  3.19729E-03  8.17524E-04
       3       4       9  4.99969E-03  5.61456E-03  4.99969E-05  1.62912E+01  1.23801E+01  1.41430E+01  3.40126E+01 -4.91489E+01  2.39914E+00  9.31443E+03  8.33096E+03  6.20166E+03  1.18232E+03  9.01338E+02  1.84187E+03  2.17968E-04  3.41644E-03  1.98015E-03
       3       4      10  3.36520E-03  4.37602E-03  3.36520E-05  4.88552E+01  3.74537E+01  4.12340E+01  3.41921E+01 -6.20173E+01  3.78047E+00  1.64268E+04  1.44949E+04  1.07936E+04  6.29778E+03  2.35154E+03  3.61388E+03  0.00000E+00  3.42474E-03  9.51280E-04
       3       5       1  3.61830E-03  3.28875E-03  3.61830E-05  4.23070E-01  3.24503E-01  2.28214E-01  7.16783E+01 -9.71641E+01 -7.94955E+00  3.17962E+04  3.79365E+04  3.24130E+04 -1.19664E+04 -1.37440E+02 -8.43075E+01  7.27416E-05  2.97200E-03  2.44012E-04
       3       5       2  1.13266E-03  1.04000E-03  1.13266E-05  1.09811E+00  8.60904E-01  6.00007E-01  1.85662E+01 -2.34639E+01 -1.94626E+01  5.22283E+04  4.47893E+04  3.37501E+04  1.37524E+04  1.86054E+02  3.27350E+03  8.33737E-05  8.48022E-04  1.08599E-04
       3       5       3  1.87073E-03  1.76343E-03  1.87073E-05  1.58968E+00  1.22731E+00  8.59343E-01  3.44754E+01 -3.88879E+01 -6.10380E+00  3.69259E+04  2.89744E+04  1.76133E+04  1.33237E+04  2.72461E+02 -6.15469E+01  2.30790E-05  1.46108E-03  2.79274E-04
       3       5       4  3.19031E-03  2.25159E-03  3.19031E-05  2.51909E+00  1.93743E+00  1.33725E+00  5.23273E+01 -6.82592E+01 -5.19346E+00  4.81946E+04  4.85653E+04  5.09905E+04 -2.48545E+03 -2.79676E+03  1.42992E+03  2.95229E-04  1.81206E-03  1.44298E-04
       3       5       5  3.53316E-03  3.90191E-03  3.53316E-05  3.84715E+00  2.96546E+00  2.07718E+00  3.73234E+01 -4.48733E+01 -6.46066E+00  3.09224E+04  2.83552E+04  2.45959E+04  5.83753E+03 -2.65129E+02  1.30811E+03  5.35662E-04  3.10760E-03  2.58651E-04
       3       5       6  4.26309E-03  4.31887E-03  4.26309E-05  5.30429E+00  4.05066E+00  2.80999E+00  3.00148E+01 -3.75082E+01 -1.55158E+00  2.22720E+04  1.76557E+04  1.26286E+04  7.09307E+03  2.04014E+03  4.13574E+03  2.05232E-04  3.48421E-03  6.29427E-04
       3       5       7  5.16256E-03  3.20268E-03  5.16256E-05  8.66877E+00  6.73828E+00  4.60126E+00  7.68233E+01 -1.21675E+02  1.90239E+01  4.10145E+04  3.91458E+04  3.34723E+04  4.37312E+03  4.37589E+03  8.05410E+03  2.64524E-04  2.11407E-03  8.24081E-04
       3       5       8  5.53321E-03  6.15587E-03  5.53321E-05  1.31548E+01  1.02765E+01  7.04027E+00  4.88666E+01 -7.43075E+01  1.25791E+01  2.37033E+04  1.99146E+04  1.60239E+04  6.75452E+03  3.20686E+03  5.16586E+03  4.74451E-04  3.78785E-03  1.89357E-03
       3       5       9  8.55337E-03  9.62075E-03  8.55337E-05  1.85303E+01  1.44120E+01  9.79547E+00  2.16194E+01 -2.97863E+01  6.59309E+00  8.31038E+03  6.71713E+03  4.82793E+03  3.08558E+03  1.34266E+03  2.04292E+03  2.01462E-04  4.10470E-03  5.31459E-03
       3       5      10  9.46794E-03  5.48858E-03  9.46794E-05  5.46943E+01  4.16673E+01  2.85863E+01  3.82393E+01 -4.60122E+01 -1.33577E+00  1.93624E+04  1.42218E+04  7.62208E+03  9.23915E+03  2.29242E+03  2.77169E+03  0.00000E+00  4.01623E-03  1.47234E-03
       3       6       1  4.01620E-03  4.08631E-03  4.01620E-05  4.46670E-01  3.43662E-01  7.46440E-02  8.27862E+01 -1.12708E+02 -5.02702E+00  3.22505E+04  3.85765E+04  2.93612E+04 -9.30130E+03 -1.05434E+01  6.03158E+02  7.29719E-05  3.68351E-03  3.29822E-04
       3       6       2  1.28415E-03  1.31702E-03  1.28415E-05  1.18226E+00  9.16441E-01  1.94145E-01  5.97061E+01 -8.03758E+01 -1.52569E+01  5.19037E+04  4.62856E+04  2.51298E+04  7.99160E+03  7.14676E+02  8.66996E+02  5.62997E-05  1.03198E-03  2.28744E-04
       3       6       3  2.09188E-03  2.10667E-03  2.09188E-05  1.74438E+00  1.35232E+00  2.80083E-01  2.02334E+01 -2.82959E+01 -3.13459E+00  2.92520E+04  2.16504E+04  1.50446E+04  1.17221E+04  1.60805E+02  1.22551E+02  5.01641E-05  1.39582E-03  6.60680E-04
       3       6       4  3.70330E-03  3.14882E-03  3.70330E-05  2.69696E+00  2.08511E+00  4.64802E-01  6.17933E+01 -7.87058E+01 -6.98047E+00  5.27369E+04  6.15817E+04  4.09153E+04 -1.44180E+04  1.54325E+02  1.54934E+03  2.85266E-04  2.55913E-03  3.04426E-04
       3       6       5  4.30092E-03  5.00832E-03  4.30092E-05  4.11577E+00  3.18124E+00  6.84049E-01  3.45789E+01 -4.84782E+01 -3.76105E+00  3.62988E+04  3.60402E+04  1.74910E+04  2.46057E+03  8.17439E+02  1.20483E+03  5.08099E-04  3.98169E-03  5.18529E-04
       3       6       6  5.65548E-03  6.65228E-03  5.65548E-05  5.61397E+00  4.32986E+00  9.25259E-01  3.77583E+01 -4.77822E+01 -1.67152E+00  2.35853E+04  2.36789E+04  1.05594E+04  2.00224E+03  1.35661E+03  1.61817E+03  1.92281E-04  5.50033E-03  9.59666E-04
       3       6       7  8.03974E-03  6.08452E-03  8.03974E-05  9.33651E+00  7.25894E+00  1.58014E+00  1.29586E+02 -1.68489E+02  1.40405E+01  4.72905E+04  5.54901E+04  1.84949E+04 -1.25954E+04  1.74926E+03  2.94043E+03  2.50134E-04  4.61744E-03  1.21694E-03
       3       6       8  8.12472E-03  1.04584E-02  8.12472E-05  1.41493E+01  1.09926E+01  2.35207E+00  8.17578E+01 -1.04679E+02  1.15074E+01  2.89576E+04  2.85470E+04  9.03733E+03  2.10532E+03  1.09092E+03  1.78243E+03  4.56252E-04  7.72747E-03  2.27463E-03
       3       6       9  1.16914E-02  1.34559E-02  1.16914E-04  1.96000E+01  1.52622E+01  3.20963E+00  4.24912E+01 -5.53920E+01  2.49839E+00  1.45044E+04  1.30249E+04  3.38008E+03  3.21948E+03  6.97051E+02  7.82675E+02  1.85379E-04  7.54379E-03  5.72677E-03
       3       6      10  1.88458E-02  2.22612E-02  1.88458E-04  5.50234E+01  4.26256E+01  8.99148E+00  7.31545E+01 -9.20106E+01 -1.86619E-01  2.42497E+04  2.35767E+04  2.05266E+03  9.84079E+02  3.56156E+02  4.41056E+02  0.00000E+00  1.97122E-02  2.54904E-03
       4       1       1  4.16273E-04  4.19020E-04  4.16273E-06  5.85579E-02  7.38331E-02  5.09816E-01  1.38917E+01  1.35844E+01  4.87922E+00  3.14667E+04  3.32131E+04  8.67968E+04  8.95257E+03  1.22158E+04  1.40764E+04  4.62777E-05  1.25550E-05  3.60187E-04
       4       1       2  1.18987E-04  1.13214E-04  1.18987E-06  1.69280E-01  2.17305E-01  1.47051E+00 -5.00116E+00  6.14559E+01 -7.71620E+00  3.61072E+04  4.55988E+04  7.78286E+04  5.50693E+03  4.91458E+03  3.35806E+03  4.85100E-05  1.04625E-06  6.36577E-05
       4       1       3  2.05511E-04  1.92646E-04  2.05511E-06  2.89249E-01  3.62164E-01  2.21775E+00  1.35795E+00  2.14252E+01  2.98944E+00  3.02330E+04  2.46811E+04  3.62807E+04  1.27396E+03  3.17395E+03  7.78125E+03  2.55654E-05  0.00000E+00  1.67081E-04
       4       1       4  2.85905E-04  1.47610E-04  2.85905E-06  3.74491E-01  4.78798E-01  3.52891E+00  2.03335E+01  3.27767E+01  1.67041E+01  5.24303E+04  5.21698E+04  3.91706E+04  5.59780E+03 -1.06664E+03  2.94614E+03  9.96272E-05  0.00000E+00  4.79829E-05
       4       1       5  2.57523E-04  2.64247E-04  2.57523E-06  5.62195E-01  7.24941E-01  5.23834E+00  1.87000E-02  2.04756E+01  4.34386E+00  1.59339E+04  1.92754E+04  3.06853E+04  9.54027E+02  1.04378E+03  2.87745E+03  1.95601E-04  0.00000E+00  6.86451E-05
       4       1       6  1.98778E-04  1.91975E-04  1.98778E-06  7.94771E-01  1.02214E+00  6.86019E+00 -5.61058E+00  1.35993E+01  1.28413E+01  5.56088E+03  6.65960E+03  1.43470E+04 -9.24698E+01  4.66785E+02  1.58355E+03  7.33921E-05  0.00000E+00  1.18583E-04
       4       1       7  2.09464E-04  1.63114E-04  2.09464E-06  1.30776E+00  1.69882E+00  1.23155E+01  9.65677E-01 -1.76403E+02  1.23091E+01  2.45948E+04  4.03156E+04  2.79429E+04  4.28022E+01 -4.09309E+03  2.08647E+03  1.28665E-04  0.00000E+00  3.44496E-05
       4       1       8  3.49508E-04  3.44446E-04  3.49508E-06  1.92936E+00  2.50915E+00  1.79381E+01  6.41425E-01 -1.03136E+02  1.94075E+01  1.03667E+04  1.64236E+04  2.21109E+04  7.96160E+01  7.55363E+02  1.04804E+03  2.45055E-04  0.00000E+00  9.93904E-05
       4       1       9  3.44027E-04  2.61856E-04  3.44027E-06  2.50608E+00  3.29383E+00  2.37165E+01  7.27323E-01 -3.87780E+01  2.99426E+01  3.51857E+03  5.39624E+03  1.01165E+04  3.41924E+02  3.77011E+02  8.94495E+02  9.60753E-05  0.00000E+00  1.65780E-04
       4       1      10  1.56069E-04  1.26155E-04  1.56069E-06  7.01041E+00  8.99567E+00  7.26457E+01 -1.96352E+00 -3.81863E+01  2.51011E+00  3.61233E+03  8.11113E+03  2.95418E+04  6.77015E+02  2.36003E+03  2.72729E+03  2.22089E-05  0.00000E+00  1.03946E-04
       4       2       1  1.25738E-03  1.30927E-03  1.25738E-05  1.37890E-01  1.83304E-01  5.45435E-01 -1.89107E+01  2.89759E+01 -4.20761E+00  2.40106E+04  2.88142E+04  4.64326E+04  3.72438E+03  4.79409E+03  6.76259E+03  6.86840E-05  3.27661E-04  9.12928E-04
       4       2       2  3.62793E-04  2.81029E-04  3.62793E-06  3.56441E-01  4.47901E-01  1.38877E+00  1.41729E+00  4.78644E+01 -3.74844E+01  3.35648E+04  4.14848E+04  7.49380E+04  1.56628E+04  1.08100E+04  1.01195E+04  9.71055E-05  1.49091E-05  1.69014E-04
       4       2       3  6.25170E-04  5.14009E-04  6.25170E-06  5.36186E-01  6.72178E-01  2.08480E+00 -1.08800E+00  2.83894E+00 -2.12712E+00  1.25624E+04  1.94940E+04  4.35342E+04  1.11093E+04  1.35407E+04  9.00757E+03  5.02238E-05  1.70016E-05  4.46784E-04
       4       2       4  8.93136E-04  3.67132E-04  8.93136E-06  8.44227E-01  1.07291E+00  3.23251E+00  3.46389E+01 -5.80442E-01 -1.31470E+01  3.84493E+04  5.67331E+04  7.22781E+04  9.27347E+03  2.41286E+03  1.33100E+04  1.74348E-04  5.78374E-05  1.34947E-04
       4       2       5  8.22067E-04  6.92097E-04  8.22067E-06  1.24272E+00  1.61107E+00  4.84734E+00  4.83344E+00  9.26103E+00 -6.55872E+00  1.12119E+04  2.08863E+04  5.03671E+04  2.66758E+03  5.53780E+03  7.88380E+03  3.51352E-04  8.56184E-05  2.55127E-04
       4       2       6  6.68455E-04  7.63235E-04  6.68455E-06  1.74579E+00  2.19255E+00  6.68605E+00  2.88151E-01 -3.38191E+00 -2.63768E+00  3.92448E+03  6.21213E+03  3.39732E+04  2.27546E+03  6.02864E+03  6.58500E+03  1.32836E-04  1.87018E-04  4.43381E-04
       4       2       7  6.74705E-04  5.87166E-04  6.74705E-06  2.94804E+00  3.81613E+00  1.11863E+01  1.78505E+01 -1.14734E+02  4.66325E+01  1.75791E+04  2.87797E+04  5.07983E+04 -7.00648E+02  5.72443E+02  9.67546E+03  2.64524E-04  5.10684E-05  2.71573E-04
       4       2       8  1.12284E-03  1.07795E-03  1.12284E-05  4.29413E+00  5.54225E+00  1.67249E+01 -3.68701E+00 -7.04438E+01  3.68782E+01  6.30630E+03  1.38495E+04  3.04087E+04  2.16449E+03  3.20932E+03  6.00595E+03  5.01115E-04  0.00000E+00  5.76835E-04
       4       2       9  1.18120E-03  1.39967E-03  1.18120E-05  6.04207E+00  7.72566E+00  2.29534E+01  4.26657E+00 -1.99389E+01  1.99373E+01  1.57706E+03  3.31641E+03  9.51030E+03  5.45151E+02  1.54038E+03  2.35934E+03  2.07810E-04  0.00000E+00  1.19185E-03
       4       2      10  5.26542E-04  4.19842E-04  5.26542E-06  1.79163E+01  2.25893E+01  6.65660E+01 -3.74979E+00 -3.74651E+01  4.72777E+00  4.32812E+03  1.00973E+04  2.91391E+04  2.70751E+03  6.04615E+03  7.34828E+03  7.10928E-05  0.00000E+00  3.48750E-04
       4       3       1  2.10865E-03  2.25251E-03  2.10865E-05  2.22050E-01  2.92409E-01  5.01228E-01 -6.59411E+01  5.32020E+01 -7.83848E+00  3.59643E+04  2.87326E+04  3.12673E+04 -5.57434E+03  1.14471E+03  1.50073E+03  6.51406E-05  1.69134E-03  4.96027E-04
       4       3       2  6.20518E-04  6.40804E-04  6.20518E-06  5.49978E-01  7.15492E-01  1.20647E+00 -3.59818E+01  5.24803E+01 -2.09629E+01  3.83505E+04  3.88008E+04  4.13973E+04  8.72399E+03  1.11811E+03  4.85108E+03  8.98211E-05  3.90420E-04  1.60562E-04
       4       3       3  1.06143E-03  1.12135E-03  1.06143E-05  7.91976E-01  1.03479E+00  1.77623E+00 -6.95288E+00  9.87712E-01 -5.62181E+00  1.28250E+04  1.36614E+04  1.61838E+04  3.33378E+03  3.50880E+03  2.54169E+03  6.70922E-05  6.79617E-04  3.74645E-04
       4       3       4  1.59415E-03  1.01102E-03  1.59415E-05  1.23647E+00  1.60573E+00  2.83654E+00  1.55576E+02 -1.05955E+02 -4.00778E+00  6.03270E+04  5.10056E+04  4.00041E+04 -2.10388E+04 -2.64983E+03  4.73778E+03  1.89624E-04  7.20730E-04  1.00664E-04
       4       3       5  1.53579E-03  1.58443E-03  1.53579E-05  2.01344E+00  2.61638E+00  4.11734E+00  7.52672E+01 -4.20760E+01 -4.05882E+00  2.41380E+04  2.62570E+04  2.83935E+04  2.09989E+03  2.29244E+03  3.74034E+03  3.89210E-04  1.01671E-03  1.78509E-04
       4       3       6  1.38931E-03  1.68315E-03  1.38931E-05  2.48357E+00  3.24367E+00  5.66539E+00  5.82623E+01 -4.03639E+01  8.02782E-02  1.15502E+04  1.10148E+04  1.74679E+04 -2.03403E+03  4.25223E+03  3.93169E+03  1.30512E-04  1.23037E-03  3.22264E-04
       4       3       7  1.34146E-03  1.24856E-03  1.34146E-05  4.44698E+00  5.75370E+00  9.91142E+00  1.13502E+02 -1.13215E+02  5.86038E+01  3.22715E+04  2.96040E+04  3.61974E+04 -7.98980E+03 -5.45332E+02  5.73247E+03  2.99230E-04  7.15329E-04  2.34003E-04
       4       3       8  2.11294E-03  2.41686E-03  2.11294E-05  6.65740E+00  8.54522E+00  1.45983E+01  7.95152E+01 -7.84682E+01  3.37151E+01  1.66916E+04  1.53336E+04  1.98626E+04 -3.07202E+03  1.25572E+03  3.32126E+03  5.45978E-04  1.40420E-03  4.66689E-04
       4       3       9  2.55361E-03  2.57727E-03  2.55361E-05  9.11031E+00  1.16795E+01  1.94965E+01  3.06500E+01 -3.70006E+01  8.12402E+00  5.50836E+03  5.39831E+03  7.95426E+03 -3.68261E+02  1.89721E+03  2.18579E+03  2.41670E-04  1.02813E-03  1.30747E-03
       4       3      10  1.23486E-03  1.26091E-03  1.23486E-05  2.55929E+01  3.33696E+01  5.74610E+01  5.14114E+01 -4.16816E+01  1.53643E+01  1.42447E+04  1.26546E+04  1.87235E+04 -8.94912E+02  7.24213E+03  6.86009E+03  9.47024E-05  3.28606E-04  8.37597E-04
       4       4       1  2.92630E-03  3.30555E-03  2.92630E-05  2.99073E-01  3.91256E-01  3.47406E-01  8.38395E+01 -6.75140E+01 -7.14267E+00  4.23473E+04  3.57994E+04  2.58012E+04 -1.28046E+04 -9.55016E+01  6.84701E+02  5.24398E-05  2.87788E-03  3.75236E-04
       4       4       2  8.86352E-04  1.04039E-03  8.86352E-06  7.47214E-01  9.75478E-01  8.66920E-01  1.12200E+01  2.56801E+00 -2.29730E+01  4.23989E+04  4.67911E+04  2.78407E+04  7.79063E+03 -1.78878E+03 -6.95259E+01  1.07907E-04  8.05418E-04  1.27066E-04
       4       4       3  1.49436E-03  1.39906E-03  1.49436E-05  1.07899E+00  1.40468E+00  1.24732E+00  2.93394E+01 -2.07386E+01  7.53975E+00  2.09995E+04  2.13284E+04  1.42313E+04  9.40880E+02  8.59933E+02  1.42903E+03  4.60135E-05  1.03055E-03  3.22491E-04
       4       4       4  2.39236E-03  1.62075E-03  2.39236E-05  1.70694E+00  2.20915E+00  2.02835E+00  8.55946E+01 -6.70589E+01 -5.54936E+00  6.87199E+04  5.39431E+04  3.30531E+04 -2.65947E+04 -1.63567E+03  2.02796E+03  1.86635E-04  1.33175E-03  1.02368E-04
       4       4       5  2.46367E-03  3.45197E-03  2.46367E-05  2.59898E+00  3.40139E+00  3.01225E+00  6.03754E+01 -4.70628E+01 -2.58289E+00  2.98519E+04  3.09591E+04  1.97911E+04 -2.86699E+03 -4.25132E+02  1.67321E+03  3.58990E-04  2.94661E-03  1.46375E-04
       4       4       6  2.57877E-03  2.93982E-03  2.57877E-05  3.62445E+00  4.75125E+00  4.04300E+00  3.28533E+01 -2.42041E+01 -6.61361E+00  1.56144E+04  1.53713E+04  9.84572E+03  2.86864E+03  3.12961E+03  3.03265E+03  1.35161E-04  2.39379E-03  4.10870E-04
       4       4       7  2.61403E-03  2.62391E-03  2.61403E-05  5.97286E+00  7.76307E+00  6.94256E+00  1.54380E+02 -1.26967E+02  3.16918E+01  4.77934E+04  3.92195E+04  2.78834E+04 -1.44413E+04  2.23590E+03  4.97282E+03  2.92035E-04  1.92330E-03  4.08575E-04
       4       4       8  3.46108E-03  4.70782E-03  3.46108E-05  9.02931E+00  1.16906E+01  1.04585E+01  8.86418E+01 -7.86566E+01  2.51181E+01  2.09824E+04  2.15085E+04  1.70912E+04 -4.24705E+02  2.15579E+03  3.33446E+03  5.92535E-04  3.28194E-03  8.33352E-04
       4       4       9  4.96710E-03  5.67585E-03  4.96710E-05  1.25658E+01  1.61507E+01  1.42361E+01  4.72449E+01 -3.82541E+01  6.41756E+00  8.62382E+03  9.05453E+03  6.40725E+03  1.19263E+03  1.47412E+03  1.34953E+03  2.03155E-04  3.52254E-03  1.95016E-03
       4       4      10  3.31841E-03  4.14241E-03  3.31841E-05  3.62944E+01  4.72620E+01  4.10300E+01  5.43741E+01 -4.92295E+01 -9.51374E-01  1.45932E+04  1.86606E+04  1.17532E+04  6.38410E+03  2.60758E+03  1.83899E+03  9.12513E-05  3.18072E-03  8.70448E-04
       4       5       1  3.60439E-03  3.39750E-03  3.60439E-05  3.27378E-01  4.27824E-01  2.28855E-01  9.04445E+01 -7.27414E+01 -5.91159E+00  3.72780E+04  3.22588E+04  3.36138E+04 -1.05301E+04  5.65864E+02 -6.43855E+02  4.59924E-05  3.03712E-03  3.14382E-04
       4       5       2  1.12604E-03  1.15372E-03  1.12604E-05  8.53690E-01  1.10591E+00  5.98341E-01  2.47462E+01 -1.48301E+01 -2.72340E+01  4.30055E+04  5.10045E+04  3.29639E+04  1.62731E+04  9.34354E+01  1.15952E+03  1.09866E-04  9.15867E-04  1.27989E-04
       4       5       3  1.86407E-03  1.93094E-03  1.86407E-05  1.22893E+00  1.59656E+00  8.51023E-01  4.21515E+01 -3.38871E+01  1.39596E+00  2.98173E+04  3.52211E+04  1.86843E+04  1.22624E+04  8.20504E+02  3.43392E+02  3.26556E-05  1.58553E-03  3.12757E-04
       4       5       4  3.16978E-03  2.10644E-03  3.16978E-05  1.92719E+00  2.53260E+00  1.33633E+00  7.59714E+01 -5.28936E+01 -1.10119E+01  5.27798E+04  5.02794E+04  4.81442E+04 -6.95254E+02  2.91340E+02  9.45792E+02  1.89292E-04  1.78636E-03  1.30784E-04
       4       5       5  3.50390E-03  3.75095E-03  3.50390E-05  2.94815E+00  3.81895E+00  2.09148E+00  4.88986E+01 -3.57083E+01  6.49811E-01  2.85178E+04  3.34519E+04  2.34324E+04  5.76815E+03  8.96262E+02  2.42814E+03  3.39065E-04  3.15455E-03  2.57332E-04
       4       5       6  4.22478E-03  4.32395E-03  4.22478E-05  4.08889E+00  5.28348E+00  2.79215E+00  4.24711E+01 -2.67437E+01 -3.11084E+00  1.96472E+04  2.15411E+04  1.25509E+04  7.30320E+03  4.52395E+03  2.97791E+03  1.26195E-04  3.65756E-03  5.40194E-04
       4       5       7  5.08741E-03  3.08491E-03  5.08741E-05  6.74011E+00  8.68153E+00  4.63877E+00  1.12707E+02 -8.99833E+01  3.42117E+01  3.83189E+04  4.05330E+04  3.34729E+04  3.41337E+03  5.25082E+03  5.93346E+03  3.03886E-04  2.02206E-03  7.58970E-04
       4       5       8  5.47506E-03  5.82162E-03  5.47506E-05  1.02053E+01  1.31466E+01  7.05177E+00  7.18007E+01 -5.54329E+01  2.16319E+01  2.04454E+04  2.37193E+04  1.59504E+04  6.75142E+03  3.12743E+03  3.43151E+03  5.49788E-04  3.67954E-03  1.59229E-03
       4       5       9  8.47131E-03  8.43881E-03  8.47131E-05  1.43213E+01  1.84423E+01  9.74406E+00  3.41745E+01 -2.48708E+01  3.34867E+00  7.61323E+03  9.24631E+03  5.17261E+03  3.38465E+03  1.46777E+03  1.39561E+03  2.15852E-04  4.15006E-03  4.07290E-03
       4       5      10  9.23580E-03  5.58086E-03  9.23580E-05  4.15773E+01  5.32298E+01  2.98636E+01  4.44794E+01 -3.60247E+01  4.31506E+00  1.46387E+04  1.91547E+04  8.53383E+03  9.66596E+03  2.44777E+03  2.42272E+03  9.02160E-05  3.80935E-03  1.68130E-03
       4       6       1  3.99818E-03  4.22377E-03  3.99818E-05  3.47002E-01  4.53990E-01  7.57648E-02  1.07403E+02 -8.76858E+01 -2.36932E+00  3.70771E+04  3.32317E+04  3.03109E+04 -9.16236E+03 -1.62107E+02 -8.48494E+01  4.64717E-05  3.83954E-03  3.37755E-04
       4       6       2  1.27505E-03  1.35667E-03  1.27505E-05  9.05120E-01  1.18590E+00  1.97459E-01  7.90802E+01 -5.65473E+01 -2.36122E+01  4.36111E+04  4.65789E+04  2.78075E+04  6.26728E+03  6.01075E+02  1.08208E+03  8.86883E-05  1.12049E-03  1.47494E-04
       4       6       3  2.08315E-03  2.20331E-03  2.08315E-05  1.33615E+00  1.74877E+00  2.90566E-01  2.66408E+01 -2.26991E+01 -4.31997E+00  1.97005E+04  2.61411E+04  1.57055E+04  1.15274E+04  9.22726E+02  3.50015E+02  5.64766E-05  1.70028E-03  4.46549E-04
       4       6       4  3.67509E-03  3.06847E-03  3.67509E-05  2.09403E+00  2.71709E+00  4.73006E-01  8.29376E+01 -6.10475E+01 -7.25654E+00  6.12117E+04  5.22989E+04  3.73927E+04 -1.69495E+04  6.29314E+02  2.07802E+02  1.87299E-04  2.63373E-03  2.47440E-04
       4       6       5  4.25690E-03  4.54747E-03  4.25690E-05  3.17857E+00  4.12295E+00  6.85621E-01  5.08274E+01 -3.87125E+01 -1.72739E+00  3.63448E+04  3.62252E+04  1.55871E+04  1.07283E+03  7.21051E+02  1.28267E+03  3.38401E-04  3.80721E-03  4.01861E-04
       4       6       6  5.59397E-03  6.49863E-03  5.59397E-05  4.32300E+00  5.62328E+00  9.05919E-01  5.08475E+01 -3.88670E+01 -1.16347E+00  2.27308E+04  2.32322E+04  9.70960E+03 -2.57955E+02  9.30110E+02  8.60813E+02  1.26195E-04  5.64526E-03  7.27178E-04
       4       6       7  7.88612E-03  6.04056E-03  7.88612E-05  7.23653E+00  9.38112E+00  1.58189E+00  1.69126E+02 -1.31816E+02  1.41017E+01  5.44367E+04  4.69049E+04  1.89229E+04 -1.39497E+04  1.69961E+03  1.00584E+03  3.06848E-04  4.64821E-03  1.08550E-03
       4       6       8  7.96724E-03  1.02996E-02  7.96724E-05  1.09255E+01  1.41658E+01  2.27155E+00  1.06592E+02 -8.38519E+01  1.11746E+01  2.84864E+04  2.91121E+04  8.91744E+03  1.36583E+03  9.48206E+02  1.04768E+03  5.00692E-04  7.62598E-03  2.17297E-03
       4       6       9  1.15486E-02  1.35940E-02  1.15486E-04  1.51037E+01  1.96212E+01  3.07377E+00  5.40680E+01 -4.28800E+01  2.51407E+00  1.21998E+04  1.35359E+04  3.40164E+03  2.55680E+03  6.20178E+02  6.00116E+02  2.39553E-04  7.61687E-03  5.73753E-03
       4       6      10  1.82303E-02  2.12420E-02  1.82303E-04  4.25049E+01  5.52540E+01  9.38744E+00  9.85387E+01 -7.38697E+01  1.78130E+00  2.37446E+04  2.33465E+04  2.32964E+03 -1.43208E+02  1.98567E+02  2.44326E+02  8.91807E-05  2.00439E-02  1.10893E-03
       5       1       1  4.16224E-04  4.22655E-04  4.16224E-06  3.59504E-02  8.87780E-02  5.22275E-01  5.30693E+00  4.30860E+00 -6.83123E+00  2.53169E+04  3.90909E+04  8.34822E+04  5.96294E+03  1.07419E+04  5.84596E+03  3.95911E-05  6.80065E-06  3.76263E-04
       5       1       2  1.18970E-04  1.36574E-04  1.18970E-06  1.06673E-01  2.61029E-01  1.48237E+00  2.94128E+00  4.47567E+01 -1.30341E+00  2.77958E+04  3.30467E+04  7.54815E+04  3.35707E+03  1.30381E+04  3.23073E+03  4.31121E-05  5.23127E-07  9.29385E-05
       5       1       3  2.05489E-04  2.51646E-04  2.05489E-06  1.74630E-01  4.22836E-01  2.18721E+00 -4.18835E+00 -1.76353E+00  1.77749E-01  2.03275E+04  2.27221E+04  3.62644E+04  4.36213E+03  8.73023E+03  3.56176E+03  2.40878E-05  0.00000E+00  2.27558E-04
       5       1       4  2.85856E-04  1.30407E-04  2.85856E-06  2.21050E-01  5.30690E-01  3.51031E+00 -1.82903E+01  3.25526E+01 -2.78648E+01  4.86651E+04  6.06910E+04  3.62124E+04  2.13655E+02 -2.86079E+03  3.16702E+03  9.26533E-05  0.00000E+00  3.77537E-05
       5       1       5  2.57480E-04  2.08963E-04  2.57480E-06  3.34315E-01  8.10712E-01  5.17044E+00 -4.81632E-01  1.67970E+01 -2.67000E+01  1.58953E+04  2.04084E+04  3.04095E+04 -1.44643E+02  8.88150E+02  8.45166E+02  1.57079E-04  0.00000E+00  5.18839E-05
       5       1       6  1.98741E-04  2.11038E-04  1.98741E-06  4.88810E-01  1.18987E+00  6.96904E+00 -8.64541E+00  1.07768E+01  7.71753E+00  5.59629E+03  6.20002E+03  1.95819E+04  3.73989E+02  1.70905E+03  1.06264E+03  7.67130E-05  0.00000E+00  1.34325E-04
       5       1       7  2.09440E-04  1.34416E-04  2.09440E-06  7.98514E-01  1.93927E+00  1.23381E+01 -1.31021E+00 -1.83553E+02  1.68692E+01  2.69507E+04  4.04101E+04  2.56547E+04  2.22011E+02 -4.37387E+03  3.15500E+02  1.12158E-04  0.00000E+00  2.22572E-05
       5       1       8  3.49464E-04  3.07892E-04  3.49464E-06  1.20145E+00  2.91606E+00  1.79463E+01 -8.53279E+00 -9.66190E+01  2.76119E+01  1.00509E+04  1.51613E+04  2.42142E+04  1.34218E+03  9.43206E+02  3.13710E+02  2.06541E-04  0.00000E+00  1.01351E-04
       5       1       9  3.43955E-04  3.91923E-04  3.43955E-06  1.76139E+00  4.44187E+00  2.41301E+01  2.00359E-01 -2.66803E+01  1.06390E+01  2.36728E+03  3.48558E+03  9.84560E+03 -5.74488E+02  9.10417E+02  1.33854E+02  9.14197E-05  0.00000E+00  3.00503E-04
       5       1      10  1.56044E-04  1.39040E-04  1.56044E-06  4.75478E+00  1.15375E+01  7.32861E+01 -7.00058E-01 -3.02359E+01 -2.86174E+00  3.00151E+03  6.85108E+03  3.02904E+04  5.50767E+02  3.77501E+03  1.88450E+03  1.99758E-05  0.00000E+00  1.19064E-04
       5       2       1  1.25666E-03  1.00474E-03  1.25666E-05  8.95729E-02  2.08376E-01  5.10238E-01 -4.21980E+01  2.81199E+01 -1.13645E+01  3.12447E+04  3.17242E+04  4.94875E+04  2.19371E+03  4.95473E+03  2.42908E+03  5.57013E-05  3.76465E-04  5.72570E-04
       5       2       2  3.62538E-04  1.85488E-04  3.62538E-06  2.16093E-01  5.13433E-01  1.36191E+00  1.87687E+01  7.26474E+01 -3.57498E+01  4.56700E+04  6.51969E+04  8.46131E+04  2.23214E+04  1.10392E+04  9.25494E+03  6.14064E-05  1.73782E-05  1.06704E-04
       5       2       3  6.24839E-04  2.92849E-04  6.24839E-06  3.09911E-01  7.47341E-01  2.11419E+00  1.30942E+01  1.73559E+01 -6.12592E+00  1.25370E+04  4.13246E+04  6.00015E+04  1.56344E+04  1.19777E+04  4.87140E+03  5.00880E-05  1.64785E-05  2.26283E-04
       5       2       4  8.92366E-04  3.61596E-04  8.92366E-06  5.46035E-01  1.31341E+00  3.22541E+00  6.51269E+01 -6.68919E+00 -1.00029E+01  3.75083E+04  6.55461E+04  7.14204E+04  3.73061E+03  6.22784E+03  8.60936E+03  1.32836E-04  1.04731E-04  1.24029E-04
       5       2       5  8.21357E-04  4.87007E-04  8.21357E-06  7.84744E-01  1.85268E+00  4.83478E+00  7.49820E+00  1.42898E+01 -1.92746E+01  9.19438E+03  2.52591E+04  5.24153E+04  2.81570E+03  7.04456E+03  5.44974E+03  2.62020E-04  7.25271E-05  1.52460E-04
       5       2       6  6.67797E-04  6.46524E-04  6.67797E-06  1.07179E+00  2.60026E+00  6.74072E+00  6.79419E+00  2.26667E+00 -9.29887E+00  2.40334E+03  8.68555E+03  3.33836E+04  1.77024E+03  8.70263E+03  3.77334E+03  1.12579E-04  1.85187E-04  3.48759E-04
       5       2       7  6.74227E-04  5.67692E-04  6.74227E-06  1.88789E+00  4.58552E+00  1.10514E+01  5.63605E+01 -9.83113E+01  5.64606E+01  2.24182E+04  2.70952E+04  4.76446E+04 -3.15734E+03  5.00324E+03  4.54313E+03  1.98922E-04  1.14153E-04  2.54617E-04
       5       2       8  1.12214E-03  8.67602E-04  1.12214E-05  2.76012E+00  6.69284E+00  1.66088E+01  6.64772E+00 -6.75167E+01  3.67537E+01  4.82963E+03  1.51567E+04  3.05539E+04  6.74724E+02  5.18740E+03  3.20687E+03  3.71181E-04  1.95262E-05  4.76895E-04
       5       2       9  1.17988E-03  1.21821E-03  1.17988E-05  3.65147E+00  9.10377E+00  2.30272E+01 -1.29016E+00 -1.57336E+01  6.97399E+00  9.93327E+02  3.49305E+03  9.52861E+03  6.53642E+02  2.15656E+03  1.18504E+03  1.64217E-04  0.00000E+00  1.05400E-03
       5       2      10  5.25937E-04  4.23267E-04  5.25937E-06  1.19207E+01  2.79308E+01  6.67884E+01  2.18689E+01 -3.01174E+01  1.89973E+00  7.66759E+03  8.78226E+03  2.52976E+04  2.74150E+02  8.33607E+03  4.26521E+03  3.95456E-05  4.20418E-05  3.41680E-04
       5       3       1  2.10571E-03  2.16013E-03  2.10571E-05  1.41187E-01  3.37846E-01  4.94405E-01 -7.86951E+01  3.13360E+01 -4.79244E+00  3.85473E+04  2.89041E+04  3.11615E+04 -4.62994E+03  1.18700E+03  6.25632E+02  4.58356E-05  1.67281E-03  4.41479E-04
       5       3       2  6.19381E-04  6.48221E-04  6.19381E-06  3.42283E-01  8.48557E-01  1.20233E+00 -4.14499E+01  3.27904E+01 -1.54893E+01  3.21182E+04  4.97934E+04  4.23109E+04  9.21473E+03  1.67121E+03  1.96144E+03  7.02662E-05  4.55744E-04  1.22211E-04
       5       3       3  1.06007E-03  9.93661E-04  1.06007E-05  5.00337E-01  1.20809E+00  1.74143E+00 -6.46831E+00  3.24438E+00 -8.23330E-01  1.19606E+04  1.79612E+04  2.28169E+04  3.31741E+03  6.85107E+03  2.70542E+03  3.93169E-05  6.49844E-04  3.04501E-04
       5       3       4  1.59067E-03  9.92177E-04  1.59067E-05  7.76876E-01  1.86186E+00  2.80585E+00  1.75219E+02 -7.05654E+01 -9.10995E+00  6.79826E+04  4.90408E+04  4.34582E+04 -1.31450E+04  3.13818E+03  4.09463E+03  1.31176E-04  7.19010E-04  1.41992E-04
       5       3       5  1.53215E-03  1.55082E-03  1.53215E-05  1.25471E+00  3.03751E+00  4.09593E+00  8.70793E+01 -2.67672E+01 -7.44190E+00  2.21389E+04  2.99147E+04  3.19309E+04  2.94790E+03  5.84908E+03  3.13008E+03  2.78292E-04  1.05881E-03  2.13716E-04
       5       3       6  1.38555E-03  1.62364E-03  1.38555E-05  1.55566E+00  3.73826E+00  5.72247E+00  7.08012E+01 -1.96244E+01  3.60758E+00  1.26239E+04  1.09715E+04  2.17678E+04 -1.13742E+03  7.16089E+03  3.54553E+03  9.63063E-05  1.20818E-03  3.19148E-04
       5       3       7  1.33805E-03  1.16661E-03  1.33805E-05  2.81983E+00  6.70342E+00  9.86278E+00  1.21787E+02 -7.67405E+01  3.52897E+01  3.18030E+04  2.74681E+04  3.92134E+04 -3.91966E+03  5.89135E+03  4.83196E+03  1.98499E-04  6.47771E-04  3.20340E-04
       5       3       8  2.10952E-03  2.54023E-03  2.10952E-05  4.16547E+00  9.98987E+00  1.45832E+01  8.21300E+01 -5.38133E+01  1.51579E+01  1.58499E+04  1.50519E+04  2.09209E+04 -1.02544E+03  4.77651E+03  2.83519E+03  4.04193E-04  1.40847E-03  7.27572E-04
       5       3       9  2.54591E-03  2.98945E-03  2.54591E-05  5.71247E+00  1.37232E+01  1.97520E+01  3.43527E+01 -1.69706E+01  3.35125E+00  4.70242E+03  4.64286E+03  7.23359E+03 -6.47337E+01  2.74867E+03  1.35069E+03  1.43055E-04  1.04990E-03  1.79649E-03
       5       3      10  1.22910E-03  1.20619E-03  1.22910E-05  1.61206E+01  3.98872E+01  5.80734E+01  5.11706E+01 -2.37623E+01  5.64310E+00  1.25026E+04  1.22263E+04  1.91055E+04  1.44197E+02  1.04972E+04  4.55578E+03  4.57576E-05  2.89965E-04  8.70464E-04
       5       4       1  2.91928E-03  3.40910E-03  2.91928E-05  1.90080E-01  4.57282E-01  3.51327E-01  1.02143E+02 -3.91286E+01 -1.71438E+00  4.81554E+04  3.10436E+04  2.37045E+04 -8.56997E+03  4.21496E+01  2.46785E+02  3.91703E-05  3.02824E-03  3.41685E-04
       5       4       2  8.83331E-04  1.05857E-03  8.83331E-06  4.63850E-01  1.13896E+00  8.78918E-01  1.33359E+01 -1.97458E+00 -1.02937E+01  3.69498E+04  5.55416E+04  2.81294E+04  7.91246E+03 -1.63153E+03  6.19826E+02  6.78922E-05  8.63833E-04  1.26847E-04
       5       4       3  1.49104E-03  1.58128E-03  1.49104E-05  6.77411E-01  1.64833E+00  1.27367E+00  3.43385E+01 -9.98790E+00 -1.20821E+01  1.77835E+04  1.88127E+04  1.36891E+04  1.21046E+03  1.28324E+03 -3.49161E+02  3.52455E-05  1.34065E-03  2.05386E-04
       5       4       4  2.38302E-03  1.55464E-03  2.38302E-05  1.06182E+00  2.56863E+00  2.02496E+00  1.08738E+02 -3.63983E+01 -4.80324E+00  8.46707E+04  4.05687E+04  3.07400E+04 -1.90675E+04 -1.05546E+02  1.46563E+03  1.44459E-04  1.31171E-03  9.84723E-05
       5       4       5  2.45224E-03  3.70792E-03  2.45224E-05  1.63369E+00  3.94890E+00  2.99717E+00  7.13506E+01 -2.94076E+01 -2.37479E+00  3.19346E+04  3.12735E+04  1.92767E+04 -2.10035E+03  1.03496E+03  9.60045E+02  2.55378E-04  3.25371E-03  1.98835E-04
       5       4       6  2.56535E-03  2.74378E-03  2.56535E-05  2.29151E+00  5.54856E+00  4.03515E+00  3.97280E+01 -1.72654E+01 -1.94856E+00  1.38003E+04  1.87157E+04  1.02481E+04  3.12791E+03  3.81127E+03  1.82872E+03  9.96272E-05  2.31308E-03  3.31073E-04
       5       4       7  2.59633E-03  2.48398E-03  2.59633E-05  3.74100E+00  9.07221E+00  6.97238E+00  1.88549E+02 -9.34306E+01  1.51495E+01  5.70205E+04  3.37723E+04  2.56542E+04 -1.25499E+04  3.62907E+03  2.81530E+03  2.06541E-04  1.93905E-03  3.38389E-04
       5       4       8  3.44862E-03  4.25123E-03  3.44862E-05  5.66668E+00  1.36721E+01  1.03904E+01  1.12971E+02 -5.38310E+01  1.04467E+01  2.28181E+04  2.15219E+04  1.56868E+04 -4.63411E+02  2.39154E+03  1.29514E+03  3.53828E-04  3.28478E-03  6.12617E-04
       5       4       9  4.93910E-03  5.51069E-03  4.93910E-05  7.80934E+00  1.88852E+01  1.42203E+01  5.66325E+01 -2.59715E+01  4.26462E+00  8.15036E+03  9.28748E+03  6.22016E+03  5.56095E+02  1.37542E+03  6.95780E+02  1.66756E-04  3.56955E-03  1.77439E-03
       5       4      10  3.27864E-03  4.12774E-03  3.27864E-05  2.29067E+01  5.59607E+01  4.10675E+01  7.12447E+01 -2.59833E+01  6.21089E-01  1.21786E+04  2.04426E+04  1.09240E+04  4.62106E+03  2.28132E+03  9.14257E+02  4.64072E-05  3.42430E-03  6.57029E-04
       5       5       1  3.59241E-03  3.35254E-03  3.59241E-05  2.05154E-01  4.93380E-01  2.27677E-01  1.06848E+02 -4.75983E+01 -2.78798E+00  4.26407E+04  2.70907E+04  3.08171E+04 -7.85301E+03 -6.78335E+02 -1.48052E+02  3.54969E-05  3.00136E-03  3.15689E-04
       5       5       2  1.12037E-03  9.78720E-04  1.12037E-05  5.36694E-01  1.28563E+00  5.99855E-01  3.43560E+01 -2.85432E+00 -1.84950E+01  3.94062E+04  6.10150E+04  3.16764E+04  1.21704E+04 -1.22074E+03  5.48726E+02  6.47742E-05  8.36645E-04  7.73004E-05
       5       5       3  1.85832E-03  1.84680E-03  1.85832E-05  7.75821E-01  1.87190E+00  8.60160E-01  5.14244E+01 -2.07764E+01 -5.80997E+00  2.43548E+04  4.85828E+04  1.70610E+04  1.12136E+04 -1.03733E+02  4.62800E+01  3.32287E-05  1.51208E-03  3.01492E-04
       5       5       4  3.15216E-03  1.97588E-03  3.15216E-05  1.22783E+00  2.94278E+00  1.33705E+00  9.06571E+01 -3.17525E+01 -4.93497E+00  5.10639E+04  5.20111E+04  4.68694E+04 -1.77629E+02  7.53082E+01  7.08306E+02  1.32172E-04  1.71672E-03  1.26990E-04
       5       5       5  3.47894E-03  3.62884E-03  3.47894E-05  1.85024E+00  4.50031E+00  2.09850E+00  5.36877E+01 -2.72468E+01  6.10790E-01  2.50965E+04  3.81961E+04  2.29900E+04  4.12975E+03  3.61319E+03  3.06122E+03  2.56374E-04  3.04704E-03  3.25431E-04
       5       5       6  4.19200E-03  4.43920E-03  4.19200E-05  2.53481E+00  6.22375E+00  2.79659E+00  4.39365E+01 -1.51507E+01 -2.97172E+00  1.50232E+04  2.85207E+04  1.26324E+04  7.16491E+03  7.17924E+03  2.04084E+03  9.06608E-05  3.62624E-03  7.22301E-04
       5       5       7  5.02361E-03  3.32870E-03  5.02361E-05  4.13954E+00  1.01698E+01  4.63447E+00  1.19119E+02 -5.38664E+01  1.92803E+01  3.46534E+04  4.71045E+04  2.97610E+04  5.29816E+03  9.18383E+03  3.88665E+03  2.00615E-04  2.02361E-03  1.10448E-03
       5       5       8  5.42614E-03  6.37608E-03  5.42614E-05  6.25394E+00  1.54532E+01  7.04184E+00  7.26629E+01 -3.41882E+01  1.30511E+01  1.52506E+04  2.89389E+04  1.47381E+04  5.68121E+03  6.59737E+03  3.00783E+03  3.48749E-04  3.63617E-03  2.39116E-03
       5       5       9  8.40108E-03  9.93669E-03  8.40108E-05  8.60031E+00  2.17821E+01  9.96523E+00  3.16752E+01 -1.40460E+01  2.39197E+00  4.91682E+03  1.00870E+04  4.53220E+03  2.31882E+03  2.30844E+03  9.81673E+02  1.50673E-04  4.06594E-03  5.72008E-03
       5       5      10  9.04062E-03  4.48721E-03  9.04062E-05  2.56856E+01  6.16249E+01  2.89968E+01  6.71996E+01 -1.44722E+01  4.01094E+00  1.17166E+04  2.40888E+04  8.56624E+03  7.44345E+03  1.61768E+03  8.57447E+02  4.62042E-05  3.63953E-03  8.01473E-04
       5       6       1  3.98267E-03  4.26960E-03  3.98267E-05  2.17535E-01  5.25270E-01  7.57568E-02  1.25497E+02 -5.59787E+01 -2.55299E+00  4.11358E+04  2.90676E+04  2.81488E+04 -6.51422E+03 -3.68560E+02 -2.81563E+02  3.35649E-05  3.86015E-03  3.75889E-04
       5       6       2  1.26728E-03  1.26638E-03  1.26728E-05  5.67069E-01  1.38579E+00  1.96180E-01  9.38951E+01 -3.84722E+01 -1.11576E+01  4.23477E+04  5.45017E+04  2.53621E+04  4.96532E+03  9.71698E+02  8.80182E+02  6.44848E-05  1.01476E-03  1.87136E-04
       5       6       3  2.07564E-03  2.10845E-03  2.07564E-05  8.32110E-01  2.04793E+00  2.92936E-01  3.45830E+01 -1.30929E+01 -1.07582E+00  1.64582E+04  3.79658E+04  1.67482E+04  1.00669E+04  2.35581E+03  1.50135E+03  3.13210E-05  1.53302E-03  5.44112E-04
       5       6       4  3.65091E-03  3.19516E-03  3.65091E-05  1.30501E+00  3.18575E+00  4.86959E-01  9.37563E+01 -3.92761E+01 -2.68350E+00  6.86700E+04  5.05722E+04  3.50861E+04 -1.06347E+04  1.55737E+03  8.02920E+02  1.32504E-04  2.71564E-03  3.47008E-04
       5       6       5  4.21947E-03  4.41906E-03  4.21947E-05  1.97549E+00  4.78597E+00  6.86253E-01  5.86395E+01 -2.38528E+01 -1.18429E+00  3.58600E+04  4.32397E+04  1.43780E+04  3.10040E+03  1.68603E+03  1.23250E+03  2.50064E-04  3.62097E-03  5.48028E-04
       5       6       6  5.54147E-03  6.69837E-03  5.54147E-05  2.68858E+00  6.55550E+00  9.24779E-01  5.61006E+01 -2.30771E+01  2.11310E+00  2.18469E+04  2.52607E+04  9.50723E+03  6.63496E+02  1.97549E+03  8.97072E+02  8.26906E-05  5.71726E-03  8.98422E-04
       5       6       7  7.75617E-03  6.12887E-03  7.75617E-05  4.48556E+00  1.09626E+01  1.60141E+00  1.94108E+02 -8.47931E+01  8.70137E+00  6.00867E+04  4.37091E+04  1.65931E+04 -1.00136E+04  3.28528E+03  1.23523E+03  1.86648E-04  4.63644E-03  1.30578E-03
       5       6       8  7.83638E-03  1.06132E-02  7.83638E-05  6.79454E+00  1.65641E+01  2.34081E+00  1.20053E+02 -4.93696E+01  6.33753E+00  2.68086E+04  3.05505E+04  7.99617E+03  1.79695E+03  9.73703E+02  3.90715E+02  3.64832E-04  7.65918E-03  2.58916E-03
       5       6       9  1.14273E-02  1.48157E-02  1.14273E-04  9.34586E+00  2.31288E+01  3.20101E+00  5.84963E+01 -2.43700E+01  2.03637E+00  1.01603E+04  1.39528E+04  2.88289E+03  1.80232E+03  3.79418E+02  1.30656E+02  1.32051E-04  7.57938E-03  7.10425E-03
       5       6      10  1.77177E-02  2.05342E-02  1.77177E-04  2.66692E+01  6.41488E+01  9.32726E+00  1.16316E+02 -5.15984E+01  2.48253E-01  2.42777E+04  2.34248E+04  2.15312E+03 -7.11873E+02  5.13376E+02  1.86159E+02  4.63666E-05  1.98851E-02  6.02709E-04
       6       1       1  4.16196E-04  4.82212E-04  4.16196E-06  1.06718E-02  9.14723E-02  5.08296E-01  1.14168E+01  2.01810E+01  5.38228E+00  1.97553E+04  4.03327E+04  8.62771E+04  3.79114E+03  1.08922E+04  2.99432E+03  3.88496E-05  1.09857E-05  4.32377E-04
       6       1       2  1.18961E-04  1.28371E-04  1.18961E-06  3.40703E-02  2.78813E-01  1.47884E+00 -1.21826E+00  2.92571E+01  7.30911E+00  3.48180E+04  4.38466E+04  8.04062E+04 -5.68007E+03  1.29186E+04 -2.29152E+03  3.83478E-05  7.84690E-07  8.92388E-05
       6       1       3  2.05476E-04  2.48749E-04  2.05476E-06  5.26822E-02  4.56834E-01  2.21401E+00 -1.22807E+00  4.64905E+00  8.03639E+00  1.48749E+04  2.07958E+04  2.91719E+04  3.02724E+03  6.85093E+03  9.96427E+02  2.42794E-05  1.30782E-06  2.23162E-04
       6       1       4  2.85827E-04  1.21000E-04  2.85827E-06  7.91285E-02  5.67571E-01  3.53744E+00  1.32352E+01  2.72474E+01 -3.42068E+01  4.79030E+04  5.22268E+04  4.22311E+04  3.56731E+03 -1.36784E+03  2.39991E+03  8.20264E-05  0.00000E+00  3.89740E-05
       6       1       5  2.57456E-04  2.36961E-04  2.57456E-06  1.16572E-01  8.88710E-01  5.20685E+00 -3.67796E-01  1.16100E+01 -3.63464E+01  1.51789E+04  1.93404E+04  2.84881E+04 -4.01654E+02  2.55931E+03  3.31996E+02  1.66377E-04  0.00000E+00  7.05831E-05
       6       1       6  1.98720E-04  1.91622E-04  1.98720E-06  1.72031E-01  1.27450E+00  6.89890E+00 -5.14524E+00 -1.56978E-01 -5.36756E+01  5.04712E+03  5.79033E+03  1.61286E+04  9.30284E+01  1.53682E+03  6.46028E+02  6.37614E-05  0.00000E+00  1.27861E-04
       6       1       7  2.09425E-04  1.56194E-04  2.09425E-06  2.72184E-01  2.10635E+00  1.22676E+01  1.79834E+00 -1.55126E+02  5.25041E+00  2.27530E+04  3.31949E+04  3.71605E+04 -8.72399E+02 -8.92400E+02  3.62061E+01  1.06656E-04  0.00000E+00  4.95377E-05
       6       1       8  3.49439E-04  3.02705E-04  3.49439E-06  4.24054E-01  3.17565E+00  1.79060E+01 -2.47744E+00 -9.70406E+01 -1.45858E+01  9.59423E+03  1.43646E+04  2.55038E+04  4.15789E+02  2.05579E+03  3.42400E+02  1.88341E-04  0.00000E+00  1.14364E-04
       6       1       9  3.43913E-04  4.60690E-04  3.43913E-06  6.67586E-01  4.83710E+00  2.43739E+01 -1.36608E+00 -2.77158E+01 -1.67740E+01  2.13037E+03  3.02060E+03  8.79210E+03 -2.82863E+02  1.10600E+03  2.20368E+02  9.14197E-05  0.00000E+00  3.69271E-04
       6       1      10  1.56029E-04  1.47771E-04  1.56029E-06  1.60780E+00  1.16758E+01  7.24183E+01  3.45166E-01 -2.26716E+01  1.75645E+01  2.66293E+03  6.55028E+03  3.24426E+04  2.40764E+02  4.23179E+03  7.19187E+02  1.95495E-05  0.00000E+00  1.28222E-04
       6       2       1  1.25624E-03  9.10868E-04  1.25624E-05  2.80661E-02  2.31873E-01  5.24163E-01 -4.95468E+01  1.33073E+01 -5.46016E+00  3.54176E+04  4.11652E+04  5.84732E+04  4.48118E+02  5.62503E+03  1.39159E+03  5.14766E-05  4.04000E-04  4.55391E-04
       6       2       2  3.62391E-04  2.23715E-04  3.62391E-06  7.48658E-02  5.58381E-01  1.36665E+00  3.04200E+01  3.83589E+01 -2.77004E+01  2.21623E+04  6.95277E+04  8.37016E+04  5.88158E+03  1.25787E+04  1.37250E+02  4.97924E-05  2.07084E-05  1.53214E-04
       6       2       3  6.24649E-04  4.33430E-04  6.24649E-06  1.04594E-01  8.41972E-01  2.09753E+00  3.60880E+00  9.40933E+00 -7.33838E+00  4.51700E+03  2.43275E+04  4.34953E+04  4.16130E+03  1.00169E+04  2.51604E+03  5.38785E-05  2.06635E-05  3.58888E-04
       6       2       4  8.91922E-04  3.54882E-04  8.91922E-06  1.75716E-01  1.44052E+00  3.23267E+00  9.22362E+01  9.55919E+00 -8.38118E+00  4.29427E+04  5.86251E+04  6.24527E+04 -3.68948E+02  5.22331E+03  2.96511E+02  1.22542E-04  1.26862E-04  1.05479E-04
       6       2       5  8.20948E-04  4.89088E-04  8.20948E-06  2.77119E-01  2.04240E+00  4.84952E+00  9.35391E+00  1.89576E+01  1.20622E+01  6.65322E+03  2.73991E+04  4.86657E+04  1.21588E+03  6.94057E+03  1.35408E+03  2.51393E-04  8.95462E-05  1.48149E-04
       6       2       6  6.67417E-04  5.66517E-04  6.67417E-06  3.96360E-01  2.89504E+00  6.67532E+00  7.71503E+00  1.48388E+01  1.92283E+01  1.61166E+03  9.42670E+03  3.19311E+04  3.04372E+02  9.84719E+03  1.17968E+03  9.29854E-05  1.93557E-04  2.79975E-04
       6       2       7  6.73952E-04  5.27484E-04  6.73952E-06  6.48805E-01  4.98427E+00  1.12128E+01  8.64538E+01 -7.12207E+01  6.01830E+01  2.95588E+04  2.50903E+04  4.07340E+04 -1.70528E+03  4.48692E+03  1.84407E+03  1.70142E-04  1.54707E-04  2.02634E-04
       6       2       8  1.12174E-03  9.11464E-04  1.12174E-05  9.38829E-01  6.84100E+00  1.65852E+01  2.45790E+01 -5.46691E+01  3.31215E+01  7.38306E+03  1.44189E+04  2.92273E+04 -1.11856E+02  6.23339E+03  1.40895E+03  3.34359E-04  9.23737E-05  4.84732E-04
       6       2       9  1.17912E-03  1.14585E-03  1.17912E-05  1.21391E+00  9.48949E+00  2.31565E+01  7.55420E-01 -1.18648E+01  7.88482E+00  6.62800E+02  3.50888E+03  8.96800E+03  2.34630E+02  2.37361E+03  3.71857E+02  1.35437E-04  0.00000E+00  1.01041E-03
       6       2      10  5.25588E-04  3.37745E-04  5.25588E-06  3.72326E+00  2.83431E+01  6.63861E+01  4.95157E+01 -2.21281E+01  8.93683E+00  1.35680E+04  7.95615E+03  2.18167E+04 -6.38014E+02  6.60495E+03  1.03196E+03  3.20141E-05  6.81119E-05  2.37619E-04
       6       3       1  2.10401E-03  1.97285E-03  2.10401E-05  4.68440E-02  3.61836E-01  4.97837E-01 -9.12706E+01  2.18948E+01 -6.76919E+00  4.22536E+04  2.60089E+04  3.16649E+04  6.41637E+01 -3.33224E+01  1.92355E+02  3.95649E-05  1.65464E-03  2.78638E-04
       6       3       2  6.18726E-04  6.00290E-04  6.18726E-06  1.21532E-01  8.92671E-01  1.21787E+00 -4.80641E+01  3.53236E+01 -1.99303E+01  2.89963E+04  4.47881E+04  4.22843E+04  3.02043E+03  4.91649E+03  4.59946E+02  7.34055E-05  4.14845E-04  1.12040E-04
       6       3       3  1.05928E-03  9.70317E-04  1.05928E-05  1.73946E-01  1.26556E+00  1.76242E+00 -3.17396E+00  6.54873E+00 -1.53588E+00  1.09033E+04  1.58827E+04  2.18603E+04  9.86196E+02  4.14345E+03  6.93202E+02  2.21256E-05  6.87219E-04  2.60972E-04
       6       3       4  1.58866E-03  8.92501E-04  1.58866E-05  2.62002E-01  1.98833E+00  2.82757E+00  1.97342E+02 -1.15023E+01 -3.17655E+00  7.48506E+04  4.05100E+04  3.98078E+04 -4.00411E+03 -1.42494E+02  1.60532E+03  1.19885E-04  6.75727E-04  9.68898E-05
       6       3       5  1.53006E-03  1.44384E-03  1.53006E-05  4.35460E-01  3.25449E+00  4.11222E+00  9.92133E+01 -3.22534E+00 -6.12013E+00  2.17671E+04  3.04945E+04  2.74710E+04  8.50018E+02  4.51368E+03  1.01930E+03  2.47076E-04  1.03767E-03  1.59095E-04
       6       3       6  1.38339E-03  1.64695E-03  1.38339E-05  5.43826E-01  4.03061E+00  5.70181E+00  7.23490E+01 -9.98489E+00 -3.42784E+00  1.26448E+04  9.99455E+03  1.56766E+04 -3.37631E+02  5.48498E+03  9.04928E+02  8.46832E-05  1.26041E-03  3.01854E-04
       6       3       7  1.33609E-03  1.01203E-03  1.33609E-05  9.57540E-01  7.27453E+00  9.85938E+00  1.32485E+02 -5.94612E+01  2.63912E+01  3.37186E+04  2.88387E+04  3.62954E+04 -1.59961E+03  5.24324E+03  1.51071E+03  1.80723E-04  6.04726E-04  2.26584E-04
       6       3       8  2.10754E-03  2.15573E-03  2.10754E-05  1.43158E+00  1.07079E+01  1.46621E+01  9.48645E+01 -3.58258E+01  1.47952E+01  1.69461E+04  1.52415E+04  1.96143E+04 -3.41661E+02  3.79022E+03  6.97395E+02  3.37745E-04  1.34260E-03  4.75391E-04
       6       3       9  2.54147E-03  2.31860E-03  2.54147E-05  1.97696E+00  1.44111E+01  1.95596E+01  4.64264E+01 -1.33203E+01  4.49096E+00  5.89550E+03  5.56164E+03  7.79822E+03 -1.86915E+02  2.85864E+03  5.31584E+02  1.43478E-04  1.08757E-03  1.08755E-03
       6       3      10  1.22580E-03  1.15749E-03  1.22580E-05  5.54475E+00  4.51289E+01  5.70750E+01  5.03780E+01 -1.18781E+01  3.72258E+00  1.13411E+04  1.34794E+04  1.76427E+04  1.84266E+02  1.15988E+04  1.53493E+03  3.29073E-05  2.65544E-04  8.59037E-04
       6       4       1  2.91523E-03  3.24130E-03  2.91523E-05  6.47637E-02  4.90586E-01  3.49750E-01  1.13486E+02 -1.51963E+01 -1.28932E+00  5.33819E+04  2.67290E+04  2.39647E+04 -3.16491E+03  9.38459E+00  1.10884E+02  3.72530E-05  2.98225E-03  2.21804E-04
       6       4       2  8.81598E-04  9.71595E-04  8.81598E-06  1.68487E-01  1.21723E+00  8.67688E-01  1.43134E+01  6.91749E+00 -1.25506E+01  3.74916E+04  5.45754E+04  2.83374E+04  2.94300E+03  4.55468E+02 -1.35916E+02  5.35548E-05  8.10795E-04  1.07245E-04
       6       4       3  1.48913E-03  1.36535E-03  1.48913E-05  2.50982E-01  1.75997E+00  1.24434E+00  3.50369E+01 -1.28348E+01  1.72226E+00  2.09741E+04  1.97294E+04  1.34334E+04 -6.78252E+02  1.33035E+03  7.89404E+02  3.60478E-05  1.11546E-03  2.13848E-04
       6       4       4  2.37765E-03  1.42429E-03  2.37765E-05  3.55452E-01  2.74836E+00  2.02842E+00  1.20079E+02 -8.03028E+00 -2.62575E+00  9.36186E+04  3.44544E+04  2.79187E+04 -6.48374E+03 -2.57846E+03  6.42120E+02  1.16896E-04  1.23929E-03  6.81031E-05
       6       4       5  2.44569E-03  3.70775E-03  2.44569E-05  5.52225E-01  4.25712E+00  3.00080E+00  7.75553E+01 -4.72626E+00 -1.25260E+00  3.41447E+04  2.68452E+04  1.72301E+04 -1.21310E+03 -1.57161E+01  2.32826E+02  2.35452E-04  3.34524E-03  1.27054E-04
       6       4       6  2.55765E-03  2.56966E-03  2.55765E-05  8.06899E-01  5.97404E+00  4.06249E+00  4.43301E+01  1.01052E+00  7.32965E-01  1.23245E+04  1.71800E+04  8.70530E+03  1.43439E+03  2.17638E+03  3.88726E+02  7.63809E-05  2.22235E-03  2.70925E-04
       6       4       7  2.58622E-03  2.36441E-03  2.58622E-05  1.29687E+00  9.72510E+00  6.98610E+00  2.14082E+02 -3.89090E+01  1.90647E+01  6.44888E+04  2.80613E+04  2.37889E+04 -5.61433E+03  2.21920E+03  3.21353E+02  1.79030E-04  1.94967E-03  2.35711E-04
       6       4       8  3.44148E-03  4.28354E-03  3.44148E-05  1.98492E+00  1.46929E+01  1.04365E+01  1.22589E+02 -2.38215E+01  1.30796E+01  2.28944E+04  2.22345E+04  1.48162E+04 -2.52373E+02  2.34369E+03  6.33897E+02  3.41977E-04  3.33533E-03  6.06240E-04
       6       4       9  4.92302E-03  5.37339E-03  4.92302E-05  2.74596E+00  2.03305E+01  1.41207E+01  6.12669E+01 -9.57849E+00  3.41806E+00  7.97951E+03  1.00705E+04  6.06292E+03  2.86293E+02  1.69348E+03  2.24868E+02  1.28665E-04  3.54574E-03  1.69899E-03
       6       4      10  3.25599E-03  4.59280E-03  3.25599E-05  7.92597E+00  6.03120E+01  4.21400E+01  7.10644E+01 -5.93692E+00  2.22885E+00  9.58152E+03  2.05702E+04  1.16564E+04  1.77291E+03  2.82563E+03  4.45028E+02  3.37396E-05  3.68398E-03  8.75080E-04
       6       5       1  3.58552E-03  3.26423E-03  3.58552E-05  6.96153E-02  5.35370E-01  2.29555E-01  1.19587E+02 -1.61702E+01 -2.83066E+00  4.56815E+04  2.58536E+04  3.15064E+04 -2.38353E+03  5.71549E+02 -1.45689E+02  3.27050E-05  3.03661E-03  1.94907E-04
       6       5       2  1.11712E-03  9.99228E-04  1.11712E-05  1.85280E-01  1.37919E+00  5.96175E-01  3.70728E+01  3.37761E-01 -1.26251E+01  3.32253E+04  6.17698E+04  3.22698E+04  4.79711E+03  1.16743E+03  3.68499E+02  4.82082E-05  8.78669E-04  7.23514E-05
       6       5       3  1.85502E-03  1.87313E-03  1.85502E-05  2.63501E-01  1.99855E+00  8.53028E-01  4.89501E+01 -1.12220E+01  1.33506E+00  1.71644E+04  4.19702E+04  1.55432E+04  3.40787E+03 -1.75043E+01  9.25804E+01  3.78287E-05  1.61288E-03  2.22422E-04
       6       5       4  3.14205E-03  2.02886E-03  3.14205E-05  4.29108E-01  3.17072E+00  1.33864E+00  9.66547E+01 -1.26688E+01 -5.35629E+00  5.37478E+04  4.85810E+04  4.42633E+04 -7.54732E+02 -5.05011E+02 -1.80871E+03  1.14571E-04  1.82244E-03  9.18488E-05
       6       5       5  3.46469E-03  3.47047E-03  3.46469E-05  6.37185E-01  4.78314E+00  2.09589E+00  6.32406E+01 -9.83462E+00 -1.12471E+00  2.53414E+04  3.55537E+04  2.22613E+04  1.25072E+03  5.29380E+02  1.77641E+03  2.07557E-04  3.07686E-03  1.86052E-04
       6       5       6  4.17324E-03  3.94291E-03  4.17324E-05  8.82195E-01  6.61055E+00  2.80063E+00  4.90516E+01 -6.22730E+00 -1.39221E+00  1.26701E+04  2.41152E+04  1.08051E+04  1.75557E+03  3.23907E+03  9.27941E+01  7.73772E-05  3.48630E-03  3.79230E-04
       6       5       7  4.98731E-03  2.76087E-03  4.98731E-05  1.55873E+00  1.08902E+01  4.64919E+00  1.55904E+02 -2.21356E+01  1.73067E+01  4.05551E+04  4.16771E+04  3.18292E+04  1.99430E+03  5.86011E+03  1.11964E+03  1.76914E-04  2.03069E-03  5.53261E-04
       6       5       8  5.39849E-03  5.12490E-03  5.39849E-05  2.37079E+00  1.64540E+01  7.08249E+00  9.56666E+01 -1.78230E+01  1.07463E+01  1.65109E+04  2.81856E+04  1.56934E+04  1.67301E+03  4.43477E+03  5.81437E+02  3.17006E-04  3.56313E-03  1.24476E-03
       6       5       9  8.36088E-03  7.43725E-03  8.36088E-05  3.74736E+00  2.29650E+01  9.77388E+00  4.42861E+01 -7.55326E+00  1.57636E+00  5.40838E+03  1.07043E+04  5.10120E+03  9.50317E+02  1.91988E+03  3.59612E+02  1.29934E-04  3.95722E-03  3.35009E-03
       6       5      10  8.93034E-03  4.21901E-03  8.93034E-05  8.74972E+00  6.75364E+01  2.78748E+01  7.20716E+01 -3.51578E+00  2.06458E+00  9.11993E+03  2.56188E+04  7.99256E+03  2.85114E+03  1.35494E+03  1.92609E+02  3.41660E-05  3.76736E-03  4.17485E-04
       6       6       1  3.97376E-03  4.23159E-03  3.97376E-05  7.39506E-02  5.66807E-01  7.60699E-02  1.38998E+02 -1.99913E+01 -2.93920E+00  4.36822E+04  2.56241E+04  2.76880E+04 -2.32805E+03  5.78885E+02  1.70364E+02  2.76512E-05  3.99722E-03  2.06716E-04
       6       6       2  1.26284E-03  1.27938E-03  1.26284E-05  1.99731E-01  1.48339E+00  1.96242E-01  1.05676E+02 -1.78483E+01 -1.25410E+01  4.06965E+04  5.03523E+04  2.44503E+04  2.01016E+03  4.27481E+02  7.15834E+01  6.31039E-05  1.10874E-03  1.07537E-04
       6       6       3  2.07132E-03  2.01503E-03  2.07132E-05  2.86630E-01  2.17774E+00  2.96920E-01  4.09446E+01 -6.80835E+00 -4.92599E-01  1.33926E+04  3.17800E+04  1.54524E+04  3.19779E+03  2.45425E+03 -2.28168E+01  1.59135E-05  1.70037E-03  2.98742E-04
       6       6       4  3.63705E-03  2.98016E-03  3.63705E-05  4.55471E-01  3.41917E+00  4.74072E-01  1.07301E+02 -1.48712E+01 -3.95040E+00  7.73978E+04  3.35693E+04  3.45239E+04 -5.54891E+03 -3.46164E+02 -4.19164E+02  1.16232E-04  2.71827E-03  1.45655E-04
       6       6       5  4.19815E-03  4.01940E-03  4.19815E-05  7.00761E-01  5.14789E+00  6.95364E-01  6.85726E+01 -8.22437E+00 -1.09626E+00  3.71259E+04  3.53045E+04  1.28854E+04  5.01638E+02  2.22019E+02  4.54240E+02  1.87631E-04  3.55771E-03  2.74060E-04
       6       6       6  5.51147E-03  6.63552E-03  5.51147E-05  9.42647E-01  6.99290E+00  9.29182E-01  6.39812E+01 -9.00646E+00 -2.03703E+00  2.32839E+04  1.80771E+04  9.53370E+03 -1.50362E+02  9.73830E+02 -2.10281E+02  8.80041E-05  6.01117E-03  5.36351E-04
       6       6       7  7.68242E-03  5.50521E-03  7.68242E-05  1.63966E+00  1.17563E+01  1.59906E+00  2.32704E+02 -3.30780E+01  1.10557E+01  7.12249E+04  3.22433E+04  1.70967E+04 -4.49925E+03  1.70458E+03  9.45424E+02  1.76067E-04  4.63496E-03  6.94177E-04
       6       6       8  7.76307E-03  9.23532E-03  7.76307E-05  2.50146E+00  1.77194E+01  2.34414E+00  1.46622E+02 -2.05182E+01  6.75027E+00  2.99275E+04  2.80515E+04  8.55938E+03  2.71191E+02  8.38090E+02  3.64362E+02  3.00500E-04  7.55597E-03  1.37884E-03
       6       6       9  1.13583E-02  1.10763E-02  1.13583E-04  3.70358E+00  2.41982E+01  3.15328E+00  8.47565E+01 -9.98713E+00  9.48018E-01  1.28411E+04  1.63476E+04  3.57944E+03  7.90765E+02  1.66431E+02 -1.21279E+02  1.31627E-04  7.68557E-03  3.25912E-03
       6       6      10  1.74300E-02  2.03726E-02  1.74300E-04  9.08558E+00  6.85891E+01  8.71284E+00  1.25678E+02 -1.91070E+01  7.21166E-02  2.46896E+04  2.38477E+04  1.98778E+03 -2.39075E+02  4.09772E+02 -6.11878E+01  3.41457E-05  1.95006E-02  8.37850E-04
