         152           4
       1  1.11872E-02  1.03619E-02 -5.03668E+01 -5.51457E+01  2.09680E+00  1.95057E+02  1.93500E+02  2.07980E+00  3.69667E-02  7.70000E-02  3.00000E-01 -1.04565E-02  0.00000E+00  3.00000E-01
       2  5.70130E-03  5.50554E-03 -8.04253E+01 -7.20331E+01  2.11870E+00  1.93437E+02  1.73297E+02  2.29780E+00  1.29957E-01  1.00600E-01  3.00000E-01 -1.47797E-03  0.00000E+00  3.00000E-01
       3  5.20937E-03  5.10365E-03 -7.43703E+01 -7.03214E+01  2.97040E+00  1.90031E+02  1.57694E+02  3.02370E+00  1.12554E-01  9.83000E-02  3.00000E-01 -8.85011E-04  0.00000E+00  3.00000E-01
       4  3.63803E-03  3.33184E-03 -5.62326E+01 -5.93916E+01  2.64100E+00  1.94570E+02  1.79503E+02  2.60000E+00  4.11282E-02  8.30000E-02  3.00000E-01 -1.73455E-03  0.00000E+00  3.00000E-01
       5  6.40447E-03  5.99240E-03 -4.22149E+01 -4.29252E+01  2.62700E+00  1.90985E+02  2.03949E+02  2.49860E+00  2.37968E-02  6.00000E-02  3.00000E-01 -7.69894E-03  0.00000E+00  3.00000E-01
       6  1.84434E-03  1.97153E-03 -8.49181E+01 -7.66923E+01  4.18970E+00  1.67650E+02  1.53159E+02  4.23960E+00  1.88261E-01  1.07200E-01  3.00000E-01  3.75946E-02  0.00000E+00  3.00000E-01
       7  3.70911E-03  3.72101E-03 -6.89470E+01 -6.08558E+01  2.81680E+00  1.75709E+02  1.54194E+02  3.00380E+00  9.92071E-02  8.50000E-02  3.00000E-01  9.36757E-03  0.00000E+00  3.00000E-01
       8  3.71651E-03  3.32168E-03 -4.10111E+01 -4.55340E+01  2.66940E+00  1.83386E+02  1.84950E+02  2.80100E+00  2.45851E-03  6.36000E-02  3.00000E-01  1.91497E-02  0.00000E+00  3.00000E-01
       9  2.51829E-03  2.78814E-03 -7.54096E+01 -7.37064E+01  3.32630E+00  1.57202E+02  1.33986E+02  3.59880E+00  1.72498E-01  1.03000E-01  3.00000E-01  2.94210E-02  0.00000E+00  3.00000E-01
      10  3.56234E-03  3.43988E-03 -5.69749E+01 -5.00778E+01  3.24950E+00  1.70580E+02  1.67266E+02  3.32320E+00  5.68986E-02  7.00000E-02  3.00000E-01  1.82319E-02  0.00000E+00  3.00000E-01
      11  1.37642E-03  1.53544E-03 -8.26451E+01 -8.66754E+01  3.87500E+00  1.51541E+02  1.46387E+02  5.24270E+00  2.19999E-01  1.21100E-01  3.00000E-01  5.63708E-02  0.00000E+00  3.00000E-01
      12  1.30222E-02  1.19941E-02 -1.94095E+01 -2.61590E+01  1.95760E+00  1.76793E+02  2.01454E+02  1.89660E+00  5.95294E-03  3.65000E-02  3.00000E-01  8.01785E-03  0.00000E+00  3.00000E-01
      13  5.08673E-03  4.41610E-03 -2.98464E+01 -3.72943E+01  2.53240E+00  1.71722E+02  1.78601E+02  2.62510E+00  1.79459E-03  5.21000E-02  3.00000E-01  2.73106E-02  0.00000E+00  3.00000E-01
      14  1.06445E-02  1.03973E-02 -2.93794E+01 -3.44990E+01  2.01780E+00  1.88448E+02  2.09083E+02  2.43910E+00  1.90624E-02  4.82000E-02  3.00000E-01 -3.11336E-02  0.00000E+00  3.00000E-01
      15  1.28514E-02  1.27247E-02 -1.33523E+01 -1.63027E+01  2.61890E+00  1.84900E+02  2.13903E+02  2.26050E+00  1.05244E-02  2.28000E-02  3.00000E-01 -3.69085E-02  0.00000E+00  3.00000E-01
      16  2.63649E-03  2.66108E-03 -4.25166E+01 -3.87077E+01  4.33610E+00  1.41065E+02  1.50981E+02  4.82940E+00  6.15772E-02  5.41000E-02  3.00000E-01  2.79210E-02  0.00000E+00  3.00000E-01
      17  9.87356E-03  9.46607E-03 -5.26593E+01 -6.05436E+01  3.43570E+00  1.49710E+02  1.25864E+02  3.59830E+00  7.44346E-02  8.46000E-02  3.00000E-01 -1.51631E-03  0.00000E+00  3.00000E-01
      18  1.53564E-03  1.39742E-03 -2.52154E+01 -1.97254E+01  4.73350E+00  1.62946E+02  1.58949E+02  4.61790E+00  2.01541E-02  2.76000E-02  3.00000E-01  5.64512E-03  0.00000E+00  3.00000E-01
      19  4.11107E-03  3.51135E-03 -1.96467E+00  4.25290E+00  2.76540E+00  1.67133E+02  1.68387E+02  2.73010E+00  3.84536E-03 -5.90000E-03  3.00000E-01  1.97160E-02  0.00000E+00  3.00000E-01
      20  4.09600E-03  3.97687E-03 -2.19249E+01 -1.64615E+01  3.52970E+00  1.35123E+02  1.43857E+02  3.54450E+00  3.80282E-02  2.30000E-02  3.00000E-01  2.41071E-02  0.00000E+00  3.00000E-01
      21  3.88766E-03  3.34944E-03  1.83870E+00  3.07820E+00  3.50300E+00  1.67963E+02  1.78698E+02  3.01190E+00  9.27479E-03 -4.30000E-03  3.00000E-01  3.92218E-02  0.00000E+00  3.00000E-01
      22  1.02351E-02  9.88602E-03 -3.76711E-01  7.42610E+00  2.47200E+00  1.79644E+02  2.04616E+02  2.28450E+00  5.89556E-03 -1.04000E-02  3.00000E-01 -2.00223E-02  0.00000E+00  3.00000E-01
      23  2.09485E-03  2.00000E-03  2.29545E+00  6.42000E-02  3.23530E+00  1.50660E+02  1.46307E+02  3.75370E+00 -5.70040E-03 -1.00000E-04  3.00000E-01 -1.62108E-02  0.00000E+00  3.00000E-01
      24  7.16826E-03  7.36982E-03 -7.33471E+00 -4.05902E+01  1.00825E+01  1.45710E+02  1.11405E+02  1.00086E+01  1.28286E-02  5.67000E-02  3.00000E-01 -5.83018E-02  0.00000E+00  3.00000E-01
      25  7.36945E-03  6.31044E-03  3.70713E+01 -1.27600E-01  6.76040E+00  1.55079E+02  1.10589E+02  7.09400E+00 -2.55750E-02  2.00000E-04  3.00000E-01 -7.02992E-02  0.00000E+00  3.00000E-01
      26  1.03624E-02  1.02321E-02 -5.44223E+01 -8.73687E+01  8.21170E+00  1.27568E+02  1.02161E+02  7.20870E+00  5.14210E-02  1.22100E-01  3.00000E-01 -2.57255E-02  0.00000E+00  3.00000E-01
      27  3.33212E-03  3.31513E-03 -7.26231E+01 -8.97611E+01  4.07440E+00  1.45283E+02  1.22064E+02  4.59060E+00  1.12693E-01  1.25400E-01  3.00000E-01  3.91611E-02  0.00000E+00  3.00000E-01
      28  1.26100E-03  1.37491E-03 -8.19926E+01 -9.18239E+01  4.08350E+00  1.46982E+02  1.37606E+02  4.08200E+00  2.13520E-01  1.28300E-01  3.00000E-01  6.56764E-02  0.00000E+00  3.00000E-01
      29  1.56682E-03  1.76020E-03 -9.39600E+01 -8.53951E+01  3.61540E+00  1.53810E+02  1.51784E+02  3.88060E+00  2.46189E-01  1.19300E-01  3.00000E-01  8.44001E-02  0.00000E+00  3.00000E-01
      30  3.47699E-03  3.05503E-03 -7.57620E+01 -1.14358E+02  4.66580E+00  1.45109E+02  1.22178E+02  4.97350E+00  7.11318E-02  1.59800E-01  3.00000E-01  4.45987E-02  0.00000E+00  3.00000E-01
      31  1.92749E-03  2.09429E-03 -9.34203E+01 -8.14300E+01  3.54520E+00  1.70465E+02  1.60441E+02  3.61190E+00  2.27134E-01  1.13800E-01  3.00000E-01  4.82504E-02  0.00000E+00  3.00000E-01
      32  1.03445E-02  1.02250E-02 -1.03096E+02 -1.32051E+02  4.99940E+00  1.55297E+02  1.03527E+02  5.06440E+00  8.83876E-02  1.84500E-01  3.00000E-01 -2.92465E-02  0.00000E+00  3.00000E-01
      33  6.48277E-03  4.95232E-03 -1.13614E+02 -1.24535E+02  3.79810E+00  1.69838E+02  1.22670E+02  4.11950E+00  7.04444E-02  1.74000E-01  3.00000E-01 -2.01445E-02  0.00000E+00  3.00000E-01
      34  3.29359E-03  3.13867E-03 -8.73157E+01 -9.57580E+01  3.50070E+00  1.40431E+02  1.29370E+02  3.37900E+00  1.26959E-01  1.33800E-01  3.00000E-01  6.59465E-02  0.00000E+00  3.00000E-01
      35  1.26296E-02  1.19084E-02 -1.39067E+02 -1.52696E+02  3.72370E+00  1.48577E+02  9.98517E+01  3.80120E+00  1.01049E-01  2.13300E-01  3.00000E-01  3.78372E-03  0.00000E+00  3.00000E-01
      36  1.32579E-03  1.47381E-03 -9.46576E+01 -9.03990E+01  3.94300E+00  1.43618E+02  1.43693E+02  3.89150E+00  2.28364E-01  1.26300E-01  3.00000E-01  9.00896E-02  0.00000E+00  3.00000E-01
      37  1.30718E-02  1.47082E-02 -8.26912E+01 -1.61801E+02  6.01230E+00  1.04041E+02  8.50652E+01  6.60920E+00  1.34929E-01  2.26100E-01  3.00000E-01  1.44531E-02  0.00000E+00  3.00000E-01
      38  5.20918E-03  4.16090E-03 -1.00045E+02 -1.11794E+02  2.99430E+00  1.57214E+02  1.19721E+02  3.35420E+00  5.03902E-02  1.56200E-01  3.00000E-01  2.51349E-02  0.00000E+00  3.00000E-01
      39  2.72557E-03  2.98008E-03 -9.33724E+01 -9.52033E+01  3.35160E+00  1.43711E+02  1.44592E+02  3.36560E+00  2.28032E-01  1.33000E-01  3.00000E-01  9.35054E-02  0.00000E+00  3.00000E-01
      40  1.27365E-02  1.01506E-02 -1.17384E+01 -1.97637E+02  6.00790E+00  4.13147E+01  6.55906E+01  7.20350E+00 -8.98254E-02  2.76100E-01  3.00000E-01  1.29461E-01  0.00000E+00  3.00000E-01
      41  9.99181E-03  1.07090E-02 -9.94820E+01 -1.65616E+02  4.30430E+00  1.09898E+02  8.33342E+01  4.77530E+00  1.16381E-01  2.31400E-01  3.00000E-01  8.87422E-02  0.00000E+00  3.00000E-01
      42  6.42479E-03  5.86714E-03 -1.23625E+02 -1.25516E+02  3.53720E+00  1.54326E+02  1.04361E+02  3.94210E+00  1.13047E-01  1.75400E-01  3.00000E-01 -3.26734E-03  0.00000E+00  3.00000E-01
      43  1.35066E-02  1.64825E-02 -1.06250E+02 -2.00253E+02  4.68790E+00  9.45863E+01  7.05455E+01  6.39010E+00  2.02778E-01  2.79800E-01  3.00000E-01  4.25285E-02  0.00000E+00  3.00000E-01
      44  3.01335E-03  2.29393E-03 -9.35462E+01 -1.13573E+02  4.52250E+00  1.55042E+02  1.17822E+02  4.77830E+00  5.88963E-02  1.58700E-01  3.00000E-01  2.00533E-02  0.00000E+00  3.00000E-01
      45  1.25680E-03  1.35550E-03 -8.94761E+01 -9.20753E+01  3.96280E+00  1.41628E+02  1.46072E+02  3.57010E+00  2.21234E-01  1.28600E-01  3.00000E-01  8.84898E-02  0.00000E+00  3.00000E-01
      46  1.65095E-03  1.80589E-03 -8.66624E+01 -9.10898E+01  3.34400E+00  1.62930E+02  1.61695E+02  3.60620E+00  2.21477E-01  1.27300E-01  3.00000E-01  4.22289E-02  0.00000E+00  3.00000E-01
      47  3.33790E-03  3.17007E-03 -7.98075E+01 -9.81729E+01  3.58330E+00  1.40187E+02  1.21180E+02  4.10090E+00  9.53205E-02  1.37200E-01  3.00000E-01  5.99312E-02  0.00000E+00  3.00000E-01
      48  4.74556E-03  4.77124E-03 -8.06340E+01 -6.95816E+01  2.54100E+00  1.87881E+02  1.64613E+02  2.59370E+00  1.47838E-01  9.72000E-02  3.00000E-01 -1.02377E-03  0.00000E+00  3.00000E-01
      49  1.23583E-03  1.37965E-03 -7.94593E+01 -8.82302E+01  3.46790E+00  1.45993E+02  1.57875E+02  3.15310E+00  1.90991E-01  1.23300E-01  3.00000E-01  6.19500E-02  0.00000E+00  3.00000E-01
      50  1.69448E-03  1.82881E-03 -7.99938E+01 -8.23289E+01  3.31840E+00  1.67923E+02  1.67328E+02  3.32990E+00  1.83614E-01  1.15000E-01  3.00000E-01  2.72855E-02  0.00000E+00  3.00000E-01
      51  8.72558E-03  9.30913E-03 -8.63816E+01 -1.07611E+02  5.32290E+00  1.28778E+02  9.51285E+01  5.75030E+00  6.93498E-02  1.50400E-01  3.00000E-01  2.23331E-02  0.00000E+00  3.00000E-01
      52  3.85081E-03  3.54629E-03 -6.39643E+01 -5.18417E+01  2.48570E+00  1.96825E+02  2.05582E+02  2.37090E+00  6.15266E-02  7.24000E-02  3.00000E-01 -5.42876E-03  0.00000E+00  3.00000E-01
      53  1.14797E-03  1.27716E-03 -7.29622E+01 -7.95708E+01  3.64480E+00  1.51664E+02  1.44946E+02  4.05920E+00  1.70176E-01  1.11200E-01  3.00000E-01  3.26267E-02  0.00000E+00  3.00000E-01
      54  2.58632E-03  2.41568E-03 -7.89803E+01 -9.13735E+01  3.94420E+00  1.46874E+02  1.18040E+02  3.70890E+00  8.19566E-02  1.27700E-01  3.00000E-01  2.61898E-02  0.00000E+00  3.00000E-01
      55  1.60547E-03  1.72977E-03 -7.58306E+01 -7.26749E+01  2.99110E+00  1.68108E+02  1.64762E+02  3.44310E+00  1.44284E-01  1.01500E-01  3.00000E-01  1.60015E-02  0.00000E+00  3.00000E-01
      56  2.41046E-03  2.33531E-03 -6.40110E+01 -6.05916E+01  2.90940E+00  1.92148E+02  1.76118E+02  3.11640E+00  8.52561E-02  8.47000E-02  3.00000E-01 -1.68774E-02  0.00000E+00  3.00000E-01
      57  3.95646E-03  3.59055E-03 -4.84012E+01 -3.90104E+01  2.31750E+00  1.95057E+02  2.06014E+02  2.31160E+00  2.41480E-02  5.45000E-02  3.00000E-01 -2.48422E-03  0.00000E+00  3.00000E-01
      58  7.33416E-03  6.85362E-03 -2.95418E+01 -3.44129E+01  2.42660E+00  1.87366E+02  2.06800E+02  2.04820E+00  8.38505E-03  4.81000E-02  3.00000E-01 -1.11604E-02  0.00000E+00  3.00000E-01
      59  5.40770E-03  5.04428E-03 -6.66625E+01 -7.06768E+01  3.54790E+00  1.46876E+02  1.21332E+02  3.99690E+00  6.97963E-02  9.87000E-02  3.00000E-01  2.68004E-03  0.00000E+00  3.00000E-01
      60  1.00899E-03  1.07719E-03 -7.05681E+01 -6.58570E+01  4.59500E+00  1.46525E+02  1.38512E+02  5.63270E+00  1.53263E-01  9.20000E-02  3.00000E-01  1.99962E-02  0.00000E+00  3.00000E-01
      61  1.40311E-03  1.47565E-03 -6.40412E+01 -5.91339E+01  3.37190E+00  1.61947E+02  1.71291E+02  3.71740E+00  1.00684E-01  8.26000E-02  3.00000E-01  6.34076E-03  0.00000E+00  3.00000E-01
      62  2.08762E-03  1.95701E-03 -5.44370E+01 -4.92578E+01  3.20750E+00  1.84714E+02  1.70370E+02  3.17090E+00  4.86961E-02  6.88000E-02  3.00000E-01 -6.03597E-03  0.00000E+00  3.00000E-01
      63  1.29262E-02  1.27812E-02 -1.48187E+01 -1.66150E+01  2.31170E+00  1.86720E+02  2.14012E+02  2.27080E+00  6.74992E-03  2.32000E-02  3.00000E-01 -3.99588E-02  0.00000E+00  3.00000E-01
      64  3.36190E-03  2.95387E-03 -3.64265E+01 -3.48226E+01  3.01100E+00  1.84346E+02  1.92501E+02  3.20530E+00  5.00862E-03  4.87000E-02  3.00000E-01  1.27850E-02  0.00000E+00  3.00000E-01
      65  3.24146E-03  3.31638E-03 -5.24708E+01 -4.67406E+01  4.32920E+00  1.40146E+02  1.29943E+02  4.18700E+00  8.12506E-02  6.53000E-02  3.00000E-01  1.11507E-02  0.00000E+00  3.00000E-01
      66  1.62288E-02  1.54022E-02 -5.67575E+00 -9.71960E+00  1.98640E+00  1.79150E+02  2.04650E+02  1.82760E+00 -4.71654E-03  1.36000E-02  3.00000E-01 -8.86388E-03  0.00000E+00  3.00000E-01
      67  2.91442E-02  2.92180E-02  6.76679E+00  1.97364E+01  1.65850E+00  1.86652E+02  2.10271E+02  1.68840E+00 -3.62785E-03 -2.76000E-02  3.00000E-01 -4.58804E-02  0.00000E+00  3.00000E-01
      68  1.28766E-02  1.29622E-02 -6.07951E+01 -5.53930E+01  7.43740E+00  1.12697E+02  9.90821E+01  6.39610E+00  7.49485E-02  7.74000E-02  3.00000E-01 -1.85421E-02  0.00000E+00  3.00000E-01
      69  1.64507E-03  1.50188E-03 -3.80809E+01 -3.85227E+01  2.88670E+00  1.72937E+02  1.74375E+02  3.53670E+00  3.03399E-02  5.38000E-02  3.00000E-01 -4.45932E-03  0.00000E+00  3.00000E-01
      70  6.08167E-03  5.34247E-03  1.34949E+01  1.72862E+01  3.27700E+00  1.25421E+02  1.21636E+02  3.75850E+00  4.34315E-03 -2.42000E-02  3.00000E-01  6.00145E-02  0.00000E+00  3.00000E-01
      71  2.47359E-03  2.12934E-03 -2.07665E+01 -1.98976E+01  3.89570E+00  1.75902E+02  1.70702E+02  3.88190E+00 -6.88855E-03  2.78000E-02  3.00000E-01  1.66316E-02  0.00000E+00  3.00000E-01
      72  9.35559E-03  8.46493E-03  2.10643E+01  2.54342E+01  2.23560E+00  1.81034E+02  1.98916E+02  2.20800E+00  6.63835E-03 -3.55000E-02  3.00000E-01  1.58790E-02  0.00000E+00  3.00000E-01
      73  4.11866E-03  3.62963E-03  2.69269E+01  3.19210E+01  2.31940E+00  1.73411E+02  1.72709E+02  2.61440E+00 -7.03690E-03 -4.46000E-02  3.00000E-01  1.50744E-02  0.00000E+00  3.00000E-01
      74  3.88766E-03  3.36439E-03 -1.99227E+00 -3.07820E+00  3.50300E+00  1.67555E+02  1.78698E+02  3.01190E+00 -8.71377E-03  4.30000E-03  3.00000E-01  3.94684E-02  0.00000E+00  3.00000E-01
      75  5.42531E-03  4.82817E-03 -5.92168E+01 -3.44652E+01  5.16830E+00  1.50251E+02  1.07433E+02  5.64620E+00  4.28722E-02  4.82000E-02  3.00000E-01 -3.26983E-02  0.00000E+00  3.00000E-01
      76  1.28514E-02  1.27143E-02  1.43150E+01  1.63027E+01  2.61890E+00  1.84779E+02  2.13903E+02  2.26050E+00 -1.16005E-02 -2.28000E-02  3.00000E-01 -3.93877E-02  0.00000E+00  3.00000E-01
      77  1.33877E-02  1.29661E-02 -2.97421E+01 -1.55468E+02  5.77590E+00  6.99115E+01  6.82334E+01  7.73900E+00 -1.95065E-01  2.17200E-01  3.00000E-01  1.01015E-01  0.00000E+00  3.00000E-01
      78  9.13856E-03  6.44622E-03 -8.75302E+00 -2.14718E+02  6.11990E+00  2.98514E+01  5.66170E+01  9.13570E+00 -3.91573E-02  3.00000E-01  3.00000E-01  2.11850E-02  0.00000E+00  3.00000E-01
      79  1.46669E-03  1.45199E-03 -3.44160E+01 -2.66730E+01  4.69660E+00  1.32896E+02  1.32862E+02  5.12060E+00  6.05201E-02  3.73000E-02  3.00000E-01  2.49971E-02  0.00000E+00  3.00000E-01
      80  1.23028E-03  1.17073E-03 -2.33613E+01 -2.19635E+01  3.75400E+00  1.55845E+02  1.45756E+02  4.26770E+00  3.52345E-02  3.07000E-02  3.00000E-01 -5.18705E-05  0.00000E+00  3.00000E-01
      81  2.16485E-03  2.08842E-03 -1.27356E+01 -1.50469E+01  4.04570E+00  1.33324E+02  1.28562E+02  4.76240E+00  2.48989E-02  2.10000E-02  3.00000E-01  1.01945E-02  0.00000E+00  3.00000E-01
      82  1.71572E-03  1.50898E-03 -5.50548E+00 -1.69529E+01  4.11020E+00  1.69172E+02  1.64466E+02  4.08680E+00  7.05880E-03  2.37000E-02  3.00000E-01  5.83268E-04  0.00000E+00  3.00000E-01
      83  5.87670E-03  5.35214E-03  1.12447E+01  2.36044E+01  2.54170E+00  1.72205E+02  2.01731E+02  2.35250E+00  2.21769E-04 -3.30000E-02  3.00000E-01  2.17345E-02  0.00000E+00  3.00000E-01
      84  2.39535E-03  2.01966E-03  9.66536E+00  6.25090E+00  3.73800E+00  1.70148E+02  1.71546E+02  3.66870E+00 -4.89594E-03 -8.70000E-03  3.00000E-01  2.68508E-02  0.00000E+00  3.00000E-01
      85  4.75211E-03  3.89310E-03 -3.89740E+01 -1.49436E+01  5.71080E+00  1.57902E+02  1.03941E+02  6.87710E+00  8.73939E-03  2.09000E-02  3.00000E-01 -4.76910E-02  0.00000E+00  3.00000E-01
      86  1.18661E-03  1.11000E-03  4.83016E+00  5.89020E+00  3.99590E+00  1.53192E+02  1.53860E+02  4.59740E+00 -5.59524E-03 -8.20000E-03  3.00000E-01 -1.20652E-02  0.00000E+00  3.00000E-01
      87  1.35500E-02  1.25958E-02  3.29439E+01  3.74109E+01  1.99580E+00  1.84519E+02  2.02812E+02  1.97070E+00 -1.25344E-02 -5.23000E-02  3.00000E-01 -1.22414E-03  0.00000E+00  3.00000E-01
      88  3.18483E-03  2.71738E-03  2.40037E+01  3.76838E+01  3.34130E+00  1.72664E+02  1.85456E+02  3.54960E+00  1.15398E-02 -5.27000E-02  3.00000E-01  4.12522E-02  0.00000E+00  3.00000E-01
      89  1.06445E-02  1.03893E-02  2.93720E+01  3.44990E+01  2.01780E+00  1.88571E+02  2.09083E+02  2.43910E+00 -2.14662E-02 -4.82000E-02  3.00000E-01 -3.30181E-02  0.00000E+00  3.00000E-01
      90  1.53564E-03  1.38791E-03  2.15318E+01  1.97254E+01  4.73350E+00  1.64598E+02  1.58949E+02  4.61790E+00 -1.86220E-02 -2.76000E-02  3.00000E-01 -4.89479E-04  0.00000E+00  3.00000E-01
      91  7.33416E-03  6.89773E-03  2.92836E+01  3.44129E+01  2.42660E+00  1.86587E+02  2.06800E+02  2.04820E+00 -7.17022E-03 -4.81000E-02  3.00000E-01 -9.30616E-03  0.00000E+00  3.00000E-01
      92  1.52209E-03  1.47490E-03  8.92798E+00 -1.66190E+00  4.87370E+00  1.34862E+02  1.34958E+02  5.21500E+00 -1.11611E-02  2.30000E-03  3.00000E-01  1.06596E-03  0.00000E+00  3.00000E-01
      93  3.71651E-03  3.30430E-03  4.01919E+01  4.55340E+01  2.66940E+00  1.84028E+02  1.84950E+02  2.80100E+00 -3.41051E-06 -6.36000E-02  3.00000E-01  2.14503E-02  0.00000E+00  3.00000E-01
      94  1.90190E-03  1.71362E-03  3.82587E+01  3.67685E+01  3.88200E+00  1.70809E+02  1.70325E+02  3.90010E+00 -1.25150E-02 -5.14000E-02  3.00000E-01  1.85456E-02  0.00000E+00  3.00000E-01
      95  3.04395E-03  2.67724E-03  1.08355E+01  4.09800E+00  6.29160E+00  1.27978E+02  1.28315E+02  5.83360E+00 -2.56873E-02 -5.70000E-03  3.00000E-01  6.64950E-02  0.00000E+00  3.00000E-01
      96  1.03871E-02  9.68504E-03  5.13571E+01  4.96517E+01  1.89490E+00  1.95837E+02  2.04868E+02  1.86230E+00 -4.11698E-02 -6.94000E-02  3.00000E-01 -1.03475E-02  0.00000E+00  3.00000E-01
      97  1.03463E-03  1.02749E-03  2.74363E+01  2.43638E+01  5.29040E+00  1.42647E+02  1.54438E+02  5.63680E+00 -4.18793E-02 -3.40000E-02  3.00000E-01  2.43659E-02  0.00000E+00  3.00000E-01
      98  1.23028E-03  1.17619E-03  2.34842E+01  2.19635E+01  3.75400E+00  1.55826E+02  1.45756E+02  4.26770E+00 -3.38897E-02 -3.07000E-02  3.00000E-01  1.41520E-03  0.00000E+00  3.00000E-01
      99  3.95646E-03  3.58431E-03  4.79871E+01  3.90104E+01  2.31750E+00  1.94927E+02  2.06014E+02  2.31160E+00 -2.54804E-02 -5.45000E-02  3.00000E-01  5.13148E-04  0.00000E+00  3.00000E-01
     100  3.63803E-03  3.30905E-03  5.68124E+01  5.93916E+01  2.64100E+00  1.93922E+02  1.79503E+02  2.60000E+00 -4.68982E-02 -8.30000E-02  3.00000E-01 -2.22574E-03  0.00000E+00  3.00000E-01
     101  4.40999E-03  4.15297E-03  6.26954E+01  5.56762E+01  3.02470E+00  1.84737E+02  1.67626E+02  3.00050E+00 -6.44368E-02 -7.78000E-02  3.00000E-01 -6.80114E-04  0.00000E+00  3.00000E-01
     102  4.65093E-03  4.29996E-03  6.11468E+01  6.41298E+01  3.00430E+00  1.97026E+02  1.84157E+02  2.87750E+00 -5.58343E-02 -8.96000E-02  3.00000E-01 -4.47895E-03  0.00000E+00  3.00000E-01
     103  1.23156E-03  1.21365E-03  4.32358E+01  3.85853E+01  5.73760E+00  1.53159E+02  1.61140E+02  6.70480E+00 -5.84329E-02 -5.39000E-02  3.00000E-01  1.75923E-02  0.00000E+00  3.00000E-01
     104  9.85493E-03  9.76957E-03 -1.50148E+01  2.30641E+01  9.59970E+00  1.36281E+02  1.07645E+02  9.74700E+00 -1.95870E-03 -3.22000E-02  3.00000E-01 -6.47291E-02  0.00000E+00  3.00000E-01
     105  2.76917E-03  2.81593E-03  3.92298E+01  3.67031E+01  5.26070E+00  1.31004E+02  1.39582E+02  5.24910E+00 -6.10821E-02 -5.13000E-02  3.00000E-01  3.22280E-02  0.00000E+00  3.00000E-01
     106  2.08762E-03  1.95445E-03  5.53845E+01  4.92578E+01  3.20750E+00  1.84420E+02  1.70370E+02  3.17090E+00 -4.90104E-02 -6.88000E-02  3.00000E-01 -9.95961E-03  0.00000E+00  3.00000E-01
     107  1.39072E-03  1.39803E-03  6.02347E+01  4.86514E+01  5.14740E+00  1.58241E+02  1.61512E+02  5.38590E+00 -8.48537E-02 -6.80000E-02  3.00000E-01  2.15276E-02  0.00000E+00  3.00000E-01
     108  5.58888E-03  5.39019E-03  7.68651E+01  7.60691E+01  2.84590E+00  1.94094E+02  1.68728E+02  3.07360E+00 -1.23626E-01 -1.06300E-01  3.00000E-01 -6.39669E-03  0.00000E+00  3.00000E-01
     109  1.59959E-03  1.62400E-03  3.91484E+01  3.12237E+01  4.52500E+00  1.35783E+02  1.28783E+02  4.74540E+00 -6.13338E-02 -4.36000E-02  3.00000E-01  1.19394E-02  0.00000E+00  3.00000E-01
     110  2.41046E-03  2.33240E-03  6.62479E+01  6.05916E+01  2.90940E+00  1.90333E+02  1.76118E+02  3.11640E+00 -8.83136E-02 -8.47000E-02  3.00000E-01 -9.63406E-03  0.00000E+00  3.00000E-01
     111  3.22140E-03  3.01723E-03  7.82629E+01  6.87448E+01  2.57530E+00  2.00269E+02  1.75875E+02  2.77020E+00 -1.13913E-01 -9.60000E-02  3.00000E-01 -1.23764E-02  0.00000E+00  3.00000E-01
     112  2.65505E-03  2.71781E-03  5.78900E+01  5.27820E+01  4.76920E+00  1.42712E+02  1.32920E+02  4.55460E+00 -1.02785E-01 -7.37000E-02  3.00000E-01  1.48447E-02  0.00000E+00  3.00000E-01
     113  2.47299E-03  2.42279E-03  7.50952E+01  6.44952E+01  3.38250E+00  1.88606E+02  1.68797E+02  3.75640E+00 -1.20333E-01 -9.01000E-02  3.00000E-01 -6.63226E-03  0.00000E+00  3.00000E-01
     114  1.47074E-03  1.54603E-03  7.25291E+01  6.09376E+01  3.68380E+00  1.63941E+02  1.44153E+02  4.23210E+00 -1.31011E-01 -8.51000E-02  3.00000E-01  2.24620E-02  0.00000E+00  3.00000E-01
     115  2.41210E-03  2.55282E-03  6.73792E+01  6.14871E+01  2.71850E+00  1.56995E+02  1.61346E+02  3.10260E+00 -1.29711E-01 -8.59000E-02  3.00000E-01  1.23218E-02  0.00000E+00  3.00000E-01
     116  4.85924E-03  4.38640E-03  7.04780E+01  2.17985E+01  7.38860E+00  1.49564E+02  1.05102E+02  7.90260E+00 -7.95446E-02 -3.05000E-02  3.00000E-01 -5.76100E-02  0.00000E+00  3.00000E-01
     117  2.10040E-03  2.16715E-03  7.72046E+01  6.88558E+01  4.02080E+00  1.79982E+02  1.48397E+02  3.99660E+00 -1.34298E-01 -9.62000E-02  3.00000E-01  7.35084E-03  0.00000E+00  3.00000E-01
     118  2.68487E-03  2.85078E-03  6.38681E+01  5.92784E+01  5.08820E+00  1.40900E+02  1.31205E+02  5.16520E+00 -1.27015E-01 -8.28000E-02  3.00000E-01  2.00576E-02  0.00000E+00  3.00000E-01
     119  1.60547E-03  1.68745E-03  7.14415E+01  7.26749E+01  2.99110E+00  1.72023E+02  1.64762E+02  3.44310E+00 -1.41783E-01 -1.01500E-01  3.00000E-01  5.52311E-03  0.00000E+00  3.00000E-01
     120  8.03854E-03  7.62333E-03  4.29353E+01  5.09015E+01  5.64670E+00  1.63102E+02  1.16348E+02  5.83170E+00 -4.46586E-02 -7.11000E-02  3.00000E-01 -4.72638E-02  0.00000E+00  3.00000E-01
     121  2.27257E-03  2.31317E-03  8.36334E+01  7.61701E+01  3.84970E+00  1.83690E+02  1.60800E+02  3.58570E+00 -1.65881E-01 -1.06400E-01  3.00000E-01  1.05289E-02  0.00000E+00  3.00000E-01
     122  2.83506E-03  3.14926E-03  7.89989E+01  8.27018E+01  3.09000E+00  1.58088E+02  1.44534E+02  3.77070E+00 -1.93596E-01 -1.15500E-01  3.00000E-01  3.99473E-02  0.00000E+00  3.00000E-01
     123  3.41115E-03  3.74590E-03  8.85911E+01  8.16806E+01  2.73720E+00  1.62843E+02  1.52411E+02  2.86250E+00 -2.15008E-01 -1.14100E-01  3.00000E-01  5.03211E-02  0.00000E+00  3.00000E-01
     124  2.93032E-03  3.25302E-03  8.07155E+01  8.51497E+01  2.39760E+00  1.58580E+02  1.62344E+02  2.28950E+00 -1.86917E-01 -1.19000E-01  3.00000E-01  4.20161E-02  0.00000E+00  3.00000E-01
     125  1.92749E-03  2.10135E-03  9.27166E+01  8.14300E+01  3.54520E+00  1.70072E+02  1.60441E+02  3.61190E+00 -2.22583E-01 -1.13800E-01  3.00000E-01  4.54305E-02  0.00000E+00  3.00000E-01
     126  1.65095E-03  1.81789E-03  8.74275E+01  9.10898E+01  3.34400E+00  1.64845E+02  1.61695E+02  3.60620E+00 -2.19013E-01 -1.27300E-01  3.00000E-01  3.94147E-02  0.00000E+00  3.00000E-01
     127  1.05965E-03  1.19204E-03  7.54493E+01  7.22056E+01  4.37510E+00  1.49354E+02  1.27268E+02  4.80780E+00 -1.79993E-01 -1.00900E-01  3.00000E-01  3.74992E-02  0.00000E+00  3.00000E-01
     128  1.14797E-03  1.31507E-03  7.91655E+01  7.95708E+01  3.64480E+00  1.47796E+02  1.44946E+02  4.05920E+00 -1.81036E-01 -1.11200E-01  3.00000E-01  5.03278E-02  0.00000E+00  3.00000E-01
     129  4.85228E-03  4.54603E-03  6.91062E+01  8.53516E+01  4.42960E+00  1.54371E+02  1.15338E+02  5.08700E+00 -6.82358E-02 -1.19300E-01  3.00000E-01 -1.47174E-03  0.00000E+00  3.00000E-01
     130  3.67954E-03  3.34702E-03  5.34062E+01  5.04692E+01  5.06090E+00  1.42960E+02  1.17951E+02  5.57950E+00 -3.84164E-02 -7.05000E-02  3.00000E-01 -9.00185E-04  0.00000E+00  3.00000E-01
     131  2.72557E-03  2.96241E-03  9.40489E+01  9.52033E+01  3.35160E+00  1.44637E+02  1.44592E+02  3.36560E+00 -2.32431E-01 -1.33000E-01  3.00000E-01  9.43903E-02  0.00000E+00  3.00000E-01
     132  2.89686E-03  2.89740E-03  7.29841E+01  9.59976E+01  4.33880E+00  1.43586E+02  1.25222E+02  4.68940E+00 -1.34124E-01 -1.34100E-01  3.00000E-01  4.97633E-02  0.00000E+00  3.00000E-01
     133  6.10500E-03  6.05761E-03  8.82863E+01  8.64738E+01  4.31310E+00  1.51671E+02  1.08404E+02  4.79760E+00 -7.39571E-02 -1.20800E-01  3.00000E-01 -2.36229E-02  0.00000E+00  3.00000E-01
     134  1.26100E-03  1.35217E-03  8.49848E+01  9.18239E+01  4.08350E+00  1.43953E+02  1.37606E+02  4.08200E+00 -2.11427E-01 -1.28300E-01  3.00000E-01  8.01669E-02  0.00000E+00  3.00000E-01
     135  1.12874E-02  1.15308E-02  6.18935E+01  9.52826E+01  8.11970E+00  1.31886E+02  1.02093E+02  6.80250E+00 -5.18547E-02 -1.33100E-01  3.00000E-01 -2.64881E-02  0.00000E+00  3.00000E-01
     136  1.25680E-03  1.35858E-03  8.60239E+01  9.20753E+01  3.96280E+00  1.44468E+02  1.46072E+02  3.57010E+00 -2.13082E-01 -1.28600E-01  3.00000E-01  7.98332E-02  0.00000E+00  3.00000E-01
     137  2.45765E-03  2.56771E-03  9.34479E+01  9.12632E+01  3.29800E+00  1.40687E+02  1.39211E+02  3.28030E+00 -1.97385E-01 -1.27500E-01  3.00000E-01  8.77254E-02  0.00000E+00  3.00000E-01
     138  3.20993E-03  3.17922E-03  7.05116E+01  8.24222E+01  3.56590E+00  1.39312E+02  1.26230E+02  3.92700E+00 -1.12608E-01 -1.15200E-01  3.00000E-01  4.66361E-02  0.00000E+00  3.00000E-01
     139  3.14311E-03  2.79417E-03  8.62523E+01  9.89743E+01  3.80460E+00  1.49256E+02  1.11957E+02  3.76270E+00 -5.64975E-02 -1.38300E-01  3.00000E-01  1.71956E-02  0.00000E+00  3.00000E-01
     140  2.16173E-03  2.06011E-03  8.69400E+01  9.70276E+01  4.30390E+00  1.40051E+02  1.29884E+02  4.05950E+00 -1.15893E-01 -1.35600E-01  3.00000E-01  6.53795E-02  0.00000E+00  3.00000E-01
     141  2.81751E-03  2.49956E-03  8.01061E+01  1.05362E+02  4.43740E+00  1.37762E+02  1.25949E+02  4.98880E+00 -8.31198E-02 -1.47200E-01  3.00000E-01  6.79502E-02  0.00000E+00  3.00000E-01
     142  7.38167E-03  6.57366E-03  1.02383E+02  1.30449E+02  4.55590E+00  1.60538E+02  1.11069E+02  4.77790E+00 -7.96289E-02 -1.82300E-01  3.00000E-01 -2.45746E-02  0.00000E+00  3.00000E-01
     143  4.25213E-03  3.38241E-03  1.02003E+02  1.22448E+02  4.22050E+00  1.62726E+02  1.22967E+02  4.61680E+00 -6.27683E-02 -1.71100E-01  3.00000E-01 -5.15455E-03  0.00000E+00  3.00000E-01
     144  1.36557E-02  1.44286E-02  5.11193E+01  1.42943E+02  7.38560E+00  9.34096E+01  8.77775E+01  7.51160E+00  6.48780E-02 -1.99700E-01  3.00000E-01 -3.32931E-02  0.00000E+00  3.00000E-01
     145  9.71084E-04  8.19087E-04  8.64742E+01  1.05273E+02  4.89950E+00  1.44598E+02  1.22078E+02  5.21350E+00 -3.82574E-02 -1.47100E-01  3.00000E-01  5.46883E-02  0.00000E+00  3.00000E-01
     146  5.73162E-03  5.03571E-03  1.13190E+02  1.17864E+02  3.54300E+00  1.55818E+02  1.11039E+02  3.97860E+00 -9.40708E-02 -1.64700E-01  3.00000E-01 -4.77557E-03  0.00000E+00  3.00000E-01
     147  2.53145E-03  1.90870E-03  1.09422E+02  1.16630E+02  4.58890E+00  1.63010E+02  1.15629E+02  5.27200E+00 -5.08803E-02 -1.63000E-01  3.00000E-01  1.88374E-03  0.00000E+00  3.00000E-01
     148  7.57355E-03  6.57256E-03  1.44315E+02  1.38060E+02  4.37150E+00  1.61154E+02  1.11025E+02  4.52190E+00 -1.18337E-01 -1.92900E-01  3.00000E-01 -1.48749E-02  0.00000E+00  3.00000E-01
     149  1.86381E-02  2.00858E-02  9.16165E+01  1.84203E+02  4.12540E+00  1.10210E+02  8.31491E+01  4.92460E+00 -9.90353E-02 -2.57400E-01  3.00000E-01  1.96817E-03  0.00000E+00  3.00000E-01
     150  1.36023E-02  1.28694E-02  1.24369E+02  1.49848E+02  3.14210E+00  1.43672E+02  9.61340E+01  3.36050E+00 -9.43674E-02 -2.09400E-01  3.00000E-01  2.24507E-02  0.00000E+00  3.00000E-01
     151  1.70417E-02  1.86462E-02  7.73455E+01  1.40762E+02  4.94690E+00  1.01909E+02  8.62257E+01  5.18530E+00 -9.72000E-02 -1.96700E-01  3.00000E-01  1.63772E-02  0.00000E+00  3.00000E-01
     152  2.83714E-02  2.53547E-02  5.50307E+01  2.05386E+02  3.59980E+00  1.01386E+02  6.31672E+01  4.93640E+00  1.42466E-01 -2.87000E-01  3.00000E-01 -4.34566E-02  0.00000E+00  3.00000E-01
