        1121
     1   9.999999E-01   9.999999E-01   5.134286E-08
     2   4.122270E-04   4.145659E-04   4.122270E-06
     3   4.122177E-04   4.278003E-04   4.122177E-06
     4   4.122016E-04   4.713463E-04   4.122016E-06
     5   4.121830E-04   4.376563E-04   4.121830E-06
     6   4.121669E-04   4.343631E-04   4.121669E-06
     7   4.121575E-04   4.426388E-04   4.121575E-06
     8   1.247949E-03   1.044541E-03   1.247949E-05
     9   1.247813E-03   1.092952E-03   1.247813E-05
    10   1.247576E-03   1.143029E-03   1.247576E-05
    11   1.247302E-03   1.069895E-03   1.247302E-05
    12   1.247065E-03   1.093960E-03   1.247065E-05
    13   1.246929E-03   1.080189E-03   1.246929E-05
    14   2.101370E-03   2.099062E-03   2.101370E-05
    15   2.100807E-03   2.125691E-03   2.100807E-05
    16   2.099832E-03   2.132216E-03   2.099832E-05
    17   2.098708E-03   2.146032E-03   2.098708E-05
    18   2.097734E-03   2.342303E-03   2.097734E-05
    19   2.097173E-03   2.278276E-03   2.097173E-05
    20   2.930851E-03   3.117469E-03   2.930851E-05
    21   2.929494E-03   3.080935E-03   2.929494E-05
    22   2.927146E-03   3.102325E-03   2.927146E-05
    23   2.924438E-03   3.230400E-03   2.924438E-05
    24   2.922096E-03   3.319498E-03   2.922096E-05
    25   2.920746E-03   3.226239E-03   2.920746E-05
    26   3.626687E-03   3.460671E-03   3.626687E-05
    27   3.624356E-03   3.414546E-03   3.624356E-05
    28   3.620324E-03   3.452993E-03   3.620324E-05
    29   3.615677E-03   3.512906E-03   3.615677E-05
    30   3.611659E-03   3.741942E-03   3.611659E-05
    31   3.609343E-03   3.313284E-03   3.609343E-05
    32   4.034135E-03   4.190387E-03   4.034135E-05
    33   4.031104E-03   4.092395E-03   4.031104E-05
    34   4.025863E-03   4.154441E-03   4.025863E-05
    35   4.019824E-03   4.191077E-03   4.019824E-05
    36   4.014605E-03   4.366287E-03   4.014605E-05
    37   4.011596E-03   4.079547E-03   4.011596E-05
    38   1.175980E-04   1.352605E-04   1.175980E-06
    39   1.175949E-04   1.280806E-04   1.175949E-06
    40   1.175895E-04   1.452068E-04   1.175895E-06
    41   1.175833E-04   1.055535E-04   1.175833E-06
    42   1.175780E-04   1.226977E-04   1.175780E-06
    43   1.175749E-04   1.452523E-04   1.175749E-06
    44   3.595194E-04   3.621385E-04   3.595194E-06
    45   3.594713E-04   2.939501E-04   3.594713E-06
    46   3.593881E-04   2.264209E-04   3.593881E-06
    47   3.592922E-04   2.595289E-04   3.592922E-06
    48   3.592091E-04   2.212273E-04   3.592091E-06
    49   3.591612E-04   2.298829E-04   3.591612E-06
    50   6.182104E-04   6.657762E-04   6.182104E-06
    51   6.179933E-04   5.954774E-04   6.179933E-06
    52   6.176178E-04   6.676586E-04   6.176178E-06
    53   6.171850E-04   5.490444E-04   6.171850E-06
    54   6.168107E-04   6.445340E-04   6.168107E-06
    55   6.165949E-04   6.090248E-04   6.165949E-06
    56   8.896600E-04   9.753869E-04   8.896600E-06
    57   8.890734E-04   9.796914E-04   8.890734E-06
    58   8.880596E-04   9.265075E-04   8.880596E-06
    59   8.868922E-04   9.591134E-04   8.868922E-06
    60   8.858841E-04   9.484657E-04   8.858841E-06
    61   8.853032E-04   9.646717E-04   8.853032E-06
    62   1.139025E-03   1.113302E-03   1.139025E-05
    63   1.137906E-03   1.082424E-03   1.137906E-05
    64   1.135973E-03   1.067409E-03   1.135973E-05
    65   1.133749E-03   1.069522E-03   1.133749E-05
    66   1.131831E-03   1.030668E-03   1.131831E-05
    67   1.130727E-03   1.063999E-03   1.130727E-05
    68   1.296318E-03   1.340138E-03   1.296318E-05
    69   1.294768E-03   1.303601E-03   1.294768E-05
    70   1.292092E-03   1.395654E-03   1.292092E-05
    71   1.289017E-03   1.248126E-03   1.289017E-05
    72   1.286366E-03   1.325118E-03   1.286366E-05
    73   1.284840E-03   1.251217E-03   1.284840E-05
    74   2.028628E-04   2.305603E-04   2.028628E-06
    75   2.028586E-04   1.945003E-04   2.028586E-06
    76   2.028514E-04   2.713336E-04   2.028514E-06
    77   2.028431E-04   1.633625E-04   2.028431E-06
    78   2.028358E-04   2.450575E-04   2.028358E-06
    79   2.028316E-04   2.933105E-04   2.028316E-06
    80   6.189096E-04   4.826704E-04   6.189096E-06
    81   6.188477E-04   3.757245E-04   6.188477E-06
    82   6.187405E-04   3.076265E-04   6.187405E-06
    83   6.186168E-04   4.048832E-04   6.186168E-06
    84   6.185097E-04   3.056529E-04   6.185097E-06
    85   6.184479E-04   4.178711E-04   6.184479E-06
    86   1.056315E-03   1.054683E-03   1.056315E-05
    87   1.056057E-03   1.052505E-03   1.056057E-05
    88   1.055610E-03   1.011586E-03   1.055610E-05
    89   1.055095E-03   1.062731E-03   1.055095E-05
    90   1.054649E-03   1.052946E-03   1.054649E-05
    91   1.054392E-03   1.063739E-03   1.054392E-05
    92   1.496651E-03   1.540257E-03   1.496651E-05
    93   1.496019E-03   1.587246E-03   1.496019E-05
    94   1.494925E-03   1.459211E-03   1.494925E-05
    95   1.493664E-03   1.561470E-03   1.493664E-05
    96   1.492572E-03   1.507120E-03   1.492572E-05
    97   1.491943E-03   1.613999E-03   1.491943E-05
    98   1.877836E-03   1.869699E-03   1.877836E-05
    99   1.876730E-03   1.918190E-03   1.876730E-05
   100   1.874818E-03   1.862490E-03   1.874818E-05
   101   1.872614E-03   1.880904E-03   1.872614E-05
   102   1.870709E-03   1.774785E-03   1.870709E-05
   103   1.869611E-03   1.788013E-03   1.869611E-05
   104   2.105925E-03   2.189756E-03   2.105925E-05
   105   2.104471E-03   2.030708E-03   2.104471E-05
   106   2.101955E-03   2.332491E-03   2.101955E-05
   107   2.099057E-03   2.011054E-03   2.099057E-05
   108   2.096552E-03   2.287035E-03   2.096552E-05
   109   2.095108E-03   2.048372E-03   2.095108E-05
   110   2.791661E-04   1.888369E-04   2.791661E-06
   111   2.791571E-04   1.866420E-04   2.791571E-06
   112   2.791415E-04   1.818936E-04   2.791415E-06
   113   2.791234E-04   1.716531E-04   2.791234E-06
   114   2.791078E-04   1.738077E-04   2.791078E-06
   115   2.790988E-04   1.653715E-04   2.790988E-06
   116   8.763400E-04   4.003342E-04   8.763400E-06
   117   8.761980E-04   3.530268E-04   8.761980E-06
   118   8.759522E-04   3.423657E-04   8.759522E-06
   119   8.756685E-04   3.573681E-04   8.756685E-06
   120   8.754230E-04   3.170092E-04   8.754230E-06
   121   8.752813E-04   3.173879E-04   8.752813E-06
   122   1.578764E-03   1.078664E-03   1.578764E-05
   123   1.578113E-03   1.113124E-03   1.578113E-05
   124   1.576984E-03   1.112657E-03   1.576984E-05
   125   1.575683E-03   1.059371E-03   1.575683E-05
   126   1.574558E-03   1.134545E-03   1.574558E-05
   127   1.573909E-03   1.115143E-03   1.573909E-05
   128   2.397965E-03   2.045483E-03   2.397965E-05
   129   2.396182E-03   2.088572E-03   2.396182E-05
   130   2.393099E-03   2.101313E-03   2.393099E-05
   131   2.389547E-03   2.066320E-03   2.389547E-05
   132   2.386477E-03   2.071673E-03   2.386477E-05
   133   2.384708E-03   2.054248E-03   2.384708E-05
   134   3.213939E-03   1.833593E-03   3.213939E-05
   135   3.210521E-03   1.830082E-03   3.210521E-05
   136   3.204614E-03   1.923447E-03   3.204614E-05
   137   3.197813E-03   1.800259E-03   3.197813E-05
   138   3.191940E-03   1.799499E-03   3.191940E-05
   139   3.188558E-03   1.754477E-03   3.188558E-05
   140   3.752691E-03   2.860865E-03   3.752691E-05
   141   3.747956E-03   2.864947E-03   3.747956E-05
   142   3.739775E-03   2.912555E-03   3.739775E-05
   143   3.730361E-03   2.848444E-03   3.730361E-05
   144   3.722236E-03   2.909250E-03   3.722236E-05
   145   3.717557E-03   2.798975E-03   3.717557E-05
   146   2.463279E-04   3.372743E-04   2.463279E-06
   147   2.463205E-04   3.678103E-04   2.463205E-06
   148   2.463077E-04   3.364119E-04   2.463077E-06
   149   2.462929E-04   3.246239E-04   2.462929E-06
   150   2.462800E-04   3.240357E-04   2.462800E-06
   151   2.462726E-04   3.033396E-04   2.462726E-06
   152   7.917110E-04   7.273497E-04   7.917110E-06
   153   7.915847E-04   6.824651E-04   7.915847E-06
   154   7.913661E-04   6.458848E-04   7.913661E-06
   155   7.911139E-04   6.004200E-04   7.911139E-06
   156   7.908957E-04   5.992980E-04   7.908957E-06
   157   7.907697E-04   6.046706E-04   7.907697E-06
   158   1.500532E-03   1.610331E-03   1.500532E-05
   159   1.499865E-03   1.648059E-03   1.499865E-05
   160   1.498712E-03   1.627714E-03   1.498712E-05
   161   1.497382E-03   1.576207E-03   1.497382E-05
   162   1.496233E-03   1.672353E-03   1.496233E-05
   163   1.495571E-03   1.659695E-03   1.495571E-05
   164   2.457646E-03   2.883714E-03   2.457646E-05
   165   2.455473E-03   2.847442E-03   2.455473E-05
   166   2.451721E-03   3.013328E-03   2.451721E-05
   167   2.447403E-03   2.938723E-03   2.447403E-05
   168   2.443677E-03   3.059885E-03   2.443677E-05
   169   2.441532E-03   2.985222E-03   2.441532E-05
   170   3.571446E-03   3.613853E-03   3.571446E-05
   171   3.566543E-03   3.650277E-03   3.566543E-05
   172   3.558083E-03   3.709830E-03   3.558083E-05
   173   3.548364E-03   3.453183E-03   3.548364E-05
   174   3.539990E-03   3.455676E-03   3.539990E-05
   175   3.535173E-03   3.356504E-03   3.535173E-05
   176   4.399599E-03   5.090395E-03   4.399599E-05
   177   4.392100E-03   5.109459E-03   4.392100E-05
   178   4.379169E-03   5.137603E-03   4.379169E-05
   179   4.364328E-03   4.927909E-03   4.364328E-05
   180   4.351552E-03   5.077670E-03   4.351552E-05
   181   4.344209E-03   4.968835E-03   4.344209E-05
   182   1.817376E-04   2.242231E-04   1.817376E-06
   183   1.817318E-04   1.966076E-04   1.817318E-06
   184   1.817217E-04   1.970644E-04   1.817217E-06
   185   1.817101E-04   1.930791E-04   1.817101E-06
   186   1.817001E-04   1.858956E-04   1.817001E-06
   187   1.816943E-04   1.696211E-04   1.816943E-06
   188   6.153050E-04   6.296021E-04   6.153050E-06
   189   6.151985E-04   5.251634E-04   6.151985E-06
   190   6.150140E-04   6.543303E-04   6.150140E-06
   191   6.148011E-04   5.727685E-04   6.148011E-06
   192   6.146168E-04   7.262450E-04   6.146168E-06
   193   6.145105E-04   5.756073E-04   6.145105E-06
   194   1.304416E-03   1.285310E-03   1.304416E-05
   195   1.303777E-03   1.375639E-03   1.303777E-05
   196   1.302670E-03   1.435283E-03   1.302670E-05
   197   1.301394E-03   1.162323E-03   1.301394E-05
   198   1.300290E-03   1.601328E-03   1.300290E-05
   199   1.299654E-03   1.554327E-03   1.299654E-05
   200   2.509051E-03   2.990635E-03   2.509051E-05
   201   2.506625E-03   3.042545E-03   2.506625E-05
   202   2.502432E-03   3.124623E-03   2.502432E-05
   203   2.497603E-03   3.000013E-03   2.497603E-05
   204   2.493432E-03   3.133796E-03   2.493432E-05
   205   2.491030E-03   3.382848E-03   2.491030E-05
   206   4.281028E-03   4.387653E-03   4.281028E-05
   207   4.274760E-03   4.417399E-03   4.274760E-05
   208   4.263935E-03   4.521708E-03   4.263935E-05
   209   4.251485E-03   4.113583E-03   4.251485E-05
   210   4.240746E-03   4.288483E-03   4.240746E-05
   211   4.234564E-03   4.300300E-03   4.234564E-05
   212   5.822398E-03   6.384247E-03   5.822398E-05
   213   5.812016E-03   6.341907E-03   5.812016E-05
   214   5.794096E-03   6.700482E-03   5.794096E-05
   215   5.773502E-03   6.280637E-03   5.773502E-05
   216   5.755753E-03   6.280993E-03   5.755753E-05
   217   5.745541E-03   6.051091E-03   5.745541E-05
   218   1.992103E-04   2.173133E-04   1.992103E-06
   219   1.992065E-04   2.319703E-04   1.992065E-06
   220   1.991999E-04   2.133938E-04   1.991999E-06
   221   1.991924E-04   1.975983E-04   1.991924E-06
   222   1.991858E-04   1.732336E-04   1.991858E-06
   223   1.991820E-04   2.055156E-04   1.991820E-06
   224   6.399262E-04   4.651376E-04   6.399262E-06
   225   6.398532E-04   4.130545E-04   6.398532E-06
   226   6.397269E-04   3.716053E-04   6.397269E-06
   227   6.395812E-04   3.657378E-04   6.395812E-06
   228   6.394551E-04   3.435671E-04   6.394551E-06
   229   6.393824E-04   2.524297E-04   6.393824E-06
   230   1.268195E-03   1.208487E-03   1.268195E-05
   231   1.267658E-03   1.166993E-03   1.267658E-05
   232   1.266728E-03   1.197317E-03   1.266728E-05
   233   1.265657E-03   1.172382E-03   1.265657E-05
   234   1.264732E-03   1.200802E-03   1.264732E-05
   235   1.264198E-03   1.015616E-03   1.264198E-05
   236   2.509490E-03   2.279896E-03   2.509490E-05
   237   2.506454E-03   2.190308E-03   2.506454E-05
   238   2.501214E-03   2.206491E-03   2.501214E-05
   239   2.495189E-03   2.130994E-03   2.495189E-05
   240   2.489994E-03   2.004014E-03   2.489994E-05
   241   2.487005E-03   1.694235E-03   2.487005E-05
   242   5.138396E-03   2.944889E-03   5.138396E-05
   243   5.126298E-03   2.993609E-03   5.126298E-05
   244   5.105442E-03   3.213421E-03   5.105442E-05
   245   5.081514E-03   3.151414E-03   5.081514E-05
   246   5.060925E-03   3.091235E-03   5.060925E-05
   247   5.049094E-03   2.636101E-03   5.049094E-05
   248   8.353773E-03   6.089234E-03   8.353773E-05
   249   8.327509E-03   6.136701E-03   8.327509E-05
   250   8.282272E-03   6.194409E-03   8.282272E-05
   251   8.230432E-03   6.337839E-03   8.230432E-05
   252   8.185878E-03   6.588644E-03   8.185878E-05
   253   8.160298E-03   6.245746E-03   8.160298E-05
   254   3.287935E-04   4.431488E-04   3.287935E-06
   255   3.287860E-04   4.084653E-04   3.287860E-06
   256   3.287730E-04   4.059474E-04   3.287730E-06
   257   3.287580E-04   3.976571E-04   3.287580E-06
   258   3.287450E-04   3.407909E-04   3.287450E-06
   259   3.287375E-04   3.711541E-04   3.287375E-06
   260   1.066190E-03   1.002582E-03   1.066190E-05
   261   1.066069E-03   8.359668E-04   1.066069E-05
   262   1.065859E-03   8.124802E-04   1.065859E-05
   263   1.065616E-03   7.393455E-04   1.065616E-05
   264   1.065406E-03   7.112658E-04   1.065406E-05
   265   1.065285E-03   4.832434E-04   1.065285E-05
   266   2.040377E-03   2.306324E-03   2.040377E-05
   267   2.039777E-03   2.270083E-03   2.039777E-05
   268   2.038738E-03   2.385404E-03   2.038738E-05
   269   2.037539E-03   2.310217E-03   2.037539E-05
   270   2.036502E-03   2.464060E-03   2.036502E-05
   271   2.035904E-03   2.009407E-03   2.035904E-05
   272   3.407394E-03   3.463077E-03   3.407394E-05
   273   3.405199E-03   3.501952E-03   3.405199E-05
   274   3.401407E-03   3.799508E-03   3.401407E-05
   275   3.397043E-03   4.343494E-03   3.397043E-05
   276   3.393276E-03   4.733274E-03   3.393276E-05
   277   3.391106E-03   4.773659E-03   3.391106E-05
   278   5.543083E-03   5.498800E-03   5.543083E-05
   279   5.533750E-03   5.517173E-03   5.533750E-05
   280   5.517695E-03   5.228526E-03   5.517695E-05
   281   5.499329E-03   5.402169E-03   5.499329E-05
   282   5.483571E-03   5.651770E-03   5.483571E-05
   283   5.474535E-03   5.119239E-03   5.474535E-05
   284   8.445760E-03   1.138966E-02   8.445760E-05
   285   8.418001E-03   1.107508E-02   8.418001E-05
   286   8.370398E-03   1.105758E-02   8.370398E-05
   287   8.316172E-03   1.029238E-02   8.316172E-05
   288   8.269842E-03   1.058812E-02   8.269842E-05
   289   8.243357E-03   9.253401E-03   8.243357E-05
   290   3.079959E-04   3.990056E-04   3.079959E-06
   291   3.079848E-04   4.172602E-04   3.079848E-06
   292   3.079656E-04   2.963366E-04   3.079656E-06
   293   3.079433E-04   3.444385E-04   3.079433E-06
   294   3.079241E-04   3.136823E-04   3.079241E-06
   295   3.079130E-04   2.795638E-04   3.079130E-06
   296   1.066058E-03   1.111985E-03   1.066058E-05
   297   1.065848E-03   1.036127E-03   1.065848E-05
   298   1.065486E-03   1.082043E-03   1.065486E-05
   299   1.065068E-03   1.060981E-03   1.065068E-05
   300   1.064706E-03   9.085187E-04   1.064706E-05
   301   1.064497E-03   5.939822E-04   1.064497E-05
   302   2.361114E-03   2.375018E-03   2.361114E-05
   303   2.359821E-03   2.179150E-03   2.359821E-05
   304   2.357583E-03   2.631861E-03   2.357583E-05
   305   2.355002E-03   2.514613E-03   2.355002E-05
   306   2.352770E-03   2.867565E-03   2.352770E-05
   307   2.351483E-03   1.894159E-03   2.351483E-05
   308   4.791150E-03   6.506790E-03   4.791150E-05
   309   4.786138E-03   6.807116E-03   4.786138E-05
   310   4.777471E-03   6.348380E-03   4.777471E-05
   311   4.767489E-03   6.566993E-03   4.767489E-05
   312   4.758865E-03   6.022014E-03   4.758865E-05
   313   4.753895E-03   4.833748E-03   4.753895E-05
   314   8.558704E-03   8.679987E-03   8.558704E-05
   315   8.545378E-03   8.763014E-03   8.545378E-05
   316   8.522360E-03   8.739429E-03   8.522360E-05
   317   8.495883E-03   8.771766E-03   8.495883E-05
   318   8.473040E-03   9.286722E-03   8.473040E-05
   319   8.459888E-03   7.455880E-03   8.459888E-05
   320   1.204747E-02   1.278723E-02   1.204747E-04
   321   1.202315E-02   1.265234E-02   1.202315E-04
   322   1.198123E-02   1.352392E-02   1.198123E-04
   323   1.193316E-02   1.340072E-02   1.193316E-04
   324   1.189180E-02   1.516865E-02   1.189180E-04
   325   1.186804E-02   1.275181E-02   1.186804E-04
   326   1.443831E-04   1.317996E-04   1.443831E-06
   327   1.443800E-04   1.556431E-04   1.443800E-06
   328   1.443745E-04   1.312062E-04   1.443745E-06
   329   1.443682E-04   1.473137E-04   1.443682E-06
   330   1.443627E-04   1.616454E-04   1.443627E-06
   331   1.443596E-04   1.409065E-04   1.443596E-06
   332   4.771655E-04   5.550824E-04   4.771655E-06
   333   4.770850E-04   4.840383E-04   4.770850E-06
   334   4.769456E-04   4.863960E-04   4.769456E-06
   335   4.767849E-04   4.049467E-04   4.767849E-06
   336   4.766458E-04   5.189095E-04   4.766458E-06
   337   4.765657E-04   3.919598E-04   4.765657E-06
   338   1.095239E-03   1.176974E-03   1.095239E-05
   339   1.094393E-03   1.031142E-03   1.094393E-05
   340   1.092930E-03   1.068071E-03   1.092930E-05
   341   1.091247E-03   1.147096E-03   1.091247E-05
   342   1.089794E-03   1.083755E-03   1.089794E-05
   343   1.088957E-03   1.045543E-03   1.088957E-05
   344   3.044833E-03   3.664263E-03   3.044833E-05
   345   3.038212E-03   3.664442E-03   3.038212E-05
   346   3.026793E-03   3.708418E-03   3.026793E-05
   347   3.013685E-03   3.922954E-03   3.013685E-05
   348   3.002400E-03   3.930713E-03   3.002400E-05
   349   2.995913E-03   4.139909E-03   2.995913E-05
   350   9.295834E-03   5.336453E-03   9.295834E-05
   351   9.258679E-03   5.039208E-03   9.258679E-05
   352   9.194773E-03   4.911813E-03   9.194773E-05
   353   9.121683E-03   4.948353E-03   9.121683E-05
   354   9.058985E-03   4.897329E-03   9.058985E-05
   355   9.023038E-03   4.527424E-03   9.023038E-05
   356   1.987659E-02   2.337325E-02   1.987659E-04
   357   1.976851E-02   2.275018E-02   1.976851E-04
   358   1.958307E-02   2.284272E-02   1.958307E-04
   359   1.937167E-02   2.296688E-02   1.937167E-04
   360   1.919092E-02   2.289785E-02   1.919092E-04
   361   1.908754E-02   2.291768E-02   1.908754E-04
   362   1.118719E-02   1.022376E-02   2.237438E-04
   363   5.701304E-03   5.376350E-03   1.140261E-04
   364   5.209374E-03   5.100207E-03   1.041875E-04
   365   3.638031E-03   3.331298E-03   7.276062E-05
   366   6.404468E-03   5.977967E-03   1.280894E-04
   367   1.844336E-03   1.960605E-03   3.688672E-05
   368   3.709114E-03   3.807815E-03   7.418228E-05
   369   3.716510E-03   3.349833E-03   7.433019E-05
   370   2.518294E-03   2.884199E-03   5.036589E-05
   371   3.562341E-03   3.408850E-03   7.124682E-05
   372   1.376420E-03   1.554106E-03   2.752839E-05
   373   1.302225E-02   1.206032E-02   2.604449E-04
   374   5.086731E-03   4.537189E-03   1.017346E-04
   375   1.064447E-02   1.033736E-02   2.128894E-04
   376   1.285141E-02   1.272877E-02   2.570282E-04
   377   2.636488E-03   2.717182E-03   5.272977E-05
   378   9.873560E-03   9.209292E-03   1.974712E-04
   379   1.535640E-03   1.456902E-03   3.071280E-05
   380   4.111067E-03   3.675072E-03   8.222135E-05
   381   4.096004E-03   4.088726E-03   8.192007E-05
   382   3.887665E-03   3.387594E-03   7.775329E-05
   383   1.023513E-02   9.893281E-03   2.047025E-04
   384   2.094854E-03   2.125601E-03   4.189708E-05
   385   7.168263E-03   6.984395E-03   1.433653E-04
   386   7.369448E-03   6.203164E-03   1.473890E-04
   387   1.036245E-02   1.001815E-02   2.072489E-04
   388   3.332118E-03   3.278428E-03   6.664236E-05
   389   1.261001E-03   1.365051E-03   2.522003E-05
   390   1.566815E-03   1.724528E-03   3.133630E-05
   391   3.476988E-03   3.002762E-03   6.953975E-05
   392   1.927492E-03   2.016772E-03   3.854983E-05
   393   1.034455E-02   1.006804E-02   2.068910E-04
   394   6.482766E-03   4.882279E-03   1.296553E-04
   395   3.293591E-03   2.949684E-03   6.587182E-05
   396   1.262959E-02   1.160812E-02   2.525917E-04
   397   1.325792E-03   1.408798E-03   2.651585E-05
   398   1.307184E-02   1.462430E-02   2.614368E-04
   399   5.209182E-03   3.912500E-03   1.041836E-04
   400   2.725570E-03   2.901264E-03   5.451141E-05
   401   1.273646E-02   9.524877E-03   2.547293E-04
   402   9.991806E-03   1.065403E-02   1.998361E-04
   403   6.424793E-03   5.943146E-03   1.284959E-04
   404   1.350663E-02   1.628203E-02   2.701326E-04
   405   3.013352E-03   2.278425E-03   6.026705E-05
   406   1.256803E-03   1.374604E-03   2.513607E-05
   407   1.650949E-03   1.834502E-03   3.301898E-05
   408   3.337900E-03   3.062588E-03   6.675800E-05
   409   4.745555E-03   4.716134E-03   9.491110E-05
   410   1.235833E-03   1.432769E-03   2.471667E-05
   411   1.694483E-03   1.874365E-03   3.388966E-05
   412   8.725576E-03   9.082261E-03   1.745115E-04
   413   3.850813E-03   3.511797E-03   7.701626E-05
   414   1.147973E-03   1.312044E-03   2.295945E-05
   415   2.586320E-03   2.402031E-03   5.172641E-05
   416   1.605471E-03   1.736517E-03   3.210943E-05
   417   2.410463E-03   2.337977E-03   4.820925E-05
   418   3.956459E-03   3.625942E-03   7.912919E-05
   419   7.334161E-03   6.882145E-03   1.466832E-04
   420   5.407697E-03   4.811897E-03   1.081539E-04
   421   1.008986E-03   1.117867E-03   2.017972E-05
   422   1.403111E-03   1.455907E-03   2.806223E-05
   423   2.087620E-03   1.964753E-03   4.175239E-05
   424   1.292623E-02   1.278773E-02   2.585247E-04
   425   3.361898E-03   3.012121E-03   6.723796E-05
   426   3.241457E-03   3.257288E-03   6.482913E-05
   427   1.622882E-02   1.540587E-02   3.245764E-04
   428   2.914416E-02   2.927171E-02   5.828833E-04
   429   1.287656E-02   1.265884E-02   2.575312E-04
   430   1.645070E-03   1.570222E-03   3.290140E-05
   431   6.081675E-03   5.439485E-03   1.216335E-04
   432   2.473586E-03   2.195090E-03   4.947173E-05
   433   9.355594E-03   8.531776E-03   1.871119E-04
   434   4.118656E-03   3.745855E-03   8.237313E-05
   435   3.887665E-03   3.365785E-03   7.775329E-05
   436   5.425307E-03   4.693922E-03   1.085061E-04
   437   1.285141E-02   1.272432E-02   2.570282E-04
   438   1.338775E-02   1.318258E-02   2.677550E-04
   439   9.138559E-03   5.687043E-03   1.827712E-04
   440   1.466686E-03   1.494861E-03   2.933372E-05
   441   1.230281E-03   1.240240E-03   2.460562E-05
   442   2.164850E-03   2.234918E-03   4.329701E-05
   443   1.715720E-03   1.591579E-03   3.431440E-05
   444   5.876696E-03   5.334366E-03   1.175339E-04
   445   2.395348E-03   2.103852E-03   4.790695E-05
   446   4.752106E-03   3.862775E-03   9.504212E-05
   447   1.186613E-03   1.187856E-03   2.373226E-05
   448   1.355002E-02   1.260584E-02   2.710003E-04
   449   3.184835E-03   2.773740E-03   6.369669E-05
   450   1.064447E-02   1.033817E-02   2.128894E-04
   451   1.535640E-03   1.465272E-03   3.071280E-05
   452   7.334161E-03   6.883672E-03   1.466832E-04
   453   1.522091E-03   1.566097E-03   3.044183E-05
   454   3.716510E-03   3.366895E-03   7.433019E-05
   455   1.901896E-03   1.764102E-03   3.803792E-05
   456   3.043952E-03   2.706956E-03   6.087904E-05
   457   1.038707E-02   9.500695E-03   2.077415E-04
   458   1.034628E-03   1.054442E-03   2.069256E-05
   459   1.230281E-03   1.262338E-03   2.460562E-05
   460   3.956459E-03   3.629777E-03   7.912919E-05
   461   3.638031E-03   3.327221E-03   7.276062E-05
   462   4.409992E-03   4.216147E-03   8.819983E-05
   463   4.650930E-03   4.230930E-03   9.301859E-05
   464   1.231562E-03   1.266656E-03   2.463124E-05
   465   9.854930E-03   9.323727E-03   1.970986E-04
   466   2.769166E-03   2.809243E-03   5.538331E-05
   467   2.087620E-03   1.985312E-03   4.175239E-05
   468   1.390723E-03   1.427930E-03   2.781447E-05
   469   5.588879E-03   5.304432E-03   1.117776E-04
   470   1.599592E-03   1.641112E-03   3.199184E-05
   471   2.410463E-03   2.341237E-03   4.820925E-05
   472   3.221398E-03   2.942732E-03   6.442796E-05
   473   2.655052E-03   2.710946E-03   5.310104E-05
   474   2.472990E-03   2.450096E-03   4.945980E-05
   475   1.470740E-03   1.565562E-03   2.941479E-05
   476   2.412098E-03   2.585735E-03   4.824195E-05
   477   4.859244E-03   4.447066E-03   9.718487E-05
   478   2.100401E-03   2.143573E-03   4.200802E-05
   479   2.684868E-03   2.898890E-03   5.369737E-05
   480   1.605471E-03   1.735111E-03   3.210943E-05
   481   8.038542E-03   7.166549E-03   1.607708E-04
   482   2.272565E-03   2.283066E-03   4.545130E-05
   483   2.835062E-03   3.256688E-03   5.670125E-05
   484   3.411151E-03   3.701111E-03   6.822303E-05
   485   2.930316E-03   3.262441E-03   5.860633E-05
   486   1.927492E-03   2.041532E-03   3.854983E-05
   487   1.650949E-03   1.827174E-03   3.301898E-05
   488   1.059652E-03   1.190591E-03   2.119304E-05
   489   1.147973E-03   1.321009E-03   2.295945E-05
   490   4.852275E-03   4.444975E-03   9.704551E-05
   491   3.679540E-03   3.140650E-03   7.359079E-05
   492   2.725570E-03   2.923174E-03   5.451141E-05
   493   2.896860E-03   2.879162E-03   5.793720E-05
   494   6.104997E-03   5.698396E-03   1.220999E-04
   495   1.261001E-03   1.356969E-03   2.522003E-05
   496   1.128739E-02   1.140471E-02   2.257477E-04
   497   1.256803E-03   1.377633E-03   2.513607E-05
   498   2.457652E-03   2.434194E-03   4.915305E-05
   499   3.209930E-03   3.196882E-03   6.419859E-05
   500   3.143110E-03   2.693367E-03   6.286221E-05
   501   2.161731E-03   1.899198E-03   4.323462E-05
   502   2.817515E-03   2.419436E-03   5.635030E-05
   503   7.381667E-03   6.465926E-03   1.476333E-04
   504   4.252131E-03   3.303956E-03   8.504262E-05
   505   1.365569E-02   1.452755E-02   2.731138E-04
   506   9.710843E-04   7.523244E-04   1.942169E-05
   507   5.731622E-03   5.080837E-03   1.146324E-04
   508   2.531445E-03   1.855710E-03   5.062890E-05
   509   7.573552E-03   6.374126E-03   1.514710E-04
   510   1.863807E-02   2.002739E-02   3.727614E-04
   511   1.360232E-02   1.257292E-02   2.720463E-04
   512   1.704174E-02   1.878299E-02   3.408349E-04
   513   2.837137E-02   2.378080E-02   5.674274E-04
   514   0.000000E+00   1.070708E-04   8.571999E-05
   515   0.000000E+00  -3.043024E-04   4.928760E-05
   516   0.000000E+00  -2.272953E-04   6.938575E-05
   517   0.000000E+00   1.629952E-05   3.784845E-05
   518   0.000000E+00   6.537442E-05   5.833195E-05
   519   0.000000E+00  -9.234504E-05   3.567512E-05
   520   0.000000E+00  -1.945983E-04   4.791193E-05
   521   0.000000E+00   7.126665E-05   3.792972E-05
   522   0.000000E+00  -1.334255E-04   4.420725E-05
   523   0.000000E+00  -7.684206E-05   4.893610E-05
   524   0.000000E+00   8.155046E-06   2.576351E-05
   525   0.000000E+00   5.145344E-04   8.947855E-05
   526   0.000000E+00   1.900843E-04   5.100023E-05
   527   0.000000E+00   3.387425E-04   7.263877E-05
   528   0.000000E+00   2.599403E-04   1.112597E-04
   529   0.000000E+00   2.464742E-05   5.354117E-05
   530   0.000000E+00   1.880648E-04   1.905779E-04
   531   0.000000E+00   1.405230E-05   3.233695E-05
   532   0.000000E+00  -2.247661E-05   4.774072E-05
   533   0.000000E+00  -2.085271E-05   7.106440E-05
   534   0.000000E+00   6.431883E-05   5.388827E-05
   535   0.000000E+00  -1.471468E-04   8.743535E-05
   536   0.000000E+00   6.548303E-05   3.275580E-05
   537   0.000000E+00  -9.112291E-05   4.587356E-04
   538   0.000000E+00  -1.740153E-04   3.185521E-04
   539   0.000000E+00   1.208658E-03   5.889728E-04
   540   0.000000E+00   6.299706E-05   7.864687E-05
   541   0.000000E+00   1.078473E-05   2.646036E-05
   542   0.000000E+00  -6.355481E-05   2.638962E-05
   543   0.000000E+00   2.664432E-04   9.389042E-05
   544   0.000000E+00  -1.108978E-04   3.011639E-05
   545   0.000000E+00   4.960686E-04   3.532326E-04
   546   0.000000E+00  -1.437124E-04   1.419297E-04
   547   0.000000E+00   1.433278E-05   6.301965E-05
   548   0.000000E+00   1.194478E-03   3.330377E-04
   549   0.000000E+00  -4.594563E-05   2.572478E-05
   550   0.000000E+00   7.011070E-03   6.532966E-04
   551   0.000000E+00   5.426824E-05   9.212542E-05
   552   0.000000E+00   2.967207E-05   4.467353E-05
   553   0.000000E+00   6.279104E-03   8.249259E-04
   554   0.000000E+00   3.186193E-03   3.649289E-04
   555   0.000000E+00  -1.363961E-04   1.539804E-04
   556   0.000000E+00   8.094349E-03   6.346598E-04
   557   0.000000E+00   5.543907E-05   8.178753E-05
   558   0.000000E+00   4.052043E-05   2.410946E-05
   559   0.000000E+00   2.303347E-05   2.414284E-05
   560   0.000000E+00   9.736629E-05   6.979279E-05
   561   0.000000E+00  -3.335767E-04   5.179795E-05
   562   0.000000E+00   4.151203E-05   1.919544E-05
   563   0.000000E+00   9.073277E-06   2.376196E-05
   564   0.000000E+00   1.047721E-03   3.452366E-04
   565   0.000000E+00  -1.689175E-04   3.292312E-05
   566   0.000000E+00  -1.742165E-05   2.041193E-05
   567   0.000000E+00  -1.569890E-05   6.110786E-05
   568   0.000000E+00  -4.085443E-05   2.060922E-05
   569   0.000000E+00  -9.282729E-05   2.815692E-05
   570   0.000000E+00  -1.539307E-04   3.147130E-05
   571   0.000000E+00   7.409138E-05   6.085316E-05
   572   0.000000E+00   5.357158E-05   1.118133E-04
   573   0.000000E+00  -3.045096E-05   2.366837E-05
   574   0.000000E+00  -2.567288E-05   1.953068E-05
   575   0.000000E+00  -6.550590E-05   2.779137E-05
   576   0.000000E+00   7.670154E-05   9.873027E-05
   577   0.000000E+00  -7.654093E-05   3.718324E-05
   578   0.000000E+00   2.656141E-06   7.636247E-05
   579   0.000000E+00   1.078609E-05   1.113851E-04
   580   0.000000E+00  -1.539316E-03   1.625447E-04
   581   0.000000E+00   4.251468E-04   6.834563E-04
   582   0.000000E+00  -3.478356E-05   1.925692E-05
   583   0.000000E+00  -2.918553E-04   1.158571E-04
   584   0.000000E+00  -4.928345E-05   3.991710E-05
   585   0.000000E+00   4.472022E-05   7.434996E-05
   586   0.000000E+00   4.558848E-05   3.911121E-05
   587   0.000000E+00  -8.316165E-05   5.388827E-05
   588   0.000000E+00  -9.474934E-05   1.845522E-04
   589   0.000000E+00  -2.923081E-04   1.112597E-04
   590   0.000000E+00   6.681812E-03   8.013370E-04
   591   0.000000E+00   5.600277E-03   6.984900E-04
   592   0.000000E+00  -1.179208E-05   3.666105E-05
   593   0.000000E+00  -4.118312E-05   2.240563E-05
   594   0.000000E+00   1.329534E-05   4.817192E-05
   595   0.000000E+00   2.980503E-05   3.031923E-05
   596   0.000000E+00  -3.598290E-04   5.235641E-05
   597   0.000000E+00  -8.182052E-06   3.690730E-05
   598   0.000000E+00   1.638685E-04   1.846210E-04
   599   0.000000E+00  -3.568116E-05   2.179130E-05
   600   0.000000E+00  -3.601198E-04   9.428622E-05
   601   0.000000E+00  -1.924317E-04   4.057387E-05
   602   0.000000E+00  -2.968645E-04   7.263877E-05
   603   0.000000E+00  -2.180140E-05   3.233695E-05
   604   0.000000E+00  -1.131180E-04   6.085316E-05
   605   0.000000E+00   5.224900E-05   3.886744E-05
   606   0.000000E+00  -7.881833E-05   3.792972E-05
   607   0.000000E+00  -6.662837E-06   3.065130E-05
   608   0.000000E+00   9.777490E-05   1.055374E-04
   609   0.000000E+00   7.309907E-05   6.793450E-05
   610   0.000000E+00  -6.354233E-06   2.506130E-05
   611   0.000000E+00   1.434736E-05   2.240563E-05
   612   0.000000E+00   1.621823E-04   3.147130E-05
   613   0.000000E+00  -2.322669E-06   3.784845E-05
   614   0.000000E+00   1.309958E-04   5.626829E-05
   615   0.000000E+00  -2.366407E-05   5.365125E-05
   616   0.000000E+00  -3.117059E-06   3.100760E-05
   617   0.000000E+00   1.430502E-04   6.214445E-04
   618   0.000000E+00  -3.843151E-05   7.379859E-05
   619   0.000000E+00   5.707578E-05   2.779137E-05
   620   0.000000E+00   5.478003E-05   3.134071E-05
   621   0.000000E+00   1.929927E-04   6.665645E-05
   622   0.000000E+00   5.430445E-05   3.974242E-05
   623   0.000000E+00   9.665275E-05   2.815692E-05
   624   0.000000E+00   1.595586E-04   3.335440E-05
   625   0.000000E+00   4.016697E-05   6.736173E-05
   626   0.000000E+00   1.609003E-04   3.504132E-05
   627   0.000000E+00   1.061301E-04   2.657622E-05
   628   0.000000E+00   5.208788E-05   2.873763E-05
   629   0.000000E+00   3.809375E-04   2.415488E-04
   630   0.000000E+00   1.267650E-04   4.024154E-05
   631   0.000000E+00   7.746276E-05   7.362440E-05
   632   0.000000E+00   3.335275E-05   2.060922E-05
   633   0.000000E+00   1.370206E-04   2.758659E-04
   634   0.000000E+00   1.594926E-04   3.847177E-05
   635   0.000000E+00   1.666482E-05   4.285841E-05
   636   0.000000E+00   1.384918E-04   4.331878E-05
   637   0.000000E+00  -3.319480E-05   3.060131E-05
   638   0.000000E+00   1.082568E-04   3.011639E-05
   639   0.000000E+00  -1.609560E-05   2.414284E-05
   640   0.000000E+00   5.566838E-05   2.575829E-05
   641   0.000000E+00   3.489877E-06   2.041193E-05
   642   0.000000E+00  -5.889967E-05   1.317718E-04
   643   0.000000E+00  -4.884275E-05   1.116361E-04
   644   0.000000E+00  -4.500040E-06   4.467353E-05
   645   0.000000E+00  -8.114498E-05   7.097436E-05
   646   0.000000E+00  -2.959539E-05   1.717571E-04
   647   0.000000E+00  -7.292199E-06   2.646036E-05
   648   0.000000E+00  -1.370616E-03   6.347788E-04
   649   0.000000E+00  -3.293899E-05   2.410946E-05
   650   0.000000E+00   2.856127E-05   4.117016E-05
   651   0.000000E+00  -1.576260E-05   6.411905E-05
   652   0.000000E+00   1.790108E-05   7.552702E-05
   653   0.000000E+00  -4.472301E-05   5.065160E-05
   654   0.000000E+00  -1.862667E-04   7.019159E-05
   655   0.000000E+00  -1.297662E-04   2.141020E-04
   656   0.000000E+00  -3.888675E-05   1.031970E-04
   657   0.000000E+00  -8.626934E-03   8.124586E-04
   658   0.000000E+00  -3.217615E-05   2.755854E-05
   659   0.000000E+00   4.867436E-05   1.293177E-04
   660   0.000000E+00   2.158968E-05   7.103876E-05
   661   0.000000E+00   6.491437E-04   2.108601E-04
   662   0.000000E+00  -8.166746E-03   6.538745E-04
   663   0.000000E+00   1.295015E-03   3.143698E-04
   664   0.000000E+00  -7.627670E-03   6.913460E-04
   665   0.000000E+00  -6.013465E-03   1.143279E-03
   666   0.000000E+00   1.754789E-04   8.502500E-05
   667   0.000000E+00   5.583782E-04   5.345402E-05
   668   0.000000E+00   7.640825E-04   7.063079E-05
   669   0.000000E+00   2.340943E-04   3.726087E-05
   670   0.000000E+00  -2.635065E-04   5.548086E-05
   671   0.000000E+00   1.802543E-04   3.610002E-05
   672   0.000000E+00   4.251813E-04   5.109268E-05
   673   0.000000E+00   1.375279E-05   3.979963E-05
   674   0.000000E+00   3.097894E-04   4.782883E-05
   675   0.000000E+00   7.765285E-05   5.004599E-05
   676   0.000000E+00   5.026264E-05   3.485687E-05
   677   0.000000E+00  -1.099560E-03   8.669034E-05
   678   0.000000E+00  -9.373586E-05   5.286713E-05
   679   0.000000E+00  -9.577352E-04   8.780515E-05
   680   0.000000E+00  -1.607988E-03   9.603366E-05
   681   0.000000E+00  -4.668419E-05   5.963232E-05
   682   0.000000E+00   1.175668E-03   1.995973E-04
   683   0.000000E+00   2.210794E-05   3.154722E-05
   684   0.000000E+00  -3.960431E-05   4.713132E-05
   685   0.000000E+00  -6.009183E-05   7.136238E-05
   686   0.000000E+00  -1.195795E-04   4.633345E-05
   687   0.000000E+00  -1.027337E-03   8.080342E-05
   688   0.000000E+00  -9.022905E-06   3.800434E-05
   689   0.000000E+00   1.322914E-03   4.553733E-04
   690   0.000000E+00   1.506110E-03   3.342714E-04
   691   0.000000E+00   1.296267E-03   5.170341E-04
   692   0.000000E+00   3.278626E-04   8.861092E-05
   693   0.000000E+00   3.588565E-05   2.645064E-05
   694   0.000000E+00   4.356146E-05   2.832537E-05
   695   0.000000E+00   3.588605E-04   1.000823E-04
   696   0.000000E+00   1.178011E-04   3.068300E-05
   697   0.000000E+00   2.206392E-03   3.578252E-04
   698   0.000000E+00   1.003587E-03   1.539400E-04
   699   0.000000E+00   1.060622E-04   6.082881E-05
   700   0.000000E+00   2.619604E-03   3.399691E-04
   701   0.000000E+00   5.448331E-06   2.538879E-05
   702   0.000000E+00   3.113839E-03   7.181558E-04
   703   0.000000E+00   6.806017E-04   1.031984E-04
   704   0.000000E+00   2.425121E-05   4.486014E-05
   705   0.000000E+00   3.166616E-03   9.890900E-04
   706   0.000000E+00   1.895266E-03   4.048614E-04
   707   0.000000E+00   1.304832E-03   1.716064E-04
   708   0.000000E+00   3.911499E-03   8.651080E-04
   709   0.000000E+00   4.747179E-04   8.641357E-05
   710   0.000000E+00   1.639693E-05   2.172030E-05
   711   0.000000E+00   4.148238E-06   2.603586E-05
   712   0.000000E+00   3.722416E-04   7.987421E-05
   713   0.000000E+00   5.154878E-04   5.287223E-05
   714   0.000000E+00  -2.200452E-05   1.745297E-05
   715   0.000000E+00   5.539803E-05   2.384431E-05
   716   0.000000E+00   1.781607E-03   3.729572E-04
   717   0.000000E+00  -2.536462E-06   3.140260E-05
   718   0.000000E+00   4.772944E-05   2.273269E-05
   719   0.000000E+00   3.805479E-04   5.746233E-05
   720   0.000000E+00   4.242626E-05   2.372358E-05
   721   0.000000E+00   1.524501E-04   3.016024E-05
   722   0.000000E+00  -1.280263E-04   3.139118E-05
   723   0.000000E+00  -5.577307E-04   5.136381E-05
   724   0.000000E+00   7.408013E-04   1.259637E-04
   725   0.000000E+00   4.077841E-05   2.901345E-05
   726   0.000000E+00  -6.694982E-05   2.153188E-05
   727   0.000000E+00   1.041332E-04   2.747425E-05
   728   0.000000E+00  -1.575780E-03   9.698348E-05
   729   0.000000E+00  -8.323037E-05   3.958268E-05
   730   0.000000E+00   1.366040E-04   7.385422E-05
   731   0.000000E+00  -1.622201E-03   1.024805E-04
   732   0.000000E+00  -3.202167E-03   1.654751E-04
   733   0.000000E+00   1.901796E-03   5.877665E-04
   734   0.000000E+00  -6.628602E-05   2.359301E-05
   735   0.000000E+00   2.108979E-04   1.328803E-04
   736   0.000000E+00   3.882279E-07   3.977570E-05
   737   0.000000E+00  -6.053036E-04   7.343206E-05
   738   0.000000E+00  -4.727444E-05   4.408569E-05
   739   0.000000E+00  -1.355471E-04   4.633345E-05
   740   0.000000E+00   9.596197E-04   2.016173E-04
   741   0.000000E+00  -1.627276E-03   9.603366E-05
   742   0.000000E+00   6.644845E-03   1.073694E-03
   743   0.000000E+00   1.175032E-03   1.042696E-03
   744   0.000000E+00   1.283788E-05   3.997074E-05
   745   0.000000E+00   4.224485E-05   2.547163E-05
   746   0.000000E+00   6.264721E-05   5.670562E-05
   747   0.000000E+00  -9.057809E-07   3.014662E-05
   748   0.000000E+00  -5.703794E-04   4.845909E-05
   749   0.000000E+00  -6.440753E-07   3.622306E-05
   750   0.000000E+00   9.255168E-04   2.223257E-04
   751   0.000000E+00  -3.175900E-05   2.507152E-05
   752   0.000000E+00  -8.014176E-04   9.310043E-05
   753   0.000000E+00  -1.186197E-04   4.310329E-05
   754   0.000000E+00  -9.291128E-04   8.780515E-05
   755   0.000000E+00   2.778098E-05   3.154722E-05
   756   0.000000E+00  -6.063325E-04   5.136381E-05
   757   0.000000E+00   1.946889E-06   4.158928E-05
   758   0.000000E+00   1.587194E-06   3.979963E-05
   759   0.000000E+00   3.422824E-06   3.079421E-05
   760   0.000000E+00   1.072523E-04   9.785477E-05
   761   0.000000E+00  -2.333273E-04   6.676575E-05
   762   0.000000E+00  -3.677242E-05   2.670224E-05
   763   0.000000E+00   3.021477E-05   2.547163E-05
   764   0.000000E+00  -1.125222E-04   3.139118E-05
   765   0.000000E+00   2.468261E-04   3.726087E-05
   766   0.000000E+00   3.358055E-04   5.581810E-05
   767   0.000000E+00   2.788750E-04   5.138683E-05
   768   0.000000E+00  -2.927936E-05   3.623462E-05
   769   0.000000E+00   1.650339E-03   6.309801E-04
   770   0.000000E+00   7.602202E-06   7.363586E-05
   771   0.000000E+00   8.429946E-05   2.747425E-05
   772   0.000000E+00  -7.010736E-06   3.279285E-05
   773   0.000000E+00   5.934733E-04   7.198962E-05
   774   0.000000E+00   5.923826E-05   4.167816E-05
   775   0.000000E+00   1.396867E-04   3.016024E-05
   776   0.000000E+00   3.419801E-04   3.587868E-05
   777   0.000000E+00   1.117414E-04   6.433065E-05
   778   0.000000E+00   2.555051E-04   3.891477E-05
   779   0.000000E+00   1.802106E-04   3.053185E-05
   780   0.000000E+00  -7.755597E-05   3.279801E-05
   781   0.000000E+00   1.186592E-03   2.583525E-04
   782   0.000000E+00   3.486270E-04   3.999934E-05
   783   0.000000E+00   1.886515E-04   7.473856E-05
   784   0.000000E+00   5.811717E-05   2.372358E-05
   785   0.000000E+00   1.572155E-03   2.849040E-04
   786   0.000000E+00   2.599002E-04   3.583350E-05
   787   0.000000E+00   2.586016E-04   5.229974E-05
   788   0.000000E+00   2.168302E-04   4.530177E-05
   789   0.000000E+00   2.871082E-05   2.922159E-05
   790   0.000000E+00   9.358055E-05   3.068300E-05
   791   0.000000E+00   1.755415E-05   2.603586E-05
   792   0.000000E+00   1.125879E-04   2.830580E-05
   793   0.000000E+00   4.461089E-05   2.273269E-05
   794   0.000000E+00   8.117215E-04   1.513282E-04
   795   0.000000E+00   4.602176E-04   1.230757E-04
   796   0.000000E+00   1.349191E-05   4.486014E-05
   797   0.000000E+00   2.232302E-04   7.670949E-05
   798   0.000000E+00   1.450158E-03   1.910509E-04
   799   0.000000E+00   3.764291E-05   2.645064E-05
   800   0.000000E+00   1.713039E-03   5.318033E-04
   801   0.000000E+00   1.937590E-05   2.172030E-05
   802   0.000000E+00   2.195434E-05   4.094920E-05
   803   0.000000E+00   2.968631E-04   7.061205E-05
   804   0.000000E+00   6.167218E-04   7.469525E-05
   805   0.000000E+00   7.148318E-05   4.777532E-05
   806   0.000000E+00   2.057431E-04   7.891373E-05
   807   0.000000E+00   1.289556E-03   2.245348E-04
   808   0.000000E+00   5.886466E-04   1.128870E-04
   809   0.000000E+00   4.505924E-03   8.263193E-04
   810   0.000000E+00   8.273565E-05   2.932472E-05
   811   0.000000E+00   1.111112E-03   1.452169E-04
   812   0.000000E+00   4.207635E-04   8.161353E-05
   813   0.000000E+00   1.686941E-03   2.181146E-04
   814   0.000000E+00   4.159449E-03   7.805474E-04
   815   0.000000E+00   2.430426E-03   3.362209E-04
   816   0.000000E+00   3.715711E-03   7.246632E-04
   817   0.000000E+00   7.228750E-03   1.567776E-03
   818   8.614137E-04   4.421636E-04   3.356157E-03
   819   5.735512E-04   6.674447E-04   1.710391E-03
   820   5.120814E-04   4.858041E-04   1.562812E-03
   821   3.019566E-04   1.189928E-04   1.091409E-03
   822   3.842681E-04   1.116526E-04   1.921340E-03
   823   1.977128E-04   3.563816E-04   5.533008E-04
   824   3.152747E-04   3.044928E-04   1.112734E-03
   825   2.363700E-04  -1.107550E-05   1.114953E-03
   826   2.593843E-04   5.388631E-04   7.554883E-04
   827   2.493639E-04   1.122570E-04   1.068702E-03
   828   1.666844E-04   3.303916E-04   4.129259E-04
   829   4.753119E-04  -9.605189E-05   3.906674E-03
   830   2.650187E-04  -6.002262E-05   1.526019E-03
   831   5.130635E-04   1.475654E-04   3.193341E-03
   832   2.930122E-04   5.995646E-05   3.855424E-03
   833   1.426340E-04   4.266681E-05   7.909465E-04
   834   8.353032E-04   3.354510E-04   2.962068E-03
   835   4.238366E-05   1.470911E-06   4.606920E-04
   836  -2.425530E-05   2.268115E-05   1.233320E-03
   837   9.420808E-05  -8.450451E-06   1.228801E-03
   838  -1.671696E-05   1.853920E-05   1.166299E-03
   839  -1.064453E-04   1.983931E-05   3.070538E-03
   840  -2.094854E-07   1.459273E-05   6.284562E-04
   841   4.064405E-04   1.008977E-04   2.150479E-03
   842   1.473890E-06  -1.953558E-04   2.210834E-03
   843   1.265255E-03   6.140488E-04   3.108734E-03
   844   4.178476E-04   3.848234E-04   9.996354E-04
   845   1.617865E-04   2.785722E-04   3.783004E-04
   846   1.869210E-04   4.014812E-04   4.700445E-04
   847   5.556226E-04   2.575887E-04   1.043096E-03
   848   2.193485E-04   4.115227E-04   5.782475E-04
   849   1.908569E-03   9.917307E-04   3.103364E-03
   850   1.128001E-03   1.150342E-04   1.944830E-03
   851   4.406825E-04   3.164057E-04   9.880773E-04
   852   2.693891E-03   2.605768E-04   3.788876E-03
   853   1.674476E-04   3.107938E-04   3.977377E-04
   854   2.955543E-03   5.051418E-04   3.921552E-03
   855   8.136742E-04  -5.002471E-05   1.562754E-03
   856   3.625008E-04   6.258275E-04   8.176711E-04
   857   3.516538E-03   2.478127E-03   3.820939E-03
   858   2.312104E-03   7.978709E-04   2.997542E-03
   859   1.126909E-03   3.293482E-04   1.927438E-03
   860   3.779155E-03   3.666679E-04   4.051989E-03
   861   4.782190E-04   8.220451E-05   9.040057E-04
   862   1.616249E-04   2.647545E-04   3.770410E-04
   863   2.101658E-04   3.453171E-04   4.952847E-04
   864   4.579599E-04   3.482395E-04   1.001370E-03
   865   4.612680E-04   6.134445E-04   1.423667E-03
   866   1.523783E-04   2.502462E-04   3.707500E-04
   867   1.948655E-04   3.109953E-04   5.083449E-04
   868   1.312327E-03   7.022619E-04   2.617673E-03
   869   2.787988E-04   2.117061E-04   1.155244E-03
   870   1.276546E-04   2.267129E-04   3.443918E-04
   871   3.302731E-04   2.182949E-04   7.758961E-04
   872   1.629554E-04   2.120194E-04   4.816414E-04
   873   2.041662E-04   1.391339E-04   7.231388E-04
   874   2.156270E-04   7.666807E-05   1.186938E-03
   875   3.527731E-04   5.621024E-05   2.200248E-03
   876   5.337397E-04   1.797671E-04   1.622309E-03
   877   9.282673E-05   1.532465E-04   3.026959E-04
   878   1.158970E-04   1.092705E-04   4.209334E-04
   879   1.436282E-04   3.853973E-05   6.262859E-04
   880   2.998886E-04   1.230263E-04   3.877870E-03
   881   1.637244E-04  -1.750597E-05   1.008569E-03
   882   2.116671E-04   9.435512E-05   9.724370E-04
   883   2.207120E-04   1.531927E-05   4.868647E-03
   884  -8.043790E-04   6.588076E-05   8.743249E-03
   885   9.966457E-04   6.934951E-04   3.862968E-03
   886   8.850477E-05  -8.468277E-07   4.935210E-04
   887  -1.471765E-04   1.790503E-04   1.824502E-03
   888   6.876570E-05  -4.099343E-05   7.420759E-04
   889  -3.321236E-04   5.772008E-05   2.806678E-03
   890  -1.836921E-04   1.349271E-05   1.235597E-03
   891   1.671696E-05  -1.979223E-05   1.166299E-03
   892   2.614998E-04  -1.491037E-04   1.627592E-03
   893  -2.930122E-04  -4.630820E-05   3.855424E-03
   894   2.907819E-03   4.487185E-03   4.016324E-03
   895   2.741568E-03   9.541521E-04   2.741568E-03
   896   5.470738E-05   7.553706E-06   4.400057E-04
   897   3.776962E-05   1.955316E-06   3.690843E-04
   898   4.546186E-05  -3.651318E-05   6.494551E-04
   899   4.066256E-05  -1.217982E-05   5.147159E-04
   900  -1.939310E-04   7.861843E-05   1.763009E-03
   901  -2.083952E-05  -1.615555E-05   7.186043E-04
   902   9.931902E-05  -4.615479E-06   1.425632E-03
   903  -9.730228E-06  -6.740389E-06   3.559840E-04
   904  -7.086659E-04  -6.353474E-05   4.065005E-03
   905  -1.678408E-04   4.921414E-05   9.554504E-04
   906  -5.130635E-04  -1.700557E-04   3.193341E-03
   907  -4.238366E-05   1.281417E-07   4.606920E-04
   908  -3.527731E-04  -5.114495E-05   2.200248E-03
   909   3.500810E-06  -8.689268E-06   4.566274E-04
   910  -2.363700E-04   1.669866E-05   1.114953E-03
   911  -9.775745E-05   5.825410E-06   5.705688E-04
   912  -1.735053E-05   2.319255E-05   9.131856E-04
   913  -7.208630E-04  -3.497637E-04   3.116122E-03
   914  -3.517735E-05  -2.090302E-05   3.103884E-04
   915  -3.776962E-05   5.793674E-06   3.690843E-04
   916  -2.156270E-04  -8.088583E-05   1.186938E-03
   917  -3.019566E-04  -9.323934E-05   1.091409E-03
   918  -3.430974E-04  -1.636759E-04   1.322998E-03
   919  -4.167233E-04  -2.459227E-04   1.395279E-03
   920  -6.638119E-05  -3.446176E-05   3.694686E-04
   921  -3.173288E-04   9.760090E-05   2.956479E-03
   922  -1.420582E-04  -7.934960E-06   8.307497E-04
   923  -1.436282E-04  -4.567174E-05   6.262859E-04
   924  -9.456918E-05  -8.639698E-05   4.172170E-04
   925  -5.940978E-04  -6.163807E-04   1.676664E-03
   926  -6.974222E-05  -3.701190E-05   4.798776E-04
   927  -2.041662E-04  -1.448022E-04   7.231388E-04
   928  -3.092542E-04  -2.845562E-04   9.664194E-04
   929  -1.956773E-04  -1.313234E-04   7.965155E-04
   930  -2.228164E-04  -2.612241E-04   7.418970E-04
   931  -1.251599E-04  -1.761026E-04   4.412219E-04
   932  -2.071992E-04  -2.449798E-04   7.236293E-04
   933  -1.482069E-04   1.335687E-04   1.457773E-03
   934  -2.020586E-04  -2.639428E-04   6.301204E-04
   935  -2.223071E-04  -2.860631E-04   8.054605E-04
   936  -1.629554E-04  -2.190448E-04   4.816414E-04
   937  -5.715403E-04   6.480649E-05   2.411563E-03
   938  -2.418009E-04  -3.898080E-04   6.817695E-04
   939  -3.274497E-04  -6.523993E-04   8.505187E-04
   940  -3.892124E-04  -7.415453E-04   1.023345E-03
   941  -3.487076E-04  -5.304704E-04   8.790949E-04
   942  -2.193485E-04  -4.026469E-04   5.782475E-04
   943  -2.101658E-04  -3.762949E-04   4.952847E-04
   944  -1.069189E-04  -2.168772E-04   3.178956E-04
   945  -1.276546E-04  -2.343603E-04   3.443918E-04
   946  -5.788765E-04  -2.611684E-04   1.455683E-03
   947  -2.594075E-04   5.272179E-05   1.103862E-03
   948  -3.625008E-04  -6.082533E-04   8.176711E-04
   949  -3.884689E-04  -4.001646E-04   8.690579E-04
   950  -7.374836E-04  -2.670559E-04   1.831499E-03
   951  -1.617865E-04  -2.640592E-04   3.783004E-04
   952  -1.502351E-03  -7.248041E-04   3.386216E-03
   953  -1.616249E-04  -2.601927E-04   3.770410E-04
   954  -3.133507E-04  -4.390623E-04   7.372957E-04
   955  -3.697839E-04  -4.175553E-04   9.629789E-04
   956  -4.346921E-04  -1.303374E-04   9.429331E-04
   957  -2.931307E-04  -1.621208E-04   6.485193E-04
   958  -4.147382E-04  -2.021740E-04   8.452545E-04
   959  -1.345678E-03  -6.818233E-04   2.214500E-03
   960  -7.275396E-04  -8.691827E-05   1.275639E-03
   961  -2.727041E-03  -4.289018E-04   4.096707E-03
   962  -1.428465E-04  -5.910486E-06   2.913253E-04
   963  -9.439981E-04  -3.217387E-04   1.719487E-03
   964  -4.126256E-04   8.524335E-05   7.594335E-04
   965  -1.460938E-03  -5.299813E-05   2.272066E-03
   966  -4.797439E-03  -1.709070E-03   5.591420E-03
   967  -2.848325E-03  -4.713989E-04   4.080695E-03
   968  -3.352111E-03  -1.494819E-03   5.112523E-03
   969  -8.142583E-03  -4.225102E-03   8.511411E-03
   970   0.000000E+00  -1.539311E-04   3.356157E-03
   971   0.000000E+00  -7.941230E-05   1.710391E-03
   972   0.000000E+00   1.024154E-04   1.562812E-03
   973   0.000000E+00   3.320148E-06   1.091409E-03
   974   0.000000E+00  -4.638696E-05   1.921340E-03
   975   0.000000E+00   2.385586E-05   5.533008E-04
   976   0.000000E+00   9.512010E-05   1.112734E-03
   977   0.000000E+00   6.120025E-05   1.114953E-03
   978   0.000000E+00   1.427171E-04   7.554883E-04
   979   0.000000E+00   7.037953E-05   1.068702E-03
   980   0.000000E+00   9.057052E-05   4.129259E-04
   981   0.000000E+00   2.818712E-04   3.906674E-03
   982   0.000000E+00   1.495906E-04   1.526019E-03
   983   0.000000E+00  -7.151798E-05   3.193341E-03
   984   0.000000E+00   1.781402E-05   3.855424E-03
   985   0.000000E+00   9.432254E-05   7.909465E-04
   986   0.000000E+00   1.710047E-04   2.962068E-03
   987   0.000000E+00   3.018529E-05   4.606920E-04
   988   0.000000E+00   1.176598E-04   1.233320E-03
   989   0.000000E+00   1.985110E-04   1.228801E-03
   990   0.000000E+00   1.523436E-04   1.166299E-03
   991   0.000000E+00   6.685684E-05   3.070538E-03
   992   0.000000E+00   5.348328E-05   6.284562E-04
   993   0.000000E+00  -1.891576E-04   2.150479E-03
   994   0.000000E+00   8.248546E-05   2.210834E-03
   995   0.000000E+00   4.872683E-04   3.108734E-03
   996   0.000000E+00   2.126613E-04   9.996354E-04
   997   0.000000E+00   1.327151E-04   3.783004E-04
   998   0.000000E+00   7.840205E-05   4.700445E-04
   999   0.000000E+00   1.192573E-04   1.043096E-03
  1000   0.000000E+00   2.741870E-05   5.782475E-04
  1001   0.000000E+00   3.301329E-04   3.103364E-03
  1002   0.000000E+00  -6.659673E-05   1.944830E-03
  1003   0.000000E+00   2.397748E-04   9.880773E-04
  1004   0.000000E+00   2.854402E-04   3.788876E-03
  1005   0.000000E+00   1.274645E-04   3.977377E-04
  1006   0.000000E+00   1.766741E-03   3.921552E-03
  1007   0.000000E+00   8.106977E-05   1.562754E-03
  1008   0.000000E+00   2.496474E-04   8.176711E-04
  1009   0.000000E+00   3.671370E-03   3.820939E-03
  1010   0.000000E+00   1.056941E-03   2.997542E-03
  1011   0.000000E+00   2.835169E-04   1.927438E-03
  1012   0.000000E+00   2.118745E-03   4.051989E-03
  1013   0.000000E+00  -3.465053E-05   9.040057E-04
  1014   0.000000E+00   1.082532E-04   3.770410E-04
  1015   0.000000E+00   9.302553E-05   4.952847E-04
  1016   0.000000E+00   1.752622E-04   1.001370E-03
  1017   0.000000E+00  -2.714134E-05   1.423667E-03
  1018   0.000000E+00   8.418837E-05   3.707500E-04
  1019   0.000000E+00   4.259744E-05   5.083449E-04
  1020   0.000000E+00   6.604735E-04   2.617673E-03
  1021   0.000000E+00  -1.216579E-04   1.155244E-03
  1022   0.000000E+00   6.552162E-05   3.443918E-04
  1023   0.000000E+00   8.699545E-05   7.758961E-04
  1024   0.000000E+00   2.990382E-05   4.816414E-04
  1025   0.000000E+00  -2.512281E-06   7.231388E-04
  1026   0.000000E+00  -1.019107E-06   1.186938E-03
  1027   0.000000E+00   2.343580E-05   2.200248E-03
  1028   0.000000E+00   1.028318E-04   1.622309E-03
  1029   0.000000E+00   3.883374E-05   3.026959E-04
  1030   0.000000E+00   4.741352E-05   4.209334E-04
  1031   0.000000E+00   3.627468E-05   6.262859E-04
  1032   0.000000E+00  -6.360383E-06   3.877870E-03
  1033   0.000000E+00   8.305584E-05   1.008569E-03
  1034   0.000000E+00   1.213794E-04   9.724370E-04
  1035   0.000000E+00   2.120516E-04   4.868647E-03
  1036   0.000000E+00  -2.479226E-04   8.743249E-03
  1037   0.000000E+00  -2.044013E-04   3.862968E-03
  1038   0.000000E+00   4.900424E-05   4.935210E-04
  1039   0.000000E+00   5.481625E-04   1.824502E-03
  1040   0.000000E+00   9.028217E-05   7.420759E-04
  1041   0.000000E+00   2.202707E-04   2.806678E-03
  1042   0.000000E+00   1.605510E-04   1.235597E-03
  1043   0.000000E+00   1.571561E-04   1.166299E-03
  1044   0.000000E+00   4.587658E-04   1.627592E-03
  1045   0.000000E+00   4.261307E-05   3.855424E-03
  1046   0.000000E+00   3.271920E-03   4.016324E-03
  1047   0.000000E+00   1.429960E-03   2.741568E-03
  1048   0.000000E+00   7.400830E-05   4.400057E-04
  1049   0.000000E+00   3.735812E-05   3.690843E-04
  1050   0.000000E+00   1.085258E-04   6.494551E-04
  1051   0.000000E+00   5.338432E-05   5.147159E-04
  1052   0.000000E+00   1.904160E-04   1.763009E-03
  1053   0.000000E+00   7.556345E-05   7.186043E-04
  1054   0.000000E+00   3.577732E-04   1.425632E-03
  1055   0.000000E+00   3.494108E-05   3.559840E-04
  1056   0.000000E+00   4.632415E-05   4.065005E-03
  1057   0.000000E+00   9.012815E-05   9.554504E-04
  1058   0.000000E+00  -8.220440E-05   3.193341E-03
  1059   0.000000E+00   3.155190E-05   4.606920E-04
  1060   0.000000E+00   5.063110E-05   2.200248E-03
  1061   0.000000E+00   4.918341E-05   4.566274E-04
  1062   0.000000E+00   7.143208E-05   1.114953E-03
  1063   0.000000E+00   5.268343E-05   5.705688E-04
  1064   0.000000E+00   2.487169E-04   9.131856E-04
  1065   0.000000E+00  -1.834435E-04   3.116122E-03
  1066   0.000000E+00   3.265325E-05   3.103884E-04
  1067   0.000000E+00   2.582885E-05   3.690843E-04
  1068   0.000000E+00  -4.051657E-05   1.186938E-03
  1069   0.000000E+00   2.479074E-05   1.091409E-03
  1070   0.000000E+00   3.160528E-05   1.322998E-03
  1071   0.000000E+00  -2.295937E-05   1.395279E-03
  1072   0.000000E+00   2.968492E-05   3.694686E-04
  1073   0.000000E+00  -3.657456E-04   2.956479E-03
  1074   0.000000E+00   1.135845E-04   8.307497E-04
  1075   0.000000E+00   4.566880E-05   6.262859E-04
  1076   0.000000E+00   2.733847E-05   4.172170E-04
  1077   0.000000E+00   2.032032E-05   1.676664E-03
  1078   0.000000E+00   5.012802E-05   4.798776E-04
  1079   0.000000E+00  -9.624990E-07   7.231388E-04
  1080   0.000000E+00  -4.324378E-05   9.664194E-04
  1081   0.000000E+00   7.211323E-05   7.965155E-04
  1082   0.000000E+00  -2.045176E-06   7.418970E-04
  1083   0.000000E+00   1.733935E-05   4.412219E-04
  1084   0.000000E+00   8.089794E-05   7.236293E-04
  1085   0.000000E+00   2.447402E-04   1.457773E-03
  1086   0.000000E+00   4.945656E-05   6.301204E-04
  1087   0.000000E+00   5.143825E-05   8.054605E-04
  1088   0.000000E+00   3.258329E-05   4.816414E-04
  1089   0.000000E+00   2.386017E-04   2.411563E-03
  1090   0.000000E+00  -1.990396E-06   6.817695E-04
  1091   0.000000E+00   1.907621E-04   8.505187E-04
  1092   0.000000E+00   1.074245E-04   1.023345E-03
  1093   0.000000E+00   1.246254E-04   8.790949E-04
  1094   0.000000E+00   3.373365E-05   5.782475E-04
  1095   0.000000E+00   8.898321E-05   4.952847E-04
  1096   0.000000E+00   6.804619E-05   3.178956E-04
  1097   0.000000E+00   7.297660E-05   3.443918E-04
  1098   0.000000E+00   6.690456E-05   1.455683E-03
  1099   0.000000E+00   1.995338E-04   1.103862E-03
  1100   0.000000E+00   2.654984E-04   8.176711E-04
  1101   0.000000E+00   2.482509E-04   8.690579E-04
  1102   0.000000E+00   1.229283E-04   1.831499E-03
  1103   0.000000E+00   1.127925E-04   3.783004E-04
  1104   0.000000E+00   6.701693E-04   3.386216E-03
  1105   0.000000E+00   9.961002E-05   3.770410E-04
  1106   0.000000E+00   2.151990E-04   7.372957E-04
  1107   0.000000E+00   1.893586E-04   9.629789E-04
  1108   0.000000E+00  -2.105560E-05   9.429331E-04
  1109   0.000000E+00   1.368432E-04   6.485193E-04
  1110   0.000000E+00   1.535285E-04   8.452545E-04
  1111   0.000000E+00   5.638220E-05   2.214500E-03
  1112   0.000000E+00   6.427958E-06   1.275639E-03
  1113   0.000000E+00   3.112896E-04   4.096707E-03
  1114   0.000000E+00   2.270006E-05   2.913253E-04
  1115   0.000000E+00   2.414783E-05   1.719487E-03
  1116   0.000000E+00  -3.064947E-05   7.594335E-04
  1117   0.000000E+00  -1.813560E-05   2.272066E-03
  1118   0.000000E+00   2.753715E-03   5.591420E-03
  1119   0.000000E+00   7.960108E-04   4.080695E-03
  1120   0.000000E+00   2.153755E-03   5.112523E-03
  1121   0.000000E+00   6.205360E-03   8.511411E-03
