 smom1,sph1,sth1,slr1
          16           6           6          10
 phi boundaries
  0.00000E+00  2.61799E-01  5.23599E-01  7.85398E-01  1.04720E+00  1.30900E+00  1.57080E+00
 theta boundaries
  0.00000E+00  2.61799E-01  5.23599E-01  7.85398E-01  1.04720E+00  1.30900E+00  1.57080E+00
 radius boundaries in arcsec
  0.00000E+00  1.19639E+00  1.80726E+00  2.73003E+00  4.12397E+00  6.22963E+00  9.41044E+00  1.42153E+01  2.14736E+01  3.24379E+01  9.80009E+03
                                                                              phi,theta,r,mgemass,fitmass,errmass,x,y,z 
                                           (in arcsec),vx,vy,vz,xv2,vy2,vz2,vxvy,vyvz,vzvx,orbit long, orbit short,boxes
       1       1       1  4.12227E-04  4.14566E-04  4.12227E-06  9.89267E-02  1.39275E-02  5.07960E-01 -7.34199E-01  5.95638E+01 -5.14764E+00  3.98974E+04  3.83974E+04  7.86371E+04  2.68171E+02  1.22792E+03  1.65322E+04  0.00000E+00  1.70884E-04  2.43681E-04
       1       1       2  1.17598E-04  1.35261E-04  1.17598E-06  3.22244E-01  4.39255E-02  1.45091E+00 -1.29404E+01  3.09301E+01 -1.29351E+01  3.52975E+04  3.43271E+04  5.36886E+04 -3.60247E+03  2.13793E+03  1.16284E+04  0.00000E+00  7.10609E-05  6.41997E-05
       1       1       3  2.02863E-04  2.30560E-04  2.02863E-06  4.81804E-01  7.18434E-02  2.13228E+00  2.01395E+01 -3.64714E+01  1.18307E+01  2.39771E+04  1.03050E+04  2.47021E+04  7.98445E+02  1.15880E+03  5.04656E+03  0.00000E+00  5.45879E-05  1.75972E-04
       1       1       4  2.79166E-04  1.88837E-04  2.79166E-06  7.30040E-01  9.65521E-02  3.58478E+00  1.38172E+01 -8.33834E+01 -6.74537E+00  4.56855E+04  6.06404E+04  2.34068E+04 -6.63997E+03  9.99668E+01  1.69545E+03  0.00000E+00  1.67703E-04  2.11336E-05
       1       1       5  2.46328E-04  3.37274E-04  2.46328E-06  1.10643E+00  1.44229E-01  5.16631E+00  1.50620E+01 -5.92818E+01  1.86770E+00  1.49545E+04  2.95222E+04  2.05143E+04 -4.34158E+03  1.61608E+02  1.29566E+03  0.00000E+00  3.16563E-04  2.07109E-05
       1       1       6  1.81738E-04  2.24223E-04  1.81738E-06  1.36413E+00  1.88575E-01  6.72303E+00  8.96197E+00 -3.14414E+01  1.57045E+01  5.30298E+03  1.19428E+04  1.70390E+04 -1.31906E+03 -1.79692E+01  3.10923E+03  0.00000E+00  1.26720E-04  9.75035E-05
       1       1       7  1.99210E-04  2.17313E-04  1.99210E-06  2.56315E+00  3.49620E-01  1.23033E+01  4.62782E+01 -1.76820E+02  1.01806E+01  2.46965E+04  4.12433E+04  2.50830E+04 -5.78998E+03 -4.03198E+02  3.82088E+03  0.00000E+00  1.76342E-04  4.09716E-05
       1       1       8  3.28793E-04  4.43149E-04  3.28793E-06  3.76029E+00  5.08702E-01  1.78109E+01  2.61303E+01 -1.06292E+02 -1.20449E+00  9.77770E+03  1.72441E+04  2.11959E+04 -2.40216E+03 -8.03763E+01  2.57956E+03  0.00000E+00  3.15559E-04  1.27590E-04
       1       1       9  3.07996E-04  3.99006E-04  3.07996E-06  4.83964E+00  5.41873E-01  2.38327E+01  6.56775E+00 -3.96850E+01 -2.08313E+00  2.95335E+03  5.44445E+03  7.22666E+03 -6.03621E+02  3.97083E+01  1.42382E+03  0.00000E+00  1.38240E-04  2.60765E-04
       1       1      10  1.44383E-04  1.31800E-04  1.44383E-06  1.61635E+01  2.14822E+00  7.04398E+01  1.50841E+01 -6.41321E+01 -1.19870E+01  8.91880E+03  1.25490E+04  2.29185E+04 -1.49398E+03  2.94490E+02  4.40109E+03  0.00000E+00  4.94475E-05  8.23521E-05
       1       2       1  1.24795E-03  1.04454E-03  1.24795E-05  1.93996E-01  2.53942E-02  4.71276E-01 -2.36630E+00  3.60613E+01 -2.84495E+00  4.32840E+04  2.03326E+04  5.28393E+04  3.19024E+03  9.11591E+02  9.78476E+03  0.00000E+00  5.64849E-04  4.79693E-04
       1       2       2  3.59519E-04  3.62139E-04  3.59519E-06  5.58982E-01  7.58481E-02  1.40724E+00 -1.39816E+00 -2.61705E+00  1.57224E+00  4.99850E+04  7.96218E+03  5.37252E+04  6.56515E+03  2.72108E+03  1.70248E+04  0.00000E+00  1.80875E-04  1.81264E-04
       1       2       3  6.18910E-04  4.82670E-04  6.18910E-06  7.88987E-01  1.06419E-01  2.07070E+00  5.50541E+00 -6.28819E+00 -6.07428E+00  1.99270E+04  1.57649E+03  3.05206E+04  2.29509E+03  1.41457E+03  1.15061E+04  0.00000E+00  4.11509E-05  4.41520E-04
       1       2       4  8.76340E-04  4.00334E-04  8.76340E-06  1.38216E+00  1.87062E-01  3.30228E+00  9.50802E+00 -7.28227E+01  1.16919E+01  7.39510E+04  3.09744E+04  5.37846E+04  7.19933E+03  7.76759E+02  1.48038E+04  0.00000E+00  2.90750E-04  1.09584E-04
       1       2       5  7.91711E-04  7.27350E-04  7.91711E-06  2.01653E+00  2.76958E-01  4.85772E+00  4.41732E+00 -2.82640E+01  7.95246E+00  3.16731E+04  9.21579E+03  3.30204E+04  4.20168E+03  9.46394E+02  9.13498E+03  0.00000E+00  5.50231E-04  1.77119E-04
       1       2       6  6.15305E-04  6.29602E-04  6.15305E-06  2.84973E+00  3.69141E-01  6.52733E+00  4.31041E+00 -7.50464E+00  1.19203E+01  1.12761E+04  2.02788E+03  2.79217E+04  1.12519E+03  1.26475E+03  9.74610E+03  0.00000E+00  2.01150E-04  4.28452E-04
       1       2       7  6.39926E-04  4.65138E-04  6.39926E-06  4.69371E+00  6.52715E-01  1.13019E+01  1.01974E+01 -6.64737E+01  1.63680E+01  3.93658E+04  9.89310E+03  4.91938E+04  4.79954E+03  1.79234E+03  1.41047E+04  0.00000E+00  2.76459E-04  1.88679E-04
       1       2       8  1.06619E-03  1.00258E-03  1.06619E-05  6.89803E+00  9.66394E-01  1.67304E+01  1.18787E+01 -3.96390E+01  1.62087E+01  1.86887E+04  3.71521E+03  2.84462E+04  2.29050E+03  7.99693E+02  7.46634E+03  0.00000E+00  5.54426E-04  4.48155E-04
       1       2       9  1.06606E-03  1.11198E-03  1.06606E-05  9.21852E+00  1.22713E+00  2.28425E+01  7.90367E+00 -1.10240E+01  8.92847E+00  5.12661E+03  9.49776E+02  1.07094E+04  6.00102E+02  4.37397E+02  3.64640E+03  0.00000E+00  2.29586E-04  8.82399E-04
       1       2      10  4.77166E-04  5.55082E-04  4.77166E-06  2.77146E+01  4.16656E+00  6.92518E+01  1.40193E+00 -8.28377E+00  4.21792E-01  9.46223E+03  1.00137E+03  2.93411E+04  1.37322E+03  1.60782E+03  1.07256E+04  0.00000E+00  6.73185E-05  4.87764E-04
       1       3       1  2.10137E-03  2.09906E-03  2.10137E-05  3.67414E-01  4.90706E-02  4.95163E-01 -1.95209E+00  2.29219E+01 -1.43552E+00  3.21740E+04  1.76491E+04  3.45658E+04  1.60727E+03  4.74027E+02  3.11627E+03  0.00000E+00  1.71886E-03  3.80204E-04
       1       3       2  6.18210E-04  6.65776E-04  6.18210E-06  9.17942E-01  1.19405E-01  1.20949E+00  1.21247E+00  1.87994E+01  4.93008E+00  4.48540E+04  1.62773E+04  4.55938E+04  3.77103E+03  2.00996E+02  3.71846E+03  0.00000E+00  5.44472E-04  1.21304E-04
       1       3       3  1.05631E-03  1.05468E-03  1.05631E-05  1.34765E+00  1.82367E-01  1.77475E+00  1.50065E+00 -3.26380E+01 -2.87159E+00  1.62285E+04  1.43266E+04  2.04285E+04  6.77425E+01  1.08556E+03  7.82810E+03  0.00000E+00  7.58023E-04  2.96660E-04
       1       3       4  1.57876E-03  1.07866E-03  1.57876E-05  2.06623E+00  2.70317E-01  2.67201E+00  2.95374E+01 -2.29035E+02  2.23907E-01  4.20510E+04  8.39842E+04  4.19758E+04 -5.35972E+03  1.65012E+03  9.45701E+03  0.00000E+00  9.10634E-04  1.68030E-04
       1       3       5  1.50053E-03  1.61033E-03  1.50053E-05  3.22567E+00  4.22620E-01  4.07042E+00  1.63548E+01 -1.11393E+02 -1.54703E-01  3.12420E+04  2.20880E+04  2.94630E+04  9.87588E+02  1.09505E+03  7.51897E+03  0.00000E+00  1.35415E-03  2.56181E-04
       1       3       6  1.30442E-03  1.28531E-03  1.30442E-05  4.27078E+00  5.60787E-01  5.53319E+00  5.27632E+00 -7.50040E+01 -4.04005E+00  1.54377E+04  1.12627E+04  1.96971E+04  6.81712E+02  9.50102E+02  7.76979E+03  0.00000E+00  7.83291E-04  5.02019E-04
       1       3       7  1.26820E-03  1.20849E-03  1.26820E-05  7.32342E+00  9.68259E-01  9.87077E+00  2.40321E+01 -1.54891E+02 -3.48699E+00  2.75336E+04  3.74037E+04  3.50352E+04 -2.12181E+03  6.73043E+02  7.73476E+03  0.00000E+00  1.01871E-03  1.89777E-04
       1       3       8  2.04038E-03  2.30632E-03  2.04038E-05  1.09160E+01  1.42707E+00  1.44201E+01  1.11970E+01 -1.03920E+02 -8.06969E-01  1.63860E+04  1.70828E+04  1.97974E+04 -3.72649E+01  4.72818E+02  4.26409E+03  0.00000E+00  1.94111E-03  3.65215E-04
       1       3       9  2.36111E-03  2.37502E-03  2.36111E-05  1.46639E+01  1.93372E+00  1.95653E+01  6.23144E+00 -4.87985E+01  1.63995E+00  5.84647E+03  5.53609E+03  8.63449E+03  4.68440E+01  2.13141E+02  2.77323E+03  0.00000E+00  1.47947E-03  8.95552E-04
       1       3      10  1.09524E-03  1.17697E-03  1.09524E-05  4.48432E+01  5.94387E+00  6.02227E+01  6.12160E+00 -2.79292E+01 -3.23392E-01  1.39831E+04  2.21885E+03  2.28854E+04  1.50559E+03  1.29414E+03  9.04450E+03  0.00000E+00  5.61554E-04  6.15420E-04
       1       4       1  2.93085E-03  3.11747E-03  2.93085E-05  4.88485E-01  6.40247E-02  3.45899E-01  1.33171E+01 -1.03935E+02  2.62496E+00  2.75634E+04  4.28810E+04  2.31484E+04 -2.27251E+03 -2.90469E+02  9.96651E+02  0.00000E+00  2.79848E-03  3.18989E-04
       1       4       2  8.89660E-04  9.75387E-04  8.89660E-06  1.23008E+00  1.56317E-01  8.62688E-01 -1.14884E+00  4.10666E+01  1.60238E+00  3.88906E+04  3.71277E+04  2.73509E+04 -9.37507E+02 -4.38609E+01  1.61788E+01  0.00000E+00  8.84094E-04  9.12931E-05
       1       4       3  1.49665E-03  1.54026E-03  1.49665E-05  1.78337E+00  2.33152E-01  1.27247E+00  4.55273E+00 -4.59006E+01  1.98982E+00  1.56314E+04  2.91978E+04  1.59085E+04 -2.06236E+03 -1.77648E+03  3.95638E+02  0.00000E+00  1.35323E-03  1.87028E-04
       1       4       4  2.39796E-03  2.04548E-03  2.39796E-05  2.77978E+00  3.69065E-01  2.04506E+00  1.72318E+01 -1.39982E+02  1.16919E+00  3.70720E+04  9.27896E+04  2.93736E+04 -7.31134E+03 -8.52870E-01  2.60739E+03  0.00000E+00  1.96613E-03  7.93498E-05
       1       4       5  2.45765E-03  2.88371E-03  2.45765E-05  4.25619E+00  5.59224E-01  2.99379E+00  1.08214E+01 -7.31913E+01 -1.43710E+00  3.56357E+04  3.64604E+04  1.68640E+04 -3.11886E+02  8.84842E+02  2.24323E+03  0.00000E+00  2.66237E-03  2.21347E-04
       1       4       6  2.50905E-03  2.99063E-03  2.50905E-05  5.65649E+00  7.40810E-01  3.98897E+00  8.84928E+00 -5.16439E+01  1.64539E+00  1.34471E+04  1.65248E+04  8.47035E+03 -3.11839E+02  3.16938E+02  3.92756E+03  0.00000E+00  2.40927E-03  5.81369E-04
       1       4       7  2.50949E-03  2.27990E-03  2.50949E-05  9.91742E+00  1.26065E+00  7.00538E+00  3.04814E+01 -2.03177E+02  6.66544E+00  3.24116E+04  5.97733E+04  2.62979E+04 -4.22954E+03 -6.37509E+01  3.97876E+03  0.00000E+00  2.05597E-03  2.23926E-04
       1       4       8  3.40739E-03  3.46308E-03  3.40739E-05  1.46825E+01  2.10194E+00  1.04635E+01  7.32527E+00 -8.33125E+01  6.87107E+00  2.91789E+04  1.26052E+04  2.01637E+04  3.67286E+03  2.28852E+02  4.35756E+03  0.00000E+00  3.00920E-03  4.53872E-04
       1       4       9  4.79115E-03  6.50679E-03  4.79115E-05  2.04170E+01  2.62061E+00  1.39070E+01  1.31781E+01 -6.76724E+01 -1.51976E-01  9.77482E+03  7.89001E+03  5.89139E+03 -1.12729E+02  3.82875E+02  1.26882E+03  0.00000E+00  5.37229E-03  1.13450E-03
       1       4      10  3.04483E-03  3.66426E-03  3.04483E-05  6.16928E+01  8.03601E+00  4.10017E+01  1.02189E+01 -5.92010E+01  2.93685E+00  2.52017E+04  4.97828E+03  1.11727E+04  2.56286E+03  4.29957E+01  1.81104E+03  0.00000E+00  3.30865E-03  3.55611E-04
       1       5       1  3.62669E-03  3.46067E-03  3.62669E-05  5.35785E-01  7.08733E-02  2.30118E-01  1.51777E+01 -1.18213E+02  2.14583E+00  2.37132E+04  4.16848E+04  2.80139E+04 -2.49736E+03  2.99027E+01  1.04547E+03  0.00000E+00  3.03036E-03  4.30309E-04
       1       5       2  1.13903E-03  1.11330E-03  1.13903E-05  1.37724E+00  1.75519E-01  5.95323E-01 -6.14047E+00  4.78111E+01  1.82662E-01  4.18055E+04  3.69228E+04  2.81877E+04  3.22044E+02 -2.88221E+02  5.40391E+02  0.00000E+00  1.04494E-03  6.83610E-05
       1       5       3  1.87784E-03  1.86970E-03  1.87784E-05  1.99616E+00  2.57434E-01  8.53731E-01  6.10718E+00 -5.16947E+01 -1.04136E-02  2.38380E+04  2.72584E+04  2.16542E+04 -4.63684E+02  2.15999E+03  8.64836E+02  0.00000E+00  1.64188E-03  2.27824E-04
       1       5       4  3.21394E-03  1.83359E-03  3.21394E-05  3.13565E+00  4.10999E-01  1.34109E+00  1.13388E+01 -9.63250E+01 -5.26252E+00  3.80671E+04  6.73705E+04  4.77981E+04 -3.63751E+03  1.75760E+03 -4.08313E+02  0.00000E+00  1.71558E-03  1.18015E-04
       1       5       5  3.57145E-03  3.61385E-03  3.57145E-05  4.79316E+00  6.30610E-01  2.06561E+00  1.12321E+01 -6.80077E+01  9.16711E-01  3.44799E+04  3.15134E+04  2.44137E+04  1.47241E+02 -2.95491E+02  1.41328E+03  0.00000E+00  3.36327E-03  2.50582E-04
       1       5       6  4.28103E-03  4.38765E-03  4.28103E-05  6.54845E+00  8.93936E-01  2.89940E+00  7.00991E+00 -6.84871E+01  1.31113E+00  3.58107E+04  1.85025E+04  1.51580E+04  2.90444E+03  1.07828E+02  2.29418E+03  0.00000E+00  3.69404E-03  6.93610E-04
       1       5       7  5.13840E-03  2.94489E-03  5.13840E-05  1.07985E+01  1.40715E+00  4.69246E+00  2.27849E+01 -1.42936E+02  4.94987E+00  5.02803E+04  3.16160E+04  3.35823E+04  9.76617E+02 -1.11181E+03  2.66375E+03  0.00000E+00  2.68694E-03  2.57946E-04
       1       5       8  5.54308E-03  5.49880E-03  5.54308E-05  1.65407E+01  2.12102E+00  7.03274E+00  1.10269E+01 -9.11106E+01 -1.12695E+01  3.23134E+04  1.36691E+04  1.55335E+04  2.80073E+03  2.11394E+03  1.00923E+03  0.00000E+00  4.90311E-03  5.95686E-04
       1       5       9  8.55870E-03  8.67999E-03  8.55870E-05  2.32286E+01  2.98550E+00  9.94282E+00  8.64185E+00 -4.93474E+01  4.73651E+00  1.09156E+04  4.65657E+03  5.39331E+03  5.83088E+02 -6.42483E+02  8.70383E+02  0.00000E+00  7.04948E-03  1.63051E-03
       1       5      10  9.29583E-03  5.33645E-03  9.29583E-05  6.92960E+01  9.15989E+00  2.98197E+01  6.16565E+00 -5.13935E+01 -1.07661E+00  2.76340E+04  4.00322E+03  6.68888E+03  3.14990E+03  2.52394E+02  1.68600E+03  0.00000E+00  4.66605E-03  6.70405E-04
       1       6       1  4.03413E-03  4.19039E-03  4.03413E-05  5.80231E-01  7.71749E-02  7.79232E-02  1.84359E+01 -1.46309E+02  9.19541E-01  2.42423E+04  4.44665E+04  2.55686E+04 -2.19771E+03  3.39259E+00  2.02553E+02  0.00000E+00  3.79081E-03  3.99576E-04
       1       6       2  1.29632E-03  1.34014E-03  1.29632E-05  1.48206E+00  2.03689E-01  1.98436E-01  6.00355E+00 -3.80406E+01 -2.86823E-01  4.62394E+04  4.17857E+04  2.50357E+04  1.67245E+03 -1.88499E+02 -1.58402E+01  0.00000E+00  1.26049E-03  7.96460E-05
       1       6       3  2.10593E-03  2.18976E-03  2.10593E-05  2.13956E+00  2.90249E-01  2.85688E-01  1.21642E+01 -7.86179E+01  8.35148E+00  2.87729E+04  2.57657E+04  2.13235E+04 -6.07803E+01 -2.69248E+03  1.60672E+03  0.00000E+00  1.99910E-03  1.90652E-04
       1       6       4  3.75269E-03  2.86086E-03  3.75269E-05  3.40471E+00  4.45720E-01  4.64287E-01  1.46839E+01 -1.15052E+02  1.59026E+00  3.51491E+04  7.77441E+04  3.51549E+04 -5.80711E+03 -7.33778E+02  9.59660E+02  0.00000E+00  2.68760E-03  1.73267E-04
       1       6       5  4.39960E-03  5.09039E-03  4.39960E-05  5.15921E+00  6.86547E-01  6.59915E-01  1.06469E+01 -7.82619E+01 -2.87936E+00  3.15064E+04  3.37247E+04  1.91609E+04 -4.44841E+02  1.09405E+03  3.39483E+02  0.00000E+00  4.77930E-03  3.11090E-04
       1       6       6  5.82240E-03  6.38425E-03  5.82240E-05  7.13165E+00  9.45560E-01  9.38553E-01  9.30114E+00 -8.23831E+01  1.79724E-01  1.90606E+04  2.97643E+04  9.80078E+03 -1.24054E+03 -3.49143E+02  1.76690E+02  0.00000E+00  5.71641E-03  6.67841E-04
       1       6       7  8.35377E-03  6.08923E-03  8.35377E-05  1.16559E+01  1.51259E+00  1.59569E+00  3.71274E+01 -2.53455E+02  1.53607E+00  3.62064E+04  8.02900E+04  1.62198E+04 -6.37887E+03  8.20390E+01  1.92233E+03  0.00000E+00  5.73400E-03  3.55237E-04
       1       6       8  8.44576E-03  1.13897E-02  8.44576E-05  1.77743E+01  2.35164E+00  2.35020E+00  1.54334E+01 -1.55963E+02 -2.80906E+00  3.18763E+04  3.19958E+04  8.71026E+03  3.58819E+02  4.81505E+02  7.56424E+02  0.00000E+00  1.06772E-02  7.12475E-04
       1       6       9  1.20475E-02  1.27872E-02  1.20475E-04  2.44873E+01  3.22078E+00  3.24412E+00  1.45786E+01 -9.19003E+01  3.88634E-01  2.34070E+04  1.37165E+04  3.35303E+03  1.24614E+03 -5.37250E+01  1.54884E+02  0.00000E+00  1.11008E-02  1.68641E-03
       1       6      10  1.98766E-02  2.33732E-02  1.98766E-04  7.41170E+01  9.83247E+00  9.79078E+00  8.68998E+00 -6.30605E+01  3.15711E-01  3.32563E+04  5.40154E+03  1.44743E+03  3.72016E+03  4.34504E+01  3.64416E+02  0.00000E+00  2.24061E-02  9.67186E-04
       2       1       1  4.12218E-04  4.27800E-04  4.12218E-06  8.79696E-02  3.63733E-02  4.86234E-01 -9.66718E+00  6.16767E+01  1.45608E+00  3.67737E+04  3.74546E+04  6.96797E+04  8.34484E+02  3.38933E+03  1.28050E+04  0.00000E+00  1.75519E-04  2.52282E-04
       2       1       2  1.17595E-04  1.28081E-04  1.17595E-06  2.92391E-01  1.19330E-01  1.44421E+00 -7.32127E+00  4.39326E+01  3.28100E+00  4.60651E+04  3.53952E+04  5.46178E+04 -3.18156E+03  3.88599E+03  1.25676E+04  0.00000E+00  6.78947E-05  6.01859E-05
       2       1       3  2.02859E-04  1.94500E-04  2.02859E-06  4.30862E-01  1.77503E-01  2.10097E+00  2.00174E+01 -3.66225E+01 -2.26404E+01  2.90608E+04  1.79145E+04  2.47382E+04  4.61119E+03  2.35638E+03  6.40463E+03  0.00000E+00  5.83671E-05  1.36133E-04
       2       1       4  2.79157E-04  1.86642E-04  2.79157E-06  6.68900E-01  2.74231E-01  3.59094E+00  4.89216E+01 -7.18128E+01  2.86772E+00  5.98119E+04  5.56048E+04  1.82136E+04 -9.51221E+03 -2.44970E+02  2.35919E+03  0.00000E+00  1.66761E-04  1.98809E-05
       2       1       5  2.46320E-04  3.67810E-04  2.46320E-06  1.00695E+00  4.14608E-01  5.20178E+00  3.33186E+01 -4.81397E+01 -3.75857E+00  1.77230E+04  2.28594E+04  2.33280E+04 -8.48276E+03  8.15946E+02  1.46523E+03  0.00000E+00  3.16092E-04  5.17180E-05
       2       1       6  1.81732E-04  1.96608E-04  1.81732E-06  1.26063E+00  5.24686E-01  6.64529E+00  1.89174E+01 -3.13043E+01 -8.46005E+00  9.02775E+03  1.06204E+04  2.61273E+04 -4.03925E+03  8.65731E+02  4.90399E+03  0.00000E+00  1.24835E-04  7.17723E-05
       2       1       7  1.99206E-04  2.31970E-04  1.99206E-06  2.28448E+00  9.34124E-01  1.22331E+01  1.04813E+02 -1.41287E+02  2.08901E+00  2.96882E+04  3.24460E+04  3.00127E+04 -1.07324E+04  1.01644E+03  3.92753E+03  0.00000E+00  1.76830E-04  5.51401E-05
       2       1       8  3.28786E-04  4.08465E-04  3.28786E-06  3.28993E+00  1.35648E+00  1.78532E+01  7.56536E+01 -9.64308E+01  9.54275E+00  1.41375E+04  1.52800E+04  1.91091E+04 -5.55610E+03  6.22054E+02  1.63647E+03  0.00000E+00  3.18490E-04  8.99756E-05
       2       1       9  3.07985E-04  4.17260E-04  3.07985E-06  4.05046E+00  1.63872E+00  2.38883E+01  2.51747E+01 -3.47528E+01 -2.00627E+00  3.69174E+03  4.39777E+03  8.08240E+03 -1.73934E+03  3.65844E+02  1.18995E+03  0.00000E+00  1.41660E-04  2.75601E-04
       2       1      10  1.44380E-04  1.55643E-04  1.44380E-06  1.24571E+01  5.40954E+00  7.19460E+01  3.63762E+01 -3.86285E+01  9.41819E+00  8.78874E+03  8.04120E+03  2.55578E+04 -2.12948E+03  1.61128E+03  4.11101E+03  0.00000E+00  4.54501E-05  1.10193E-04
       2       2       1  1.24781E-03  1.09295E-03  1.24781E-05  1.75440E-01  7.30597E-02  4.58253E-01 -1.03833E+01  3.48866E+01  1.08088E+00  3.93336E+04  2.35925E+04  4.93380E+04  7.42091E+03  2.62378E+03  6.85683E+03  0.00000E+00  6.21901E-04  4.71051E-04
       2       2       2  3.59471E-04  2.93950E-04  3.59471E-06  5.34438E-01  2.14342E-01  1.39853E+00  1.40516E+00 -1.48887E+00 -2.43691E+00  5.15964E+04  1.60583E+04  5.15344E+04  1.81860E+04  7.23088E+03  1.96939E+04  0.00000E+00  1.55710E-04  1.38240E-04
       2       2       3  6.18848E-04  3.75724E-04  6.18848E-06  7.42847E-01  2.94909E-01  2.06201E+00  1.51315E+01 -2.18396E+00  1.13332E+01  2.20015E+04  5.43224E+03  3.97437E+04  8.55731E+03  7.45593E+03  1.67196E+04  0.00000E+00  4.61898E-05  3.29535E-04
       2       2       4  8.76198E-04  3.53027E-04  8.76198E-06  1.27561E+00  5.23272E-01  3.27943E+00  2.71943E+01 -5.73882E+01  3.43825E+00  6.23572E+04  3.55964E+04  6.03593E+04  1.55647E+04  5.45997E+03  1.43028E+04  0.00000E+00  2.47547E-04  1.05480E-04
       2       2       5  7.91585E-04  6.82465E-04  7.91585E-06  1.89012E+00  7.88487E-01  4.83034E+00  1.20200E+01 -2.68552E+01  1.58889E+00  2.72755E+04  1.29808E+04  3.34102E+04  9.09827E+03  2.65495E+03  7.10491E+03  0.00000E+00  5.16784E-04  1.65681E-04
       2       2       6  6.15198E-04  5.25163E-04  6.15198E-06  2.58706E+00  1.12607E+00  6.53173E+00  4.52691E+00 -8.66410E+00 -3.64292E+00  9.27915E+03  3.91246E+03  2.61014E+04  3.22618E+03  3.86320E+03  8.22517E+03  0.00000E+00  1.73827E-04  3.51336E-04
       2       2       7  6.39853E-04  4.13054E-04  6.39853E-06  4.37090E+00  1.80934E+00  1.12956E+01  3.10248E+01 -6.49398E+01 -1.48944E+01  3.54256E+04  1.57695E+04  4.79009E+04  1.09867E+04  4.83416E+03  1.22285E+04  0.00000E+00  2.55891E-04  1.57164E-04
       2       2       8  1.06607E-03  8.35967E-04  1.06607E-05  6.45188E+00  2.71332E+00  1.68080E+01  2.09171E+01 -4.01115E+01 -1.04829E+01  1.72761E+04  6.57358E+03  2.68927E+04  5.88456E+03  2.80396E+03  7.03441E+03  0.00000E+00  4.98739E-04  3.37228E-04
       2       2       9  1.06585E-03  1.03613E-03  1.06585E-05  8.99981E+00  3.68657E+00  2.27824E+01  5.43922E+00 -1.15126E+01 -2.94317E+00  4.33793E+03  1.61052E+03  1.04319E+04  1.50855E+03  1.24647E+03  3.21858E+03  0.00000E+00  2.11024E-04  8.25103E-04
       2       2      10  4.77085E-04  4.84038E-04  4.77085E-06  2.55803E+01  1.07779E+01  6.93086E+01  1.51570E+00 -1.13802E+01 -3.89051E+00  7.92033E+03  2.83950E+03  2.91908E+04  3.44163E+03  4.07200E+03  9.90562E+03  0.00000E+00  6.10032E-05  4.23035E-04
       2       3       1  2.10081E-03  2.12569E-03  2.10081E-05  3.42498E-01  1.41918E-01  4.99097E-01 -1.21617E+01  2.20445E+01 -7.94881E-01  3.01171E+04  1.84184E+04  3.38995E+04  5.09469E+03  6.28785E+02  1.81970E+03  0.00000E+00  1.78281E-03  3.42882E-04
       2       3       2  6.17993E-04  5.95477E-04  6.17993E-06  8.50614E-01  3.48753E-01  1.21401E+00 -4.40051E+00  2.88394E+01 -3.30691E+00  4.18595E+04  2.18558E+04  4.64985E+04  1.05074E+04  5.87501E+03  1.20474E+04  0.00000E+00  4.82655E-04  1.12822E-04
       2       3       3  1.05606E-03  1.05251E-03  1.05606E-05  1.26446E+00  5.12792E-01  1.78503E+00  1.53467E+01 -3.05898E+01  1.29363E+01  1.70130E+04  1.45899E+04  1.98747E+04  8.37185E+02  1.86060E+03  7.05074E+03  0.00000E+00  7.81795E-04  2.70711E-04
       2       3       4  1.57811E-03  1.11312E-03  1.57811E-05  1.93338E+00  7.99215E-01  2.66951E+00  9.01663E+01 -2.12416E+02  3.99378E+00  4.93644E+04  7.91023E+04  4.27666E+04 -1.54896E+04  3.66181E+03  1.03441E+04  0.00000E+00  9.32027E-04  1.81096E-04
       2       3       5  1.49987E-03  1.64806E-03  1.49987E-05  3.00801E+00  1.24721E+00  4.08003E+00  3.95825E+01 -1.03722E+02 -4.85895E+00  2.90934E+04  2.30103E+04  2.88814E+04  3.09910E+03  2.80543E+03  7.48980E+03  0.00000E+00  1.34112E-03  3.06938E-04
       2       3       6  1.30378E-03  1.37564E-03  1.30378E-05  4.00821E+00  1.69203E+00  5.55781E+00  2.69708E+01 -6.37261E+01 -3.16131E+00  1.40841E+04  1.11597E+04  1.90271E+04  1.64294E+03  2.54300E+03  7.47455E+03  0.00000E+00  7.59597E-04  6.16042E-04
       2       3       7  1.26766E-03  1.16699E-03  1.26766E-05  6.82301E+00  2.84418E+00  9.86170E+00  6.28546E+01 -1.49041E+02  1.80573E+00  2.83753E+04  3.73316E+04  3.39925E+04 -4.09413E+03  2.16952E+03  6.35107E+03  0.00000E+00  9.90580E-04  1.76413E-04
       2       3       8  2.03978E-03  2.27008E-03  2.03978E-05  1.01389E+01  4.20743E+00  1.44510E+01  4.33735E+01 -9.79210E+01  3.99128E-01  1.60688E+04  1.70971E+04  1.97815E+04 -7.38948E+02  1.25748E+03  3.50969E+03  0.00000E+00  1.93158E-03  3.38502E-04
       2       3       9  2.35982E-03  2.17915E-03  2.35982E-05  1.36066E+01  5.62123E+00  1.94381E+01  2.07179E+01 -5.03567E+01  8.02259E-01  6.04067E+03  6.10646E+03  8.60253E+03 -1.71379E+02  8.70998E+02  2.09426E+03  0.00000E+00  1.47448E-03  7.04667E-04
       2       3      10  1.09439E-03  1.03114E-03  1.09439E-05  4.19863E+01  1.70489E+01  5.95488E+01  9.07395E+00 -3.15481E+01 -1.30739E+00  1.27845E+04  4.18787E+03  2.30592E+04  4.36655E+03  3.04844E+03  7.98147E+03  0.00000E+00  5.40389E-04  4.90753E-04
       2       4       1  2.92949E-03  3.08093E-03  2.92949E-05  4.56434E-01  1.88114E-01  3.46253E-01  4.04548E+01 -1.01714E+02 -2.67224E+00  3.00046E+04  4.15300E+04  2.27965E+04 -5.65530E+03  3.04685E+02  8.10420E+02  0.00000E+00  2.77977E-03  3.01161E-04
       2       4       2  8.89073E-04  9.79691E-04  8.89073E-06  1.14767E+00  4.76891E-01  8.61082E-01 -1.48655E+01  3.92010E+01  1.42269E+00  3.93253E+04  3.81293E+04  2.71516E+04  6.92840E+02  5.12445E+02  2.31492E+03  0.00000E+00  8.87245E-04  9.24463E-05
       2       4       3  1.49602E-03  1.58725E-03  1.49602E-05  1.66603E+00  6.85332E-01  1.27243E+00  1.67900E+01 -3.99024E+01  4.98644E+00  1.78227E+04  2.62580E+04  1.64440E+04 -3.95309E+03  6.50080E+02  1.62315E+03  0.00000E+00  1.40515E-03  1.82093E-04
       2       4       4  2.39618E-03  2.08857E-03  2.39618E-05  2.58741E+00  1.07291E+00  2.05101E+00  5.27356E+01 -1.31090E+02 -7.20460E+00  4.50796E+04  8.48273E+04  2.98440E+04 -1.99015E+04  1.47674E+03  4.24470E+02  0.00000E+00  1.99048E-03  9.80938E-05
       2       4       5  2.45547E-03  2.84744E-03  2.45547E-05  3.99023E+00  1.64945E+00  2.98946E+00  2.69491E+01 -7.24791E+01  1.11664E+00  3.57588E+04  3.85104E+04  1.62219E+04 -1.66492E+02  7.87993E+02  2.02973E+03  0.00000E+00  2.65320E-03  1.94247E-04
       2       4       6  2.50663E-03  3.04254E-03  2.50663E-05  5.26289E+00  2.19711E+00  4.00119E+00  2.36091E+01 -4.75293E+01  4.87986E-01  1.40975E+04  1.61336E+04  8.74476E+03 -1.18094E+03  1.12918E+03  2.84184E+03  0.00000E+00  2.44261E-03  5.99940E-04
       2       4       7  2.50645E-03  2.19031E-03  2.50645E-05  9.26519E+00  3.71397E+00  6.98860E+00  7.81293E+01 -1.86711E+02  1.94205E+00  3.63318E+04  5.33255E+04  2.80827E+04 -1.02663E+04  2.49215E+03  6.18223E+03  0.00000E+00  1.99678E-03  1.93526E-04
       2       4       8  3.40520E-03  3.50195E-03  3.40520E-05  1.36484E+01  5.92743E+00  1.03990E+01  2.37714E+01 -9.24379E+01 -3.91947E+00  2.45883E+04  1.80104E+04  1.89610E+04  6.12917E+03  1.59683E+03  2.23560E+03  0.00000E+00  3.05695E-03  4.44998E-04
       2       4       9  4.78614E-03  6.80712E-03  4.78614E-05  1.93474E+01  7.85149E+00  1.40721E+01  3.31283E+01 -5.25698E+01 -2.11313E+00  9.58206E+03  6.63314E+03  5.47548E+03  3.45617E+02  5.55506E+02  1.11889E+03  0.00000E+00  5.50771E-03  1.29940E-03
       2       4      10  3.03821E-03  3.66444E-03  3.03821E-05  5.71763E+01  2.36266E+01  4.09199E+01  2.08981E+01 -5.70890E+01  2.43911E+00  2.24728E+04  7.95836E+03  1.15461E+04  7.55743E+03  4.61121E+02  1.47727E+03  0.00000E+00  3.33599E-03  3.28455E-04
       2       5       1  3.62436E-03  3.41455E-03  3.62436E-05  4.99571E-01  2.05578E-01  2.31275E-01  4.50521E+01 -1.12875E+02 -5.65247E-01  2.66256E+04  3.96926E+04  2.68150E+04 -6.37757E+03  1.20659E+02  7.10764E+02  0.00000E+00  2.98812E-03  4.26423E-04
       2       5       2  1.13791E-03  1.08242E-03  1.13791E-05  1.28639E+00  5.37680E-01  5.82802E-01 -1.81814E+01  5.06645E+01 -1.83361E-01  4.00302E+04  3.96771E+04  2.68382E+04  8.84297E+02  1.36203E+02  1.49388E+03  0.00000E+00  1.02496E-03  5.74646E-05
       2       5       3  1.87673E-03  1.91819E-03  1.87673E-05  1.85507E+00  7.69599E-01  8.51731E-01  1.40012E+01 -4.70935E+01  5.46571E+00  2.45040E+04  2.73233E+04  2.18725E+04 -1.19493E+02 -2.18301E+03  8.90429E+02  0.00000E+00  1.69891E-03  2.19279E-04
       2       5       4  3.21052E-03  1.83008E-03  3.21052E-05  2.92489E+00  1.20789E+00  1.34960E+00  3.84145E+01 -8.88829E+01  9.19491E-01  4.21528E+04  6.32693E+04  4.74843E+04 -1.02071E+04 -6.06161E+01  2.01848E+03  0.00000E+00  1.70092E-03  1.29161E-04
       2       5       5  3.56654E-03  3.65028E-03  3.56654E-05  4.47856E+00  1.85629E+00  2.06838E+00  3.06211E+01 -5.89957E+01  4.88978E+00  3.49747E+04  3.05417E+04  2.43681E+04  1.30316E+03  1.24911E+03  2.74524E+03  0.00000E+00  3.34384E-03  3.06439E-04
       2       5       6  4.27476E-03  4.41740E-03  4.27476E-05  6.06511E+00  2.57762E+00  2.84877E+00  2.25755E+01 -6.09875E+01 -1.99467E+00  2.97303E+04  2.02736E+04  1.47255E+04  6.13163E+03  1.27961E+03  2.50434E+03  0.00000E+00  3.65649E-03  7.60906E-04
       2       5       7  5.12630E-03  2.99361E-03  5.12630E-05  1.00655E+01  4.07769E+00  4.70091E+00  6.53903E+01 -1.27564E+02  8.98036E+00  5.22422E+04  3.24226E+04  3.05855E+04  5.52058E+03 -2.56010E+02  3.25928E+03  0.00000E+00  2.67032E-03  3.23290E-04
       2       5       8  5.53375E-03  5.51717E-03  5.53375E-05  1.52483E+01  6.37716E+00  6.94103E+00  3.38127E+01 -8.46429E+01 -6.98234E+00  2.89694E+04  1.68418E+04  1.66208E+04  7.95150E+03  1.75592E+03  1.39038E+03  0.00000E+00  4.83323E-03  6.83945E-04
       2       5       9  8.54538E-03  8.76301E-03  8.54538E-05  2.15705E+01  9.02717E+00  9.95479E+00  1.95555E+01 -4.62134E+01  2.77496E+00  1.04749E+04  5.45435E+03  5.03910E+03  2.26706E+03  1.24260E+01  9.31012E+02  0.00000E+00  7.04409E-03  1.71892E-03
       2       5      10  9.25868E-03  5.03921E-03  9.25868E-05  6.46491E+01  2.66507E+01  2.99289E+01  2.59711E+01 -4.74948E+01 -6.80907E-01  2.46446E+04  6.95237E+03  6.60733E+03  8.19480E+03  4.96205E+02  1.17032E+03  0.00000E+00  4.53588E-03  5.03325E-04
       2       6       1  4.03110E-03  4.09240E-03  4.03110E-05  5.38395E-01  2.22885E-01  7.81550E-02  5.65271E+01 -1.40136E+02 -4.73126E-02  2.67296E+04  4.24994E+04  2.54175E+04 -8.31204E+03 -2.63953E+02 -1.59633E+02  0.00000E+00  3.78193E-03  3.10468E-04
       2       6       2  1.29477E-03  1.30360E-03  1.29477E-05  1.38469E+00  5.66226E-01  1.91552E-01  1.36710E+01 -4.10510E+01  2.69307E+00  4.83903E+04  4.14651E+04  2.48364E+04  2.12256E+03 -1.81414E+02  3.73085E+02  0.00000E+00  1.22891E-03  7.46925E-05
       2       6       3  2.10447E-03  2.03071E-03  2.10447E-05  2.01026E+00  8.22500E-01  2.63831E-01  3.30731E+01 -7.75475E+01 -9.75204E+00  2.86218E+04  2.62274E+04  2.06943E+04  1.34572E+03  2.56813E+03 -2.16882E+03  0.00000E+00  1.87753E-03  1.53174E-04
       2       6       4  3.74796E-03  2.86495E-03  3.74796E-05  3.16985E+00  1.30918E+00  4.58252E-01  4.60045E+01 -1.08829E+02  4.91857E-01  4.18051E+04  7.22012E+04  3.54152E+04 -1.56909E+04  1.12783E+03  1.71203E+03  0.00000E+00  2.69144E-03  1.73510E-04
       2       6       5  4.39210E-03  5.10946E-03  4.39210E-05  4.79692E+00  2.00029E+00  6.65900E-01  2.98827E+01 -7.14264E+01  3.68573E+00  3.12442E+04  3.29440E+04  1.93616E+04 -9.38721E+02 -3.78643E+02  1.31530E+03  0.00000E+00  4.77916E-03  3.30297E-04
       2       6       6  5.81202E-03  6.34191E-03  5.81202E-05  6.63608E+00  2.76019E+00  9.45420E-01  3.05403E+01 -7.90292E+01 -1.17453E+00  2.03144E+04  2.91979E+04  9.60663E+03 -3.80209E+03  4.58015E+02 -5.37033E+01  0.00000E+00  5.65532E-03  6.86590E-04
       2       6       7  8.32751E-03  6.13670E-03  8.32751E-05  1.08937E+01  4.49277E+00  1.60095E+00  1.03693E+02 -2.33568E+02 -1.22161E+00  4.19610E+04  7.44840E+04  1.60223E+04 -1.64658E+04  4.60722E+02  1.31443E+03  0.00000E+00  5.76215E-03  3.74549E-04
       2       6       8  8.41800E-03  1.10751E-02  8.41800E-05  1.65231E+01  6.83166E+00  2.33315E+00  5.56195E+01 -1.50280E+02  2.01955E+00  3.21326E+04  3.26138E+04  8.36264E+03 -2.01137E+02  3.17108E+02  6.65189E+02  0.00000E+00  1.03780E-02  6.97055E-04
       2       6       9  1.20231E-02  1.26523E-02  1.20231E-04  2.28392E+01  9.45896E+00  3.20097E+00  3.85348E+01 -8.54642E+01  5.79757E-01  2.16291E+04  1.51162E+04  3.32450E+03  3.21366E+03 -1.62938E+02  1.45771E+02  0.00000E+00  1.09632E-02  1.68916E-03
       2       6      10  1.97685E-02  2.27502E-02  1.97685E-04  6.89716E+01  2.85514E+01  9.57386E+00  2.45693E+01 -6.07180E+01  1.62101E-01  2.96467E+04  9.31924E+03  1.41780E+03  1.02292E+04  4.07588E+01  1.20409E+02  0.00000E+00  2.23982E-02  3.51979E-04
       3       1       1  4.12202E-04  4.71346E-04  4.12202E-06  7.79606E-02  6.03802E-02  5.12293E-01 -2.25059E+01  4.82798E+01 -6.23467E+00  3.57745E+04  3.66275E+04  7.28468E+04  3.49142E+03  7.75824E+03  1.30488E+04  0.00000E+00  1.68399E-04  3.02947E-04
       3       1       2  1.17590E-04  1.45207E-04  1.17590E-06  2.41489E-01  1.87196E-01  1.45200E+00 -2.13242E+01  2.82970E+01  6.71412E+00  3.97115E+04  2.50477E+04  6.00173E+04  1.00576E+03  8.85679E+03  1.02283E+04  0.00000E+00  5.93483E-05  8.58585E-05
       3       1       3  2.02851E-04  2.71334E-04  2.02851E-06  3.58455E-01  2.83723E-01  2.13015E+00  2.82271E+01 -2.09237E+01  7.14835E+00  1.92068E+04  1.72867E+04  1.70907E+04  6.24487E+03  3.52999E+03  3.10133E+03  0.00000E+00  6.23142E-05  2.09019E-04
       3       1       4  2.79141E-04  1.81894E-04  2.79141E-06  5.55111E-01  4.25141E-01  3.60714E+00  6.86803E+01 -5.21948E+01 -1.00310E+00  5.95874E+04  4.37650E+04  2.25660E+04 -1.48380E+04  3.77218E+02  2.62142E+03  0.00000E+00  1.62050E-04  1.98432E-05
       3       1       5  2.46308E-04  3.36412E-04  2.46308E-06  8.29562E-01  6.29245E-01  5.18077E+00  4.46950E+01 -4.09064E+01  2.89540E-01  2.28388E+04  2.00422E+04  2.15976E+04 -9.16245E+03  1.70530E+02  1.43010E+03  0.00000E+00  3.06671E-04  2.97410E-05
       3       1       6  1.81722E-04  1.97064E-04  1.81722E-06  1.03214E+00  7.90116E-01  6.65671E+00  3.06332E+01 -2.19844E+01  7.27858E+00  1.09069E+04  7.49768E+03  1.59915E+04 -4.23526E+03  1.63748E+03  1.60282E+03  0.00000E+00  1.21538E-04  7.55266E-05
       3       1       7  1.99200E-04  2.13394E-04  1.99200E-06  1.83300E+00  1.40788E+00  1.22824E+01  1.47150E+02 -1.03055E+02  5.50423E-01  3.71330E+04  2.46586E+04  3.02181E+04 -1.11503E+04  2.19249E+03  3.48846E+03  0.00000E+00  1.64130E-04  4.92641E-05
       3       1       8  3.28773E-04  4.05947E-04  3.28773E-06  2.80875E+00  2.14051E+00  1.78028E+01  9.46176E+01 -7.24478E+01 -2.45074E+01  1.68797E+04  1.13017E+04  2.07603E+04 -5.28460E+03  1.44587E+03  1.92793E+03  0.00000E+00  3.02858E-04  1.03089E-04
       3       1       9  3.07966E-04  2.96337E-04  3.07966E-06  3.38649E+00  2.68974E+00  2.33291E+01  4.88259E+01 -3.69103E+01 -2.07410E+01  6.84607E+03  4.39165E+03  8.98861E+03 -2.22388E+03  9.87768E+02  1.12082E+03  0.00000E+00  1.40194E-04  1.56143E-04
       3       1      10  1.44375E-04  1.31206E-04  1.44375E-06  8.03476E+00  5.84911E+00  7.04961E+01  4.59313E+01 -3.12261E+01  4.12997E-02  1.02088E+04  6.85489E+03  2.92380E+04 -2.50697E+03  2.01200E+03  2.64745E+03  0.00000E+00  3.98402E-05  9.13660E-05
       3       2       1  1.24758E-03  1.14303E-03  1.24758E-05  1.52195E-01  1.15868E-01  4.52570E-01 -2.33343E+01  3.02925E+01  5.14221E+00  3.59398E+04  2.71613E+04  4.77858E+04  1.13764E+04  4.09023E+03  6.18906E+03  0.00000E+00  6.72644E-04  4.70385E-04
       3       2       2  3.59388E-04  2.26421E-04  3.59388E-06  4.55570E-01  3.47725E-01  1.38340E+00 -3.91796E+00 -1.29574E+00 -7.17015E+00  4.21397E+04  3.12945E+04  6.02530E+04  2.66850E+04  1.35494E+04  1.93174E+04  0.00000E+00  1.20012E-04  1.06409E-04
       3       2       3  6.18741E-04  3.07626E-04  6.18741E-06  6.29229E-01  4.82563E-01  2.06508E+00  1.52590E+01 -3.44712E+00  2.73010E+00  2.43698E+04  1.57921E+04  4.39692E+04  1.71801E+04  1.22494E+04  1.55158E+04  0.00000E+00  4.45101E-05  2.63116E-04
       3       2       4  8.75952E-04  3.42366E-04  8.75952E-06  1.11295E+00  8.46792E-01  3.30739E+00  5.04093E+01 -6.67271E+01  3.12341E+00  5.09273E+04  4.87941E+04  5.98359E+04  1.49679E+04  9.68726E+03  1.22607E+04  0.00000E+00  2.48880E-04  9.34852E-05
       3       2       5  7.91366E-04  6.45885E-04  7.91366E-06  1.62849E+00  1.23149E+00  4.85536E+00  2.18637E+01 -1.90694E+01 -3.40681E-01  2.20884E+04  1.61524E+04  3.74160E+04  1.00975E+04  5.65481E+03  7.83021E+03  0.00000E+00  4.42732E-04  2.03153E-04
       3       2       6  6.15014E-04  6.54330E-04  6.15014E-06  2.27154E+00  1.76412E+00  6.57633E+00  2.08837E+00 -4.36343E+00 -3.66326E+00  6.03605E+03  5.28186E+03  2.50439E+04  3.81108E+03  5.79738E+03  7.49505E+03  0.00000E+00  1.70530E-04  4.83801E-04
       3       2       7  6.39727E-04  3.71605E-04  6.39727E-06  3.76700E+00  2.87359E+00  1.13041E+01  4.74406E+01 -5.63388E+01 -1.15468E+01  2.69762E+04  2.34042E+04  4.92022E+04  1.31032E+04  7.80926E+03  1.01792E+04  0.00000E+00  2.19625E-04  1.51981E-04
       3       2       8  1.06586E-03  8.12480E-04  1.06586E-05  5.60870E+00  4.26998E+00  1.67603E+01  2.98777E+01 -3.18473E+01 -8.64147E+00  1.22003E+04  9.66398E+03  2.89999E+04  6.80639E+03  5.08675E+03  6.53094E+03  0.00000E+00  4.28887E-04  3.83594E-04
       3       2       9  1.06549E-03  1.08204E-03  1.06549E-05  7.77524E+00  5.87588E+00  2.28353E+01  5.33914E+00 -1.04163E+01 -5.33757E+00  2.91182E+03  2.43153E+03  1.06177E+04  1.78846E+03  2.28330E+03  2.99926E+03  0.00000E+00  1.83180E-04  8.98863E-04
       3       2      10  4.76946E-04  4.86396E-04  4.76946E-06  2.30047E+01  1.77154E+01  6.89805E+01  5.55043E+00 -9.81241E+00  4.76503E+00  5.61756E+03  5.00523E+03  2.89752E+04  4.11459E+03  6.70944E+03  9.02167E+03  0.00000E+00  5.39488E-05  4.32447E-04
       3       3       1  2.09983E-03  2.13222E-03  2.09983E-05  2.92416E-01  2.24114E-01  4.96786E-01 -1.41008E+01  1.96132E+01  3.42495E+00  2.68969E+04  2.19212E+04  3.17466E+04  7.55753E+03  1.05844E+03  1.96196E+03  0.00000E+00  1.82699E-03  3.05229E-04
       3       3       2  6.17618E-04  6.67659E-04  6.17618E-06  7.33179E-01  5.63077E-01  1.20892E+00 -9.14415E+00  1.40317E+01  4.25092E+00  3.59693E+04  2.82814E+04  4.59012E+04  1.52274E+04  3.75874E+03  6.46323E+03  0.00000E+00  5.49876E-04  1.17783E-04
       3       3       3  1.05561E-03  1.01159E-03  1.05561E-05  1.07112E+00  8.31617E-01  1.77020E+00  1.93336E+01 -2.73940E+01 -2.47674E+01  1.82427E+04  1.65916E+04  2.36694E+04  2.95337E+03  7.55047E+03  7.16949E+03  0.00000E+00  7.38740E-04  2.72846E-04
       3       3       4  1.57698E-03  1.11266E-03  1.57698E-05  1.65149E+00  1.26999E+00  2.68219E+00  1.38509E+02 -1.71254E+02  4.75018E+00  5.66692E+04  6.54702E+04  4.40872E+04 -1.72517E+04  6.30431E+03  1.05853E+04  0.00000E+00  9.01532E-04  2.11126E-04
       3       3       5  1.49871E-03  1.62771E-03  1.49871E-05  2.56626E+00  1.96694E+00  4.07544E+00  6.87675E+01 -8.97600E+01 -1.62904E+00  2.67479E+04  2.54539E+04  2.98041E+04  3.87393E+03  5.95874E+03  6.66936E+03  0.00000E+00  1.30361E-03  3.24103E-04
       3       3       6  1.30267E-03  1.43528E-03  1.30267E-05  3.43651E+00  2.64691E+00  5.59931E+00  4.28372E+01 -5.15868E+01 -9.33153E-01  1.27551E+04  1.12044E+04  1.95800E+04  1.81755E+03  5.21245E+03  6.37722E+03  0.00000E+00  7.61842E-04  6.73442E-04
       3       3       7  1.26673E-03  1.19732E-03  1.26673E-05  5.81304E+00  4.44528E+00  9.92351E+00  9.55226E+01 -1.22128E+02 -1.02862E+00  3.02375E+04  3.23923E+04  3.68074E+04 -5.80823E+03  5.59954E+03  7.51917E+03  0.00000E+00  9.50610E-04  2.46707E-04
       3       3       8  2.03874E-03  2.38540E-03  2.03874E-05  8.66883E+00  6.61586E+00  1.44752E+01  6.06001E+01 -8.01533E+01 -2.25954E-01  1.58444E+04  1.59637E+04  2.12004E+04 -5.68140E+02  3.17391E+03  4.23277E+03  0.00000E+00  1.84275E-03  5.42654E-04
       3       3       9  2.35758E-03  2.63186E-03  2.35758E-05  1.16983E+01  8.87376E+00  1.98144E+01  2.66362E+01 -3.41562E+01 -9.88674E-01  5.06387E+03  4.94460E+03  8.28664E+03  1.45367E+02  1.65952E+03  2.19688E+03  0.00000E+00  1.43109E-03  1.20077E-03
       3       3      10  1.09293E-03  1.06807E-03  1.09293E-05  3.56716E+01  2.81469E+01  6.07789E+01  2.10672E+01 -2.39016E+01  9.91115E-01  9.09117E+03  6.62746E+03  2.21849E+04  5.48779E+03  4.95897E+03  6.07304E+03  0.00000E+00  5.54473E-04  5.13598E-04
       3       4       1  2.92715E-03  3.10232E-03  2.92715E-05  3.90029E-01  3.00085E-01  3.45008E-01  6.41722E+01 -8.48836E+01  7.08794E-01  3.37799E+04  3.79579E+04  2.20813E+04 -8.17094E+03  3.26108E+02  5.11841E+02  0.00000E+00  2.80436E-03  2.97969E-04
       3       4       2  8.88060E-04  9.26507E-04  8.88060E-06  9.82844E-01  7.55754E-01  8.60869E-01 -2.65788E+01  3.66663E+01 -2.51366E+00  4.03214E+04  3.92264E+04  2.64728E+04  6.06576E+02  1.21207E+03  1.03525E+03  0.00000E+00  8.30689E-04  9.58186E-05
       3       4       3  1.49493E-03  1.45921E-03  1.49493E-05  1.42923E+00  1.09505E+00  1.27379E+00  2.45282E+01 -3.99983E+01 -1.11754E+01  2.12420E+04  2.64672E+04  1.64957E+04 -6.75302E+03  4.33204E+03  5.95703E+01  0.00000E+00  1.28079E-03  1.78420E-04
       3       4       4  2.39310E-03  2.10131E-03  2.39310E-05  2.22087E+00  1.70287E+00  2.05132E+00  8.39686E+01 -1.12721E+02  3.46297E+00  5.69609E+04  7.28276E+04  2.99096E+04 -2.71162E+04  1.91363E+03  2.52755E+03  0.00000E+00  1.98622E-03  1.15092E-04
       3       4       5  2.45172E-03  3.01333E-03  2.45172E-05  3.41844E+00  2.63017E+00  2.99992E+00  4.59558E+01 -5.94326E+01  5.18009E-01  3.75093E+04  3.68965E+04  1.65301E+04  1.18379E+02  2.19834E+03  3.33295E+03  0.00000E+00  2.74522E-03  2.68109E-04
       3       4       6  2.50243E-03  3.12462E-03  2.50243E-05  4.54674E+00  3.51469E+00  4.00626E+00  3.09126E+01 -4.08283E+01  3.05458E+00  1.51571E+04  1.52671E+04  9.36050E+03 -2.56155E+02  2.16354E+03  3.65004E+03  0.00000E+00  2.38887E-03  7.35751E-04
       3       4       7  2.50121E-03  2.20649E-03  2.50121E-05  7.87719E+00  5.96844E+00  6.88429E+00  1.24841E+02 -1.54377E+02 -4.21394E+00  4.62644E+04  4.76378E+04  2.74254E+04 -1.11013E+04  2.58469E+03  2.22884E+03  0.00000E+00  1.99333E-03  2.13156E-04
       3       4       8  3.40141E-03  3.79951E-03  3.40141E-05  1.16643E+01  9.14161E+00  1.03512E+01  6.53908E+01 -8.86479E+01 -6.77788E+00  2.14890E+04  2.26192E+04  1.78967E+04  4.15598E+03  2.00599E+03  2.02199E+03  0.00000E+00  3.38823E-03  4.11275E-04
       3       4       9  4.77747E-03  6.34838E-03  4.77747E-05  1.66922E+01  1.26546E+01  1.41681E+01  4.31041E+01 -4.28668E+01  2.85713E+00  9.51648E+03  6.68442E+03  5.29890E+03  1.49397E+03  2.92227E+02  7.83231E+02  0.00000E+00  5.46696E-03  8.81419E-04
       3       4      10  3.02679E-03  3.70842E-03  3.02679E-05  4.95647E+01  3.78932E+01  4.12735E+01  3.25335E+01 -5.10862E+01 -8.48569E-01  1.71612E+04  1.25260E+04  1.09934E+04  9.97480E+03  8.94106E+02  1.24185E+03  0.00000E+00  3.39122E-03  3.17202E-04
       3       5       1  3.62032E-03  3.45299E-03  3.62032E-05  4.27837E-01  3.30300E-01  2.29413E-01  7.32103E+01 -9.57904E+01  1.14887E+00  3.16255E+04  3.63081E+04  2.81926E+04 -7.71389E+03  2.70850E+02  4.48753E+02  0.00000E+00  3.03421E-03  4.18779E-04
       3       5       2  1.13597E-03  1.06741E-03  1.13597E-05  1.09658E+00  8.41328E-01  6.06136E-01 -2.73342E+01  4.03656E+01 -8.12001E+00  4.40248E+04  4.08967E+04  2.74100E+04  4.80642E+03  7.58385E+02  1.10929E+03  0.00000E+00  9.78214E-04  8.91952E-05
       3       5       3  1.87482E-03  1.86249E-03  1.87482E-05  1.60150E+00  1.23657E+00  8.52708E-01  3.39101E+01 -3.99193E+01  2.22998E+00  2.90734E+04  2.77384E+04  2.17813E+04  1.86425E+03 -3.92127E+02  3.10510E+03  0.00000E+00  1.58427E-03  2.78216E-04
       3       5       4  3.20461E-03  1.92345E-03  3.20461E-05  2.51272E+00  1.93140E+00  1.34276E+00  5.58943E+01 -7.77732E+01  2.38961E-01  5.16797E+04  5.70586E+04  4.54188E+04 -1.13892E+04  9.63748E+02  2.97143E+03  0.00000E+00  1.72147E-03  2.01973E-04
       3       5       5  3.55808E-03  3.70983E-03  3.55808E-05  3.83350E+00  2.94794E+00  2.07834E+00  3.91738E+01 -5.10682E+01 -4.16757E+00  3.41462E+04  3.13690E+04  2.43470E+04  3.24265E+03  1.95599E+03  2.31092E+03  0.00000E+00  3.31750E-03  3.92330E-04
       3       5       6  4.26394E-03  4.52171E-03  4.26394E-05  5.20898E+00  4.03397E+00  2.87200E+00  3.68516E+01 -4.89068E+01 -1.02710E+00  2.61303E+04  2.24830E+04  1.40728E+04  7.21719E+03  1.36772E+03  1.28618E+03  0.00000E+00  3.55542E-03  9.66284E-04
       3       5       7  5.10544E-03  3.21342E-03  5.10544E-05  8.71066E+00  6.61729E+00  4.69794E+00  8.99248E+01 -1.09568E+02  5.88583E+00  4.63372E+04  3.74513E+04  3.06145E+04  1.02396E+04  1.78108E+03  4.00233E+03  0.00000E+00  2.87441E-03  3.39011E-04
       3       5       8  5.51769E-03  5.22853E-03  5.51769E-05  1.31950E+01  1.01421E+01  7.10952E+00  4.86308E+01 -7.52206E+01  8.64051E-01  2.36897E+04  2.17526E+04  1.56696E+04  9.99699E+03  1.81289E+03  2.25645E+03  0.00000E+00  4.52506E-03  7.03469E-04
       3       5       9  8.52236E-03  8.73943E-03  8.52236E-05  1.85826E+01  1.43271E+01  9.91810E+00  2.88999E+01 -3.85742E+01 -5.12071E-01  9.13762E+03  6.84390E+03  4.57015E+03  3.44766E+03  7.40704E+02  8.36264E+02  0.00000E+00  6.76461E-03  1.97482E-03
       3       5      10  9.19477E-03  4.91181E-03  9.19477E-05  5.51038E+01  4.22094E+01  2.95690E+01  3.88013E+01 -3.91292E+01 -9.40216E-01  2.00994E+04  1.26100E+04  6.69447E+03  1.19257E+04  7.49775E+02  9.16587E+02  0.00000E+00  4.48245E-03  4.29363E-04
       3       6       1  4.02586E-03  4.15444E-03  4.02586E-05  4.64231E-01  3.56168E-01  7.73518E-02  9.07756E+01 -1.18543E+02  7.18528E-01  3.24481E+04  3.75412E+04  2.45918E+04 -9.10139E+03  1.60237E+02  2.88839E+02  0.00000E+00  3.76984E-03  3.84600E-04
       3       6       2  1.29209E-03  1.39565E-03  1.29209E-05  1.18563E+00  9.14019E-01  2.04397E-01  2.11444E+01 -2.82274E+01 -7.91888E+00  4.66268E+04  4.39418E+04  2.47468E+04  4.73619E+03  8.82160E+02  1.16149E+02  0.00000E+00  1.30554E-03  9.01157E-05
       3       6       3  2.10196E-03  2.33249E-03  2.10196E-05  1.71592E+00  1.32306E+00  2.97233E-01  4.50556E+01 -6.47794E+01 -1.63937E+00  2.83932E+04  2.86532E+04  2.12841E+04  2.08528E+03  2.55712E+03 -6.94868E+02  0.00000E+00  2.12752E-03  2.04973E-04
       3       6       4  3.73978E-03  2.91255E-03  3.73978E-05  2.72467E+00  2.09190E+00  4.57638E-01  7.13846E+01 -8.83546E+01 -5.17775E+00  5.29586E+04  6.25764E+04  3.41240E+04 -1.82751E+04  9.80048E-01 -1.76669E+03  0.00000E+00  2.67266E-03  2.39898E-04
       3       6       5  4.37917E-03  5.13760E-03  4.37917E-05  4.12193E+00  3.16711E+00  6.69532E-01  4.85498E+01 -5.80003E+01  1.07080E+00  3.28198E+04  3.31122E+04  1.80261E+04  5.14290E+01  3.33725E+02  5.57115E+02  0.00000E+00  4.69372E-03  4.43881E-04
       3       6       6  5.79410E-03  6.70048E-03  5.79410E-05  5.70868E+00  4.40079E+00  9.36781E-01  4.92977E+01 -6.67288E+01 -4.63813E-02  2.27725E+04  2.65715E+04  9.22550E+03 -5.29663E+03  9.89887E+02  1.19115E+03  0.00000E+00  5.70871E-03  9.91768E-04
       3       6       7  8.28227E-03  6.19441E-03  8.28227E-05  9.41637E+00  7.22459E+00  1.61782E+00  1.55220E+02 -1.96485E+02  2.82426E+00  5.24471E+04  6.33293E+04  1.48289E+04 -2.07241E+04  1.02981E+02  9.28396E+02  0.00000E+00  5.74125E-03  4.53158E-04
       3       6       8  8.37040E-03  1.10576E-02  8.37040E-05  1.41566E+01  1.08831E+01  2.34216E+00  9.34293E+01 -1.27029E+02 -3.46212E+00  3.23499E+04  3.23149E+04  8.25639E+03  2.90503E+02  6.88575E+02 -1.74329E+02  0.00000E+00  1.01078E-02  9.49772E-04
       3       6       9  1.19812E-02  1.35239E-02  1.19812E-04  1.96511E+01  1.51875E+01  3.28855E+00  5.52648E+01 -7.01043E+01  2.80201E+00  1.85865E+04  1.65562E+04  3.25043E+03  4.26487E+03  1.49966E+02  5.88847E+02  0.00000E+00  1.11577E-02  2.36621E-03
       3       6      10  1.95831E-02  2.28427E-02  1.95831E-04  5.93207E+01  4.55592E+01  9.63883E+00  3.90202E+01 -5.24016E+01  1.35671E-01  2.30331E+04  1.56997E+04  1.37115E+03  1.38352E+04  7.05527E+01  1.02069E+02  0.00000E+00  2.24673E-02  3.75462E-04
       4       1       1  4.12183E-04  4.37656E-04  4.12183E-06  5.83031E-02  7.40005E-02  4.90317E-01 -2.82472E+01  6.22861E+01  1.24089E+01  3.69922E+04  4.25856E+04  7.48365E+04  1.93990E+03  7.66589E+03  8.38031E+03  0.00000E+00  1.70010E-04  2.67646E-04
       4       1       2  1.17583E-04  1.05553E-04  1.17583E-06  1.68230E-01  2.13374E-01  1.43046E+00 -4.20602E+01  2.27263E+01  2.52944E+01  5.52163E+04  4.24741E+04  5.89387E+04  1.51359E+03  3.06541E+03  5.96861E+03  0.00000E+00  5.41842E-05  5.13693E-05
       4       1       3  2.02843E-04  1.63362E-04  2.02843E-06  2.69007E-01  3.51772E-01  2.09276E+00  5.61955E+01 -2.38680E+01 -3.35835E+00  2.44738E+04  2.53179E+04  2.60549E+04  1.18228E+04  4.70262E+03  2.58633E+03  0.00000E+00  5.79472E-05  1.05415E-04
       4       1       4  2.79123E-04  1.71653E-04  2.79123E-06  4.06090E-01  5.28719E-01  3.60161E+00  7.15037E+01 -4.88809E+01 -9.16301E+00  6.41367E+04  4.18698E+04  2.31283E+04 -9.06094E+03  2.76614E+03  1.05155E+03  0.00000E+00  1.50745E-04  2.09086E-05
       4       1       5  2.46293E-04  3.24624E-04  2.46293E-06  6.21300E-01  8.07439E-01  5.19769E+00  5.50591E+01 -2.70442E+01  2.90547E+00  2.80329E+04  1.49781E+04  1.99644E+04 -6.82421E+03  8.58689E+02  1.32286E+03  0.00000E+00  2.97720E-04  2.69035E-05
       4       1       6  1.81710E-04  1.93079E-04  1.81710E-06  7.42117E-01  9.66908E-01  6.71885E+00  3.11535E+01 -1.74115E+01 -8.81777E+00  1.21615E+04  5.99442E+03  2.13666E+04 -3.62630E+03  1.67368E+03  1.92013E+03  0.00000E+00  1.17298E-04  7.57810E-05
       4       1       7  1.99192E-04  1.97598E-04  1.99192E-06  1.41229E+00  1.83533E+00  1.23759E+01  1.77873E+02 -7.59382E+01  1.93399E+01  4.34980E+04  2.28744E+04  2.48771E+04 -9.23657E+03  2.92432E+03  1.52868E+03  0.00000E+00  1.61199E-04  3.63995E-05
       4       1       8  3.28758E-04  3.97657E-04  3.28758E-06  2.03999E+00  2.65958E+00  1.78377E+01  1.14744E+02 -4.52952E+01  3.16896E+01  1.89756E+04  9.37460E+03  2.07818E+04 -4.28775E+03  1.62256E+03  1.26960E+03  0.00000E+00  2.99927E-04  9.77296E-05
       4       1       9  3.07943E-04  3.44439E-04  3.07943E-06  3.00861E+00  3.69886E+00  2.37305E+01  4.72512E+01 -1.97627E+01  1.06473E+01  6.15808E+03  2.97224E+03  8.41882E+03 -1.15864E+03  1.21129E+03  8.06809E+02  0.00000E+00  1.31401E-04  2.13037E-04
       4       1      10  1.44368E-04  1.47314E-04  1.44368E-06  9.43454E+00  1.22828E+01  7.15553E+01  4.20929E+01 -1.56428E+01  3.04052E+00  8.91432E+03  5.43653E+03  2.81285E+04 -1.16590E+03  4.68054E+03  3.31011E+03  0.00000E+00  3.51709E-05  1.12143E-04
       4       2       1  1.24730E-03  1.06990E-03  1.24730E-05  1.14977E-01  1.48799E-01  4.44559E-01 -2.80172E+01  3.35563E+01 -2.53971E+00  3.33353E+04  3.58130E+04  5.55077E+04  1.24566E+04  4.82333E+03  3.95819E+03  0.00000E+00  7.02127E-04  3.67769E-04
       4       2       2  3.59292E-04  2.59529E-04  3.59292E-06  3.44889E-01  4.43214E-01  1.39465E+00 -1.27286E+00  7.96180E+00  1.30223E+01  2.78427E+04  4.06919E+04  6.61493E+04  2.45049E+04  2.00172E+04  1.58909E+04  0.00000E+00  1.03520E-04  1.56009E-04
       4       2       3  6.18617E-04  4.04883E-04  6.18617E-06  5.05726E-01  6.39695E-01  2.06067E+00  2.92822E+00 -1.09424E+01 -7.62276E+00  1.06191E+04  1.65217E+04  3.83790E+04  1.16958E+04  1.09212E+04  9.27946E+03  0.00000E+00  4.14028E-05  3.63480E-04
       4       2       4  8.75669E-04  3.57368E-04  8.75669E-06  8.49431E-01  1.11238E+00  3.30540E+00  5.42317E+01 -4.79459E+01 -2.82700E+00  4.23804E+04  5.53755E+04  5.78819E+04  1.65838E+04  1.22282E+04  8.97963E+03  0.00000E+00  2.42099E-04  1.15269E-04
       4       2       5  7.91114E-04  6.00420E-04  7.91114E-06  1.23083E+00  1.59919E+00  4.83803E+00  2.43097E+01 -1.99204E+01 -1.15385E+01  1.69897E+04  2.21740E+04  3.71435E+04  8.85094E+03  8.25723E+03  5.41345E+03  0.00000E+00  3.95340E-04  2.05080E-04
       4       2       6  6.14801E-04  5.72768E-04  6.14801E-06  1.73364E+00  2.24609E+00  6.56735E+00  3.22999E+00 -9.95833E+00 -1.57034E+01  4.82775E+03  7.44542E+03  2.67192E+04  3.81640E+03  7.36485E+03  5.97015E+03  0.00000E+00  1.73827E-04  3.98941E-04
       4       2       7  6.39581E-04  3.65738E-04  6.39581E-06  2.93851E+00  3.77221E+00  1.12172E+01  5.76290E+01 -4.53892E+01 -2.92418E+00  1.94725E+04  2.76851E+04  5.31793E+04  1.10148E+04  1.19031E+04  9.65630E+03  0.00000E+00  1.97458E-04  1.68280E-04
       4       2       8  1.06562E-03  7.39346E-04  1.06562E-05  4.35008E+00  5.53425E+00  1.67674E+01  3.27290E+01 -3.17814E+01 -9.57956E+00  8.52521E+03  1.28517E+04  2.92553E+04  6.10896E+03  6.27923E+03  5.16960E+03  0.00000E+00  3.80038E-04  3.59307E-04
       4       2       9  1.06507E-03  1.06098E-03  1.06507E-05  6.15261E+00  7.76789E+00  2.29241E+01  6.38679E+00 -9.27473E+00 -1.36394E+00  1.93073E+03  2.91821E+03  9.85209E+03  1.52161E+03  2.81732E+03  2.21610E+03  0.00000E+00  1.57291E-04  9.03690E-04
       4       2      10  4.76785E-04  4.04947E-04  4.76785E-06  1.75058E+01  2.39107E+01  6.90106E+01  4.51559E+00 -1.43063E+01 -1.16952E+01  3.48729E+03  6.99961E+03  2.86727E+04  3.47862E+03  8.87489E+03  6.72158E+03  0.00000E+00  4.48790E-05  3.60068E-04
       4       3       1  2.09871E-03  2.14603E-03  2.09871E-05  2.23705E-01  2.92133E-01  4.93596E-01 -1.50967E+01  1.71123E+01 -3.00395E+00  2.31786E+04  2.50602E+04  3.34466E+04  7.48463E+03  6.04114E+02  8.10721E+02  0.00000E+00  1.92582E-03  2.20213E-04
       4       3       2  6.17185E-04  5.49044E-04  6.17185E-06  5.55101E-01  7.21217E-01  1.21367E+00 -2.62847E+01  2.47564E+01 -7.04097E+00  2.92222E+04  3.57364E+04  4.79253E+04  1.25441E+04  6.22893E+03  2.93409E+03  0.00000E+00  4.45810E-04  1.03234E-04
       4       3       3  1.05510E-03  1.06273E-03  1.05510E-05  8.32560E-01  1.07909E+00  1.79764E+00  2.81099E+01 -1.91021E+01  2.31702E+01  1.50977E+04  1.59399E+04  2.05011E+04  1.81296E+03  5.14731E+03  5.48106E+03  0.00000E+00  8.06209E-04  2.56522E-04
       4       3       4  1.57568E-03  1.05937E-03  1.57568E-05  1.26102E+00  1.64795E+00  2.66521E+00  1.85625E+02 -1.49835E+02 -1.19351E+01  7.05267E+04  6.19597E+04  4.12228E+04 -2.16227E+04  1.02050E+04  4.37066E+03  0.00000E+00  8.78387E-04  1.80984E-04
       4       3       5  1.49738E-03  1.57621E-03  1.49738E-05  1.98643E+00  2.57984E+00  4.06139E+00  9.43517E+01 -6.95847E+01  8.82032E-01  2.63173E+04  2.76667E+04  2.98993E+04  4.14569E+03  6.33248E+03  5.67595E+03  0.00000E+00  1.32451E-03  2.51695E-04
       4       3       6  1.30139E-03  1.16232E-03  1.30139E-05  2.61698E+00  3.39988E+00  5.52439E+00  6.69114E+01 -4.74825E+01  5.69634E+00  1.41088E+04  1.45666E+04  2.22166E+04  2.19905E+03  7.01926E+03  5.69320E+03  0.00000E+00  7.58718E-04  4.03605E-04
       4       3       7  1.26566E-03  1.17238E-03  1.26566E-05  4.50432E+00  5.81433E+00  9.87936E+00  1.29794E+02 -9.64515E+01  5.06444E+00  3.42570E+04  3.13210E+04  3.48663E+04 -6.22204E+03  7.03701E+03  5.29755E+03  0.00000E+00  9.52988E-04  2.19394E-04
       4       3       8  2.03754E-03  2.31022E-03  2.03754E-05  6.73319E+00  8.72394E+00  1.44895E+01  8.38096E+01 -6.09703E+01  3.48819E+00  1.66995E+04  1.58702E+04  2.00872E+04 -6.51156E+02  4.19785E+03  3.56102E+03  0.00000E+00  1.81372E-03  4.96502E-04
       4       3       9  2.35500E-03  2.51461E-03  2.35500E-05  9.25248E+00  1.17716E+01  1.95120E+01  3.88108E+01 -2.65235E+01  2.65394E+00  5.58258E+03  5.56450E+03  8.51973E+03  2.11856E+02  2.39434E+03  1.87792E+03  0.00000E+00  1.43960E-03  1.07501E-03
       4       3      10  1.09125E-03  1.14710E-03  1.09125E-05  2.73359E+01  3.59494E+01  5.98120E+01  2.19068E+01 -2.07420E+01 -6.90292E-01  6.61723E+03  9.97137E+03  2.31881E+04  5.86511E+03  7.29088E+03  5.57003E+03  0.00000E+00  5.29059E-04  6.18036E-04
       4       4       1  2.92444E-03  3.23040E-03  2.92444E-05  2.98937E-01  3.89754E-01  3.45768E-01  8.40484E+01 -6.35693E+01 -5.66514E+00  3.73930E+04  3.23737E+04  2.26292E+04 -7.00948E+03  1.30055E+03  9.54526E+02  0.00000E+00  2.97759E-03  2.52809E-04
       4       4       2  8.86892E-04  9.59113E-04  8.86892E-06  7.56723E-01  9.82797E-01  8.59463E-01 -3.48615E+01  3.00697E+01  1.39699E+00  4.02629E+04  3.90323E+04  2.54852E+04  9.99254E+01  1.17315E+03  6.47742E+02  0.00000E+00  8.78105E-04  8.10087E-05
       4       4       3  1.49366E-03  1.56147E-03  1.49366E-05  1.09601E+00  1.42635E+00  1.26696E+00  3.25092E+01 -2.71337E+01  8.95293E+00  2.27816E+04  1.97658E+04  1.62090E+04 -6.91547E+03 -6.25118E+02  3.27733E+03  0.00000E+00  1.40556E-03  1.55911E-04
       4       4       4  2.38955E-03  2.06632E-03  2.38955E-05  1.69528E+00  2.22632E+00  2.04347E+00  1.18323E+02 -9.15708E+01 -1.65584E+00  7.58757E+04  5.96729E+04  2.83203E+04 -2.89663E+04  6.27914E+02  9.36958E+02  0.00000E+00  1.98462E-03  8.16971E-05
       4       4       5  2.44740E-03  2.93872E-03  2.44740E-05  2.63070E+00  3.42387E+00  2.99791E+00  6.12937E+01 -4.84153E+01  7.17298E-01  3.78102E+04  3.77688E+04  1.60272E+04 -2.51745E+02  2.56711E+03  1.97196E+03  0.00000E+00  2.74008E-03  1.98643E-04
       4       4       6  2.49760E-03  3.00001E-03  2.49760E-05  3.51461E+00  4.55862E+00  4.00683E+00  4.31187E+01 -3.64419E+01 -3.34713E+00  1.68979E+04  1.71127E+04  9.24167E+03 -2.40579E+00  3.26799E+03  2.08559E+03  0.00000E+00  2.38160E-03  6.18408E-04
       4       4       7  2.49519E-03  2.13099E-03  2.49519E-05  5.94273E+00  7.81370E+00  6.80900E+00  1.48682E+02 -1.15397E+02 -3.91946E+00  4.79031E+04  4.35147E+04  3.03988E+04 -7.85561E+03  4.42909E+03  2.68657E+03  0.00000E+00  1.86471E-03  2.66280E-04
       4       4       8  3.39704E-03  4.34349E-03  3.39704E-05  9.11182E+00  1.17644E+01  1.02833E+01  9.41592E+01 -6.63795E+01  5.90495E+00  2.11334E+04  2.30813E+04  1.67459E+04  2.23949E+03  2.06311E+03  2.13286E+03  0.00000E+00  3.77373E-03  5.69768E-04
       4       4       9  4.76749E-03  6.56699E-03  4.76749E-05  1.28332E+01  1.67614E+01  1.45141E+01  3.85338E+01 -2.86874E+01  1.96137E+00  6.98242E+03  7.38391E+03  5.42768E+03  2.72865E+03  8.72201E+02  8.22213E+02  0.00000E+00  5.04481E-03  1.52218E-03
       4       4      10  3.01368E-03  3.92295E-03  3.01368E-05  3.80808E+01  4.95815E+01  4.15996E+01  4.20901E+01 -3.96675E+01  6.89821E-01  1.14319E+04  1.74121E+04  1.12749E+04  9.56862E+03  1.59936E+03  1.27427E+03  0.00000E+00  3.42876E-03  4.94191E-04
       4       5       1  3.61568E-03  3.51291E-03  3.61568E-05  3.27076E-01  4.27559E-01  2.30400E-01  9.26398E+01 -7.21739E+01 -1.58148E+00  3.45312E+04  3.05785E+04  2.63470E+04 -7.97185E+03  7.05695E+02  5.09759E+02  0.00000E+00  3.10567E-03  4.07237E-04
       4       5       2  1.13375E-03  1.06952E-03  1.13375E-05  8.53096E-01  1.10496E+00  5.82364E-01 -4.03099E+01  3.00956E+01 -1.34777E+00  4.12874E+04  4.06557E+04  2.63532E+04  2.73235E+03  1.72559E+02  5.35743E+02  0.00000E+00  1.00315E-03  6.63740E-05
       4       5       3  1.87261E-03  1.88090E-03  1.87261E-05  1.22639E+00  1.59079E+00  8.49960E-01  3.50450E+01 -3.18010E+01 -7.40482E+00  2.47184E+04  2.54012E+04  2.13940E+04 -1.32025E+03  1.42098E+03 -1.92122E+03  0.00000E+00  1.70140E-03  1.79502E-04
       4       5       4  3.19781E-03  1.80026E-03  3.19781E-05  1.94000E+00  2.52084E+00  1.34196E+00  8.13070E+01 -6.21498E+01 -1.43674E+00  5.71284E+04  5.06970E+04  4.71528E+04 -1.49488E+04  3.64167E+03  1.44234E+03  0.00000E+00  1.70187E-03  9.83886E-05
       4       5       5  3.54836E-03  3.45318E-03  3.54836E-05  2.94598E+00  3.83784E+00  2.08165E+00  5.49012E+01 -4.00422E+01  6.25960E+00  3.29566E+04  3.45714E+04  2.42120E+04  2.75927E+03  7.84258E+02  1.92499E+03  0.00000E+00  3.20370E-03  2.49486E-04
       4       5       6  4.25149E-03  4.11358E-03  4.25149E-05  4.02624E+00  5.18655E+00  2.85728E+00  5.57569E+01 -3.55090E+01  1.14240E+00  2.46886E+04  2.70423E+04  1.49847E+04  7.74210E+03  1.19996E+03  9.99633E+02  0.00000E+00  3.47320E-03  6.40386E-04
       4       5       7  5.08151E-03  3.15141E-03  5.08151E-05  6.62705E+00  8.70888E+00  4.68604E+00  1.15114E+02 -7.90983E+01 -1.24889E+00  4.04288E+04  4.51719E+04  2.86935E+04  1.25041E+04  4.19503E+03  3.12756E+03  0.00000E+00  2.76662E-03  3.84791E-04
       4       5       8  5.49933E-03  5.40217E-03  5.49933E-05  1.01566E+01  1.31185E+01  7.07184E+00  6.45221E+01 -6.42278E+01  2.33200E+00  1.90331E+04  2.58918E+04  1.65023E+04  9.02505E+03  1.83496E+03  1.81723E+03  0.00000E+00  4.64876E-03  7.53406E-04
       4       5       9  8.49588E-03  8.77177E-03  8.49588E-05  1.42676E+01  1.85946E+01  9.88016E+00  4.13494E+01 -2.68879E+01 -1.36572E-01  7.76387E+03  8.80137E+03  4.58489E+03  3.80048E+03  8.25534E+02  5.42870E+02  0.00000E+00  6.76311E-03  2.00865E-03
       4       5      10  9.12168E-03  4.94835E-03  9.12168E-05  4.19646E+01  5.46167E+01  2.94666E+01  4.71895E+01 -2.67120E+01  8.64410E-01  1.39728E+04  1.94542E+04  7.07618E+03  1.26239E+04  1.05590E+03  8.80982E+02  0.00000E+00  4.36227E-03  5.86087E-04
       4       6       1  4.01982E-03  4.19108E-03  4.01982E-05  3.55443E-01  4.61297E-01  7.81217E-02  1.16132E+02 -9.00436E+01 -5.46319E-01  3.70394E+04  3.11661E+04  2.48173E+04 -1.02966E+04 -3.30335E+02 -4.81385E+02  0.00000E+00  3.90680E-03  2.84279E-04
       4       6       2  1.28902E-03  1.24813E-03  1.28902E-05  9.08157E-01  1.18765E+00  1.89176E-01  3.55412E+01 -2.51022E+01  3.69228E+00  4.38239E+04  4.65302E+04  2.43745E+04  3.31099E+03 -4.64646E+02  5.28412E+02  0.00000E+00  1.18785E-03  6.02758E-05
       4       6       3  2.09906E-03  2.01105E-03  2.09906E-05  1.32517E+00  1.72765E+00  2.65787E-01  6.86963E+01 -5.30101E+01  2.24034E-01  2.68199E+04  2.88415E+04  2.03362E+04  1.71230E+03 -4.53582E+02  1.92126E+03  0.00000E+00  1.86521E-03  1.45845E-04
       4       6       4  3.73036E-03  2.84844E-03  3.73036E-05  2.09940E+00  2.72892E+00  4.58511E-01  9.32899E+01 -7.29956E+01  6.69581E+00  6.30058E+04  5.10346E+04  3.47852E+04 -2.12970E+04 -1.42018E+03  1.42964E+03  0.00000E+00  2.69204E-03  1.56399E-04
       4       6       5  4.36433E-03  4.92791E-03  4.36433E-05  3.17658E+00  4.12209E+00  6.77481E-01  6.13597E+01 -4.84804E+01  9.76164E-03  3.31326E+04  3.16274E+04  1.83652E+04 -1.69326E+03  7.62723E+02  4.71621E+02  0.00000E+00  4.65788E-03  2.70025E-04
       4       6       6  5.77350E-03  6.28064E-03  5.77350E-05  4.38381E+00  5.65755E+00  9.49887E-01  6.92653E+01 -5.10169E+01  2.22415E+00  2.67348E+04  2.27323E+04  1.00690E+04 -5.89701E+03  1.00827E+03  1.08822E+03  0.00000E+00  5.76504E-03  5.15593E-04
       4       6       7  8.23043E-03  6.33784E-03  8.23043E-05  7.24154E+00  9.44647E+00  1.61310E+00  1.97577E+02 -1.57051E+02  7.97223E-01  6.28242E+04  5.24283E+04  1.53992E+04 -2.15872E+04 -8.46410E+01 -3.87201E+02  0.00000E+00  5.93671E-03  4.01127E-04
       4       6       8  8.31617E-03  1.02924E-02  8.31617E-05  1.08974E+01  1.41557E+01  2.34412E+00  1.28685E+02 -9.65392E+01  1.17691E+00  3.31777E+04  3.31653E+04  7.38493E+03  1.19259E+02  2.81812E+02  6.07190E+02  0.00000E+00  9.47535E-03  8.17031E-04
       4       6       9  1.19332E-02  1.34007E-02  1.19332E-04  1.50488E+01  1.96010E+01  3.23905E+00  7.11064E+01 -5.79631E+01 -8.42853E-01  1.62455E+04  1.86921E+04  3.46445E+03  3.76930E+03  4.88802E+02  2.24745E+02  0.00000E+00  1.13128E-02  2.08793E-03
       4       6      10  1.93717E-02  2.29669E-02  1.93717E-04  4.55255E+01  5.93485E+01  9.70886E+00  5.09851E+01 -4.02813E+01 -1.64761E-01  1.55729E+04  2.30826E+04  1.37437E+03  1.38291E+04  1.15502E+02  5.41581E+01  0.00000E+00  2.25215E-02  4.45387E-04
       5       1       1  4.12167E-04  4.34363E-04  4.12167E-06  3.61967E-02  8.91307E-02  5.10460E-01 -5.31988E+01  3.64635E+01  8.23816E+00  3.83627E+04  4.29561E+04  7.60669E+04 -7.70784E+02  1.08668E+04  5.87798E+03  0.00000E+00  1.64536E-04  2.69827E-04
       5       1       2  1.17578E-04  1.22698E-04  1.17578E-06  1.05147E-01  2.65334E-01  1.44462E+00 -4.29493E+01  1.99525E+00 -5.97831E+00  3.99590E+04  3.04601E+04  6.31611E+04  3.81529E+03  1.46667E+04  8.43979E+03  0.00000E+00  5.19159E-05  7.07818E-05
       5       1       3  2.02836E-04  2.45058E-04  2.02836E-06  1.63275E-01  4.17667E-01  2.13616E+00  3.47248E+01 -7.81199E+00 -6.57820E+00  1.40309E+04  1.79790E+04  2.15087E+04  7.04934E+03  3.30724E+03  2.05076E+03  0.00000E+00  5.45039E-05  1.90554E-04
       5       1       4  2.79108E-04  1.73808E-04  2.79108E-06  2.54085E-01  6.13224E-01  3.60747E+00  8.22282E+01 -2.55745E+01 -1.19270E+00  6.37964E+04  3.86449E+04  2.69541E+04 -5.81896E+03  2.43961E+03  1.01381E+03  0.00000E+00  1.49331E-04  2.44764E-05
       5       1       5  2.46280E-04  3.24036E-04  2.46280E-06  3.80060E-01  9.22596E-01  5.19923E+00  5.88311E+01 -1.58935E+01 -3.90389E+00  2.95716E+04  1.26110E+04  2.31781E+04 -3.77306E+03  1.89071E+03  7.20617E+02  0.00000E+00  2.91125E-04  3.29104E-05
       5       1       6  1.81700E-04  1.85896E-04  1.81700E-06  4.85593E-01  1.15898E+00  6.65327E+00  3.43092E+01 -1.10239E+01  1.56505E+01  1.30944E+04  6.11281E+03  1.78329E+04 -2.46494E+03  2.46201E+03  1.43602E+03  0.00000E+00  1.17769E-04  6.81265E-05
       5       1       7  1.99186E-04  1.73234E-04  1.99186E-06  8.54598E-01  2.04864E+00  1.23945E+01  2.05822E+02 -4.57987E+01  2.58114E+00  5.05473E+04  2.07758E+04  2.06998E+04 -5.80288E+03  2.49968E+03  2.77488E+02  0.00000E+00  1.52406E-04  2.08275E-05
       5       1       8  3.28745E-04  3.40791E-04  3.28745E-06  1.27795E+00  3.10069E+00  1.78841E+01  1.29552E+02 -2.98705E+01 -2.71391E+00  2.19294E+04  9.04892E+03  1.79829E+04 -2.40989E+03  1.94635E+03  9.88232E+02  0.00000E+00  2.80877E-04  5.99142E-05
       5       1       9  3.07924E-04  3.13682E-04  3.07924E-06  1.72405E+00  4.25718E+00  2.38423E+01  4.58411E+01 -1.47158E+01 -7.55487E+00  6.57543E+03  2.84998E+03  8.49536E+03 -1.03798E+03  1.40059E+03  4.82004E+02  0.00000E+00  1.23586E-04  1.90097E-04
       5       1      10  1.44363E-04  1.61645E-04  1.44363E-06  5.07001E+00  1.21303E+01  7.27588E+01  3.36551E+01 -1.55086E+01 -1.65542E+01  7.40044E+03  4.37742E+03  2.92381E+04 -6.58092E+02  5.01018E+03  1.79370E+03  0.00000E+00  3.15765E-05  1.30069E-04
       5       2       1  1.24707E-03  1.09396E-03  1.24707E-05  6.99827E-02  1.72992E-01  4.42105E-01 -3.85396E+01  1.90391E+01 -2.27060E+00  2.65002E+04  4.47550E+04  5.26099E+04  1.05331E+04  6.88567E+03  4.33661E+03  0.00000E+00  7.38108E-04  3.55852E-04
       5       2       2  3.59209E-04  2.21227E-04  3.59209E-06  2.21121E-01  5.37567E-01  1.38314E+00 -2.44973E+00  1.20737E+01  4.23479E+00  1.74331E+04  6.39610E+04  6.86765E+04  2.20512E+04  2.62866E+04  1.02303E+04  0.00000E+00  9.11014E-05  1.30126E-04
       5       2       3  6.18510E-04  3.05653E-04  6.18510E-06  3.12416E-01  7.43464E-01  2.06005E+00  1.39662E+01  1.05137E+00 -1.31654E+00  6.39337E+03  2.71962E+04  3.74713E+04  1.07746E+04  1.35639E+04  5.40732E+03  0.00000E+00  4.14028E-05  2.64250E-04
       5       2       4  8.75423E-04  3.17009E-04  8.75423E-06  5.30979E-01  1.30164E+00  3.28402E+00  7.09764E+01 -3.25899E+01  3.93779E+00  3.87079E+04  6.74443E+04  5.45703E+04  1.22757E+04  1.50779E+04  6.28106E+03  0.00000E+00  2.12874E-04  1.04136E-04
       5       2       5  7.90896E-04  5.99298E-04  7.90896E-06  7.85677E-01  1.93866E+00  4.84616E+00  3.02539E+01 -9.35837E+00  6.99842E+00  1.18513E+04  2.57218E+04  3.45183E+04  5.51104E+03  9.23911E+03  3.35026E+03  0.00000E+00  3.87747E-04  2.11551E-04
       5       2       6  6.14617E-04  7.26245E-04  6.14617E-06  1.08360E+00  2.75495E+00  6.60601E+00  7.71698E+00  1.65523E+00  6.85386E+00  2.50745E+03  6.60307E+03  2.01815E+04  2.35876E+03  7.32604E+03  2.75367E+03  0.00000E+00  1.41323E-04  5.84922E-04
       5       2       7  6.39455E-04  3.43567E-04  6.39455E-06  1.84471E+00  4.55979E+00  1.11748E+01  7.62671E+01 -2.96690E+01 -5.50481E+00  1.73672E+04  3.29297E+04  5.10048E+04  6.21142E+03  1.60484E+04  4.99503E+03  0.00000E+00  1.88920E-04  1.54647E-04
       5       2       8  1.06541E-03  7.11266E-04  1.06541E-05  2.72581E+00  6.81940E+00  1.66701E+01  4.19259E+01 -1.17304E+01  5.52122E+00  5.79737E+03  1.59903E+04  2.93810E+04  4.34317E+03  9.42286E+03  3.36655E+03  0.00000E+00  3.45356E-04  3.65910E-04
       5       2       9  1.06471E-03  9.08519E-04  1.06471E-05  3.68192E+00  9.38070E+00  2.26670E+01  1.21170E+01 -3.97082E+00  5.50982E-01  1.43495E+03  4.19367E+03  1.11841E+04  1.22260E+03  4.10480E+03  1.63857E+03  0.00000E+00  1.48987E-04  7.59532E-04
       5       2      10  4.76646E-04  5.18909E-04  4.76646E-06  1.19139E+01  2.73870E+01  6.96622E+01  9.53073E+00 -2.36112E+00  7.31238E+00  1.95019E+03  7.20703E+03  2.86126E+04  2.29728E+03  1.04995E+04  4.46489E+03  0.00000E+00  4.29642E-05  4.75945E-04
       5       3       1  2.09773E-03  2.34230E-03  2.09773E-05  1.38177E-01  3.36665E-01  4.94714E-01 -2.38110E+01  5.13738E+00  3.72555E+00  1.72818E+04  2.91624E+04  3.23440E+04  6.32513E+03  1.20629E+03  3.27128E+02  0.00000E+00  2.10097E-03  2.41336E-04
       5       3       2  6.16811E-04  6.44534E-04  6.16811E-06  3.48741E-01  8.45969E-01  1.21239E+00 -2.30037E+01  8.73904E+00  7.91745E+00  2.22187E+04  4.78360E+04  4.95265E+04  1.23241E+04  1.26698E+04  6.43512E+03  0.00000E+00  5.05797E-04  1.38737E-04
       5       3       3  1.05465E-03  1.05295E-03  1.05465E-05  5.21690E-01  1.24745E+00  1.77290E+00  3.20480E+01 -7.38965E+00 -1.79861E+01  1.48951E+04  2.15621E+04  2.54430E+04  3.63845E+03  1.16005E+04  3.98827E+03  0.00000E+00  7.61999E-04  2.90947E-04
       5       3       4  1.57456E-03  1.13455E-03  1.57456E-05  7.92604E-01  1.92016E+00  2.67883E+00  2.06003E+02 -7.74476E+01  2.15101E+00  7.60075E+04  4.79846E+04  4.57856E+04 -1.17665E+04  1.34220E+04  5.31507E+03  0.00000E+00  8.72927E-04  2.61619E-04
       5       3       5  1.49623E-03  1.67235E-03  1.49623E-05  1.22654E+00  2.98825E+00  4.06751E+00  1.01452E+02 -4.55152E+01 -4.15803E+00  2.27566E+04  3.00925E+04  3.11372E+04  3.13734E+03  1.00527E+04  3.59615E+03  0.00000E+00  1.26918E-03  4.03172E-04
       5       3       6  1.30029E-03  1.60133E-03  1.30029E-05  1.67158E+00  4.06562E+00  5.64346E+00  5.49390E+01 -2.34681E+01 -1.90007E+00  9.62131E+03  1.39308E+04  2.05116E+04  1.90791E+03  8.74801E+03  3.07907E+03  0.00000E+00  7.57889E-04  8.43439E-04
       5       3       7  1.26473E-03  1.20080E-03  1.26473E-05  2.80121E+00  6.78879E+00  9.85771E+00  1.44672E+02 -4.96717E+01  1.14132E+01  3.52959E+04  2.70845E+04  3.76313E+04 -3.84978E+03  1.07170E+04  4.13033E+03  0.00000E+00  9.07590E-04  2.93212E-04
       5       3       8  2.03650E-03  2.46406E-03  2.03650E-05  4.11648E+00  1.01084E+01  1.44742E+01  9.22671E+01 -3.59661E+01 -6.22264E-01  1.60026E+04  1.50398E+04  2.21671E+04 -4.84326E+02  5.86704E+03  2.22569E+03  0.00000E+00  1.81687E-03  6.47194E-04
       5       3       9  2.35277E-03  2.86756E-03  2.35277E-05  5.40660E+00  1.37693E+01  1.99371E+01  3.67045E+01 -1.25792E+01 -9.34275E-01  4.46507E+03  4.81164E+03  8.04391E+03  1.82027E+02  2.70482E+03  9.75177E+02  0.00000E+00  1.36856E-03  1.49901E-03
       5       3      10  1.08979E-03  1.08375E-03  1.08979E-05  1.74978E+01  4.24176E+01  5.97494E+01  3.02676E+01 -1.02349E+01  1.99889E+00  3.95364E+03  1.24765E+04  2.25988E+04  4.09952E+03  7.69521E+03  3.11418E+03  0.00000E+00  5.54156E-04  5.29599E-04
       5       4       1  2.92210E-03  3.31950E-03  2.92210E-05  1.85563E-01  4.50353E-01  3.42038E-01  9.46235E+01 -4.11922E+01  1.79025E+00  3.99218E+04  3.03676E+04  2.23327E+04 -4.87978E+03  2.15855E+03  8.05008E+02  0.00000E+00  2.96871E-03  3.50786E-04
       5       4       2  8.85884E-04  9.48466E-04  8.85884E-06  4.68284E-01  1.15106E+00  8.62633E-01 -4.28038E+01  1.61009E+01 -2.82413E+00  3.90373E+04  4.34032E+04  2.53523E+04  5.51999E+02  3.21860E+03  1.19100E+03  0.00000E+00  8.46543E-04  1.01923E-04
       5       4       3  1.49257E-03  1.50712E-03  1.49257E-05  6.92591E-01  1.66049E+00  1.27189E+00  3.66941E+01 -1.77891E+01 -4.58715E+00  2.56271E+04  1.86794E+04  1.69826E+04 -3.77658E+03  2.51196E+03  1.29283E+03  0.00000E+00  1.30179E-03  2.05330E-04
       5       4       4  2.38648E-03  2.07167E-03  2.38648E-05  1.05967E+00  2.59162E+00  2.05459E+00  1.32715E+02 -5.22667E+01  5.00928E+00  8.67323E+04  4.62140E+04  2.81984E+04 -1.89499E+04  1.68835E+03  1.58304E+03  0.00000E+00  1.94226E-03  1.29417E-04
       5       4       5  2.44368E-03  3.05989E-03  2.44368E-05  1.64761E+00  3.98913E+00  2.99939E+00  7.02557E+01 -2.16849E+01  2.92858E+00  3.68259E+04  3.70003E+04  1.67129E+04  4.65239E+02  2.98015E+03  1.51816E+03  0.00000E+00  2.72102E-03  3.38861E-04
       5       4       6  2.49343E-03  3.13380E-03  2.49343E-05  2.18759E+00  5.29385E+00  4.03745E+00  4.89528E+01 -2.14881E+01  3.09144E+00  1.59213E+04  1.67440E+04  1.01816E+04  6.97546E+02  3.27937E+03  1.74663E+03  0.00000E+00  2.40098E-03  7.32815E-04
       5       4       7  2.48999E-03  2.00401E-03  2.48999E-05  3.56252E+00  8.98416E+00  6.81001E+00  1.77519E+02 -6.83934E+01 -9.33972E+00  5.44366E+04  4.08704E+04  2.99549E+04 -5.86894E+03  7.65316E+03  2.74859E+03  0.00000E+00  1.73801E-03  2.66002E-04
       5       4       8  3.39328E-03  4.73327E-03  3.39328E-05  5.85992E+00  1.37407E+01  1.02856E+01  1.11145E+02 -4.27099E+01  5.16388E+00  2.11022E+04  2.32538E+04  1.53874E+04  1.43537E+03  1.78524E+03  1.23374E+03  0.00000E+00  4.19990E-03  5.33371E-04
       5       4       9  4.75886E-03  6.02201E-03  4.75886E-05  7.90950E+00  1.94586E+01  1.44235E+01  4.26673E+01 -2.14851E+01  1.34378E+00  5.24592E+03  9.50467E+03  6.01389E+03  2.42364E+03  1.03046E+03  5.78140E+02  0.00000E+00  4.70754E-03  1.31447E-03
       5       4      10  3.00240E-03  3.93071E-03  3.00240E-05  2.38494E+01  5.81288E+01  4.18319E+01  5.21051E+01 -2.75809E+01  9.53586E-02  6.94045E+03  2.14212E+04  1.09125E+04  6.61142E+03  1.54039E+03  6.38155E+02  0.00000E+00  3.56219E-03  3.68520E-04
       5       5       1  3.61166E-03  3.74194E-03  3.61166E-05  2.03893E-01  4.97251E-01  2.28782E-01  1.01636E+02 -4.42032E+01 -3.07242E+00  3.62011E+04  2.67007E+04  2.66677E+04 -5.12333E+03  1.33137E+03  4.82623E+02  0.00000E+00  3.08745E-03  6.54489E-04
       5       5       2  1.13183E-03  1.03067E-03  1.13183E-05  5.30523E-01  1.27878E+00  6.01532E-01 -4.58046E+01  2.02793E+01 -6.29083E+00  3.88183E+04  4.24493E+04  2.72673E+04  1.85961E+03 -5.25395E+02 -3.78066E+02  0.00000E+00  9.60476E-04  7.01924E-05
       5       5       3  1.87071E-03  1.77479E-03  1.87071E-05  7.64435E-01  1.86800E+00  8.58970E-01  5.08032E+01 -1.87403E+01 -2.10661E+00  2.83971E+04  2.61626E+04  2.16018E+04 -5.38905E+02  2.30226E+02 -1.89562E+03  0.00000E+00  1.57832E-03  1.96469E-04
       5       5       4  3.19194E-03  1.79950E-03  3.19194E-05  1.21515E+00  2.93471E+00  1.33641E+00  9.39362E+01 -3.95367E+01 -2.28748E+00  6.49535E+04  4.33261E+04  4.74542E+04 -1.17114E+04  9.91103E+02 -1.02898E+03  0.00000E+00  1.68583E-03  1.13669E-04
       5       5       5  3.53999E-03  3.45568E-03  3.53999E-05  1.84047E+00  4.46004E+00  2.08499E+00  6.17397E+01 -3.06608E+01 -1.33087E+00  3.11604E+04  3.71134E+04  2.47430E+04  1.25239E+03  2.93575E+03  1.11667E+03  0.00000E+00  3.22001E-03  2.35670E-04
       5       5       6  4.24075E-03  4.28848E-03  4.24075E-05  2.55348E+00  6.09239E+00  2.83103E+00  5.92280E+01 -2.12331E+01 -3.87569E+00  2.05544E+04  3.12682E+04  1.49443E+04  6.69572E+03  2.97998E+03  6.45564E+02  0.00000E+00  3.54134E-03  7.47144E-04
       5       5       7  5.06093E-03  3.09123E-03  5.06093E-05  4.06852E+00  1.01323E+01  4.61436E+00  1.28507E+02 -5.52086E+01 -5.70653E+00  3.37000E+04  5.13461E+04  3.06244E+04  6.82352E+03  4.52576E+03  8.67046E+02  0.00000E+00  2.61317E-03  4.78067E-04
       5       5       8  5.48357E-03  5.65177E-03  5.48357E-05  6.29408E+00  1.52915E+01  7.09561E+00  7.76453E+01 -4.16664E+01  1.85964E+00  1.50756E+04  3.16223E+04  1.45795E+04  6.80958E+03  2.66534E+03  1.78221E+03  0.00000E+00  4.64892E-03  1.00285E-03
       5       5       9  8.47304E-03  9.28672E-03  8.47304E-05  8.93868E+00  2.18633E+01  9.84211E+00  4.19330E+01 -1.24252E+01 -9.91842E-01  5.18260E+03  1.04993E+04  4.47322E+03  3.03422E+03  1.04466E+03  9.55427E+01  0.00000E+00  6.68157E-03  2.60515E-03
       5       5      10  9.05899E-03  4.89733E-03  9.05899E-05  2.63801E+01  6.35320E+01  2.95153E+01  5.14465E+01 -1.25531E+01  4.96319E-01  7.95076E+03  2.57205E+04  6.97643E+03  9.58856E+03  1.66801E+03  7.19259E+02  0.00000E+00  4.18200E-03  7.15329E-04
       5       6       1  4.01461E-03  4.36629E-03  4.01461E-05  2.22720E-01  5.39311E-01  7.76784E-02  1.30830E+02 -5.53304E+01 -2.40495E-01  4.01795E+04  2.75513E+04  2.45265E+04 -5.93108E+03  3.15054E+02  1.21989E+02  0.00000E+00  3.89054E-03  4.75747E-04
       5       6       2  1.28637E-03  1.32512E-03  1.28637E-05  5.77358E-01  1.38294E+00  2.02801E-01  3.57194E+01 -1.42840E+01 -4.09878E+00  4.32830E+04  4.81038E+04  2.38138E+04  3.37914E+03 -8.33847E+02 -4.35871E+02  0.00000E+00  1.25157E-03  7.35477E-05
       5       6       3  2.09655E-03  2.28703E-03  2.09655E-05  8.36849E-01  2.00507E+00  2.88271E-01  7.19274E+01 -2.95958E+01  7.38911E+00  2.59870E+04  3.08533E+04  2.10169E+04  2.02348E+03 -1.93335E+03  2.27381E+03  0.00000E+00  2.07617E-03  2.10868E-04
       5       6       4  3.72224E-03  2.90925E-03  3.72224E-05  1.30575E+00  3.17951E+00  4.54201E-01  1.07451E+02 -4.74764E+01  1.73952E+00  7.16592E+04  4.65935E+04  3.42255E+04 -1.41328E+04  2.36379E+03  1.16582E+03  0.00000E+00  2.68990E-03  2.19349E-04
       5       6       5  4.35155E-03  5.07767E-03  4.35155E-05  1.98458E+00  4.80487E+00  6.75676E-01  7.14987E+01 -3.36236E+01 -5.78667E+00  3.37010E+04  3.47138E+04  1.86616E+04  3.92128E+01  1.20755E+03 -2.09262E+02  0.00000E+00  4.71295E-03  3.64721E-04
       5       6       6  5.75575E-03  6.28099E-03  5.75575E-05  2.74884E+00  6.63255E+00  9.62155E-01  8.15943E+01 -3.08913E+01 -3.49773E-01  3.07066E+04  2.30240E+04  9.86770E+03 -3.42620E+03  6.03667E+02  3.50079E+02  0.00000E+00  5.67934E-03  6.01652E-04
       5       6       7  8.18588E-03  6.58864E-03  8.18588E-05  4.51525E+00  1.10087E+01  1.61942E+00  2.24851E+02 -9.76484E+01  8.99692E-01  7.06598E+04  4.39053E+04  1.47264E+04 -1.40530E+04  1.72480E+03  6.94586E+02  0.00000E+00  5.94433E-03  6.44313E-04
       5       6       8  8.26984E-03  1.05881E-02  8.26984E-05  6.84116E+00  1.65137E+01  2.34570E+00  1.41513E+02 -5.22227E+01 -6.03388E-01  3.19195E+04  3.43269E+04  7.12720E+03  1.56618E+03  1.15720E+03  7.55278E+02  0.00000E+00  9.30680E-03  1.28132E-03
       5       6       9  1.18918E-02  1.51686E-02  1.18918E-04  9.26362E+00  2.29205E+01  3.26188E+00  7.71697E+01 -3.77066E+01 -1.44991E+00  1.34443E+04  1.94424E+04  3.43060E+03  2.56992E+03  4.20210E+02  7.30317E+00  0.00000E+00  1.18162E-02  3.35240E-03
       5       6      10  1.91909E-02  2.28978E-02  1.91909E-04  2.86237E+01  6.90803E+01  9.66211E+00  6.00810E+01 -2.49183E+01 -1.47379E-01  9.22471E+03  2.95101E+04  1.36418E+03  1.01545E+04  3.10962E+01  1.21115E+01  0.00000E+00  2.25131E-02  3.84702E-04
       6       1       1  4.12158E-04  4.42639E-04  4.12158E-06  1.35726E-02  9.68738E-02  5.28113E-01 -5.17167E+01  1.66278E+01  1.50774E-01  3.62122E+04  5.52023E+04  9.16376E+04  1.93288E+03  1.71529E+04  2.70176E+03  0.00000E+00  1.56708E-04  2.85931E-04
       6       1       2  1.17575E-04  1.45252E-04  1.17575E-06  3.78954E-02  2.87848E-01  1.44833E+00 -2.92907E+01 -1.94533E+01 -7.09903E+00  3.25905E+04  2.93627E+04  6.12326E+04 -7.81676E+02  1.60076E+04  2.99111E+02  0.00000E+00  5.16318E-05  9.36205E-05
       6       1       3  2.02832E-04  2.93311E-04  2.02832E-06  5.71245E-02  4.41269E-01  2.14654E+00  3.56639E+01 -6.02326E+00  8.60279E-01  1.43991E+04  2.27027E+04  2.23272E+04  1.92490E+03  4.64808E+03  9.83601E+02  0.00000E+00  5.42520E-05  2.39059E-04
       6       1       4  2.79099E-04  1.65371E-04  2.79099E-06  8.53441E-02  6.55686E-01  3.62235E+00  8.85566E+01 -1.04655E+01  7.02756E-01  6.60354E+04  3.39693E+04  3.06123E+04 -3.99480E+03  3.54255E+03 -3.40701E+02  0.00000E+00  1.47447E-04  1.79245E-05
       6       1       5  2.46273E-04  3.03340E-04  2.46273E-06  1.23448E-01  9.60172E-01  5.21911E+00  6.10633E+01 -3.33961E+00  4.50143E+00  3.08307E+04  1.07417E+04  2.44235E+04 -9.15386E+02  2.46213E+03  1.65824E+02  0.00000E+00  2.66158E-04  3.71813E-05
       6       1       6  1.81694E-04  1.69621E-04  1.81694E-06  1.62984E-01  1.26996E+00  6.60087E+00  3.63983E+01 -7.05610E+00 -1.70053E+01  1.48437E+04  6.51488E+03  2.33963E+04 -6.47629E+02  4.43695E+03  1.03009E+03  0.00000E+00  1.18240E-04  5.13809E-05
       6       1       7  1.99182E-04  2.05516E-04  1.99182E-06  3.07949E-01  2.32774E+00  1.22334E+01  1.68240E+02 -1.55149E+01 -1.72970E+01  4.11608E+04  1.72014E+04  3.38131E+04 -1.84749E+03  5.64324E+03  8.63543E+02  0.00000E+00  1.45567E-04  5.99482E-05
       6       1       8  3.28737E-04  3.71154E-04  3.28737E-06  4.45272E-01  3.37417E+00  1.78376E+01  1.17817E+02 -1.28455E+01 -1.60014E+01  2.00312E+04  7.78868E+03  2.07721E+04 -9.44929E+02  2.95915E+03  4.63728E+02  0.00000E+00  2.71596E-04  9.95585E-05
       6       1       9  3.07913E-04  2.79564E-04  3.07913E-06  6.12978E-01  4.65052E+00  2.33135E+01  5.79231E+01 -7.75164E+00 -1.19779E+01  7.88413E+03  2.94326E+03  8.50482E+03 -2.84571E+02  1.53504E+03  2.50486E+02  0.00000E+00  1.26028E-04  1.53536E-04
       6       1      10  1.44360E-04  1.40906E-04  1.44360E-06  2.49491E+00  1.38171E+01  7.36891E+01  3.89085E+01 -3.10827E+00 -5.65790E+00  7.94145E+03  4.28180E+03  2.71294E+04 -1.68600E+02  4.64911E+03  8.69030E+02  0.00000E+00  2.91579E-05  1.11749E-04
       6       2       1  1.24693E-03  1.08019E-03  1.24693E-05  2.44038E-02  1.82366E-01  4.25854E-01 -4.55164E+01  9.84757E+00 -2.23473E+00  2.35712E+04  5.41236E+04  5.88529E+04  5.95881E+03  6.59254E+03 -3.05446E+02  0.00000E+00  7.97868E-04  2.82320E-04
       6       2       2  3.59161E-04  2.29883E-04  3.59161E-06  7.25891E-02  5.59929E-01  1.38661E+00 -1.05927E+01 -3.16410E+00  6.44034E+00  8.49458E+03  5.48351E+04  6.27851E+04  6.42374E+03  2.73409E+04  2.96288E+03  0.00000E+00  8.43656E-05  1.45517E-04
       6       2       3  6.18448E-04  4.17871E-04  6.18448E-06  9.85374E-02  8.05578E-01  2.06163E+00  8.94307E+00 -1.47257E+00 -3.30395E+00  2.01750E+03  2.31787E+04  3.45528E+04  3.35310E+03  1.16218E+04  1.10603E+03  0.00000E+00  4.09829E-05  3.76888E-04
       6       2       4  8.75281E-04  3.17388E-04  8.75281E-06  1.94171E-01  1.36617E+00  3.27188E+00  7.65995E+01 -1.12183E+01  6.14459E+00  3.42920E+04  5.51796E+04  6.58998E+04  3.00379E+03  1.91898E+04  2.11094E+03  0.00000E+00  2.02058E-04  1.15330E-04
       6       2       5  7.90770E-04  6.04671E-04  7.90770E-06  2.74593E-01  2.00486E+00  4.84111E+00  3.16850E+01 -6.93545E+00  2.24962E+00  1.00763E+04  2.73999E+04  3.38413E+04  1.35103E+03  8.92084E+03  1.34240E+03  0.00000E+00  4.07005E-04  1.97666E-04
       6       2       6  6.14511E-04  5.75607E-04  6.14511E-06  3.76257E-01  2.70633E+00  6.66066E+00  7.20765E+00  7.38115E-01 -7.27293E-01  1.89779E+03  6.28899E+03  1.66960E+04  7.72593E+02  5.33781E+03  5.90722E+02  0.00000E+00  1.20596E-04  4.55012E-04
       6       2       7  6.39382E-04  2.52430E-04  6.39382E-06  6.73465E-01  4.72213E+00  1.13917E+01  1.15059E+02 -1.88549E+01 -1.67644E+01  2.27736E+04  3.95628E+04  3.92378E+04  1.79029E+03  8.80133E+03  5.61398E+02  0.00000E+00  1.89678E-04  6.27518E-05
       6       2       8  1.06529E-03  4.83243E-04  1.06529E-05  9.79521E-01  6.77526E+00  1.69211E+01  6.39294E+01 -3.89605E+00 -5.89824E+00  6.54039E+03  1.99983E+04  2.47894E+04  1.91456E+03  5.78196E+03  5.71677E+02  0.00000E+00  3.34121E-04  1.49122E-04
       6       2       9  1.06450E-03  5.93982E-04  1.06450E-05  1.48534E+00  9.21666E+00  2.27285E+01  1.68258E+01 -2.51950E+00  5.56440E+00  1.45177E+03  5.56808E+03  1.20302E+04  4.45600E+02  4.21952E+03  5.41789E+02  0.00000E+00  1.38729E-04  4.55254E-04
       6       2      10  4.76566E-04  3.91960E-04  4.76566E-06  3.84591E+00  2.88137E+01  6.89361E+01  1.27162E+01 -3.48186E+00 -5.22444E+00  1.62886E+03  8.95506E+03  2.92310E+04  8.91075E+02  1.13439E+04  1.21764E+03  0.00000E+00  4.46103E-05  3.47350E-04
       6       3       1  2.09717E-03  2.27828E-03  2.09717E-05  4.84363E-02  3.65333E-01  4.99284E-01 -2.08155E+01  6.92883E+00 -8.01976E-01  1.57097E+04  3.03783E+04  3.40054E+04  2.36430E+03  2.37708E+03  4.28726E+02  0.00000E+00  2.10114E-03  1.77137E-04
       6       3       2  6.16595E-04  6.09025E-04  6.16595E-06  1.17997E-01  9.02635E-01  1.21441E+00 -3.05327E+01  1.38651E+00 -2.97406E+00  1.84513E+04  4.77954E+04  4.87907E+04  3.76377E+03  9.33082E+03  4.37432E+02  0.00000E+00  4.65979E-04  1.43046E-04
       6       3       3  1.05439E-03  1.06374E-03  1.05439E-05  1.70407E-01  1.34191E+00  1.77666E+00  3.08022E+01 -1.21676E+01  5.22862E+00  1.30675E+04  1.92702E+04  2.30177E+04  4.92678E+02  1.09310E+04  1.93134E+03  0.00000E+00  7.74126E-04  2.89613E-04
       6       3       4  1.57391E-03  1.11514E-03  1.57391E-05  2.74617E-01  2.06971E+00  2.66621E+00  2.28352E+02 -2.86406E+01  3.38010E+00  8.39165E+04  3.91432E+04  4.15591E+04 -6.05423E+03  1.21749E+04  2.09851E+03  0.00000E+00  8.87818E-04  2.27325E-04
       6       3       5  1.49557E-03  1.65970E-03  1.49557E-05  4.23717E-01  3.19900E+00  4.09211E+00  1.10684E+02 -1.05441E+01 -1.56786E+00  2.20089E+04  2.78434E+04  2.86309E+04  1.44671E+03  8.69912E+03  9.69445E+02  0.00000E+00  1.25462E-03  4.05078E-04
       6       3       6  1.29965E-03  1.55433E-03  1.29965E-05  5.74376E-01  4.27212E+00  5.65177E+00  5.98996E+01 -7.10819E+00  2.38870E+00  8.97175E+03  1.17287E+04  1.54368E+04  4.83757E+02  6.18873E+03  1.12410E+03  0.00000E+00  7.35224E-04  8.19103E-04
       6       3       7  1.26420E-03  1.01562E-03  1.26420E-05  9.70597E-01  7.27689E+00  9.94114E+00  1.77043E+02 -2.32901E+01 -4.82824E+00  4.25829E+04  2.49068E+04  3.23614E+04 -1.89878E+03  6.40705E+03  2.53785E+02  0.00000E+00  9.03985E-04  1.11631E-04
       6       3       8  2.03590E-03  2.00941E-03  2.03590E-05  1.46700E+00  1.08062E+01  1.44881E+01  1.18509E+02 -1.75360E+01 -3.38807E+00  1.95994E+04  1.48442E+04  1.90133E+04 -5.85490E+02  3.39459E+03  3.70702E+02  0.00000E+00  1.78207E-03  2.27341E-04
       6       3       9  2.35148E-03  1.89416E-03  2.35148E-05  2.05958E+00  1.45122E+01  1.94603E+01  6.07351E+01 -8.11802E+00 -1.46736E+00  6.85831E+03  5.96138E+03  8.77468E+03 -1.41748E+02  2.41388E+03  2.89828E+02  0.00000E+00  1.42535E-03  4.68812E-04
       6       3      10  1.08896E-03  1.04554E-03  1.08896E-05  5.44495E+00  4.46168E+01  5.99402E+01  3.30297E+01  2.75919E+00  4.96885E+00  2.59488E+03  1.40671E+04  2.29950E+04  1.55993E+03  8.27726E+03  8.35934E+02  0.00000E+00  5.36597E-04  5.08946E-04
       6       4       1  2.92075E-03  3.22624E-03  2.92075E-05  6.40349E-02  4.88322E-01  3.47238E-01  1.06159E+02 -1.24215E+01  2.23707E+00  4.27357E+04  2.62823E+04  2.50941E+04 -2.13674E+03  1.86782E+03  3.58556E+01  0.00000E+00  3.07046E-03  1.55780E-04
       6       4       2  8.85303E-04  9.64672E-04  8.85303E-06  1.67539E-01  1.22920E+00  8.63311E-01 -4.55645E+01  6.09815E+00  2.84736E+00  4.00900E+04  4.07666E+04  2.50326E+04  1.20388E+03  2.11241E+01 -2.81514E+02  0.00000E+00  8.68442E-04  9.62301E-05
       6       4       3  1.49194E-03  1.61400E-03  1.49194E-05  2.33808E-01  1.78682E+00  1.27468E+00  4.24837E+01 -3.90738E+00 -4.38808E-01  2.74607E+04  1.53838E+04  1.68218E+04 -1.53408E+03  2.76316E+03 -4.96075E+02  0.00000E+00  1.42518E-03  1.88819E-04
       6       4       4  2.38471E-03  2.05425E-03  2.38471E-05  3.61668E-01  2.77693E+00  2.06075E+00  1.41029E+02 -1.93189E+01 -4.77664E+00  9.34540E+04  3.81935E+04  2.76588E+04 -7.20397E+03  3.81200E+03 -4.51624E+02  0.00000E+00  1.93667E-03  1.17576E-04
       6       4       5  2.44153E-03  2.98522E-03  2.44153E-05  5.69589E-01  4.28042E+00  2.99743E+00  7.25415E+01 -1.11739E+01 -8.03700E-01  3.73104E+04  3.43742E+04  1.50528E+04 -1.82083E+02  2.67137E+03  6.27110E+02  0.00000E+00  2.67467E-03  3.10557E-04
       6       4       6  2.49103E-03  3.38285E-03  2.49103E-05  7.66119E-01  5.71328E+00  4.05779E+00  5.17425E+01 -6.18448E+00 -3.35161E+00  1.49616E+04  1.54209E+04  8.86184E+03  2.05808E+02  2.42782E+03 -2.56761E+02  0.00000E+00  2.48202E-03  9.00826E-04
       6       4       7  2.48700E-03  1.69424E-03  2.48700E-05  1.17125E+00  9.52008E+00  6.77746E+00  2.09831E+02 -2.13364E+01  9.80028E-01  6.42237E+04  3.56507E+04  2.97056E+04 -4.54606E+03  2.26999E+03  3.88787E+02  0.00000E+00  1.56117E-03  1.33061E-04
       6       4       8  3.39111E-03  4.77366E-03  3.39111E-05  2.01278E+00  1.48578E+01  1.02066E+01  1.24849E+02 -1.60328E+01 -3.85079E+00  2.15825E+04  2.38497E+04  1.47629E+04  1.33585E+02  8.40424E+02 -3.23964E+02  0.00000E+00  4.52673E-03  2.46927E-04
       6       4       9  4.75389E-03  4.83375E-03  4.75389E-05  2.57749E+00  2.09171E+01  1.42794E+01  5.10665E+01 -8.15959E+00 -5.27797E+00  4.32576E+03  1.17813E+04  6.81058E+03  8.69975E+02  1.37264E+03 -1.56458E+02  0.00000E+00  4.19679E-03  6.36963E-04
       6       4      10  2.99591E-03  4.13991E-03  2.99591E-05  8.07700E+00  6.21800E+01  4.22963E+01  5.61294E+01 -8.40742E+00 -2.75814E+00  4.60000E+03  2.31658E+04  1.11974E+04  2.45512E+03  2.17839E+03  1.28064E+02  0.00000E+00  3.60327E-03  5.36637E-04
       6       5       1  3.60934E-03  3.31328E-03  3.60934E-05  7.01659E-02  5.30150E-01  2.28278E-01  1.23047E+02 -1.42070E+01  1.57978E+00  4.27794E+04  2.26118E+04  2.84537E+04 -2.44526E+03  1.14524E+03 -1.95460E+02  0.00000E+00  3.15919E-03  1.54091E-04
       6       5       2  1.13073E-03  1.06400E-03  1.13073E-05  1.88281E-01  1.37960E+00  5.90091E-01 -4.91263E+01  8.39183E+00  2.73018E+00  3.84796E+04  4.05268E+04  2.58369E+04  1.02466E+03 -2.06646E+03 -9.14677E+01  0.00000E+00  1.00122E-03  6.27780E-05
       6       5       3  1.86961E-03  1.78801E-03  1.86961E-05  2.63303E-01  2.00044E+00  8.50916E-01  5.41194E+01 -9.61222E+00  7.18424E+00  2.89631E+04  2.26649E+04  2.17016E+04 -3.08259E+02 -9.64909E+02  2.18002E+03  0.00000E+00  1.63306E-03  1.54958E-04
       6       5       4  3.18856E-03  1.75448E-03  3.18856E-05  4.12319E-01  3.14949E+00  1.34223E+00  1.03153E+02 -1.23193E+01 -7.67830E-01  7.08102E+04  3.55473E+04  4.61478E+04 -4.16906E+03  8.68076E+02  3.50366E+00  0.00000E+00  1.68520E-03  6.92805E-05
       6       5       5  3.53517E-03  3.35650E-03  3.53517E-05  6.16015E-01  4.77833E+00  2.07576E+00  6.88882E+01 -1.01615E+01 -2.25935E+00  3.15828E+04  3.35584E+04  2.41184E+04 -8.59143E+01  1.43866E+03 -3.92497E+02  0.00000E+00  3.13452E-03  2.21988E-04
       6       5       6  4.23456E-03  4.30030E-03  4.23456E-05  8.93120E-01  6.53788E+00  2.86269E+00  6.14448E+01 -8.67577E+00  3.39549E+00  1.68353E+04  3.10222E+04  1.38655E+04  2.29370E+03  1.85699E+03  6.95448E+02  0.00000E+00  3.53402E-03  7.66278E-04
       6       5       7  5.04909E-03  2.63610E-03  5.04909E-05  1.40525E+00  1.08652E+01  4.63529E+00  1.52587E+02 -2.54975E+01 -1.03369E+01  3.45477E+04  5.00323E+04  3.16942E+04  1.22796E+03  2.40050E+03 -2.09048E+03  0.00000E+00  2.49508E-03  1.41026E-04
       6       5       8  5.47454E-03  5.11924E-03  5.47454E-05  2.21867E+00  1.64711E+01  7.18801E+00  1.00246E+02 -1.11860E+01  1.17076E+01  1.49658E+04  3.13561E+04  1.45523E+04  2.22488E+03  1.11765E+03  2.21026E+03  0.00000E+00  4.81466E-03  3.04584E-04
       6       5       9  8.45989E-03  7.45588E-03  8.45989E-05  3.05236E+00  2.32307E+01  9.90473E+00  5.44338E+01 -7.67268E+00 -3.95115E+00  5.00879E+03  1.22176E+04  5.23968E+03  9.52762E+02  4.96162E+02 -4.46828E+02  0.00000E+00  6.75775E-03  6.98134E-04
       6       5      10  9.02304E-03  4.52742E-03  9.02304E-05  8.79231E+00  6.79359E+01  2.91701E+01  5.59313E+01 -4.36194E+00  6.96391E-01  4.54127E+03  2.97319E+04  7.22630E+03  3.53130E+03  1.05172E+03  1.29724E+02  0.00000E+00  4.13038E-03  3.97041E-04
       6       6       1  4.01160E-03  4.07955E-03  4.01160E-05  7.62795E-02  5.74961E-01  7.76186E-02  1.48676E+02 -1.97442E+01  6.85660E-01  4.47739E+04  2.30164E+04  2.53477E+04 -3.27313E+03  9.41980E+01 -3.36514E+02  0.00000E+00  3.96948E-03  1.10063E-04
       6       6       2  1.28484E-03  1.25122E-03  1.28484E-05  1.88193E-01  1.48626E+00  1.91715E-01  4.33162E+01 -6.18980E+00  2.35108E+00  4.27042E+04  4.51092E+04  2.32777E+04 -4.27318E+02 -3.25414E+02 -1.68324E+02  0.00000E+00  1.20081E-03  5.04030E-05
       6       6       3  2.09511E-03  2.04837E-03  2.09511E-05  2.77217E-01  2.15311E+00  2.78471E-01  7.98952E+01 -1.12959E+01 -8.60228E+00  2.45947E+04  2.68427E+04  2.01322E+04 -3.38520E+02  6.29813E+02 -3.81736E+03  0.00000E+00  1.89045E-03  1.57922E-04
       6       6       4  3.71756E-03  2.79897E-03  3.71756E-05  4.50116E-01  3.40449E+00  4.50111E-01  1.17257E+02 -1.25414E+01 -4.07883E-01  7.95824E+04  3.23353E+04  3.35785E+04 -5.96457E+03  8.10724E+02 -2.40537E+02  0.00000E+00  2.63915E-03  1.59824E-04
       6       6       5  4.34421E-03  4.96883E-03  4.34421E-05  6.83745E-01  5.15050E+00  6.80700E-01  8.08009E+01 -9.54459E+00  4.48772E+00  3.45477E+04  2.87184E+04  1.90147E+04 -7.08631E+02  2.97694E+02  1.03222E+03  0.00000E+00  4.74698E-03  2.21858E-04
       6       6       6  5.74554E-03  6.05109E-03  5.74554E-05  9.38969E-01  7.10136E+00  9.70047E-01  8.91826E+01 -9.84811E+00 -9.48140E-01  3.23709E+04  1.61999E+04  9.48064E+03 -2.09801E+03 -3.49126E+02 -1.34898E+02  0.00000E+00  5.75072E-03  3.00373E-04
       6       6       7  8.16030E-03  6.24575E-03  8.16030E-05  1.55760E+00  1.18064E+01  1.61609E+00  2.63686E+02 -3.65968E+01 -4.24105E+00  8.15490E+04  3.26502E+04  1.60080E+04 -6.85519E+03  8.84240E+02 -7.12227E+02  0.00000E+00  6.13618E-03  1.09566E-04
       6       6       8  8.24336E-03  9.25340E-03  8.24336E-05  2.35900E+00  1.77844E+01  2.38016E+00  1.64839E+02 -1.89352E+01  4.81101E+00  3.46100E+04  3.40029E+04  6.62247E+03  3.38391E+02  5.02591E+02  5.74509E+02  0.00000E+00  9.01061E-03  2.42790E-04
       6       6       9  1.18680E-02  1.27518E-02  1.18680E-04  3.21201E+00  2.41145E+01  3.20442E+00  1.03918E+02 -1.55152E+01 -1.71685E+00  1.52442E+04  2.20413E+04  3.89032E+03  8.57606E+02 -6.86210E+01 -1.55720E+02  0.00000E+00  1.21159E-02  6.35866E-04
       6       6      10  1.90875E-02  2.29177E-02  1.90875E-04  9.71885E+00  7.42288E+01  9.60307E+00  6.39796E+01 -9.36844E+00  3.98842E-02  5.42021E+03  3.31468E+04  1.33743E+03  3.63875E+03  1.23872E+02  1.83124E+01  0.00000E+00  2.24777E-02  4.39966E-04
