         152           4
       1  1.11872E-02  1.02238E-02 -5.18536E+01 -5.51457E+01  2.09680E+00  1.98279E+02  1.93500E+02  2.07980E+00  4.17171E-02  7.70000E-02  3.00000E-01 -1.80990E-02  0.00000E+00  3.00000E-01
       2  5.70130E-03  5.37635E-03 -8.29651E+01 -7.20331E+01  2.11870E+00  1.97893E+02  1.73297E+02  2.29780E+00  1.27521E-01  1.00600E-01  3.00000E-01 -1.92257E-02  0.00000E+00  3.00000E-01
       3  5.20937E-03  5.10021E-03 -7.61566E+01 -7.03214E+01  2.97040E+00  1.97516E+02  1.57694E+02  3.02370E+00  9.72994E-02  9.83000E-02  3.00000E-01 -1.92582E-02  0.00000E+00  3.00000E-01
       4  3.63803E-03  3.33130E-03 -5.66573E+01 -5.93916E+01  2.64100E+00  1.98861E+02  1.79503E+02  2.60000E+00  3.61725E-02  8.30000E-02  3.00000E-01 -1.38528E-02  0.00000E+00  3.00000E-01
       5  6.40447E-03  5.97797E-03 -4.04406E+01 -4.29252E+01  2.62700E+00  1.92352E+02  2.03949E+02  2.49860E+00  2.12912E-02  6.00000E-02  3.00000E-01 -9.31050E-03  0.00000E+00  3.00000E-01
       6  1.84434E-03  1.96061E-03 -8.20198E+01 -7.66923E+01  4.18970E+00  1.74407E+02  1.53159E+02  4.23960E+00  1.64515E-01  1.07200E-01  3.00000E-01  7.95944E-03  0.00000E+00  3.00000E-01
       7  3.70911E-03  3.80781E-03 -7.07344E+01 -6.08558E+01  2.81680E+00  1.82153E+02  1.54194E+02  3.00380E+00  7.97521E-02  8.50000E-02  3.00000E-01  8.88350E-03  0.00000E+00  3.00000E-01
       8  3.71651E-03  3.34983E-03 -3.99206E+01 -4.55340E+01  2.66940E+00  1.85963E+02  1.84950E+02  2.80100E+00 -2.57240E-03  6.36000E-02  3.00000E-01  1.83453E-02  0.00000E+00  3.00000E-01
       9  2.51829E-03  2.88420E-03 -7.58975E+01 -7.37064E+01  3.32630E+00  1.60388E+02  1.33986E+02  3.59880E+00  1.63111E-01  1.03000E-01  3.00000E-01  3.00510E-02  0.00000E+00  3.00000E-01
      10  3.56234E-03  3.40885E-03 -5.53849E+01 -5.00778E+01  3.24950E+00  1.72754E+02  1.67266E+02  3.32320E+00  3.17171E-02  7.00000E-02  3.00000E-01  2.15323E-02  0.00000E+00  3.00000E-01
      11  1.37642E-03  1.55411E-03 -8.16615E+01 -8.66754E+01  3.87500E+00  1.56568E+02  1.46387E+02  5.24270E+00  1.99384E-01  1.21100E-01  3.00000E-01  3.31795E-02  0.00000E+00  3.00000E-01
      12  1.30222E-02  1.20603E-02 -1.59136E+01 -2.61590E+01  1.95760E+00  1.77081E+02  2.01454E+02  1.89660E+00  1.45071E-03  3.65000E-02  3.00000E-01  1.38021E-02  0.00000E+00  3.00000E-01
      13  5.08673E-03  4.53719E-03 -2.69841E+01 -3.72943E+01  2.53240E+00  1.72490E+02  1.78601E+02  2.62510E+00 -8.74867E-03  5.21000E-02  3.00000E-01  3.52359E-02  0.00000E+00  3.00000E-01
      14  1.06445E-02  1.03374E-02 -2.71571E+01 -3.44990E+01  2.01780E+00  1.85927E+02  2.09083E+02  2.43910E+00  2.37476E-02  4.82000E-02  3.00000E-01 -2.61100E-02  0.00000E+00  3.00000E-01
      15  1.28514E-02  1.27288E-02 -1.18858E+01 -1.63027E+01  2.61890E+00  1.82668E+02  2.13903E+02  2.26050E+00  1.19560E-02  2.28000E-02  3.00000E-01 -3.08892E-02  0.00000E+00  3.00000E-01
      16  2.63649E-03  2.71718E-03 -3.69208E+01 -3.87077E+01  4.33610E+00  1.47058E+02  1.50981E+02  4.82940E+00  1.65089E-02  5.41000E-02  3.00000E-01  3.24582E-02  0.00000E+00  3.00000E-01
      17  9.87356E-03  9.20929E-03 -5.32720E+01 -6.05436E+01  3.43570E+00  1.55548E+02  1.25864E+02  3.59830E+00  3.54506E-02  8.46000E-02  3.00000E-01  9.27658E-03  0.00000E+00  3.00000E-01
      18  1.53564E-03  1.45690E-03 -1.74512E+01 -1.97254E+01  4.73350E+00  1.62658E+02  1.58949E+02  4.61790E+00  9.43647E-04  2.76000E-02  3.00000E-01  2.10241E-02  0.00000E+00  3.00000E-01
      19  4.11107E-03  3.67507E-03  2.78182E+00  4.25290E+00  2.76540E+00  1.65582E+02  1.68387E+02  2.73010E+00  5.74345E-03 -5.90000E-03  3.00000E-01  3.21386E-02  0.00000E+00  3.00000E-01
      20  4.09600E-03  4.08873E-03 -1.74757E+01 -1.64615E+01  3.52970E+00  1.40456E+02  1.43857E+02  3.54450E+00 -2.71633E-03  2.30000E-02  3.00000E-01  4.70435E-02  0.00000E+00  3.00000E-01
      21  3.88766E-03  3.38759E-03  7.48263E+00  3.07820E+00  3.50300E+00  1.69004E+02  1.78698E+02  3.01190E+00  8.03367E-03 -4.30000E-03  3.00000E-01  4.57965E-02  0.00000E+00  3.00000E-01
      22  1.02351E-02  9.89328E-03  3.90581E+00  7.42610E+00  2.47200E+00  1.78626E+02  2.04616E+02  2.28450E+00 -1.17268E-03 -1.04000E-02  3.00000E-01 -1.36979E-02  0.00000E+00  3.00000E-01
      23  2.09485E-03  2.12560E-03  6.46637E+00  6.42000E-02  3.23530E+00  1.45308E+02  1.46307E+02  3.75370E+00  8.83709E-03 -1.00000E-04  3.00000E-01  2.29902E-02  0.00000E+00  3.00000E-01
      24  7.16826E-03  6.98440E-03 -4.24211E+01 -4.05902E+01  1.00825E+01  1.46475E+02  1.11405E+02  1.00086E+01  1.92654E-02  5.67000E-02  3.00000E-01 -4.39150E-02  0.00000E+00  3.00000E-01
      25  7.36945E-03  6.20316E-03 -1.01847E+01 -1.27600E-01  6.76040E+00  1.62932E+02  1.10589E+02  7.09400E+00 -9.94672E-04  2.00000E-04  3.00000E-01 -4.43735E-02  0.00000E+00  3.00000E-01
      26  1.03624E-02  1.00181E-02 -6.06511E+01 -8.73687E+01  8.21170E+00  1.26690E+02  1.02161E+02  7.20870E+00  2.71511E-02  1.22100E-01  3.00000E-01  1.04040E-02  0.00000E+00  3.00000E-01
      27  3.33212E-03  3.27843E-03 -7.87674E+01 -8.97611E+01  4.07440E+00  1.49626E+02  1.22064E+02  4.59060E+00  1.11039E-01  1.25400E-01  3.00000E-01  3.82726E-02  0.00000E+00  3.00000E-01
      28  1.26100E-03  1.36505E-03 -8.65797E+01 -9.18239E+01  4.08350E+00  1.47151E+02  1.37606E+02  4.08200E+00  1.96768E-01  1.28300E-01  3.00000E-01  7.32722E-02  0.00000E+00  3.00000E-01
      29  1.56682E-03  1.72453E-03 -9.25401E+01 -8.53951E+01  3.61540E+00  1.54739E+02  1.51784E+02  3.88060E+00  2.26040E-01  1.19300E-01  3.00000E-01  6.91225E-02  0.00000E+00  3.00000E-01
      30  3.47699E-03  3.00276E-03 -8.72645E+01 -1.14358E+02  4.66580E+00  1.53849E+02  1.22178E+02  4.97350E+00  7.58513E-02  1.59800E-01  3.00000E-01  2.59116E-02  0.00000E+00  3.00000E-01
      31  1.92749E-03  2.01677E-03 -9.13710E+01 -8.14300E+01  3.54520E+00  1.71379E+02  1.60441E+02  3.61190E+00  1.93551E-01  1.13800E-01  3.00000E-01  3.33933E-02  0.00000E+00  3.00000E-01
      32  1.03445E-02  1.00680E-02 -1.06854E+02 -1.32051E+02  4.99940E+00  1.55692E+02  1.03527E+02  5.06440E+00  7.22618E-02  1.84500E-01  3.00000E-01 -2.49679E-02  0.00000E+00  3.00000E-01
      33  6.48277E-03  4.88228E-03 -1.29152E+02 -1.24535E+02  3.79810E+00  1.71201E+02  1.22670E+02  4.11950E+00  3.65719E-02  1.74000E-01  3.00000E-01 -2.22881E-03  0.00000E+00  3.00000E-01
      34  3.29359E-03  2.94968E-03 -9.26174E+01 -9.57580E+01  3.50070E+00  1.39587E+02  1.29370E+02  3.37900E+00  1.09524E-01  1.33800E-01  3.00000E-01  8.17566E-02  0.00000E+00  3.00000E-01
      35  1.26296E-02  1.16081E-02 -1.55494E+02 -1.52696E+02  3.72370E+00  1.48936E+02  9.98517E+01  3.80120E+00  8.45369E-02  2.13300E-01  3.00000E-01  2.36717E-03  0.00000E+00  3.00000E-01
      36  1.32579E-03  1.40880E-03 -9.86183E+01 -9.03990E+01  3.94300E+00  1.40087E+02  1.43693E+02  3.89150E+00  2.15367E-01  1.26300E-01  3.00000E-01  1.20814E-01  0.00000E+00  3.00000E-01
      37  1.30718E-02  1.46243E-02 -8.12881E+01 -1.61801E+02  6.01230E+00  9.31158E+01  8.50652E+01  6.60920E+00  1.07023E-01  2.26100E-01  3.00000E-01  5.81677E-02  0.00000E+00  3.00000E-01
      38  5.20918E-03  3.91250E-03 -1.07987E+02 -1.11794E+02  2.99430E+00  1.64929E+02  1.19721E+02  3.35420E+00  1.07545E-03  1.56200E-01  3.00000E-01  3.57637E-02  0.00000E+00  3.00000E-01
      39  2.72557E-03  2.90126E-03 -9.14568E+01 -9.52033E+01  3.35160E+00  1.48582E+02  1.44592E+02  3.36560E+00  2.13554E-01  1.33000E-01  3.00000E-01  7.07147E-02  0.00000E+00  3.00000E-01
      40  1.27365E-02  9.52488E-03 -4.62239E+01 -1.97637E+02  6.00790E+00  7.60340E+01  6.55906E+01  7.20350E+00 -2.09857E-01  2.76100E-01  3.00000E-01  1.45370E-01  0.00000E+00  3.00000E-01
      41  9.99181E-03  1.06540E-02 -1.01771E+02 -1.65616E+02  4.30430E+00  1.12683E+02  8.33342E+01  4.77530E+00  7.69909E-02  2.31400E-01  3.00000E-01  6.62794E-02  0.00000E+00  3.00000E-01
      42  6.42479E-03  5.94315E-03 -1.22552E+02 -1.25516E+02  3.53720E+00  1.55647E+02  1.04361E+02  3.94210E+00  7.78012E-02  1.75400E-01  3.00000E-01 -9.07714E-03  0.00000E+00  3.00000E-01
      43  1.35066E-02  1.62820E-02 -1.18481E+02 -2.00253E+02  4.68790E+00  8.58615E+01  7.05455E+01  6.39010E+00  1.89738E-01  2.79800E-01  3.00000E-01  9.23889E-02  0.00000E+00  3.00000E-01
      44  3.01335E-03  2.27842E-03 -1.02413E+02 -1.13573E+02  4.52250E+00  1.67276E+02  1.17822E+02  4.77830E+00  2.58878E-02  1.58700E-01  3.00000E-01 -4.51797E-04  0.00000E+00  3.00000E-01
      45  1.25680E-03  1.37460E-03 -8.34229E+01 -9.20753E+01  3.96280E+00  1.52413E+02  1.46072E+02  3.57010E+00  1.88557E-01  1.28600E-01  3.00000E-01  4.69982E-02  0.00000E+00  3.00000E-01
      46  1.65095E-03  1.83450E-03 -8.75538E+01 -9.10898E+01  3.34400E+00  1.63554E+02  1.61695E+02  3.60620E+00  1.86978E-01  1.27300E-01  3.00000E-01  3.86326E-02  0.00000E+00  3.00000E-01
      47  3.33790E-03  3.06259E-03 -8.23711E+01 -9.81729E+01  3.58330E+00  1.55106E+02  1.21180E+02  4.10090E+00  1.03981E-01  1.37200E-01  3.00000E-01  2.61545E-02  0.00000E+00  3.00000E-01
      48  4.74556E-03  4.71613E-03 -8.37106E+01 -6.95816E+01  2.54100E+00  1.89081E+02  1.64613E+02  2.59370E+00  1.31864E-01  9.72000E-02  3.00000E-01 -4.39119E-03  0.00000E+00  3.00000E-01
      49  1.23583E-03  1.43277E-03 -8.24741E+01 -8.82302E+01  3.46790E+00  1.55872E+02  1.57875E+02  3.15310E+00  1.80474E-01  1.23300E-01  3.00000E-01  4.34701E-02  0.00000E+00  3.00000E-01
      50  1.69448E-03  1.87436E-03 -7.86105E+01 -8.23289E+01  3.31840E+00  1.75995E+02  1.67328E+02  3.32990E+00  1.56564E-01  1.15000E-01  3.00000E-01  7.32022E-03  0.00000E+00  3.00000E-01
      51  8.72558E-03  9.08226E-03 -7.42972E+01 -1.07611E+02  5.32290E+00  1.37594E+02  9.51285E+01  5.75030E+00  3.10066E-02  1.50400E-01  3.00000E-01  7.47837E-04  0.00000E+00  3.00000E-01
      52  3.85081E-03  3.51180E-03 -6.56741E+01 -5.18417E+01  2.48570E+00  2.03606E+02  2.05582E+02  2.37090E+00  6.31530E-02  7.24000E-02  3.00000E-01 -2.51457E-02  0.00000E+00  3.00000E-01
      53  1.14797E-03  1.31204E-03 -7.98150E+01 -7.95708E+01  3.64480E+00  1.53927E+02  1.44946E+02  4.05920E+00  1.62959E-01  1.11200E-01  3.00000E-01  4.38221E-02  0.00000E+00  3.00000E-01
      54  2.58632E-03  2.40203E-03 -8.49308E+01 -9.13735E+01  3.94420E+00  1.57759E+02  1.18040E+02  3.70890E+00  8.72473E-02  1.27700E-01  3.00000E-01  1.52982E-02  0.00000E+00  3.00000E-01
      55  1.60547E-03  1.73652E-03 -7.73499E+01 -7.26749E+01  2.99110E+00  1.69824E+02  1.64762E+02  3.44310E+00  1.18921E-01  1.01500E-01  3.00000E-01  2.25781E-02  0.00000E+00  3.00000E-01
      56  2.41046E-03  2.33798E-03 -7.00068E+01 -6.05916E+01  2.90940E+00  1.92223E+02  1.76118E+02  3.11640E+00  6.16265E-02  8.47000E-02  3.00000E-01 -6.00788E-03  0.00000E+00  3.00000E-01
      57  3.95646E-03  3.62594E-03 -5.07517E+01 -3.90104E+01  2.31750E+00  1.95516E+02  2.06014E+02  2.31160E+00  1.88032E-02  5.45000E-02  3.00000E-01  5.07686E-03  0.00000E+00  3.00000E-01
      58  7.33416E-03  6.88215E-03 -3.21055E+01 -3.44129E+01  2.42660E+00  1.85671E+02  2.06800E+02  2.04820E+00  1.32749E-02  4.81000E-02  3.00000E-01 -4.97652E-03  0.00000E+00  3.00000E-01
      59  5.40770E-03  4.81190E-03 -6.46272E+01 -7.06768E+01  3.54790E+00  1.57576E+02  1.21332E+02  3.99690E+00  4.04336E-02  9.87000E-02  3.00000E-01  6.48155E-03  0.00000E+00  3.00000E-01
      60  1.00899E-03  1.11787E-03 -6.99276E+01 -6.58570E+01  4.59500E+00  1.45816E+02  1.38512E+02  5.63270E+00  1.30441E-01  9.20000E-02  3.00000E-01  4.30311E-02  0.00000E+00  3.00000E-01
      61  1.40311E-03  1.45591E-03 -6.45964E+01 -5.91339E+01  3.37190E+00  1.58960E+02  1.71291E+02  3.71740E+00  7.79946E-02  8.26000E-02  3.00000E-01  4.01518E-02  0.00000E+00  3.00000E-01
      62  2.08762E-03  1.96475E-03 -5.77475E+01 -4.92578E+01  3.20750E+00  1.84110E+02  1.70370E+02  3.17090E+00  2.10516E-02  6.88000E-02  3.00000E-01  1.11587E-02  0.00000E+00  3.00000E-01
      63  1.29262E-02  1.27877E-02 -1.57699E+01 -1.66150E+01  2.31170E+00  1.83470E+02  2.14012E+02  2.27080E+00  1.49728E-02  2.32000E-02  3.00000E-01 -3.02244E-02  0.00000E+00  3.00000E-01
      64  3.36190E-03  3.01212E-03 -4.12638E+01 -3.48226E+01  3.01100E+00  1.84672E+02  1.92501E+02  3.20530E+00 -9.17290E-03  4.87000E-02  3.00000E-01  3.02360E-02  0.00000E+00  3.00000E-01
      65  3.24146E-03  3.25729E-03 -4.60493E+01 -4.67406E+01  4.32920E+00  1.39438E+02  1.29943E+02  4.18700E+00  2.96238E-02  6.53000E-02  3.00000E-01  4.31279E-02  0.00000E+00  3.00000E-01
      66  1.62288E-02  1.54059E-02 -9.63874E+00 -9.71960E+00  1.98640E+00  1.77843E+02  2.04650E+02  1.82760E+00  2.97769E-03  1.36000E-02  3.00000E-01 -3.27838E-03  0.00000E+00  3.00000E-01
      67  2.91442E-02  2.92717E-02  7.27715E+00  1.97364E+01  1.65850E+00  1.83313E+02  2.10271E+02  1.68840E+00 -7.13203E-03 -2.76000E-02  3.00000E-01 -3.72270E-02  0.00000E+00  3.00000E-01
      68  1.28766E-02  1.26588E-02 -4.64782E+01 -5.53930E+01  7.43740E+00  1.24572E+02  9.90821E+01  6.39610E+00  2.77717E-02  7.74000E-02  3.00000E-01 -2.11378E-02  0.00000E+00  3.00000E-01
      69  1.64507E-03  1.57022E-03 -4.35168E+01 -3.85227E+01  2.88670E+00  1.63635E+02  1.74375E+02  3.53670E+00 -3.71736E-03  5.38000E-02  3.00000E-01  3.07353E-02  0.00000E+00  3.00000E-01
      70  6.08167E-03  5.43948E-03  6.99730E+00  1.72862E+01  3.27700E+00  1.30730E+02  1.21636E+02  3.75850E+00  2.09929E-02 -2.42000E-02  3.00000E-01  1.07298E-01  0.00000E+00  3.00000E-01
      71  2.47359E-03  2.19509E-03 -2.54109E+01 -1.98976E+01  3.89570E+00  1.70863E+02  1.70702E+02  3.88190E+00 -2.05082E-02  2.78000E-02  3.00000E-01  3.98867E-02  0.00000E+00  3.00000E-01
      72  9.35559E-03  8.53178E-03  2.65040E+01  2.54342E+01  2.23560E+00  1.79609E+02  1.98916E+02  2.20800E+00  6.51535E-03 -3.55000E-02  3.00000E-01  2.49605E-02  0.00000E+00  3.00000E-01
      73  4.11866E-03  3.74586E-03  3.48224E+01  3.19210E+01  2.31940E+00  1.69276E+02  1.72709E+02  2.61440E+00  5.21866E-03 -4.46000E-02  3.00000E-01  4.37700E-02  0.00000E+00  3.00000E-01
      74  3.88766E-03  3.36578E-03 -8.74563E+00 -3.07820E+00  3.50300E+00  1.67658E+02  1.78698E+02  3.01190E+00 -9.95235E-03  4.30000E-03  3.00000E-01  4.71715E-02  0.00000E+00  3.00000E-01
      75  5.42531E-03  4.69392E-03 -4.12015E+01 -3.44652E+01  5.16830E+00  1.60921E+02  1.07433E+02  5.64620E+00  1.10599E-02  4.82000E-02  3.00000E-01  1.57254E-03  0.00000E+00  3.00000E-01
      76  1.28514E-02  1.27243E-02  1.12626E+01  1.63027E+01  2.61890E+00  1.82211E+02  2.13903E+02  2.26050E+00 -1.12818E-02 -2.28000E-02  3.00000E-01 -2.95667E-02  0.00000E+00  3.00000E-01
      77  1.33877E-02  1.31826E-02 -3.93623E+01 -1.55468E+02  5.77590E+00  5.89872E+01  6.82334E+01  7.73900E+00 -8.65491E-02  2.17200E-01  3.00000E-01  9.93536E-02  0.00000E+00  3.00000E-01
      78  9.13856E-03  5.68704E-03 -2.81150E+01 -2.14718E+02  6.11990E+00  2.94835E+01  5.66170E+01  9.13570E+00  4.03595E-02  3.00000E-01  3.00000E-01  3.04530E-02  0.00000E+00  3.00000E-01
      79  1.46669E-03  1.49486E-03 -2.82197E+01 -2.66730E+01  4.69660E+00  1.34775E+02  1.32862E+02  5.12060E+00  4.97633E-03  3.73000E-02  3.00000E-01  5.08656E-02  0.00000E+00  3.00000E-01
      80  1.23028E-03  1.24024E-03 -2.94444E+01 -2.19635E+01  3.75400E+00  1.53658E+02  1.45756E+02  4.26770E+00  2.40150E-03  3.07000E-02  3.00000E-01  3.06602E-02  0.00000E+00  3.00000E-01
      81  2.16485E-03  2.23492E-03 -1.40243E+01 -1.50469E+01  4.04570E+00  1.34854E+02  1.28562E+02  4.76240E+00 -1.33062E-02  2.10000E-02  3.00000E-01  5.22633E-02  0.00000E+00  3.00000E-01
      82  1.71572E-03  1.59158E-03 -1.25424E+01 -1.69529E+01  4.11020E+00  1.64196E+02  1.64466E+02  4.08680E+00 -6.35707E-03  2.37000E-02  3.00000E-01  3.40966E-02  0.00000E+00  3.00000E-01
      83  5.87670E-03  5.33437E-03  7.78582E+00  2.36044E+01  2.54170E+00  1.72445E+02  2.01731E+02  2.35250E+00 -9.34295E-04 -3.30000E-02  3.00000E-01  2.41659E-02  0.00000E+00  3.00000E-01
      84  2.39535E-03  2.10385E-03  5.29598E+00  6.25090E+00  3.73800E+00  1.71475E+02  1.71546E+02  3.66870E+00 -7.96350E-03 -8.70000E-03  3.00000E-01  3.58556E-02  0.00000E+00  3.00000E-01
      85  4.75211E-03  3.86277E-03 -3.79117E+00 -1.49436E+01  5.71080E+00  1.66297E+02  1.03941E+02  6.87710E+00 -1.74183E-02  2.09000E-02  3.00000E-01 -1.14710E-02  0.00000E+00  3.00000E-01
      86  1.18661E-03  1.18786E-03 -2.95529E-01  5.89020E+00  3.99590E+00  1.47729E+02  1.53860E+02  4.59740E+00 -1.01291E-02 -8.20000E-03  3.00000E-01  2.35088E-02  0.00000E+00  3.00000E-01
      87  1.35500E-02  1.26058E-02  3.04312E+01  3.74109E+01  1.99580E+00  1.86039E+02  2.02812E+02  1.97070E+00 -1.00046E-02 -5.23000E-02  3.00000E-01 -9.93099E-04  0.00000E+00  3.00000E-01
      88  3.18483E-03  2.77374E-03  2.07311E+01  3.76838E+01  3.34130E+00  1.72635E+02  1.85456E+02  3.54960E+00  8.11743E-03 -5.27000E-02  3.00000E-01  3.52199E-02  0.00000E+00  3.00000E-01
      89  1.06445E-02  1.03382E-02  2.81559E+01  3.44990E+01  2.01780E+00  1.86573E+02  2.09083E+02  2.43910E+00 -2.48076E-02 -4.82000E-02  3.00000E-01 -2.50057E-02  0.00000E+00  3.00000E-01
      90  1.53564E-03  1.46527E-03  1.61989E+01  1.97254E+01  4.73350E+00  1.63594E+02  1.58949E+02  4.61790E+00  5.03253E-04 -2.76000E-02  3.00000E-01  2.15924E-02  0.00000E+00  3.00000E-01
      91  7.33416E-03  6.88367E-03  3.07686E+01  3.44129E+01  2.42660E+00  1.83860E+02  2.06800E+02  2.04820E+00 -1.31846E-02 -4.81000E-02  3.00000E-01 -2.39817E-03  0.00000E+00  3.00000E-01
      92  1.52209E-03  1.56610E-03  4.87750E+00 -1.66190E+00  4.87370E+00  1.34994E+02  1.34958E+02  5.21500E+00 -3.39927E-03  2.30000E-03  3.00000E-01  3.22060E-02  0.00000E+00  3.00000E-01
      93  3.71651E-03  3.36689E-03  3.93941E+01  4.55340E+01  2.66940E+00  1.84923E+02  1.84950E+02  2.80100E+00  3.95873E-03 -6.36000E-02  3.00000E-01  2.16205E-02  0.00000E+00  3.00000E-01
      94  1.90190E-03  1.76410E-03  3.58475E+01  3.67685E+01  3.88200E+00  1.70828E+02  1.70325E+02  3.90010E+00  3.13525E-03 -5.14000E-02  3.00000E-01  2.97757E-02  0.00000E+00  3.00000E-01
      95  3.04395E-03  2.70696E-03  1.18254E+01  4.09800E+00  6.29160E+00  1.38594E+02  1.28315E+02  5.83360E+00  1.04291E-02 -5.70000E-03  3.00000E-01  8.39070E-02  0.00000E+00  3.00000E-01
      96  1.03871E-02  9.50070E-03  5.21640E+01  4.96517E+01  1.89490E+00  1.98191E+02  2.04868E+02  1.86230E+00 -3.79843E-02 -6.94000E-02  3.00000E-01 -1.76467E-02  0.00000E+00  3.00000E-01
      97  1.03463E-03  1.05444E-03  2.33992E+01  2.43638E+01  5.29040E+00  1.46570E+02  1.54438E+02  5.63680E+00 -2.12785E-02 -3.40000E-02  3.00000E-01  2.56457E-02  0.00000E+00  3.00000E-01
      98  1.23028E-03  1.26234E-03  2.45133E+01  2.19635E+01  3.75400E+00  1.51229E+02  1.45756E+02  4.26770E+00  4.42052E-03 -3.07000E-02  3.00000E-01  2.18061E-02  0.00000E+00  3.00000E-01
      99  3.95646E-03  3.62978E-03  5.13974E+01  3.90104E+01  2.31750E+00  1.96839E+02  2.06014E+02  2.31160E+00 -2.08701E-02 -5.45000E-02  3.00000E-01 -6.39983E-03  0.00000E+00  3.00000E-01
     100  3.63803E-03  3.32722E-03  5.80867E+01  5.93916E+01  2.64100E+00  2.00288E+02  1.79503E+02  2.60000E+00 -2.80821E-02 -8.30000E-02  3.00000E-01 -9.00755E-03  0.00000E+00  3.00000E-01
     101  4.40999E-03  4.21615E-03  6.28059E+01  5.56762E+01  3.02470E+00  1.88015E+02  1.67626E+02  3.00050E+00 -4.29357E-02 -7.78000E-02  3.00000E-01 -3.74323E-03  0.00000E+00  3.00000E-01
     102  4.65093E-03  4.23093E-03  6.05506E+01  6.41298E+01  3.00430E+00  2.02523E+02  1.84157E+02  2.87750E+00 -5.49123E-02 -8.96000E-02  3.00000E-01 -1.95898E-02  0.00000E+00  3.00000E-01
     103  1.23156E-03  1.26666E-03  3.83034E+01  3.85853E+01  5.73760E+00  1.55708E+02  1.61140E+02  6.70480E+00 -2.81550E-02 -5.39000E-02  3.00000E-01  2.15184E-02  0.00000E+00  3.00000E-01
     104  9.85493E-03  9.32373E-03  2.68440E+01  2.30641E+01  9.59970E+00  1.38745E+02  1.07645E+02  9.74700E+00 -1.24107E-03 -3.22000E-02  3.00000E-01 -3.79780E-02  0.00000E+00  3.00000E-01
     105  2.76917E-03  2.80924E-03  3.39183E+01  3.67031E+01  5.26070E+00  1.40182E+02  1.39582E+02  5.24910E+00 -4.08939E-03 -5.13000E-02  3.00000E-01  4.12846E-02  0.00000E+00  3.00000E-01
     106  2.08762E-03  1.98531E-03  5.63839E+01  4.92578E+01  3.20750E+00  1.81341E+02  1.70370E+02  3.17090E+00 -2.46788E-02 -6.88000E-02  3.00000E-01  1.70585E-02  0.00000E+00  3.00000E-01
     107  1.39072E-03  1.42793E-03  5.75899E+01  4.86514E+01  5.14740E+00  1.59084E+02  1.61512E+02  5.38590E+00 -5.90487E-02 -6.80000E-02  3.00000E-01  2.71295E-02  0.00000E+00  3.00000E-01
     108  5.58888E-03  5.30443E-03  8.03917E+01  7.60691E+01  2.84590E+00  1.98021E+02  1.68728E+02  3.07360E+00 -1.14231E-01 -1.06300E-01  3.00000E-01 -1.72536E-02  0.00000E+00  3.00000E-01
     109  1.59959E-03  1.64111E-03  3.76044E+01  3.12237E+01  4.52500E+00  1.36089E+02  1.28783E+02  4.74540E+00 -2.46834E-02 -4.36000E-02  3.00000E-01  3.67283E-02  0.00000E+00  3.00000E-01
     110  2.41046E-03  2.34124E-03  7.04311E+01  6.05916E+01  2.90940E+00  1.90540E+02  1.76118E+02  3.11640E+00 -6.48765E-02 -8.47000E-02  3.00000E-01 -4.49586E-03  0.00000E+00  3.00000E-01
     111  3.22140E-03  2.94273E-03  7.99151E+01  6.87448E+01  2.57530E+00  2.04738E+02  1.75875E+02  2.77020E+00 -1.04843E-01 -9.60000E-02  3.00000E-01 -2.85597E-02  0.00000E+00  3.00000E-01
     112  2.65505E-03  2.71095E-03  5.51236E+01  5.27820E+01  4.76920E+00  1.41796E+02  1.32920E+02  4.55460E+00 -4.65325E-02 -7.37000E-02  3.00000E-01  3.31258E-02  0.00000E+00  3.00000E-01
     113  2.47299E-03  2.45010E-03  7.86044E+01  6.44952E+01  3.38250E+00  1.93282E+02  1.68797E+02  3.75640E+00 -1.09702E-01 -9.01000E-02  3.00000E-01 -5.45146E-03  0.00000E+00  3.00000E-01
     114  1.47074E-03  1.56556E-03  7.32139E+01  6.09376E+01  3.68380E+00  1.69617E+02  1.44153E+02  4.23210E+00 -1.05057E-01 -8.51000E-02  3.00000E-01  1.74685E-02  0.00000E+00  3.00000E-01
     115  2.41210E-03  2.58573E-03  6.71835E+01  6.14871E+01  2.71850E+00  1.52996E+02  1.61346E+02  3.10260E+00 -9.80720E-02 -8.59000E-02  3.00000E-01  4.10403E-02  0.00000E+00  3.00000E-01
     116  4.85924E-03  4.44707E-03  4.68709E+01  2.17985E+01  7.38860E+00  1.62247E+02  1.05102E+02  7.90260E+00 -3.82767E-02 -3.05000E-02  3.00000E-01 -4.55851E-02  0.00000E+00  3.00000E-01
     117  2.10040E-03  2.14357E-03  7.60642E+01  6.88558E+01  4.02080E+00  1.89544E+02  1.48397E+02  3.99660E+00 -1.20114E-01 -9.62000E-02  3.00000E-01 -1.66056E-02  0.00000E+00  3.00000E-01
     118  2.68487E-03  2.89889E-03  6.26174E+01  5.92784E+01  5.08820E+00  1.44918E+02  1.31205E+02  5.16520E+00 -9.29091E-02 -8.28000E-02  3.00000E-01  2.88681E-02  0.00000E+00  3.00000E-01
     119  1.60547E-03  1.73511E-03  7.57438E+01  7.26749E+01  2.99110E+00  1.72600E+02  1.64762E+02  3.44310E+00 -1.20638E-01 -1.01500E-01  3.00000E-01  1.93794E-02  0.00000E+00  3.00000E-01
     120  8.03854E-03  7.16655E-03  5.47610E+01  5.09015E+01  5.64670E+00  1.66674E+02  1.16348E+02  5.83170E+00 -2.76238E-02 -7.11000E-02  3.00000E-01 -3.25126E-02  0.00000E+00  3.00000E-01
     121  2.27257E-03  2.28307E-03  8.76955E+01  7.61701E+01  3.84970E+00  1.86433E+02  1.60800E+02  3.58570E+00 -1.63855E-01 -1.06400E-01  3.00000E-01  1.10434E-03  0.00000E+00  3.00000E-01
     122  2.83506E-03  3.25669E-03  7.57340E+01  8.27018E+01  3.09000E+00  1.67692E+02  1.44534E+02  3.77070E+00 -1.69611E-01 -1.15500E-01  3.00000E-01  1.20800E-02  0.00000E+00  3.00000E-01
     123  3.41115E-03  3.70111E-03  8.61583E+01  8.16806E+01  2.73720E+00  1.65483E+02  1.52411E+02  2.86250E+00 -1.86619E-01 -1.14100E-01  3.00000E-01  3.09446E-02  0.00000E+00  3.00000E-01
     124  2.93032E-03  3.26244E-03  8.18312E+01  8.51497E+01  2.39760E+00  1.65579E+02  1.62344E+02  2.28950E+00 -1.59459E-01 -1.19000E-01  3.00000E-01  2.73687E-02  0.00000E+00  3.00000E-01
     125  1.92749E-03  2.04153E-03  9.18907E+01  8.14300E+01  3.54520E+00  1.67944E+02  1.60441E+02  3.61190E+00 -1.90153E-01 -1.13800E-01  3.00000E-01  4.02465E-02  0.00000E+00  3.00000E-01
     126  1.65095E-03  1.82717E-03  8.76144E+01  9.10898E+01  3.34400E+00  1.65568E+02  1.61695E+02  3.60620E+00 -2.01471E-01 -1.27300E-01  3.00000E-01  3.43503E-02  0.00000E+00  3.00000E-01
     127  1.05965E-03  1.19059E-03  7.53309E+01  7.22056E+01  4.37510E+00  1.49290E+02  1.27268E+02  4.80780E+00 -1.66269E-01 -1.00900E-01  3.00000E-01  4.58293E-02  0.00000E+00  3.00000E-01
     128  1.14797E-03  1.32101E-03  7.72549E+01  7.95708E+01  3.64480E+00  1.54219E+02  1.44946E+02  4.05920E+00 -1.66994E-01 -1.11200E-01  3.00000E-01  4.16068E-02  0.00000E+00  3.00000E-01
     129  4.85228E-03  4.44497E-03  7.57445E+01  8.53516E+01  4.42960E+00  1.58593E+02  1.15338E+02  5.08700E+00 -5.67753E-02 -1.19300E-01  3.00000E-01  2.10494E-04  0.00000E+00  3.00000E-01
     130  3.67954E-03  3.14065E-03  4.66642E+01  5.04692E+01  5.06090E+00  1.55463E+02  1.17951E+02  5.57950E+00 -9.19373E-03 -7.05000E-02  3.00000E-01  3.38578E-02  0.00000E+00  3.00000E-01
     131  2.72557E-03  2.92317E-03  9.42266E+01  9.52033E+01  3.35160E+00  1.46328E+02  1.44592E+02  3.36560E+00 -2.07104E-01 -1.33000E-01  3.00000E-01  8.66357E-02  0.00000E+00  3.00000E-01
     132  2.89686E-03  2.87916E-03  8.29708E+01  9.59976E+01  4.33880E+00  1.49272E+02  1.25222E+02  4.68940E+00 -1.34743E-01 -1.34100E-01  3.00000E-01  4.89650E-02  0.00000E+00  3.00000E-01
     133  6.10500E-03  5.69840E-03  7.74318E+01  8.64738E+01  4.31310E+00  1.65703E+02  1.08404E+02  4.79760E+00 -4.27588E-02 -1.20800E-01  3.00000E-01 -4.45676E-02  0.00000E+00  3.00000E-01
     134  1.26100E-03  1.35697E-03  8.74903E+01  9.18239E+01  4.08350E+00  1.46641E+02  1.37606E+02  4.08200E+00 -1.87399E-01 -1.28300E-01  3.00000E-01  6.40942E-02  0.00000E+00  3.00000E-01
     135  1.12874E-02  1.14047E-02  6.66951E+01  9.52826E+01  8.11970E+00  1.31686E+02  1.02093E+02  6.80250E+00 -2.29430E-02 -1.33100E-01  3.00000E-01  4.05404E-03  0.00000E+00  3.00000E-01
     136  1.25680E-03  1.37763E-03  8.47200E+01  9.20753E+01  3.96280E+00  1.52356E+02  1.46072E+02  3.57010E+00 -1.84225E-01 -1.28600E-01  3.00000E-01  4.51109E-02  0.00000E+00  3.00000E-01
     137  2.45765E-03  2.43419E-03  9.31922E+01  9.12632E+01  3.29800E+00  1.40817E+02  1.39211E+02  3.28030E+00 -1.77348E-01 -1.27500E-01  3.00000E-01  9.39747E-02  0.00000E+00  3.00000E-01
     138  3.20993E-03  3.19688E-03  7.50184E+01  8.24222E+01  3.56590E+00  1.51050E+02  1.26230E+02  3.92700E+00 -1.19815E-01 -1.15200E-01  3.00000E-01  3.41484E-02  0.00000E+00  3.00000E-01
     139  3.14311E-03  2.69337E-03  9.28840E+01  9.89743E+01  3.80460E+00  1.64784E+02  1.11957E+02  3.76270E+00 -6.23248E-02 -1.38300E-01  3.00000E-01 -1.41911E-02  0.00000E+00  3.00000E-01
     140  2.16173E-03  1.89920E-03  9.02368E+01  9.70276E+01  4.30390E+00  1.40638E+02  1.29884E+02  4.05950E+00 -8.88636E-02 -1.35600E-01  3.00000E-01  7.02656E-02  0.00000E+00  3.00000E-01
     141  2.81751E-03  2.41944E-03  8.34417E+01  1.05362E+02  4.43740E+00  1.50046E+02  1.25949E+02  4.98880E+00 -8.26361E-02 -1.47200E-01  3.00000E-01  4.46376E-02  0.00000E+00  3.00000E-01
     142  7.38167E-03  6.46593E-03  1.13436E+02  1.30449E+02  4.55590E+00  1.59684E+02  1.11069E+02  4.77790E+00 -8.69309E-02 -1.82300E-01  3.00000E-01 -7.42342E-03  0.00000E+00  3.00000E-01
     143  4.25213E-03  3.30396E-03  1.16466E+02  1.22448E+02  4.22050E+00  1.65722E+02  1.22967E+02  4.61680E+00 -2.47955E-02 -1.71100E-01  3.00000E-01  4.25040E-03  0.00000E+00  3.00000E-01
     144  1.36557E-02  1.45276E-02  5.33685E+01  1.42943E+02  7.38560E+00  7.62945E+01  8.77775E+01  7.51160E+00  7.61649E-03 -1.99700E-01  3.00000E-01  2.05672E-02  0.00000E+00  3.00000E-01
     145  9.71084E-04  7.52324E-04  9.41150E+01  1.05273E+02  4.89950E+00  1.49663E+02  1.22078E+02  5.21350E+00 -1.90404E-02 -1.47100E-01  3.00000E-01  5.88308E-02  0.00000E+00  3.00000E-01
     146  5.73162E-03  5.08084E-03  1.12389E+02  1.17864E+02  3.54300E+00  1.60697E+02  1.11039E+02  3.97860E+00 -6.18057E-02 -1.64700E-01  3.00000E-01 -1.51583E-02  0.00000E+00  3.00000E-01
     147  2.53145E-03  1.85571E-03  1.22990E+02  1.16630E+02  4.58890E+00  1.71883E+02  1.15629E+02  5.27200E+00  1.31974E-02 -1.63000E-01  3.00000E-01  1.50159E-02  0.00000E+00  3.00000E-01
     148  7.57355E-03  6.37413E-03  1.60082E+02  1.38060E+02  4.37150E+00  1.64107E+02  1.11025E+02  4.52190E+00 -9.71547E-02 -1.92900E-01  3.00000E-01 -2.08380E-02  0.00000E+00  3.00000E-01
     149  1.86381E-02  2.00274E-02  1.04022E+02  1.84203E+02  4.12540E+00  1.04028E+02  8.31491E+01  4.92460E+00 -8.62226E-02 -2.57400E-01  3.00000E-01  4.48852E-02  0.00000E+00  3.00000E-01
     150  1.36023E-02  1.25729E-02  1.36503E+02  1.49848E+02  3.14210E+00  1.43425E+02  9.61340E+01  3.36050E+00 -6.76289E-02 -2.09400E-01  3.00000E-01  2.49275E-02  0.00000E+00  3.00000E-01
     151  1.70417E-02  1.87830E-02  6.66185E+01  1.40762E+02  4.94690E+00  1.00290E+02  8.62257E+01  5.18530E+00 -5.06878E-02 -1.96700E-01  3.00000E-01  3.14238E-02  0.00000E+00  3.00000E-01
     152  2.83714E-02  2.37808E-02  7.12150E+01  2.05386E+02  3.59980E+00  9.81454E+01  6.31672E+01  4.93640E+00  8.79476E-02 -2.87000E-01  3.00000E-01 -4.28324E-03  0.00000E+00  3.00000E-01
