        1121
     1   9.999999E-01   9.999999E-01   5.134234E-08
     2   4.168134E-04   4.358114E-04   4.168134E-06
     3   4.167944E-04   4.465089E-04   4.167944E-06
     4   4.167614E-04   4.344466E-04   4.167614E-06
     5   4.167234E-04   4.687473E-04   4.167234E-06
     6   4.166904E-04   5.002296E-04   4.166904E-06
     7   4.166714E-04   3.781659E-04   4.166714E-06
     8   1.259358E-03   9.894910E-04   1.259358E-05
     9   1.259079E-03   1.063796E-03   1.259079E-05
    10   1.258596E-03   1.018925E-03   1.258596E-05
    11   1.258039E-03   1.184011E-03   1.258039E-05
    12   1.257557E-03   1.271083E-03   1.257557E-05
    13   1.257278E-03   1.051614E-03   1.257278E-05
    14   2.113014E-03   2.218246E-03   2.113014E-05
    15   2.111873E-03   1.977688E-03   2.111873E-05
    16   2.109899E-03   2.238954E-03   2.109899E-05
    17   2.107623E-03   2.172271E-03   2.107623E-05
    18   2.105655E-03   2.185128E-03   2.105655E-05
    19   2.104520E-03   2.284526E-03   2.104520E-05
    20   2.934120E-03   3.163786E-03   2.934120E-05
    21   2.931390E-03   3.119434E-03   2.931390E-05
    22   2.926671E-03   3.213321E-03   2.926671E-05
    23   2.921236E-03   3.122839E-03   2.921236E-05
    24   2.916542E-03   3.355674E-03   2.916542E-05
    25   2.913837E-03   3.255850E-03   2.913837E-05
    26   3.615971E-03   3.509760E-03   3.615971E-05
    27   3.611311E-03   3.503507E-03   3.611311E-05
    28   3.603262E-03   3.469286E-03   3.603262E-05
    29   3.594001E-03   3.457416E-03   3.594001E-05
    30   3.586009E-03   3.510900E-03   3.586009E-05
    31   3.581408E-03   3.389152E-03   3.581408E-05
    32   4.012320E-03   4.165573E-03   4.012320E-05
    33   4.006285E-03   4.080701E-03   4.006285E-05
    34   3.995864E-03   4.135998E-03   3.995864E-05
    35   3.983881E-03   4.102582E-03   3.983881E-05
    36   3.973547E-03   4.230000E-03   3.973547E-05
    37   3.967598E-03   4.265583E-03   3.967598E-05
    38   1.188678E-04   1.256911E-04   1.188678E-06
    39   1.188613E-04   1.421975E-04   1.188613E-06
    40   1.188500E-04   1.108110E-04   1.188500E-06
    41   1.188371E-04   1.349481E-04   1.188371E-06
    42   1.188258E-04   1.331625E-04   1.188258E-06
    43   1.188193E-04   8.267972E-05   1.188193E-06
    44   3.626267E-04   2.262029E-04   3.626267E-06
    45   3.625264E-04   3.954246E-04   3.625264E-06
    46   3.623529E-04   2.907935E-04   3.623529E-06
    47   3.621529E-04   2.508201E-04   3.621529E-06
    48   3.619799E-04   2.202383E-04   3.619799E-06
    49   3.618801E-04   1.726342E-04   3.618801E-06
    50   6.209298E-04   5.224880E-04   6.209298E-06
    51   6.204820E-04   6.363765E-04   6.204820E-06
    52   6.197083E-04   7.207974E-04   6.197083E-06
    53   6.188178E-04   5.828446E-04   6.188178E-06
    54   6.180493E-04   6.255428E-04   6.180493E-06
    55   6.176066E-04   5.497789E-04   6.176066E-06
    56   8.883631E-04   9.101904E-04   8.883631E-06
    57   8.871703E-04   9.668276E-04   8.871703E-06
    58   8.851130E-04   1.057654E-03   8.851130E-06
    59   8.827509E-04   9.500434E-04   8.827509E-06
    60   8.807168E-04   1.020576E-03   8.807168E-06
    61   8.795473E-04   9.894897E-04   8.795473E-06
    62   1.130478E-03   1.071734E-03   1.130478E-05
    63   1.128232E-03   1.129047E-03   1.128232E-05
    64   1.124365E-03   1.134911E-03   1.124365E-05
    65   1.119935E-03   1.055676E-03   1.119935E-05
    66   1.116128E-03   1.113976E-03   1.116128E-05
    67   1.113942E-03   9.511508E-04   1.113942E-05
    68   1.281467E-03   1.279245E-03   1.281467E-05
    69   1.278383E-03   1.306848E-03   1.278383E-05
    70   1.273077E-03   1.374362E-03   1.273077E-05
    71   1.267006E-03   1.335875E-03   1.267006E-05
    72   1.261797E-03   1.285288E-03   1.261797E-05
    73   1.258809E-03   1.153764E-03   1.258809E-05
    74   2.051699E-04   1.809680E-04   2.051699E-06
    75   2.051613E-04   2.030622E-04   2.051613E-06
    76   2.051464E-04   2.364714E-04   2.051464E-06
    77   2.051291E-04   2.658851E-04   2.051291E-06
    78   2.051142E-04   2.930094E-04   2.051142E-06
    79   2.051056E-04   1.509145E-04   2.051056E-06
    80   6.237437E-04   6.341846E-04   6.237437E-06
    81   6.236168E-04   6.661351E-04   6.236168E-06
    82   6.233970E-04   4.554857E-04   6.233970E-06
    83   6.231433E-04   4.973798E-04   6.231433E-06
    84   6.229238E-04   4.443515E-04   6.229238E-06
    85   6.227972E-04   2.563980E-04   6.227972E-06
    86   1.057871E-03   1.125070E-03   1.057871E-05
    87   1.057347E-03   1.238973E-03   1.057347E-05
    88   1.056439E-03   1.008051E-03   1.056439E-05
    89   1.055392E-03   1.160205E-03   1.055392E-05
    90   1.054487E-03   1.038163E-03   1.054487E-05
    91   1.053965E-03   1.041512E-03   1.053965E-05
    92   1.487513E-03   1.497918E-03   1.487513E-05
    93   1.486240E-03   1.529930E-03   1.486240E-05
    94   1.484040E-03   1.382721E-03   1.484040E-05
    95   1.481505E-03   1.389839E-03   1.481505E-05
    96   1.479316E-03   1.513628E-03   1.479316E-05
    97   1.478054E-03   1.471817E-03   1.478054E-05
    98   1.853607E-03   1.903123E-03   1.853607E-05
    99   1.851402E-03   1.793114E-03   1.851402E-05
   100   1.847593E-03   1.804070E-03   1.847593E-05
   101   1.843210E-03   1.736130E-03   1.843210E-05
   102   1.839428E-03   1.838957E-03   1.839428E-05
   103   1.837250E-03   1.579403E-03   1.837250E-05
   104   2.070269E-03   2.199697E-03   2.070269E-05
   105   2.067384E-03   2.107424E-03   2.067384E-05
   106   2.062402E-03   2.312814E-03   2.062402E-05
   107   2.056674E-03   2.163694E-03   2.056674E-05
   108   2.051734E-03   2.216180E-03   2.051734E-05
   109   2.048890E-03   1.709262E-03   2.048890E-05
   110   2.883625E-04   2.711646E-04   2.883625E-06
   111   2.883431E-04   1.907382E-04   2.883431E-06
   112   2.883096E-04   1.286376E-04   2.883096E-06
   113   2.882709E-04   1.095837E-04   2.882709E-06
   114   2.882374E-04   1.099046E-04   2.882374E-06
   115   2.882180E-04   9.442470E-05   2.882180E-06
   116   8.998013E-04   2.590494E-04   8.998013E-06
   117   8.995001E-04   4.478826E-04   8.995001E-06
   118   8.989789E-04   3.237879E-04   8.989789E-06
   119   8.983778E-04   2.852121E-04   8.983778E-06
   120   8.978579E-04   2.596320E-04   8.978579E-06
   121   8.975580E-04   2.843997E-04   8.975580E-06
   122   1.602802E-03   9.610215E-04   1.602802E-05
   123   1.601444E-03   1.288989E-03   1.601444E-05
   124   1.599096E-03   9.850967E-04   1.599096E-05
   125   1.596392E-03   9.708181E-04   1.596392E-05
   126   1.594057E-03   9.481461E-04   1.594057E-05
   127   1.592712E-03   9.380870E-04   1.592712E-05
   128   2.399501E-03   1.627072E-03   2.399501E-05
   129   2.395865E-03   1.973839E-03   2.395865E-05
   130   2.389587E-03   1.731572E-03   2.389587E-05
   131   2.382370E-03   1.731395E-03   2.382370E-05
   132   2.376147E-03   1.755584E-03   2.376147E-05
   133   2.372567E-03   1.668985E-03   2.372567E-05
   134   3.172315E-03   1.817786E-03   3.172315E-05
   135   3.165470E-03   2.115772E-03   3.165470E-05
   136   3.153667E-03   1.820816E-03   3.153667E-05
   137   3.140120E-03   1.825237E-03   3.140120E-05
   138   3.128458E-03   1.916542E-03   3.128458E-05
   139   3.121754E-03   1.987395E-03   3.121754E-05
   140   3.673305E-03   2.949994E-03   3.673305E-05
   141   3.663924E-03   3.070488E-03   3.663924E-05
   142   3.647758E-03   3.104496E-03   3.647758E-05
   143   3.629220E-03   2.950571E-03   3.629220E-05
   144   3.613276E-03   3.036786E-03   3.613276E-05
   145   3.604118E-03   2.758070E-03   3.604118E-05
   146   2.634958E-04   4.911434E-04   2.634958E-06
   147   2.634787E-04   3.177851E-04   2.634787E-06
   148   2.634492E-04   2.332521E-04   2.634492E-06
   149   2.634150E-04   1.897471E-04   2.634150E-06
   150   2.633855E-04   1.823363E-04   2.633855E-06
   151   2.633684E-04   2.065774E-04   2.633684E-06
   152   8.384778E-04   5.118742E-04   8.384778E-06
   153   8.381930E-04   7.358432E-04   8.381930E-06
   154   8.377004E-04   4.565671E-04   8.377004E-06
   155   8.371326E-04   4.889593E-04   8.371326E-06
   156   8.366417E-04   4.204994E-04   8.366417E-06
   157   8.363587E-04   3.995482E-04   8.363587E-06
   158   1.557077E-03   1.263907E-03   1.557077E-05
   159   1.555626E-03   1.863356E-03   1.555626E-05
   160   1.553121E-03   1.450478E-03   1.553121E-05
   161   1.550241E-03   1.307433E-03   1.550241E-05
   162   1.547757E-03   1.353569E-03   1.547757E-05
   163   1.546327E-03   1.321203E-03   1.546327E-05
   164   2.479248E-03   3.175499E-03   2.479248E-05
   165   2.474718E-03   3.646537E-03   2.474718E-05
   166   2.466914E-03   3.410998E-03   2.466914E-05
   167   2.457968E-03   3.208769E-03   2.457968E-05
   168   2.450278E-03   3.463690E-03   2.450278E-05
   169   2.445862E-03   3.707573E-03   2.445862E-05
   170   3.502930E-03   3.421702E-03   3.502930E-05
   171   3.493076E-03   3.901070E-03   3.493076E-05
   172   3.476138E-03   3.545017E-03   3.476138E-05
   173   3.456782E-03   3.412483E-03   3.456782E-05
   174   3.440193E-03   3.603815E-03   3.440193E-05
   175   3.430687E-03   3.427418E-03   3.430687E-05
   176   4.239919E-03   4.561918E-03   4.239919E-05
   177   4.225168E-03   4.849359E-03   4.225168E-05
   178   4.199848E-03   4.592310E-03   4.199848E-05
   179   4.170967E-03   4.597503E-03   4.170967E-05
   180   4.146259E-03   4.548162E-03   4.146259E-05
   181   4.132120E-03   3.914009E-03   4.132120E-05
   182   2.113620E-04   2.848988E-04   2.113620E-06
   183   2.113461E-04   2.558339E-04   2.113461E-06
   184   2.113187E-04   2.622230E-04   2.113187E-06
   185   2.112870E-04   2.036291E-04   2.112870E-06
   186   2.112596E-04   2.693741E-04   2.112596E-06
   187   2.112437E-04   2.966992E-04   2.112437E-06
   188   7.078684E-04   7.060260E-04   7.078684E-06
   189   7.075898E-04   7.918167E-04   7.075898E-06
   190   7.071077E-04   7.891716E-04   7.071077E-06
   191   7.065517E-04   6.228033E-04   7.065517E-06
   192   7.060709E-04   5.956797E-04   7.060709E-06
   193   7.057936E-04   7.549058E-04   7.057936E-06
   194   1.453789E-03   1.690818E-03   1.453789E-05
   195   1.452242E-03   2.178973E-03   1.452242E-05
   196   1.449569E-03   1.882984E-03   1.449569E-05
   197   1.446492E-03   1.664648E-03   1.446492E-05
   198   1.443835E-03   1.666922E-03   1.443835E-05
   199   1.442305E-03   1.670927E-03   1.442305E-05
   200   2.641879E-03   3.143703E-03   2.641879E-05
   201   2.636543E-03   3.156102E-03   2.636543E-05
   202   2.627340E-03   2.314533E-03   2.627340E-05
   203   2.616773E-03   2.287551E-03   2.616773E-05
   204   2.607673E-03   3.033901E-03   2.607673E-05
   205   2.602441E-03   3.070783E-03   2.602441E-05
   206   4.226270E-03   3.860300E-03   4.226270E-05
   207   4.213607E-03   4.242879E-03   4.213607E-05
   208   4.191805E-03   3.959100E-03   4.191805E-05
   209   4.166833E-03   4.009250E-03   4.166833E-05
   210   4.145380E-03   4.449374E-03   4.145380E-05
   211   4.133067E-03   3.691506E-03   4.133067E-05
   212   5.509707E-03   6.204774E-03   5.509707E-05
   213   5.489745E-03   5.821573E-03   5.489745E-05
   214   5.455416E-03   6.515256E-03   5.455416E-05
   215   5.416161E-03   6.264358E-03   5.416161E-05
   216   5.382493E-03   6.166965E-03   5.382493E-05
   217   5.363192E-03   5.201070E-03   5.363192E-05
   218   2.154082E-04   2.414675E-04   2.154082E-06
   219   2.153970E-04   2.738014E-04   2.153970E-06
   220   2.153776E-04   1.853031E-04   2.153776E-06
   221   2.153552E-04   1.231392E-04   2.153552E-06
   222   2.153358E-04   1.265157E-04   2.153358E-06
   223   2.153246E-04   1.271257E-04   2.153246E-06
   224   6.978942E-04   3.277020E-04   6.978942E-06
   225   6.976765E-04   6.372916E-04   6.976765E-06
   226   6.973001E-04   4.617215E-04   6.973001E-06
   227   6.968663E-04   3.597579E-04   6.968663E-06
   228   6.964913E-04   4.415714E-04   6.964913E-06
   229   6.962751E-04   4.300238E-04   6.962751E-06
   230   1.402853E-03   1.096606E-03   1.402853E-05
   231   1.401320E-03   1.326608E-03   1.401320E-05
   232   1.398674E-03   1.308210E-03   1.398674E-05
   233   1.395635E-03   1.195339E-03   1.395635E-05
   234   1.393015E-03   1.174930E-03   1.393015E-05
   235   1.391509E-03   1.200298E-03   1.391509E-05
   236   2.742955E-03   2.356821E-03   2.742955E-05
   237   2.735362E-03   2.566149E-03   2.735362E-05
   238   2.722300E-03   2.574426E-03   2.722300E-05
   239   2.707357E-03   2.462365E-03   2.707357E-05
   240   2.694534E-03   2.541458E-03   2.694534E-05
   241   2.687181E-03   2.550843E-03   2.687181E-05
   242   5.238671E-03   3.284160E-03   5.238671E-05
   243   5.212836E-03   3.136510E-03   5.212836E-05
   244   5.168519E-03   3.229229E-03   5.168519E-05
   245   5.118014E-03   2.900744E-03   5.118014E-05
   246   5.074847E-03   3.422236E-03   5.074847E-05
   247   5.050164E-03   2.985804E-03   5.050164E-05
   248   7.939015E-03   5.888705E-03   7.939015E-05
   249   7.888341E-03   5.798786E-03   7.888341E-05
   250   7.801559E-03   5.997017E-03   7.801559E-05
   251   7.702889E-03   5.602115E-03   7.702889E-05
   252   7.618748E-03   5.949772E-03   7.618748E-05
   253   7.570716E-03   5.526115E-03   7.570716E-05
   254   3.607913E-04   5.146472E-04   3.607913E-06
   255   3.607738E-04   4.986439E-04   3.607738E-06
   256   3.607436E-04   3.409592E-04   3.607436E-06
   257   3.607087E-04   2.568701E-04   3.607087E-06
   258   3.606785E-04   2.482510E-04   3.606785E-06
   259   3.606611E-04   2.728287E-04   3.606611E-06
   260   1.151774E-03   6.716421E-04   1.151774E-05
   261   1.151497E-03   1.422558E-03   1.151497E-05
   262   1.151016E-03   9.222724E-04   1.151016E-05
   263   1.150462E-03   7.454244E-04   1.150462E-05
   264   1.149982E-03   8.532750E-04   1.149982E-05
   265   1.149705E-03   8.314183E-04   1.149705E-05
   266   2.145229E-03   2.222436E-03   2.145229E-05
   267   2.143858E-03   2.450256E-03   2.143858E-05
   268   2.141487E-03   2.427491E-03   2.141487E-05
   269   2.138757E-03   2.127643E-03   2.138757E-05
   270   2.136398E-03   2.352635E-03   2.136398E-05
   271   2.135038E-03   2.410071E-03   2.135038E-05
   272   3.490725E-03   3.967924E-03   3.490725E-05
   273   3.485510E-03   4.557316E-03   3.485510E-05
   274   3.476535E-03   4.328624E-03   3.476535E-05
   275   3.466260E-03   4.569091E-03   3.466260E-05
   276   3.457438E-03   4.289078E-03   3.457438E-05
   277   3.452376E-03   4.685756E-03   3.452376E-05
   278   5.536887E-03   5.982885E-03   5.536887E-05
   279   5.516063E-03   5.696526E-03   5.516063E-05
   280   5.480523E-03   6.096764E-03   5.480523E-05
   281   5.440299E-03   5.395840E-03   5.440299E-05
   282   5.406151E-03   6.259138E-03   5.406151E-05
   283   5.386720E-03   5.331210E-03   5.386720E-05
   284   8.046694E-03   1.032422E-02   8.046694E-05
   285   7.992625E-03   9.841458E-03   7.992625E-05
   286   7.900854E-03   1.064945E-02   7.900854E-05
   287   7.797767E-03   9.399858E-03   7.797767E-05
   288   7.710909E-03   1.056448E-02   7.710909E-05
   289   7.661755E-03   9.465299E-03   7.661755E-05
   290   3.753744E-04   4.601573E-04   3.753744E-06
   291   3.753428E-04   4.512067E-04   3.753428E-06
   292   3.752880E-04   3.915233E-04   3.752880E-06
   293   3.752247E-04   1.947730E-04   3.752247E-06
   294   3.751699E-04   2.813628E-04   3.751699E-06
   295   3.751383E-04   3.575342E-04   3.751383E-06
   296   1.280887E-03   1.435062E-03   1.280887E-05
   297   1.280322E-03   2.116437E-03   1.280322E-05
   298   1.279344E-03   1.313091E-03   1.279344E-05
   299   1.278217E-03   1.256958E-03   1.278217E-05
   300   1.277242E-03   1.563699E-03   1.277242E-05
   301   1.276680E-03   1.620000E-03   1.276680E-05
   302   2.722973E-03   3.180865E-03   2.722973E-05
   303   2.719779E-03   2.952560E-03   2.719779E-05
   304   2.714260E-03   2.400584E-03   2.714260E-05
   305   2.707905E-03   2.812019E-03   2.707905E-05
   306   2.702419E-03   2.967624E-03   2.702419E-05
   307   2.699258E-03   3.626285E-03   2.699258E-05
   308   5.150959E-03   5.786107E-03   5.150959E-05
   309   5.139808E-03   5.615270E-03   5.139808E-05
   310   5.120567E-03   6.237136E-03   5.120567E-05
   311   5.098460E-03   5.805000E-03   5.098460E-05
   312   5.079412E-03   5.975410E-03   5.079412E-05
   313   5.068455E-03   6.012042E-03   5.068455E-05
   314   8.532773E-03   9.561194E-03   8.532773E-05
   315   8.505587E-03   8.227712E-03   8.505587E-05
   316   8.458779E-03   9.170229E-03   8.458779E-05
   317   8.405165E-03   8.072247E-03   8.405165E-05
   318   8.359104E-03   1.002368E-02   8.359104E-05
   319   8.332666E-03   7.809312E-03   8.332666E-05
   320   1.143585E-02   1.353117E-02   1.143585E-04
   321   1.138907E-02   1.191836E-02   1.138907E-04
   322   1.130886E-02   1.286374E-02   1.130886E-04
   323   1.121751E-02   1.131702E-02   1.121751E-04
   324   1.113945E-02   1.359886E-02   1.113945E-04
   325   1.109482E-02   1.174157E-02   1.109482E-04
   326   1.699498E-04   1.674287E-04   1.699498E-06
   327   1.699365E-04   2.053113E-04   1.699365E-06
   328   1.699133E-04   1.587721E-04   1.699133E-06
   329   1.698866E-04   1.572070E-04   1.698866E-06
   330   1.698635E-04   1.749337E-04   1.698635E-06
   331   1.698502E-04   1.984342E-04   1.698502E-06
   332   5.848902E-04   4.915990E-04   5.848902E-06
   333   5.845801E-04   5.063498E-04   5.845801E-06
   334   5.840441E-04   7.349085E-04   5.840441E-06
   335   5.834268E-04   5.264729E-04   5.834268E-06
   336   5.828938E-04   5.460647E-04   5.828938E-06
   337   5.825867E-04   4.605327E-04   5.825867E-06
   338   1.405587E-03   1.394400E-03   1.405587E-05
   339   1.402799E-03   1.391630E-03   1.402799E-05
   340   1.397994E-03   1.538252E-03   1.397994E-05
   341   1.392484E-03   1.469555E-03   1.392484E-05
   342   1.387743E-03   1.481045E-03   1.387743E-05
   343   1.385020E-03   1.168669E-03   1.385020E-05
   344   3.748356E-03   4.518792E-03   3.748356E-05
   345   3.730328E-03   4.401826E-03   3.730328E-05
   346   3.699387E-03   4.946885E-03   3.699387E-05
   347   3.664103E-03   4.787508E-03   3.664103E-05
   348   3.633926E-03   4.680269E-03   3.633926E-05
   349   3.616661E-03   4.823643E-03   3.616661E-05
   350   1.001417E-02   5.645807E-03   1.001417E-04
   351   9.930912E-03   6.037148E-03   9.930912E-05
   352   9.788783E-03   5.674286E-03   9.788783E-05
   353   9.627893E-03   5.656754E-03   9.627893E-05
   354   9.491288E-03   5.751980E-03   9.491288E-05
   355   9.413550E-03   4.976197E-03   9.413550E-05
   356   1.908215E-02   2.222819E-02   1.908215E-04
   357   1.887188E-02   2.111524E-02   1.887188E-04
   358   1.851460E-02   2.168180E-02   1.851460E-04
   359   1.811267E-02   2.135011E-02   1.811267E-04
   360   1.777349E-02   2.103845E-02   1.777349E-04
   361   1.758133E-02   2.119155E-02   1.758133E-04
   362   1.118719E-02   1.054826E-02   2.237438E-04
   363   5.701304E-03   5.626443E-03   1.140261E-04
   364   5.209374E-03   5.107925E-03   1.041875E-04
   365   3.638031E-03   3.332837E-03   7.276062E-05
   366   6.404468E-03   5.947658E-03   1.280894E-04
   367   1.844336E-03   1.998778E-03   3.688672E-05
   368   3.709114E-03   3.794899E-03   7.418228E-05
   369   3.716510E-03   3.306574E-03   7.433019E-05
   370   2.518294E-03   2.801935E-03   5.036589E-05
   371   3.562341E-03   3.424001E-03   7.124682E-05
   372   1.376420E-03   1.551376E-03   2.752839E-05
   373   1.302225E-02   1.196468E-02   2.604449E-04
   374   5.086731E-03   4.426589E-03   1.017346E-04
   375   1.064447E-02   1.037229E-02   2.128894E-04
   376   1.285141E-02   1.269397E-02   2.570282E-04
   377   2.636488E-03   2.614089E-03   5.272977E-05
   378   9.873560E-03   9.259453E-03   1.974712E-04
   379   1.535640E-03   1.351769E-03   3.071280E-05
   380   4.111067E-03   3.478642E-03   8.222135E-05
   381   4.096004E-03   3.929907E-03   8.192007E-05
   382   3.887665E-03   3.367455E-03   7.775329E-05
   383   1.023513E-02   9.879072E-03   2.047025E-04
   384   2.094854E-03   1.969984E-03   4.189708E-05
   385   7.168263E-03   6.954571E-03   1.433653E-04
   386   7.369448E-03   6.795743E-03   1.473890E-04
   387   1.036245E-02   1.044182E-02   2.072489E-04
   388   3.332118E-03   3.171752E-03   6.664236E-05
   389   1.261001E-03   1.368670E-03   2.522003E-05
   390   1.566815E-03   1.791020E-03   3.133630E-05
   391   3.476988E-03   2.926056E-03   6.953975E-05
   392   1.927492E-03   2.108603E-03   3.854983E-05
   393   1.034455E-02   9.956018E-03   2.068910E-04
   394   6.482766E-03   5.010318E-03   1.296553E-04
   395   3.293591E-03   3.085907E-03   6.587182E-05
   396   1.262959E-02   1.217613E-02   2.525917E-04
   397   1.325792E-03   1.475810E-03   2.651585E-05
   398   1.307184E-02   1.472513E-02   2.614368E-04
   399   5.209182E-03   4.097191E-03   1.041836E-04
   400   2.725570E-03   3.023474E-03   5.451141E-05
   401   1.273646E-02   1.029441E-02   2.547293E-04
   402   9.991806E-03   1.065723E-02   1.998361E-04
   403   6.424793E-03   5.864916E-03   1.284959E-04
   404   1.350663E-02   1.650618E-02   2.701326E-04
   405   3.013352E-03   2.293710E-03   6.026705E-05
   406   1.256803E-03   1.362088E-03   2.513607E-05
   407   1.650949E-03   1.836464E-03   3.301898E-05
   408   3.337900E-03   3.036893E-03   6.675800E-05
   409   4.745555E-03   4.829609E-03   9.491110E-05
   410   1.235833E-03   1.406710E-03   2.471667E-05
   411   1.694483E-03   1.867735E-03   3.388966E-05
   412   8.725576E-03   9.434631E-03   1.745115E-04
   413   3.850813E-03   3.607246E-03   7.701626E-05
   414   1.147973E-03   1.276863E-03   2.295945E-05
   415   2.586320E-03   2.386863E-03   5.172641E-05
   416   1.605471E-03   1.743127E-03   3.210943E-05
   417   2.410463E-03   2.315159E-03   4.820925E-05
   418   3.956459E-03   3.587833E-03   7.912919E-05
   419   7.334161E-03   6.848386E-03   1.466832E-04
   420   5.407697E-03   4.822750E-03   1.081539E-04
   421   1.008986E-03   1.056960E-03   2.017972E-05
   422   1.403111E-03   1.474732E-03   2.806223E-05
   423   2.087620E-03   1.949378E-03   4.175239E-05
   424   1.292623E-02   1.282626E-02   2.585247E-04
   425   3.361898E-03   2.953417E-03   6.723796E-05
   426   3.241457E-03   3.267769E-03   6.482913E-05
   427   1.622882E-02   1.524630E-02   3.245764E-04
   428   2.914416E-02   2.918254E-02   5.828833E-04
   429   1.287656E-02   1.279907E-02   2.575312E-04
   430   1.645070E-03   1.534976E-03   3.290140E-05
   431   6.081675E-03   5.670700E-03   1.216335E-04
   432   2.473586E-03   2.133286E-03   4.947173E-05
   433   9.355594E-03   8.428645E-03   1.871119E-04
   434   4.118656E-03   3.597079E-03   8.237313E-05
   435   3.887665E-03   3.366053E-03   7.775329E-05
   436   5.425307E-03   4.930901E-03   1.085061E-04
   437   1.285141E-02   1.270422E-02   2.570282E-04
   438   1.338775E-02   1.285456E-02   2.677550E-04
   439   9.138559E-03   5.984833E-03   1.827712E-04
   440   1.466686E-03   1.418227E-03   2.933372E-05
   441   1.230281E-03   1.125020E-03   2.460562E-05
   442   2.164850E-03   2.127425E-03   4.329701E-05
   443   1.715720E-03   1.468715E-03   3.431440E-05
   444   5.876696E-03   5.314444E-03   1.175339E-04
   445   2.395348E-03   2.047101E-03   4.790695E-05
   446   4.752106E-03   4.309925E-03   9.504212E-05
   447   1.186613E-03   1.076946E-03   2.373226E-05
   448   1.355002E-02   1.263704E-02   2.710003E-04
   449   3.184835E-03   2.757625E-03   6.369669E-05
   450   1.064447E-02   1.041624E-02   2.128894E-04
   451   1.535640E-03   1.348648E-03   3.071280E-05
   452   7.334161E-03   6.876896E-03   1.466832E-04
   453   1.522091E-03   1.497611E-03   3.044183E-05
   454   3.716510E-03   3.300838E-03   7.433019E-05
   455   1.901896E-03   1.695679E-03   3.803792E-05
   456   3.043952E-03   2.781717E-03   6.087904E-05
   457   1.038707E-02   9.704080E-03   2.077415E-04
   458   1.034628E-03   9.950360E-04   2.069256E-05
   459   1.230281E-03   1.151916E-03   2.460562E-05
   460   3.956459E-03   3.577033E-03   7.912919E-05
   461   3.638031E-03   3.316349E-03   7.276062E-05
   462   4.409992E-03   4.238149E-03   8.819983E-05
   463   4.650930E-03   4.331747E-03   9.301859E-05
   464   1.231562E-03   1.202856E-03   2.463124E-05
   465   9.854930E-03   9.591094E-03   1.970986E-04
   466   2.769166E-03   2.758899E-03   5.538331E-05
   467   2.087620E-03   1.982904E-03   4.175239E-05
   468   1.390723E-03   1.409098E-03   2.781447E-05
   469   5.588879E-03   5.468634E-03   1.117776E-04
   470   1.599592E-03   1.598065E-03   3.199184E-05
   471   2.410463E-03   2.334634E-03   4.820925E-05
   472   3.221398E-03   3.087070E-03   6.442796E-05
   473   2.655052E-03   2.637000E-03   5.310104E-05
   474   2.472990E-03   2.465681E-03   4.945980E-05
   475   1.470740E-03   1.562592E-03   2.941479E-05
   476   2.412098E-03   2.521595E-03   4.824195E-05
   477   4.859244E-03   4.672667E-03   9.718487E-05
   478   2.100401E-03   2.164244E-03   4.200802E-05
   479   2.684868E-03   2.762691E-03   5.369737E-05
   480   1.605471E-03   1.768180E-03   3.210943E-05
   481   8.038542E-03   7.453342E-03   1.607708E-04
   482   2.272565E-03   2.354040E-03   4.545130E-05
   483   2.835062E-03   3.218069E-03   5.670125E-05
   484   3.411151E-03   3.822379E-03   6.822303E-05
   485   2.930316E-03   3.250354E-03   5.860633E-05
   486   1.927492E-03   2.129727E-03   3.854983E-05
   487   1.650949E-03   1.875527E-03   3.301898E-05
   488   1.059652E-03   1.169368E-03   2.119304E-05
   489   1.147973E-03   1.264970E-03   2.295945E-05
   490   4.852275E-03   4.312814E-03   9.704551E-05
   491   3.679540E-03   3.263826E-03   7.359079E-05
   492   2.725570E-03   3.025334E-03   5.451141E-05
   493   2.896860E-03   2.817270E-03   5.793720E-05
   494   6.104997E-03   5.997377E-03   1.220999E-04
   495   1.261001E-03   1.341551E-03   2.522003E-05
   496   1.128739E-02   1.174698E-02   2.257477E-04
   497   1.256803E-03   1.361228E-03   2.513607E-05
   498   2.457652E-03   2.563589E-03   4.915305E-05
   499   3.209930E-03   3.112663E-03   6.419859E-05
   500   3.143110E-03   2.679025E-03   6.286221E-05
   501   2.161731E-03   1.980134E-03   4.323462E-05
   502   2.817515E-03   2.442921E-03   5.635030E-05
   503   7.381667E-03   6.264797E-03   1.476333E-04
   504   4.252131E-03   3.406750E-03   8.504262E-05
   505   1.365569E-02   1.432426E-02   2.731138E-04
   506   9.710843E-04   7.747984E-04   1.942169E-05
   507   5.731622E-03   4.891583E-03   1.146324E-04
   508   2.531445E-03   1.911905E-03   5.062890E-05
   509   7.573552E-03   6.774540E-03   1.514710E-04
   510   1.863807E-02   2.041355E-02   3.727614E-04
   511   1.360232E-02   1.327600E-02   2.720463E-04
   512   1.704174E-02   1.865721E-02   3.408349E-04
   513   2.837137E-02   2.480696E-02   5.674274E-04
   514   0.000000E+00   1.167009E-04   8.571999E-05
   515   0.000000E+00  -2.960912E-04   4.928760E-05
   516   0.000000E+00  -2.472039E-04   6.938575E-05
   517   0.000000E+00  -3.410637E-05   3.784845E-05
   518   0.000000E+00  -1.981936E-05   5.833195E-05
   519   0.000000E+00  -1.558246E-04   3.567512E-05
   520   0.000000E+00  -2.178460E-04   4.791193E-05
   521   0.000000E+00   1.269920E-05   3.792972E-05
   522   0.000000E+00  -2.073351E-04   4.420725E-05
   523   0.000000E+00  -9.906532E-05   4.893610E-05
   524   0.000000E+00  -4.898310E-05   2.576351E-05
   525   0.000000E+00   1.616695E-04   8.947855E-05
   526   0.000000E+00   9.881288E-05   5.100023E-05
   527   0.000000E+00   2.103645E-04   7.263877E-05
   528   0.000000E+00   3.111541E-05   1.112597E-04
   529   0.000000E+00  -3.331410E-05   5.354117E-05
   530   0.000000E+00   7.067113E-05   1.905779E-04
   531   0.000000E+00   9.199015E-06   3.233695E-05
   532   0.000000E+00  -5.545716E-05   4.774072E-05
   533   0.000000E+00  -1.374241E-04   7.106440E-05
   534   0.000000E+00   3.859443E-06   5.388827E-05
   535   0.000000E+00  -2.705645E-04   8.743535E-05
   536   0.000000E+00   5.302389E-06   3.275580E-05
   537   0.000000E+00   8.406441E-04   4.587356E-04
   538   0.000000E+00   5.582159E-04   3.185521E-04
   539   0.000000E+00   1.452798E-03   5.889728E-04
   540   0.000000E+00   1.014704E-04   7.864687E-05
   541   0.000000E+00  -3.521036E-05   2.646036E-05
   542   0.000000E+00  -1.085858E-04   2.638962E-05
   543   0.000000E+00   2.805409E-04   9.389042E-05
   544   0.000000E+00  -1.350946E-04   3.011639E-05
   545   0.000000E+00   1.219406E-04   3.532326E-04
   546   0.000000E+00  -1.521813E-04   1.419297E-04
   547   0.000000E+00  -5.669651E-05   6.301965E-05
   548   0.000000E+00   1.761618E-03   3.330377E-04
   549   0.000000E+00  -7.934872E-05   2.572478E-05
   550   0.000000E+00   5.494798E-03   6.532966E-04
   551   0.000000E+00  -2.151951E-05   9.212542E-05
   552   0.000000E+00  -4.957793E-05   4.467353E-05
   553   0.000000E+00   4.809788E-03   8.249259E-04
   554   0.000000E+00   2.977715E-03   3.649289E-04
   555   0.000000E+00  -1.852581E-04   1.539804E-04
   556   0.000000E+00   8.578987E-03   6.346598E-04
   557   0.000000E+00   1.047656E-04   8.178753E-05
   558   0.000000E+00  -4.931516E-06   2.410946E-05
   559   0.000000E+00  -1.984773E-05   2.414284E-05
   560   0.000000E+00   1.592503E-04   6.979279E-05
   561   0.000000E+00  -3.626964E-04   5.179795E-05
   562   0.000000E+00   1.345512E-05   1.919544E-05
   563   0.000000E+00  -4.441125E-05   2.376196E-05
   564   0.000000E+00   1.882731E-04   3.452366E-04
   565   0.000000E+00  -1.600105E-04   3.292312E-05
   566   0.000000E+00  -2.298913E-05   2.041193E-05
   567   0.000000E+00   6.402611E-05   6.110786E-05
   568   0.000000E+00  -9.001654E-05   2.060922E-05
   569   0.000000E+00  -1.146152E-04   2.815692E-05
   570   0.000000E+00  -1.566994E-04   3.147130E-05
   571   0.000000E+00   9.194523E-05   6.085316E-05
   572   0.000000E+00  -6.137240E-05   1.118133E-04
   573   0.000000E+00  -5.007572E-05   2.366837E-05
   574   0.000000E+00  -7.078756E-05   1.953068E-05
   575   0.000000E+00  -7.962687E-05   2.779137E-05
   576   0.000000E+00   3.462140E-05   9.873027E-05
   577   0.000000E+00  -4.625358E-05   3.718324E-05
   578   0.000000E+00  -1.254726E-04   7.636247E-05
   579   0.000000E+00   2.518247E-04   1.113851E-04
   580   0.000000E+00  -1.464155E-03   1.625447E-04
   581   0.000000E+00  -5.156048E-05   6.834563E-04
   582   0.000000E+00  -1.932171E-05   1.925692E-05
   583   0.000000E+00  -3.130983E-04   1.158571E-04
   584   0.000000E+00  -4.150296E-05   3.991710E-05
   585   0.000000E+00  -4.402163E-05   7.434996E-05
   586   0.000000E+00   3.728911E-06   3.911121E-05
   587   0.000000E+00  -2.078590E-05   5.388827E-05
   588   0.000000E+00  -2.466311E-04   1.845522E-04
   589   0.000000E+00  -4.228967E-05   1.112597E-04
   590   0.000000E+00   5.842905E-03   8.013370E-04
   591   0.000000E+00   1.576341E-02   6.984900E-04
   592   0.000000E+00  -3.146889E-05   3.666105E-05
   593   0.000000E+00  -2.029522E-05   2.240563E-05
   594   0.000000E+00   6.223606E-05   4.817192E-05
   595   0.000000E+00   4.815260E-05   3.031923E-05
   596   0.000000E+00  -2.102913E-04   5.235641E-05
   597   0.000000E+00   2.586213E-05   3.690730E-05
   598   0.000000E+00  -7.421935E-05   1.846210E-04
   599   0.000000E+00   2.738261E-06   2.179130E-05
   600   0.000000E+00  -8.228795E-05   9.428622E-05
   601   0.000000E+00  -1.166546E-04   4.057387E-05
   602   0.000000E+00  -1.699881E-04   7.263877E-05
   603   0.000000E+00   4.398468E-07   3.233695E-05
   604   0.000000E+00  -1.029997E-04   6.085316E-05
   605   0.000000E+00   8.966603E-05   3.886744E-05
   606   0.000000E+00  -1.453236E-05   3.792972E-05
   607   0.000000E+00  -4.472133E-06   3.065130E-05
   608   0.000000E+00   1.213859E-04   1.055374E-04
   609   0.000000E+00   6.837499E-05   6.793450E-05
   610   0.000000E+00   2.033202E-05   2.506130E-05
   611   0.000000E+00   2.501671E-05   2.240563E-05
   612   0.000000E+00   1.652273E-04   3.147130E-05
   613   0.000000E+00   2.159518E-05   3.784845E-05
   614   0.000000E+00   1.327489E-04   5.626829E-05
   615   0.000000E+00  -1.111022E-05   5.365125E-05
   616   0.000000E+00   2.690867E-05   3.100760E-05
   617   0.000000E+00  -1.365434E-03   6.214445E-04
   618   0.000000E+00   3.283679E-05   7.379859E-05
   619   0.000000E+00   8.212219E-05   2.779137E-05
   620   0.000000E+00   8.755922E-05   3.134071E-05
   621   0.000000E+00   2.069703E-04   6.665645E-05
   622   0.000000E+00   8.442932E-05   3.974242E-05
   623   0.000000E+00   1.291313E-04   2.815692E-05
   624   0.000000E+00   1.343098E-04   3.335440E-05
   625   0.000000E+00   8.542121E-05   6.736173E-05
   626   0.000000E+00   1.900308E-04   3.504132E-05
   627   0.000000E+00   1.133902E-04   2.657622E-05
   628   0.000000E+00   9.734137E-05   2.873763E-05
   629   0.000000E+00   5.883489E-04   2.415488E-04
   630   0.000000E+00   1.716712E-04   4.024154E-05
   631   0.000000E+00   9.407136E-05   7.362440E-05
   632   0.000000E+00   8.560949E-05   2.060922E-05
   633   0.000000E+00  -3.561390E-06   2.758659E-04
   634   0.000000E+00   1.684765E-04   3.847177E-05
   635   0.000000E+00   1.756618E-04   4.285841E-05
   636   0.000000E+00   2.433888E-04   4.331878E-05
   637   0.000000E+00   4.254007E-05   3.060131E-05
   638   0.000000E+00   1.224141E-04   3.011639E-05
   639   0.000000E+00   2.631606E-05   2.414284E-05
   640   0.000000E+00   5.855945E-05   2.575829E-05
   641   0.000000E+00   2.915222E-05   2.041193E-05
   642   0.000000E+00  -1.621927E-04   1.317718E-04
   643   0.000000E+00   1.548574E-05   1.116361E-04
   644   0.000000E+00   7.099081E-05   4.467353E-05
   645   0.000000E+00  -8.108586E-05   7.097436E-05
   646   0.000000E+00   3.824378E-04   1.717571E-04
   647   0.000000E+00   3.449468E-05   2.646036E-05
   648   0.000000E+00  -1.426961E-03   6.347788E-04
   649   0.000000E+00  -2.796579E-06   2.410946E-05
   650   0.000000E+00   9.985883E-05   4.117016E-05
   651   0.000000E+00  -9.656483E-05   6.411905E-05
   652   0.000000E+00  -1.361809E-04   7.552702E-05
   653   0.000000E+00   2.500525E-05   5.065160E-05
   654   0.000000E+00  -1.573119E-04   7.019159E-05
   655   0.000000E+00  -1.883076E-04   2.141020E-04
   656   0.000000E+00  -1.791742E-05   1.031970E-04
   657   0.000000E+00  -6.480474E-03   8.124586E-04
   658   0.000000E+00  -1.938439E-05   2.755854E-05
   659   0.000000E+00   1.346004E-04   1.293177E-04
   660   0.000000E+00   1.789236E-05   7.103876E-05
   661   0.000000E+00   6.438177E-04   2.108601E-04
   662   0.000000E+00  -8.228936E-03   6.538745E-04
   663   0.000000E+00   1.593691E-03   3.143698E-04
   664   0.000000E+00  -6.028069E-03   6.913460E-04
   665   0.000000E+00   4.831744E-03   1.143279E-03
   666   0.000000E+00   3.354947E-04   8.502500E-05
   667   0.000000E+00   7.077101E-04   5.345402E-05
   668   0.000000E+00   8.218395E-04   7.063079E-05
   669   0.000000E+00   2.474815E-04   3.726087E-05
   670   0.000000E+00  -1.617655E-04   5.548086E-05
   671   0.000000E+00   2.597880E-04   3.610002E-05
   672   0.000000E+00   4.687761E-04   5.109268E-05
   673   0.000000E+00   4.319117E-05   3.979963E-05
   674   0.000000E+00   4.812646E-04   4.782883E-05
   675   0.000000E+00   1.121658E-04   5.004599E-05
   676   0.000000E+00   1.270779E-04   3.485687E-05
   677   0.000000E+00  -7.955313E-04   8.669034E-05
   678   0.000000E+00  -8.977975E-05   5.286713E-05
   679   0.000000E+00  -6.125000E-04   8.780515E-05
   680   0.000000E+00  -1.130397E-03   9.603366E-05
   681   0.000000E+00  -1.069417E-04   5.963232E-05
   682   0.000000E+00   1.350016E-03   1.995973E-04
   683   0.000000E+00   2.041331E-06   3.154722E-05
   684   0.000000E+00  -2.059723E-05   4.713132E-05
   685   0.000000E+00  -2.196091E-04   7.136238E-05
   686   0.000000E+00  -6.632380E-05   4.633345E-05
   687   0.000000E+00  -6.778145E-04   8.080342E-05
   688   0.000000E+00  -4.611071E-05   3.800434E-05
   689   0.000000E+00   1.054083E-03   4.553733E-04
   690   0.000000E+00   1.432727E-03   3.342714E-04
   691   0.000000E+00   1.492800E-03   5.170341E-04
   692   0.000000E+00   4.898151E-04   8.861092E-05
   693   0.000000E+00   9.219045E-05   2.645064E-05
   694   0.000000E+00   1.295607E-04   2.832537E-05
   695   0.000000E+00   4.586820E-04   1.000823E-04
   696   0.000000E+00   2.080050E-04   3.068300E-05
   697   0.000000E+00   2.461370E-03   3.578252E-04
   698   0.000000E+00   1.269981E-03   1.539400E-04
   699   0.000000E+00   3.150875E-04   6.082881E-05
   700   0.000000E+00   3.133687E-03   3.399691E-04
   701   0.000000E+00   8.141568E-05   2.538879E-05
   702   0.000000E+00   1.933843E-03   7.181558E-04
   703   0.000000E+00   8.698058E-04   1.031984E-04
   704   0.000000E+00   1.269437E-04   4.486014E-05
   705   0.000000E+00   3.007996E-03   9.890900E-04
   706   0.000000E+00   1.895872E-03   4.048614E-04
   707   0.000000E+00   1.527857E-03   1.716064E-04
   708   0.000000E+00   3.006843E-03   8.651080E-04
   709   0.000000E+00   5.129438E-04   8.641357E-05
   710   0.000000E+00   5.538458E-05   2.172030E-05
   711   0.000000E+00   6.640474E-05   2.603586E-05
   712   0.000000E+00   4.559085E-04   7.987421E-05
   713   0.000000E+00   6.883481E-04   5.287223E-05
   714   0.000000E+00   5.222030E-05   1.745297E-05
   715   0.000000E+00   1.178131E-04   2.384431E-05
   716   0.000000E+00   1.516286E-03   3.729572E-04
   717   0.000000E+00   7.983694E-05   3.140260E-05
   718   0.000000E+00   1.215320E-04   2.273269E-05
   719   0.000000E+00   4.692254E-04   5.746233E-05
   720   0.000000E+00   1.484359E-04   2.372358E-05
   721   0.000000E+00   2.201462E-04   3.016024E-05
   722   0.000000E+00  -8.151722E-06   3.139118E-05
   723   0.000000E+00  -3.614418E-04   5.136381E-05
   724   0.000000E+00   8.705209E-04   1.259637E-04
   725   0.000000E+00   1.111415E-04   2.901345E-05
   726   0.000000E+00   1.805579E-05   2.153188E-05
   727   0.000000E+00   1.310953E-04   2.747425E-05
   728   0.000000E+00  -1.091473E-03   9.698348E-05
   729   0.000000E+00  -2.540560E-05   3.958268E-05
   730   0.000000E+00   2.372009E-04   7.385422E-05
   731   0.000000E+00  -1.142509E-03   1.024805E-04
   732   0.000000E+00  -1.929488E-03   1.654751E-04
   733   0.000000E+00   5.042446E-04   5.877665E-04
   734   0.000000E+00  -2.315545E-05   2.359301E-05
   735   0.000000E+00   2.935158E-04   1.328803E-04
   736   0.000000E+00   3.281671E-05   3.977570E-05
   737   0.000000E+00  -4.491367E-04   7.343206E-05
   738   0.000000E+00   3.374154E-05   4.408569E-05
   739   0.000000E+00  -8.288674E-05   4.633345E-05
   740   0.000000E+00   1.092864E-03   2.016173E-04
   741   0.000000E+00  -1.125870E-03   9.603366E-05
   742   0.000000E+00   5.214828E-03   1.073694E-03
   743   0.000000E+00   1.598563E-03   1.042696E-03
   744   0.000000E+00   1.437759E-05   3.997074E-05
   745   0.000000E+00   3.522125E-05   2.547163E-05
   746   0.000000E+00   1.362021E-05   5.670562E-05
   747   0.000000E+00  -1.566253E-05   3.014662E-05
   748   0.000000E+00  -4.774238E-04   4.845909E-05
   749   0.000000E+00  -3.650593E-05   3.622306E-05
   750   0.000000E+00   1.163707E-03   2.223257E-04
   751   0.000000E+00  -1.938883E-05   2.507152E-05
   752   0.000000E+00  -5.350808E-04   9.310043E-05
   753   0.000000E+00  -1.058292E-04   4.310329E-05
   754   0.000000E+00  -6.088294E-04   8.780515E-05
   755   0.000000E+00   4.705557E-06   3.154722E-05
   756   0.000000E+00  -3.429138E-04   5.136381E-05
   757   0.000000E+00  -6.893662E-05   4.158928E-05
   758   0.000000E+00   1.994416E-05   3.979963E-05
   759   0.000000E+00   6.046590E-06   3.079421E-05
   760   0.000000E+00   6.967065E-05   9.785477E-05
   761   0.000000E+00  -1.735315E-05   6.676575E-05
   762   0.000000E+00  -5.850970E-05   2.670224E-05
   763   0.000000E+00   2.285566E-05   2.547163E-05
   764   0.000000E+00  -1.795075E-05   3.139118E-05
   765   0.000000E+00   2.541522E-04   3.726087E-05
   766   0.000000E+00   3.362783E-04   5.581810E-05
   767   0.000000E+00   3.251541E-04   5.138683E-05
   768   0.000000E+00  -4.199884E-05   3.623462E-05
   769   0.000000E+00   1.107743E-03   6.309801E-04
   770   0.000000E+00  -8.711720E-05   7.363586E-05
   771   0.000000E+00   1.571048E-04   2.747425E-05
   772   0.000000E+00   1.944022E-05   3.279285E-05
   773   0.000000E+00   6.920105E-04   7.198962E-05
   774   0.000000E+00   6.444826E-05   4.167816E-05
   775   0.000000E+00   2.245535E-04   3.016024E-05
   776   0.000000E+00   3.849699E-04   3.587868E-05
   777   0.000000E+00   2.147401E-04   6.433065E-05
   778   0.000000E+00   3.464673E-04   3.891477E-05
   779   0.000000E+00   2.302907E-04   3.053185E-05
   780   0.000000E+00   8.054235E-05   3.279801E-05
   781   0.000000E+00   1.066424E-03   2.583525E-04
   782   0.000000E+00   3.840106E-04   3.999934E-05
   783   0.000000E+00   2.929416E-04   7.473856E-05
   784   0.000000E+00   1.262299E-04   2.372358E-05
   785   0.000000E+00   1.767084E-03   2.849040E-04
   786   0.000000E+00   3.455341E-04   3.583350E-05
   787   0.000000E+00   3.691081E-04   5.229974E-05
   788   0.000000E+00   3.894216E-04   4.530177E-05
   789   0.000000E+00   1.630540E-04   2.922159E-05
   790   0.000000E+00   2.181389E-04   3.068300E-05
   791   0.000000E+00   7.913482E-05   2.603586E-05
   792   0.000000E+00   1.992219E-04   2.830580E-05
   793   0.000000E+00   1.175509E-04   2.273269E-05
   794   0.000000E+00   9.574929E-04   1.513282E-04
   795   0.000000E+00   5.128635E-04   1.230757E-04
   796   0.000000E+00   1.499613E-04   4.486014E-05
   797   0.000000E+00   3.561799E-04   7.670949E-05
   798   0.000000E+00   1.398955E-03   1.910509E-04
   799   0.000000E+00   1.071709E-04   2.645064E-05
   800   0.000000E+00   1.944046E-03   5.318033E-04
   801   0.000000E+00   5.417490E-05   2.172030E-05
   802   0.000000E+00   1.451118E-04   4.094920E-05
   803   0.000000E+00   4.512370E-04   7.061205E-05
   804   0.000000E+00   6.274271E-04   7.469525E-05
   805   0.000000E+00   1.783752E-04   4.777532E-05
   806   0.000000E+00   2.872986E-04   7.891373E-05
   807   0.000000E+00   1.606737E-03   2.245348E-04
   808   0.000000E+00   7.002165E-04   1.128870E-04
   809   0.000000E+00   3.434298E-03   8.263193E-04
   810   0.000000E+00   1.294929E-04   2.932472E-05
   811   0.000000E+00   1.192961E-03   1.452169E-04
   812   0.000000E+00   5.133445E-04   8.161353E-05
   813   0.000000E+00   1.972605E-03   2.181146E-04
   814   0.000000E+00   3.863651E-03   7.805474E-04
   815   0.000000E+00   3.072792E-03   3.362209E-04
   816   0.000000E+00   2.309829E-03   7.246632E-04
   817   0.000000E+00   7.050245E-03   1.567776E-03
   818   8.614137E-04   5.611523E-04   3.356157E-03
   819   5.735512E-04   6.875657E-04   1.710391E-03
   820   5.120814E-04   4.482939E-04   1.562812E-03
   821   3.019566E-04   1.185246E-04   1.091409E-03
   822   3.842681E-04   2.440564E-04   1.921340E-03
   823   1.977128E-04   3.989083E-04   5.533008E-04
   824   3.152747E-04   2.969302E-04   1.112734E-03
   825   2.363700E-04   3.014922E-05   1.114953E-03
   826   2.593843E-04   5.031474E-04   7.554883E-04
   827   2.493639E-04   7.240213E-05   1.068702E-03
   828   1.666844E-04   3.694934E-04   4.129259E-04
   829   4.753119E-04   1.268136E-04   3.906674E-03
   830   2.650187E-04  -6.003806E-05   1.526019E-03
   831   5.130635E-04   3.410611E-04   3.193341E-03
   832   2.930122E-04   2.104045E-04   3.855424E-03
   833   1.426340E-04   7.659039E-05   7.909465E-04
   834   8.353032E-04   1.459320E-04   2.962068E-03
   835   4.238366E-05   6.510953E-06   4.606920E-04
   836  -2.425530E-05  -5.526054E-07   1.233320E-03
   837   9.420808E-05   1.320777E-04   1.228801E-03
   838  -1.671696E-05  -6.251973E-06   1.166299E-03
   839  -1.064453E-04   7.854844E-06   3.070538E-03
   840  -2.094854E-07   1.050022E-05   6.284562E-04
   841   4.064405E-04   3.919335E-04   2.150479E-03
   842   1.473890E-06   2.239365E-04   2.210834E-03
   843   1.265255E-03   9.129411E-04   3.108734E-03
   844   4.178476E-04   2.108387E-04   9.996354E-04
   845   1.617865E-04   3.146485E-04   3.783004E-04
   846   1.869210E-04   4.443171E-04   4.700445E-04
   847   5.556226E-04   2.052997E-04   1.043096E-03
   848   2.193485E-04   4.618750E-04   5.782475E-04
   849   1.908569E-03   5.408147E-04   3.103364E-03
   850   1.128001E-03  -6.116849E-05   1.944830E-03
   851   4.406825E-04   3.989491E-04   9.880773E-04
   852   2.693891E-03  -3.637024E-04   3.788876E-03
   853   1.674476E-04   3.580015E-04   3.977377E-04
   854   2.955543E-03   1.377374E-03   3.921552E-03
   855   8.136742E-04  -1.135003E-04   1.562754E-03
   856   3.625008E-04   7.330868E-04   8.176711E-04
   857   3.516538E-03   2.344387E-03   3.820939E-03
   858   2.312104E-03   5.869315E-04   2.997542E-03
   859   1.126909E-03  -1.660440E-04   1.927438E-03
   860   3.779155E-03   7.920677E-04   4.051989E-03
   861   4.782190E-04  -3.038619E-05   9.040057E-04
   862   1.616249E-04   3.147504E-04   3.770410E-04
   863   2.101658E-04   4.281973E-04   4.952847E-04
   864   4.579599E-04   1.855951E-04   1.001370E-03
   865   4.612680E-04   6.674251E-04   1.423667E-03
   866   1.523783E-04   3.140151E-04   3.707500E-04
   867   1.948655E-04   3.719782E-04   5.083449E-04
   868   1.312327E-03   4.720694E-04   2.617673E-03
   869   2.787988E-04   2.535708E-04   1.155244E-03
   870   1.276546E-04   2.331359E-04   3.443918E-04
   871   3.302731E-04   4.107169E-05   7.758961E-04
   872   1.629554E-04   2.793251E-04   4.816414E-04
   873   2.041662E-04   1.884056E-04   7.231388E-04
   874   2.156270E-04   1.246953E-04   1.186938E-03
   875   3.527731E-04   1.666948E-04   2.200248E-03
   876   5.337397E-04  -5.576365E-05   1.622309E-03
   877   9.282673E-05   1.354135E-04   3.026959E-04
   878   1.158970E-04   1.444014E-04   4.209334E-04
   879   1.436282E-04   7.037767E-05   6.262859E-04
   880   2.998886E-04   2.199873E-04   3.877870E-03
   881   1.637244E-04   1.025900E-05   1.008569E-03
   882   2.116671E-04   9.799484E-05   9.724370E-04
   883   2.207120E-04  -2.471298E-05   4.868647E-03
   884  -8.043790E-04  -1.220464E-04   8.743249E-03
   885   9.966457E-04   6.388081E-04   3.862968E-03
   886   8.850477E-05   1.066349E-05   4.935210E-04
   887  -1.471765E-04   2.599661E-04   1.824502E-03
   888   6.876570E-05  -3.252028E-05   7.420759E-04
   889  -3.321236E-04  -8.811987E-06   2.806678E-03
   890  -1.836921E-04   1.819885E-05   1.235597E-03
   891   1.671696E-05  -3.690150E-07   1.166299E-03
   892   2.614998E-04  -2.252351E-04   1.627592E-03
   893  -2.930122E-04  -2.048030E-04   3.855424E-03
   894   2.907819E-03   4.375625E-03   4.016324E-03
   895   2.741568E-03   1.291000E-03   2.741568E-03
   896   5.470738E-05   2.480766E-06   4.400057E-04
   897   3.776962E-05   1.229326E-05   3.690843E-04
   898   4.546186E-05  -1.642587E-05   6.494551E-04
   899   4.066256E-05  -6.767946E-06   5.147159E-04
   900  -1.939310E-04   2.063093E-05   1.763009E-03
   901  -2.083952E-05   9.091779E-06   7.186043E-04
   902   9.931902E-05  -1.456157E-04   1.425632E-03
   903  -9.730228E-06  -1.764110E-05   3.559840E-04
   904  -7.086659E-04  -3.199277E-04   4.065005E-03
   905  -1.678408E-04   3.697800E-05   9.554504E-04
   906  -5.130635E-04  -3.414689E-04   3.193341E-03
   907  -4.238366E-05  -1.138461E-05   4.606920E-04
   908  -3.527731E-04  -1.635315E-04   2.200248E-03
   909   3.500810E-06  -6.084831E-05   4.566274E-04
   910  -2.363700E-04  -1.465635E-05   1.114953E-03
   911  -9.775745E-05   2.722981E-05   5.705688E-04
   912  -1.735053E-05  -7.397444E-05   9.131856E-04
   913  -7.208630E-04  -5.068648E-04   3.116122E-03
   914  -3.517735E-05  -2.613991E-05   3.103884E-04
   915  -3.776962E-05  -7.733487E-06   3.690843E-04
   916  -2.156270E-04  -1.428529E-04   1.186938E-03
   917  -3.019566E-04  -1.135876E-04   1.091409E-03
   918  -3.430974E-04  -1.632522E-04   1.322998E-03
   919  -4.167233E-04  -2.611303E-04   1.395279E-03
   920  -6.638119E-05  -3.954946E-05   3.694686E-04
   921  -3.173288E-04  -5.491761E-04   2.956479E-03
   922  -1.420582E-04  -7.539107E-05   8.307497E-04
   923  -1.436282E-04  -5.921693E-05   6.262859E-04
   924  -9.456918E-05  -8.543413E-05   4.172170E-04
   925  -5.940978E-04  -6.236648E-04   1.676664E-03
   926  -6.974222E-05  -3.853834E-05   4.798776E-04
   927  -2.041662E-04  -1.761152E-04   7.231388E-04
   928  -3.092542E-04  -2.894554E-04   9.664194E-04
   929  -1.956773E-04  -1.190005E-04   7.965155E-04
   930  -2.228164E-04  -2.885224E-04   7.418970E-04
   931  -1.251599E-04  -1.596919E-04   4.412219E-04
   932  -2.071992E-04  -2.607205E-04   7.236293E-04
   933  -1.482069E-04   1.631436E-04   1.457773E-03
   934  -2.020586E-04  -2.613567E-04   6.301204E-04
   935  -2.223071E-04  -2.065627E-04   8.054605E-04
   936  -1.629554E-04  -2.804710E-04   4.816414E-04
   937  -5.715403E-04   8.797997E-05   2.411563E-03
   938  -2.418009E-04  -3.812288E-04   6.817695E-04
   939  -3.274497E-04  -6.891231E-04   8.505187E-04
   940  -3.892124E-04  -8.745339E-04   1.023345E-03
   941  -3.487076E-04  -6.524357E-04   8.790949E-04
   942  -2.193485E-04  -4.654978E-04   5.782475E-04
   943  -2.101658E-04  -4.451503E-04   4.952847E-04
   944  -1.069189E-04  -1.883497E-04   3.178956E-04
   945  -1.276546E-04  -2.309148E-04   3.443918E-04
   946  -5.788765E-04   6.579804E-05   1.455683E-03
   947  -2.594075E-04   1.932649E-04   1.103862E-03
   948  -3.625008E-04  -7.355861E-04   8.176711E-04
   949  -3.884689E-04  -3.742351E-04   8.690579E-04
   950  -7.374836E-04  -4.306946E-05   1.831499E-03
   951  -1.617865E-04  -3.087503E-04   3.783004E-04
   952  -1.502351E-03  -1.031330E-03   3.386216E-03
   953  -1.616249E-04  -3.121756E-04   3.770410E-04
   954  -3.133507E-04  -5.418103E-04   7.372957E-04
   955  -3.697839E-04  -2.468317E-04   9.629789E-04
   956  -4.346921E-04   1.356831E-04   9.429331E-04
   957  -2.931307E-04  -2.329312E-04   6.485193E-04
   958  -4.147382E-04  -1.996352E-04   8.452545E-04
   959  -1.345678E-03  -2.885244E-04   2.214500E-03
   960  -7.275396E-04  -6.659165E-05   1.275639E-03
   961  -2.727041E-03  -1.941336E-03   4.096707E-03
   962  -1.428465E-04  -1.333175E-06   2.913253E-04
   963  -9.439981E-04   6.696329E-05   1.719487E-03
   964  -4.126256E-04   1.328345E-04   7.594335E-04
   965  -1.460938E-03   3.368204E-04   2.272066E-03
   966  -4.797439E-03  -2.512727E-03   5.591420E-03
   967  -2.848325E-03   1.879531E-04   4.080695E-03
   968  -3.352111E-03  -1.484808E-03   5.112523E-03
   969  -8.142583E-03  -3.933954E-03   8.511411E-03
   970   0.000000E+00   1.343628E-04   3.356157E-03
   971   0.000000E+00   3.227935E-05   1.710391E-03
   972   0.000000E+00   2.073356E-04   1.562812E-03
   973   0.000000E+00   1.210163E-04   1.091409E-03
   974   0.000000E+00   8.638144E-05   1.921340E-03
   975   0.000000E+00   1.259648E-05   5.533008E-04
   976   0.000000E+00   8.271819E-05   1.112734E-03
   977   0.000000E+00   1.455522E-04   1.114953E-03
   978   0.000000E+00   1.455553E-05   7.554883E-04
   979   0.000000E+00   1.337403E-04   1.068702E-03
   980   0.000000E+00   5.919962E-05   4.129259E-04
   981   0.000000E+00   3.625589E-04   3.906674E-03
   982   0.000000E+00   2.576582E-04   1.526019E-03
   983   0.000000E+00  -5.588402E-06   3.193341E-03
   984   0.000000E+00  -3.522623E-05   3.855424E-03
   985   0.000000E+00   1.521401E-04   7.909465E-04
   986   0.000000E+00   6.838502E-05   2.962068E-03
   987   0.000000E+00   7.630500E-05   4.606920E-04
   988   0.000000E+00   1.980279E-04   1.233320E-03
   989   0.000000E+00   3.019370E-04   1.228801E-03
   990   0.000000E+00   1.734298E-04   1.166299E-03
   991   0.000000E+00   7.239736E-05   3.070538E-03
   992   0.000000E+00   1.237240E-04   6.284562E-04
   993   0.000000E+00   5.512335E-05   2.150479E-03
   994   0.000000E+00  -2.725095E-04   2.210834E-03
   995   0.000000E+00   5.444983E-04   3.108734E-03
   996   0.000000E+00   1.160811E-05   9.996354E-04
   997   0.000000E+00   6.450573E-05   3.783004E-04
   998   0.000000E+00   2.299565E-05   4.700445E-04
   999   0.000000E+00  -8.015457E-05   1.043096E-03
  1000   0.000000E+00  -2.191572E-07   5.782475E-04
  1001   0.000000E+00   3.495373E-04   3.103364E-03
  1002   0.000000E+00  -3.781078E-04   1.944830E-03
  1003   0.000000E+00  -2.976631E-06   9.880773E-04
  1004   0.000000E+00  -2.521469E-04   3.788876E-03
  1005   0.000000E+00   4.336668E-05   3.977377E-04
  1006   0.000000E+00   1.966921E-03   3.921552E-03
  1007   0.000000E+00  -2.248038E-04   1.562754E-03
  1008   0.000000E+00   1.612717E-04   8.176711E-04
  1009   0.000000E+00   3.465512E-03   3.820939E-03
  1010   0.000000E+00   3.371655E-04   2.997542E-03
  1011   0.000000E+00   1.710205E-04   1.927438E-03
  1012   0.000000E+00   1.860259E-03   4.051989E-03
  1013   0.000000E+00  -1.524744E-04   9.040057E-04
  1014   0.000000E+00   5.889773E-05   3.770410E-04
  1015   0.000000E+00   6.270817E-05   4.952847E-04
  1016   0.000000E+00   8.950634E-06   1.001370E-03
  1017   0.000000E+00   1.423845E-05   1.423667E-03
  1018   0.000000E+00   3.398065E-05   3.707500E-04
  1019   0.000000E+00   1.639765E-05   5.083449E-04
  1020   0.000000E+00   1.033453E-03   2.617673E-03
  1021   0.000000E+00  -1.819459E-05   1.155244E-03
  1022   0.000000E+00   1.112359E-05   3.443918E-04
  1023   0.000000E+00  -1.896507E-05   7.758961E-04
  1024   0.000000E+00  -1.517499E-05   4.816414E-04
  1025   0.000000E+00   2.331730E-05   7.231388E-04
  1026   0.000000E+00   2.968719E-05   1.186938E-03
  1027   0.000000E+00   7.061489E-05   2.200248E-03
  1028   0.000000E+00  -4.581767E-05   1.622309E-03
  1029   0.000000E+00  -1.070354E-05   3.026959E-04
  1030   0.000000E+00   5.305417E-06   4.209334E-04
  1031   0.000000E+00   5.571964E-05   6.262859E-04
  1032   0.000000E+00  -5.275849E-05   3.877870E-03
  1033   0.000000E+00   1.243824E-04   1.008569E-03
  1034   0.000000E+00  -3.674883E-06   9.724370E-04
  1035   0.000000E+00   2.900222E-04   4.868647E-03
  1036   0.000000E+00  -3.976034E-04   8.743249E-03
  1037   0.000000E+00   1.335598E-04   3.862968E-03
  1038   0.000000E+00   6.387323E-05   4.935210E-04
  1039   0.000000E+00   4.402060E-04   1.824502E-03
  1040   0.000000E+00   1.350164E-04   7.420759E-04
  1041   0.000000E+00   3.368541E-04   2.806678E-03
  1042   0.000000E+00   1.740315E-04   1.235597E-03
  1043   0.000000E+00   1.992104E-04   1.166299E-03
  1044   0.000000E+00   3.140474E-04   1.627592E-03
  1045   0.000000E+00  -1.054270E-05   3.855424E-03
  1046   0.000000E+00   3.351335E-03   4.016324E-03
  1047   0.000000E+00   1.197479E-03   2.741568E-03
  1048   0.000000E+00   5.605147E-05   4.400057E-04
  1049   0.000000E+00   5.420172E-05   3.690843E-04
  1050   0.000000E+00   1.312109E-04   6.494551E-04
  1051   0.000000E+00   9.984496E-05   5.147159E-04
  1052   0.000000E+00   2.605768E-04   1.763009E-03
  1053   0.000000E+00   1.370148E-04   7.186043E-04
  1054   0.000000E+00   1.772486E-04   1.425632E-03
  1055   0.000000E+00   5.653072E-05   3.559840E-04
  1056   0.000000E+00   2.431095E-04   4.065005E-03
  1057   0.000000E+00   1.505487E-04   9.554504E-04
  1058   0.000000E+00  -3.981733E-05   3.193341E-03
  1059   0.000000E+00   8.041067E-05   4.606920E-04
  1060   0.000000E+00   8.789019E-05   2.200248E-03
  1061   0.000000E+00   1.231655E-04   4.566274E-04
  1062   0.000000E+00   1.594986E-04   1.114953E-03
  1063   0.000000E+00   9.160169E-05   5.705688E-04
  1064   0.000000E+00   2.622307E-04   9.131856E-04
  1065   0.000000E+00   1.425979E-05   3.116122E-03
  1066   0.000000E+00   6.554926E-05   3.103884E-04
  1067   0.000000E+00   6.215604E-05   3.690843E-04
  1068   0.000000E+00   2.821279E-05   1.186938E-03
  1069   0.000000E+00   1.276130E-04   1.091409E-03
  1070   0.000000E+00   1.328799E-04   1.322998E-03
  1071   0.000000E+00   1.094531E-04   1.395279E-03
  1072   0.000000E+00   6.085018E-05   3.694686E-04
  1073   0.000000E+00  -2.556079E-04   2.956479E-03
  1074   0.000000E+00   1.560308E-04   8.307497E-04
  1075   0.000000E+00   5.365705E-05   6.262859E-04
  1076   0.000000E+00   2.412691E-05   4.172170E-04
  1077   0.000000E+00   1.168359E-04   1.676664E-03
  1078   0.000000E+00   2.193868E-05   4.798776E-04
  1079   0.000000E+00   2.728346E-05   7.231388E-04
  1080   0.000000E+00   4.717907E-05   9.664194E-04
  1081   0.000000E+00   2.490931E-06   7.965155E-04
  1082   0.000000E+00   3.840447E-06   7.418970E-04
  1083   0.000000E+00   3.602979E-06   4.412219E-04
  1084   0.000000E+00  -8.354175E-06   7.236293E-04
  1085   0.000000E+00   1.129232E-04   1.457773E-03
  1086   0.000000E+00   7.770752E-05   6.301204E-04
  1087   0.000000E+00  -3.516221E-05   8.054605E-04
  1088   0.000000E+00  -4.770147E-07   4.816414E-04
  1089   0.000000E+00   3.377967E-04   2.411563E-03
  1090   0.000000E+00   1.893039E-05   6.817695E-04
  1091   0.000000E+00   7.778057E-05   8.505187E-04
  1092   0.000000E+00   5.629933E-05   1.023345E-03
  1093   0.000000E+00   5.691644E-05   8.790949E-04
  1094   0.000000E+00  -4.019458E-06   5.782475E-04
  1095   0.000000E+00   6.133353E-05   4.952847E-04
  1096   0.000000E+00   6.774906E-06   3.178956E-04
  1097   0.000000E+00   4.123407E-06   3.443918E-04
  1098   0.000000E+00  -1.010361E-05   1.455683E-03
  1099   0.000000E+00   8.609370E-05   1.103862E-03
  1100   0.000000E+00   1.459888E-04   8.176711E-04
  1101   0.000000E+00   6.662383E-05   8.690579E-04
  1102   0.000000E+00   3.557776E-04   1.831499E-03
  1103   0.000000E+00   5.304865E-05   3.783004E-04
  1104   0.000000E+00   7.956301E-04   3.386216E-03
  1105   0.000000E+00   6.720997E-05   3.770410E-04
  1106   0.000000E+00   5.759898E-05   7.372957E-04
  1107   0.000000E+00  -6.790156E-06   9.629789E-04
  1108   0.000000E+00  -8.412852E-05   9.429331E-04
  1109   0.000000E+00   6.967860E-06   6.485193E-04
  1110   0.000000E+00  -1.710498E-05   8.452545E-04
  1111   0.000000E+00  -2.490137E-04   2.214500E-03
  1112   0.000000E+00  -1.659936E-04   1.275639E-03
  1113   0.000000E+00   9.821835E-04   4.096707E-03
  1114   0.000000E+00  -5.361880E-05   2.913253E-04
  1115   0.000000E+00  -3.999176E-05   1.719487E-03
  1116   0.000000E+00  -1.464189E-04   7.594335E-04
  1117   0.000000E+00  -2.666796E-04   2.272066E-03
  1118   0.000000E+00   2.303506E-03   5.591420E-03
  1119   0.000000E+00   1.143085E-04   4.080695E-03
  1120   0.000000E+00   2.138803E-03   5.112523E-03
  1121   0.000000E+00   4.938679E-03   8.511411E-03
