         152           4
       1  1.11872E-02  1.05483E-02 -5.09829E+01 -5.51457E+01  2.09680E+00  2.03177E+02  1.93500E+02  2.07980E+00  5.31364E-02  7.70000E-02  3.00000E-01  5.75978E-03  0.00000E+00  3.00000E-01
       2  5.70130E-03  5.62644E-03 -8.02125E+01 -7.20331E+01  2.11870E+00  2.06983E+02  1.73297E+02  2.29780E+00  1.32240E-01  1.00600E-01  3.00000E-01 -1.32010E-02  0.00000E+00  3.00000E-01
       3  5.20937E-03  5.10792E-03 -7.61398E+01 -7.03214E+01  2.97040E+00  2.04224E+02  1.57694E+02  3.02370E+00  1.10005E-01  9.83000E-02  3.00000E-01 -6.70847E-03  0.00000E+00  3.00000E-01
       4  3.63803E-03  3.33284E-03 -6.07735E+01 -5.93916E+01  2.64100E+00  2.02024E+02  1.79503E+02  2.60000E+00  4.37645E-02  8.30000E-02  3.00000E-01  1.60664E-02  0.00000E+00  3.00000E-01
       5  6.40447E-03  5.94766E-03 -4.43900E+01 -4.29252E+01  2.62700E+00  1.95980E+02  2.03949E+02  2.49860E+00  4.14074E-02  6.00000E-02  3.00000E-01  1.62870E-02  0.00000E+00  3.00000E-01
       6  1.84434E-03  1.99878E-03 -8.71379E+01 -7.66923E+01  4.18970E+00  1.82730E+02  1.53159E+02  4.23960E+00  1.93844E-01  1.07200E-01  3.00000E-01  8.79293E-03  0.00000E+00  3.00000E-01
       7  3.70911E-03  3.79490E-03 -7.21708E+01 -6.08558E+01  2.81680E+00  1.85393E+02  1.54194E+02  3.00380E+00  8.80943E-02  8.50000E-02  3.00000E-01  8.36714E-03  0.00000E+00  3.00000E-01
       8  3.71651E-03  3.30657E-03 -4.44172E+01 -4.55340E+01  2.66940E+00  1.88924E+02  1.84950E+02  2.80100E+00  1.01735E-02  6.36000E-02  3.00000E-01  4.18533E-02  0.00000E+00  3.00000E-01
       9  2.51829E-03  2.80193E-03 -7.92144E+01 -7.37064E+01  3.32630E+00  1.73322E+02  1.33986E+02  3.59880E+00  1.74846E-01  1.03000E-01  3.00000E-01 -9.39285E-03  0.00000E+00  3.00000E-01
      10  3.56234E-03  3.42400E-03 -5.71933E+01 -5.00778E+01  3.24950E+00  1.75893E+02  1.67266E+02  3.32320E+00  2.18827E-02  7.00000E-02  3.00000E-01  3.63478E-02  0.00000E+00  3.00000E-01
      11  1.37642E-03  1.55138E-03 -8.50524E+01 -8.66754E+01  3.87500E+00  1.68157E+02  1.46387E+02  5.24270E+00  2.20002E-01  1.21100E-01  3.00000E-01  1.81723E-02  0.00000E+00  3.00000E-01
      12  1.30222E-02  1.19647E-02 -2.31397E+01 -2.61590E+01  1.95760E+00  1.82826E+02  2.01454E+02  1.89660E+00  1.33603E-02  3.65000E-02  3.00000E-01  2.41173E-02  0.00000E+00  3.00000E-01
      13  5.08673E-03  4.42659E-03 -3.16524E+01 -3.72943E+01  2.53240E+00  1.72391E+02  1.78601E+02  2.62510E+00 -1.08314E-02  5.21000E-02  3.00000E-01  6.06063E-02  0.00000E+00  3.00000E-01
      14  1.06445E-02  1.03723E-02 -3.00797E+01 -3.44990E+01  2.01780E+00  1.93354E+02  2.09083E+02  2.43910E+00  3.76098E-02  4.82000E-02  3.00000E-01 -1.02161E-02  0.00000E+00  3.00000E-01
      15  1.28514E-02  1.26940E-02 -1.63505E+01 -1.63027E+01  2.61890E+00  1.90643E+02  2.13903E+02  2.26050E+00  1.95646E-02  2.28000E-02  3.00000E-01 -2.23603E-02  0.00000E+00  3.00000E-01
      16  2.63649E-03  2.61409E-03 -4.17290E+01 -3.87077E+01  4.33610E+00  1.40996E+02  1.50981E+02  4.82940E+00  2.66062E-02  5.41000E-02  3.00000E-01  5.47327E-02  0.00000E+00  3.00000E-01
      17  9.87356E-03  9.25945E-03 -5.66491E+01 -6.05436E+01  3.43570E+00  1.58531E+02  1.25864E+02  3.59830E+00  3.68820E-02  8.46000E-02  3.00000E-01 -9.39250E-03  0.00000E+00  3.00000E-01
      18  1.53564E-03  1.35177E-03 -1.81422E+01 -1.97254E+01  4.73350E+00  1.59365E+02  1.58949E+02  4.61790E+00  5.57811E-03  2.76000E-02  3.00000E-01  5.63417E-02  0.00000E+00  3.00000E-01
      19  4.11107E-03  3.47864E-03  4.08381E-01  4.25290E+00  2.76540E+00  1.66671E+02  1.68387E+02  2.73010E+00 -2.33830E-03 -5.90000E-03  3.00000E-01  5.67638E-02  0.00000E+00  3.00000E-01
      20  4.09600E-03  3.92991E-03 -2.35897E+01 -1.64615E+01  3.52970E+00  1.29926E+02  1.43857E+02  3.54450E+00  2.48780E-02  2.30000E-02  3.00000E-01  7.84446E-02  0.00000E+00  3.00000E-01
      21  3.88766E-03  3.36745E-03  3.38179E+00  3.07820E+00  3.50300E+00  1.73009E+02  1.78698E+02  3.01190E+00 -2.05093E-03 -4.30000E-03  3.00000E-01  5.18411E-02  0.00000E+00  3.00000E-01
      22  1.02351E-02  9.87907E-03  5.27108E-01  7.42610E+00  2.47200E+00  1.86272E+02  2.04616E+02  2.28450E+00 -2.79199E-03 -1.04000E-02  3.00000E-01 -4.84044E-03  0.00000E+00  3.00000E-01
      23  2.09485E-03  1.96998E-03  5.56765E-01  6.42000E-02  3.23530E+00  1.40606E+02  1.46307E+02  3.75370E+00  5.29746E-03 -1.00000E-04  3.00000E-01  5.98328E-02  0.00000E+00  3.00000E-01
      24  7.16826E-03  6.95457E-03 -1.24547E+01 -4.05902E+01  1.00825E+01  1.38082E+02  1.11405E+02  1.00086E+01 -5.65734E-03  5.67000E-02  3.00000E-01 -2.75610E-02  0.00000E+00  3.00000E-01
      25  7.36945E-03  6.79574E-03  2.06240E+01 -1.27600E-01  6.76040E+00  1.46943E+02  1.10589E+02  7.09400E+00 -1.68140E-02  2.00000E-04  3.00000E-01 -6.08329E-02  0.00000E+00  3.00000E-01
      26  1.03624E-02  1.04418E-02 -5.57257E+01 -8.73687E+01  8.21170E+00  1.28046E+02  1.02161E+02  7.20870E+00  2.32486E-02  1.22100E-01  3.00000E-01 -2.29767E-02  0.00000E+00  3.00000E-01
      27  3.33212E-03  3.17175E-03 -7.51634E+01 -8.97611E+01  4.07440E+00  1.58831E+02  1.22064E+02  4.59060E+00  8.92331E-02  1.25400E-01  3.00000E-01 -6.40969E-03  0.00000E+00  3.00000E-01
      28  1.26100E-03  1.36867E-03 -9.01993E+01 -9.18239E+01  4.08350E+00  1.55155E+02  1.37606E+02  4.08200E+00  2.24187E-01  1.28300E-01  3.00000E-01  3.70897E-02  0.00000E+00  3.00000E-01
      29  1.56682E-03  1.79102E-03 -9.42078E+01 -8.53951E+01  3.61540E+00  1.65429E+02  1.51784E+02  3.88060E+00  2.38740E-01  1.19300E-01  3.00000E-01  3.58268E-02  0.00000E+00  3.00000E-01
      30  3.47699E-03  2.92606E-03 -8.45990E+01 -1.14358E+02  4.66580E+00  1.57547E+02  1.22178E+02  4.97350E+00  7.50421E-02  1.59800E-01  3.00000E-01 -9.16507E-03  0.00000E+00  3.00000E-01
      31  1.92749E-03  2.10860E-03 -9.01175E+01 -8.14300E+01  3.54520E+00  1.82328E+02  1.60441E+02  3.61190E+00  2.09323E-01  1.13800E-01  3.00000E-01  1.07509E-02  0.00000E+00  3.00000E-01
      32  1.03445E-02  9.95602E-03 -1.17780E+02 -1.32051E+02  4.99940E+00  1.60424E+02  1.03527E+02  5.06440E+00  7.65173E-02  1.84500E-01  3.00000E-01 -4.21512E-02  0.00000E+00  3.00000E-01
      33  6.48277E-03  5.01032E-03 -1.29643E+02 -1.24535E+02  3.79810E+00  1.71288E+02  1.22670E+02  4.11950E+00  6.91651E-02  1.74000E-01  3.00000E-01 -8.24791E-02  0.00000E+00  3.00000E-01
      34  3.29359E-03  3.08591E-03 -9.36699E+01 -9.57580E+01  3.50070E+00  1.52233E+02  1.29370E+02  3.37900E+00  1.49870E-01  1.33800E-01  3.00000E-01  6.59879E-03  0.00000E+00  3.00000E-01
      35  1.26296E-02  1.21761E-02 -1.56305E+02 -1.52696E+02  3.72370E+00  1.46631E+02  9.98517E+01  3.80120E+00  8.17784E-02  2.13300E-01  3.00000E-01 -5.28555E-02  0.00000E+00  3.00000E-01
      36  1.32579E-03  1.47581E-03 -9.85647E+01 -9.03990E+01  3.94300E+00  1.52983E+02  1.43693E+02  3.89150E+00  2.38643E-01  1.26300E-01  3.00000E-01  5.49956E-02  0.00000E+00  3.00000E-01
      37  1.30718E-02  1.47251E-02 -9.56062E+01 -1.61801E+02  6.01230E+00  1.03253E+02  8.50652E+01  6.60920E+00  1.29566E-01  2.26100E-01  3.00000E-01  2.40503E-02  0.00000E+00  3.00000E-01
      38  5.20918E-03  4.09719E-03 -1.11842E+02 -1.11794E+02  2.99430E+00  1.61932E+02  1.19721E+02  3.35420E+00  4.94399E-02  1.56200E-01  3.00000E-01 -4.72933E-02  0.00000E+00  3.00000E-01
      39  2.72557E-03  3.02347E-03 -9.39058E+01 -9.52033E+01  3.35160E+00  1.56021E+02  1.44592E+02  3.36560E+00  2.37406E-01  1.33000E-01  3.00000E-01  4.64634E-02  0.00000E+00  3.00000E-01
      40  1.27365E-02  1.02944E-02 -5.44354E+01 -1.97637E+02  6.00790E+00  8.95868E+01  6.55906E+01  7.20350E+00 -2.03199E-01  2.76100E-01  3.00000E-01 -7.17570E-02  0.00000E+00  3.00000E-01
      41  9.99181E-03  1.06572E-02 -1.11711E+02 -1.65616E+02  4.30430E+00  1.07527E+02  8.33342E+01  4.77530E+00  6.91910E-02  2.31400E-01  3.00000E-01  8.06088E-02  0.00000E+00  3.00000E-01
      42  6.42479E-03  5.86492E-03 -1.30844E+02 -1.25516E+02  3.53720E+00  1.59290E+02  1.04361E+02  3.94210E+00  6.98760E-02  1.75400E-01  3.00000E-01 -4.82613E-02  0.00000E+00  3.00000E-01
      43  1.35066E-02  1.65062E-02 -1.29949E+02 -2.00253E+02  4.68790E+00  7.66339E+01  7.05455E+01  6.39010E+00  2.02147E-01  2.79800E-01  3.00000E-01  1.04452E-01  0.00000E+00  3.00000E-01
      44  3.01335E-03  2.29371E-03 -9.98276E+01 -1.13573E+02  4.52250E+00  1.62353E+02  1.17822E+02  4.77830E+00  2.99183E-02  1.58700E-01  3.00000E-01 -4.09839E-02  0.00000E+00  3.00000E-01
      45  1.25680E-03  1.36209E-03 -8.79917E+01 -9.20753E+01  3.96280E+00  1.57885E+02  1.46072E+02  3.57010E+00  2.22807E-01  1.28600E-01  3.00000E-01  2.59593E-02  0.00000E+00  3.00000E-01
      46  1.65095E-03  1.83646E-03 -8.95688E+01 -9.10898E+01  3.34400E+00  1.71898E+02  1.61695E+02  3.60620E+00  2.23175E-01  1.27300E-01  3.00000E-01  2.48333E-02  0.00000E+00  3.00000E-01
      47  3.33790E-03  3.03689E-03 -7.93648E+01 -9.81729E+01  3.58330E+00  1.56827E+02  1.21180E+02  4.10090E+00  8.12071E-02  1.37200E-01  3.00000E-01 -1.30317E-03  0.00000E+00  3.00000E-01
      48  4.74556E-03  4.82961E-03 -8.27237E+01 -6.95816E+01  2.54100E+00  1.99833E+02  1.64613E+02  2.59370E+00  1.49152E-01  9.72000E-02  3.00000E-01 -7.96029E-03  0.00000E+00  3.00000E-01
      49  1.23583E-03  1.40671E-03 -8.13378E+01 -8.82302E+01  3.46790E+00  1.69566E+02  1.57875E+02  3.15310E+00  2.08342E-01  1.23300E-01  3.00000E-01 -3.45639E-03  0.00000E+00  3.00000E-01
      50  1.69448E-03  1.86774E-03 -8.29548E+01 -8.23289E+01  3.31840E+00  1.83567E+02  1.67328E+02  3.32990E+00  1.86384E-01  1.15000E-01  3.00000E-01  9.44696E-04  0.00000E+00  3.00000E-01
      51  8.72558E-03  9.43463E-03 -9.80209E+01 -1.07611E+02  5.32290E+00  1.34125E+02  9.51285E+01  5.75030E+00  5.64491E-02  1.50400E-01  3.00000E-01  2.62110E-02  0.00000E+00  3.00000E-01
      52  3.85081E-03  3.60725E-03 -6.45510E+01 -5.18417E+01  2.48570E+00  2.10103E+02  2.05582E+02  2.37090E+00  7.20466E-02  7.24000E-02  3.00000E-01 -2.33993E-04  0.00000E+00  3.00000E-01
      53  1.14797E-03  1.27686E-03 -7.61444E+01 -7.95708E+01  3.64480E+00  1.68584E+02  1.44946E+02  4.05920E+00  1.65833E-01  1.11200E-01  3.00000E-01 -9.18906E-03  0.00000E+00  3.00000E-01
      54  2.58632E-03  2.38686E-03 -7.98877E+01 -9.13735E+01  3.94420E+00  1.62848E+02  1.18040E+02  3.70890E+00  5.34615E-02  1.27700E-01  3.00000E-01 -1.55443E-02  0.00000E+00  3.00000E-01
      55  1.60547E-03  1.74313E-03 -8.12045E+01 -7.26749E+01  2.99110E+00  1.83794E+02  1.64762E+02  3.44310E+00  1.55199E-01  1.01500E-01  3.00000E-01 -7.14995E-04  0.00000E+00  3.00000E-01
      56  2.41046E-03  2.31516E-03 -7.14851E+01 -6.05916E+01  2.90940E+00  2.01044E+02  1.76118E+02  3.11640E+00  9.02639E-02  8.47000E-02  3.00000E-01 -1.52966E-03  0.00000E+00  3.00000E-01
      57  3.95646E-03  3.58783E-03 -5.16730E+01 -3.90104E+01  2.31750E+00  2.04182E+02  2.06014E+02  2.31160E+00  3.33733E-02  5.45000E-02  3.00000E-01  1.22378E-02  0.00000E+00  3.00000E-01
      58  7.33416E-03  6.84839E-03 -3.14994E+01 -3.44129E+01  2.42660E+00  1.92218E+02  2.06800E+02  2.04820E+00  2.70754E-02  4.81000E-02  3.00000E-01  6.40158E-03  0.00000E+00  3.00000E-01
      59  5.40770E-03  4.82275E-03 -7.26270E+01 -7.06768E+01  3.54790E+00  1.60050E+02  1.21332E+02  3.99690E+00  3.54679E-02  9.87000E-02  3.00000E-01 -2.32462E-02  0.00000E+00  3.00000E-01
      60  1.00899E-03  1.05696E-03 -7.20129E+01 -6.58570E+01  4.59500E+00  1.60498E+02  1.38512E+02  5.63270E+00  1.26056E-01  9.20000E-02  3.00000E-01  1.53804E-03  0.00000E+00  3.00000E-01
      61  1.40311E-03  1.47473E-03 -7.08617E+01 -5.91339E+01  3.37190E+00  1.71901E+02  1.71291E+02  3.71740E+00  9.71231E-02  8.26000E-02  3.00000E-01  1.92180E-02  0.00000E+00  3.00000E-01
      62  2.08762E-03  1.94938E-03 -5.94132E+01 -4.92578E+01  3.20750E+00  1.88339E+02  1.70370E+02  3.17090E+00  4.12371E-02  6.88000E-02  3.00000E-01  1.90205E-02  0.00000E+00  3.00000E-01
      63  1.29262E-02  1.28263E-02 -1.65887E+01 -1.66150E+01  2.31170E+00  1.91702E+02  2.14012E+02  2.27080E+00  2.00581E-02  2.32000E-02  3.00000E-01 -2.26495E-02  0.00000E+00  3.00000E-01
      64  3.36190E-03  2.95342E-03 -3.90613E+01 -3.48226E+01  3.01100E+00  1.89817E+02  1.92501E+02  3.20530E+00  1.38283E-03  4.87000E-02  3.00000E-01  4.30843E-02  0.00000E+00  3.00000E-01
      65  3.24146E-03  3.26777E-03 -5.41574E+01 -4.67406E+01  4.32920E+00  1.44398E+02  1.29943E+02  4.18700E+00  3.93690E-02  6.53000E-02  3.00000E-01  9.76705E-03  0.00000E+00  3.00000E-01
      66  1.62288E-02  1.52463E-02 -5.58734E+00 -9.71960E+00  1.98640E+00  1.84233E+02  2.04650E+02  1.82760E+00  1.60490E-03  1.36000E-02  3.00000E-01  7.82055E-03  0.00000E+00  3.00000E-01
      67  2.91442E-02  2.91825E-02  6.87732E+00  1.97364E+01  1.65850E+00  1.92929E+02  2.10271E+02  1.68840E+00 -9.02082E-03 -2.76000E-02  3.00000E-01 -2.96933E-02  0.00000E+00  3.00000E-01
      68  1.28766E-02  1.27991E-02 -5.54845E+01 -5.53930E+01  7.43740E+00  1.05217E+02  9.90821E+01  6.39610E+00  4.49516E-02  7.74000E-02  3.00000E-01  1.10205E-02  0.00000E+00  3.00000E-01
      69  1.64507E-03  1.53498E-03 -4.16125E+01 -3.85227E+01  2.88670E+00  1.70190E+02  1.74375E+02  3.53670E+00  5.90383E-03  5.38000E-02  3.00000E-01  4.28897E-02  0.00000E+00  3.00000E-01
      70  6.08167E-03  5.67070E-03  7.04550E+00  1.72862E+01  3.27700E+00  1.32616E+02  1.21636E+02  3.75850E+00  3.45347E-02 -2.42000E-02  3.00000E-01  7.62755E-02  0.00000E+00  3.00000E-01
      71  2.47359E-03  2.13329E-03 -2.50320E+01 -1.98976E+01  3.89570E+00  1.75416E+02  1.70702E+02  3.88190E+00 -1.70024E-02  2.78000E-02  3.00000E-01  5.98296E-02  0.00000E+00  3.00000E-01
      72  9.35559E-03  8.42864E-03  2.41432E+01  2.54342E+01  2.23560E+00  1.83336E+02  1.98916E+02  2.20800E+00 -1.77701E-03 -3.55000E-02  3.00000E-01  4.02960E-02  0.00000E+00  3.00000E-01
      73  4.11866E-03  3.59708E-03  3.22086E+01  3.19210E+01  2.31940E+00  1.75401E+02  1.72709E+02  2.61440E+00  5.04655E-03 -4.46000E-02  3.00000E-01  4.72743E-02  0.00000E+00  3.00000E-01
      74  3.88766E-03  3.36605E-03 -4.59236E+00 -3.07820E+00  3.50300E+00  1.71452E+02  1.78698E+02  3.01190E+00 -6.27462E-04  4.30000E-03  3.00000E-01  5.95463E-02  0.00000E+00  3.00000E-01
      75  5.42531E-03  4.93090E-03 -4.95394E+01 -3.44652E+01  5.16830E+00  1.56374E+02  1.07433E+02  5.64620E+00  1.66812E-02  4.82000E-02  3.00000E-01 -3.31638E-02  0.00000E+00  3.00000E-01
      76  1.28514E-02  1.27042E-02  1.61155E+01  1.63027E+01  2.61890E+00  1.90634E+02  2.13903E+02  2.26050E+00 -1.93361E-02 -2.28000E-02  3.00000E-01 -2.02083E-02  0.00000E+00  3.00000E-01
      77  1.33877E-02  1.28546E-02 -4.83334E+01 -1.55468E+02  5.77590E+00  7.53715E+01  6.82334E+01  7.73900E+00 -1.46217E-01  2.17200E-01  3.00000E-01  2.57828E-02  0.00000E+00  3.00000E-01
      78  9.13856E-03  5.98483E-03 -1.54206E+01 -2.14718E+02  6.11990E+00  3.34715E+01  5.66170E+01  9.13570E+00 -9.80385E-02  3.00000E-01  3.00000E-01  8.00109E-02  0.00000E+00  3.00000E-01
      79  1.46669E-03  1.41823E-03 -3.10442E+01 -2.66730E+01  4.69660E+00  1.34976E+02  1.32862E+02  5.12060E+00  1.05805E-03  3.73000E-02  3.00000E-01  3.97228E-02  0.00000E+00  3.00000E-01
      80  1.23028E-03  1.12502E-03 -2.59426E+01 -2.19635E+01  3.75400E+00  1.53582E+02  1.45756E+02  4.26770E+00  7.40470E-03  3.07000E-02  3.00000E-01  4.97268E-02  0.00000E+00  3.00000E-01
      81  2.16485E-03  2.12743E-03 -9.46986E+00 -1.50469E+01  4.04570E+00  1.29795E+02  1.28562E+02  4.76240E+00 -4.14197E-03  2.10000E-02  3.00000E-01  6.27153E-02  0.00000E+00  3.00000E-01
      82  1.71572E-03  1.46872E-03 -9.28181E+00 -1.69529E+01  4.11020E+00  1.61184E+02  1.64466E+02  4.08680E+00  7.53612E-04  2.37000E-02  3.00000E-01  6.83563E-02  0.00000E+00  3.00000E-01
      83  5.87670E-03  5.31444E-03  1.41276E+01  2.36044E+01  2.54170E+00  1.75867E+02  2.01731E+02  2.35250E+00 -3.91216E-03 -3.30000E-02  3.00000E-01  3.93542E-02  0.00000E+00  3.00000E-01
      84  2.39535E-03  2.04710E-03  9.23266E+00  6.25090E+00  3.73800E+00  1.66332E+02  1.71546E+02  3.66870E+00  7.31092E-03 -8.70000E-03  3.00000E-01  6.69036E-02  0.00000E+00  3.00000E-01
      85  4.75211E-03  4.30993E-03 -2.26091E+01 -1.49436E+01  5.71080E+00  1.59959E+02  1.03941E+02  6.87710E+00 -2.37900E-03  2.09000E-02  3.00000E-01 -6.91089E-02  0.00000E+00  3.00000E-01
      86  1.18661E-03  1.07695E-03  6.56358E+00  5.89020E+00  3.99590E+00  1.49342E+02  1.53860E+02  4.59740E+00 -1.60824E-02 -8.20000E-03  3.00000E-01  5.12411E-02  0.00000E+00  3.00000E-01
      87  1.35500E-02  1.26370E-02  3.62144E+01  3.74109E+01  1.99580E+00  1.90807E+02  2.02812E+02  1.97070E+00 -2.67054E-02 -5.23000E-02  3.00000E-01  1.83549E-02  0.00000E+00  3.00000E-01
      88  3.18483E-03  2.75762E-03  2.70849E+01  3.76838E+01  3.34130E+00  1.73619E+02  1.85456E+02  3.54960E+00  7.90766E-03 -5.27000E-02  3.00000E-01  5.83844E-02  0.00000E+00  3.00000E-01
      89  1.06445E-02  1.04162E-02  3.10919E+01  3.44990E+01  2.01780E+00  1.93584E+02  2.09083E+02  2.43910E+00 -3.66713E-02 -4.82000E-02  3.00000E-01 -1.27369E-02  0.00000E+00  3.00000E-01
      90  1.53564E-03  1.34865E-03  1.97872E+01  1.97254E+01  4.73350E+00  1.59904E+02  1.58949E+02  4.61790E+00 -8.31474E-03 -2.76000E-02  3.00000E-01  5.96251E-02  0.00000E+00  3.00000E-01
      91  7.33416E-03  6.87690E-03  3.10296E+01  3.44129E+01  2.42660E+00  1.92880E+02  2.06800E+02  2.04820E+00 -2.67033E-02 -4.81000E-02  3.00000E-01  9.64405E-03  0.00000E+00  3.00000E-01
      92  1.52209E-03  1.49761E-03  9.62947E+00 -1.66190E+00  4.87370E+00  1.22832E+02  1.34958E+02  5.21500E+00 -2.70523E-02  2.30000E-03  3.00000E-01  8.54746E-02  0.00000E+00  3.00000E-01
      93  3.71651E-03  3.30084E-03  4.43325E+01  4.55340E+01  2.66940E+00  1.86797E+02  1.84950E+02  2.80100E+00 -5.30569E-03 -6.36000E-02  3.00000E-01  4.74937E-02  0.00000E+00  3.00000E-01
      94  1.90190E-03  1.69568E-03  3.61428E+01  3.67685E+01  3.88200E+00  1.71323E+02  1.70325E+02  3.90010E+00  1.56259E-02 -5.14000E-02  3.00000E-01  5.38049E-02  0.00000E+00  3.00000E-01
      95  3.04395E-03  2.78172E-03  1.25391E+01  4.09800E+00  6.29160E+00  1.33877E+02  1.28315E+02  5.83360E+00 -2.01398E-02 -5.70000E-03  3.00000E-01  8.93816E-02  0.00000E+00  3.00000E-01
      96  1.03871E-02  9.70408E-03  5.17374E+01  4.96517E+01  1.89490E+00  2.04153E+02  2.04868E+02  1.86230E+00 -5.21989E-02 -6.94000E-02  3.00000E-01  2.70831E-03  0.00000E+00  3.00000E-01
      97  1.03463E-03  9.95036E-04  2.90069E+01  2.43638E+01  5.29040E+00  1.39806E+02  1.54438E+02  5.63680E+00 -2.50254E-02 -3.40000E-02  3.00000E-01  6.25428E-02  0.00000E+00  3.00000E-01
      98  1.23028E-03  1.15192E-03  2.67459E+01  2.19635E+01  3.75400E+00  1.50666E+02  1.45756E+02  4.26770E+00 -3.45902E-03 -3.07000E-02  3.00000E-01  5.57516E-02  0.00000E+00  3.00000E-01
      99  3.95646E-03  3.57703E-03  5.23975E+01  3.90104E+01  2.31750E+00  2.03168E+02  2.06014E+02  2.31160E+00 -3.81775E-02 -5.45000E-02  3.00000E-01  1.31936E-02  0.00000E+00  3.00000E-01
     100  3.63803E-03  3.31635E-03  5.96285E+01  5.93916E+01  2.64100E+00  2.03027E+02  1.79503E+02  2.60000E+00 -4.28548E-02 -8.30000E-02  3.00000E-01  1.60822E-02  0.00000E+00  3.00000E-01
     101  4.40999E-03  4.23815E-03  6.28419E+01  5.56762E+01  3.02470E+00  1.89512E+02  1.67626E+02  3.00050E+00 -4.56068E-02 -7.78000E-02  3.00000E-01  1.74308E-02  0.00000E+00  3.00000E-01
     102  4.65093E-03  4.33175E-03  6.05942E+01  6.41298E+01  3.00430E+00  2.07233E+02  1.84157E+02  2.87750E+00 -6.48897E-02 -8.96000E-02  3.00000E-01  4.13555E-03  0.00000E+00  3.00000E-01
     103  1.23156E-03  1.20286E-03  4.39026E+01  3.85853E+01  5.73760E+00  1.51910E+02  1.61140E+02  6.70480E+00 -3.12612E-02 -5.39000E-02  3.00000E-01  5.01901E-02  0.00000E+00  3.00000E-01
     104  9.85493E-03  9.59109E-03 -5.37429E+00  2.30641E+01  9.59970E+00  1.24469E+02  1.07645E+02  9.74700E+00 -4.05819E-03 -3.22000E-02  3.00000E-01 -3.93773E-02  0.00000E+00  3.00000E-01
     105  2.76917E-03  2.75890E-03  3.92494E+01  3.67031E+01  5.26070E+00  1.32377E+02  1.39582E+02  5.24910E+00 -2.12824E-02 -5.13000E-02  3.00000E-01  5.31719E-02  0.00000E+00  3.00000E-01
     106  2.08762E-03  1.98290E-03  5.98163E+01  4.92578E+01  3.20750E+00  1.91945E+02  1.70370E+02  3.17090E+00 -3.69610E-02 -6.88000E-02  3.00000E-01  1.32993E-02  0.00000E+00  3.00000E-01
     107  1.39072E-03  1.40910E-03  6.31326E+01  4.86514E+01  5.14740E+00  1.62614E+02  1.61512E+02  5.38590E+00 -5.85532E-02 -6.80000E-02  3.00000E-01  2.81585E-02  0.00000E+00  3.00000E-01
     108  5.58888E-03  5.46863E-03  7.93302E+01  7.60691E+01  2.84590E+00  2.04738E+02  1.68728E+02  3.07360E+00 -1.24210E-01 -1.06300E-01  3.00000E-01 -7.32460E-03  0.00000E+00  3.00000E-01
     109  1.59959E-03  1.59807E-03  4.15475E+01  3.12237E+01  4.52500E+00  1.36116E+02  1.28783E+02  4.74540E+00 -2.77388E-02 -4.36000E-02  3.00000E-01  2.13056E-02  0.00000E+00  3.00000E-01
     110  2.41046E-03  2.33463E-03  7.35376E+01  6.05916E+01  2.90940E+00  2.01124E+02  1.76118E+02  3.11640E+00 -8.43881E-02 -8.47000E-02  3.00000E-01 -3.74621E-04  0.00000E+00  3.00000E-01
     111  3.22140E-03  3.08707E-03  7.56576E+01  6.87448E+01  2.57530E+00  2.10938E+02  1.75875E+02  2.77020E+00 -1.10262E-01 -9.60000E-02  3.00000E-01 -1.41971E-02  0.00000E+00  3.00000E-01
     112  2.65505E-03  2.63700E-03  5.85507E+01  5.27820E+01  4.76920E+00  1.50006E+02  1.32920E+02  4.55460E+00 -5.27033E-02 -7.37000E-02  3.00000E-01  1.22517E-02  0.00000E+00  3.00000E-01
     113  2.47299E-03  2.46568E-03  8.01298E+01  6.44952E+01  3.38250E+00  2.03592E+02  1.68797E+02  3.75640E+00 -1.33008E-01 -9.01000E-02  3.00000E-01 -1.13304E-02  0.00000E+00  3.00000E-01
     114  1.47074E-03  1.56259E-03  7.39116E+01  6.09376E+01  3.68380E+00  1.77642E+02  1.44153E+02  4.23210E+00 -1.11566E-01 -8.51000E-02  3.00000E-01 -9.60150E-04  0.00000E+00  3.00000E-01
     115  2.41210E-03  2.52160E-03  6.97600E+01  6.14871E+01  2.71850E+00  1.67221E+02  1.61346E+02  3.10260E+00 -1.02577E-01 -8.59000E-02  3.00000E-01  8.38835E-03  0.00000E+00  3.00000E-01
     116  4.85924E-03  4.67267E-03  5.39681E+01  2.17985E+01  7.38860E+00  1.46534E+02  1.05102E+02  7.90260E+00 -3.20730E-02 -3.05000E-02  3.00000E-01 -3.41584E-02  0.00000E+00  3.00000E-01
     117  2.10040E-03  2.16424E-03  8.06630E+01  6.88558E+01  4.02080E+00  1.95452E+02  1.48397E+02  3.99660E+00 -1.38179E-01 -9.62000E-02  3.00000E-01  7.23854E-04  0.00000E+00  3.00000E-01
     118  2.68487E-03  2.76269E-03  6.38505E+01  5.92784E+01  5.08820E+00  1.53070E+02  1.31205E+02  5.16520E+00 -8.38013E-02 -8.28000E-02  3.00000E-01 -6.56076E-04  0.00000E+00  3.00000E-01
     119  1.60547E-03  1.76818E-03  8.10919E+01  7.26749E+01  2.99110E+00  1.80513E+02  1.64762E+02  3.44310E+00 -1.53328E-01 -1.01500E-01  3.00000E-01  1.01404E-02  0.00000E+00  3.00000E-01
     120  8.03854E-03  7.45334E-03  5.00631E+01  5.09015E+01  5.64670E+00  1.70623E+02  1.16348E+02  5.83170E+00 -1.20558E-02 -7.11000E-02  3.00000E-01 -5.47971E-02  0.00000E+00  3.00000E-01
     121  2.27257E-03  2.35404E-03  8.57762E+01  7.61701E+01  3.84970E+00  1.97896E+02  1.60800E+02  3.58570E+00 -1.68007E-01 -1.06400E-01  3.00000E-01 -7.21236E-03  0.00000E+00  3.00000E-01
     122  2.83506E-03  3.21807E-03  8.56607E+01  8.27018E+01  3.09000E+00  1.72546E+02  1.44534E+02  3.77070E+00 -1.98094E-01 -1.15500E-01  3.00000E-01  1.22753E-02  0.00000E+00  3.00000E-01
     123  3.41115E-03  3.82238E-03  8.86714E+01  8.16806E+01  2.73720E+00  1.75601E+02  1.52411E+02  2.86250E+00 -2.16815E-01 -1.14100E-01  3.00000E-01  2.02483E-02  0.00000E+00  3.00000E-01
     124  2.93032E-03  3.25035E-03  8.37481E+01  8.51497E+01  2.39760E+00  1.75674E+02  1.62344E+02  2.28950E+00 -1.89248E-01 -1.19000E-01  3.00000E-01  7.23115E-03  0.00000E+00  3.00000E-01
     125  1.92749E-03  2.12973E-03  8.76614E+01  8.14300E+01  3.54520E+00  1.84267E+02  1.60441E+02  3.61190E+00 -2.07441E-01 -1.13800E-01  3.00000E-01  9.25531E-04  0.00000E+00  3.00000E-01
     126  1.65095E-03  1.87553E-03  8.96554E+01  9.10898E+01  3.34400E+00  1.73492E+02  1.61695E+02  3.60620E+00 -2.25907E-01 -1.27300E-01  3.00000E-01  2.23498E-02  0.00000E+00  3.00000E-01
     127  1.05965E-03  1.16937E-03  7.19308E+01  7.22056E+01  4.37510E+00  1.66274E+02  1.27268E+02  4.80780E+00 -1.57217E-01 -1.00900E-01  3.00000E-01 -2.03878E-02  0.00000E+00  3.00000E-01
     128  1.14797E-03  1.26497E-03  7.78625E+01  7.95708E+01  3.64480E+00  1.67230E+02  1.44946E+02  4.05920E+00 -1.66233E-01 -1.11200E-01  3.00000E-01 -7.80209E-03  0.00000E+00  3.00000E-01
     129  4.85228E-03  4.31281E-03  7.35884E+01  8.53516E+01  4.42960E+00  1.65613E+02  1.15338E+02  5.08700E+00 -2.00848E-02 -1.19300E-01  3.00000E-01 -2.17924E-02  0.00000E+00  3.00000E-01
     130  3.67954E-03  3.26383E-03  5.37699E+01  5.04692E+01  5.06090E+00  1.52618E+02  1.17951E+02  5.57950E+00  4.04104E-03 -7.05000E-02  3.00000E-01 -7.49868E-03  0.00000E+00  3.00000E-01
     131  2.72557E-03  3.02533E-03  9.49604E+01  9.52033E+01  3.35160E+00  1.57394E+02  1.44592E+02  3.36560E+00 -2.36519E-01 -1.33000E-01  3.00000E-01  4.42116E-02  0.00000E+00  3.00000E-01
     132  2.89686E-03  2.81727E-03  7.90517E+01  9.59976E+01  4.33880E+00  1.58954E+02  1.25222E+02  4.68940E+00 -1.40773E-01 -1.34100E-01  3.00000E-01 -2.14385E-03  0.00000E+00  3.00000E-01
     133  6.10500E-03  5.99738E-03  9.89357E+01  8.64738E+01  4.31310E+00  1.60611E+02  1.08404E+02  4.79760E+00 -6.70345E-02 -1.20800E-01  3.00000E-01 -2.29987E-02  0.00000E+00  3.00000E-01
     134  1.26100E-03  1.34155E-03  8.87928E+01  9.18239E+01  4.08350E+00  1.58619E+02  1.37606E+02  4.08200E+00 -2.20875E-01 -1.28300E-01  3.00000E-01  2.28739E-02  0.00000E+00  3.00000E-01
     135  1.12874E-02  1.17470E-02  6.44851E+01  9.52826E+01  8.11970E+00  1.34513E+02  1.02093E+02  6.80250E+00 -1.96324E-02 -1.33100E-01  3.00000E-01 -2.57062E-02  0.00000E+00  3.00000E-01
     136  1.25680E-03  1.36123E-03  8.64768E+01  9.20753E+01  3.96280E+00  1.58471E+02  1.46072E+02  3.57010E+00 -2.20114E-01 -1.28600E-01  3.00000E-01  2.71253E-02  0.00000E+00  3.00000E-01
     137  2.45765E-03  2.56359E-03  9.55513E+01  9.12632E+01  3.29800E+00  1.50481E+02  1.39211E+02  3.28030E+00 -2.12215E-01 -1.27500E-01  3.00000E-01  3.52536E-02  0.00000E+00  3.00000E-01
     138  3.20993E-03  3.11266E-03  6.84556E+01  8.24222E+01  3.56590E+00  1.60107E+02  1.26230E+02  3.92700E+00 -8.71076E-02 -1.15200E-01  3.00000E-01 -1.66703E-02  0.00000E+00  3.00000E-01
     139  3.14311E-03  2.67903E-03  8.63382E+01  9.89743E+01  3.80460E+00  1.61736E+02  1.11957E+02  3.76270E+00 -1.13321E-02 -1.38300E-01  3.00000E-01 -1.85528E-02  0.00000E+00  3.00000E-01
     140  2.16173E-03  1.98013E-03  9.48121E+01  9.70276E+01  4.30390E+00  1.50160E+02  1.29884E+02  4.05950E+00 -1.38038E-01 -1.35600E-01  3.00000E-01  1.25477E-02  0.00000E+00  3.00000E-01
     141  2.81751E-03  2.44292E-03  8.49475E+01  1.05362E+02  4.43740E+00  1.53802E+02  1.25949E+02  4.98880E+00 -9.54280E-02 -1.47200E-01  3.00000E-01 -1.57296E-03  0.00000E+00  3.00000E-01
     142  7.38167E-03  6.26480E-03  1.14161E+02  1.30449E+02  4.55590E+00  1.64221E+02  1.11069E+02  4.77790E+00 -6.08062E-02 -1.82300E-01  3.00000E-01 -5.57760E-02  0.00000E+00  3.00000E-01
     143  4.25213E-03  3.40675E-03  1.16790E+02  1.22448E+02  4.22050E+00  1.65035E+02  1.22967E+02  4.61680E+00 -6.35408E-02 -1.71100E-01  3.00000E-01 -5.16682E-02  0.00000E+00  3.00000E-01
     144  1.36557E-02  1.43243E-02  6.42489E+01  1.42943E+02  7.38560E+00  9.57370E+01  8.77775E+01  7.51160E+00  3.57679E-02 -1.99700E-01  3.00000E-01 -4.24129E-02  0.00000E+00  3.00000E-01
     145  9.71084E-04  7.74798E-04  9.70221E+01  1.05273E+02  4.89950E+00  1.54638E+02  1.22078E+02  5.21350E+00 -5.36228E-02 -1.47100E-01  3.00000E-01 -3.14107E-02  0.00000E+00  3.00000E-01
     146  5.73162E-03  4.89158E-03  1.21737E+02  1.17864E+02  3.54300E+00  1.61095E+02  1.11039E+02  3.97860E+00 -6.60445E-02 -1.64700E-01  3.00000E-01 -4.72448E-02  0.00000E+00  3.00000E-01
     147  2.53145E-03  1.91191E-03  1.20932E+02  1.16630E+02  4.58890E+00  1.66443E+02  1.15629E+02  5.27200E+00 -3.59686E-02 -1.63000E-01  3.00000E-01 -7.73974E-02  0.00000E+00  3.00000E-01
     148  7.57355E-03  6.77454E-03  1.61139E+02  1.38060E+02  4.37150E+00  1.60917E+02  1.11025E+02  4.52190E+00 -1.13422E-01 -1.92900E-01  3.00000E-01 -8.38387E-02  0.00000E+00  3.00000E-01
     149  1.86381E-02  2.04136E-02  1.07484E+02  1.84203E+02  4.12540E+00  1.03863E+02  8.31491E+01  4.92460E+00 -9.93540E-02 -2.57400E-01  3.00000E-01  1.23801E-02  0.00000E+00  3.00000E-01
     150  1.36023E-02  1.32760E-02  1.38327E+02  1.49848E+02  3.14210E+00  1.41387E+02  9.61340E+01  3.36050E+00 -5.14839E-02 -2.09400E-01  3.00000E-01 -2.30245E-02  0.00000E+00  3.00000E-01
     151  1.70417E-02  1.86572E-02  8.55597E+01  1.40762E+02  4.94690E+00  1.01120E+02  8.62257E+01  5.18530E+00 -8.13783E-02 -1.96700E-01  3.00000E-01  3.07815E-02  0.00000E+00  3.00000E-01
     152  2.83714E-02  2.48070E-02  8.27421E+01  2.05386E+02  3.59980E+00  9.95203E+01  6.31672E+01  4.93640E+00  7.62415E-03 -2.87000E-01  3.00000E-01 -1.34425E-01  0.00000E+00  3.00000E-01
