 smom1,sph1,sth1,slr1
          16           6           6          10
 phi boundaries
  0.00000E+00  2.61799E-01  5.23599E-01  7.85398E-01  1.04720E+00  1.30900E+00  1.57080E+00
 theta boundaries
  0.00000E+00  2.61799E-01  5.23599E-01  7.85398E-01  1.04720E+00  1.30900E+00  1.57080E+00
 radius boundaries in arcsec
  0.00000E+00  1.19639E+00  1.80726E+00  2.73003E+00  4.12397E+00  6.22963E+00  9.41044E+00  1.42153E+01  2.14736E+01  3.24379E+01  9.80009E+03
                                                                              phi,theta,r,mgemass,fitmass,errmass,x,y,z 
                                           (in arcsec),vx,vy,vz,xv2,vy2,vz2,vxvy,vyvz,vzvx,orbit long, orbit short,boxes
       1       1       1  4.16076E-04  4.36528E-04  4.16076E-06  9.64671E-02  1.34081E-02  5.30033E-01  5.88090E-01  1.14279E+01  2.81101E+00  4.23688E+04  2.25313E+04  7.59080E+04  1.39016E+03  1.22115E+03  1.37081E+04  7.99715E-05  5.54363E-07  3.56002E-04
       1       1       2  1.18469E-04  8.38594E-05  1.18469E-06  2.48260E-01  3.57449E-02  1.46472E+00 -2.18813E-02  1.66359E+02  5.69292E+00  4.16607E+04  6.27645E+04  6.46415E+04  2.00465E+03  3.13174E+03  6.61205E+03  5.46233E-05  0.00000E+00  2.92361E-05
       1       1       3  2.04362E-04  1.34310E-04  2.04362E-06  3.82970E-01  6.17982E-02  2.19430E+00  6.71885E+00  4.63372E+01 -2.46456E+01  4.77428E+04  3.00257E+04  6.27414E+04  6.17849E+03 -1.13323E+03  1.07670E+04  5.68257E-05  0.00000E+00  7.74847E-05
       1       1       4  2.87990E-04  1.87588E-04  2.87990E-06  5.41544E-01  7.63667E-02  3.51815E+00  2.82289E+00  4.74286E+01 -1.29260E+01  5.45095E+04  6.39627E+04  4.83251E+04  4.28838E+03 -1.63832E+03  7.66956E+03  1.27254E-04  0.00000E+00  6.03340E-05
       1       1       5  2.63849E-04  3.25766E-04  2.63849E-06  8.30974E-01  1.16708E-01  5.22106E+00 -1.10030E+00  3.52271E+01 -6.47167E+00  1.44621E+04  2.97011E+04  3.26586E+04  1.39727E+02 -7.25128E+02  4.81579E+03  2.56839E-04  0.00000E+00  6.89275E-05
       1       1       6  2.13513E-04  3.42955E-04  2.13513E-06  1.21905E+00  1.57093E-01  6.97185E+00  1.76624E+00  1.39187E+01  2.54531E+00  5.24408E+03  8.85092E+03  1.55736E+04 -2.26570E+01 -3.61992E+02  3.59877E+03  1.25588E-04  0.00000E+00  2.17367E-04
       1       1       7  2.15901E-04  1.76755E-04  2.15901E-06  1.91659E+00  2.77213E-01  1.23469E+01  3.17897E+00 -1.99896E+02  1.60774E+01  1.77716E+04  5.33325E+04  3.25116E+04  4.10746E+01 -1.83266E+03  4.59311E+03  1.33604E-04  0.00000E+00  4.31512E-05
       1       1       8  3.61585E-04  4.38133E-04  3.61585E-06  3.11835E+00  4.27575E-01  1.80738E+01  4.74594E-01 -1.05922E+02  9.33172E+00  7.42809E+03  1.91113E+04  2.68811E+04  1.18203E+02 -4.43500E+02  3.79137E+03  2.66838E-04  0.00000E+00  1.71294E-04
       1       1       9  3.82219E-04  5.56444E-04  3.82219E-06  4.69970E+00  6.07535E-01  2.42847E+01  2.71279E+00 -3.00189E+01  8.90660E+00  1.87642E+03  4.52498E+03  8.69649E+03 -1.82782E-01 -1.98153E+01  1.60559E+03  1.23242E-04  0.00000E+00  4.33203E-04
       1       1      10  1.73909E-04  1.77493E-04  1.73909E-06  1.19366E+01  1.51668E+00  6.71848E+01 -4.77246E+00 -1.36715E+02 -4.24008E+00  6.78567E+03  3.22619E+04  1.90582E+04  6.92573E+02 -5.99016E+02  2.70149E+03  1.09601E-04  0.00000E+00  6.78925E-05
       1       2       1  1.25764E-03  1.15130E-03  1.25764E-05  2.28801E-01  3.04869E-02  5.52773E-01  1.67573E+00 -2.40256E+01 -3.59723E+00  3.70922E+04  2.91248E+04  5.89079E+04  1.02037E+03  2.21998E+03  1.44126E+04  2.00674E-08  2.86415E-04  8.64866E-04
       1       2       2  3.61624E-04  2.38054E-04  3.61624E-06  5.60519E-01  7.80471E-02  1.39212E+00 -7.23863E-01 -5.56474E+00 -1.41651E+00  5.01127E+04  1.07423E+04  1.12237E+05  3.07424E+03  3.70154E+03  3.86536E+04  0.00000E+00  5.18188E-06  2.32872E-04
       1       2       3  6.21358E-04  6.02370E-04  6.21358E-06  8.39257E-01  1.18097E-01  2.10138E+00  5.17381E+00 -6.57353E-02  8.59686E+00  2.31969E+04  3.12977E+03  4.39644E+04  3.34312E+03  1.94804E+03  1.72104E+04  0.00000E+00  0.00000E+00  6.02370E-04
       1       2       4  8.98786E-04  2.20393E-04  8.98786E-06  1.37725E+00  1.86047E-01  3.15660E+00  1.16520E+01 -1.02643E+02  2.44962E+00  8.56298E+04  5.32457E+04  1.16991E+05  8.95500E+03  7.51728E+03  5.38858E+04  0.00000E+00  5.13191E-05  1.69074E-04
       1       2       5  8.39267E-04  3.01794E-04  8.39267E-06  2.06511E+00  2.52357E-01  4.78120E+00  4.53973E+00 -4.42813E+00  6.94635E+00  2.32101E+04  2.61751E+03  9.60133E+04  3.02426E+03  6.71938E+03  3.91730E+04  0.00000E+00  1.65546E-06  3.00139E-04
       1       2       6  7.14505E-04  6.32731E-04  7.14505E-06  2.93504E+00  3.71867E-01  6.90047E+00  5.07431E-01  2.29683E+00  4.97678E+00  7.71327E+03  6.63311E+02  4.07384E+04  1.02666E+03  1.94070E+03  1.51176E+04  0.00000E+00  0.00000E+00  6.32731E-04
       1       2       7  7.00894E-04  3.09349E-04  7.00894E-06  4.61345E+00  6.19187E-01  1.09354E+01 -9.56756E-01 -2.49793E-02 -6.55557E+00  1.69009E+04  3.75470E+03  1.00101E+05  1.08285E+03  3.65055E+03  3.76728E+04  0.00000E+00  3.36771E-06  3.05981E-04
       1       2       8  1.15275E-03  6.72426E-04  1.15275E-05  7.02270E+00  9.92737E-01  1.66153E+01 -2.72105E+00  8.83119E-01 -2.43389E+00  8.78367E+03  4.88907E+02  5.27389E+04  1.07623E+03  2.52840E+03  2.02299E+04  0.00000E+00  0.00000E+00  6.72426E-04
       1       2       9  1.30228E-03  1.63113E-03  1.30228E-05  1.01136E+01  1.30243E+00  2.35040E+01  1.17709E+00 -1.25215E+00 -5.84343E-01  2.19840E+03  2.12323E+02  1.17592E+04  2.47226E+02  5.02490E+02  4.58240E+03  0.00000E+00  0.00000E+00  1.63113E-03
       1       2      10  6.01498E-04  5.77976E-04  6.01498E-06  3.08835E+01  4.31967E+00  7.02968E+01  6.82918E+00  1.80476E+00  1.83617E+01  6.50075E+03  2.23924E+02  3.35320E+04  9.14092E+02  2.02893E+03  1.44722E+04  0.00000E+00  0.00000E+00  5.77976E-04
       1       3       1  2.11170E-03  2.22929E-03  2.11170E-05  3.48500E-01  4.66970E-02  4.73303E-01  2.90959E+00 -1.80649E+01 -1.26795E+00  3.21536E+04  3.59511E+04  3.82312E+04 -1.14399E+03 -2.16622E+02  2.15494E+03  0.00000E+00  1.75092E-03  4.78373E-04
       1       3       2  6.19953E-04  5.65383E-04  6.19953E-06  9.04371E-01  1.13029E-01  1.20182E+00 -9.23827E-01  2.92907E+01  3.77627E-01  5.39278E+04  2.70665E+04  5.77650E+04  2.12342E+03  2.08190E+03  1.91240E+04  0.00000E+00  3.92739E-04  1.72645E-04
       1       3       3  1.05406E-03  1.13608E-03  1.05406E-05  1.35922E+00  1.81671E-01  1.79976E+00  2.15368E+00 -4.97059E+01 -1.39097E+00  2.04815E+04  8.78138E+03  2.84035E+04  1.60670E+03  1.16456E+03  9.98455E+03  0.00000E+00  7.21296E-04  4.14788E-04
       1       3       4  1.60157E-03  9.71604E-04  1.60157E-05  2.02171E+00  2.64930E-01  2.82282E+00  4.10356E+01 -2.52361E+02  4.15128E+00  4.24533E+04  9.14414E+04  4.74111E+04 -8.47158E+03  2.38454E+03  1.85987E+04  0.00000E+00  7.39218E-04  2.32385E-04
       1       3       5  1.55767E-03  1.46213E-03  1.55767E-05  3.27585E+00  4.31775E-01  4.08009E+00  1.74794E+01 -1.30823E+02 -6.60374E+00  3.69025E+04  2.70190E+04  3.65566E+04  4.15376E+02  2.32695E+03  1.47764E+04  0.00000E+00  1.02068E-03  4.41454E-04
       1       3       6  1.46404E-03  2.11554E-03  1.46404E-05  4.20037E+00  5.43136E-01  5.78232E+00  6.64334E+00 -7.49713E+01 -1.22839E+00  1.19345E+04  1.27597E+04  2.00304E+04 -2.02783E+02  9.59260E+02  8.06705E+03  0.00000E+00  1.03277E-03  1.08277E-03
       1       3       7  1.41450E-03  1.17340E-03  1.41450E-05  7.23160E+00  9.54275E-01  9.73989E+00  2.92802E+01 -1.83779E+02 -4.25028E-01  2.75928E+04  5.06732E+04  4.11555E+04 -3.91276E+03  1.50082E+03  1.27284E+04  0.00000E+00  8.94801E-04  2.78599E-04
       1       3       8  2.14291E-03  2.25572E-03  2.14291E-05  1.07967E+01  1.42215E+00  1.44366E+01  1.98555E+01 -1.13394E+02  4.26807E+00  1.62539E+04  2.10062E+04  2.64049E+04 -9.46966E+02  1.19633E+03  8.40515E+03  0.00000E+00  1.61145E-03  6.44270E-04
       1       3       9  2.75797E-03  2.79209E-03  2.75797E-05  1.47611E+01  1.95532E+00  1.98830E+01  8.24703E+00 -4.83380E+01  1.49819E+00  6.34936E+03  6.26508E+03  1.07734E+04 -1.03857E+02  3.95462E+02  4.18879E+03  0.00000E+00  1.44127E-03  1.35082E-03
       1       3      10  1.45482E-03  1.69889E-03  1.45482E-05  4.56749E+01  6.08442E+00  6.05934E+01  7.12080E+00 -3.17246E+01 -2.92729E+00  1.47512E+04  2.64818E+03  2.50200E+04  1.49131E+03  1.36341E+03  1.01033E+04  0.00000E+00  8.45294E-04  8.53593E-04
       1       4       1  2.93494E-03  3.20079E-03  2.93494E-05  4.88095E-01  6.41601E-02  3.46056E-01  1.40601E+01 -1.30234E+02  9.27096E-01  2.98624E+04  5.69937E+04  2.79359E+04 -3.38465E+03 -3.36694E+02  2.21423E+03  0.00000E+00  2.75459E-03  4.46207E-04
       1       4       2  8.88458E-04  8.75086E-04  8.88458E-06  1.22673E+00  1.62241E-01  8.58083E-01 -4.62852E-01 -1.51624E+01 -3.17837E+00  5.39240E+04  4.77829E+04  2.70891E+04 -2.19145E+02  1.19939E+03  6.72254E+03  0.00000E+00  6.94828E-04  1.80257E-04
       1       4       3  1.48261E-03  1.56365E-03  1.48261E-05  1.77738E+00  2.36444E-01  1.27139E+00  1.42568E+01 -5.03351E+01  3.12107E+00  2.12336E+04  2.83731E+04  1.63467E+04 -2.20801E+03 -1.79781E+02  4.03238E+03  0.00000E+00  1.06348E-03  5.00169E-04
       1       4       4  2.39895E-03  1.67260E-03  2.39895E-05  2.81807E+00  3.70820E-01  2.01341E+00  1.72900E+01 -1.22516E+02  1.59000E+00  3.95371E+04  1.09683E+05  2.65861E+04 -1.10894E+04  7.44864E+02  4.00947E+03  0.00000E+00  1.53362E-03  1.38978E-04
       1       4       5  2.47945E-03  2.63968E-03  2.47945E-05  4.18670E+00  5.50964E-01  2.99617E+00  1.30754E+01 -1.01415E+02  2.38202E+00  3.98404E+04  3.66055E+04  2.41644E+04  1.28140E+03  2.51742E+02  5.33855E+03  0.00000E+00  2.34537E-03  2.94312E-04
       1       4       6  2.64977E-03  2.86732E-03  2.64977E-05  5.92672E+00  8.12085E-01  3.99766E+00  6.17688E+00 -4.12975E+01  5.38357E+00  1.86151E+04  1.89646E+04  1.02511E+04 -4.51736E+02 -1.41858E+02  4.75954E+03  0.00000E+00  2.29952E-03  5.67808E-04
       1       4       7  2.77420E-03  2.29194E-03  2.77420E-05  9.82522E+00  1.29950E+00  6.88282E+00  3.21616E+01 -2.32145E+02  2.24772E+00  3.32666E+04  7.05379E+04  2.51732E+04 -5.11919E+03  5.57669E+02  5.54251E+03  0.00000E+00  2.06534E-03  2.26598E-04
       1       4       8  3.48722E-03  4.09819E-03  3.48722E-05  1.48168E+01  1.97747E+00  1.01959E+01  1.66789E+01 -1.31628E+02 -3.35665E+00  2.62027E+04  2.48973E+04  1.58924E+04 -4.95384E+01  6.17264E+02  3.50961E+03  0.00000E+00  3.55683E-03  5.41356E-04
       1       4       9  5.18610E-03  5.84025E-03  5.18610E-05  2.04816E+01  2.80292E+00  1.40680E+01  8.08849E+00 -6.74145E+01  1.70825E+00  1.03236E+04  8.49930E+03  5.95969E+03  2.02386E+02  1.32363E+02  1.33269E+03  0.00000E+00  4.48155E-03  1.35870E-03
       1       4      10  3.88160E-03  4.59500E-03  3.88160E-05  5.80593E+01  7.66851E+00  3.90563E+01  1.66309E+01 -1.20784E+02  1.54265E+00  2.04719E+04  2.46120E+04  9.93588E+03 -8.31396E+02  5.81962E+01  1.81002E+03  0.00000E+00  4.13388E-03  4.61124E-04
       1       5       1  3.61998E-03  3.37517E-03  3.61998E-05  5.26045E-01  6.90683E-02  2.26117E-01  1.91555E+01 -1.41349E+02 -7.17658E-02  2.84881E+04  5.24160E+04  3.53956E+04 -3.24764E+03 -3.71607E+02  1.32355E+03  0.00000E+00  2.95420E-03  4.20976E-04
       1       5       2  1.13257E-03  1.12287E-03  1.13257E-05  1.37997E+00  1.85091E-01  5.93301E-01  6.86490E+00 -3.63797E+01  3.04214E+00  7.09950E+04  4.47676E+04  3.07857E+04  3.49353E+03  5.30080E+02  4.00547E+03  0.00000E+00  9.20996E-04  2.01870E-04
       1       5       3  1.84808E-03  1.92758E-03  1.84808E-05  1.99241E+00  2.66912E-01  8.45222E-01 -1.75819E+00 -6.01852E+01 -3.28083E-01  4.18620E+04  2.66374E+04  2.05914E+04  4.01309E+03  6.29228E+02  1.12517E+03  0.00000E+00  1.44617E-03  4.81405E-04
       1       5       4  3.17340E-03  1.83926E-03  3.17340E-05  3.13809E+00  4.12567E-01  1.31822E+00  2.80294E+01 -1.02091E+02 -1.91475E+00  5.51646E+04  6.84177E+04  4.74894E+04 -3.40124E+03  4.47769E+03  4.00438E+02  0.00000E+00  1.68358E-03  1.55686E-04
       1       5       5  3.50381E-03  3.56172E-03  3.50381E-05  4.81087E+00  6.24562E-01  2.07272E+00  1.04305E+01 -7.06162E+01  6.69793E-01  4.15749E+04  3.14395E+04  2.41116E+04  1.63221E+03 -4.01197E+03  4.04612E+03  0.00000E+00  3.28702E-03  2.74705E-04
       1       5       6  4.22006E-03  4.45835E-03  4.22006E-05  6.60338E+00  8.31665E-01  2.82411E+00  1.34083E+01 -5.47499E+01 -1.05335E+00  3.14629E+04  1.67136E+04  1.30120E+04  1.62110E+03  2.11579E+03  2.57429E+03  0.00000E+00  3.84847E-03  6.09878E-04
       1       5       7  5.28933E-03  3.12440E-03  5.28933E-05  1.09045E+01  1.44595E+00  4.59305E+00  2.11814E+01 -1.65000E+02 -1.70963E+00  5.33510E+04  4.22212E+04  3.03659E+04  1.75814E+03  1.31279E+03  7.02718E+03  0.00000E+00  2.52172E-03  6.02676E-04
       1       5       8  5.55870E-03  5.82121E-03  5.55870E-05  1.65494E+01  2.22422E+00  6.86058E+00  1.31434E+01 -1.05362E+02  4.41141E+00  3.36716E+04  1.83463E+04  1.49302E+04  2.31866E+03  2.68346E+02  4.76563E+03  0.00000E+00  4.53417E-03  1.28703E-03
       1       5       9  8.54071E-03  9.62316E-03  8.54071E-05  2.34194E+01  3.16702E+00  9.43349E+00  6.70225E+00 -4.77974E+01 -2.85198E+00  1.15210E+04  5.58107E+03  4.85320E+03  9.08976E+02  4.44958E+02  1.95949E+03  0.00000E+00  6.00659E-03  3.61657E-03
       1       5      10  1.03150E-02  5.94937E-03  1.03150E-04  6.38640E+01  8.42078E+00  2.76271E+01  1.65847E+01 -1.14583E+02  1.80204E+00  2.43553E+04  2.20370E+04  9.57097E+03  3.52726E+02 -1.77128E+02  1.86931E+03  0.00000E+00  5.30291E-03  6.46464E-04
       1       6       1  4.01876E-03  4.20970E-03  4.01876E-05  5.68845E-01  7.60192E-02  7.57597E-02  1.42147E+01 -1.22392E+02 -9.25448E-01  3.40562E+04  4.05392E+04  3.15758E+04 -2.25688E+02  3.38929E+02  1.18310E+03  0.00000E+00  3.17234E-03  1.03736E-03
       1       6       2  1.28529E-03  1.29889E-03  1.28529E-05  1.48547E+00  1.94422E-01  1.98956E-01 -3.45965E+00  2.22907E+01 -4.74627E-01  6.12038E+04  4.41535E+04  2.73732E+04  1.02558E+03  5.22850E+02 -1.66136E+03  0.00000E+00  1.14466E-03  1.54236E-04
       1       6       3  2.06454E-03  2.17666E-03  2.06454E-05  2.17605E+00  2.91698E-01  2.86597E-01  6.69380E+00 -5.67250E+01 -1.01817E+00  4.30731E+04  1.96115E+04  1.94630E+04  3.24820E+03 -1.49069E+02 -2.94523E+03  0.00000E+00  1.68534E-03  4.91314E-04
       1       6       4  3.67594E-03  2.84934E-03  3.67594E-05  3.37891E+00  4.49510E-01  4.54958E-01  1.44057E+01 -1.03748E+02 -7.29426E-01  4.79257E+04  8.92465E+04  3.78583E+04 -5.11978E+03  1.29663E+03  3.59833E+03  0.00000E+00  2.57814E-03  2.71199E-04
       1       6       5  4.24237E-03  4.65836E-03  4.24237E-05  5.15221E+00  6.76854E-01  6.78403E-01  6.70686E+00 -5.69581E+01  5.74553E-01  4.46435E+04  4.18771E+04  1.50443E+04  5.89258E+02 -6.94000E+02  3.28903E+03  0.00000E+00  4.16798E-03  4.90371E-04
       1       6       6  5.48603E-03  6.33004E-03  5.48603E-05  7.06260E+00  9.70922E-01  9.49799E-01  1.83563E+00 -5.16738E+01 -3.53653E+00  2.76309E+04  1.78362E+04  1.11625E+04  1.76348E+03  1.26602E+03  3.05729E+03  0.00000E+00  5.29287E-03  1.03717E-03
       1       6       7  7.98819E-03  5.84378E-03  7.98819E-05  1.17440E+01  1.57172E+00  1.64330E+00  2.94946E+01 -2.30586E+02  2.11765E-01  3.75573E+04  7.00946E+04  1.79385E+04 -3.88551E+03  7.51852E+02  3.90564E+03  0.00000E+00  4.94330E-03  9.00481E-04
       1       6       8  8.11683E-03  1.02606E-02  8.11683E-05  1.77257E+01  2.37789E+00  2.48540E+00  1.86497E+01 -1.48467E+02 -1.39760E+00  2.86813E+04  3.05254E+04  8.75822E+03 -9.13811E+01  4.51813E+02  2.28190E+03  0.00000E+00  8.54682E-03  1.71376E-03
       1       6       9  1.14154E-02  1.28428E-02  1.14154E-04  2.42426E+01  3.34131E+00  3.61935E+00  9.02909E+00 -7.77068E+01  1.11843E+00  1.15228E+04  1.17182E+04  3.66105E+03  6.58632E+01  7.32176E+01  9.13950E+02  0.00000E+00  8.66823E-03  4.17458E-03
       1       6      10  1.95684E-02  2.31157E-02  1.95684E-04  6.36463E+01  8.51661E+00  8.22834E+00  2.50422E+01 -1.94146E+02  9.60078E-01  1.59997E+04  4.86681E+04  3.35489E+03 -4.24575E+03 -1.06478E+02  5.86662E+02  0.00000E+00  2.06874E-02  2.42830E-03
       2       1       1  4.16047E-04  3.96288E-04  4.16047E-06  9.66412E-02  3.91803E-02  5.65997E-01  5.40984E+00  1.95221E+01  6.00640E+00  4.66140E+04  2.99004E+04  9.93625E+04  6.39625E+03  2.88624E+03  2.00704E+04  8.25395E-05  2.01587E-07  3.13547E-04
       2       1       2  1.18459E-04  1.50325E-04  1.18459E-06  2.71633E-01  1.13672E-01  1.47263E+00  1.41910E+01  1.11929E+02 -1.50729E+01  3.35373E+04  3.94768E+04  7.89557E+04  1.97783E+03 -1.04293E+03  9.35478E+03  6.99852E-05  0.00000E+00  8.03401E-05
       2       1       3  2.04349E-04  2.44076E-04  2.04349E-06  4.13932E-01  1.65907E-01  2.16232E+00 -7.88364E+00  3.39827E+01 -6.44002E+00  2.55065E+04  1.95667E+04  3.75155E+04  2.72485E+03  7.78655E+02  8.23462E+03  7.57079E-05  0.00000E+00  1.68368E-04
       2       1       4  2.87961E-04  2.30168E-04  2.87961E-06  5.86755E-01  2.49372E-01  3.57210E+00  3.19419E+00  5.36265E+01 -5.07657E+00  4.45704E+04  6.65595E+04  3.80883E+04  2.67328E+03 -8.93923E+03  4.20584E+03  1.82885E-04  0.00000E+00  4.72824E-05
       2       1       5  2.63823E-04  4.15596E-04  2.63823E-06  8.87412E-01  3.67990E-01  5.19404E+00 -1.54339E+00  3.55309E+01 -7.97463E+00  1.62429E+04  2.90809E+04  2.87015E+04 -4.93410E+02 -2.14533E+03  2.79634E+03  3.47116E-04  0.00000E+00  6.84804E-05
       2       1       6  2.13489E-04  3.41725E-04  2.13489E-06  1.11464E+00  4.69247E-01  6.88498E+00  1.11297E-01  1.60366E+01 -9.59165E+00  6.02324E+03  1.06547E+04  2.40714E+04  8.39719E+02 -6.49919E+01  2.85738E+03  1.60566E-04  0.00000E+00  1.81159E-04
       2       1       7  2.15884E-04  2.38990E-04  2.15884E-06  1.99980E+00  8.52471E-01  1.22309E+01  3.35106E+00 -2.02077E+02  2.26786E+01  2.10263E+04  5.28430E+04  2.96508E+04 -1.19907E+02 -5.89621E+03  3.87195E+03  1.89118E-04  0.00000E+00  4.98716E-05
       2       1       8  3.61559E-04  4.74395E-04  3.61559E-06  3.05311E+00  1.28942E+00  1.78510E+01 -7.95708E+00 -1.35221E+02  5.05311E+00  1.01581E+04  2.37004E+04  2.05679E+04  1.10890E+03 -2.19115E+03  1.76166E+03  3.75646E-04  0.00000E+00  9.87488E-05
       2       1       9  3.82170E-04  4.20150E-04  3.82170E-06  4.21300E+00  1.70547E+00  2.38432E+01 -1.35926E+00 -5.17103E+01 -7.40183E+00  2.98425E+03  7.50636E+03  6.49513E+03 -3.72132E+02 -3.56144E+02  8.97938E+02  1.59511E-04  0.00000E+00  2.60639E-04
       2       1      10  1.73887E-04  1.50459E-04  1.73887E-06  1.09371E+01  4.82511E+00  6.26457E+01 -2.45131E+00 -2.05868E+02  2.46651E+01  1.02722E+04  4.82005E+04  8.82347E+03  5.18553E+02 -4.74456E+03  3.87130E+01  1.41811E-04  0.00000E+00  8.64769E-06
       2       2       1  1.25722E-03  1.17685E-03  1.25722E-05  2.10416E-01  8.61405E-02  5.37768E-01  8.26962E+00 -2.14663E+01  1.67072E+00  3.58068E+04  2.87012E+04  5.27647E+04 -2.38087E+02  1.87398E+03  9.50833E+03  9.54594E-05  3.09107E-04  7.72286E-04
       2       2       2  3.61471E-04  2.19022E-04  3.61471E-06  4.91424E-01  2.00243E-01  1.41360E+00 -1.81960E+00 -3.58338E+00 -3.43443E+00  4.11387E+04  1.52009E+04  1.07808E+05  1.12258E+04  1.33221E+04  3.61236E+04  3.63463E-06  5.74718E-06  2.09640E-04
       2       2       3  6.21167E-04  5.54238E-04  6.21167E-06  7.44568E-01  3.01212E-01  2.11501E+00  2.01975E+00  2.16818E+00 -5.46988E+00  1.89321E+04  5.53894E+03  3.77343E+04  6.92759E+03  5.55067E+03  1.42987E+04  5.39849E-06  0.00000E+00  5.48839E-04
       2       2       4  8.98331E-04  1.96353E-04  8.98331E-06  1.24486E+00  5.36472E-01  3.19392E+00  6.48248E+01 -8.64515E+01  1.93820E+01  7.98298E+04  6.08869E+04  9.39919E+04  9.27420E+03  1.77611E+04  3.55205E+04  1.79887E-05  4.52491E-05  1.33115E-04
       2       2       5  8.38836E-04  2.96909E-04  8.38836E-06  1.75995E+00  7.61750E-01  4.88253E+00  9.67771E+00  1.04924E+01  1.62481E+01  2.02615E+04  1.11256E+04  7.09492E+04  4.40023E+03  7.85626E+03  2.64661E+04  7.22880E-05  3.31091E-06  2.21310E-04
       2       2       6  7.14080E-04  5.23355E-04  7.14080E-06  2.72949E+00  1.12755E+00  6.82710E+00 -4.37494E+00  1.68484E+00 -1.16602E+01  8.13995E+03  2.95825E+03  4.04450E+04  2.56317E+03  4.90259E+03  1.52512E+04  3.63106E-05  0.00000E+00  4.87045E-04
       2       2       7  7.00555E-04  2.07350E-04  7.00555E-06  4.45786E+00  1.82948E+00  1.08010E+01  1.27631E+01 -2.38261E+01  2.99332E+01  1.85571E+04  1.27033E+04  9.72505E+04  1.37813E+03  1.24170E+04  3.66259E+04  3.70095E-06  8.57235E-06  1.95077E-04
       2       2       8  1.15233E-03  4.31529E-04  1.15233E-05  6.76185E+00  2.84472E+00  1.66778E+01 -1.92577E+00 -1.03203E+01  2.58399E+00  8.85420E+03  2.70304E+03  5.08640E+04  2.67288E+03  6.57782E+03  1.94833E+04  2.14655E-05  0.00000E+00  4.10064E-04
       2       2       9  1.30141E-03  1.08079E-03  1.30141E-05  9.69322E+00  3.90052E+00  2.33057E+01 -2.35385E+00 -4.21205E+00 -3.65725E+00  2.50521E+03  7.88719E+02  1.34784E+04  8.51572E+02  1.80074E+03  5.21037E+03  1.85047E-05  0.00000E+00  1.06228E-03
       2       2      10  6.01001E-04  6.09291E-04  6.01001E-06  2.87960E+01  1.21282E+01  7.02344E+01 -2.53516E+00 -1.02914E+00 -6.55437E+00  5.63321E+03  1.04561E+03  3.39191E+04  2.30615E+03  5.68261E+03  1.35053E+04  0.00000E+00  0.00000E+00  6.09291E-04
       2       3       1  2.10997E-03  2.22946E-03  2.10997E-05  3.21092E-01  1.32764E-01  4.67721E-01  5.08023E+00 -1.69701E+01  1.33903E+00  3.03184E+04  3.38823E+04  3.62907E+04 -1.71357E+03 -4.63812E+02  1.51834E+03  6.72658E-05  1.73428E-03  4.27915E-04
       2       3       2  6.19272E-04  5.51856E-04  6.19272E-06  8.38163E-01  3.50962E-01  1.21412E+00 -1.39937E+01  2.42536E+01  4.68359E+00  4.59333E+04  2.99976E+04  5.83041E+04  7.16054E+03  4.18551E+03  1.11094E+04  0.00000E+00  4.17161E-04  1.34695E-04
       2       3       3  1.05327E-03  9.91396E-04  1.05327E-05  1.26769E+00  5.18991E-01  1.81199E+00  2.24184E+01 -4.39800E+01 -3.97680E+00  1.91270E+04  9.31746E+03  2.76827E+04  4.53488E+03  4.43930E+03  1.06531E+04  0.00000E+00  7.01420E-04  2.89976E-04
       2       3       4  1.59952E-03  9.41752E-04  1.59952E-05  1.88152E+00  7.79255E-01  2.82248E+00  9.51507E+01 -2.41215E+02 -9.75916E+00  4.90793E+04  8.73241E+04  4.66791E+04 -1.62920E+04  6.50676E+03  1.50876E+04  0.00000E+00  7.27777E-04  2.13975E-04
       2       3       5  1.55547E-03  1.38104E-03  1.55547E-05  3.05367E+00  1.25643E+00  4.07037E+00  6.52905E+01 -1.28397E+02  1.16941E+00  3.65270E+04  2.96911E+04  3.44066E+04  1.70655E+03  4.37862E+03  1.22513E+04  0.00000E+00  1.04671E-03  3.34325E-04
       2       3       6  1.46169E-03  1.73401E-03  1.46169E-05  3.85378E+00  1.57193E+00  5.75068E+00  3.76733E+01 -8.08495E+01 -1.31215E+00  1.37449E+04  1.46122E+04  2.24846E+04 -1.00494E+03  3.37834E+03  9.00657E+03  0.00000E+00  9.98792E-04  7.35215E-04
       2       3       7  1.41211E-03  1.17263E-03  1.41211E-05  6.73941E+00  2.77051E+00  9.77132E+00  7.37760E+01 -1.65405E+02 -1.61659E+01  3.20960E+04  4.46303E+04  4.10955E+04 -9.29959E+03  5.80082E+03  1.23548E+04  0.00000E+00  8.82167E-04  2.90464E-04
       2       3       8  2.14084E-03  2.23360E-03  2.14084E-05  1.01027E+01  4.20175E+00  1.44023E+01  4.80495E+01 -1.04800E+02 -3.14489E+00  1.79619E+04  1.99700E+04  2.49338E+04 -2.11669E+03  3.08882E+03  7.74386E+03  0.00000E+00  1.60463E-03  6.28974E-04
       2       3       9  2.75312E-03  2.94765E-03  2.75312E-05  1.39930E+01  5.86459E+00  1.98176E+01  1.96506E+01 -4.45546E+01  8.24783E-02  6.31497E+03  5.86797E+03  9.77029E+03 -1.14052E+02  1.44631E+03  3.08954E+03  0.00000E+00  1.52019E-03  1.42746E-03
       2       3      10  1.45040E-03  1.45664E-03  1.45040E-05  4.17409E+01  1.73615E+01  5.99509E+01  1.54056E+01 -3.36695E+01 -3.25954E-01  1.34901E+04  4.66706E+03  2.64291E+04  4.38100E+03  3.20211E+03  7.76463E+03  0.00000E+00  8.41621E-04  6.15021E-04
       2       4       1  2.93080E-03  3.12562E-03  2.93080E-05  4.48771E-01  1.87255E-01  3.41817E-01  5.14463E+01 -1.27431E+02  2.11100E+00  3.10713E+04  5.49728E+04  2.88558E+04 -1.12885E+04 -4.30400E+02  3.83324E+01  5.41016E-05  2.70128E-03  3.70241E-04
       2       4       2  8.86637E-04  9.23804E-04  8.86637E-06  1.14424E+00  4.76666E-01  8.51526E-01  1.51346E+01 -2.50922E+01  2.40385E+00  5.37009E+04  4.89955E+04  2.80800E+04  1.07628E+03 -5.89710E+02  8.77359E+02  0.00000E+00  7.94526E-04  1.29277E-04
       2       4       3  1.48069E-03  1.32016E-03  1.48069E-05  1.63039E+00  6.74655E-01  1.25343E+00  1.78827E+01 -5.23093E+01 -5.12447E+00  2.20899E+04  3.02557E+04  1.94654E+04 -2.90763E+03  1.99343E+03  1.75602E+03  0.00000E+00  9.93979E-04  3.26185E-04
       2       4       4  2.39345E-03  1.60113E-03  2.39345E-05  2.61997E+00  1.07638E+00  2.01493E+00  4.95810E+01 -1.15674E+02 -5.99365E+00  5.27557E+04  9.96501E+04  2.61169E+04 -2.64059E+04  2.54523E+03  1.50236E+03  0.00000E+00  1.47085E-03  1.30274E-04
       2       4       5  2.47257E-03  2.84609E-03  2.47257E-05  3.92262E+00  1.65025E+00  2.98290E+00  3.84646E+01 -9.01577E+01 -2.86553E+00  3.86747E+04  3.69718E+04  2.28861E+04  2.37594E+03  2.02456E+03  4.18940E+03  0.00000E+00  2.56652E-03  2.79571E-04
       2       4       6  2.64172E-03  2.97053E-03  2.64172E-05  5.51405E+00  2.26068E+00  3.98050E+00  2.15219E+01 -3.95311E+01  4.89404E-01  2.16031E+04  1.82471E+04  9.96742E+03 -1.40945E+02  9.02047E+02  3.67509E+03  0.00000E+00  2.42719E-03  5.43339E-04
       2       4       7  2.76250E-03  2.40660E-03  2.76250E-05  9.13891E+00  3.79165E+00  6.87634E+00  8.67657E+01 -2.10953E+02  1.24953E+00  3.98848E+04  6.45885E+04  2.51086E+04 -1.18477E+04  2.72055E+03  6.49073E+03  0.00000E+00  2.11023E-03  2.96370E-04
       2       4       8  3.47921E-03  4.11531E-03  3.47921E-05  1.37707E+01  5.69120E+00  1.02400E+01  5.07701E+01 -1.24193E+02  5.54541E+00  2.55513E+04  2.53642E+04  1.58744E+04  1.44300E+02  1.02291E+03  3.08524E+03  0.00000E+00  3.54618E-03  5.69128E-04
       2       4       9  5.16931E-03  5.92010E-03  5.16931E-05  1.89696E+01  7.83887E+00  1.42124E+01  2.82420E+01 -6.11964E+01  3.11642E+00  9.86407E+03  8.49333E+03  5.98287E+03  4.49503E+02  3.43038E+02  1.54737E+03  0.00000E+00  4.54370E-03  1.37640E-03
       2       4      10  3.85335E-03  4.46905E-03  3.85335E-05  5.40012E+01  2.25187E+01  3.90472E+01  5.10840E+01 -1.16332E+02  2.94907E+00  2.10190E+04  2.45647E+04  9.61426E+03 -2.37755E+03  2.25897E+02  1.32544E+03  0.00000E+00  4.15862E-03  3.10432E-04
       2       5       1  3.61289E-03  3.36074E-03  3.61289E-05  4.91341E-01  2.02366E-01  2.26391E-01  5.25042E+01 -1.32600E+02  3.74212E+00  2.86153E+04  4.81641E+04  3.60366E+04 -1.04571E+04 -4.78354E+02  2.40015E+02  4.65362E-05  2.97892E-03  3.35287E-04
       2       5       2  1.12913E-03  1.03168E-03  1.12913E-05  1.29090E+00  5.29811E-01  5.98755E-01  1.42155E+01 -3.39889E+01 -2.10693E+00  5.97811E+04  4.77565E+04  3.00887E+04  4.75168E+03  1.57144E+03  7.82284E+02  0.00000E+00  9.15314E-04  1.16363E-04
       2       5       3  1.84476E-03  1.72175E-03  1.84476E-05  1.83141E+00  7.60086E-01  8.40435E-01  2.69177E+01 -6.15518E+01  5.77936E+00  3.65245E+04  3.15156E+04  2.04406E+04  3.00934E+03 -1.40998E+03  2.43404E+03  0.00000E+00  1.39418E-03  3.27563E-04
       2       5       4  3.16305E-03  1.84823E-03  3.16305E-05  2.94439E+00  1.21042E+00  1.33958E+00  4.31240E+01 -9.52461E+01  3.69309E-01  5.51371E+04  6.54688E+04  4.75877E+04 -9.02755E+03  2.50774E+03  1.35071E+03  0.00000E+00  1.75345E-03  9.47745E-05
       2       5       5  3.48881E-03  3.38424E-03  3.48881E-05  4.45215E+00  1.83367E+00  2.10878E+00  2.75225E+01 -7.04323E+01  8.01503E+00  3.93384E+04  3.40306E+04  2.38740E+04  3.24315E+03 -3.08409E+03  2.94865E+03  0.00000E+00  3.18667E-03  1.97577E-04
       2       5       6  4.20106E-03  4.00258E-03  4.20106E-05  6.20309E+00  2.55751E+00  2.85732E+00  2.61193E+01 -4.68031E+01 -2.57579E+00  2.77344E+04  1.78951E+04  1.25590E+04  4.25355E+03  1.87144E+03  3.13502E+02  0.00000E+00  3.42348E-03  5.79103E-04
       2       5       7  5.25000E-03  2.91865E-03  5.25000E-05  1.01545E+01  4.21898E+00  4.62107E+00  6.87991E+01 -1.61647E+02  2.15444E+00  4.94932E+04  4.53253E+04  3.12738E+04  2.16620E+03  1.85502E+03  4.86638E+03  0.00000E+00  2.48290E-03  4.35747E-04
       2       5       8  5.52637E-03  5.50884E-03  5.52637E-05  1.53819E+01  6.40947E+00  6.97403E+00  4.68113E+01 -1.01188E+02 -3.61091E+00  3.09402E+04  2.08970E+04  1.56732E+04  4.94445E+03  1.98329E+03  3.74354E+03  0.00000E+00  4.52598E-03  9.82863E-04
       2       5       9  8.49993E-03  8.69465E-03  8.49993E-05  2.16588E+01  8.99047E+00  9.60959E+00  2.03768E+01 -4.83680E+01  1.15304E+00  1.08572E+04  6.81082E+03  5.22553E+03  2.12127E+03  5.21924E+02  1.39923E+03  0.00000E+00  5.92989E-03  2.76476E-03
       2       5      10  1.01858E-02  6.29982E-03  1.01858E-04  6.02249E+01  2.49861E+01  2.75205E+01  4.22784E+01 -9.92438E+01  1.00258E+00  2.42677E+04  2.09459E+04  9.28602E+03  1.66767E+03  5.44751E+02  1.78867E+03  0.00000E+00  5.40654E-03  8.93288E-04
       2       6       1  4.00958E-03  4.04798E-03  4.00958E-05  5.26620E-01  2.17560E-01  7.41097E-02  4.79221E+01 -1.20231E+02  2.55080E+00  3.33064E+04  4.03065E+04  3.34449E+04 -4.39961E+03 -3.63698E+02  2.02810E+02  4.32853E-05  3.23981E-03  7.64885E-04
       2       6       2  1.28057E-03  1.22677E-03  1.28057E-05  1.38376E+00  5.75486E-01  1.95880E-01 -1.08644E+01  2.32628E+01 -6.79256E-01  5.55468E+04  4.70470E+04  2.86150E+04  3.56722E+03 -1.25057E+02 -2.56727E+02  0.00000E+00  1.09907E-03  1.27696E-04
       2       6       3  2.06019E-03  2.09021E-03  2.06019E-05  2.04194E+00  8.36882E-01  2.87191E-01  2.26943E+01 -4.94068E+01  5.48434E+00  3.63013E+04  1.93252E+04  1.73847E+04  7.26056E+03 -1.66222E+03 -2.53284E+03  0.00000E+00  1.73648E-03  3.53732E-04
       2       6       4  3.66174E-03  2.79765E-03  3.66174E-05  3.15290E+00  1.30120E+00  4.51731E-01  4.11079E+01 -9.75004E+01 -2.38891E+00  4.77599E+04  8.47051E+04  3.71141E+04 -1.72623E+04  1.96271E+03 -1.00170E+03  0.00000E+00  2.60169E-03  1.95954E-04
       2       6       5  4.21990E-03  4.57640E-03  4.21990E-05  4.81218E+00  1.99136E+00  6.68256E-01  2.28713E+01 -5.35902E+01  2.72669E+00  4.15110E+04  4.17370E+04  1.48987E+04 -5.42980E+02 -2.30576E+02  4.51747E+03  0.00000E+00  4.17890E-03  3.97504E-04
       2       6       6  5.45615E-03  5.87112E-03  5.45615E-05  6.50261E+00  2.65833E+00  9.03754E-01  2.39254E+01 -4.98308E+01  2.80813E+00  2.50401E+04  2.02369E+04  1.21483E+04  2.27984E+03  1.65812E+03  2.46126E+03  0.00000E+00  5.13141E-03  7.39714E-04
       2       6       7  7.91167E-03  5.63514E-03  7.91167E-05  1.09608E+01  4.52737E+00  1.63494E+00  9.38879E+01 -2.22878E+02 -4.84723E-01  3.87203E+04  6.75900E+04  1.82654E+04 -1.44073E+04  1.09864E+03  2.87240E+03  0.00000E+00  4.95810E-03  6.77042E-04
       2       6       8  8.03314E-03  9.80507E-03  8.03314E-05  1.65389E+01  6.82558E+00  2.45287E+00  5.95248E+01 -1.43550E+02  4.09061E-01  2.72321E+04  3.09281E+04  8.78445E+03 -1.92194E+03  4.41974E+02  1.48602E+03  0.00000E+00  8.47744E-03  1.32763E-03
       2       6       9  1.13449E-02  1.18531E-02  1.13449E-04  2.24946E+01  9.22998E+00  3.62800E+00  3.27199E+01 -7.81841E+01 -7.90634E-01  1.04390E+04  1.22247E+04  3.80857E+03 -9.25674E+02  3.96105E+02  7.80466E+02  0.00000E+00  8.62916E-03  3.22396E-03
       2       6      10  1.92439E-02  2.15039E-02  1.92439E-04  5.84503E+01  2.41861E+01  8.17605E+00  8.03036E+01 -1.94058E+02 -1.46566E-01  1.93808E+04  4.71071E+04  3.48667E+03 -1.38752E+04  4.40893E+00  2.83614E+02  0.00000E+00  2.04969E-02  1.00700E-03
       3       1       1  4.15997E-04  4.76443E-04  4.15997E-06  8.30643E-02  6.51929E-02  5.47209E-01 -3.67516E+00  1.19794E+01  5.33351E+00  3.90903E+04  2.72129E+04  9.43762E+04  8.66829E+03  9.74318E+03  1.66356E+04  6.00757E-05  5.03967E-08  4.16317E-04
       3       1       2  1.18442E-04  1.24610E-04  1.18442E-06  2.28898E-01  1.71966E-01  1.47866E+00  2.50162E-01  9.33679E+01 -1.52451E+01  3.39006E+04  4.18388E+04  8.62974E+04  2.47635E+03  4.87462E+03  1.34724E+04  5.33460E-05  0.00000E+00  7.12635E-05
       3       1       3  2.04327E-04  2.25212E-04  2.04327E-06  3.66614E-01  2.74716E-01  2.16939E+00 -1.26555E+00  1.82078E+01 -4.78084E+00  2.50898E+04  1.93404E+04  3.89877E+04  2.42670E+03  2.98438E+03  5.84318E+03  5.05749E-05  0.00000E+00  1.74637E-04
       3       1       4  2.87910E-04  1.74202E-04  2.87910E-06  4.98315E-01  3.79521E-01  3.55000E+00 -1.18536E+00  4.53751E+01 -1.67169E+00  4.68674E+04  6.16286E+04  4.46075E+04  2.79381E+03 -6.89075E+03  4.06055E+03  1.35582E-04  0.00000E+00  3.86207E-05
       3       1       5  2.63778E-04  3.13828E-04  2.63778E-06  7.16597E-01  5.42250E-01  5.19327E+00  1.41158E-01  2.95095E+01 -7.19217E+00  1.69052E+04  2.40742E+04  3.65963E+04  1.50279E+03 -3.18545E+02  2.63604E+03  2.35852E-04  0.00000E+00  7.79758E-05
       3       1       6  2.13446E-04  2.68022E-04  2.13446E-06  9.42481E-01  7.27682E-01  6.91105E+00 -3.59501E+00  1.10415E+01 -9.65366E+00  6.20776E+03  8.52290E+03  2.75320E+04 -5.00513E+02  1.45940E+03  3.18691E+03  1.06600E-04  0.00000E+00  1.61422E-04
       3       1       7  2.15854E-04  2.28166E-04  2.15854E-06  1.79570E+00  1.35850E+00  1.22966E+01 -3.62559E+00 -1.73150E+02  1.14792E+00  2.28166E+04  4.22489E+04  3.80722E+04  5.84404E+02 -3.45560E+03  4.43670E+03  1.63952E-04  0.00000E+00  6.42140E-05
       3       1       8  3.61513E-04  3.57267E-04  3.61513E-06  2.65143E+00  2.00140E+00  1.78610E+01 -2.22056E+00 -1.01402E+02 -2.58972E+01  8.85812E+03  1.75269E+04  2.82517E+04 -2.50360E+02  1.24839E+03  3.14696E+03  2.12804E-04  0.00000E+00  1.44462E-04
       3       1       9  3.82086E-04  4.57389E-04  3.82086E-06  3.48037E+00  2.72703E+00  2.38054E+01 -4.45987E+00 -4.78013E+01 -1.93551E+01  3.84132E+03  5.91689E+03  7.85507E+03  2.84586E+02 -7.66430E+01  1.49034E+03  1.61731E-04  0.00000E+00  2.95658E-04
       3       1      10  1.73850E-04  1.83950E-04  1.73850E-06  1.10657E+01  8.43830E+00  6.62095E+01 -6.43053E+00 -1.41257E+02 -9.21588E-01  9.89345E+03  3.14130E+04  1.79253E+04  7.58682E+02 -1.99523E+03  2.16241E+03  1.21722E-04  0.00000E+00  6.22282E-05
       3       2       1  1.25649E-03  1.23570E-03  1.25649E-05  1.84182E-01  1.41743E-01  5.63966E-01  1.41175E+01 -9.11454E+00 -1.14898E+01  3.24279E+04  3.19078E+04  5.37157E+04  6.01464E+02  2.79196E+03  9.96289E+03  9.79685E-05  3.26321E-04  8.11408E-04
       3       2       2  3.61208E-04  3.90526E-04  3.61208E-06  4.32965E-01  3.46240E-01  1.40630E+00  1.05532E+01  8.15637E+01 -3.50125E+01  2.69473E+04  3.20531E+04  7.02720E+04  8.82745E+03  6.87957E+03  1.85913E+04  1.77105E-04  7.34885E-06  2.06072E-04
       3       2       3  6.20837E-04  6.99921E-04  6.20837E-06  6.27552E-01  4.78744E-01  2.08765E+00 -9.25470E-01  1.57701E+01 -9.36452E+00  1.52762E+04  1.04217E+04  3.33933E+04  8.45795E+03  7.24075E+03  9.51602E+03  8.97171E-05  9.42160E-08  6.10110E-04
       3       2       4  8.97545E-04  5.27415E-04  8.97545E-06  1.09749E+00  8.39710E-01  3.28429E+00  2.54755E+01  1.29099E+00 -2.17426E+01  5.48809E+04  6.08724E+04  6.04410E+04  1.72257E+03 -1.53389E+04  1.35441E+04  3.57776E-04  5.29746E-05  1.16665E-04
       3       2       5  8.38090E-04  9.24522E-04  8.38090E-06  1.62858E+00  1.23349E+00  4.86711E+00  3.10860E+00  3.08495E+01 -1.42440E+01  2.05791E+04  2.37474E+04  3.76775E+04  2.49612E+03 -2.96894E+03  7.05886E+03  7.19549E-04  3.68777E-06  2.01286E-04
       3       2       6  7.13344E-04  7.38905E-04  7.13344E-06  2.18125E+00  1.67089E+00  6.48584E+00  1.24647E+00  1.40738E+01 -8.33627E+00  8.40638E+03  9.19267E+03  2.95590E+04  2.12380E+03  2.68459E+03  8.23009E+03  3.00478E-04  3.20335E-06  4.35224E-04
       3       2       7  6.99968E-04  6.22912E-04  6.99968E-06  3.65477E+00  2.90380E+00  1.13060E+01  6.15689E+00 -1.41595E+02  7.55867E+01  2.46675E+04  3.60446E+04  5.23308E+04  5.26655E+02 -7.16192E+03  1.12516E+04  3.67874E-04  2.13396E-05  2.33698E-04
       3       2       8  1.15161E-03  1.14284E-03  1.15161E-05  5.43060E+00  4.29486E+00  1.67156E+01  5.19432E+00 -9.37472E+01  5.32957E+01  1.13115E+04  1.69912E+04  2.97708E+04  1.26235E+03 -5.70162E+02  6.69455E+03  7.10212E-04  3.06155E-07  4.32325E-04
       3       2       9  1.29992E-03  1.30181E-03  1.29992E-05  7.74853E+00  6.22035E+00  2.26805E+01 -2.07327E+00 -3.07982E+01  2.04742E+01  3.32979E+03  4.63504E+03  1.07783E+04  1.04860E+03  4.66522E+02  2.85205E+03  3.33085E-04  0.00000E+00  9.68728E-04
       3       2      10  6.00141E-04  5.47606E-04  6.00141E-06  2.07288E+01  1.64052E+01  6.56515E+01  1.11482E+00 -6.99266E+01  3.32041E+01  7.08423E+03  1.68964E+04  2.88907E+04  2.14052E+03  8.59336E+02  7.90135E+03  1.87838E-04  0.00000E+00  3.59768E-04
       3       3       1  2.10697E-03  2.17924E-03  2.10697E-05  2.79668E-01  2.15969E-01  4.79438E-01  1.02494E+01 -1.25146E+01 -2.02742E+00  3.13135E+04  3.29919E+04  3.74182E+04 -3.90696E+03 -6.68143E+01  1.51137E+03  7.15688E-05  1.72821E-03  3.79462E-04
       3       3       2  6.18095E-04  6.10595E-04  6.18095E-06  7.11363E-01  5.65714E-01  1.20446E+00 -1.53533E+01  5.55458E+01 -3.26098E+01  3.93331E+04  3.39395E+04  5.07853E+04  6.98821E+03  3.18892E+03  9.04907E+03  1.06339E-04  3.80371E-04  1.23886E-04
       3       3       3  1.05191E-03  1.13097E-03  1.05191E-05  1.05299E+00  8.27080E-01  1.79846E+00  2.62865E+01 -2.95288E+01 -1.00953E+00  1.42476E+04  1.11447E+04  2.77119E+04  6.15202E+03  4.49019E+03  7.03910E+03  6.32147E-05  7.38581E-04  3.29172E-04
       3       3       4  1.59598E-03  1.22477E-03  1.59598E-05  1.60339E+00  1.25586E+00  2.82854E+00  1.24810E+02 -1.53612E+02 -1.70602E+01  5.74794E+04  6.79950E+04  5.33470E+04 -2.08166E+04 -3.71985E+03  9.05010E+03  2.99146E-04  7.44141E-04  1.81484E-04
       3       3       5  1.55168E-03  1.95068E-03  1.55168E-05  2.56444E+00  2.01116E+00  4.13153E+00  6.87690E+01 -6.40375E+01 -8.38382E+00  3.12800E+04  2.66098E+04  3.43460E+04  1.31480E+03  6.51112E+02  7.41797E+03  6.07619E-04  1.04853E-03  2.94527E-04
       3       3       6  1.45764E-03  1.91573E-03  1.45764E-05  3.22766E+00  2.50408E+00  5.66515E+00  5.18515E+01 -5.77146E+01 -1.49343E+00  1.50781E+04  1.44103E+04  2.27557E+04 -5.07110E+02  3.91797E+03  7.42313E+03  2.54174E-04  1.00189E-03  6.59664E-04
       3       3       7  1.40801E-03  1.38506E-03  1.40801E-05  5.69209E+00  4.51648E+00  9.77586E+00  1.02190E+02 -1.43621E+02  4.47177E+01  3.58862E+04  3.81938E+04  4.22540E+04 -9.38273E+03  8.27405E+02  9.11485E+03  2.40562E-04  8.78255E-04  2.66248E-04
       3       3       8  2.13726E-03  2.68782E-03  2.13726E-05  8.54087E+00  6.81317E+00  1.44840E+01  6.52063E+01 -9.52939E+01  3.03406E+01  1.88233E+04  1.84772E+04  2.44513E+04 -2.19066E+03  8.20772E+02  4.67975E+03  5.28865E-04  1.64333E-03  5.15629E-04
       3       3       9  2.74474E-03  2.86031E-03  2.74474E-05  1.16500E+01  9.12143E+00  1.96798E+01  3.60047E+01 -4.21175E+01  1.04686E+01  7.02218E+03  6.55965E+03  1.05762E+04 -1.45432E+02  1.29057E+03  2.62379E+03  1.85788E-04  1.53505E-03  1.13947E-03
       3       3      10  1.44279E-03  1.64835E-03  1.44279E-05  3.57351E+01  2.77825E+01  6.09519E+01  2.31854E+01 -2.40248E+01  4.91657E+00  1.02308E+04  6.83941E+03  2.58068E+04  5.81838E+03  5.39048E+03  7.37363E+03  0.00000E+00  8.50193E-04  7.98155E-04
       3       4       1  2.92364E-03  3.36201E-03  2.92364E-05  3.96465E-01  3.05169E-01  3.53923E-01  7.84466E+01 -1.05966E+02 -5.17531E+00  3.97454E+04  4.72267E+04  2.66373E+04 -1.35624E+04  6.84006E+02  1.24023E+03  5.68284E-05  2.95615E-03  3.49023E-04
       3       4       2  8.83502E-04  9.50501E-04  8.83502E-06  9.67890E-01  7.63486E-01  8.64733E-01  8.98017E+00 -4.33762E+00 -2.25118E+01  4.68038E+04  4.64195E+04  2.78054E+04 -2.15570E+03  1.20696E+03  3.87644E+03  8.89927E-05  7.30142E-04  1.31366E-04
       3       4       3  1.47738E-03  1.63949E-03  1.47738E-05  1.42124E+00  1.10917E+00  1.26999E+00  3.15278E+01 -4.02220E+01  2.99958E+00  2.00011E+04  2.37153E+04  1.50763E+04 -5.21924E+03  7.14377E+02  2.65565E+03  3.61518E-05  1.20391E-03  3.99430E-04
       3       4       4  2.38398E-03  1.79838E-03  2.38398E-05  2.21680E+00  1.71486E+00  2.02180E+00  6.83000E+01 -8.57741E+01 -6.15001E+00  6.29781E+04  7.67206E+04  3.75615E+04 -3.12827E+04 -7.04150E+03  1.77643E+03  2.71829E-04  1.43305E-03  9.35028E-05
       3       4       5  2.46074E-03  3.32730E-03  2.46074E-05  3.34492E+00  2.60572E+00  3.02399E+00  5.16636E+01 -6.33925E+01 -2.61892E+00  3.44850E+04  3.69181E+04  2.54409E+04 -6.85897E+02 -3.57638E+02  4.46634E+03  5.29668E-04  2.59951E-03  1.98117E-04
       3       4       6  2.62788E-03  3.33824E-03  2.62788E-05  4.78069E+00  3.68148E+00  4.05172E+00  2.43003E+01 -3.36993E+01 -6.75970E+00  1.81740E+04  1.56152E+04  1.00613E+04  6.62921E+02  1.23430E+03  1.95375E+03  2.20195E-04  2.72735E-03  3.90692E-04
       3       4       7  2.74244E-03  2.57656E-03  2.74244E-05  7.77227E+00  6.06472E+00  6.92521E+00  1.28715E+02 -1.79992E+02  1.97373E+01  4.48312E+04  5.36198E+04  2.90883E+04 -1.63303E+04  8.88748E+02  4.12139E+03  2.20947E-04  2.11410E-03  2.41506E-04
       3       4       8  3.46548E-03  4.60563E-03  3.46548E-05  1.17424E+01  9.14589E+00  1.03044E+01  7.61590E+01 -1.07001E+02  1.35714E+01  2.45272E+04  2.45346E+04  1.73259E+04 -7.43613E+01  2.85620E+02  1.89556E+03  4.00813E-04  3.70831E-03  4.96504E-04
       3       4       9  5.14038E-03  6.15523E-03  5.14038E-05  1.61117E+01  1.25083E+01  1.42419E+01  4.30460E+01 -5.34392E+01  2.74325E+00  9.45668E+03  8.90659E+03  6.54497E+03  6.89690E+02  7.26225E+02  1.02473E+03  1.80976E-04  4.76555E-03  1.20871E-03
       3       4      10  3.80507E-03  4.66160E-03  3.80507E-05  4.63956E+01  3.56977E+01  3.91863E+01  7.86473E+01 -9.98863E+01 -4.95304E+00  2.24059E+04  2.30822E+04  9.46390E+03 -3.00370E+03  9.50619E+02  9.13176E+02  0.00000E+00  4.40389E-03  2.57707E-04
       3       5       1  3.60068E-03  3.38047E-03  3.60068E-05  4.22535E-01  3.25925E-01  2.27886E-01  8.49745E+01 -1.15605E+02 -3.37649E+00  3.65371E+04  4.39279E+04  3.61869E+04 -1.28728E+04 -3.87482E+02  1.50427E+03  5.33021E-05  2.98915E-03  3.38018E-04
       3       5       2  1.12323E-03  1.14404E-03  1.12323E-05  1.09517E+00  8.55467E-01  5.95534E-01  2.51511E+01 -1.94246E+01 -1.72542E+01  6.05407E+04  5.13122E+04  3.26912E+04  1.08730E+04 -1.58691E+03 -1.67499E+02  6.99171E-05  9.02996E-04  1.71123E-04
       3       5       3  1.83903E-03  1.86165E-03  1.83903E-05  1.57973E+00  1.23432E+00  8.62621E-01  3.94551E+01 -4.84003E+01 -1.54120E+01  3.38047E+04  3.10307E+04  1.99122E+04  5.65535E+03  2.55724E+03  4.99189E+02  3.01796E-05  1.43939E-03  3.92080E-04
       3       5       4  3.14523E-03  2.21504E-03  3.14523E-05  2.49807E+00  1.94378E+00  1.34502E+00  5.80898E+01 -7.23502E+01 -1.30918E+01  5.32431E+04  5.49106E+04  5.68795E+04 -7.83417E+03 -1.52941E+03 -1.82553E+03  2.64834E-04  1.88157E-03  6.86309E-05
       3       5       5  3.46314E-03  3.90427E-03  3.46314E-05  3.82826E+00  2.97499E+00  2.10255E+00  3.67489E+01 -5.26358E+01 -5.38776E+00  3.23566E+04  3.28522E+04  2.72277E+04  4.69890E+03 -2.11978E+03  1.59638E+03  4.81032E-04  3.27105E-03  1.52187E-04
       3       5       6  4.16845E-03  4.25701E-03  4.16845E-05  5.26743E+00  4.07843E+00  2.79684E+00  3.74063E+01 -3.92667E+01 -1.11196E+00  2.49763E+04  1.96979E+04  1.35025E+04  5.79334E+03  2.63045E+02  1.09799E+03  1.98875E-04  3.63345E-03  4.24678E-04
       3       5       7  5.18287E-03  3.15208E-03  5.18287E-05  8.71316E+00  6.79011E+00  4.56304E+00  9.78933E+01 -1.29013E+02  2.10693E+01  4.60093E+04  4.35520E+04  3.50974E+04  4.26983E+03  2.31367E+03  4.81312E+03  1.96150E-04  2.43676E-03  5.19173E-04
       3       5       8  5.47161E-03  6.05821E-03  5.47161E-05  1.31853E+01  1.02802E+01  6.87527E+00  5.92844E+01 -8.17092E+01  1.38164E+01  2.67088E+04  2.30490E+04  1.64653E+04  7.63615E+03  2.26160E+03  3.77694E+03  3.51220E-04  4.38274E-03  1.32425E-03
       3       5       9  8.42994E-03  9.91467E-03  8.42994E-05  1.86645E+01  1.44596E+01  9.40674E+00  2.63519E+01 -3.65859E+01  2.22774E+00  8.99250E+03  7.31924E+03  4.94284E+03  2.94464E+03  9.69821E+02  1.42051E+03  1.60251E-04  5.53594E-03  4.21848E-03
       3       5      10  9.96689E-03  5.75712E-03  9.96689E-05  5.13921E+01  3.94372E+01  2.76592E+01  7.10968E+01 -8.63446E+01  3.38003E+00  2.34975E+04  2.23413E+04  9.31290E+03  1.49915E+03  1.02294E+03  1.66626E+03  0.00000E+00  4.95597E-03  8.01144E-04
       3       6       1  3.99376E-03  4.20304E-03  3.99376E-05  4.52247E-01  3.51506E-01  7.51752E-02  7.23747E+01 -9.78108E+01 -2.02575E+00  3.55691E+04  3.67332E+04  3.02338E+04 -3.11851E+03  2.97523E+02  1.15868E+03  5.40393E-05  3.12193E-03  1.02707E-03
       3       6       2  1.27246E-03  1.30701E-03  1.27246E-05  1.18390E+00  9.20272E-01  1.99646E-01 -1.34555E+01  2.28059E+01 -1.28417E+01  5.37094E+04  4.85846E+04  2.77390E+04  8.51137E+03 -3.39008E+02 -1.72575E+03  3.97865E-05  1.11459E-03  1.52633E-04
       3       6       3  2.05270E-03  2.11386E-03  2.05270E-05  1.72797E+00  1.34722E+00  2.85713E-01  3.25156E+01 -4.21724E+01 -4.42688E+00  3.34672E+04  2.86909E+04  1.82992E+04  1.20156E+04 -1.76577E+03 -1.96304E+03  5.74962E-05  1.57717E-03  4.79192E-04
       3       6       4  3.63734E-03  3.02831E-03  3.63734E-05  2.69746E+00  2.08802E+00  4.52378E-01  5.63760E+01 -7.49744E+01 -7.22566E+00  5.70450E+04  7.00590E+04  4.66133E+04 -2.01370E+04 -6.51273E+02  3.43291E+02  2.59837E-04  2.50431E-03  2.64158E-04
       3       6       5  4.18150E-03  4.71225E-03  4.18150E-05  4.11087E+00  3.19123E+00  6.75094E-01  3.06892E+01 -4.26889E+01 -6.42474E+00  4.11138E+04  4.04517E+04  2.01916E+04  7.62921E+02  2.19164E+03  4.04067E+03  4.52383E-04  3.79962E-03  4.60252E-04
       3       6       6  5.40496E-03  6.09491E-03  5.40496E-05  5.55934E+00  4.25801E+00  9.74775E-01  2.93787E+01 -4.00738E+01 -4.01382E+00  2.44681E+04  2.34433E+04  1.35018E+04  5.37053E+03  2.69144E+03  2.46291E+03  1.98875E-04  5.02040E-03  8.75638E-04
       3       6       7  7.78136E-03  6.07540E-03  7.78136E-05  9.35983E+00  7.28517E+00  1.67603E+00  1.36268E+02 -1.77885E+02  1.27620E+01  4.70095E+04  5.71671E+04  2.01723E+04 -1.51595E+04  2.66668E+03  3.90049E+03  1.91339E-04  4.91390E-03  9.70152E-04
       3       6       8  7.89253E-03  1.04848E-02  7.89253E-05  1.41173E+01  1.09907E+01  2.49704E+00  8.85104E+01 -1.15158E+02  7.26383E+00  2.79338E+04  2.92069E+04  9.88530E+03 -9.73478E+02  1.37791E+03  1.83669E+03  3.32345E-04  8.43428E-03  1.71818E-03
       3       6       9  1.12248E-02  1.27584E-02  1.12248E-04  1.91997E+01  1.50412E+01  3.71528E+00  4.85441E+01 -6.20620E+01  2.09120E+00  1.07371E+04  1.15679E+04  3.95109E+03 -5.78499E+02  6.89870E+02  8.99932E+02  1.49148E-04  8.58584E-03  4.02346E-03
       3       6      10  1.86978E-02  2.24067E-02  1.86978E-04  5.04451E+01  3.89840E+01  8.20539E+00  1.23188E+02 -1.60492E+02  5.08884E-01  2.79221E+04  3.75792E+04  3.32529E+03 -1.74676E+04  2.25833E+02  3.69387E+02  0.00000E+00  2.06827E-02  1.72403E-03
       4       1       1  4.15939E-04  3.62244E-04  4.15939E-06  5.70063E-02  7.22274E-02  5.15552E-01  4.63956E+00  2.05035E+01  7.11104E+00  3.70949E+04  4.14075E+04  9.71185E+04  1.09807E+04  1.20116E+04  1.37252E+04  4.37728E-05  0.00000E+00  3.18472E-04
       4       1       2  1.18422E-04  9.96939E-05  1.18422E-06  1.73090E-01  2.24870E-01  1.47320E+00  5.92307E+00  1.10054E+02 -2.76171E+01  4.03088E+04  4.53104E+04  9.65626E+04  8.34848E+03  8.46772E+03  1.94735E+04  4.85944E-05  0.00000E+00  5.10995E-05
       4       1       3  2.04301E-04  1.32890E-04  2.04301E-06  2.48164E-01  3.33115E-01  2.15732E+00 -1.68625E+01  2.53285E+01 -1.02927E+00  3.58709E+04  4.32283E+04  6.19085E+04  8.00072E+03  1.07731E+04  1.28806E+04  3.47600E-05  0.00000E+00  9.81302E-05
       4       1       4  2.87852E-04  1.48773E-04  2.87852E-06  3.69769E-01  4.82275E-01  3.53096E+00 -3.22785E+00  3.93373E+01 -1.22075E+01  4.35706E+04  5.58982E+04  5.98147E+04  6.22780E+03 -8.38757E+02  6.14689E+03  1.00937E-04  0.00000E+00  4.78360E-05
       4       1       5  2.63726E-04  2.67603E-04  2.63726E-06  5.38093E-01  6.95032E-01  5.20433E+00  2.38618E+00  2.86088E+01 -3.14433E+00  1.64877E+04  2.19955E+04  4.07281E+04  1.38531E+03  1.36712E+03  2.32635E+03  1.85550E-04  0.00000E+00  8.20526E-05
       4       1       6  2.13398E-04  2.53549E-04  2.13398E-06  7.75888E-01  9.92506E-01  6.92772E+00  5.57615E-01  1.04411E+01  9.12411E+00  5.35305E+03  7.32934E+03  2.63684E+04  1.97392E+02  2.30594E+03  2.39431E+03  8.62792E-05  0.00000E+00  1.67269E-04
       4       1       7  2.15819E-04  1.57721E-04  2.15819E-06  1.26057E+00  1.60438E+00  1.21529E+01 -1.75000E+01 -1.61806E+02  1.18916E+01  2.28952E+04  4.01635E+04  4.26781E+04  2.47332E+03 -2.25130E+03  3.05832E+03  1.04737E-04  0.00000E+00  5.29840E-05
       4       1       8  3.61461E-04  4.14683E-04  3.61461E-06  1.95042E+00  2.47334E+00  1.78469E+01  1.08255E+01 -8.48871E+01  1.59398E+01  9.41556E+03  1.43925E+04  3.16046E+04 -9.75604E+02  2.11136E+03  2.78659E+03  2.23167E-04  0.00000E+00  1.91516E-04
       4       1       9  3.81989E-04  6.09190E-04  3.81989E-06  2.83483E+00  3.67483E+00  2.46891E+01 -3.18388E+00 -1.66452E+01  8.89693E+00  1.52868E+03  2.54047E+03  9.46719E+03  6.08857E+02  9.45086E+02  7.73609E+02  8.29012E-05  0.00000E+00  5.26289E-04
       4       1      10  1.73807E-04  1.97322E-04  1.73807E-06  8.37178E+00  1.12276E+01  6.93321E+01 -1.13813E+00 -8.94047E+01  2.54616E+01  8.31814E+03  2.02200E+04  2.43433E+04  6.00577E+02  1.07488E+03  2.49673E+03  8.85790E-05  0.00000E+00  1.08743E-04
       4       2       1  1.25565E-03  1.18153E-03  1.25565E-05  1.41124E-01  1.85280E-01  5.38690E-01  1.64467E+01 -8.83324E+00 -6.55156E+00  3.40972E+04  3.36672E+04  5.54269E+04 -8.00293E+02  4.28594E+03  7.36327E+03  7.16833E-05  4.01890E-04  7.07956E-04
       4       2       2  3.60905E-04  2.91843E-04  3.60905E-06  3.52487E-01  4.50746E-01  1.40085E+00  1.18412E+01  7.63982E+01 -3.92306E+01  2.71604E+04  4.34401E+04  7.76985E+04  1.39025E+04  1.51082E+04  1.54050E+04  1.20014E-04  8.76209E-06  1.63067E-04
       4       2       3  6.20456E-04  5.32181E-04  6.20456E-06  4.99886E-01  6.55652E-01  2.08373E+00  4.89655E+00  1.92711E+01 -1.76745E+00  1.20003E+04  1.90797E+04  3.72084E+04  1.22897E+04  1.26962E+04  1.07390E+04  5.23508E-05  1.88432E-07  4.79642E-04
       4       2       4  8.96638E-04  3.52459E-04  8.96638E-06  8.56966E-01  1.12506E+00  3.26602E+00  5.78099E+01 -1.93971E+01 -3.74989E+01  4.83208E+04  6.78559E+04  7.25462E+04  1.41391E+02 -1.90509E+03  9.39019E+03  1.79554E-04  6.24387E-05  1.10467E-04
       4       2       5  8.37231E-04  5.68422E-04  8.37231E-06  1.24525E+00  1.60076E+00  4.81342E+00  1.15744E+00  2.23537E+01 -2.18529E+01  1.48170E+04  2.74077E+04  4.98032E+04  2.87693E+03  3.90113E+03  9.28390E+03  3.55777E-04  1.07673E-05  2.01878E-04
       4       2       6  7.12497E-04  5.97056E-04  7.12497E-06  1.71269E+00  2.21937E+00  6.64168E+00  1.80989E+00  1.05405E+01 -2.24187E+00  4.97326E+03  9.64125E+03  3.41431E+04  3.00446E+03  7.13773E+03  7.54134E+03  1.63231E-04  6.68934E-06  4.27135E-04
       4       2       7  6.99292E-04  5.41155E-04  6.99292E-06  3.05683E+00  3.97023E+00  1.10905E+01  4.76656E+01 -1.24183E+02  6.19281E+01  2.57438E+04  3.43512E+04  5.49384E+04 -5.06676E+03  1.24085E+03  1.09841E+04  2.33530E-04  6.90730E-05  2.38552E-04
       4       2       8  1.15078E-03  1.05620E-03  1.15078E-05  4.40200E+00  5.64866E+00  1.66765E+01 -6.24690E+00 -6.86007E+01  3.60858E+01  7.05147E+03  1.53444E+04  3.53778E+04  3.43206E+03  4.78523E+03  6.11437E+03  4.57807E-04  5.51079E-06  5.92880E-04
       4       2       9  1.29819E-03  1.55104E-03  1.29819E-05  6.02783E+00  8.07045E+00  2.29816E+01  3.37362E+00 -1.57853E+01  7.36986E+00  1.47653E+03  3.36212E+03  1.05683E+04  3.99501E+02  2.43860E+03  2.63530E+03  1.79126E-04  1.22462E-06  1.37069E-03
       4       2      10  5.99152E-04  5.74085E-04  5.99152E-06  1.64859E+01  2.14228E+01  6.33192E+01 -1.64087E-01 -9.68564E+01  4.29286E+01  7.12969E+03  2.31348E+04  2.65568E+04  1.86591E+03 -1.54962E+03  4.65499E+03  2.79554E-04  0.00000E+00  2.94532E-04
       4       3       1  2.10353E-03  2.20579E-03  2.10353E-05  2.14293E-01  2.79410E-01  4.77283E-01  1.07698E+01 -8.41418E+00 -5.41850E+00  3.35193E+04  3.02401E+04  3.53962E+04 -2.27371E+03 -8.19034E+02  1.02299E+03  7.26234E-05  1.70429E-03  4.28880E-04
       4       3       2  6.16743E-04  6.66917E-04  6.16743E-06  5.47479E-01  7.04222E-01  1.22827E+00 -1.98645E+01  5.29241E+01 -3.66242E+01  3.17794E+04  3.57594E+04  5.42318E+04  5.70145E+03  7.50294E+02  5.52280E+03  1.38394E-04  4.27905E-04  1.00617E-04
       4       3       3  1.05034E-03  1.04625E-03  1.05034E-05  8.25498E-01  1.06493E+00  1.82093E+00  3.58452E+01 -1.57406E+01 -1.14457E+01  1.09676E+04  1.50257E+04  2.57388E+04  7.79499E+03  5.63639E+03  5.74859E+03  7.57904E-05  7.31178E-04  2.39280E-04
       4       3       4  1.59190E-03  1.10553E-03  1.59190E-05  1.24343E+00  1.60392E+00  2.82104E+00  1.83376E+02 -1.23750E+02 -1.81842E+01  7.17884E+04  6.14988E+04  4.96828E+04 -2.19605E+04  2.42685E+03  6.61659E+03  2.05538E-04  7.33509E-04  1.66482E-04
       4       3       5  1.54733E-03  1.70362E-03  1.54733E-05  1.99947E+00  2.59151E+00  4.12115E+00  9.93864E+01 -5.83171E+01 -8.99789E+00  2.96547E+04  3.08604E+04  3.38948E+04  1.79348E+03  3.33389E+03  5.41141E+03  3.93420E-04  1.08641E-03  2.23790E-04
       4       3       6  1.45298E-03  1.58274E-03  1.45298E-05  2.44681E+00  3.19153E+00  5.69404E+00  7.79457E+01 -5.00440E+01  6.08316E-01  1.60833E+04  1.52750E+04  2.49837E+04 -1.12278E+03  5.90672E+03  5.57995E+03  1.61232E-04  9.93237E-04  4.28267E-04
       4       3       7  1.40330E-03  1.40968E-03  1.40330E-05  4.45039E+00  5.74462E+00  9.84762E+00  1.17173E+02 -1.11400E+02  5.21137E+01  3.64080E+04  3.38654E+04  4.36779E+04 -6.44500E+03  5.44069E+02  6.04296E+03  2.98666E-04  8.20505E-04  2.90504E-04
       4       3       8  2.13315E-03  2.67123E-03  2.13315E-05  6.62897E+00  8.52991E+00  1.45354E+01  8.41117E+01 -7.31005E+01  2.39845E+01  1.87330E+04  1.72631E+04  2.42687E+04 -2.12507E+03  2.58100E+03  3.95855E+03  4.49295E-04  1.62830E-03  5.93639E-04
       4       3       9  2.73511E-03  3.25023E-03  2.73511E-05  9.13877E+00  1.18221E+01  1.96411E+01  3.84494E+01 -3.15507E+01  7.18670E+00  6.13731E+03  6.06536E+03  8.97310E+03 -1.90863E+00  1.03323E+03  1.35255E+03  2.89044E-04  1.62813E-03  1.33306E-03
       4       3      10  1.43410E-03  1.50223E-03  1.43410E-05  2.63729E+01  3.36329E+01  5.78333E+01  3.07846E+01 -5.95875E+01  3.44379E+01  9.31623E+03  1.52005E+04  2.63881E+04  4.18984E+03 -2.17669E+03  2.54671E+03  3.60419E-04  8.44376E-04  2.97439E-04
       4       4       1  2.91541E-03  3.21811E-03  2.91541E-05  3.02257E-01  3.93192E-01  3.48935E-01  1.10266E+02 -8.68626E+01 -4.25974E+00  4.85794E+04  3.90605E+04  2.77682E+04 -1.61921E+04 -3.12881E+02 -1.72097E+01  7.01804E-05  2.79563E-03  3.52302E-04
       4       4       2  8.79913E-04  1.08679E-03  8.79913E-06  7.54679E-01  9.80663E-01  8.60558E-01  2.45152E+01  2.55398E+00 -3.29038E+01  4.76380E+04  4.69662E+04  3.01601E+04  3.77262E+02 -2.68905E+02  3.31088E+03  1.43097E-04  8.59460E-04  8.42371E-05
       4       4       3  1.47358E-03  1.35545E-03  1.47358E-05  1.06649E+00  1.37434E+00  1.24873E+00  4.44761E+01 -2.60871E+01 -1.49772E+01  2.56531E+04  2.29104E+04  1.63137E+04 -6.96775E+03  2.31976E+03 -1.67459E+01  7.30841E-05  1.07078E-03  2.11580E-04
       4       4       4  2.37311E-03  1.69379E-03  2.37311E-05  1.69979E+00  2.20136E+00  2.01607E+00  9.70844E+01 -6.52914E+01 -5.77624E+00  8.19838E+04  6.28942E+04  3.56908E+04 -3.11487E+04 -5.40143E+03  2.11631E+03  2.08536E-04  1.38374E-03  1.01510E-04
       4       4       5  2.44724E-03  3.73252E-03  2.44724E-05  2.60991E+00  3.40788E+00  2.99587E+00  7.00225E+01 -4.27040E+01 -3.17417E+00  3.49216E+04  3.62167E+04  2.28241E+04 -2.30388E+02  1.19127E+03  2.01650E+03  3.76431E-04  3.15321E-03  2.02876E-04
       4       4       6  2.61202E-03  2.83214E-03  2.61202E-05  3.57577E+00  4.69588E+00  3.94555E+00  3.73278E+01 -2.70578E+01  2.78399E+00  2.02391E+04  1.99204E+04  1.21140E+04  3.66144E+03  2.03362E+03  2.55145E+03  1.61898E-04  2.26514E-03  4.05099E-04
       4       4       7  2.71960E-03  2.63852E-03  2.71960E-05  6.00305E+00  7.77746E+00  6.94068E+00  1.63488E+02 -1.45682E+02  2.51527E+01  5.29608E+04  4.44936E+04  3.02550E+04 -1.62370E+04  4.75053E+02  3.66791E+03  2.70539E-04  2.15133E-03  2.16646E-04
       4       4       8  3.44984E-03  4.83280E-03  3.44984E-05  9.03815E+00  1.17508E+01  1.03835E+01  9.73293E+01 -8.85268E+01  1.66193E+01  2.39191E+04  2.39493E+04  1.78872E+04 -7.55743E+02 -7.43692E+02  8.34342E+02  5.91411E-04  3.79884E-03  4.42552E-04
       4       4       9  5.10722E-03  5.86458E-03  5.10722E-05  1.25271E+01  1.61578E+01  1.41510E+01  5.53595E+01 -4.43479E+01  2.58014E+00  9.38965E+03  9.24735E+03  6.57400E+03  6.00498E+02  3.08292E+02  6.24091E+02  1.83937E-04  4.73538E-03  9.45261E-04
       4       4      10  3.75037E-03  5.10139E-03  3.75037E-05  3.49658E+01  4.56091E+01  3.90870E+01  9.59894E+01 -7.96168E+01  1.18091E+01  2.33140E+04  2.14433E+04  1.21074E+04 -2.64655E+03 -6.23625E+02  5.44576E+02  3.34312E-04  4.45285E-03  3.14233E-04
       4       5       1  3.58665E-03  3.41825E-03  3.58665E-05  3.25846E-01  4.24666E-01  2.26738E-01  1.08229E+02 -8.61702E+01 -5.14972E+00  4.19241E+04  3.42337E+04  3.53841E+04 -1.30833E+04 -3.81101E+02  2.60759E+02  7.45573E-05  3.00841E-03  3.35289E-04
       4       5       2  1.11649E-03  1.13767E-03  1.11649E-05  8.51515E-01  1.10030E+00  5.97431E-01  2.68189E+01 -1.44575E+01 -3.16135E+01  4.87346E+04  5.08744E+04  3.64694E+04  7.29089E+03 -3.02162E+03 -1.94511E+00  1.33279E-04  9.12587E-04  9.18033E-05
       4       5       3  1.83245E-03  1.64354E-03  1.83245E-05  1.20426E+00  1.55767E+00  8.38061E-01  5.71054E+01 -3.83055E+01 -2.36942E+00  3.38540E+04  3.73018E+04  2.28991E+04  4.66170E+03 -8.11807E+02  1.89464E+03  7.34801E-05  1.37563E-03  1.94433E-04
       4       5       4  3.12485E-03  2.06342E-03  3.12485E-05  1.94515E+00  2.52353E+00  1.33330E+00  7.81090E+01 -5.50001E+01 -1.16016E+01  5.83653E+04  5.42609E+04  5.31055E+04 -8.39570E+03 -2.58764E+03 -6.73515E+02  2.07536E-04  1.79463E-03  6.12483E-05
       4       5       5  3.43395E-03  3.65082E-03  3.43395E-05  2.96137E+00  3.83045E+00  2.10850E+00  5.55163E+01 -3.62296E+01 -9.59613E+00  3.09914E+04  3.50431E+04  2.69025E+04  3.26505E+03 -5.45593E+02 -1.68965E+02  3.68436E-04  3.12984E-03  1.52543E-04
       4       5       6  4.13125E-03  4.26063E-03  4.13125E-05  4.08022E+00  5.27666E+00  2.84128E+00  4.52130E+01 -2.63726E+01 -5.15225E+00  2.04138E+04  2.13826E+04  1.20870E+04  6.12758E+03  3.16482E+02  9.19792E+02  1.58900E-04  3.71122E-03  3.90508E-04
       4       5       7  5.10685E-03  3.04348E-03  5.10685E-05  6.71853E+00  8.73726E+00  4.60513E+00  1.28692E+02 -1.09879E+02  2.72881E+01  4.33782E+04  4.50336E+04  3.69868E+04  1.34549E+03  3.46678E+02  1.72084E+03  2.79421E-04  2.39593E-03  3.68133E-04
       4       5       8  5.41027E-03  5.78686E-03  5.41027E-05  1.01638E+01  1.32578E+01  6.94824E+00  7.66796E+01 -7.30341E+01  1.97526E+01  2.20554E+04  2.63665E+04  1.76639E+04  6.08258E+03  2.34851E+03  2.68464E+03  5.44039E-04  4.33104E-03  9.11773E-04
       4       5       9  8.35011E-03  8.17520E-03  8.35011E-05  1.41402E+01  1.85853E+01  9.47121E+00  3.95953E+01 -3.46975E+01  5.13698E+00  7.91200E+03  9.57897E+03  5.67383E+03  2.76080E+03  1.14614E+03  1.15948E+03  2.00221E-04  5.42597E-03  2.54901E-03
       4       5      10  9.72155E-03  5.81113E-03  9.72155E-05  3.93774E+01  5.08189E+01  2.73893E+01  8.50797E+01 -7.14366E+01  1.18306E+01  2.16590E+04  2.25252E+04  1.20903E+04  1.05196E+03  2.13805E+02  7.26548E+02  3.23547E-04  4.91596E-03  5.71618E-04
       4       6       1  3.97561E-03  4.09364E-03  3.97561E-05  3.51006E-01  4.53520E-01  7.58565E-02  9.74025E+01 -7.86474E+01 -5.52094E+00  3.67012E+04  3.44354E+04  3.33094E+04 -4.92079E+03 -7.62502E+00 -3.00413E+02  7.47981E-05  3.36648E-03  6.52366E-04
       4       6       2  1.26322E-03  1.26235E-03  1.26322E-05  9.12435E-01  1.18256E+00  2.00219E-01 -2.15716E+01  2.31995E+01 -2.84229E+01  4.52160E+04  4.79225E+04  3.23962E+04  2.96352E+03 -3.38424E+03 -1.27004E+03  1.10733E-04  1.06811E-03  8.35042E-05
       4       6       3  2.04409E-03  1.99747E-03  2.04409E-05  1.33305E+00  1.73567E+00  2.84538E-01  4.23505E+01 -3.59437E+01 -1.08316E+01  2.37428E+04  2.73994E+04  1.82245E+04  6.29682E+03 -7.52312E+02 -1.54114E+03  1.00309E-04  1.66874E-03  2.28426E-04
       4       6       4  3.60945E-03  2.92178E-03  3.60945E-05  2.09113E+00  2.72174E+00  4.61950E-01  7.57325E+01 -6.36061E+01 -6.60465E+00  6.73189E+04  5.45628E+04  4.46828E+04 -2.72838E+04 -2.76396E+02  1.50195E+03  2.04205E-04  2.56412E-03  1.53452E-04
       4       6       5  4.13797E-03  4.26508E-03  4.13797E-05  3.15849E+00  4.12380E+00  6.99267E-01  4.46801E+01 -3.68918E+01 -6.33022E+00  3.99662E+04  3.84385E+04  1.83064E+04 -3.04448E+03  2.25703E+03  2.00078E+03  3.54777E-04  3.63401E-03  2.76292E-04
       4       6       6  5.34672E-03  5.78758E-03  5.34672E-05  4.22338E+00  5.52727E+00  9.25910E-01  3.94696E+01 -3.40904E+01 -3.02843E+00  1.99804E+04  2.15025E+04  1.28241E+04  3.61708E+02  6.27143E+02  1.01382E+03  1.57235E-04  5.05332E-03  5.77022E-04
       4       6       7  7.63432E-03  5.67392E-03  7.63432E-05  7.24098E+00  9.43050E+00  1.63791E+00  1.90656E+02 -1.44770E+02  1.74506E+01  5.59507E+04  4.50107E+04  2.22986E+04 -2.16911E+04  1.26775E+03  1.48165E+03  3.01627E-04  4.87090E-03  5.01398E-04
       4       6       8  7.73678E-03  9.69602E-03  7.73678E-05  1.09321E+01  1.41785E+01  2.40559E+00  1.24919E+02 -9.32311E+01  9.83262E+00  2.88993E+04  2.66969E+04  1.05026E+04 -4.04464E+03  6.04751E+02  4.74689E+02  4.62988E-04  8.31591E-03  9.17123E-04
       4       6       9  1.10889E-02  1.12965E-02  1.10889E-04  1.46893E+01  1.91871E+01  3.33165E+00  7.19269E+01 -5.34453E+01  7.01275E+00  1.17771E+04  1.05012E+04  4.47502E+03 -2.09677E+03  8.88601E+01  3.14849E+02  2.60177E-04  8.73230E-03  2.30407E-03
       4       6      10  1.80916E-02  2.11741E-02  1.80916E-04  3.83455E+01  4.98107E+01  8.22291E+00  1.68727E+02 -1.29884E+02  3.31498E+00  3.84698E+04  2.78465E+04  4.32261E+03 -1.96862E+04  7.09092E+01  8.01844E+01  3.18969E-04  2.04354E-02  4.19803E-04
       5       1       1  4.15890E-04  4.89062E-04  4.15890E-06  3.75084E-02  9.61529E-02  5.26436E-01  6.31817E-01  8.26146E+00 -6.25452E+00  2.12048E+04  3.76539E+04  1.02960E+05  8.01649E+03  1.57087E+04  9.46614E+03  3.77371E-05  0.00000E+00  4.51325E-04
       5       1       2  1.18405E-04  1.39804E-04  1.18405E-06  1.10350E-01  2.86124E-01  1.47684E+00 -2.74874E+00  6.02934E+01 -1.73860E+01  2.20240E+04  3.19284E+04  9.08235E+04  6.62422E+03  1.29286E+04  1.11318E+04  4.33549E-05  0.00000E+00  9.64491E-05
       5       1       3  2.04278E-04  2.77700E-04  2.04278E-06  1.67522E-01  4.51161E-01  2.17623E+00  3.99963E+00  1.39836E+01  5.03110E+00  1.86538E+04  2.49742E+04  3.32724E+04  6.64801E+03  4.56866E+03  5.54542E+03  2.97400E-05  0.00000E+00  2.47960E-04
       5       1       4  2.87801E-04  1.36458E-04  2.87801E-06  2.22464E-01  5.35501E-01  3.54542E+00 -1.40590E+00  4.15837E+01 -2.02765E+01  4.66522E+04  5.66534E+04  5.73472E+04  2.57262E+03  3.03142E+02  4.54673E+03  9.36080E-05  0.00000E+00  4.28498E-05
       5       1       5  2.63682E-04  2.28310E-04  2.63682E-06  3.24497E-01  7.87168E-01  5.19248E+00  1.14260E+00  2.96514E+01  1.43089E+00  1.72144E+04  2.26109E+04  3.95142E+04 -2.16249E+02  2.08402E+03  7.99120E+02  1.65896E-04  0.00000E+00  6.24137E-05
       5       1       6  2.13356E-04  1.96728E-04  2.13356E-06  4.69223E-01  1.11839E+00  6.97446E+00 -2.07714E+00  9.70499E+00 -2.04270E+01  6.29057E+03  8.38032E+03  2.76825E+04  3.56764E+02  2.94238E+03  1.26165E+03  7.86174E-05  0.00000E+00  1.18111E-04
       5       1       7  2.15789E-04  1.57676E-04  2.15789E-06  8.08814E-01  1.86499E+00  1.20783E+01  8.02101E+00 -1.36517E+02  6.36920E+01  2.21083E+04  3.50117E+04  5.12400E+04 -1.56195E+03  1.42392E+03  2.84188E+03  9.36339E-05  0.00000E+00  6.40417E-05
       5       1       8  3.61416E-04  2.72159E-04  3.61416E-06  1.16218E+00  2.80642E+00  1.79805E+01 -1.21990E+01 -1.17673E+02  1.71698E+01  1.19656E+04  1.93708E+04  2.44690E+04  1.96295E+03  3.85932E+02  5.26232E+02  1.99851E-04  0.00000E+00  7.23075E-05
       5       1       9  3.81905E-04  2.65794E-04  3.81905E-06  1.44282E+00  3.43260E+00  2.39941E+01  9.09666E+00 -3.29583E+01  1.14920E+00  3.00596E+03  4.44398E+03  1.35354E+04 -7.75188E+02  1.68353E+03  1.10696E+03  6.69871E-05  0.00000E+00  1.98807E-04
       5       1      10  1.73769E-04  1.80592E-04  1.73769E-06  5.26707E+00  1.26275E+01  6.80311E+01 -1.33982E+00 -7.88237E+01  3.11840E+00  8.00070E+03  1.73862E+04  3.03933E+04  4.84297E+02  2.75133E+03  2.26083E+03  7.27281E-05  0.00000E+00  1.07864E-04
       5       2       1  1.25492E-03  1.20299E-03  1.25492E-05  8.99292E-02  2.16580E-01  5.38537E-01  2.50794E+01 -3.58088E-01 -3.96031E+00  3.59579E+04  4.00702E+04  6.47223E+04  1.89974E+03  7.97348E+03  5.68086E+03  5.68225E-05  4.30554E-04  7.15609E-04
       5       2       2  3.60642E-04  2.90981E-04  3.60642E-06  2.17152E-01  5.28164E-01  1.39566E+00  1.50401E+01  5.26205E+01 -2.51539E+01  1.59648E+04  4.59223E+04  7.91099E+04  1.05507E+04  1.91260E+04  9.55125E+03  7.60911E-05  1.15703E-05  2.03320E-04
       5       2       3  6.20127E-04  6.18939E-04  6.20127E-06  3.11704E-01  7.74069E-01  2.08693E+00  9.73239E-01  1.11286E+01 -4.17830E+00  4.47227E+03  1.99259E+04  3.56089E+04  7.08078E+03  1.31242E+04  5.76740E+03  5.16521E-05  2.92070E-06  5.64366E-04
       5       2       4  8.95854E-04  4.13736E-04  8.95854E-06  5.70425E-01  1.40137E+00  3.24959E+00  1.41456E+02 -2.41175E+01 -6.59706E+00  6.40788E+04  5.86737E+04  5.62187E+04 -8.30530E+03  2.45072E+03  6.36289E+03  1.39246E-04  1.70566E-04  1.03924E-04
       5       2       5  8.36489E-04  4.60663E-04  8.36489E-06  7.99628E-01  1.91466E+00  4.83347E+00  9.29039E+00  3.39707E+01 -1.06489E+01  1.09031E+04  3.07204E+04  5.17157E+04  3.62246E+03  7.84372E+03  5.36910E+03  2.73495E-04  1.94487E-05  1.67719E-04
       5       2       6  7.11764E-04  5.67791E-04  7.11764E-06  1.11404E+00  2.74547E+00  6.66010E+00  4.19106E+00  7.78834E+00 -1.05418E+01  2.55617E+03  9.90641E+03  3.26088E+04  1.74665E+03  8.63480E+03  4.21621E+03  1.20591E-04  3.03376E-05  4.16863E-04
       5       2       7  6.98709E-04  4.87867E-04  6.98709E-06  1.91697E+00  4.70296E+00  1.11057E+01  7.62321E+01 -1.23321E+02  1.56309E+01  3.56690E+04  3.13583E+04  4.95554E+04 -6.01587E+03  3.31384E+03  5.02102E+03  1.72464E-04  1.32922E-04  1.82481E-04
       5       2       8  1.15006E-03  7.89528E-04  1.15006E-05  2.66970E+00  6.75636E+00  1.66456E+01  9.79552E+00 -6.94235E+01  3.79842E+00  5.48438E+03  1.62658E+04  3.90189E+04  1.92559E+02  7.84655E+03  4.96616E+03  2.82752E-04  1.82237E-05  4.88552E-04
       5       2       9  1.29670E-03  1.33665E-03  1.29670E-05  3.47390E+00  8.75743E+00  2.32975E+01 -2.81340E+00 -2.07262E+01 -3.72407E-02  1.34816E+03  4.13204E+03  1.23708E+04  8.73577E+02  2.50135E+03  1.37773E+03  1.77645E-04  1.13277E-05  1.14768E-03
       5       2      10  5.98300E-04  5.45346E-04  5.98300E-06  1.10005E+01  2.51034E+01  6.52678E+01  6.07219E+00 -6.40165E+01  2.57211E+01  4.69266E+03  1.83279E+04  3.02072E+04  1.88901E+03  3.43593E+03  3.48910E+03  1.72666E-04  3.88817E-05  3.33799E-04
       5       3       1  2.10055E-03  2.18076E-03  2.10055E-05  1.34074E-01  3.24662E-01  4.78551E-01  1.51142E+01 -3.71087E+00 -2.17192E+00  3.38360E+04  3.10865E+04  3.90895E+04 -4.57326E+02  1.25147E+03  4.76354E+02  4.91158E-05  1.68912E-03  4.42524E-04
       5       3       2  6.15579E-04  6.44200E-04  6.15579E-06  3.41550E-01  8.31232E-01  1.21092E+00 -2.55670E+01  3.56847E+01 -2.00886E+01  2.70868E+04  4.42395E+04  5.49472E+04  6.95708E+03  6.25655E+03  5.05484E+03  8.78507E-05  3.96730E-04  1.59620E-04
       5       3       3  1.04898E-03  1.19425E-03  1.04898E-05  5.07572E-01  1.21977E+00  1.80736E+00  3.59601E+01 -6.61078E+00 -2.66739E+00  6.18703E+03  1.55352E+04  2.59154E+04  4.92594E+03  7.08487E+03  3.34099E+03  4.48078E-05  7.57195E-04  3.92251E-04
       5       3       4  1.58839E-03  9.20761E-04  1.58839E-05  7.81590E-01  1.87424E+00  2.80524E+00  2.03987E+02 -7.80073E+01 -9.97008E+00  7.70919E+04  5.36355E+04  5.20528E+04 -1.65390E+04  3.89579E+03  7.20686E+03  1.40578E-04  6.02780E-04  1.77402E-04
       5       3       5  1.54358E-03  1.63904E-03  1.54358E-05  1.24250E+00  3.00283E+00  4.12404E+00  1.15282E+02 -3.60859E+01 -1.01633E+01  2.73608E+04  3.28314E+04  3.31989E+04  2.02855E+03  5.63256E+03  3.73861E+03  2.78492E-04  1.06630E-03  2.94249E-04
       5       3       6  1.44897E-03  1.53255E-03  1.44897E-05  1.52835E+00  3.66234E+00  5.70588E+00  8.83315E+01 -3.50775E+01 -7.54169E+00  1.59241E+04  1.32513E+04  2.14427E+04 -1.87151E+03  6.17930E+03  3.04996E+03  1.15927E-04  9.70246E-04  4.46378E-04
       5       3       7  1.39925E-03  1.12662E-03  1.39925E-05  2.80217E+00  6.68315E+00  9.78427E+00  1.46612E+02 -8.48591E+01  2.04137E+01  4.05223E+04  3.24002E+04  4.21492E+04 -5.74434E+03  4.34894E+03  3.43979E+03  1.57290E-04  7.57176E-04  2.12153E-04
       5       3       8  2.12960E-03  2.45385E-03  2.12960E-05  4.15354E+00  9.89902E+00  1.46089E+01  9.54102E+01 -6.03086E+01  2.06554E+01  1.92176E+04  1.76089E+04  2.32201E+04 -1.30169E+03  1.94829E+03  1.93869E+03  4.22648E-04  1.61330E-03  4.17899E-04
       5       3       9  2.72681E-03  2.88575E-03  2.72681E-05  5.68242E+00  1.37838E+01  1.98352E+01  4.74291E+01 -2.14952E+01  3.49756E+00  6.23196E+03  5.59965E+03  8.39115E+03 -2.32562E+02  1.65422E+03  7.56510E+02  7.17984E-05  1.65908E-03  1.15487E-03
       5       3      10  1.42664E-03  1.30427E-03  1.42664E-05  1.69361E+01  4.02913E+01  6.01063E+01  3.81929E+01 -3.90460E+01  2.28696E+01  5.25687E+03  1.57068E+04  2.46446E+04  3.17629E+03 -1.04037E+03  1.23189E+03  1.98519E-04  8.29374E-04  2.76373E-04
       5       4       1  2.90831E-03  3.48819E-03  2.90831E-05  1.89993E-01  4.61393E-01  3.54858E-01  1.24877E+02 -5.06290E+01 -2.32962E+00  5.33932E+04  3.30568E+04  2.73098E+04 -9.97443E+03  8.19103E+02  6.65313E+02  4.74901E-05  3.04998E-03  3.90726E-04
       5       4       2  8.76832E-04  9.71326E-04  8.76832E-06  4.67798E-01  1.13409E+00  8.67499E-01  1.71501E+01  3.04190E+00 -1.95317E+01  4.77049E+04  4.61434E+04  2.82194E+04 -2.16656E+03 -9.40718E+02  2.19638E+02  8.31756E-05  7.54058E-04  1.34092E-04
       5       4       3  1.47030E-03  1.61984E-03  1.47030E-05  6.71181E-01  1.64337E+00  1.27452E+00  4.08564E+01 -2.08702E+01 -9.53889E+00  2.45062E+04  1.76956E+04  1.44065E+04 -4.66100E+03  1.68222E+03  5.51936E+02  4.63935E-05  1.18492E-03  3.88522E-04
       5       4       4  2.36376E-03  1.61099E-03  2.36376E-05  1.06516E+00  2.55546E+00  2.01526E+00  1.19276E+02 -4.91861E+01 -1.40882E+01  1.00314E+05  5.01774E+04  3.16318E+04 -2.51628E+04 -1.95613E+03 -7.55619E+02  1.42244E-04  1.38617E-03  8.25827E-05
       5       4       5  2.43568E-03  3.58065E-03  2.43568E-05  1.62549E+00  3.95681E+00  2.99621E+00  7.78181E+01 -3.13232E+01 -5.17975E+00  3.71551E+04  3.61653E+04  2.05864E+04 -3.07349E+03  1.00069E+03  3.24531E+02  2.56506E-04  3.15113E-03  1.73016E-04
       5       4       6  2.59841E-03  2.98599E-03  2.59841E-05  2.35733E+00  5.60851E+00  4.09741E+00  4.59538E+01 -4.30445E+00 -2.20738E+00  1.56438E+04  1.89430E+04  1.02643E+04  3.03156E+03  1.28401E+03  3.67883E+02  1.14262E-04  2.39595E-03  4.75774E-04
       5       4       7  2.70009E-03  2.59825E-03  2.70009E-05  3.78149E+00  9.11199E+00  6.92342E+00  2.01747E+02 -8.89789E+01  3.59179E+01  6.07409E+04  3.73620E+04  2.85398E+04 -1.21147E+04  4.32672E+01  2.32957E+03  2.17616E-04  2.20147E-03  1.79162E-04
       5       4       8  3.43647E-03  4.46522E-03  3.43647E-05  5.69982E+00  1.37283E+01  1.03714E+01  1.23547E+02 -5.64646E+01  1.70417E+01  2.52112E+04  2.38220E+04  1.64041E+04 -9.17203E+02  8.92834E+02  9.34448E+02  2.46853E-04  3.83274E-03  3.85629E-04
       5       4       9  5.07873E-03  5.78173E-03  5.07873E-05  7.86933E+00  1.87257E+01  1.42593E+01  6.62170E+01 -2.84862E+01  7.33160E+00  8.93774E+03  9.28269E+03  6.64796E+03  3.08062E+02  6.13738E+02  5.51161E+02  2.12434E-04  4.69375E-03  8.75548E-04
       5       4      10  3.70388E-03  4.84459E-03  3.70388E-05  2.19549E+01  5.31510E+01  3.94897E+01  1.17635E+02 -5.17877E+01  8.74977E+00  2.51551E+04  2.02714E+04  1.08763E+04 -2.37057E+03  1.28653E+02  4.42098E+02  1.99536E-04  4.42070E-03  2.24354E-04
       5       5       1  3.57457E-03  3.37269E-03  3.57457E-05  2.02822E-01  4.91953E-01  2.26884E-01  1.26316E+02 -5.70763E+01 -5.47288E+00  4.72003E+04  3.11443E+04  3.52417E+04 -8.60019E+03 -1.11962E+03 -5.33136E+02  4.93861E-05  2.96282E-03  3.60478E-04
       5       5       2  1.11073E-03  1.08794E-03  1.11073E-05  5.34911E-01  1.28767E+00  5.89527E-01  3.14935E+01 -2.94384E+00 -2.18498E+01  4.47043E+04  5.77584E+04  3.17284E+04  7.66406E+03 -2.20727E+03  6.23008E+02  7.60013E-05  8.76009E-04  1.35925E-04
       5       5       3  1.82678E-03  1.79890E-03  1.82678E-05  7.57157E-01  1.85233E+00  8.60081E-01  5.75855E+01 -2.95024E+01  2.63232E+00  2.91194E+04  3.70342E+04  2.09708E+04  3.32435E+03 -3.71159E+01  1.32373E+03  4.59399E-05  1.40168E-03  3.51280E-04
       5       5       4  3.10735E-03  1.91944E-03  3.10735E-05  1.22969E+00  2.92678E+00  1.34885E+00  9.27805E+01 -3.95416E+01  2.34490E+00  6.29736E+04  5.05419E+04  5.22209E+04 -8.27184E+03 -3.83749E+03  3.40605E+03  1.37913E-04  1.73606E-03  4.54663E-05
       5       5       5  3.40907E-03  3.37982E-03  3.40907E-05  1.85650E+00  4.49162E+00  2.11033E+00  6.04099E+01 -3.11683E+01 -6.07702E-01  3.01123E+04  3.68099E+04  2.59363E+04  7.67375E+02  1.10312E+03 -1.40637E+03  2.39850E-04  2.98714E-03  1.52828E-04
       5       5       6  4.09943E-03  3.70322E-03  4.09943E-05  2.51345E+00  6.09512E+00  2.77099E+00  5.05358E+01 -1.95460E+01  3.16993E+00  1.95446E+04  2.82130E+04  1.37190E+04  5.77369E+03  3.09004E+02  1.62154E+03  1.05267E-04  3.15438E-03  4.43576E-04
       5       5       7  5.04231E-03  2.89815E-03  5.04231E-05  4.21800E+00  1.02008E+01  4.61654E+00  1.55142E+02 -6.83122E+01  1.76321E+01  4.34588E+04  4.69316E+04  3.46562E+04  1.26937E+03  2.08751E+03  1.63810E+03  1.96520E-04  2.32729E-03  3.74334E-04
       5       5       8  5.35873E-03  5.45576E-03  5.35873E-05  6.37484E+00  1.54350E+01  6.91164E+00  1.01583E+02 -3.89096E+01  3.07982E+00  2.03511E+04  3.03561E+04  1.59385E+04  4.72416E+03  2.55979E+03  6.88866E+02  2.76461E-04  4.26527E-03  9.14029E-04
       5       5       9  8.28181E-03  8.34749E-03  8.28181E-05  8.93255E+00  2.17268E+01  9.21888E+00  4.78959E+01 -1.77515E+01  4.09772E+00  6.60804E+03  1.08262E+04  5.18896E+03  2.08696E+03  7.21925E+02  5.37817E+02  1.82457E-04  5.39660E-03  2.76843E-03
       5       5      10  9.51531E-03  5.49835E-03  9.51531E-05  2.46760E+01  5.94354E+01  2.72569E+01  1.06350E+02 -4.82215E+01  7.34659E+00  2.19457E+04  2.32344E+04  1.09946E+04  5.51972E+02 -2.92891E+02 -1.64384E+02  1.94789E-04  5.07513E-03  2.28431E-04
       5       6       1  3.95999E-03  4.18528E-03  3.95999E-05  2.19015E-01  5.33460E-01  7.66047E-02  1.12709E+02 -5.16933E+01 -2.33027E+00  3.85606E+04  3.56900E+04  3.11352E+04 -2.04850E+03 -1.17644E+02 -1.64159E+02  4.35026E-05  3.40083E-03  7.40948E-04
       5       6       2  1.25534E-03  1.34742E-03  1.25534E-05  5.66179E-01  1.38735E+00  2.02097E-01 -2.33218E+01  5.38212E+00 -1.17862E+01  4.38336E+04  6.19020E+04  2.96904E+04  7.44504E+03 -1.68336E+03  2.76182E+02  7.64395E-05  1.12155E-03  1.49434E-04
       5       6       3  2.03669E-03  2.19363E-03  2.03669E-05  8.37290E-01  2.03337E+00  2.81150E-01  5.27104E+01 -1.65698E+01 -6.14632E+00  2.11661E+04  4.22056E+04  1.71909E+04  9.32887E+03 -3.39471E+03 -1.20347E+03  4.62566E-05  1.72267E-03  4.24697E-04
       5       6       4  3.58556E-03  3.18003E-03  3.58556E-05  1.30978E+00  3.18472E+00  4.49932E-01  8.90922E+01 -3.42920E+01  1.20606E+00  7.80304E+04  5.34630E+04  3.91451E+04 -1.29616E+04  1.96521E+03  3.03427E+03  1.34582E-04  2.75954E-03  2.85907E-04
       5       6       5  4.10096E-03  4.23982E-03  4.10096E-05  1.96747E+00  4.78553E+00  6.76920E-01  5.42525E+01 -2.09217E+01 -4.06925E+00  4.10780E+04  4.55189E+04  1.65436E+04  1.56227E+03  5.32480E+03  7.64621E+02  2.45180E-04  3.55915E-03  4.35490E-04
       5       6       6  5.29702E-03  6.59673E-03  5.29702E-05  2.67423E+00  6.53082E+00  9.05286E-01  4.56469E+01 -1.91040E+01  2.83984E+00  1.89072E+04  2.61276E+04  1.12794E+04  2.35344E+03  2.69131E+03  1.79879E+03  9.49404E-05  5.73745E-03  7.64334E-04
       5       6       7  7.50989E-03  6.02564E-03  7.50989E-05  4.51060E+00  1.09987E+01  1.68767E+00  2.05502E+02 -8.79362E+01  7.49674E+00  6.28151E+04  4.14367E+04  1.81763E+04 -1.17807E+04  3.60808E+03  1.06307E+03  1.52109E-04  4.87268E-03  1.00085E-03
       5       6       8  7.60733E-03  1.06694E-02  7.60733E-05  6.76035E+00  1.65600E+01  2.49281E+00  1.29588E+02 -5.65920E+01  1.04529E+01  2.82690E+04  2.77656E+04  9.33036E+03 -1.02704E+03  1.62495E+03  9.66126E+02  3.93781E-04  8.34356E-03  1.93202E-03
       5       6       9  1.09737E-02  1.33979E-02  1.09737E-04  9.11162E+00  2.27303E+01  3.71011E+00  6.89204E+01 -2.92781E+01 -1.75359E+00  1.08470E+04  9.52692E+03  3.33934E+03 -8.23853E+02  9.34228E+02  2.27454E+02  8.03105E-05  8.64199E-03  4.67558E-03
       5       6      10  1.75866E-02  2.07184E-02  1.75866E-04  2.40103E+01  5.79224E+01  8.32885E+00  2.00797E+02 -8.35734E+01  2.09601E+00  4.84926E+04  1.85010E+04  3.87459E+03 -1.50675E+04  1.14617E+02 -7.05685E+00  1.91822E-04  2.03300E-02  1.96579E-04
       6       1       1  4.15861E-04  3.94768E-04  4.15861E-06  1.30037E-02  9.32204E-02  5.22641E-01  2.25232E-01  1.87722E+01  2.27721E+01  2.54942E+04  4.94239E+04  1.15650E+05  3.59446E+03  1.65015E+04  3.04940E+03  3.60813E-05  0.00000E+00  3.58687E-04
       6       1       2  1.18395E-04  1.23488E-04  1.18395E-06  3.83334E-02  2.93847E-01  1.47019E+00  6.20560E+00  6.61866E+01 -2.80291E+01  2.26862E+04  4.05560E+04  9.30948E+04  2.22676E+03  1.63952E+04  1.26221E+03  3.86966E-05  0.00000E+00  8.47913E-05
       6       1       3  2.04265E-04  2.35767E-04  2.04265E-06  5.51038E-02  4.65988E-01  2.17767E+00 -6.95758E+00  1.87564E+01  6.19926E+00  1.49251E+04  3.39376E+04  4.05674E+04  2.36446E+03  7.06437E+03 -1.83946E+01  3.05040E-05  0.00000E+00  2.05263E-04
       6       1       4  2.87772E-04  1.13379E-04  2.87772E-06  7.45785E-02  5.91806E-01  3.55010E+00  1.46026E+00  4.82394E+01  4.15759E+00  4.21881E+04  5.33274E+04  6.38642E+04  7.45040E+02  6.06275E+02  7.77953E+02  8.02830E-05  0.00000E+00  3.30964E-05
       6       1       5  2.63656E-04  2.19693E-04  2.63656E-06  1.07396E-01  8.51066E-01  5.19289E+00  3.43877E-01  3.06057E+01 -1.02221E+01  1.69373E+04  2.31301E+04  4.37856E+04 -4.06368E+02  3.99171E+03  1.20757E+03  1.56568E-04  0.00000E+00  6.31249E-05
       6       1       6  2.13332E-04  1.78264E-04  2.13332E-06  1.46481E-01  1.17878E+00  6.95496E+00  1.52554E+00  1.95039E+01  2.27221E+00  6.36563E+03  9.02397E+03  3.47699E+04  4.98987E+02  4.99785E+03  9.42320E+02  7.16217E-05  0.00000E+00  1.06643E-04
       6       1       7  2.15771E-04  1.56197E-04  2.15771E-06  2.65608E-01  2.07137E+00  1.22738E+01  2.85995E+00 -1.49103E+02  2.41899E+01  2.29277E+04  3.58995E+04  4.74242E+04 -2.14049E+02  1.12291E+03  5.59142E+02  9.88153E-05  0.00000E+00  5.73819E-05
       6       1       8  3.61389E-04  3.06425E-04  3.61389E-06  4.28992E-01  2.99358E+00  1.78464E+01 -6.61760E+00 -8.02115E+01  2.63466E+01  8.93094E+03  1.43254E+04  3.39760E+04  9.39807E+02  4.15253E+03  2.36641E+02  1.59511E-04  0.00000E+00  1.46914E-04
       6       1       9  3.81856E-04  2.91251E-04  3.81856E-06  5.51561E-01  4.21924E+00  2.40451E+01  3.83276E+00 -3.81410E+01  1.15638E+01  3.29436E+03  5.30764E+03  1.17905E+04 -3.22717E+02  1.28418E+03  4.12872E+02  8.88227E-05  0.00000E+00  2.02429E-04
       6       1      10  1.73748E-04  2.08474E-04  1.73748E-06  1.97824E+00  1.47671E+01  7.14384E+01 -5.17545E-01 -7.10378E+01 -4.90140E+00  6.99870E+03  1.50639E+04  2.62475E+04 -1.41571E+02  3.10089E+03  4.80962E+02  7.01851E-05  0.00000E+00  1.38289E-04
       6       2       1  1.25449E-03  9.23300E-04  1.25449E-05  3.18035E-02  2.35623E-01  5.23910E-01  2.84998E+01 -4.20344E-01 -7.56208E+00  4.74735E+04  4.59733E+04  7.57457E+04  3.49720E+02  5.29319E+03  1.52804E+03  5.22860E-05  4.56329E-04  4.14685E-04
       6       2       2  3.60491E-04  2.33886E-04  3.60491E-06  7.20136E-02  5.56784E-01  1.38488E+00  2.11442E+01  6.63337E+01 -2.39354E+01  1.65133E+04  5.76213E+04  8.56142E+04  6.89884E+03  2.21896E+04  3.69067E+03  5.98968E-05  1.92643E-05  1.54725E-04
       6       2       3  6.19937E-04  5.25025E-04  6.19937E-06  1.05386E-01  8.14793E-01  2.10145E+00  2.87937E+00  1.50939E+01 -1.21787E+01  2.37028E+03  2.54062E+04  3.53378E+04  3.41328E+03  1.10167E+04  6.74649E+02  5.62857E-05  5.46453E-06  4.63275E-04
       6       2       4  8.95403E-04  4.42152E-04  8.95403E-06  2.04280E-01  1.56109E+00  3.26743E+00  1.76892E+02 -2.62557E+00 -1.36480E+01  7.06893E+04  4.89077E+04  5.38055E+04 -4.08525E+03  3.98319E+03  2.39350E+03  1.28253E-04  2.25287E-04  8.86120E-05
       6       2       5  8.36061E-04  4.38392E-04  8.36061E-06  2.69913E-01  2.04805E+00  4.84242E+00  8.57722E+00  2.15254E+01 -8.90161E+00  8.04391E+03  3.19460E+04  5.38881E+04  1.38846E+03  1.04715E+04  1.92156E+03  2.37185E-04  2.35672E-05  1.77640E-04
       6       2       6  7.11342E-04  6.06109E-04  7.11342E-06  3.77773E-01  2.89517E+00  6.70826E+00  4.33403E+00  7.54586E+00  1.44929E+01  1.76856E+03  1.08740E+04  3.73926E+04  8.34865E+02  1.17870E+04  2.06627E+03  1.07932E-04  5.18188E-05  4.46358E-04
       6       2       7  6.98373E-04  5.59961E-04  6.98373E-06  6.82517E-01  5.02363E+00  1.10223E+01  9.73601E+01 -6.59880E+01  6.38833E+01  3.75887E+04  2.63947E+04  5.25349E+04 -2.02290E+03  8.65012E+03  2.42312E+03  1.48038E-04  1.66251E-04  2.45672E-04
       6       2       8  1.14964E-03  9.43246E-04  1.14964E-05  9.05600E-01  6.93848E+00  1.65344E+01  2.70141E+01 -5.11113E+01  4.64614E+01  8.34895E+03  1.58836E+04  3.65410E+04 -2.81751E+02  8.27300E+03  2.05535E+03  3.21612E-04  8.52055E-05  5.36428E-04
       6       2       9  1.29584E-03  1.29198E-03  1.29584E-05  1.20013E+00  9.44882E+00  2.33977E+01  1.35501E+00 -8.10477E+00  1.11616E+01  8.49325E+02  3.82629E+03  1.14078E+04  5.14988E+02  2.85538E+03  5.73915E+02  1.09548E-04  1.37770E-05  1.16865E-03
       6       2      10  5.97809E-04  5.49484E-04  5.97809E-06  4.14747E+00  2.78485E+01  6.56917E+01  1.63298E+01 -5.31182E+01  1.71507E+01  4.25231E+03  1.67317E+04  3.02731E+04  8.30153E+02  1.84146E+03  2.00032E+02  1.41726E-04  1.27667E-04  2.80091E-04
       6       3       1  2.09884E-03  1.98469E-03  2.09884E-05  4.63013E-02  3.48352E-01  4.79525E-01  1.82678E+01  1.03014E+00 -1.31260E+00  3.88021E+04  3.15257E+04  3.70587E+04 -3.18809E+02 -3.02668E+02  7.90136E+02  4.05523E-05  1.68007E-03  2.64064E-04
       6       3       2  6.14909E-04  6.17424E-04  6.14909E-06  1.17783E-01  8.79601E-01  1.22652E+00 -2.83283E+01  3.14358E+01 -2.17714E+01  2.40584E+04  4.40246E+04  5.41788E+04  2.29319E+03  7.42273E+03  1.56993E+03  7.68709E-05  4.15691E-04  1.24863E-04
       6       3       3  1.04819E-03  1.05897E-03  1.04819E-05  1.68351E-01  1.30343E+00  1.81922E+00  4.09931E+01 -1.51280E+00 -8.57078E+00  4.08028E+03  1.74071E+04  2.42421E+04  1.58563E+03  5.90083E+03  1.12560E+03  3.98504E-05  7.64071E-04  2.55051E-04
       6       3       4  1.58636E-03  8.37865E-04  1.58636E-05  2.68783E-01  2.00609E+00  2.78274E+00  2.33412E+02 -2.08258E+01 -9.11246E-01  9.02155E+04  4.99559E+04  5.00981E+04 -7.72924E+03  4.62752E+03  2.47971E+03  1.18259E-04  5.62447E-04  1.57158E-04
       6       3       5  1.54143E-03  1.52566E-03  1.54143E-05  4.23690E-01  3.22903E+00  4.12699E+00  1.29502E+02 -6.13000E+00 -5.77717E+00  2.74373E+04  3.40978E+04  3.13354E+04  7.11863E+02  5.13852E+03  1.14057E+03  2.45846E-04  1.04450E-03  2.35312E-04
       6       3       6  1.44666E-03  1.51690E-03  1.44666E-05  5.15252E-01  3.95599E+00  5.72279E+00  9.36143E+01 -1.09885E+01 -5.05754E+00  1.61804E+04  1.23398E+04  2.09467E+04 -5.94438E+02  6.47600E+03  1.15162E+03  9.86048E-05  9.25464E-04  4.92836E-04
       6       3       7  1.39693E-03  1.08884E-03  1.39693E-05  9.68763E-01  7.21987E+00  9.84279E+00  1.48097E+02 -5.87804E+01  2.23698E+01  3.99567E+04  3.13537E+04  4.27825E+04 -1.88675E+03  3.78988E+03  1.72892E+03  1.65802E-04  7.18958E-04  2.04080E-04
       6       3       8  2.12756E-03  2.20250E-03  2.12756E-05  1.44908E+00  1.06535E+01  1.46281E+01  1.02739E+02 -3.63846E+01  9.39808E+00  1.95346E+04  1.70841E+04  2.30256E+04 -1.12874E+02  3.17447E+03  4.44720E+02  2.57586E-04  1.53778E-03  4.07131E-04
       6       3       9  2.72203E-03  2.70837E-03  2.72203E-05  1.83618E+00  1.45168E+01  1.97568E+01  5.32925E+01 -1.50594E+01  4.53522E+00  6.55184E+03  6.07916E+03  8.56641E+03 -3.56354E+02  1.25569E+03  2.55286E+02  1.58030E-04  1.61961E-03  9.30729E-04
       6       3      10  1.42237E-03  1.17397E-03  1.42237E-05  6.09594E+00  4.33729E+01  5.92170E+01  3.87571E+01 -2.72288E+01  1.92181E+01  3.91253E+03  1.76545E+04  2.56463E+04  1.64234E+03  2.16995E+03  7.41215E+02  1.70886E-04  7.19771E-04  2.83318E-04
       6       4       1  2.90422E-03  3.24027E-03  2.90422E-05  6.64892E-02  4.90876E-01  3.48979E-01  1.42391E+02 -2.09492E+01 -2.20171E+00  6.03561E+04  2.75572E+04  2.64927E+04 -2.77861E+03  6.71173E+02 -1.42314E+02  4.45441E-05  2.95574E-03  2.39986E-04
       6       4       2  8.75064E-04  9.32313E-04  8.75064E-06  1.62560E-01  1.22564E+00  8.64421E-01  2.03164E+01  3.57907E+00 -1.52742E+01  4.96672E+04  4.36468E+04  2.65296E+04 -1.92230E+03  2.51279E+03  7.99989E+02  6.94805E-05  7.87506E-04  7.53256E-05
       6       4       3  1.46841E-03  1.35467E-03  1.46841E-05  2.38898E-01  1.73349E+00  1.26104E+00  5.27101E+01  5.14385E+00  3.01564E-01  3.10481E+04  1.70063E+04  1.48343E+04 -2.74873E+03  3.18243E+03  3.02825E+02  3.71809E-05  1.08194E-03  2.35546E-04
       6       4       4  2.35839E-03  1.57133E-03  2.35839E-05  3.55245E-01  2.73044E+00  2.01028E+00  1.32914E+02 -1.54152E+01 -9.34256E+00  1.11526E+05  4.21698E+04  3.12789E+04 -8.14000E+03 -2.25221E+03 -1.07560E+03  1.15927E-04  1.36487E-03  9.05262E-05
       6       4       5  2.42906E-03  3.64069E-03  2.42906E-05  5.61246E-01  4.25585E+00  2.99819E+00  8.05724E+01 -3.86555E+00 -8.44647E-01  3.87088E+04  3.23645E+04  2.03801E+04 -4.55507E+02  9.26902E+02  8.18465E+02  2.42848E-04  3.19613E-03  2.01719E-04
       6       4       6  2.59059E-03  2.47039E-03  2.59059E-05  8.14201E-01  5.97380E+00  4.08546E+00  4.45401E+01 -9.09289E+00 -6.71191E+00  1.50804E+04  2.52167E+04  1.24930E+04  1.04615E+03  2.45485E+03  1.95376E+01  8.49467E-05  1.92761E-03  4.57832E-04
       6       4       7  2.68894E-03  2.51974E-03  2.68894E-05  1.28950E+00  9.74153E+00  6.92197E+00  2.20030E+02 -3.46392E+01  1.52667E+01  6.72527E+04  3.39019E+04  2.69103E+04 -4.51597E+03  1.69723E+03  3.28395E+02  1.36565E-04  2.19010E-03  1.93070E-04
       6       4       8  3.42882E-03  4.57120E-03  3.42882E-05  1.92570E+00  1.46921E+01  1.03444E+01  1.34482E+02 -2.32656E+01  9.90207E+00  2.56238E+04  2.38400E+04  1.66702E+04 -5.13683E+02  1.18457E+03  2.38716E+02  3.19392E-04  3.89358E-03  3.58232E-04
       6       4       9  5.06237E-03  5.76202E-03  5.06237E-05  2.75616E+00  2.02559E+01  1.42673E+01  7.01395E+01 -1.00865E+01  3.64401E+00  8.81778E+03  9.83199E+03  6.37054E+03  2.19230E+02  9.21939E+02  5.56930E+01  9.03031E-05  4.75466E-03  9.17051E-04
       6       4      10  3.67741E-03  4.98155E-03  3.67741E-05  7.37484E+00  5.68950E+01  3.90731E+01  1.26667E+02 -2.03301E+01  8.47116E+00  2.59697E+04  2.00805E+04  1.09675E+04 -7.78494E+02 -5.24981E+02  3.40812E+00  1.81990E-04  4.59492E-03  2.04639E-04
       6       5       1  3.56762E-03  3.30626E-03  3.56762E-05  6.99304E-02  5.24837E-01  2.25017E-01  1.42669E+02 -1.89424E+01 -1.38779E+00  5.15877E+04  2.89413E+04  3.41720E+04 -2.65510E+03  4.88347E+02 -3.82815E+02  4.08991E-05  3.04636E-03  2.18996E-04
       6       5       2  1.10743E-03  1.02023E-03  1.10743E-05  1.78474E-01  1.38286E+00  5.90917E-01  3.82696E+01  7.03773E+00 -1.33688E+01  4.36566E+04  6.15975E+04  3.31416E+04  3.77789E+03 -1.00114E+03 -4.60081E+02  5.82308E-05  8.72012E-04  8.99923E-05
       6       5       3  1.82352E-03  1.62581E-03  1.82352E-05  2.62526E-01  1.96515E+00  8.41874E-01  6.73743E+01 -1.40078E+01 -5.24417E+00  2.94053E+04  3.98868E+04  2.15531E+04 -6.34870E+02 -1.84053E+03 -7.43500E+01  4.60883E-05  1.38820E-03  1.91528E-04
       6       5       4  3.09732E-03  1.95465E-03  3.09732E-05  4.21697E-01  3.17373E+00  1.32416E+00  9.98225E+01 -6.21749E+00 -1.14884E+01  6.43439E+04  5.11818E+04  4.99799E+04 -9.71708E+02 -9.93192E+02  2.70890E+03  1.20591E-04  1.76269E-03  7.13750E-05
       6       5       5  3.39486E-03  3.47769E-03  3.39486E-05  6.29087E-01  4.76826E+00  2.12600E+00  6.77959E+01 -2.03334E+01 -8.75234E+00  2.98648E+04  3.85431E+04  2.54695E+04 -1.49565E+02  1.18030E+03 -4.52802E+03  2.15198E-04  3.11167E-03  1.50822E-04
       6       5       6  4.08122E-03  4.22866E-03  4.08122E-05  8.22194E-01  6.65984E+00  2.78756E+00  5.15553E+01 -6.27723E+00  1.43104E+00  1.51427E+04  2.70215E+04  1.18619E+04  1.97527E+03  9.98452E+02  1.75358E+03  8.89442E-05  3.71162E-03  4.28101E-04
       6       5       7  5.00558E-03  2.82660E-03  5.00558E-05  1.50538E+00  1.09382E+01  4.61122E+00  1.69477E+02 -2.24311E+01  2.07126E+01  4.37414E+04  4.74837E+04  3.32603E+04  1.46536E+03  2.55654E+03  9.50124E+02  1.44337E-04  2.33474E-03  3.47532E-04
       6       5       8  5.32961E-03  5.38226E-03  5.32961E-05  2.32643E+00  1.65273E+01  6.95244E+00  1.05154E+02 -1.58568E+01  1.17438E+01  1.82840E+04  3.16137E+04  1.62622E+04  2.28465E+03  2.33415E+03  4.18244E+02  2.88674E-04  4.21174E-03  8.81846E-04
       6       5       9  8.24272E-03  7.87153E-03  8.24272E-05  3.51519E+00  2.31094E+01  9.44425E+00  5.12221E+01 -7.20904E+00  4.38154E+00  5.97790E+03  1.12029E+04  5.11182E+03  9.32123E+02  9.62426E+02  3.45419E+02  9.88153E-05  5.23130E-03  2.54142E-03
       6       5      10  9.39879E-03  5.09876E-03  9.39879E-05  8.62231E+00  6.34248E+01  2.72120E+01  1.18429E+02 -1.69390E+01  4.22352E+00  2.27669E+04  2.28396E+04  1.12425E+04  2.07589E+02  5.32453E+02 -3.76086E+02  1.87584E-04  4.69688E-03  2.14296E-04
       6       6       1  3.95101E-03  4.20616E-03  3.95101E-05  7.47093E-02  5.72053E-01  7.81868E-02  1.23525E+02 -1.64703E+01 -1.74884E+00  3.95341E+04  3.38122E+04  3.02589E+04 -7.95274E+02  5.87026E+02  5.01408E+00  3.68823E-05  3.92044E-03  2.48839E-04
       6       6       2  1.25083E-03  1.27371E-03  1.25083E-05  2.02425E-01  1.48152E+00  1.99451E-01 -2.20620E+01  7.83729E+00 -1.81801E+01  4.42449E+04  5.45410E+04  2.91107E+04  2.97641E+03 -3.09870E+03 -2.72376E+02  6.82224E-05  1.13075E-03  7.47357E-05
       6       6       3  2.03244E-03  2.05905E-03  2.03244E-05  2.88599E-01  2.18202E+00  2.89287E-01  5.81902E+01 -1.33639E+01 -3.09085E+00  1.92669E+04  3.39164E+04  1.69791E+04  2.64024E+03 -2.35813E+03 -9.19107E+02  3.25414E-05  1.79170E-03  2.34814E-04
       6       6       4  3.57186E-03  3.05308E-03  3.57186E-05  4.61540E-01  3.42337E+00  4.67706E-01  9.95455E+01 -1.08113E+01 -1.46496E+00  8.75502E+04  3.66464E+04  4.06261E+04 -6.02212E+03 -4.28688E+00  1.94786E+03  1.21924E-04  2.76942E-03  1.61744E-04
       6       6       5  4.07988E-03  4.02898E-03  4.07988E-05  7.06132E-01  5.15057E+00  6.92034E-01  6.06652E+01 -5.58676E+00 -5.43822E+00  4.14535E+04  3.96553E+04  1.52314E+04  6.91266E+02  1.56853E+03 -1.45572E+03  1.95211E-04  3.55127E-03  2.82505E-04
       6       6       6  5.26863E-03  6.36941E-03  5.26863E-05  9.23187E-01  6.91973E+00  9.37947E-01  5.06881E+01 -1.00886E+01 -1.29627E+00  1.92214E+04  1.98543E+04  1.13963E+04  3.45863E+02  1.51244E+03  6.43503E+02  9.82717E-05  5.75939E-03  5.11744E-04
       6       6       7  7.43926E-03  5.53370E-03  7.43926E-05  1.62527E+00  1.18091E+01  1.65854E+00  2.42695E+02 -3.59487E+01  9.03030E+00  7.36403E+04  2.91233E+04  1.94818E+04 -5.69201E+03  2.35867E+03  5.50541E+02  1.57290E-04  4.89919E-03  4.77222E-04
       6       6       8  7.53481E-03  9.44962E-03  7.53481E-05  2.44440E+00  1.77437E+01  2.43831E+00  1.57662E+02 -2.27280E+01  5.08621E+00  3.26109E+04  2.38012E+04  8.99054E+03 -8.36741E+02  9.94998E+02  2.00940E+02  2.25758E-04  8.33719E-03  8.86670E-04
       6       6       9  1.09081E-02  1.11873E-02  1.09081E-04  3.43972E+00  2.39200E+01  3.43303E+00  8.94771E+01 -1.32503E+01  1.36634E+00  1.33760E+04  8.87128E+03  4.12111E+03 -4.97538E+02  2.73412E+02  9.05982E+01  1.39896E-04  8.83120E-03  2.21623E-03
       6       6      10  1.73032E-02  2.08080E-02  1.73032E-04  8.15949E+00  6.22653E+01  8.28384E+00  2.14637E+02 -2.89814E+01  1.14509E+00  5.37152E+04  1.31172E+04  3.81514E+03 -5.52453E+03  7.35839E+01 -2.06076E+02  1.89449E-04  2.04168E-02  2.01812E-04
