         152           4
       1  1.11872E-02  1.03918E-02 -5.33309E+01 -5.51457E+01  2.09680E+00  2.06083E+02  1.93500E+02  2.07980E+00  5.04514E-02  7.70000E-02  3.00000E-01  1.42136E-03  0.00000E+00  3.00000E-01
       2  5.70130E-03  5.48482E-03 -7.86578E+01 -7.20331E+01  2.11870E+00  2.08113E+02  1.73297E+02  2.29780E+00  1.28230E-01  1.00600E-01  3.00000E-01 -9.70565E-03  0.00000E+00  3.00000E-01
       3  5.20937E-03  5.04169E-03 -7.68718E+01 -7.03214E+01  2.97040E+00  2.01777E+02  1.57694E+02  3.02370E+00  1.15836E-01  9.83000E-02  3.00000E-01 -5.28886E-03  0.00000E+00  3.00000E-01
       4  3.63803E-03  3.34834E-03 -6.07409E+01 -5.93916E+01  2.64100E+00  2.03513E+02  1.79503E+02  2.60000E+00  3.84221E-02  8.30000E-02  3.00000E-01  1.01243E-02  0.00000E+00  3.00000E-01
       5  6.40447E-03  5.96819E-03 -4.46703E+01 -4.29252E+01  2.62700E+00  1.97743E+02  2.03949E+02  2.49860E+00  3.51235E-02  6.00000E-02  3.00000E-01  4.48109E-03  0.00000E+00  3.00000E-01
       6  1.84434E-03  1.96817E-03 -8.38645E+01 -7.66923E+01  4.18970E+00  1.84096E+02  1.53159E+02  4.23960E+00  1.90019E-01  1.07200E-01  3.00000E-01  1.27836E-03  0.00000E+00  3.00000E-01
       7  3.70911E-03  3.77942E-03 -7.20372E+01 -6.08558E+01  2.81680E+00  1.83266E+02  1.54194E+02  3.00380E+00  8.20005E-02  8.50000E-02  3.00000E-01  1.44721E-02  0.00000E+00  3.00000E-01
       8  3.71651E-03  3.34797E-03 -4.24669E+01 -4.55340E+01  2.66940E+00  1.86410E+02  1.84950E+02  2.80100E+00 -5.98648E-03  6.36000E-02  3.00000E-01  4.55802E-02  0.00000E+00  3.00000E-01
       9  2.51829E-03  2.82912E-03 -8.02432E+01 -7.37064E+01  3.32630E+00  1.63404E+02  1.33986E+02  3.59880E+00  1.69318E-01  1.03000E-01  3.00000E-01  2.10878E-02  0.00000E+00  3.00000E-01
      10  3.56234E-03  3.44048E-03 -6.07477E+01 -5.00778E+01  3.24950E+00  1.79123E+02  1.67266E+02  3.32320E+00  3.52672E-02  7.00000E-02  3.00000E-01  1.95541E-02  0.00000E+00  3.00000E-01
      11  1.37642E-03  1.56856E-03 -8.60070E+01 -8.66754E+01  3.87500E+00  1.58978E+02  1.46387E+02  5.24270E+00  2.08082E-01  1.21100E-01  3.00000E-01  4.42383E-02  0.00000E+00  3.00000E-01
      12  1.30222E-02  1.21686E-02 -2.20024E+01 -2.61590E+01  1.95760E+00  1.80832E+02  2.01454E+02  1.89660E+00  6.26020E-03  3.65000E-02  3.00000E-01  2.68741E-02  0.00000E+00  3.00000E-01
      13  5.08673E-03  4.56704E-03 -3.11838E+01 -3.72943E+01  2.53240E+00  1.70709E+02  1.78601E+02  2.62510E+00 -2.09792E-02  5.21000E-02  3.00000E-01  7.00087E-02  0.00000E+00  3.00000E-01
      14  1.06445E-02  1.03798E-02 -3.12205E+01 -3.44990E+01  2.01780E+00  1.95842E+02  2.09083E+02  2.43910E+00  3.30337E-02  4.82000E-02  3.00000E-01 -2.20971E-02  0.00000E+00  3.00000E-01
      15  1.28514E-02  1.28399E-02 -1.56167E+01 -1.63027E+01  2.61890E+00  1.91616E+02  2.13903E+02  2.26050E+00  1.78342E-02  2.28000E-02  3.00000E-01 -3.25640E-02  0.00000E+00  3.00000E-01
      16  2.63649E-03  2.61779E-03 -4.74875E+01 -3.87077E+01  4.33610E+00  1.42479E+02  1.50981E+02  4.82940E+00  3.24877E-02  5.41000E-02  3.00000E-01  4.41143E-02  0.00000E+00  3.00000E-01
      17  9.87356E-03  9.09850E-03 -6.24454E+01 -6.05436E+01  3.43570E+00  1.55971E+02  1.25864E+02  3.59830E+00  5.49427E-02  8.46000E-02  3.00000E-01 -2.36962E-02  0.00000E+00  3.00000E-01
      18  1.53564E-03  1.43315E-03 -1.93903E+01 -1.97254E+01  4.73350E+00  1.56139E+02  1.58949E+02  4.61790E+00 -1.53699E-02  2.76000E-02  3.00000E-01  9.26227E-02  0.00000E+00  3.00000E-01
      19  4.11107E-03  3.70099E-03 -1.01416E+00  4.25290E+00  2.76540E+00  1.64981E+02  1.68387E+02  2.73010E+00  1.60194E-03 -5.90000E-03  3.00000E-01  8.08221E-02  0.00000E+00  3.00000E-01
      20  4.09600E-03  4.00892E-03 -2.26613E+01 -1.64615E+01  3.52970E+00  1.34032E+02  1.43857E+02  3.54450E+00  6.19282E-03  2.30000E-02  3.00000E-01  7.37394E-02  0.00000E+00  3.00000E-01
      21  3.88766E-03  3.47743E-03  2.02052E+00  3.07820E+00  3.50300E+00  1.68287E+02  1.78698E+02  3.01190E+00  8.78092E-03 -4.30000E-03  3.00000E-01  7.33944E-02  0.00000E+00  3.00000E-01
      22  1.02351E-02  9.99680E-03  7.34090E-01  7.42610E+00  2.47200E+00  1.86750E+02  2.04616E+02  2.28450E+00  3.96738E-03 -1.04000E-02  3.00000E-01 -1.22500E-02  0.00000E+00  3.00000E-01
      23  2.09485E-03  2.05136E-03  2.85472E+00  6.42000E-02  3.23530E+00  1.43460E+02  1.46307E+02  3.75370E+00 -1.32909E-02 -1.00000E-04  3.00000E-01  7.85247E-02  0.00000E+00  3.00000E-01
      24  7.16826E-03  6.85782E-03 -2.37511E+01 -4.05902E+01  1.00825E+01  1.35287E+02  1.11405E+02  1.00086E+01 -1.00314E-02  5.67000E-02  3.00000E-01 -3.60873E-02  0.00000E+00  3.00000E-01
      25  7.36945E-03  7.20930E-03  2.25280E+01 -1.27600E-01  6.76040E+00  1.38683E+02  1.10589E+02  7.09400E+00 -1.39971E-02  2.00000E-04  3.00000E-01 -2.41660E-02  0.00000E+00  3.00000E-01
      26  1.03624E-02  1.03167E-02 -6.58443E+01 -8.73687E+01  8.21170E+00  1.25798E+02  1.02161E+02  7.20870E+00  4.39723E-02  1.22100E-01  3.00000E-01 -4.38006E-02  0.00000E+00  3.00000E-01
      27  3.33212E-03  3.24587E-03 -7.57953E+01 -8.97611E+01  4.07440E+00  1.48583E+02  1.22064E+02  4.59060E+00  9.88917E-02  1.25400E-01  3.00000E-01  3.04665E-02  0.00000E+00  3.00000E-01
      28  1.26100E-03  1.35643E-03 -9.14491E+01 -9.18239E+01  4.08350E+00  1.51778E+02  1.37606E+02  4.08200E+00  2.20220E-01  1.28300E-01  3.00000E-01  5.43352E-02  0.00000E+00  3.00000E-01
      29  1.56682E-03  1.72328E-03 -9.04579E+01 -8.53951E+01  3.61540E+00  1.64929E+02  1.51784E+02  3.88060E+00  2.42532E-01  1.19300E-01  3.00000E-01  3.84885E-02  0.00000E+00  3.00000E-01
      30  3.47699E-03  3.00952E-03 -8.73257E+01 -1.14358E+02  4.66580E+00  1.47154E+02  1.22178E+02  4.97350E+00  8.05451E-02  1.59800E-01  3.00000E-01  2.36414E-02  0.00000E+00  3.00000E-01
      31  1.92749E-03  2.04666E-03 -8.51329E+01 -8.14300E+01  3.54520E+00  1.85203E+02  1.60441E+02  3.61190E+00  2.10449E-01  1.13800E-01  3.00000E-01 -2.19391E-03  0.00000E+00  3.00000E-01
      32  1.03445E-02  9.88286E-03 -1.21248E+02 -1.32051E+02  4.99940E+00  1.56620E+02  1.03527E+02  5.06440E+00  1.16803E-01  1.84500E-01  3.00000E-01 -4.26978E-02  0.00000E+00  3.00000E-01
      33  6.48277E-03  5.06048E-03 -1.31089E+02 -1.24535E+02  3.79810E+00  1.63061E+02  1.22670E+02  4.11950E+00  7.50366E-02  1.74000E-01  3.00000E-01 -7.20501E-02  0.00000E+00  3.00000E-01
      34  3.29359E-03  2.95497E-03 -9.84925E+01 -9.57580E+01  3.50070E+00  1.44463E+02  1.29370E+02  3.37900E+00  1.61740E-01  1.33800E-01  3.00000E-01  4.31580E-02  0.00000E+00  3.00000E-01
      35  1.26296E-02  1.15019E-02 -1.66134E+02 -1.52696E+02  3.72370E+00  1.40351E+02  9.98517E+01  3.80120E+00  1.07385E-01  2.13300E-01  3.00000E-01 -4.00645E-02  0.00000E+00  3.00000E-01
      36  1.32579E-03  1.43009E-03 -9.91555E+01 -9.03990E+01  3.94300E+00  1.50136E+02  1.43693E+02  3.89150E+00  2.67038E-01  1.26300E-01  3.00000E-01  8.88956E-02  0.00000E+00  3.00000E-01
      37  1.30718E-02  1.52592E-02 -9.81228E+01 -1.61801E+02  6.01230E+00  1.03821E+02  8.50652E+01  6.60920E+00  1.59483E-01  2.26100E-01  3.00000E-01  8.26649E-03  0.00000E+00  3.00000E-01
      38  5.20918E-03  3.98139E-03 -1.20392E+02 -1.11794E+02  2.99430E+00  1.57028E+02  1.19721E+02  3.35420E+00  7.48185E-02  1.56200E-01  3.00000E-01 -4.06126E-02  0.00000E+00  3.00000E-01
      39  2.72557E-03  2.91418E-03 -9.54009E+01 -9.52033E+01  3.35160E+00  1.55641E+02  1.44592E+02  3.36560E+00  2.51954E-01  1.33000E-01  3.00000E-01  6.74542E-02  0.00000E+00  3.00000E-01
      40  1.27365E-02  1.13239E-02 -4.14118E+01 -1.97637E+02  6.00790E+00  8.36079E+01  6.55906E+01  7.20350E+00 -3.29434E-01  2.76100E-01  3.00000E-01  1.05880E-01  0.00000E+00  3.00000E-01
      41  9.99181E-03  1.10439E-02 -1.15290E+02 -1.65616E+02  4.30430E+00  1.09990E+02  8.33342E+01  4.77530E+00  1.29784E-01  2.31400E-01  3.00000E-01  7.75998E-02  0.00000E+00  3.00000E-01
      42  6.42479E-03  5.84472E-03 -1.37951E+02 -1.25516E+02  3.53720E+00  1.52519E+02  1.04361E+02  3.94210E+00  1.16888E-01  1.75400E-01  3.00000E-01 -2.07919E-02  0.00000E+00  3.00000E-01
      43  1.35066E-02  1.64104E-02 -1.33346E+02 -2.00253E+02  4.68790E+00  7.93799E+01  7.05455E+01  6.39010E+00  2.39227E-01  2.79800E-01  3.00000E-01  1.20011E-01  0.00000E+00  3.00000E-01
      44  3.01335E-03  2.30611E-03 -1.04124E+02 -1.13573E+02  4.52250E+00  1.53384E+02  1.17822E+02  4.77830E+00  5.25278E-02  1.58700E-01  3.00000E-01 -2.31104E-02  0.00000E+00  3.00000E-01
      45  1.25680E-03  1.35830E-03 -9.05336E+01 -9.20753E+01  3.96280E+00  1.53091E+02  1.46072E+02  3.57010E+00  2.20322E-01  1.28600E-01  3.00000E-01  4.98185E-02  0.00000E+00  3.00000E-01
      46  1.65095E-03  1.78603E-03 -8.67295E+01 -9.10898E+01  3.34400E+00  1.70124E+02  1.61695E+02  3.60620E+00  2.21966E-01  1.27300E-01  3.00000E-01  2.54713E-02  0.00000E+00  3.00000E-01
      47  3.33790E-03  3.05069E-03 -8.64256E+01 -9.81729E+01  3.58330E+00  1.45490E+02  1.21180E+02  4.10090E+00  1.00076E-01  1.37200E-01  3.00000E-01  3.51243E-02  0.00000E+00  3.00000E-01
      48  4.74556E-03  4.70947E-03 -8.13070E+01 -6.95816E+01  2.54100E+00  1.99556E+02  1.64613E+02  2.59370E+00  1.50440E-01  9.72000E-02  3.00000E-01 -5.00136E-03  0.00000E+00  3.00000E-01
      49  1.23583E-03  1.41340E-03 -8.38509E+01 -8.82302E+01  3.46790E+00  1.57906E+02  1.57875E+02  3.15310E+00  2.14222E-01  1.23300E-01  3.00000E-01  3.27138E-02  0.00000E+00  3.00000E-01
      50  1.69448E-03  1.88431E-03 -7.84416E+01 -8.23289E+01  3.31840E+00  1.79877E+02  1.67328E+02  3.32990E+00  1.76058E-01  1.15000E-01  3.00000E-01 -2.11466E-03  0.00000E+00  3.00000E-01
      51  8.72558E-03  9.42920E-03 -1.00624E+02 -1.07611E+02  5.32290E+00  1.35313E+02  9.51285E+01  5.75030E+00  7.61642E-02  1.50400E-01  3.00000E-01 -2.22693E-02  0.00000E+00  3.00000E-01
      52  3.85081E-03  3.52272E-03 -6.55882E+01 -5.18417E+01  2.48570E+00  2.12755E+02  2.05582E+02  2.37090E+00  7.56356E-02  7.24000E-02  3.00000E-01 -7.30462E-03  0.00000E+00  3.00000E-01
      53  1.14797E-03  1.32248E-03 -7.39414E+01 -7.95708E+01  3.64480E+00  1.65384E+02  1.44946E+02  4.05920E+00  1.71085E-01  1.11200E-01  3.00000E-01  6.14361E-03  0.00000E+00  3.00000E-01
      54  2.58632E-03  2.41564E-03 -8.25240E+01 -9.13735E+01  3.94420E+00  1.59311E+02  1.18040E+02  3.70890E+00  7.20365E-02  1.27700E-01  3.00000E-01 -1.07844E-02  0.00000E+00  3.00000E-01
      55  1.60547E-03  1.73628E-03 -7.48810E+01 -7.26749E+01  2.99110E+00  1.80782E+02  1.64762E+02  3.44310E+00  1.40334E-01  1.01500E-01  3.00000E-01 -5.14529E-03  0.00000E+00  3.00000E-01
      56  2.41046E-03  2.33764E-03 -7.08556E+01 -6.05916E+01  2.90940E+00  2.00735E+02  1.76118E+02  3.11640E+00  8.22500E-02  8.47000E-02  3.00000E-01 -2.21921E-03  0.00000E+00  3.00000E-01
      57  3.95646E-03  3.64651E-03 -5.08225E+01 -3.90104E+01  2.31750E+00  2.03051E+02  2.06014E+02  2.31160E+00  2.79675E-02  5.45000E-02  3.00000E-01  9.69628E-03  0.00000E+00  3.00000E-01
      58  7.33416E-03  6.94434E-03 -3.22814E+01 -3.44129E+01  2.42660E+00  1.95681E+02  2.06800E+02  2.04820E+00  2.09336E-02  4.81000E-02  3.00000E-01  6.82791E-04  0.00000E+00  3.00000E-01
      59  5.40770E-03  4.91416E-03 -7.26435E+01 -7.06768E+01  3.54790E+00  1.61961E+02  1.21332E+02  3.99690E+00  5.98068E-02  9.87000E-02  3.00000E-01 -4.26406E-02  0.00000E+00  3.00000E-01
      60  1.00899E-03  1.08533E-03 -7.16274E+01 -6.58570E+01  4.59500E+00  1.58453E+02  1.38512E+02  5.63270E+00  1.39770E-01  9.20000E-02  3.00000E-01  2.61477E-03  0.00000E+00  3.00000E-01
      61  1.40311E-03  1.50183E-03 -7.01247E+01 -5.91339E+01  3.37190E+00  1.69387E+02  1.71291E+02  3.71740E+00  1.07401E-01  8.26000E-02  3.00000E-01  1.01450E-02  0.00000E+00  3.00000E-01
      62  2.08762E-03  2.01053E-03 -5.91309E+01 -4.92578E+01  3.20750E+00  1.92525E+02  1.70370E+02  3.17090E+00  3.79703E-02  6.88000E-02  3.00000E-01  4.57204E-03  0.00000E+00  3.00000E-01
      63  1.29262E-02  1.29321E-02 -1.68303E+01 -1.66150E+01  2.31170E+00  1.93146E+02  2.14012E+02  2.27080E+00  1.66044E-02  2.32000E-02  3.00000E-01 -3.23495E-02  0.00000E+00  3.00000E-01
      64  3.36190E-03  3.05256E-03 -3.65229E+01 -3.48226E+01  3.01100E+00  1.91309E+02  1.92501E+02  3.20530E+00 -1.17420E-02  4.87000E-02  3.00000E-01  3.52187E-02  0.00000E+00  3.00000E-01
      65  3.24146E-03  3.24103E-03 -6.03155E+01 -4.67406E+01  4.32920E+00  1.46398E+02  1.29943E+02  4.18700E+00  7.32805E-02  6.53000E-02  3.00000E-01  8.56118E-03  0.00000E+00  3.00000E-01
      66  1.62288E-02  1.55297E-02 -6.22028E+00 -9.71960E+00  1.98640E+00  1.85217E+02  2.04650E+02  1.82760E+00 -1.12519E-03  1.36000E-02  3.00000E-01  6.22449E-04  0.00000E+00  3.00000E-01
      67  2.91442E-02  2.94803E-02  7.71410E+00  1.97364E+01  1.65850E+00  1.93779E+02  2.10271E+02  1.68840E+00 -8.56502E-03 -2.76000E-02  3.00000E-01 -4.03319E-02  0.00000E+00  3.00000E-01
      68  1.28766E-02  1.22638E-02 -5.83128E+01 -5.53930E+01  7.43740E+00  1.13290E+02  9.90821E+01  6.39610E+00  3.36072E-02  7.74000E-02  3.00000E-01 -3.65830E-02  0.00000E+00  3.00000E-01
      69  1.64507E-03  1.54743E-03 -5.08247E+01 -3.85227E+01  2.88670E+00  1.76333E+02  1.74375E+02  3.53670E+00  1.93239E-02  5.38000E-02  3.00000E-01  3.33756E-02  0.00000E+00  3.00000E-01
      70  6.08167E-03  5.75512E-03  1.48461E+01  1.72862E+01  3.27700E+00  1.38487E+02  1.21636E+02  3.75850E+00 -6.70235E-03 -2.42000E-02  3.00000E-01  4.41106E-02  0.00000E+00  3.00000E-01
      71  2.47359E-03  2.21165E-03 -2.30430E+01 -1.98976E+01  3.89570E+00  1.73851E+02  1.70702E+02  3.88190E+00 -2.42010E-02  2.78000E-02  3.00000E-01  7.20872E-02  0.00000E+00  3.00000E-01
      72  9.35559E-03  8.58209E-03  2.28248E+01  2.54342E+01  2.23560E+00  1.85924E+02  1.98916E+02  2.20800E+00  4.49742E-03 -3.55000E-02  3.00000E-01  3.33679E-02  0.00000E+00  3.00000E-01
      73  4.11866E-03  3.77282E-03  3.21712E+01  3.19210E+01  2.31940E+00  1.77326E+02  1.72709E+02  2.61440E+00  1.30014E-02 -4.46000E-02  3.00000E-01  5.32530E-02  0.00000E+00  3.00000E-01
      74  3.88766E-03  3.49266E-03 -1.33115E+00 -3.07820E+00  3.50300E+00  1.68363E+02  1.78698E+02  3.01190E+00 -1.00662E-02  4.30000E-03  3.00000E-01  7.53276E-02  0.00000E+00  3.00000E-01
      75  5.42531E-03  5.07371E-03 -5.09091E+01 -3.44652E+01  5.16830E+00  1.53729E+02  1.07433E+02  5.64620E+00  8.90604E-03  4.82000E-02  3.00000E-01 -4.76788E-02  0.00000E+00  3.00000E-01
      76  1.28514E-02  1.28314E-02  1.53870E+01  1.63027E+01  2.61890E+00  1.91162E+02  2.13903E+02  2.26050E+00 -1.82130E-02 -2.28000E-02  3.00000E-01 -3.13502E-02  0.00000E+00  3.00000E-01
      77  1.33877E-02  1.32181E-02 -4.80269E+01 -1.55468E+02  5.77590E+00  7.57763E+01  6.82334E+01  7.73900E+00 -1.91709E-01  2.17200E-01  3.00000E-01  4.21943E-02  0.00000E+00  3.00000E-01
      78  9.13856E-03  5.84203E-03 -1.90182E+01 -2.14718E+02  6.11990E+00  3.28393E+01  5.66170E+01  9.13570E+00 -2.61932E-02  3.00000E-01  3.00000E-01 -1.18458E-03  0.00000E+00  3.00000E-01
      79  1.46669E-03  1.45289E-03 -4.07141E+01 -2.66730E+01  4.69660E+00  1.39071E+02  1.32862E+02  5.12060E+00  3.82849E-02  3.73000E-02  3.00000E-01  3.82413E-02  0.00000E+00  3.00000E-01
      80  1.23028E-03  1.16400E-03 -2.61879E+01 -2.19635E+01  3.75400E+00  1.56162E+02  1.45756E+02  4.26770E+00  2.56164E-02  3.07000E-02  3.00000E-01  6.17751E-02  0.00000E+00  3.00000E-01
      81  2.16485E-03  2.16592E-03 -1.75908E+01 -1.50469E+01  4.04570E+00  1.32334E+02  1.28562E+02  4.76240E+00  2.99324E-02  2.10000E-02  3.00000E-01  8.02678E-02  0.00000E+00  3.00000E-01
      82  1.71572E-03  1.53835E-03 -9.05609E+00 -1.69529E+01  4.11020E+00  1.60945E+02  1.64466E+02  4.08680E+00 -8.93852E-03  2.37000E-02  3.00000E-01  8.24674E-02  0.00000E+00  3.00000E-01
      83  5.87670E-03  5.44492E-03  1.38715E+01  2.36044E+01  2.54170E+00  1.75187E+02  2.01731E+02  2.35250E+00 -6.67525E-03 -3.30000E-02  3.00000E-01  3.55224E-02  0.00000E+00  3.00000E-01
      84  2.39535E-03  2.13232E-03  1.12197E+01  6.25090E+00  3.73800E+00  1.63839E+02  1.71546E+02  3.66870E+00  6.78426E-03 -8.70000E-03  3.00000E-01  9.32732E-02  0.00000E+00  3.00000E-01
      85  4.75211E-03  4.60148E-03 -2.45767E+01 -1.49436E+01  5.71080E+00  1.48814E+02  1.03941E+02  6.87710E+00  5.75043E-03  2.09000E-02  3.00000E-01 -2.74706E-02  0.00000E+00  3.00000E-01
      86  1.18661E-03  1.14109E-03  3.89405E+00  5.89020E+00  3.99590E+00  1.47072E+02  1.53860E+02  4.59740E+00  2.06390E-03 -8.20000E-03  3.00000E-01  9.30881E-02  0.00000E+00  3.00000E-01
      87  1.35500E-02  1.27024E-02  3.55224E+01  3.74109E+01  1.99580E+00  1.91691E+02  2.02812E+02  1.97070E+00 -2.11646E-02 -5.23000E-02  3.00000E-01  1.19851E-02  0.00000E+00  3.00000E-01
      88  3.18483E-03  2.83294E-03  2.62183E+01  3.76838E+01  3.34130E+00  1.70978E+02  1.85456E+02  3.54960E+00  2.76845E-02 -5.27000E-02  3.00000E-01  8.07619E-02  0.00000E+00  3.00000E-01
      89  1.06445E-02  1.03911E-02  3.11901E+01  3.44990E+01  2.01780E+00  1.96301E+02  2.09083E+02  2.43910E+00 -3.08502E-02 -4.82000E-02  3.00000E-01 -2.34053E-02  0.00000E+00  3.00000E-01
      90  1.53564E-03  1.41872E-03  2.17788E+01  1.97254E+01  4.73350E+00  1.58080E+02  1.58949E+02  4.61790E+00  1.06939E-02 -2.76000E-02  3.00000E-01  8.15840E-02  0.00000E+00  3.00000E-01
      91  7.33416E-03  6.94039E-03  3.16590E+01  3.44129E+01  2.42660E+00  1.95158E+02  2.06800E+02  2.04820E+00 -2.00757E-02 -4.81000E-02  3.00000E-01  5.20525E-04  0.00000E+00  3.00000E-01
      92  1.52209E-03  1.53994E-03  7.32992E+00 -1.66190E+00  4.87370E+00  1.30966E+02  1.34958E+02  5.21500E+00  5.54467E-03  2.30000E-03  3.00000E-01  8.82898E-02  0.00000E+00  3.00000E-01
      93  3.71651E-03  3.34418E-03  4.28738E+01  4.55340E+01  2.66940E+00  1.88811E+02  1.84950E+02  2.80100E+00  6.61533E-03 -6.36000E-02  3.00000E-01  3.97985E-02  0.00000E+00  3.00000E-01
      94  1.90190E-03  1.73537E-03  3.98922E+01  3.67685E+01  3.88200E+00  1.70985E+02  1.70325E+02  3.90010E+00  1.81567E-02 -5.14000E-02  3.00000E-01  6.19803E-02  0.00000E+00  3.00000E-01
      95  3.04395E-03  2.84005E-03  9.45613E+00  4.09800E+00  6.29160E+00  1.39249E+02  1.28315E+02  5.83360E+00  8.87291E-03 -5.70000E-03  3.00000E-01  3.80633E-02  0.00000E+00  3.00000E-01
      96  1.03871E-02  9.65635E-03  5.42662E+01  4.96517E+01  1.89490E+00  2.05724E+02  2.04868E+02  1.86230E+00 -5.27889E-02 -6.94000E-02  3.00000E-01  1.96539E-04  0.00000E+00  3.00000E-01
      97  1.03463E-03  1.02304E-03  3.21737E+01  2.43638E+01  5.29040E+00  1.35160E+02  1.54438E+02  5.63680E+00 -2.42978E-02 -3.40000E-02  3.00000E-01  9.93034E-02  0.00000E+00  3.00000E-01
      98  1.23028E-03  1.17016E-03  2.88963E+01  2.19635E+01  3.75400E+00  1.53835E+02  1.45756E+02  4.26770E+00 -1.98768E-02 -3.07000E-02  3.00000E-01  6.87112E-02  0.00000E+00  3.00000E-01
      99  3.95646E-03  3.62895E-03  5.02396E+01  3.90104E+01  2.31750E+00  2.03363E+02  2.06014E+02  2.31160E+00 -2.60695E-02 -5.45000E-02  3.00000E-01  1.36702E-02  0.00000E+00  3.00000E-01
     100  3.63803E-03  3.27807E-03  5.78746E+01  5.93916E+01  2.64100E+00  2.01185E+02  1.79503E+02  2.60000E+00 -3.82416E-02 -8.30000E-02  3.00000E-01  1.54227E-02  0.00000E+00  3.00000E-01
     101  4.40999E-03  4.23734E-03  6.58168E+01  5.56762E+01  3.02470E+00  1.90785E+02  1.67626E+02  3.00050E+00 -4.38090E-02 -7.78000E-02  3.00000E-01  8.87622E-03  0.00000E+00  3.00000E-01
     102  4.65093E-03  4.28629E-03  6.06149E+01  6.41298E+01  3.00430E+00  2.09647E+02  1.84157E+02  2.87750E+00 -6.44053E-02 -8.96000E-02  3.00000E-01 -6.59059E-04  0.00000E+00  3.00000E-01
     103  1.23156E-03  1.19252E-03  4.95308E+01  3.85853E+01  5.73760E+00  1.51003E+02  1.61140E+02  6.70480E+00 -3.06735E-02 -5.39000E-02  3.00000E-01  6.24844E-02  0.00000E+00  3.00000E-01
     104  9.85493E-03  9.42308E-03 -1.20203E+00  2.30641E+01  9.59970E+00  1.23368E+02  1.07645E+02  9.74700E+00  4.03620E-03 -3.22000E-02  3.00000E-01 -3.56754E-02  0.00000E+00  3.00000E-01
     105  2.76917E-03  2.77406E-03  4.76926E+01  3.67031E+01  5.26070E+00  1.33241E+02  1.39582E+02  5.24910E+00 -3.71561E-02 -5.13000E-02  3.00000E-01  4.02894E-02  0.00000E+00  3.00000E-01
     106  2.08762E-03  1.99905E-03  5.81101E+01  4.92578E+01  3.20750E+00  1.93057E+02  1.70370E+02  3.17090E+00 -2.72297E-02 -6.88000E-02  3.00000E-01  3.13106E-03  0.00000E+00  3.00000E-01
     107  1.39072E-03  1.39777E-03  6.79650E+01  4.86514E+01  5.14740E+00  1.66728E+02  1.61512E+02  5.38590E+00 -5.91609E-02 -6.80000E-02  3.00000E-01  2.77451E-02  0.00000E+00  3.00000E-01
     108  5.58888E-03  5.35635E-03  7.87591E+01  7.60691E+01  2.84590E+00  2.04923E+02  1.68728E+02  3.07360E+00 -1.24609E-01 -1.06300E-01  3.00000E-01 -3.12928E-03  0.00000E+00  3.00000E-01
     109  1.59959E-03  1.59676E-03  5.06627E+01  3.12237E+01  4.52500E+00  1.36928E+02  1.28783E+02  4.74540E+00 -6.45441E-02 -4.36000E-02  3.00000E-01  2.58130E-02  0.00000E+00  3.00000E-01
     110  2.41046E-03  2.34019E-03  7.36686E+01  6.05916E+01  2.90940E+00  2.02514E+02  1.76118E+02  3.11640E+00 -8.82310E-02 -8.47000E-02  3.00000E-01 -5.51217E-03  0.00000E+00  3.00000E-01
     111  3.22140E-03  2.99263E-03  7.53595E+01  6.87448E+01  2.57530E+00  2.12846E+02  1.75875E+02  2.77020E+00 -1.10679E-01 -9.60000E-02  3.00000E-01 -1.18825E-02  0.00000E+00  3.00000E-01
     112  2.65505E-03  2.63557E-03  6.51277E+01  5.27820E+01  4.76920E+00  1.52191E+02  1.32920E+02  4.55460E+00 -8.47283E-02 -7.37000E-02  3.00000E-01  1.46701E-02  0.00000E+00  3.00000E-01
     113  2.47299E-03  2.41417E-03  7.96326E+01  6.44952E+01  3.38250E+00  2.01969E+02  1.68797E+02  3.75640E+00 -1.32494E-01 -9.01000E-02  3.00000E-01 -4.18112E-03  0.00000E+00  3.00000E-01
     114  1.47074E-03  1.58604E-03  7.21592E+01  6.09376E+01  3.68380E+00  1.75019E+02  1.44153E+02  4.23210E+00 -1.07761E-01 -8.51000E-02  3.00000E-01 -1.85418E-03  0.00000E+00  3.00000E-01
     115  2.41210E-03  2.59608E-03  7.13346E+01  6.14871E+01  2.71850E+00  1.66511E+02  1.61346E+02  3.10260E+00 -1.18400E-01 -8.59000E-02  3.00000E-01  9.70243E-03  0.00000E+00  3.00000E-01
     116  4.85924E-03  4.84533E-03  5.11189E+01  2.17985E+01  7.38860E+00  1.40665E+02  1.05102E+02  7.90260E+00  3.07326E-03 -3.05000E-02  3.00000E-01 -2.73112E-02  0.00000E+00  3.00000E-01
     117  2.10040E-03  2.12272E-03  7.86905E+01  6.88558E+01  4.02080E+00  1.90212E+02  1.48397E+02  3.99660E+00 -1.33155E-01 -9.62000E-02  3.00000E-01  4.03983E-03  0.00000E+00  3.00000E-01
     118  2.68487E-03  2.74972E-03  6.82906E+01  5.92784E+01  5.08820E+00  1.51979E+02  1.31205E+02  5.16520E+00 -1.00598E-01 -8.28000E-02  3.00000E-01 -2.93244E-03  0.00000E+00  3.00000E-01
     119  1.60547E-03  1.77663E-03  7.68418E+01  7.26749E+01  2.99110E+00  1.79225E+02  1.64762E+02  3.44310E+00 -1.43616E-01 -1.01500E-01  3.00000E-01  1.21629E-03  0.00000E+00  3.00000E-01
     120  8.03854E-03  7.45401E-03  5.65070E+01  5.09015E+01  5.64670E+00  1.66335E+02  1.16348E+02  5.83170E+00 -2.05299E-02 -7.11000E-02  3.00000E-01 -7.22393E-02  0.00000E+00  3.00000E-01
     121  2.27257E-03  2.26577E-03  8.34126E+01  7.61701E+01  3.84970E+00  1.96134E+02  1.60800E+02  3.58570E+00 -1.68255E-01 -1.06400E-01  3.00000E-01 -2.15855E-03  0.00000E+00  3.00000E-01
     122  2.83506E-03  3.20938E-03  8.22537E+01  8.27018E+01  3.09000E+00  1.66858E+02  1.44534E+02  3.77070E+00 -1.86599E-01 -1.15500E-01  3.00000E-01  2.14554E-02  0.00000E+00  3.00000E-01
     123  3.41115E-03  3.69502E-03  8.95740E+01  8.16806E+01  2.73720E+00  1.74798E+02  1.52411E+02  2.86250E+00 -2.23837E-01 -1.14100E-01  3.00000E-01  2.73885E-02  0.00000E+00  3.00000E-01
     124  2.93032E-03  3.27952E-03  8.15844E+01  8.51497E+01  2.39760E+00  1.70795E+02  1.62344E+02  2.28950E+00 -1.91558E-01 -1.19000E-01  3.00000E-01  1.12010E-02  0.00000E+00  3.00000E-01
     125  1.92749E-03  2.06302E-03  8.58636E+01  8.14300E+01  3.54520E+00  1.84723E+02  1.60441E+02  3.61190E+00 -2.16134E-01 -1.13800E-01  3.00000E-01  3.58055E-03  0.00000E+00  3.00000E-01
     126  1.65095E-03  1.82953E-03  8.94121E+01  9.10898E+01  3.34400E+00  1.69338E+02  1.61695E+02  3.60620E+00 -2.29625E-01 -1.27300E-01  3.00000E-01  3.53184E-02  0.00000E+00  3.00000E-01
     127  1.05965E-03  1.19096E-03  7.55509E+01  7.22056E+01  4.37510E+00  1.57961E+02  1.27268E+02  4.80780E+00 -1.60458E-01 -1.00900E-01  3.00000E-01  1.95263E-02  0.00000E+00  3.00000E-01
     128  1.14797E-03  1.30786E-03  7.36802E+01  7.95708E+01  3.64480E+00  1.62920E+02  1.44946E+02  4.05920E+00 -1.56598E-01 -1.11200E-01  3.00000E-01  2.37678E-03  0.00000E+00  3.00000E-01
     129  4.85228E-03  4.27084E-03  7.69529E+01  8.53516E+01  4.42960E+00  1.61346E+02  1.15338E+02  5.08700E+00 -4.61222E-02 -1.19300E-01  3.00000E-01 -2.81094E-02  0.00000E+00  3.00000E-01
     130  3.67954E-03  3.31357E-03  5.49136E+01  5.04692E+01  5.06090E+00  1.55995E+02  1.17951E+02  5.57950E+00 -1.73177E-02 -7.05000E-02  3.00000E-01 -4.14147E-02  0.00000E+00  3.00000E-01
     131  2.72557E-03  2.91095E-03  9.83493E+01  9.52033E+01  3.35160E+00  1.53275E+02  1.44592E+02  3.36560E+00 -2.56102E-01 -1.33000E-01  3.00000E-01  8.29075E-02  0.00000E+00  3.00000E-01
     132  2.89686E-03  2.89928E-03  7.93488E+01  9.59976E+01  4.33880E+00  1.45934E+02  1.25222E+02  4.68940E+00 -1.28316E-01 -1.34100E-01  3.00000E-01  4.39949E-02  0.00000E+00  3.00000E-01
     133  6.10500E-03  6.10284E-03  9.75468E+01  8.64738E+01  4.31310E+00  1.63283E+02  1.08404E+02  4.79760E+00 -7.08407E-02 -1.20800E-01  3.00000E-01 -7.02974E-02  0.00000E+00  3.00000E-01
     134  1.26100E-03  1.39399E-03  9.13890E+01  9.18239E+01  4.08350E+00  1.52375E+02  1.37606E+02  4.08200E+00 -2.23022E-01 -1.28300E-01  3.00000E-01  4.99749E-02  0.00000E+00  3.00000E-01
     135  1.12874E-02  1.15588E-02  7.42607E+01  9.52826E+01  8.11970E+00  1.32822E+02  1.02093E+02  6.80250E+00 -3.89891E-02 -1.33100E-01  3.00000E-01 -4.55510E-02  0.00000E+00  3.00000E-01
     136  1.25680E-03  1.36038E-03  8.76777E+01  9.20753E+01  3.96280E+00  1.54954E+02  1.46072E+02  3.57010E+00 -2.17541E-01 -1.28600E-01  3.00000E-01  3.77798E-02  0.00000E+00  3.00000E-01
     137  2.45765E-03  2.47701E-03  1.01285E+02  9.12632E+01  3.29800E+00  1.44395E+02  1.39211E+02  3.28030E+00 -2.32354E-01 -1.27500E-01  3.00000E-01  7.76950E-02  0.00000E+00  3.00000E-01
     138  3.20993E-03  3.17363E-03  7.07027E+01  8.24222E+01  3.56590E+00  1.51828E+02  1.26230E+02  3.92700E+00 -1.07888E-01 -1.15200E-01  3.00000E-01  1.18753E-02  0.00000E+00  3.00000E-01
     139  3.14311E-03  2.68542E-03  8.83656E+01  9.89743E+01  3.80460E+00  1.53765E+02  1.11957E+02  3.76270E+00 -4.91387E-02 -1.38300E-01  3.00000E-01 -8.03888E-03  0.00000E+00  3.00000E-01
     140  2.16173E-03  1.95289E-03  9.47751E+01  9.70276E+01  4.30390E+00  1.46529E+02  1.29884E+02  4.05950E+00 -1.37022E-01 -1.35600E-01  3.00000E-01  3.37082E-02  0.00000E+00  3.00000E-01
     141  2.81751E-03  2.48230E-03  8.93536E+01  1.05362E+02  4.43740E+00  1.45653E+02  1.25949E+02  4.98880E+00 -9.34781E-02 -1.47200E-01  3.00000E-01  3.00883E-02  0.00000E+00  3.00000E-01
     142  7.38167E-03  6.35499E-03  1.13039E+02  1.30449E+02  4.55590E+00  1.60414E+02  1.11069E+02  4.77790E+00 -8.49956E-02 -1.82300E-01  3.00000E-01 -5.14226E-02  0.00000E+00  3.00000E-01
     143  4.25213E-03  3.51878E-03  1.18417E+02  1.22448E+02  4.22050E+00  1.58856E+02  1.22967E+02  4.61680E+00 -7.25457E-02 -1.71100E-01  3.00000E-01 -4.68289E-02  0.00000E+00  3.00000E-01
     144  1.36557E-02  1.47716E-02  6.51922E+01  1.42943E+02  7.38560E+00  9.66534E+01  8.77775E+01  7.51160E+00  5.83588E-02 -1.99700E-01  3.00000E-01 -6.74764E-02  0.00000E+00  3.00000E-01
     145  9.71084E-04  7.38746E-04  1.02762E+02  1.05273E+02  4.89950E+00  1.49727E+02  1.22078E+02  5.21350E+00 -7.55923E-02 -1.47100E-01  3.00000E-01 -1.07856E-02  0.00000E+00  3.00000E-01
     146  5.73162E-03  4.86674E-03  1.27625E+02  1.17864E+02  3.54300E+00  1.55339E+02  1.11039E+02  3.97860E+00 -1.04598E-01 -1.64700E-01  3.00000E-01 -4.29632E-02  0.00000E+00  3.00000E-01
     147  2.53145E-03  1.77154E-03  1.33445E+02  1.16630E+02  4.58890E+00  1.61012E+02  1.15629E+02  5.27200E+00 -7.69943E-02 -1.63000E-01  3.00000E-01 -7.99787E-02  0.00000E+00  3.00000E-01
     148  7.57355E-03  6.43842E-03  1.69281E+02  1.38060E+02  4.37150E+00  1.53795E+02  1.11025E+02  4.52190E+00 -1.33529E-01 -1.92900E-01  3.00000E-01 -6.89985E-02  0.00000E+00  3.00000E-01
     149  1.86381E-02  2.09538E-02  1.08161E+02  1.84203E+02  4.12540E+00  1.08408E+02  8.31491E+01  4.92460E+00 -1.23762E-01 -2.57400E-01  3.00000E-01 -1.85257E-02  0.00000E+00  3.00000E-01
     150  1.36023E-02  1.31995E-02  1.46016E+02  1.49848E+02  3.14210E+00  1.36159E+02  9.61340E+01  3.36050E+00 -9.50377E-02 -2.09400E-01  3.00000E-01  5.23815E-03  0.00000E+00  3.00000E-01
     151  1.70417E-02  1.85482E-02  9.04616E+01  1.40762E+02  4.94690E+00  1.04072E+02  8.62257E+01  5.18530E+00 -1.05486E-01 -1.96700E-01  3.00000E-01 -1.01977E-02  0.00000E+00  3.00000E-01
     152  2.83714E-02  2.53410E-02  8.05871E+01  2.05386E+02  3.59980E+00  1.07604E+02  6.31672E+01  4.93640E+00  8.20868E-02 -2.87000E-01  3.00000E-01 -1.37638E-01  0.00000E+00  3.00000E-01
