 smom1,sph1,sth1,slr1
          16           6           6          10
 phi boundaries
  0.00000E+00  2.61799E-01  5.23599E-01  7.85398E-01  1.04720E+00  1.30900E+00  1.57080E+00
 theta boundaries
  0.00000E+00  2.61799E-01  5.23599E-01  7.85398E-01  1.04720E+00  1.30900E+00  1.57080E+00
 radius boundaries in arcsec
  0.00000E+00  1.19639E+00  1.80726E+00  2.73003E+00  4.12397E+00  6.22963E+00  9.41044E+00  1.42153E+01  2.14736E+01  3.24379E+01  9.80009E+03
                                                                              phi,theta,r,mgemass,fitmass,errmass,x,y,z 
                                           (in arcsec),vx,vy,vz,xv2,vy2,vz2,vxvy,vyvz,vzvx,orbit long, orbit short,boxes
       1       1       1  4.16076E-04  4.35555E-04  4.16076E-06  9.67793E-02  1.34428E-02  5.31962E-01  1.28831E+00  2.09911E+01  5.37828E-01  3.73658E+04  1.99351E+04  6.70924E+04  1.24065E+03  1.07927E+03  1.21649E+04  7.93503E-05  1.20691E-07  3.56084E-04
       1       1       2  1.18469E-04  8.41052E-05  1.18469E-06  2.48675E-01  3.57766E-02  1.46520E+00 -2.57996E-01  1.56923E+02  5.10052E+00  3.64107E+04  5.53925E+04  5.70053E+04  1.68633E+03  2.68316E+03  5.85908E+03  5.50808E-05  0.00000E+00  2.90244E-05
       1       1       3  2.04362E-04  1.34308E-04  2.04362E-06  3.81111E-01  6.15074E-02  2.18786E+00  6.25563E+00  4.55361E+01 -2.28888E+01  4.23033E+04  2.69296E+04  5.52375E+04  5.46963E+03 -9.79784E+02  9.48988E+03  5.71326E-05  0.00000E+00  7.71752E-05
       1       1       4  2.87990E-04  1.87225E-04  2.87990E-06  5.41570E-01  7.63467E-02  3.51812E+00  2.66387E+00  4.42584E+01 -1.22207E+01  4.82306E+04  5.65499E+04  4.26954E+04  3.80069E+03 -1.44710E+03  6.76812E+03  1.27029E-04  0.00000E+00  6.01963E-05
       1       1       5  2.63849E-04  3.25146E-04  2.63849E-06  8.31045E-01  1.16798E-01  5.22106E+00 -1.04906E+00  3.28395E+01 -6.19691E+00  1.27794E+04  2.62506E+04  2.88819E+04  1.24169E+02 -6.36013E+02  4.25438E+03  2.56386E-04  0.00000E+00  6.87601E-05
       1       1       6  2.13513E-04  3.42622E-04  2.13513E-06  1.21877E+00  1.57131E-01  6.97279E+00  1.61707E+00  1.29735E+01  2.40122E+00  4.62657E+03  7.81525E+03  1.37766E+04 -2.01272E+01 -3.22205E+02  3.18247E+03  1.25366E-04  0.00000E+00  2.17255E-04
       1       1       7  2.15901E-04  1.76676E-04  2.15901E-06  1.91666E+00  2.77250E-01  1.23467E+01  2.99136E+00 -1.87827E+02  1.51177E+01  1.56995E+04  4.71087E+04  2.87618E+04  3.64532E+01 -1.61776E+03  4.06551E+03  1.33480E-04  0.00000E+00  4.31952E-05
       1       1       8  3.61585E-04  4.38082E-04  3.61585E-06  3.11879E+00  4.27639E-01  1.80739E+01  4.46623E-01 -9.94930E+01  8.76941E+00  6.56041E+03  1.68754E+04  2.37721E+04  1.04448E+02 -3.91224E+02  3.35455E+03  2.66591E-04  0.00000E+00  1.71491E-04
       1       1       9  3.82219E-04  5.56839E-04  3.82219E-06  4.70031E+00  6.07574E-01  2.42858E+01  2.55032E+00 -2.81715E+01  8.37315E+00  1.65640E+03  3.99233E+03  7.68715E+03 -1.04190E-01 -1.72188E+01  1.41942E+03  1.23127E-04  0.00000E+00  4.33712E-04
       1       1      10  1.73909E-04  1.77440E-04  1.73909E-06  1.19369E+01  1.51670E+00  6.71856E+01 -4.48651E+00 -1.28510E+02 -3.98745E+00  5.99624E+03  2.85081E+04  1.68434E+04  6.12001E+02 -5.29254E+02  2.38770E+03  1.09559E-04  0.00000E+00  6.78816E-05
       1       2       1  1.25764E-03  1.14424E-03  1.25764E-05  2.29733E-01  3.06058E-02  5.55203E-01 -4.56972E+00  1.59625E+01 -3.22631E+00  3.26771E+04  2.54993E+04  5.23009E+04  9.12959E+02  1.96851E+03  1.28058E+04  1.93332E-08  2.82590E-04  8.61628E-04
       1       2       2  3.61624E-04  2.37350E-04  3.61624E-06  5.60629E-01  7.80451E-02  1.39183E+00 -6.99674E-01 -5.59788E+00 -1.39669E+00  4.43895E+04  9.64500E+03  9.93051E+04  2.68803E+03  3.26220E+03  3.42037E+04  0.00000E+00  5.40334E-06  2.31947E-04
       1       2       3  6.21358E-04  5.99797E-04  6.21358E-06  8.39391E-01  1.18124E-01  2.10136E+00  4.85900E+00 -7.57116E-02  8.09713E+00  2.05351E+04  2.76677E+03  3.90343E+04  2.95773E+03  1.72839E+03  1.52822E+04  0.00000E+00  0.00000E+00  5.99797E-04
       1       2       4  8.98786E-04  2.21852E-04  8.98786E-06  1.37840E+00  1.86298E-01  3.15673E+00  1.10551E+01 -9.76125E+01  2.44237E+00  7.54932E+04  4.75016E+04  1.03117E+05  7.84250E+03  6.61332E+03  4.74415E+04  0.00000E+00  5.22422E-05  1.69610E-04
       1       2       5  8.39267E-04  3.02475E-04  8.39267E-06  2.06710E+00  2.52353E-01  4.77981E+00  4.38362E+00 -4.17680E+00  6.84669E+00  2.05171E+04  2.31643E+03  8.48005E+04  2.66560E+03  5.93763E+03  3.46215E+04  0.00000E+00  1.68523E-06  3.00790E-04
       1       2       6  7.14505E-04  6.33621E-04  7.14505E-06  2.93675E+00  3.72079E-01  6.89990E+00  4.98187E-01  2.19041E+00  4.67869E+00  6.80740E+03  5.84465E+02  3.59745E+04  9.06001E+02  1.71635E+03  1.33536E+04  0.00000E+00  0.00000E+00  6.33621E-04
       1       2       7  7.00894E-04  3.09250E-04  7.00894E-06  4.61220E+00  6.18862E-01  1.09356E+01 -9.09412E-01 -2.49756E-02 -6.20873E+00  1.49336E+04  3.31807E+03  8.84679E+04  9.57053E+02  3.22551E+03  3.32882E+04  0.00000E+00  3.36612E-06  3.05884E-04
       1       2       8  1.15275E-03  6.71849E-04  1.15275E-05  7.02066E+00  9.92100E-01  1.66161E+01 -2.61125E+00  8.17210E-01 -2.39205E+00  7.76028E+03  4.32208E+02  4.66138E+04  9.50637E+02  2.23359E+03  1.78754E+04  0.00000E+00  0.00000E+00  6.71849E-04
       1       2       9  1.30228E-03  1.62975E-03  1.30228E-05  1.01116E+01  1.30167E+00  2.35051E+01  1.09246E+00 -1.18390E+00 -5.69194E-01  1.94270E+03  1.87692E+02  1.03942E+04  2.18475E+02  4.43883E+02  4.04954E+03  0.00000E+00  0.00000E+00  1.62975E-03
       1       2      10  6.01498E-04  5.78008E-04  6.01498E-06  3.08836E+01  4.31966E+00  7.02968E+01  6.41858E+00  1.69649E+00  1.72579E+01  5.74487E+03  1.97895E+02  2.96328E+04  8.07798E+02  1.79298E+03  1.27894E+04  0.00000E+00  0.00000E+00  5.78008E-04
       1       3       1  2.11170E-03  2.20466E-03  2.11170E-05  3.49695E-01  4.68553E-02  4.75121E-01 -1.04275E+01  8.25074E+01 -2.07217E+00  2.82005E+04  3.12626E+04  3.40313E+04 -9.92280E+02 -1.98676E+02  1.89053E+03  0.00000E+00  1.73254E-03  4.72121E-04
       1       3       2  6.19953E-04  5.61662E-04  6.19953E-06  9.04251E-01  1.12985E-01  1.20188E+00 -1.19003E+00  2.72604E+01  2.95631E-01  4.80538E+04  2.37058E+04  5.14103E+04  1.96332E+03  1.86381E+03  1.70573E+04  0.00000E+00  3.88874E-04  1.72787E-04
       1       3       3  1.05406E-03  1.13390E-03  1.05406E-05  1.35935E+00  1.81720E-01  1.79986E+00  1.93919E+00 -4.55572E+01 -1.32899E+00  1.81711E+04  7.84943E+03  2.52571E+04  1.41613E+03  1.03259E+03  8.86501E+03  0.00000E+00  7.19193E-04  4.14710E-04
       1       3       4  1.60157E-03  9.64204E-04  1.60157E-05  2.02172E+00  2.64886E-01  2.82088E+00  3.54557E+01 -2.15123E+02  3.96360E+00  3.78031E+04  8.07125E+04  4.22244E+04 -7.45116E+03  2.12622E+03  1.66044E+04  0.00000E+00  7.31115E-04  2.33089E-04
       1       3       5  1.55767E-03  1.45368E-03  1.55767E-05  3.27403E+00  4.31436E-01  4.08110E+00  1.41831E+01 -1.09877E+02 -6.19964E+00  3.27927E+04  2.37083E+04  3.25767E+04  4.13082E+02  2.07162E+03  1.31741E+04  0.00000E+00  1.00945E-03  4.44230E-04
       1       3       6  1.46404E-03  2.12062E-03  1.46404E-05  4.20641E+00  5.43719E-01  5.78717E+00  5.12707E+00 -6.27877E+01 -1.23529E+00  1.06039E+04  1.10954E+04  1.77442E+04 -1.47705E+02  8.46118E+02  7.11612E+03  0.00000E+00  1.02815E-03  1.09247E-03
       1       3       7  1.41450E-03  1.17165E-03  1.41450E-05  7.23192E+00  9.54332E-01  9.73761E+00  2.74724E+01 -1.72355E+02 -4.07062E-01  2.44507E+04  4.46301E+04  3.64838E+04 -3.42915E+03  1.32086E+03  1.12302E+04  0.00000E+00  8.93951E-04  2.77696E-04
       1       3       8  2.14291E-03  2.25282E-03  2.14291E-05  1.07970E+01  1.42233E+00  1.44359E+01  1.86357E+01 -1.06319E+02  4.02340E+00  1.43869E+04  1.84922E+04  2.33903E+04 -8.24289E+02  1.05523E+03  7.42357E+03  0.00000E+00  1.61034E-03  6.42484E-04
       1       3       9  2.75797E-03  2.79769E-03  2.75797E-05  1.47652E+01  1.95690E+00  1.98860E+01  7.74813E+00 -4.53735E+01  1.39755E+00  5.60591E+03  5.50727E+03  9.51543E+03 -8.78073E+01  3.48652E+02  3.69164E+03  0.00000E+00  1.45122E-03  1.34647E-03
       1       3      10  1.45482E-03  1.69820E-03  1.45482E-05  4.56746E+01  6.08440E+00  6.05938E+01  6.69381E+00 -2.98209E+01 -2.75205E+00  1.30356E+04  2.34010E+03  2.21107E+04  1.31789E+03  1.20490E+03  8.92883E+03  0.00000E+00  8.44895E-04  8.53309E-04
       1       4       1  2.93494E-03  3.18352E-03  2.93494E-05  4.90350E-01  6.43746E-02  3.47114E-01  7.33509E+00 -9.17219E+01 -2.65276E-01  2.53275E+04  5.08419E+04  2.45274E+04 -3.23812E+03 -3.05427E+02  1.79193E+03  0.00000E+00  2.77747E-03  4.06056E-04
       1       4       2  8.88458E-04  8.82483E-04  8.88458E-06  1.22768E+00  1.62168E-01  8.57658E-01 -1.91905E+00 -3.19998E+00 -2.88114E+00  4.66578E+04  4.28194E+04  2.36514E+04 -3.33944E+02  1.02739E+03  5.77882E+03  0.00000E+00  7.04983E-04  1.77500E-04
       1       4       3  1.48261E-03  1.56007E-03  1.48261E-05  1.77377E+00  2.36109E-01  1.26913E+00  1.22718E+01 -4.23655E+01  2.96581E+00  1.87687E+04  2.56985E+04  1.45137E+04 -2.01969E+03 -1.73405E+02  3.54263E+03  0.00000E+00  1.06902E-03  4.91045E-04
       1       4       4  2.39895E-03  1.70908E-03  2.39895E-05  2.82102E+00  3.71162E-01  2.01362E+00  1.80529E+01 -1.28204E+02  1.12056E+00  3.46002E+04  9.72594E+04  2.31241E+04 -9.88743E+03  6.63501E+02  3.45627E+03  0.00000E+00  1.57006E-03  1.39015E-04
       1       4       5  2.47945E-03  2.64597E-03  2.47945E-05  4.18750E+00  5.50853E-01  2.99246E+00  1.20547E+01 -9.42156E+01  2.34486E+00  3.51824E+04  3.27495E+04  2.11443E+04  1.08019E+03  2.11459E+02  4.73109E+03  0.00000E+00  2.35270E-03  2.93276E-04
       1       4       6  2.64977E-03  2.86337E-03  2.64977E-05  5.91223E+00  8.07958E-01  3.99095E+00  7.08802E+00 -4.51893E+01  5.32645E+00  1.64747E+04  1.73177E+04  9.06961E+03 -5.10913E+02 -1.43272E+02  4.19606E+03  0.00000E+00  2.30071E-03  5.62662E-04
       1       4       7  2.77420E-03  2.29256E-03  2.77420E-05  9.81360E+00  1.29830E+00  6.87859E+00  3.04582E+01 -2.19633E+02  2.16560E+00  2.99556E+04  6.34294E+04  2.24270E+04 -4.62137E+03  4.58072E+02  4.87148E+03  0.00000E+00  2.06780E-03  2.24761E-04
       1       4       8  3.48722E-03  4.08474E-03  3.48722E-05  1.48145E+01  1.97632E+00  1.01962E+01  1.57742E+01 -1.23735E+02 -3.25670E+00  2.36791E+04  2.20655E+04  1.42363E+04 -2.01841E+01  5.54879E+02  3.08500E+03  0.00000E+00  3.55069E-03  5.34057E-04
       1       4       9  5.18610E-03  5.85666E-03  5.18610E-05  2.05014E+01  2.80258E+00  1.40797E+01  7.65772E+00 -6.35761E+01  1.64101E+00  9.56068E+03  7.55004E+03  5.42621E+03  2.26068E+02  1.08954E+02  1.15155E+03  0.00000E+00  4.51917E-03  1.33749E-03
       1       4      10  3.88160E-03  4.58910E-03  3.88160E-05  5.89121E+01  7.77558E+00  3.96055E+01  1.42207E+01 -1.01464E+02  1.43802E+00  1.94128E+04  1.80632E+04  9.27534E+03 -6.05594E+01  7.40098E+01  1.61397E+03  0.00000E+00  4.12796E-03  4.61141E-04
       1       5       1  3.61998E-03  3.32684E-03  3.61998E-05  5.32511E-01  6.98768E-02  2.29194E-01  1.74087E+01 -1.13332E+02 -1.73624E+00  2.32097E+04  4.71799E+04  3.16402E+04 -3.14381E+03 -3.30006E+02  1.04040E+03  0.00000E+00  2.97920E-03  3.47633E-04
       1       5       2  1.13257E-03  1.12467E-03  1.13257E-05  1.38003E+00  1.85002E-01  5.93365E-01  4.84262E+00 -2.24091E+01  2.80405E+00  6.10088E+04  4.00284E+04  2.70026E+04  2.80344E+03  4.66225E+02  3.28090E+03  0.00000E+00  9.27058E-04  1.97608E-04
       1       5       3  1.84808E-03  1.90555E-03  1.84808E-05  1.98703E+00  2.66076E-01  8.43269E-01 -2.32849E+00 -5.05231E+01 -6.20486E-01  3.58361E+04  2.40180E+04  1.82134E+04  3.27670E+03  5.29497E+02  9.39345E+02  0.00000E+00  1.43604E-03  4.69517E-04
       1       5       4  3.17340E-03  1.83650E-03  3.17340E-05  3.13806E+00  4.12972E-01  1.31972E+00  2.66974E+01 -1.03823E+02 -3.15359E+00  4.74832E+04  6.18282E+04  4.18782E+04 -3.25798E+03  4.11251E+03  2.92449E+02  0.00000E+00  1.68259E-03  1.53910E-04
       1       5       5  3.50381E-03  3.56060E-03  3.50381E-05  4.81043E+00  6.25238E-01  2.07163E+00  1.01956E+01 -7.13907E+01  2.88267E+00  3.63216E+04  2.83868E+04  2.12260E+04  1.34283E+03 -3.71884E+03  3.49621E+03  0.00000E+00  3.28877E-03  2.71832E-04
       1       5       6  4.22006E-03  4.41128E-03  4.22006E-05  6.59122E+00  8.32261E-01  2.82160E+00  1.28748E+01 -5.59914E+01 -1.91934E+00  2.79766E+04  1.54295E+04  1.17145E+04  1.38335E+03  1.90922E+03  2.24841E+03  0.00000E+00  3.80803E-03  6.03247E-04
       1       5       7  5.28933E-03  3.11840E-03  5.28933E-05  1.09011E+01  1.44452E+00  4.59218E+00  1.98774E+01 -1.55285E+02 -1.58030E+00  4.76711E+04  3.75199E+04  2.69751E+04  1.62693E+03  1.14872E+03  6.15445E+03  0.00000E+00  2.52077E-03  5.97631E-04
       1       5       8  5.55870E-03  5.80142E-03  5.55870E-05  1.65481E+01  2.22450E+00  6.86026E+00  1.22888E+01 -9.88028E+01  4.14767E+00  3.02385E+04  1.61975E+04  1.32731E+04  2.12306E+03  2.39778E+02  4.20134E+03  0.00000E+00  4.52179E-03  1.27963E-03
       1       5       9  8.54071E-03  9.66079E-03  8.54071E-05  2.34333E+01  3.17000E+00  9.44575E+00  6.25707E+00 -4.50404E+01 -2.66331E+00  1.05589E+04  4.95267E+03  4.36126E+03  8.57396E+02  3.87448E+02  1.72681E+03  0.00000E+00  6.05804E-03  3.60275E-03
       1       5      10  1.03150E-02  5.90907E-03  1.03150E-04  6.48281E+01  8.56749E+00  2.80704E+01  1.37263E+01 -9.61653E+01  1.12992E+00  2.31238E+04  1.62538E+04  8.09073E+03  9.95605E+02 -5.35225E+01  1.63681E+03  0.00000E+00  5.26309E-03  6.45988E-04
       1       6       1  4.01876E-03  4.17506E-03  4.01876E-05  5.60360E-01  7.50723E-02  7.52222E-02  1.82559E+01 -1.37964E+02 -1.17897E+00  2.32146E+04  4.49271E+04  2.81682E+04 -2.20830E+03  2.32822E+02  6.67828E+02  0.00000E+00  3.74365E-03  4.31410E-04
       1       6       2  1.28529E-03  1.29885E-03  1.28529E-05  1.48557E+00  1.94684E-01  1.99025E-01  9.28956E+00 -7.55957E+01 -1.25264E-01  5.32029E+04  3.92793E+04  2.41169E+04  7.90858E+02  4.60902E+02 -1.51187E+03  0.00000E+00  1.14696E-03  1.51886E-04
       1       6       3  2.06454E-03  2.16297E-03  2.06454E-05  2.17290E+00  2.90950E-01  2.85996E-01  6.07981E+00 -4.99692E+01 -9.16245E-01  3.76398E+04  1.76578E+04  1.73332E+04  2.74156E+03 -1.30723E+02 -2.54380E+03  0.00000E+00  1.68026E-03  4.82711E-04
       1       6       4  3.67594E-03  2.83382E-03  3.67594E-05  3.37761E+00  4.49231E-01  4.54315E-01  1.42681E+01 -1.04340E+02 -8.99582E-01  4.19966E+04  7.92244E+04  3.36772E+04 -4.61063E+03  1.16102E+03  3.12437E+03  0.00000E+00  2.56381E-03  2.70007E-04
       1       6       5  4.24237E-03  4.65368E-03  4.24237E-05  5.15287E+00  6.77294E-01  6.78206E-01  7.37220E+00 -6.13526E+01  1.04990E+00  3.91422E+04  3.71350E+04  1.35246E+04  4.62462E+02 -6.44175E+02  2.94886E+03  0.00000E+00  4.16582E-03  4.87858E-04
       1       6       6  5.48603E-03  6.41989E-03  5.48603E-05  7.10560E+00  9.73552E-01  9.60954E-01  4.32940E+00 -6.58958E+01 -3.08734E+00  2.45238E+04  2.43614E+04  1.00176E+04  4.26964E+02  9.13838E+02  2.62088E+03  0.00000E+00  5.38738E-03  1.03251E-03
       1       6       7  7.98819E-03  5.84949E-03  7.98819E-05  1.17020E+01  1.56520E+00  1.64843E+00  2.86101E+01 -2.24857E+02 -2.04144E-01  3.93119E+04  6.79391E+04  1.61347E+04 -3.37103E+03  7.84201E+02  3.19185E+03  0.00000E+00  4.95286E-03  8.96628E-04
       1       6       8  8.11683E-03  1.00819E-02  8.11683E-05  1.77047E+01  2.37661E+00  2.49278E+00  1.78812E+01 -1.41749E+02 -1.85514E+00  3.22322E+04  2.84388E+04  8.01856E+03  6.24260E+02  5.24150E+02  1.92368E+03  0.00000E+00  8.37637E-03  1.70554E-03
       1       6       9  1.14154E-02  1.31220E-02  1.14154E-04  2.44664E+01  3.36659E+00  3.63980E+00  9.35274E+00 -7.57961E+01  7.33602E-01  1.80653E+04  1.11960E+04  3.37385E+03  9.16437E+02  1.12949E+02  7.37722E+02  0.00000E+00  8.97353E-03  4.14847E-03
       1       6      10  1.95684E-02  2.30009E-02  1.95684E-04  7.03818E+01  9.39726E+00  9.15006E+00  1.37805E+01 -1.03024E+02 -5.05975E-01  2.62523E+04  1.86065E+04  2.43036E+03  1.06602E+03  9.62534E+01  6.38880E+02  0.00000E+00  2.04919E-02  2.50904E-03
       2       1       1  4.16047E-04  3.95322E-04  4.16047E-06  9.70502E-02  3.93642E-02  5.68771E-01  5.38226E+00  2.71269E+01  2.52818E+00  4.10461E+04  2.66396E+04  8.76459E+04  5.66452E+03  2.44814E+03  1.77304E+04  8.30396E-05  4.38878E-08  3.12238E-04
       2       1       2  1.18459E-04  1.50237E-04  1.18459E-06  2.71690E-01  1.13692E-01  1.47236E+00  1.33240E+01  1.05795E+02 -1.45732E+01  2.95132E+04  3.48957E+04  6.97619E+04  1.69751E+03 -9.93423E+02  8.26256E+03  7.03693E-05  0.00000E+00  7.98680E-05
       2       1       3  2.04349E-04  2.43880E-04  2.04349E-06  4.12630E-01  1.65415E-01  2.15809E+00 -7.44286E+00  3.36026E+01 -5.53759E+00  2.26055E+04  1.76152E+04  3.29978E+04  2.39744E+03  6.95325E+02  7.27772E+03  7.64341E-05  0.00000E+00  1.67446E-04
       2       1       4  2.87961E-04  2.29690E-04  2.87961E-06  5.86749E-01  2.49359E-01  3.57217E+00  2.98732E+00  5.00411E+01 -4.72895E+00  3.94213E+04  5.88488E+04  3.36329E+04  2.36660E+03 -7.90658E+03  3.71076E+03  1.82563E-04  0.00000E+00  4.71275E-05
       2       1       5  2.63823E-04  4.15039E-04  2.63823E-06  8.87647E-01  3.68044E-01  5.19413E+00 -1.45073E+00  3.30988E+01 -7.50111E+00  1.43462E+04  2.56888E+04  2.53887E+04 -4.35810E+02 -1.89380E+03  2.47210E+03  3.46503E-04  0.00000E+00  6.85364E-05
       2       1       6  2.13489E-04  3.41635E-04  2.13489E-06  1.11434E+00  4.69082E-01  6.88550E+00  6.40281E-02  1.49151E+01 -9.11700E+00  5.31337E+03  9.40196E+03  2.13066E+04  7.41023E+02 -5.41541E+01  2.52604E+03  1.60283E-04  0.00000E+00  1.81353E-04
       2       1       7  2.15884E-04  2.38883E-04  2.15884E-06  1.99976E+00  8.52432E-01  1.22306E+01  3.15074E+00 -1.89874E+02  2.12938E+01  1.85742E+04  4.66762E+04  2.62357E+04 -1.05441E+02 -5.20538E+03  3.42798E+03  1.88943E-04  0.00000E+00  4.99403E-05
       2       1       8  3.61559E-04  4.74157E-04  3.61559E-06  3.05311E+00  1.28937E+00  1.78509E+01 -7.47808E+00 -1.27064E+02  4.72709E+00  8.97397E+03  2.09357E+04  1.81887E+04  9.79693E+02 -1.93444E+03  1.55945E+03  3.75298E-04  0.00000E+00  9.88592E-05
       2       1       9  3.82170E-04  4.20327E-04  3.82170E-06  4.21348E+00  1.70565E+00  2.38450E+01 -1.28611E+00 -4.85433E+01 -6.97035E+00  2.63436E+03  6.62474E+03  5.74260E+03 -3.28327E+02 -3.13435E+02  7.94205E+02  1.59363E-04  0.00000E+00  2.60964E-04
       2       1      10  1.73887E-04  1.50403E-04  1.73887E-06  1.09372E+01  4.82519E+00  6.26461E+01 -2.30443E+00 -1.93526E+02  2.31865E+01  9.07765E+03  4.25952E+04  7.79756E+03  4.58254E+02 -4.19279E+03  3.42416E+01  1.41757E-04  0.00000E+00  8.64644E-06
       2       2       1  1.25722E-03  1.16515E-03  1.25722E-05  2.11279E-01  8.65023E-02  5.40027E-01 -7.65820E+00  2.36452E+01 -4.74440E+00  3.15309E+04  2.52238E+04  4.69187E+04 -2.23264E+02  1.69055E+03  8.46323E+03  9.28570E-05  3.05282E-04  7.67015E-04
       2       2       2  3.61471E-04  2.18354E-04  3.61471E-06  4.91392E-01  2.00265E-01  1.41334E+00 -1.59780E+00 -3.78122E+00 -3.55406E+00  3.64065E+04  1.35705E+04  9.53788E+04  9.83053E+03  1.17788E+04  3.19586E+04  3.63478E-06  5.99280E-06  2.08726E-04
       2       2       3  6.21167E-04  5.51835E-04  6.21167E-06  7.44564E-01  3.01245E-01  2.11494E+00  1.93445E+00  2.11270E+00 -5.06121E+00  1.67435E+04  4.90854E+03  3.34723E+04  6.12376E+03  4.92293E+03  1.26802E+04  5.46079E-06  0.00000E+00  5.46374E-04
       2       2       4  8.98331E-04  1.97445E-04  8.98331E-06  1.24527E+00  5.36771E-01  3.19385E+00  6.15812E+01 -8.23425E+01  1.83802E+01  7.05151E+04  5.41569E+04  8.29078E+04  7.93717E+03  1.57037E+04  3.12329E+04  1.79570E-05  4.60630E-05  1.33425E-04
       2       2       5  8.38836E-04  2.96999E-04  8.38836E-06  1.75935E+00  7.61929E-01  4.88203E+00  9.30190E+00  9.84280E+00  1.55908E+01  1.79291E+04  9.83201E+03  6.27048E+04  3.88364E+03  6.96663E+03  2.33957E+04  7.21604E-05  3.37047E-06  2.21468E-04
       2       2       6  7.14080E-04  5.22169E-04  7.14080E-06  2.72926E+00  1.12846E+00  6.82721E+00 -4.15495E+00  1.53142E+00 -1.09849E+01  7.19714E+03  2.61502E+03  3.57979E+04  2.26515E+03  4.34128E+03  1.34976E+04  3.62465E-05  0.00000E+00  4.85923E-04
       2       2       7  7.00555E-04  2.07209E-04  7.00555E-06  4.45755E+00  1.82946E+00  1.08012E+01  1.19871E+01 -2.23896E+01  2.81693E+01  1.63977E+04  1.12293E+04  8.59479E+04  1.21809E+03  1.09766E+04  3.23627E+04  3.69752E-06  8.56830E-06  1.94943E-04
       2       2       8  1.15233E-03  4.31152E-04  1.15233E-05  6.76144E+00  2.84460E+00  1.66777E+01 -1.79711E+00 -9.69443E+00  2.49640E+00  7.82561E+03  2.38904E+03  4.49573E+04  2.36237E+03  5.81359E+03  1.72192E+04  2.14456E-05  0.00000E+00  4.09707E-04
       2       2       9  1.30141E-03  1.07966E-03  1.30141E-05  9.69273E+00  3.90013E+00  2.33061E+01 -2.22053E+00 -3.96260E+00 -3.43962E+00  2.21469E+03  6.97246E+02  1.19155E+04  7.52808E+02  1.59167E+03  4.60563E+03  1.84876E-05  0.00000E+00  1.06118E-03
       2       2      10  6.01001E-04  6.09283E-04  6.01001E-06  2.87962E+01  1.21281E+01  7.02341E+01 -2.38399E+00 -9.67918E-01 -6.16340E+00  4.97831E+03  9.24026E+02  2.99753E+04  2.03801E+03  5.02184E+03  1.19351E+04  0.00000E+00  0.00000E+00  6.09283E-04
       2       3       1  2.10997E-03  2.20436E-03  2.10997E-05  3.22061E-01  1.33179E-01  4.69260E-01 -3.28318E+01  7.61950E+01 -4.83818E+00  2.66338E+04  2.95277E+04  3.22479E+04 -1.42141E+03 -4.04767E+02  1.34144E+03  6.48157E-05  1.71629E-03  4.23251E-04
       2       3       2  6.19272E-04  5.47428E-04  6.19272E-06  8.38152E-01  3.50960E-01  1.21424E+00 -1.28192E+01  2.29762E+01  4.50062E+00  4.08333E+04  2.63892E+04  5.18561E+04  6.53138E+03  3.72796E+03  9.90948E+03  0.00000E+00  4.13008E-04  1.34420E-04
       2       3       3  1.05327E-03  9.87969E-04  1.05327E-05  1.26780E+00  5.19008E-01  1.81200E+00  2.04464E+01 -4.01887E+01 -3.68212E+00  1.69537E+04  8.30656E+03  2.46050E+04  3.99044E+03  3.94245E+03  9.44970E+03  0.00000E+00  6.99016E-04  2.88954E-04
       2       3       4  1.59952E-03  9.33488E-04  1.59952E-05  1.88169E+00  7.79466E-01  2.82040E+00  8.01299E+01 -2.05982E+02 -9.13418E+00  4.35606E+04  7.72212E+04  4.15599E+04 -1.42362E+04  5.79442E+03  1.34599E+04  0.00000E+00  7.19404E-04  2.14084E-04
       2       3       5  1.55547E-03  1.37009E-03  1.55547E-05  3.05178E+00  1.25551E+00  4.07129E+00  5.52279E+01 -1.07829E+02  1.15339E+00  3.24365E+04  2.61609E+04  3.06698E+04  1.63499E+03  3.89948E+03  1.09214E+04  0.00000E+00  1.03469E-03  3.35397E-04
       2       3       6  1.46169E-03  1.73235E-03  1.46169E-05  3.85872E+00  1.57445E+00  5.75596E+00  3.18445E+01 -6.76892E+01 -1.31250E+00  1.21935E+04  1.27769E+04  1.99651E+04 -7.91963E+02  2.99073E+03  7.96520E+03  0.00000E+00  9.93651E-04  7.38703E-04
       2       3       7  1.41211E-03  1.17053E-03  1.41211E-05  6.73957E+00  2.77030E+00  9.76947E+00  6.92417E+01 -1.55148E+02 -1.52691E+01  2.83975E+04  3.93296E+04  3.64220E+04 -8.14629E+03  5.11932E+03  1.08934E+04  0.00000E+00  8.81304E-04  2.89227E-04
       2       3       8  2.14084E-03  2.22971E-03  2.14084E-05  1.01030E+01  4.20153E+00  1.44020E+01  4.50932E+01 -9.83027E+01 -2.98755E+00  1.58823E+04  1.75972E+04  2.20835E+04 -1.83831E+03  2.72671E+03  6.82751E+03  0.00000E+00  1.60362E-03  6.26086E-04
       2       3       9  2.75312E-03  2.95184E-03  2.75312E-05  1.39947E+01  5.86566E+00  1.98215E+01  1.84534E+01 -4.18600E+01  9.01316E-02  5.57291E+03  5.16455E+03  8.63034E+03 -9.24304E+01  1.27185E+03  2.71565E+03  0.00000E+00  1.53139E-03  1.42045E-03
       2       3      10  1.45040E-03  1.45595E-03  1.45040E-05  4.17402E+01  1.73613E+01  5.99509E+01  1.44827E+01 -3.16511E+01 -3.06177E-01  1.19214E+04  4.12437E+03  2.33565E+04  3.87154E+03  2.82976E+03  6.86183E+03  0.00000E+00  8.41223E-04  6.14726E-04
       2       4       1  2.93080E-03  3.13031E-03  2.93080E-05  4.50985E-01  1.88233E-01  3.42882E-01  3.85904E+01 -9.01390E+01  5.02228E-01  2.66117E+04  4.85233E+04  2.52053E+04 -1.03106E+04 -4.01082E+02 -3.35737E+01  5.21224E-05  2.72474E-03  3.53450E-04
       2       4       2  8.86637E-04  9.24686E-04  8.86637E-06  1.14489E+00  4.77018E-01  8.51479E-01  9.46327E+00 -1.27610E+01  2.00145E+00  4.65202E+04  4.37246E+04  2.45609E+04  2.51408E+02 -4.65621E+02  9.46629E+02  0.00000E+00  7.97566E-04  1.27120E-04
       2       4       3  1.48069E-03  1.32209E-03  1.48069E-05  1.62816E+00  6.73457E-01  1.25152E+00  1.46687E+01 -4.35008E+01 -4.71098E+00  1.95242E+04  2.72258E+04  1.72291E+04 -2.82550E+03  1.77327E+03  1.53753E+03  0.00000E+00  1.00295E-03  3.19140E-04
       2       4       4  2.39345E-03  1.63579E-03  2.39345E-05  2.62257E+00  1.07756E+00  2.01499E+00  5.14797E+01 -1.20548E+02 -5.75737E+00  4.63424E+04  8.83001E+04  2.27131E+04 -2.35853E+04  2.22330E+03  1.28084E+03  0.00000E+00  1.50516E-03  1.30624E-04
       2       4       5  2.47257E-03  2.84530E-03  2.47257E-05  3.92199E+00  1.64913E+00  2.98006E+00  3.58606E+01 -8.45705E+01 -2.36971E+00  3.41958E+04  3.30870E+04  2.00050E+04  1.90406E+03  1.77744E+03  3.71323E+03  0.00000E+00  2.56589E-03  2.79409E-04
       2       4       6  2.64172E-03  2.96299E-03  2.64172E-05  5.50289E+00  2.25764E+00  3.97446E+00  2.28543E+01 -4.26556E+01  5.22807E-01  1.92027E+04  1.66066E+04  8.80634E+03 -3.52225E+02  7.75167E+02  3.25024E+03  0.00000E+00  2.42002E-03  5.42963E-04
       2       4       7  2.76250E-03  2.41008E-03  2.76250E-05  9.12855E+00  3.78844E+00  6.87134E+00  8.20914E+01 -1.99698E+02  1.20241E+00  3.58921E+04  5.81306E+04  2.23809E+04 -1.06690E+04  2.40051E+03  5.70099E+03  0.00000E+00  2.11531E-03  2.94765E-04
       2       4       8  3.47921E-03  4.10275E-03  3.47921E-05  1.37683E+01  5.69029E+00  1.02399E+01  4.76703E+01 -1.16645E+02  5.32776E+00  2.30373E+04  2.25231E+04  1.42211E+04  2.92523E+02  8.89279E+02  2.70103E+03  0.00000E+00  3.53711E-03  5.65644E-04
       2       4       9  5.16931E-03  5.94698E-03  5.16931E-05  1.89895E+01  7.84735E+00  1.42224E+01  2.65509E+01 -5.75983E+01  2.95019E+00  9.06640E+03  7.58010E+03  5.43369E+03  5.37203E+02  3.00138E+02  1.36350E+03  0.00000E+00  4.57993E-03  1.36705E-03
       2       4      10  3.85335E-03  4.45532E-03  3.85335E-05  5.47965E+01  2.28560E+01  3.96318E+01  4.31299E+01 -9.77343E+01  3.08973E+00  1.92181E+04  1.86301E+04  9.02474E+03 -1.67116E+02  1.91911E+02  1.18773E+03  0.00000E+00  4.14486E-03  3.10460E-04
       2       5       1  3.61289E-03  3.34432E-03  3.61289E-05  4.96688E-01  2.04642E-01  2.29089E-01  4.04576E+01 -1.05538E+02  3.97493E+00  2.38679E+04  4.28188E+04  3.19457E+04 -9.88365E+03 -4.70131E+02  1.37329E+02  4.48338E-05  3.00349E-03  2.96000E-04
       2       5       2  1.12913E-03  1.03590E-03  1.12913E-05  1.29070E+00  5.29883E-01  5.98451E-01  8.51640E+00 -2.01283E+01 -1.64170E+00  5.14129E+04  4.24623E+04  2.63392E+04  3.43759E+03  1.32538E+03  5.44807E+02  0.00000E+00  9.22470E-04  1.13433E-04
       2       5       3  1.84476E-03  1.70616E-03  1.84476E-05  1.82720E+00  7.58039E-01  8.38528E-01  2.25717E+01 -5.18392E+01  5.26209E+00  3.13734E+04  2.81459E+04  1.81522E+04  2.07287E+03 -1.26485E+03  2.15837E+03  0.00000E+00  1.38819E-03  3.17970E-04
       2       5       4  3.16305E-03  1.84733E-03  3.16305E-05  2.94360E+00  1.21096E+00  1.33971E+00  4.41509E+01 -9.71513E+01 -5.15851E-01  4.79199E+04  5.88741E+04  4.19555E+04 -8.91767E+03  2.20190E+03  1.02193E+03  0.00000E+00  1.75292E-03  9.44016E-05
       2       5       5  3.48881E-03  3.39389E-03  3.48881E-05  4.45478E+00  1.83494E+00  2.10866E+00  2.76014E+01 -7.07953E+01  8.41107E+00  3.44782E+04  3.04795E+04  2.09807E+04  2.55657E+03 -2.76876E+03  2.64216E+03  0.00000E+00  3.19639E-03  1.97509E-04
       2       5       6  4.20106E-03  3.98290E-03  4.20106E-05  6.19005E+00  2.55147E+00  2.85223E+00  2.59453E+01 -4.82996E+01 -3.17778E+00  2.47111E+04  1.62994E+04  1.12749E+04  3.63561E+03  1.71389E+03  2.29085E+02  0.00000E+00  3.40389E-03  5.79005E-04
       2       5       7  5.25000E-03  2.91453E-03  5.25000E-05  1.01499E+01  4.21708E+00  4.61950E+00  6.47507E+01 -1.52127E+02  2.01912E+00  4.42643E+04  4.03198E+04  2.78083E+04  2.02042E+03  1.60795E+03  4.24814E+03  0.00000E+00  2.48256E-03  4.31976E-04
       2       5       8  5.52637E-03  5.49300E-03  5.52637E-05  1.53792E+01  6.40882E+00  6.97366E+00  4.39395E+01 -9.50066E+01 -3.42556E+00  2.78175E+04  1.85556E+04  1.39634E+04  4.56163E+03  1.74542E+03  3.28449E+03  0.00000E+00  4.51817E-03  9.74833E-04
       2       5       9  8.49993E-03  8.72286E-03  8.49993E-05  2.16732E+01  8.99729E+00  9.62075E+00  1.92127E+01 -4.55974E+01  1.08046E+00  9.95699E+03  6.09363E+03  4.70032E+03  2.01565E+03  4.59036E+02  1.22754E+03  0.00000E+00  5.98105E-03  2.74181E-03
       2       5      10  1.01858E-02  6.30541E-03  1.01858E-04  6.11251E+01  2.53481E+01  2.78995E+01  3.55190E+01 -8.30942E+01  7.05557E-01  2.23222E+04  1.60708E+04  7.84718E+03  3.13354E+03  5.25621E+02  1.55634E+03  0.00000E+00  5.41270E-03  8.92708E-04
       2       6       1  4.00958E-03  4.13166E-03  4.00958E-05  5.19271E-01  2.14306E-01  7.40181E-02  5.08667E+01 -1.31456E+02  1.66799E+00  2.45288E+04  4.19822E+04  2.90081E+04 -8.97058E+03 -4.17454E+02 -9.55801E+01  4.17018E-05  3.80085E-03  2.89104E-04
       2       6       2  1.28057E-03  1.22979E-03  1.28057E-05  1.38393E+00  5.75427E-01  1.95879E-01  2.92118E+01 -7.37408E+01 -3.56757E-01  4.83412E+04  4.16253E+04  2.51628E+04  2.77037E+03 -1.18875E+02 -2.29625E+02  0.00000E+00  1.10443E-03  1.25361E-04
       2       6       3  2.06019E-03  2.07456E-03  2.06019E-05  2.03802E+00  8.35648E-01  2.86630E-01  1.97289E+01 -4.31515E+01  4.96885E+00  3.16173E+04  1.72823E+04  1.54677E+04  6.10985E+03 -1.45703E+03 -2.23837E+03  0.00000E+00  1.72820E-03  3.46358E-04
       2       6       4  3.66174E-03  2.78129E-03  3.66174E-05  3.15165E+00  1.30084E+00  4.51655E-01  4.10515E+01 -9.82994E+01 -2.75203E+00  4.18339E+04  7.51509E+04  3.30146E+04 -1.55465E+04  1.78551E+03 -9.13088E+02  0.00000E+00  2.58631E-03  1.94978E-04
       2       6       5  4.21990E-03  4.56668E-03  4.21990E-05  4.81215E+00  1.99106E+00  6.68451E-01  2.46009E+01 -5.75998E+01  3.26429E+00  3.64117E+04  3.69589E+04  1.34090E+04 -6.79242E+02 -2.58448E+02  3.98966E+03  0.00000E+00  4.17078E-03  3.95904E-04
       2       6       6  5.45615E-03  5.98121E-03  5.45615E-05  6.55067E+00  2.67999E+00  9.23346E-01  2.90978E+01 -6.42357E+01  1.95753E+00  2.32076E+04  2.58504E+04  1.08500E+04 -1.17808E+03  1.49398E+03  2.09045E+03  0.00000E+00  5.24392E-03  7.37287E-04
       2       6       7  7.91167E-03  5.64307E-03  7.91167E-05  1.09218E+01  4.50892E+00  1.63998E+00  9.15414E+01 -2.17487E+02  5.96644E-02  4.06135E+04  6.60287E+04  1.64126E+04 -1.27250E+04  6.91713E+02  2.36029E+03  0.00000E+00  4.97066E-03  6.72408E-04
       2       6       8  8.03314E-03  9.61173E-03  8.03314E-05  1.65180E+01  6.81702E+00  2.45767E+00  5.69398E+01 -1.36993E+02  8.13998E-01  3.03718E+04  2.95374E+04  8.06860E+03  2.92580E+02  2.71758E+02  1.31284E+03  0.00000E+00  8.29343E-03  1.31829E-03
       2       6       9  1.13449E-02  1.21292E-02  1.13449E-04  2.27266E+01  9.32683E+00  3.64458E+00  3.14754E+01 -7.62679E+01 -2.89362E-01  1.66605E+04  1.27331E+04  3.51347E+03  1.99916E+03  2.81007E+02  7.28917E+02  0.00000E+00  8.93138E-03  3.19783E-03
       2       6      10  1.92439E-02  2.13395E-02  1.92439E-04  6.51559E+01  2.69828E+01  9.09732E+00  4.29113E+01 -1.03109E+02  9.26856E-01  2.49389E+04  2.06945E+04  2.51222E+03  2.04957E+03  7.50150E-01  3.30347E+02  0.00000E+00  2.03116E-02  1.02794E-03
       3       1       1  4.15997E-04  4.74583E-04  4.15997E-06  8.33771E-02  6.54241E-02  5.49446E-01 -3.33843E+00  1.60312E+01  3.70617E+00  3.44481E+04  2.42178E+04  8.33259E+04  7.64034E+03  8.57704E+03  1.46910E+04  6.05700E-05  1.09720E-08  4.14002E-04
       3       1       2  1.18442E-04  1.24187E-04  1.18442E-06  2.29063E-01  1.72077E-01  1.47879E+00  5.14132E-01  8.81265E+01 -1.48310E+01  2.99313E+04  3.70042E+04  7.62783E+04  2.19563E+03  4.21545E+03  1.19026E+04  5.33076E-05  0.00000E+00  7.08799E-05
       3       1       3  2.04327E-04  2.25054E-04  2.04327E-06  3.65736E-01  2.74103E-01  2.16663E+00 -1.18940E+00  1.83779E+01 -4.30300E+00  2.22238E+04  1.72691E+04  3.43235E+04  2.10588E+03  2.61635E+03  5.14039E+03  5.14238E-05  0.00000E+00  1.73630E-04
       3       1       4  2.87910E-04  1.73925E-04  2.87910E-06  4.98272E-01  3.79493E-01  3.54999E+00 -1.12946E+00  4.22761E+01 -1.48003E+00  4.14281E+04  5.44617E+04  3.94333E+04  2.47402E+03 -6.09418E+03  3.58641E+03  1.35342E-04  0.00000E+00  3.85822E-05
       3       1       5  2.63778E-04  3.13320E-04  2.63778E-06  7.16622E-01  5.42318E-01  5.19338E+00  9.34275E-02  2.75020E+01 -6.79102E+00  1.49362E+04  2.12711E+04  3.23626E+04  1.32755E+03 -2.82527E+02  2.32968E+03  2.35436E-04  0.00000E+00  7.78837E-05
       3       1       6  2.13446E-04  2.67841E-04  2.13446E-06  9.42593E-01  7.27695E-01  6.91158E+00 -3.37998E+00  1.02306E+01 -9.18060E+00  5.47902E+03  7.52429E+03  2.43680E+04 -4.42144E+02  1.29137E+03  2.81796E+03  1.06412E-04  0.00000E+00  1.61429E-04
       3       1       7  2.15854E-04  2.28085E-04  2.15854E-06  1.79566E+00  1.35847E+00  1.22963E+01 -3.41266E+00 -1.62687E+02  1.01657E+00  2.01535E+04  3.73159E+04  3.36792E+04  5.17012E+02 -3.04526E+03  3.92538E+03  1.63800E-04  0.00000E+00  6.42846E-05
       3       1       8  3.61513E-04  3.57250E-04  3.61513E-06  2.65149E+00  2.00146E+00  1.78608E+01 -2.09787E+00 -9.52475E+01 -2.44063E+01  7.82270E+03  1.54760E+04  2.49857E+04 -2.20226E+02  1.10736E+03  2.78532E+03  2.12607E-04  0.00000E+00  1.44643E-04
       3       1       9  3.82086E-04  4.57548E-04  3.82086E-06  3.48071E+00  2.72725E+00  2.38066E+01 -4.19297E+00 -4.48844E+01 -1.82218E+01  3.39100E+03  5.22244E+03  6.94576E+03  2.51389E+02 -6.62923E+01  1.31730E+03  1.61581E-04  0.00000E+00  2.95967E-04
       3       1      10  1.73850E-04  1.83928E-04  1.73850E-06  1.10665E+01  8.43916E+00  6.62127E+01 -6.04467E+00 -1.32757E+02 -8.74440E-01  8.74099E+03  2.77532E+04  1.58441E+04  6.70472E+02 -1.76169E+03  1.91173E+03  1.21675E-04  0.00000E+00  6.22525E-05
       3       2       1  1.25649E-03  1.22981E-03  1.25649E-05  1.85119E-01  1.42481E-01  5.66910E-01 -1.17809E+01  2.55922E+01 -1.32615E+01  2.87037E+04  2.80943E+04  4.76273E+04  5.76482E+02  2.36172E+03  8.84233E+03  1.00698E-04  3.21718E-04  8.07395E-04
       3       2       2  3.61208E-04  3.89741E-04  3.61208E-06  4.33038E-01  3.46451E-01  1.40632E+00  1.02227E+01  7.69856E+01 -3.29418E+01  2.39489E+04  2.85334E+04  6.19287E+04  7.74640E+03  5.99809E+03  1.64122E+04  1.76910E-04  7.66292E-06  2.05168E-04
       3       2       3  6.20837E-04  7.00154E-04  6.20837E-06  6.27203E-01  4.78574E-01  2.08597E+00 -9.84571E-01  1.56549E+01 -9.22118E+00  1.35069E+04  9.32197E+03  2.94881E+04  7.43044E+03  6.31098E+03  8.40576E+03  9.27802E-05  9.82426E-08  6.07275E-04
       3       2       4  8.97545E-04  5.28168E-04  8.97545E-06  1.09779E+00  8.39906E-01  3.28395E+00  2.43835E+01  2.60074E-01 -2.01974E+01  4.85867E+04  5.39029E+04  5.34484E+04  1.41825E+03 -1.34745E+04  1.20100E+04  3.57144E-04  5.39274E-05  1.17097E-04
       3       2       5  8.38090E-04  9.24084E-04  8.38090E-06  1.62900E+00  1.23380E+00  4.86674E+00  2.92992E+00  2.87149E+01 -1.33055E+01  1.81909E+04  2.09664E+04  3.33224E+04  2.21143E+03 -2.59923E+03  6.25829E+03  7.18279E-04  3.76344E-06  2.02041E-04
       3       2       6  7.13344E-04  7.40334E-04  7.13344E-06  2.18201E+00  1.67132E+00  6.48712E+00  1.19139E+00  1.31122E+01 -7.67853E+00  7.40764E+03  8.09715E+03  2.60713E+04  1.87363E+03  2.37602E+03  7.26026E+03  2.99948E-04  3.34025E-06  4.37046E-04
       3       2       7  6.99968E-04  6.22087E-04  6.99968E-06  3.65435E+00  2.90336E+00  1.13064E+01  5.80175E+00 -1.33132E+02  7.11420E+01  2.18025E+04  3.18623E+04  4.62384E+04  4.64433E+02 -6.34090E+03  9.93700E+03  3.67533E-04  2.12899E-05  2.33264E-04
       3       2       8  1.15161E-03  1.14120E-03  1.15161E-05  5.42994E+00  4.29414E+00  1.67160E+01  4.91298E+00 -8.81517E+01  5.01906E+01  9.99890E+03  1.50213E+04  2.63048E+04  1.11394E+03 -5.10364E+02  5.91213E+03  7.09553E-04  3.06011E-07  4.31338E-04
       3       2       9  1.29992E-03  1.29943E-03  1.29992E-05  7.74725E+00  6.21908E+00  2.26810E+01 -1.93430E+00 -2.89692E+01  1.92912E+01  2.94436E+03  4.09910E+03  9.52900E+03  9.26707E+02  4.10495E+02  2.52049E+03  3.32776E-04  0.00000E+00  9.66655E-04
       3       2      10  6.00141E-04  5.47586E-04  6.00141E-06  2.07293E+01  1.64055E+01  6.56527E+01  1.04858E+00 -6.57122E+01  3.12064E+01  6.25954E+03  1.49273E+04  2.55344E+04  1.89191E+03  7.62056E+02  6.98387E+03  1.87766E-04  0.00000E+00  3.59820E-04
       3       3       1  2.10697E-03  2.16049E-03  2.10697E-05  2.80377E-01  2.16559E-01  4.80863E-01 -5.12826E+01  6.72934E+01 -2.26130E+00  2.74867E+04  2.86693E+04  3.32396E+04 -3.30169E+03 -1.11882E+02  1.34247E+03  7.29535E-05  1.70961E-03  3.77925E-04
       3       3       2  6.18095E-04  6.08849E-04  6.18095E-06  7.11375E-01  5.66227E-01  1.20481E+00 -1.42937E+01  5.25141E+01 -3.12100E+01  3.48396E+04  2.99838E+04  4.50767E+04  6.39436E+03  2.80746E+03  8.01406E+03  1.08833E-04  3.76417E-04  1.23599E-04
       3       3       3  1.05191E-03  1.12609E-03  1.05191E-05  1.05265E+00  8.26739E-01  1.79795E+00  2.39722E+01 -2.67377E+01 -1.31489E+00  1.26515E+04  9.91848E+03  2.46766E+04  5.42301E+03  3.95459E+03  6.24597E+03  6.26741E-05  7.36081E-04  3.27339E-04
       3       3       4  1.59598E-03  1.21649E-03  1.59598E-05  1.60350E+00  1.25616E+00  2.82683E+00  1.06074E+02 -1.30900E+02 -1.60322E+01  5.08697E+04  6.01793E+04  4.74119E+04 -1.82644E+04 -3.29812E+03  8.04618E+03  2.98618E-04  7.36141E-04  1.81736E-04
       3       3       5  1.55168E-03  1.93953E-03  1.55168E-05  2.56309E+00  2.01031E+00  4.13249E+00  5.77295E+01 -5.24916E+01 -7.87729E+00  2.76689E+04  2.34830E+04  3.05488E+04  1.27732E+03  5.94732E+02  6.59995E+03  6.06547E-04  1.03665E-03  2.96330E-04
       3       3       6  1.45764E-03  1.91675E-03  1.45764E-05  3.23217E+00  2.50770E+00  5.67067E+00  4.35422E+01 -4.78245E+01 -1.33355E+00  1.32913E+04  1.26429E+04  2.01611E+04 -3.32051E+02  3.45469E+03  6.55010E+03  2.53725E-04  9.97037E-04  6.65990E-04
       3       3       7  1.40801E-03  1.38269E-03  1.40801E-05  5.69189E+00  4.51645E+00  9.77441E+00  9.58770E+01 -1.34762E+02  4.21467E+01  3.16992E+04  3.36985E+04  3.74311E+04 -8.20878E+03  7.08426E+02  8.04478E+03  2.40338E-04  8.77330E-04  2.65023E-04
       3       3       8  2.13726E-03  2.68438E-03  2.13726E-05  8.54106E+00  6.81347E+00  1.44837E+01  6.11501E+01 -8.94146E+01  2.85571E+01  1.66226E+04  1.63011E+04  2.16509E+04 -1.89691E+03  7.11577E+02  4.12336E+03  5.28375E-04  1.64290E-03  5.13103E-04
       3       3       9  2.74474E-03  2.86575E-03  2.74474E-05  1.16533E+01  9.12389E+00  1.96837E+01  3.38215E+01 -3.95140E+01  9.83617E+00  6.18957E+03  5.77674E+03  9.33928E+03 -1.16317E+02  1.13180E+03  2.30657E+03  1.85615E-04  1.54642E-03  1.13372E-03
       3       3      10  1.44279E-03  1.64715E-03  1.44279E-05  3.57353E+01  2.77821E+01  6.09515E+01  2.18015E+01 -2.25903E+01  4.62325E+00  9.04164E+03  6.04442E+03  2.28055E+04  5.14164E+03  4.76206E+03  6.51449E+03  0.00000E+00  8.49792E-04  7.97362E-04
       3       4       1  2.92364E-03  3.37218E-03  2.92364E-05  3.97713E-01  3.06106E-01  3.54454E-01  5.44988E+01 -7.32720E+01 -9.57921E+00  3.44721E+04  4.12820E+04  2.32626E+04 -1.25209E+04  5.20933E+02  1.04722E+03  5.80600E-05  2.97587E-03  3.38256E-04
       3       4       2  8.83502E-04  9.58628E-04  8.83502E-06  9.68862E-01  7.63998E-01  8.64848E-01  1.59084E+00  4.78257E+00 -2.11844E+01  4.09416E+04  4.09499E+04  2.43395E+04 -2.65876E+03  9.21423E+02  3.22579E+03  9.06254E-05  7.40490E-04  1.27513E-04
       3       4       3  1.47738E-03  1.62497E-03  1.47738E-05  1.41743E+00  1.10581E+00  1.26740E+00  2.65469E+01 -3.38030E+01  2.49738E+00  1.79817E+04  2.14469E+04  1.34387E+04 -4.97532E+03  5.99154E+02  2.32111E+03  3.62509E-05  1.20181E-03  3.86908E-04
       3       4       4  2.38398E-03  1.83052E-03  2.38398E-05  2.21908E+00  1.71609E+00  2.02155E+00  7.13081E+01 -8.96167E+01 -5.45046E+00  5.56658E+04  6.80039E+04  3.26694E+04 -2.80678E+04 -6.14787E+03  1.53140E+03  2.71350E-04  1.46604E-03  9.31290E-05
       3       4       5  2.46074E-03  3.34822E-03  2.46074E-05  3.34658E+00  2.60745E+00  3.02097E+00  4.86329E+01 -6.06022E+01 -2.54538E+00  3.05101E+04  3.28459E+04  2.22493E+04 -7.94904E+02 -2.99758E+02  3.91564E+03  5.28733E-04  2.62148E-03  1.98005E-04
       3       4       6  2.62788E-03  3.29929E-03  2.62788E-05  4.76591E+00  3.66858E+00  4.04155E+00  2.65132E+01 -3.51352E+01 -6.16037E+00  1.64321E+04  1.41630E+04  8.96763E+03  3.87177E+02  1.07445E+03  1.70922E+03  2.19807E-04  2.68721E-03  3.92268E-04
       3       4       7  2.74244E-03  2.57826E-03  2.74244E-05  7.76307E+00  6.05865E+00  6.91964E+00  1.21713E+02 -1.70394E+02  1.84645E+01  4.02658E+04  4.82828E+04  2.58715E+04 -1.46968E+04  7.67406E+02  3.60227E+03  2.20742E-04  2.11802E-03  2.39502E-04
       3       4       8  3.46548E-03  4.59302E-03  3.46548E-05  1.17412E+01  9.14476E+00  1.03036E+01  7.15879E+01 -1.00498E+02  1.27598E+01  2.20272E+04  2.18783E+04  1.55046E+04  1.49181E+02  2.26782E+02  1.65107E+03  4.00441E-04  3.70049E-03  4.92093E-04
       3       4       9  5.14038E-03  6.18502E-03  5.14038E-05  1.61295E+01  1.25215E+01  1.42520E+01  4.05266E+01 -5.03827E+01  2.52958E+00  8.63985E+03  8.06794E+03  5.95370E+03  8.14764E+02  6.39902E+02  8.90539E+02  1.80808E-04  4.80874E-03  1.19547E-03
       3       4      10  3.80507E-03  4.66026E-03  3.80507E-05  4.71323E+01  3.62579E+01  3.97778E+01  6.59919E+01 -8.38518E+01 -4.84292E+00  1.91793E+04  1.85137E+04  8.86756E+03 -2.70345E+01  8.59585E+02  8.04568E+02  0.00000E+00  4.40255E-03  2.57709E-04
       3       5       1  3.60068E-03  3.36008E-03  3.60068E-05  4.27860E-01  3.29994E-01  2.31020E-01  6.84100E+01 -9.05205E+01 -9.62371E+00  3.10139E+04  3.85485E+04  3.22074E+04 -1.24318E+04 -4.17574E+02  1.24486E+03  5.47993E-05  3.00991E-03  2.95374E-04
       3       5       2  1.12323E-03  1.14790E-03  1.12323E-05  1.09533E+00  8.55422E-01  5.95348E-01  1.62109E+01 -9.16142E+00 -1.63289E+01  5.25035E+04  4.50301E+04  2.86576E+04  8.52240E+03 -1.42732E+03 -1.31778E+02  6.96526E-05  9.11989E-04  1.66258E-04
       3       5       3  1.83903E-03  1.83326E-03  1.83903E-05  1.57533E+00  1.23064E+00  8.59744E-01  3.34060E+01 -4.08886E+01 -1.42744E+01  2.93424E+04  2.73560E+04  1.76554E+04  4.16897E+03  2.24480E+03  3.90902E+02  3.15851E-05  1.42455E-03  3.77124E-04
       3       5       4  3.14523E-03  2.20792E-03  3.14523E-05  2.49889E+00  1.94427E+00  1.34453E+00  5.92730E+01 -7.33419E+01 -1.27418E+01  4.68480E+04  4.88685E+04  5.01931E+04 -8.12352E+03 -1.26130E+03 -1.58988E+03  2.64367E-04  1.87492E-03  6.86398E-05
       3       5       5  3.46314E-03  3.89761E-03  3.46314E-05  3.82901E+00  2.97525E+00  2.10202E+00  3.70634E+01 -5.28939E+01 -4.53795E+00  2.85216E+04  2.92372E+04  2.40290E+04  3.70751E+03 -1.88795E+03  1.45796E+03  4.80183E-04  3.26529E-03  1.52136E-04
       3       5       6  4.16845E-03  4.22309E-03  4.16845E-05  5.26117E+00  4.07039E+00  2.79380E+00  3.78398E+01 -4.03232E+01 -1.08237E+00  2.24300E+04  1.78527E+04  1.21609E+04  4.86772E+03  2.41088E+02  9.74046E+02  1.98524E-04  3.59873E-03  4.25837E-04
       3       5       7  5.18287E-03  3.14441E-03  5.18287E-05  8.71033E+00  6.78734E+00  4.56268E+00  9.22754E+01 -1.21335E+02  1.97650E+01  4.10757E+04  3.87186E+04  3.11885E+04  3.89172E+03  2.02789E+03  4.19291E+03  1.95968E-04  2.43580E-03  5.12641E-04
       3       5       8  5.47161E-03  6.03111E-03  5.47161E-05  1.31846E+01  1.02777E+01  6.87587E+00  5.57549E+01 -7.67077E+01  1.30508E+01  2.39088E+04  2.05057E+04  1.46394E+04  6.94650E+03  1.97055E+03  3.30930E+03  3.50894E-04  4.37244E-03  1.30777E-03
       3       5       9  8.42994E-03  9.90711E-03  8.42994E-05  1.86750E+01  1.44609E+01  9.41734E+00  2.49354E+01 -3.45506E+01  2.12017E+00  8.18270E+03  6.59365E+03  4.43877E+03  2.74960E+03  8.44669E+02  1.24703E+03  1.60102E-04  5.57772E-03  4.16929E-03
       3       5      10  9.96689E-03  5.71787E-03  9.96689E-05  5.21572E+01  3.99950E+01  2.80934E+01  5.98507E+01 -7.20953E+01  3.05224E+00  2.06013E+04  1.83311E+04  7.87487E+03  3.68735E+03  9.44527E+02  1.48567E+03  0.00000E+00  4.91748E-03  8.00392E-04
       3       6       1  3.99376E-03  4.04416E-03  3.99376E-05  4.46199E-01  3.44693E-01  7.49200E-02  8.59692E+01 -1.14196E+02 -4.85264E+00  2.99692E+04  3.68774E+04  2.79118E+04 -1.15893E+04 -4.61575E+01  6.60104E+02  5.54201E-05  3.67280E-03  3.15936E-04
       3       6       2  1.27246E-03  1.30641E-03  1.27246E-05  1.18415E+00  9.20316E-01  1.99789E-01  4.63758E+01 -5.57615E+01 -1.15109E+01  4.70072E+04  4.28375E+04  2.44817E+04  6.93628E+03 -3.54997E+02 -1.57309E+03  3.94155E-05  1.11782E-03  1.49177E-04
       3       6       3  2.05270E-03  2.10798E-03  2.05270E-05  1.72546E+00  1.34501E+00  2.85115E-01  2.85334E+01 -3.70931E+01 -4.46197E+00  2.93395E+04  2.53777E+04  1.63451E+04  1.02045E+04 -1.59481E+03 -1.77478E+03  5.88273E-05  1.58169E-03  4.67459E-04
       3       6       4  3.63734E-03  3.02002E-03  3.63734E-05  2.69682E+00  2.08773E+00  4.52261E-01  5.67501E+01 -7.59659E+01 -6.86998E+00  5.02497E+04  6.19348E+04  4.13679E+04 -1.80417E+04 -5.96659E+02  2.64990E+02  2.59378E-04  2.49834E-03  2.62294E-04
       3       6       5  4.18150E-03  4.70849E-03  4.18150E-05  4.11125E+00  3.19080E+00  6.74813E-01  3.32678E+01 -4.57349E+01 -5.80026E+00  3.62001E+04  3.56591E+04  1.80243E+04  4.86466E+02  1.90823E+03  3.55911E+03  4.51585E-04  3.80023E-03  4.56680E-04
       3       6       6  5.40496E-03  6.22821E-03  5.40496E-05  5.60008E+00  4.29113E+00  9.85410E-01  3.88139E+01 -5.27091E+01 -4.32884E+00  2.47475E+04  2.63604E+04  1.19815E+04  2.43745E+02  2.57142E+03  1.98179E+03  1.98524E-04  5.16036E-03  8.69323E-04
       3       6       7  7.78136E-03  6.09077E-03  7.78136E-05  9.32700E+00  7.26112E+00  1.67768E+00  1.33057E+02 -1.74311E+02  1.20832E+01  4.75171E+04  5.67024E+04  1.80634E+04 -1.34229E+04  2.43300E+03  3.59896E+03  1.91162E-04  4.93999E-03  9.59622E-04
       3       6       8  7.89253E-03  1.03058E-02  7.89253E-05  1.41042E+01  1.09821E+01  2.49845E+00  8.46477E+01 -1.10013E+02  7.36114E+00  2.95590E+04  2.91778E+04  9.03094E+03  1.81029E+03  1.18419E+03  1.77475E+03  3.32037E-04  8.27534E-03  1.69845E-03
       3       6       9  1.12248E-02  1.30146E-02  1.12248E-04  1.93882E+01  1.51725E+01  3.73376E+00  4.74922E+01 -6.06431E+01  2.27276E+00  1.49088E+04  1.36734E+04  3.64029E+03  3.03708E+03  5.48870E+02  8.25163E+02  1.49010E-04  8.88926E-03  3.97632E-03
       3       6      10  1.86978E-02  2.22963E-02  1.86978E-04  5.59858E+01  4.32430E+01  9.03929E+00  6.55420E+01 -8.49492E+01  1.35968E+00  2.34523E+04  2.18030E+04  2.41939E+03  3.46053E+03  1.01536E+02  2.86588E+02  0.00000E+00  2.05275E-02  1.76877E-03
       4       1       1  4.15939E-04  3.60697E-04  4.15939E-06  5.72451E-02  7.25425E-02  5.17888E-01  4.47936E+00  2.43137E+01  5.35912E+00  3.26749E+04  3.67703E+04  8.57920E+04  9.70024E+03  1.06019E+04  1.21207E+04  4.40830E-05  0.00000E+00  3.16614E-04
       4       1       2  1.18422E-04  9.92792E-05  1.18422E-06  1.73188E-01  2.25050E-01  1.47248E+00  5.78989E+00  1.04002E+02 -2.59428E+01  3.56640E+04  4.00723E+04  8.54475E+04  7.37224E+03  7.45930E+03  1.72829E+04  4.83773E-05  0.00000E+00  5.09019E-05
       4       1       3  2.04301E-04  1.33422E-04  2.04301E-06  2.47275E-01  3.31868E-01  2.15343E+00 -1.59538E+01  2.53211E+01 -1.56458E+00  3.16428E+04  3.82759E+04  5.43946E+04  6.99713E+03  9.42072E+03  1.13282E+04  3.56687E-05  0.00000E+00  9.77532E-05
       4       1       4  2.87852E-04  1.48578E-04  2.87852E-06  3.69793E-01  4.82341E-01  3.53092E+00 -3.04445E+00  3.66690E+01 -1.14927E+01  3.85067E+04  4.93914E+04  5.29016E+04  5.51565E+03 -7.29493E+02  5.44616E+03  1.00759E-04  0.00000E+00  4.78196E-05
       4       1       5  2.63726E-04  2.67371E-04  2.63726E-06  5.38142E-01  6.95147E-01  5.20426E+00  2.21473E+00  2.66526E+01 -3.04674E+00  1.45559E+04  1.94223E+04  3.60371E+04  1.22322E+03  1.21492E+03  2.05776E+03  1.85223E-04  0.00000E+00  8.21477E-05
       4       1       6  2.13398E-04  2.52974E-04  2.13398E-06  7.75985E-01  9.92703E-01  6.92693E+00  5.75717E-01  9.74101E+00  8.70408E+00  4.73237E+03  6.48168E+03  2.33608E+04  1.74767E+02  2.04701E+03  2.12064E+03  8.61270E-05  0.00000E+00  1.66847E-04
       4       1       7  2.15819E-04  1.57671E-04  2.15819E-06  1.26055E+00  1.60437E+00  1.21527E+01 -1.64523E+01 -1.52019E+02  1.11325E+01  2.02216E+04  3.54726E+04  3.77507E+04  2.18497E+03 -1.98147E+03  2.70682E+03  1.04640E-04  0.00000E+00  5.30318E-05
       4       1       8  3.61461E-04  4.14658E-04  3.61461E-06  1.95047E+00  2.47333E+00  1.78469E+01  1.01709E+01 -7.97313E+01  1.49734E+01  8.31419E+03  1.27087E+04  2.79467E+04 -8.60935E+02  1.86939E+03  2.46416E+03  2.22960E-04  0.00000E+00  1.91697E-04
       4       1       9  3.81989E-04  6.09602E-04  3.81989E-06  2.83495E+00  3.67504E+00  2.46899E+01 -2.98544E+00 -1.56214E+01  8.36067E+00  1.34914E+03  2.24189E+03  8.36710E+03  5.37435E+02  8.35888E+02  6.83953E+02  8.28243E-05  0.00000E+00  5.26778E-04
       4       1      10  1.73807E-04  1.97325E-04  1.73807E-06  8.37227E+00  1.12284E+01  6.93340E+01 -1.06867E+00 -8.40106E+01  2.39395E+01  7.34823E+03  1.78622E+04  2.15184E+04  5.30842E+02  9.52044E+02  2.20732E+03  8.85451E-05  0.00000E+00  1.08780E-04
       4       2       1  1.25565E-03  1.17360E-03  1.25565E-05  1.41804E-01  1.86158E-01  5.41365E-01 -2.60832E+01  2.64612E+01 -8.04963E+00  3.01361E+04  2.95862E+04  4.91776E+04 -6.74270E+02  3.74100E+03  6.54066E+03  7.29001E-05  3.96683E-04  7.04017E-04
       4       2       2  3.60905E-04  2.92691E-04  3.60905E-06  3.52793E-01  4.51210E-01  1.40103E+00  1.16867E+01  7.21385E+01 -3.71660E+01  2.41557E+04  3.85085E+04  6.84361E+04  1.22268E+04  1.32353E+04  1.35336E+04  1.21016E-04  9.13656E-06  1.62539E-04
       4       2       3  6.20456E-04  5.31236E-04  6.20456E-06  4.99701E-01  6.55366E-01  2.08264E+00  4.52751E+00  1.86775E+01 -1.92754E+00  1.06196E+04  1.69422E+04  3.29290E+04  1.08318E+04  1.11819E+04  9.51851E+03  5.32311E-05  1.96485E-07  4.77808E-04
       4       2       4  8.96638E-04  3.53170E-04  8.96638E-06  8.57171E-01  1.12518E+00  3.26609E+00  5.38436E+01 -1.82208E+01 -3.51219E+01  4.28892E+04  6.00126E+04  6.41605E+04  1.33228E+01 -1.61042E+03  8.27420E+03  1.79237E-04  6.31146E-05  1.10819E-04
       4       2       5  8.37231E-04  5.68701E-04  8.37231E-06  1.24559E+00  1.60122E+00  4.81283E+00  1.23705E+00  2.07993E+01 -2.04082E+01  1.31214E+04  2.41889E+04  4.40560E+04  2.55651E+03  3.47481E+03  8.21937E+03  3.55149E-04  1.10636E-05  2.02488E-04
       4       2       6  7.12497E-04  5.97739E-04  7.12497E-06  1.71345E+00  2.21997E+00  6.64202E+00  1.75937E+00  9.86030E+00 -2.04354E+00  4.38839E+03  8.49929E+03  3.01554E+04  2.65149E+03  6.30767E+03  6.66304E+03  1.62943E-04  6.97522E-06  4.27821E-04
       4       2       7  6.99292E-04  5.40424E-04  6.99292E-06  3.05650E+00  3.96972E+00  1.10909E+01  4.46766E+01 -1.16724E+02  5.81903E+01  2.27263E+04  3.03579E+04  4.85794E+04 -4.45716E+03  1.10255E+03  9.71177E+03  2.33313E-04  6.87235E-05  2.38388E-04
       4       2       8  1.15078E-03  1.05537E-03  1.15078E-05  4.40181E+00  5.64883E+00  1.66764E+01 -5.88541E+00 -6.44942E+01  3.38733E+01  6.23129E+03  1.35602E+04  3.12667E+04  3.03344E+03  4.23192E+03  5.40407E+03  4.57383E-04  5.50819E-06  5.92478E-04
       4       2       9  1.29819E-03  1.54943E-03  1.29819E-05  6.02689E+00  8.07139E+00  2.29814E+01  3.16754E+00 -1.48436E+01  6.92862E+00  1.30509E+03  2.97232E+03  9.34201E+03  3.53394E+02  2.15676E+03  2.32935E+03  1.78960E-04  1.22404E-06  1.36924E-03
       4       2      10  5.99152E-04  5.74039E-04  5.99152E-06  1.64862E+01  2.14232E+01  6.33213E+01 -1.54864E-01 -9.10249E+01  4.03405E+01  6.29936E+03  2.04396E+04  2.34712E+04  1.64924E+03 -1.36589E+03  4.11479E+03  2.79447E-04  0.00000E+00  2.94593E-04
       4       3       1  2.10353E-03  2.18658E-03  2.10353E-05  2.15035E-01  2.80398E-01  4.79110E-01 -6.60160E+01  5.06462E+01 -8.44979E+00  2.93119E+04  2.63583E+04  3.14459E+04 -1.81430E+03 -7.87746E+02  9.08895E+02  7.37726E-05  1.68474E-03  4.28064E-04
       4       3       2  6.16743E-04  6.65511E-04  6.16743E-06  5.47879E-01  7.04508E-01  1.22846E+00 -1.85593E+01  5.04299E+01 -3.50315E+01  2.79991E+04  3.17127E+04  4.80994E+04  5.21160E+03  6.36563E+02  4.90283E+03  1.41329E-04  4.23786E-04  1.00396E-04
       4       3       3  1.05034E-03  1.04327E-03  1.05034E-05  8.25124E-01  1.06452E+00  1.82008E+00  3.26285E+01 -1.38815E+01 -1.09173E+01  9.76583E+03  1.33737E+04  2.29442E+04  6.90763E+03  4.95479E+03  5.11420E+03  7.59310E-05  7.28698E-04  2.38643E-04
       4       3       4  1.59190E-03  1.09806E-03  1.59190E-05  1.24377E+00  1.60428E+00  2.81876E+00  1.57192E+02 -1.05373E+02 -1.71841E+01  6.34965E+04  5.45218E+04  4.41882E+04 -1.92774E+04  2.20334E+03  5.88180E+03  2.05175E-04  7.26081E-04  1.66800E-04
       4       3       5  1.54733E-03  1.69142E-03  1.54733E-05  1.99858E+00  2.59021E+00  4.12174E+00  8.33054E+01 -4.82693E+01 -8.53224E+00  2.61744E+04  2.73456E+04  3.01760E+04  1.71378E+03  2.97824E+03  4.81715E+03  3.92726E-04  1.07430E-03  2.24395E-04
       4       3       6  1.45298E-03  1.58083E-03  1.45298E-05  2.45091E+00  3.19679E+00  5.69910E+00  6.55760E+01 -4.14795E+01  5.96799E-01  1.41257E+04  1.34846E+04  2.21722E+04 -8.61868E+02  5.20503E+03  4.91916E+03  1.60948E-04  9.89726E-04  4.30161E-04
       4       3       7  1.40330E-03  1.40789E-03  1.40330E-05  4.45002E+00  5.74421E+00  9.84638E+00  1.09916E+02 -1.04501E+02  4.90149E+01  3.21145E+04  2.99111E+04  3.86949E+04 -5.61714E+03  4.56917E+02  5.32294E+03  2.98389E-04  8.19908E-04  2.89597E-04
       4       3       8  2.13315E-03  2.66838E-03  2.13315E-05  6.62897E+00  8.53002E+00  1.45348E+01  7.89008E+01 -6.85399E+01  2.25779E+01  1.65204E+04  1.52464E+04  2.14955E+04 -1.83773E+03  2.27347E+03  3.49251E+03  4.48878E-04  1.62784E-03  5.91670E-04
       4       3       9  2.73511E-03  3.25788E-03  2.73511E-05  9.13958E+00  1.18248E+01  1.96456E+01  3.61121E+01 -2.95818E+01  6.72225E+00  5.40355E+03  5.34595E+03  7.92718E+03  9.73517E+00  9.08488E+02  1.18955E+03  2.88776E-04  1.64110E-03  1.32800E-03
       4       3      10  1.43410E-03  1.50174E-03  1.43410E-05  2.63732E+01  3.36332E+01  5.78336E+01  2.89347E+01 -5.60119E+01  3.23717E+01  8.23261E+03  1.34326E+04  2.33195E+04  3.70286E+03 -1.92218E+03  2.25150E+03  3.60281E-04  8.43977E-04  2.97485E-04
       4       4       1  2.91541E-03  3.23016E-03  2.91541E-05  3.03950E-01  3.95420E-01  3.50361E-01  8.12183E+01 -6.30916E+01 -9.68590E-01  4.24677E+04  3.37963E+04  2.43094E+04 -1.47634E+04 -3.52556E+02 -3.30337E+01  7.19695E-05  2.81733E-03  3.40858E-04
       4       4       2  8.79913E-04  1.09042E-03  8.79913E-06  7.55199E-01  9.80930E-01  8.60870E-01  1.40420E+01  9.05460E+00 -3.12148E+01  4.19949E+04  4.10052E+04  2.64627E+04 -5.55030E+02 -4.28505E+02  2.80964E+03  1.44748E-04  8.62527E-04  8.31482E-05
       4       4       3  1.47358E-03  1.35998E-03  1.47358E-05  1.06417E+00  1.37215E+00  1.24629E+00  3.63172E+01 -2.04541E+01 -1.40518E+01  2.29849E+04  2.04358E+04  1.44365E+04 -6.48626E+03  1.97240E+03 -3.08415E+01  7.50466E-05  1.07715E-03  2.07779E-04
       4       4       4  2.37311E-03  1.72496E-03  2.37311E-05  1.70110E+00  2.20310E+00  2.01574E+00  1.00387E+02 -6.81230E+01 -4.82517E+00  7.26861E+04  5.55304E+04  3.10549E+04 -2.79118E+04 -4.73070E+03  1.84589E+03  2.08168E-04  1.41511E-03  1.01678E-04
       4       4       5  2.44724E-03  3.73798E-03  2.44724E-05  2.60941E+00  3.40754E+00  2.99460E+00  6.73583E+01 -4.15557E+01 -2.97611E+00  3.11211E+04  3.21166E+04  1.99401E+04 -5.22102E+02  1.10391E+03  1.82106E+03  3.75766E-04  3.15850E-03  2.03707E-04
       4       4       6  2.61202E-03  2.81288E-03  2.61202E-05  3.57033E+00  4.68741E+00  3.94298E+00  3.92874E+01 -2.78454E+01  2.03693E+00  1.82602E+04  1.77815E+04  1.07156E+04  3.07515E+03  1.83413E+03  2.24930E+03  1.61613E-04  2.24315E-03  4.08116E-04
       4       4       7  2.71960E-03  2.64344E-03  2.71960E-05  5.99607E+00  7.77046E+00  6.93673E+00  1.54827E+02 -1.37687E+02  2.36098E+01  4.76917E+04  4.00133E+04  2.69069E+04 -1.45915E+04  4.08803E+02  3.23422E+03  2.70288E-04  2.15762E-03  2.15527E-04
       4       4       8  3.44984E-03  4.82022E-03  3.44984E-05  9.03681E+00  1.17480E+01  1.03832E+01  9.13747E+01 -8.31531E+01  1.56385E+01  2.13539E+04  2.14760E+04  1.60129E+04 -4.44308E+02 -6.81361E+02  7.15651E+02  5.90863E-04  3.78946E-03  4.39892E-04
       4       4       9  5.10722E-03  5.90020E-03  5.10722E-05  1.25410E+01  1.61780E+01  1.41634E+01  5.21615E+01 -4.16615E+01  2.44819E+00  8.49430E+03  8.45856E+03  5.99094E+03  7.45676E+02  2.60328E+02  5.49387E+02  1.83767E-04  4.77730E-03  9.39135E-04
       4       4      10  3.75037E-03  5.09667E-03  3.75037E-05  3.54851E+01  4.62840E+01  3.96357E+01  8.06133E+01 -6.75012E+01  1.09406E+01  1.87199E+04  1.84872E+04  1.11975E+04  1.24520E+02 -5.56567E+02  4.52241E+02  3.34183E-04  4.44820E-03  3.14285E-04
       4       5       1  3.58665E-03  3.38504E-03  3.58665E-05  3.31376E-01  4.31972E-01  2.30905E-01  8.61676E+01 -6.72559E+01 -8.04786E-01  3.61699E+04  2.94676E+04  3.16679E+04 -1.29595E+04 -4.50242E+02  1.43659E+02  7.71324E-05  3.02363E-03  2.84278E-04
       4       5       2  1.11649E-03  1.14100E-03  1.11649E-05  8.51498E-01  1.10055E+00  5.97200E-01  1.61502E+01 -6.74648E+00 -2.96243E+01  4.27905E+04  4.41521E+04  3.19841E+04  5.49551E+03 -2.64002E+03 -9.85974E+00  1.33441E-04  9.17132E-04  9.04225E-05
       4       5       3  1.83245E-03  1.63261E-03  1.83245E-05  1.20139E+00  1.55366E+00  8.35595E-01  4.80564E+01 -3.18005E+01 -2.93164E+00  2.96406E+04  3.22127E+04  2.02439E+04  3.20521E+03 -8.14411E+02  1.64712E+03  7.69325E-05  1.36666E-03  1.89017E-04
       4       5       4  3.12485E-03  2.06113E-03  3.12485E-05  1.94530E+00  2.52372E+00  1.33408E+00  7.93392E+01 -5.65017E+01 -1.09178E+01  5.19301E+04  4.77045E+04  4.69122E+04 -8.62537E+03 -2.25974E+03 -6.01556E+02  2.07170E-04  1.79251E-03  6.14526E-05
       4       5       5  3.43395E-03  3.65315E-03  3.43395E-05  2.96154E+00  3.83181E+00  2.10806E+00  5.52729E+01 -3.72429E+01 -9.13589E+00  2.75218E+04  3.09938E+04  2.36876E+04  2.44978E+03 -4.93114E+02 -1.65021E+02  3.67785E-04  3.13231E-03  1.53052E-04
       4       5       6  4.13125E-03  4.21190E-03  4.13125E-05  4.07058E+00  5.26779E+00  2.83617E+00  4.58195E+01 -2.71326E+01 -4.64960E+00  1.84945E+04  1.92414E+04  1.08919E+04  5.25207E+03  2.36744E+02  7.97459E+02  1.58620E-04  3.65946E-03  3.93817E-04
       4       5       7  5.10685E-03  3.04300E-03  5.10685E-05  6.71546E+00  8.73388E+00  4.60298E+00  1.20963E+02 -1.03348E+02  2.56675E+01  3.86522E+04  4.02691E+04  3.28188E+04  1.36855E+03  2.80752E+02  1.50747E+03  2.79162E-04  2.39555E-03  3.68294E-04
       4       5       8  5.41027E-03  5.77845E-03  5.41027E-05  1.01628E+01  1.32564E+01  6.94624E+00  7.17637E+01 -6.84943E+01  1.86241E+01  1.96448E+04  2.36191E+04  1.56921E+04  5.63122E+03  2.10365E+03  2.40676E+03  5.43535E-04  4.32101E-03  9.13906E-04
       4       5       9  8.35011E-03  8.22489E-03  8.35011E-05  1.41528E+01  1.86018E+01  9.47941E+00  3.71864E+01 -3.25774E+01  4.77327E+00  7.13325E+03  8.71449E+03  5.07204E+03  2.63190E+03  1.00487E+03  1.00965E+03  2.00036E-04  5.46903E-03  2.55582E-03
       4       5      10  9.72155E-03  5.78737E-03  9.72155E-05  3.99445E+01  5.15946E+01  2.78140E+01  7.06968E+01 -6.08814E+01  1.13493E+01  1.76720E+04  1.97725E+04  1.03394E+04  3.17861E+03  1.51151E+02  6.65682E+02  3.23423E-04  4.89283E-03  5.71119E-04
       4       6       1  3.97561E-03  4.20863E-03  3.97561E-05  3.47398E-01  4.51637E-01  7.56974E-02  1.05905E+02 -8.44124E+01 -4.12868E+00  3.40070E+04  2.95276E+04  2.88205E+04 -1.20565E+04 -2.10128E+02 -4.23860E+02  7.71393E-05  3.87371E-03  2.57775E-04
       4       6       2  1.26322E-03  1.26856E-03  1.26322E-05  9.12642E-01  1.18283E+00  2.00179E-01  5.97365E+01 -3.94381E+01 -2.67540E+01  3.98514E+04  4.20124E+04  2.85227E+04  2.23989E+03 -2.92864E+03 -1.05661E+03  1.11172E-04  1.07508E-03  8.23050E-05
       4       6       3  2.04409E-03  1.99478E-03  2.04409E-05  1.33045E+00  1.73205E+00  2.83964E-01  3.71691E+01 -3.14160E+01 -1.05188E+01  2.10802E+04  2.41135E+04  1.63456E+04  5.26789E+03 -6.51981E+02 -1.35346E+03  1.03260E-04  1.66670E-03  2.24816E-04
       4       6       4  3.60945E-03  2.91777E-03  3.60945E-05  2.09067E+00  2.72135E+00  4.61462E-01  7.69587E+01 -6.41401E+01 -5.91881E+00  5.95265E+04  4.81598E+04  3.96535E+04 -2.42588E+04 -2.47019E+02  1.35353E+03  2.03845E-04  2.55928E-03  1.54641E-04
       4       6       5  4.13797E-03  4.25782E-03  4.13797E-05  3.15951E+00  4.12329E+00  6.98758E-01  4.77440E+01 -3.89605E+01 -5.96801E+00  3.53315E+04  3.38812E+04  1.63881E+04 -2.78399E+03  2.01986E+03  1.78585E+03  3.54151E-04  3.62545E-03  2.78223E-04
       4       6       6  5.34672E-03  5.91915E-03  5.34672E-05  4.25654E+00  5.56870E+00  9.38408E-01  5.14128E+01 -4.37292E+01 -2.29766E+00  2.28692E+04  2.24782E+04  1.14109E+04 -3.95300E+03  4.55729E+02  9.93850E+02  1.56957E-04  5.18167E-03  5.80525E-04
       4       6       7  7.63432E-03  5.70036E-03  7.63432E-05  7.20958E+00  9.39383E+00  1.64537E+00  1.86327E+02 -1.41552E+02  1.61229E+01  5.60120E+04  4.62648E+04  1.99278E+04 -1.92307E+04  1.39612E+03  1.44202E+03  3.01347E-04  4.89605E-03  5.02964E-04
       4       6       8  7.73678E-03  9.52503E-03  7.73678E-05  1.09178E+01  1.41615E+01  2.41279E+00  1.19348E+02 -8.88917E+01  8.98314E+00  2.92274E+04  2.86903E+04  9.60458E+03 -6.94099E+02  6.58728E+02  3.67761E+02  4.62559E-04  8.14355E-03  9.18921E-04
       4       6       9  1.10889E-02  1.16150E-02  1.10889E-04  1.48554E+01  1.94065E+01  3.37154E+00  6.98697E+01 -5.17299E+01  5.94850E+00  1.43512E+04  1.53380E+04  4.09459E+03  2.27256E+03  1.12456E+02  1.98933E+02  2.59935E-04  9.04798E-03  2.30711E-03
       4       6      10  1.80916E-02  2.10965E-02  1.80916E-04  4.28450E+01  5.56442E+01  9.24074E+00  8.96562E+01 -6.84259E+01  1.93066E+00  2.20567E+04  2.32130E+04  3.29626E+03  2.51546E+03  7.92963E+01 -1.54901E+01  3.18847E-04  2.03543E-02  4.23341E-04
       5       1       1  4.15890E-04  4.87474E-04  4.15890E-06  3.75959E-02  9.63550E-02  5.27779E-01  6.32895E-01  1.09669E+01 -6.76781E+00  1.87090E+04  3.34075E+04  9.09394E+04  7.10095E+03  1.38636E+04  8.35591E+03  3.80316E-05  0.00000E+00  4.49443E-04
       5       1       2  1.18405E-04  1.39220E-04  1.18405E-06  1.10445E-01  2.86333E-01  1.47633E+00 -2.72830E+00  5.70509E+01 -1.65220E+01  1.94725E+04  2.82996E+04  8.02694E+04  5.83904E+03  1.14580E+04  9.89920E+03  4.31508E-05  0.00000E+00  9.60687E-05
       5       1       3  2.04278E-04  2.77727E-04  2.04278E-06  1.67204E-01  4.50159E-01  2.17450E+00  3.80522E+00  1.38863E+01  4.40767E+00  1.65308E+04  2.21588E+04  2.93585E+04  5.86954E+03  3.99274E+03  4.89996E+03  3.06604E-05  0.00000E+00  2.47066E-04
       5       1       4  2.87801E-04  1.36302E-04  2.87801E-06  2.22486E-01  5.35532E-01  3.54526E+00 -1.29891E+00  3.88218E+01 -1.87838E+01  4.12254E+04  5.00600E+04  5.07398E+04  2.27826E+03  2.83476E+02  4.01936E+03  9.34428E-05  0.00000E+00  4.28597E-05
       5       1       5  2.63682E-04  2.28044E-04  2.63682E-06  3.24489E-01  7.87167E-01  5.19236E+00  1.07054E+00  2.76435E+01  1.52691E+00  1.52021E+04  1.99714E+04  3.49595E+04 -1.91186E+02  1.84921E+03  7.03716E+02  1.65603E-04  0.00000E+00  6.24405E-05
       5       1       6  2.13356E-04  1.96361E-04  2.13356E-06  4.69396E-01  1.11880E+00  6.97474E+00 -1.95047E+00  8.98790E+00 -1.92042E+01  5.55870E+03  7.40766E+03  2.44961E+04  3.14639E+02  2.60595E+03  1.11272E+03  7.84786E-05  0.00000E+00  1.17883E-04
       5       1       7  2.15789E-04  1.57662E-04  2.15789E-06  8.08816E-01  1.86495E+00  1.20779E+01  7.53126E+00 -1.28218E+02  5.99092E+01  1.95220E+04  3.09172E+04  4.53250E+04 -1.37863E+03  1.27004E+03  2.51251E+03  9.35471E-05  0.00000E+00  6.41144E-05
       5       1       8  3.61416E-04  2.72064E-04  3.61416E-06  1.16214E+00  2.80648E+00  1.79806E+01 -1.14617E+01 -1.10561E+02  1.61251E+01  1.05684E+04  1.71095E+04  2.16385E+04  1.73395E+03  3.45818E+02  4.66565E+02  1.99666E-04  0.00000E+00  7.23986E-05
       5       1       9  3.81905E-04  2.66000E-04  3.81905E-06  1.44287E+00  3.43260E+00  2.39953E+01  8.54016E+00 -3.09333E+01  1.07115E+00  2.65245E+03  3.92136E+03  1.19629E+04 -6.83560E+02  1.48888E+03  9.78282E+02  6.69250E-05  0.00000E+00  1.99075E-04
       5       1      10  1.73769E-04  1.80587E-04  1.73769E-06  5.26758E+00  1.26282E+01  6.80334E+01 -1.26015E+00 -7.40739E+01  2.92186E+00  7.06803E+03  1.53597E+04  2.68621E+04  4.28060E+02  2.43295E+03  1.99844E+03  7.27002E-05  0.00000E+00  1.07887E-04
       5       2       1  1.25492E-03  1.19818E-03  1.25492E-05  9.01423E-02  2.17116E-01  5.39983E-01 -2.38209E+01  2.26816E+01 -6.52752E+00  3.16997E+04  3.54450E+04  5.73002E+04  1.72981E+03  7.05135E+03  5.05537E+03  5.75817E-05  4.26868E-04  7.13732E-04
       5       2       2  3.60642E-04  2.91384E-04  3.60642E-06  2.17294E-01  5.28420E-01  1.39586E+00  1.47692E+01  4.96976E+01 -2.36782E+01  1.43120E+04  4.06657E+04  6.98182E+04  9.32090E+03  1.68603E+04  8.39012E+03  7.67429E-05  1.19847E-05  2.02656E-04
       5       2       3  6.20127E-04  6.17530E-04  6.20127E-06  3.11624E-01  7.73883E-01  2.08594E+00  9.23023E-01  1.08218E+01 -4.17813E+00  3.97847E+03  1.77138E+04  3.15877E+04  6.26021E+03  1.15914E+04  5.11497E+03  5.19524E-05  3.04552E-06  5.62532E-04
       5       2       4  8.95854E-04  4.12740E-04  8.95854E-06  5.69924E-01  1.39969E+00  3.24956E+00  1.22918E+02 -1.94264E+01 -5.93337E+00  5.66551E+04  5.20296E+04  4.99394E+04 -7.28999E+03  2.23800E+03  5.66318E+03  1.39000E-04  1.69420E-04  1.04320E-04
       5       2       5  8.36489E-04  4.61478E-04  8.36489E-06  7.99771E-01  1.91556E+00  4.83309E+00  8.91460E+00  3.16947E+01 -9.86114E+00  9.65434E+03  2.71062E+04  4.57266E+04  3.22284E+03  6.95811E+03  4.74464E+03  2.73012E-04  2.01296E-05  1.68336E-04
       5       2       6  7.11764E-04  5.70684E-04  7.11764E-06  1.11492E+00  2.74785E+00  6.66045E+00  4.06340E+00  7.20724E+00 -9.80675E+00  2.25215E+03  8.71215E+03  2.87199E+04  1.53781E+03  7.61191E+03  3.71052E+03  1.20378E-04  3.16341E-05  4.18672E-04
       5       2       7  6.98709E-04  4.87039E-04  6.98709E-06  1.91638E+00  4.70162E+00  1.11061E+01  7.13609E+01 -1.15897E+02  1.46864E+01  3.14472E+04  2.77245E+04  4.38699E+04 -5.28563E+03  2.94628E+03  4.44720E+03  1.72304E-04  1.32172E-04  1.82562E-04
       5       2       8  1.15006E-03  7.89447E-04  1.15006E-05  2.66941E+00  6.75613E+00  1.66460E+01  9.19159E+00 -6.52032E+01  3.56040E+00  4.84121E+03  1.43670E+04  3.44937E+04  1.72352E+02  6.94143E+03  4.39015E+03  2.82490E-04  1.81667E-05  4.88790E-04
       5       2       9  1.29670E-03  1.33678E-03  1.29670E-05  3.47310E+00  8.75670E+00  2.32984E+01 -2.64327E+00 -1.94663E+01 -4.68354E-02  1.19054E+03  3.64926E+03  1.09328E+04  7.71621E+02  2.21149E+03  1.21767E+03  1.77481E-04  1.13224E-05  1.14797E-03
       5       2      10  5.98300E-04  5.45320E-04  5.98300E-06  1.10008E+01  2.51038E+01  6.52699E+01  5.70609E+00 -6.01589E+01  2.41720E+01  4.14587E+03  1.61926E+04  2.66960E+04  1.66942E+03  3.03905E+03  3.08412E+03  1.72599E-04  3.88634E-05  3.33857E-04
       5       3       1  2.10055E-03  2.16266E-03  2.10055E-05  1.34684E-01  3.26141E-01  4.80869E-01 -7.31638E+01  3.42107E+01  8.95952E-01  2.95282E+04  2.70925E+04  3.47418E+04 -2.40718E+02  1.09244E+03  4.29421E+02  4.98547E-05  1.66747E-03  4.45332E-04
       5       3       2  6.15579E-04  6.40918E-04  6.15579E-06  3.41682E-01  8.31415E-01  1.21097E+00 -2.37772E+01  3.39585E+01 -1.91741E+01  2.37821E+04  3.93327E+04  4.88291E+04  6.31871E+03  5.56184E+03  4.49389E+03  8.87086E-05  3.92741E-04  1.59468E-04
       5       3       3  1.04898E-03  1.19147E-03  1.04898E-05  5.07491E-01  1.21959E+00  1.80688E+00  3.26062E+01 -5.64704E+00 -2.80575E+00  5.51470E+03  1.38164E+04  2.30542E+04  4.36457E+03  6.26925E+03  2.96721E+03  4.57134E-05  7.54362E-04  3.91398E-04
       5       3       4  1.58839E-03  9.15761E-04  1.58839E-05  7.81727E-01  1.87466E+00  2.80340E+00  1.74960E+02 -6.67460E+01 -9.18901E+00  6.80739E+04  4.76248E+04  4.62951E+04 -1.45247E+04  3.48831E+03  6.44602E+03  1.40330E-04  5.97183E-04  1.78248E-04
       5       3       5  1.54358E-03  1.62794E-03  1.54358E-05  1.24198E+00  3.00133E+00  4.12477E+00  9.65437E+01 -2.98926E+01 -9.57976E+00  2.40670E+04  2.91509E+04  2.95766E+04  1.89372E+03  5.03366E+03  3.33857E+03  2.78001E-04  1.05409E-03  2.95844E-04
       5       3       6  1.44897E-03  1.53044E-03  1.44897E-05  1.53128E+00  3.66874E+00  5.71099E+00  7.37851E+01 -2.93826E+01 -7.13901E+00  1.39162E+04  1.17607E+04  1.90605E+04 -1.55911E+03  5.47116E+03  2.69754E+03  1.15723E-04  9.65419E-04  4.49294E-04
       5       3       7  1.39925E-03  1.12529E-03  1.39925E-05  2.80162E+00  6.68219E+00  9.78292E+00  1.37498E+02 -7.96001E+01  1.90993E+01  3.57023E+04  2.86553E+04  3.73571E+04 -5.01131E+03  3.83238E+03  3.02540E+03  1.57144E-04  7.56818E-04  2.11330E-04
       5       3       8  2.12960E-03  2.45171E-03  2.12960E-05  4.15374E+00  9.89976E+00  1.46084E+01  8.94392E+01 -5.65804E+01  1.93477E+01  1.69237E+04  1.55687E+04  2.05732E+04 -1.11961E+03  1.71147E+03  1.70472E+03  4.22256E-04  1.61334E-03  4.16112E-04
       5       3       9  2.72681E-03  2.89553E-03  2.72681E-05  5.68318E+00  1.37882E+01  1.98403E+01  4.44814E+01 -2.01414E+01  3.30102E+00  5.47418E+03  4.93849E+03  7.41139E+03 -1.95278E+02  1.45196E+03  6.64667E+02  7.17318E-05  1.67258E-03  1.15123E-03
       5       3      10  1.42664E-03  1.30381E-03  1.42664E-05  1.69363E+01  4.02915E+01  6.01062E+01  3.59000E+01 -3.67020E+01  2.14998E+01  4.64536E+03  1.38804E+04  2.17792E+04  2.80717E+03 -9.17760E+02  1.08930E+03  1.98443E-04  8.28983E-04  2.76389E-04
       5       4       1  2.90831E-03  3.49327E-03  2.90831E-05  1.91249E-01  4.64345E-01  3.56601E-01  8.99260E+01 -3.38558E+01 -4.79903E+00  4.69439E+04  2.82373E+04  2.39384E+04 -9.13477E+03  5.92317E+02  5.38989E+02  4.85640E-05  3.06663E-03  3.78075E-04
       5       4       2  8.76832E-04  9.79733E-04  8.76832E-06  4.68144E-01  1.13501E+00  8.67413E-01  5.27988E+00  7.09136E+00 -1.82164E+01  4.25240E+04  3.99456E+04  2.46589E+04 -2.44451E+03 -8.46605E+02  1.66202E+02  8.36682E-05  7.64752E-04  1.31313E-04
       5       4       3  1.47030E-03  1.61446E-03  1.47030E-05  6.69782E-01  1.63866E+00  1.27166E+00  3.33657E+01 -1.69938E+01 -9.03554E+00  2.22333E+04  1.57243E+04  1.28174E+04 -4.34419E+03  1.39205E+03  4.69611E+02  4.76668E-05  1.18703E-03  3.79770E-04
       5       4       4  2.36376E-03  1.64184E-03  2.36376E-05  1.06596E+00  2.55745E+00  2.01494E+00  1.22885E+02 -5.04829E+01 -1.26888E+01  8.90189E+04  4.41078E+04  2.75176E+04 -2.24917E+04 -1.70787E+03 -6.68119E+02  1.41993E-04  1.41736E-03  8.24847E-05
       5       4       5  2.43568E-03  3.60930E-03  2.43568E-05  1.62650E+00  3.95823E+00  2.99458E+00  7.59802E+01 -3.06089E+01 -5.01954E+00  3.31626E+04  3.18846E+04  1.79578E+04 -2.91405E+03  9.26067E+02  2.86405E+02  2.56053E-04  3.17969E-03  1.73555E-04
       5       4       6  2.59841E-03  2.94436E-03  2.59841E-05  2.34978E+00  5.59487E+00  4.08968E+00  4.70956E+01 -5.62073E+00 -1.79816E+00  1.43155E+04  1.70275E+04  9.18367E+03  2.60173E+03  1.14810E+03  3.63683E+02  1.14060E-04  2.35109E-03  4.79209E-04
       5       4       7  2.70009E-03  2.60232E-03  2.70009E-05  3.77596E+00  9.10167E+00  6.91789E+00  1.90811E+02 -8.40510E+01  3.38240E+01  5.46386E+04  3.35594E+04  2.54213E+04 -1.08745E+04  3.58010E+01  2.06298E+03  2.17414E-04  2.20644E-03  1.78469E-04
       5       4       8  3.43647E-03  4.45232E-03  3.43647E-05  5.69960E+00  1.37262E+01  1.03718E+01  1.15912E+02 -5.30787E+01  1.61009E+01  2.23664E+04  2.14995E+04  1.47184E+04 -6.37470E+02  7.67728E+02  8.14775E+02  2.46624E-04  3.82185E-03  3.83839E-04
       5       4       9  5.07873E-03  5.81603E-03  5.07873E-05  7.87753E+00  1.87492E+01  1.42730E+01  6.23000E+01 -2.67134E+01  6.84365E+00  7.97881E+03  8.58335E+03  6.05442E+03  4.31836E+02  5.40304E+02  4.84572E+02  2.12237E-04  4.73348E-03  8.70305E-04
       5       4      10  3.70388E-03  4.82428E-03  3.70388E-05  2.22805E+01  5.39612E+01  4.01008E+01  9.87652E+01 -4.38244E+01  8.47563E+00  1.90611E+04  1.85977E+04  1.01550E+04 -2.24452E+02  1.00241E+02  4.15791E+02  1.99459E-04  4.40043E-03  2.24394E-04
       5       5       1  3.57457E-03  3.33822E-03  3.57457E-05  2.06242E-01  5.00118E-01  2.30960E-01  9.91277E+01 -4.57219E+01 -9.45281E+00  4.16021E+04  2.59471E+04  3.15026E+04 -8.65688E+03 -1.05922E+03 -5.10233E+02  5.07355E-05  2.96084E-03  3.26640E-04
       5       5       2  1.11073E-03  1.09237E-03  1.11073E-05  5.34818E-01  1.28787E+00  5.89646E-01  1.90873E+01  1.36196E+00 -2.06834E+01  3.96813E+04  4.98521E+04  2.78179E+04  6.05269E+03 -2.04875E+03  4.98017E+02  7.65385E-05  8.82446E-04  1.33389E-04
       5       5       3  1.82678E-03  1.77672E-03  1.82678E-05  7.55799E-01  1.84720E+00  8.57220E-01  4.87964E+01 -2.51328E+01  2.29206E+00  2.60679E+04  3.17562E+04  1.85521E+04  2.34715E+03 -2.24199E+01  1.20911E+03  4.71092E-05  1.38877E-03  3.40836E-04
       5       5       4  3.10735E-03  1.91744E-03  3.10735E-05  1.22962E+00  2.92900E+00  1.34787E+00  9.43455E+01 -4.03908E+01  2.58834E+00  5.65697E+04  4.39303E+04  4.60210E+04 -8.22249E+03 -3.43167E+03  3.04020E+03  1.37670E-04  1.73437E-03  4.53937E-05
       5       5       5  3.40907E-03  3.38750E-03  3.40907E-05  1.85646E+00  4.49100E+00  2.10989E+00  6.11937E+01 -3.11782E+01 -1.74089E+00  2.69979E+04  3.23080E+04  2.28718E+04  3.64163E+02  1.04280E+03 -1.30557E+03  2.39426E-04  2.99483E-03  1.53251E-04
       5       5       6  4.09943E-03  3.68980E-03  4.09943E-05  2.51040E+00  6.08771E+00  2.76822E+00  5.18332E+01 -1.98184E+01  3.32972E+00  1.77999E+04  2.50974E+04  1.22914E+04  4.96238E+03  2.83838E+02  1.43713E+03  1.05082E-04  3.13903E-03  4.45688E-04
       5       5       7  5.04231E-03  2.89877E-03  5.04231E-05  4.21594E+00  1.01964E+01  4.61448E+00  1.45852E+02 -6.42022E+01  1.65664E+01  3.86822E+04  4.20145E+04  3.07685E+04  1.27341E+03  1.83092E+03  1.48433E+03  1.96338E-04  2.32732E-03  3.75113E-04
       5       5       8  5.35873E-03  5.45189E-03  5.35873E-05  6.37417E+00  1.54337E+01  6.90843E+00  9.51896E+01 -3.64477E+01  2.81074E+00  1.80547E+04  2.73032E+04  1.41898E+04  4.38172E+03  2.29532E+03  6.17735E+02  2.76204E-04  4.25792E-03  9.17764E-04
       5       5       9  8.28181E-03  8.40654E-03  8.28181E-05  8.94043E+00  2.17463E+01  9.22778E+00  4.49714E+01 -1.66784E+01  3.82090E+00  5.90008E+03  9.92428E+03  4.65414E+03  1.99345E+03  6.32847E+02  4.72601E+02  1.82288E-04  5.44183E-03  2.78242E-03
       5       5      10  9.51531E-03  5.51816E-03  9.51531E-05  2.50840E+01  6.04000E+01  2.76834E+01  8.89096E+01 -4.08881E+01  7.21034E+00  1.67490E+04  2.14704E+04  9.33154E+03  2.25849E+03 -2.69214E+02 -7.65147E+01  1.94714E-04  5.09500E-03  2.28448E-04
       5       6       1  3.95999E-03  4.13067E-03  3.95999E-05  2.18691E-01  5.26772E-01  7.62276E-02  1.28196E+02 -5.98606E+01 -3.87674E+00  4.10390E+04  2.64959E+04  2.79787E+04 -8.28085E+03 -4.30517E+02 -2.70380E+02  4.46456E-05  3.80170E-03  2.84326E-04
       5       6       2  1.25534E-03  1.34759E-03  1.25534E-05  5.66646E-01  1.38741E+00  2.01988E-01  6.54477E+01 -3.11692E+01 -1.16483E+01  3.88467E+04  5.40818E+04  2.61529E+04  6.23966E+03 -1.52961E+03  1.61646E+02  7.68087E-05  1.12301E-03  1.47772E-04
       5       6       3  2.03669E-03  2.18324E-03  2.03669E-05  8.35943E-01  2.03034E+00  2.80773E-01  4.63987E+01 -1.44705E+01 -5.91748E+00  1.88935E+04  3.70221E+04  1.53033E+04  7.99250E+03 -3.07798E+03 -1.08173E+03  4.79390E-05  1.71649E-03  4.18808E-04
       5       6       4  3.58556E-03  3.16983E-03  3.58556E-05  1.30969E+00  3.18456E+00  4.49503E-01  9.01468E+01 -3.49182E+01  1.27092E+00  6.91472E+04  4.70318E+04  3.48098E+04 -1.16492E+04  1.78023E+03  2.72616E+03  1.34345E-04  2.74737E-03  2.88111E-04
       5       6       5  4.10096E-03  4.22144E-03  4.10096E-05  1.96786E+00  4.78584E+00  6.77767E-01  5.71033E+01 -2.21777E+01 -4.44085E+00  3.63840E+04  4.01652E+04  1.48227E+04  1.32253E+03  4.77681E+03  6.54223E+02  2.44747E-04  3.53845E-03  4.38239E-04
       5       6       6  5.29702E-03  6.69848E-03  5.29702E-05  2.69066E+00  6.56762E+00  9.21452E-01  5.82288E+01 -2.47176E+01  3.14492E+00  2.33547E+04  2.43078E+04  1.00882E+04 -7.86465E+02  2.26613E+03  1.74986E+03  9.47729E-05  5.83596E-03  7.67747E-04
       5       6       7  7.50989E-03  6.05846E-03  7.50989E-05  4.49084E+00  1.09544E+01  1.69182E+00  2.00901E+02 -8.61006E+01  6.78276E+00  6.16780E+04  4.27003E+04  1.62875E+04 -1.05777E+04  3.07830E+03  8.33811E+02  1.51968E-04  4.89924E-03  1.00725E-03
       5       6       8  7.60733E-03  1.05070E-02  7.60733E-05  6.75156E+00  1.65459E+01  2.50105E+00  1.23303E+02 -5.38299E+01  9.55595E+00  2.69638E+04  3.04593E+04  8.52060E+03  1.05081E+03  1.43049E+03  7.30204E+02  3.93416E-04  8.17007E-03  1.94353E-03
       5       6       9  1.09737E-02  1.37290E-02  1.09737E-04  9.20070E+00  2.29377E+01  3.74156E+00  6.70805E+01 -2.82364E+01 -2.04272E+00  1.12911E+04  1.51374E+04  3.09031E+03  1.82611E+03  8.13732E+02  1.14697E+02  8.02361E-05  8.94592E-03  4.70289E-03
       5       6      10  1.75866E-02  2.05399E-02  1.75866E-04  2.68517E+01  6.48091E+01  9.37207E+00  1.06245E+02 -4.41957E+01  1.08451E+00  2.11908E+04  2.45095E+04  2.92584E+03  1.64594E+03  2.05112E+02 -1.88822E+01  1.91749E-04  2.01515E-02  1.96607E-04
       6       1       1  4.15861E-04  3.93836E-04  4.15861E-06  1.30411E-02  9.34975E-02  5.24262E-01 -6.50672E-02  2.15226E+01  2.02940E+01  2.24699E+04  4.38087E+04  1.02115E+05  3.17380E+03  1.45421E+04  2.67402E+03  3.63815E-05  0.00000E+00  3.57455E-04
       6       1       2  1.18395E-04  1.23015E-04  1.18395E-06  3.83645E-02  2.94167E-01  1.46979E+00  5.89904E+00  6.26178E+01 -2.62287E+01  1.99596E+04  3.59489E+04  8.22530E+04  1.98294E+03  1.45842E+04  1.13053E+03  3.85968E-05  0.00000E+00  8.44183E-05
       6       1       3  2.04265E-04  2.35721E-04  2.04265E-06  5.50039E-02  4.65008E-01  2.17620E+00 -6.55656E+00  1.83925E+01  5.24321E+00  1.32399E+04  3.00934E+04  3.57185E+04  2.07512E+03  6.16493E+03 -2.47126E+01  3.12402E-05  0.00000E+00  2.04481E-04
       6       1       4  2.87772E-04  1.13166E-04  2.87772E-06  7.46350E-02  5.91888E-01  3.55011E+00  1.37923E+00  4.50562E+01  4.14628E+00  3.72962E+04  4.71369E+04  5.64611E+04  6.60234E+02  5.41441E+02  6.93098E+02  8.01413E-05  0.00000E+00  3.30244E-05
       6       1       5  2.63656E-04  2.19305E-04  2.63656E-06  1.07403E-01  8.51300E-01  5.19311E+00  3.22913E-01  2.85956E+01 -9.50319E+00  1.49660E+04  2.04412E+04  3.87216E+04 -3.59083E+02  3.53231E+03  1.06486E+03  1.56292E-04  0.00000E+00  6.30130E-05
       6       1       6  2.13332E-04  1.78506E-04  2.13332E-06  1.46459E-01  1.17932E+00  6.95635E+00  1.42290E+00  1.82409E+01  2.22940E+00  5.60837E+03  7.95314E+03  3.07202E+04  4.39319E+02  4.41734E+03  8.30649E+02  7.14954E-05  0.00000E+00  1.07010E-04
       6       1       7  2.15771E-04  1.56117E-04  2.15771E-06  2.65549E-01  2.07126E+00  1.22738E+01  2.68736E+00 -1.40091E+02  2.28309E+01  2.02538E+04  3.17132E+04  4.19323E+04 -1.88753E+02  9.97636E+02  4.94955E+02  9.87237E-05  0.00000E+00  5.73931E-05
       6       1       8  3.61389E-04  3.06343E-04  3.61389E-06  4.29104E-01  2.99346E+00  1.78461E+01 -6.22193E+00 -7.53330E+01  2.48638E+01  7.88761E+03  1.26525E+04  3.00399E+04  8.30350E+02  3.67257E+03  2.10877E+02  1.59363E-04  0.00000E+00  1.46980E-04
       6       1       9  3.81856E-04  2.90915E-04  3.81856E-06  5.51796E-01  4.21646E+00  2.40448E+01  3.61453E+00 -3.58433E+01  1.09061E+01  2.91212E+03  4.69162E+03  1.04265E+04 -2.85312E+02  1.13557E+03  3.65147E+02  8.87404E-05  0.00000E+00  2.02174E-04
       6       1      10  1.73748E-04  2.08443E-04  1.73748E-06  1.97837E+00  1.47678E+01  7.14395E+01 -4.86779E-01 -6.67661E+01 -4.61252E+00  6.18346E+03  1.33096E+04  2.31974E+04 -1.25034E+02  2.74135E+03  4.25141E+02  7.01582E-05  0.00000E+00  1.38285E-04
       6       2       1  1.25449E-03  9.19284E-04  1.25449E-05  3.18954E-02  2.36220E-01  5.25561E-01 -4.43646E+01  7.57152E+00 -8.23200E+00  4.18393E+04  4.07435E+04  6.71194E+04  3.13861E+02  4.63673E+03  1.36662E+03  5.29333E-05  4.53328E-04  4.13023E-04
       6       2       2  3.60491E-04  2.34505E-04  3.60491E-06  7.20506E-02  5.57049E-01  1.38465E+00  2.04332E+01  6.25340E+01 -2.22465E+01  1.48425E+04  5.10621E+04  7.55897E+04  6.12403E+03  1.96395E+04  3.24533E+03  6.04579E-05  1.97033E-05  1.54344E-04
       6       2       3  6.19937E-04  5.24142E-04  6.19937E-06  1.05306E-01  8.14411E-01  2.09981E+00  2.78985E+00  1.46893E+01 -1.17355E+01  2.13834E+03  2.25655E+04  3.13515E+04  3.01413E+03  9.69412E+03  5.93744E+02  5.67634E-05  5.69807E-06  4.61681E-04
       6       2       4  8.95403E-04  4.40528E-04  8.95403E-06  2.04101E-01  1.55935E+00  3.26746E+00  1.52151E+02 -9.07722E-01 -1.29354E+01  6.23647E+04  4.34605E+04  4.78872E+04 -3.55801E+03  3.59991E+03  2.12501E+03  1.28027E-04  2.23534E-04  8.89678E-05
       6       2       5  8.36061E-04  4.39942E-04  8.36061E-06  2.69933E-01  2.04950E+00  4.84132E+00  8.23807E+00  1.98488E+01 -8.27113E+00  7.11161E+03  2.81756E+04  4.76729E+04  1.22957E+03  9.28596E+03  1.70226E+03  2.36766E-04  2.43969E-05  1.78779E-04
       6       2       6  7.11342E-04  6.10756E-04  7.11342E-06  3.78174E-01  2.89730E+00  6.70811E+00  4.24469E+00  6.98342E+00  1.36246E+01  1.55858E+03  9.54542E+03  3.28813E+04  7.33080E+02  1.03598E+04  1.81531E+03  1.07742E-04  5.40334E-05  4.48981E-04
       6       2       7  6.98373E-04  5.58922E-04  6.98373E-06  6.82413E-01  5.02180E+00  1.10224E+01  9.12053E+01 -6.20200E+01  6.01668E+01  3.31322E+04  2.33479E+04  4.65078E+04 -1.77660E+03  7.66695E+03  2.14674E+03  1.47901E-04  1.65305E-04  2.45716E-04
       6       2       8  1.14964E-03  9.42305E-04  1.14964E-05  9.05518E-01  6.93725E+00  1.65356E+01  2.53144E+01 -4.80086E+01  4.37338E+01  7.36002E+03  1.40375E+04  3.23084E+04 -2.46736E+02  7.31589E+03  1.81750E+03  3.21314E-04  8.47340E-05  5.36257E-04
       6       2       9  1.29584E-03  1.29131E-03  1.29584E-05  1.19977E+00  9.44559E+00  2.33991E+01  1.27570E+00 -7.60392E+00  1.04950E+01  7.50492E+02  3.38056E+03  1.00832E+04  4.55041E+02  2.52347E+03  5.07334E+02  1.09446E-04  1.37705E-05  1.16810E-03
       6       2      10  5.97809E-04  5.49435E-04  5.97809E-06  4.14737E+00  2.78478E+01  6.56936E+01  1.53451E+01 -4.99198E+01  1.61186E+01  3.75668E+03  1.47830E+04  2.67547E+04  7.33591E+02  1.63053E+03  1.77270E+02  1.41672E-04  1.27606E-04  2.80157E-04
       6       3       1  2.09884E-03  1.96603E-03  2.09884E-05  4.64488E-02  3.49203E-01  4.80908E-01 -8.50382E+01  1.56921E+01 -2.94147E+00  3.38172E+04  2.77413E+04  3.29607E+04 -1.94878E+02 -3.16358E+02  6.96323E+02  4.11568E-05  1.66270E-03  2.62176E-04
       6       3       2  6.14909E-04  6.13133E-04  6.14909E-06  1.17813E-01  8.79644E-01  1.22638E+00 -2.66463E+01  2.96114E+01 -2.06676E+01  2.10384E+04  3.92360E+04  4.81713E+04  2.08770E+03  6.60797E+03  1.39754E+03  7.68302E-05  4.11385E-04  1.24917E-04
       6       3       3  1.04819E-03  1.05746E-03  1.04819E-05  1.68291E-01  1.30319E+00  1.81857E+00  3.71014E+01 -8.47291E-01 -8.14232E+00  3.64284E+03  1.54969E+04  2.15712E+04  1.41108E+03  5.22969E+03  1.00862E+03  4.16003E-05  7.60975E-04  2.54886E-04
       6       3       4  1.58636E-03  8.33615E-04  1.58636E-05  2.68822E-01  2.00640E+00  2.78081E+00  2.02069E+02 -1.72832E+01 -8.03011E-01  7.97677E+04  4.44028E+04  4.45412E+04 -6.82050E+03  4.17419E+03  2.21111E+03  1.18050E-04  5.57441E-04  1.58123E-04
       6       3       5  1.54143E-03  1.51344E-03  1.54143E-05  4.23397E-01  3.22752E+00  4.12761E+00  1.08357E+02 -4.25027E+00 -5.34743E+00  2.41058E+04  3.03258E+04  2.79361E+04  6.70227E+02  4.60755E+03  1.02194E+03  2.45412E-04  1.03105E-03  2.36970E-04
       6       3       6  1.44666E-03  1.51434E-03  1.44666E-05  5.16137E-01  3.96333E+00  5.72715E+00  7.82379E+01 -9.17096E+00 -4.74369E+00  1.41159E+04  1.09990E+04  1.86425E+04 -4.90911E+02  5.74768E+03  1.02135E+03  9.84308E-05  9.19485E-04  4.96426E-04
       6       3       7  1.39693E-03  1.08845E-03  1.39693E-05  9.68660E-01  7.21862E+00  9.84133E+00  1.38782E+02 -5.52255E+01  2.10275E+01  3.51597E+04  2.77542E+04  3.79333E+04 -1.64217E+03  3.35539E+03  1.53504E+03  1.65649E-04  7.18976E-04  2.03830E-04
       6       3       8  2.12756E-03  2.20193E-03  2.12756E-05  1.44915E+00  1.06536E+01  1.46274E+01  9.62318E+01 -3.41700E+01  8.79726E+00  1.71805E+04  1.51170E+04  2.04143E+04 -8.56366E+01  2.80381E+03  3.93889E+02  2.57347E-04  1.53783E-03  4.06758E-04
       6       3       9  2.72203E-03  2.72028E-03  2.72203E-05  1.83737E+00  1.45211E+01  1.97640E+01  4.99132E+01 -1.41041E+01  4.20933E+00  5.74540E+03  5.36098E+03  7.56704E+03 -3.09037E+02  1.10321E+03  2.23742E+02  1.57884E-04  1.63239E-03  9.30005E-04
       6       3      10  1.42237E-03  1.17362E-03  1.42237E-05  6.09622E+00  4.33733E+01  5.92171E+01  3.64278E+01 -2.55953E+01  1.80644E+01  3.45714E+03  1.56015E+04  2.26642E+04  1.45147E+03  1.91963E+03  6.55355E+02  1.70820E-04  7.19431E-04  2.83366E-04
       6       4       1  2.90422E-03  3.23770E-03  2.90422E-05  6.71509E-02  4.96055E-01  3.52158E-01  1.04058E+02 -1.54860E+01 -1.11102E+00  5.33980E+04  2.30547E+04  2.32850E+04 -2.48773E+03  5.32829E+02 -1.35649E+02  4.54568E-05  2.96712E-03  2.25130E-04
       6       4       2  8.75064E-04  9.41689E-04  8.75064E-06  1.62833E-01  1.22647E+00  8.64405E-01  6.90859E+00  5.36016E+00 -1.44744E+01  4.44930E+04  3.76498E+04  2.31582E+04 -1.82733E+03  2.02224E+03  6.60205E+02  7.02028E-05  7.96862E-04  7.46237E-05
       6       4       3  1.46841E-03  1.36147E-03  1.46841E-05  2.37540E-01  1.73070E+00  1.25865E+00  4.26424E+01  4.97222E+00 -1.26815E-01  2.79639E+04  1.49623E+04  1.31163E+04 -2.56820E+03  2.74764E+03  2.37758E+02  3.76743E-05  1.09111E-03  2.32683E-04
       6       4       4  2.35839E-03  1.60174E-03  2.35839E-05  3.55513E-01  2.73241E+00  2.01006E+00  1.36391E+02 -1.58465E+01 -8.50873E+00  9.89975E+04  3.69440E+04  2.72123E+04 -7.28217E+03 -1.95381E+03 -9.48255E+02  1.15723E-04  1.39530E-03  9.07175E-05
       6       4       5  2.42906E-03  3.67475E-03  2.42906E-05  5.60904E-01  4.25742E+00  2.99640E+00  7.93464E+01 -4.36555E+00 -1.00163E+00  3.45880E+04  2.84624E+04  1.77751E+04 -4.88274E+02  8.18986E+02  7.14803E+02  2.42419E-04  3.22936E-03  2.02976E-04
       6       4       6  2.59059E-03  2.45645E-03  2.59059E-05  8.12169E-01  5.96082E+00  4.08134E+00  4.63301E+01 -9.01771E+00 -6.45158E+00  1.37772E+04  2.24788E+04  1.11245E+04  9.00199E+02  2.17309E+03  8.26701E+00  8.47968E-05  1.90895E-03  4.62701E-04
       6       4       7  2.68894E-03  2.52563E-03  2.68894E-05  1.28798E+00  9.73057E+00  6.91704E+00  2.08140E+02 -3.27945E+01  1.42650E+01  6.04843E+04  3.05463E+04  2.39848E+04 -4.10305E+03  1.48765E+03  2.77527E+02  1.36438E-04  2.19649E-03  1.92708E-04
       6       4       8  3.42882E-03  4.56057E-03  3.42882E-05  1.92594E+00  1.46894E+01  1.03445E+01  1.26252E+02 -2.18528E+01  9.29625E+00  2.26913E+04  2.16150E+04  1.49685E+04 -3.86005E+02  1.03843E+03  2.09650E+02  3.19096E-04  3.88402E-03  3.57455E-04
       6       4       9  5.06237E-03  5.80415E-03  5.06237E-05  2.75876E+00  2.02820E+01  1.42835E+01  6.59634E+01 -9.47601E+00  3.36979E+00  7.81336E+03  9.17987E+03  5.83599E+03  2.55479E+02  8.08575E+02  4.37034E+01  9.02194E-05  4.79851E-03  9.15422E-04
       6       4      10  3.67741E-03  4.98012E-03  3.67741E-05  7.48286E+00  5.77692E+01  3.96467E+01  1.06271E+02 -1.74273E+01  7.99348E+00  1.90572E+04  1.91669E+04  1.02474E+04  9.94527E+00 -4.59378E+02  2.50756E+01  1.81920E-04  4.59351E-03  2.04691E-04
       6       5       1  3.56762E-03  3.22206E-03  3.56762E-05  7.18453E-02  5.38986E-01  2.31570E-01  1.14512E+02 -1.27929E+01 -6.69446E-01  4.65157E+04  2.23057E+04  3.09723E+04 -3.12493E+03  3.76000E+02 -3.74122E+02  4.17084E-05  2.99577E-03  1.84582E-04
       6       5       2  1.10743E-03  1.02363E-03  1.10743E-05  1.78460E-01  1.38281E+00  5.91069E-01  2.40804E+01  7.76918E+00 -1.25970E+01  3.89965E+04  5.27821E+04  2.90164E+04  3.01248E+03 -9.57173E+02 -3.85354E+02  5.85779E-05  8.75890E-04  8.91666E-05
       6       5       3  1.82352E-03  1.61236E-03  1.82352E-05  2.61771E-01  1.96004E+00  8.39679E-01  5.66283E+01 -1.17739E+01 -5.01186E+00  2.64543E+04  3.40400E+04  1.90608E+04 -7.32322E+02 -1.65458E+03 -1.02496E+02  4.68615E-05  1.37709E-03  1.88403E-04
       6       5       4  3.09732E-03  1.94918E-03  3.09732E-05  4.21442E-01  3.17399E+00  1.32416E+00  1.01122E+02 -7.35390E+00 -9.10077E+00  5.81982E+04  4.40663E+04  4.41327E+04 -1.24749E+03 -8.55197E+02  2.56362E+03  1.20378E-04  1.75710E-03  7.16988E-05
       6       5       5  3.39486E-03  3.47758E-03  3.39486E-05  6.29535E-01  4.76915E+00  2.12701E+00  6.83686E+01 -1.92395E+01 -9.99423E+00  2.69376E+04  3.36633E+04  2.24548E+04 -2.27470E+02  1.07593E+03 -4.13332E+03  2.14819E-04  3.11119E-03  1.51578E-04
       6       5       6  4.08122E-03  4.18133E-03  4.08122E-05  8.22215E-01  6.64586E+00  2.78160E+00  5.25792E+01 -6.01201E+00  2.34932E+00  1.39784E+04  2.41529E+04  1.06987E+04  1.73692E+03  9.27193E+02  1.61917E+03  8.87873E-05  3.66091E-03  4.31633E-04
       6       5       7  5.00558E-03  2.82656E-03  5.00558E-05  1.50536E+00  1.09341E+01  4.60906E+00  1.59159E+02 -2.09306E+01  1.94909E+01  3.88035E+04  4.25726E+04  2.95271E+04  1.41011E+03  2.29157E+03  8.43087E+02  1.44203E-04  2.33362E-03  3.48732E-04
       6       5       8  5.32961E-03  5.37705E-03  5.32961E-05  2.32778E+00  1.65256E+01  6.95019E+00  9.84904E+01 -1.47060E+01  1.10566E+01  1.61441E+04  2.84491E+04  1.44561E+04  2.13106E+03  2.06351E+03  3.66431E+02  2.88406E-04  4.20331E-03  8.85333E-04
       6       5       9  8.24272E-03  7.92023E-03  8.24272E-05  3.51878E+00  2.31297E+01  9.45234E+00  4.80375E+01 -6.73241E+00  4.10868E+00  5.27672E+03  1.02695E+04  4.56822E+03  8.82341E+02  8.52092E+02  3.05997E+02  9.87237E-05  5.26908E-03  2.55242E-03
       6       5      10  9.39879E-03  5.06484E-03  9.39879E-05  8.78439E+00  6.44773E+01  2.76705E+01  9.91994E+01 -1.42369E+01  4.31618E+00  1.67627E+04  2.17635E+04  9.55494E+03  8.73352E+02  4.66966E+02 -2.52872E+02  1.87512E-04  4.66302E-03  2.14308E-04
       6       6       1  3.95101E-03  4.19744E-03  3.95101E-05  7.40721E-02  5.68496E-01  7.69764E-02  1.38314E+02 -1.65770E+01 -1.75554E+00  4.38342E+04  2.22306E+04  2.68109E+04 -3.21325E+03  4.43467E+02 -5.23603E+01  3.77778E-05  4.01383E-03  1.45836E-04
       6       6       2  1.25083E-03  1.27446E-03  1.25083E-05  2.02141E-01  1.48187E+00  1.99480E-01  7.83442E+01 -5.78340E+00 -1.73248E+01  3.92912E+04  4.73458E+04  2.56146E+04  2.43717E+03 -2.74855E+03 -2.22237E+02  6.82475E-05  1.13217E-03  7.40448E-05
       6       6       3  2.03244E-03  2.04845E-03  2.03244E-05  2.88121E-01  2.17831E+00  2.88749E-01  5.12822E+01 -1.18620E+01 -3.10506E+00  1.73622E+04  2.95333E+04  1.51684E+04  2.24434E+03 -2.04214E+03 -8.24224E+02  3.38946E-05  1.78182E-03  2.32734E-04
       6       6       4  3.57186E-03  3.04840E-03  3.57186E-05  4.61696E-01  3.42348E+00  4.67377E-01  1.01032E+02 -1.10852E+01 -9.51624E-01  7.75664E+04  3.21054E+04  3.61011E+04 -5.37447E+03 -5.28405E+01  1.75754E+03  1.21708E-04  2.76352E-03  1.63171E-04
       6       6       5  4.07988E-03  4.00188E-03  4.07988E-05  7.05453E-01  5.15033E+00  6.91713E-01  6.36006E+01 -6.15156E+00 -5.63657E+00  3.67890E+04  3.48812E+04  1.36893E+04  5.62814E+02  1.45007E+03 -1.33139E+03  1.94866E-04  3.52232E-03  2.84694E-04
       6       6       6  5.26863E-03  6.47132E-03  5.26863E-05  9.30031E-01  6.96419E+00  9.50729E-01  6.44072E+01 -1.16941E+01 -1.29772E+00  2.47116E+04  1.76665E+04  1.01949E+04 -8.05813E+02  1.28396E+03  3.52410E+02  9.80983E-05  5.85919E-03  5.14027E-04
       6       6       7  7.43926E-03  5.57526E-03  7.43926E-05  1.61806E+00  1.17535E+01  1.66451E+00  2.37921E+02 -3.45711E+01  8.70167E+00  7.23113E+04  3.22997E+04  1.74372E+04 -4.91310E+03  1.93220E+03  5.44277E+02  1.57144E-04  4.93874E-03  4.79377E-04
       6       6       8  7.53481E-03  9.28521E-03  7.53481E-05  2.44349E+00  1.77178E+01  2.44252E+00  1.50677E+02 -2.19992E+01  5.27997E+00  3.04536E+04  2.86612E+04  8.25867E+03 -1.31046E+01  8.19656E+02  2.66938E+02  2.25548E-04  8.16910E-03  8.90563E-04
       6       6       9  1.09081E-02  1.15106E-02  1.09081E-04  3.47095E+00  2.41939E+01  3.46631E+00  8.66166E+01 -1.27487E+01  1.74234E+00  1.26680E+04  1.70168E+04  3.79404E+03  6.71727E+02  2.53271E+02  1.68532E+02  1.39766E-04  9.14474E-03  2.22606E-03
       6       6      10  1.73032E-02  2.07315E-02  1.73032E-04  9.13689E+00  6.97107E+01  9.23901E+00  1.13178E+02 -1.57009E+01  2.67897E+00  2.03559E+04  2.50912E+04  2.88137E+03  5.32831E+02  1.42036E+02  3.15166E+01  1.89376E-04  2.03403E-02  2.01849E-04
