         152           4
       1  1.11872E-02  1.03591E-02 -5.21856E+01 -5.51457E+01  2.09680E+00  1.98382E+02  1.93500E+02  2.07980E+00  4.46606E-02  7.70000E-02  3.00000E-01 -1.74491E-02  0.00000E+00  3.00000E-01
       2  5.70130E-03  5.46935E-03 -7.94809E+01 -7.20331E+01  2.11870E+00  1.98283E+02  1.73297E+02  2.29780E+00  1.30578E-01  1.00600E-01  3.00000E-01 -1.01287E-02  0.00000E+00  3.00000E-01
       3  5.20937E-03  5.04539E-03 -7.68386E+01 -7.03214E+01  2.97040E+00  1.93526E+02  1.57694E+02  3.02370E+00  1.16269E-01  9.83000E-02  3.00000E-01 -7.13978E-03  0.00000E+00  3.00000E-01
       4  3.63803E-03  3.34108E-03 -5.91589E+01 -5.93916E+01  2.64100E+00  1.96116E+02  1.79503E+02  2.60000E+00  3.74000E-02  8.30000E-02  3.00000E-01 -2.19647E-03  0.00000E+00  3.00000E-01
       5  6.40447E-03  5.95721E-03 -4.23504E+01 -4.29252E+01  2.62700E+00  1.90788E+02  2.03949E+02  2.49860E+00  2.66127E-02  6.00000E-02  3.00000E-01 -1.34410E-02  0.00000E+00  3.00000E-01
       6  1.84434E-03  1.96465E-03 -8.45626E+01 -7.66923E+01  4.18970E+00  1.74794E+02  1.53159E+02  4.23960E+00  1.90092E-01  1.07200E-01  3.00000E-01  1.88598E-02  0.00000E+00  3.00000E-01
       7  3.70911E-03  3.77426E-03 -6.99876E+01 -6.08558E+01  2.81680E+00  1.76947E+02  1.54194E+02  3.00380E+00  8.24093E-02  8.50000E-02  3.00000E-01  1.57084E-02  0.00000E+00  3.00000E-01
       8  3.71651E-03  3.34660E-03 -4.07002E+01 -4.55340E+01  2.66940E+00  1.79529E+02  1.84950E+02  2.80100E+00 -6.95750E-03  6.36000E-02  3.00000E-01  3.82580E-02  0.00000E+00  3.00000E-01
       9  2.51829E-03  2.82649E-03 -7.87249E+01 -7.37064E+01  3.32630E+00  1.57251E+02  1.33986E+02  3.59880E+00  1.70291E-01  1.03000E-01  3.00000E-01  3.39952E-02  0.00000E+00  3.00000E-01
      10  3.56234E-03  3.43353E-03 -5.65354E+01 -5.00778E+01  3.24950E+00  1.73511E+02  1.67266E+02  3.32320E+00  3.66653E-02  7.00000E-02  3.00000E-01  2.05531E-02  0.00000E+00  3.00000E-01
      11  1.37642E-03  1.56945E-03 -8.41711E+01 -8.66754E+01  3.87500E+00  1.53243E+02  1.46387E+02  5.24270E+00  2.05324E-01  1.21100E-01  3.00000E-01  5.80881E-02  0.00000E+00  3.00000E-01
      12  1.30222E-02  1.21450E-02 -2.01618E+01 -2.61590E+01  1.95760E+00  1.73230E+02  2.01454E+02  1.89660E+00  1.75425E-03  3.65000E-02  3.00000E-01  1.85175E-02  0.00000E+00  3.00000E-01
      13  5.08673E-03  4.55240E-03 -2.89835E+01 -3.72943E+01  2.53240E+00  1.64333E+02  1.78601E+02  2.62510E+00 -1.93513E-02  5.21000E-02  3.00000E-01  7.03417E-02  0.00000E+00  3.00000E-01
      14  1.06445E-02  1.03552E-02 -2.85693E+01 -3.44990E+01  2.01780E+00  1.88044E+02  2.09083E+02  2.43910E+00  2.14235E-02  4.82000E-02  3.00000E-01 -3.99110E-02  0.00000E+00  3.00000E-01
      15  1.28514E-02  1.28048E-02 -1.36940E+01 -1.63027E+01  2.61890E+00  1.82841E+02  2.13903E+02  2.26050E+00  1.13628E-02  2.28000E-02  3.00000E-01 -4.54538E-02  0.00000E+00  3.00000E-01
      16  2.63649E-03  2.60024E-03 -4.28016E+01 -3.87077E+01  4.33610E+00  1.38802E+02  1.50981E+02  4.82940E+00  3.22385E-02  5.41000E-02  3.00000E-01  5.74700E-02  0.00000E+00  3.00000E-01
      17  9.87356E-03  9.04161E-03 -5.85943E+01 -6.05436E+01  3.43570E+00  1.52845E+02  1.25864E+02  3.59830E+00  5.70165E-02  8.46000E-02  3.00000E-01 -1.32050E-02  0.00000E+00  3.00000E-01
      18  1.53564E-03  1.42111E-03 -1.74836E+01 -1.97254E+01  4.73350E+00  1.51099E+02  1.58949E+02  4.61790E+00 -1.41908E-02  2.76000E-02  3.00000E-01  1.00338E-01  0.00000E+00  3.00000E-01
      19  4.11107E-03  3.68341E-03 -1.16306E+00  4.25290E+00  2.76540E+00  1.58916E+02  1.68387E+02  2.73010E+00  1.61699E-03 -5.90000E-03  3.00000E-01  8.38726E-02  0.00000E+00  3.00000E-01
      20  4.09600E-03  3.99635E-03 -2.01441E+01 -1.64615E+01  3.52970E+00  1.30207E+02  1.43857E+02  3.54450E+00  5.39126E-03  2.30000E-02  3.00000E-01  8.40016E-02  0.00000E+00  3.00000E-01
      21  3.88766E-03  3.47644E-03  7.97967E-01  3.07820E+00  3.50300E+00  1.60955E+02  1.78698E+02  3.01190E+00  9.72753E-03 -4.30000E-03  3.00000E-01  7.29769E-02  0.00000E+00  3.00000E-01
      22  1.02351E-02  9.97089E-03 -7.40558E-02  7.42610E+00  2.47200E+00  1.77740E+02  2.04616E+02  2.28450E+00  7.95729E-03 -1.04000E-02  3.00000E-01 -2.15788E-02  0.00000E+00  3.00000E-01
      23  2.09485E-03  2.03761E-03  2.00564E+00  6.42000E-02  3.23530E+00  1.38550E+02  1.46307E+02  3.75370E+00 -1.37983E-02 -1.00000E-04  3.00000E-01  8.84386E-02  0.00000E+00  3.00000E-01
      24  7.16826E-03  6.80657E-03 -2.23251E+01 -4.05902E+01  1.00825E+01  1.30234E+02  1.11405E+02  1.00086E+01 -9.95979E-03  5.67000E-02  3.00000E-01 -1.14123E-02  0.00000E+00  3.00000E-01
      25  7.36945E-03  7.15547E-03  2.30820E+01 -1.27600E-01  6.76040E+00  1.33689E+02  1.10589E+02  7.09400E+00 -1.32956E-02  2.00000E-04  3.00000E-01 -6.00253E-03  0.00000E+00  3.00000E-01
      26  1.03624E-02  1.02242E-02 -6.17444E+01 -8.73687E+01  8.21170E+00  1.20574E+02  1.02161E+02  7.20870E+00  4.35850E-02  1.22100E-01  3.00000E-01 -1.63768E-02  0.00000E+00  3.00000E-01
      27  3.33212E-03  3.21921E-03 -7.41820E+01 -8.97611E+01  4.07440E+00  1.45423E+02  1.22064E+02  4.59060E+00  1.04975E-01  1.25400E-01  3.00000E-01  4.41445E-02  0.00000E+00  3.00000E-01
      28  1.26100E-03  1.35445E-03 -8.91686E+01 -9.18239E+01  4.08350E+00  1.46511E+02  1.37606E+02  4.08200E+00  2.13873E-01  1.28300E-01  3.00000E-01  7.64626E-02  0.00000E+00  3.00000E-01
      29  1.56682E-03  1.72048E-03 -8.96956E+01 -8.53951E+01  3.61540E+00  1.56412E+02  1.51784E+02  3.88060E+00  2.34608E-01  1.19300E-01  3.00000E-01  6.62716E-02  0.00000E+00  3.00000E-01
      30  3.47699E-03  3.02260E-03 -8.39732E+01 -1.14358E+02  4.66580E+00  1.45312E+02  1.22178E+02  4.97350E+00  8.40798E-02  1.59800E-01  3.00000E-01  5.17111E-02  0.00000E+00  3.00000E-01
      31  1.92749E-03  2.04055E-03 -8.55521E+01 -8.14300E+01  3.54520E+00  1.75356E+02  1.60441E+02  3.61190E+00  2.10540E-01  1.13800E-01  3.00000E-01  1.80770E-02  0.00000E+00  3.00000E-01
      32  1.03445E-02  9.79366E-03 -1.15550E+02 -1.32051E+02  4.99940E+00  1.54897E+02  1.03527E+02  5.06440E+00  1.19636E-01  1.84500E-01  3.00000E-01 -1.80416E-02  0.00000E+00  3.00000E-01
      33  6.48277E-03  5.07981E-03 -1.24098E+02 -1.24535E+02  3.79810E+00  1.63726E+02  1.22670E+02  4.11950E+00  5.55374E-02  1.74000E-01  3.00000E-01 -9.07263E-03  0.00000E+00  3.00000E-01
      34  3.29359E-03  2.97020E-03 -9.44990E+01 -9.57580E+01  3.50070E+00  1.41062E+02  1.29370E+02  3.37900E+00  1.55076E-01  1.33800E-01  3.00000E-01  7.85095E-02  0.00000E+00  3.00000E-01
      35  1.26296E-02  1.12841E-02 -1.56534E+02 -1.52696E+02  3.72370E+00  1.40814E+02  9.98517E+01  3.80120E+00  9.17880E-02  2.13300E-01  3.00000E-01  1.05597E-02  0.00000E+00  3.00000E-01
      36  1.32579E-03  1.42843E-03 -9.68938E+01 -9.03990E+01  3.94300E+00  1.42789E+02  1.43693E+02  3.89150E+00  2.56820E-01  1.26300E-01  3.00000E-01  1.15886E-01  0.00000E+00  3.00000E-01
      37  1.30718E-02  1.50735E-02 -8.95203E+01 -1.61801E+02  6.01230E+00  1.00013E+02  8.50652E+01  6.60920E+00  1.44458E-01  2.26100E-01  3.00000E-01  3.47950E-02  0.00000E+00  3.00000E-01
      38  5.20918E-03  4.00223E-03 -1.14089E+02 -1.11794E+02  2.99430E+00  1.57030E+02  1.19721E+02  3.35420E+00  5.94731E-02  1.56200E-01  3.00000E-01  2.18939E-02  0.00000E+00  3.00000E-01
      39  2.72557E-03  2.91425E-03 -9.28199E+01 -9.52033E+01  3.35160E+00  1.49306E+02  1.44592E+02  3.36560E+00  2.41895E-01  1.33000E-01  3.00000E-01  8.74092E-02  0.00000E+00  3.00000E-01
      40  1.27365E-02  1.12337E-02 -1.87517E+01 -1.97637E+02  6.00790E+00  4.74822E+01  6.55906E+01  7.20350E+00 -1.36408E-01  2.76100E-01  3.00000E-01  1.99476E-01  0.00000E+00  3.00000E-01
      41  9.99181E-03  1.08627E-02 -1.05620E+02 -1.65616E+02  4.30430E+00  1.08317E+02  8.33342E+01  4.77530E+00  1.18328E-01  2.31400E-01  3.00000E-01  1.04532E-01  0.00000E+00  3.00000E-01
      42  6.42479E-03  5.77899E-03 -1.31654E+02 -1.25516E+02  3.53720E+00  1.51388E+02  1.04361E+02  3.94210E+00  1.14944E-01  1.75400E-01  3.00000E-01  1.34650E-02  0.00000E+00  3.00000E-01
      43  1.35066E-02  1.59467E-02 -1.17968E+02 -2.00253E+02  4.68790E+00  8.22563E+01  7.05455E+01  6.39010E+00  2.07441E-01  2.79800E-01  3.00000E-01  1.14242E-01  0.00000E+00  3.00000E-01
      44  3.01335E-03  2.30296E-03 -9.92388E+01 -1.13573E+02  4.52250E+00  1.53637E+02  1.17822E+02  4.77830E+00  5.24942E-02  1.58700E-01  3.00000E-01  2.02508E-02  0.00000E+00  3.00000E-01
      45  1.25680E-03  1.35686E-03 -8.86165E+01 -9.20753E+01  3.96280E+00  1.46887E+02  1.46072E+02  3.57010E+00  2.12539E-01  1.28600E-01  3.00000E-01  7.00213E-02  0.00000E+00  3.00000E-01
      46  1.65095E-03  1.78258E-03 -8.62374E+01 -9.10898E+01  3.34400E+00  1.61928E+02  1.61695E+02  3.60620E+00  2.19482E-01  1.27300E-01  3.00000E-01  4.58561E-02  0.00000E+00  3.00000E-01
      47  3.33790E-03  3.02351E-03 -8.37306E+01 -9.81729E+01  3.58330E+00  1.42490E+02  1.21180E+02  4.10090E+00  1.05437E-01  1.37200E-01  3.00000E-01  5.41954E-02  0.00000E+00  3.00000E-01
      48  4.74556E-03  4.70007E-03 -8.16496E+01 -6.95816E+01  2.54100E+00  1.90683E+02  1.64613E+02  2.59370E+00  1.51864E-01  9.72000E-02  3.00000E-01 -1.16743E-03  0.00000E+00  3.00000E-01
      49  1.23583E-03  1.41237E-03 -8.23174E+01 -8.82302E+01  3.46790E+00  1.51343E+02  1.57875E+02  3.15310E+00  2.14090E-01  1.23300E-01  3.00000E-01  4.84649E-02  0.00000E+00  3.00000E-01
      50  1.69448E-03  1.88456E-03 -7.89504E+01 -8.23289E+01  3.31840E+00  1.71299E+02  1.67328E+02  3.32990E+00  1.76763E-01  1.15000E-01  3.00000E-01  1.36122E-02  0.00000E+00  3.00000E-01
      51  8.72558E-03  9.39349E-03 -9.50407E+01 -1.07611E+02  5.32290E+00  1.31358E+02  9.51285E+01  5.75030E+00  7.21454E-02  1.50400E-01  3.00000E-01 -6.31450E-03  0.00000E+00  3.00000E-01
      52  3.85081E-03  3.51516E-03 -6.57141E+01 -5.18417E+01  2.48570E+00  2.03944E+02  2.05582E+02  2.37090E+00  7.53691E-02  7.24000E-02  3.00000E-01 -1.97027E-02  0.00000E+00  3.00000E-01
      53  1.14797E-03  1.31804E-03 -7.28398E+01 -7.95708E+01  3.64480E+00  1.59680E+02  1.44946E+02  4.05920E+00  1.72629E-01  1.11200E-01  3.00000E-01  2.24004E-02  0.00000E+00  3.00000E-01
      54  2.58632E-03  2.38396E-03 -8.04732E+01 -9.13735E+01  3.94420E+00  1.55997E+02  1.18040E+02  3.70890E+00  8.14711E-02  1.27700E-01  3.00000E-01 -1.45275E-04  0.00000E+00  3.00000E-01
      55  1.60547E-03  1.74010E-03 -7.35998E+01 -7.26749E+01  2.99110E+00  1.74127E+02  1.64762E+02  3.44310E+00  1.41398E-01  1.01500E-01  3.00000E-01  1.38666E-03  0.00000E+00  3.00000E-01
      56  2.41046E-03  2.33815E-03 -6.95637E+01 -6.05916E+01  2.90940E+00  1.93109E+02  1.76118E+02  3.11640E+00  8.42997E-02  8.47000E-02  3.00000E-01 -5.83254E-03  0.00000E+00  3.00000E-01
      57  3.95646E-03  3.64269E-03 -4.96122E+01 -3.90104E+01  2.31750E+00  1.95437E+02  2.06014E+02  2.31160E+00  2.46912E-02  5.45000E-02  3.00000E-01 -1.07213E-03  0.00000E+00  3.00000E-01
      58  7.33416E-03  6.92501E-03 -2.94925E+01 -3.44129E+01  2.42660E+00  1.88039E+02  2.06800E+02  2.04820E+00  9.96510E-03  4.81000E-02  3.00000E-01 -1.45450E-02  0.00000E+00  3.00000E-01
      59  5.40770E-03  4.88186E-03 -6.98180E+01 -7.06768E+01  3.54790E+00  1.58965E+02  1.21332E+02  3.99690E+00  6.65369E-02  9.87000E-02  3.00000E-01 -3.27377E-02  0.00000E+00  3.00000E-01
      60  1.00899E-03  1.07796E-03 -6.77763E+01 -6.58570E+01  4.59500E+00  1.54262E+02  1.38512E+02  5.63270E+00  1.38487E-01  9.20000E-02  3.00000E-01  1.23351E-02  0.00000E+00  3.00000E-01
      61  1.40311E-03  1.49405E-03 -6.61603E+01 -5.91339E+01  3.37190E+00  1.64471E+02  1.71291E+02  3.71740E+00  1.07357E-01  8.26000E-02  3.00000E-01  1.69570E-02  0.00000E+00  3.00000E-01
      62  2.08762E-03  2.00854E-03 -5.60239E+01 -4.92578E+01  3.20750E+00  1.86108E+02  1.70370E+02  3.17090E+00  4.08003E-02  6.88000E-02  3.00000E-01  2.21824E-03  0.00000E+00  3.00000E-01
      63  1.29262E-02  1.28858E-02 -1.40966E+01 -1.66150E+01  2.31170E+00  1.84579E+02  2.14012E+02  2.27080E+00  6.11084E-03  2.32000E-02  3.00000E-01 -4.64350E-02  0.00000E+00  3.00000E-01
      64  3.36190E-03  3.04992E-03 -3.44062E+01 -3.48226E+01  3.01100E+00  1.84322E+02  1.92501E+02  3.20530E+00 -1.26343E-02  4.87000E-02  3.00000E-01  2.92528E-02  0.00000E+00  3.00000E-01
      65  3.24146E-03  3.21252E-03 -5.42502E+01 -4.67406E+01  4.32920E+00  1.42978E+02  1.29943E+02  4.18700E+00  7.09835E-02  6.53000E-02  3.00000E-01  2.18487E-02  0.00000E+00  3.00000E-01
      66  1.62288E-02  1.55045E-02 -4.80908E+00 -9.71960E+00  1.98640E+00  1.76688E+02  2.04650E+02  1.82760E+00 -6.42428E-03  1.36000E-02  3.00000E-01 -7.70882E-03  0.00000E+00  3.00000E-01
      67  2.91442E-02  2.93799E-02  6.85244E+00  1.97364E+01  1.65850E+00  1.84569E+02  2.10271E+02  1.68840E+00 -4.42300E-03 -2.76000E-02  3.00000E-01 -5.24386E-02  0.00000E+00  3.00000E-01
      68  1.28766E-02  1.21473E-02 -5.56331E+01 -5.53930E+01  7.43740E+00  1.07569E+02  9.90821E+01  6.39610E+00  2.91204E-02  7.74000E-02  3.00000E-01 -8.24459E-03  0.00000E+00  3.00000E-01
      69  1.64507E-03  1.54397E-03 -4.65827E+01 -3.85227E+01  2.88670E+00  1.71951E+02  1.74375E+02  3.53670E+00  2.00935E-02  5.38000E-02  3.00000E-01  3.41119E-02  0.00000E+00  3.00000E-01
      70  6.08167E-03  5.74378E-03  1.32169E+01  1.72862E+01  3.27700E+00  1.34420E+02  1.21636E+02  3.75850E+00 -6.96087E-03 -2.42000E-02  3.00000E-01  5.10777E-02  0.00000E+00  3.00000E-01
      71  2.47359E-03  2.20000E-03 -2.03456E+01 -1.98976E+01  3.89570E+00  1.67675E+02  1.70702E+02  3.88190E+00 -2.38795E-02  2.78000E-02  3.00000E-01  7.10532E-02  0.00000E+00  3.00000E-01
      72  9.35559E-03  8.57244E-03  2.07766E+01  2.54342E+01  2.23560E+00  1.78550E+02  1.98916E+02  2.20800E+00  1.01626E-02 -3.55000E-02  3.00000E-01  2.62056E-02  0.00000E+00  3.00000E-01
      73  4.11866E-03  3.75841E-03  2.92529E+01  3.19210E+01  2.31940E+00  1.71283E+02  1.72709E+02  2.61440E+00  9.68299E-03 -4.46000E-02  3.00000E-01  5.34211E-02  0.00000E+00  3.00000E-01
      74  3.88766E-03  3.48714E-03 -7.85807E-01 -3.07820E+00  3.50300E+00  1.61046E+02  1.78698E+02  3.01190E+00 -1.07813E-02  4.30000E-03  3.00000E-01  7.46308E-02  0.00000E+00  3.00000E-01
      75  5.42531E-03  5.07276E-03 -4.89370E+01 -3.44652E+01  5.16830E+00  1.49958E+02  1.07433E+02  5.64620E+00  1.42776E-02  4.82000E-02  3.00000E-01 -4.09344E-02  0.00000E+00  3.00000E-01
      76  1.28514E-02  1.27985E-02  1.35397E+01  1.63027E+01  2.61890E+00  1.82306E+02  2.13903E+02  2.26050E+00 -1.19936E-02 -2.28000E-02  3.00000E-01 -4.31981E-02  0.00000E+00  3.00000E-01
      77  1.33877E-02  1.30895E-02 -4.36250E+01 -1.55468E+02  5.77590E+00  6.93398E+01  6.82334E+01  7.73900E+00 -1.68606E-01  2.17200E-01  3.00000E-01  6.16749E-02  0.00000E+00  3.00000E-01
      78  9.13856E-03  5.88185E-03 -1.84283E+01 -2.14718E+02  6.11990E+00  3.08823E+01  5.66170E+01  9.13570E+00  1.53194E-03  3.00000E-01  3.00000E-01  7.27717E-03  0.00000E+00  3.00000E-01
      79  1.46669E-03  1.44907E-03 -3.56971E+01 -2.66730E+01  4.69660E+00  1.35432E+02  1.32862E+02  5.12060E+00  3.60834E-02  3.73000E-02  3.00000E-01  5.07905E-02  0.00000E+00  3.00000E-01
      80  1.23028E-03  1.15521E-03 -2.26765E+01 -2.19635E+01  3.75400E+00  1.52164E+02  1.45756E+02  4.26770E+00  2.25012E-02  3.07000E-02  3.00000E-01  6.29301E-02  0.00000E+00  3.00000E-01
      81  2.16485E-03  2.14925E-03 -1.50610E+01 -1.50469E+01  4.04570E+00  1.27829E+02  1.28562E+02  4.76240E+00  2.62586E-02  2.10000E-02  3.00000E-01  9.09340E-02  0.00000E+00  3.00000E-01
      82  1.71572E-03  1.52791E-03 -7.75915E+00 -1.69529E+01  4.11020E+00  1.55306E+02  1.64466E+02  4.08680E+00 -8.72671E-03  2.37000E-02  3.00000E-01  8.57761E-02  0.00000E+00  3.00000E-01
      83  5.87670E-03  5.43376E-03  1.27637E+01  2.36044E+01  2.54170E+00  1.67333E+02  2.01731E+02  2.35250E+00 -6.48726E-03 -3.30000E-02  3.00000E-01  3.11985E-02  0.00000E+00  3.00000E-01
      84  2.39535E-03  2.12667E-03  1.04986E+01  6.25090E+00  3.73800E+00  1.57835E+02  1.71546E+02  3.66870E+00  5.71901E-03 -8.70000E-03  3.00000E-01  9.65739E-02  0.00000E+00  3.00000E-01
      85  4.75211E-03  4.58055E-03 -2.43067E+01 -1.49436E+01  5.71080E+00  1.44167E+02  1.03941E+02  6.87710E+00  9.59977E-03  2.09000E-02  3.00000E-01 -1.43598E-02  0.00000E+00  3.00000E-01
      86  1.18661E-03  1.13313E-03  3.85706E+00  5.89020E+00  3.99590E+00  1.41777E+02  1.53860E+02  4.59740E+00  7.74232E-04 -8.20000E-03  3.00000E-01  1.02489E-01  0.00000E+00  3.00000E-01
      87  1.35500E-02  1.26816E-02  3.30040E+01  3.74109E+01  1.99580E+00  1.84404E+02  2.02812E+02  1.97070E+00 -1.25723E-02 -5.23000E-02  3.00000E-01 -2.98109E-03  0.00000E+00  3.00000E-01
      88  3.18483E-03  2.83489E-03  2.45612E+01  3.76838E+01  3.34130E+00  1.64650E+02  1.85456E+02  3.54960E+00  2.56822E-02 -5.27000E-02  3.00000E-01  8.16817E-02  0.00000E+00  3.00000E-01
      89  1.06445E-02  1.03622E-02  2.81405E+01  3.44990E+01  2.01780E+00  1.88417E+02  2.09083E+02  2.43910E+00 -1.82433E-02 -4.82000E-02  3.00000E-01 -4.18918E-02  0.00000E+00  3.00000E-01
      90  1.53564E-03  1.40693E-03  1.96570E+01  1.97254E+01  4.73350E+00  1.52723E+02  1.58949E+02  4.61790E+00  9.46949E-03 -2.76000E-02  3.00000E-01  8.72357E-02  0.00000E+00  3.00000E-01
      91  7.33416E-03  6.92564E-03  2.89106E+01  3.44129E+01  2.42660E+00  1.87851E+02  2.06800E+02  2.04820E+00 -8.91321E-03 -4.81000E-02  3.00000E-01 -1.59763E-02  0.00000E+00  3.00000E-01
      92  1.52209E-03  1.53149E-03  7.11102E+00 -1.66190E+00  4.87370E+00  1.26219E+02  1.34958E+02  5.21500E+00  5.19558E-03  2.30000E-03  3.00000E-01  1.00431E-01  0.00000E+00  3.00000E-01
      93  3.71651E-03  3.33789E-03  4.07300E+01  4.55340E+01  2.66940E+00  1.81673E+02  1.84950E+02  2.80100E+00  7.56591E-03 -6.36000E-02  3.00000E-01  3.23202E-02  0.00000E+00  3.00000E-01
      94  1.90190E-03  1.72857E-03  3.72143E+01  3.67685E+01  3.88200E+00  1.65095E+02  1.70325E+02  3.90010E+00  1.53668E-02 -5.14000E-02  3.00000E-01  6.46138E-02  0.00000E+00  3.00000E-01
      95  3.04395E-03  2.84205E-03  8.54171E+00  4.09800E+00  6.29160E+00  1.35406E+02  1.28315E+02  5.83360E+00  8.24013E-03 -5.70000E-03  3.00000E-01  4.63002E-02  0.00000E+00  3.00000E-01
      96  1.03871E-02  9.61954E-03  5.28264E+01  4.96517E+01  1.89490E+00  1.98215E+02  2.04868E+02  1.86230E+00 -4.70068E-02 -6.94000E-02  3.00000E-01 -1.85188E-02  0.00000E+00  3.00000E-01
      97  1.03463E-03  1.01628E-03  2.80083E+01  2.43638E+01  5.29040E+00  1.31704E+02  1.54438E+02  5.63680E+00 -1.99951E-02 -3.40000E-02  3.00000E-01  1.09879E-01  0.00000E+00  3.00000E-01
      98  1.23028E-03  1.16867E-03  2.53309E+01  2.19635E+01  3.75400E+00  1.50409E+02  1.45756E+02  4.26770E+00 -1.83849E-02 -3.07000E-02  3.00000E-01  7.49271E-02  0.00000E+00  3.00000E-01
      99  3.95646E-03  3.62680E-03  4.89563E+01  3.90104E+01  2.31750E+00  1.96247E+02  2.06014E+02  2.31160E+00 -2.26849E-02 -5.45000E-02  3.00000E-01  4.54075E-04  0.00000E+00  3.00000E-01
     100  3.63803E-03  3.27881E-03  5.64271E+01  5.93916E+01  2.64100E+00  1.94080E+02  1.79503E+02  2.60000E+00 -3.69950E-02 -8.30000E-02  3.00000E-01  3.90785E-03  0.00000E+00  3.00000E-01
     101  4.40999E-03  4.23836E-03  6.36233E+01  5.56762E+01  3.02470E+00  1.84711E+02  1.67626E+02  3.00050E+00 -4.58237E-02 -7.78000E-02  3.00000E-01  6.67638E-03  0.00000E+00  3.00000E-01
     102  4.65093E-03  4.27255E-03  6.01121E+01  6.41298E+01  3.00430E+00  2.01164E+02  1.84157E+02  2.87750E+00 -6.24340E-02 -8.96000E-02  3.00000E-01 -1.72666E-02  0.00000E+00  3.00000E-01
     103  1.23156E-03  1.18705E-03  4.35471E+01  3.85853E+01  5.73760E+00  1.47828E+02  1.61140E+02  6.70480E+00 -3.27365E-02 -5.39000E-02  3.00000E-01  7.04845E-02  0.00000E+00  3.00000E-01
     104  9.85493E-03  9.34485E-03 -2.03778E+00  2.30641E+01  9.59970E+00  1.18114E+02  1.07645E+02  9.74700E+00  6.64517E-05 -3.22000E-02  3.00000E-01 -8.15362E-03  0.00000E+00  3.00000E-01
     105  2.76917E-03  2.75330E-03  4.25866E+01  3.67031E+01  5.26070E+00  1.29872E+02  1.39582E+02  5.24910E+00 -3.48026E-02 -5.13000E-02  3.00000E-01  5.49173E-02  0.00000E+00  3.00000E-01
     106  2.08762E-03  1.99585E-03  5.60654E+01  4.92578E+01  3.20750E+00  1.86394E+02  1.70370E+02  3.17090E+00 -2.99814E-02 -6.88000E-02  3.00000E-01  1.92238E-03  0.00000E+00  3.00000E-01
     107  1.39072E-03  1.39340E-03  6.34667E+01  4.86514E+01  5.14740E+00  1.62819E+02  1.61512E+02  5.38590E+00 -5.77921E-02 -6.80000E-02  3.00000E-01  3.17092E-02  0.00000E+00  3.00000E-01
     108  5.58888E-03  5.34710E-03  7.88113E+01  7.60691E+01  2.84590E+00  1.96146E+02  1.68728E+02  3.07360E+00 -1.25072E-01 -1.06300E-01  3.00000E-01 -5.77567E-03  0.00000E+00  3.00000E-01
     109  1.59959E-03  1.57925E-03  4.42158E+01  3.12237E+01  4.52500E+00  1.34271E+02  1.28783E+02  4.74540E+00 -5.97401E-02 -4.36000E-02  3.00000E-01  3.75769E-02  0.00000E+00  3.00000E-01
     110  2.41046E-03  2.34517E-03  7.25306E+01  6.05916E+01  2.90940E+00  1.94946E+02  1.76118E+02  3.11640E+00 -9.07617E-02 -8.47000E-02  3.00000E-01 -1.07149E-02  0.00000E+00  3.00000E-01
     111  3.22140E-03  2.97485E-03  7.57436E+01  6.87448E+01  2.57530E+00  2.02590E+02  1.75875E+02  2.77020E+00 -1.12511E-01 -9.60000E-02  3.00000E-01 -1.74134E-02  0.00000E+00  3.00000E-01
     112  2.65505E-03  2.62357E-03  5.88921E+01  5.27820E+01  4.76920E+00  1.49233E+02  1.32920E+02  4.55460E+00 -8.55194E-02 -7.37000E-02  3.00000E-01  2.43653E-02  0.00000E+00  3.00000E-01
     113  2.47299E-03  2.41078E-03  7.97052E+01  6.44952E+01  3.38250E+00  1.93295E+02  1.68797E+02  3.75640E+00 -1.34572E-01 -9.01000E-02  3.00000E-01 -3.90885E-03  0.00000E+00  3.00000E-01
     114  1.47074E-03  1.58529E-03  6.92261E+01  6.09376E+01  3.68380E+00  1.69274E+02  1.44153E+02  4.23210E+00 -1.06862E-01 -8.51000E-02  3.00000E-01  4.90844E-03  0.00000E+00  3.00000E-01
     115  2.41210E-03  2.59187E-03  6.75650E+01  6.14871E+01  2.71850E+00  1.62103E+02  1.61346E+02  3.10260E+00 -1.17220E-01 -8.59000E-02  3.00000E-01  1.65256E-02  0.00000E+00  3.00000E-01
     116  4.85924E-03  4.81462E-03  4.96937E+01  2.17985E+01  7.38860E+00  1.36564E+02  1.05102E+02  7.90260E+00  2.08449E-04 -3.05000E-02  3.00000E-01 -1.56904E-02  0.00000E+00  3.00000E-01
     117  2.10040E-03  2.12060E-03  7.87615E+01  6.88558E+01  4.02080E+00  1.82045E+02  1.48397E+02  3.99660E+00 -1.33611E-01 -9.62000E-02  3.00000E-01  6.87825E-03  0.00000E+00  3.00000E-01
     118  2.68487E-03  2.73195E-03  6.36666E+01  5.92784E+01  5.08820E+00  1.48265E+02  1.31205E+02  5.16520E+00 -1.00654E-01 -8.28000E-02  3.00000E-01  9.90848E-03  0.00000E+00  3.00000E-01
     119  1.60547E-03  1.77602E-03  7.53472E+01  7.26749E+01  2.99110E+00  1.72697E+02  1.64762E+02  3.44310E+00 -1.42851E-01 -1.01500E-01  3.00000E-01  9.57232E-03  0.00000E+00  3.00000E-01
     120  8.03854E-03  7.42041E-03  5.30287E+01  5.09015E+01  5.64670E+00  1.62647E+02  1.16348E+02  5.83170E+00 -2.39845E-02 -7.11000E-02  3.00000E-01 -6.36768E-02  0.00000E+00  3.00000E-01
     121  2.27257E-03  2.25939E-03  8.42058E+01  7.61701E+01  3.84970E+00  1.85952E+02  1.60800E+02  3.58570E+00 -1.68212E-01 -1.06400E-01  3.00000E-01  8.25245E-03  0.00000E+00  3.00000E-01
     122  2.83506E-03  3.21370E-03  8.08318E+01  8.27018E+01  3.09000E+00  1.60291E+02  1.44534E+02  3.77070E+00 -1.85473E-01 -1.15500E-01  3.00000E-01  3.57540E-02  0.00000E+00  3.00000E-01
     123  3.41115E-03  3.68695E-03  8.86540E+01  8.16806E+01  2.73720E+00  1.66310E+02  1.52411E+02  2.86250E+00 -2.19930E-01 -1.14100E-01  3.00000E-01  4.59871E-02  0.00000E+00  3.00000E-01
     124  2.93032E-03  3.27638E-03  8.09791E+01  8.51497E+01  2.39760E+00  1.63248E+02  1.62344E+02  2.28950E+00 -1.90509E-01 -1.19000E-01  3.00000E-01  2.81707E-02  0.00000E+00  3.00000E-01
     125  1.92749E-03  2.05652E-03  8.66055E+01  8.14300E+01  3.54520E+00  1.74351E+02  1.60441E+02  3.61190E+00 -2.17519E-01 -1.13800E-01  3.00000E-01  2.67438E-02  0.00000E+00  3.00000E-01
     126  1.65095E-03  1.82365E-03  8.91864E+01  9.10898E+01  3.34400E+00  1.60658E+02  1.61695E+02  3.60620E+00 -2.23355E-01 -1.27300E-01  3.00000E-01  5.68447E-02  0.00000E+00  3.00000E-01
     127  1.05965E-03  1.18746E-03  7.48854E+01  7.22056E+01  4.37510E+00  1.51368E+02  1.27268E+02  4.80780E+00 -1.64749E-01 -1.00900E-01  3.00000E-01  3.55505E-02  0.00000E+00  3.00000E-01
     128  1.14797E-03  1.30286E-03  7.32847E+01  7.95708E+01  3.64480E+00  1.56856E+02  1.44946E+02  4.05920E+00 -1.60238E-01 -1.11200E-01  3.00000E-01  1.89161E-02  0.00000E+00  3.00000E-01
     129  4.85228E-03  4.21992E-03  7.44914E+01  8.53516E+01  4.42960E+00  1.58664E+02  1.15338E+02  5.08700E+00 -5.48405E-02 -1.19300E-01  3.00000E-01 -1.66236E-02  0.00000E+00  3.00000E-01
     130  3.67954E-03  3.30274E-03  5.22723E+01  5.04692E+01  5.06090E+00  1.52528E+02  1.17951E+02  5.57950E+00 -2.34146E-02 -7.05000E-02  3.00000E-01 -3.21724E-02  0.00000E+00  3.00000E-01
     131  2.72557E-03  2.91012E-03  9.53499E+01  9.52033E+01  3.35160E+00  1.47306E+02  1.44592E+02  3.36560E+00 -2.46255E-01 -1.33000E-01  3.00000E-01  1.03779E-01  0.00000E+00  3.00000E-01
     132  2.89686E-03  2.89292E-03  7.71491E+01  9.59976E+01  4.33880E+00  1.42183E+02  1.25222E+02  4.68940E+00 -1.32043E-01 -1.34100E-01  3.00000E-01  5.90158E-02  0.00000E+00  3.00000E-01
     133  6.10500E-03  6.08615E-03  9.37410E+01  8.64738E+01  4.31310E+00  1.58998E+02  1.08404E+02  4.79760E+00 -7.91248E-02 -1.20800E-01  3.00000E-01 -5.66936E-02  0.00000E+00  3.00000E-01
     134  1.26100E-03  1.40159E-03  8.93003E+01  9.18239E+01  4.08350E+00  1.46837E+02  1.37606E+02  4.08200E+00 -2.13330E-01 -1.28300E-01  3.00000E-01  7.53529E-02  0.00000E+00  3.00000E-01
     135  1.12874E-02  1.14741E-02  7.01339E+01  9.52826E+01  8.11970E+00  1.28016E+02  1.02093E+02  6.80250E+00 -3.90242E-02 -1.33100E-01  3.00000E-01 -2.14725E-02  0.00000E+00  3.00000E-01
     136  1.25680E-03  1.35711E-03  8.57729E+01  9.20753E+01  3.96280E+00  1.48766E+02  1.46072E+02  3.57010E+00 -2.15607E-01 -1.28600E-01  3.00000E-01  5.78698E-02  0.00000E+00  3.00000E-01
     137  2.45765E-03  2.48201E-03  9.79465E+01  9.12632E+01  3.29800E+00  1.38840E+02  1.39211E+02  3.28030E+00 -2.22425E-01 -1.27500E-01  3.00000E-01  1.06613E-01  0.00000E+00  3.00000E-01
     138  3.20993E-03  3.14437E-03  6.85078E+01  8.24222E+01  3.56590E+00  1.48291E+02  1.26230E+02  3.92700E+00 -1.10955E-01 -1.15200E-01  3.00000E-01  2.19862E-02  0.00000E+00  3.00000E-01
     139  3.14311E-03  2.65086E-03  8.52612E+01  9.89743E+01  3.80460E+00  1.51859E+02  1.11957E+02  3.76270E+00 -6.02766E-02 -1.38300E-01  3.00000E-01  1.02441E-02  0.00000E+00  3.00000E-01
     140  2.16173E-03  1.94857E-03  9.08347E+01  9.70276E+01  4.30390E+00  1.43114E+02  1.29884E+02  4.05950E+00 -1.30522E-01 -1.35600E-01  3.00000E-01  6.61416E-02  0.00000E+00  3.00000E-01
     141  2.81751E-03  2.49361E-03  8.57342E+01  1.05362E+02  4.43740E+00  1.43519E+02  1.25949E+02  4.98880E+00 -9.17465E-02 -1.47200E-01  3.00000E-01  5.84120E-02  0.00000E+00  3.00000E-01
     142  7.38167E-03  6.30770E-03  1.07758E+02  1.30449E+02  4.55590E+00  1.59133E+02  1.11069E+02  4.77790E+00 -8.80975E-02 -1.82300E-01  3.00000E-01 -1.93334E-02  0.00000E+00  3.00000E-01
     143  4.25213E-03  3.53590E-03  1.12182E+02  1.22448E+02  4.22050E+00  1.59268E+02  1.22967E+02  4.61680E+00 -6.17525E-02 -1.71100E-01  3.00000E-01  9.47842E-03  0.00000E+00  3.00000E-01
     144  1.36557E-02  1.46493E-02  5.92879E+01  1.42943E+02  7.38560E+00  9.02253E+01  8.77775E+01  7.51160E+00  4.75741E-02 -1.99700E-01  3.00000E-01 -3.65430E-02  0.00000E+00  3.00000E-01
     145  9.71084E-04  7.46486E-04  9.75465E+01  1.05273E+02  4.89950E+00  1.48210E+02  1.22078E+02  5.21350E+00 -6.17164E-02 -1.47100E-01  3.00000E-01  4.58278E-02  0.00000E+00  3.00000E-01
     146  5.73162E-03  4.83158E-03  1.22800E+02  1.17864E+02  3.54300E+00  1.53987E+02  1.11039E+02  3.97860E+00 -1.05923E-01 -1.64700E-01  3.00000E-01 -3.29753E-03  0.00000E+00  3.00000E-01
     147  2.53145E-03  1.78852E-03  1.27872E+02  1.16630E+02  4.58890E+00  1.61612E+02  1.15629E+02  5.27200E+00 -5.17375E-02 -1.63000E-01  3.00000E-01  3.90401E-03  0.00000E+00  3.00000E-01
     148  7.57355E-03  6.36601E-03  1.59942E+02  1.38060E+02  4.37150E+00  1.54451E+02  1.11025E+02  4.52190E+00 -1.09411E-01 -1.92900E-01  3.00000E-01 -1.13056E-02  0.00000E+00  3.00000E-01
     149  1.86381E-02  2.05974E-02  9.63353E+01  1.84203E+02  4.12540E+00  1.07398E+02  8.31491E+01  4.92460E+00 -9.30274E-02 -2.57400E-01  3.00000E-01  2.35239E-02  0.00000E+00  3.00000E-01
     150  1.36023E-02  1.29566E-02  1.36583E+02  1.49848E+02  3.14210E+00  1.36713E+02  9.61340E+01  3.36050E+00 -8.22929E-02 -2.09400E-01  3.00000E-01  4.56778E-02  0.00000E+00  3.00000E-01
     151  1.70417E-02  1.84127E-02  8.40851E+01  1.40762E+02  4.94690E+00  9.87805E+01  8.62257E+01  5.18530E+00 -9.72360E-02 -1.96700E-01  3.00000E-01  1.65636E-02  0.00000E+00  3.00000E-01
     152  2.83714E-02  2.49822E-02  6.72962E+01  2.05386E+02  3.59980E+00  1.02720E+02  6.31672E+01  4.93640E+00  8.35385E-02 -2.87000E-01  3.00000E-01 -3.50251E-02  0.00000E+00  3.00000E-01
