 smom1,sph1,sth1,slr1
          16           6           6          10
 phi boundaries
  0.00000E+00  2.61799E-01  5.23599E-01  7.85398E-01  1.04720E+00  1.30900E+00  1.57080E+00
 theta boundaries
  0.00000E+00  2.61799E-01  5.23599E-01  7.85398E-01  1.04720E+00  1.30900E+00  1.57080E+00
 radius boundaries in arcsec
  0.00000E+00  1.19639E+00  1.80726E+00  2.73003E+00  4.12397E+00  6.22963E+00  9.41044E+00  1.42153E+01  2.14736E+01  3.24379E+01  9.80009E+03
                                                                              phi,theta,r,mgemass,fitmass,errmass,x,y,z 
                                           (in arcsec),vx,vy,vz,xv2,vy2,vz2,vxvy,vyvz,vzvx,orbit long, orbit short,boxes
       1       1       1  4.19384E-04  4.17492E-04  4.19384E-06  9.56000E-02  1.32910E-02  5.34021E-01  1.50118E+00 -3.69928E+00 -4.18608E+00  3.74914E+04  2.29892E+04  8.01770E+04  2.26971E+03  1.85912E+03  1.68713E+04  8.41075E-05  2.36946E-05  3.09690E-04
       1       1       2  1.19966E-04  1.15557E-04  1.19966E-06  2.71324E-01  3.27102E-02  1.48744E+00  1.40154E+01  1.11876E+02 -2.34181E+00  3.34044E+04  4.11877E+04  6.83814E+04 -1.39807E+03  1.59551E+03  1.92868E+04  5.26498E-05  2.22660E-06  6.06810E-05
       1       1       3  2.07261E-04  2.39118E-04  2.07261E-06  4.52602E-01  5.65713E-02  2.23614E+00 -8.08755E-01  3.57710E+00 -6.78458E+00  3.89362E+04  1.27311E+04  3.47206E+04  1.88904E+03  6.71342E+02  6.61397E+03  4.77673E-05  0.00000E+00  1.91350E-04
       1       1       4  2.91432E-04  1.69283E-04  2.91432E-06  5.40481E-01  7.33199E-02  3.55603E+00  4.71502E+00  5.06208E+01  1.20043E+00  2.84968E+04  6.95540E+04  4.61287E+04  8.81475E+02 -4.68996E+02  6.73021E+03  1.22359E-04  0.00000E+00  4.69239E-05
       1       1       5  2.67020E-04  3.15819E-04  2.67020E-06  8.31975E-01  1.15161E-01  5.20553E+00  4.20053E+00  3.18629E+01 -9.96465E-02  8.43874E+03  3.12997E+04  3.12612E+04  7.38943E+02 -3.92815E+02  2.54102E+03  2.49891E-04  9.15380E-06  5.67744E-05
       1       1       6  2.15139E-04  2.70926E-04  2.15139E-06  1.14300E+00  1.66613E-01  6.91919E+00  5.39686E+00  1.82281E+01  6.99836E+00  3.36595E+03  1.14493E+04  2.32223E+04  1.43731E+02  2.71811E+02  2.44682E+03  1.28319E-04  8.16420E-06  1.34443E-04
       1       1       7  2.19268E-04  2.01849E-04  2.19268E-06  1.88984E+00  2.40652E-01  1.22754E+01  2.31187E-01 -1.68053E+02  1.02079E+01  1.08080E+04  4.85868E+04  3.44736E+04  1.44547E+03 -7.20275E+01  3.99942E+03  1.65646E-04  0.00000E+00  3.62035E-05
       1       1       8  3.66744E-04  4.41187E-04  3.66744E-06  2.95368E+00  3.85427E-01  1.79794E+01  3.75236E-01 -1.00723E+02  1.35819E+01  4.78596E+03  2.00068E+04  2.47467E+04  5.55521E+02 -6.66700E+01  2.78280E+03  3.31685E-04  0.00000E+00  1.09501E-04
       1       1       9  3.80484E-04  5.54712E-04  3.80484E-06  4.48307E+00  6.84932E-01  2.43239E+01 -3.42640E-02 -2.25832E+01 -2.70417E+00  1.35771E+03  5.14489E+03  8.35487E+03  1.86734E+02  8.05558E+01  1.26456E+03  2.49937E-04  0.00000E+00  3.04776E-04
       1       1      10  1.70999E-04  1.47789E-04  1.70999E-06  1.33614E+01  1.88073E+00  7.26872E+01 -7.01246E-01 -4.57263E-01 -1.26398E+01  1.63216E+03  5.75502E+01  3.93969E+04  2.14864E+02  1.09904E+03  7.59640E+03  0.00000E+00  0.00000E+00  1.47789E-04
       1       2       1  1.26707E-03  1.24457E-03  1.26707E-05  2.30820E-01  3.00384E-02  5.58576E-01 -1.87097E+00  1.20843E+01  2.59638E+00  3.19854E+04  2.57853E+04  5.48517E+04  6.00824E+02  5.93326E+02  1.07797E+04  0.00000E+00  3.74672E-04  8.69897E-04
       1       2       2  3.65938E-04  2.68840E-04  3.65938E-06  5.66873E-01  6.67761E-02  1.40112E+00  1.23200E+01 -8.91339E+00  1.57504E+01  4.81358E+04  9.99824E+03  1.03292E+05  7.41676E+03  4.36936E+03  3.46778E+04  0.00000E+00  7.24127E-05  1.96428E-04
       1       2       3  6.30110E-04  7.13791E-04  6.30110E-06  8.47632E-01  1.05974E-01  2.10124E+00  5.14156E+00 -1.01922E+01 -2.41464E+00  2.02301E+04  3.16941E+03  3.70507E+04  1.72346E+03  1.99581E+03  1.58628E+04  0.00000E+00  2.03598E-04  5.10193E-04
       1       2       4  9.09437E-04  2.09300E-04  9.09437E-06  1.37056E+00  1.77637E-01  3.06323E+00  4.72280E+00 -9.29444E+01 -6.57708E+00  8.09749E+04  4.52677E+04  1.11786E+05  2.27801E+03  6.94791E+03  4.58957E+04  0.00000E+00  5.87520E-05  1.50548E-04
       1       2       5  8.49879E-04  2.75409E-04  8.49879E-06  2.12813E+00  2.78663E-01  4.77607E+00 -4.36737E+00 -8.57986E+00 -1.81402E+01  2.16364E+04  1.63836E+03  9.90574E+04  2.11904E+03  4.82277E+03  3.81775E+04  0.00000E+00  4.33513E-05  2.32057E-04
       1       2       6  7.20721E-04  6.66704E-04  7.20721E-06  3.01238E+00  3.59623E-01  6.89903E+00  4.06913E+00 -5.51563E+00 -6.14775E+00  8.03188E+03  5.92126E+02  4.42800E+04  8.38180E+02  1.98168E+03  1.68020E+04  0.00000E+00  1.74417E-04  4.92287E-04
       1       2       7  7.10557E-04  3.87909E-04  7.10557E-06  4.75506E+00  5.46965E-01  1.08674E+01 -7.08409E+00 -3.19839E+00 -1.57237E+01  1.49921E+04  6.54574E+02  8.84017E+04  1.85579E+03  4.36527E+03  3.50550E+04  0.00000E+00  0.00000E+00  3.87909E-04
       1       2       8  1.17114E-03  8.10711E-04  1.17114E-05  7.14668E+00  7.91313E-01  1.65791E+01 -5.22490E+00 -2.09010E+00 -9.73174E+00  7.70035E+03  3.11582E+02  4.45968E+04  9.06765E+02  2.16021E+03  1.78590E+04  0.00000E+00  0.00000E+00  8.10711E-04
       1       2       9  1.29953E-03  1.80398E-03  1.29953E-05  1.02075E+01  9.49769E-01  2.33159E+01  4.55295E-01  5.24768E-01 -4.81969E-01  1.86378E+03  9.20385E+01  9.73098E+03  1.93921E+02  4.40904E+02  3.97376E+03  0.00000E+00  0.00000E+00  1.80398E-03
       1       2      10  5.89718E-04  3.66108E-04  5.89718E-06  3.18583E+01  4.55642E+00  6.91413E+01 -1.16792E+00 -2.22685E-01 -1.48622E+00  6.80365E+03  2.14663E+02  3.00225E+04  9.49546E+02  1.95330E+03  1.39167E+04  0.00000E+00  0.00000E+00  3.66108E-04
       1       3       1  2.12579E-03  2.22291E-03  2.12579E-05  3.49723E-01  4.63781E-02  4.73111E-01 -1.08223E+01  7.37212E+01 -2.88373E+00  2.89975E+04  3.20561E+04  3.54880E+04 -1.38626E+03 -2.19301E+02  9.67767E+02  0.00000E+00  1.79449E-03  4.28427E-04
       1       3       2  6.26472E-04  6.21137E-04  6.26472E-06  9.07082E-01  1.21251E-01  1.20238E+00 -7.66020E+00  3.85193E+01 -7.18597E+00  4.66055E+04  2.55123E+04  4.92320E+04  2.29488E+03  1.75148E+03  9.52576E+03  0.00000E+00  5.05304E-04  1.15833E-04
       1       3       3  1.06869E-03  1.16748E-03  1.06869E-05  1.36409E+00  1.79338E-01  1.80048E+00  8.82065E+00 -4.48903E+01  8.52985E-01  2.10014E+04  9.70049E+03  2.62596E+04  1.03103E+03  8.28203E+02  1.01223E+04  0.00000E+00  8.97296E-04  2.70186E-04
       1       3       4  1.62010E-03  9.81848E-04  1.62010E-05  2.03175E+00  2.64996E-01  2.82970E+00  3.70237E+01 -1.91309E+02  1.61131E+00  5.12033E+04  7.42776E+04  4.65058E+04 -6.06194E+03  2.20141E+03  2.04680E+04  0.00000E+00  7.10754E-04  2.71094E-04
       1       3       5  1.57871E-03  1.58169E-03  1.57871E-05  3.25469E+00  4.23522E-01  4.08589E+00  1.99338E+01 -1.06575E+02  3.43870E+00  3.24471E+04  2.40757E+04  3.39654E+04  5.11797E+02  9.77994E+02  1.39155E+04  0.00000E+00  1.20286E-03  3.78823E-04
       1       3       6  1.48079E-03  1.91503E-03  1.48079E-05  4.20285E+00  5.39832E-01  5.79975E+00  9.84746E+00 -6.24335E+01 -3.64025E-01  1.32862E+04  1.13802E+04  2.28240E+04 -6.05923E+01  1.17733E+03  1.04156E+04  0.00000E+00  1.18020E-03  7.34836E-04
       1       3       7  1.42887E-03  1.34860E-03  1.42887E-05  7.28127E+00  9.11495E-01  9.73373E+00  2.77841E+01 -1.50871E+02  6.15642E-01  2.46585E+04  3.75708E+04  3.87727E+04 -3.07338E+03  1.93645E+03  1.63402E+04  0.00000E+00  9.13019E-04  4.35583E-04
       1       3       8  2.18238E-03  2.63230E-03  2.18238E-05  1.08660E+01  1.32715E+00  1.44781E+01  1.39692E+01 -9.21681E+01  1.20931E+00  1.41065E+04  1.58731E+04  2.37749E+04 -7.03460E+02  7.63574E+02  1.05972E+04  0.00000E+00  1.58178E-03  1.05052E-03
       1       3       9  2.76647E-03  3.78619E-03  2.76647E-05  1.50749E+01  1.71969E+00  1.98560E+01  4.74388E+00 -3.20024E+01 -2.31699E+00  4.87257E+03  3.96526E+03  8.29835E+03  4.29004E+01  6.00090E+02  4.64229E+03  0.00000E+00  1.27535E-03  2.51084E-03
       1       3      10  1.42273E-03  1.52501E-03  1.42273E-05  4.72909E+01  6.88275E+00  6.02653E+01  2.49459E+00  1.50869E-01  2.62094E+00  1.34614E+04  4.07570E+02  2.21321E+04  1.95499E+03  2.46646E+03  1.69830E+04  0.00000E+00  0.00000E+00  1.52501E-03
       1       4       1  2.95159E-03  3.23183E-03  2.95159E-05  4.86533E-01  6.44366E-02  3.45169E-01  1.11399E+01 -9.29246E+01  1.27568E-01  2.78411E+04  5.04967E+04  2.57915E+04 -3.15834E+03  5.69602E+01  1.31241E+03  0.00000E+00  2.84998E-03  3.81854E-04
       1       4       2  8.96044E-04  9.06490E-04  8.96044E-06  1.22404E+00  1.58808E-01  8.58088E-01 -1.32387E+00  1.03984E+01 -2.56335E+00  5.30687E+04  4.02726E+04  2.78162E+04  1.18291E+03  2.33130E+02  4.29452E+03  0.00000E+00  7.97333E-04  1.09157E-04
       1       4       3  1.50274E-03  1.57339E-03  1.50274E-05  1.77726E+00  2.34278E-01  1.27527E+00  2.34646E+00 -4.23065E+01 -1.31646E+00  2.16376E+04  2.58876E+04  1.65238E+04  1.58509E+02  7.34890E+01  3.24480E+03  0.00000E+00  1.31026E-03  2.63124E-04
       1       4       4  2.42551E-03  1.66350E-03  2.42551E-05  2.82196E+00  3.71299E-01  2.02903E+00  1.58778E+01 -1.31381E+02 -1.90865E+00  4.01715E+04  9.30762E+04  2.53586E+04 -6.02478E+03  1.06877E+03  2.76013E+03  0.00000E+00  1.53618E-03  1.27319E-04
       1       4       5  2.51412E-03  2.70595E-03  2.51412E-05  4.19951E+00  5.55180E-01  3.00126E+00  1.45494E+01 -9.25690E+01  5.16235E+00  4.17026E+04  3.07913E+04  2.29749E+04  9.97243E+02  1.51610E+02  5.99633E+03  0.00000E+00  2.38343E-03  3.22521E-04
       1       4       6  2.69178E-03  3.14267E-03  2.69178E-05  5.96327E+00  7.57118E-01  4.02744E+00  7.19047E+00 -4.46937E+01  1.01872E+00  1.81433E+04  1.60069E+04  1.00303E+04 -2.53217E+02  6.28817E+02  5.56087E+03  0.00000E+00  2.44368E-03  6.98987E-04
       1       4       7  2.79484E-03  2.39404E-03  2.79484E-05  9.73979E+00  1.27549E+00  6.90166E+00  2.85452E+01 -1.94062E+02  1.59969E+00  3.42314E+04  5.45459E+04  2.50474E+04 -3.43290E+03  1.47467E+02  8.56423E+03  0.00000E+00  1.98698E-03  4.07061E-04
       1       4       8  3.55296E-03  4.48505E-03  3.55296E-05  1.47459E+01  1.92241E+00  1.03013E+01  1.95439E+01 -1.16347E+02  5.21837E-01  2.44386E+04  2.03444E+04  1.54236E+04  1.71296E+02  7.17517E+02  5.46169E+03  0.00000E+00  3.74784E-03  7.37206E-04
       1       4       9  5.23969E-03  5.66967E-03  5.23969E-05  2.06224E+01  2.66484E+00  1.42323E+01  4.58800E+00 -5.81544E+01  3.94425E+00  1.03878E+04  6.62685E+03  5.89564E+03  6.30561E+02  1.48854E+02  2.88526E+03  0.00000E+00  4.25007E-03  1.41960E-03
       1       4      10  3.80786E-03  3.95270E-03  3.80786E-05  6.13977E+01  8.24932E+00  4.30932E+01 -1.28768E+00 -3.36181E+01 -3.76732E+00  2.41153E+04  3.03948E+03  1.22339E+04  2.84394E+03  1.23921E+03  9.16175E+03  0.00000E+00  1.90519E-03  2.04750E-03
       1       5       1  3.63719E-03  3.40768E-03  3.63719E-05  5.28702E-01  7.03088E-02  2.28675E-01  1.32869E+01 -1.05482E+02 -1.15670E+00  2.23702E+04  4.45518E+04  3.17614E+04 -2.97694E+03 -1.91600E+02  8.18085E+01  0.00000E+00  3.00857E-03  3.99114E-04
       1       5       2  1.13994E-03  1.05483E-03  1.13994E-05  1.38002E+00  1.81797E-01  5.93149E-01 -2.23412E+00 -4.91545E+00 -1.22306E+00  6.40074E+04  3.87995E+04  2.96155E+04  3.63407E+03  2.06451E+02 -1.92320E+03  0.00000E+00  9.21902E-04  1.32933E-04
       1       5       3  1.87257E-03  1.86327E-03  1.87257E-05  1.98775E+00  2.65495E-01  8.55104E-01  3.70934E+00 -4.95405E+01  3.90390E-01  3.74820E+04  2.46554E+04  2.04235E+04  1.44618E+03 -5.13613E+02  5.61304E+02  0.00000E+00  1.60127E-03  2.62004E-04
       1       5       4  3.20670E-03  1.86214E-03  3.20670E-05  3.14103E+00  4.15864E-01  1.34291E+00  1.59579E+01 -1.10650E+02 -1.29890E+00  4.99129E+04  6.02095E+04  4.25349E+04 -1.42013E+03  1.09778E+03  1.67279E+03  0.00000E+00  1.75258E-03  1.09553E-04
       1       5       5  3.55216E-03  3.54327E-03  3.55216E-05  4.80121E+00  6.32149E-01  2.07007E+00  7.85621E+00 -7.39362E+01 -2.56154E+00  3.98150E+04  2.67398E+04  2.24143E+04  2.26554E+03  2.84546E+02  2.23109E+03  0.00000E+00  3.27268E-03  2.70587E-04
       1       5       6  4.30661E-03  4.42554E-03  4.30661E-05  6.65726E+00  8.83827E-01  2.86004E+00  1.21622E+01 -5.49049E+01 -8.66685E-01  3.11445E+04  1.45628E+04  1.15896E+04  1.71016E+03  7.79362E+02  3.81509E+03  0.00000E+00  3.72707E-03  6.98473E-04
       1       5       7  5.33843E-03  3.09832E-03  5.33843E-05  1.08690E+01  1.43663E+00  4.57940E+00  1.90332E+01 -1.46816E+02  2.93612E+00  5.23389E+04  3.48252E+04  2.77376E+04  3.32226E+03  1.40705E+03  9.18334E+03  0.00000E+00  2.42807E-03  6.70252E-04
       1       5       8  5.63720E-03  5.93553E-03  5.63720E-05  1.65040E+01  2.17724E+00  6.90491E+00  1.31096E+01 -9.14478E+01  3.83165E+00  3.26361E+04  1.48196E+04  1.41077E+04  2.34478E+03  2.41691E+02  5.82641E+03  0.00000E+00  4.38481E-03  1.55071E-03
       1       5       9  8.68619E-03  1.04135E-02  8.68619E-05  2.34625E+01  3.02979E+00  9.54799E+00  5.97656E+00 -4.15096E+01 -4.07111E+00  1.14244E+04  4.37901E+03  4.49851E+03  9.14633E+02  5.31333E+02  2.50891E+03  0.00000E+00  6.26891E-03  4.14456E-03
       1       5      10  1.01892E-02  5.14058E-03  1.01892E-04  6.91148E+01  8.86479E+00  3.02444E+01 -1.91628E+00 -3.03020E+01 -9.43041E-01  2.95570E+04  2.67196E+03  6.42175E+03  3.67096E+03  9.32698E+02  7.95546E+03  0.00000E+00  2.36519E-03  2.77539E-03
       1       6       1  4.03567E-03  4.13069E-03  4.03567E-05  5.69558E-01  7.55269E-02  7.63150E-02  1.91198E+01 -1.50089E+02 -4.53817E-01  1.99641E+04  5.02366E+04  2.85825E+04 -3.83001E+03 -5.85543E+00  4.43312E+02  0.00000E+00  3.80827E-03  3.22420E-04
       1       6       2  1.29197E-03  1.27939E-03  1.29197E-05  1.48616E+00  1.97389E-01  1.95173E-01  1.22962E+01 -7.51522E+01 -3.39818E+00  5.43917E+04  4.11616E+04  2.72540E+04  1.58793E+03 -5.85379E+02 -1.44820E+03  0.00000E+00  1.15749E-03  1.21899E-04
       1       6       3  2.09143E-03  2.16353E-03  2.09143E-05  2.13233E+00  2.89040E-01  2.82572E-01  9.28450E+00 -6.82644E+01  1.27776E+00  3.96554E+04  2.24793E+04  1.63992E+04  1.60349E+03 -7.62732E+01 -2.86543E+03  0.00000E+00  1.77570E-03  3.87828E-04
       1       6       4  3.71307E-03  2.84291E-03  3.71307E-05  3.37751E+00  4.45033E-01  4.45590E-01  9.47606E+00 -9.79889E+01  2.47534E+00  4.55147E+04  7.87319E+04  3.31930E+04 -3.26528E+03 -6.19678E+02  2.51674E+03  0.00000E+00  2.53370E-03  3.09210E-04
       1       6       5  4.29918E-03  4.77043E-03  4.29918E-05  5.15851E+00  6.85062E-01  6.76828E-01  9.26091E+00 -6.07403E+01 -2.54038E+00  4.16202E+04  3.68335E+04  1.38947E+04  8.00137E+02  9.07683E+02  3.20828E+03  0.00000E+00  4.26364E-03  5.06790E-04
       1       6       6  5.61448E-03  6.38193E-03  5.61448E-05  7.10903E+00  9.38560E-01  9.52544E-01  6.96415E+00 -6.53839E+01  1.16466E+00  2.80349E+04  2.53937E+04  1.00459E+04  7.27730E+02  3.01040E+02  3.39853E+03  0.00000E+00  5.45486E-03  9.27071E-04
       1       6       7  8.08994E-03  6.12188E-03  8.08994E-05  1.17238E+01  1.55803E+00  1.63905E+00  2.81846E+01 -2.15908E+02  1.22657E+00  4.38701E+04  6.52423E+04  1.60399E+04 -2.90895E+03  1.40192E+02  3.37699E+03  0.00000E+00  5.03569E-03  1.08619E-03
       1       6       8  8.19210E-03  1.02413E-02  8.19210E-05  1.77157E+01  2.34157E+00  2.40718E+00  2.00095E+01 -1.36427E+02 -3.10611E+00  3.54573E+04  2.76118E+04  8.00658E+03  1.02730E+03  4.15807E+02  1.97040E+03  0.00000E+00  8.25589E-03  1.98540E-03
       1       6       9  1.16446E-02  1.36094E-02  1.16446E-04  2.45893E+01  3.32024E+00  3.48450E+00  9.58832E+00 -7.28373E+01  6.21321E-01  2.10075E+04  1.09649E+04  3.29030E+03  1.34486E+03  1.41608E+02  1.02436E+03  0.00000E+00  8.84043E-03  4.76897E-03
       1       6      10  1.94204E-02  2.25076E-02  1.94204E-04  7.35191E+01  9.82349E+00  8.82723E+00  9.07419E+00 -5.69392E+01 -5.31237E-01  3.21379E+04  8.14788E+03  1.09626E+03  3.26982E+03  2.01202E+02  1.14683E+03  0.00000E+00  1.51261E-02  7.38154E-03
       2       1       1  4.19346E-04  4.42231E-04  4.19346E-06  9.02634E-02  3.66293E-02  5.27780E-01  1.01776E+01 -2.71344E+00  2.71598E+00  3.48182E+04  2.86413E+04  7.75571E+04  2.94611E+03  1.37677E+03  1.33508E+04  1.12901E-04  3.33222E-05  2.96008E-04
       2       1       2  1.19952E-04  1.15015E-04  1.19952E-06  2.57694E-01  1.06831E-01  1.47106E+00 -2.13072E+00  1.46645E+02 -2.66192E+01  2.53230E+04  5.30431E+04  6.03836E+04 -4.19733E+01  2.60329E+03  5.33207E+03  7.32876E-05  2.47400E-06  3.92537E-05
       2       1       3  2.07243E-04  1.62115E-04  2.07243E-06  4.24535E-01  1.78780E-01  2.22050E+00 -3.64351E-01  1.87616E+01  7.54656E+00  3.56844E+04  2.21720E+04  4.44658E+04  9.05276E+03  1.05224E+03  1.30117E+04  5.66389E-05  4.94800E-07  1.04982E-04
       2       1       4  2.91392E-04  2.02101E-04  2.91392E-06  5.61781E-01  2.38923E-01  3.61459E+00  1.70184E+00  5.52311E+01 -1.02245E+01  2.42717E+04  7.39033E+04  3.57964E+04  2.30362E+03 -5.96822E+03  5.03986E+03  1.66700E-04  4.70060E-06  3.07008E-05
       2       1       5  2.66984E-04  4.08535E-04  2.66984E-06  8.78893E-01  3.79705E-01  5.19915E+00  3.90200E+00  3.43715E+01 -3.33699E+00  9.45952E+03  3.20231E+04  2.79741E+04  9.14008E+02 -3.64462E+02  1.37129E+03  3.37250E-04  1.33596E-05  5.79247E-05
       2       1       6  2.15106E-04  2.79365E-04  2.15106E-06  1.10944E+00  4.56705E-01  6.80796E+00 -3.13761E-01  2.04462E+01 -4.12416E+00  4.04526E+03  1.30554E+04  1.52302E+04  1.97585E+02 -4.15565E+02  9.40931E+02  1.59991E-04  1.48440E-06  1.17891E-04
       2       1       7  2.19244E-04  2.36170E-04  2.19244E-06  1.96600E+00  8.40210E-01  1.22899E+01 -5.97173E+00 -1.90144E+02  1.21350E+01  1.18858E+04  5.41271E+04  2.68101E+04  1.20235E+03 -5.24107E+03  1.14777E+03  2.18572E-04  0.00000E+00  1.75986E-05
       2       1       8  3.66707E-04  4.64754E-04  3.66707E-06  2.99755E+00  1.27045E+00  1.79409E+01 -4.77518E+00 -1.24275E+02  1.26075E+00  5.83807E+03  2.43165E+04  1.95433E+04  4.69404E+02 -1.00540E+03  1.14168E+03  4.29221E-04  0.00000E+00  3.55329E-05
       2       1       9  3.80417E-04  4.14893E-04  3.80417E-06  3.94244E+00  1.66707E+00  2.36389E+01 -2.19235E+00 -4.16770E+01  8.72814E-01  2.07191E+03  8.81141E+03  8.20318E+03  1.65071E+02 -5.67837E+02  6.39265E+02  3.20874E-04  0.00000E+00  9.40183E-05
       2       1      10  1.70971E-04  1.49966E-04  1.70971E-06  1.40683E+01  5.91410E+00  7.65927E+01 -3.59362E+00 -2.11109E+00 -1.52731E+01  1.05304E+03  1.95831E+02  3.21099E+04  4.25457E+02  2.39773E+03  5.57767E+03  0.00000E+00  0.00000E+00  1.49966E-04
       2       2       1  1.26651E-03  1.14305E-03  1.26651E-05  2.16038E-01  8.87190E-02  5.49513E-01 -2.74611E+00  1.62812E+01 -8.78511E-01  3.57108E+04  2.73473E+04  5.10209E+04  8.92694E+02  2.45947E+03  9.05064E+03  1.59135E-06  4.01236E-04  7.40222E-04
       2       2       2  3.65735E-04  2.52789E-04  3.65735E-06  5.19253E-01  2.15769E-01  1.40214E+00 -4.73196E-01 -1.15350E+01 -1.21784E+01  3.71864E+04  1.48683E+04  1.01484E+05  8.48654E+03  1.05177E+04  2.50170E+04  0.00000E+00  1.00648E-04  1.52141E-04
       2       2       3  6.29851E-04  5.82599E-04  6.29851E-06  7.78437E-01  3.22659E-01  2.09522E+00  1.86905E+00 -9.77481E+00 -2.25697E+00  2.14863E+04  6.47313E+03  3.76342E+04  7.57515E+03  5.40185E+03  1.32774E+04  0.00000E+00  2.08901E-04  3.73698E-04
       2       2       4  9.08820E-04  1.91639E-04  9.08820E-06  1.29868E+00  5.43975E-01  3.10162E+00  5.58791E+01 -9.20763E+01  1.28352E+01  7.24277E+04  4.67478E+04  9.39823E+04  6.37369E+03  1.35324E+04  3.28166E+04  0.00000E+00  6.92190E-05  1.22420E-04
       2       2       5  8.49290E-04  2.92125E-04  8.49290E-06  2.00309E+00  8.43660E-01  4.81142E+00  2.50145E+01  5.92902E+00  2.92783E+01  1.48381E+04  2.97169E+03  8.11800E+04  5.32445E+03  1.14907E+04  2.88333E+04  3.43613E-07  5.56650E-05  2.36117E-04
       2       2       6  7.20135E-04  7.00079E-04  7.20135E-06  2.87279E+00  1.17859E+00  6.85102E+00  9.61531E+00  1.70070E-01  4.89634E+00  6.06650E+03  1.19941E+03  3.69245E+04  2.15583E+03  4.88114E+03  1.32571E+04  6.87226E-07  1.22463E-04  5.76929E-04
       2       2       7  7.10099E-04  2.80756E-04  7.10099E-06  4.28987E+00  1.77269E+00  1.08810E+01 -1.52890E+00  2.42128E+00 -4.02777E+00  1.30668E+04  2.41676E+03  8.87380E+04  5.12571E+03  1.29654E+04  3.26252E+04  0.00000E+00  0.00000E+00  2.80756E-04
       2       2       8  1.17056E-03  6.66984E-04  1.17056E-05  6.69670E+00  2.67692E+00  1.67270E+01  6.68539E+00  1.69863E+00  1.57317E+01  6.33045E+03  1.31575E+03  4.42597E+04  2.64577E+03  6.82281E+03  1.60485E+04  0.00000E+00  0.00000E+00  6.66984E-04
       2       2       9  1.29834E-03  1.68241E-03  1.29834E-05  9.50357E+00  3.76033E+00  2.35123E+01  2.02940E+00 -4.21346E-01  6.13972E+00  1.48564E+03  3.66819E+02  9.56669E+03  6.24906E+02  1.52849E+03  3.50170E+03  0.00000E+00  0.00000E+00  1.68241E-03
       2       2      10  5.89066E-04  5.57123E-04  5.89066E-06  2.81500E+01  1.15492E+01  7.05115E+01  2.52030E+00  2.57365E+00  4.45167E+00  4.75344E+03  9.50080E+02  3.01315E+04  2.02316E+03  5.03928E+03  1.16471E+04  0.00000E+00  0.00000E+00  5.57123E-04
       2       3       1  2.12349E-03  2.15245E-03  2.12349E-05  3.23199E-01  1.32838E-01  4.73496E-01 -3.31942E+01  6.82930E+01  2.36729E+00  2.97265E+04  3.22444E+04  3.50749E+04 -1.96878E+03 -2.83109E+02  1.16894E+03  0.00000E+00  1.76215E-03  3.90291E-04
       2       3       2  6.25568E-04  5.89095E-04  6.25568E-06  8.37887E-01  3.45082E-01  1.20756E+00 -1.59595E+01  4.12856E+01  1.13819E+00  4.49345E+04  2.80164E+04  4.94890E+04  4.77147E+03  3.38678E+03  1.12013E+04  0.00000E+00  4.81418E-04  1.07678E-04
       2       3       3  1.06762E-03  1.10629E-03  1.06762E-05  1.25397E+00  5.17047E-01  1.80747E+00  1.98978E+01 -4.06678E+01  3.63226E+00  1.88218E+04  9.83410E+03  2.76537E+04  4.38129E+03  4.19161E+03  8.03489E+03  0.00000E+00  8.86210E-04  2.20077E-04
       2       3       4  1.61732E-03  9.93667E-04  1.61732E-05  1.87808E+00  7.66221E-01  2.83901E+00  7.29384E+01 -1.91150E+02 -7.96888E+00  5.06805E+04  7.34832E+04  4.55697E+04 -1.13778E+04  7.10022E+03  1.70546E+04  0.00000E+00  7.37262E-04  2.56404E-04
       2       3       5  1.57572E-03  1.53957E-03  1.57572E-05  3.01684E+00  1.25103E+00  4.10420E+00  5.16422E+01 -9.80625E+01  1.78170E-01  3.10017E+04  2.40414E+04  3.23350E+04  1.09385E+03  4.95008E+03  1.21736E+04  0.00000E+00  1.15108E-03  3.88492E-04
       2       3       6  1.47754E-03  1.92852E-03  1.47754E-05  3.91483E+00  1.62332E+00  5.81182E+00  2.55745E+01 -5.53746E+01  1.37606E+00  1.17194E+04  1.08789E+04  2.02116E+04 -2.36305E+01  3.47399E+03  7.94026E+03  0.00000E+00  1.13433E-03  7.94190E-04
       2       3       7  1.42564E-03  1.26678E-03  1.42564E-05  6.71083E+00  2.75950E+00  9.79901E+00  8.35497E+01 -1.41303E+02  1.19281E+01  2.78479E+04  3.60975E+04  3.66848E+04 -7.80983E+03  5.22117E+03  1.31891E+04  0.00000E+00  9.09222E-04  3.57554E-04
       2       3       8  2.17950E-03  2.44137E-03  2.17950E-05  1.00260E+01  4.19453E+00  1.44611E+01  5.23955E+01 -8.90439E+01  9.24052E+00  1.49380E+04  1.63638E+04  2.25064E+04 -2.02930E+03  3.24208E+03  8.39565E+03  0.00000E+00  1.63650E-03  8.04862E-04
       2       3       9  2.75976E-03  2.84595E-03  2.75976E-05  1.35067E+01  5.66700E+00  1.99360E+01  2.05046E+01 -3.60372E+01  9.44037E-01  5.48085E+03  4.90868E+03  9.00529E+03 -2.03804E+02  1.95715E+03  4.56127E+03  0.00000E+00  1.20231E-03  1.64364E-03
       2       3      10  1.41687E-03  1.43866E-03  1.41687E-05  4.45034E+01  1.80879E+01  5.97765E+01  1.99534E+00  3.38338E-01  7.21390E-01  1.20923E+04  2.09987E+03  2.24082E+04  4.87038E+03  6.59139E+03  1.62571E+04  0.00000E+00  0.00000E+00  1.43866E-03
       2       4       1  2.94610E-03  3.19652E-03  2.94610E-05  4.51465E-01  1.86444E-01  3.43267E-01  3.50953E+01 -8.92082E+01  7.03684E-01  2.94096E+04  4.78446E+04  2.54764E+04 -1.00143E+04  1.79997E+02  5.52937E+02  0.00000E+00  2.86709E-03  3.29421E-04
       2       4       2  8.93640E-04  8.76360E-04  8.93640E-06  1.13599E+00  4.68968E-01  8.59339E-01  1.82841E-01  1.22928E+01  7.04806E+00  5.11853E+04  4.27649E+04  2.45571E+04  1.79087E+03 -1.43776E+02  9.91451E+02  0.00000E+00  7.90115E-04  8.62447E-05
       2       4       3  1.50014E-03  1.46133E-03  1.50014E-05  1.66035E+00  6.85196E-01  1.26190E+00  1.37351E+01 -4.01943E+01  7.47111E-01  2.10502E+04  2.64085E+04  1.43047E+04 -2.51057E+03  4.38779E+02  2.24422E+03  0.00000E+00  1.25281E-03  2.08521E-04
       2       4       4  2.41807E-03  1.61188E-03  2.41807E-05  2.62392E+00  1.08593E+00  2.02190E+00  5.47857E+01 -1.25631E+02  1.52179E+00  4.95279E+04  8.77369E+04  2.42441E+04 -2.23963E+04  1.61250E+03  3.55376E+03  0.00000E+00  1.48513E-03  1.26755E-04
       2       4       5  2.50480E-03  2.68326E-03  2.50480E-05  3.91756E+00  1.63126E+00  2.99772E+00  3.37917E+01 -8.67202E+01  1.67854E+00  3.70760E+04  3.31615E+04  2.23794E+04  3.01260E+03  1.77868E+03  5.06569E+03  0.00000E+00  2.39923E-03  2.84025E-04
       2       4       6  2.68059E-03  3.18128E-03  2.68059E-05  5.56287E+00  2.30414E+00  4.05235E+00  2.04837E+01 -4.33747E+01 -2.58422E+00  1.94956E+04  1.53326E+04  1.00301E+04  2.65201E+02  1.80739E+03  4.72295E+03  0.00000E+00  2.53596E-03  6.45320E-04
       2       4       7  2.77891E-03  2.20010E-03  2.77891E-05  9.04657E+00  3.75883E+00  6.90012E+00  7.44530E+01 -1.96177E+02 -3.82643E+00  3.56820E+04  5.58680E+04  2.38112E+04 -9.60006E+03  3.27388E+03  8.20222E+03  0.00000E+00  1.90348E-03  2.96626E-04
       2       4       8  3.54202E-03  4.05097E-03  3.54202E-05  1.37598E+01  5.67863E+00  1.02456E+01  4.70225E+01 -1.16791E+02 -4.06514E+00  2.38935E+04  2.19620E+04  1.45324E+04  2.73933E+02  2.11983E+03  4.61065E+03  0.00000E+00  3.57233E-03  4.78639E-04
       2       4       9  5.21626E-03  6.11113E-03  5.21626E-05  1.91775E+01  7.92737E+00  1.42427E+01  2.17229E+01 -5.60954E+01  2.52659E-01  9.21796E+03  7.11747E+03  5.72038E+03  1.06434E+03  7.57685E+02  2.13314E+03  0.00000E+00  4.79131E-03  1.31981E-03
       2       4      10  3.77010E-03  4.14211E-03  3.77010E-05  5.82421E+01  2.39800E+01  4.33593E+01  1.66974E+01 -2.70543E+01  4.58942E+00  2.04639E+04  5.45656E+03  1.14708E+04  7.33912E+03  3.38313E+03  8.51650E+03  0.00000E+00  1.89198E-03  2.25014E-03
       2       5       1  3.62782E-03  3.30663E-03  3.62782E-05  4.91886E-01  2.02518E-01  2.27668E-01  3.89446E+01 -1.03502E+02  6.86753E-01  2.57814E+04  4.29431E+04  3.20512E+04 -8.12022E+03  1.81532E+02  1.57106E+02  0.00000E+00  2.99619E-03  3.10437E-04
       2       5       2  1.13542E-03  1.05123E-03  1.13542E-05  1.28897E+00  5.30887E-01  5.92282E-01 -3.14750E+00 -3.84473E+00 -8.10053E-01  5.93549E+04  4.09807E+04  2.87425E+04  7.93304E+03 -4.48775E+02 -1.75738E+03  0.00000E+00  9.46128E-04  1.05100E-04
       2       5       3  1.86807E-03  1.83538E-03  1.86807E-05  1.85621E+00  7.66059E-01  8.55478E-01  2.06030E+01 -4.22414E+01  8.57524E+00  3.51209E+04  2.46388E+04  1.84854E+04  4.95667E+03 -4.28178E+02  1.43266E+03  0.00000E+00  1.59798E-03  2.37404E-04
       2       5       4  3.19272E-03  1.82682E-03  3.19272E-05  2.93034E+00  1.21096E+00  1.34232E+00  4.62947E+01 -9.94400E+01  1.16303E+00  5.25121E+04  5.70431E+04  4.21654E+04 -5.13781E+03  2.54367E+02  1.62296E+03  0.00000E+00  1.72950E-03  9.73149E-05
       2       5       5  3.53194E-03  3.46453E-03  3.53194E-05  4.46300E+00  1.84227E+00  2.08734E+00  2.81182E+01 -7.07781E+01 -1.07267E+00  3.64487E+04  2.99079E+04  2.24032E+04  4.82138E+03  8.09312E+02  1.75155E+03  0.00000E+00  3.24325E-03  2.21283E-04
       2       5       6  4.28011E-03  4.09441E-03  4.28011E-05  6.18321E+00  2.52352E+00  2.85548E+00  3.03659E+01 -4.99797E+01  1.01998E+00  2.86485E+04  1.55657E+04  1.12171E+04  4.37025E+03  9.29519E+02  2.04876E+03  0.00000E+00  3.59020E-03  5.04213E-04
       2       5       7  5.28433E-03  2.99289E-03  5.28433E-05  1.01664E+01  4.18216E+00  4.56719E+00  5.48818E+01 -1.44640E+02  1.48221E+00  4.89438E+04  3.85647E+04  2.76225E+04  5.55970E+03  1.47868E+03  4.87866E+03  0.00000E+00  2.47813E-03  5.14755E-04
       2       5       8  5.59372E-03  5.70034E-03  5.59372E-05  1.54202E+01  6.37992E+00  6.90386E+00  3.85721E+01 -8.96149E+01  4.41980E+00  3.02906E+04  1.76547E+04  1.44162E+04  6.17813E+03  1.38237E+03  4.18124E+03  0.00000E+00  4.53122E-03  1.16912E-03
       2       5       9  8.62913E-03  8.56910E-03  8.62913E-05  2.17807E+01  8.85382E+00  9.53203E+00  1.91520E+01 -4.28818E+01  4.62586E+00  1.20145E+04  6.11431E+03  5.07835E+03  2.86946E+03  9.35877E+02  2.59211E+03  0.00000E+00  5.49927E-03  3.06983E-03
       2       5      10  1.00154E-02  6.13486E-03  1.00154E-04  6.45965E+01  2.67342E+01  2.99395E+01  2.02029E+01 -2.07384E+01  3.23247E+00  2.59819E+04  6.18852E+03  6.31746E+03  1.00021E+04  2.86870E+03  6.64837E+03  0.00000E+00  2.74411E-03  3.39075E-03
       2       6       1  4.02354E-03  4.09252E-03  4.02354E-05  5.32238E-01  2.20085E-01  7.61934E-02  5.46349E+01 -1.43330E+02  7.85245E-01  2.31631E+04  4.66446E+04  2.82458E+04 -1.09851E+04  1.53031E+01  9.13233E+01  0.00000E+00  3.83721E-03  2.55311E-04
       2       6       2  1.28576E-03  1.26244E-03  1.28576E-05  1.38641E+00  5.71058E-01  2.00644E-01  3.13505E+01 -6.91952E+01  2.41044E-01  4.87845E+04  4.16541E+04  2.53636E+04  2.22731E+03 -1.03990E+03 -1.33235E+03  0.00000E+00  1.17305E-03  8.93828E-05
       2       6       3  2.08554E-03  2.06532E-03  2.08554E-05  1.98389E+00  8.21841E-01  2.76374E-01  2.68886E+01 -6.62030E+01  3.96220E-01  3.36075E+04  2.38003E+04  1.67545E+04  4.28699E+03 -9.42355E+02 -1.46681E+03  0.00000E+00  1.78485E-03  2.80469E-04
       2       6       4  3.69391E-03  2.79696E-03  3.69391E-05  3.15736E+00  1.30453E+00  4.58160E-01  3.81677E+01 -9.55528E+01 -1.56611E+00  4.48371E+04  7.48398E+04  3.39716E+04 -1.43120E+04  1.38205E+03  5.71662E+02  0.00000E+00  2.56590E-03  2.31062E-04
       2       6       5  4.26896E-03  4.53465E-03  4.26896E-05  4.81200E+00  1.97942E+00  6.80159E-01  2.08307E+01 -5.92811E+01 -4.69111E-01  3.71043E+04  3.74022E+04  1.32425E+04 -4.33051E+02  6.12257E+02  2.78554E+03  0.00000E+00  4.16696E-03  3.67695E-04
       2       6       6  5.57276E-03  6.22776E-03  5.57276E-05  6.61009E+00  2.71516E+00  9.25065E-01  2.35656E+01 -6.29473E+01  1.77827E-01  2.44060E+04  2.57346E+04  1.01175E+04 -2.98463E+02  1.15541E+03  2.66298E+03  0.00000E+00  5.53079E-03  6.96972E-04
       2       6       7  7.98394E-03  5.79960E-03  7.98394E-05  1.09264E+01  4.51567E+00  1.65470E+00  8.80564E+01 -2.11734E+02  4.44840E-02  4.31093E+04  6.48019E+04  1.59509E+04 -1.05450E+04  1.23774E+03  2.86144E+03  0.00000E+00  4.99618E-03  8.03421E-04
       2       6       8  8.07959E-03  9.68573E-03  8.07959E-05  1.65127E+01  6.80315E+00  2.47520E+00  5.90379E+01 -1.32777E+02  1.02060E+00  3.23551E+04  2.93314E+04  7.74997E+03  1.12625E+03  3.97556E+02  1.35661E+03  0.00000E+00  8.18605E-03  1.49968E-03
       2       6       9  1.15467E-02  1.26196E-02  1.15467E-04  2.27755E+01  9.34133E+00  3.42108E+00  2.99806E+01 -7.38180E+01  7.78298E-01  1.81236E+04  1.27043E+04  3.40220E+03  2.64828E+03  2.08395E+02  6.80772E+02  0.00000E+00  9.00787E-03  3.61176E-03
       2       6      10  1.89826E-02  1.85117E-02  1.89826E-04  6.80777E+01  2.81357E+01  9.05587E+00  2.45395E+01 -6.49671E+01  1.82231E+00  2.85687E+04  1.24944E+04  1.14001E+03  7.90443E+03  1.48304E+02  7.32795E+02  0.00000E+00  1.48395E-02  3.67219E-03
       3       1       1  4.19279E-04  4.08047E-04  4.19279E-06  8.18477E-02  6.40581E-02  5.47220E-01  1.27488E+01  7.52060E+00 -2.12643E+00  3.59452E+04  3.59539E+04  8.69691E+04  8.73047E+03  1.49890E+03  1.01139E+04  1.13204E-04  4.69968E-05  2.47846E-04
       3       1       2  1.19930E-04  1.34811E-04  1.19930E-06  2.36859E-01  1.86158E-01  1.47512E+00  1.49864E+01  1.10454E+02 -1.08913E+01  2.12859E+04  3.44424E+04  6.44559E+04  2.11210E+03  4.63977E+02  4.11926E+03  6.91554E-05  1.55434E-05  5.01125E-05
       3       1       3  2.07213E-04  2.18294E-04  2.07213E-06  3.69313E-01  3.02660E-01  2.21425E+00  1.24398E+01  1.30458E+01 -1.52178E+01  2.57721E+04  1.48291E+04  3.00797E+04  2.91020E+03  1.39243E+03  7.62343E+02  4.33725E-05  3.09505E-05  1.43971E-04
       3       1       4  2.91323E-04  2.18964E-04  2.91323E-06  5.24139E-01  3.90557E-01  3.57964E+00  8.01348E+00  5.78452E+01 -1.92324E+01  2.85851E+04  7.24259E+04  3.28617E+04  2.90822E+03 -1.19831E+04  1.58626E+03  1.87002E-04  6.67980E-06  2.52821E-05
       3       1       5  2.66923E-04  3.50550E-04  2.66923E-06  7.78425E-01  5.78941E-01  5.17414E+00  2.27390E+00  4.05701E+01 -2.40181E+00  1.21723E+04  3.22506E+04  2.79510E+04  8.82165E+02  1.19301E+02  1.46477E+03  2.90828E-04  8.16420E-06  5.15577E-05
       3       1       6  2.15048E-04  2.54128E-04  2.15048E-06  9.84824E-01  7.46383E-01  6.83892E+00 -4.39031E-01  1.81575E+01 -1.59351E+01  5.06476E+03  1.15721E+04  2.21714E+04  2.25259E+02 -2.82171E+02  1.28513E+03  1.41757E-04  3.46360E-06  1.08907E-04
       3       1       7  2.19203E-04  2.28836E-04  2.19203E-06  1.88155E+00  1.40107E+00  1.22196E+01 -6.73163E+00 -1.97877E+02  4.47220E+01  1.57976E+04  5.44586E+04  2.36916E+04  1.40686E+03 -7.76643E+03  1.68626E+02  2.24585E-04  0.00000E+00  4.25141E-06
       3       1       8  3.66643E-04  4.32391E-04  3.66643E-06  2.65016E+00  1.97422E+00  1.79181E+01 -4.87490E+00 -1.20445E+02  1.94013E+01  7.26472E+03  2.28344E+04  1.99967E+04  1.09515E+03 -1.75236E+03  7.65780E+02  4.06203E-04  0.00000E+00  2.61879E-05
       3       1       9  3.80302E-04  3.44539E-04  3.80302E-06  3.61082E+00  2.72042E+00  2.32909E+01 -2.40924E+00 -4.07468E+01  8.80929E+00  2.82939E+03  8.85615E+03  1.08666E+04  2.43108E+02 -5.87107E+01  1.11661E+03  2.95684E-04  0.00000E+00  4.88552E-05
       3       1      10  1.70922E-04  1.99124E-04  1.70922E-06  1.09128E+01  8.19354E+00  7.55251E+01  2.99658E+00  1.10236E+00  7.79749E+00  7.93160E+02  4.59962E+02  3.48301E+04  5.75056E+02  3.80740E+03  5.01651E+03  0.00000E+00  0.00000E+00  1.99124E-04
       3       2       1  1.26554E-03  1.21933E-03  1.26554E-05  1.81997E-01  1.40635E-01  5.43856E-01 -8.30517E+00  2.02158E+01 -6.86916E+00  3.19394E+04  3.07230E+04  5.21378E+04  2.30734E+02  1.67772E+03  6.77445E+03  1.67776E-04  4.42239E-04  6.09319E-04
       3       2       2  3.65385E-04  3.24199E-04  3.65385E-06  4.15502E-01  3.30512E-01  1.41556E+00  1.60854E+01  5.53397E+01 -2.07359E+01  2.81942E+04  3.52669E+04  7.86767E+04  9.60693E+03  6.01641E+03  1.57926E+04  9.46916E-05  6.95809E-05  1.59926E-04
       3       2       3  6.29401E-04  7.03981E-04  6.29401E-06  6.43232E-01  4.95361E-01  2.11476E+00  1.26392E+01  2.02447E+00 -2.99503E+00  1.45328E+04  8.78497E+03  3.15546E+04  7.20159E+03  5.42385E+03  6.84856E+03  5.26138E-05  2.50471E-04  4.00896E-04
       3       2       4  9.07753E-04  4.76309E-04  9.07753E-06  1.07581E+00  8.96123E-01  3.29112E+00  6.00602E+01 -2.67874E+01 -1.17617E+01  4.34652E+04  5.51328E+04  5.52626E+04 -2.21574E+03 -9.47152E+03  1.03495E+04  2.38519E-04  1.32023E-04  1.05766E-04
       3       2       5  8.48272E-04  7.80427E-04  8.48272E-06  1.50340E+00  1.24955E+00  4.89343E+00  3.80790E+00  2.13148E+01 -7.17863E+00  1.25119E+04  2.49921E+04  3.46603E+04  2.97401E+03 -1.66181E+03  5.99007E+03  5.45910E-04  5.97434E-05  1.74774E-04
       3       2       6  7.19123E-04  7.61920E-04  7.19123E-06  2.20992E+00  1.74401E+00  6.54662E+00  4.25214E+00  1.00914E+01 -5.25990E+00  5.24462E+03  8.80004E+03  2.34654E+04  2.08943E+03  2.63361E+03  5.68577E+03  2.59881E-04  8.48582E-05  4.17181E-04
       3       2       7  7.09308E-04  3.89532E-04  7.09308E-06  3.39409E+00  2.83877E+00  1.13909E+01  1.61008E+01 -1.30034E+02  4.15075E+01  1.60699E+04  3.57612E+04  4.57319E+04 -1.01592E+03 -2.53725E+03  9.06949E+03  2.25857E-04  3.44662E-05  1.29209E-04
       3       2       8  1.16954E-03  8.44402E-04  1.16954E-05  4.97398E+00  4.13710E+00  1.70442E+01 -2.51719E+00 -8.07097E+01  2.52688E+01  6.28231E+03  1.61250E+04  2.87266E+04  1.82948E+03  1.00064E+03  5.73289E+03  5.09644E-04  0.00000E+00  3.34758E-04
       3       2       9  1.29629E-03  1.32047E-03  1.29629E-05  7.75294E+00  5.99635E+00  2.29928E+01 -1.71866E+00 -1.61582E+01  3.62840E+00  1.82601E+03  3.54946E+03  1.02981E+04  7.61870E+02  1.16510E+03  2.87558E+03  3.30884E-04  0.00000E+00  9.89586E-04
       3       2      10  5.87941E-04  5.17871E-04  5.87941E-06  2.33615E+01  1.80969E+01  7.08275E+01  5.84229E-01  1.43398E+00  6.77036E+00  3.30439E+03  1.98925E+03  3.06504E+04  2.49729E+03  7.58484E+03  9.81261E+03  0.00000E+00  0.00000E+00  5.17871E-04
       3       3       1  2.11953E-03  2.17469E-03  2.11953E-05  2.78143E-01  2.14243E-01  4.76822E-01 -4.48305E+01  6.03950E+01 -3.77559E+00  2.96062E+04  3.06163E+04  3.45449E+04 -2.89718E+03 -1.08159E+02  1.61759E+03  7.75683E-05  1.75776E-03  3.39361E-04
       3       3       2  6.24010E-04  6.01869E-04  6.24010E-06  7.11393E-01  5.43212E-01  1.21354E+00 -3.20336E+01  3.42670E+01  2.41504E+00  3.83456E+04  2.99113E+04  4.58477E+04  7.11508E+03  5.47679E+03  6.95111E+03  0.00000E+00  4.89644E-04  1.12225E-04
       3       3       3  1.06576E-03  1.10698E-03  1.06576E-05  1.06556E+00  8.16450E-01  1.81088E+00  2.48927E+01 -2.62904E+01  1.56061E+00  1.36473E+04  9.12039E+03  2.40246E+04  7.32685E+03  3.01676E+03  4.96404E+03  0.00000E+00  8.45610E-04  2.61371E-04
       3       3       4  1.61252E-03  8.85925E-04  1.61252E-05  1.60504E+00  1.22435E+00  2.82627E+00  1.34171E+02 -1.67461E+02 -4.63202E+00  5.85768E+04  6.78497E+04  4.46286E+04 -2.12187E+04  8.43474E+03  1.19325E+04  1.30573E-05  6.88500E-04  1.84368E-04
       3       3       5  1.57056E-03  1.49388E-03  1.57056E-05  2.55965E+00  1.98179E+00  4.14352E+00  7.79266E+01 -8.19835E+01 -1.67424E+00  2.96534E+04  2.52874E+04  2.85771E+04  9.18263E+02  4.72474E+03  7.49086E+03  7.45641E-05  1.16452E-03  2.54791E-04
       3       3       6  1.47194E-03  1.70253E-03  1.47194E-05  3.24798E+00  2.51580E+00  5.79395E+00  4.19367E+01 -5.08936E+01 -3.38989E+00  1.14002E+04  1.12973E+04  1.85494E+04 -1.03319E+03  4.77541E+03  6.20080E+03  3.22996E-05  1.12147E-03  5.48755E-04
       3       3       7  1.42011E-03  1.12794E-03  1.42011E-05  5.75130E+00  4.37766E+00  9.88299E+00  1.19405E+02 -1.24532E+02  2.97017E+00  3.30793E+04  3.29562E+04  3.56998E+04 -1.00315E+04  8.36911E+03  1.07172E+04  0.00000E+00  8.64145E-04  2.63790E-04
       3       3       8  2.17452E-03  2.21274E-03  2.17452E-05  8.55848E+00  6.61639E+00  1.45945E+01  8.34456E+01 -7.87636E+01  5.12410E+00  1.73555E+04  1.56079E+04  2.20324E+04 -3.12727E+03  4.37106E+03  6.05481E+03  0.00000E+00  1.68895E-03  5.23797E-04
       3       3       9  2.74817E-03  2.44556E-03  2.74817E-05  1.16859E+01  9.00063E+00  1.96861E+01  3.86809E+01 -3.39399E+01  4.91806E+00  6.58625E+03  5.61790E+03  1.00721E+04 -9.59478E+01  3.26866E+03  4.30558E+03  0.00000E+00  1.40191E-03  1.04365E-03
       3       3      10  1.40684E-03  1.72671E-03  1.40684E-05  3.64162E+01  2.89574E+01  6.09572E+01  5.49428E-01  1.08829E+00  7.02477E-01  8.27604E+03  5.17913E+03  2.31782E+04  6.42634E+03  1.07854E+04  1.36038E+04  0.00000E+00  0.00000E+00  1.72671E-03
       3       4       1  2.93662E-03  3.25045E-03  2.93662E-05  3.90082E-01  3.00734E-01  3.47014E-01  5.74198E+01 -7.88149E+01 -3.37054E+00  3.57442E+04  4.24432E+04  2.44437E+04 -1.20299E+04  3.02359E+02  7.06908E+02  4.85567E-05  2.89202E-03  3.09876E-04
       3       4       2  8.89511E-04  9.32473E-04  8.89511E-06  9.77438E-01  7.50719E-01  8.60038E-01 -7.64940E+00  1.00573E+01 -1.07542E+00  4.79736E+04  4.21789E+04  2.48900E+04  3.00981E+03  2.10606E+03  3.27198E+03  0.00000E+00  8.09049E-04  1.23424E-04
       3       4       3  1.49565E-03  1.58916E-03  1.49565E-05  1.42140E+00  1.09672E+00  1.27436E+00  1.92576E+01 -3.28907E+01 -1.31706E+00  2.04251E+04  2.40955E+04  1.52314E+04 -3.30329E+03  1.31965E+03  3.15961E+03  0.00000E+00  1.21390E-03  3.75253E-04
       3       4       4  2.40527E-03  1.56818E-03  2.40527E-05  2.23850E+00  1.71118E+00  2.02262E+00  8.15056E+01 -1.14191E+02  3.82120E+00  6.15769E+04  7.68873E+04  2.42027E+04 -2.80240E+04 -2.46542E+02  2.28692E+03  0.00000E+00  1.45001E-03  1.18174E-04
       3       4       5  2.48884E-03  2.95160E-03  2.48884E-05  3.38428E+00  2.61291E+00  2.98546E+00  5.97258E+01 -7.19382E+01 -2.11992E+00  3.46925E+04  3.46245E+04  2.02857E+04  1.12249E+03  2.57457E+03  2.57243E+03  0.00000E+00  2.73449E-03  2.17108E-04
       3       4       6  2.66138E-03  3.06624E-03  2.66138E-05  4.79238E+00  3.67800E+00  4.04280E+00  3.28480E+01 -4.04409E+01 -4.46120E-01  1.99980E+04  1.60488E+04  1.03058E+04  2.32704E+03  2.87079E+03  3.47654E+03  0.00000E+00  2.65324E-03  4.13002E-04
       3       4       7  2.75171E-03  2.25823E-03  2.75171E-05  7.81737E+00  5.93685E+00  6.89681E+00  1.23901E+02 -1.71464E+02  1.49489E+00  4.22389E+04  5.01655E+04  2.29574E+04 -1.33592E+04  3.44731E+03  4.70924E+03  0.00000E+00  1.97989E-03  2.78338E-04
       3       4       8  3.52332E-03  4.19189E-03  3.52332E-05  1.18053E+01  9.06762E+00  1.02277E+01  7.44066E+01 -9.85399E+01 -4.43608E+00  2.35673E+04  2.26066E+04  1.45510E+04  1.32458E+03  2.73884E+03  3.63568E+03  0.00000E+00  3.63324E-03  5.58649E-04
       3       4       9  5.17598E-03  5.78136E-03  5.17598E-05  1.64739E+01  1.25397E+01  1.41570E+01  4.13858E+01 -5.05660E+01 -3.19805E+00  9.58809E+03  8.34170E+03  6.10032E+03  1.37806E+03  1.77591E+03  2.07541E+03  0.00000E+00  4.63276E-03  1.14860E-03
       3       4      10  3.70591E-03  4.17490E-03  3.70591E-05  4.94523E+01  3.82894E+01  4.24383E+01  2.11229E+01 -2.44066E+01 -7.81275E-01  1.67160E+04  1.08034E+04  1.16240E+04  1.06999E+04  5.65746E+03  7.35703E+03  0.00000E+00  2.09642E-03  2.07848E-03
       3       5       1  3.61168E-03  3.29250E-03  3.61168E-05  4.25821E-01  3.27956E-01  2.28707E-01  6.42353E+01 -8.84422E+01 -2.22258E+00  3.12958E+04  3.79658E+04  3.25471E+04 -1.04278E+04 -1.26662E+02  8.56330E+02  3.66828E-05  2.98688E-03  2.68942E-04
       3       5       2  1.12768E-03  1.07972E-03  1.12768E-05  1.10419E+00  8.50963E-01  5.96512E-01  6.07499E-01 -5.88050E+00 -6.29545E+00  5.52144E+04  4.64554E+04  2.85176E+04  1.42584E+04  4.63009E+01  1.65101E+02  0.00000E+00  9.13608E-04  1.66115E-04
       3       5       3  1.86031E-03  1.87489E-03  1.86031E-05  1.59509E+00  1.23303E+00  8.55915E-01  2.92330E+01 -3.79507E+01 -3.34640E+00  3.08297E+04  2.70976E+04  1.76622E+04  6.57284E+03  6.94340E+02  2.26389E+02  0.00000E+00  1.53856E-03  3.36336E-04
       3       5       4  3.16871E-03  1.83987E-03  3.16871E-05  2.51955E+00  1.93327E+00  1.34203E+00  7.45049E+01 -8.58635E+01  2.40573E+00  5.49881E+04  5.52729E+04  4.21013E+04 -5.43086E+03  1.63220E+03  2.31466E+03  0.00000E+00  1.75091E-03  8.89571E-05
       3       5       5  3.49745E-03  3.39998E-03  3.49745E-05  3.83679E+00  2.93985E+00  2.08210E+00  4.95098E+01 -5.98827E+01  1.75497E+00  3.52127E+04  3.27980E+04  2.18630E+04  6.49406E+03  5.84097E+02  1.08403E+03  0.00000E+00  3.19599E-03  2.03984E-04
       3       5       6  4.23477E-03  3.90075E-03  4.23477E-05  5.32857E+00  4.08853E+00  2.83747E+00  4.02865E+01 -4.16072E+01  4.29603E+00  2.47282E+04  1.89071E+04  1.05150E+04  7.09805E+03  3.71151E+02  1.90099E+03  0.00000E+00  3.47823E-03  4.22512E-04
       3       5       7  5.19247E-03  2.92669E-03  5.19247E-05  8.77714E+00  6.72422E+00  4.57335E+00  9.66768E+01 -1.19700E+02 -3.72192E+00  4.53869E+04  4.07598E+04  2.76150E+04  6.62158E+03  4.92235E+03  6.13116E+03  0.00000E+00  2.37386E-03  5.52823E-04
       3       5       8  5.52066E-03  5.83900E-03  5.52066E-05  1.32134E+01  1.02592E+01  6.84501E+00  5.47885E+01 -7.42846E+01 -1.36401E+00  2.60216E+04  2.14304E+04  1.33994E+04  9.25348E+03  3.38458E+03  4.29069E+03  0.00000E+00  4.40814E-03  1.43085E-03
       3       5       9  8.53151E-03  9.60421E-03  8.53151E-05  1.87824E+01  1.45022E+01  9.42268E+00  2.20487E+01 -3.30629E+01 -1.51601E+00  8.69853E+03  7.03484E+03  4.53295E+03  3.66948E+03  1.49123E+03  1.96618E+03  0.00000E+00  5.42975E-03  4.17446E-03
       3       5      10  9.72313E-03  4.94913E-03  9.72313E-05  5.54079E+01  4.26854E+01  3.00584E+01  1.25495E+01 -2.37703E+01 -1.07933E+00  1.94749E+04  1.23464E+04  6.33450E+03  1.34321E+04  4.01000E+03  5.11598E+03  0.00000E+00  2.13872E-03  2.81041E-03
       3       6       1  4.00265E-03  4.10125E-03  4.00265E-05  4.57662E-01  3.52571E-01  7.65177E-02  9.06862E+01 -1.25006E+02 -2.01445E+00  2.97176E+04  3.99328E+04  2.80871E+04 -1.55150E+04  2.31907E+02 -8.19455E+01  3.23167E-05  3.84937E-03  2.19562E-04
       3       6       2  1.27516E-03  1.27926E-03  1.27516E-05  1.18736E+00  9.16830E-01  2.01568E-01  4.69631E+01 -5.41252E+01  3.37300E+00  5.09411E+04  4.51959E+04  2.37014E+04  8.29882E+03 -1.65190E+03 -5.29951E+02  0.00000E+00  1.14756E-03  1.31692E-04
       3       6       3  2.07541E-03  2.23696E-03  2.07541E-05  1.70672E+00  1.32315E+00  2.78929E-01  4.11680E+01 -5.64851E+01 -1.23240E+00  3.30289E+04  2.90110E+04  1.49918E+04  8.58356E+03 -1.27395E+03 -3.22360E+03  0.00000E+00  1.83056E-03  4.06400E-04
       3       6       4  3.66106E-03  2.83308E-03  3.66106E-05  2.71290E+00  2.09524E+00  4.49932E-01  5.98648E+01 -8.18438E+01 -1.37294E-01  5.70784E+04  6.82216E+04  3.20143E+04 -1.68047E+04  1.06723E+03  1.13604E+03  0.00000E+00  2.55476E-03  2.78323E-04
       3       6       5  4.21755E-03  4.42711E-03  4.21755E-05  4.11796E+00  3.16769E+00  6.82528E-01  3.63473E+01 -5.05114E+01 -1.24835E+00  4.09178E+04  4.02316E+04  1.31334E+04  3.10963E+03  3.19094E+03  3.66863E+03  0.00000E+00  3.92869E-03  4.98425E-04
       3       6       6  5.50153E-03  6.33721E-03  5.50153E-05  5.64222E+00  4.36082E+00  9.65580E-01  3.85887E+01 -5.14923E+01  4.53813E-01  2.77195E+04  2.77742E+04  1.02542E+04  2.69634E+03  2.69949E+03  3.19413E+03  0.00000E+00  5.34070E-03  9.96509E-04
       3       6       7  7.80456E-03  6.00419E-03  7.80456E-05  9.32663E+00  7.21762E+00  1.68808E+00  1.33255E+02 -1.75898E+02  2.78025E-01  5.05510E+04  5.94837E+04  1.53474E+04 -1.11491E+04  3.58277E+03  4.20153E+03  0.00000E+00  4.90123E-03  1.10296E-03
       3       6       8  7.89264E-03  1.01942E-02  7.89264E-05  1.41265E+01  1.09363E+01  2.52840E+00  8.66470E+01 -1.08639E+02  1.82712E+00  3.25059E+04  3.11675E+04  7.55841E+03  3.89264E+03  1.72635E+03  2.50234E+03  0.00000E+00  8.23918E-03  1.95503E-03
       3       6       9  1.13805E-02  1.37358E-02  1.13805E-04  1.94547E+01  1.52715E+01  3.77491E+00  4.63077E+01 -5.70314E+01 -4.22146E-01  1.70917E+04  1.46584E+04  3.16568E+03  5.08857E+03  9.67180E+02  1.06256E+03  0.00000E+00  9.12906E-03  4.60678E-03
       3       6      10  1.82535E-02  2.23521E-02  1.82535E-04  5.82705E+01  4.53778E+01  9.82804E+00  3.63387E+01 -4.59176E+01 -1.27188E+00  2.31845E+04  1.72362E+04  1.22545E+03  1.21205E+04  1.20649E+03  1.32770E+03  0.00000E+00  1.52366E-02  7.11544E-03
       4       1       1  4.19203E-04  4.46926E-04  4.19203E-06  6.44940E-02  8.30722E-02  5.45894E-01  1.02529E+01  1.51790E+00 -6.52916E+00  2.83771E+04  3.16237E+04  8.73087E+04  6.70078E+03  4.76418E+03  1.05867E+04  8.23054E-05  5.79725E-05  3.06648E-04
       4       1       2  1.19903E-04  1.31076E-04  1.19903E-06  1.88397E-01  2.35373E-01  1.48011E+00 -2.33110E-01  7.30335E+01 -1.99653E+01  1.92648E+04  3.30980E+04  7.46246E+04  4.91916E+03  5.96650E+03  6.20860E+03  4.85048E-05  3.67462E-05  4.58249E-05
       4       1       3  2.07178E-04  2.32481E-04  2.07178E-06  2.95458E-01  3.76357E-01  2.18955E+00  5.11328E+00  1.00348E+01 -3.93087E+00  1.39194E+04  1.60426E+04  3.13726E+04  2.20910E+03  2.31267E+03  2.23196E+03  3.74992E-05  9.98770E-05  9.51046E-05
       4       1       4  2.91244E-04  1.64051E-04  2.91244E-06  3.70743E-01  4.77856E-01  3.52139E+00 -2.59561E+00  5.68791E+01 -3.68978E+01  3.52698E+04  6.68453E+04  4.64634E+04  9.90158E+02 -1.20500E+04  2.41667E+03  1.24012E-04  3.95840E-06  3.60798E-05
       4       1       5  2.66852E-04  2.66585E-04  2.66852E-06  5.44819E-01  7.02242E-01  5.07760E+00  5.71239E-03  4.25245E+01 -1.65883E+00  1.42343E+04  3.37272E+04  3.04086E+04  6.00530E+02  1.39584E+03  1.31689E+03  2.20276E-04  0.00000E+00  4.63094E-05
       4       1       6  2.14981E-04  2.17160E-04  2.14981E-06  7.45085E-01  9.67827E-01  6.84569E+00  3.65244E+00  1.74195E+01  9.67996E+00  5.19507E+03  1.13617E+04  2.18284E+04  4.34518E+02  1.03865E+03  2.06999E+03  1.16225E-04  1.36070E-05  8.73280E-05
       4       1       7  2.19156E-04  2.02888E-04  2.19156E-06  1.28855E+00  1.66463E+00  1.21794E+01  4.00928E+00 -1.52954E+02  3.60076E+01  1.63363E+04  4.08321E+04  3.76672E+04  4.99050E+02 -1.58273E+03  2.56814E+03  1.56167E-04  0.00000E+00  4.67209E-05
       4       1       8  3.66570E-04  3.38683E-04  3.66570E-06  2.06030E+00  2.65662E+00  1.78071E+01  6.66574E-01 -1.02440E+02  3.00475E+01  7.93149E+03  1.95859E+04  2.41567E+04  3.09962E+02  4.56443E+02  1.34454E+03  2.83917E-04  0.00000E+00  5.47661E-05
       4       1       9  3.80168E-04  3.24690E-04  3.80168E-06  2.88955E+00  3.64723E+00  2.40213E+01  7.98953E-01 -3.10257E+01  5.66623E+00  2.44960E+03  6.36102E+03  1.16105E+04  1.54597E+02  6.38115E+02  1.07435E+03  2.07501E-04  0.00000E+00  1.17188E-04
       4       1      10  1.70866E-04  1.57107E-04  1.70866E-06  9.60858E+00  1.18351E+01  7.41443E+01 -8.92054E-01 -2.88564E+00 -7.60381E+00  5.89529E+02  9.84628E+02  3.66943E+04  7.28007E+02  5.77486E+03  4.48678E+03  0.00000E+00  0.00000E+00  1.57107E-04
       4       2       1  1.26442E-03  1.19740E-03  1.26442E-05  1.41196E-01  1.84387E-01  5.28240E-01 -2.49182E+01  2.44128E+01 -1.34874E+01  3.27586E+04  3.35429E+04  5.28110E+04 -5.54448E+02  6.95897E+02  3.38913E+03  1.67600E-04  5.25142E-04  5.04658E-04
       4       2       2  3.64982E-04  3.52329E-04  3.64982E-06  3.59950E-01  4.54240E-01  1.38233E+00  1.55918E+01  8.91818E+01 -5.09785E+01  2.00972E+04  4.78777E+04  6.43423E+04  1.01877E+04  5.14489E+03  8.40218E+03  1.67797E-04  7.38098E-05  1.10723E-04
       4       2       3  6.28883E-04  5.26010E-04  6.28883E-06  5.16615E-01  6.64154E-01  2.09095E+00  6.43487E+00  6.97186E+00 -3.02568E+00  1.14652E+04  1.41729E+04  3.64907E+04  7.30893E+03  6.48233E+03  6.50908E+03  8.30302E-05  1.67877E-04  2.75102E-04
       4       2       4  9.06523E-04  6.41208E-04  9.06523E-06  9.35639E-01  1.21059E+00  3.27183E+00  8.51881E+01 -2.92591E+01 -1.74752E+01  4.41575E+04  5.65082E+04  4.54015E+04 -1.02140E+04 -1.50966E+04  3.61013E+03  3.12147E-04  2.54095E-04  7.49658E-05
       4       2       5  8.47102E-04  7.99305E-04  8.47102E-06  1.29267E+00  1.62789E+00  4.81398E+00  8.10138E+00  3.56755E+01 -9.84472E+00  1.38612E+04  3.14326E+04  3.59237E+04  2.41898E+03 -1.28897E+03  3.35671E+03  5.91322E-04  6.73969E-05  1.40587E-04
       4       2       6  7.17957E-04  7.79964E-04  7.17957E-06  1.73536E+00  2.24952E+00  6.60109E+00  3.39035E+00  1.58851E+01 -9.08940E+00  4.22905E+03  1.08144E+04  2.76688E+04  1.35512E+03  4.80519E+03  3.69157E+03  2.71119E-04  1.26227E-04  3.82618E-04
       4       2       7  7.08398E-04  8.05979E-04  7.08398E-06  3.13404E+00  4.00054E+00  1.11349E+01  4.33266E+01 -1.39983E+02  6.03695E+01  2.21201E+04  3.64184E+04  3.84219E+04 -4.98752E+03 -6.80074E+03  4.31088E+03  5.05758E-04  1.43609E-04  1.56612E-04
       4       2       8  1.16838E-03  1.30591E-03  1.16838E-05  4.50959E+00  5.71042E+00  1.65157E+01  5.80917E+00 -8.91298E+01  4.17961E+01  7.68598E+03  1.84668E+04  2.61810E+04  4.60175E+02 -2.81660E+02  3.25421E+03  9.28109E-04  5.66230E-05  3.21182E-04
       4       2       9  1.29392E-03  1.47907E-03  1.29392E-05  6.09456E+00  7.73470E+00  2.26763E+01  1.51845E-01 -1.88210E+01  1.03266E+01  1.91053E+03  5.26982E+03  1.01262E+04  6.32451E+02  9.95699E+02  1.89458E+03  6.76061E-04  0.00000E+00  8.03014E-04
       4       2      10  5.86649E-04  6.16114E-04  5.86649E-06  1.92909E+01  2.47398E+01  7.01174E+01  1.52839E+00  2.80032E+00  9.49720E-01  2.25648E+03  3.67813E+03  2.98951E+04  2.83314E+03  1.01958E+04  7.98679E+03  0.00000E+00  0.00000E+00  6.16114E-04
       4       3       1  2.11496E-03  2.19249E-03  2.11496E-05  2.13450E-01  2.77677E-01  4.76216E-01 -5.95884E+01  4.57816E+01 -7.87796E+00  3.10219E+04  2.79357E+04  3.55403E+04 -1.89279E+03 -1.17387E+03 -1.77363E+01  1.72883E-04  1.70309E-03  3.16521E-04
       4       3       2  6.22223E-04  7.46359E-04  6.22223E-06  5.38097E-01  6.96898E-01  1.22284E+00 -3.00297E+01  6.04904E+01 -4.15901E+01  3.10784E+04  3.36244E+04  4.43108E+04  4.53221E+03 -2.01804E+03  2.90472E+03  1.67659E-04  5.02714E-04  7.59858E-05
       4       3       3  1.06363E-03  1.20177E-03  1.06363E-05  8.15973E-01  1.05970E+00  1.81732E+00  3.00648E+01 -1.40791E+01 -1.06573E+01  9.90234E+03  1.27383E+04  2.20334E+04  5.35458E+03  4.34474E+03  3.85110E+03  1.28681E-04  8.94723E-04  1.78361E-04
       4       3       4  1.60701E-03  1.11705E-03  1.60701E-05  1.27623E+00  1.61309E+00  2.77289E+00  1.03689E+02 -7.06721E+01 -1.76516E+01  4.89425E+04  5.65460E+04  5.69438E+04 -1.22503E+04 -9.00889E+03  5.76306E+03  4.30997E-04  5.42902E-04  1.43151E-04
       4       3       5  1.56467E-03  2.26572E-03  1.56467E-05  1.99922E+00  2.54190E+00  4.15433E+00  6.40952E+01 -2.90188E+01 -9.14470E+00  2.29627E+04  2.67896E+04  2.93515E+04  8.06740E+02 -1.18758E+03  3.45025E+03  8.48384E-04  1.19827E-03  2.19059E-04
       4       3       6  1.46551E-03  1.87244E-03  1.46551E-05  2.50055E+00  3.16841E+00  5.67668E+00  4.91443E+01 -2.37881E+01 -1.92709E+00  1.26008E+04  1.38504E+04  2.06028E+04 -3.62572E+02  4.36742E+03  4.47067E+03  3.67368E-04  9.99698E-04  5.05379E-04
       4       3       7  1.41378E-03  1.56455E-03  1.41378E-05  4.48027E+00  5.80432E+00  9.77655E+00  8.72182E+01 -1.07007E+02  5.89460E+01  2.83404E+04  3.17193E+04  3.98326E+04 -3.65091E+03 -2.39808E+03  4.78908E+03  5.81396E-04  7.48603E-04  2.34551E-04
       4       3       8  2.16880E-03  3.20242E-03  2.16880E-05  6.66267E+00  8.61287E+00  1.45793E+01  6.35117E+01 -7.73377E+01  3.28438E+01  1.50037E+04  1.66341E+04  2.09048E+04 -1.49627E+03  3.39167E+02  2.59955E+03  1.12318E-03  1.65210E-03  4.27130E-04
       4       3       9  2.73488E-03  3.22884E-03  2.73488E-05  8.92431E+00  1.17310E+01  1.94527E+01  3.21885E+01 -3.08254E+01  7.80706E+00  5.55122E+03  6.07340E+03  8.81949E+03  4.22034E-03  1.65543E+03  2.11335E+03  7.52795E-04  1.48228E-03  9.93763E-04
       4       3      10  1.39541E-03  1.22855E-03  1.39541E-05  2.83148E+01  3.63356E+01  6.04476E+01 -3.45224E+00 -3.71075E+00 -6.85191E+00  5.27986E+03  8.55192E+03  2.40691E+04  6.58064E+03  1.40792E+04  1.10544E+04  0.00000E+00  0.00000E+00  1.22855E-03
       4       4       1  2.92574E-03  3.37059E-03  2.92574E-05  2.98344E-01  3.88677E-01  3.47106E-01  7.78271E+01 -6.15513E+01 -5.13059E+00  4.24878E+04  3.49500E+04  2.59271E+04 -1.33115E+04 -1.09339E+03  3.18516E+02  1.48562E-04  2.97466E-03  2.47365E-04
       4       4       2  8.84797E-04  1.06687E-03  8.84797E-06  7.44196E-01  9.74738E-01  8.67594E-01 -6.05728E+00  2.76659E+01 -3.53065E+01  4.08286E+04  4.20825E+04  2.96345E+04  2.33966E+03 -2.65241E+03  1.46283E+03  1.64117E-04  8.21153E-04  8.16036E-05
       4       4       3  1.49049E-03  1.49994E-03  1.49049E-05  1.08461E+00  1.40862E+00  1.28345E+00  2.94466E+01 -1.92172E+01 -3.56768E+00  2.37271E+04  2.15951E+04  1.71989E+04 -3.59943E+03  1.87467E+03  1.55829E+03  8.64401E-05  1.20638E-03  2.07122E-04
       4       4       4  2.39063E-03  1.93869E-03  2.39063E-05  1.70845E+00  2.19432E+00  2.03806E+00  8.86262E+01 -5.93123E+01 -1.27261E+01  6.61459E+04  5.19397E+04  3.96665E+04 -2.11934E+04 -6.48441E+03  2.97733E+03  4.19438E-04  1.39548E-03  1.23769E-04
       4       4       5  2.47067E-03  3.98311E-03  2.47067E-05  2.60952E+00  3.37853E+00  3.03549E+00  5.93936E+01 -3.72371E+01 -5.25834E+00  2.91074E+04  3.13188E+04  2.34881E+04 -5.81361E+02 -2.04651E+03  1.86393E+03  8.09457E-04  2.96816E-03  2.05496E-04
       4       4       6  2.63945E-03  3.15438E-03  2.63945E-05  3.63811E+00  4.69670E+00  4.03778E+00  4.29092E+01 -1.91991E+01 -6.06146E+00  1.79419E+04  1.76050E+04  1.24456E+04  3.30361E+03  1.75044E+03  2.15316E+03  3.58928E-04  2.49655E-03  2.98897E-04
       4       4       7  2.72089E-03  2.90987E-03  2.72089E-05  6.00772E+00  7.77632E+00  6.99965E+00  1.35405E+02 -1.27117E+02  4.10272E+01  4.22390E+04  3.89418E+04  3.06541E+04 -1.08748E+04 -1.77453E+03  2.68255E+03  5.29765E-04  2.15066E-03  2.29443E-04
       4       4       8  3.50209E-03  5.26633E-03  3.50209E-05  8.88663E+00  1.18412E+01  1.04739E+01  8.44712E+01 -6.95566E+01  3.02322E+01  1.98860E+04  2.13678E+04  1.77491E+04  1.12847E+03  4.43746E+02  1.91300E+03  9.91966E-04  3.78065E-03  4.93709E-04
       4       4       9  5.12996E-03  6.51401E-03  5.12996E-05  1.23509E+01  1.61337E+01  1.43075E+01  4.88851E+01 -3.16659E+01  4.38142E+00  8.08432E+03  8.55388E+03  6.75737E+03  1.41182E+03  1.18246E+03  1.20184E+03  6.72332E-04  4.56586E-03  1.27582E-03
       4       4      10  3.63368E-03  4.16089E-03  3.63368E-05  3.73226E+01  4.96949E+01  4.31371E+01  2.85639E+01 -1.86095E+01 -5.22860E-02  1.06337E+04  1.65533E+04  1.18500E+04  1.04699E+04  6.16493E+03  4.31925E+03  0.00000E+00  2.09730E-03  2.06359E-03
       4       5       1  3.59317E-03  3.28436E-03  3.59317E-05  3.26178E-01  4.24393E-01  2.28043E-01  8.46797E+01 -6.74380E+01 -5.31885E+00  3.65394E+04  3.05872E+04  3.31715E+04 -1.14957E+04 -4.06514E+02  1.69156E+02  1.34344E-04  2.95682E-03  1.93192E-04
       4       5       2  1.11888E-03  1.14982E-03  1.11888E-05  8.45549E-01  1.10523E+00  5.88989E-01  3.97921E+00  9.93876E+00 -3.30712E+01  4.11175E+04  4.57848E+04  3.42903E+04  9.34252E+03 -2.08830E+03  9.94822E+02  1.56473E-04  9.09855E-04  8.34875E-05
       4       5       3  1.85142E-03  1.79041E-03  1.85142E-05  1.22769E+00  1.58980E+00  8.54274E-01  3.85269E+01 -3.15561E+01 -5.75089E+00  2.74003E+04  3.30677E+04  2.04978E+04  5.88160E+03 -6.22437E+02  1.01052E+03  6.95930E-05  1.52953E-03  1.91282E-04
       4       5       4  3.14131E-03  2.27306E-03  3.14131E-05  1.94213E+00  2.50767E+00  1.34244E+00  7.15630E+01 -5.48285E+01 -1.06257E+01  4.74289E+04  4.73065E+04  5.51905E+04 -3.35060E+03 -4.22652E+03  4.21828E+02  4.05137E-04  1.76971E-03  9.82191E-05
       4       5       5  3.45845E-03  3.98501E-03  3.45845E-05  2.96259E+00  3.83222E+00  2.07876E+00  5.00728E+01 -3.37409E+01 -1.00322E+01  2.67164E+04  3.13978E+04  2.72390E+04  5.00869E+03 -1.41337E+03  4.75000E+02  7.38949E-04  3.04529E-03  2.00771E-04
       4       5       6  4.18325E-03  4.22443E-03  4.18325E-05  4.05418E+00  5.26736E+00  2.82726E+00  4.33571E+01 -2.70107E+01 -4.27470E+00  1.90634E+04  2.16908E+04  1.28802E+04  7.02571E+03  4.87516E+02  9.35776E+02  3.31056E-04  3.55657E-03  3.36801E-04
       4       5       7  5.08923E-03  3.09010E-03  5.08923E-05  6.68941E+00  8.72245E+00  4.61736E+00  1.13013E+02 -9.27370E+01  4.16339E+01  3.70550E+04  4.03226E+04  3.70195E+04  3.70885E+03  9.59044E+02  3.11766E+03  5.00384E-04  2.27902E-03  3.10687E-04
       4       5       8  5.43967E-03  5.82544E-03  5.43967E-05  1.00732E+01  1.33185E+01  7.01807E+00  6.65548E+01 -6.72401E+01  2.66136E+01  1.92589E+04  2.46642E+04  1.78410E+04  6.29306E+03  2.29002E+03  2.85340E+03  9.52208E-04  4.10907E-03  7.64169E-04
       4       5       9  8.42062E-03  7.93723E-03  8.42062E-05  1.41197E+01  1.84861E+01  9.57036E+00  3.51566E+01 -3.46203E+01  7.43626E+00  7.88722E+03  1.03553E+04  6.25693E+03  3.73531E+03  2.12107E+03  2.12072E+03  6.60925E-04  5.37844E-03  1.89787E-03
       4       5      10  9.39912E-03  6.50099E-03  9.39912E-05  4.22818E+01  5.56587E+01  3.08454E+01  1.51150E+01 -1.42971E+01  4.14120E-01  1.16783E+04  1.95327E+04  6.45860E+03  1.34757E+04  7.95570E+03  6.12513E+03  0.00000E+00  2.21098E-03  4.29001E-03
       4       6       1  3.97873E-03  4.22135E-03  3.97873E-05  3.53700E-01  4.60096E-01  7.76286E-02  1.16621E+02 -9.62618E+01 -4.21350E+00  3.74581E+04  3.12995E+04  2.90096E+04 -1.54527E+04 -1.63235E+02  9.45688E+01  1.29331E-04  3.92068E-03  1.71335E-04
       4       6       2  1.26314E-03  1.34978E-03  1.26314E-05  9.07312E-01  1.18588E+00  1.97243E-01  5.58698E+01 -3.89869E+01 -2.90478E+01  4.08133E+04  4.12802E+04  3.02857E+04  3.65088E+03 -2.00263E+03 -6.72289E+02  1.35506E-04  1.14059E-03  7.36925E-05
       4       6       3  2.06380E-03  2.18950E-03  2.06380E-05  1.31475E+00  1.70484E+00  2.87049E-01  5.68516E+01 -3.59380E+01 -5.35971E+00  2.30496E+04  2.31837E+04  1.51671E+04  2.52909E+03 -6.56182E+02  2.76411E+02  8.70414E-05  1.90729E-03  1.95173E-04
       4       6       4  3.62366E-03  3.12326E-03  3.62366E-05  2.09221E+00  2.71598E+00  4.62131E-01  7.14733E+01 -5.66227E+01 -8.00266E+00  5.60265E+04  4.61198E+04  4.49096E+04 -2.24959E+04 -6.04124E+02  3.93696E+02  4.00663E-04  2.60888E-03  1.13722E-04
       4       6       5  4.15962E-03  4.71254E-03  4.15962E-05  3.18732E+00  4.12431E+00  6.99131E-01  4.33561E+01 -3.46606E+01 -5.75505E+00  3.25393E+04  3.16484E+04  1.95497E+04 -2.18103E+03  6.22828E+02  1.36652E+03  7.01428E-04  3.78004E-03  2.31078E-04
       4       6       6  5.42089E-03  6.43850E-03  5.42089E-05  4.29235E+00  5.59342E+00  9.34605E-01  4.92307E+01 -3.90059E+01 -3.42082E+00  2.20529E+04  2.13847E+04  1.13897E+04 -2.92870E+03  4.77351E+02  5.42383E+02  3.24811E-04  5.51729E-03  5.96398E-04
       4       6       7  7.60391E-03  5.84889E-03  7.60391E-05  7.17814E+00  9.39375E+00  1.65170E+00  1.77420E+02 -1.42281E+02  1.91719E+01  5.48416E+04  4.73254E+04  2.17101E+04 -1.77570E+04  8.39399E+02  9.04513E+02  4.87329E-04  4.87992E-03  4.81641E-04
       4       6       8  7.68857E-03  9.84058E-03  7.68857E-05  1.08725E+01  1.42250E+01  2.41446E+00  1.13821E+02 -8.86222E+01  1.37570E+01  2.92820E+04  2.90536E+04  1.06510E+04  8.56593E+01  2.84762E+02  4.39718E+02  8.75385E-04  8.16279E-03  8.02398E-04
       4       6       9  1.11938E-02  1.12617E-02  1.11938E-04  1.46951E+01  1.93561E+01  3.37204E+00  7.19996E+01 -5.19292E+01  3.54986E+00  1.59516E+04  1.76805E+04  4.53825E+03  3.76295E+03  1.43874E+02  3.14428E+02  6.19653E-04  8.86295E-03  1.77905E-03
       4       6      10  1.74551E-02  1.95009E-02  1.74551E-04  4.52691E+01  5.81764E+01  9.71904E+00  5.27265E+01 -4.00507E+01 -5.23709E-01  1.76024E+04  2.30476E+04  1.22587E+03  1.12539E+04  7.40664E+02  5.55294E+02  0.00000E+00  1.51437E-02  4.35721E-03
       5       1       1  4.19136E-04  4.23459E-04  4.19136E-06  3.68310E-02  8.99261E-02  5.25565E-01  2.09223E+01 -9.91093E-01 -7.44037E+00  2.56674E+04  3.54900E+04  8.08944E+04  6.50888E+03  1.95224E+03  2.54685E+03  7.12561E-05  7.69642E-05  2.75239E-04
       5       1       2  1.19881E-04  1.01109E-04  1.19881E-06  1.01918E-01  2.55705E-01  1.48105E+00  8.06605E+00  5.63580E+01 -7.10050E+00  1.95827E+04  4.35785E+04  6.88303E+04  3.38347E+03 -3.23792E+02  2.12336E+02  4.41699E-05  4.09351E-05  1.60045E-05
       5       1       3  2.07147E-04  2.14426E-04  2.07147E-06  1.73262E-01  4.29617E-01  2.22197E+00  8.21718E+00  1.65113E+01 -4.05988E+00  1.81343E+04  2.33155E+04  3.60186E+04  2.71871E+02  1.42578E+03  2.72118E+02  3.03526E-05  1.43776E-04  4.02973E-05
       5       1       4  2.91175E-04  1.33725E-04  2.91175E-06  2.28680E-01  5.51369E-01  3.53632E+00  8.39450E+00  5.43965E+01 -2.10351E+01  3.61782E+04  6.49995E+04  4.34167E+04  4.21553E+03 -9.38930E+03  1.79122E+03  1.02750E-04  2.72140E-06  2.82537E-05
       5       1       5  2.66791E-04  2.34619E-04  2.66791E-06  3.33138E-01  8.10554E-01  5.15126E+00  1.57329E+00  3.85666E+01  3.72430E+00  1.33843E+04  3.02909E+04  3.16860E+04  7.38634E+02  3.37654E+03  9.24836E+02  1.85848E-04  4.94800E-07  4.82766E-05
       5       1       6  2.14924E-04  1.86885E-04  2.14924E-06  4.58588E-01  1.10716E+00  6.83985E+00  1.74685E+00  1.62129E+01 -1.09065E+00  5.06269E+03  1.04287E+04  2.24094E+04  4.83568E+01  1.98725E+03  1.30596E+03  9.26620E-05  1.08856E-05  8.33377E-05
       5       1       7  2.19115E-04  1.51268E-04  2.19115E-06  8.22195E-01  1.99496E+00  1.23209E+01  2.67033E+00 -1.69270E+02  1.02148E+01  1.88728E+04  4.33374E+04  3.39447E+04 -4.91249E+02 -3.94995E+03  2.90866E+02  1.34004E-04  0.00000E+00  1.72638E-05
       5       1       8  3.66506E-04  3.19204E-04  3.66506E-06  1.13345E+00  2.74979E+00  1.79063E+01  3.67895E-01 -9.56697E+01 -1.24916E+01  7.32432E+03  1.72973E+04  2.56960E+04  1.35885E+02  1.26975E+03  9.43867E+02  2.44112E-04  0.00000E+00  7.50921E-05
       5       1       9  3.80053E-04  3.03287E-04  3.80053E-06  1.50717E+00  3.79782E+00  2.38934E+01  8.28603E-01 -2.86057E+01 -1.16906E+01  2.46572E+03  5.79240E+03  1.08882E+04  5.20657E+01  8.00092E+02  2.86931E+02  1.83036E-04  0.00000E+00  1.20250E-04
       5       1      10  1.70817E-04  2.23336E-04  1.70817E-06  5.83378E+00  1.48246E+01  7.70067E+01  1.31188E+00 -6.55124E-01 -9.52160E+00  1.95598E+02  1.15669E+03  3.10743E+04  4.44219E+02  5.81874E+03  2.24470E+03  0.00000E+00  0.00000E+00  2.23336E-04
       5       2       1  1.26345E-03  1.35127E-03  1.26345E-05  9.15514E-02  2.19269E-01  5.27365E-01 -2.78554E+01  1.45425E+01 -1.59443E+00  3.12128E+04  3.09913E+04  4.92610E+04  2.05024E+02  4.36519E+02  1.65521E+03  1.14852E-04  6.39790E-04  5.96628E-04
       5       2       2  3.64633E-04  2.99952E-04  3.64633E-06  2.32845E-01  5.65416E-01  1.37145E+00  2.10334E+00  6.02479E+01 -3.17112E+01  2.29732E+04  3.79764E+04  6.68917E+04  4.11187E+03  1.01879E+03  1.96966E+03  8.63654E-05  1.64457E-04  4.91292E-05
       5       2       3  6.28435E-04  4.42757E-04  6.28435E-06  3.45980E-01  8.41952E-01  2.05894E+00  7.66327E+00  2.92841E+00 -5.86626E+00  1.03520E+04  2.21685E+04  3.42848E+04  6.74319E+03  7.95628E+03  4.03254E+03  5.47162E-05  2.99500E-04  8.85405E-05
       5       2       4  9.05462E-04  5.72578E-04  9.05462E-06  5.99857E-01  1.44833E+00  3.29844E+00  1.33026E+02 -2.18719E+01 -1.23919E+01  5.68624E+04  4.55929E+04  4.19657E+04 -9.95004E+03 -5.64803E+03  3.56962E+03  1.94614E-04  3.03961E-04  7.40030E-05
       5       2       5  8.46091E-04  6.21976E-04  8.46091E-06  7.94748E-01  1.89937E+00  4.80057E+00  1.32624E+01  2.44191E+01 -1.40573E+00  1.07113E+04  3.17109E+04  3.81765E+04  1.02202E+03  1.40944E+03  2.60707E+03  3.77209E-04  1.10007E-04  1.34760E-04
       5       2       6  7.16949E-04  7.73615E-04  7.16949E-06  1.10645E+00  2.73993E+00  6.50237E+00  2.08519E+01  2.79669E+00 -7.93862E-01  5.19472E+03  9.13056E+03  1.95380E+04  1.38947E+02  4.27516E+03  1.87415E+03  1.72188E-04  2.44074E-04  3.57353E-04
       5       2       7  7.07613E-04  6.12887E-04  7.07613E-06  2.01571E+00  4.83022E+00  1.11140E+01  9.72699E+01 -1.08897E+02  4.81600E+01  3.26004E+04  3.09345E+04  3.36788E+04 -7.21051E+03 -2.80762E+02  2.56200E+03  2.80866E-04  2.12541E-04  1.19480E-04
       5       2       8  1.16737E-03  1.04896E-03  1.16737E-05  2.91926E+00  7.02699E+00  1.64489E+01  5.01093E+01 -7.47317E+01  3.02586E+01  1.26800E+04  1.64811E+04  2.30138E+04 -1.95132E+03  2.64239E+03  2.04468E+03  5.26997E-04  2.66702E-04  2.55262E-04
       5       2       9  1.29188E-03  9.09268E-04  1.29188E-05  3.80555E+00  9.20978E+00  2.21351E+01  1.17346E+01 -2.11703E+01  8.85790E+00  3.05807E+03  6.38692E+03  1.25770E+04  1.51597E+02  2.67224E+03  1.80216E+03  3.93696E-04  6.89323E-05  4.46640E-04
       5       2      10  5.85537E-04  7.06846E-04  5.85537E-06  1.13454E+01  2.89247E+01  6.97800E+01  9.18786E-01  3.34916E+00  8.82129E+00  8.21725E+02  5.20705E+03  3.06680E+04  2.00857E+03  1.23202E+04  4.82041E+03  0.00000E+00  0.00000E+00  7.06846E-04
       5       3       1  2.11101E-03  2.19508E-03  2.11101E-05  1.34593E-01  3.23722E-01  4.76628E-01 -6.25741E+01  2.42133E+01 -8.59034E-01  3.08770E+04  2.70062E+04  3.53413E+04 -1.24139E+03 -4.72646E+02  3.06222E+02  1.04650E-04  1.70166E-03  3.88768E-04
       5       3       2  6.20685E-04  6.35745E-04  6.20685E-06  3.44013E-01  8.27761E-01  1.21117E+00 -3.39017E+01  4.26777E+01 -1.71063E+01  2.89820E+04  4.47888E+04  4.29157E+04  9.96384E+03 -2.67533E+02  3.27732E+03  1.01206E-04  4.83429E-04  5.11097E-05
       5       3       3  1.06178E-03  1.09902E-03  1.06178E-05  5.17127E-01  1.22967E+00  1.82431E+00  3.27054E+01 -1.06254E+01 -6.88852E+00  7.13524E+03  1.50860E+04  2.21340E+04  4.94934E+03  2.22271E+03  1.08698E+03  6.07695E-05  9.42788E-04  9.54661E-05
       5       3       4  1.60227E-03  7.87455E-04  1.60227E-05  7.98830E-01  1.89614E+00  2.72730E+00  1.67861E+02 -6.40974E+01 -1.98595E+01  7.20085E+04  5.14803E+04  4.95299E+04 -1.64308E+04 -6.60952E+03  2.91450E+03  2.02809E-04  5.03121E-04  8.15263E-05
       5       3       5  1.55960E-03  1.73690E-03  1.55960E-05  1.23539E+00  2.98212E+00  4.18283E+00  9.08045E+01 -2.71465E+01 -1.09878E+01  2.35478E+04  2.82908E+04  2.62017E+04  1.38883E+02  7.76227E+00  1.88281E+03  4.00097E-04  1.18821E-03  1.48600E-04
       5       3       6  1.45998E-03  1.67846E-03  1.45998E-05  1.54292E+00  3.77980E+00  5.80386E+00  4.93953E+01 -2.08057E+01 -7.13252E+00  1.01650E+04  1.12365E+04  1.68121E+04 -7.38533E+02  3.64451E+03  1.64661E+03  1.90431E-04  1.17359E-03  3.14435E-04
       5       3       7  1.40835E-03  1.10805E-03  1.40835E-05  2.80061E+00  6.75480E+00  9.82306E+00  1.16920E+02 -8.24644E+01  3.70014E+01  3.08520E+04  3.06610E+04  3.87464E+04 -3.23945E+03  3.94809E+02  3.04330E+03  3.13670E-04  6.43205E-04  1.51173E-04
       5       3       8  2.16387E-03  2.41712E-03  2.16387E-05  4.18860E+00  1.00726E+01  1.45294E+01  8.10523E+01 -5.39308E+01  1.86447E+01  1.48551E+04  1.65473E+04  2.16121E+04 -7.63594E+02  2.11198E+03  1.69660E+03  6.16743E-04  1.44910E-03  3.51275E-04
       5       3       9  2.72344E-03  2.72717E-03  2.72344E-05  5.62233E+00  1.35649E+01  1.96739E+01  3.97529E+01 -1.67331E+01  4.46666E+00  5.08814E+03  5.97400E+03  8.91502E+03  6.97524E+01  2.55739E+03  1.26716E+03  4.38718E-04  1.43933E-03  8.49126E-04
       5       3      10  1.38564E-03  1.27717E-03  1.38564E-05  1.83146E+01  4.31908E+01  5.98887E+01 -3.39294E+00 -5.21529E+00 -7.28249E+00  2.16986E+03  1.19927E+04  2.35004E+04  4.94537E+03  1.65591E+04  6.86696E+03  0.00000E+00  0.00000E+00  1.27717E-03
       5       4       1  2.91636E-03  3.46898E-03  2.91636E-05  1.87846E-01  4.54274E-01  3.49544E-01  8.98788E+01 -3.91551E+01 -2.38634E+00  4.55528E+04  2.79679E+04  2.41546E+04 -8.90943E+03 -1.68049E+01  1.49016E+01  8.94547E-05  3.06927E-03  3.10256E-04
       5       4       2  8.80760E-04  1.02003E-03  8.80760E-06  4.68750E-01  1.13651E+00  8.66965E-01 -9.76289E+00  1.44168E+01 -2.60058E+01  4.03726E+04  4.55701E+04  2.57944E+04  1.77261E+03 -2.65814E+03  1.39852E+02  9.99863E-05  8.69579E-04  5.04659E-05
       5       4       3  1.48605E-03  1.51139E-03  1.48605E-05  6.73374E-01  1.64477E+00  1.27875E+00  2.72585E+01 -9.64820E+00 -5.30807E+00  2.18387E+04  2.13987E+04  1.37733E+04 -9.27709E+02  1.42624E+03  1.71329E+03  5.42543E-05  1.33539E-03  1.21747E-04
       5       4       4  2.37806E-03  1.70758E-03  2.37806E-05  1.07132E+00  2.55605E+00  2.02989E+00  1.26707E+02 -4.46351E+01 -9.64803E+00  8.58345E+04  4.72606E+04  3.20204E+04 -1.78335E+04 -2.69464E+03  8.31256E+02  2.11691E-04  1.40521E-03  9.06787E-05
       5       4       5  2.45516E-03  3.76286E-03  2.45516E-05  1.63512E+00  3.96401E+00  3.01600E+00  7.39067E+01 -2.72755E+01 -4.97777E+00  3.16298E+04  3.16531E+04  1.98406E+04 -2.17798E+03  5.55619E+02  5.38864E+02  3.75384E-04  3.23624E-03  1.51231E-04
       5       4       6  2.62067E-03  2.89029E-03  2.62067E-05  2.27046E+00  5.55883E+00  4.08670E+00  4.58017E+01 -1.15352E+01  1.01160E+00  1.43927E+04  2.01779E+04  1.17982E+04  3.50384E+03  2.91876E+03  1.78010E+03  1.80889E-04  2.43233E-03  2.77073E-04
       5       4       7  2.69471E-03  2.81672E-03  2.69471E-05  3.82967E+00  9.06752E+00  6.98816E+00  1.70496E+02 -8.53948E+01  2.19082E+01  4.92190E+04  3.49205E+04  2.84987E+04 -8.20992E+03  2.37001E+03  1.85078E+03  3.20034E-04  2.26621E-03  2.30473E-04
       5       4       8  3.48402E-03  4.76781E-03  3.48402E-05  5.55844E+00  1.36986E+01  1.04561E+01  1.01048E+02 -5.56460E+01  1.71108E+01  1.98849E+04  2.32468E+04  1.73963E+04  5.47219E+02  2.97638E+03  1.84842E+03  6.00921E-04  3.74117E-03  4.25718E-04
       5       4       9  5.09051E-03  6.22830E-03  5.09051E-05  7.92023E+00  1.87165E+01  1.42543E+01  5.62846E+01 -2.58792E+01  2.39699E+00  7.66524E+03  1.07006E+04  7.40765E+03  1.37142E+03  2.54869E+03  1.01898E+03  4.72617E-04  4.76359E-03  9.92095E-04
       5       4      10  3.57270E-03  5.62113E-03  3.57270E-05  2.32870E+01  5.75327E+01  4.43277E+01  2.14441E+01 -1.20481E+01 -1.52595E+00  5.03749E+03  2.04359E+04  1.22450E+04  7.53885E+03  1.03120E+04  4.18578E+03  0.00000E+00  2.06646E-03  3.55467E-03
       5       5       1  3.57726E-03  3.32873E-03  3.57726E-05  2.05041E-01  4.96236E-01  2.28569E-01  9.79346E+01 -4.17869E+01 -3.59525E+00  4.07149E+04  2.53673E+04  3.21684E+04 -8.10077E+03 -1.12373E+03 -3.52029E+02  7.82164E-05  2.97122E-03  2.79299E-04
       5       5       2  1.11138E-03  1.07624E-03  1.11138E-05  5.27211E-01  1.28281E+00  5.89930E-01  4.67946E+00  9.39756E+00 -2.57529E+01  3.76616E+04  5.76083E+04  3.33094E+04  9.01521E+03 -1.24753E+03  4.14937E+02  1.00762E-04  9.15295E-04  6.01874E-05
       5       5       3  1.84377E-03  1.76960E-03  1.84377E-05  7.68717E-01  1.85611E+00  8.60389E-01  4.85507E+01 -1.95726E+01 -7.75593E+00  2.67600E+04  3.70189E+04  2.02030E+04  4.66660E+03  1.46106E+03  4.86181E+02  4.85674E-05  1.59180E-03  1.29234E-04
       5       5       4  3.11788E-03  2.04031E-03  3.11788E-05  1.21743E+00  2.94631E+00  1.34679E+00  9.08313E+01 -3.97249E+01 -2.04929E+00  5.36697E+04  5.17965E+04  4.79344E+04 -1.25039E+03 -9.82520E+02  2.07341E+03  2.03582E-04  1.74001E-03  9.67158E-05
       5       5       5  3.42536E-03  3.50585E-03  3.42536E-05  1.85861E+00  4.47121E+00  2.08891E+00  6.12626E+01 -2.47236E+01 -7.70081E+00  2.60553E+04  3.75304E+04  2.50157E+04  4.62274E+03  1.33718E+03  8.15115E+02  3.49744E-04  2.96026E-03  1.95845E-04
       5       5       6  4.13936E-03  4.00102E-03  4.13936E-05  2.54780E+00  6.15371E+00  2.81953E+00  5.14862E+01 -1.47317E+01 -1.89320E+00  1.62669E+04  2.81504E+04  1.28305E+04  6.94275E+03  2.25231E+03  1.38450E+03  1.74593E-04  3.50006E-03  3.26370E-04
       5       5       7  5.00221E-03  2.95928E-03  5.00221E-05  4.25263E+00  1.01558E+01  4.62209E+00  1.33063E+02 -6.28168E+01  2.56628E+01  3.63032E+04  4.72675E+04  3.26777E+04  4.27074E+03  2.59966E+03  2.47342E+03  3.10622E-04  2.25800E-03  3.90657E-04
       5       5       8  5.37229E-03  5.62455E-03  5.37229E-05  6.31326E+00  1.55017E+01  6.84805E+00  8.42324E+01 -3.74906E+01  9.77539E+00  1.68159E+04  2.96733E+04  1.59967E+04  5.64153E+03  3.08137E+03  1.08205E+03  5.90960E-04  3.99928E-03  1.03431E-03
       5       5       9  8.32613E-03  8.47342E-03  8.32613E-05  8.88641E+00  2.18143E+01  9.24713E+00  4.01221E+01 -1.82429E+01  1.00798E+00  5.91160E+03  1.22913E+04  5.36553E+03  3.08811E+03  2.36441E+03  1.12534E+03  4.54033E-04  5.09277E-03  2.92662E-03
       5       5      10  9.12961E-03  6.56128E-03  9.12961E-05  2.63956E+01  6.56255E+01  2.92793E+01  2.01939E+01 -1.44679E+01 -2.85282E+00  5.64501E+03  2.57879E+04  5.90946E+03  9.66888E+03  6.82598E+03  2.68315E+03  0.00000E+00  2.64277E-03  3.91851E-03
       5       6       1  3.95819E-03  4.22871E-03  3.95819E-05  2.21774E-01  5.36075E-01  7.72731E-02  1.38717E+02 -5.99863E+01 -2.65199E+00  4.44570E+04  2.27886E+04  2.77195E+04 -1.17393E+04  2.22325E+02  9.96246E+00  7.43398E-05  3.91991E-03  2.34455E-04
       5       6       2  1.25292E-03  1.29438E-03  1.25292E-05  5.69252E-01  1.37809E+00  2.01172E-01  6.67573E+01 -2.84010E+01 -1.95135E+01  4.12286E+04  5.14623E+04  2.81980E+04  5.40875E+03 -3.27423E+03 -9.65182E+02  9.87123E-05  1.11333E-03  8.23353E-05
       5       6       3  2.05383E-03  2.10375E-03  2.05383E-05  8.18434E-01  1.99019E+00  2.79915E-01  6.59342E+01 -2.66876E+01 -8.51162E+00  2.33913E+04  3.37102E+04  1.63626E+04  3.77809E+03 -1.15303E+03 -1.20286E+03  5.08267E-05  1.88378E-03  1.69147E-04
       5       6       4  3.59172E-03  3.08680E-03  3.59172E-05  1.31540E+00  3.19287E+00  4.60674E-01  8.95996E+01 -3.47014E+01 -6.46130E+00  6.97186E+04  4.20328E+04  3.81138E+04 -1.42962E+04  6.45133E+02  4.34223E+02  2.01528E-04  2.70342E-03  1.81847E-04
       5       6       5  4.11066E-03  4.30280E-03  4.11066E-05  1.97796E+00  4.79799E+00  6.94556E-01  5.35858E+01 -2.53226E+01 -3.20787E+00  3.53415E+04  3.88650E+04  1.56460E+04  5.11215E+02  2.73939E+03  1.17506E+03  3.41285E-04  3.62331E-03  3.38205E-04
       5       6       6  5.35240E-03  6.68020E-03  5.35240E-05  2.68141E+00  6.55630E+00  9.47235E-01  5.60112E+01 -2.70562E+01 -8.00495E-01  2.31494E+04  2.34705E+04  9.96356E+03 -1.55156E+03  2.39677E+03  9.11026E+02  1.72282E-04  5.77554E-03  7.32377E-04
       5       6       7  7.43558E-03  5.96473E-03  7.43558E-05  4.48038E+00  1.09295E+01  1.70780E+00  2.04468E+02 -8.27784E+01  1.42516E+01  6.26129E+04  4.30533E+04  1.81002E+04 -1.09125E+04  3.30593E+03  1.63242E+03  3.16853E-04  4.77841E-03  8.69459E-04
       5       6       8  7.52143E-03  1.02519E-02  7.52143E-05  6.78527E+00  1.65152E+01  2.52635E+00  1.28895E+02 -5.34794E+01  1.02240E+01  2.82038E+04  3.20434E+04  8.81440E+03  1.19666E+03  1.41715E+03  8.71381E+02  5.53854E-04  8.23105E-03  1.46701E-03
       5       6       9  1.10363E-02  1.28292E-02  1.10363E-04  9.20970E+00  2.28211E+01  3.65014E+00  7.17630E+01 -2.81639E+01  7.00210E-01  1.21679E+04  1.83823E+04  3.56683E+03  2.70162E+03  7.78659E+02  3.41731E+02  4.09930E-04  9.09742E-03  3.32190E-03
       5       6      10  1.67990E-02  1.93943E-02  1.67990E-04  2.77456E+01  6.83168E+01  9.49057E+00  6.11018E+01 -2.36970E+01  2.65711E+00  1.19442E+04  2.87561E+04  1.14163E+03  8.07152E+03  8.42958E+02  4.64225E+02  0.00000E+00  1.47877E-02  4.60651E-03
       6       1       1  4.19098E-04  4.03560E-04  4.19098E-06  1.35015E-02  9.60055E-02  5.38817E-01  1.93118E+01  1.31141E+01 -1.34028E+00  2.39635E+04  3.42744E+04  9.18344E+04  2.35347E+03  1.43798E+03  1.56939E+03  6.54026E-05  1.01373E-04  2.36785E-04
       6       1       2  1.19868E-04  1.24950E-04  1.19868E-06  3.46117E-02  2.83446E-01  1.48622E+00  1.40773E+01  7.03496E+01 -1.88068E+01  1.53776E+04  2.73111E+04  7.96908E+04  2.62832E+02  3.08094E+03 -2.84017E+02  4.17354E-05  6.69529E-05  1.62620E-05
       6       1       3  2.07129E-04  2.63207E-04  2.07129E-06  5.52262E-02  4.58674E-01  2.21981E+00  6.39785E+00  1.31779E+00  1.08655E+01  1.22314E+04  1.25694E+04  2.81418E+04 -1.93023E+02  1.25259E+03  1.66845E+03  2.51774E-05  2.09493E-04  2.85365E-05
       6       1       4  2.91136E-04  1.39689E-04  2.91136E-06  7.65777E-02  6.00461E-01  3.53017E+00  7.15717E-01  4.44437E+01 -6.28954E+00  3.72670E+04  6.49098E+04  5.07497E+04  2.31360E+03 -4.50207E+03  1.92474E+03  9.81227E-05  3.95840E-06  3.76078E-05
       6       1       5  2.66756E-04  2.52456E-04  2.66756E-06  1.17305E-01  8.91251E-01  5.17465E+00  4.24649E-01  3.52488E+01  1.60079E+01  1.23237E+04  2.71971E+04  3.53350E+04  1.80351E+02  3.67859E+03  7.79591E+02  1.84100E-04  5.44280E-06  6.29129E-05
       6       1       6  2.14890E-04  1.79981E-04  2.14890E-06  1.72122E-01  1.21608E+00  6.90731E+00  4.28446E+00  1.89598E+01  1.11371E+01  4.61134E+03  9.47867E+03  2.58221E+04  7.74083E+01  3.24721E+03  3.56571E+02  8.04600E-05  9.15380E-06  9.03671E-05
       6       1       7  2.19092E-04  1.50184E-04  2.19092E-06  2.58914E-01  2.04428E+00  1.22566E+01  7.26846E-01 -1.55028E+02  5.45243E+01  1.87118E+04  4.11253E+04  3.59530E+04  9.36069E+01 -1.99715E+03  1.01483E+03  1.24876E-04  0.00000E+00  2.53078E-05
       6       1       8  3.66470E-04  2.91873E-04  3.66470E-06  3.91945E-01  3.09143E+00  1.79042E+01 -2.57949E+00 -1.01986E+02  3.23318E+01  8.28451E+03  1.86808E+04  2.44625E+04  3.06253E+02  8.19040E+02 -4.32380E+01  2.42357E-04  0.00000E+00  4.95159E-05
       6       1       9  3.79987E-04  3.37218E-04  3.79987E-06  6.23783E-01  4.04523E+00  2.42440E+01  1.36499E+00 -2.93186E+01  8.73158E+00  2.33419E+03  5.35341E+03  1.04948E+04  3.37857E-01  9.68151E+02  4.30817E+02  1.85362E-04  0.00000E+00  1.51856E-04
       6       1      10  1.70789E-04  1.64636E-04  1.70789E-06  2.07359E+00  1.52820E+01  7.40541E+01  3.54005E-01  1.97777E+00  2.23355E+01  6.53303E+01  1.67509E+03  3.64330E+04  2.28078E+02  7.54534E+03  1.07499E+03  0.00000E+00  0.00000E+00  1.64636E-04
       6       2       1  1.26289E-03  1.03001E-03  1.26289E-05  3.19311E-02  2.40246E-01  5.18853E-01 -4.36028E+01  7.70811E+00 -3.57432E+00  4.07394E+04  3.68941E+04  5.60563E+04 -6.41326E+02 -3.77662E+03  2.06523E+02  1.03348E-04  7.08717E-04  2.17945E-04
       6       2       2  3.64433E-04  3.04138E-04  3.64433E-06  8.44689E-02  6.19700E-01  1.36456E+00 -1.39556E+01  4.62362E+01 -1.47682E+01  2.86112E+04  4.30034E+04  5.89352E+04  7.01201E+02  2.38433E+03 -3.10455E+01  7.30907E-05  1.96354E-04  3.46933E-05
       6       2       3  6.28176E-04  5.61306E-04  6.28176E-06  1.27366E-01  9.15415E-01  2.06810E+00  1.94648E+01  2.06783E+00 -1.11303E+01  3.53885E+03  1.29879E+04  2.58737E+04  1.05566E+03  4.33155E+03  6.78675E+02  6.23743E-05  4.61705E-04  3.72261E-05
       6       2       4  9.04850E-04  5.41507E-04  9.04850E-06  2.12812E-01  1.58852E+00  3.30823E+00  1.59499E+02  4.34554E+00 -2.22418E+01  6.54823E+04  4.25913E+04  3.51994E+04 -3.55623E+03 -8.05540E+03  6.88189E+01  1.67805E-04  3.25620E-04  4.80819E-05
       6       2       5  8.45510E-04  5.17779E-04  8.45510E-06  2.78765E-01  2.06404E+00  4.78020E+00  2.00137E+01  3.36203E+01 -2.56597E+01  1.06487E+04  3.42239E+04  3.83652E+04  1.45470E+03  2.27467E+03  1.54876E+02  3.23983E-04  8.49440E-05  1.08852E-04
       6       2       6  7.16369E-04  8.07826E-04  7.16369E-06  4.10086E-01  2.95457E+00  6.41307E+00  3.86727E+01  1.86060E+00 -5.10340E+00  8.31196E+03  8.27177E+03  1.78268E+04 -4.80798E+02  4.11834E+03  6.76135E+02  1.54253E-04  3.28002E-04  3.25571E-04
       6       2       7  7.07162E-04  5.62418E-04  7.07162E-06  6.74223E-01  5.23920E+00  1.11791E+01  1.18973E+02 -9.49252E+01  3.81371E+01  3.97838E+04  2.77489E+04  2.99322E+04 -2.73392E+03 -1.21220E+03 -2.00153E+02  2.40997E-04  2.38801E-04  8.26191E-05
       6       2       8  1.16679E-03  9.65835E-04  1.16679E-05  1.02586E+00  7.68473E+00  1.63805E+01  6.91652E+01 -6.56570E+01  2.66071E+01  1.59294E+04  1.57261E+04  2.13537E+04 -1.21006E+03  2.56996E+03  6.98281E+02  4.59040E-04  3.34814E-04  1.71981E-04
       6       2       9  1.29070E-03  9.43214E-04  1.29070E-05  1.42624E+00  1.02669E+01  2.21949E+01  2.16085E+01 -1.94723E+01  1.46381E+01  4.20974E+03  5.84747E+03  1.12727E+04 -6.42877E+01  2.95517E+03  8.58377E+02  3.28465E-04  1.32120E-04  4.82629E-04
       6       2      10  5.84898E-04  6.14719E-04  5.84898E-06  3.19015E+00  3.04767E+01  7.11411E+01 -4.56638E-01 -3.42600E-01 -2.20704E+00  9.74627E+01  5.29652E+03  2.91369E+04  5.43349E+02  1.20671E+04  1.32806E+03  0.00000E+00  0.00000E+00  6.14719E-04
       6       3       1  2.10874E-03  1.89674E-03  2.10874E-05  4.56586E-02  3.45522E-01  4.75484E-01 -7.72480E+01  1.30733E+01 -1.54893E+00  3.48091E+04  2.67784E+04  3.55496E+04 -7.78238E+02 -1.05514E+03 -2.22725E+01  8.80864E-05  1.65779E-03  1.50863E-04
       6       3       2  6.19802E-04  5.83234E-04  6.19802E-06  1.15849E-01  8.94852E-01  1.21304E+00 -3.48691E+01  3.48151E+01 -3.08082E+01  2.18640E+04  4.68387E+04  4.42046E+04  3.24485E+03 -3.79583E+03 -5.27505E+02  9.05052E-05  4.63119E-04  2.96090E-05
       6       3       3  1.06072E-03  9.00481E-04  1.06072E-05  1.72998E-01  1.31574E+00  1.81486E+00  3.72551E+01 -5.11729E+00  1.01473E+00  5.24748E+03  1.95821E+04  2.42114E+04  1.60161E+03  2.58216E+03  4.28691E+02  3.98222E-05  8.10723E-04  4.99359E-05
       6       3       4  1.59954E-03  7.45972E-04  1.59954E-05  2.67768E-01  2.03732E+00  2.70729E+00  1.79636E+02 -8.44150E+00 -1.23799E+01  7.50299E+04  4.72126E+04  5.24073E+04 -5.24850E+03 -1.80580E+03  1.70748E+03  1.70091E-04  4.80048E-04  9.58334E-05
       6       3       5  1.55669E-03  1.67536E-03  1.55669E-05  4.21564E-01  3.20011E+00  4.16107E+00  9.98951E+01  1.20460E-01 -1.77956E+00  2.27409E+04  2.83639E+04  2.59338E+04  3.42380E+02  1.34473E+03  9.59657E+02  3.40204E-04  1.20544E-03  1.29714E-04
       6       3       6  1.45681E-03  1.24066E-03  1.45681E-05  5.50850E-01  3.98816E+00  5.74543E+00  5.95093E+01  9.18663E-01 -3.80540E+00  1.08068E+04  1.15375E+04  1.79470E+04 -3.66468E+02  4.19245E+03  5.76248E+02  1.54122E-04  8.58839E-04  2.27700E-04
       6       3       7  1.40524E-03  9.74885E-04  1.40524E-05  9.59584E-01  7.20779E+00  9.84752E+00  1.33241E+02 -5.05870E+01  4.24303E+01  3.28875E+04  2.95848E+04  3.84729E+04 -1.37351E+03  4.71341E+02  5.83688E+02  2.56861E-04  6.03539E-04  1.14484E-04
       6       3       8  2.16104E-03  2.09578E-03  2.16104E-05  1.42181E+00  1.07993E+01  1.45695E+01  8.96803E+01 -3.23674E+01  2.08182E+01  1.50569E+04  1.61646E+04  2.17572E+04 -1.91132E+02  1.97821E+03  2.20692E+02  4.94917E-04  1.35672E-03  2.44146E-04
       6       3       9  2.71687E-03  2.27989E-03  2.71687E-05  1.86173E+00  1.43097E+01  1.97378E+01  4.61739E+01 -9.51124E+00  3.00818E+00  5.25884E+03  6.18975E+03  9.52081E+03  2.50063E+01  2.68400E+03  2.60316E+02  3.52775E-04  1.39494E-03  5.32176E-04
       6       3      10  1.38006E-03  1.20120E-03  1.38006E-05  6.03573E+00  4.61940E+01  6.03248E+01 -1.35013E+00 -7.27263E+00 -8.87459E+00  3.21221E+02  1.35230E+04  2.34947E+04  1.69606E+03  1.75473E+04  2.15262E+03  0.00000E+00  0.00000E+00  1.20120E-03
       6       4       1  2.91097E-03  3.30867E-03  2.91097E-05  6.51902E-02  4.93115E-01  3.52507E-01  1.07297E+02 -1.35099E+01 -2.64692E+00  5.30690E+04  2.46759E+04  2.36674E+04 -2.98025E+03 -9.53871E+02 -6.00448E+02  7.84610E-05  3.11391E-03  1.16299E-04
       6       4       2  8.78448E-04  9.51025E-04  8.78448E-06  1.60667E-01  1.21585E+00  8.66563E-01 -1.00550E+01  1.41452E+01 -1.53167E+01  4.18225E+04  4.54865E+04  2.53709E+04 -1.68672E+02 -1.25530E+03 -2.21777E+02  8.19265E-05  8.46735E-04  2.23639E-05
       6       4       3  1.48349E-03  1.58070E-03  1.48349E-05  2.28443E-01  1.77329E+00  1.28392E+00  3.77517E+01  4.07132E-01 -2.69897E+00  2.43396E+04  2.06922E+04  1.51612E+04 -7.58231E+02  1.58245E+03  9.01059E+01  5.06583E-05  1.48113E-03  4.89052E-05
       6       4       4  2.37085E-03  1.64150E-03  2.37085E-05  3.60451E-01  2.73743E+00  2.02740E+00  1.34518E+02 -1.79222E+01 -6.98850E+00  9.19323E+04  3.99848E+04  3.03513E+04 -8.11978E+03 -3.73025E+03  1.07861E+02  1.68022E-04  1.40563E-03  6.78487E-05
       6       4       5  2.44631E-03  3.75829E-03  2.44631E-05  5.58155E-01  4.25700E+00  3.00912E+00  8.05857E+01 -6.57440E+00 -6.09202E+00  3.33572E+04  2.99879E+04  1.91638E+04 -5.71180E+02 -1.99056E+02  1.03834E+02  3.25333E-04  3.31290E-03  1.20063E-04
       6       4       6  2.60991E-03  2.73558E-03  2.60991E-05  7.89399E-01  5.99229E+00  4.08229E+00  5.06004E+01  4.66999E-01 -9.19624E-03  1.27142E+04  2.40581E+04  1.21912E+04  1.76571E+03  2.26661E+03  4.65079E+02  1.46029E-04  2.36441E-03  2.25138E-04
       6       4       7  2.67979E-03  2.64503E-03  2.67979E-05  1.30529E+00  9.72878E+00  6.98263E+00  1.94407E+02 -3.66759E+01  1.86458E+01  5.45407E+04  3.21013E+04  2.66375E+04 -3.59216E+03  1.25712E+03  6.28703E+02  2.59012E-04  2.25038E-03  1.35638E-04
       6       4       8  3.47372E-03  4.27361E-03  3.47372E-05  1.86524E+00  1.46286E+01  1.03888E+01  1.19840E+02 -3.18430E+01  1.04844E+01  2.16963E+04  2.32904E+04  1.60480E+04 -6.35009E+02  1.93006E+03  2.91156E+02  5.08302E-04  3.51266E-03  2.52653E-04
       6       4       9  5.06791E-03  5.95515E-03  5.06791E-05  2.81712E+00  2.02284E+01  1.41194E+01  6.71870E+01 -1.22404E+01  9.73797E-01  7.86649E+03  1.04673E+04  6.48263E+03  2.07328E+02  1.97923E+03  2.72111E+02  3.50887E-04  5.09092E-03  5.13344E-04
       6       4      10  3.53815E-03  4.40197E-03  3.53815E-05  8.41626E+00  6.13023E+01  4.31455E+01  3.39151E+01 -4.42215E+00  2.27142E-01  3.09828E+03  2.42398E+04  1.20181E+04  3.03565E+03  9.36772E+03  1.43446E+03  0.00000E+00  2.28324E-03  2.11874E-03
       6       5       1  3.56812E-03  3.15397E-03  3.56812E-05  7.05103E-02  5.33159E-01  2.28739E-01  1.11953E+02 -1.39556E+01 -1.95560E+00  4.54566E+04  2.05300E+04  3.13326E+04 -3.70091E+03 -1.19685E+03 -3.01203E+02  6.99217E-05  2.99369E-03  9.03564E-05
       6       5       2  1.10710E-03  9.90910E-04  1.10710E-05  1.78340E-01  1.37661E+00  5.93237E-01  4.20197E+00  4.74183E+00 -1.97620E+01  3.56242E+04  5.60317E+04  3.35716E+04  2.43419E+03 -2.00545E+03 -5.55791E+02  7.61876E-05  8.89810E-04  2.49127E-05
       6       5       3  1.83938E-03  1.66066E-03  1.83938E-05  2.67895E-01  1.98783E+00  8.55892E-01  5.07964E+01 -9.60337E+00 -3.08425E+00  2.50403E+04  4.33695E+04  2.10159E+04  2.45010E+03  3.21386E+02  2.28859E+02  4.95195E-05  1.55750E-03  5.36468E-05
       6       5       4  3.10447E-03  1.99755E-03  3.10447E-05  4.17291E-01  3.15700E+00  1.34316E+00  1.00597E+02 -9.58307E+00 -7.14455E+00  5.43574E+04  5.43723E+04  4.58080E+04  3.95559E+02  1.90757E+02 -1.61280E+02  1.65602E-04  1.74446E-03  8.74873E-05
       6       5       5  3.40655E-03  3.53065E-03  3.40655E-05  6.38500E-01  4.78517E+00  2.10685E+00  6.93317E+01 -9.92607E+00 -7.80022E+00  2.46851E+04  3.87829E+04  2.44931E+04  1.27028E+03  3.88015E+02 -4.38466E+02  3.06199E-04  3.07056E-03  1.53892E-04
       6       5       6  4.11432E-03  3.91839E-03  4.11432E-05  8.53938E-01  6.61911E+00  2.77839E+00  5.27966E+01 -3.23027E+00 -3.70634E+00  1.35082E+04  2.73785E+04  1.14702E+04  2.10164E+03  3.30122E+03  4.49172E+02  1.41487E-04  3.50433E-03  2.72569E-04
       6       5       7  4.95296E-03  2.80082E-03  4.95296E-05  1.47391E+00  1.09126E+01  4.67340E+00  1.50767E+02 -2.61799E+01  2.19862E+01  3.63978E+04  5.00580E+04  3.18690E+04  1.81813E+03  5.00123E+03  9.10956E+02  2.68557E-04  2.25998E-03  2.72287E-04
       6       5       8  5.33451E-03  4.95537E-03  5.33451E-05  2.17670E+00  1.65468E+01  6.96883E+00  1.00180E+02 -1.06333E+01  8.36763E+00  1.60348E+04  3.35883E+04  1.66830E+04  2.81331E+03  3.26655E+03 -1.61962E+02  4.28956E-04  4.06702E-03  4.59390E-04
       6       5       9  8.27221E-03  6.19593E-03  8.27221E-05  2.97047E+00  2.27798E+01  9.77241E+00  5.67894E+01 -4.18806E+00  4.74997E+00  6.13261E+03  1.87569E+04  7.10654E+03  1.92243E+03  3.96714E+03  7.86085E+02  3.42064E-04  4.99033E-03  8.63535E-04
       6       5      10  8.97851E-03  8.80449E-03  8.97851E-05  9.43330E+00  6.95452E+01  3.02912E+01  1.44026E+01  3.19486E+00  2.24556E+00  1.59472E+03  2.97982E+04  6.24240E+03  3.94356E+03  9.42663E+03  1.21365E+03  0.00000E+00  1.97834E-03  6.82615E-03
       6       6       1  3.94640E-03  4.09955E-03  3.94640E-05  7.58599E-02  5.78777E-01  7.77092E-02  1.53472E+02 -2.04742E+01 -7.04885E-01  5.02221E+04  1.80678E+04  2.68542E+04 -4.40381E+03 -5.01825E+01  8.16381E+01  6.32113E-05  3.95664E-03  7.97039E-05
       6       6       2  1.24710E-03  1.26283E-03  1.24710E-05  1.98579E-01  1.48033E+00  2.02310E-01  7.94519E+01 -6.01694E+00 -1.92336E+01  4.01321E+04  4.33294E+04  2.70066E+04  5.35249E+02 -1.18557E+03 -5.19634E+02  8.35806E-05  1.16283E-03  1.64203E-05
       6       6       3  2.04811E-03  1.93142E-03  2.04811E-05  2.76772E-01  2.12269E+00  2.81393E-01  7.50756E+01 -8.56910E+00 -2.86210E+00  2.39868E+04  2.35207E+04  1.51431E+04  5.44914E+02 -1.26911E+03 -2.48725E+02  3.46586E-05  1.86385E-03  3.29152E-05
       6       6       4  3.57346E-03  2.97230E-03  3.57346E-05  4.51205E-01  3.43621E+00  4.81135E-01  1.00553E+02 -1.33729E+01 -4.42990E+00  7.83285E+04  2.84513E+04  3.71438E+04 -7.12845E+03 -6.38480E+02 -1.21772E+02  1.66252E-04  2.75132E-03  5.47260E-05
       6       6       5  4.08289E-03  3.98048E-03  4.08289E-05  6.78471E-01  5.15984E+00  7.07853E-01  6.17410E+01 -9.43246E+00 -3.28337E+00  3.69168E+04  3.27668E+04  1.41803E+04 -6.76683E+02 -5.39964E+02 -2.58655E+01  2.90232E-04  3.56616E-03  1.24090E-04
       6       6       6  5.31341E-03  6.42299E-03  5.31341E-05  9.14740E-01  6.99881E+00  9.19643E-01  6.37344E+01 -9.89384E+00 -2.57611E+00  2.46855E+04  1.68770E+04  9.59635E+03 -1.12539E+03  2.23015E+02 -8.28338E+01  1.38059E-04  5.95697E-03  3.27962E-04
       6       6       7  7.34063E-03  5.33797E-03  7.34063E-05  1.56516E+00  1.17628E+01  1.63923E+00  2.45247E+02 -3.42952E+01  9.54855E+00  7.47541E+04  3.36324E+04  1.81712E+04 -5.88641E+03  7.62494E+02 -8.69317E+01  2.46549E-04  4.88561E-03  2.05803E-04
       6       6       8  7.42875E-03  9.04680E-03  7.42875E-05  2.35665E+00  1.77338E+01  2.43594E+00  1.54341E+02 -2.34167E+01  8.68246E+00  3.09497E+04  3.08778E+04  9.27952E+03 -2.10801E+02  1.03931E+03  1.51191E+02  4.91801E-04  8.13184E-03  4.23155E-04
       6       6       9  1.09470E-02  1.03466E-02  1.09470E-04  3.22772E+00  2.41188E+01  3.15343E+00  9.46164E+01 -1.37698E+01  2.86851E-01  1.40328E+04  2.30235E+04  4.16463E+03  1.31540E+03  1.04626E+03 -4.72168E+01  3.80487E-04  9.04955E-03  9.16549E-04
       6       6      10  1.64345E-02  2.08886E-02  1.64345E-04  9.81045E+00  7.31446E+01  9.83718E+00  6.10095E+01 -7.81293E+00 -1.63767E+00  8.57045E+03  3.18258E+04  1.22144E+03  3.27424E+03  1.52317E+03  1.34196E+02  0.00000E+00  1.51100E-02  5.77866E-03
