  2.56603E+15  6.88463E+15 -1.93388E+13  3.01747E+15  4.39204E+04
 -2.14978E+15  4.37481E+15 -7.69753E+14  3.01662E+15  4.43875E+04
 -1.29087E+15  4.86214E+14  1.65597E+15  3.01639E+15  4.45221E+04
 -2.23854E+15  1.42496E+15 -1.15489E+15  3.06223E+15  4.45145E+04
 -5.16717E+15 -3.31399E+14 -2.86596E+15  3.06213E+15  4.30832E+04
 -2.90429E+15 -3.37512E+15 -2.85823E+15  3.06346E+15  4.24847E+04
 -6.48263E+14  3.76762E+15 -1.83653E+15  3.09731E+15  4.44839E+04
 -1.52135E+15  2.24047E+15 -2.00761E+15  3.10464E+15  4.16569E+04
 -2.88473E+15  1.41576E+14 -5.34190E+15  3.10551E+15  4.65838E+04
 -7.09858E+14 -1.41510E+14 -9.05313E+14  3.10900E+15  4.27068E+04
  4.33850E+14 -5.57563E+14 -6.25385E+14  3.10698E+15  4.45481E+04
 -1.72855E+15  3.61598E+14 -1.55073E+14  3.10785E+15  4.38846E+04
  1.42277E+17  2.66521E+15  3.90332E+14  1.05095E+16  6.49150E+04
 -8.73013E+15  2.47004E+15 -1.62818E+13  1.05226E+16  6.56369E+04
 -1.21655E+16  7.50356E+15  4.63345E+14  1.05798E+16  6.50306E+04
 -9.35458E+14  8.52978E+14 -7.48353E+14  1.06832E+16  6.36834E+04
 -2.78253E+15  1.49725E+15 -2.39879E+15  1.07448E+16  6.23874E+04
 -9.52522E+15  4.10083E+15 -1.28565E+15  1.06764E+16  6.54487E+04
 -9.25294E+14  6.18213E+15 -1.86281E+15  1.09470E+16  6.45126E+04
 -4.61266E+14  4.18352E+15 -7.52422E+15  1.09219E+16  6.31525E+04
 -1.85359E+14 -3.54662E+14 -9.12557E+14  1.09215E+16  6.47726E+04
 -1.51383E+14  8.71501E+14 -2.61272E+15  1.12046E+16  6.34192E+04
 -1.96538E+14  1.50155E+15 -8.19591E+15  1.11363E+16  6.17072E+04
 -1.49571E+15  5.84633E+14 -1.87451E+15  1.11011E+16  6.49489E+04
 -4.17200E+16  3.17841E+16  7.63933E+16  3.49699E+16  5.95555E+04
  4.54813E+17 -1.96836E+16  1.37763E+17  3.44389E+16  5.81709E+04
 -2.82972E+16  2.85243E+16 -6.77634E+16  3.49439E+16  5.91137E+04
  4.36082E+17  4.49983E+16 -2.46025E+15  3.46754E+16  5.78650E+04
  4.84000E+14 -8.87885E+15 -4.16032E+14  3.49756E+16  5.87755E+04
  4.51923E+16  1.70725E+16  8.21680E+16  3.49172E+16  5.89110E+04
  8.86773E+17 -7.59427E+15  2.96791E+15  3.49622E+16  5.83957E+04
 -7.23460E+15  3.22673E+15 -7.23209E+15  3.63343E+16  5.74345E+04
  1.45823E+15 -7.79206E+14  1.64229E+16  3.61122E+16  5.73207E+04
 -8.02821E+13  1.08708E+14 -4.00412E+14  3.74142E+16  5.62765E+04
 -8.58496E+14  1.05049E+15 -1.18395E+16  3.74054E+16  5.63994E+04
 -1.75604E+15 -4.47325E+14 -1.03037E+16  3.72963E+16  5.50576E+04
 -2.31233E+18  1.60016E+16 -2.85395E+16  1.17911E+17  4.78805E+04
  1.62399E+17  5.64316E+16 -4.95786E+16  1.18033E+17  4.82865E+04
 -4.66641E+17 -1.26160E+17 -9.87718E+15  1.17833E+17  4.77672E+04
 -5.27947E+15  1.33217E+16 -2.30662E+15  1.21485E+17  4.81128E+04
 -2.40389E+14  9.25868E+15 -2.92683E+16  1.21196E+17  4.88468E+04
 -8.73492E+15 -3.83522E+14  1.70981E+17  1.21077E+17  4.88981E+04
  4.47746E+15 -6.68031E+14 -2.10442E+15  1.22859E+17  4.94885E+04
 -1.96229E+16 -2.52481E+16 -1.55482E+16  1.22916E+17  4.95101E+04
 -1.04073E+16 -1.91032E+16 -1.78232E+16  1.23082E+17  4.94921E+04
 -1.70249E+15  2.06216E+15 -5.22763E+15  1.22785E+17  4.82290E+04
 -4.01979E+15  2.55609E+14 -1.26086E+16  1.22802E+17  4.77766E+04
  8.19226E+14 -1.30786E+15 -8.54989E+15  1.22851E+17  4.75717E+04
  6.11160E+17  2.03234E+16  2.03298E+17  4.07627E+17  5.17852E+04
 -3.15530E+16  5.36343E+16 -3.97287E+15  4.09032E+17  5.25332E+04
  2.02043E+16 -1.17141E+17  6.34740E+16  4.08068E+17  5.27153E+04
 -4.21614E+15  4.73804E+16 -4.35749E+15  4.09226E+17  5.25496E+04
 -1.04081E+16  1.01936E+16 -4.11247E+15  4.09181E+17  5.24926E+04
 -2.99917E+16  2.33735E+16 -2.91674E+16  4.08686E+17  5.38367E+04
 -3.25761E+15  8.61456E+15 -5.91119E+15  4.09672E+17  5.29351E+04
 -7.38773E+15  6.62384E+15 -6.61262E+13  4.09507E+17  5.31324E+04
 -1.02335E+16  2.72450E+15 -4.21517E+16  4.09687E+17  5.25884E+04
 -4.32860E+14  1.67634E+15 -1.38500E+15  4.09036E+17  5.31729E+04
 -1.26610E+15  1.34674E+15 -1.20417E+15  4.08914E+17  5.30458E+04
 -5.89144E+14  1.17962E+14 -1.38451E+15  4.10360E+17  5.30590E+04
