        1121
     1   9.999999E-01   9.999999E-01   5.134112E-08
     2   4.206694E-04   4.457181E-04   4.206694E-06
     3   4.206213E-04   4.272479E-04   4.206213E-06
     4   4.205381E-04   4.081326E-04   4.205381E-06
     5   4.204420E-04   4.443072E-04   4.204420E-06
     6   4.203588E-04   4.098709E-04   4.203588E-06
     7   4.203108E-04   4.116677E-04   4.203108E-06
     8   1.270927E-03   1.189235E-03   1.270927E-05
     9   1.270222E-03   1.187848E-03   1.270222E-05
    10   1.269004E-03   1.166661E-03   1.269004E-05
    11   1.267599E-03   1.163823E-03   1.267599E-05
    12   1.266385E-03   1.311034E-03   1.266385E-05
    13   1.265685E-03   1.327628E-03   1.265685E-05
    14   2.132178E-03   2.189252E-03   2.132178E-05
    15   2.129298E-03   2.161455E-03   2.129298E-05
    16   2.124325E-03   2.170394E-03   2.124325E-05
    17   2.118606E-03   2.047378E-03   2.118606E-05
    18   2.113673E-03   2.047801E-03   2.113673E-05
    19   2.110833E-03   1.920552E-03   2.110833E-05
    20   2.960318E-03   3.145124E-03   2.960318E-05
    21   2.953434E-03   3.089181E-03   2.953434E-05
    22   2.941568E-03   3.298092E-03   2.941568E-05
    23   2.927957E-03   3.359975E-03   2.927957E-05
    24   2.916249E-03   3.453110E-03   2.916249E-05
    25   2.909521E-03   3.419431E-03   2.909521E-05
    26   3.647798E-03   3.258805E-03   3.647798E-05
    27   3.636054E-03   3.209606E-03   3.636054E-05
    28   3.615848E-03   3.307725E-03   3.615848E-05
    29   3.592726E-03   3.267461E-03   3.592726E-05
    30   3.572882E-03   3.359046E-03   3.572882E-05
    31   3.561501E-03   3.196214E-03   3.561501E-05
    32   4.047333E-03   4.024643E-03   4.047333E-05
    33   4.032128E-03   3.983657E-03   4.032128E-05
    34   4.005994E-03   4.107274E-03   4.005994E-05
    35   3.976130E-03   4.176135E-03   3.976130E-05
    36   3.950536E-03   4.454043E-03   3.950536E-05
    37   3.935871E-03   4.092574E-03   3.935871E-05
    38   1.205207E-04   1.324034E-04   1.205207E-06
    39   1.205041E-04   1.077470E-04   1.205041E-06
    40   1.204755E-04   1.342409E-04   1.204755E-06
    41   1.204425E-04   1.186607E-04   1.204425E-06
    42   1.204140E-04   1.034587E-04   1.204140E-06
    43   1.203975E-04   1.155803E-04   1.203975E-06
    44   3.676115E-04   2.636185E-04   3.676115E-06
    45   3.673569E-04   2.461788E-04   3.673569E-06
    46   3.669169E-04   2.662691E-04   3.669169E-06
    47   3.664107E-04   3.891843E-04   3.664107E-06
    48   3.659739E-04   3.677209E-04   3.659739E-06
    49   3.657224E-04   3.401361E-04   3.657224E-06
    50   6.292716E-04   6.312013E-04   6.292716E-06
    51   6.281366E-04   6.159512E-04   6.281366E-06
    52   6.261826E-04   5.940864E-04   6.261826E-06
    53   6.239450E-04   6.856488E-04   6.239450E-06
    54   6.220231E-04   6.188305E-04   6.220231E-06
    55   6.209202E-04   5.752796E-04   6.209202E-06
    56   8.999230E-04   8.976869E-04   8.999230E-06
    57   8.969067E-04   9.375765E-04   8.969067E-06
    58   8.917362E-04   9.574893E-04   8.917362E-06
    59   8.858496E-04   1.041261E-03   8.858496E-06
    60   8.808230E-04   1.018384E-03   8.808230E-06
    61   8.779506E-04   1.000176E-03   8.779506E-06
    62   1.144713E-03   1.104665E-03   1.144713E-05
    63   1.139046E-03   1.023573E-03   1.139046E-05
    64   1.129369E-03   1.053239E-03   1.129369E-05
    65   1.118411E-03   1.051503E-03   1.118411E-05
    66   1.109104E-03   1.067973E-03   1.109104E-05
    67   1.103806E-03   9.801408E-04   1.103806E-05
    68   1.297262E-03   1.308843E-03   1.297262E-05
    69   1.289488E-03   1.279204E-03   1.289488E-05
    70   1.276245E-03   1.296565E-03   1.276245E-05
    71   1.261298E-03   1.349143E-03   1.261298E-05
    72   1.248643E-03   1.339065E-03   1.248643E-05
    73   1.241456E-03   1.232937E-03   1.241456E-05
    74   2.083221E-04   2.414496E-04   2.083221E-06
    75   2.082999E-04   1.659303E-04   2.082999E-06
    76   2.082613E-04   2.424053E-04   2.082613E-06
    77   2.082167E-04   1.857617E-04   2.082167E-06
    78   2.081782E-04   1.908395E-04   2.081782E-06
    79   2.081559E-04   2.698858E-04   2.081559E-06
    80   6.333409E-04   7.218521E-04   6.333409E-06
    81   6.330125E-04   6.305522E-04   6.330125E-06
    82   6.324445E-04   6.165596E-04   6.324445E-06
    83   6.317896E-04   5.948719E-04   6.317896E-06
    84   6.312234E-04   6.194741E-04   6.312234E-06
    85   6.308969E-04   6.311043E-04   6.308969E-06
    86   1.074177E-03   1.147556E-03   1.074177E-05
    87   1.072821E-03   1.134701E-03   1.072821E-05
    88   1.070479E-03   1.115813E-03   1.070479E-05
    89   1.067784E-03   1.163221E-03   1.067784E-05
    90   1.065459E-03   1.003108E-03   1.065459E-05
    91   1.064120E-03   8.882589E-04   1.064120E-05
    92   1.510459E-03   1.529267E-03   1.510459E-05
    93   1.507172E-03   1.499181E-03   1.507172E-05
    94   1.501507E-03   1.573007E-03   1.501507E-05
    95   1.495007E-03   1.600373E-03   1.495007E-05
    96   1.489413E-03   1.591776E-03   1.489413E-05
    97   1.486197E-03   1.521785E-03   1.486197E-05
    98   1.882184E-03   1.898731E-03   1.882184E-05
    99   1.876498E-03   1.840299E-03   1.876498E-05
   100   1.866712E-03   1.889186E-03   1.866712E-05
   101   1.855513E-03   1.713546E-03   1.855513E-05
   102   1.845900E-03   1.690965E-03   1.845900E-05
   103   1.840385E-03   1.620338E-03   1.840385E-05
   104   2.102158E-03   2.169046E-03   2.102158E-05
   105   2.094722E-03   2.028441E-03   2.094722E-05
   106   2.081942E-03   2.213396E-03   2.081942E-05
   107   2.067340E-03   2.024013E-03   2.067340E-05
   108   2.054826E-03   2.158523E-03   2.054826E-05
   109   2.047656E-03   2.033256E-03   2.047656E-05
   110   2.929977E-04   1.420909E-04   2.929977E-06
   111   2.929475E-04   1.745777E-04   2.929475E-06
   112   2.928605E-04   1.883273E-04   2.928605E-06
   113   2.927602E-04   1.426361E-04   2.927602E-06
   114   2.926734E-04   1.319435E-04   2.926734E-06
   115   2.926233E-04   1.296852E-04   2.926233E-06
   116   9.143503E-04   2.087227E-04   9.143503E-06
   117   9.135695E-04   2.533802E-04   9.135695E-06
   118   9.122200E-04   4.431460E-04   9.122200E-06
   119   9.106665E-04   7.630939E-04   9.106665E-06
   120   9.093252E-04   6.485933E-04   9.093252E-06
   121   9.085525E-04   5.886841E-04   9.085525E-06
   122   1.628909E-03   9.422492E-04   1.628909E-05
   123   1.625393E-03   9.510973E-04   1.625393E-05
   124   1.619332E-03   7.657419E-04   1.619332E-05
   125   1.612382E-03   1.065111E-03   1.612382E-05
   126   1.606404E-03   8.263713E-04   1.606404E-05
   127   1.602970E-03   7.722664E-04   1.602970E-05
   128   2.438747E-03   1.588333E-03   2.438747E-05
   129   2.429345E-03   1.598988E-03   2.429345E-05
   130   2.413196E-03   1.662156E-03   2.413196E-05
   131   2.394758E-03   1.953780E-03   2.394758E-05
   132   2.378970E-03   1.905269E-03   2.378970E-05
   133   2.369930E-03   1.798751E-03   2.369930E-05
   134   3.224198E-03   1.950327E-03   3.224198E-05
   135   3.206524E-03   1.879093E-03   3.206524E-05
   136   3.176254E-03   1.893084E-03   3.176254E-05
   137   3.141831E-03   2.118973E-03   3.141831E-05
   138   3.112472E-03   2.012903E-03   3.112472E-05
   139   3.095709E-03   1.980375E-03   3.095709E-05
   140   3.733290E-03   2.980018E-03   3.733290E-05
   141   3.709087E-03   2.860139E-03   3.709087E-05
   142   3.667701E-03   2.925841E-03   3.667701E-05
   143   3.620746E-03   3.071653E-03   3.620746E-05
   144   3.580790E-03   3.104152E-03   3.580790E-05
   145   3.558017E-03   2.902692E-03   3.558017E-05
   146   2.688324E-04   2.897071E-04   2.688324E-06
   147   2.687874E-04   3.299325E-04   2.687874E-06
   148   2.687095E-04   3.858429E-04   2.687095E-06
   149   2.686197E-04   2.732663E-04   2.686197E-06
   150   2.685419E-04   2.441322E-04   2.685419E-06
   151   2.684971E-04   2.119200E-04   2.684971E-06
   152   8.557421E-04   2.865117E-04   8.557421E-06
   153   8.549932E-04   2.558966E-04   8.549932E-06
   154   8.537003E-04   5.611936E-04   8.537003E-06
   155   8.522141E-04   9.559231E-04   8.522141E-06
   156   8.509327E-04   6.774269E-04   8.509327E-06
   157   8.501953E-04   6.444498E-04   8.501953E-06
   158   1.589827E-03   1.661779E-03   1.589827E-05
   159   1.586026E-03   1.672708E-03   1.586026E-05
   160   1.579493E-03   1.583382E-03   1.579493E-05
   161   1.572030E-03   2.315181E-03   1.572030E-05
   162   1.565634E-03   1.915924E-03   1.565634E-05
   163   1.561970E-03   1.738069E-03   1.561970E-05
   164   2.532027E-03   2.956027E-03   2.532027E-05
   165   2.520210E-03   3.068181E-03   2.520210E-05
   166   2.500018E-03   3.200744E-03   2.500018E-05
   167   2.477131E-03   3.816892E-03   2.477131E-05
   168   2.457671E-03   3.846441E-03   2.457671E-05
   169   2.446585E-03   3.620786E-03   2.446585E-05
   170   3.577416E-03   3.693960E-03   3.577416E-05
   171   3.551810E-03   3.390080E-03   3.551810E-05
   172   3.508303E-03   3.323272E-03   3.508303E-05
   173   3.459355E-03   3.778662E-03   3.459355E-05
   174   3.418050E-03   3.503856E-03   3.418050E-05
   175   3.394648E-03   3.435722E-03   3.394648E-05
   176   4.329558E-03   4.751711E-03   4.329558E-05
   177   4.291314E-03   4.425556E-03   4.291314E-05
   178   4.226552E-03   4.588027E-03   4.226552E-05
   179   4.154030E-03   4.831551E-03   4.154030E-05
   180   4.093111E-03   4.670113E-03   4.093111E-05
   181   4.058712E-03   4.410888E-03   4.058712E-05
   182   2.170868E-04   2.721752E-04   2.170868E-06
   183   2.170440E-04   2.823464E-04   2.170440E-06
   184   2.169700E-04   2.786156E-04   2.169700E-06
   185   2.168846E-04   2.446570E-04   2.168846E-06
   186   2.168107E-04   2.620048E-04   2.168107E-06
   187   2.167680E-04   2.348910E-04   2.167680E-06
   188   7.273491E-04   5.696271E-04   7.273491E-06
   189   7.265978E-04   5.414180E-04   7.265978E-06
   190   7.252999E-04   6.884216E-04   7.252999E-06
   191   7.238065E-04   8.938623E-04   7.238065E-06
   192   7.225177E-04   8.086080E-04   7.225177E-06
   193   7.217755E-04   7.861028E-04   7.217755E-06
   194   1.494703E-03   1.592658E-03   1.494703E-05
   195   1.490539E-03   1.770222E-03   1.490539E-05
   196   1.483370E-03   1.594438E-03   1.483370E-05
   197   1.475161E-03   1.760200E-03   1.475161E-05
   198   1.468109E-03   1.451713E-03   1.468109E-05
   199   1.464063E-03   1.137128E-03   1.464063E-05
   200   2.717486E-03   2.862627E-03   2.717486E-05
   201   2.703163E-03   2.909793E-03   2.703163E-05
   202   2.678619E-03   2.943398E-03   2.678619E-05
   203   2.650683E-03   3.326856E-03   2.650683E-05
   204   2.626835E-03   3.229085E-03   2.626835E-05
   205   2.613209E-03   3.195025E-03   2.613209E-05
   206   4.347991E-03   4.446770E-03   4.347991E-05
   207   4.314094E-03   3.933062E-03   4.314094E-05
   208   4.256269E-03   4.054338E-03   4.256269E-05
   209   4.190862E-03   4.139101E-03   4.190862E-05
   210   4.135365E-03   4.053226E-03   4.135365E-05
   211   4.103796E-03   3.908321E-03   4.103796E-05
   212   5.668425E-03   6.732996E-03   5.668425E-05
   213   5.615089E-03   6.202487E-03   5.615089E-05
   214   5.524381E-03   6.419295E-03   5.524381E-05
   215   5.422193E-03   5.980357E-03   5.422193E-05
   216   5.335831E-03   6.427367E-03   5.335831E-05
   217   5.286844E-03   5.756425E-03   5.286844E-05
   218   2.212585E-04   2.039016E-04   2.212585E-06
   219   2.212282E-04   2.108531E-04   2.212282E-06
   220   2.211758E-04   2.318284E-04   2.211758E-06
   221   2.211153E-04   1.823211E-04   2.211153E-06
   222   2.210630E-04   1.752113E-04   2.210630E-06
   223   2.210328E-04   1.601309E-04   2.210328E-06
   224   7.170872E-04   3.426158E-04   7.170872E-06
   225   7.164997E-04   3.050511E-04   7.164997E-06
   226   7.154859E-04   4.727112E-04   7.154859E-06
   227   7.143211E-04   8.338408E-04   7.143211E-06
   228   7.133173E-04   7.195907E-04   7.133173E-06
   229   7.127399E-04   6.746673E-04   7.127399E-06
   230   1.442277E-03   1.363622E-03   1.442277E-05
   231   1.438147E-03   1.250483E-03   1.438147E-05
   232   1.431062E-03   1.160681E-03   1.431062E-05
   233   1.422988E-03   1.352009E-03   1.422988E-05
   234   1.416087E-03   1.159315E-03   1.416087E-05
   235   1.412140E-03   9.270738E-04   1.412140E-05
   236   2.821570E-03   2.314100E-03   2.821570E-05
   237   2.801175E-03   2.357304E-03   2.801175E-05
   238   2.766469E-03   2.391402E-03   2.766469E-05
   239   2.727351E-03   2.835171E-03   2.727351E-05
   240   2.694279E-03   2.784915E-03   2.694279E-05
   241   2.675519E-03   2.660252E-03   2.675519E-05
   242   5.389769E-03   3.167581E-03   5.389769E-05
   243   5.320552E-03   2.938693E-03   5.320552E-05
   244   5.203645E-03   2.915278E-03   5.203645E-05
   245   5.073212E-03   2.964264E-03   5.073212E-05
   246   4.964063E-03   2.849399E-03   4.964063E-05
   247   4.902606E-03   2.718561E-03   4.902606E-05
   248   8.167566E-03   5.973224E-03   8.167566E-05
   249   8.032006E-03   5.775444E-03   8.032006E-05
   250   7.804048E-03   5.919037E-03   7.804048E-05
   251   7.551233E-03   5.683253E-03   7.551233E-05
   252   7.340936E-03   6.073751E-03   7.340936E-05
   253   7.223047E-03   5.344961E-03   7.223047E-05
   254   3.698138E-04   4.154273E-04   3.698138E-06
   255   3.697667E-04   4.170754E-04   3.697667E-06
   256   3.696850E-04   4.136521E-04   3.696850E-06
   257   3.695908E-04   2.876849E-04   3.695908E-06
   258   3.695092E-04   3.484619E-04   3.695092E-06
   259   3.694622E-04   3.289121E-04   3.694622E-06
   260   1.181128E-03   8.144249E-04   1.181128E-05
   261   1.180378E-03   6.022766E-04   1.180378E-05
   262   1.179081E-03   8.953036E-04   1.179081E-05
   263   1.177586E-03   1.553928E-03   1.177586E-05
   264   1.176294E-03   1.221805E-03   1.176294E-05
   265   1.175549E-03   1.171871E-03   1.175549E-05
   266   2.201536E-03   2.493998E-03   2.201536E-05
   267   2.197836E-03   2.364245E-03   2.197836E-05
   268   2.191457E-03   2.347508E-03   2.191457E-05
   269   2.184139E-03   2.780316E-03   2.184139E-05
   270   2.177842E-03   2.335707E-03   2.177842E-05
   271   2.174223E-03   1.852421E-03   2.174223E-05
   272   3.585041E-03   4.381856E-03   3.585041E-05
   273   3.571028E-03   4.267445E-03   3.571028E-05
   274   3.547152E-03   4.348137E-03   3.547152E-05
   275   3.520183E-03   5.014483E-03   3.520183E-05
   276   3.497325E-03   4.970403E-03   3.497325E-05
   277   3.484331E-03   4.755377E-03   3.484331E-05
   278   5.688847E-03   6.108104E-03   5.688847E-05
   279   5.633312E-03   5.611857E-03   5.633312E-05
   280   5.540724E-03   5.591247E-03   5.540724E-05
   281   5.439166E-03   5.476421E-03   5.439166E-05
   282   5.355541E-03   5.405254E-03   5.355541E-05
   283   5.308983E-03   4.857354E-03   5.308983E-05
   284   8.266869E-03   9.952690E-03   8.266869E-05
   285   8.123388E-03   9.578922E-03   8.123388E-05
   286   7.887585E-03   1.012749E-02   7.887585E-05
   287   7.633968E-03   9.773682E-03   7.633968E-05
   288   7.429214E-03   1.017246E-02   7.429214E-05
   289   7.316855E-03   9.151142E-03   7.316855E-05
   290   3.831187E-04   4.522889E-04   3.831187E-06
   291   3.830332E-04   4.031242E-04   3.830332E-06
   292   3.828852E-04   4.353906E-04   3.828852E-06
   293   3.827144E-04   2.101825E-04   3.827144E-06
   294   3.825666E-04   3.363987E-04   3.825666E-06
   295   3.824813E-04   4.190642E-04   3.824813E-06
   296   1.309148E-03   1.919019E-03   1.309148E-05
   297   1.307622E-03   1.403303E-03   1.307622E-05
   298   1.304987E-03   1.622265E-03   1.304987E-05
   299   1.301954E-03   1.546201E-03   1.301954E-05
   300   1.299337E-03   1.339692E-03   1.299337E-05
   301   1.297830E-03   1.264064E-03   1.297830E-05
   302   2.788896E-03   3.435036E-03   2.788896E-05
   303   2.780282E-03   3.433915E-03   2.780282E-05
   304   2.765446E-03   3.270669E-03   2.765446E-05
   305   2.748450E-03   3.140907E-03   2.748450E-05
   306   2.733846E-03   2.616862E-03   2.733846E-05
   307   2.725463E-03   1.834196E-03   2.725463E-05
   308   5.285411E-03   6.186158E-03   5.285411E-05
   309   5.255375E-03   6.047414E-03   5.255375E-05
   310   5.203853E-03   6.090914E-03   5.203853E-05
   311   5.145141E-03   6.203801E-03   5.145141E-05
   312   5.094961E-03   6.429538E-03   5.094961E-05
   313   5.066268E-03   6.334866E-03   5.066268E-05
   314   8.765192E-03   1.042408E-02   8.765192E-05
   315   8.692110E-03   9.613945E-03   8.692110E-05
   316   8.567464E-03   8.938551E-03   8.567464E-05
   317   8.426486E-03   7.416618E-03   8.426486E-05
   318   8.306857E-03   7.795646E-03   8.306857E-05
   319   8.238797E-03   6.483662E-03   8.238797E-05
   320   1.175204E-02   1.339129E-02   1.175204E-04
   321   1.162676E-02   1.248831E-02   1.162676E-04
   322   1.141533E-02   1.442305E-02   1.141533E-04
   323   1.117935E-02   1.227296E-02   1.117935E-04
   324   1.098149E-02   1.330739E-02   1.098149E-04
   325   1.086983E-02   1.095211E-02   1.086983E-04
   326   1.715400E-04   1.366651E-04   1.715400E-06
   327   1.715039E-04   1.754041E-04   1.715039E-06
   328   1.714415E-04   1.890602E-04   1.714415E-06
   329   1.713695E-04   1.747766E-04   1.713695E-06
   330   1.713073E-04   1.472906E-04   1.713073E-06
   331   1.712714E-04   1.736174E-04   1.712714E-06
   332   5.922072E-04   6.129611E-04   5.922072E-06
   333   5.913706E-04   6.501072E-04   5.913706E-06
   334   5.899295E-04   5.360436E-04   5.899295E-06
   335   5.882775E-04   7.495765E-04   5.882775E-06
   336   5.868574E-04   6.596890E-04   5.868574E-06
   337   5.860419E-04   5.893442E-04   5.860419E-06
   338   1.431554E-03   1.571579E-03   1.431554E-05
   339   1.424053E-03   1.501908E-03   1.424053E-05
   340   1.411227E-03   1.736030E-03   1.411227E-05
   341   1.396677E-03   1.067163E-03   1.396677E-05
   342   1.384296E-03   1.059749E-03   1.384296E-05
   343   1.377239E-03   8.726588E-04   1.377239E-05
   344   3.838472E-03   4.006330E-03   3.838472E-05
   345   3.790150E-03   3.688390E-03   3.790150E-05
   346   3.708430E-03   4.084889E-03   3.708430E-05
   347   3.617092E-03   4.028226E-03   3.617092E-05
   348   3.540515E-03   5.351061E-03   3.540515E-05
   349   3.497337E-03   5.511512E-03   3.497337E-05
   350   1.027914E-02   5.939884E-03   1.027914E-04
   351   1.005705E-02   5.213089E-03   1.005705E-04
   352   9.686679E-03   5.170953E-03   9.686679E-05
   353   9.280420E-03   5.655835E-03   9.280420E-05
   354   8.946056E-03   5.499204E-03   8.946056E-05
   355   8.760023E-03   6.259174E-03   8.760023E-05
   356   1.959401E-02   2.335996E-02   1.959401E-04
   357   1.903548E-02   1.956455E-02   1.903548E-04
   358   1.811492E-02   2.246244E-02   1.811492E-04
   359   1.712087E-02   1.884152E-02   1.712087E-04
   360   1.631513E-02   1.949420E-02   1.631513E-04
   361   1.587170E-02   2.043462E-02   1.587170E-04
   362   1.118719E-02   1.039524E-02   2.237438E-04
   363   5.701304E-03   5.470405E-03   1.140261E-04
   364   5.209374E-03   4.949036E-03   1.041875E-04
   365   3.638031E-03   3.345740E-03   7.276062E-05
   366   6.404468E-03   5.978944E-03   1.280894E-04
   367   1.844336E-03   1.936298E-03   3.688672E-05
   368   3.709114E-03   3.725875E-03   7.418228E-05
   369   3.716510E-03   3.364600E-03   7.433019E-05
   370   2.518294E-03   2.715130E-03   5.036589E-05
   371   3.562341E-03   3.456863E-03   7.124682E-05
   372   1.376420E-03   1.491472E-03   2.752839E-05
   373   1.302225E-02   1.214578E-02   2.604449E-04
   374   5.086731E-03   4.641535E-03   1.017346E-04
   375   1.064447E-02   1.043699E-02   2.128894E-04
   376   1.285141E-02   1.285607E-02   2.570282E-04
   377   2.636488E-03   2.627761E-03   5.272977E-05
   378   9.873560E-03   9.097655E-03   1.974712E-04
   379   1.535640E-03   1.438744E-03   3.071280E-05
   380   4.111067E-03   3.775232E-03   8.222135E-05
   381   4.096004E-03   4.024198E-03   8.192007E-05
   382   3.887665E-03   3.457620E-03   7.775329E-05
   383   1.023513E-02   9.948662E-03   2.047025E-04
   384   2.094854E-03   2.105020E-03   4.189708E-05
   385   7.168263E-03   7.097999E-03   1.433653E-04
   386   7.369448E-03   6.702310E-03   1.473890E-04
   387   1.036245E-02   1.015889E-02   2.072489E-04
   388   3.332118E-03   3.118394E-03   6.664236E-05
   389   1.261001E-03   1.338770E-03   2.522003E-05
   390   1.566815E-03   1.750455E-03   3.133630E-05
   391   3.476988E-03   2.921204E-03   6.953975E-05
   392   1.927492E-03   2.062748E-03   3.854983E-05
   393   1.034455E-02   9.712962E-03   2.068910E-04
   394   6.482766E-03   5.112007E-03   1.296553E-04
   395   3.293591E-03   3.093538E-03   6.587182E-05
   396   1.262959E-02   1.151432E-02   2.525917E-04
   397   1.325792E-03   1.462625E-03   2.651585E-05
   398   1.307184E-02   1.455046E-02   2.614368E-04
   399   5.209182E-03   4.178739E-03   1.041836E-04
   400   2.725570E-03   2.971136E-03   5.451141E-05
   401   1.273646E-02   1.091328E-02   2.547293E-04
   402   9.991806E-03   1.044199E-02   1.998361E-04
   403   6.424793E-03   5.599551E-03   1.284959E-04
   404   1.350663E-02   1.618099E-02   2.701326E-04
   405   3.013352E-03   2.289225E-03   6.026705E-05
   406   1.256803E-03   1.347998E-03   2.513607E-05
   407   1.650949E-03   1.796709E-03   3.301898E-05
   408   3.337900E-03   3.031547E-03   6.675800E-05
   409   4.745555E-03   4.690921E-03   9.491110E-05
   410   1.235833E-03   1.337576E-03   2.471667E-05
   411   1.694483E-03   1.783218E-03   3.388966E-05
   412   8.725576E-03   9.133904E-03   1.745115E-04
   413   3.850813E-03   3.542520E-03   7.701626E-05
   414   1.147973E-03   1.264355E-03   2.295945E-05
   415   2.586320E-03   2.352713E-03   5.172641E-05
   416   1.605471E-03   1.702055E-03   3.210943E-05
   417   2.410463E-03   2.299764E-03   4.820925E-05
   418   3.956459E-03   3.618930E-03   7.912919E-05
   419   7.334161E-03   6.918210E-03   1.466832E-04
   420   5.407697E-03   4.756554E-03   1.081539E-04
   421   1.008986E-03   1.020339E-03   2.017972E-05
   422   1.403111E-03   1.445140E-03   2.806223E-05
   423   2.087620E-03   2.004687E-03   4.175239E-05
   424   1.292623E-02   1.286281E-02   2.585247E-04
   425   3.361898E-03   3.030496E-03   6.723796E-05
   426   3.241457E-03   3.219298E-03   6.482913E-05
   427   1.622882E-02   1.552002E-02   3.245764E-04
   428   2.914416E-02   2.940146E-02   5.828833E-04
   429   1.287656E-02   1.265149E-02   2.575312E-04
   430   1.645070E-03   1.597316E-03   3.290140E-05
   431   6.081675E-03   5.533943E-03   1.216335E-04
   432   2.473586E-03   2.251905E-03   4.947173E-05
   433   9.355594E-03   8.625095E-03   1.871119E-04
   434   4.118656E-03   3.818691E-03   8.237313E-05
   435   3.887665E-03   3.481010E-03   7.775329E-05
   436   5.425307E-03   5.032440E-03   1.085061E-04
   437   1.285141E-02   1.279780E-02   2.570282E-04
   438   1.338775E-02   1.317617E-02   2.677550E-04
   439   9.138559E-03   6.226993E-03   1.827712E-04
   440   1.466686E-03   1.474532E-03   2.933372E-05
   441   1.230281E-03   1.224545E-03   2.460562E-05
   442   2.164850E-03   2.167121E-03   4.329701E-05
   443   1.715720E-03   1.608543E-03   3.431440E-05
   444   5.876696E-03   5.467016E-03   1.175339E-04
   445   2.395348E-03   2.149330E-03   4.790695E-05
   446   4.752106E-03   4.216327E-03   9.504212E-05
   447   1.186613E-03   1.173170E-03   2.373226E-05
   448   1.355002E-02   1.274166E-02   2.710003E-04
   449   3.184835E-03   2.865418E-03   6.369669E-05
   450   1.064447E-02   1.039096E-02   2.128894E-04
   451   1.535640E-03   1.474905E-03   3.071280E-05
   452   7.334161E-03   6.964567E-03   1.466832E-04
   453   1.522091E-03   1.542316E-03   3.044183E-05
   454   3.716510E-03   3.365320E-03   7.433019E-05
   455   1.901896E-03   1.772383E-03   3.803792E-05
   456   3.043952E-03   2.741580E-03   6.087904E-05
   457   1.038707E-02   9.664611E-03   2.077415E-04
   458   1.034628E-03   1.055191E-03   2.069256E-05
   459   1.230281E-03   1.211300E-03   2.460562E-05
   460   3.956459E-03   3.607472E-03   7.912919E-05
   461   3.638031E-03   3.324728E-03   7.276062E-05
   462   4.409992E-03   4.213578E-03   8.819983E-05
   463   4.650930E-03   4.281044E-03   9.301859E-05
   464   1.231562E-03   1.255408E-03   2.463124E-05
   465   9.854930E-03   9.466646E-03   1.970986E-04
   466   2.769166E-03   2.777511E-03   5.538331E-05
   467   2.087620E-03   1.993345E-03   4.175239E-05
   468   1.390723E-03   1.409366E-03   2.781447E-05
   469   5.588879E-03   5.326004E-03   1.117776E-04
   470   1.599592E-03   1.613851E-03   3.199184E-05
   471   2.410463E-03   2.319771E-03   4.820925E-05
   472   3.221398E-03   3.011508E-03   6.442796E-05
   473   2.655052E-03   2.655034E-03   5.310104E-05
   474   2.472990E-03   2.414546E-03   4.945980E-05
   475   1.470740E-03   1.545792E-03   2.941479E-05
   476   2.412098E-03   2.495467E-03   4.824195E-05
   477   4.859244E-03   4.730047E-03   9.718487E-05
   478   2.100401E-03   2.075364E-03   4.200802E-05
   479   2.684868E-03   2.723758E-03   5.369737E-05
   480   1.605471E-03   1.701851E-03   3.210943E-05
   481   8.038542E-03   7.477489E-03   1.607708E-04
   482   2.272565E-03   2.275986E-03   4.545130E-05
   483   2.835062E-03   3.070780E-03   5.670125E-05
   484   3.411151E-03   3.666025E-03   6.822303E-05
   485   2.930316E-03   3.161210E-03   5.860633E-05
   486   1.927492E-03   2.065640E-03   3.854983E-05
   487   1.650949E-03   1.792864E-03   3.301898E-05
   488   1.059652E-03   1.123414E-03   2.119304E-05
   489   1.147973E-03   1.237402E-03   2.295945E-05
   490   4.852275E-03   4.239656E-03   9.704551E-05
   491   3.679540E-03   3.251847E-03   7.359079E-05
   492   2.725570E-03   2.933786E-03   5.451141E-05
   493   2.896860E-03   2.780091E-03   5.793720E-05
   494   6.104997E-03   5.783484E-03   1.220999E-04
   495   1.261001E-03   1.349507E-03   2.522003E-05
   496   1.128739E-02   1.134034E-02   2.257477E-04
   497   1.256803E-03   1.340556E-03   2.513607E-05
   498   2.457652E-03   2.563914E-03   4.915305E-05
   499   3.209930E-03   3.126745E-03   6.419859E-05
   500   3.143110E-03   2.600920E-03   6.286221E-05
   501   2.161731E-03   2.016516E-03   4.323462E-05
   502   2.817515E-03   2.448296E-03   5.635030E-05
   503   7.381667E-03   6.273397E-03   1.476333E-04
   504   4.252131E-03   3.493989E-03   8.504262E-05
   505   1.365569E-02   1.448066E-02   2.731138E-04
   506   9.710843E-04   8.055084E-04   1.942169E-05
   507   5.731622E-03   4.756807E-03   1.146324E-04
   508   2.531445E-03   1.945879E-03   5.062890E-05
   509   7.573552E-03   6.519917E-03   1.514710E-04
   510   1.863807E-02   2.029737E-02   3.727614E-04
   511   1.360232E-02   1.272468E-02   2.720463E-04
   512   1.704174E-02   1.818978E-02   3.408349E-04
   513   2.837137E-02   2.524925E-02   5.674274E-04
   514   0.000000E+00   2.330454E-04   8.571999E-05
   515   0.000000E+00  -1.934698E-04   4.928760E-05
   516   0.000000E+00  -1.273933E-04   6.938575E-05
   517   0.000000E+00   9.449476E-05   3.784845E-05
   518   0.000000E+00   1.010128E-04   5.833195E-05
   519   0.000000E+00  -8.600288E-05   3.567512E-05
   520   0.000000E+00  -9.348607E-05   4.791193E-05
   521   0.000000E+00   1.623855E-04   3.792972E-05
   522   0.000000E+00  -6.019139E-05   4.420725E-05
   523   0.000000E+00  -4.648330E-05   4.893610E-05
   524   0.000000E+00   4.109157E-05   2.576351E-05
   525   0.000000E+00   5.395645E-04   8.947855E-05
   526   0.000000E+00   2.240895E-04   5.100023E-05
   527   0.000000E+00   4.360917E-04   7.263877E-05
   528   0.000000E+00   2.737692E-04   1.112597E-04
   529   0.000000E+00   8.086022E-06   5.354117E-05
   530   0.000000E+00   3.190170E-04   1.905779E-04
   531   0.000000E+00  -2.380749E-06   3.233695E-05
   532   0.000000E+00  -9.886181E-05   4.774072E-05
   533   0.000000E+00  -9.165548E-05   7.106440E-05
   534   0.000000E+00  -6.241880E-05   5.388827E-05
   535   0.000000E+00  -3.767353E-04   8.743535E-05
   536   0.000000E+00   3.231179E-06   3.275580E-05
   537   0.000000E+00   4.047133E-04   4.587356E-04
   538   0.000000E+00   1.810628E-04   3.185521E-04
   539   0.000000E+00   1.635282E-03   5.889728E-04
   540   0.000000E+00   3.100284E-04   7.864687E-05
   541   0.000000E+00   3.696754E-05   2.646036E-05
   542   0.000000E+00  -1.347965E-05   2.638962E-05
   543   0.000000E+00   4.783188E-04   9.389042E-05
   544   0.000000E+00  -6.182101E-05   3.011639E-05
   545   0.000000E+00   5.790420E-04   3.532326E-04
   546   0.000000E+00   1.266874E-04   1.419297E-04
   547   0.000000E+00   1.714093E-04   6.301965E-05
   548   0.000000E+00   2.442882E-03   3.330377E-04
   549   0.000000E+00   3.692688E-05   2.572478E-05
   550   0.000000E+00   7.211683E-03   6.532966E-04
   551   0.000000E+00   2.016179E-04   9.212542E-05
   552   0.000000E+00   1.181826E-04   4.467353E-05
   553   0.000000E+00   8.237126E-03   8.249259E-04
   554   0.000000E+00   3.778111E-03   3.649289E-04
   555   0.000000E+00  -7.735346E-05   1.539804E-04
   556   0.000000E+00   8.567363E-03   6.346598E-04
   557   0.000000E+00   2.223207E-04   8.178753E-05
   558   0.000000E+00   8.117988E-05   2.410946E-05
   559   0.000000E+00   7.613928E-05   2.414284E-05
   560   0.000000E+00   3.471101E-04   6.979279E-05
   561   0.000000E+00  -2.301956E-04   5.179795E-05
   562   0.000000E+00   9.935479E-05   1.919544E-05
   563   0.000000E+00   4.305137E-05   2.376196E-05
   564   0.000000E+00   7.239819E-04   3.452366E-04
   565   0.000000E+00  -1.452810E-04   3.292312E-05
   566   0.000000E+00   4.831711E-05   2.041193E-05
   567   0.000000E+00   1.465207E-04   6.110786E-05
   568   0.000000E+00   1.779655E-05   2.060922E-05
   569   0.000000E+00  -2.113018E-05   2.815692E-05
   570   0.000000E+00  -9.426453E-05   3.147130E-05
   571   0.000000E+00   2.580906E-04   6.085316E-05
   572   0.000000E+00   1.791343E-04   1.118133E-04
   573   0.000000E+00   1.502328E-05   2.366837E-05
   574   0.000000E+00  -1.541600E-05   1.953068E-05
   575   0.000000E+00  -2.543155E-06   2.779137E-05
   576   0.000000E+00   2.753988E-04   9.873027E-05
   577   0.000000E+00   5.550255E-05   3.718324E-05
   578   0.000000E+00  -2.670353E-05   7.636247E-05
   579   0.000000E+00   4.533049E-04   1.113851E-04
   580   0.000000E+00  -1.914703E-03   1.625447E-04
   581   0.000000E+00   5.021512E-04   6.834563E-04
   582   0.000000E+00   5.686365E-06   1.925692E-05
   583   0.000000E+00  -1.470573E-04   1.158571E-04
   584   0.000000E+00   2.652172E-05   3.991710E-05
   585   0.000000E+00  -2.712920E-04   7.434996E-05
   586   0.000000E+00  -9.090689E-05   3.911121E-05
   587   0.000000E+00   3.951839E-05   5.388827E-05
   588   0.000000E+00  -2.016497E-04   1.845522E-04
   589   0.000000E+00  -2.958725E-04   1.112597E-04
   590   0.000000E+00   6.686859E-03   8.013370E-04
   591   0.000000E+00   1.680099E-02   6.984900E-04
   592   0.000000E+00  -2.891954E-05   3.666105E-05
   593   0.000000E+00   5.854332E-06   2.240563E-05
   594   0.000000E+00   3.275657E-06   4.817192E-05
   595   0.000000E+00   7.124384E-05   3.031923E-05
   596   0.000000E+00  -3.339877E-04   5.235641E-05
   597   0.000000E+00   3.488987E-05   3.690730E-05
   598   0.000000E+00   2.229955E-05   1.846210E-04
   599   0.000000E+00  -4.605874E-06   2.179130E-05
   600   0.000000E+00  -4.072569E-04   9.428622E-05
   601   0.000000E+00  -2.136853E-04   4.057387E-05
   602   0.000000E+00  -4.178686E-04   7.263877E-05
   603   0.000000E+00   4.892480E-06   3.233695E-05
   604   0.000000E+00  -2.537764E-04   6.085316E-05
   605   0.000000E+00   6.832650E-05   3.886744E-05
   606   0.000000E+00  -1.343817E-04   3.792972E-05
   607   0.000000E+00  -2.378915E-05   3.065130E-05
   608   0.000000E+00   9.349544E-05   1.055374E-04
   609   0.000000E+00   2.316616E-06   6.793450E-05
   610   0.000000E+00   1.337459E-05   2.506130E-05
   611   0.000000E+00  -1.854303E-06   2.240563E-05
   612   0.000000E+00   9.261066E-05   3.147130E-05
   613   0.000000E+00  -7.981966E-05   3.784845E-05
   614   0.000000E+00   2.542897E-05   5.626829E-05
   615   0.000000E+00  -6.286715E-05   5.365125E-05
   616   0.000000E+00   3.213165E-05   3.100760E-05
   617   0.000000E+00  -5.351329E-04   6.214445E-04
   618   0.000000E+00   1.419485E-06   7.379859E-05
   619   0.000000E+00  -8.837047E-06   2.779137E-05
   620   0.000000E+00   3.976950E-05   3.134071E-05
   621   0.000000E+00   5.401528E-05   6.665645E-05
   622   0.000000E+00   4.648267E-05   3.974242E-05
   623   0.000000E+00   3.989951E-05   2.815692E-05
   624   0.000000E+00   9.212498E-05   3.335440E-05
   625   0.000000E+00  -1.105413E-05   6.736173E-05
   626   0.000000E+00   1.152793E-04   3.504132E-05
   627   0.000000E+00   5.874416E-05   2.657622E-05
   628   0.000000E+00   1.853406E-06   2.873763E-05
   629   0.000000E+00   4.111180E-04   2.415488E-04
   630   0.000000E+00   1.004618E-04   4.024154E-05
   631   0.000000E+00   4.875556E-06   7.362440E-05
   632   0.000000E+00  -6.177113E-06   2.060922E-05
   633   0.000000E+00   4.219429E-05   2.758659E-04
   634   0.000000E+00   1.040699E-04   3.847177E-05
   635   0.000000E+00   1.320063E-06   4.285841E-05
   636   0.000000E+00   8.402776E-05   4.331878E-05
   637   0.000000E+00  -1.463702E-04   3.060131E-05
   638   0.000000E+00   6.155249E-05   3.011639E-05
   639   0.000000E+00  -6.817514E-05   2.414284E-05
   640   0.000000E+00   1.666626E-05   2.575829E-05
   641   0.000000E+00  -4.724496E-05   2.041193E-05
   642   0.000000E+00  -2.521524E-04   1.317718E-04
   643   0.000000E+00  -4.564823E-05   1.116361E-04
   644   0.000000E+00  -1.094841E-04   4.467353E-05
   645   0.000000E+00  -3.076308E-04   7.097436E-05
   646   0.000000E+00   1.530406E-04   1.717571E-04
   647   0.000000E+00  -5.207975E-05   2.646036E-05
   648   0.000000E+00  -1.688230E-03   6.347788E-04
   649   0.000000E+00  -8.803187E-05   2.410946E-05
   650   0.000000E+00  -5.911204E-05   4.117016E-05
   651   0.000000E+00  -2.574647E-04   6.411905E-05
   652   0.000000E+00  -2.322093E-04   7.552702E-05
   653   0.000000E+00  -1.329618E-04   5.065160E-05
   654   0.000000E+00  -3.416111E-04   7.019159E-05
   655   0.000000E+00  -5.374457E-04   2.141020E-04
   656   0.000000E+00  -2.228887E-04   1.031970E-04
   657   0.000000E+00  -8.407295E-03   8.124586E-04
   658   0.000000E+00  -8.973008E-05   2.755854E-05
   659   0.000000E+00   1.732826E-05   1.293177E-04
   660   0.000000E+00  -6.439964E-05   7.103876E-05
   661   0.000000E+00   2.755778E-04   2.108601E-04
   662   0.000000E+00  -9.700330E-03   6.538745E-04
   663   0.000000E+00   9.741616E-04   3.143698E-04
   664   0.000000E+00  -7.608281E-03   6.913460E-04
   665   0.000000E+00   1.079990E-02   1.143279E-03
   666   0.000000E+00  -2.570102E-04   8.502500E-05
   667   0.000000E+00   2.771512E-04   5.345402E-05
   668   0.000000E+00   4.646860E-04   7.063079E-05
   669   0.000000E+00   5.467357E-05   3.726087E-05
   670   0.000000E+00  -5.517036E-04   5.548086E-05
   671   0.000000E+00   6.772523E-05   3.610002E-05
   672   0.000000E+00   2.215705E-04   5.109268E-05
   673   0.000000E+00  -1.518090E-04   3.979963E-05
   674   0.000000E+00   1.500293E-04   4.782883E-05
   675   0.000000E+00  -1.480065E-05   5.004599E-05
   676   0.000000E+00  -1.785313E-05   3.485687E-05
   677   0.000000E+00  -1.698493E-03   8.669034E-05
   678   0.000000E+00  -2.004343E-04   5.286713E-05
   679   0.000000E+00  -1.363067E-03   8.780515E-05
   680   0.000000E+00  -2.216301E-03   9.603366E-05
   681   0.000000E+00  -1.324006E-04   5.963232E-05
   682   0.000000E+00   9.500179E-04   1.995973E-04
   683   0.000000E+00   4.031538E-05   3.154722E-05
   684   0.000000E+00  -2.460112E-05   4.713132E-05
   685   0.000000E+00  -1.020675E-04   7.136238E-05
   686   0.000000E+00  -2.403344E-04   4.633345E-05
   687   0.000000E+00  -1.551504E-03   8.080342E-05
   688   0.000000E+00   8.983019E-05   3.800434E-05
   689   0.000000E+00   8.354076E-04   4.553733E-04
   690   0.000000E+00   1.439684E-03   3.342714E-04
   691   0.000000E+00   7.246234E-04   5.170341E-04
   692   0.000000E+00   2.145446E-04   8.861092E-05
   693   0.000000E+00  -2.417321E-05   2.645064E-05
   694   0.000000E+00  -1.099905E-05   2.832537E-05
   695   0.000000E+00   2.504376E-04   1.000823E-04
   696   0.000000E+00   3.100898E-05   3.068300E-05
   697   0.000000E+00   1.643467E-03   3.578252E-04
   698   0.000000E+00   8.962519E-04   1.539400E-04
   699   0.000000E+00   7.990273E-05   6.082881E-05
   700   0.000000E+00   2.001573E-03   3.399691E-04
   701   0.000000E+00  -3.919581E-05   2.538879E-05
   702   0.000000E+00   2.747678E-03   7.181558E-04
   703   0.000000E+00   6.675456E-04   1.031984E-04
   704   0.000000E+00  -1.032727E-04   4.486014E-05
   705   0.000000E+00   3.834307E-03   9.890900E-04
   706   0.000000E+00   1.785364E-03   4.048614E-04
   707   0.000000E+00   1.085779E-03   1.716064E-04
   708   0.000000E+00   5.872269E-03   8.651080E-04
   709   0.000000E+00   3.733209E-04   8.641357E-05
   710   0.000000E+00  -5.955227E-05   2.172030E-05
   711   0.000000E+00  -9.826298E-05   2.603586E-05
   712   0.000000E+00   2.120132E-04   7.987421E-05
   713   0.000000E+00   2.558640E-04   5.287223E-05
   714   0.000000E+00  -1.029667E-04   1.745297E-05
   715   0.000000E+00  -8.112883E-05   2.384431E-05
   716   0.000000E+00   1.214787E-03   3.729572E-04
   717   0.000000E+00  -2.083541E-04   3.140260E-05
   718   0.000000E+00  -2.084947E-05   2.273269E-05
   719   0.000000E+00   3.196076E-04   5.746233E-05
   720   0.000000E+00  -4.290215E-05   2.372358E-05
   721   0.000000E+00   5.235937E-05   3.016024E-05
   722   0.000000E+00  -2.861413E-04   3.139118E-05
   723   0.000000E+00  -8.267737E-04   5.136381E-05
   724   0.000000E+00   6.669495E-04   1.259637E-04
   725   0.000000E+00   1.521762E-05   2.901345E-05
   726   0.000000E+00  -9.313342E-05   2.153188E-05
   727   0.000000E+00   3.134993E-05   2.747425E-05
   728   0.000000E+00  -2.168111E-03   9.698348E-05
   729   0.000000E+00  -2.029823E-04   3.958268E-05
   730   0.000000E+00   1.333290E-04   7.385422E-05
   731   0.000000E+00  -2.336543E-03   1.024805E-04
   732   0.000000E+00  -4.490515E-03   1.654751E-04
   733   0.000000E+00   7.644660E-04   5.877665E-04
   734   0.000000E+00  -5.740129E-05   2.359301E-05
   735   0.000000E+00   3.014656E-04   1.328803E-04
   736   0.000000E+00  -1.197190E-05   3.977570E-05
   737   0.000000E+00  -9.335137E-04   7.343206E-05
   738   0.000000E+00  -5.777067E-05   4.408569E-05
   739   0.000000E+00  -2.472974E-04   4.633345E-05
   740   0.000000E+00   1.055988E-03   2.016173E-04
   741   0.000000E+00  -2.219289E-03   9.603366E-05
   742   0.000000E+00   6.515420E-03   1.073694E-03
   743   0.000000E+00   1.022436E-03   1.042696E-03
   744   0.000000E+00   2.546391E-05   3.997074E-05
   745   0.000000E+00   6.671419E-05   2.547163E-05
   746   0.000000E+00   1.003264E-04   5.670562E-05
   747   0.000000E+00   7.769922E-06   3.014662E-05
   748   0.000000E+00  -8.757169E-04   4.845909E-05
   749   0.000000E+00  -4.763223E-05   3.622306E-05
   750   0.000000E+00   9.955100E-04   2.223257E-04
   751   0.000000E+00   3.381078E-05   2.507152E-05
   752   0.000000E+00  -1.388271E-03   9.310043E-05
   753   0.000000E+00  -2.165302E-04   4.310329E-05
   754   0.000000E+00  -1.360787E-03   8.780515E-05
   755   0.000000E+00   3.520373E-05   3.154722E-05
   756   0.000000E+00  -7.840151E-04   5.136381E-05
   757   0.000000E+00   5.639426E-05   4.158928E-05
   758   0.000000E+00  -1.211745E-04   3.979963E-05
   759   0.000000E+00  -2.005504E-05   3.079421E-05
   760   0.000000E+00   9.189516E-05   9.785477E-05
   761   0.000000E+00  -7.230538E-04   6.676575E-05
   762   0.000000E+00  -3.752058E-05   2.670224E-05
   763   0.000000E+00   4.812463E-05   2.547163E-05
   764   0.000000E+00  -2.949622E-04   3.139118E-05
   765   0.000000E+00   8.202677E-05   3.726087E-05
   766   0.000000E+00   1.243377E-04   5.581810E-05
   767   0.000000E+00   9.825948E-05   5.138683E-05
   768   0.000000E+00  -6.106612E-05   3.623462E-05
   769   0.000000E+00   1.159938E-03   6.309801E-04
   770   0.000000E+00  -7.695268E-05   7.363586E-05
   771   0.000000E+00   3.742150E-05   2.747425E-05
   772   0.000000E+00  -4.149362E-05   3.279285E-05
   773   0.000000E+00   3.008404E-04   7.198962E-05
   774   0.000000E+00   7.808735E-05   4.167816E-05
   775   0.000000E+00   3.568566E-05   3.016024E-05
   776   0.000000E+00   1.654349E-04   3.587868E-05
   777   0.000000E+00   9.639190E-05   6.433065E-05
   778   0.000000E+00   1.475710E-04   3.891477E-05
   779   0.000000E+00   9.215023E-05   3.053185E-05
   780   0.000000E+00  -1.109437E-04   3.279801E-05
   781   0.000000E+00   1.084511E-03   2.583525E-04
   782   0.000000E+00   1.965788E-04   3.999934E-05
   783   0.000000E+00   1.364947E-04   7.473856E-05
   784   0.000000E+00  -4.387422E-05   2.372358E-05
   785   0.000000E+00   1.510427E-03   2.849040E-04
   786   0.000000E+00   1.226845E-04   3.583350E-05
   787   0.000000E+00   4.673487E-05   5.229974E-05
   788   0.000000E+00   3.131600E-05   4.530177E-05
   789   0.000000E+00  -1.748967E-04   2.922159E-05
   790   0.000000E+00   2.767120E-05   3.068300E-05
   791   0.000000E+00  -9.060886E-05   2.603586E-05
   792   0.000000E+00   7.224011E-05   2.830580E-05
   793   0.000000E+00  -9.981388E-06   2.273269E-05
   794   0.000000E+00   7.119984E-04   1.513282E-04
   795   0.000000E+00   4.361074E-04   1.230757E-04
   796   0.000000E+00  -7.881279E-05   4.486014E-05
   797   0.000000E+00   1.054757E-04   7.670949E-05
   798   0.000000E+00   1.257379E-03   1.910509E-04
   799   0.000000E+00  -1.603924E-05   2.645064E-05
   800   0.000000E+00   1.122288E-03   5.318033E-04
   801   0.000000E+00  -5.935815E-05   2.172030E-05
   802   0.000000E+00  -3.564801E-05   4.094920E-05
   803   0.000000E+00   1.457148E-04   7.061205E-05
   804   0.000000E+00   5.011388E-04   7.469525E-05
   805   0.000000E+00   4.207507E-05   4.777532E-05
   806   0.000000E+00   1.303490E-04   7.891373E-05
   807   0.000000E+00   1.105611E-03   2.245348E-04
   808   0.000000E+00   5.178059E-04   1.128870E-04
   809   0.000000E+00   4.267983E-03   8.263193E-04
   810   0.000000E+00   7.839761E-05   2.932472E-05
   811   0.000000E+00   8.719185E-04   1.452169E-04
   812   0.000000E+00   3.967147E-04   8.161353E-05
   813   0.000000E+00   1.295342E-03   2.181146E-04
   814   0.000000E+00   5.804394E-03   7.805474E-04
   815   0.000000E+00   2.052829E-03   3.362209E-04
   816   0.000000E+00   2.558242E-03   7.246632E-04
   817   0.000000E+00   8.634675E-03   1.567776E-03
   818   8.614137E-04   2.764158E-04   3.356157E-03
   819   5.735512E-04   6.781091E-04   1.710391E-03
   820   5.120814E-04   4.874358E-04   1.562812E-03
   821   3.019566E-04   4.895860E-05   1.091409E-03
   822   3.842681E-04   2.011346E-05   1.921340E-03
   823   1.977128E-04   3.784290E-04   5.533008E-04
   824   3.152747E-04   2.958669E-04   1.112734E-03
   825   2.363700E-04  -7.773052E-05   1.114953E-03
   826   2.593843E-04   4.767622E-04   7.554883E-04
   827   2.493639E-04   1.580674E-04   1.068702E-03
   828   1.666844E-04   2.859885E-04   4.129259E-04
   829   4.753119E-04  -2.344121E-04   3.906674E-03
   830   2.650187E-04  -8.340184E-05   1.526019E-03
   831   5.130635E-04  -5.728060E-05   3.193341E-03
   832   2.930122E-04  -5.955529E-05   3.855424E-03
   833   1.426340E-04   9.483275E-05   7.909465E-04
   834   8.353032E-04   4.294939E-04   2.962068E-03
   835   4.238366E-05   2.677527E-05   4.606920E-04
   836  -2.425530E-05   7.671351E-06   1.233320E-03
   837   9.420808E-05   1.450651E-04   1.228801E-03
   838  -1.671696E-05   6.388869E-05   1.166299E-03
   839  -1.064453E-04   1.786133E-04   3.070538E-03
   840  -2.094854E-07  -2.041038E-05   6.284562E-04
   841   4.064405E-04   3.070889E-04   2.150479E-03
   842   1.473890E-06   2.031326E-04   2.210834E-03
   843   1.265255E-03   5.643218E-04   3.108734E-03
   844   4.178476E-04   2.302508E-04   9.996354E-04
   845   1.617865E-04   2.583790E-04   3.783004E-04
   846   1.869210E-04   4.002467E-04   4.700445E-04
   847   5.556226E-04   1.878192E-04   1.043096E-03
   848   2.193485E-04   4.298724E-04   5.782475E-04
   849   1.908569E-03   1.253818E-03   3.103364E-03
   850   1.128001E-03   3.324741E-04   1.944830E-03
   851   4.406825E-04   3.476958E-04   9.880773E-04
   852   2.693891E-03   7.730026E-04   3.788876E-03
   853   1.674476E-04   3.002412E-04   3.977377E-04
   854   2.955543E-03   6.009687E-04   3.921552E-03
   855   8.136742E-04   1.149031E-04   1.562754E-03
   856   3.625008E-04   6.117597E-04   8.176711E-04
   857   3.516538E-03   3.470057E-03   3.820939E-03
   858   2.312104E-03   5.577497E-04   2.997542E-03
   859   1.126909E-03   5.148336E-04   1.927438E-03
   860   3.779155E-03   1.543341E-03   4.051989E-03
   861   4.782190E-04   9.717759E-05   9.040057E-04
   862   1.616249E-04   2.469381E-04   3.770410E-04
   863   2.101658E-04   3.297049E-04   4.952847E-04
   864   4.579599E-04   2.143850E-04   1.001370E-03
   865   4.612680E-04   6.505415E-04   1.423667E-03
   866   1.523783E-04   1.999948E-04   3.707500E-04
   867   1.948655E-04   2.775297E-04   5.083449E-04
   868   1.312327E-03   9.284802E-04   2.617673E-03
   869   2.787988E-04   1.856301E-04   1.155244E-03
   870   1.276546E-04   1.940919E-04   3.443918E-04
   871   3.302731E-04   1.520266E-04   7.758961E-04
   872   1.629554E-04   2.072479E-04   4.816414E-04
   873   2.041662E-04   1.419405E-04   7.231388E-04
   874   2.156270E-04   1.294539E-05   1.186938E-03
   875   3.527731E-04  -1.394289E-04   2.200248E-03
   876   5.337397E-04   1.324741E-04   1.622309E-03
   877   9.282673E-05   1.214725E-04   3.026959E-04
   878   1.158970E-04   1.132297E-04   4.209334E-04
   879   1.436282E-04   5.285058E-05   6.262859E-04
   880   2.998886E-04  -1.099532E-04   3.877870E-03
   881   1.637244E-04  -7.217774E-05   1.008569E-03
   882   2.116671E-04   1.926968E-04   9.724370E-04
   883   2.207120E-04  -3.230953E-04   4.868647E-03
   884  -8.043790E-04   4.418468E-04   8.743249E-03
   885   9.966457E-04   6.430777E-04   3.862968E-03
   886   8.850477E-05   4.136401E-05   4.935210E-04
   887  -1.471765E-04  -2.336969E-05   1.824502E-03
   888   6.876570E-05  -4.123384E-05   7.420759E-04
   889  -3.321236E-04   2.702437E-04   2.806678E-03
   890  -1.836921E-04   1.581020E-05   1.235597E-03
   891   1.671696E-05  -6.149951E-05   1.166299E-03
   892   2.614998E-04  -1.629757E-04   1.627592E-03
   893  -2.930122E-04   7.424203E-05   3.855424E-03
   894   2.907819E-03   4.959371E-03   4.016324E-03
   895   2.741568E-03   1.173190E-03   2.741568E-03
   896   5.470738E-05   6.457544E-05   4.400057E-04
   897   3.776962E-05   4.573260E-05   3.690843E-04
   898   4.546186E-05   8.020503E-05   6.494551E-04
   899   4.066256E-05  -9.522045E-07   5.147159E-04
   900  -1.939310E-04   1.220532E-04   1.763009E-03
   901  -2.083952E-05  -7.301959E-06   7.186043E-04
   902   9.931902E-05  -7.433847E-05   1.425632E-03
   903  -9.730228E-06  -2.196795E-07   3.559840E-04
   904  -7.086659E-04   1.258871E-04   4.065005E-03
   905  -1.678408E-04   8.466406E-05   9.554504E-04
   906  -5.130635E-04   4.824444E-05   3.193341E-03
   907  -4.238366E-05  -2.625319E-05   4.606920E-04
   908  -3.527731E-04   1.059321E-04   2.200248E-03
   909   3.500810E-06  -8.476159E-06   4.566274E-04
   910  -2.363700E-04   6.811988E-05   1.114953E-03
   911  -9.775745E-05  -5.377154E-06   5.705688E-04
   912  -1.735053E-05  -2.874601E-05   9.131856E-04
   913  -7.208630E-04  -2.757549E-04   3.116122E-03
   914  -3.517735E-05  -5.297242E-05   3.103884E-04
   915  -3.776962E-05  -4.375899E-05   3.690843E-04
   916  -2.156270E-04  -1.995056E-05   1.186938E-03
   917  -3.019566E-04  -3.863715E-05   1.091409E-03
   918  -3.430974E-04  -1.641093E-04   1.322998E-03
   919  -4.167233E-04  -1.886769E-04   1.395279E-03
   920  -6.638119E-05  -6.687818E-05   3.694686E-04
   921  -3.173288E-04  -5.490948E-04   2.956479E-03
   922  -1.420582E-04  -1.313156E-04   8.307497E-04
   923  -1.436282E-04  -5.389395E-05   6.262859E-04
   924  -9.456918E-05  -1.080794E-04   4.172170E-04
   925  -5.940978E-04  -6.409504E-04   1.676664E-03
   926  -6.974222E-05  -8.887414E-05   4.798776E-04
   927  -2.041662E-04  -1.345188E-04   7.231388E-04
   928  -3.092542E-04  -3.056197E-04   9.664194E-04
   929  -1.956773E-04  -1.834004E-04   7.965155E-04
   930  -2.228164E-04  -2.593923E-04   7.418970E-04
   931  -1.251599E-04  -1.762631E-04   4.412219E-04
   932  -2.071992E-04  -2.314440E-04   7.236293E-04
   933  -1.482069E-04   2.058569E-04   1.457773E-03
   934  -2.020586E-04  -2.586408E-04   6.301204E-04
   935  -2.223071E-04  -2.673225E-04   8.054605E-04
   936  -1.629554E-04  -2.087695E-04   4.816414E-04
   937  -5.715403E-04  -9.144436E-05   2.411563E-03
   938  -2.418009E-04  -3.725620E-04   6.817695E-04
   939  -3.274497E-04  -5.844140E-04   8.505187E-04
   940  -3.892124E-04  -7.604968E-04   1.023345E-03
   941  -3.487076E-04  -4.967384E-04   8.790949E-04
   942  -2.193485E-04  -4.369630E-04   5.782475E-04
   943  -2.101658E-04  -3.580606E-04   4.952847E-04
   944  -1.069189E-04  -1.822948E-04   3.178956E-04
   945  -1.276546E-04  -1.978098E-04   3.443918E-04
   946  -5.788765E-04  -1.509313E-04   1.455683E-03
   947  -2.594075E-04   1.666834E-05   1.103862E-03
   948  -3.625008E-04  -5.978275E-04   8.176711E-04
   949  -3.884689E-04  -2.951923E-04   8.690579E-04
   950  -7.374836E-04  -3.723853E-04   1.831499E-03
   951  -1.617865E-04  -2.552595E-04   3.783004E-04
   952  -1.502351E-03  -8.504365E-04   3.386216E-03
   953  -1.616249E-04  -2.474176E-04   3.770410E-04
   954  -3.133507E-04  -4.441327E-04   7.372957E-04
   955  -3.697839E-04  -2.609639E-04   9.629789E-04
   956  -4.346921E-04  -7.226428E-05   9.429331E-04
   957  -2.931307E-04  -1.987386E-04   6.485193E-04
   958  -4.147382E-04  -1.572422E-04   8.452545E-04
   959  -1.345678E-03  -7.135488E-04   2.214500E-03
   960  -7.275396E-04  -2.455053E-04   1.275639E-03
   961  -2.727041E-03  -1.084325E-03   4.096707E-03
   962  -1.428465E-04  -1.743638E-05   2.913253E-04
   963  -9.439981E-04  -4.233121E-04   1.719487E-03
   964  -4.126256E-04  -2.335054E-05   7.594335E-04
   965  -1.460938E-03  -4.315758E-04   2.272066E-03
   966  -4.797439E-03  -2.492513E-03   5.591420E-03
   967  -2.848325E-03  -8.856083E-04   4.080695E-03
   968  -3.352111E-03  -1.095945E-03   5.112523E-03
   969  -8.142583E-03  -6.087263E-03   8.511411E-03
   970   0.000000E+00  -3.930417E-04   3.356157E-03
   971   0.000000E+00  -8.860437E-05   1.710391E-03
   972   0.000000E+00  -6.461704E-06   1.562812E-03
   973   0.000000E+00  -6.542912E-05   1.091409E-03
   974   0.000000E+00  -1.069484E-04   1.921340E-03
   975   0.000000E+00   6.467828E-05   5.533008E-04
   976   0.000000E+00   4.865847E-06   1.112734E-03
   977   0.000000E+00   3.011732E-05   1.114953E-03
   978   0.000000E+00   1.200300E-04   7.554883E-04
   979   0.000000E+00   3.647901E-05   1.068702E-03
   980   0.000000E+00   1.277392E-04   4.129259E-04
   981   0.000000E+00   3.759577E-04   3.906674E-03
   982   0.000000E+00   9.831331E-05   1.526019E-03
   983   0.000000E+00  -1.235371E-04   3.193341E-03
   984   0.000000E+00   1.895165E-04   3.855424E-03
   985   0.000000E+00   6.739288E-05   7.909465E-04
   986   0.000000E+00   2.979870E-05   2.962068E-03
   987   0.000000E+00  -9.878138E-06   4.606920E-04
   988   0.000000E+00   9.611558E-05   1.233320E-03
   989   0.000000E+00   3.110548E-05   1.228801E-03
   990   0.000000E+00   1.890751E-04   1.166299E-03
   991   0.000000E+00   2.202180E-04   3.070538E-03
   992   0.000000E+00  -4.464272E-05   6.284562E-04
   993   0.000000E+00   9.436256E-05   2.150479E-03
   994   0.000000E+00   2.881341E-04   2.210834E-03
   995   0.000000E+00   3.604550E-04   3.108734E-03
   996   0.000000E+00   1.638993E-04   9.996354E-04
   997   0.000000E+00   1.418760E-04   3.783004E-04
   998   0.000000E+00   1.169825E-04   4.700445E-04
   999   0.000000E+00   9.398900E-05   1.043096E-03
  1000   0.000000E+00   6.105819E-05   5.782475E-04
  1001   0.000000E+00   4.375592E-04   3.103364E-03
  1002   0.000000E+00  -1.370579E-04   1.944830E-03
  1003   0.000000E+00   2.305853E-04   9.880773E-04
  1004   0.000000E+00   2.431734E-04   3.788876E-03
  1005   0.000000E+00   1.426527E-04   3.977377E-04
  1006   0.000000E+00   1.739955E-03   3.921552E-03
  1007   0.000000E+00  -4.621020E-05   1.562754E-03
  1008   0.000000E+00   3.406046E-04   8.176711E-04
  1009   0.000000E+00   4.106064E-03   3.820939E-03
  1010   0.000000E+00   8.947669E-04   2.997542E-03
  1011   0.000000E+00   1.060166E-04   1.927438E-03
  1012   0.000000E+00   1.274833E-03   4.051989E-03
  1013   0.000000E+00  -8.133154E-05   9.040057E-04
  1014   0.000000E+00   1.391200E-04   3.770410E-04
  1015   0.000000E+00   1.558038E-04   4.952847E-04
  1016   0.000000E+00   1.383272E-04   1.001370E-03
  1017   0.000000E+00  -2.346024E-05   1.423667E-03
  1018   0.000000E+00   1.153377E-04   3.707500E-04
  1019   0.000000E+00   6.990801E-05   5.083449E-04
  1020   0.000000E+00   7.857714E-04   2.617673E-03
  1021   0.000000E+00  -1.063076E-04   1.155244E-03
  1022   0.000000E+00   6.903046E-05   3.443918E-04
  1023   0.000000E+00   5.610995E-06   7.758961E-04
  1024   0.000000E+00   3.292894E-05   4.816414E-04
  1025   0.000000E+00  -4.419610E-05   7.231388E-04
  1026   0.000000E+00  -5.010698E-05   1.186938E-03
  1027   0.000000E+00  -1.820680E-05   2.200248E-03
  1028   0.000000E+00  -6.113097E-05   1.622309E-03
  1029   0.000000E+00   2.587363E-05   3.026959E-04
  1030   0.000000E+00   2.380931E-05   4.209334E-04
  1031   0.000000E+00  -1.329115E-05   6.262859E-04
  1032   0.000000E+00   1.179194E-04   3.877870E-03
  1033   0.000000E+00   3.231494E-05   1.008569E-03
  1034   0.000000E+00   3.687074E-05   9.724370E-04
  1035   0.000000E+00   4.097469E-04   4.868647E-03
  1036   0.000000E+00   1.241597E-05   8.743249E-03
  1037   0.000000E+00   1.715480E-04   3.862968E-03
  1038   0.000000E+00   6.042714E-06   4.935210E-04
  1039   0.000000E+00   2.706947E-04   1.824502E-03
  1040   0.000000E+00   4.011202E-05   7.420759E-04
  1041   0.000000E+00   1.639373E-04   2.806678E-03
  1042   0.000000E+00   4.825468E-05   1.235597E-03
  1043   0.000000E+00   1.617693E-04   1.166299E-03
  1044   0.000000E+00   2.515868E-04   1.627592E-03
  1045   0.000000E+00   1.859344E-04   3.855424E-03
  1046   0.000000E+00   3.705566E-03   4.016324E-03
  1047   0.000000E+00   1.435610E-03   2.741568E-03
  1048   0.000000E+00   2.617861E-05   4.400057E-04
  1049   0.000000E+00   3.648463E-06   3.690843E-04
  1050   0.000000E+00   1.840105E-05   6.494551E-04
  1051   0.000000E+00   1.010905E-05   5.147159E-04
  1052   0.000000E+00   2.903049E-04   1.763009E-03
  1053   0.000000E+00   6.080715E-05   7.186043E-04
  1054   0.000000E+00   3.881037E-04   1.425632E-03
  1055   0.000000E+00  -1.764469E-05   3.559840E-04
  1056   0.000000E+00   2.526490E-05   4.065005E-03
  1057   0.000000E+00   9.848420E-05   9.554504E-04
  1058   0.000000E+00  -1.144480E-04   3.193341E-03
  1059   0.000000E+00  -3.310270E-07   4.606920E-04
  1060   0.000000E+00  -5.171866E-05   2.200248E-03
  1061   0.000000E+00  -2.317168E-05   4.566274E-04
  1062   0.000000E+00   1.970966E-06   1.114953E-03
  1063   0.000000E+00   1.742409E-05   5.705688E-04
  1064   0.000000E+00   1.134809E-04   9.131856E-04
  1065   0.000000E+00  -2.795915E-04   3.116122E-03
  1066   0.000000E+00   1.015499E-05   3.103884E-04
  1067   0.000000E+00   2.170870E-06   3.690843E-04
  1068   0.000000E+00  -4.921396E-05   1.186938E-03
  1069   0.000000E+00  -6.399755E-05   1.091409E-03
  1070   0.000000E+00  -2.953946E-05   1.322998E-03
  1071   0.000000E+00  -1.595588E-04   1.395279E-03
  1072   0.000000E+00   1.788938E-05   3.694686E-04
  1073   0.000000E+00   1.516069E-04   2.956479E-03
  1074   0.000000E+00   7.290112E-05   8.307497E-04
  1075   0.000000E+00  -1.662310E-05   6.262859E-04
  1076   0.000000E+00   9.938566E-06   4.172170E-04
  1077   0.000000E+00  -4.689781E-05   1.676664E-03
  1078   0.000000E+00   3.199903E-06   4.798776E-04
  1079   0.000000E+00  -3.024079E-05   7.231388E-04
  1080   0.000000E+00  -7.851169E-05   9.664194E-04
  1081   0.000000E+00   3.635973E-05   7.965155E-04
  1082   0.000000E+00  -2.448158E-05   7.418970E-04
  1083   0.000000E+00   8.918090E-06   4.412219E-04
  1084   0.000000E+00   2.985269E-05   7.236293E-04
  1085   0.000000E+00   2.324781E-04   1.457773E-03
  1086   0.000000E+00   3.704987E-05   6.301204E-04
  1087   0.000000E+00   5.547901E-05   8.054605E-04
  1088   0.000000E+00   3.393004E-05   4.816414E-04
  1089   0.000000E+00   2.296132E-05   2.411563E-03
  1090   0.000000E+00   2.373872E-05   6.817695E-04
  1091   0.000000E+00   1.839423E-04   8.505187E-04
  1092   0.000000E+00   1.827706E-04   1.023345E-03
  1093   0.000000E+00   1.996400E-04   8.790949E-04
  1094   0.000000E+00   7.014354E-05   5.782475E-04
  1095   0.000000E+00   1.422529E-04   4.952847E-04
  1096   0.000000E+00   5.297171E-05   3.178956E-04
  1097   0.000000E+00   7.097924E-05   3.443918E-04
  1098   0.000000E+00   3.740275E-06   1.455683E-03
  1099   0.000000E+00   2.608507E-05   1.103862E-03
  1100   0.000000E+00   3.302982E-04   8.176711E-04
  1101   0.000000E+00   2.167462E-04   8.690579E-04
  1102   0.000000E+00   5.938353E-06   1.831499E-03
  1103   0.000000E+00   1.439555E-04   3.783004E-04
  1104   0.000000E+00   4.868591E-04   3.386216E-03
  1105   0.000000E+00   1.437197E-04   3.770410E-04
  1106   0.000000E+00   2.345666E-04   7.372957E-04
  1107   0.000000E+00   1.331792E-04   9.629789E-04
  1108   0.000000E+00  -7.949906E-05   9.429331E-04
  1109   0.000000E+00   1.635919E-04   6.485193E-04
  1110   0.000000E+00   1.380261E-04   8.452545E-04
  1111   0.000000E+00  -2.696024E-05   2.214500E-03
  1112   0.000000E+00  -3.668066E-05   1.275639E-03
  1113   0.000000E+00   1.444806E-04   4.096707E-03
  1114   0.000000E+00   8.893561E-06   2.913253E-04
  1115   0.000000E+00  -7.294610E-05   1.719487E-03
  1116   0.000000E+00  -9.101775E-05   7.594335E-04
  1117   0.000000E+00  -1.138432E-04   2.272066E-03
  1118   0.000000E+00   2.660077E-03   5.591420E-03
  1119   0.000000E+00   7.324024E-04   4.080695E-03
  1120   0.000000E+00   2.329257E-03   5.112523E-03
  1121   0.000000E+00   6.067303E-03   8.511411E-03
