 smom1,sph1,sth1,slr1
          16           6           6          10
 phi boundaries
  0.00000E+00  2.61799E-01  5.23599E-01  7.85398E-01  1.04720E+00  1.30900E+00  1.57080E+00
 theta boundaries
  0.00000E+00  2.61799E-01  5.23599E-01  7.85398E-01  1.04720E+00  1.30900E+00  1.57080E+00
 radius boundaries in arcsec
  0.00000E+00  1.19639E+00  1.80726E+00  2.73003E+00  4.12397E+00  6.22963E+00  9.41044E+00  1.42153E+01  2.14736E+01  3.24379E+01  9.80009E+03
                                                                              phi,theta,r,mgemass,fitmass,errmass,x,y,z 
                                           (in arcsec),vx,vy,vz,xv2,vy2,vz2,vxvy,vyvz,vzvx,orbit long, orbit short,boxes
       1       1       1  4.20669E-04  4.45718E-04  4.20669E-06  9.85064E-02  1.49735E-02  5.40193E-01 -2.54256E+00  3.33510E+01 -1.02763E+01  2.77892E+04  2.37351E+04  6.61310E+04  2.57249E+03  1.17385E+03  1.22044E+04  8.00323E-05  0.00000E+00  3.65686E-04
       1       1       2  1.20521E-04  1.32403E-04  1.20521E-06  2.85783E-01  3.81402E-02  1.47621E+00  7.29560E+00  7.23507E+01  3.90715E-01  3.15445E+04  2.75763E+04  7.74302E+04  1.58962E+02 -1.55273E+03  2.09073E+04  4.24452E-05  0.00000E+00  8.99582E-05
       1       1       3  2.08322E-04  2.41450E-04  2.08322E-06  4.40603E-01  6.17003E-02  2.19352E+00 -3.46633E+00  2.03757E+01  5.27576E+00  2.37407E+04  1.19484E+04  3.04017E+04  3.05871E+03  1.00117E+03  7.74059E+03  4.46022E-05  0.00000E+00  1.96847E-04
       1       1       4  2.92998E-04  1.42091E-04  2.92998E-06  5.42917E-01  7.31615E-02  3.56368E+00 -1.43439E+00  2.19690E+01  2.64694E+00  2.59597E+04  6.25345E+04  3.09981E+04  1.39440E+03 -2.07008E+03  5.90128E+03  1.08249E-04  0.00000E+00  3.38416E-05
       1       1       5  2.68832E-04  2.89707E-04  2.68832E-06  8.28228E-01  1.12072E-01  5.23408E+00  2.27724E-02  1.74956E+01 -7.56291E+00  5.48573E+03  2.61563E+04  2.94502E+04  5.74852E+02 -2.94795E+02  3.57146E+03  2.13537E-04  0.00000E+00  7.61697E-05
       1       1       6  2.17087E-04  2.72175E-04  2.17087E-06  1.10729E+00  1.48360E-01  6.93824E+00 -1.38447E+00  7.41206E+00 -9.41879E+00  2.93340E+03  8.93741E+03  2.24822E+04 -2.44766E+02  2.68549E+02  4.12156E+03  1.07591E-04  0.00000E+00  1.64584E-04
       1       1       7  2.21258E-04  2.03902E-04  2.21258E-06  1.94649E+00  2.37721E-01  1.22115E+01 -1.32468E+00 -5.94982E+01  1.34255E+00  7.65541E+03  4.25511E+04  3.30889E+04  5.35155E+02  8.16717E+01  6.26218E+03  1.34295E-04  0.00000E+00  6.96065E-05
       1       1       8  3.69814E-04  4.15427E-04  3.69814E-06  3.10843E+00  4.42290E-01  1.79829E+01  1.60154E+00 -3.58083E+01  9.18647E+00  3.50882E+03  1.77644E+04  2.18319E+04  2.44759E+02  3.26229E+02  3.30382E+03  2.56631E-04  0.00000E+00  1.58797E-04
       1       1       9  3.83119E-04  4.52289E-04  3.83119E-06  4.84918E+00  8.27594E-01  2.40540E+01  8.72735E-01 -1.27777E+01  2.98986E+00  1.10972E+03  5.07816E+03  8.27324E+03  1.42485E+02  2.26076E+02  1.41101E+03  1.24431E-04  0.00000E+00  3.27858E-04
       1       1      10  1.71540E-04  1.36665E-04  1.71540E-06  1.31671E+01  1.96519E+00  7.35502E+01 -6.27461E-01 -2.48511E+01 -6.94546E+00  1.30238E+03  1.76758E+03  3.16576E+04  1.45523E+02  9.26972E+02  3.82247E+03  5.55888E-05  0.00000E+00  8.10764E-05
       1       2       1  1.27093E-03  1.18924E-03  1.27093E-05  2.29913E-01  3.02369E-02  5.51634E-01 -6.96929E+00  4.45815E+01 -3.83006E+00  2.91403E+04  2.02376E+04  4.50305E+04  3.02104E+02  1.24255E+03  1.24192E+04  0.00000E+00  2.10209E-04  9.79026E-04
       1       2       2  3.67612E-04  2.63619E-04  3.67612E-06  5.63593E-01  6.92912E-02  1.40222E+00 -9.12166E-03 -5.59065E+00 -5.50794E+00  3.39473E+04  1.05849E+04  8.58387E+04  3.03665E+03  4.56752E+03  3.57853E+04  0.00000E+00  3.13896E-06  2.60480E-04
       1       2       3  6.33341E-04  7.21852E-04  6.33341E-06  8.57106E-01  1.14981E-01  2.09474E+00  2.47614E+00 -1.26179E+00  1.39532E+00  2.01297E+04  3.42710E+03  3.19790E+04  2.62865E+03  2.36646E+03  1.45637E+04  0.00000E+00  2.29450E-06  7.19558E-04
       1       2       4  9.14350E-04  2.08723E-04  9.14350E-06  1.31272E+00  1.72675E-01  3.12763E+00  1.18187E+01 -9.03994E+01 -1.11307E+01  5.64340E+04  4.25259E+04  9.72850E+04  2.01806E+03  6.23743E+03  3.81786E+04  0.00000E+00  5.10526E-05  1.57670E-04
       1       2       5  8.55742E-04  2.86512E-04  8.55742E-06  1.97726E+00  2.57675E-01  4.82976E+00 -7.19568E+00 -6.04135E+00 -1.58704E+01  1.56904E+04  2.63130E+03  8.67395E+04  2.25983E+03  4.42996E+03  3.28053E+04  0.00000E+00  1.72087E-06  2.84791E-04
       1       2       6  7.27349E-04  5.69627E-04  7.27349E-06  2.87218E+00  3.61475E-01  6.93787E+00 -3.06189E-01 -3.43130E+00 -4.81969E+00  6.65144E+03  8.44714E+02  4.04754E+04  7.40825E+02  1.81089E+03  1.50159E+04  0.00000E+00  0.00000E+00  5.69627E-04
       1       2       7  7.17087E-04  3.42616E-04  7.17087E-06  4.66818E+00  5.96314E-01  1.09645E+01  5.10597E+00 -5.30201E+00  2.38134E+00  1.21497E+04  4.19832E+03  7.58684E+04  5.33785E+02  3.08918E+03  2.87627E+04  0.00000E+00  6.34187E-06  3.36274E-04
       1       2       8  1.18113E-03  8.14425E-04  1.18113E-05  7.09287E+00  9.04521E-01  1.66445E+01  7.01588E+00  2.81772E+00  1.36102E+01  6.33081E+03  2.93549E+02  3.95542E+04  6.89924E+02  1.68107E+03  1.52923E+04  0.00000E+00  0.00000E+00  8.14425E-04
       1       2       9  1.30915E-03  1.91902E-03  1.30915E-05  9.99927E+00  1.19748E+00  2.35265E+01  5.59908E-01 -9.16650E-02  3.81362E+00  1.48655E+03  1.18108E+02  8.79571E+03  1.73507E+02  3.51714E+02  3.40066E+03  0.00000E+00  0.00000E+00  1.91902E-03
       1       2      10  5.92207E-04  6.12961E-04  5.92207E-06  3.04027E+01  4.14457E+00  7.05778E+01  4.35217E+00  1.17148E+00  1.09799E+01  4.82623E+03  1.46822E+02  2.61068E+04  6.16122E+02  1.43853E+03  1.09458E+04  0.00000E+00  0.00000E+00  6.12961E-04
       1       3       1  2.13218E-03  2.18925E-03  2.13218E-05  3.50019E-01  4.60323E-02  4.74070E-01 -1.36450E+01  1.07153E+02  6.33835E-02  2.52566E+04  2.73615E+04  2.92970E+04 -6.04540E+02 -1.95494E+02  2.64456E+03  0.00000E+00  1.55031E-03  6.38940E-04
       1       3       2  6.29272E-04  6.31201E-04  6.29272E-06  9.03293E-01  1.19241E-01  1.20216E+00 -1.28181E+01  1.03520E+02  1.79109E+00  3.78389E+04  2.46653E+04  4.03075E+04  7.71072E+02  8.63301E+02  1.30677E+04  0.00000E+00  4.46997E-04  1.84204E-04
       1       3       3  1.07418E-03  1.14756E-03  1.07418E-05  1.36156E+00  1.80599E-01  1.80221E+00 -5.28698E+00  1.19596E+01 -8.38562E-01  1.73908E+04  1.08955E+04  2.22018E+04  1.00542E+03  7.89751E+02  8.32778E+03  0.00000E+00  7.44424E-04  4.03132E-04
       1       3       4  1.62891E-03  9.42249E-04  1.62891E-05  2.03771E+00  2.63050E-01  2.84977E+00  2.25196E+01 -1.85329E+02 -5.40978E+00  4.04779E+04  6.70010E+04  3.81939E+04 -3.82209E+03  2.14730E+03  1.57471E+04  0.00000E+00  7.03212E-04  2.39037E-04
       1       3       5  1.58983E-03  1.66178E-03  1.58983E-05  3.23932E+00  4.29415E-01  4.11319E+00  2.09165E+01 -1.07417E+02  1.41098E+00  2.71794E+04  2.37668E+04  2.64224E+04 -6.31225E+02  1.22108E+03  1.06738E+04  0.00000E+00  1.27128E-03  3.90498E-04
       1       3       6  1.49470E-03  1.59266E-03  1.49470E-05  4.23427E+00  5.65153E-01  5.74058E+00  1.04490E+01 -5.84148E+01  2.31776E+00  1.30824E+04  1.08964E+04  2.18095E+04  2.14221E+02  1.51759E+03  1.00129E+04  0.00000E+00  7.82996E-04  8.09662E-04
       1       3       7  1.44228E-03  1.36362E-03  1.44228E-05  7.19940E+00  9.47389E-01  9.68718E+00  2.46859E+01 -1.43630E+02 -3.81724E-01  2.26932E+04  3.39975E+04  3.47881E+04 -2.33043E+03  1.91092E+03  1.25309E+04  0.00000E+00  9.64366E-04  3.99256E-04
       1       3       8  2.20154E-03  2.49400E-03  2.20154E-05  1.08539E+01  1.43077E+00  1.44121E+01  2.00359E+01 -9.01086E+01  3.20835E+00  1.35043E+04  1.44260E+04  2.07168E+04 -6.57025E+02  1.04720E+03  7.19785E+03  0.00000E+00  1.69074E-03  8.03257E-04
       1       3       9  2.78890E-03  3.43504E-03  2.78890E-05  1.50854E+01  2.00728E+00  1.98161E+01  8.18591E+00 -3.68032E+01  1.26802E+00  4.65730E+03  4.04730E+03  7.38192E+03 -6.58473E+01  3.29189E+02  2.96576E+03  0.00000E+00  1.66259E-03  1.77245E-03
       1       3      10  1.43155E-03  1.57158E-03  1.43155E-05  4.58608E+01  6.12659E+00  5.98652E+01  3.08747E+00 -2.84020E+01 -1.72477E+00  1.18651E+04  2.02870E+03  1.96081E+04  1.27202E+03  9.83614E+02  7.42357E+03  0.00000E+00  8.12036E-04  7.59544E-04
       1       4       1  2.96032E-03  3.14512E-03  2.96032E-05  4.84752E-01  6.43518E-02  3.44020E-01  3.36389E+00 -3.35745E+01 -1.38127E-02  2.44221E+04  4.45860E+04  2.15814E+04 -2.39995E+03 -1.67035E+02  1.22887E+03  0.00000E+00  2.65759E-03  4.87535E-04
       1       4       2  8.99923E-04  8.97687E-04  8.99923E-06  1.22260E+00  1.61833E-01  8.60683E-01  7.01981E+00 -5.04393E+01 -8.53136E-01  4.04099E+04  3.58290E+04  2.19853E+04 -1.94614E+02  2.62194E+02  4.26105E+03  0.00000E+00  7.70982E-04  1.26705E-04
       1       4       3  1.51046E-03  1.52927E-03  1.51046E-05  1.77271E+00  2.35547E-01  1.27175E+00  6.58338E+00 -5.23330E+01  8.23261E-01  1.92510E+04  2.41666E+04  1.44931E+04 -5.22300E+02  2.84212E+02  3.58163E+03  0.00000E+00  1.09513E-03  4.34135E-04
       1       4       4  2.43875E-03  1.58833E-03  2.43875E-05  2.78995E+00  3.62560E-01  2.00380E+00  1.70079E+01 -1.30684E+02 -5.61381E-01  3.54253E+04  8.28666E+04  2.24057E+04 -6.50865E+03  6.14437E+02  3.36833E+03  0.00000E+00  1.42500E-03  1.63334E-04
       1       4       5  2.53203E-03  2.95603E-03  2.53203E-05  4.22368E+00  5.47583E-01  2.98983E+00  1.18845E+01 -8.61554E+01  2.42865E-01  3.18958E+04  2.89221E+04  1.87202E+04  5.11238E+01  4.48330E+02  4.60744E+03  0.00000E+00  2.62715E-03  3.28877E-04
       1       4       6  2.71749E-03  2.86263E-03  2.71749E-05  5.98020E+00  7.93126E-01  4.05487E+00  4.78385E+00 -4.60781E+01 -8.18207E-01  1.71818E+04  1.41387E+04  8.91427E+03  2.45728E+02  4.64752E+02  3.84367E+03  0.00000E+00  2.07645E-03  7.86179E-04
       1       4       7  2.82157E-03  2.31410E-03  2.82157E-05  9.76374E+00  1.27290E+00  6.87493E+00  2.30989E+01 -1.85026E+02  4.12724E+00  2.87785E+04  4.70352E+04  2.14412E+04 -2.75771E+03  1.62651E+02  4.41261E+03  0.00000E+00  2.00544E-03  3.08662E-04
       1       4       8  3.58504E-03  4.38186E-03  3.58504E-05  1.47732E+01  1.93740E+00  1.02518E+01  1.27740E+01 -1.07944E+02  7.52318E-01  2.14514E+04  1.74425E+04  1.34141E+04  6.80796E+02  4.53393E+02  3.99032E+03  0.00000E+00  3.73748E-03  6.44379E-04
       1       4       9  5.28541E-03  6.18616E-03  5.28541E-05  2.04842E+01  2.64194E+00  1.42578E+01  6.65664E+00 -5.45435E+01 -1.15856E+00  8.46051E+03  5.68537E+03  5.14543E+03  3.64773E+02  3.86788E+02  2.35449E+03  0.00000E+00  4.75522E-03  1.43093E-03
       1       4      10  3.83847E-03  4.00633E-03  3.83847E-05  6.22264E+01  9.22992E+00  4.25090E+01  4.46854E+00 -2.71151E+01  2.15024E+00  2.09865E+04  2.38509E+03  1.00844E+04  2.85979E+03  1.13321E+03  7.60366E+03  0.00000E+00  1.92318E-03  2.08315E-03
       1       5       1  3.64780E-03  3.25880E-03  3.64780E-05  5.28806E-01  7.03162E-02  2.27870E-01  6.00082E+00 -4.42030E+01  5.95362E-01  2.06144E+04  3.98228E+04  2.77787E+04 -2.21005E+03 -2.95879E+02  3.60242E+02  0.00000E+00  2.85200E-03  4.06807E-04
       1       5       2  1.14471E-03  1.10466E-03  1.14471E-05  1.38065E+00  1.78537E-01  5.92367E-01  9.29979E+00 -7.29663E+01 -3.88443E+00  5.64035E+04  3.22109E+04  2.66344E+04  2.29065E+03  5.40961E+02  1.89163E+03  0.00000E+00  8.93719E-04  2.10945E-04
       1       5       3  1.88218E-03  1.89873E-03  1.88218E-05  1.99211E+00  2.63757E-01  8.46517E-01  4.71595E+00 -6.27981E+01  2.26885E+00  3.43849E+04  2.14120E+04  1.62075E+04  2.24386E+03  2.04484E+01  2.65972E+03  0.00000E+00  1.47579E-03  4.22942E-04
       1       5       4  3.22420E-03  1.95033E-03  3.22420E-05  3.14290E+00  4.13273E-01  1.33515E+00  1.13078E+01 -1.00712E+02  3.01244E-01  4.44534E+04  5.13722E+04  3.72841E+04 -8.03310E+02  1.69748E+03  4.77544E+03  0.00000E+00  1.72816E-03  2.22166E-04
       1       5       5  3.57742E-03  3.69396E-03  3.57742E-05  4.78220E+00  6.37891E-01  2.08992E+00  8.72213E+00 -6.98899E+01  3.96782E-01  3.56362E+04  2.34810E+04  1.99768E+04  1.79910E+03 -1.20947E+03  2.19679E+03  0.00000E+00  3.25957E-03  4.34394E-04
       1       5       6  4.34799E-03  4.44677E-03  4.34799E-05  6.65604E+00  8.89798E-01  2.86450E+00  4.41231E+00 -5.26949E+01  1.78452E+00  2.73379E+04  1.25936E+04  1.04760E+04  2.52861E+03  8.00107E+02  4.21220E+03  0.00000E+00  3.49654E-03  9.50226E-04
       1       5       7  5.38977E-03  3.16758E-03  5.38977E-05  1.08676E+01  1.44346E+00  4.60081E+00  2.25101E+01 -1.37582E+02 -7.24069E-01  4.46388E+04  2.97490E+04  2.54632E+04  2.08900E+03  1.27461E+03  9.69162E+03  0.00000E+00  2.57155E-03  5.96028E-04
       1       5       8  5.68885E-03  6.10810E-03  5.68885E-05  1.65574E+01  2.19827E+00  6.90345E+00  1.38438E+01 -8.48524E+01 -3.54469E+00  2.85132E+04  1.25310E+04  1.23184E+04  2.11802E+03  9.18837E+02  5.49036E+03  0.00000E+00  4.62729E-03  1.48081E-03
       1       5       9  8.76519E-03  1.04241E-02  8.76519E-05  2.34726E+01  3.07309E+00  9.50117E+00  3.79376E+00 -3.83215E+01 -1.97420E+00  1.02419E+04  3.73900E+03  4.01129E+03  9.51490E+02  3.64693E+02  2.17458E+03  0.00000E+00  6.27638E-03  4.14770E-03
       1       5      10  1.02791E-02  5.93988E-03  1.02791E-04  6.95511E+01  9.13557E+00  2.96489E+01  1.10458E+01 -1.94214E+01  2.68806E+00  2.58356E+04  1.87192E+03  5.55254E+03  3.21212E+03  9.03200E+02  6.84898E+03  0.00000E+00  2.41178E-03  3.52810E-03
       1       6       1  4.04733E-03  4.02464E-03  4.04733E-05  5.75886E-01  7.61092E-02  7.67958E-02  1.22740E+01 -9.87503E+01  1.85683E-01  1.77431E+04  4.37557E+04  2.55432E+04 -3.27230E+03  2.81633E+00  3.19581E+02  0.00000E+00  3.56158E-03  4.63067E-04
       1       6       2  1.29726E-03  1.30884E-03  1.29726E-05  1.48691E+00  1.98013E-01  1.96016E-01  1.67759E+01 -1.08040E+02 -1.91988E+00  4.48045E+04  3.78855E+04  2.46522E+04  1.04004E+03  9.30856E+02  4.31317E-01  0.00000E+00  1.16300E-03  1.45847E-04
       1       6       3  2.10216E-03  2.16905E-03  2.10216E-05  2.11872E+00  2.79861E-01  2.81571E-01  1.09102E+01 -7.00097E+01  1.96857E+00  3.14376E+04  2.20609E+04  1.37279E+04  8.18826E+02 -1.54028E+02 -1.52708E+03  0.00000E+00  1.75518E-03  4.13866E-04
       1       6       4  3.73329E-03  2.98002E-03  3.73329E-05  3.39258E+00  4.48299E-01  4.51022E-01  1.20253E+01 -1.03630E+02  8.39889E-01  3.83287E+04  6.83669E+04  2.99218E+04 -3.42306E+03  2.87061E+01  1.63167E+03  0.00000E+00  2.65075E-03  3.29264E-04
       1       6       5  4.32956E-03  4.75171E-03  4.32956E-05  5.18079E+00  6.95392E-01  6.94999E-01  9.47140E+00 -6.61000E+01 -7.94135E-01  3.65794E+04  3.12765E+04  1.25115E+04  5.22699E+02  2.39004E+02  2.55133E+03  0.00000E+00  4.11461E-03  6.37097E-04
       1       6       6  5.66842E-03  6.73300E-03  5.66842E-05  7.12217E+00  9.53609E-01  9.22341E-01  9.80007E+00 -6.35922E+01 -6.12515E-01  2.52271E+04  2.28471E+04  8.63637E+03  2.78657E+02  4.74806E+02  2.01343E+03  0.00000E+00  5.18468E-03  1.54832E-03
       1       6       7  8.16757E-03  5.97322E-03  8.16757E-05  1.16799E+01  1.54088E+00  1.64947E+00  2.37530E+01 -2.01623E+02 -4.78613E-01  4.06911E+04  5.67841E+04  1.45156E+04 -1.91954E+03  4.91098E+02  3.63704E+03  0.00000E+00  4.99899E-03  9.74236E-04
       1       6       8  8.26687E-03  9.95269E-03  8.26687E-05  1.77005E+01  2.34612E+00  2.43287E+00  1.40187E+01 -1.27805E+02  3.81956E-01  3.31969E+04  2.39213E+04  7.09786E+03  1.55777E+03  2.65045E+02  1.98549E+03  0.00000E+00  8.31423E-03  1.63846E-03
       1       6       9  1.17520E-02  1.33913E-02  1.17520E-04  2.46017E+01  3.35397E+00  3.52381E+00  8.34635E+00 -7.03576E+01 -1.54100E-01  2.05885E+04  9.60275E+03  3.06698E+03  1.62914E+03  1.53997E+02  1.28587E+03  0.00000E+00  9.76755E-03  3.62374E-03
       1       6      10  1.95940E-02  2.33600E-02  1.95940E-04  7.45745E+01  1.01786E+01  8.85988E+00  5.72955E+00 -3.98736E+01  2.83595E-02  2.98582E+04  3.48068E+03  9.50576E+02  3.68216E+03  1.54007E+02  1.09744E+03  0.00000E+00  1.53398E-02  8.02014E-03
       2       1       1  4.20621E-04  4.27248E-04  4.20621E-06  8.71495E-02  3.48322E-02  5.15005E-01  2.34969E+00  3.13794E+01  5.16144E+00  2.86336E+04  2.36792E+04  6.40780E+04  3.90632E+03  3.38079E+03  1.32240E+04  1.00771E-04  0.00000E+00  3.26477E-04
       2       1       2  1.20504E-04  1.07747E-04  1.20504E-06  2.63883E-01  1.12146E-01  1.46318E+00 -4.24324E+00  9.45608E+01 -1.43267E+01  2.76256E+04  4.01685E+04  5.93806E+04  3.03497E+03 -8.94073E+01  1.33805E+04  5.42846E-05  0.00000E+00  5.34624E-05
       2       1       3  2.08300E-04  1.65930E-04  2.08300E-06  4.06934E-01  1.57759E-01  2.19901E+00  4.44192E+00  2.62906E+01  7.65000E+00  3.45862E+04  2.02076E+04  3.63177E+04  1.05375E+04  3.40691E+03  9.34237E+03  5.40737E-05  0.00000E+00  1.11857E-04
       2       1       4  2.92947E-04  1.74578E-04  2.92947E-06  5.62096E-01  2.37284E-01  3.56469E+00 -4.49561E+00  2.23716E+01 -1.63819E+01  1.77785E+04  6.42743E+04  3.38662E+04  1.24411E+03 -4.09835E+03  4.20473E+03  1.39507E-04  0.00000E+00  3.50711E-05
       2       1       5  2.68787E-04  3.29932E-04  2.68787E-06  8.25485E-01  3.51610E-01  5.22183E+00 -1.46104E-01  1.92451E+01 -5.38647E+00  5.94503E+03  2.89827E+04  2.14748E+04  1.18420E+03 -1.50128E+03  1.43822E+03  2.75065E-04  0.00000E+00  5.48674E-05
       2       1       6  2.17044E-04  2.82346E-04  2.17044E-06  1.08012E+00  4.52879E-01  6.84702E+00 -6.15895E-01  6.43217E+00 -6.85808E+00  2.48661E+03  1.04983E+04  1.19468E+04 -4.80730E+02 -4.29342E+02  1.82757E+03  1.32268E-04  0.00000E+00  1.50078E-04
       2       1       7  2.21228E-04  2.10853E-04  2.21228E-06  1.96906E+00  8.25115E-01  1.22794E+01 -2.31717E+00 -7.11978E+01 -7.49380E+00  8.41093E+03  5.12777E+04  2.28124E+04  4.10965E+02 -3.67683E+03  2.90686E+03  1.69194E-04  0.00000E+00  4.16586E-05
       2       1       8  3.69767E-04  4.17075E-04  3.69767E-06  2.90621E+00  1.24311E+00  1.78886E+01 -2.87715E+00 -4.51600E+01 -1.55302E+01  3.92247E+03  2.20865E+04  1.80232E+04  1.14025E+02 -6.56787E+02  2.04164E+03  3.22250E-04  0.00000E+00  9.48250E-05
       2       1       9  3.83033E-04  4.03124E-04  3.83033E-06  4.19993E+00  1.71507E+00  2.38601E+01 -1.29923E+00 -2.01281E+01 -1.30319E+01  1.35944E+03  7.22714E+03  8.23620E+03  1.38081E+02 -3.35920E+01  1.16260E+03  1.58687E-04  0.00000E+00  2.44437E-04
       2       1      10  1.71504E-04  1.75404E-04  1.71504E-06  1.36552E+01  5.56533E+00  7.58590E+01  1.34242E+00 -2.38976E+01  6.29068E+00  1.15189E+03  1.80397E+03  2.77559E+04  2.56577E+02  1.98664E+03  3.19047E+03  6.87545E-05  0.00000E+00  1.06650E-04
       2       2       1  1.27022E-03  1.18785E-03  1.27022E-05  2.10644E-01  8.67881E-02  5.42952E-01 -1.77679E+01  4.65396E+01  1.39218E+00  2.84141E+04  2.08994E+04  4.46905E+04  1.21710E+03  2.29254E+03  1.08917E+04  0.00000E+00  2.41890E-04  9.45958E-04
       2       2       2  3.67357E-04  2.46179E-04  3.67357E-06  5.11650E-01  2.19163E-01  1.39950E+00  4.04849E-01 -4.81310E+00 -3.88788E+00  3.44881E+04  1.65777E+04  8.37975E+04  1.06182E+04  8.83731E+03  3.00078E+04  0.00000E+00  3.50825E-06  2.42671E-04
       2       2       3  6.33013E-04  6.30552E-04  6.33013E-06  7.69070E-01  3.06819E-01  2.10659E+00 -4.00147E+00 -1.16234E+00 -3.89591E+00  2.00989E+04  5.76570E+03  3.76899E+04  6.47524E+03  5.58462E+03  1.55968E+04  0.00000E+00  1.76703E-06  6.28785E-04
       2       2       4  9.13569E-04  2.53380E-04  9.13569E-06  1.33031E+00  5.70812E-01  3.15036E+00  5.07264E+01 -9.42590E+01  1.70335E+01  5.16484E+04  4.36931E+04  8.63159E+04  2.39948E+03  1.25224E+04  3.49316E+04  0.00000E+00  8.23144E-05  1.71066E-04
       2       2       5  8.54993E-04  2.55897E-04  8.54993E-06  1.89125E+00  7.84406E-01  4.75986E+00  1.04017E+01 -2.20640E+00  1.23811E+01  1.63794E+04  4.92262E+03  7.78008E+04  5.21517E+03  1.32535E+04  2.88266E+04  0.00000E+00  5.75119E-06  2.50145E-04
       2       2       6  7.26598E-04  5.41418E-04  7.26598E-06  2.74150E+00  1.14943E+00  6.92286E+00  7.81035E-02  2.12064E+00 -5.56113E-01  5.79902E+03  2.07324E+03  3.76481E+04  2.66185E+03  6.16623E+03  1.33956E+04  0.00000E+00  1.47716E-06  5.39941E-04
       2       2       7  7.16500E-04  3.05051E-04  7.16500E-06  4.40196E+00  1.80238E+00  1.08236E+01  7.37220E+00 -1.82739E+01 -1.24941E+01  1.30678E+04  8.77822E+03  7.67204E+04  1.03085E+03  1.16928E+04  2.66536E+04  0.00000E+00  1.57069E-05  2.89344E-04
       2       2       8  1.18038E-03  6.02277E-04  1.18038E-05  6.62585E+00  2.66031E+00  1.65283E+01 -5.74768E+00 -3.34930E+00 -1.68818E+01  5.73620E+03  1.32401E+03  4.15677E+04  2.33248E+03  6.32108E+03  1.47478E+04  0.00000E+00  8.27201E-07  6.01449E-04
       2       2       9  1.30762E-03  1.40330E-03  1.30762E-05  9.60938E+00  3.95879E+00  2.34145E+01 -4.33500E-01 -1.93670E-01 -3.79379E+00  1.55954E+03  4.12645E+02  9.76310E+03  6.72992E+02  1.58165E+03  3.65766E+03  0.00000E+00  0.00000E+00  1.40330E-03
       2       2      10  5.91371E-04  6.50107E-04  5.91371E-06  2.78740E+01  1.14081E+01  7.03940E+01 -4.89683E+00 -5.26108E-01 -1.20715E+01  4.27328E+03  7.69454E+02  2.68082E+04  1.72237E+03  4.29034E+03  1.04438E+04  0.00000E+00  0.00000E+00  6.50107E-04
       2       3       1  2.12930E-03  2.16146E-03  2.12930E-05  3.26449E-01  1.35220E-01  4.77357E-01 -4.21848E+01  9.82439E+01 -2.70710E+00  2.53178E+04  2.66079E+04  2.99761E+04 -1.36556E+03  3.24045E+02  2.90011E+03  0.00000E+00  1.53183E-03  6.29625E-04
       2       3       2  6.28137E-04  6.15951E-04  6.28137E-06  8.36006E-01  3.45173E-01  1.20606E+00 -5.00834E+01  9.63103E+01 -7.09368E+00  3.68718E+04  2.49118E+04  4.25390E+04  2.87448E+03  3.10916E+03  1.17270E+04  0.00000E+00  4.65905E-04  1.50046E-04
       2       3       3  1.07282E-03  1.13470E-03  1.07282E-05  1.26156E+00  5.20869E-01  1.80821E+00 -4.15588E+00  1.21203E+01  1.49632E+00  1.68958E+04  1.11534E+04  2.20315E+04  2.26264E+03  1.82883E+03  7.29472E+03  0.00000E+00  7.51623E-04  3.83078E-04
       2       3       4  1.62539E-03  9.51097E-04  1.62539E-05  1.88685E+00  7.74180E-01  2.84403E+00  8.17262E+01 -1.72562E+02  6.24205E+00  4.51672E+04  6.55034E+04  3.74589E+04 -1.19024E+04  6.02842E+03  1.43585E+04  0.00000E+00  7.00367E-04  2.50730E-04
       2       3       5  1.58603E-03  1.67271E-03  1.58603E-05  2.97146E+00  1.24159E+00  4.14648E+00  5.26799E+01 -9.07610E+01  5.53010E+00  2.69306E+04  2.21296E+04  2.69965E+04 -3.84782E+01  4.13082E+03  1.09044E+04  0.00000E+00  1.22055E-03  4.52154E-04
       2       3       6  1.49054E-03  1.77022E-03  1.49054E-05  3.96304E+00  1.65231E+00  5.75557E+00  2.43220E+01 -4.70676E+01  1.16562E+00  1.14284E+04  9.70680E+03  2.00252E+04  2.33069E+02  3.42743E+03  8.19430E+03  0.00000E+00  7.77254E-04  9.92968E-04
       2       3       7  1.43815E-03  1.25048E-03  1.43815E-05  6.58773E+00  2.71848E+00  9.79882E+00  7.25491E+01 -1.37066E+02 -4.24909E+00  2.52961E+04  3.21579E+04  3.34076E+04 -7.24219E+03  4.56931E+03  1.03443E+04  0.00000E+00  9.16782E-04  3.33701E-04
       2       3       8  2.19784E-03  2.36425E-03  2.19784E-05  1.00092E+01  4.17884E+00  1.45192E+01  4.66956E+01 -8.45548E+01  1.71218E+00  1.41438E+04  1.41781E+04  1.95738E+04 -1.60866E+03  2.67348E+03  6.78826E+03  0.00000E+00  1.64113E-03  7.23117E-04
       2       3       9  2.78028E-03  3.43391E-03  2.78028E-05  1.39790E+01  5.92126E+00  1.98215E+01  1.86877E+01 -3.19653E+01 -1.00681E+00  4.82620E+03  3.98729E+03  7.19620E+03  5.49479E+01  1.11053E+03  2.61937E+03  0.00000E+00  1.57941E-03  1.85451E-03
       2       3      10  1.42405E-03  1.50191E-03  1.42405E-05  4.18534E+01  1.72634E+01  6.00798E+01  1.63850E+01 -2.52873E+01  4.03336E+00  1.06165E+04  3.27265E+03  2.01546E+04  3.44304E+03  2.58328E+03  6.57748E+03  0.00000E+00  7.98525E-04  7.03383E-04
       2       4       1  2.95343E-03  3.08918E-03  2.95343E-05  4.51885E-01  1.87112E-01  3.43359E-01  1.48348E+01 -3.01504E+01 -1.99308E+00  2.48727E+04  4.16294E+04  2.13558E+04 -8.29268E+03  8.18859E+01  5.14820E+02  0.00000E+00  2.67046E-03  4.18724E-04
       2       4       2  8.96907E-04  9.37576E-04  8.96907E-06  1.13855E+00  4.72119E-01  8.66984E-01  2.44370E+01 -4.84259E+01 -2.90343E+00  4.03077E+04  3.53126E+04  2.17960E+04  1.19873E+03  1.41434E+03  4.33162E+03  0.00000E+00  7.75915E-04  1.61662E-04
       2       4       3  1.50717E-03  1.49918E-03  1.50717E-05  1.65329E+00  6.82547E-01  1.26504E+00  1.50834E+01 -4.88709E+01 -5.22500E+00  1.93834E+04  2.34661E+04  1.36068E+04 -1.77139E+03  1.75928E+03  2.17260E+03  0.00000E+00  1.13681E-03  3.62371E-04
       2       4       4  2.42935E-03  1.59899E-03  2.42935E-05  2.60834E+00  1.07345E+00  2.01923E+00  5.12147E+01 -1.22822E+02  2.28402E+00  4.18154E+04  7.68288E+04  2.28177E+04 -1.79061E+04  1.28714E+03  3.70227E+03  0.00000E+00  1.44403E-03  1.54955E-04
       2       4       5  2.52021E-03  3.06818E-03  2.52021E-05  3.95462E+00  1.63205E+00  2.99808E+00  3.62257E+01 -7.76817E+01  4.76502E+00  3.01586E+04  2.88897E+04  1.76398E+04  5.45500E+02  6.36927E+02  3.83267E+03  0.00000E+00  2.74118E-03  3.27000E-04
       2       4       6  2.70316E-03  2.90979E-03  2.70316E-05  5.52469E+00  2.30358E+00  4.07600E+00  2.02227E+01 -4.41937E+01 -2.73567E+00  1.79982E+04  1.40825E+04  8.72582E+03  1.06058E+03  1.60483E+03  4.83928E+03  0.00000E+00  2.18942E-03  7.20373E-04
       2       4       7  2.80117E-03  2.35730E-03  2.80117E-05  9.12770E+00  3.79444E+00  6.85501E+00  7.12440E+01 -1.72917E+02 -7.45946E+00  3.12445E+04  4.47836E+04  2.08459E+04 -6.88981E+03  2.62660E+03  5.55767E+03  0.00000E+00  2.05813E-03  2.99178E-04
       2       4       8  3.57103E-03  4.26744E-03  3.57103E-05  1.37310E+01  5.72774E+00  1.02454E+01  4.26391E+01 -1.03585E+02 -3.82449E+00  1.95226E+04  1.81085E+04  1.33060E+04  5.68304E+02  1.44386E+03  3.16418E+03  0.00000E+00  3.71254E-03  5.54903E-04
       2       4       9  5.25538E-03  6.04741E-03  5.25538E-05  1.90590E+01  7.88280E+00  1.42093E+01  2.13465E+01 -5.31497E+01 -1.62298E+00  7.53780E+03  6.09060E+03  4.98577E+03  6.57402E+02  6.67857E+02  1.50547E+03  0.00000E+00  4.90204E-03  1.14538E-03
       2       4      10  3.79015E-03  3.68839E-03  3.79015E-05  5.86433E+01  2.41132E+01  4.31083E+01  9.11927E+00 -2.90475E+01 -1.45758E+00  1.78903E+04  4.63001E+03  9.58386E+03  6.33464E+03  2.32649E+03  6.06852E+03  0.00000E+00  1.95170E-03  1.73669E-03
       2       5       1  3.63605E-03  3.20961E-03  3.63605E-05  4.93155E-01  2.03870E-01  2.27863E-01  1.83477E+01 -4.09792E+01  5.72904E-02  2.24918E+04  3.74344E+04  2.74094E+04 -7.35696E+03 -5.02735E+02  3.96766E+01  0.00000E+00  2.83045E-03  3.79153E-04
       2       5       2  1.13905E-03  1.02357E-03  1.13905E-05  1.28785E+00  5.29961E-01  5.94282E-01  3.09310E+01 -7.15059E+01 -1.91044E+00  4.76801E+04  3.55355E+04  2.52710E+04  4.90073E+03  9.36376E+02  8.92389E+02  0.00000E+00  8.94204E-04  1.29369E-04
       2       5       3  1.87650E-03  1.84030E-03  1.87650E-05  1.86177E+00  7.61865E-01  8.51411E-01  2.20672E+01 -6.14560E+01 -1.28957E+00  2.78764E+04  2.26738E+04  1.60862E+04  3.44125E+03  5.25947E+01  1.03854E+03  0.00000E+00  1.43474E-03  4.05559E-04
       2       5       4  3.20652E-03  1.87909E-03  3.20652E-05  2.93058E+00  1.21143E+00  1.34192E+00  4.42712E+01 -9.76647E+01  3.12523E+00  4.40064E+04  5.11375E+04  3.79542E+04 -4.89106E+03  2.39225E+02  1.96770E+02  0.00000E+00  1.73179E-03  1.47302E-04
       2       5       5  3.55181E-03  3.39008E-03  3.55181E-05  4.46141E+00  1.84912E+00  2.08590E+00  3.04968E+01 -6.78095E+01  8.75316E-01  3.31489E+04  2.55833E+04  1.98144E+04  2.89249E+03  3.83265E+02  3.50842E+03  0.00000E+00  3.14433E-03  2.45750E-04
       2       5       6  4.31409E-03  3.93306E-03  4.31409E-05  6.15632E+00  2.56131E+00  2.82761E+00  2.44645E+01 -5.00513E+01 -5.20837E+00  2.59059E+04  1.51556E+04  1.11750E+04  4.99734E+03  1.58117E+03  1.23429E+03  0.00000E+00  3.32526E-03  6.07800E-04
       2       5       7  5.32055E-03  2.93869E-03  5.32055E-05  1.01315E+01  4.17237E+00  4.65215E+00  5.37194E+01 -1.36175E+02  5.18756E+00  4.12068E+04  3.32446E+04  2.57056E+04  4.37085E+03  1.14685E+03  3.43170E+03  0.00000E+00  2.53758E-03  4.01109E-04
       2       5       8  5.63331E-03  5.61186E-03  5.63331E-05  1.54301E+01  6.35130E+00  6.98153E+00  3.37659E+01 -8.46652E+01  5.38579E+00  2.62694E+04  1.51516E+04  1.20820E+04  5.37133E+03  1.06206E+03  3.25477E+03  0.00000E+00  4.57664E-03  1.03522E-03
       2       5       9  8.69211E-03  9.61395E-03  8.69211E-05  2.18091E+01  8.98468E+00  9.56702E+00  1.61313E+01 -3.78762E+01  6.61013E+00  9.44247E+03  4.63716E+03  4.00360E+03  2.21348E+03  3.52848E+02  1.75546E+03  0.00000E+00  6.45743E-03  3.15652E-03
       2       5      10  1.00570E-02  5.21309E-03  1.00570E-04  6.48122E+01  2.67037E+01  2.93041E+01  5.21473E+00 -2.24530E+01 -2.84865E+00  2.28196E+04  5.17116E+03  5.59028E+03  8.66978E+03  2.41445E+03  5.70094E+03  0.00000E+00  2.39686E-03  2.81623E-03
       2       6       1  4.03213E-03  3.98366E-03  4.03213E-05  5.36616E-01  2.22184E-01  7.71201E-02  3.60661E+01 -9.40600E+01  1.41300E-01  1.94319E+04  4.06278E+04  2.45125E+04 -9.79136E+03 -1.83582E+02  3.81191E+02  0.00000E+00  3.57705E-03  4.06606E-04
       2       6       2  1.28949E-03  1.27920E-03  1.28949E-05  1.38597E+00  5.71624E-01  1.97370E-01  4.12282E+01 -9.80027E+01 -2.59341E+00  3.93510E+04  3.64012E+04  2.28259E+04  8.91945E+02 -8.59776E+01 -6.49390E+02  0.00000E+00  1.15674E-03  1.22466E-04
       2       6       3  2.09472E-03  2.02844E-03  2.09472E-05  1.96779E+00  8.15203E-01  2.79371E-01  2.97976E+01 -6.64363E+01  9.41156E-01  2.60956E+04  2.31641E+04  1.35755E+04  1.54956E+03 -8.27444E+02 -2.97226E+02  0.00000E+00  1.69958E-03  3.28866E-04
       2       6       4  3.70909E-03  2.86014E-03  3.70909E-05  3.17008E+00  1.31083E+00  4.58472E-01  4.00887E+01 -1.01885E+02 -3.45424E+00  3.70528E+04  6.58556E+04  2.97482E+04 -1.37358E+04  7.03935E+02 -7.92486E+02  0.00000E+00  2.64983E-03  2.10313E-04
       2       6       5  4.29131E-03  4.42556E-03  4.29131E-05  4.81215E+00  1.99491E+00  6.81677E-01  2.53869E+01 -6.52928E+01  9.89371E-01  3.23695E+04  3.29181E+04  1.30842E+04 -3.69645E+02  4.09251E+02  3.23193E+03  0.00000E+00  4.02573E-03  3.99825E-04
       2       6       6  5.61509E-03  6.20249E-03  5.61509E-05  6.59045E+00  2.71618E+00  9.52727E-01  2.61418E+01 -6.77684E+01 -5.61154E-01  2.19223E+04  2.51272E+04  9.17535E+03 -9.68078E+02  1.29236E+03  2.27271E+03  0.00000E+00  5.39545E-03  8.07036E-04
       2       6       7  8.03201E-03  5.77544E-03  8.03201E-05  1.08965E+01  4.51763E+00  1.65014E+00  8.23136E+01 -1.94003E+02 -3.46046E+00  3.99327E+04  5.59476E+04  1.41983E+04 -7.67787E+03  1.26101E+03  1.79901E+03  0.00000E+00  5.05575E-03  7.19691E-04
       2       6       8  8.12339E-03  9.57892E-03  8.12339E-05  1.64986E+01  6.84067E+00  2.41403E+00  5.39385E+01 -1.23029E+02 -7.24176E-01  2.99768E+04  2.55301E+04  7.09030E+03  2.10405E+03  3.73483E+02  1.01620E+03  0.00000E+00  8.35637E-03  1.22256E-03
       2       6       9  1.16268E-02  1.24883E-02  1.16268E-04  2.28472E+01  9.41090E+00  3.52841E+00  3.03896E+01 -6.98289E+01  7.89193E-02  1.71808E+04  1.11937E+04  3.16687E+03  2.97026E+03  3.24363E+02  5.37458E+02  0.00000E+00  9.87747E-03  2.61084E-03
       2       6      10  1.90355E-02  1.95645E-02  1.90355E-04  6.95084E+01  2.85167E+01  9.00913E+00  1.86133E+01 -4.40652E+01  2.85976E-01  2.61589E+04  7.24737E+03  9.82550E+02  9.22262E+03  2.24949E+02  5.55307E+02  0.00000E+00  1.52401E-02  4.32447E-03
       3       1       1  4.20538E-04  4.08133E-04  4.20538E-06  8.18886E-02  6.42065E-02  5.50007E-01  3.56703E-02  5.72495E+01 -1.32122E+01  2.90200E+04  3.27466E+04  7.12998E+04  3.68024E+03  3.28365E+03  1.13461E+04  1.26583E-04  0.00000E+00  2.81549E-04
       3       1       2  1.20476E-04  1.34241E-04  1.20476E-06  2.31389E-01  1.84719E-01  1.46130E+00 -1.32927E+00  8.62732E+01 -1.75481E+01  2.17014E+04  4.47148E+04  6.55004E+04  2.42016E+03  7.19137E+03  9.25988E+03  5.79394E-05  0.00000E+00  7.63015E-05
       3       1       3  2.08261E-04  2.42405E-04  2.08261E-06  3.72449E-01  3.00541E-01  2.20581E+00  7.15839E+00  1.55996E+01  1.25450E+00  2.15420E+04  1.69265E+04  2.82801E+04  7.39495E+03  4.24756E+03  6.11604E+03  5.34606E-05  0.00000E+00  1.88945E-04
       3       1       4  2.92861E-04  1.88327E-04  2.92861E-06  5.33007E-01  3.98096E-01  3.55393E+00  2.87469E+00  2.94594E+01  4.76440E-01  2.03060E+04  6.34405E+04  2.98049E+04  9.87818E+02 -8.76199E+03  3.62104E+03  1.54971E-04  0.00000E+00  3.33564E-05
       3       1       5  2.68710E-04  3.85843E-04  2.68710E-06  7.85640E-01  5.89208E-01  5.16693E+00  1.08980E+00  1.65199E+01 -7.19431E+00  7.31648E+03  2.59477E+04  2.54898E+04  1.02748E+03 -1.07418E+03  1.45880E+03  3.01716E-04  0.00000E+00  8.41268E-05
       3       1       6  2.16970E-04  2.78616E-04  2.16970E-06  1.00103E+00  7.52510E-01  6.91188E+00 -8.05867E-01  4.50482E+00 -1.43013E+00  2.55579E+03  8.38124E+03  1.53889E+04 -3.33381E+02  3.13742E+02  2.09659E+03  1.08249E-04  0.00000E+00  1.70366E-04
       3       1       7  2.21176E-04  2.31828E-04  2.21176E-06  1.87468E+00  1.40851E+00  1.22501E+01 -2.52393E+00 -7.67156E+01  2.33368E+00  1.03853E+04  5.27302E+04  2.02976E+04  1.09968E+03 -7.20201E+03  1.78358E+03  1.99033E-04  0.00000E+00  3.27950E-05
       3       1       8  3.69685E-04  4.13652E-04  3.69685E-06  2.78578E+00  2.07388E+00  1.78521E+01 -5.47811E-01 -4.75495E+01 -1.00421E+00  5.17772E+03  2.31489E+04  1.58952E+04  1.00491E+02 -1.02356E+03  1.04702E+03  3.46097E-04  0.00000E+00  6.75551E-05
       3       1       9  3.82885E-04  4.35391E-04  3.82885E-06  3.77340E+00  3.03309E+00  2.40052E+01 -5.05796E-01 -1.84874E+01 -1.14138E+00  1.54523E+03  6.76878E+03  7.21248E+03  1.63736E+02  4.47296E+01  7.44562E+02  1.66431E-04  0.00000E+00  2.68959E-04
       3       1      10  1.71441E-04  1.89060E-04  1.71441E-06  1.11046E+01  8.56336E+00  7.51169E+01  1.46065E+00 -2.37548E+01  8.99309E+00  9.22302E+02  2.06667E+03  2.91188E+04  2.84256E+02  3.15844E+03  2.46597E+03  7.66648E-05  0.00000E+00  1.12395E-04
       3       2       1  1.26900E-03  1.16666E-03  1.26900E-05  1.82393E-01  1.41459E-01  5.35243E-01 -3.78584E+01  5.23159E+01 -2.94980E+00  2.87542E+04  2.42223E+04  4.71412E+04  2.33570E+03  3.54797E+03  9.30608E+03  8.08062E-05  2.96029E-04  7.89825E-04
       3       2       2  3.66917E-04  2.66269E-04  3.66917E-06  4.27709E-01  3.32615E-01  1.41306E+00  8.45585E+00  2.05715E+01 -2.96200E+00  2.54544E+04  2.91740E+04  7.82432E+04  1.14164E+04  1.30725E+04  2.32415E+04  3.85376E-05  3.92370E-06  2.23808E-04
       3       2       3  6.32444E-04  6.16560E-04  6.32444E-06  6.33974E-01  4.86701E-01  2.11287E+00 -3.70681E+00 -7.75955E-01 -4.19497E+00  1.25267E+04  8.44148E+03  2.92644E+04  7.40390E+03  7.37120E+03  9.46516E+03  3.68894E-05  2.50561E-06  5.77165E-04
       3       2       4  9.12220E-04  4.43146E-04  9.12220E-06  1.14579E+00  9.18338E-01  3.27437E+00  8.85456E+01 -8.72084E+01 -3.98086E+00  4.52463E+04  5.47151E+04  4.52955E+04 -9.22402E+03  4.54954E+03  1.35882E+04  9.83785E-05  2.03378E-04  1.41389E-04
       3       2       5  8.53700E-04  5.61194E-04  8.53700E-06  1.45873E+00  1.18843E+00  4.84699E+00  1.29767E+01  1.92208E+00 -8.81768E+00  1.21217E+04  2.01213E+04  4.02715E+04  2.75290E+03  5.07564E+03  1.03259E+04  2.67826E-04  4.05708E-05  2.52796E-04
       3       2       6  7.25300E-04  6.88422E-04  7.25300E-06  2.22666E+00  1.74065E+00  6.67875E+00  1.96958E+00 -8.55400E-01 -5.64815E+00  4.36562E+03  6.82205E+03  2.48743E+04  1.55829E+03  5.33517E+03  8.09314E+03  1.25030E-04  3.15438E-05  5.31848E-04
       3       2       7  7.15486E-04  4.72711E-04  7.15486E-06  3.79859E+00  3.03103E+00  1.10177E+01  5.47741E+01 -5.87019E+01  1.37026E+01  1.95746E+04  2.48790E+04  4.71184E+04 -5.60562E+03  7.98475E+03  1.39910E+04  9.59607E-05  1.08200E-04  2.68551E-04
       3       2       8  1.17908E-03  8.95304E-04  1.17908E-05  5.37376E+00  4.26368E+00  1.68224E+01  7.89692E+00 -1.47493E+01  1.52690E+01  5.07316E+03  9.79137E+03  3.11976E+04  1.97807E+03  5.22983E+03  8.70270E+03  2.34131E-04  2.34422E-05  6.37730E-04
       3       2       9  1.30499E-03  1.62227E-03  1.30499E-05  7.73555E+00  6.02167E+00  2.33075E+01  1.01576E+00 -4.12310E+00  3.82173E+00  1.24644E+03  2.01932E+03  8.92389E+03  6.80151E+02  1.48474E+03  2.47044E+03  1.14443E-04  2.86246E-05  1.47920E-03
       3       2      10  5.89929E-04  5.36044E-04  5.89929E-06  2.39085E+01  1.87787E+01  7.03295E+01  4.88747E+00 -8.72713E+00 -4.80405E+00  3.53473E+03  2.24179E+03  2.58997E+04  2.05938E+03  5.67566E+03  7.17234E+03  3.65174E-05  5.51467E-05  4.44380E-04
       3       3       1  2.12433E-03  2.17039E-03  2.12433E-05  2.78898E-01  2.13680E-01  4.76215E-01 -6.54993E+01  8.00680E+01  7.19169E-02  2.43716E+04  2.44260E+04  2.88933E+04 -1.73892E+03  3.55172E+02  1.99566E+03  0.00000E+00  1.50396E-03  6.66435E-04
       3       3       2  6.26183E-04  5.94086E-04  6.26183E-06  7.00362E-01  5.39283E-01  1.21948E+00 -7.89978E+01  8.21430E+01  5.47716E-02  3.40744E+04  2.68026E+04  4.11631E+04  4.43538E+03  5.04292E+03  8.47741E+03  0.00000E+00  4.66534E-04  1.27553E-04
       3       3       3  1.07048E-03  1.11581E-03  1.07048E-05  1.06535E+00  8.20322E-01  1.82481E+00 -1.11958E+01  1.39870E+01 -8.57531E-01  1.39053E+04  1.15745E+04  2.06898E+04  4.94316E+03  3.97600E+03  5.41803E+03  0.00000E+00  7.87962E-04  3.27851E-04
       3       3       4  1.61933E-03  7.65742E-04  1.61933E-05  1.62718E+00  1.24274E+00  2.81113E+00  1.18197E+02 -1.47421E+02 -3.72996E+00  5.40430E+04  5.70178E+04  3.86911E+04 -1.43400E+04  1.05675E+04  1.29019E+04  0.00000E+00  5.59079E-04  2.06663E-04
       3       3       5  1.57949E-03  1.58338E-03  1.57949E-05  2.55661E+00  1.94703E+00  4.17262E+00  7.94066E+01 -7.69906E+01  1.45872E+00  2.67117E+04  2.18502E+04  2.40719E+04  2.28155E+02  5.29752E+03  7.41728E+03  0.00000E+00  1.22280E-03  3.60587E-04
       3       3       6  1.48337E-03  1.59444E-03  1.48337E-05  3.33282E+00  2.54376E+00  5.77572E+00  3.58504E+01 -4.17388E+01 -2.28240E+00  1.11218E+04  1.02335E+04  1.92539E+04  3.84748E+02  4.74945E+03  6.13512E+03  0.00000E+00  7.41970E-04  8.52468E-04
       3       3       7  1.43106E-03  1.16068E-03  1.43106E-05  5.72807E+00  4.36158E+00  9.81665E+00  9.72285E+01 -1.06700E+02 -1.74817E+00  2.78769E+04  2.72319E+04  3.51621E+04 -5.33919E+03  6.78601E+03  9.03184E+03  0.00000E+00  8.38999E-04  3.21682E-04
       3       3       8  2.19146E-03  2.34751E-03  2.19146E-05  8.46902E+00  6.50252E+00  1.46161E+01  6.70373E+01 -6.90716E+01 -1.33210E+00  1.48116E+04  1.27577E+04  2.02053E+04 -1.47674E+03  3.80631E+03  5.07317E+03  0.00000E+00  1.67432E-03  6.73183E-04
       3       3       9  2.76545E-03  3.27067E-03  2.76545E-05  1.18375E+01  9.22937E+00  1.99197E+01  2.58072E+01 -2.90661E+01 -1.43922E+00  4.72182E+03  4.03811E+03  7.51174E+03  9.88942E+01  1.83964E+03  2.23331E+03  0.00000E+00  1.64575E-03  1.62492E-03
       3       3      10  1.41123E-03  1.73603E-03  1.41123E-05  3.51003E+01  2.75272E+01  6.15539E+01  1.80958E+01 -1.58784E+01  1.88162E+00  7.56451E+03  4.93945E+03  2.02221E+04  4.51783E+03  5.13216E+03  6.53049E+03  0.00000E+00  7.50823E-04  9.85208E-04
       3       4       1  2.94157E-03  3.29809E-03  2.94157E-05  3.90580E-01  3.00967E-01  3.48440E-01  2.15667E+01 -2.84067E+01  8.74810E-01  3.03816E+04  3.60894E+04  2.11318E+04 -1.05220E+04  4.86117E+02  1.09889E+03  0.00000E+00  2.77236E-03  5.25728E-04
       3       4       2  8.91736E-04  9.57489E-04  8.91736E-06  9.80978E-01  7.55890E-01  8.63052E-01  3.91768E+01 -4.52747E+01 -1.84471E+00  4.02180E+04  3.57361E+04  2.16903E+04  1.25439E+03  2.21132E+03  3.01408E+03  0.00000E+00  8.00100E-04  1.57389E-04
       3       4       3  1.50151E-03  1.57301E-03  1.50151E-05  1.42146E+00  1.10156E+00  1.26872E+00  2.96089E+01 -4.08107E+01  1.37071E+00  1.92997E+04  2.25330E+04  1.42482E+04 -1.57472E+03  1.87622E+03  2.86488E+03  0.00000E+00  1.14618E-03  4.26825E-04
       3       4       4  2.41320E-03  1.66216E-03  2.41320E-05  2.22929E+00  1.70472E+00  2.02684E+00  8.21907E+01 -1.11495E+02 -6.08557E-01  5.45125E+04  6.61371E+04  2.13110E+04 -2.48241E+04  1.50723E+03  3.53029E+03  0.00000E+00  1.50040E-03  1.61759E-04
       3       4       5  2.50002E-03  3.20074E-03  2.50002E-05  3.39558E+00  2.60912E+00  2.99561E+00  5.31528E+01 -6.58276E+01 -2.21361E+00  3.02251E+04  2.90730E+04  1.72796E+04  5.04916E+02  2.71698E+03  2.80831E+03  0.00000E+00  2.85182E-03  3.48922E-04
       3       4       6  2.67862E-03  2.94340E-03  2.67862E-05  4.75619E+00  3.63810E+00  4.07003E+00  3.35691E+01 -3.31029E+01  2.75914E+00  1.73328E+04  1.43928E+04  9.01687E+03  2.31892E+03  2.47914E+03  3.08415E+03  0.00000E+00  2.22697E-03  7.16425E-04
       3       4       7  2.76647E-03  2.39140E-03  2.76647E-05  7.82752E+00  6.01029E+00  6.86423E+00  1.21964E+02 -1.45104E+02  7.49237E+00  3.62217E+04  4.02668E+04  2.12647E+04 -9.97045E+03  2.99638E+03  4.56103E+03  0.00000E+00  2.12997E-03  2.61435E-04
       3       4       8  3.54715E-03  4.34814E-03  3.54715E-05  1.18319E+01  9.04517E+00  1.03036E+01  7.36012E+01 -8.61096E+01  1.74842E+00  2.01248E+04  1.86459E+04  1.33115E+04  1.12183E+03  2.20008E+03  3.00665E+03  0.00000E+00  3.82504E-03  5.23092E-04
       3       4       9  5.20385E-03  6.09091E-03  5.20385E-05  1.63147E+01  1.25327E+01  1.42717E+01  3.84800E+01 -4.36655E+01  2.75351E+00  7.90276E+03  6.91857E+03  5.34957E+03  1.35419E+03  1.36491E+03  1.80809E+03  0.00000E+00  4.97260E-03  1.11831E-03
       3       4      10  3.70843E-03  4.08489E-03  3.70843E-05  4.89016E+01  3.89103E+01  4.24726E+01  1.79268E+01 -2.35683E+01  3.99954E-01  1.39407E+04  9.78112E+03  1.03673E+04  9.56120E+03  4.86073E+03  5.88798E+03  0.00000E+00  2.08363E-03  2.00126E-03
       3       5       1  3.61585E-03  3.30773E-03  3.61585E-05  4.24694E-01  3.26091E-01  2.28454E-01  2.44382E+01 -3.43684E+01 -2.49967E-01  2.57425E+04  3.26318E+04  2.74555E+04 -8.86524E+03 -1.39506E+02  2.77291E+02  0.00000E+00  2.84848E-03  4.59246E-04
       3       5       2  1.12937E-03  1.05324E-03  1.12937E-05  1.10028E+00  8.47377E-01  5.90619E-01  3.87897E+01 -6.16082E+01  7.67703E-02  4.59816E+04  3.86207E+04  2.60230E+04  1.02006E+04  1.32904E+03  1.32781E+03  0.00000E+00  8.73689E-04  1.79550E-04
       3       5       3  1.86671E-03  1.88919E-03  1.86671E-05  1.59304E+00  1.23236E+00  8.57154E-01  4.12288E+01 -5.71790E+01  1.20140E+00  2.75596E+04  2.76503E+04  1.71704E+04  3.87334E+03  2.64002E+02  9.18964E+02  0.00000E+00  1.44533E-03  4.43852E-04
       3       5       4  3.17625E-03  1.89308E-03  3.17625E-05  2.52084E+00  1.93897E+00  1.34581E+00  6.56294E+01 -7.97755E+01  1.57821E-01  4.70947E+04  4.86702E+04  3.67795E+04 -4.54113E+03  2.27394E+03  1.50799E+03  0.00000E+00  1.71958E-03  1.73505E-04
       3       5       5  3.50830E-03  3.32327E-03  3.50830E-05  3.84029E+00  2.92788E+00  2.08304E+00  4.90156E+01 -5.21748E+01  4.59005E+00  3.11937E+04  2.72354E+04  1.97588E+04  5.30728E+03  7.29097E+02  2.73520E+03  0.00000E+00  3.01874E-03  3.04529E-04
       3       5       6  4.25627E-03  4.05434E-03  4.25627E-05  5.31997E+00  4.07020E+00  2.83005E+00  3.83816E+01 -3.73495E+01  7.60797E+00  2.23265E+04  1.74530E+04  1.05282E+04  7.36402E+03  9.95185E+02  2.87682E+03  0.00000E+00  3.33975E-03  7.14592E-04
       3       5       7  5.20365E-03  2.91528E-03  5.20365E-05  8.72213E+00  6.65843E+00  4.62517E+00  8.88992E+01 -1.11761E+02 -3.84911E-01  3.95126E+04  3.58474E+04  2.45275E+04  6.95340E+03  3.38318E+03  4.80393E+03  0.00000E+00  2.44200E-03  4.73282E-04
       3       5       8  5.54072E-03  5.59125E-03  5.54072E-05  1.32513E+01  1.01497E+01  6.89552E+00  5.73647E+01 -6.76824E+01 -6.22587E+00  2.31321E+04  1.84651E+04  1.19903E+04  7.79392E+03  2.67673E+03  2.96680E+03  0.00000E+00  4.41467E-03  1.17658E-03
       3       5       9  8.56746E-03  8.93855E-03  8.56746E-05  1.87572E+01  1.44151E+01  9.27780E+00  2.55111E+01 -3.19013E+01 -6.32531E+00  8.10864E+03  6.40732E+03  3.98143E+03  3.32658E+03  1.42790E+03  1.44898E+03  0.00000E+00  5.75865E-03  3.17990E-03
       3       5      10  9.68668E-03  5.17095E-03  9.68668E-05  5.58045E+01  4.24197E+01  2.94162E+01  8.72831E+00 -2.11385E+01 -2.18028E+00  1.72482E+04  1.04953E+04  5.69106E+03  1.19840E+04  4.20721E+03  5.46440E+03  0.00000E+00  2.09318E-03  3.07777E-03
       3       6       1  4.00599E-03  4.10727E-03  4.00599E-05  4.62326E-01  3.55691E-01  7.79791E-02  5.74329E+01 -7.83616E+01 -1.37919E-01  2.56109E+04  3.38676E+04  2.44126E+04 -1.24172E+04 -1.90971E+01 -1.73386E+01  0.00000E+00  3.58845E-03  5.18820E-04
       3       6       2  1.27625E-03  1.29656E-03  1.27625E-05  1.18886E+00  9.12644E-01  1.98989E-01  6.59849E+01 -8.21909E+01  7.95610E-01  4.35633E+04  3.91118E+04  2.16131E+04  5.25167E+03 -1.07666E+03 -1.19475E+03  0.00000E+00  1.14120E-03  1.55363E-04
       3       6       3  2.08194E-03  2.21340E-03  2.08194E-05  1.69774E+00  1.30763E+00  2.81103E-01  4.28887E+01 -5.55722E+01  5.07146E-01  2.94884E+04  2.56483E+04  1.42931E+04  4.90112E+03 -9.24371E+02 -2.16497E+03  0.00000E+00  1.75128E-03  4.62116E-04
       3       6       4  3.66770E-03  2.92584E-03  3.66770E-05  2.72307E+00  2.09352E+00  4.52762E-01  6.18072E+01 -8.67143E+01  7.92669E-01  4.88210E+04  5.91513E+04  2.86928E+04 -1.49460E+04  7.09494E+02  1.72749E+03  0.00000E+00  2.61784E-03  3.08005E-04
       3       6       5  4.22655E-03  4.58803E-03  4.22655E-05  4.12758E+00  3.16729E+00  6.85697E-01  4.03218E+01 -5.44907E+01 -2.71726E+00  3.47824E+04  3.35341E+04  1.25514E+04  2.40324E+03  2.29969E+03  2.03772E+03  0.00000E+00  4.01305E-03  5.74976E-04
       3       6       6  5.52438E-03  6.41930E-03  5.52438E-05  5.66035E+00  4.36332E+00  9.60563E-01  3.96924E+01 -5.39828E+01  8.48860E-01  2.37322E+04  2.46149E+04  8.62509E+03  7.44171E+02  1.65988E+03  2.04153E+03  0.00000E+00  5.27092E-03  1.14838E-03
       3       6       7  7.80405E-03  5.91904E-03  7.80405E-05  9.33203E+00  7.20729E+00  1.68736E+00  1.22533E+02 -1.61822E+02  4.31866E+00  4.60002E+04  5.19739E+04  1.33866E+04 -7.82306E+03  2.09655E+03  3.11414E+03  0.00000E+00  4.89996E-03  1.01908E-03
       3       6       8  7.88758E-03  1.01275E-02  7.88758E-05  1.41435E+01  1.09197E+01  2.51825E+00  7.66967E+01 -9.99024E+01  8.04740E-01  2.91528E+04  2.69785E+04  6.53204E+03  4.78194E+03  1.49910E+03  1.78057E+03  0.00000E+00  8.29780E-03  1.82968E-03
       3       6       9  1.14153E-02  1.44230E-02  1.14153E-04  1.96705E+01  1.52683E+01  3.68629E+00  4.06655E+01 -5.24802E+01  1.42256E-01  1.51344E+04  1.26743E+04  2.82089E+03  5.09334E+03  7.06430E+02  9.94736E+02  0.00000E+00  1.02054E-02  4.21761E-03
       3       6      10  1.81149E-02  2.24624E-02  1.81149E-04  5.90806E+01  4.62524E+01  9.66864E+00  2.58729E+01 -3.26762E+01  1.66488E-01  1.98989E+04  1.34417E+04  1.00287E+03  1.32453E+04  8.37207E+02  9.74340E+02  0.00000E+00  1.53535E-02  7.10893E-03
       4       1       1  4.20442E-04  4.44307E-04  4.20442E-06  6.14434E-02  7.95935E-02  5.25803E-01 -6.51050E-01  3.39095E+01 -8.53369E+00  2.36008E+04  2.65113E+04  6.65285E+04  4.52779E+03  6.49054E+03  9.05513E+03  9.43702E-05  0.00000E+00  3.49937E-04
       4       1       2  1.20443E-04  1.18661E-04  1.20443E-06  1.90717E-01  2.38768E-01  1.46886E+00  1.01489E+01  6.68221E+01 -2.22321E+01  2.18290E+04  2.92385E+04  6.90084E+04  4.29444E+03  7.06485E+03  9.94991E+03  4.26734E-05  1.84645E-07  7.58027E-05
       4       1       3  2.08217E-04  1.85762E-04  2.08217E-06  2.93205E-01  3.60001E-01  2.19697E+00  4.51423E+00  1.59899E+01 -1.01127E+01  2.53567E+04  2.19532E+04  3.28308E+04  6.37250E+03  2.49004E+03  1.73666E+03  3.83857E-05  0.00000E+00  1.47376E-04
       4       1       4  2.92760E-04  1.42636E-04  2.92760E-06  3.75294E-01  4.87852E-01  3.53797E+00 -7.34472E-01  2.74469E+01 -3.54303E+00  2.17124E+04  5.72813E+04  3.70101E+04  3.55676E+03 -6.24575E+03  2.17606E+03  1.09565E-04  0.00000E+00  3.30707E-05
       4       1       5  2.68620E-04  2.73266E-04  2.68620E-06  5.61078E-01  7.20635E-01  5.21269E+00 -9.41659E-01  1.57122E+01  6.42817E-01  8.59945E+03  2.40589E+04  2.65115E+04 -2.04981E+03 -4.58721E+02  2.00811E+03  2.13866E-04  0.00000E+00  5.93999E-05
       4       1       6  2.16885E-04  2.44657E-04  2.16885E-06  7.49727E-01  9.78117E-01  6.99839E+00  5.05110E+00  7.30102E+00  1.38880E+01  2.58257E+03  6.53362E+03  1.74322E+04  1.46924E+03  1.65571E+03  1.33649E+03  7.56758E-05  0.00000E+00  1.68981E-04
       4       1       7  2.21115E-04  1.82321E-04  2.21115E-06  1.31708E+00  1.73926E+00  1.21526E+01  5.03952E+00 -6.11984E+01  4.35067E+01  1.36445E+04  4.58489E+04  2.54683E+04 -6.03328E+02 -4.37024E+03  2.26909E+03  1.45597E-04  0.00000E+00  3.67240E-05
       4       1       8  3.69591E-04  2.87685E-04  3.69591E-06  2.03140E+00  2.51482E+00  1.80017E+01  9.37508E-02 -4.07863E+01  1.77682E+01  5.69622E+03  1.96340E+04  1.90109E+04  6.86698E+02 -2.49879E+02  1.50962E+03  2.19412E-04  0.00000E+00  6.82725E-05
       4       1       9  3.82714E-04  2.10183E-04  3.82714E-06  2.69297E+00  3.28189E+00  2.36675E+01  4.43568E+00 -1.59078E+01  3.41381E+01  1.91895E+03  6.85814E+03  1.22215E+04  3.35312E+02  3.72612E+02  1.26747E+03  8.60782E-05  0.00000E+00  1.24104E-04
       4       1      10  1.71369E-04  1.74777E-04  1.71369E-06  8.77509E+00  1.17169E+01  7.55665E+01 -3.88773E-02 -1.68980E+01  3.51606E+00  6.53141E+02  1.84279E+03  2.86229E+04  3.67066E+02  4.17890E+03  2.31260E+03  5.42343E-05  0.00000E+00  1.20542E-04
       4       2       1  1.26760E-03  1.16382E-03  1.26760E-05  1.44689E-01  1.87077E-01  5.36505E-01 -5.77865E+01  7.18140E+01 -2.84286E+01  2.78384E+04  2.94009E+04  5.02937E+04  1.82613E+03  1.38183E+03  6.45542E+03  2.47542E-04  3.80361E-04  5.35919E-04
       4       2       2  3.66411E-04  3.89184E-04  3.66411E-06  3.67323E-01  4.85727E-01  1.37075E+00 -2.29359E+01  9.33272E+01 -3.18839E+01  2.10827E+04  3.53279E+04  5.34329E+04  6.00969E+03  4.82951E+03  8.90272E+03  1.41802E-04  8.72041E-05  1.60178E-04
       4       2       3  6.31790E-04  5.94872E-04  6.31790E-06  5.30551E-01  6.97027E-01  2.06737E+00 -4.82876E+00  1.54202E+01 -8.88712E+00  8.33857E+03  1.23790E+04  2.60374E+04  7.12573E+03  7.33622E+03  5.13525E+03  1.17500E-04  7.28400E-05  4.04532E-04
       4       2       4  9.10666E-04  7.63094E-04  9.10666E-06  9.42937E-01  1.21691E+00  3.29030E+00  8.19917E+01 -3.81520E+01 -1.05705E+01  3.70782E+04  4.93952E+04  3.31463E+04 -9.48850E+03 -1.03751E+04  4.46742E+03  3.70811E-04  2.86905E-04  1.05377E-04
       4       2       5  8.52214E-04  9.55923E-04  8.52214E-06  1.32335E+00  1.65498E+00  4.77532E+00  1.90623E+01  6.48352E+00 -9.77826E+00  1.30891E+04  2.43548E+04  2.45464E+04 -9.18690E+02 -3.10376E+03  3.36092E+03  6.70882E-04  1.04625E-04  1.80416E-04
       4       2       6  7.23807E-04  8.93862E-04  7.23807E-06  1.76153E+00  2.26783E+00  6.28486E+00  2.31133E+01 -1.00813E+01 -4.77521E+00  6.32572E+03  9.25437E+03  1.44759E+04 -8.71570E+02  7.86763E+02  2.69601E+03  2.95136E-04  1.91924E-04  4.06802E-04
       4       2       7  7.14321E-04  8.33841E-04  7.14321E-06  3.13418E+00  4.02421E+00  1.11969E+01  6.28621E+01 -8.08736E+01  2.28307E+01  2.31784E+04  3.62247E+04  2.83766E+04 -7.24181E+03 -9.57247E+03  3.97715E+03  4.54082E-04  2.22869E-04  1.56889E-04
       4       2       8  1.17759E-03  1.55393E-03  1.17759E-05  4.53934E+00  5.87276E+00  1.64952E+01  2.62973E+01 -4.52471E+01  1.11065E+01  8.84639E+03  1.73000E+04  2.00842E+04 -1.02109E+03 -1.69804E+03  2.11983E+03  8.93015E-04  2.81672E-04  3.79241E-04
       4       2       9  1.30195E-03  1.54620E-03  1.30195E-05  6.19076E+00  7.89310E+00  2.23630E+01  9.61240E+00 -1.67613E+01  4.42482E+00  2.62786E+03  5.49570E+03  9.22729E+03  7.32688E+01  1.79587E+02  1.41620E+03  4.06880E-04  1.74118E-04  9.65203E-04
       4       2      10  5.88278E-04  7.49576E-04  5.88278E-06  1.90849E+01  2.55477E+01  6.88541E+01  1.89769E+01 -2.20358E+01  1.03216E+01  3.18584E+03  4.70041E+03  2.50096E+04  1.45743E+03  5.36592E+03  2.75436E+03  1.86867E-04  2.44024E-04  3.18685E-04
       4       3       1  2.11861E-03  2.04738E-03  2.11861E-05  2.13104E-01  2.77957E-01  4.75888E-01 -8.21379E+01  7.19809E+01 -1.56440E+01  2.85814E+04  2.60293E+04  3.19893E+04 -1.73068E+03 -8.21359E+02  1.63184E+03  2.20806E-04  1.45528E-03  3.71292E-04
       4       3       2  6.23945E-04  6.85649E-04  6.23945E-06  5.43935E-01  7.15445E-01  1.21169E+00 -7.08354E+01  7.31668E+01 -2.24720E+01  3.00984E+04  3.13758E+04  3.92020E+04  7.18244E+03  2.93292E+03  6.71907E+03  1.25847E-04  4.03636E-04  1.56166E-04
       4       3       3  1.06778E-03  1.16322E-03  1.06778E-05  8.14797E-01  1.05680E+00  1.81544E+00 -1.61922E+01  1.33163E+01 -5.29339E+00  9.35037E+03  1.28588E+04  2.02436E+04  4.91584E+03  4.66232E+03  3.66422E+03  9.42005E-05  7.27041E-04  3.41980E-04
       4       3       4  1.61238E-03  1.06511E-03  1.61238E-05  1.26446E+00  1.65818E+00  2.75347E+00  1.02544E+02 -7.34415E+01 -9.00498E+00  4.61038E+04  5.16027E+04  4.61610E+04 -9.91019E+03 -5.61990E+03  6.56848E+03  3.57650E-04  5.04886E-04  2.02574E-04
       4       3       5  1.57203E-03  2.31518E-03  1.57203E-05  1.95675E+00  2.56045E+00  4.19820E+00  6.28762E+01 -3.22314E+01 -4.61598E+00  1.96757E+04  2.28398E+04  2.36454E+04  1.12937E+03  2.27416E+02  3.75675E+03  7.25171E-04  1.21408E-03  3.75933E-04
       4       3       6  1.47516E-03  1.76020E-03  1.47516E-05  2.54378E+00  3.34260E+00  5.72547E+00  3.16580E+01 -2.04337E+01 -5.52661E-01  8.42168E+03  1.01244E+04  1.73535E+04  1.17968E+03  2.81658E+03  3.54929E+03  2.92832E-04  5.84556E-04  8.82811E-04
       4       3       7  1.42299E-03  1.35201E-03  1.42299E-05  4.35918E+00  5.82120E+00  9.75152E+00  8.59966E+01 -6.98276E+01  2.04833E+01  2.37495E+04  2.80282E+04  3.72398E+04 -2.61544E+03 -4.08969E+03  3.83966E+03  4.07408E-04  7.22136E-04  2.22465E-04
       4       3       8  2.18414E-03  2.78032E-03  2.18414E-05  6.55391E+00  8.68111E+00  1.45725E+01  5.78512E+01 -4.52309E+01  1.32906E+01  1.20285E+04  1.44338E+04  1.94925E+04 -1.60851E+02 -2.07652E+02  2.63853E+03  8.01490E-04  1.46685E-03  5.11974E-04
       4       3       9  2.74845E-03  3.14091E-03  2.74845E-05  9.00412E+00  1.16019E+01  1.96626E+01  3.26313E+01 -2.12200E+01  3.53406E+00  4.41680E+03  4.80523E+03  7.44443E+03  9.56263E+01  5.97723E+02  1.16698E+03  3.40943E-04  1.59004E-03  1.20992E-03
       4       3      10  1.39668E-03  1.06716E-03  1.39668E-05  2.69409E+01  3.60061E+01  6.00047E+01  2.36177E+01 -1.97547E+01  2.66039E+00  5.62818E+03  8.47147E+03  2.02521E+04  4.41609E+03  5.98959E+03  3.69128E+03  1.35829E-04  5.56982E-04  3.74352E-04
       4       4       1  2.92796E-03  3.35997E-03  2.92796E-05  2.99431E-01  3.90679E-01  3.48512E-01  2.97481E+01 -1.86514E+01 -1.05728E+01  3.71485E+04  2.98668E+04  2.22147E+04 -1.13200E+04 -7.18659E+02  5.59327E+02  1.76364E-04  2.88241E-03  3.01196E-04
       4       4       2  8.85850E-04  1.04126E-03  8.85850E-06  7.42855E-01  9.76648E-01  8.72376E-01  4.64511E+01 -2.14388E+01 -2.09489E+01  3.79312E+04  3.55427E+04  2.39560E+04  1.75580E+03  2.40223E+01  1.92589E+03  1.02890E-04  8.14977E-04  1.23395E-04
       4       4       3  1.49501E-03  1.60037E-03  1.49501E-05  1.07464E+00  1.40593E+00  1.28046E+00  3.88976E+01 -3.25445E+01 -2.41588E+00  2.04181E+04  2.11181E+04  1.31778E+04 -3.07013E+03  2.05200E+03  1.40980E+03  6.68479E-05  1.23097E-03  3.02557E-04
       4       4       4  2.39476E-03  1.95378E-03  2.39476E-05  1.68273E+00  2.22147E+00  2.04185E+00  9.44930E+01 -6.48940E+01 -9.27357E+00  6.03804E+04  4.63987E+04  3.11341E+04 -2.03172E+04 -3.34665E+03  1.59754E+03  3.26064E-04  1.47988E-03  1.47832E-04
       4       4       5  2.47713E-03  3.81689E-03  2.47713E-05  2.58373E+00  3.40501E+00  3.03144E+00  5.69646E+01 -4.04295E+01 -2.28079E+00  2.64804E+04  2.82801E+04  1.95208E+04  3.06120E+02 -6.19454E+02  1.74072E+03  6.21200E-04  2.89612E-03  2.99569E-04
       4       4       6  2.65068E-03  3.32686E-03  2.65068E-05  3.61237E+00  4.70271E+00  4.06562E+00  3.80532E+01 -2.35106E+01  1.89145E+00  1.51613E+04  1.64514E+04  1.04653E+04  3.45839E+03  1.14987E+03  1.92710E+03  2.53733E-04  2.42889E-03  6.44233E-04
       4       4       7  2.72735E-03  2.83517E-03  2.72735E-05  5.91373E+00  7.81232E+00  6.95587E+00  1.34144E+02 -1.02705E+02  8.07808E+00  3.75444E+04  3.35857E+04  2.59657E+04 -8.41947E+03 -6.72072E+02  2.08712E+03  3.62871E-04  2.21350E-03  2.58804E-04
       4       4       8  3.52018E-03  5.01448E-03  3.52018E-05  8.92213E+00  1.17761E+01  1.04306E+01  8.30924E+01 -6.27514E+01  7.02186E+00  1.76752E+04  1.82236E+04  1.48028E+04  5.86772E+02 -2.34348E+02  1.15281E+03  6.59917E-04  3.95696E-03  3.97602E-04
       4       4       9  5.14514E-03  6.20380E-03  5.14514E-05  1.23946E+01  1.61892E+01  1.42623E+01  4.76456E+01 -3.57538E+01  2.12686E+00  6.89932E+03  7.35085E+03  5.50682E+03  8.96038E+02  5.90332E+02  8.52565E+02  2.80517E-04  5.23105E-03  6.92236E-04
       4       4      10  3.61709E-03  4.02823E-03  3.61709E-05  3.81899E+01  4.99568E+01  4.33389E+01  2.62790E+01 -1.61265E+01  2.57517E+00  8.93848E+03  1.37098E+04  9.98253E+03  8.66461E+03  5.19165E+03  3.81288E+03  9.79034E-05  2.13009E-03  1.80023E-03
       4       5       1  3.59273E-03  3.26746E-03  3.59273E-05  3.25398E-01  4.23770E-01  2.27515E-01  3.24867E+01 -2.39491E+01 -1.23932E+01  3.12433E+04  2.67524E+04  2.79817E+04 -9.40447E+03 -3.87700E+01  3.34639E+01  1.53218E-04  2.82524E-03  2.88998E-04
       4       5       2  1.11841E-03  1.05150E-03  1.11841E-05  8.43799E-01  1.10536E+00  5.92743E-01  5.77950E+01 -3.28960E+01 -1.58093E+01  3.78113E+04  3.94207E+04  2.86132E+04  7.52707E+03 -1.38141E+03  7.65330E+02  8.98865E-05  8.64609E-04  9.70076E-05
       4       5       3  1.85551E-03  1.71355E-03  1.85551E-05  1.22899E+00  1.58912E+00  8.54485E-01  5.43994E+01 -4.01203E+01 -1.70777E+00  2.53578E+04  2.88544E+04  1.71050E+04  4.21421E+03  9.87836E+02  1.99386E+03  6.01960E-05  1.37418E-03  2.79171E-04
       4       5       4  3.14183E-03  2.11897E-03  3.14183E-05  1.91548E+00  2.53167E+00  1.34946E+00  7.17131E+01 -5.40927E+01 -4.10199E+00  4.35929E+04  4.15097E+04  4.62542E+04 -4.23813E+03 -3.21542E+03  1.50862E+03  3.08955E-04  1.69410E-03  1.15918E-04
       4       5       5  3.45936E-03  3.77866E-03  3.45936E-05  2.92991E+00  3.85257E+00  2.08141E+00  5.08583E+01 -3.58887E+01 -7.06535E+00  2.48440E+04  2.70569E+04  2.39284E+04  4.24801E+03  4.73018E+02  8.37678E+02  5.57698E-04  2.97991E-03  2.41053E-04
       4       5       6  4.19086E-03  4.13910E-03  4.19086E-05  4.04533E+00  5.27485E+00  2.78819E+00  4.15301E+01 -2.59445E+01 -4.42116E+00  1.68301E+04  1.93009E+04  1.13382E+04  6.44806E+03  1.58899E+03  1.21916E+03  2.36341E-04  3.25056E-03  6.52197E-04
       4       5       7  5.07321E-03  2.96426E-03  5.07321E-05  6.62009E+00  8.73795E+00  4.63001E+00  1.08721E+02 -8.15828E+01  1.47106E+01  3.27226E+04  3.59353E+04  3.03408E+04  4.37040E+03  1.11584E+03  2.63387E+03  3.42207E-04  2.28789E-03  3.34164E-04
       4       5       8  5.43917E-03  5.47642E-03  5.43917E-05  1.00593E+01  1.32835E+01  6.97963E+00  7.01869E+01 -5.20112E+01  1.41757E+01  1.75203E+04  2.16648E+04  1.41544E+04  6.35741E+03  1.32708E+03  2.34623E+03  5.75688E-04  4.15632E-03  7.44417E-04
       4       5       9  8.42649E-03  7.41662E-03  8.42649E-05  1.41762E+01  1.84610E+01  9.54138E+00  3.87108E+01 -2.74933E+01  9.63281E+00  6.92155E+03  8.88433E+03  4.90400E+03  3.27786E+03  1.26504E+03  1.42835E+03  2.29078E-04  5.47904E-03  1.70850E-03
       4       5      10  9.28042E-03  5.65583E-03  9.28042E-05  4.31393E+01  5.64726E+01  2.91821E+01  1.92783E+01 -6.67540E+00  1.99917E+00  1.01735E+04  1.67292E+04  5.18473E+03  1.15506E+04  5.46559E+03  4.10108E+03  8.08367E-05  2.05916E-03  3.51584E-03
       4       6       1  3.97613E-03  4.17614E-03  3.97613E-05  3.54235E-01  4.61523E-01  7.78596E-02  7.48929E+01 -5.98226E+01 -8.79874E+00  3.17971E+04  2.62404E+04  2.43233E+04 -1.31700E+04 -3.41184E+00 -1.53788E+02  1.40814E-04  3.62993E-03  4.05394E-04
       4       6       2  1.26130E-03  1.34914E-03  1.26130E-05  9.06841E-01  1.19031E+00  2.00217E-01  8.25179E+01 -6.14905E+01 -1.49196E+01  3.72824E+04  3.67125E+04  2.53401E+04  1.86249E+03 -1.58134E+03 -8.78123E+02  9.03757E-05  1.14844E-03  1.10327E-04
       4       6       3  2.06734E-03  2.02401E-03  2.06734E-05  1.29666E+00  1.69407E+00  2.83197E-01  5.78652E+01 -4.96829E+01 -6.77293E+00  2.29944E+04  2.39640E+04  1.39257E+04  9.15229E+01 -4.36814E+01 -4.11632E+02  5.56598E-05  1.70960E-03  2.58752E-04
       4       6       4  3.62075E-03  3.07165E-03  3.62075E-05  2.07423E+00  2.73069E+00  4.67752E-01  8.10067E+01 -6.03596E+01 -3.85907E+00  5.11485E+04  4.12448E+04  3.68173E+04 -2.00605E+04 -7.19851E+01  7.38175E+01  3.00400E-04  2.61197E-03  1.59279E-04
       4       6       5  4.15403E-03  4.83155E-03  4.15403E-05  3.16495E+00  4.15816E+00  7.07373E-01  5.05198E+01 -3.85282E+01 -3.96202E-01  2.88375E+04  2.78521E+04  1.65579E+04 -1.54908E+03  2.91320E+02  1.78725E+03  5.48485E-04  3.99629E-03  2.86780E-04
       4       6       6  5.42219E-03  5.98036E-03  5.42219E-05  4.31113E+00  5.60267E+00  9.36361E-01  5.40351E+01 -4.27496E+01 -9.24696E-01  2.16666E+04  2.03838E+04  9.04057E+03 -3.39903E+03  4.87849E+02  7.44889E+02  2.20385E-04  5.15665E-03  6.03319E-04
       4       6       7  7.55123E-03  5.68325E-03  7.55123E-05  7.17659E+00  9.38913E+00  1.66154E+00  1.65834E+02 -1.31713E+02  2.48667E+00  4.94502E+04  4.30178E+04  1.71243E+04 -1.32663E+04  6.75484E+02  5.41971E+02  3.10056E-04  4.88722E-03  4.85980E-04
       4       6       8  7.63397E-03  9.77368E-03  7.63397E-05  1.08398E+01  1.42237E+01  2.43340E+00  1.03735E+02 -8.09004E+01  2.75550E+00  2.60102E+04  2.69240E+04  8.56740E+03  2.00742E+03  3.80621E+02  4.90632E+02  5.96020E-04  8.17167E-03  1.00599E-03
       4       6       9  1.11793E-02  1.22730E-02  1.11793E-04  1.50106E+01  1.95074E+01  3.41388E+00  5.96898E+01 -4.54191E+01  1.43873E+00  1.29921E+04  1.48687E+04  3.50850E+03  3.90919E+03  3.69368E+02  3.37448E+02  2.70530E-04  9.35013E-03  2.65230E-03
       4       6      10  1.71209E-02  1.88415E-02  1.71209E-04  4.57175E+01  5.94158E+01  9.68995E+00  3.83379E+01 -3.10527E+01  5.56041E-02  1.33097E+04  1.99718E+04  1.07512E+03  1.26272E+04  5.93301E+02  4.68100E+02  7.22762E-05  1.52936E-02  3.47568E-03
       5       1       1  4.20359E-04  4.09871E-04  4.20359E-06  3.64979E-02  8.83322E-02  5.17211E-01  2.84461E+00  3.44238E+01 -6.15937E+00  2.20658E+04  3.18417E+04  7.04885E+04  3.35160E+03  6.46414E+03  6.64709E+03  7.90090E-05  0.00000E+00  3.30862E-04
       5       1       2  1.20414E-04  1.03459E-04  1.20414E-06  1.00649E-01  2.58760E-01  1.48173E+00  8.26390E-01  7.26679E+01 -1.02317E+01  2.29218E+04  3.98760E+04  8.12443E+04  4.86823E+03  5.02525E+03  6.02570E+03  3.61233E-05  1.84645E-07  6.71508E-05
       5       1       3  2.08178E-04  1.90839E-04  2.08178E-06  1.62885E-01  4.25551E-01  2.21415E+00 -4.90692E+00  1.71764E+01 -1.52728E+00  1.37909E+04  2.23853E+04  2.69463E+04  4.86951E+03  3.51396E+03  3.71105E+02  3.41492E-05  0.00000E+00  1.56690E-04
       5       1       4  2.92673E-04  1.31944E-04  2.92673E-06  2.33985E-01  5.61970E-01  3.57678E+00  2.77770E+00  2.40167E+01 -8.72226E+00  2.35818E+04  5.11899E+04  3.95903E+04  5.05361E+03 -5.41235E+03  1.16049E+03  9.60753E-05  0.00000E+00  3.58682E-05
       5       1       5  2.68542E-04  2.44132E-04  2.68542E-06  3.42122E-01  8.25493E-01  5.18130E+00 -4.27005E-01  1.56665E+01  3.98239E+00  8.04279E+03  2.08362E+04  3.14251E+04 -2.11768E+03  1.14642E+03  1.82403E+03  1.65500E-04  0.00000E+00  7.86325E-05
       5       1       6  2.16811E-04  2.62005E-04  2.16811E-06  4.70138E-01  1.13292E+00  7.02916E+00  2.99246E+00  4.07584E+00 -6.30660E+00  2.69360E+03  6.50554E+03  1.70513E+04  1.35613E+03  2.24223E+03  8.40091E+02  8.06112E-05  0.00000E+00  1.81394E-04
       5       1       7  2.21063E-04  1.75211E-04  2.21063E-06  7.85510E-01  1.90109E+00  1.22037E+01  1.10749E+00 -5.85894E+01  1.58747E+01  1.22447E+04  3.72077E+04  3.47236E+04  1.66254E+02 -2.24330E+03  1.98587E+03  1.16307E-04  0.00000E+00  5.89041E-05
       5       1       8  3.69509E-04  3.48462E-04  3.69509E-06  1.20330E+00  2.84146E+00  1.77755E+01 -7.34642E-01 -3.63426E+01  1.47718E+01  5.65216E+03  1.68049E+04  2.26040E+04  6.54444E+02  5.66990E+02  5.19230E+02  2.29606E-04  0.00000E+00  1.18856E-04
       5       1       9  3.82567E-04  3.36399E-04  3.82567E-06  1.66865E+00  4.29876E+00  2.37894E+01  3.24294E-01 -1.81541E+01  7.36897E+00  2.02725E+03  6.00994E+03  1.00819E+04 -1.45388E+02  9.73180E+02  4.76355E+02  1.22083E-04  0.00000E+00  2.14316E-04
       5       1      10  1.71307E-04  1.47291E-04  1.71307E-06  5.06406E+00  1.30607E+01  7.27186E+01 -9.43643E-01 -1.79223E+01 -1.02288E+00  4.81824E+02  2.27707E+03  3.30105E+04  3.32276E+02  5.73630E+03  1.63013E+03  4.38859E-05  0.00000E+00  1.03405E-04
       5       2       1  1.26638E-03  1.31103E-03  1.26638E-05  9.15739E-02  2.24150E-01  5.37121E-01 -6.67726E+01  4.42343E+01 -1.32550E+01  2.55794E+04  2.97337E+04  4.54311E+04  1.03777E+03  4.06788E+03  3.31111E+03  1.39967E-04  4.79724E-04  6.91343E-04
       5       2       2  3.65974E-04  3.67721E-04  3.65974E-06  2.38142E-01  5.86478E-01  1.37233E+00 -5.09730E+01  5.52807E+01 -2.37839E+01  2.25243E+04  3.51088E+04  5.37955E+04  3.05761E+03  4.09655E+03  3.23407E+03  8.39763E-05  1.51287E-04  1.32458E-04
       5       2       3  6.31223E-04  6.19474E-04  6.31223E-06  3.54114E-01  8.67703E-01  2.04402E+00 -1.24958E+01  1.13311E+01 -4.10415E+00  4.85303E+03  1.34311E+04  2.57873E+04  4.64095E+03  6.92594E+03  2.87228E+03  6.73406E-05  2.01621E-04  3.50513E-04
       5       2       4  9.09325E-04  6.48593E-04  9.09325E-06  6.05808E-01  1.44592E+00  3.30732E+00  1.33251E+02 -2.88291E+01 -3.96227E-01  5.22528E+04  3.79452E+04  3.47633E+04 -9.87512E+03 -1.87756E+03  3.50701E+03  2.01363E-04  3.47240E-04  9.99904E-05
       5       2       5  8.50933E-04  6.77427E-04  8.50933E-06  8.16976E-01  1.96833E+00  4.72508E+00  4.37636E+01  3.32049E+00 -1.63442E+00  1.58824E+04  2.40908E+04  2.75674E+04  8.53828E+02  1.15714E+03  2.09789E+03  3.63573E-04  1.68617E-04  1.45238E-04
       5       2       6  7.22518E-04  8.08608E-04  7.22518E-06  1.14777E+00  2.74505E+00  6.17281E+00  5.22102E+01 -8.61978E+00  3.95173E+00  1.09783E+04  7.82582E+03  1.47263E+04 -2.38283E+03  2.95967E+03  1.87600E+03  1.72409E-04  3.52284E-04  2.83915E-04
       5       2       7  7.13317E-04  7.19591E-04  7.13317E-06  2.02562E+00  4.84737E+00  1.11471E+01  1.03086E+02 -6.30916E+01  1.15998E+01  3.25075E+04  2.82098E+04  2.71430E+04 -6.18685E+03 -4.11105E+03  1.73831E+03  2.84642E-04  3.01770E-04  1.33178E-04
       5       2       8  1.17629E-03  1.22180E-03  1.17629E-05  2.90997E+00  7.09386E+00  1.65004E+01  5.49462E+01 -4.01122E+01  4.20111E+00  1.20999E+04  1.35918E+04  2.02823E+04 -1.85279E+03  9.85262E+02  1.68943E+03  4.56871E-04  4.35303E-04  3.29631E-04
       5       2       9  1.29934E-03  1.33969E-03  1.29934E-05  3.86975E+00  9.49956E+00  2.23615E+01  2.35633E+01 -1.54953E+01 -3.24076E-01  3.88289E+03  4.21060E+03  8.99421E+03 -1.94092E+02  1.36900E+03  8.40321E+02  1.95356E-04  3.45886E-04  7.98449E-04
       5       2      10  5.86857E-04  6.59689E-04  5.86857E-06  1.19960E+01  2.90818E+01  6.83989E+01  2.50844E+01 -1.89510E+01 -1.37321E+00  2.63133E+03  5.74397E+03  2.54421E+04  1.22935E+03  5.73088E+03  1.63179E+03  1.19088E-04  2.88417E-04  2.52184E-04
       5       3       1  2.11367E-03  2.04780E-03  2.11367E-05  1.33017E-01  3.23604E-01  4.74317E-01 -9.01990E+01  4.50676E+01 -1.31852E+01  2.75439E+04  2.55346E+04  3.31434E+04 -1.24563E+03  1.16226E+03  1.21709E+03  1.34394E-04  1.38819E-03  5.25215E-04
       5       3       2  6.22023E-04  6.18831E-04  6.22023E-06  3.43420E-01  8.27030E-01  1.20552E+00 -6.83712E+01  5.54640E+01 -2.21957E+01  2.11215E+04  3.67178E+04  4.22996E+04  6.13539E+03  7.56352E+03  5.02225E+03  1.06463E-04  3.37699E-04  1.74669E-04
       5       3       3  1.06546E-03  1.00311E-03  1.06546E-05  5.10878E-01  1.24182E+00  1.80544E+00 -1.57118E+01  9.97282E+00 -2.66242E+00  6.43123E+03  1.53625E+04  1.92512E+04  4.94128E+03  5.76909E+03  2.43187E+03  6.36577E-05  6.17043E-04  3.22407E-04
       5       3       4  1.60640E-03  8.26371E-04  1.60640E-05  8.03473E-01  1.91617E+00  2.72108E+00  1.36989E+02 -5.18633E+01 -6.09333E+00  5.50445E+04  4.88362E+04  4.51245E+04 -1.06813E+04 -5.61531E+02  3.83721E+03  2.16499E-04  4.35060E-04  1.74812E-04
       5       3       5  1.56563E-03  1.91592E-03  1.56563E-05  1.23638E+00  2.95537E+00  4.18638E+00  7.66321E+01 -1.99755E+01 -4.73413E+00  1.89535E+04  2.35057E+04  2.41506E+04  1.56815E+03  2.54200E+03  2.33086E+03  4.42539E-04  1.09248E-03  3.80900E-04
       5       3       6  1.46811E-03  1.45171E-03  1.46811E-05  1.62979E+00  3.92659E+00  5.78245E+00  2.85534E+01 -1.31221E+01 -6.50060E+00  6.12240E+03  1.06786E+04  1.75093E+04  1.04592E+03  4.51404E+03  2.38401E+03  1.74054E-04  4.20300E-04  8.57359E-04
       5       3       7  1.41609E-03  1.15932E-03  1.41609E-05  2.83294E+00  6.73195E+00  9.72941E+00  9.65686E+01 -5.30059E+01  1.37391E+01  2.41392E+04  2.89060E+04  3.64163E+04 -1.11873E+03 -1.98037E+03  2.62153E+03  3.17876E-04  6.46312E-04  1.95126E-04
       5       3       8  2.17784E-03  2.33571E-03  2.17784E-05  4.23817E+00  1.00592E+01  1.44938E+01  6.48369E+01 -3.08034E+01  1.16545E+01  1.11440E+04  1.56188E+04  1.95438E+04  3.73705E+02  1.14005E+03  1.74191E+03  6.07210E-04  1.28848E-03  4.40020E-04
       5       3       9  2.73385E-03  2.61686E-03  2.73385E-05  5.77568E+00  1.37140E+01  1.96329E+01  3.52420E+01 -1.48135E+01  2.09160E+00  3.97577E+03  5.31178E+03  7.21258E+03  3.58390E+02  1.07786E+03  6.09677E+02  2.36389E-04  1.44735E-03  9.33127E-04
       5       3      10  1.38430E-03  1.05975E-03  1.38430E-05  1.74012E+01  4.21940E+01  6.04866E+01  2.30714E+01 -1.57318E+01  5.78715E+00  3.14873E+03  1.04720E+04  1.95021E+04  3.11166E+03  6.75026E+03  2.19123E+03  1.53926E-04  4.90254E-04  4.15569E-04
       5       4       1  2.91625E-03  3.45311E-03  2.91625E-05  1.87903E-01  4.56765E-01  3.51778E-01  3.46010E+01 -1.14824E+01 -7.94900E+00  3.96518E+04  2.34555E+04  2.15767E+04 -8.66667E+03  2.95057E+01  3.33727E+02  1.20898E-04  2.93887E-03  3.93344E-04
       5       4       2  8.80823E-04  1.01838E-03  8.80823E-06  4.70206E-01  1.13252E+00  8.73246E-01  5.90852E+01 -4.78383E+00 -1.86599E+01  3.73128E+04  3.80014E+04  2.34373E+04  2.27343E+03  8.42039E+02  1.12501E+03  1.00670E-04  8.16589E-04  1.01125E-04
       5       4       3  1.48941E-03  1.59178E-03  1.48941E-05  6.75024E-01  1.63888E+00  1.28366E+00  4.50983E+01 -1.51269E+01 -2.79141E+00  2.01920E+04  1.78430E+04  1.28924E+04 -1.25592E+03  4.02741E+03  1.14111E+03  6.43708E-05  1.19933E-03  3.28074E-04
       5       4       4  2.37897E-03  1.90527E-03  2.37897E-05  1.06482E+00  2.58019E+00  2.05138E+00  1.14925E+02 -4.49822E+01 -3.22688E+00  7.17186E+04  4.15224E+04  2.61976E+04 -1.44815E+04 -1.67949E+03  1.46540E+03  2.13866E-04  1.53309E-03  1.58314E-04
       5       4       5  2.45767E-03  3.84644E-03  2.45767E-05  1.64543E+00  3.94740E+00  3.03178E+00  6.89488E+01 -2.32991E+01 -4.49362E+00  2.67676E+04  2.73018E+04  1.80454E+04 -2.01777E+02  5.50222E+02  6.86458E+02  4.88602E-04  3.07053E-03  2.87314E-04
       5       4       6  2.62683E-03  3.22909E-03  2.62683E-05  2.27563E+00  5.51006E+00  4.07950E+00  4.23940E+01 -1.73969E+01  8.48920E-01  1.29650E+04  1.69134E+04  9.33738E+03  1.89593E+03  2.25084E+03  1.12267E+03  1.36104E-04  2.48926E-03  6.03719E-04
       5       4       7  2.69428E-03  2.78492E-03  2.69428E-05  3.77243E+00  9.07740E+00  6.96772E+00  1.58108E+02 -6.87908E+01  1.16414E+01  4.14117E+04  3.03007E+04  2.55911E+04 -6.23656E+03 -9.54042E+01  1.72556E+03  3.33820E-04  2.26195E-03  1.89144E-04
       5       4       8  3.49733E-03  4.97040E-03  3.49733E-05  5.67772E+00  1.36734E+01  1.04306E+01  9.41174E+01 -4.38872E+01  6.72275E+00  1.71179E+04  2.00153E+04  1.53935E+04  7.81758E+02  1.45699E+03  1.15124E+03  6.19964E-04  3.95192E-03  3.98514E-04
       5       4       9  5.09496E-03  6.42954E-03  5.09496E-05  7.72087E+00  1.88020E+01  1.43882E+01  5.31826E+01 -2.35830E+01  1.45194E+00  6.42213E+03  9.04599E+03  6.31574E+03  1.02449E+03  2.16515E+03  1.00318E+03  2.67116E-04  5.26685E-03  8.95568E-04
       5       4      10  3.54052E-03  5.35106E-03  3.54052E-05  2.24620E+01  5.75670E+01  4.38496E+01  2.15399E+01 -7.22627E+00  2.55448E+00  4.26605E+03  1.84125E+04  1.09644E+04  6.43667E+03  8.74795E+03  3.17536E+03  1.64491E-04  2.06757E-03  3.11900E-03
       5       5       1  3.57288E-03  3.35905E-03  3.57288E-05  2.03855E-01  4.95986E-01  2.26790E-01  3.61442E+01 -1.23516E+01 -1.19331E+01  3.42433E+04  2.26030E+04  2.78149E+04 -6.14083E+03 -4.76373E+02 -1.63904E+02  1.10441E-04  2.80652E-03  4.42086E-04
       5       5       2  1.10910E-03  1.06797E-03  1.10910E-05  5.31596E-01  1.28350E+00  5.87204E-01  6.24866E+01 -1.81147E+01 -1.78152E+01  3.21709E+04  4.52249E+04  2.85269E+04  7.31636E+03 -1.41388E+03  1.56792E+02  9.62209E-05  8.37670E-04  1.34081E-04
       5       5       3  1.84590E-03  1.69097E-03  1.84590E-05  7.61065E-01  1.84999E+00  8.49083E-01  6.45672E+01 -2.78863E+01 -2.31299E+00  2.38129E+04  3.24616E+04  1.78500E+04  2.61924E+03  7.47653E+02  3.03060E+02  6.37272E-05  1.40509E-03  2.22151E-04
       5       5       4  3.11247E-03  2.01290E-03  3.11247E-05  1.21096E+00  2.93281E+00  1.34672E+00  8.57566E+01 -3.71642E+01 -5.06529E+00  4.56705E+04  4.23979E+04  4.39126E+04 -2.62128E+03 -1.48698E+03  8.19664E+02  2.33279E-04  1.65304E-03  1.26589E-04
       5       5       5  3.41805E-03  3.50386E-03  3.41805E-05  1.85715E+00  4.46622E+00  2.07881E+00  5.81457E+01 -2.33387E+01 -2.70960E+00  2.29451E+04  3.12592E+04  2.21412E+04  3.49497E+03  1.45153E+03  6.97650E+02  4.24442E-04  2.80414E-03  2.75274E-04
       5       5       6  4.13536E-03  4.05323E-03  4.13536E-05  2.54199E+00  6.16638E+00  2.80249E+00  4.49379E+01 -1.48708E+01  1.05350E+00  1.31835E+04  2.29884E+04  1.07139E+04  5.43036E+03  6.85451E+02  1.01398E+03  1.65372E-04  3.15845E-03  7.29409E-04
       5       5       7  4.96406E-03  2.84940E-03  4.96406E-05  4.21214E+00  1.01342E+01  4.65942E+00  1.24435E+02 -6.31510E+01  7.54349E+00  3.11218E+04  3.82300E+04  3.08986E+04  2.45703E+03 -7.83313E+02  9.55609E+02  3.26834E-04  2.25810E-03  2.64468E-04
       5       5       8  5.35554E-03  5.40525E-03  5.35554E-05  6.35387E+00  1.54346E+01  6.93673E+00  7.75928E+01 -3.69159E+01  3.14895E+00  1.42168E+04  2.46280E+04  1.45707E+04  4.27720E+03  1.07592E+03  7.76034E+02  6.75788E-04  4.03492E-03  6.94543E-04
       5       5       9  8.30686E-03  7.79565E-03  8.30686E-05  8.88496E+00  2.17517E+01  9.18605E+00  3.94789E+01 -1.74841E+01 -2.47012E+00  5.09177E+03  1.02727E+04  4.89556E+03  2.43168E+03  1.46157E+03  5.32429E+02  3.19119E-04  5.27914E-03  2.19738E-03
       5       5      10  8.94606E-03  5.49920E-03  8.94606E-05  2.72069E+01  6.42890E+01  2.97406E+01  1.67537E+01 -1.41980E+01  1.52731E-02  5.12420E+03  2.27860E+04  5.63357E+03  8.62041E+03  6.36357E+03  2.58365E+03  1.71209E-04  2.14595E-03  3.18204E-03
       5       6       1  3.95054E-03  4.45404E-03  3.95054E-05  2.22839E-01  5.43707E-01  7.90096E-02  8.30789E+01 -3.55375E+01 -6.58226E+00  3.56584E+04  2.06170E+04  2.36736E+04 -8.78668E+03  2.85602E+02  4.27535E+02  1.03313E-04  3.68865E-03  6.62083E-04
       5       6       2  1.24864E-03  1.33906E-03  1.24864E-05  5.69435E-01  1.38217E+00  2.02744E-01  9.33088E+01 -3.49618E+01 -1.79060E+01  3.54465E+04  4.20940E+04  2.42707E+04  3.50392E+03 -2.02803E+03 -5.89246E+02  9.76797E-05  1.13360E-03  1.07788E-04
       5       6       3  2.05483E-03  2.15852E-03  2.05483E-05  8.15230E-01  1.98246E+00  2.77316E-01  6.50622E+01 -2.85788E+01 -2.19890E+00  2.24131E+04  2.78340E+04  1.34336E+04  1.49577E+03 -2.05160E+03 -8.00045E+01  6.13076E-05  1.78370E-03  3.13520E-04
       5       6       4  3.58079E-03  3.10415E-03  3.58079E-05  1.31464E+00  3.18597E+00  4.62325E-01  9.18548E+01 -3.84961E+01 -2.93214E+00  6.02893E+04  3.68119E+04  3.36018E+04 -1.25955E+04  4.32084E+02  8.19350E+02  2.51046E-04  2.61890E-03  2.34204E-04
       5       6       5  4.09311E-03  4.67011E-03  4.09311E-05  1.98709E+00  4.81338E+00  7.01220E-01  5.98531E+01 -2.47483E+01 -4.59600E+00  3.03818E+04  3.19099E+04  1.43683E+04  1.60151E+02  2.90419E+03  2.53169E+02  3.52386E-04  3.89779E-03  4.19941E-04
       5       6       6  5.33583E-03  6.42737E-03  5.33583E-05  2.69685E+00  6.54116E+00  9.58402E-01  6.18922E+01 -2.58552E+01  4.38301E-01  2.27070E+04  2.16441E+04  8.98699E+03 -1.53267E+03  2.11182E+03  9.13156E+02  2.08629E-04  5.34658E-03  8.72154E-04
       5       6       7  7.34094E-03  6.07375E-03  7.34094E-05  4.46392E+00  1.09179E+01  1.71284E+00  1.85583E+02 -7.65931E+01  9.02916E+00  5.36727E+04  3.91488E+04  1.67790E+04 -8.07808E+03  2.01770E+03  1.11159E+03  3.57439E-04  4.88106E-03  8.35252E-04
       5       6       8  7.42921E-03  1.01725E-02  7.42921E-05  6.78021E+00  1.65217E+01  2.54906E+00  1.16262E+02 -4.71701E+01  4.19285E+00  2.39073E+04  2.91223E+04  7.90268E+03  2.10318E+03  1.16637E+03  5.71277E+02  5.21417E-04  8.19627E-03  1.45477E-03
       5       6       9  1.09815E-02  1.33074E-02  1.09815E-04  9.28767E+00  2.28880E+01  3.70514E+00  6.53722E+01 -2.65186E+01  5.83312E-01  1.04685E+04  1.67627E+04  3.03863E+03  3.00938E+03  4.82101E+02  2.73488E+02  2.29190E-04  9.82342E-03  3.25477E-03
       5       6      10  1.63151E-02  1.94942E-02  1.63151E-04  2.83083E+01  6.95098E+01  9.67834E+00  4.37403E+01 -1.70911E+01  1.14652E+00  7.15593E+03  2.59711E+04  1.02272E+03  9.20606E+03  5.21416E+02  2.39899E+02  1.73214E-04  1.51681E-02  4.15286E-03
       6       1       1  4.20311E-04  4.11668E-04  4.20311E-06  1.23530E-02  8.56596E-02  4.98302E-01 -8.86896E-01  2.97866E+01  2.20697E+00  2.17407E+04  3.66278E+04  8.48237E+04  2.45409E+03  1.32111E+04  3.72643E+03  7.10113E-05  0.00000E+00  3.40656E-04
       6       1       2  1.20397E-04  1.15580E-04  1.20397E-06  4.08946E-02  2.73216E-01  1.47954E+00  4.69733E+00  6.20851E+01 -7.30810E+00  1.57074E+04  2.81186E+04  7.61507E+04  4.08921E+03  1.36657E+04  8.42165E+02  3.65096E-05  3.23129E-07  7.87476E-05
       6       1       3  2.08156E-04  2.69886E-04  2.08156E-06  7.22024E-02  4.47452E-01  2.21828E+00  5.11166E+00  1.12112E+00 -1.17800E+01  1.10341E+04  1.66826E+04  2.77346E+04  1.88315E+03  3.39020E+03  1.19558E+03  2.72825E-05  0.00000E+00  2.42603E-04
       6       1       4  2.92623E-04  1.29685E-04  2.92623E-06  7.67234E-02  5.88722E-01  3.55600E+00  5.33964E-01  2.02535E+01  1.75401E+00  2.30649E+04  5.12278E+04  4.95569E+04  2.41092E+03 -2.46523E+03 -3.18682E+02  9.47592E-05  0.00000E+00  3.49259E-05
       6       1       5  2.68497E-04  2.11920E-04  2.68497E-06  1.13697E-01  8.53860E-01  5.21094E+00 -1.21001E+00  1.54102E+01  1.12233E+01  8.25374E+03  2.03523E+04  3.43635E+04 -1.12144E+03  2.05047E+03  4.04693E+02  1.41810E-04  0.00000E+00  7.01102E-05
       6       1       6  2.16768E-04  2.34891E-04  2.16768E-06  1.54279E-01  1.09742E+00  6.96078E+00  1.27249E+00  5.04730E+00  1.54455E+00  3.17031E+03  7.38025E+03  2.01538E+04  6.10879E+02  1.06425E+03  4.62613E+02  8.88368E-05  0.00000E+00  1.46054E-04
       6       1       7  2.21033E-04  1.60131E-04  2.21033E-06  2.96223E-01  2.06785E+00  1.21978E+01  6.61057E-01 -5.56661E+01  2.15821E+00  1.30275E+04  3.76739E+04  3.29188E+04  9.08729E+02 -1.75544E+03  5.57487E+02  1.10694E-04  0.00000E+00  4.94368E-05
       6       1       8  3.69462E-04  3.28912E-04  3.69462E-06  4.46153E-01  3.08034E+00  1.79704E+01  2.37625E-02 -3.52008E+01 -1.55550E+01  5.29216E+03  1.56287E+04  2.24654E+04  1.34366E+02  1.40998E+03  1.98050E+02  2.03552E-04  0.00000E+00  1.25360E-04
       6       1       9  3.82481E-04  4.19064E-04  3.82481E-06  6.72256E-01  3.99501E+00  2.44510E+01 -8.15861E-01 -1.13602E+01 -1.12583E+01  1.26114E+03  3.68213E+03  8.42926E+03 -1.47191E+02  6.41846E+02  2.76734E+02  9.53791E-05  0.00000E+00  3.23685E-04
       6       1      10  1.71271E-04  1.73617E-04  1.71271E-06  1.67407E+00  1.30339E+01  7.65292E+01 -7.86844E-01 -1.76007E+01 -1.43002E+01  2.82446E+02  1.76610E+03  2.79345E+04  4.94697E+01  4.52868E+03  3.06571E+02  4.35066E-05  0.00000E+00  1.30111E-04
       6       2       1  1.26568E-03  1.32763E-03  1.26568E-05  3.07422E-02  2.36644E-01  5.23564E-01 -7.74910E+01  2.57020E+01 -1.29841E+01  2.53461E+04  3.00639E+04  4.66966E+04  8.02493E+02  4.75653E+03  1.93468E+03  1.19503E-04  5.32727E-04  6.75399E-04
       6       2       2  3.65722E-04  3.40136E-04  3.65722E-06  8.58109E-02  6.30412E-01  1.36688E+00 -7.03405E+01  5.30146E+01 -1.87508E+01  2.49291E+04  3.55600E+04  4.73604E+04  1.12187E+03  5.53737E+03  1.09879E+03  7.02390E-05  1.55391E-04  1.14506E-04
       6       2       3  6.30897E-04  6.31104E-04  6.30897E-06  1.41687E-01  9.52641E-01  2.04929E+00 -1.81483E+01  8.20457E+00 -2.49410E+00  2.69685E+03  1.37347E+04  2.02462E+04  2.02103E+03  5.80119E+03  8.21439E+02  5.64421E-05  2.74556E-04  3.00106E-04
       6       2       4  9.08553E-04  5.88684E-04  9.08553E-06  2.08427E-01  1.56533E+00  3.31299E+00  1.58926E+02 -1.16041E+01 -8.33895E+00  6.09098E+04  3.34302E+04  3.00906E+04 -5.45044E+03 -3.48147E+03  4.95932E+02  1.55958E-04  3.68750E-04  6.39761E-05
       6       2       5  8.50195E-04  6.44450E-04  8.50195E-06  2.83982E-01  2.14120E+00  4.71984E+00  5.09873E+01  8.52415E+00 -6.96193E+00  1.68630E+04  2.43397E+04  2.67878E+04  9.21352E+02 -1.93680E+02 -1.28172E+02  3.57979E-04  1.90707E-04  9.57636E-05
       6       2       6  7.21776E-04  7.86103E-04  7.21776E-06  3.67405E-01  2.94894E+00  6.19952E+00  6.26530E+01 -1.78300E+00  1.81077E+00  1.28633E+04  6.11091E+03  1.67643E+04 -9.88089E+02  3.19884E+03  8.34244E+02  1.13843E-04  4.08895E-04  2.63365E-04
       6       2       7  7.12740E-04  6.74667E-04  7.12740E-06  6.81766E-01  5.20581E+00  1.11179E+01  1.22254E+02 -3.90632E+01  1.59733E+01  3.70031E+04  2.37903E+04  2.73745E+04 -2.59929E+03 -3.01283E+03  8.79485E+02  2.21016E-04  3.35887E-04  1.17764E-04
       6       2       8  1.17555E-03  1.17187E-03  1.17555E-05  1.01462E+00  7.63378E+00  1.63120E+01  6.84993E+01 -2.52812E+01  1.45674E+01  1.41292E+04  1.30302E+04  1.96350E+04 -7.75927E+02  1.10083E+03  6.75821E+02  4.08697E-04  5.02646E-04  2.60528E-04
       6       2       9  1.29783E-03  1.26406E-03  1.29783E-05  1.48636E+00  1.01493E+01  2.21974E+01  3.50280E+01 -9.35775E+00  1.10739E+01  4.74004E+03  4.19524E+03  8.47282E+03 -1.37912E+02  8.15912E+02  4.55654E+02  1.90657E-04  4.77428E-04  5.95979E-04
       6       2      10  5.86042E-04  5.89344E-04  5.86042E-06  4.32229E+00  3.16380E+01  6.84017E+01  3.20928E+01 -1.16965E+01  2.74270E+00  2.38805E+03  6.02977E+03  2.51179E+04  4.00607E+02  4.84076E+03  2.61594E+02  9.36774E-05  3.10476E-04  1.85191E-04
       6       3       1  2.11083E-03  1.92055E-03  2.11083E-05  4.52236E-02  3.43191E-01  4.69010E-01 -1.00151E+02  2.06255E+01 -1.00542E+01  2.80741E+04  2.57055E+04  3.18798E+04  2.38206E+01  2.79536E+02  4.57665E+02  1.08171E-04  1.36684E-03  4.45537E-04
       6       3       2  6.20920E-04  5.75280E-04  6.20920E-06  1.26929E-01  8.95344E-01  1.21019E+00 -7.41365E+01  3.17351E+01 -2.20541E+01  2.12584E+04  4.12482E+04  4.18514E+04  2.70833E+03  8.83667E+03  3.81864E+02  8.30341E-05  3.47095E-04  1.45151E-04
       6       3       3  1.06412E-03  8.88259E-04  1.06412E-05  1.91337E-01  1.33302E+00  1.80179E+00 -1.74360E+01  9.95562E+00  9.29271E-01  4.08709E+03  1.53103E+04  2.09648E+04  1.89282E+03  7.03804E+03  4.76130E+02  4.98650E-05  5.71282E-04  2.67112E-04
       6       3       4  1.60297E-03  7.72266E-04  1.60297E-05  2.68940E-01  2.06020E+00  2.70423E+00  1.60599E+02 -1.89036E+01 -7.01433E+00  6.55356E+04  4.12195E+04  4.36165E+04 -6.10540E+03  1.90645E+03  1.59680E+03  1.84583E-04  4.25606E-04  1.62077E-04
       6       3       5  1.56197E-03  1.73807E-03  1.56197E-05  4.27729E-01  3.17669E+00  4.20775E+00  8.44175E+01 -6.83729E+00 -5.04186E+00  1.87956E+04  2.33667E+04  2.18300E+04  3.31557E+00  3.08502E+03  9.30668E+02  3.58637E-04  1.07229E-03  3.07146E-04
       6       3       6  1.46406E-03  1.13713E-03  1.46406E-05  5.85511E-01  4.16503E+00  5.78817E+00  2.93179E+01 -2.19422E+00 -6.67187E+00  5.55884E+03  1.03122E+04  1.57635E+04  4.82929E+02  4.39726E+03  7.38595E+02  1.33584E-04  3.24287E-04  6.79257E-04
       6       3       7  1.41214E-03  9.27074E-04  1.41214E-05  9.83454E-01  7.25978E+00  9.76346E+00  1.17469E+02 -3.34713E+01  1.65520E+01  2.76675E+04  2.75998E+04  3.42442E+04 -1.06759E+03 -3.12224E+03  6.14026E+02  2.45697E-04  5.71919E-04  1.09458E-04
       6       3       8  2.17422E-03  1.85242E-03  2.17422E-05  1.47572E+00  1.08101E+01  1.45416E+01  7.82449E+01 -2.04289E+01  4.94820E+00  1.23633E+04  1.52496E+04  1.86907E+04  6.61760E+01  3.42986E+02  2.80831E+02  4.49314E-04  1.16226E-03  2.40842E-04
       6       3       9  2.72546E-03  1.83420E-03  2.72546E-05  1.93821E+00  1.42932E+01  1.96046E+01  4.28855E+01 -1.09749E+01 -2.38308E+00  4.61610E+03  5.97594E+03  7.65769E+03 -2.86803E+01  8.09688E+02  5.73542E+01  1.99832E-04  1.10426E-03  5.30103E-04
       6       3      10  1.37724E-03  8.72659E-04  1.37724E-05  6.16946E+00  4.61642E+01  6.02290E+01  2.68670E+01 -1.19121E+01  3.59481E+00  1.86329E+03  1.17451E+04  1.87792E+04  1.14359E+03  6.31641E+03  6.78136E+02  1.12911E-04  4.67644E-04  2.92103E-04
       6       4       1  2.90952E-03  3.41943E-03  2.90952E-05  6.46028E-02  4.90169E-01  3.51878E-01  4.16819E+01 -2.50122E+00 -6.46744E+00  4.44457E+04  2.06944E+04  2.06964E+04 -2.51592E+03 -6.18778E+02  3.65949E+01  9.45058E-05  2.98513E-03  3.39800E-04
       6       4       2  8.77951E-04  1.00018E-03  8.77951E-06  1.65214E-01  1.21513E+00  8.74162E-01  6.74028E+01  5.34011E+00 -1.60511E+01  3.58739E+04  3.93055E+04  2.18552E+04  1.04291E+03 -5.40347E+02 -8.55173E+01  8.64798E-05  8.28497E-04  8.51997E-05
       6       4       3  1.48620E-03  1.52178E-03  1.48620E-05  2.37174E-01  1.75069E+00  1.28384E+00  5.43809E+01 -7.62626E+00 -4.98425E+00  2.33502E+04  1.71253E+04  1.18096E+04 -1.10571E+03  2.31451E+03 -1.24819E+02  4.69619E-05  1.22800E-03  2.46819E-04
       6       4       4  2.36993E-03  1.79875E-03  2.36993E-05  3.62627E-01  2.77376E+00  2.05920E+00  1.25810E+02 -1.50231E+01 -4.25198E+00  7.84336E+04  3.39561E+04  2.47285E+04 -5.74010E+03 -2.64913E+03  1.18979E+02  1.95770E-04  1.50192E-03  1.01063E-04
       6       4       5  2.44659E-03  3.62079E-03  2.44659E-05  5.60013E-01  4.24287E+00  3.01488E+00  7.82616E+01 -7.34667E+00 -1.93905E+00  2.85192E+04  2.80838E+04  1.71951E+04 -1.20703E+02  7.69404E+02  4.36102E+02  2.95465E-04  3.09548E-03  2.29837E-04
       6       4       6  2.61321E-03  3.19503E-03  2.61321E-05  7.78529E-01  5.89809E+00  4.07165E+00  4.64246E+01 -5.82961E+00 -2.20380E+00  1.23209E+04  1.80644E+04  9.93320E+03  8.54852E+02  9.91550E+02  1.03528E+02  1.71805E-04  2.47413E-03  5.49085E-04
       6       4       7  2.67552E-03  2.66025E-03  2.67552E-05  1.27087E+00  9.73162E+00  6.96218E+00  1.77861E+02 -2.81088E+01  5.58952E+00  4.64103E+04  2.87921E+04  2.33922E+04 -2.52020E+03  8.94905E+01  1.77295E+02  2.47261E-04  2.25037E-03  1.62619E-04
       6       4       8  3.48433E-03  4.75538E-03  3.48433E-05  1.94235E+00  1.46651E+01  1.04580E+01  1.06333E+02 -1.88646E+01  4.50817E+00  1.74904E+04  2.02541E+04  1.43112E+04  1.92787E+02  8.60287E+02  3.01513E+02  4.71134E-04  3.97880E-03  3.05443E-04
       6       4       9  5.06627E-03  6.33487E-03  5.06627E-05  2.66202E+00  2.02360E+01  1.43526E+01  5.89028E+01 -9.93777E+00  1.91164E+00  6.20120E+03  9.40206E+03  6.04848E+03  4.53712E+02  2.03019E+03  3.78132E+02  1.79008E-04  5.46552E-03  6.90338E-04
       6       4      10  3.49734E-03  5.51151E-03  3.49734E-05  8.90283E+00  6.12337E+01  4.39518E+01  2.18123E+01 -9.40244E+00 -2.16700E+00  2.02259E+03  2.04720E+04  1.09077E+04  2.66659E+03  9.00727E+03  1.32470E+03  1.16541E-04  2.18589E-03  3.20908E-03
       6       5       1  3.56150E-03  3.19621E-03  3.56150E-05  7.00760E-02  5.28746E-01  2.26476E-01  3.94564E+01 -4.46489E+00 -6.63405E+00  3.82294E+04  1.86654E+04  2.79461E+04 -2.77535E+03  4.75456E+02 -1.79609E+02  8.66246E-05  2.80934E-03  3.00249E-04
       6       5       2  1.10381E-03  9.80141E-04  1.10381E-05  1.86145E-01  1.37770E+00  5.92096E-01  6.97176E+01 -6.86356E-01 -1.74321E+01  3.03871E+04  4.65867E+04  2.79009E+04  2.31236E+03 -4.74157E+02 -6.60544E+00  7.25967E-05  8.28627E-04  7.89167E-05
       6       5       3  1.84038E-03  1.62034E-03  1.84038E-05  2.68257E-01  1.98868E+00  8.54677E-01  7.34293E+01 -7.43979E+00 -2.86692E+00  2.38038E+04  3.48608E+04  1.71870E+04  3.73705E+02  3.63484E+01  6.76175E+02  5.13237E-05  1.39676E-03  1.72256E-04
       6       5       4  3.09571E-03  1.98038E-03  3.09571E-05  4.14420E-01  3.15546E+00  1.35191E+00  9.84869E+01 -1.08220E+01 -2.02691E+00  4.91776E+04  4.35565E+04  4.20489E+04 -7.98303E+00  8.74725E+02  1.73921E+03  1.85241E-04  1.67942E-03  1.15710E-04
       6       5       5  3.39465E-03  3.43572E-03  3.39465E-05  6.49622E-01  4.80337E+00  2.07281E+00  6.50305E+01 -4.18729E+00 -9.10067E+00  2.13461E+04  3.41637E+04  2.14481E+04  1.96830E+03  7.86287E+02 -2.06600E+03  3.12245E-04  2.88451E-03  2.38964E-04
       6       5       6  4.10380E-03  3.90832E-03  4.10380E-05  8.81264E-01  6.58607E+00  2.83698E+00  4.88290E+01 -5.01150E+00  4.86228E-01  1.15307E+04  2.54364E+04  1.06503E+04  1.81177E+03  3.60838E+03  9.80489E+02  1.44759E-04  3.19113E-03  5.72428E-04
       6       5       7  4.90261E-03  2.71856E-03  4.90261E-05  1.44221E+00  1.08916E+01  4.64378E+00  1.39387E+02 -1.55722E+01  1.06304E+01  3.07247E+04  4.14961E+04  2.93008E+04  1.54180E+03  5.27923E+03  8.07556E+02  2.49009E-04  2.23000E-03  2.39555E-04
       6       5       8  5.30898E-03  4.85735E-03  5.30898E-05  2.12606E+00  1.64705E+01  7.05009E+00  9.16447E+01 -1.00687E+01  7.72813E+00  1.35078E+04  2.80276E+04  1.43981E+04  1.94406E+03  3.07050E+03  5.14331E+02  3.81567E-04  4.04363E-03  4.32162E-04
       6       5       9  8.23880E-03  6.48366E-03  8.23880E-05  3.00314E+00  2.28701E+01  9.70139E+00  5.16104E+01 -5.96143E+00  2.71870E+00  4.97186E+03  1.35103E+04  5.70496E+03  1.10468E+03  2.66041E+03  4.32675E+02  1.67627E-04  5.41222E-03  9.03814E-04
       6       5      10  8.76002E-03  6.25917E-03  8.76002E-05  8.98117E+00  6.91562E+01  3.00996E+01  1.63725E+01  3.64340E+00  4.28231E+00  1.53062E+03  2.63199E+04  5.66272E+03  3.26031E+03  7.95159E+03  1.02545E+03  1.16541E-04  1.89547E-03  4.24716E-03
       6       6       1  3.93587E-03  4.09257E-03  3.93587E-05  7.73895E-02  5.81089E-01  7.85631E-02  9.74771E+01 -1.36374E+01 -6.19690E+00  4.27898E+04  1.63679E+04  2.44252E+04 -3.55245E+03 -2.68448E+02 -4.20365E+02  8.45775E-05  3.70439E-03  3.03603E-04
       6       6       2  1.24146E-03  1.23294E-03  1.24146E-05  1.97983E-01  1.48131E+00  2.01390E-01  1.05638E+02 -1.30631E+01 -1.18158E+01  3.60207E+04  3.61657E+04  2.21691E+04  2.05738E+02  8.94176E+02  5.14484E+02  6.27875E-05  1.10857E-03  6.15796E-05
       6       6       3  2.04766E-03  2.03326E-03  2.04766E-05  2.92359E-01  2.11767E+00  2.88422E-01  7.59914E+01 -1.13975E+01 -5.21634E+00  2.30775E+04  2.03300E+04  1.34336E+04 -2.90158E+02 -3.57114E+02 -5.04787E+02  5.25332E-05  1.79901E-03  1.81716E-04
       6       6       4  3.55802E-03  2.90269E-03  3.55802E-05  4.51706E-01  3.42307E+00  4.77690E-01  1.08070E+02 -1.31438E+01 -1.85497E+00  7.00476E+04  2.59142E+04  3.17937E+04 -5.86169E+03  4.47452E+02  2.42119E+02  1.63526E-04  2.63436E-03  1.04804E-04
       6       6       5  4.05871E-03  4.41089E-03  4.05871E-05  6.85932E-01  5.16802E+00  7.09007E-01  6.74095E+01 -7.85092E+00 -1.90049E+00  3.15607E+04  2.63203E+04  1.43004E+04 -5.50398E+02 -7.85575E+02 -4.36378E+02  3.48109E-04  3.86365E-03  1.99125E-04
       6       6       6  5.28684E-03  5.75643E-03  5.28684E-05  9.20257E-01  7.00243E+00  9.38590E-01  7.12539E+01 -8.60190E+00 -1.19765E+00  2.50471E+04  1.60458E+04  8.32900E+03 -1.13321E+03 -3.99263E+02  1.37284E+02  1.08563E-04  5.26349E-03  3.84375E-04
       6       6       7  7.22305E-03  5.34496E-03  7.22305E-05  1.54569E+00  1.17437E+01  1.64670E+00  2.22723E+02 -3.21344E+01  2.91674E+00  6.31365E+04  3.21253E+04  1.60910E+04 -4.07132E+03  7.53721E+02  9.16639E+01  2.35739E-04  4.88873E-03  2.20488E-04
       6       6       8  7.31685E-03  9.15114E-03  7.31685E-05  2.36712E+00  1.77384E+01  2.40487E+00  1.38358E+02 -2.27053E+01  3.51826E+00  2.57864E+04  2.89845E+04  7.99715E+03  1.59225E+02  6.56536E+02  1.56966E+02  4.46808E-04  8.28698E-03  4.17356E-04
       6       6       9  1.08698E-02  1.09521E-02  1.08698E-04  3.14425E+00  2.42986E+01  3.23955E+00  8.41870E+01 -1.17961E+01  4.51586E-01  1.12522E+04  2.01121E+04  3.46944E+03  1.20012E+03  7.50370E+02 -1.43895E+01  2.16364E-04  9.79013E-03  9.45624E-04
       6       6      10  1.58717E-02  2.04346E-02  1.58717E-04  9.71573E+00  7.44487E+01  1.00902E+01  4.46237E+01 -5.56272E+00 -1.51826E-01  3.63159E+03  2.93008E+04  1.06257E+03  3.40891E+03  1.05740E+03  8.57919E+01  1.14320E-04  1.52557E-02  5.06457E-03
