         152           4
       1  1.11872E-02  1.03952E-02 -4.96342E+01 -5.51457E+01  2.09680E+00  1.87747E+02  1.93500E+02  2.07980E+00  2.58242E-02  7.70000E-02  3.00000E-01 -4.17757E-02  0.00000E+00  3.00000E-01
       2  5.70130E-03  5.47041E-03 -7.90368E+01 -7.20331E+01  2.11870E+00  1.84326E+02  1.73297E+02  2.29780E+00  1.24075E-01  1.00600E-01  3.00000E-01 -1.00647E-02  0.00000E+00  3.00000E-01
       3  5.20937E-03  4.94904E-03 -7.29539E+01 -7.03214E+01  2.97040E+00  1.80525E+02  1.57694E+02  3.02370E+00  9.98993E-02  9.83000E-02  3.00000E-01 -1.16316E-02  0.00000E+00  3.00000E-01
       4  3.63803E-03  3.34574E-03 -5.19470E+01 -5.93916E+01  2.64100E+00  1.83541E+02  1.79503E+02  2.60000E+00  1.34629E-02  8.30000E-02  3.00000E-01 -1.95664E-02  0.00000E+00  3.00000E-01
       5  6.40447E-03  5.97894E-03 -3.90135E+01 -4.29252E+01  2.62700E+00  1.81897E+02  2.03949E+02  2.49860E+00  3.75756E-03  6.00000E-02  3.00000E-01 -3.54550E-02  0.00000E+00  3.00000E-01
       6  1.84434E-03  1.93630E-03 -8.51707E+01 -7.66923E+01  4.18970E+00  1.58523E+02  1.53159E+02  4.23960E+00  1.88821E-01  1.07200E-01  3.00000E-01  5.34267E-02  0.00000E+00  3.00000E-01
       7  3.70911E-03  3.72587E-03 -6.51103E+01 -6.08558E+01  2.81680E+00  1.67619E+02  1.54194E+02  3.00380E+00  7.72331E-02  8.50000E-02  3.00000E-01  1.26195E-03  0.00000E+00  3.00000E-01
       8  3.71651E-03  3.36460E-03 -3.36042E+01 -4.55340E+01  2.66940E+00  1.72735E+02  1.84950E+02  2.80100E+00 -2.19710E-02  6.36000E-02  3.00000E-01  1.26448E-02  0.00000E+00  3.00000E-01
       9  2.51829E-03  2.71513E-03 -7.45209E+01 -7.37064E+01  3.32630E+00  1.46635E+02  1.33986E+02  3.59880E+00  1.64444E-01  1.03000E-01  3.00000E-01  3.84885E-02  0.00000E+00  3.00000E-01
      10  3.56234E-03  3.45686E-03 -5.33377E+01 -5.00778E+01  3.24950E+00  1.65932E+02  1.67266E+02  3.32320E+00  4.55793E-02  7.00000E-02  3.00000E-01  1.27256E-02  0.00000E+00  3.00000E-01
      11  1.37642E-03  1.49147E-03 -8.12594E+01 -8.66754E+01  3.87500E+00  1.45447E+02  1.46387E+02  5.24270E+00  1.97454E-01  1.21100E-01  3.00000E-01  6.84488E-02  0.00000E+00  3.00000E-01
      12  1.30222E-02  1.21458E-02 -1.57518E+01 -2.61590E+01  1.95760E+00  1.66490E+02  2.01454E+02  1.89660E+00 -1.13362E-02  3.65000E-02  3.00000E-01  3.48859E-03  0.00000E+00  3.00000E-01
      13  5.08673E-03  4.64153E-03 -2.58269E+01 -3.72943E+01  2.53240E+00  1.66980E+02  1.78601E+02  2.62510E+00 -1.42657E-02  5.21000E-02  3.00000E-01  2.55554E-02  0.00000E+00  3.00000E-01
      14  1.06445E-02  1.04370E-02 -2.48820E+01 -3.44990E+01  2.01780E+00  1.78629E+02  2.09083E+02  2.43910E+00  2.47287E-03  4.82000E-02  3.00000E-01 -5.23482E-02  0.00000E+00  3.00000E-01
      15  1.28514E-02  1.28561E-02 -1.16061E+01 -1.63027E+01  2.61890E+00  1.73577E+02  2.13903E+02  2.26050E+00  2.18122E-03  2.28000E-02  3.00000E-01 -4.71844E-02  0.00000E+00  3.00000E-01
      16  2.63649E-03  2.62776E-03 -3.87813E+01 -3.87077E+01  4.33610E+00  1.40257E+02  1.50981E+02  4.82940E+00  3.89287E-02  5.41000E-02  3.00000E-01  2.04663E-02  0.00000E+00  3.00000E-01
      17  9.87356E-03  9.09766E-03 -5.05530E+01 -6.05436E+01  3.43570E+00  1.48056E+02  1.25864E+02  3.59830E+00  4.48836E-02  8.46000E-02  3.00000E-01 -8.96298E-03  0.00000E+00  3.00000E-01
      18  1.53564E-03  1.43874E-03 -1.99094E+01 -1.97254E+01  4.73350E+00  1.65353E+02  1.58949E+02  4.61790E+00  1.81169E-02  2.76000E-02  3.00000E-01 -7.67702E-03  0.00000E+00  3.00000E-01
      19  4.11107E-03  3.77523E-03 -1.93419E+00  4.25290E+00  2.76540E+00  1.66602E+02  1.68387E+02  2.73010E+00  2.13875E-04 -5.90000E-03  3.00000E-01  2.58875E-02  0.00000E+00  3.00000E-01
      20  4.09600E-03  4.02420E-03 -2.12051E+01 -1.64615E+01  3.52970E+00  1.38380E+02  1.43857E+02  3.54450E+00  3.58921E-02  2.30000E-02  3.00000E-01  8.82333E-03  0.00000E+00  3.00000E-01
      21  3.88766E-03  3.45762E-03 -1.42828E+00  3.07820E+00  3.50300E+00  1.59844E+02  1.78698E+02  3.01190E+00  1.44638E-02 -4.30000E-03  3.00000E-01  5.67613E-02  0.00000E+00  3.00000E-01
      22  1.02351E-02  9.94866E-03 -1.45277E+00  7.42610E+00  2.47200E+00  1.67498E+02  2.04616E+02  2.28450E+00  1.07413E-02 -1.04000E-02  3.00000E-01 -2.32834E-02  0.00000E+00  3.00000E-01
      23  2.09485E-03  2.10502E-03  2.73108E-01  6.42000E-02  3.23530E+00  1.55134E+02  1.46307E+02  3.75370E+00 -7.42673E-03 -1.00000E-04  3.00000E-01 -2.10255E-02  0.00000E+00  3.00000E-01
      24  7.16826E-03  7.09800E-03 -2.71500E+01 -4.05902E+01  1.00825E+01  1.34071E+02  1.11405E+02  1.00086E+01  2.65115E-02  5.67000E-02  3.00000E-01 -4.46738E-03  0.00000E+00  3.00000E-01
      25  7.36945E-03  6.70231E-03  9.17589E+00 -1.27600E-01  6.76040E+00  1.57439E+02  1.10589E+02  7.09400E+00  4.91786E-03  2.00000E-04  3.00000E-01 -3.99917E-02  0.00000E+00  3.00000E-01
      26  1.03624E-02  1.01589E-02 -5.89148E+01 -8.73687E+01  8.21170E+00  1.12831E+02  1.02161E+02  7.20870E+00  3.44493E-02  1.22100E-01  3.00000E-01  1.51423E-03  0.00000E+00  3.00000E-01
      27  3.33212E-03  3.11839E-03 -6.63215E+01 -8.97611E+01  4.07440E+00  1.39193E+02  1.22064E+02  4.59060E+00  7.74261E-02  1.25400E-01  3.00000E-01  3.30777E-02  0.00000E+00  3.00000E-01
      28  1.26100E-03  1.33877E-03 -8.74087E+01 -9.18239E+01  4.08350E+00  1.34796E+02  1.37606E+02  4.08200E+00  2.01090E-01  1.28300E-01  3.00000E-01  9.24792E-02  0.00000E+00  3.00000E-01
      29  1.56682E-03  1.75046E-03 -8.83130E+01 -8.53951E+01  3.61540E+00  1.48654E+02  1.51784E+02  3.88060E+00  2.31174E-01  1.19300E-01  3.00000E-01  8.02842E-02  0.00000E+00  3.00000E-01
      30  3.47699E-03  2.92120E-03 -7.65208E+01 -1.14358E+02  4.66580E+00  1.40664E+02  1.22178E+02  4.97350E+00  6.24642E-02  1.59800E-01  3.00000E-01  3.43653E-02  0.00000E+00  3.00000E-01
      31  1.92749E-03  2.06275E-03 -8.80565E+01 -8.14300E+01  3.54520E+00  1.61463E+02  1.60441E+02  3.61190E+00  2.05408E-01  1.13800E-01  3.00000E-01  4.93815E-02  0.00000E+00  3.00000E-01
      32  1.03445E-02  9.71296E-03 -1.06435E+02 -1.32051E+02  4.99940E+00  1.44331E+02  1.03527E+02  5.06440E+00  1.10437E-01  1.84500E-01  3.00000E-01 -1.82933E-02  0.00000E+00  3.00000E-01
      33  6.48277E-03  5.11201E-03 -1.12611E+02 -1.24535E+02  3.79810E+00  1.61851E+02  1.22670E+02  4.11950E+00  5.59164E-02  1.74000E-01  3.00000E-01 -1.61482E-02  0.00000E+00  3.00000E-01
      34  3.29359E-03  3.09354E-03 -8.24596E+01 -9.57580E+01  3.50070E+00  1.38312E+02  1.29370E+02  3.37900E+00  1.15809E-01  1.33800E-01  3.00000E-01  5.67008E-02  0.00000E+00  3.00000E-01
      35  1.26296E-02  1.15143E-02 -1.38251E+02 -1.52696E+02  3.72370E+00  1.38885E+02  9.98517E+01  3.80120E+00  9.35567E-02  2.13300E-01  3.00000E-01  1.87885E-02  0.00000E+00  3.00000E-01
      36  1.32579E-03  1.46262E-03 -8.75025E+01 -9.03990E+01  3.94300E+00  1.37969E+02  1.43693E+02  3.89150E+00  2.17271E-01  1.26300E-01  3.00000E-01  8.91763E-02  0.00000E+00  3.00000E-01
      37  1.30718E-02  1.45505E-02 -8.34293E+01 -1.61801E+02  6.01230E+00  9.13186E+01  8.50652E+01  6.60920E+00  1.31398E-01  2.26100E-01  3.00000E-01  5.09698E-02  0.00000E+00  3.00000E-01
      38  5.20918E-03  4.17874E-03 -9.71758E+01 -1.11794E+02  2.99430E+00  1.56419E+02  1.19721E+02  3.35420E+00  2.48802E-02  1.56200E-01  3.00000E-01  1.79524E-02  0.00000E+00  3.00000E-01
      39  2.72557E-03  2.97114E-03 -9.00117E+01 -9.52033E+01  3.35160E+00  1.37474E+02  1.44592E+02  3.36560E+00  2.22369E-01  1.33000E-01  3.00000E-01  1.00492E-01  0.00000E+00  3.00000E-01
      40  1.27365E-02  1.09133E-02 -2.17761E+01 -1.97637E+02  6.00790E+00  4.50089E+01  6.55906E+01  7.20350E+00 -1.25897E-01  2.76100E-01  3.00000E-01  1.91085E-01  0.00000E+00  3.00000E-01
      41  9.99181E-03  1.04420E-02 -9.70640E+01 -1.65616E+02  4.30430E+00  1.04307E+02  8.33342E+01  4.77530E+00  1.13570E-01  2.31400E-01  3.00000E-01  1.00358E-01  0.00000E+00  3.00000E-01
      42  6.42479E-03  5.59955E-03 -1.18343E+02 -1.25516E+02  3.53720E+00  1.46744E+02  1.04361E+02  3.94210E+00  1.15105E-01  1.75400E-01  3.00000E-01 -1.00453E-02  0.00000E+00  3.00000E-01
      43  1.35066E-02  1.61810E-02 -1.00669E+02 -2.00253E+02  4.68790E+00  8.41190E+01  7.05455E+01  6.39010E+00  1.70765E-01  2.79800E-01  3.00000E-01  7.46621E-02  0.00000E+00  3.00000E-01
      44  3.01335E-03  2.28922E-03 -8.71123E+01 -1.13573E+02  4.52250E+00  1.51243E+02  1.17822E+02  4.77830E+00  2.48718E-02  1.58700E-01  3.00000E-01  2.32649E-03  0.00000E+00  3.00000E-01
      45  1.25680E-03  1.34800E-03 -8.29788E+01 -9.20753E+01  3.96280E+00  1.38142E+02  1.46072E+02  3.57010E+00  2.05287E-01  1.28600E-01  3.00000E-01  7.72032E-02  0.00000E+00  3.00000E-01
      46  1.65095E-03  1.79671E-03 -8.66146E+01 -9.10898E+01  3.34400E+00  1.48556E+02  1.61695E+02  3.60620E+00  2.07733E-01  1.27300E-01  3.00000E-01  8.30743E-02  0.00000E+00  3.00000E-01
      47  3.33790E-03  3.03155E-03 -7.17781E+01 -9.81729E+01  3.58330E+00  1.38077E+02  1.21180E+02  4.10090E+00  7.58729E-02  1.37200E-01  3.00000E-01  3.40292E-02  0.00000E+00  3.00000E-01
      48  4.74556E-03  4.69092E-03 -7.94969E+01 -6.95816E+01  2.54100E+00  1.75351E+02  1.64613E+02  2.59370E+00  1.37161E-01  9.72000E-02  3.00000E-01  7.11207E-03  0.00000E+00  3.00000E-01
      49  1.23583E-03  1.33758E-03 -7.83697E+01 -8.82302E+01  3.46790E+00  1.41490E+02  1.57875E+02  3.15310E+00  1.87247E-01  1.23300E-01  3.00000E-01  6.53722E-02  0.00000E+00  3.00000E-01
      50  1.69448E-03  1.78322E-03 -7.99532E+01 -8.23289E+01  3.31840E+00  1.56806E+02  1.67328E+02  3.32990E+00  1.69853E-01  1.15000E-01  3.00000E-01  3.70890E-02  0.00000E+00  3.00000E-01
      51  8.72558E-03  9.13390E-03 -8.59142E+01 -1.07611E+02  5.32290E+00  1.24483E+02  9.51285E+01  5.75030E+00  7.89565E-02  1.50400E-01  3.00000E-01  6.77359E-03  0.00000E+00  3.00000E-01
      52  3.85081E-03  3.54252E-03 -6.35967E+01 -5.18417E+01  2.48570E+00  1.89816E+02  2.05582E+02  2.37090E+00  5.12244E-02  7.24000E-02  3.00000E-01 -3.01020E-02  0.00000E+00  3.00000E-01
      53  1.14797E-03  1.26436E-03 -7.23180E+01 -7.95708E+01  3.64480E+00  1.43160E+02  1.44946E+02  4.05920E+00  1.59614E-01  1.11200E-01  3.00000E-01  3.51517E-02  0.00000E+00  3.00000E-01
      54  2.58632E-03  2.35271E-03 -7.29507E+01 -9.13735E+01  3.94420E+00  1.47386E+02  1.18040E+02  3.70890E+00  6.17824E-02  1.27700E-01  3.00000E-01 -1.00794E-02  0.00000E+00  3.00000E-01
      55  1.60547E-03  1.70206E-03 -7.15641E+01 -7.26749E+01  2.99110E+00  1.59048E+02  1.64762E+02  3.44310E+00  1.27735E-01  1.01500E-01  3.00000E-01  1.81014E-02  0.00000E+00  3.00000E-01
      56  2.41046E-03  2.29976E-03 -6.23846E+01 -6.05916E+01  2.90940E+00  1.81444E+02  1.76118E+02  3.11640E+00  6.16756E-02  8.47000E-02  3.00000E-01 -1.88707E-02  0.00000E+00  3.00000E-01
      57  3.95646E-03  3.61893E-03 -4.54682E+01 -3.90104E+01  2.31750E+00  1.86186E+02  2.06014E+02  2.31160E+00 -2.20207E-03  5.45000E-02  3.00000E-01 -2.22196E-02  0.00000E+00  3.00000E-01
      58  7.33416E-03  6.91821E-03 -2.49963E+01 -3.44129E+01  2.42660E+00  1.77626E+02  2.06800E+02  2.04820E+00 -1.67011E-02  4.81000E-02  3.00000E-01 -2.75342E-02  0.00000E+00  3.00000E-01
      59  5.40770E-03  4.75655E-03 -5.99519E+01 -7.06768E+01  3.54790E+00  1.49813E+02  1.21332E+02  3.99690E+00  3.24434E-02  9.87000E-02  3.00000E-01 -2.22891E-02  0.00000E+00  3.00000E-01
      60  1.00899E-03  1.02034E-03 -6.19958E+01 -6.58570E+01  4.59500E+00  1.42513E+02  1.38512E+02  5.63270E+00  1.15834E-01  9.20000E-02  3.00000E-01  1.75432E-02  0.00000E+00  3.00000E-01
      61  1.40311E-03  1.44514E-03 -6.34859E+01 -5.91339E+01  3.37190E+00  1.55719E+02  1.71291E+02  3.71740E+00  8.60744E-02  8.26000E-02  3.00000E-01  1.95286E-02  0.00000E+00  3.00000E-01
      62  2.08762E-03  2.00469E-03 -4.93980E+01 -4.92578E+01  3.20750E+00  1.74127E+02  1.70370E+02  3.17090E+00  2.64663E-02  6.88000E-02  3.00000E-01 -7.29853E-03  0.00000E+00  3.00000E-01
      63  1.29262E-02  1.28628E-02 -1.15953E+01 -1.66150E+01  2.31170E+00  1.74735E+02  2.14012E+02  2.27080E+00 -3.03864E-03  2.32000E-02  3.00000E-01 -5.03940E-02  0.00000E+00  3.00000E-01
      64  3.36190E-03  3.03050E-03 -2.97809E+01 -3.48226E+01  3.01100E+00  1.75188E+02  1.92501E+02  3.20530E+00 -2.59830E-02  4.87000E-02  3.00000E-01  1.06010E-02  0.00000E+00  3.00000E-01
      65  3.24146E-03  3.21930E-03 -4.75193E+01 -4.67406E+01  4.32920E+00  1.38328E+02  1.29943E+02  4.18700E+00  5.86197E-02  6.53000E-02  3.00000E-01  1.49861E-02  0.00000E+00  3.00000E-01
      66  1.62288E-02  1.55200E-02 -2.41112E+00 -9.71960E+00  1.98640E+00  1.67966E+02  2.04650E+02  1.82760E+00 -1.57831E-02  1.36000E-02  3.00000E-01 -1.15818E-02  0.00000E+00  3.00000E-01
      67  2.91442E-02  2.94015E-02  4.93175E+00  1.97364E+01  1.65850E+00  1.74582E+02  2.10271E+02  1.68840E+00  1.81923E-03 -2.76000E-02  3.00000E-01 -5.41571E-02  0.00000E+00  3.00000E-01
      68  1.28766E-02  1.26515E-02 -4.79395E+01 -5.53930E+01  7.43740E+00  1.09308E+02  9.90821E+01  6.39610E+00  4.28114E-02  7.74000E-02  3.00000E-01  1.16815E-02  0.00000E+00  3.00000E-01
      69  1.64507E-03  1.59732E-03 -3.80842E+01 -3.85227E+01  2.88670E+00  1.65906E+02  1.74375E+02  3.53670E+00  2.72155E-02  5.38000E-02  3.00000E-01  2.90378E-03  0.00000E+00  3.00000E-01
      70  6.08167E-03  5.53394E-03  1.18640E+01  1.72862E+01  3.27700E+00  1.33316E+02  1.21636E+02  3.75850E+00 -5.94243E-03 -2.42000E-02  3.00000E-01  3.92203E-02  0.00000E+00  3.00000E-01
      71  2.47359E-03  2.25190E-03 -1.70304E+01 -1.98976E+01  3.89570E+00  1.69244E+02  1.70702E+02  3.88190E+00 -1.78910E-02  2.78000E-02  3.00000E-01  1.90138E-02  0.00000E+00  3.00000E-01
      72  9.35559E-03  8.62509E-03  1.69953E+01  2.54342E+01  2.23560E+00  1.71179E+02  1.98916E+02  2.20800E+00  2.96300E-02 -3.55000E-02  3.00000E-01  8.57668E-03  0.00000E+00  3.00000E-01
      73  4.11866E-03  3.81869E-03  2.62597E+01  3.19210E+01  2.31940E+00  1.68834E+02  1.72709E+02  2.61440E+00  3.16646E-03 -4.46000E-02  3.00000E-01  1.39860E-02  0.00000E+00  3.00000E-01
      74  3.88766E-03  3.48101E-03 -6.50321E-02 -3.07820E+00  3.50300E+00  1.60057E+02  1.78698E+02  3.01190E+00 -1.59201E-02  4.30000E-03  3.00000E-01  4.79533E-02  0.00000E+00  3.00000E-01
      75  5.42531E-03  5.03244E-03 -4.52265E+01 -3.44652E+01  5.16830E+00  1.52265E+02  1.07433E+02  5.64620E+00  2.35235E-02  4.82000E-02  3.00000E-01 -2.81414E-02  0.00000E+00  3.00000E-01
      76  1.28514E-02  1.27978E-02  1.11883E+01  1.63027E+01  2.61890E+00  1.73413E+02  2.13903E+02  2.26050E+00 -2.26487E-03 -2.28000E-02  3.00000E-01 -4.75649E-02  0.00000E+00  3.00000E-01
      77  1.33877E-02  1.31762E-02 -3.62761E+01 -1.55468E+02  5.77590E+00  5.83422E+01  6.82334E+01  7.73900E+00 -1.53277E-01  2.17200E-01  3.00000E-01  1.00355E-01  0.00000E+00  3.00000E-01
      78  9.13856E-03  6.22699E-03 -2.15596E+01 -2.14718E+02  6.11990E+00  2.94421E+01  5.66170E+01  9.13570E+00  2.08044E-02  3.00000E-01  3.00000E-01  1.82415E-02  0.00000E+00  3.00000E-01
      79  1.46669E-03  1.47453E-03 -3.02979E+01 -2.66730E+01  4.69660E+00  1.36055E+02  1.32862E+02  5.12060E+00  4.29207E-02  3.73000E-02  3.00000E-01  2.11511E-02  0.00000E+00  3.00000E-01
      80  1.23028E-03  1.22454E-03 -2.00780E+01 -2.19635E+01  3.75400E+00  1.58048E+02  1.45756E+02  4.26770E+00  3.10237E-02  3.07000E-02  3.00000E-01 -1.15747E-03  0.00000E+00  3.00000E-01
      81  2.16485E-03  2.16712E-03 -1.41395E+01 -1.50469E+01  4.04570E+00  1.37862E+02  1.28562E+02  4.76240E+00  3.32378E-02  2.10000E-02  3.00000E-01  6.24420E-03  0.00000E+00  3.00000E-01
      82  1.71572E-03  1.60854E-03 -6.56382E+00 -1.69529E+01  4.11020E+00  1.65271E+02  1.64466E+02  4.08680E+00 -3.73549E-04  2.37000E-02  3.00000E-01  5.92428E-03  0.00000E+00  3.00000E-01
      83  5.87670E-03  5.46702E-03  1.00582E+01  2.36044E+01  2.54170E+00  1.60488E+02  2.01731E+02  2.35250E+00  6.22645E-03 -3.30000E-02  3.00000E-01  2.34387E-02  0.00000E+00  3.00000E-01
      84  2.39535E-03  2.14933E-03  1.00616E+01  6.25090E+00  3.73800E+00  1.65829E+02  1.71546E+02  3.66870E+00 -1.45686E-03 -8.70000E-03  3.00000E-01  2.98797E-02  0.00000E+00  3.00000E-01
      85  4.75211E-03  4.21633E-03 -1.47991E+01 -1.49436E+01  5.71080E+00  1.61239E+02  1.03941E+02  6.87710E+00  1.16621E-04  2.09000E-02  3.00000E-01 -3.15862E-02  0.00000E+00  3.00000E-01
      86  1.18661E-03  1.17317E-03  4.98405E+00  5.89020E+00  3.99590E+00  1.60121E+02  1.53860E+02  4.59740E+00 -3.42631E-04 -8.20000E-03  3.00000E-01 -1.47770E-02  0.00000E+00  3.00000E-01
      87  1.35500E-02  1.27417E-02  2.96893E+01  3.74109E+01  1.99580E+00  1.76105E+02  2.02812E+02  1.97070E+00  7.17533E-03 -5.23000E-02  3.00000E-01 -1.80786E-02  0.00000E+00  3.00000E-01
      88  3.18483E-03  2.86542E-03  2.01097E+01  3.76838E+01  3.34130E+00  1.64128E+02  1.85456E+02  3.54960E+00  2.05665E-02 -5.27000E-02  3.00000E-01  4.12371E-02  0.00000E+00  3.00000E-01
      89  1.06445E-02  1.03910E-02  2.52895E+01  3.44990E+01  2.01780E+00  1.78535E+02  2.09083E+02  2.43910E+00 -3.60548E-03 -4.82000E-02  3.00000E-01 -5.17212E-02  0.00000E+00  3.00000E-01
      90  1.53564E-03  1.47491E-03  2.03330E+01  1.97254E+01  4.73350E+00  1.64453E+02  1.58949E+02  4.61790E+00 -1.81016E-02 -2.76000E-02  3.00000E-01 -1.53535E-03  0.00000E+00  3.00000E-01
      91  7.33416E-03  6.96457E-03  2.53431E+01  3.44129E+01  2.42660E+00  1.79402E+02  2.06800E+02  2.04820E+00  1.16315E-02 -4.81000E-02  3.00000E-01 -3.12970E-02  0.00000E+00  3.00000E-01
      92  1.52209E-03  1.54232E-03  7.35460E+00 -1.66190E+00  4.87370E+00  1.41621E+02  1.34958E+02  5.21500E+00 -1.01548E-02  2.30000E-03  3.00000E-01 -1.32517E-02  0.00000E+00  3.00000E-01
      93  3.71651E-03  3.36532E-03  3.55508E+01  4.55340E+01  2.66940E+00  1.75365E+02  1.84950E+02  2.80100E+00  2.05015E-02 -6.36000E-02  3.00000E-01  3.60145E-03  0.00000E+00  3.00000E-01
      94  1.90190E-03  1.77238E-03  3.36227E+01  3.67685E+01  3.88200E+00  1.67558E+02  1.70325E+02  3.90010E+00 -3.19158E-03 -5.14000E-02  3.00000E-01  1.04337E-02  0.00000E+00  3.00000E-01
      95  3.04395E-03  2.74158E-03  1.07362E+01  4.09800E+00  6.29160E+00  1.35178E+02  1.28315E+02  5.83360E+00 -1.14219E-02 -5.70000E-03  3.00000E-01  3.61125E-02  0.00000E+00  3.00000E-01
      96  1.03871E-02  9.66461E-03  5.05393E+01  4.96517E+01  1.89490E+00  1.86849E+02  2.04868E+02  1.86230E+00 -2.90782E-02 -6.94000E-02  3.00000E-01 -4.02826E-02  0.00000E+00  3.00000E-01
      97  1.03463E-03  1.05519E-03  2.76249E+01  2.43638E+01  5.29040E+00  1.46528E+02  1.54438E+02  5.63680E+00 -5.23258E-02 -3.40000E-02  3.00000E-01  8.86500E-03  0.00000E+00  3.00000E-01
      98  1.23028E-03  1.21130E-03  2.10744E+01  2.19635E+01  3.75400E+00  1.54502E+02  1.45756E+02  4.26770E+00 -3.27100E-02 -3.07000E-02  3.00000E-01 -7.77489E-05  0.00000E+00  3.00000E-01
      99  3.95646E-03  3.60747E-03  4.54113E+01  3.90104E+01  2.31750E+00  1.85569E+02  2.06014E+02  2.31160E+00  3.02711E-05 -5.45000E-02  3.00000E-01 -2.26544E-02  0.00000E+00  3.00000E-01
     100  3.63803E-03  3.32473E-03  5.29171E+01  5.93916E+01  2.64100E+00  1.85641E+02  1.79503E+02  2.60000E+00 -1.09441E-02 -8.30000E-02  3.00000E-01 -1.93704E-02  0.00000E+00  3.00000E-01
     101  4.40999E-03  4.21358E-03  5.67004E+01  5.56762E+01  3.02470E+00  1.74668E+02  1.67626E+02  3.00050E+00 -3.92239E-02 -7.78000E-02  3.00000E-01 -7.95221E-03  0.00000E+00  3.00000E-01
     102  4.65093E-03  4.28104E-03  5.97417E+01  6.41298E+01  3.00430E+00  1.89973E+02  1.84157E+02  2.87750E+00 -4.26459E-02 -8.96000E-02  3.00000E-01 -3.82765E-02  0.00000E+00  3.00000E-01
     103  1.23156E-03  1.25541E-03  4.48968E+01  3.85853E+01  5.73760E+00  1.49656E+02  1.61140E+02  6.70480E+00 -5.50629E-02 -5.39000E-02  3.00000E-01  1.61172E-02  0.00000E+00  3.00000E-01
     104  9.85493E-03  9.46665E-03  9.19694E+00  2.30641E+01  9.59970E+00  1.31281E+02  1.07645E+02  9.74700E+00 -3.74385E-02 -3.22000E-02  3.00000E-01 -2.60174E-03  0.00000E+00  3.00000E-01
     105  2.76917E-03  2.77751E-03  3.72650E+01  3.67031E+01  5.26070E+00  1.33856E+02  1.39582E+02  5.24910E+00 -4.78624E-02 -5.13000E-02  3.00000E-01  2.39938E-02  0.00000E+00  3.00000E-01
     106  2.08762E-03  1.99335E-03  4.79375E+01  4.92578E+01  3.20750E+00  1.74942E+02  1.70370E+02  3.17090E+00 -2.67995E-02 -6.88000E-02  3.00000E-01 -9.34941E-03  0.00000E+00  3.00000E-01
     107  1.39072E-03  1.40937E-03  5.57054E+01  4.86514E+01  5.14740E+00  1.53807E+02  1.61512E+02  5.38590E+00 -7.77534E-02 -6.80000E-02  3.00000E-01  1.32648E-02  0.00000E+00  3.00000E-01
     108  5.58888E-03  5.32600E-03  7.57081E+01  7.60691E+01  2.84590E+00  1.82857E+02  1.68728E+02  3.07360E+00 -1.16865E-01 -1.06300E-01  3.00000E-01 -1.44061E-02  0.00000E+00  3.00000E-01
     109  1.59959E-03  1.61385E-03  3.61958E+01  3.12237E+01  4.52500E+00  1.37865E+02  1.28783E+02  4.74540E+00 -5.30788E-02 -4.36000E-02  3.00000E-01  1.03321E-02  0.00000E+00  3.00000E-01
     110  2.41046E-03  2.31977E-03  6.46300E+01  6.05916E+01  2.90940E+00  1.79435E+02  1.76118E+02  3.11640E+00 -5.85653E-02 -8.47000E-02  3.00000E-01 -1.11123E-02  0.00000E+00  3.00000E-01
     111  3.22140E-03  3.01151E-03  7.47896E+01  6.87448E+01  2.57530E+00  1.88331E+02  1.75875E+02  2.77020E+00 -1.04234E-01 -9.60000E-02  3.00000E-01 -2.31995E-02  0.00000E+00  3.00000E-01
     112  2.65505E-03  2.65503E-03  5.09618E+01  5.27820E+01  4.76920E+00  1.40693E+02  1.32920E+02  4.55460E+00 -6.64853E-02 -7.37000E-02  3.00000E-01  1.36328E-02  0.00000E+00  3.00000E-01
     113  2.47299E-03  2.41455E-03  7.46425E+01  6.44952E+01  3.38250E+00  1.81860E+02  1.68797E+02  3.75640E+00 -1.09232E-01 -9.01000E-02  3.00000E-01 -4.10461E-03  0.00000E+00  3.00000E-01
     114  1.47074E-03  1.54579E-03  6.72656E+01  6.09376E+01  3.68380E+00  1.56261E+02  1.44153E+02  4.23210E+00 -1.06593E-01 -8.51000E-02  3.00000E-01  1.45076E-02  0.00000E+00  3.00000E-01
     115  2.41210E-03  2.49547E-03  6.32677E+01  6.14871E+01  2.71850E+00  1.51205E+02  1.61346E+02  3.10260E+00 -1.00171E-01 -8.59000E-02  3.00000E-01  1.26634E-02  0.00000E+00  3.00000E-01
     116  4.85924E-03  4.73005E-03  4.54692E+01  2.17985E+01  7.38860E+00  1.51524E+02  1.05102E+02  7.90260E+00 -3.36686E-02 -3.05000E-02  3.00000E-01 -3.73641E-02  0.00000E+00  3.00000E-01
     117  2.10040E-03  2.07536E-03  7.61982E+01  6.88558E+01  4.02080E+00  1.70073E+02  1.48397E+02  3.99660E+00 -1.21090E-01 -9.62000E-02  3.00000E-01  1.29335E-02  0.00000E+00  3.00000E-01
     118  2.68487E-03  2.72376E-03  5.77001E+01  5.92784E+01  5.08820E+00  1.42184E+02  1.31205E+02  5.16520E+00 -9.36129E-02 -8.28000E-02  3.00000E-01  1.84536E-02  0.00000E+00  3.00000E-01
     119  1.60547E-03  1.70185E-03  7.31974E+01  7.26749E+01  2.99110E+00  1.58526E+02  1.64762E+02  3.44310E+00 -1.28363E-01 -1.01500E-01  3.00000E-01  2.21497E-02  0.00000E+00  3.00000E-01
     120  8.03854E-03  7.47749E-03  5.00644E+01  5.09015E+01  5.64670E+00  1.57582E+02  1.16348E+02  5.83170E+00 -3.32811E-02 -7.11000E-02  3.00000E-01 -4.87607E-02  0.00000E+00  3.00000E-01
     121  2.27257E-03  2.27599E-03  8.45111E+01  7.61701E+01  3.84970E+00  1.71671E+02  1.60800E+02  3.58570E+00 -1.59710E-01 -1.06400E-01  3.00000E-01  2.13866E-02  0.00000E+00  3.00000E-01
     122  2.83506E-03  3.07078E-03  8.13392E+01  8.27018E+01  3.09000E+00  1.48851E+02  1.44534E+02  3.77070E+00 -1.85901E-01 -1.15500E-01  3.00000E-01  5.27021E-02  0.00000E+00  3.00000E-01
     123  3.41115E-03  3.66603E-03  8.67770E+01  8.16806E+01  2.73720E+00  1.52336E+02  1.52411E+02  2.86250E+00 -2.04948E-01 -1.14100E-01  3.00000E-01  6.66101E-02  0.00000E+00  3.00000E-01
     124  2.93032E-03  3.16121E-03  7.88905E+01  8.51497E+01  2.39760E+00  1.50346E+02  1.62344E+02  2.28950E+00 -1.78863E-01 -1.19000E-01  3.00000E-01  5.18571E-02  0.00000E+00  3.00000E-01
     125  1.92749E-03  2.06564E-03  8.81815E+01  8.14300E+01  3.54520E+00  1.60949E+02  1.60441E+02  3.61190E+00 -2.08627E-01 -1.13800E-01  3.00000E-01  5.53188E-02  0.00000E+00  3.00000E-01
     126  1.65095E-03  1.79286E-03  8.73894E+01  9.10898E+01  3.34400E+00  1.49732E+02  1.61695E+02  3.60620E+00 -2.22897E-01 -1.27300E-01  3.00000E-01  7.55559E-02  0.00000E+00  3.00000E-01
     127  1.05965E-03  1.12341E-03  7.08734E+01  7.22056E+01  4.37510E+00  1.42323E+02  1.27268E+02  4.80780E+00 -1.51849E-01 -1.00900E-01  3.00000E-01  3.50495E-02  0.00000E+00  3.00000E-01
     128  1.14797E-03  1.23740E-03  7.15637E+01  7.95708E+01  3.64480E+00  1.45369E+02  1.44946E+02  4.05920E+00 -1.63227E-01 -1.11200E-01  3.00000E-01  3.52100E-02  0.00000E+00  3.00000E-01
     129  4.85228E-03  4.23966E-03  6.75908E+01  8.53516E+01  4.42960E+00  1.51054E+02  1.15338E+02  5.08700E+00 -4.06293E-02 -1.19300E-01  3.00000E-01 -1.45188E-02  0.00000E+00  3.00000E-01
     130  3.67954E-03  3.25185E-03  4.69121E+01  5.04692E+01  5.06090E+00  1.45400E+02  1.17951E+02  5.57950E+00 -1.44354E-02 -7.05000E-02  3.00000E-01 -7.93408E-03  0.00000E+00  3.00000E-01
     131  2.72557E-03  2.93379E-03  8.94485E+01  9.52033E+01  3.35160E+00  1.39851E+02  1.44592E+02  3.36560E+00 -2.17181E-01 -1.33000E-01  3.00000E-01  9.52958E-02  0.00000E+00  3.00000E-01
     132  2.89686E-03  2.78009E-03  7.09007E+01  9.59976E+01  4.33880E+00  1.37600E+02  1.25222E+02  4.68940E+00 -1.13835E-01 -1.34100E-01  3.00000E-01  4.21884E-02  0.00000E+00  3.00000E-01
     133  6.10500E-03  5.78348E-03  8.58232E+01  8.64738E+01  4.31310E+00  1.50858E+02  1.08404E+02  4.79760E+00 -7.94326E-02 -1.20800E-01  3.00000E-01 -4.89458E-02  0.00000E+00  3.00000E-01
     134  1.26100E-03  1.34951E-03  8.41153E+01  9.18239E+01  4.08350E+00  1.37683E+02  1.37606E+02  4.08200E+00 -1.96959E-01 -1.28300E-01  3.00000E-01  8.18909E-02  0.00000E+00  3.00000E-01
     135  1.12874E-02  1.13403E-02  6.60092E+01  9.52826E+01  8.11970E+00  1.18960E+02  1.02093E+02  6.80250E+00 -4.02584E-02 -1.33100E-01  3.00000E-01 -7.25700E-03  0.00000E+00  3.00000E-01
     136  1.25680E-03  1.34056E-03  8.17938E+01  9.20753E+01  3.96280E+00  1.38504E+02  1.46072E+02  3.57010E+00 -2.08082E-01 -1.28600E-01  3.00000E-01  7.62991E-02  0.00000E+00  3.00000E-01
     137  2.45765E-03  2.56391E-03  8.73145E+01  9.12632E+01  3.29800E+00  1.37145E+02  1.39211E+02  3.28030E+00 -1.79175E-01 -1.27500E-01  3.00000E-01  7.96581E-02  0.00000E+00  3.00000E-01
     138  3.20993E-03  3.12674E-03  6.37579E+01  8.24222E+01  3.56590E+00  1.38075E+02  1.26230E+02  3.92700E+00 -8.41369E-02 -1.15200E-01  3.00000E-01  2.35436E-02  0.00000E+00  3.00000E-01
     139  3.14311E-03  2.60092E-03  7.40941E+01  9.89743E+01  3.80460E+00  1.50113E+02  1.11957E+02  3.76270E+00 -2.85839E-02 -1.38300E-01  3.00000E-01 -1.82650E-02  0.00000E+00  3.00000E-01
     140  2.16173E-03  2.01652E-03  8.20847E+01  9.70276E+01  4.30390E+00  1.37573E+02  1.29884E+02  4.05950E+00 -1.05605E-01 -1.35600E-01  3.00000E-01  6.40771E-02  0.00000E+00  3.00000E-01
     141  2.81751E-03  2.44830E-03  7.43980E+01  1.05362E+02  4.43740E+00  1.38911E+02  1.25949E+02  4.98880E+00 -7.13678E-02 -1.47200E-01  3.00000E-01  4.52826E-02  0.00000E+00  3.00000E-01
     142  7.38167E-03  6.27340E-03  1.00775E+02  1.30449E+02  4.55590E+00  1.50136E+02  1.11069E+02  4.77790E+00 -7.91774E-02 -1.82300E-01  3.00000E-01 -2.46412E-02  0.00000E+00  3.00000E-01
     143  4.25213E-03  3.49399E-03  1.02065E+02  1.22448E+02  4.22050E+00  1.56449E+02  1.22967E+02  4.61680E+00 -5.17018E-02 -1.71100E-01  3.00000E-01 -6.73285E-03  0.00000E+00  3.00000E-01
     144  1.36557E-02  1.44807E-02  5.45744E+01  1.42943E+02  7.38560E+00  7.93929E+01  8.77775E+01  7.51160E+00  5.19772E-02 -1.99700E-01  3.00000E-01 -9.70963E-03  0.00000E+00  3.00000E-01
     145  9.71084E-04  8.05508E-04  7.95524E+01  1.05273E+02  4.89950E+00  1.42278E+02  1.22078E+02  5.21350E+00 -1.87350E-02 -1.47100E-01  3.00000E-01  3.91243E-02  0.00000E+00  3.00000E-01
     146  5.73162E-03  4.75681E-03  1.10459E+02  1.17864E+02  3.54300E+00  1.49689E+02  1.11039E+02  3.97860E+00 -9.68485E-02 -1.64700E-01  3.00000E-01 -1.57194E-02  0.00000E+00  3.00000E-01
     147  2.53145E-03  1.94588E-03  1.06110E+02  1.16630E+02  4.58890E+00  1.59801E+02  1.15629E+02  5.27200E+00 -1.25386E-02 -1.63000E-01  3.00000E-01  9.47116E-04  0.00000E+00  3.00000E-01
     148  7.57355E-03  6.51992E-03  1.40701E+02  1.38060E+02  4.37150E+00  1.51536E+02  1.11025E+02  4.52190E+00 -1.02505E-01 -1.92900E-01  3.00000E-01 -1.03883E-02  0.00000E+00  3.00000E-01
     149  1.86381E-02  2.02974E-02  8.50906E+01  1.84203E+02  4.12540E+00  1.00828E+02  8.31491E+01  4.92460E+00 -7.20372E-02 -2.57400E-01  3.00000E-01  2.37848E-02  0.00000E+00  3.00000E-01
     150  1.36023E-02  1.27247E-02  1.22541E+02  1.49848E+02  3.14210E+00  1.35795E+02  9.61340E+01  3.36050E+00 -8.89180E-02 -2.09400E-01  3.00000E-01  3.61272E-02  0.00000E+00  3.00000E-01
     151  1.70417E-02  1.81898E-02  7.49525E+01  1.40762E+02  4.94690E+00  9.41740E+01  8.62257E+01  5.18530E+00 -8.99652E-02 -1.96700E-01  3.00000E-01  2.14622E-02  0.00000E+00  3.00000E-01
     152  2.83714E-02  2.52493E-02  5.56762E+01  2.05386E+02  3.59980E+00  8.95511E+01  6.31672E+01  4.93640E+00  9.34237E-02 -2.87000E-01  3.00000E-01  2.60185E-02  0.00000E+00  3.00000E-01
