 smom1,sph1,sth1,slr1
          16           6           6          10
 phi boundaries
  0.00000E+00  2.61799E-01  5.23599E-01  7.85398E-01  1.04720E+00  1.30900E+00  1.57080E+00
 theta boundaries
  0.00000E+00  2.61799E-01  5.23599E-01  7.85398E-01  1.04720E+00  1.30900E+00  1.57080E+00
 radius boundaries in arcsec
  0.00000E+00  1.19639E+00  1.80726E+00  2.73003E+00  4.12397E+00  6.22963E+00  9.41044E+00  1.42153E+01  2.14736E+01  3.24379E+01  9.80009E+03
                                                                              phi,theta,r,mgemass,fitmass,errmass,x,y,z 
                                           (in arcsec),vx,vy,vz,xv2,vy2,vz2,vxvy,vyvz,vzvx,orbit long, orbit short,boxes
       1       1       1  4.16076E-04  4.33929E-04  4.16076E-06  9.70386E-02  1.34755E-02  5.33965E-01  1.92480E+00  3.03017E+01 -1.69095E+00  3.25165E+04  1.75669E+04  5.80450E+04  1.08278E+03  9.20756E+02  1.05520E+04  8.02810E-05  5.85673E-08  3.53589E-04
       1       1       2  1.18469E-04  8.44454E-05  1.18469E-06  2.49220E-01  3.58124E-02  1.46571E+00 -5.30316E-01  1.46736E+02  4.42988E+00  3.12432E+04  4.80097E+04  4.94189E+04  1.34099E+03  2.26182E+03  5.08158E+03  5.56505E-05  0.00000E+00  2.87949E-05
       1       1       3  2.04362E-04  1.34431E-04  2.04362E-06  3.78632E-01  6.10981E-02  2.17955E+00  5.79267E+00  4.49403E+01 -2.09856E+01  3.66980E+04  2.38314E+04  4.77568E+04  4.73806E+03 -8.32114E+02  8.21104E+03  5.76832E-05  0.00000E+00  7.67475E-05
       1       1       4  2.87990E-04  1.86770E-04  2.87990E-06  5.41615E-01  7.63344E-02  3.51791E+00  2.49947E+00  4.16499E+01 -1.14768E+01  4.19508E+04  4.91129E+04  3.70968E+04  3.31078E+03 -1.25466E+03  5.87713E+03  1.26676E-04  0.00000E+00  6.00938E-05
       1       1       5  2.63849E-04  3.24259E-04  2.63849E-06  8.31085E-01  1.16898E-01  5.22110E+00 -9.91254E-01  3.09036E+01 -5.89958E+00  1.10964E+04  2.27950E+04  2.51105E+04  1.08615E+02 -5.46779E+02  3.69671E+03  2.55674E-04  0.00000E+00  6.85847E-05
       1       1       6  2.13513E-04  3.42065E-04  2.13513E-06  1.21856E+00  1.57193E-01  6.97382E+00  1.46131E+00  1.21905E+01  2.22904E+00  4.01112E+03  6.77892E+03  1.19808E+04 -1.77650E+01 -2.82042E+02  2.76845E+03  1.25018E-04  0.00000E+00  2.17046E-04
       1       1       7  2.15901E-04  1.76563E-04  2.15901E-06  1.91678E+00  2.77314E-01  1.23465E+01  2.78872E+00 -1.74952E+02  1.40876E+01  1.36291E+04  4.08906E+04  2.50041E+04  3.18213E+01 -1.40329E+03  3.53690E+03  1.33331E-04  0.00000E+00  4.32318E-05
       1       1       8  3.61585E-04  4.37985E-04  3.61585E-06  3.11927E+00  4.27718E-01  1.80740E+01  4.14517E-01 -9.26349E+01  8.15848E+00  5.69349E+03  1.46419E+04  2.06601E+04  9.06696E+01 -3.39228E+02  2.91715E+03  2.66293E-04  0.00000E+00  1.71691E-04
       1       1       9  3.82219E-04  5.57241E-04  3.82219E-06  4.70105E+00  6.07575E-01  2.42871E+01  2.37531E+00 -2.62037E+01  7.79923E+00  1.43674E+03  3.46071E+03  6.67771E+03 -4.27535E-02 -1.47214E+01  1.23331E+03  1.22990E-04  0.00000E+00  4.34251E-04
       1       1      10  1.73909E-04  1.77397E-04  1.73909E-06  1.19373E+01  1.51674E+00  6.71869E+01 -4.18108E+00 -1.19741E+02 -3.71817E+00  5.20669E+03  2.47536E+04  1.46290E+04  5.31416E+02 -4.59461E+02  2.07400E+03  1.09517E-04  0.00000E+00  6.78803E-05
       1       2       1  1.25764E-03  1.13431E-03  1.25764E-05  2.30051E-01  3.06489E-02  5.55979E-01 -7.57840E+00  5.75701E+01 -3.43813E+00  2.85391E+04  2.22012E+04  4.56091E+04  7.88554E+02  1.71652E+03  1.11727E+04  1.92093E-08  2.79341E-04  8.54949E-04
       1       2       2  3.61624E-04  2.36268E-04  3.61624E-06  5.60739E-01  7.80239E-02  1.39145E+00 -6.70242E-01 -5.51217E+00 -1.34916E+00  3.87416E+04  8.49884E+03  8.63900E+04  2.31126E+03  2.82386E+03  2.97539E+04  0.00000E+00  5.57775E-06  2.30690E-04
       1       2       3  6.21358E-04  5.95977E-04  6.21358E-06  8.39569E-01  1.18156E-01  2.10139E+00  4.52775E+00 -7.85688E-02  7.57847E+00  1.78466E+04  2.40887E+03  3.41096E+04  2.56904E+03  1.50991E+03  1.33598E+04  0.00000E+00  0.00000E+00  5.95977E-04
       1       2       4  8.98786E-04  2.23235E-04  8.98786E-06  1.37940E+00  1.86501E-01  3.15683E+00  1.03604E+01 -9.18055E+01  2.38714E+00  6.54257E+04  4.15600E+04  8.93476E+04  6.75823E+03  5.72155E+03  4.10738E+04  0.00000E+00  5.30370E-05  1.70198E-04
       1       2       5  8.39267E-04  3.03248E-04  8.39267E-06  2.06906E+00  2.52262E-01  4.77837E+00  4.19506E+00 -3.90134E+00  6.70661E+00  1.78259E+04  2.01308E+03  7.35972E+04  2.30914E+03  5.15579E+03  3.00729E+04  0.00000E+00  1.71087E-06  3.01537E-04
       1       2       6  7.14505E-04  6.34601E-04  7.14505E-06  2.93833E+00  3.72200E-01  6.89936E+00  4.93443E-01  2.07309E+00  4.37838E+00  5.90633E+03  5.05971E+02  3.12206E+04  7.85643E+02  1.49179E+03  1.15932E+04  0.00000E+00  0.00000E+00  6.34601E-04
       1       2       7  7.00894E-04  3.09293E-04  7.00894E-06  4.61123E+00  6.18571E-01  1.09357E+01 -8.52209E-01 -1.46684E-02 -5.79891E+00  1.29676E+04  2.87779E+03  7.68316E+04  8.32315E+02  2.80126E+03  2.89061E+04  0.00000E+00  3.36064E-06  3.05933E-04
       1       2       8  1.15275E-03  6.71636E-04  1.15275E-05  7.01896E+00  9.91584E-01  1.66166E+01 -2.46321E+00  7.54882E-01 -2.28836E+00  6.73756E+03  3.75465E+02  4.04849E+04  8.25454E+02  1.93971E+03  1.55212E+04  0.00000E+00  0.00000E+00  6.71636E-04
       1       2       9  1.30228E-03  1.62922E-03  1.30228E-05  1.01100E+01  1.30122E+00  2.35058E+01  1.00897E+00 -1.10808E+00 -5.45690E-01  1.68704E+03  1.63023E+02  9.02777E+03  1.89783E+02  3.85447E+02  3.51647E+03  0.00000E+00  0.00000E+00  1.62922E-03
       1       2      10  6.01498E-04  5.78131E-04  6.01498E-06  3.08837E+01  4.31964E+00  7.02968E+01  5.98011E+00  1.58085E+00  1.60791E+01  4.98899E+03  1.71864E+02  2.57336E+04  7.01505E+02  1.55705E+03  1.11066E+04  0.00000E+00  0.00000E+00  5.78131E-04
       1       3       1  2.11170E-03  2.17678E-03  2.11170E-05  3.49982E-01  4.68963E-02  4.75665E-01 -1.41595E+01  1.14293E+02 -5.61163E-01  2.45741E+04  2.68491E+04  2.97442E+04 -8.26887E+02 -1.75775E+02  1.64552E+03  0.00000E+00  1.70783E-03  4.68945E-04
       1       3       2  6.19953E-04  5.57088E-04  6.19953E-06  9.04108E-01  1.12941E-01  1.20190E+00 -2.23750E+01  8.24014E+01 -2.21961E+00  4.21976E+04  2.03570E+04  4.49741E+04  1.80338E+03  1.63989E+03  1.49460E+04  0.00000E+00  3.84267E-04  1.72822E-04
       1       3       3  1.05406E-03  1.13066E-03  1.05406E-05  1.35951E+00  1.81769E-01  1.79999E+00 -3.46552E+00  1.64024E+01 -2.96644E+00  1.57801E+04  6.91181E+03  2.20607E+04  1.21456E+03  8.99718E+02  7.73646E+03  0.00000E+00  7.16965E-04  4.13700E-04
       1       3       4  1.60157E-03  9.57154E-04  1.60157E-05  2.02165E+00  2.64832E-01  2.81867E+00  3.16243E+01 -1.90169E+02  3.75295E+00  3.30727E+04  7.01210E+04  3.69191E+04 -6.45967E+03  1.86352E+03  1.45573E+04  0.00000E+00  7.23475E-04  2.33680E-04
       1       3       5  1.55767E-03  1.44450E-03  1.55767E-05  3.27234E+00  4.31088E-01  4.08206E+00  1.21120E+01 -9.60366E+01 -5.80704E+00  2.86318E+04  2.04525E+04  2.85141E+04  3.96837E+02  1.81209E+03  1.15428E+04  0.00000E+00  9.97854E-04  4.46647E-04
       1       3       6  1.46404E-03  2.12356E-03  1.46404E-05  4.21200E+00  5.44112E-01  5.79164E+00  4.19964E+00 -5.46656E+01 -1.20426E+00  9.25370E+03  9.49015E+03  1.54415E+04 -1.03451E+02  7.32898E+02  6.16952E+03  0.00000E+00  1.02216E-03  1.10141E-03
       1       3       7  1.41450E-03  1.17021E-03  1.41450E-05  7.23202E+00  9.54164E-01  9.73621E+00  2.55725E+01 -1.60393E+02 -3.89055E-01  2.12739E+04  3.86683E+04  3.17466E+04 -2.96265E+03  1.13946E+03  9.72073E+03  0.00000E+00  8.93834E-04  2.76378E-04
       1       3       8  2.14291E-03  2.25029E-03  2.14291E-05  1.07970E+01  1.42215E+00  1.44356E+01  1.73438E+01 -9.89389E+01  3.74858E+00  1.25075E+04  1.60186E+04  2.03443E+04 -7.09343E+02  9.12968E+02  6.43439E+03  0.00000E+00  1.61055E-03  6.39742E-04
       1       3       9  2.75797E-03  2.80017E-03  2.75797E-05  1.47671E+01  1.95705E+00  1.98879E+01  7.22830E+00 -4.22883E+01  1.30390E+00  4.86686E+03  4.76782E+03  8.26218E+03 -7.42970E+01  3.01909E+02  3.19918E+03  0.00000E+00  1.46033E-03  1.33984E-03
       1       3      10  1.45482E-03  1.69802E-03  1.45482E-05  4.56767E+01  6.08488E+00  6.05935E+01  6.22858E+00 -2.77475E+01 -2.56351E+00  1.13209E+04  2.02953E+03  1.92022E+04  1.14512E+03  1.04786E+03  7.76504E+03  0.00000E+00  8.43520E-04  8.54504E-04
       1       4       1  2.93494E-03  3.15849E-03  2.93494E-05  4.91378E-01  6.45014E-02  3.47510E-01  1.99782E+00 -3.16566E+01 -2.43841E+00  2.15942E+04  4.42576E+04  2.11760E+04 -2.92593E+03 -2.66240E+02  1.44845E+03  0.00000E+00  2.76061E-03  3.97886E-04
       1       4       2  8.88458E-04  8.85317E-04  8.88458E-06  1.22847E+00  1.62060E-01  8.57345E-01  9.10569E+00 -5.63906E+01 -1.19833E+00  3.98913E+04  3.76669E+04  2.03103E+04 -3.82954E+02  8.56930E+02  4.81638E+03  0.00000E+00  7.11862E-04  1.73456E-04
       1       4       3  1.48261E-03  1.54985E-03  1.48261E-05  1.77026E+00  2.35519E-01  1.26713E+00  3.88804E+00 -4.83660E+01  3.47962E+00  1.63425E+04  2.29574E+04  1.26893E+04 -1.83716E+03 -1.73141E+02  3.02288E+03  0.00000E+00  1.07446E-03  4.75391E-04
       1       4       4  2.39895E-03  1.73951E-03  2.39895E-05  2.82336E+00  3.71405E-01  2.01390E+00  1.83389E+01 -1.30339E+02  7.74971E-01  2.98247E+04  8.47626E+04  1.98012E+04 -8.66375E+03  5.71645E+02  2.91721E+03  0.00000E+00  1.60086E-03  1.38649E-04
       1       4       5  2.47945E-03  2.64846E-03  2.47945E-05  4.18809E+00  5.50715E-01  2.98910E+00  1.13569E+01 -8.91439E+01  2.30170E+00  3.05719E+04  2.87598E+04  1.81939E+04  9.00044E+02  1.71431E+02  4.10901E+03  0.00000E+00  2.35568E-03  2.92781E-04
       1       4       6  2.64977E-03  2.85892E-03  2.64977E-05  5.90182E+00  8.04300E-01  3.98736E+00  7.76718E+00 -4.76038E+01  5.11247E+00  1.43296E+04  1.57437E+04  7.90928E+03 -5.98634E+02 -1.27699E+02  3.60925E+03  0.00000E+00  2.29710E-03  5.61814E-04
       1       4       7  2.77420E-03  2.30138E-03  2.77420E-05  9.77363E+00  1.29452E+00  6.86491E+00  2.92409E+01 -2.09868E+02  2.25483E+00  2.75616E+04  5.86969E+04  2.00483E+04 -4.37304E+03  2.93432E+02  4.20389E+03  0.00000E+00  2.07867E-03  2.22706E-04
       1       4       8  3.48722E-03  4.05275E-03  3.48722E-05  1.48080E+01  1.97550E+00  1.01975E+01  1.50411E+01 -1.15240E+02 -3.25882E+00  2.21630E+04  1.94034E+04  1.29897E+04  4.74919E+01  5.30099E+02  2.77618E+03  0.00000E+00  3.51761E-03  5.35140E-04
       1       4       9  5.18610E-03  5.93062E-03  5.18610E-05  2.05734E+01  2.81078E+00  1.41173E+01  7.25082E+00 -5.95488E+01  1.59630E+00  9.65863E+03  6.68153E+03  5.21809E+03  3.44323E+02  8.36114E+01  9.84911E+02  0.00000E+00  4.58484E-03  1.34578E-03
       1       4      10  3.88160E-03  4.58917E-03  3.88160E-05  6.20006E+01  8.16329E+00  4.15869E+01  8.49922E+00 -5.38604E+01  1.29981E+00  2.10116E+04  4.10607E+03  9.60547E+03  2.06529E+03  1.34539E+02  1.44179E+03  0.00000E+00  4.12788E-03  4.61291E-04
       1       5       1  3.61998E-03  3.28447E-03  3.61998E-05  5.35668E-01  7.02955E-02  2.30756E-01  8.67035E+00 -4.47821E+01 -1.69419E+00  1.93992E+04  4.04395E+04  2.75930E+04 -2.74845E+03 -2.84246E+02  8.46553E+02  0.00000E+00  2.95002E-03  3.34447E-04
       1       5       2  1.13257E-03  1.12316E-03  1.13257E-05  1.38011E+00  1.84925E-01  5.93310E-01  1.14957E+01 -7.26422E+01 -5.71591E-01  5.19707E+04  3.51202E+04  2.32969E+04  2.26613E+03  3.92736E+02  2.60079E+03  0.00000E+00  9.29842E-04  1.93321E-04
       1       5       3  1.84808E-03  1.87989E-03  1.84808E-05  1.98209E+00  2.65107E-01  8.41323E-01 -6.17997E-01 -6.25815E+01 -5.78939E+00  3.04066E+04  2.13089E+04  1.58758E+04  2.64894E+03  4.38465E+02  8.04687E+02  0.00000E+00  1.42542E-03  4.54472E-04
       1       5       4  3.17340E-03  1.83251E-03  3.17340E-05  3.13816E+00  4.13453E-01  1.32064E+00  2.50804E+01 -1.03791E+02 -4.04824E+00  4.04851E+04  5.47176E+04  3.63109E+04 -2.96500E+03  3.70670E+03  3.03069E+02  0.00000E+00  1.67658E-03  1.55927E-04
       1       5       5  3.50381E-03  3.55551E-03  3.50381E-05  4.81001E+00  6.26061E-01  2.07048E+00  9.84393E+00 -7.11780E+01  4.47161E+00  3.13666E+04  2.51202E+04  1.84106E+04  1.11681E+03 -3.34712E+03  3.04913E+03  0.00000E+00  3.28125E-03  2.74262E-04
       1       5       6  4.22006E-03  4.38048E-03  4.22006E-05  6.58696E+00  8.34679E-01  2.82219E+00  1.23015E+01 -5.70993E+01 -2.35396E+00  2.46145E+04  1.44628E+04  1.05690E+04  1.13773E+03  1.63071E+03  2.01468E+03  0.00000E+00  3.77362E-03  6.06868E-04
       1       5       7  5.28933E-03  3.11064E-03  5.28933E-05  1.08896E+01  1.44125E+00  4.58703E+00  1.82561E+01 -1.44944E+02 -1.39456E+00  4.29543E+04  3.32551E+04  2.39474E+04  1.64187E+03  9.99242E+02  5.42936E+03  0.00000E+00  2.50637E-03  6.04279E-04
       1       5       8  5.55870E-03  5.74867E-03  5.55870E-05  1.65452E+01  2.22552E+00  6.85075E+00  1.11816E+01 -9.11307E+01  3.81324E+00  2.77781E+04  1.40421E+04  1.17825E+04  2.07380E+03  2.30246E+02  3.70745E+03  0.00000E+00  4.45602E-03  1.29265E-03
       1       5       9  8.54071E-03  9.78962E-03  8.54071E-05  2.34937E+01  3.17688E+00  9.46294E+00  5.73363E+00 -4.21068E+01 -2.36314E+00  1.03605E+04  4.37595E+03  4.00503E+03  9.12040E+02  3.18482E+02  1.50364E+03  0.00000E+00  6.14605E-03  3.64357E-03
       1       5      10  1.03150E-02  5.79505E-03  1.03150E-04  6.84072E+01  9.11253E+00  2.97164E+01  6.33209E+00 -4.96713E+01 -9.01849E-01  2.52396E+04  3.73364E+03  5.84109E+03  3.06917E+03  2.85362E+02  1.37044E+03  0.00000E+00  5.14742E-03  6.47637E-04
       1       6       1  4.01876E-03  4.12096E-03  4.01876E-05  5.79612E-01  7.76464E-02  7.77681E-02  1.36928E+01 -1.01900E+02  1.59973E-02  1.55921E+04  4.43050E+04  2.46150E+04 -3.27217E+03  1.57962E+02  4.93383E+02  0.00000E+00  3.78995E-03  3.31010E-04
       1       6       2  1.28529E-03  1.29994E-03  1.28529E-05  1.48605E+00  1.95465E-01  1.98196E-01  1.21503E+01 -1.00795E+02 -8.26430E+00  4.34517E+04  3.66882E+04  2.08428E+04  1.17472E+02  4.36411E+02 -1.33636E+03  0.00000E+00  1.15418E-03  1.45757E-04
       1       6       3  2.06454E-03  2.16767E-03  2.06454E-05  2.10671E+00  2.81240E-01  2.77333E-01  1.43046E+01 -6.71660E+01  2.73442E+00  3.04823E+04  2.15585E+04  1.51655E+04  1.14854E+03 -1.44490E+02 -2.19967E+03  0.00000E+00  1.70705E-03  4.60626E-04
       1       6       4  3.67594E-03  2.82736E-03  3.67594E-05  3.37665E+00  4.48978E-01  4.53717E-01  1.37506E+01 -1.01446E+02 -9.94756E-01  3.63458E+04  6.91055E+04  2.93534E+04 -4.05596E+03  1.02070E+03  2.71161E+03  0.00000E+00  2.55393E-03  2.73429E-04
       1       6       5  4.24237E-03  4.66078E-03  4.24237E-05  5.15333E+00  6.77690E-01  6.78071E-01  7.51556E+00 -6.19321E+01  1.36967E+00  3.38899E+04  3.23595E+04  1.19052E+04  3.73078E+02 -5.73779E+02  2.64063E+03  0.00000E+00  4.16678E-03  4.93997E-04
       1       6       6  5.48603E-03  6.44688E-03  5.48603E-05  7.12751E+00  9.74136E-01  9.66984E-01  5.49524E+00 -7.04490E+01 -2.79094E+00  2.15661E+04  2.52984E+04  9.00631E+03 -1.53975E+02  7.00896E+02  2.27871E+03  0.00000E+00  5.40109E-03  1.04579E-03
       1       6       7  7.98819E-03  5.81831E-03  7.98819E-05  1.16755E+01  1.56227E+00  1.65165E+00  2.71132E+01 -2.12646E+02 -6.88434E-01  3.76145E+04  6.16159E+04  1.43707E+04 -2.82981E+03  8.44490E+02  2.71522E+03  0.00000E+00  4.90801E-03  9.10306E-04
       1       6       8  8.11683E-03  9.91972E-03  8.11683E-05  1.76893E+01  2.37650E+00  2.50201E+00  1.68093E+01 -1.32417E+02 -1.89867E+00  3.18366E+04  2.52892E+04  7.16625E+03  9.49238E+02  4.88330E+02  1.65644E+03  0.00000E+00  8.18845E-03  1.73126E-03
       1       6       9  1.14154E-02  1.33408E-02  1.14154E-04  2.46166E+01  3.38741E+00  3.66628E+00  9.06487E+00 -7.11918E+01  5.30702E-01  1.95429E+04  9.98548E+03  3.02846E+03  1.22780E+03  1.17335E+02  5.96199E+02  0.00000E+00  9.12997E-03  4.21084E-03
       1       6      10  1.95684E-02  2.29692E-02  1.95684E-04  7.43623E+01  9.89847E+00  9.68088E+00  7.53205E+00 -5.38799E+01 -1.22473E+00  2.89454E+04  4.32487E+03  1.20790E+03  3.29432E+03  1.84834E+02  5.94814E+02  0.00000E+00  2.05447E-02  2.42454E-03
       2       1       1  4.16047E-04  3.94678E-04  4.16047E-06  9.74632E-02  3.95545E-02  5.71679E-01  5.41971E+00  3.47619E+01 -1.01572E+00  3.56885E+04  2.35071E+04  7.56059E+04  4.89567E+03  1.98929E+03  1.53085E+04  8.47916E-05  2.12972E-08  3.09865E-04
       2       1       2  1.18459E-04  1.50080E-04  1.18459E-06  2.71731E-01  1.13709E-01  1.47195E+00  1.23510E+01  9.91913E+01 -1.40759E+01  2.54957E+04  3.03396E+04  6.06150E+04  1.40151E+03 -9.43028E+02  7.15005E+03  7.08281E-05  0.00000E+00  7.92516E-05
       2       1       3  2.04349E-04  2.43736E-04  2.04349E-06  4.10874E-01  1.64766E-01  2.15255E+00 -6.95665E+00  3.34098E+01 -4.56902E+00  1.96547E+04  1.56799E+04  2.84925E+04  2.05786E+03  6.12988E+02  6.31126E+03  7.75808E-05  0.00000E+00  1.66155E-04
       2       1       4  2.87961E-04  2.29064E-04  2.87961E-06  5.86710E-01  2.49328E-01  3.57217E+00  2.78668E+00  4.70867E+01 -4.52059E+00  3.42648E+04  5.11179E+04  2.92101E+04  2.05981E+03 -6.86567E+03  3.22187E+03  1.82056E-04  0.00000E+00  4.70080E-05
       2       1       5  2.63823E-04  4.14188E-04  2.63823E-06  8.87864E-01  3.68090E-01  5.19420E+00 -1.37503E+00  3.11237E+01 -7.09228E+00  1.24491E+04  2.22932E+04  2.20828E+04 -3.77904E+02 -1.64059E+03  2.15109E+03  3.45542E-04  0.00000E+00  6.86468E-05
       2       1       6  2.13489E-04  3.41471E-04  2.13489E-06  1.11397E+00  4.68875E-01  6.88632E+00  4.33351E-02  1.39939E+01 -8.63185E+00  4.60329E+03  8.14697E+03  1.85466E+04  6.42440E+02 -4.22809E+01  2.19669E+03  1.59838E-04  0.00000E+00  1.81633E-04
       2       1       7  2.15884E-04  2.38763E-04  2.15884E-06  1.99970E+00  8.52383E-01  1.22303E+01  2.93688E+00 -1.76833E+02  1.98144E+01  1.61224E+04  4.05101E+04  2.28198E+04 -9.09871E+01 -4.51469E+03  2.98389E+03  1.88732E-04  0.00000E+00  5.00305E-05
       2       1       8  3.61559E-04  4.73845E-04  3.61559E-06  3.05317E+00  1.28933E+00  1.78508E+01 -6.96472E+00 -1.18356E+02  4.39525E+00  7.79047E+03  1.81727E+04  1.58072E+04  8.50545E+02 -1.67808E+03  1.35689E+03  3.74879E-04  0.00000E+00  9.89661E-05
       2       1       9  3.82170E-04  4.20525E-04  3.82170E-06  4.21413E+00  1.70591E+00  2.38472E+01 -1.20631E+00 -4.51625E+01 -6.49854E+00  2.28481E+03  5.74410E+03  4.98937E+03 -2.84572E+02 -2.70833E+02  6.90349E+02  1.59185E-04  0.00000E+00  2.61340E-04
       2       1      10  1.73887E-04  1.50349E-04  1.73887E-06  1.09374E+01  4.82532E+00  6.26466E+01 -2.14752E+00 -1.80341E+02  2.16071E+01  7.88306E+03  3.69897E+04  6.77163E+03  3.97952E+02 -3.64101E+03  2.97723E+01  1.41702E-04  0.00000E+00  8.64642E-06
       2       2       1  1.25722E-03  1.15454E-03  1.25722E-05  2.11474E-01  8.65917E-02  5.40655E-01 -2.38317E+01  6.20331E+01 -9.76389E+00  2.74775E+04  2.19744E+04  4.08787E+04 -1.79486E+02  1.46574E+03  7.36611E+03  9.27964E-05  3.01675E-04  7.60064E-04
       2       2       2  3.61471E-04  2.17244E-04  3.61471E-06  4.91349E-01  2.00293E-01  1.41306E+00 -1.50347E+00 -3.87793E+00 -3.64361E+00  3.16789E+04  1.18895E+04  8.29583E+04  8.46109E+03  1.02317E+04  2.77972E+04  3.63113E-06  6.18624E-06  2.07426E-04
       2       2       3  6.21167E-04  5.48336E-04  6.21167E-06  7.44563E-01  3.01295E-01  2.11487E+00  1.81450E+00  2.05635E+00 -4.64805E+00  1.45456E+04  4.28664E+03  2.92071E+04  5.32215E+03  4.29612E+03  1.10682E+04  5.55626E-06  0.00000E+00  5.42780E-04
       2       2       4  8.98331E-04  1.98343E-04  8.98331E-06  1.24555E+00  5.37058E-01  3.19373E+00  5.79622E+01 -7.75084E+01  1.73223E+01  6.12272E+04  4.72957E+04  7.19008E+04  6.70455E+03  1.36512E+04  2.70128E+04  1.79071E-05  4.67638E-05  1.33672E-04
       2       2       5  8.38836E-04  2.96782E-04  8.38836E-06  1.75850E+00  7.62032E-01  4.88164E+00  8.86605E+00  9.31687E+00  1.47744E+01  1.55910E+04  8.53964E+03  5.44816E+04  3.37029E+03  6.07537E+03  2.03302E+04  7.19602E-05  3.42174E-06  2.21400E-04
       2       2       6  7.14080E-04  5.20381E-04  7.14080E-06  2.72894E+00  1.12933E+00  6.82749E+00 -3.92013E+00  1.41092E+00 -1.02752E+01  6.25832E+03  2.27276E+03  3.11673E+04  1.96862E+03  3.78227E+03  1.17500E+04  3.61459E-05  0.00000E+00  4.84235E-04
       2       2       7  7.00555E-04  2.07092E-04  7.00555E-06  4.45699E+00  1.82935E+00  1.08015E+01  1.11630E+01 -2.08390E+01  2.62855E+01  1.42345E+04  9.74528E+03  7.46501E+04  1.06153E+03  9.53619E+03  2.80997E+04  3.69339E-06  8.55435E-06  1.94845E-04
       2       2       8  1.15233E-03  4.30930E-04  1.15233E-05  6.76080E+00  2.84439E+00  1.66778E+01 -1.66514E+00 -9.02396E+00  2.37719E+00  6.79474E+03  2.07410E+03  3.90486E+04  2.05129E+03  5.04880E+03  1.49528E+04  2.14217E-05  0.00000E+00  4.09509E-04
       2       2       9  1.30141E-03  1.07890E-03  1.30141E-05  9.69137E+00  3.89955E+00  2.33066E+01 -2.07177E+00 -3.69225E+00 -3.19765E+00  1.92352E+03  6.05488E+02  1.03518E+04  6.53824E+02  1.38243E+03  4.00033E+03  1.84669E-05  0.00000E+00  1.06043E-03
       2       2      10  6.01001E-04  6.09369E-04  6.01001E-06  2.87964E+01  1.21280E+01  7.02339E+01 -2.22241E+00 -9.02460E-01 -5.74552E+00  4.32338E+03  8.02446E+02  2.60314E+04  1.76986E+03  4.36107E+03  1.03649E+04  0.00000E+00  0.00000E+00  6.09369E-04
       2       3       1  2.10997E-03  2.17629E-03  2.10997E-05  3.22251E-01  1.33269E-01  4.69647E-01 -4.41469E+01  1.06632E+02 -7.57736E+00  2.31599E+04  2.54439E+04  2.81506E+04 -1.12136E+03 -3.57918E+02  1.15644E+03  6.44067E-05  1.69215E-03  4.19729E-04
       2       3       2  6.19272E-04  5.42037E-04  6.19272E-06  8.38127E-01  3.50947E-01  1.21434E+00 -2.80145E+01  8.79964E+01  4.59009E+00  3.57253E+04  2.27809E+04  4.53503E+04  5.88129E+03  3.26264E+03  8.68180E+03  0.00000E+00  4.08145E-04  1.33892E-04
       2       3       3  1.05327E-03  9.83489E-04  1.05327E-05  1.26793E+00  5.19058E-01  1.81203E+00 -1.26563E+01  2.01259E+01  2.93218E-01  1.47443E+04  7.29015E+03  2.14860E+04  3.43698E+03  3.44018E+03  8.23885E+03  0.00000E+00  6.96517E-04  2.86972E-04
       2       3       4  1.59952E-03  9.25647E-04  1.59952E-05  1.88182E+00  7.79699E-01  2.81798E+00  7.02439E+01 -1.82349E+02 -8.54530E+00  3.80113E+04  6.72035E+04  3.63222E+04 -1.22511E+04  5.06852E+03  1.17900E+04  0.00000E+00  7.11539E-04  2.14108E-04
       2       3       5  1.55547E-03  1.35865E-03  1.55547E-05  3.05000E+00  1.25470E+00  4.07212E+00  4.85297E+01 -9.42949E+01  1.12224E+00  2.83023E+04  2.26582E+04  2.68560E+04  1.52578E+03  3.41513E+03  9.57010E+03  0.00000E+00  1.02238E-03  3.36267E-04
       2       3       6  1.46169E-03  1.72865E-03  1.46169E-05  3.86311E+00  1.57684E+00  5.76081E+00  2.79578E+01 -5.89857E+01 -1.26069E+00  1.06300E+04  1.09901E+04  1.74228E+04 -6.10396E+02  2.60379E+03  6.92696E+03  0.00000E+00  9.87286E-04  7.41367E-04
       2       3       7  1.41211E-03  1.16908E-03  1.41211E-05  6.73946E+00  2.77025E+00  9.76824E+00  6.44783E+01 -1.44366E+02 -1.42707E+01  2.46829E+04  3.40850E+04  3.16921E+04 -7.02838E+03  4.43750E+03  9.43135E+03  0.00000E+00  8.81181E-04  2.87895E-04
       2       3       8  2.14084E-03  2.22661E-03  2.14084E-05  1.01030E+01  4.20163E+00  1.44019E+01  4.19970E+01 -9.14942E+01 -2.80382E+00  1.37985E+04  1.52533E+04  1.92053E+04 -1.57726E+03  2.36342E+03  5.91055E+03  0.00000E+00  1.60392E-03  6.22689E-04
       2       3       9  2.75312E-03  2.95363E-03  2.75312E-05  1.39953E+01  5.86718E+00  1.98237E+01  1.72090E+01 -3.90299E+01  9.44275E-02  4.83667E+03  4.47461E+03  7.49384E+03 -7.53167E+01  1.10054E+03  2.34828E+03  0.00000E+00  1.54158E-03  1.41205E-03
       2       3      10  1.45040E-03  1.45589E-03  1.45040E-05  4.17423E+01  1.73622E+01  5.99514E+01  1.34740E+01 -2.94480E+01 -2.88329E-01  1.03526E+04  3.57892E+03  2.02840E+04  3.36351E+03  2.46306E+03  5.97238E+03  0.00000E+00  8.39853E-04  6.16040E-04
       2       4       1  2.93080E-03  3.10837E-03  2.93080E-05  4.52029E-01  1.88661E-01  3.43336E-01  1.54392E+01 -3.20157E+01 -2.92904E+00  2.27926E+04  4.21364E+04  2.17787E+04 -9.05651E+03 -3.71991E+02 -7.85771E+01  5.17883E-05  2.70835E-03  3.48229E-04
       2       4       2  8.86637E-04  9.23673E-04  8.86637E-06  1.14550E+00  4.77390E-01  8.51419E-01  2.21241E+01 -5.27750E+01 -3.76417E-01  3.97115E+04  3.82458E+04  2.11390E+04 -2.93532E+02 -3.80073E+02  8.96817E+02  0.00000E+00  7.98791E-04  1.24882E-04
       2       4       3  1.48069E-03  1.32238E-03  1.48069E-05  1.62623E+00  6.72649E-01  1.24987E+00  2.23968E+01 -4.81997E+01 -3.38800E+00  1.69734E+04  2.40912E+04  1.49998E+04 -2.66539E+03  1.54755E+03  1.31180E+03  0.00000E+00  1.01082E-03  3.11559E-04
       2       4       4  2.39345E-03  1.66484E-03  2.39345E-05  2.62463E+00  1.07852E+00  2.01514E+00  5.21135E+01 -1.22244E+02 -5.47514E+00  4.01026E+04  7.69091E+04  1.94577E+04 -2.06621E+04  1.91401E+03  1.06485E+03  0.00000E+00  1.53421E-03  1.30628E-04
       2       4       5  2.47257E-03  2.83909E-03  2.47257E-05  3.92109E+00  1.64794E+00  2.97753E+00  3.40686E+01 -8.05223E+01 -1.97653E+00  2.97732E+04  2.90800E+04  1.72054E+04  1.50971E+03  1.53477E+03  3.23238E+03  0.00000E+00  2.56020E-03  2.78891E-04
       2       4       6  2.64172E-03  2.95112E-03  2.64172E-05  5.49563E+00  2.25597E+00  3.97084E+00  2.35841E+01 -4.47262E+01  5.96467E-01  1.68467E+04  1.51150E+04  7.70524E+03 -5.89520E+02  6.19949E+02  2.83779E+03  0.00000E+00  2.40915E-03  5.41970E-04
       2       4       7  2.76250E-03  2.42805E-03  2.76250E-05  9.09103E+00  3.77673E+00  6.85663E+00  7.85315E+01 -1.91229E+02  1.02480E+00  3.30379E+04  5.39131E+04  2.00376E+04 -1.00445E+04  2.09758E+03  4.88445E+03  0.00000E+00  2.13480E-03  2.93244E-04
       2       4       8  3.47921E-03  4.05980E-03  3.47921E-05  1.37574E+01  5.68536E+00  1.02426E+01  4.44413E+01 -1.08685E+02  5.09204E+00  2.14098E+04  1.99824E+04  1.29600E+04  7.05384E+02  7.59493E+02  2.32595E+03  0.00000E+00  3.49618E-03  5.63618E-04
       2       4       9  5.16931E-03  6.00090E-03  5.16931E-05  1.90475E+01  7.87015E+00  1.42578E+01  2.48053E+01 -5.40749E+01  2.76241E+00  8.98868E+03  6.87237E+03  5.19691E+03  8.86741E+02  2.60798E+02  1.19502E+03  0.00000E+00  4.64049E-03  1.36041E-03
       2       4      10  3.85335E-03  4.42727E-03  3.85335E-05  5.76999E+01  2.40876E+01  4.17597E+01  2.35749E+01 -5.15858E+01  3.95850E+00  1.87288E+04  6.42943E+03  9.50824E+03  5.98113E+03  1.40489E+02  1.07923E+03  0.00000E+00  4.11660E-03  3.10664E-04
       2       5       1  3.61289E-03  3.31120E-03  3.61289E-05  4.99149E-01  2.05670E-01  2.30355E-01  1.54423E+01 -4.31784E+01 -8.44200E-01  2.01610E+04  3.67476E+04  2.77949E+04 -8.63114E+03 -4.39755E+02  9.22159E+01  4.45464E-05  2.97781E-03  2.88841E-04
       2       5       2  1.12913E-03  1.03732E-03  1.12913E-05  1.29048E+00  5.30015E-01  5.98142E-01  2.92720E+01 -7.20776E+01 -3.29881E+00  4.36959E+04  3.70550E+04  2.26685E+04  2.46603E+03  1.09254E+03  3.34904E+02  0.00000E+00  9.26283E-04  1.11035E-04
       2       5       3  1.84476E-03  1.69008E-03  1.84476E-05  1.82354E+00  7.56403E-01  8.36777E-01  2.83855E+01 -6.33376E+01  5.17024E+00  2.65099E+04  2.47086E+04  1.58447E+04  1.31286E+03 -1.10986E+03  1.88448E+03  0.00000E+00  1.38156E-03  3.08516E-04
       2       5       4  3.16305E-03  1.84124E-03  3.16305E-05  2.94285E+00  1.21143E+00  1.33970E+00  4.43676E+01 -9.74900E+01 -1.09045E+00  4.10064E+04  5.19712E+04  3.63921E+04 -8.50065E+03  1.89146E+03  7.57626E+02  0.00000E+00  1.74701E-03  9.42271E-05
       2       5       5  3.48881E-03  3.39469E-03  3.48881E-05  4.45740E+00  1.83610E+00  2.10862E+00  2.73335E+01 -7.03492E+01  8.46079E+00  2.97824E+04  2.68090E+04  1.81525E+04  1.99216E+03 -2.43178E+03  2.33261E+03  0.00000E+00  3.19690E-03  1.97782E-04
       2       5       6  4.20106E-03  3.96499E-03  4.20106E-05  6.18222E+00  2.54682E+00  2.84912E+00  2.56779E+01 -4.93834E+01 -3.68321E+00  2.17762E+04  1.49002E+04  1.00838E+04  2.98633E+03  1.59894E+03  1.65002E+02  0.00000E+00  3.38523E-03  5.79763E-04
       2       5       7  5.25000E-03  2.90605E-03  5.25000E-05  1.01366E+01  4.21111E+00  4.60927E+00  6.06884E+01 -1.42252E+02  1.99409E+00  3.99875E+04  3.59101E+04  2.47462E+04  2.00558E+03  1.35666E+03  3.68729E+03  0.00000E+00  2.47060E-03  4.35457E-04
       2       5       8  5.52637E-03  5.45120E-03  5.52637E-05  1.53731E+01  6.40848E+00  6.96462E+00  4.07731E+01 -8.80095E+01 -3.22646E+00  2.56378E+04  1.64198E+04  1.24944E+04  4.55010E+03  1.53131E+03  2.86002E+03  0.00000E+00  4.46763E-03  9.83567E-04
       2       5       9  8.49993E-03  8.83855E-03  8.49993E-05  2.17330E+01  9.02414E+00  9.64382E+00  1.79862E+01 -4.26114E+01  1.01416E+00  9.78007E+03  5.52596E+03  4.33132E+03  2.18907E+03  4.04916E+02  1.07331E+03  0.00000E+00  6.06803E-03  2.77052E-03
       2       5      10  1.01858E-02  6.35891E-03  1.01858E-04  6.43502E+01  2.66440E+01  2.92574E+01  1.89965E+01 -4.33986E+01 -1.32485E-01  2.21106E+04  6.36863E+03  5.69625E+03  7.88316E+03  5.93113E+02  1.27482E+03  0.00000E+00  5.46426E-03  8.94657E-04
       2       6       1  4.00958E-03  4.12066E-03  4.00958E-05  5.37110E-01  2.21671E-01  7.64482E-02  3.71384E+01 -9.38901E+01 -1.90277E+00  1.81049E+04  3.99350E+04  2.50697E+04 -1.11236E+04 -3.62482E+02 -9.58810E+01  4.14345E-05  3.83890E-03  2.40325E-04
       2       6       2  1.28057E-03  1.23948E-03  1.28057E-05  1.38469E+00  5.75908E-01  1.96660E-01  4.12572E+01 -1.02966E+02  6.86376E+00  3.95272E+04  3.83649E+04  2.15868E+04  2.81382E+02 -1.04555E+02 -3.72268E+02  0.00000E+00  1.11988E-03  1.19602E-04
       2       6       3  2.06019E-03  2.06640E-03  2.06019E-05  1.97306E+00  8.08934E-01  2.77560E-01  2.41878E+01 -6.09560E+01 -5.54999E-01  2.64576E+04  2.02283E+04  1.35718E+04  2.09252E+03 -1.31803E+03 -1.99034E+03  0.00000E+00  1.73970E-03  3.26701E-04
       2       6       4  3.66174E-03  2.77305E-03  3.66174E-05  3.15071E+00  1.30061E+00  4.51369E-01  3.97510E+01 -9.57354E+01 -2.96227E+00  3.61993E+04  6.55607E+04  2.87680E+04 -1.36793E+04  1.60029E+03 -7.91162E+02  0.00000E+00  2.57518E-03  1.97864E-04
       2       6       5  4.21990E-03  4.56736E-03  4.21990E-05  4.81192E+00  1.99064E+00  6.68525E-01  2.48484E+01 -5.80519E+01  3.57776E+00  3.15651E+04  3.21963E+04  1.18254E+04 -6.95525E+02 -2.34891E+02  3.52452E+03  0.00000E+00  4.16613E-03  4.01231E-04
       2       6       6  5.45615E-03  6.02542E-03  5.45615E-05  6.57677E+00  2.69248E+00  9.34992E-01  3.06021E+01 -6.91004E+01  1.20627E+00  2.08872E+04  2.63427E+04  9.76830E+03 -2.50113E+03  1.40049E+03  1.81401E+03  0.00000E+00  5.27918E-03  7.46240E-04
       2       6       7  7.91167E-03  5.60787E-03  7.91167E-05  1.08978E+01  4.49729E+00  1.64380E+00  8.66526E+01 -2.05880E+02  5.04482E-01  3.88012E+04  6.02392E+04  1.45887E+04 -1.07631E+04  4.82954E+02  2.13356E+03  0.00000E+00  4.92497E-03  6.82901E-04
       2       6       8  8.03314E-03  9.43633E-03  8.03314E-05  1.65044E+01  6.80916E+00  2.46500E+00  5.32776E+01 -1.28015E+02  9.58357E-01  2.99162E+04  2.66952E+04  7.20982E+03  1.45808E+03  1.93664E+02  1.17397E+03  0.00000E+00  8.09754E-03  1.33879E-03
       2       6       9  1.13449E-02  1.23314E-02  1.13449E-04  2.28803E+01  9.38744E+00  3.67275E+00  2.93115E+01 -7.16656E+01 -1.44425E-01  1.80722E+04  1.18703E+04  3.14804E+03  3.17347E+03  2.26535E+02  6.47396E+02  0.00000E+00  9.07839E-03  3.25298E-03
       2       6      10  1.92439E-02  2.12910E-02  1.92439E-04  6.91587E+01  2.86495E+01  9.68876E+00  2.27232E+01 -5.35302E+01  1.26531E+00  2.57044E+04  7.77963E+03  1.20601E+03  8.84629E+03  1.37974E+01  3.16290E+02  0.00000E+00  2.03007E-02  9.90311E-04
       3       1       1  4.15997E-04  4.72159E-04  4.15997E-06  8.36932E-02  6.56415E-02  5.51959E-01 -3.00243E+00  2.02343E+01  2.00916E+00  3.00473E+04  2.13111E+04  7.21002E+04  6.59351E+03  7.38741E+03  1.27090E+04  6.19329E-05  5.32430E-09  4.10221E-04
       3       1       2  1.18442E-04  1.23640E-04  1.18442E-06  2.29253E-01  1.72204E-01  1.47893E+00  8.26466E-01  8.24830E+01 -1.44595E+01  2.60060E+04  3.21958E+04  6.62900E+04  1.94268E+03  3.56427E+03  1.03478E+04  5.32369E-05  0.00000E+00  7.04030E-05
       3       1       3  2.04327E-04  2.24952E-04  2.04327E-06  3.64507E-01  2.73237E-01  2.16299E+00 -1.12138E+00  1.87231E+01 -3.80869E+00  1.93627E+04  1.52429E+04  2.96610E+04  1.79593E+03  2.24695E+03  4.44624E+03  5.26636E-05  0.00000E+00  1.72288E-04
       3       1       4  2.87910E-04  1.73544E-04  2.87910E-06  4.98211E-01  3.79460E-01  3.54990E+00 -1.07368E+00  3.97904E+01 -1.45699E+00  3.59826E+04  4.72814E+04  3.42930E+04  2.15498E+03 -5.28639E+03  3.11934E+03  1.34967E-04  0.00000E+00  3.85775E-05
       3       1       5  2.63778E-04  3.12654E-04  2.63778E-06  7.16667E-01  5.42400E-01  5.19341E+00  8.17514E-02  2.58743E+01 -6.45262E+00  1.29625E+04  1.84607E+04  2.81441E+04  1.15216E+03 -2.42635E+02  2.02568E+03  2.34783E-04  0.00000E+00  7.78714E-05
       3       1       6  2.13446E-04  2.67700E-04  2.13446E-06  9.42785E-01  7.27802E-01  6.91258E+00 -3.17232E+00  9.59011E+00 -8.63687E+00  4.74724E+03  6.52105E+03  2.11954E+04 -3.83014E+02  1.12366E+03  2.44795E+03  1.06116E-04  0.00000E+00  1.61584E-04
       3       1       7  2.15854E-04  2.27968E-04  2.15854E-06  1.79560E+00  1.35842E+00  1.22960E+01 -3.18358E+00 -1.51524E+02  8.85815E-01  1.74925E+04  3.23873E+04  2.92789E+04  4.49496E+02 -2.63665E+03  3.41288E+03  1.63617E-04  0.00000E+00  6.43507E-05
       3       1       8  3.61513E-04  3.57222E-04  3.61513E-06  2.65158E+00  2.00148E+00  1.78608E+01 -1.96661E+00 -8.86761E+01 -2.28120E+01  6.78793E+03  1.34265E+04  2.17173E+04 -1.90210E+02  9.65716E+02  2.42328E+03  2.12370E-04  0.00000E+00  1.44852E-04
       3       1       9  3.82086E-04  4.57624E-04  3.82086E-06  3.48117E+00  2.72741E+00  2.38074E+01 -3.90693E+00 -4.17777E+01 -1.70058E+01  2.94174E+03  4.52968E+03  6.03700E+03  2.18243E+02 -5.61754E+01  1.14444E+03  1.61401E-04  0.00000E+00  2.96223E-04
       3       1      10  1.73850E-04  1.83917E-04  1.73850E-06  1.10676E+01  8.44022E+00  6.62165E+01 -5.63280E+00 -1.23676E+02 -8.25224E-01  7.58865E+03  2.40938E+04  1.37628E+04  5.82265E+02 -1.52823E+03  1.66104E+03  1.21629E-04  0.00000E+00  6.22886E-05
       3       2       1  1.25649E-03  1.22272E-03  1.25649E-05  1.85733E-01  1.42985E-01  5.68927E-01 -3.75726E+01  6.18810E+01 -1.64710E+01  2.50305E+04  2.46283E+04  4.14262E+04  5.38091E+02  1.90561E+03  7.68863E+03  1.04798E-04  3.17971E-04  7.99946E-04
       3       2       2  3.61208E-04  3.88538E-04  3.61208E-06  4.33143E-01  3.46752E-01  1.40643E+00  9.79030E+00  7.22468E+01 -3.07359E+01  2.09369E+04  2.49866E+04  5.36030E+04  6.69380E+03  5.13750E+03  1.42457E+04  1.76700E-04  7.91027E-06  2.03928E-04
       3       2       3  6.20837E-04  7.00437E-04  6.20837E-06  6.26707E-01  4.78335E-01  2.08365E+00 -1.04492E+00  1.56397E+01 -9.12173E+00  1.17723E+04  8.24020E+03  2.55758E+04  6.42030E+03  5.37848E+03  7.29635E+03  9.70073E-05  1.01414E-07  6.03328E-04
       3       2       4  8.97545E-04  5.28424E-04  8.97545E-06  1.09807E+00  8.40087E-01  3.28358E+00  2.30739E+01 -1.53851E-02 -1.90269E+01  4.22618E+04  4.68898E+04  4.64596E+04  1.15549E+03 -1.16249E+04  1.04694E+04  3.56153E-04  5.47479E-05  1.17522E-04
       3       2       5  8.38090E-04  9.22948E-04  8.38090E-06  1.62941E+00  1.23410E+00  4.86637E+00  2.73954E+00  2.69555E+01 -1.25849E+01  1.57987E+04  1.81875E+04  2.89734E+04  1.92660E+03 -2.23058E+03  5.45704E+03  7.16286E-04  3.82740E-06  2.02834E-04
       3       2       6  7.13344E-04  7.41541E-04  7.13344E-06  2.18283E+00  1.67184E+00  6.48877E+00  1.10627E+00  1.22931E+01 -7.14966E+00  6.41276E+03  7.00643E+03  2.26102E+04  1.62569E+03  2.07283E+03  6.29804E+03  2.99116E-04  3.44807E-06  4.38977E-04
       3       2       7  6.99968E-04  6.21399E-04  6.99968E-06  3.65400E+00  2.90298E+00  1.13066E+01  5.40131E+00 -1.24048E+02  6.63055E+01  1.89312E+04  2.76669E+04  4.01608E+04  4.05735E+02 -5.50658E+03  8.62972E+03  3.67123E-04  2.12360E-05  2.33041E-04
       3       2       8  1.15161E-03  1.13986E-03  1.15161E-05  5.42947E+00  4.29365E+00  1.67161E+01  4.59372E+00 -8.21411E+01  4.68067E+01  8.68360E+03  1.30454E+04  2.28467E+04  9.67152E+02 -4.43731E+02  5.13401E+03  7.08761E-04  3.05512E-07  4.30788E-04
       3       2       9  1.29992E-03  1.29778E-03  1.29992E-05  7.74655E+00  6.21827E+00  2.26817E+01 -1.79448E+00 -2.69943E+01  1.79917E+01  2.55737E+03  3.56031E+03  8.27867E+03  8.04856E+02  3.56569E+02  2.18947E+03  3.32405E-04  0.00000E+00  9.65373E-04
       3       2      10  6.00141E-04  5.47627E-04  6.00141E-06  2.07301E+01  1.64059E+01  6.56543E+01  9.77857E-01 -6.12082E+01  2.90717E+01  5.43485E+03  1.29581E+04  2.21780E+04  1.64330E+03  6.64765E+02  6.06641E+03  1.87694E-04  0.00000E+00  3.59932E-04
       3       3       1  2.10697E-03  2.13524E-03  2.10697E-05  2.80628E-01  2.16804E-01  4.81474E-01 -6.93894E+01  9.30471E+01 -5.21081E+00  2.38582E+04  2.46938E+04  2.90182E+04 -2.73788E+03 -1.66640E+02  1.16097E+03  7.50010E-05  1.68520E-03  3.75047E-04
       3       3       2  6.18095E-04  6.06725E-04  6.18095E-06  7.11422E-01  5.66903E-01  1.20525E+00 -5.16381E+01  8.37126E+01 -2.83780E+01  3.03149E+04  2.60147E+04  3.93224E+04  5.75977E+03  2.41125E+03  6.96426E+03  1.12099E-04  3.71748E-04  1.22878E-04
       3       3       3  1.05191E-03  1.11972E-03  1.05191E-05  1.05218E+00  8.26248E-01  1.79722E+00 -1.44631E+01  2.31531E+01 -6.64504E+00  1.10612E+04  8.69429E+03  2.16103E+04  4.70419E+03  3.41333E+03  5.45348E+03  6.21380E-05  7.33438E-04  3.24144E-04
       3       3       4  1.59598E-03  1.20857E-03  1.59598E-05  1.60359E+00  1.25640E+00  2.82483E+00  9.35835E+01 -1.15608E+02 -1.51443E+01  4.42764E+04  5.24068E+04  4.13741E+04 -1.57901E+04 -2.85961E+03  7.03308E+03  2.97789E-04  7.28699E-04  1.82082E-04
       3       3       5  1.55168E-03  1.92752E-03  1.55168E-05  2.56185E+00  2.00953E+00  4.13336E+00  5.04338E+01 -4.50203E+01 -7.48104E+00  2.40528E+04  2.03679E+04  2.66972E+04  1.20693E+03  5.41058E+02  5.77806E+03  6.04864E-04  1.02442E-03  2.98237E-04
       3       3       6  1.45764E-03  1.91653E-03  1.45764E-05  3.23653E+00  2.51122E+00  5.67587E+00  3.79843E+01 -4.13216E+01 -1.24604E+00  1.15185E+04  1.09065E+04  1.75630E+04 -1.89706E+02  3.00310E+03  5.69095E+03  2.53021E-04  9.90883E-04  6.72626E-04
       3       3       7  1.40801E-03  1.38148E-03  1.40801E-05  5.69178E+00  4.51637E+00  9.77323E+00  8.92079E+01 -1.25380E+02  3.93261E+01  2.75170E+04  2.92236E+04  3.25732E+04 -7.06843E+03  6.06503E+02  6.98323E+03  2.40070E-04  8.77159E-04  2.64254E-04
       3       3       8  2.13726E-03  2.68301E-03  2.13726E-05  8.54131E+00  6.81359E+00  1.44835E+01  5.68801E+01 -8.31852E+01  2.66219E+01  1.44267E+04  1.41356E+04  1.88353E+04 -1.61899E+03  6.12583E+02  3.57569E+03  5.27785E-04  1.64370E-03  5.11531E-04
       3       3       9  2.74474E-03  2.87261E-03  2.74474E-05  1.16562E+01  9.12578E+00  1.96874E+01  3.14880E+01 -3.67511E+01  9.15407E+00  5.36306E+03  5.00121E+03  8.10756E+03 -9.13031E+01  9.80284E+02  1.99805E+03  1.85408E-04  1.55675E-03  1.13045E-03
       3       3      10  1.44279E-03  1.64866E-03  1.44279E-05  3.57352E+01  2.77842E+01  6.09535E+01  2.02651E+01 -2.09989E+01  4.29557E+00  7.84915E+03  5.24696E+03  1.98072E+04  4.46743E+03  4.14902E+03  5.67274E+03  0.00000E+00  8.48408E-04  8.00250E-04
       3       4       1  2.92364E-03  3.34761E-03  2.92364E-05  3.98393E-01  3.06640E-01  3.54769E-01  1.86989E+01 -2.34039E+01 -6.68319E+00  2.97146E+04  3.56737E+04  2.01297E+04 -1.11187E+04  3.83501E+02  8.76756E+02  5.99248E-05  2.95489E-03  3.32791E-04
       3       4       2  8.83502E-04  9.64503E-04  8.83502E-06  9.69671E-01  7.64573E-01  8.65072E-01  3.65344E+01 -3.52020E+01 -1.81341E+01  3.52255E+04  3.54623E+04  2.10017E+04 -2.84480E+03  6.90113E+02  2.65768E+03  9.27850E-05  7.47479E-04  1.24240E-04
       3       4       3  1.47738E-03  1.61388E-03  1.47738E-05  1.41441E+00  1.10314E+00  1.26521E+00  2.79559E+01 -3.31978E+01 -5.47615E+00  1.58704E+04  1.90360E+04  1.17668E+04 -4.60721E+03  4.88347E+02  1.99514E+03  3.64760E-05  1.20149E-03  3.75912E-04
       3       4       4  2.38398E-03  1.85778E-03  2.38398E-05  2.22090E+00  1.71702E+00  2.02147E+00  7.24380E+01 -9.10583E+01 -4.96430E+00  4.84267E+04  5.92709E+04  2.79918E+04 -2.46520E+04 -5.27738E+03  1.31283E+03  2.70597E-04  1.49418E-03  9.30103E-05
       3       4       5  2.46074E-03  3.36288E-03  2.46074E-05  3.34793E+00  2.60893E+00  3.01825E+00  4.64158E+01 -5.85476E+01 -2.52059E+00  2.65727E+04  2.87244E+04  1.91573E+04 -8.01131E+02 -2.40511E+02  3.38559E+03  5.27266E-04  2.63734E-03  1.98273E-04
       3       4       6  2.62788E-03  3.25542E-03  2.62788E-05  4.75313E+00  3.65684E+00  4.03284E+00  2.78502E+01 -3.57526E+01 -5.61945E+00  1.46642E+04  1.27483E+04  7.90676E+03  1.28136E+02  9.39768E+02  1.46426E+03  2.19197E-04  2.64190E-03  3.94315E-04
       3       4       7  2.74244E-03  2.59165E-03  2.74244E-05  7.72900E+00  6.03562E+00  6.90296E+00  1.16119E+02 -1.63034E+02  1.70163E+01  3.69615E+04  4.47802E+04  2.29838E+04 -1.37565E+04  6.58010E+02  3.07566E+03  2.20495E-04  2.13278E-03  2.38366E-04
       3       4       8  3.46548E-03  4.55195E-03  3.46548E-05  1.17338E+01  9.13872E+00  1.03054E+01  6.68706E+01 -9.35971E+01  1.20586E+01  2.02403E+04  1.96604E+04  1.40720E+04  7.33608E+02  1.50128E+02  1.41577E+03  3.99994E-04  3.66241E-03  4.89552E-04
       3       4       9  5.14038E-03  6.25603E-03  5.14038E-05  1.61831E+01  1.25623E+01  1.42876E+01  3.79731E+01 -4.75418E+01  2.21568E+00  8.41364E+03  7.66148E+03  5.71612E+03  1.32860E+03  5.66594E+02  7.46791E+02  1.80607E-04  4.88788E-03  1.18754E-03
       3       4      10  3.80507E-03  4.67851E-03  3.80507E-05  4.97873E+01  3.82768E+01  4.19031E+01  3.48674E+01 -4.44374E+01 -5.12100E+00  1.47150E+04  1.01860E+04  9.27500E+03  8.19310E+03  8.04259E+02  6.88155E+02  0.00000E+00  4.42059E-03  2.57919E-04
       3       5       1  3.60068E-03  3.32378E-03  3.60068E-05  4.30209E-01  3.31844E-01  2.32476E-01  2.84107E+01 -3.42848E+01 -8.72216E+00  2.62530E+04  3.28039E+04  2.81185E+04 -1.08500E+04 -4.05031E+02  1.03333E+03  5.70253E-05  2.97958E-03  2.87170E-04
       3       5       2  1.12323E-03  1.14945E-03  1.12323E-05  1.09547E+00  8.55387E-01  5.95111E-01  4.75857E+01 -5.49478E+01 -1.09751E+01  4.50031E+04  3.89109E+04  2.46887E+04  6.72465E+03 -1.29099E+03 -1.48982E+02  6.93172E-05  9.16881E-04  1.63250E-04
       3       5       3  1.83903E-03  1.80776E-03  1.83903E-05  1.57147E+00  1.22752E+00  8.57271E-01  3.84964E+01 -4.91929E+01 -1.49884E+00  2.49708E+04  2.36591E+04  1.53788E+04  2.89306E+03  1.93869E+03  2.95313E+02  3.34955E-05  1.40988E-03  3.64387E-04
       3       5       4  3.14523E-03  2.19503E-03  3.14523E-05  2.49965E+00  1.94475E+00  1.34397E+00  5.94626E+01 -7.31986E+01 -1.24396E+01  4.05310E+04  4.27293E+04  4.35799E+04 -8.03383E+03 -1.01599E+03 -1.35759E+03  2.63633E-04  1.86261E-03  6.87873E-05
       3       5       5  3.46314E-03  3.88169E-03  3.46314E-05  3.82975E+00  2.97556E+00  2.10160E+00  3.68881E+01 -5.25392E+01 -3.92827E+00  2.47493E+04  2.55821E+04  2.08668E+04  2.88289E+03 -1.65160E+03  1.30333E+03  4.78850E-04  3.25050E-03  1.52343E-04
       3       5       6  4.16845E-03  4.19871E-03  4.16845E-05  5.26170E+00  4.06743E+00  2.79347E+00  3.84375E+01 -4.15789E+01 -1.10358E+00  2.00701E+04  1.63266E+04  1.09800E+04  3.75555E+03  2.46569E+02  8.56625E+02  1.97973E-04  3.57241E-03  4.28324E-04
       3       5       7  5.18287E-03  3.13342E-03  5.18287E-05  8.70277E+00  6.78189E+00  4.55407E+00  8.64828E+01 -1.12906E+02  1.81494E+01  3.69558E+04  3.43569E+04  2.76397E+04  3.75286E+03  1.87786E+03  3.64810E+03  1.95750E-04  2.42065E-03  5.17023E-04
       3       5       8  5.47161E-03  5.98841E-03  5.47161E-05  1.31846E+01  1.02763E+01  6.86593E+00  5.16780E+01 -7.05834E+01  1.22113E+01  2.17331E+04  1.82386E+04  1.29760E+04  6.71420E+03  1.74593E+03  2.92581E+03  3.50503E-04  4.31373E-03  1.32417E-03
       3       5       9  8.42994E-03  1.00309E-02  8.42994E-05  1.87235E+01  1.44898E+01  9.43480E+00  2.33553E+01 -3.20616E+01  2.03655E+00  7.81037E+03  6.08364E+03  4.04295E+03  2.86463E+03  7.29309E+02  1.09857E+03  1.59924E-04  5.64450E-03  4.22644E-03
       3       5      10  9.96689E-03  5.60815E-03  9.96689E-05  5.49984E+01  4.20669E+01  2.97057E+01  3.15954E+01 -3.57945E+01  2.39510E+00  1.73619E+04  1.13654E+04  5.69243E+03  1.08195E+04  9.52841E+02  1.33410E+03  0.00000E+00  4.80490E-03  8.03242E-04
       3       6       1  3.99376E-03  3.99838E-03  3.99376E-05  4.61398E-01  3.55999E-01  7.73833E-02  6.34586E+01 -8.32931E+01 -5.11029E+00  2.47052E+04  3.35551E+04  2.44282E+04 -1.51393E+04 -1.12241E+02  4.68192E+02  5.74924E-05  3.70439E-03  2.36498E-04
       3       6       2  1.27246E-03  1.32372E-03  1.27246E-05  1.18605E+00  9.21197E-01  2.00286E-01  6.31553E+01 -7.83522E+01 -1.09346E+01  3.97716E+04  3.80998E+04  2.09187E+04  2.84956E+03 -4.10759E+02 -1.41522E+03  3.88710E-05  1.14622E-03  1.38632E-04
       3       6       3  2.05270E-03  2.06509E-03  2.05270E-05  1.66914E+00  1.30010E+00  2.75816E-01  4.27386E+01 -5.33055E+01 -3.34657E+00  2.69329E+04  2.56032E+04  1.47195E+04  4.75151E+03 -1.48961E+03 -1.68303E+03  6.07135E-05  1.57413E-03  4.30249E-04
       3       6       4  3.63734E-03  3.02126E-03  3.63734E-05  2.69638E+00  2.08766E+00  4.51751E-01  5.51570E+01 -7.42254E+01 -6.55810E+00  4.36844E+04  5.39156E+04  3.59562E+04 -1.57240E+04 -5.17118E+02  2.29794E+02  2.58659E-04  2.49645E-03  2.66154E-04
       3       6       5  4.18150E-03  4.71847E-03  4.18150E-05  4.11144E+00  3.19040E+00  6.74412E-01  3.36303E+01 -4.59299E+01 -5.30656E+00  3.14641E+04  3.09870E+04  1.57703E+04  3.80583E+02  1.69182E+03  3.14527E+03  4.50332E-04  3.80575E-03  4.62383E-04
       3       6       6  5.40496E-03  6.28998E-03  5.40496E-05  5.61979E+00  4.30859E+00  9.90918E-01  4.17947E+01 -5.68559E+01 -4.36062E+00  2.30855E+04  2.56178E+04  1.06323E+04 -1.74455E+03  2.36884E+03  1.70509E+03  1.97973E-04  5.21313E-03  8.78880E-04
       3       6       7  7.78136E-03  6.06384E-03  7.78136E-05  9.30569E+00  7.24680E+00  1.68008E+00  1.25740E+02 -1.65252E+02  1.13398E+01  4.42926E+04  5.22718E+04  1.60110E+04 -1.12534E+04  2.20453E+03  3.24739E+03  1.90948E-04  4.90148E-03  9.71413E-04
       3       6       8  7.89253E-03  1.01401E-02  7.89253E-05  1.40931E+01  1.09782E+01  2.50402E+00  7.90693E+01 -1.02842E+02  7.14870E+00  2.82642E+04  2.70918E+04  8.05136E+03  3.17404E+03  1.04224E+03  1.64190E+03  3.31666E-04  8.09364E-03  1.71477E-03
       3       6       9  1.12248E-02  1.32046E-02  1.12248E-04  1.95104E+01  1.52670E+01  3.75908E+00  4.46093E+01 -5.71175E+01  2.29061E+00  1.55265E+04  1.34982E+04  3.26087E+03  4.45289E+03  4.41834E+02  7.27426E+02  1.48844E-04  9.03803E-03  4.01777E-03
       3       6      10  1.86978E-02  2.22660E-02  1.86978E-04  5.92381E+01  4.57492E+01  9.52185E+00  3.44405E+01 -4.41067E+01  1.70169E+00  1.99738E+04  1.34989E+04  1.20707E+03  1.23353E+04  3.38304E+01  2.21451E+02  0.00000E+00  2.05789E-02  1.68716E-03
       4       1       1  4.15939E-04  3.59008E-04  4.15939E-06  5.74793E-02  7.28665E-02  5.20462E-01  4.20075E+00  2.80674E+01  3.50646E+00  2.84817E+04  3.22514E+04  7.42523E+04  8.39756E+03  9.15078E+03  1.04850E+04  4.50311E-05  0.00000E+00  3.13977E-04
       4       1       2  1.18422E-04  9.87793E-05  1.18422E-06  1.73331E-01  2.25302E-01  1.47163E+00  5.68431E+00  9.75578E+01 -2.42410E+01  3.10416E+04  3.49054E+04  7.43181E+04  6.41541E+03  6.45342E+03  1.50994E+04  4.81008E-05  0.00000E+00  5.06785E-05
       4       1       3  2.04301E-04  1.34235E-04  2.04301E-06  2.46085E-01  3.30186E-01  2.14829E+00 -1.50283E+01  2.54819E+01 -2.14110E+00  2.74387E+04  3.33487E+04  4.68716E+04  5.99720E+03  8.06226E+03  9.77117E+03  3.69444E-05  0.00000E+00  9.72906E-05
       4       1       4  2.87852E-04  1.48320E-04  2.87852E-06  3.69816E-01  4.82404E-01  3.53076E+00 -2.85483E+00  3.45093E+01 -1.08687E+01  3.34338E+04  4.28719E+04  4.60163E+04  4.80372E+03 -6.14578E+02  4.74558E+03  1.00479E-04  0.00000E+00  4.78412E-05
       4       1       5  2.63726E-04  2.67013E-04  2.63726E-06  5.38209E-01  6.95279E-01  5.20426E+00  2.06557E+00  2.50441E+01 -2.96971E+00  1.26215E+04  1.68451E+04  3.13504E+04  1.06089E+03  1.06350E+03  1.78833E+03  1.84709E-04  0.00000E+00  8.23039E-05
       4       1       6  2.13398E-04  2.52543E-04  2.13398E-06  7.76176E-01  9.92984E-01  6.92656E+00  5.77580E-01  9.16729E+00  8.17958E+00  4.10552E+03  5.62530E+03  2.03289E+04  1.52290E+02  1.78636E+03  1.84417E+03  8.58880E-05  0.00000E+00  1.66655E-04
       4       1       7  2.15819E-04  1.57580E-04  2.15819E-06  1.26052E+00  1.60438E+00  1.21525E+01 -1.53363E+01 -1.41595E+02  1.03213E+01  1.75523E+04  3.07894E+04  3.28106E+04  1.89680E+03 -1.71463E+03  2.35351E+03  1.04523E-04  0.00000E+00  5.30575E-05
       4       1       8  3.61461E-04  4.14523E-04  3.61461E-06  1.95053E+00  2.47336E+00  1.78468E+01  9.47430E+00 -7.42437E+01  1.39357E+01  7.21503E+03  1.10284E+04  2.42841E+04 -7.46743E+02  1.62631E+03  2.14090E+03  2.22711E-04  0.00000E+00  1.91811E-04
       4       1       9  3.81989E-04  6.09792E-04  3.81989E-06  2.83495E+00  3.67514E+00  2.46908E+01 -2.77432E+00 -1.45365E+01  7.78755E+00  1.17030E+03  1.94446E+03  7.26690E+03  4.66221E+02  7.26468E+02  5.94121E+02  8.27319E-05  0.00000E+00  5.27060E-04
       4       1      10  1.73807E-04  1.97348E-04  1.73807E-06  8.37289E+00  1.12293E+01  6.93365E+01 -9.94640E-01 -7.82473E+01  2.23127E+01  6.37844E+03  1.55047E+04  1.86930E+04  4.61098E+02  8.29073E+02  1.91784E+03  8.85111E-05  0.00000E+00  1.08837E-04
       4       2       1  1.25565E-03  1.16498E-03  1.25565E-05  1.42208E-01  1.86673E-01  5.43040E-01 -6.05806E+01  5.41606E+01 -1.03516E+01  2.62380E+04  2.59006E+04  4.27935E+04 -5.65026E+02  3.16072E+03  5.69097E+03  7.51362E-05  3.91900E-04  6.97945E-04
       4       2       2  3.60905E-04  2.93618E-04  3.60905E-06  3.53197E-01  4.51809E-01  1.40142E+00  1.13859E+01  6.77548E+01 -3.49790E+01  2.11060E+04  3.35428E+04  5.91954E+04  1.05800E+04  1.13786E+04  1.16706E+04  1.22355E-04  9.43148E-06  1.61831E-04
       4       2       3  6.20456E-04  5.30007E-04  6.20456E-06  4.99446E-01  6.54975E-01  2.08115E+00  4.10886E+00  1.80999E+01 -2.13303E+00  9.25909E+03  1.48346E+04  2.86398E+04  9.39374E+03  9.66137E+03  8.29444E+03  5.45166E-05  2.02827E-07  4.75288E-04
       4       2       4  8.96638E-04  3.53655E-04  8.96638E-06  8.57332E-01  1.12526E+00  3.26609E+00  5.01641E+01 -1.68098E+01 -3.29238E+01  3.73825E+04  5.21386E+04  5.57929E+04 -6.65660E+01 -1.31626E+03  7.17808E+03  1.78740E-04  6.36706E-05  1.11244E-04
       4       2       5  8.37231E-04  5.68686E-04  8.37231E-06  1.24585E+00  1.60160E+00  4.81227E+00  1.25154E+00  1.95873E+01 -1.91040E+01  1.14120E+04  2.09714E+04  3.83148E+04  2.23317E+03  3.05007E+03  7.15536E+03  3.54164E-04  1.13057E-05  2.03217E-04
       4       2       6  7.12497E-04  5.98413E-04  7.12497E-06  1.71417E+00  2.22057E+00  6.64261E+00  1.70358E+00  9.28317E+00 -1.90407E+00  3.80297E+03  7.35835E+03  2.61715E+04  2.29902E+03  5.47893E+03  5.78529E+03  1.62491E-04  7.20037E-06  4.28722E-04
       4       2       7  6.99292E-04  5.39712E-04  6.99292E-06  3.05626E+00  3.96934E+00  1.10912E+01  4.15542E+01 -1.08743E+02  5.42440E+01  1.97189E+04  2.63615E+04  4.22073E+04 -3.85741E+03  9.62147E+02  8.43788E+03  2.33053E-04  6.84575E-05  2.38202E-04
       4       2       8  1.15078E-03  1.05442E-03  1.15078E-05  4.40162E+00  5.64886E+00  1.66765E+01 -5.48968E+00 -6.00924E+01  3.15415E+01  5.41059E+03  1.17746E+04  2.71559E+04  2.63461E+03  3.67779E+03  4.69400E+03  4.56872E-04  5.49922E-06  5.92053E-04
       4       2       9  1.29819E-03  1.54815E-03  1.29819E-05  6.02620E+00  8.07172E+00  2.29815E+01  2.94866E+00 -1.38288E+01  6.45427E+00  1.13328E+03  2.58127E+03  8.11462E+03  3.07205E+02  1.87429E+03  2.02312E+03  1.78760E-04  1.22205E-06  1.36816E-03
       4       2      10  5.99152E-04  5.74044E-04  5.99152E-06  1.64866E+01  2.14238E+01  6.33240E+01 -1.44863E-01 -8.47935E+01  3.75750E+01  5.46906E+03  1.77445E+04  2.03856E+04  1.43257E+03 -1.18215E+03  3.57459E+03  2.79339E-04  0.00000E+00  2.94704E-04
       4       3       1  2.10353E-03  2.16189E-03  2.10353E-05  2.15356E-01  2.80831E-01  4.79961E-01 -8.76124E+01  6.80135E+01 -1.03995E+01  2.53257E+04  2.28526E+04  2.74540E+04 -1.40491E+03 -7.68171E+02  7.86121E+02  7.58761E-05  1.66045E-03  4.25557E-04
       4       3       2  6.16743E-04  6.64167E-04  6.16743E-06  5.48381E-01  7.04877E-01  1.22872E+00 -6.16181E+01  7.89097E+01 -3.34384E+01  2.42102E+04  2.76274E+04  4.19336E+04  4.69233E+03  5.16329E+02  4.26868E+03  1.45171E-04  4.18939E-04  1.00057E-04
       4       3       3  1.05034E-03  1.04002E-03  1.05034E-05  8.24603E-01  1.06396E+00  1.81897E+00 -2.06957E+01  2.15329E+01 -4.64771E+00  8.54585E+03  1.17072E+04  2.01011E+04  6.01898E+03  4.27056E+03  4.47382E+03  7.63153E-05  7.26023E-04  2.37679E-04
       4       3       4  1.59190E-03  1.09104E-03  1.59190E-05  1.24409E+00  1.60462E+00  2.81618E+00  1.39461E+02 -9.30200E+01 -1.62596E+01  5.52644E+04  4.75308E+04  3.85843E+04 -1.66801E+04  1.97527E+03  5.13584E+03  2.04606E-04  7.19224E-04  1.67212E-04
       4       3       5  1.54733E-03  1.67862E-03  1.54733E-05  1.99776E+00  2.58901E+00  4.12225E+00  7.27260E+01 -4.17167E+01 -8.13118E+00  2.27060E+04  2.38105E+04  2.63934E+04  1.59616E+03  2.62218E+03  4.21892E+03  3.91636E-04  1.06182E-03  2.25164E-04
       4       3       6  1.45298E-03  1.57756E-03  1.45298E-05  2.45476E+00  3.20178E+00  5.70378E+00  5.73219E+01 -3.58740E+01  5.29232E-01  1.21994E+04  1.17035E+04  1.93441E+04 -6.40292E+02  4.51813E+03  4.26991E+03  1.60501E-04  9.84714E-04  4.32343E-04
       4       3       7  1.40330E-03  1.40691E-03  1.40330E-05  4.44973E+00  5.74388E+00  9.84542E+00  1.02276E+02 -9.72108E+01  4.56555E+01  2.78482E+04  2.59610E+04  3.36666E+04 -4.82501E+03  3.82337E+02  4.60903E+03  2.98056E-04  8.19968E-04  2.88885E-04
       4       3       8  2.13315E-03  2.66716E-03  2.13315E-05  6.62897E+00  8.53008E+00  1.45344E+01  7.34111E+01 -6.37340E+01  2.10380E+01  1.43230E+04  1.32321E+04  1.86989E+04 -1.56862E+03  1.96956E+03  3.02828E+03  4.48377E-04  1.62860E-03  5.90183E-04
       4       3       9  2.73511E-03  3.26530E-03  2.73511E-05  9.14028E+00  1.18268E+01  1.96492E+01  3.36339E+01 -2.75099E+01  6.23437E+00  4.67814E+03  4.63139E+03  6.87975E+03  1.55851E+01  7.86024E+02  1.02903E+03  2.88454E-04  1.65282E-03  1.32403E-03
       4       3      10  1.43410E-03  1.50033E-03  1.43410E-05  2.63737E+01  3.36332E+01  5.78322E+01  2.69437E+01 -5.22060E+01  3.01834E+01  7.14914E+03  1.16668E+04  2.02510E+04  3.21557E+03 -1.66894E+03  1.95735E+03  3.60143E-04  8.42603E-04  2.97581E-04
       4       4       1  2.91541E-03  3.21143E-03  2.91541E-05  3.04800E-01  3.96521E-01  3.51083E-01  3.18840E+01 -2.19479E+01 -3.01936E+00  3.67400E+04  2.91065E+04  2.10704E+04 -1.29706E+04 -3.93516E+02 -4.66986E+01  7.48537E-05  2.79936E-03  3.37220E-04
       4       4       2  8.79913E-04  1.09276E-03  8.79913E-06  7.55713E-01  9.81227E-01  8.61289E-01  4.54943E+01 -1.59493E+01 -2.86847E+01  3.63284E+04  3.51927E+04  2.28748E+04 -1.12652E+03 -5.09592E+02  2.36469E+03  1.46909E-04  8.63722E-04  8.21253E-05
       4       4       3  1.47358E-03  1.36489E-03  1.47358E-05  1.06218E+00  1.37020E+00  1.24413E+00  4.03723E+01 -2.92320E+01 -1.20385E+01  2.02259E+04  1.79309E+04  1.25793E+04 -5.89076E+03  1.64159E+03 -4.81533E+01  7.77962E-05  1.08316E-03  2.03936E-04
       4       4       4  2.37311E-03  1.75156E-03  2.37311E-05  1.70213E+00  2.20445E+00  2.01561E+00  1.01291E+02 -6.91745E+01 -4.17898E+00  6.33569E+04  4.82656E+04  2.66195E+04 -2.44915E+04 -4.06505E+03  1.59258E+03  2.07590E-04  1.44195E-03  1.02016E-04
       4       4       5  2.44724E-03  3.73555E-03  2.44724E-05  2.60873E+00  3.40692E+00  2.99349E+00  6.51826E+01 -4.06282E+01 -2.81355E+00  2.72739E+04  2.80177E+04  1.71474E+04 -6.76803E+02  1.00372E+03  1.62046E+03  3.74724E-04  3.15610E-03  2.04721E-04
       4       4       6  2.61202E-03  2.78869E-03  2.61202E-05  3.56625E+00  4.68038E+00  3.94163E+00  4.01077E+01 -2.79142E+01  1.35534E+00  1.62697E+04  1.56559E+04  9.35431E+03  2.53046E+03  1.62420E+03  1.96447E+03  1.61164E-04  2.21610E-03  4.11430E-04
       4       4       7  2.71960E-03  2.66457E-03  2.71960E-05  5.97112E+00  7.74485E+00  6.92592E+00  1.48620E+02 -1.31143E+02  2.19179E+01  4.42751E+04  3.68679E+04  2.38647E+04 -1.36378E+04  3.27858E+02  2.79733E+03  2.69987E-04  2.17984E-03  2.14741E-04
       4       4       8  3.44984E-03  4.77384E-03  3.44984E-05  9.03074E+00  1.17362E+01  1.03850E+01  8.51214E+01 -7.75022E+01  1.46661E+01  1.92809E+04  1.96320E+04  1.45447E+04  2.32746E+02 -6.22058E+02  5.92030E+02  5.90203E-04  3.74560E-03  4.38043E-04
       4       4       9  5.10722E-03  5.97471E-03  5.10722E-05  1.25809E+01  1.62357E+01  1.42047E+01  4.92443E+01 -3.89174E+01  2.40281E+00  8.04984E+03  8.27907E+03  5.79221E+03  1.29119E+03  2.06282E+02  4.90387E+02  1.83561E-04  4.85628E-03  9.34862E-04
       4       4      10  3.75037E-03  5.10347E-03  3.75037E-05  3.73639E+01  4.87262E+01  4.16152E+01  4.27701E+01 -3.81790E+01  9.61198E+00  1.03531E+04  1.46047E+04  1.12772E+04  7.83615E+03 -4.99580E+02  2.99060E+02  3.34055E-04  4.45498E-03  3.14431E-04
       4       5       1  3.58665E-03  3.35014E-03  3.58665E-05  3.33693E-01  4.34988E-01  2.32691E-01  3.52045E+01 -2.27622E+01 -1.68192E+00  3.07793E+04  2.49201E+04  2.77015E+04 -1.12468E+04 -4.73947E+02  8.51519E+01  8.10095E-05  2.99198E-03  2.77145E-04
       4       5       2  1.11649E-03  1.14207E-03  1.11649E-05  8.51511E-01  1.10084E+00  5.97001E-01  5.61172E+01 -3.18938E+01 -2.62303E+01  3.69597E+04  3.77856E+04  2.75765E+04  4.14050E+03 -2.29747E+03 -5.05664E+01  1.33633E-04  9.18710E-04  8.97245E-05
       4       5       3  1.83245E-03  1.62223E-03  1.83245E-05  1.19878E+00  1.55000E+00  8.33274E-01  5.38776E+01 -4.35672E+01 -4.41733E+00  2.54847E+04  2.73135E+04  1.76100E+04  1.99490E+03 -8.07979E+02  1.40835E+03  8.16236E-05  1.35675E-03  1.83857E-04
       4       5       4  3.12485E-03  2.05333E-03  3.12485E-05  1.94542E+00  2.52388E+00  1.33476E+00  7.93232E+01 -5.69760E+01 -1.02959E+01  4.53958E+04  4.12462E+04  4.07743E+04 -8.47077E+03 -1.94155E+03 -5.32072E+02  2.06595E-04  1.78502E-03  6.17195E-05
       4       5       5  3.43395E-03  3.64637E-03  3.43395E-05  2.96171E+00  3.83317E+00  2.10772E+00  5.44703E+01 -3.77447E+01 -8.64367E+00  2.40331E+04  2.69758E+04  2.05239E+04  1.79984E+03 -4.43010E+02 -1.58086E+02  3.66765E-04  3.12588E-03  1.53730E-04
       4       5       6  4.13125E-03  4.16557E-03  4.13125E-05  4.06442E+00  5.26263E+00  2.83343E+00  4.61992E+01 -2.78632E+01 -4.24428E+00  1.66899E+04  1.72497E+04  9.76596E+03  4.26679E+03  1.74097E+02  6.68423E+02  1.58180E-04  3.60978E-03  3.97607E-04
       4       5       7  5.10685E-03  3.03920E-03  5.10685E-05  6.70570E+00  8.72410E+00  4.59366E+00  1.12959E+02 -9.68637E+01  2.39512E+01  3.45744E+04  3.63687E+04  2.90134E+04  1.52680E+03  2.41232E+02  1.32125E+03  2.78851E-04  2.38426E-03  3.76089E-04
       4       5       8  5.41027E-03  5.74653E-03  5.41027E-05  1.01597E+01  1.32546E+01  6.93573E+00  6.59526E+01 -6.34076E+01  1.75675E+01  1.75561E+04  2.14951E+04  1.39164E+04  5.62189E+03  1.93531E+03  2.21397E+03  5.42928E-04  4.26365E-03  9.39949E-04
       4       5       9  8.35011E-03  8.37540E-03  8.35011E-05  1.41952E+01  1.86613E+01  9.49627E+00  3.44892E+01 -3.01950E+01  4.24604E+00  6.65199E+03  8.35571E+03  4.59617E+03  2.87270E+03  8.61363E+02  8.38634E+02  1.99812E-04  5.54013E-03  2.63546E-03
       4       5      10  9.72155E-03  5.73193E-03  9.72155E-05  4.20278E+01  5.44401E+01  2.93723E+01  3.41771E+01 -3.53059E+01  1.13077E+01  1.06741E+04  1.67466E+04  7.86981E+03  9.92066E+03  1.35214E+01  6.53710E+02  3.23298E-04  4.83569E-03  5.72936E-04
       4       6       1  3.97561E-03  4.20512E-03  3.97561E-05  3.58739E-01  4.66733E-01  7.82207E-02  7.61655E+01 -5.99204E+01 -4.57339E+00  3.07732E+04  2.45217E+04  2.49951E+04 -1.49623E+04 -2.01468E+02 -3.63147E+02  8.06876E-05  3.89153E-03  2.32902E-04
       4       6       2  1.26322E-03  1.29435E-03  1.26322E-05  9.14261E-01  1.18462E+00  1.99771E-01  8.51952E+01 -5.84560E+01 -2.47674E+01  3.55566E+04  3.55796E+04  2.42733E+04 -1.00661E+03 -2.50070E+03 -8.49648E+02  1.11664E-04  1.10066E-03  8.20236E-05
       4       6       3  2.04409E-03  1.98120E-03  2.04409E-05  1.28663E+00  1.67467E+00  2.75280E-01  5.49964E+01 -3.94490E+01 -9.36978E+00  2.17794E+04  2.22064E+04  1.46063E+04  2.56417E+02 -5.77989E+02 -1.22489E+03  1.07370E-04  1.65000E-03  2.23839E-04
       4       6       4  3.60945E-03  2.92140E-03  3.60945E-05  2.09030E+00  2.72110E+00  4.60671E-01  7.53759E+01 -6.24687E+01 -5.37044E+00  5.18292E+04  4.19474E+04  3.44704E+04 -2.10700E+04 -1.92351E+02  1.21608E+03  2.03279E-04  2.55826E-03  1.59857E-04
       4       6       5  4.13797E-03  4.26336E-03  4.13797E-05  3.16040E+00  4.12283E+00  6.97978E-01  4.78545E+01 -3.87074E+01 -5.62790E+00  3.07817E+04  2.94984E+04  1.43724E+04 -2.38954E+03  1.83390E+03  1.60951E+03  3.53169E-04  3.62328E-03  2.86918E-04
       4       6       6  5.34672E-03  5.98650E-03  5.34672E-05  4.27409E+00  5.59054E+00  9.45079E-01  5.54217E+01 -4.69405E+01 -1.90321E+00  2.24417E+04  2.13397E+04  1.01819E+04 -5.32438E+03  4.16127E+02  9.25017E+02  1.56522E-04  5.23415E-03  5.95835E-04
       4       6       7  7.63432E-03  5.67982E-03  7.63432E-05  7.19046E+00  9.37066E+00  1.65063E+00  1.76653E+02 -1.33915E+02  1.49664E+01  5.19123E+04  4.34814E+04  1.76685E+04 -1.63158E+04  1.41561E+03  1.36302E+03  3.01011E-04  4.86021E-03  5.18599E-04
       4       6       8  7.73678E-03  9.35996E-03  7.73678E-05  1.09090E+01  1.41496E+01  2.41903E+00  1.11665E+02 -8.29763E+01  8.34163E+00  2.73066E+04  2.76732E+04  8.56612E+03  1.11396E+03  6.60801E+02  3.26244E+02  4.62043E-04  7.95496E-03  9.42959E-04
       4       6       9  1.10889E-02  1.18238E-02  1.10889E-04  1.49638E+01  1.95476E+01  3.40241E+00  6.56081E+01 -4.83598E+01  5.30716E+00  1.43080E+04  1.62144E+04  3.64984E+03  4.07065E+03  1.11345E+02  1.53357E+02  2.59645E-04  9.19941E-03  2.36472E-03
       4       6      10  1.80916E-02  2.11597E-02  1.80916E-04  4.54924E+01  5.90601E+01  9.82671E+00  4.69446E+01 -3.50649E+01  1.38233E+00  1.34836E+04  1.96610E+04  1.95622E+03  1.19918E+04  7.62098E+01 -3.77531E+01  3.18725E-04  2.04237E-02  4.17216E-04
       5       1       1  4.15890E-04  4.85224E-04  4.15890E-06  3.76943E-02  9.65721E-02  5.29431E-01  6.43275E-01  1.38769E+01 -7.26772E+00  1.63167E+04  2.92833E+04  7.88217E+04  6.17405E+03  1.19946E+04  7.23433E+03  3.88937E-05  0.00000E+00  4.46330E-04
       5       1       2  1.18405E-04  1.38471E-04  1.18405E-06  1.10566E-01  2.86586E-01  1.47565E+00 -2.67433E+00  5.35717E+01 -1.55274E+01  1.69601E+04  2.46899E+04  6.97249E+04  5.05923E+03  9.96997E+03  8.65859E+03  4.28906E-05  0.00000E+00  9.55806E-05
       5       1       3  2.04278E-04  2.77772E-04  2.04278E-06  1.66775E-01  4.48807E-01  2.17221E+00  3.57694E+00  1.38620E+01  3.71794E+00  1.44126E+04  1.93618E+04  2.54384E+04  5.08960E+03  3.41669E+03  4.25238E+03  3.19379E-05  0.00000E+00  2.45835E-04
       5       1       4  2.87801E-04  1.36054E-04  2.87801E-06  2.22508E-01  5.35555E-01  3.54504E+00 -1.17996E+00  3.65716E+01 -1.73869E+01  3.57981E+04  4.34648E+04  4.41399E+04  1.98483E+03  2.65451E+02  3.49336E+03  9.31835E-05  0.00000E+00  4.28703E-05
       5       1       5  2.63682E-04  2.27631E-04  2.63682E-06  3.24465E-01  7.87125E-01  5.19217E+00  9.89549E-01  2.59972E+01  1.50220E+00  1.31882E+04  1.73290E+04  3.04133E+04 -1.66082E+02  1.61577E+03  6.08324E+02  1.65144E-04  0.00000E+00  6.24874E-05
       5       1       6  2.13356E-04  1.96099E-04  2.13356E-06  4.69603E-01  1.11938E+00  6.97570E+00 -1.81074E+00  8.43292E+00 -1.79734E+01  4.82016E+03  6.42639E+03  2.13009E+04  2.72380E+02  2.27023E+03  9.63011E+02  7.82609E-05  0.00000E+00  1.17838E-04
       5       1       7  2.15789E-04  1.57634E-04  2.15789E-06  8.08829E-01  1.86494E+00  1.20775E+01  7.00937E+00 -1.19360E+02  5.58768E+01  1.69382E+04  2.68265E+04  3.94038E+04 -1.19564E+03  1.11487E+03  2.18240E+03  9.34427E-05  0.00000E+00  6.41915E-05
       5       1       8  3.61416E-04  2.71955E-04  3.61416E-06  1.16209E+00  2.80657E+00  1.79809E+01 -1.06733E+01 -1.02961E+02  1.50131E+01  9.17157E+03  1.48489E+04  1.88067E+04  1.50497E+03  3.05386E+02  4.06691E+02  1.99443E-04  0.00000E+00  7.25124E-05
       5       1       9  3.81905E-04  2.66284E-04  3.81905E-06  1.44294E+00  3.43260E+00  2.39968E+01  7.94507E+00 -2.87675E+01  9.87279E-01  2.29903E+03  3.39888E+03  1.03905E+04 -5.91965E+02  1.29426E+03  8.49610E+02  6.68503E-05  0.00000E+00  1.99433E-04
       5       1      10  1.73769E-04  1.80600E-04  1.73769E-06  5.26820E+00  1.26292E+01  6.80362E+01 -1.17497E+00 -6.89980E+01  2.71172E+00  6.13539E+03  1.33331E+04  2.33311E+04  3.71823E+02  2.11461E+03  1.73605E+03  7.26723E-05  0.00000E+00  1.07928E-04
       5       2       1  1.25492E-03  1.19112E-03  1.25492E-05  9.03116E-02  2.17540E-01  5.41255E-01 -6.89674E+01  4.15495E+01 -7.34458E+00  2.75805E+04  3.11370E+04  4.98221E+04  1.54380E+03  6.07586E+03  4.40618E+03  5.91558E-05  4.22069E-04  7.09894E-04
       5       2       2  3.60642E-04  2.91629E-04  3.60642E-06  2.17490E-01  5.28766E-01  1.39626E+00  1.38936E+01  4.86919E+01 -2.03826E+01  1.25836E+04  3.53959E+04  6.05321E+04  8.10798E+03  1.46108E+04  7.24092E+03  7.75780E-05  1.23094E-05  2.01742E-04
       5       2       3  6.20127E-04  6.15527E-04  6.20127E-06  3.11503E-01  7.73578E-01  2.08461E+00  8.65550E-01  1.05688E+01 -4.20749E+00  3.48887E+03  1.55112E+04  2.75439E+04  5.44626E+03  1.00493E+04  4.45975E+03  5.24805E-05  3.14383E-06  5.59903E-04
       5       2       4  8.95854E-04  4.11561E-04  8.95854E-06  5.69446E-01  1.39809E+00  3.24947E+00  1.09830E+02 -1.62801E+01 -5.50277E+00  4.92070E+04  4.53255E+04  4.35991E+04 -6.28344E+03  2.01910E+03  4.95602E+03  1.38615E-04  1.68193E-04  1.04753E-04
       5       2       5  8.36489E-04  4.62009E-04  8.36489E-06  7.99909E-01  1.91635E+00  4.83279E+00  8.45455E+00  2.97250E+01 -9.22045E+00  8.39421E+03  2.34969E+04  3.97459E+04  2.81613E+03  6.07643E+03  4.12368E+03  2.72255E-04  2.06739E-05  1.69080E-04
       5       2       6  7.11764E-04  5.73535E-04  7.11764E-06  1.11569E+00  2.75000E+00  6.66105E+00  3.88557E+00  6.73218E+00 -9.09700E+00  1.94797E+03  7.52596E+03  2.48570E+04  1.33052E+03  6.59608E+03  3.20977E+03  1.20044E-04  3.26552E-05  4.20836E-04
       5       2       7  6.98709E-04  4.86285E-04  6.98709E-06  1.91599E+00  4.70074E+00  1.11063E+01  6.63097E+01 -1.07978E+02  1.36673E+01  2.72641E+04  2.40818E+04  3.81439E+04 -4.57173E+03  2.57027E+03  3.86821E+03  1.72112E-04  1.31623E-04  1.82549E-04
       5       2       8  1.15006E-03  7.89003E-04  1.15006E-05  2.66913E+00  6.75585E+00  1.66463E+01  8.55320E+00 -6.07225E+01  3.31863E+00  4.20051E+03  1.24719E+04  2.99632E+04  1.51065E+02  6.03245E+03  3.81373E+03  2.82175E-04  1.81136E-05  4.88715E-04
       5       2       9  1.29670E-03  1.33619E-03  1.29670E-05  3.47255E+00  8.75585E+00  2.32991E+01 -2.46393E+00 -1.81294E+01 -4.56572E-02  1.03329E+03  3.16772E+03  9.49587E+03  6.69960E+02  1.92145E+03  1.05785E+03  1.77283E-04  1.13040E-05  1.14760E-03
       5       2      10  5.98300E-04  5.45305E-04  5.98300E-06  1.10014E+01  2.51038E+01  6.52735E+01  5.30893E+00 -5.60399E+01  2.25220E+01  3.59870E+03  1.40576E+04  2.31839E+04  1.44973E+03  2.64196E+03  2.67943E+03  1.72533E-04  3.88001E-05  3.33972E-04
       5       3       1  2.10055E-03  2.13990E-03  2.10055E-05  1.34871E-01  3.26601E-01  4.81619E-01 -9.84868E+01  4.57693E+01  2.80948E-01  2.54319E+04  2.36965E+04  3.03204E+04 -4.50996E+01  8.89882E+02  3.70191E+02  5.13131E-05  1.64329E-03  4.45298E-04
       5       3       2  6.15579E-04  6.37075E-04  6.15579E-06  3.41843E-01  8.31652E-01  1.21104E+00 -6.77782E+01  5.23433E+01 -1.80137E+01  2.04783E+04  3.43777E+04  4.26717E+04  5.65592E+03  4.85785E+03  3.92585E+03  8.98281E-05  3.88048E-04  1.59198E-04
       5       3       3  1.04898E-03  1.18850E-03  1.04898E-05  5.07366E-01  1.21932E+00  1.80625E+00 -2.37226E+01  1.12599E+01 -7.73194E+00  4.83158E+03  1.20874E+04  2.01507E+04  3.80000E+03  5.44409E+03  2.59264E+03  4.70116E-05  7.51389E-04  3.90099E-04
       5       3       4  1.58839E-03  9.11173E-04  1.58839E-05  7.81846E-01  1.87507E+00  2.80125E+00  1.55224E+02 -5.90775E+01 -8.56611E+00  5.91604E+04  4.15643E+04  4.04289E+04 -1.25749E+04  3.08367E+03  5.66955E+03  1.39941E-04  5.92004E-04  1.79228E-04
       5       3       5  1.54358E-03  1.61643E-03  1.54358E-05  1.24149E+00  2.99993E+00  4.12542E+00  8.42166E+01 -2.58215E+01 -9.04986E+00  2.08067E+04  2.54296E+04  2.58845E+04  1.72923E+03  4.42928E+03  2.93213E+03  2.77229E-04  1.04156E-03  2.97643E-04
       5       3       6  1.44897E-03  1.52727E-03  1.44897E-05  1.53400E+00  3.67478E+00  5.71576E+00  6.41790E+01 -2.55765E+01 -6.72559E+00  1.19587E+04  1.02577E+04  1.66503E+04 -1.27519E+03  4.76855E+03  2.34797E+03  1.15402E-04  9.59345E-04  4.52522E-04
       5       3       7  1.39925E-03  1.12475E-03  1.39925E-05  2.80119E+00  6.68144E+00  9.78193E+00  1.27904E+02 -7.40191E+01  1.77236E+01  3.09282E+04  2.48970E+04  3.25148E+04 -4.30598E+03  3.32376E+03  2.61721E+03  1.56969E-04  7.57033E-04  2.10748E-04
       5       3       8  2.12960E-03  2.45115E-03  2.12960E-05  4.15387E+00  9.90021E+00  1.46082E+01  8.31740E+01 -5.26207E+01  1.79664E+01  1.46559E+04  1.35224E+04  1.79018E+04 -9.51428E+02  1.48041E+03  1.47422E+03  4.21785E-04  1.61451E-03  4.14850E-04
       5       3       9  2.72681E-03  2.90494E-03  2.72681E-05  5.68379E+00  1.37913E+01  1.98444E+01  4.13789E+01 -1.87150E+01  3.08385E+00  4.73055E+03  4.28009E+03  6.43093E+03 -1.62976E+02  1.25399E+03  5.74458E+02  7.16517E-05  1.68477E-03  1.14852E-03
       5       3      10  1.42664E-03  1.30245E-03  1.42664E-05  1.69364E+01  4.02910E+01  6.01048E+01  3.34366E+01 -3.42101E+01  2.00497E+01  4.03350E+03  1.20561E+04  1.89143E+04  2.43798E+03 -7.94718E+02  9.47690E+02  1.98366E-04  8.27633E-04  2.76449E-04
       5       4       1  2.90831E-03  3.47024E-03  2.90831E-05  1.91721E-01  4.65439E-01  3.57183E-01  3.35068E+01 -1.02928E+01 -4.52811E+00  4.06936E+04  2.42628E+04  2.07391E+04 -8.02317E+03  4.04159E+02  4.33524E+02  5.04058E-05  3.04517E-03  3.74655E-04
       5       4       2  8.76832E-04  9.84997E-04  8.76832E-06  4.68500E-01  1.13585E+00  8.67429E-01  5.76073E+01 -1.75547E+01 -1.72027E+01  3.71660E+04  3.40395E+04  2.12275E+04 -2.50677E+03 -7.53314E+02  1.17572E+02  8.42973E-05  7.72027E-04  1.28672E-04
       5       4       3  1.47030E-03  1.61061E-03  1.47030E-05  6.68646E-01  1.63474E+00  1.26928E+00  4.29227E+01 -1.16439E+01 -8.24580E-01  1.97693E+04  1.37365E+04  1.12158E+04 -3.95856E+03  1.12498E+03  3.96274E+02  4.94482E-05  1.18985E-03  3.71317E-04
       5       4       4  2.36376E-03  1.66835E-03  2.36376E-05  1.06658E+00  2.55896E+00  2.01486E+00  1.23703E+02 -5.06299E+01 -1.15333E+01  7.76310E+04  3.82347E+04  2.35814E+04 -1.97028E+04 -1.45674E+03 -5.85793E+02  1.41599E-04  1.44423E-03  8.25178E-05
       5       4       5  2.43568E-03  3.62896E-03  2.43568E-05  1.62734E+00  3.95928E+00  2.99317E+00  7.43691E+01 -2.99465E+01 -4.83536E+00  2.90691E+04  2.76918E+04  1.54258E+04 -2.66154E+03  8.41413E+02  2.49665E+02  2.55343E-04  3.19935E-03  1.74268E-04
       5       4       6  2.59841E-03  2.90014E-03  2.59841E-05  2.34338E+00  5.58347E+00  4.08325E+00  4.73878E+01 -6.63509E+00 -1.29546E+00  1.30135E+04  1.51051E+04  8.12756E+03  2.15638E+03  9.96673E+02  4.05780E+02  1.13744E-04  2.30329E-03  4.83100E-04
       5       4       7  2.70009E-03  2.61718E-03  2.70009E-05  3.75634E+00  9.06423E+00  6.90166E+00  1.82470E+02 -7.99411E+01  3.14523E+01  5.06783E+04  3.06755E+04  2.26582E+04 -1.01574E+04  5.13444E+01  1.79030E+03  2.17171E-04  2.22199E-03  1.78020E-04
       5       4       8  3.43647E-03  4.40172E-03  3.43647E-05  5.69843E+00  1.37166E+01  1.03765E+01  1.07764E+02 -4.96291E+01  1.51399E+01  1.98074E+04  2.00410E+04  1.34647E+04 -8.08963E+01  6.29850E+02  6.77968E+02  2.46349E-04  3.77264E-03  3.82733E-04
       5       4       9  5.07873E-03  5.88571E-03  5.07873E-05  7.90093E+00  1.88163E+01  1.43184E+01  5.85191E+01 -2.48316E+01  6.28445E+00  7.25093E+03  8.66758E+03  5.84280E+03  8.50933E+02  4.70389E+02  4.18180E+02  2.12001E-04  4.80658E-03  8.67126E-04
       5       4      10  3.70388E-03  4.77436E-03  3.70388E-05  2.34764E+01  5.69365E+01  4.23395E+01  5.16790E+01 -2.42239E+01  8.72511E+00  6.46363E+03  1.83272E+04  1.05432E+04  5.76232E+03  4.22717E+01  4.39101E+02  1.99383E-04  4.35050E-03  2.24472E-04
       5       5       1  3.57457E-03  3.30596E-03  3.57457E-05  2.07421E-01  5.02980E-01  2.32437E-01  3.70208E+01 -1.76129E+01 -8.66797E+00  3.56401E+04  2.19870E+04  2.74889E+04 -7.45890E+03 -9.77399E+02 -4.64315E+02  5.29163E-05  2.92894E-03  3.24105E-04
       5       5       2  1.11073E-03  1.09458E-03  1.11073E-05  5.34751E-01  1.28819E+00  5.89642E-01  6.34808E+01 -1.90795E+01 -1.53746E+01  3.45634E+04  4.25301E+04  2.39687E+04  4.79329E+03 -1.90231E+03  3.69049E+02  7.72109E-05  8.85674E-04  1.31691E-04
       5       5       3  1.82678E-03  1.75560E-03  1.82678E-05  7.54611E-01  1.84261E+00  8.54653E-01  6.11191E+01 -2.31490E+01 -3.01697E+00  2.29156E+04  2.67101E+04  1.61376E+04  1.51998E+03 -1.01352E+01  1.08879E+03  4.87538E-05  1.37591E-03  3.30928E-04
       5       5       4  3.10735E-03  1.91005E-03  3.10735E-05  1.22955E+00  2.93118E+00  1.34685E+00  9.44078E+01 -4.05648E+01  2.62426E+00  4.98842E+04  3.75747E+04  3.99057E+04 -7.88807E+03 -3.02038E+03  2.66554E+03  1.37288E-04  1.72740E-03  4.53611E-05
       5       5       5  3.40907E-03  3.38643E-03  3.40907E-05  1.85641E+00  4.49042E+00  2.10955E+00  6.11949E+01 -3.08244E+01 -2.58017E+00  2.37721E+04  2.79306E+04  1.98498E+04  8.30193E+01  9.59883E+02 -1.18035E+03  2.38762E-04  2.99383E-03  1.53835E-04
       5       5       6  4.09943E-03  3.68155E-03  4.09943E-05  2.51105E+00  6.08713E+00  2.76755E+00  5.30007E+01 -2.01160E+01  3.13432E+00  1.63239E+04  2.21023E+04  1.09987E+04  4.03195E+03  2.92452E+02  1.18870E+03  1.04790E-04  3.12799E-03  4.48770E-04
       5       5       7  5.04231E-03  2.89798E-03  5.04231E-05  4.20894E+00  1.01826E+01  4.60499E+00  1.36411E+02 -6.00388E+01  1.57283E+01  3.45952E+04  3.79753E+04  2.72653E+04  1.40354E+03  1.60712E+03  1.45546E+03  1.96119E-04  2.31775E-03  3.84111E-04
       5       5       8  5.35873E-03  5.43576E-03  5.35873E-05  6.37224E+00  1.54324E+01  6.89294E+00  8.78718E+01 -3.36691E+01  2.50415E+00  1.59499E+04  2.51451E+04  1.26875E+04  4.39338E+03  2.14848E+03  5.90048E+02  2.75896E-04  4.21029E-03  9.49578E-04
       5       5       9  8.28181E-03  8.60012E-03  8.28181E-05  8.96635E+00  2.18185E+01  9.24435E+00  4.16610E+01 -1.54513E+01  3.50787E+00  5.32827E+03  9.72302E+03  4.26141E+03  2.18365E+03  5.55844E+02  4.12830E+02  1.82084E-04  5.52198E-03  2.89605E-03
       5       5      10  9.51531E-03  5.61772E-03  9.51531E-05  2.65280E+01  6.38137E+01  2.91934E+01  4.63953E+01 -2.34492E+01  7.69369E+00  6.42104E+03  2.15280E+04  6.91640E+03  7.40209E+03 -2.64200E+02  1.44510E+02  1.94640E-04  5.19458E-03  2.28502E-04
       5       6       1  3.95999E-03  4.13206E-03  3.95999E-05  2.26103E-01  5.44588E-01  7.86560E-02  9.26595E+01 -4.18396E+01 -4.27568E+00  3.90092E+04  1.96902E+04  2.41861E+04 -1.05733E+04 -3.89395E+02 -2.40976E+02  4.65256E-05  3.80366E-03  2.81877E-04
       5       6       2  1.25534E-03  1.35575E-03  1.25534E-05  5.67517E-01  1.38766E+00  2.02929E-01  8.87137E+01 -3.90851E+01 -1.59526E+01  3.59502E+04  4.50418E+04  2.24818E+04  3.61833E+03 -1.53963E+03  1.54168E+01  7.72655E-05  1.12989E-03  1.48595E-04
       5       6       3  2.03669E-03  2.16005E-03  2.03669E-05  8.09044E-01  1.96682E+00  2.71802E-01  6.02208E+01 -2.83205E+01 -1.51572E+00  2.16021E+04  3.18732E+04  1.35830E+04  4.02257E+03 -2.85081E+03 -1.02838E+03  5.02528E-05  1.69153E-03  4.18265E-04
       5       6       4  3.58556E-03  3.17245E-03  3.58556E-05  1.30935E+00  3.18450E+00  4.48338E-01  8.79292E+01 -3.41607E+01  1.28368E+00  6.02059E+04  4.11381E+04  3.02971E+04 -1.00711E+04  1.66097E+03  2.42635E+03  1.33972E-04  2.73864E-03  2.99840E-04
       5       6       5  4.10096E-03  4.22460E-03  4.10096E-05  1.96774E+00  4.78629E+00  6.78037E-01  5.65320E+01 -2.20344E+01 -4.66221E+00  3.16828E+04  3.52406E+04  1.30094E+04  1.26819E+03  4.33225E+03  6.06915E+02  2.44068E-04  3.52489E-03  4.55638E-04
       5       6       6  5.29702E-03  6.74697E-03  5.29702E-05  2.69806E+00  6.58632E+00  9.31170E-01  6.22908E+01 -2.66047E+01  3.14176E+00  2.35010E+04  2.21591E+04  9.02308E+03 -1.85463E+03  2.05669E+03  1.62242E+03  9.45099E-05  5.85524E-03  7.97222E-04
       5       6       7  7.50989E-03  6.06887E-03  7.50989E-05  4.47531E+00  1.09278E+01  1.69638E+00  1.89408E+02 -8.11000E+01  6.16396E+00  5.61774E+04  4.05883E+04  1.44133E+04 -8.79335E+03  2.77695E+03  7.13322E+02  1.51798E-04  4.86364E-03  1.05343E-03
       5       6       8  7.60733E-03  1.03989E-02  7.60733E-05  6.74077E+00  1.65367E+01  2.51303E+00  1.14370E+02 -4.98311E+01  8.77896E+00  2.42387E+04  2.97545E+04  7.54257E+03  2.14524E+03  1.32731E+03  6.05768E+02  3.92977E-04  7.97920E-03  2.02676E-03
       5       6       9  1.09737E-02  1.40621E-02  1.09737E-04  9.25491E+00  2.30853E+01  3.78035E+00  6.24314E+01 -2.61703E+01 -2.15879E+00  1.04459E+04  1.63490E+04  2.74854E+03  2.88410E+03  7.26824E+02  6.17381E+01  8.01465E-05  9.08560E-03  4.89637E-03
       5       6      10  1.75866E-02  2.04839E-02  1.75866E-04  2.85286E+01  6.88753E+01  1.00304E+01  5.48489E+01 -2.27969E+01  5.42015E-01  7.86819E+03  2.55147E+04  1.64524E+03  8.82824E+03  2.38595E+02 -1.03490E+01  1.91675E-04  2.00956E-02  1.96667E-04
       6       1       1  4.15861E-04  3.92472E-04  4.15861E-06  1.30816E-02  9.38099E-02  5.26206E-01 -3.16611E-01  2.41520E+01  1.76486E+01  1.95998E+04  3.82458E+04  8.84547E+04  2.72262E+03  1.25645E+04  2.30369E+03  3.72189E-05  0.00000E+00  3.55254E-04
       6       1       2  1.18395E-04  1.22441E-04  1.18395E-06  3.83974E-02  2.94521E-01  1.46921E+00  5.61716E+00  5.88112E+01 -2.42602E+01  1.73312E+04  3.13541E+04  7.14319E+04  1.74496E+03  1.27531E+04  9.86187E+02  3.84622E-05  0.00000E+00  8.39786E-05
       6       1       3  2.04265E-04  2.35720E-04  2.04265E-06  5.48680E-02  4.63649E-01  2.17418E+00 -6.11803E+00  1.80695E+01  4.18678E+00  1.15715E+04  2.62573E+04  3.08733E+04  1.78729E+03  5.26389E+03 -2.83978E+01  3.22799E-05  0.00000E+00  2.03440E-04
       6       1       4  2.87772E-04  1.12873E-04  2.87772E-06  7.46839E-02  5.91934E-01  3.55007E+00  1.29612E+00  4.23890E+01  3.91930E+00  3.23973E+04  4.09357E+04  4.90650E+04  5.75585E+02  4.80212E+02  6.06597E+02  7.99189E-05  0.00000E+00  3.29541E-05
       6       1       5  2.63656E-04  2.18790E-04  2.63656E-06  1.07407E-01  8.51521E-01  5.19343E+00  2.92329E-01  2.69292E+01 -8.85299E+00  1.29900E+04  1.77453E+04  3.36603E+04 -3.11695E+02  3.07348E+03  9.21873E+02  1.55859E-04  0.00000E+00  6.29320E-05
       6       1       6  2.13332E-04  1.78810E-04  2.13332E-06  1.46466E-01  1.17995E+00  6.95826E+00  1.32681E+00  1.70993E+01  2.11023E+00  4.85002E+03  6.88024E+03  2.66666E+04  3.79703E+02  3.83606E+03  7.19527E+02  7.12970E-05  0.00000E+00  1.07513E-04
       6       1       7  2.15771E-04  1.56049E-04  2.15771E-06  2.65510E-01  2.07111E+00  1.22736E+01  2.50424E+00 -1.30453E+02  2.13165E+01  1.75773E+04  2.75234E+04  3.64467E+04 -1.63562E+02  8.74707E+02  4.30129E+02  9.86135E-05  0.00000E+00  5.74358E-05
       6       1       8  3.61389E-04  3.06305E-04  3.61389E-06  4.29174E-01  2.99336E+00  1.78458E+01 -5.79646E+00 -7.01184E+01  2.32346E+01  6.84338E+03  1.09785E+04  2.61057E+04  7.20681E+02  3.19369E+03  1.84578E+02  1.59185E-04  0.00000E+00  1.47120E-04
       6       1       9  3.81856E-04  2.90750E-04  3.81856E-06  5.51827E-01  4.21443E+00  2.40454E+01  3.37425E+00 -3.33707E+01  1.01844E+01  2.52778E+03  4.07250E+03  9.05975E+03 -2.47675E+02  9.87328E+02  3.17046E+02  8.86413E-05  0.00000E+00  2.02108E-04
       6       1      10  1.73748E-04  2.08433E-04  1.73748E-06  1.97853E+00  1.47688E+01  7.14412E+01 -4.53983E-01 -6.21999E+01 -4.30472E+00  5.36806E+03  1.15549E+04  2.01475E+04 -1.08494E+02  2.38189E+03  3.69307E+02  7.01313E-05  0.00000E+00  1.38302E-04
       6       2       1  1.25449E-03  9.14056E-04  1.25449E-05  3.19718E-02  2.36770E-01  5.27237E-01 -1.05322E+02  2.12064E+01 -1.09730E+01  3.63848E+04  3.57890E+04  5.84002E+04  2.37433E+02  3.94996E+03  1.19535E+03  5.43195E-05  4.48344E-04  4.11392E-04
       6       2       2  3.60491E-04  2.34986E-04  3.60491E-06  7.20975E-02  5.57385E-01  1.38450E+00  1.27672E+01  5.06484E+01 -2.05274E+01  1.30590E+04  4.44872E+04  6.55714E+04  5.34157E+03  1.71036E+04  2.80412E+03  6.11561E-05  2.00407E-05  1.53789E-04
       6       2       3  6.19937E-04  5.22875E-04  6.19937E-06  1.05206E-01  8.13850E-01  2.09766E+00  2.66365E+00  1.43354E+01 -1.13037E+01  1.90328E+03  1.97416E+04  2.73349E+04  2.61881E+03  8.36360E+03  5.13935E+02  5.75349E-05  5.88200E-06  4.59458E-04
       6       2       4  8.95403E-04  4.38676E-04  8.95403E-06  2.03928E-01  1.55769E+00  3.26747E+00  1.35075E+02  1.28838E-01 -1.22806E+01  5.40655E+04  3.79371E+04  4.18715E+04 -3.04655E+03  3.20474E+03  1.85506E+03  1.27671E-04  2.21664E-04  8.93403E-05
       6       2       5  8.36061E-04  4.41096E-04  8.36061E-06  2.69966E-01  2.05077E+00  4.84031E+00  7.81862E+00  1.85226E+01 -7.78140E+00  6.17478E+03  2.44175E+04  4.14539E+04  1.07009E+03  8.10113E+03  1.48263E+03  2.36109E-04  2.50598E-05  1.79927E-04
       6       2       6  7.11342E-04  6.14785E-04  7.11342E-06  3.78533E-01  2.89895E+00  6.70825E+00  4.07346E+00  6.50417E+00  1.26616E+01  1.34860E+03  8.23668E+03  2.84280E+04  6.33059E+02  8.95497E+03  1.56850E+03  1.07443E-04  5.57775E-05  4.51565E-04
       6       2       7  6.98373E-04  5.58032E-04  6.98373E-06  6.82374E-01  5.02064E+00  1.10225E+01  8.47859E+01 -5.77807E+01  5.61328E+01  2.87187E+04  2.02864E+04  4.04386E+04 -1.53591E+03  6.67296E+03  1.86780E+03  1.47736E-04  1.64615E-04  2.45682E-04
       6       2       8  1.14964E-03  9.41331E-04  1.14964E-05  9.05457E-01  6.93640E+00  1.65364E+01  2.35365E+01 -4.47106E+01  4.07831E+01  6.38028E+03  1.21895E+04  2.80684E+04 -2.13060E+02  6.35660E+03  1.57867E+03  3.20955E-04  8.43863E-05  5.35990E-04
       6       2       9  1.29584E-03  1.29062E-03  1.29584E-05  1.19950E+00  9.44291E+00  2.34004E+01  1.18788E+00 -7.07557E+00  9.77575E+00  6.51259E+02  2.93442E+03  8.75746E+03  3.95017E+02  2.19184E+03  4.40549E+02  1.09324E-04  1.37481E-05  1.16755E-03
       6       2      10  5.97809E-04  5.49287E-04  5.97809E-06  4.14722E+00  2.78446E+01  6.56963E+01  1.42798E+01 -4.65128E+01  1.50272E+01  3.26069E+03  1.28356E+04  2.32362E+04  6.37091E+02  1.42082E+03  1.55319E+02  1.41618E-04  1.27399E-04  2.80271E-04
       6       3       1  2.09884E-03  1.94336E-03  2.09884E-05  4.65019E-02  3.49495E-01  4.81465E-01 -1.12288E+02  2.05260E+01 -5.01611E+00  2.90984E+04  2.43777E+04  2.88048E+04 -6.12276E+01 -3.48303E+02  5.98949E+02  4.24190E-05  1.63854E-03  2.62406E-04
       6       3       2  6.14909E-04  6.08044E-04  6.14909E-06  1.17856E-01  8.79678E-01  1.22623E+00 -8.10402E+01  2.90378E+01 -1.91547E+01  1.80340E+04  3.43785E+04  4.21230E+04  1.87442E+03  5.78117E+03  1.22141E+03  7.67803E-05  4.06418E-04  1.24846E-04
       6       3       3  1.04819E-03  1.05621E-03  1.04819E-05  1.68204E-01  1.30281E+00  1.81769E+00 -2.78928E+01  9.32434E+00 -3.00674E+00  3.19362E+03  1.35702E+04  1.88551E+04  1.23342E+03  4.54275E+03  8.87415E+02  4.39849E-05  7.57768E-04  2.54462E-04
       6       3       4  1.58636E-03  8.29914E-04  1.58636E-05  2.68877E-01  2.00672E+00  2.77849E+00  1.80411E+02 -1.49765E+01 -7.87895E-01  6.94436E+04  3.87711E+04  3.88765E+04 -5.93541E+03  3.70948E+03  1.94410E+03  1.17723E-04  5.53043E-04  1.59148E-04
       6       3       5  1.54143E-03  1.50097E-03  1.54143E-05  4.23113E-01  3.22612E+00  4.12817E+00  9.44898E+01 -3.10415E+00 -5.00395E+00  2.08166E+04  2.64958E+04  2.44662E+04  6.16359E+02  4.06724E+03  9.00337E+02  2.44731E-04  1.01752E-03  2.38718E-04
       6       3       6  1.44666E-03  1.51101E-03  1.44666E-05  5.16931E-01  3.97034E+00  5.73127E+00  6.80675E+01 -7.94479E+00 -4.42570E+00  1.21079E+04  9.63119E+03  1.63028E+04 -3.97626E+02  5.01992E+03  8.90902E+02  9.81577E-05  9.12555E-04  5.00296E-04
       6       3       7  1.39693E-03  1.08861E-03  1.39693E-05  9.68550E-01  7.21753E+00  9.84022E+00  1.29017E+02 -5.14122E+01  1.95846E+01  3.04281E+04  2.41306E+04  3.30272E+04 -1.40845E+03  2.92101E+03  1.33799E+03  1.65464E-04  7.19471E-04  2.03678E-04
       6       3       8  2.12756E-03  2.20257E-03  2.12756E-05  1.44916E+00  1.06535E+01  1.46270E+01  8.94320E+01 -3.17945E+01  8.17359E+00  1.48631E+04  1.31386E+04  1.77723E+04 -6.50007E+01  2.43403E+03  3.42924E+02  2.57060E-04  1.53896E-03  4.06550E-04
       6       3       9  2.72203E-03  2.73132E-03  2.72203E-05  1.83832E+00  1.45246E+01  1.97697E+01  4.63806E+01 -1.30949E+01  3.88153E+00  4.95842E+03  4.64575E+03  6.56636E+03 -2.64266E+02  9.53580E+02  1.92893E+02  1.57708E-04  1.64399E-03  9.29631E-04
       6       3      10  1.42237E-03  1.17248E-03  1.42237E-05  6.09664E+00  4.33733E+01  5.92162E+01  3.39240E+01 -2.38655E+01  1.68459E+01  3.00123E+03  1.35504E+04  1.96824E+04  1.26057E+03  1.66952E+03  5.69804E+02  1.70754E-04  7.18260E-04  2.83462E-04
       6       4       1  2.90422E-03  3.21969E-03  2.90422E-05  6.73523E-02  4.97694E-01  3.53112E-01  3.99172E+01 -3.62981E+00 -2.26899E+00  4.63892E+04  1.98698E+04  2.01707E+04 -2.12048E+03  3.84427E+02 -1.28076E+02  4.70903E-05  2.94827E-03  2.24325E-04
       6       4       2  8.75064E-04  9.48411E-04  8.75064E-06  1.63026E-01  1.22732E+00  8.64493E-01  6.39473E+01  3.50237E+00 -1.54103E+01  3.90256E+04  3.20070E+04  1.99121E+04 -1.67748E+03  1.62469E+03  5.39422E+02  7.11271E-05  8.03345E-04  7.39386E-05
       6       4       3  1.46841E-03  1.36746E-03  1.46841E-05  2.36455E-01  1.72844E+00  1.25670E+00  5.41797E+01 -1.26703E+01 -5.55778E+00  2.47243E+04  1.29578E+04  1.14221E+04 -2.34193E+03  2.33480E+03  1.85017E+02  3.84157E-05  1.09924E-03  2.29801E-04
       6       4       4  2.35839E-03  1.62801E-03  2.35839E-05  3.55711E-01  2.73395E+00  2.01006E+00  1.36897E+02 -1.58996E+01 -7.81914E+00  8.63458E+04  3.19510E+04  2.33255E+04 -6.37754E+03 -1.66388E+03 -8.29950E+02  1.15402E-04  1.42161E-03  9.09934E-05
       6       4       5  2.42906E-03  3.69871E-03  2.42906E-05  5.60501E-01  4.25860E+00  2.99484E+00  7.80887E+01 -4.78633E+00 -1.12710E+00  3.03357E+04  2.46702E+04  1.52677E+04 -4.81107E+02  7.14180E+02  6.17382E+02  2.41746E-04  3.25267E-03  2.04289E-04
       6       4       6  2.59059E-03  2.43994E-03  2.59059E-05  8.10321E-01  5.95070E+00  4.07871E+00  4.71122E+01 -8.78099E+00 -6.14910E+00  1.25202E+04  1.97570E+04  9.78947E+03  7.62021E+02  1.89709E+03  1.18892E+01  8.45615E-05  1.88774E-03  4.67642E-04
       6       4       7  2.68894E-03  2.54671E-03  2.68894E-05  1.28274E+00  9.69110E+00  6.90293E+00  1.99165E+02 -3.15606E+01  1.31065E+01  5.61135E+04  2.81316E+04  2.14010E+04 -3.99033E+03  1.27654E+03  2.12484E+02  1.36286E-04  2.21788E-03  1.92546E-04
       6       4       8  3.42882E-03  4.51588E-03  3.42882E-05  1.92660E+00  1.46782E+01  1.03478E+01  1.17679E+02 -2.04785E+01  8.71571E+00  2.00005E+04  2.04333E+04  1.37160E+04 -1.51992E+02  8.67739E+02  1.80129E+02  3.18739E-04  3.84004E-03  3.57103E-04
       6       4       9  5.06237E-03  5.88946E-03  5.06237E-05  2.76685E+00  2.03605E+01  1.43328E+01  6.19989E+01 -8.89677E+00  2.97054E+00  6.94439E+03  9.52874E+03  5.73027E+03  4.06012E+02  6.87835E+02  2.05118E+01  9.01187E-05  4.88464E-03  9.14702E-04
       6       4      10  3.67741E-03  4.99975E-03  3.67741E-05  7.87287E+00  6.09212E+01  4.17103E+01  5.60898E+01 -1.05743E+01  7.51569E+00  4.37744E+03  2.10904E+04  1.06300E+04  2.19165E+03 -3.84108E+02  9.01383E+01  1.81850E-04  4.61312E-03  2.04779E-04
       6       5       1  3.56762E-03  3.18168E-03  3.56762E-05  7.23957E-02  5.42786E-01  2.33453E-01  4.34944E+01 -2.10074E+00 -3.15460E+00  3.98248E+04  1.86688E+04  2.70820E+04 -2.68329E+03  2.67395E+02 -3.37367E+02  4.31669E-05  2.95419E-03  1.84324E-04
       6       5       2  1.10743E-03  1.02476E-03  1.10743E-05  1.78504E-01  1.38277E+00  5.91160E-01  7.41103E+01  1.37399E+00 -1.62566E+01  3.41237E+04  4.47052E+04  2.49689E+04  2.40353E+03 -9.01761E+02 -3.18718E+02  5.89870E-05  8.76867E-04  8.89105E-05
       6       5       3  1.82352E-03  1.59945E-03  1.82352E-05  2.61144E-01  1.95564E+00  8.37791E-01  6.81553E+01 -1.10969E+01 -5.68167E+00  2.33614E+04  2.84988E+04  1.65724E+04 -7.85425E+02 -1.47434E+03 -1.14076E+02  4.79908E-05  1.36609E-03  1.85369E-04
       6       5       4  3.09732E-03  1.93856E-03  3.09732E-05  4.21186E-01  3.17422E+00  1.32414E+00  1.01017E+02 -8.17523E+00 -7.26183E+00  5.16566E+04  3.73334E+04  3.83411E+04 -1.39891E+03 -7.17019E+02  2.35677E+03  1.20044E-04  1.74645E-03  7.20620E-05
       6       5       5  3.39486E-03  3.46845E-03  3.39486E-05  6.30007E-01  4.77006E+00  2.12807E+00  6.81145E+01 -1.80651E+01 -1.07648E+01  2.38428E+04  2.89676E+04  1.94808E+04 -2.68162E+02  9.63584E+02 -3.69189E+03  2.14223E-04  3.10181E-03  1.52421E-04
       6       5       6  4.08122E-03  4.13796E-03  4.08122E-05  8.22551E-01  6.63785E+00  2.77801E+00  5.34961E+01 -5.81076E+00  2.98965E+00  1.30682E+04  2.13159E+04  9.62090E+03  1.44582E+03  8.68830E+02  1.45426E+03  8.85409E-05  3.61310E-03  4.36325E-04
       6       5       7  5.00558E-03  2.82051E-03  5.00558E-05  1.50722E+00  1.09217E+01  4.59945E+00  1.48442E+02 -1.90101E+01  1.81955E+01  3.44049E+04  3.85775E+04  2.61635E+04  1.52864E+03  2.14772E+03  7.47483E+02  1.44042E-04  2.31869E-03  3.57780E-04
       6       5       8  5.32961E-03  5.35179E-03  5.32961E-05  2.33617E+00  1.65213E+01  6.93904E+00  9.08780E+01 -1.29820E+01  1.03526E+01  1.40636E+04  2.62149E+04  1.28608E+04  2.18974E+03  1.85080E+03  3.16321E+02  2.88084E-04  4.15130E-03  9.12400E-04
       6       5       9  8.24272E-03  8.06235E-03  8.24272E-05  3.54392E+00  2.31989E+01  9.47047E+00  4.43796E+01 -6.08785E+00  3.78098E+00  4.59426E+03  1.00625E+04  4.13702E+03  9.48944E+02  7.69431E+02  2.72935E+02  9.86135E-05  5.32704E-03  2.63669E-03
       6       5      10  9.39879E-03  4.96750E-03  9.39879E-05  9.38562E+00  6.83844E+01  2.93731E+01  5.05265E+01 -7.43316E+00  5.19303E+00  3.74367E+03  2.39895E+04  7.06596E+03  2.98108E+03  3.92139E+02  3.59713E+01  1.87440E-04  4.56571E-03  2.14354E-04
       6       6       1  3.95101E-03  4.15412E-03  3.95101E-05  7.67310E-02  5.87698E-01  7.93898E-02  9.99661E+01 -1.12645E+01 -2.81606E+00  4.31292E+04  1.44710E+04  2.33853E+04 -4.13110E+03  3.75889E+02 -7.76688E+01  3.93159E-05  3.97039E-03  1.44415E-04
       6       6       2  1.25083E-03  1.26433E-03  1.25083E-05  2.01960E-01  1.48252E+00  1.99606E-01  1.03230E+02 -9.20640E+00 -1.10512E+01  3.70206E+04  3.80522E+04  2.22724E+04  1.42338E+03 -2.41321E+03 -2.08357E+02  6.82655E-05  1.12193E-03  7.41367E-05
       6       6       3  2.03244E-03  2.03212E-03  2.03244E-05  2.79177E-01  2.10531E+00  2.78696E-01  6.98799E+01 -7.39469E+00 -8.75033E+00  2.19466E+04  2.34847E+04  1.34558E+04  7.48631E+02 -1.80021E+03 -7.24131E+02  3.57433E-05  1.76362E-03  2.32762E-04
       6       6       4  3.57186E-03  3.05063E-03  3.57186E-05  4.62227E-01  3.42353E+00  4.66804E-01  9.89363E+01 -1.09145E+01 -5.95510E-01  6.75569E+04  2.78701E+04  3.14289E+04 -4.66134E+03 -6.62420E+01  1.56049E+03  1.21371E-04  2.76084E-03  1.68423E-04
       6       6       5  4.07988E-03  3.98844E-03  4.07988E-05  7.05359E-01  5.14989E+00  6.91284E-01  6.29241E+01 -6.24437E+00 -5.68296E+00  3.21057E+04  3.03471E+04  1.20601E+04  4.93618E+02  1.38161E+03 -1.16969E+03  1.94326E-04  3.50104E-03  2.93069E-04
       6       6       6  5.26863E-03  6.50756E-03  5.26863E-05  9.35246E-01  6.98620E+00  9.57806E-01  6.90218E+01 -1.20433E+01 -1.22812E+00  2.52006E+04  1.56363E+04  9.12312E+03 -1.18181E+03  1.15664E+03  2.06578E+02  9.78261E-05  5.88247E-03  5.27265E-04
       6       6       7  7.43926E-03  5.55937E-03  7.43926E-05  1.61682E+00  1.17188E+01  1.66894E+00  2.25654E+02 -3.27155E+01  8.25695E+00  6.59844E+04  3.17438E+04  1.54891E+04 -4.13996E+03  1.70007E+03  5.16855E+02  1.56969E-04  4.90675E-03  4.95648E-04
       6       6       8  7.53481E-03  9.12718E-03  7.53481E-05  2.44784E+00  1.76999E+01  2.44790E+00  1.40846E+02 -2.09019E+01  5.21477E+00  2.71097E+04  2.91092E+04  7.37992E+03  4.13218E+02  7.42707E+02  2.87567E+02  2.25297E-04  7.98311E-03  9.18773E-04
       6       6       9  1.09081E-02  1.17394E-02  1.09081E-04  3.50602E+00  2.43725E+01  3.49936E+00  8.10560E+01 -1.19814E+01  1.84111E+00  1.12606E+04  1.93266E+04  3.40302E+03  1.14987E+03  2.23819E+02  1.86279E+02  1.39610E-04  9.30275E-03  2.29705E-03
       6       6      10  1.73032E-02  2.08080E-02  1.73032E-04  9.69162E+00  7.40669E+01  9.78036E+00  5.83880E+01 -8.65454E+00  3.36502E+00  4.54227E+03  2.86165E+04  1.63576E+03  3.10671E+03  1.52851E+02  1.47420E+02  1.89304E-04  2.04168E-02  2.01921E-04
