 smom1,sph1,sth1,slr1
          16           6           6          10
 phi boundaries
  0.00000E+00  2.61799E-01  5.23599E-01  7.85398E-01  1.04720E+00  1.30900E+00  1.57080E+00
 theta boundaries
  0.00000E+00  2.61799E-01  5.23599E-01  7.85398E-01  1.04720E+00  1.30900E+00  1.57080E+00
 radius boundaries in arcsec
  0.00000E+00  1.19639E+00  1.80726E+00  2.73003E+00  4.12397E+00  6.22963E+00  9.41044E+00  1.42153E+01  2.14736E+01  3.24379E+01  9.80009E+03
                                                                              phi,theta,r,mgemass,fitmass,errmass,x,y,z 
                                           (in arcsec),vx,vy,vz,xv2,vy2,vz2,vxvy,vyvz,vzvx,orbit long, orbit short,boxes
       1       1       1  4.19384E-04  4.15850E-04  4.19384E-06  9.57575E-02  1.33099E-02  5.35424E-01  1.62206E+00  5.22235E+00 -4.40985E+00  3.20814E+04  2.00975E+04  6.95805E+04  1.95868E+03  1.60575E+03  1.46136E+04  8.55592E-05  2.37789E-05  3.06512E-04
       1       1       2  1.19966E-04  1.15440E-04  1.19966E-06  2.71159E-01  3.26991E-02  1.48733E+00  1.31844E+01  1.04370E+02 -2.21528E+00  2.90606E+04  3.58291E+04  5.92737E+04 -1.22834E+03  1.39819E+03  1.66972E+04  5.27388E-05  2.27503E-06  6.04262E-05
       1       1       3  2.07261E-04  2.38679E-04  2.07261E-06  4.52353E-01  5.65389E-02  2.23614E+00 -7.60465E-01  3.45051E+00 -6.34248E+00  3.38406E+04  1.10595E+04  3.00050E+04  1.64163E+03  5.80396E+02  5.71072E+03  4.82042E-05  0.00000E+00  1.90475E-04
       1       1       4  2.91432E-04  1.68951E-04  2.91432E-06  5.40206E-01  7.32779E-02  3.55686E+00  4.36017E+00  4.50601E+01  1.19738E+00  2.47926E+04  6.05812E+04  3.98593E+04  7.64836E+02 -4.30219E+02  5.80453E+03  1.22509E-04  0.00000E+00  4.64420E-05
       1       1       5  2.67020E-04  3.15973E-04  2.67020E-06  8.31976E-01  1.15214E-01  5.20566E+00  3.93067E+00  2.80054E+01 -1.44773E-02  7.33779E+03  2.72004E+04  2.71270E+04  6.41058E+02 -3.45183E+02  2.20220E+03  2.50181E-04  9.35290E-06  5.64395E-05
       1       1       6  2.15139E-04  2.70789E-04  2.15139E-06  1.14223E+00  1.66579E-01  6.91831E+00  5.06324E+00  1.62467E+01  6.47445E+00  2.93071E+03  9.95991E+03  2.01871E+04  1.24678E+02  2.34337E+02  2.11852E+03  1.28489E-04  8.34178E-06  1.33959E-04
       1       1       7  2.19268E-04  2.01720E-04  2.19268E-06  1.88987E+00  2.40658E-01  1.22750E+01  2.23104E-01 -1.56437E+02  9.50685E+00  9.38129E+03  4.21666E+04  2.99741E+04  1.25489E+03 -6.15636E+01  3.47380E+03  1.65540E-04  0.00000E+00  3.61798E-05
       1       1       8  3.66744E-04  4.40924E-04  3.66744E-06  2.95369E+00  3.85435E-01  1.79792E+01  3.49519E-01 -9.37531E+01  1.26552E+01  4.15418E+03  1.73626E+04  2.15065E+04  4.81978E+02 -5.70170E+01  2.41650E+03  3.31496E-04  0.00000E+00  1.09428E-04
       1       1       9  3.80484E-04  5.54723E-04  3.80484E-06  4.48274E+00  6.84825E-01  2.43249E+01 -2.99788E-02 -2.09734E+01 -2.52339E+00  1.17805E+03  4.46333E+03  7.25724E+03  1.62044E+02  6.99549E+01  1.09769E+03  2.50155E-04  0.00000E+00  3.04568E-04
       1       1      10  1.70999E-04  1.47787E-04  1.70999E-06  1.33617E+01  1.88080E+00  7.26871E+01 -6.54056E-01 -4.26193E-01 -1.17780E+01  1.41744E+03  4.99785E+01  3.42132E+04  1.86599E+02  9.54456E+02  6.59703E+03  0.00000E+00  0.00000E+00  1.47787E-04
       1       2       1  1.26707E-03  1.23191E-03  1.26707E-05  2.31324E-01  3.01006E-02  5.59917E-01 -6.65265E+00  5.02936E+01  3.24666E+00  2.74450E+04  2.25139E+04  4.78962E+04  5.06782E+02  5.13832E+02  9.36676E+03  0.00000E+00  3.72001E-04  8.59908E-04
       1       2       2  3.65938E-04  2.67945E-04  3.65938E-06  5.66869E-01  6.67553E-02  1.40103E+00  1.15657E+01 -8.42124E+00  1.46331E+01  4.19738E+04  8.73005E+03  8.97273E+04  6.46373E+03  3.79041E+03  3.00692E+04  0.00000E+00  7.24477E-05  1.95498E-04
       1       2       3  6.30110E-04  7.10804E-04  6.30110E-06  8.47713E-01  1.05992E-01  2.10122E+00  4.82078E+00 -9.55270E+00 -2.24003E+00  1.76236E+04  2.76347E+03  3.22415E+04  1.50070E+03  1.73903E+03  1.38067E+04  0.00000E+00  2.03150E-04  5.07654E-04
       1       2       4  9.09437E-04  2.09836E-04  9.09437E-06  1.37124E+00  1.77689E-01  3.06320E+00  4.68149E+00 -8.79865E+01 -6.02916E+00  7.02593E+04  3.98044E+04  9.68500E+04  1.88746E+03  5.99537E+03  3.96056E+04  0.00000E+00  5.98588E-05  1.49977E-04
       1       2       5  8.49879E-04  2.75205E-04  8.49879E-06  2.12815E+00  2.78548E-01  4.77642E+00 -3.90227E+00 -8.14165E+00 -1.68461E+01  1.88116E+04  1.43226E+03  8.60027E+04  1.83296E+03  4.18258E+03  3.30749E+04  0.00000E+00  4.42892E-05  2.30916E-04
       1       2       6  7.20721E-04  6.67965E-04  7.20721E-06  3.01006E+00  3.59062E-01  6.89930E+00  3.93534E+00 -5.20635E+00 -5.67628E+00  6.96625E+03  5.15902E+02  3.83757E+04  7.25271E+02  1.71670E+03  1.45466E+04  0.00000E+00  1.78211E-04  4.89754E-04
       1       2       7  7.10557E-04  3.87643E-04  7.10557E-06  4.75506E+00  5.46964E-01  1.08674E+01 -6.60056E+00 -2.98008E+00 -1.46504E+01  1.30200E+04  5.68488E+02  7.67727E+04  1.61171E+03  3.79116E+03  3.04437E+04  0.00000E+00  0.00000E+00  3.87643E-04
       1       2       8  1.17114E-03  8.10145E-04  1.17114E-05  7.14667E+00  7.91306E-01  1.65791E+01 -4.86791E+00 -1.94730E+00 -9.06635E+00  6.68751E+03  2.70574E+02  3.87306E+04  7.87476E+02  1.87603E+03  1.55099E+04  0.00000E+00  0.00000E+00  8.10145E-04
       1       2       9  1.29953E-03  1.80273E-03  1.29953E-05  1.02075E+01  9.49777E-01  2.33159E+01  4.24643E-01  4.89112E-01 -4.48213E-01  1.61880E+03  7.99386E+01  8.45180E+03  1.68445E+02  3.82977E+02  3.45143E+03  0.00000E+00  0.00000E+00  1.80273E-03
       1       2      10  5.89718E-04  3.66092E-04  5.89718E-06  3.18579E+01  4.55624E+00  6.91412E+01 -1.08766E+00 -2.07345E-01 -1.38345E+00  5.90845E+03  1.86420E+02  2.60727E+04  8.24598E+02  1.69628E+03  1.20857E+04  0.00000E+00  0.00000E+00  3.66092E-04
       1       3       1  2.12579E-03  2.18830E-03  2.12579E-05  3.50602E-01  4.64810E-02  4.74498E-01 -1.74550E+01  1.10307E+02 -2.67592E+00  2.46948E+04  2.76340E+04  3.10602E+04 -1.19821E+03 -2.01118E+02  7.65637E+02  0.00000E+00  1.77250E-03  4.15798E-04
       1       3       2  6.26472E-04  6.15901E-04  6.26472E-06  9.07095E-01  1.21241E-01  1.20241E+00 -1.21380E+01  9.40322E+01 -2.34512E+00  4.07187E+04  2.19769E+04  4.29308E+04  2.04884E+03  1.52846E+03  8.25382E+03  0.00000E+00  5.00936E-04  1.14965E-04
       1       3       3  1.06869E-03  1.16376E-03  1.06869E-05  1.36452E+00  1.79394E-01  1.80061E+00 -3.64352E+00  1.73556E+01 -1.89034E+00  1.82558E+04  8.69365E+03  2.27993E+04  8.53413E+02  6.92103E+02  8.75286E+03  0.00000E+00  8.95505E-04  2.68258E-04
       1       3       4  1.62010E-03  9.75693E-04  1.62010E-05  2.03170E+00  2.65107E-01  2.82607E+00  3.31521E+01 -1.68791E+02  1.46962E+00  4.47868E+04  6.50125E+04  4.04412E+04 -5.33734E+03  1.92247E+03  1.77911E+04  0.00000E+00  7.06443E-04  2.69251E-04
       1       3       5  1.57871E-03  1.56744E-03  1.57871E-05  3.25409E+00  4.23369E-01  4.08587E+00  1.75536E+01 -9.23131E+01  3.10798E+00  2.83412E+04  2.08275E+04  2.97134E+04  4.77376E+02  8.54344E+02  1.21406E+04  0.00000E+00  1.19176E-03  3.75680E-04
       1       3       6  1.48079E-03  1.90918E-03  1.48079E-05  4.20885E+00  5.40525E-01  5.80235E+00  8.68827E+00 -5.42738E+01 -3.49518E-01  1.16250E+04  9.78552E+03  1.99263E+04 -2.85932E+01  1.02282E+03  9.05059E+03  0.00000E+00  1.17990E-03  7.29281E-04
       1       3       7  1.42887E-03  1.34690E-03  1.42887E-05  7.28138E+00  9.11547E-01  9.73175E+00  2.58684E+01 -1.40225E+02  5.51009E-01  2.14567E+04  3.25129E+04  3.37616E+04 -2.64773E+03  1.68419E+03  1.41960E+04  0.00000E+00  9.11694E-04  4.35205E-04
       1       3       8  2.18238E-03  2.62918E-03  2.18238E-05  1.08661E+01  1.32697E+00  1.44777E+01  1.29820E+01 -8.56646E+01  1.10225E+00  1.22618E+04  1.37357E+04  2.06884E+04 -6.02001E+02  6.66198E+02  9.20620E+03  0.00000E+00  1.57959E-03  1.04959E-03
       1       3       9  2.76647E-03  3.79058E-03  2.76647E-05  1.50761E+01  1.72000E+00  1.98595E+01  4.40982E+00 -2.97769E+01 -2.15178E+00  4.22734E+03  3.42788E+03  7.20570E+03  3.91626E+01  5.20072E+02  4.02432E+03  0.00000E+00  1.28219E-03  2.50839E-03
       1       3      10  1.42273E-03  1.52446E-03  1.42273E-05  4.72911E+01  6.88239E+00  6.02657E+01  2.32598E+00  1.40702E-01  2.44367E+00  1.16899E+04  3.53921E+02  1.92196E+04  1.69762E+03  2.14174E+03  1.47481E+04  0.00000E+00  0.00000E+00  1.52446E-03
       1       4       1  2.95159E-03  3.16854E-03  2.95159E-05  4.88786E-01  6.46057E-02  3.46497E-01  2.88648E+00 -1.27982E+01  5.10491E-02  2.27923E+04  4.46545E+04  2.23623E+04 -3.04152E+03  6.50033E+00  8.13926E+02  0.00000E+00  2.84126E-03  3.27277E-04
       1       4       2  8.96044E-04  9.04348E-04  8.96044E-06  1.22484E+00  1.58845E-01  8.57883E-01  7.72685E+00 -6.57949E+01 -6.00251E+00  4.47967E+04  3.58438E+04  2.38318E+04  7.48781E+02  1.67653E+02  3.41391E+03  0.00000E+00  8.02090E-04  1.02258E-04
       1       4       3  1.50274E-03  1.55670E-03  1.50274E-05  1.77265E+00  2.33309E-01  1.27365E+00  2.80869E+00 -5.73507E+01 -1.01128E-01  1.87971E+04  2.36444E+04  1.45213E+04  2.08606E+01  1.72761E+01  2.70929E+03  0.00000E+00  1.31191E-03  2.44788E-04
       1       4       4  2.42551E-03  1.68847E-03  2.42551E-05  2.82366E+00  3.71391E-01  2.02936E+00  1.61009E+01 -1.32315E+02 -1.85486E+00  3.49185E+04  8.14002E+04  2.17532E+04 -5.28024E+03  9.17567E+02  2.22459E+03  0.00000E+00  1.56494E-03  1.23529E-04
       1       4       5  2.51412E-03  2.69957E-03  2.51412E-05  4.19917E+00  5.54688E-01  2.99766E+00  1.38038E+01 -8.73957E+01  4.72206E+00  3.65382E+04  2.71669E+04  1.98360E+04  8.07178E+02  1.10372E+02  5.09687E+03  0.00000E+00  2.38762E-03  3.11948E-04
       1       4       6  2.69178E-03  3.08472E-03  2.69178E-05  5.94895E+00  7.52673E-01  4.01786E+00  7.41417E+00 -4.61294E+01  9.72349E-01  1.60325E+04  1.43735E+04  8.82653E+03 -2.66805E+02  5.43808E+02  4.80260E+03  0.00000E+00  2.43132E-03  6.53394E-04
       1       4       7  2.79484E-03  2.36728E-03  2.79484E-05  9.73735E+00  1.27498E+00  6.89966E+00  2.62535E+01 -1.78513E+02  1.44585E+00  3.03259E+04  4.65810E+04  2.20508E+04 -2.78735E+03  1.37652E+02  7.51577E+03  0.00000E+00  1.96061E-03  4.06671E-04
       1       4       8  3.55296E-03  4.46265E-03  3.55296E-05  1.47443E+01  1.92056E+00  1.03006E+01  1.80352E+01 -1.06840E+02  5.76976E-01  2.14921E+04  1.72892E+04  1.35293E+04  2.34461E+02  6.23921E+02  4.77724E+03  0.00000E+00  3.72602E-03  7.36628E-04
       1       4       9  5.23969E-03  5.74704E-03  5.23969E-05  2.06570E+01  2.67436E+00  1.42430E+01  4.07705E+00 -5.33684E+01  3.71868E+00  8.98804E+03  5.57482E+03  5.08865E+03  5.72654E+02  1.24095E+02  2.47778E+03  0.00000E+00  4.32850E-03  1.41853E-03
       1       4      10  3.80786E-03  3.94832E-03  3.80786E-05  6.13958E+01  8.25192E+00  4.30979E+01 -1.23267E+00 -3.12206E+01 -3.52442E+00  2.09430E+04  2.63223E+03  1.06284E+04  2.47244E+03  1.08091E+03  7.98471E+03  0.00000E+00  1.89597E-03  2.05234E-03
       1       5       1  3.63719E-03  3.27583E-03  3.63719E-05  5.28784E-01  6.99630E-02  2.28501E-01  4.36812E+00 -2.33063E+01 -4.45182E-01  1.83404E+04  4.02502E+04  2.82750E+04 -2.94065E+03 -2.07024E+02 -1.74809E+02  0.00000E+00  3.00767E-03  2.68167E-04
       1       5       2  1.13994E-03  1.05179E-03  1.13994E-05  1.38001E+00  1.81576E-01  5.93121E-01  1.04874E+01 -9.77857E+01 -4.63980E-01  5.33409E+04  3.44279E+04  2.55543E+04  2.73890E+03  1.31292E+02 -1.88723E+03  0.00000E+00  9.29737E-04  1.22058E-04
       1       5       3  1.87257E-03  1.83150E-03  1.87257E-05  1.98211E+00  2.64260E-01  8.52136E-01  1.03589E+01 -7.59544E+01  4.78679E+00  3.15102E+04  2.26612E+04  1.79760E+04  9.34741E+02 -4.94598E+02  3.06625E+02  0.00000E+00  1.59569E-03  2.35809E-04
       1       5       4  3.20670E-03  1.84705E-03  3.20670E-05  3.14045E+00  4.15461E-01  1.34372E+00  1.57939E+01 -1.10193E+02 -1.39173E+00  4.25027E+04  5.35997E+04  3.70178E+04 -1.52047E+03  9.53460E+02  1.22919E+03  0.00000E+00  1.74924E-03  9.78123E-05
       1       5       5  3.55216E-03  3.51539E-03  3.55216E-05  4.80222E+00  6.31854E-01  2.07054E+00  7.93471E+00 -7.31041E+01 -2.14533E+00  3.45334E+04  2.37731E+04  1.94769E+04  1.89817E+03  2.19887E+02  1.77982E+03  0.00000E+00  3.26991E-03  2.45485E-04
       1       5       6  4.30661E-03  4.34982E-03  4.30661E-05  6.64406E+00  8.80525E-01  2.85766E+00  1.18453E+01 -5.50171E+01 -9.21454E-01  2.77272E+04  1.30971E+04  1.02971E+04  1.49843E+03  6.79120E+02  3.27099E+03  0.00000E+00  3.71075E-03  6.39066E-04
       1       5       7  5.33843E-03  3.07660E-03  5.33843E-05  1.08624E+01  1.43621E+00  4.58335E+00  1.75430E+01 -1.35357E+02  2.87038E+00  4.61240E+04  2.96699E+04  2.40819E+04  3.05790E+03  1.19373E+03  7.88832E+03  0.00000E+00  2.42480E-03  6.51801E-04
       1       5       8  5.63720E-03  5.88184E-03  5.63720E-05  1.64998E+01  2.17490E+00  6.90921E+00  1.21246E+01 -8.44155E+01  3.38664E+00  2.85986E+04  1.26362E+04  1.22838E+04  2.08606E+03  2.10280E+02  4.96732E+03  0.00000E+00  4.37690E-03  1.50494E-03
       1       5       9  8.68619E-03  1.04015E-02  8.68619E-05  2.34720E+01  3.02382E+00  9.56427E+00  5.61189E+00 -3.86774E+01 -3.84726E+00  9.93992E+03  3.73376E+03  3.89640E+03  8.01468E+02  4.55489E+02  2.13889E+03  0.00000E+00  6.39530E-03  4.00622E-03
       1       5      10  1.01892E-02  5.13381E-03  1.01892E-04  6.91163E+01  8.86292E+00  3.02461E+01 -1.81275E+00 -2.81533E+01 -8.94300E-01  2.56712E+04  2.31438E+03  5.57694E+03  3.18796E+03  8.12242E+02  6.92619E+03  0.00000E+00  2.35374E-03  2.78006E-03
       1       6       1  4.03567E-03  4.04443E-03  4.03567E-05  5.72580E-01  7.57338E-02  7.66506E-02  1.18919E+01 -9.35536E+01 -1.31934E+00  1.56688E+04  4.52087E+04  2.50300E+04 -3.74777E+03 -8.54107E+00  3.24924E+02  0.00000E+00  3.80842E-03  2.36006E-04
       1       6       2  1.29197E-03  1.28395E-03  1.29197E-05  1.48658E+00  1.97152E-01  1.95509E-01  1.85580E+01 -1.18154E+02  4.43996E+00  4.47755E+04  3.71024E+04  2.35150E+04  8.64944E+02 -4.86645E+02 -1.27568E+03  0.00000E+00  1.17713E-03  1.06822E-04
       1       6       3  2.09143E-03  2.11233E-03  2.09143E-05  2.11582E+00  2.86080E-01  2.80741E-01  1.24262E+01 -7.51316E+01 -3.22387E+00  3.33239E+04  2.18953E+04  1.46552E+04  8.76359E+02 -8.77209E+01 -2.62604E+03  0.00000E+00  1.77417E-03  3.38161E-04
       1       6       4  3.71307E-03  2.83370E-03  3.71307E-05  3.37683E+00  4.44595E-01  4.46628E-01  9.48261E+00 -9.75097E+01  2.41608E+00  3.86132E+04  6.93580E+04  2.88638E+04 -3.08351E+03 -5.62891E+02  2.14884E+03  0.00000E+00  2.54284E-03  2.90865E-04
       1       6       5  4.29918E-03  4.77023E-03  4.29918E-05  5.15899E+00  6.84455E-01  6.77582E-01  9.25238E+00 -6.24779E+01 -2.43552E+00  3.56672E+04  3.24007E+04  1.21907E+04  5.69108E+02  7.81793E+02  2.61831E+03  0.00000E+00  4.29443E-03  4.75801E-04
       1       6       6  5.61448E-03  6.31176E-03  5.61448E-05  7.10823E+00  9.36763E-01  9.52074E-01  7.17043E+00 -6.61514E+01  1.08078E+00  2.45393E+04  2.38781E+04  8.84192E+03  4.14167E+02  2.44393E+02  2.86230E+03  0.00000E+00  5.45659E-03  8.55179E-04
       1       6       7  8.08994E-03  6.00643E-03  8.08994E-05  1.17166E+01  1.55511E+00  1.63935E+00  2.62826E+01 -2.00779E+02  1.14910E+00  3.97760E+04  5.68605E+04  1.40159E+04 -2.38163E+03  1.03604E+02  2.86306E+03  0.00000E+00  4.95652E-03  1.04991E-03
       1       6       8  8.19210E-03  1.00552E-02  8.19210E-05  1.77113E+01  2.33807E+00  2.40836E+00  1.87025E+01 -1.26226E+02 -2.99754E+00  3.22633E+04  2.38607E+04  7.01277E+03  1.08943E+03  3.65957E+02  1.68632E+03  0.00000E+00  8.13722E-03  1.91798E-03
       1       6       9  1.16446E-02  1.36645E-02  1.16446E-04  2.46681E+01  3.32238E+00  3.50002E+00  8.94338E+00 -6.74885E+01  6.30247E-01  1.93156E+04  9.41224E+03  2.85647E+03  1.31283E+03  1.16328E+02  8.65711E+02  0.00000E+00  9.06256E-03  4.60194E-03
       1       6      10  1.94204E-02  2.24655E-02  1.94204E-04  7.46231E+01  9.95938E+00  8.97345E+00  6.90292E+00 -4.10468E+01 -4.55322E-01  2.96232E+04  3.56752E+03  9.05824E+02  3.53374E+03  1.70848E+02  9.87866E+02  0.00000E+00  1.51683E-02  7.29719E-03
       2       1       1  4.19346E-04  4.41039E-04  4.19346E-06  9.04988E-02  3.67354E-02  5.29338E-01  9.87063E+00  8.18355E+00  5.33108E-02  2.97220E+04  2.50524E+04  6.72673E+04  2.48585E+03  1.17704E+03  1.15421E+04  1.14857E-04  3.34535E-05  2.92728E-04
       2       1       2  1.19952E-04  1.15051E-04  1.19952E-06  2.57595E-01  1.06810E-01  1.47104E+00 -1.87288E+00  1.36774E+02 -2.47043E+01  2.20083E+04  4.60644E+04  5.23719E+04 -3.15339E+01  2.29335E+03  4.58681E+03  7.34454E-05  2.52781E-06  3.90778E-05
       2       1       3  2.07243E-04  1.62091E-04  2.07243E-06  4.24302E-01  1.78687E-01  2.22048E+00 -3.38545E-01  1.76354E+01  6.87276E+00  3.09605E+04  1.92318E+04  3.83991E+04  7.85244E+03  9.00439E+02  1.12458E+04  5.71570E-05  5.05562E-07  1.04428E-04
       2       1       4  2.91392E-04  2.02066E-04  2.91392E-06  5.61714E-01  2.38890E-01  3.61506E+00  1.59171E+00  4.89522E+01 -9.13284E+00  2.10992E+04  6.42534E+04  3.09936E+04  1.99359E+03 -5.22737E+03  4.35938E+03  1.66898E-04  4.80284E-06  3.03644E-05
       2       1       5  2.66984E-04  4.08660E-04  2.66984E-06  8.78757E-01  3.79631E-01  5.19938E+00  3.63995E+00  3.03060E+01 -3.02829E+00  8.22388E+03  2.78314E+04  2.42708E+04  7.89938E+02 -3.32872E+02  1.16604E+03  3.37641E-04  1.36502E-05  5.73687E-05
       2       1       6  2.15106E-04  2.78924E-04  2.15106E-06  1.10811E+00  4.56143E-01  6.80744E+00 -2.80258E-01  1.82073E+01 -3.78496E+00  3.52262E+03  1.13690E+04  1.32430E+04  1.71810E+02 -3.62555E+02  8.12703E+02  1.60201E-04  1.51669E-06  1.17207E-04
       2       1       7  2.19244E-04  2.36019E-04  2.19244E-06  1.96602E+00  8.40208E-01  1.22894E+01 -5.56209E+00 -1.77005E+02  1.12665E+01  1.03164E+04  4.69751E+04  2.33232E+04  1.04336E+03 -4.54640E+03  9.96494E+02  2.18431E-04  0.00000E+00  1.75878E-05
       2       1       8  3.66707E-04  4.64479E-04  3.66707E-06  2.99754E+00  1.27045E+00  1.79409E+01 -4.44663E+00 -1.15677E+02  1.17560E+00  5.06723E+03  2.11027E+04  1.69894E+04  4.07519E+02 -8.69614E+02  9.92101E+02  4.28966E-04  0.00000E+00  3.55124E-05
       2       1       9  3.80417E-04  4.15096E-04  3.80417E-06  3.94273E+00  1.66721E+00  2.36409E+01 -2.04202E+00 -3.86970E+01  7.88043E-01  1.79677E+03  7.64049E+03  7.12785E+03  1.43025E+02 -4.91853E+02  5.54376E+02  3.21137E-04  0.00000E+00  9.39587E-05
       2       1      10  1.70971E-04  1.49965E-04  1.70971E-06  1.40684E+01  5.91416E+00  7.65927E+01 -3.34878E+00 -1.96735E+00 -1.42340E+01  9.14496E+02  1.70065E+02  2.78850E+04  3.69480E+02  2.08226E+03  4.84382E+03  0.00000E+00  0.00000E+00  1.49965E-04
       2       2       1  1.26651E-03  1.12942E-03  1.26651E-05  2.16779E-01  8.90198E-02  5.51570E-01 -2.22677E+01  5.68709E+01 -2.65568E+00  3.05681E+04  2.38927E+04  4.45915E+04  7.37685E+02  2.14714E+03  7.84824E+03  1.62142E-06  3.98348E-04  7.29448E-04
       2       2       2  3.65735E-04  2.51929E-04  3.65735E-06  5.19264E-01  2.15776E-01  1.40208E+00 -4.03194E-01 -1.08936E+01 -1.12958E+01  3.24115E+04  1.29865E+04  8.81795E+04  7.39338E+03  9.11882E+03  2.16721E+04  0.00000E+00  1.00588E-04  1.51341E-04
       2       2       3  6.29851E-04  5.80169E-04  6.29851E-06  7.78489E-01  3.22679E-01  2.09524E+00  1.76995E+00 -9.16748E+00 -2.10761E+00  1.87210E+04  5.64182E+03  3.27637E+04  6.59769E+03  4.69659E+03  1.15447E+04  0.00000E+00  2.08447E-04  3.71722E-04
       2       2       4  9.08820E-04  1.92437E-04  9.08820E-06  1.29901E+00  5.44194E-01  3.10195E+00  5.25638E+01 -8.69713E+01  1.15221E+01  6.28967E+04  4.09615E+04  8.14271E+04  5.32544E+03  1.16630E+04  2.82857E+04  0.00000E+00  7.05341E-05  1.21903E-04
       2       2       5  8.49290E-04  2.91798E-04  8.49290E-06  2.00302E+00  8.43700E-01  4.81164E+00  2.35270E+01  5.44641E+00  2.72333E+01  1.29019E+04  2.57809E+03  7.04969E+04  4.61588E+03  9.94099E+03  2.49778E+04  3.43972E-07  5.68758E-05  2.34578E-04
       2       2       6  7.20135E-04  6.98225E-04  7.20135E-06  2.87340E+00  1.17879E+00  6.85086E+00  9.06926E+00  1.21982E-01  4.57991E+00  5.28397E+03  1.04404E+03  3.21083E+04  1.87509E+03  4.23790E+03  1.15199E+04  6.87944E-07  1.25127E-04  5.72410E-04
       2       2       7  7.10099E-04  2.80559E-04  7.10099E-06  4.28984E+00  1.77268E+00  1.08810E+01 -1.42616E+00  2.25541E+00 -3.75726E+00  1.13479E+04  2.09874E+03  7.70647E+04  4.45134E+03  1.12596E+04  2.83333E+04  0.00000E+00  0.00000E+00  2.80559E-04
       2       2       8  1.17056E-03  6.66477E-04  1.17056E-05  6.69659E+00  2.67687E+00  1.67271E+01  6.23029E+00  1.58279E+00  1.46599E+01  5.49788E+03  1.14254E+03  3.84382E+04  2.29767E+03  5.92507E+03  1.39378E+04  0.00000E+00  0.00000E+00  6.66477E-04
       2       2       9  1.29834E-03  1.68115E-03  1.29834E-05  9.50351E+00  3.76026E+00  2.35124E+01  1.89165E+00 -3.92083E-01  5.72308E+00  1.29038E+03  3.18540E+02  8.30926E+03  5.42745E+02  1.32750E+03  3.04147E+03  0.00000E+00  0.00000E+00  1.68115E-03
       2       2      10  5.89066E-04  5.57091E-04  5.89066E-06  2.81497E+01  1.15491E+01  7.05116E+01  2.34806E+00  2.39810E+00  4.14747E+00  4.12789E+03  8.25069E+02  2.61670E+04  1.75693E+03  4.37622E+03  1.01145E+04  0.00000E+00  0.00000E+00  5.57091E-04
       2       3       1  2.12349E-03  2.11737E-03  2.12349E-05  3.24177E-01  1.33273E-01  4.75141E-01 -4.67774E+01  1.04002E+02  1.92521E+00  2.53702E+04  2.78770E+04  3.07089E+04 -1.70975E+03 -2.64933E+02  9.67167E+02  0.00000E+00  1.74047E-03  3.76892E-04
       2       3       2  6.25568E-04  5.83821E-04  6.25568E-06  8.37918E-01  3.45106E-01  1.20764E+00 -4.16903E+01  9.35577E+01  4.92468E+00  3.91765E+04  2.42064E+04  4.31773E+04  4.29242E+03  2.93531E+03  9.73270E+03  0.00000E+00  4.76980E-04  1.06841E-04
       2       3       3  1.06762E-03  1.10286E-03  1.06762E-05  1.25427E+00  5.17165E-01  1.80749E+00 -8.91929E+00  1.88757E+01  5.19437E+00  1.64055E+04  8.69477E+03  2.40696E+04  3.76630E+03  3.65768E+03  6.93098E+03  0.00000E+00  8.84241E-04  2.18619E-04
       2       3       4  1.61732E-03  9.88322E-04  1.61732E-05  1.87796E+00  7.66137E-01  2.83502E+00  6.37484E+01 -1.69575E+02 -7.66765E+00  4.42632E+04  6.43949E+04  3.96539E+04 -9.94100E+03  6.19853E+03  1.48052E+04  0.00000E+00  7.33302E-04  2.55020E-04
       2       3       5  1.57572E-03  1.52479E-03  1.57572E-05  3.01594E+00  1.25087E+00  4.10429E+00  4.48107E+01 -8.49209E+01 -1.43203E-03  2.70395E+04  2.08290E+04  2.82968E+04  1.03180E+03  4.32764E+03  1.06279E+04  0.00000E+00  1.13900E-03  3.85794E-04
       2       3       6  1.47754E-03  1.92133E-03  1.47754E-05  3.91891E+00  1.62529E+00  5.81505E+00  2.22780E+01 -4.81228E+01  1.34071E+00  1.02324E+04  9.38118E+03  1.76599E+04  4.07856E+01  3.01755E+03  6.89568E+03  0.00000E+00  1.13359E-03  7.87733E-04
       2       3       7  1.42564E-03  1.26509E-03  1.42564E-05  6.71099E+00  2.75955E+00  9.79715E+00  7.78345E+01 -1.31266E+02  1.11259E+01  2.42099E+04  3.12461E+04  3.19525E+04 -6.72524E+03  4.53515E+03  1.14557E+04  0.00000E+00  9.07867E-04  3.57225E-04
       2       3       8  2.17950E-03  2.43862E-03  2.17950E-05  1.00259E+01  4.19466E+00  1.44605E+01  4.87862E+01 -8.27203E+01  8.62540E+00  1.29789E+04  1.41652E+04  1.95900E+04 -1.73664E+03  2.81819E+03  7.29739E+03  0.00000E+00  1.63450E-03  8.04126E-04
       2       3       9  2.75976E-03  2.85010E-03  2.75976E-05  1.35081E+01  5.66782E+00  1.99411E+01  1.90711E+01 -3.35031E+01  8.81183E-01  4.75185E+03  4.24398E+03  7.81919E+03 -1.69112E+02  1.69619E+03  3.95404E+03  0.00000E+00  1.20796E-03  1.64214E-03
       2       3      10  1.41687E-03  1.43862E-03  1.41687E-05  4.45039E+01  1.80881E+01  5.97765E+01  1.86140E+00  3.16093E-01  6.74669E-01  1.05011E+04  1.82358E+03  1.94593E+04  4.22955E+03  5.72405E+03  1.41178E+04  0.00000E+00  0.00000E+00  1.43862E-03
       2       4       1  2.94610E-03  3.16089E-03  2.94610E-05  4.53418E-01  1.87499E-01  3.44443E-01  5.49828E+00 -1.48834E+01  1.73927E+00  2.47417E+04  4.18919E+04  2.20066E+04 -9.13337E+03  1.07441E+02  3.43082E+02  0.00000E+00  2.85947E-03  3.01424E-04
       2       4       2  8.93640E-04  8.79805E-04  8.93640E-06  1.13690E+00  4.69393E-01  8.59099E-01  3.32386E+01 -7.05457E+01 -2.34912E+00  4.35092E+04  3.76252E+04  2.10166E+04  9.41279E+02 -1.61274E+02  7.68683E+02  0.00000E+00  7.96701E-04  8.31032E-05
       2       4       3  1.50014E-03  1.45513E-03  1.50014E-05  1.65618E+00  6.83642E-01  1.25998E+00  2.50725E+01 -5.64062E+01  7.40961E-01  1.84489E+04  2.38877E+04  1.25603E+04 -2.56508E+03  3.67197E+02  1.91909E+03  0.00000E+00  1.25570E-03  1.99432E-04
       2       4       4  2.41807E-03  1.63972E-03  2.41807E-05  2.62493E+00  1.08644E+00  2.02226E+00  5.51233E+01 -1.26378E+02  1.25514E+00  4.31776E+04  7.65783E+04  2.08327E+04 -1.96144E+04  1.38393E+03  3.00853E+03  0.00000E+00  1.51370E-03  1.26021E-04
       2       4       5  2.50480E-03  2.68500E-03  2.50480E-05  3.91761E+00  1.63166E+00  2.99469E+00  3.19792E+01 -8.20441E+01  1.59248E+00  3.24857E+04  2.91452E+04  1.93106E+04  2.57890E+03  1.52272E+03  4.35418E+03  0.00000E+00  2.40305E-03  2.81951E-04
       2       4       6  2.68059E-03  3.16007E-03  2.68059E-05  5.55417E+00  2.30026E+00  4.04679E+00  2.10199E+01 -4.38407E+01 -2.28554E+00  1.72377E+04  1.36002E+04  8.80526E+03  1.83910E+02  1.56557E+03  4.11427E+03  0.00000E+00  2.52205E-03  6.38028E-04
       2       4       7  2.77891E-03  2.17185E-03  2.77891E-05  9.04338E+00  3.75812E+00  6.89765E+00  6.84922E+01 -1.80715E+02 -3.69286E+00  3.14070E+04  4.79386E+04  2.09862E+04 -7.83242E+03  2.90642E+03  7.26545E+03  0.00000E+00  1.87546E-03  2.96394E-04
       2       4       8  3.54202E-03  4.02763E-03  3.54202E-05  1.37624E+01  5.67810E+00  1.02463E+01  4.30447E+01 -1.07264E+02 -3.94052E+00  2.09276E+04  1.87543E+04  1.27688E+04  4.99567E+02  1.87200E+03  4.04842E+03  0.00000E+00  3.54931E-03  4.78321E-04
       2       4       9  5.21626E-03  6.20194E-03  5.21626E-05  1.92100E+01  7.94405E+00  1.42557E+01  1.98171E+01 -5.14807E+01  1.78138E-01  7.94579E+03  6.01431E+03  4.94244E+03  9.84242E+02  6.51244E+02  1.82344E+03  0.00000E+00  4.88318E-03  1.31876E-03
       2       4      10  3.77010E-03  4.13719E-03  3.77010E-05  5.82437E+01  2.39809E+01  4.33633E+01  1.55260E+01 -2.51139E+01  4.27882E+00  1.77689E+04  4.73255E+03  9.96323E+03  6.37584E+03  2.94705E+03  7.41700E+03  0.00000E+00  1.88282E-03  2.25437E-03
       2       5       1  3.62782E-03  3.25106E-03  3.62782E-05  4.92954E-01  2.03798E-01  2.28274E-01  8.88353E+00 -2.08322E+01 -1.14897E+00  2.17020E+04  3.78007E+04  2.80022E+04 -7.53363E+03  1.09150E+02  3.53620E+01  0.00000E+00  2.99317E-03  2.57895E-04
       2       5       2  1.13542E-03  1.05366E-03  1.13542E-05  1.28887E+00  5.30968E-01  5.92005E-01  3.30987E+01 -8.48258E+01  1.08531E+00  5.04173E+04  3.59224E+04  2.47901E+04  6.15170E+03 -4.03048E+02 -1.56418E+03  0.00000E+00  9.52776E-04  1.00882E-04
       2       5       3  1.86807E-03  1.81288E-03  1.86807E-05  1.85125E+00  7.64029E-01  8.52929E-01  2.81605E+01 -6.63974E+01  6.48995E-01  3.00551E+04  2.22980E+04  1.62261E+04  3.63009E+03 -4.15301E+02  1.21754E+03  0.00000E+00  1.58884E-03  2.24039E-04
       2       5       4  3.19272E-03  1.82205E-03  3.19272E-05  2.93027E+00  1.21106E+00  1.34228E+00  4.57388E+01 -9.87007E+01  1.04701E+00  4.52561E+04  5.03313E+04  3.66170E+04 -5.06691E+03  1.97033E+02  1.38175E+03  0.00000E+00  1.72524E-03  9.68051E-05
       2       5       5  3.53194E-03  3.46291E-03  3.53194E-05  4.46376E+00  1.84273E+00  2.08713E+00  2.73674E+01 -6.97898E+01 -9.99245E-01  3.17051E+04  2.63585E+04  1.94496E+04  4.07943E+03  7.09247E+02  1.52215E+03  0.00000E+00  3.24371E-03  2.19200E-04
       2       5       6  4.28011E-03  4.06640E-03  4.28011E-05  6.17557E+00  2.51989E+00  2.85378E+00  2.96401E+01 -4.96044E+01  6.30598E-01  2.54585E+04  1.38459E+04  9.91369E+03  3.86640E+03  8.25357E+02  1.76041E+03  0.00000E+00  3.56954E-03  4.96863E-04
       2       5       7  5.28433E-03  2.98258E-03  5.28433E-05  1.01610E+01  4.18192E+00  4.56673E+00  5.00952E+01 -1.32879E+02  1.39744E+00  4.30974E+04  3.30068E+04  2.39466E+04  5.42517E+03  1.27159E+03  4.18103E+03  0.00000E+00  2.47264E-03  5.09946E-04
       2       5       8  5.59372E-03  5.69121E-03  5.59372E-05  1.54157E+01  6.38285E+00  6.90150E+00  3.55092E+01 -8.21327E+01  4.25691E+00  2.65649E+04  1.51007E+04  1.25142E+04  5.61602E+03  1.18959E+03  3.60190E+03  0.00000E+00  4.52831E-03  1.16290E-03
       2       5       9  8.62913E-03  8.65876E-03  8.62913E-05  2.18004E+01  8.87012E+00  9.54203E+00  1.76701E+01 -3.94036E+01  4.42109E+00  1.04012E+04  5.19588E+03  4.36981E+03  2.53282E+03  7.96591E+02  2.22339E+03  0.00000E+00  5.60246E-03  3.05630E-03
       2       5      10  1.00154E-02  6.12876E-03  1.00154E-04  6.45962E+01  2.67348E+01  2.99456E+01  1.88368E+01 -1.92164E+01  3.04329E+00  2.25634E+04  5.36955E+03  5.48687E+03  8.68881E+03  2.49930E+03  5.79340E+03  0.00000E+00  2.73083E-03  3.39793E-03
       2       6       1  4.02354E-03  4.05471E-03  4.02354E-05  5.35548E-01  2.21971E-01  7.66720E-02  3.49823E+01 -8.77561E+01  6.81459E-01  1.90908E+04  4.13350E+04  2.45638E+04 -1.03576E+04 -7.60929E+00  6.11169E+01  0.00000E+00  3.83747E-03  2.17245E-04
       2       6       2  1.28576E-03  1.27292E-03  1.28576E-05  1.38663E+00  5.71369E-01  2.00584E-01  4.77989E+01 -1.09569E+02  2.57918E-01  4.10038E+04  3.69792E+04  2.18787E+04  8.95087E+02 -9.13367E+02 -1.14694E+03  0.00000E+00  1.18964E-03  8.32748E-05
       2       6       3  2.08554E-03  2.04546E-03  2.08554E-05  1.96999E+00  8.17699E-01  2.74765E-01  2.87037E+01 -7.08350E+01  2.47132E+00  2.88257E+04  2.24494E+04  1.48547E+04  2.82842E+03 -8.71476E+02 -1.30198E+03  0.00000E+00  1.78367E-03  2.61789E-04
       2       6       4  3.69391E-03  2.80390E-03  3.69391E-05  3.15652E+00  1.30463E+00  4.58381E-01  3.76355E+01 -9.43063E+01 -1.69448E+00  3.88813E+04  6.55384E+04  2.94716E+04 -1.26937E+04  1.21641E+03  4.41674E+02  0.00000E+00  2.57579E-03  2.28118E-04
       2       6       5  4.26896E-03  4.55736E-03  4.26896E-05  4.81167E+00  1.97970E+00  6.79691E-01  2.15905E+01 -6.04323E+01 -1.57229E-01  3.22674E+04  3.27127E+04  1.16118E+04 -4.64719E+02  5.14770E+02  2.41332E+03  0.00000E+00  4.19371E-03  3.63647E-04
       2       6       6  5.57276E-03  6.23212E-03  5.57276E-05  6.61459E+00  2.71851E+00  9.27122E-01  2.37518E+01 -6.30077E+01  1.27400E-01  2.17899E+04  2.37968E+04  8.85335E+03 -6.30585E+02  9.86541E+02  2.32076E+03  0.00000E+00  5.54156E-03  6.90554E-04
       2       6       7  7.98394E-03  5.72246E-03  7.98394E-05  1.09159E+01  4.51405E+00  1.65508E+00  8.17898E+01 -1.96019E+02  4.91614E-02  3.91775E+04  5.65310E+04  1.39046E+04 -8.44851E+03  1.07607E+03  2.49599E+03  0.00000E+00  4.92533E-03  7.97135E-04
       2       6       8  8.07959E-03  9.54423E-03  8.07959E-05  1.65057E+01  6.80325E+00  2.47943E+00  5.46674E+01 -1.22209E+02  9.41419E-01  2.94805E+04  2.54848E+04  6.76866E+03  1.64042E+03  3.47432E+02  1.17354E+03  0.00000E+00  8.06206E-03  1.48217E-03
       2       6       9  1.15467E-02  1.27786E-02  1.15467E-04  2.28571E+01  9.39029E+00  3.44061E+00  2.74979E+01 -6.78326E+01  6.67569E-01  1.67054E+04  1.10227E+04  2.93371E+03  2.79734E+03  1.79525E+02  5.78730E+02  0.00000E+00  9.22160E-03  3.55705E-03
       2       6      10  1.89826E-02  1.85315E-02  1.89826E-04  6.93126E+01  2.86471E+01  9.23585E+00  1.72258E+01 -4.67968E+01  1.64757E+00  2.60727E+04  7.42952E+03  9.33704E+02  9.19885E+03  1.31512E+02  6.28917E+02  0.00000E+00  1.48908E-02  3.64065E-03
       3       1       1  4.19279E-04  4.06411E-04  4.19279E-06  8.20646E-02  6.41959E-02  5.48759E-01  1.23737E+01  1.86940E+01 -5.89775E+00  3.06445E+04  3.14722E+04  7.54640E+04  7.50210E+03  1.24813E+03  8.75043E+03  1.15140E-04  4.69912E-05  2.44280E-04
       3       1       2  1.19930E-04  1.34645E-04  1.19930E-06  2.36769E-01  1.86040E-01  1.47517E+00  1.40426E+01  1.03137E+02 -1.02260E+01  1.85122E+04  2.99173E+04  5.59056E+04  1.81087E+03  3.93609E+02  3.53520E+03  6.93364E-05  1.55503E-05  4.97584E-05
       3       1       3  2.07213E-04  2.17706E-04  2.07213E-06  3.69203E-01  3.02484E-01  2.21425E+00  1.16102E+01  1.22805E+01 -1.42709E+01  2.24228E+04  1.29022E+04  2.60818E+04  2.53329E+03  1.20350E+03  6.50137E+02  4.37692E-05  3.08646E-05  1.43072E-04
       3       1       4  2.91323E-04  2.19096E-04  2.91323E-06  5.24131E-01  3.90552E-01  3.58000E+00  7.49907E+00  5.13809E+01 -1.74731E+01  2.48347E+04  6.29249E+04  2.84973E+04  2.52156E+03 -1.04499E+04  1.35760E+03  1.87226E-04  6.82509E-06  2.50453E-05
       3       1       5  2.66923E-04  3.50607E-04  2.66923E-06  7.78331E-01  5.78858E-01  5.17383E+00  2.13412E+00  3.62317E+01 -1.86399E+00  1.05846E+04  2.80393E+04  2.42618E+04  7.65290E+02  9.15601E+01  1.26201E+03  2.91185E-04  8.34178E-06  5.10800E-05
       3       1       6  2.15048E-04  2.53712E-04  2.15048E-06  9.83606E-01  7.45569E-01  6.83818E+00 -4.06078E-01  1.61626E+01 -1.46673E+01  4.40877E+03  1.00770E+04  1.92851E+04  1.94058E+02 -2.51280E+02  1.10957E+03  1.41945E-04  3.53894E-06  1.08227E-04
       3       1       7  2.19203E-04  2.28671E-04  2.19203E-06  1.88148E+00  1.40102E+00  1.22191E+01 -6.27154E+00 -1.84220E+02  4.16698E+01  1.37123E+04  4.72671E+04  2.06128E+04  1.22100E+03 -6.73234E+03  1.47191E+02  2.24420E-04  0.00000E+00  4.25079E-06
       3       1       8  3.66643E-04  4.32146E-04  3.66643E-06  2.65023E+00  1.97426E+00  1.79182E+01 -4.53648E+00 -1.12110E+02  1.80378E+01  6.30475E+03  1.98160E+04  1.73841E+04  9.50454E+02 -1.51854E+03  6.65384E+02  4.05972E-04  0.00000E+00  2.61743E-05
       3       1       9  3.80302E-04  3.44794E-04  3.80302E-06  3.61123E+00  2.72072E+00  2.32937E+01 -2.24341E+00 -3.78095E+01  8.20187E+00  2.45318E+03  7.67812E+03  9.43793E+03  2.10746E+02 -4.82556E+01  9.69098E+02  2.95965E-04  0.00000E+00  4.88291E-05
       3       1      10  1.70922E-04  1.99122E-04  1.70922E-06  1.09127E+01  8.19357E+00  7.55252E+01  2.79241E+00  1.02709E+00  7.26498E+00  6.88792E+02  3.99440E+02  3.02471E+04  4.99387E+02  3.30642E+03  4.35643E+03  0.00000E+00  0.00000E+00  1.99122E-04
       3       2       1  1.26554E-03  1.21090E-03  1.26554E-05  1.82324E-01  1.40934E-01  5.45080E-01 -3.46073E+01  6.06044E+01 -1.16056E+01  2.75138E+04  2.68463E+04  4.54103E+04  1.98150E+02  1.41750E+03  5.86817E+03  1.70839E-04  4.38886E-04  6.01175E-04
       3       2       2  3.65385E-04  3.23679E-04  3.65385E-06  4.15529E-01  3.30559E-01  1.41552E+00  1.51130E+01  5.16618E+01 -1.93280E+01  2.45348E+04  3.06864E+04  6.83418E+04  8.32519E+03  5.17982E+03  1.36634E+04  9.49766E-05  6.96574E-05  1.59045E-04
       3       2       3  6.29401E-04  7.01739E-04  6.29401E-06  6.43233E-01  4.95410E-01  2.11467E+00  1.18258E+01  1.87172E+00 -2.81510E+00  1.26559E+04  7.65492E+03  2.74761E+04  6.26658E+03  4.70186E+03  5.94039E+03  5.30951E-05  2.50043E-04  3.98601E-04
       3       2       4  9.07753E-04  4.76718E-04  9.07753E-06  1.07543E+00  8.95642E-01  3.29089E+00  5.44667E+01 -2.49700E+01 -1.03041E+01  3.78120E+04  4.79415E+04  4.80603E+04 -1.91700E+03 -8.25035E+03  8.94106E+03  2.38775E-04  1.32566E-04  1.05378E-04
       3       2       5  8.48272E-04  7.81269E-04  8.48272E-06  1.50364E+00  1.24976E+00  4.89301E+00  3.58655E+00  1.84429E+01 -6.03601E+00  1.08716E+04  2.17029E+04  3.00976E+04  2.58110E+03 -1.46747E+03  5.17393E+03  5.46509E-04  6.10395E-05  1.73720E-04
       3       2       6  7.19123E-04  7.60932E-04  7.19123E-06  2.21035E+00  1.74424E+00  6.54542E+00  4.05143E+00  8.91898E+00 -4.70017E+00  4.56320E+03  7.65404E+03  2.03992E+04  1.81215E+03  2.28255E+03  4.93383E+03  2.60203E-04  8.67040E-05  4.14025E-04
       3       2       7  7.09308E-04  3.89096E-04  7.09308E-06  3.39356E+00  2.83825E+00  1.13912E+01  1.49240E+01 -1.21043E+02  3.86611E+01  1.39387E+04  3.10401E+04  3.97507E+04 -8.66520E+02 -2.19293E+03  7.87900E+03  2.25701E-04  3.42800E-05  1.29115E-04
       3       2       8  1.16954E-03  8.43742E-04  1.16954E-05  4.97381E+00  4.13692E+00  1.70442E+01 -2.34370E+00 -7.51438E+01  2.35273E+01  5.45451E+03  1.39972E+04  2.49566E+04  1.58866E+03  8.73310E+02  4.97914E+03  5.09257E-04  0.00000E+00  3.34485E-04
       3       2       9  1.29629E-03  1.31964E-03  1.29629E-05  7.75208E+00  5.99587E+00  2.29935E+01 -1.60059E+00 -1.50286E+01  3.36873E+00  1.58542E+03  3.08132E+03  8.94539E+03  6.61677E+02  1.01281E+03  2.49734E+03  3.31021E-04  0.00000E+00  9.88618E-04
       3       2      10  5.87941E-04  5.17847E-04  5.87941E-06  2.33616E+01  1.80969E+01  7.08275E+01  5.44183E-01  1.33619E+00  6.30910E+00  2.86961E+03  1.72749E+03  2.66174E+04  2.16869E+03  6.58681E+03  8.52149E+03  0.00000E+00  0.00000E+00  5.17847E-04
       3       3       1  2.11953E-03  2.14984E-03  2.11953E-05  2.78314E-01  2.14411E-01  4.77286E-01 -6.61281E+01  8.78450E+01 -8.01475E+00  2.55858E+04  2.63988E+04  3.01609E+04 -2.36393E+03 -1.01526E+02  1.39791E+03  7.90339E-05  1.73563E-03  3.35172E-04
       3       3       2  6.24010E-04  5.96727E-04  6.24010E-06  7.11437E-01  5.43199E-01  1.21351E+00 -7.23713E+01  7.38573E+01 -5.71040E-01  3.33668E+04  2.59596E+04  4.00347E+04  6.39433E+03  4.77416E+03  6.05946E+03  0.00000E+00  4.85129E-04  1.11598E-04
       3       3       3  1.06576E-03  1.10312E-03  1.06576E-05  1.06558E+00  8.16475E-01  1.81089E+00 -1.84799E+01  2.11518E+01  3.86664E-01  1.18968E+04  7.95522E+03  2.09503E+04  6.38420E+03  2.60347E+03  4.29710E+03  0.00000E+00  8.43133E-04  2.59989E-04
       3       3       4  1.61252E-03  8.82637E-04  1.61252E-05  1.60510E+00  1.22435E+00  2.82135E+00  1.18918E+02 -1.48822E+02 -4.03333E+00  5.12535E+04  5.94811E+04  3.88283E+04 -1.86558E+04  7.29509E+03  1.03898E+04  1.30709E-05  6.85836E-04  1.83730E-04
       3       3       5  1.57056E-03  1.48073E-03  1.57056E-05  2.55906E+00  1.98128E+00  4.14386E+00  6.74547E+01 -7.10178E+01 -1.71197E+00  2.58166E+04  2.19771E+04  2.49928E+04  9.23564E+02  4.13443E+03  6.53843E+03  7.46420E-05  1.15286E-03  2.53225E-04
       3       3       6  1.47194E-03  1.69880E-03  1.47194E-05  3.25267E+00  2.51971E+00  5.79721E+00  3.62630E+01 -4.40258E+01 -3.12377E+00  9.88842E+03  9.75977E+03  1.61940E+04 -8.07064E+02  4.15162E+03  5.39053E+03  3.23334E-05  1.12051E-03  5.45951E-04
       3       3       7  1.42011E-03  1.12637E-03  1.42011E-05  5.75114E+00  4.37754E+00  9.88145E+00  1.11099E+02 -1.15680E+02  2.80548E+00  2.87075E+04  2.85551E+04  3.11072E+04 -8.62948E+03  7.26931E+03  9.31341E+03  0.00000E+00  8.62863E-04  2.63503E-04
       3       3       8  2.17452E-03  2.21087E-03  2.17452E-05  8.55907E+00  6.61682E+00  1.45938E+01  7.76473E+01 -7.31135E+01  4.79643E+00  1.50603E+04  1.35210E+04  1.91827E+04 -2.67422E+03  3.79714E+03  5.26056E+03  0.00000E+00  1.68761E-03  5.23260E-04
       3       3       9  2.74817E-03  2.45373E-03  2.74817E-05  1.16895E+01  9.00399E+00  1.96913E+01  3.59579E+01 -3.15065E+01  4.59034E+00  5.70000E+03  4.85612E+03  8.73752E+03 -6.90218E+01  2.82825E+03  3.72684E+03  0.00000E+00  1.41113E-03  1.04261E-03
       3       3      10  1.40684E-03  1.72655E-03  1.40684E-05  3.64166E+01  2.89576E+01  6.09566E+01  5.12468E-01  1.01485E+00  6.55564E-01  7.18735E+03  4.49779E+03  2.01283E+04  5.58094E+03  9.36634E+03  1.18140E+04  0.00000E+00  0.00000E+00  1.72655E-03
       3       4       1  2.93662E-03  3.23666E-03  2.93662E-05  3.90792E-01  3.01274E-01  3.47307E-01  1.01033E+01 -1.18160E+01 -1.68530E+00  3.07180E+04  3.67191E+04  2.10273E+04 -1.08788E+04  2.09570E+02  5.40089E+02  4.94741E-05  2.88522E-03  3.01967E-04
       3       4       2  8.89511E-04  9.36111E-04  8.89511E-06  9.77969E-01  7.51000E-01  8.59872E-01  4.97729E+01 -6.20598E+01  3.63646E+00  4.12727E+04  3.68063E+04  2.13322E+04  1.75651E+03  1.70616E+03  2.69330E+03  0.00000E+00  8.17648E-04  1.18463E-04
       3       4       3  1.49565E-03  1.57714E-03  1.49565E-05  1.41801E+00  1.09339E+00  1.27263E+00  3.40221E+01 -4.80553E+01 -7.03128E-01  1.81089E+04  2.16838E+04  1.33956E+04 -3.39771E+03  1.07814E+03  2.71304E+03  0.00000E+00  1.21874E-03  3.58400E-04
       3       4       4  2.40527E-03  1.59578E-03  2.40527E-05  2.23927E+00  1.71176E+00  2.02305E+00  8.20004E+01 -1.14246E+02  3.66683E+00  5.36955E+04  6.71388E+04  2.08087E+04 -2.44887E+04 -2.66129E+02  1.94563E+03  0.00000E+00  1.47797E-03  1.17803E-04
       3       4       5  2.48884E-03  2.95977E-03  2.48884E-05  3.38428E+00  2.61305E+00  2.98301E+00  5.70430E+01 -6.86807E+01 -2.08089E+00  3.04664E+04  3.03534E+04  1.74926E+04  9.13711E+02  2.23822E+03  2.20557E+03  0.00000E+00  2.74292E-03  2.16848E-04
       3       4       6  2.66138E-03  3.04632E-03  2.66138E-05  4.78541E+00  3.67182E+00  4.03779E+00  3.32229E+01 -4.04262E+01 -3.62697E-01  1.77456E+04  1.42374E+04  9.07804E+03  2.03046E+03  2.50323E+03  3.03741E+03  0.00000E+00  2.63455E-03  4.11770E-04
       3       4       7  2.75171E-03  2.22930E-03  2.75171E-05  7.81556E+00  5.93422E+00  6.89323E+00  1.13807E+02 -1.58090E+02  1.59277E+00  3.67681E+04  4.33216E+04  2.02510E+04 -1.08882E+04  3.00704E+03  4.13655E+03  0.00000E+00  1.95117E-03  2.78138E-04
       3       4       8  3.52332E-03  4.17104E-03  3.52332E-05  1.18060E+01  9.07296E+00  1.02283E+01  6.81965E+01 -9.04125E+01 -4.27100E+00  2.04712E+04  1.94783E+04  1.27828E+04  1.51041E+03  2.38410E+03  3.15493E+03  0.00000E+00  3.61284E-03  5.58193E-04
       3       4       9  5.17598E-03  5.86620E-03  5.17598E-05  1.65038E+01  1.25617E+01  1.41742E+01  3.79739E+01 -4.62454E+01 -3.02150E+00  8.22153E+03  7.08846E+03  5.27095E+03  1.28300E+03  1.52849E+03  1.78195E+03  0.00000E+00  4.71852E-03  1.14769E-03
       3       4      10  3.70591E-03  4.16898E-03  3.70591E-05  4.94528E+01  3.82897E+01  4.24411E+01  1.96135E+01 -2.26575E+01 -7.25149E-01  1.45145E+04  9.37772E+03  1.00970E+04  9.29608E+03  4.92755E+03  6.40822E+03  0.00000E+00  2.08627E-03  2.08271E-03
       3       5       1  3.61168E-03  3.28327E-03  3.61168E-05  4.26678E-01  3.28593E-01  2.29215E-01  1.43896E+01 -1.48049E+01 -1.08712E+00  2.68406E+04  3.28160E+04  2.81579E+04 -9.42041E+03 -1.46532E+02  6.85118E+02  3.73758E-05  2.98338E-03  2.62506E-04
       3       5       2  1.12768E-03  1.07979E-03  1.12768E-05  1.10430E+00  8.50797E-01  5.96261E-01  5.03010E+01 -7.44546E+01  2.27786E+00  4.73728E+04  4.02227E+04  2.46084E+04  1.13887E+04 -6.72113E+01  4.86480E+01  0.00000E+00  9.19530E-04  1.60257E-04
       3       5       3  1.86031E-03  1.84552E-03  1.86031E-05  1.59124E+00  1.22972E+00  8.53283E-01  4.32958E+01 -5.72018E+01  2.52706E+00  2.68114E+04  2.40214E+04  1.55308E+04  4.82298E+03  5.73578E+02  1.25135E+02  0.00000E+00  1.52886E-03  3.16661E-04
       3       5       4  3.16871E-03  1.83482E-03  3.16871E-05  2.51964E+00  1.93326E+00  1.34178E+00  7.35136E+01 -8.50506E+01  2.09521E+00  4.78189E+04  4.84043E+04  3.65884E+04 -5.54581E+03  1.43145E+03  2.03523E+03  0.00000E+00  1.74602E-03  8.88074E-05
       3       5       5  3.49745E-03  3.39851E-03  3.49745E-05  3.83725E+00  2.94052E+00  2.08198E+00  4.82494E+01 -5.91893E+01  1.72166E+00  3.07516E+04  2.87853E+04  1.90029E+04  5.47042E+03  5.24050E+02  9.63872E+02  0.00000E+00  3.19515E-03  2.03367E-04
       3       5       6  4.23477E-03  3.87648E-03  4.23477E-05  5.32349E+00  4.08380E+00  2.83653E+00  3.96896E+01 -4.11675E+01  4.18483E+00  2.20071E+04  1.68096E+04  9.30377E+03  6.31855E+03  3.00660E+02  1.67465E+03  0.00000E+00  3.45566E-03  4.20823E-04
       3       5       7  5.19247E-03  2.92015E-03  5.19247E-05  8.77558E+00  6.72067E+00  4.57316E+00  8.87988E+01 -1.09590E+02 -3.59620E+00  3.96814E+04  3.52098E+04  2.39466E+04  6.54369E+03  4.29564E+03  5.35080E+03  0.00000E+00  2.36843E-03  5.51720E-04
       3       5       8  5.52066E-03  5.83827E-03  5.52066E-05  1.32104E+01  1.02588E+01  6.84152E+00  5.00813E+01 -6.80869E+01 -1.37143E+00  2.26994E+04  1.85419E+04  1.16230E+04  8.37909E+03  2.94813E+03  3.72539E+03  0.00000E+00  4.40566E-03  1.43261E-03
       3       5       9  8.53151E-03  9.71881E-03  8.53151E-05  1.88011E+01  1.45132E+01  9.43429E+00  2.02130E+01 -3.03850E+01 -1.46301E+00  7.50361E+03  6.02868E+03  3.90350E+03  3.23349E+03  1.28304E+03  1.68721E+03  0.00000E+00  5.53475E-03  4.18406E-03
       3       5      10  9.72313E-03  4.94258E-03  9.72313E-05  5.54077E+01  4.26869E+01  3.00588E+01  1.16115E+01 -2.21044E+01 -1.02311E+00  1.69124E+04  1.07203E+04  5.50144E+03  1.16692E+04  3.49538E+03  4.45992E+03  0.00000E+00  2.12837E-03  2.81422E-03
       3       6       1  4.00265E-03  4.09479E-03  4.00265E-05  4.60431E-01  3.54682E-01  7.69670E-02  5.57911E+01 -7.49418E+01 -1.02312E+00  2.53985E+04  3.47647E+04  2.43186E+04 -1.43749E+04  1.74239E+02 -8.80718E+01  3.29273E-05  3.84742E-03  2.14446E-04
       3       6       2  1.27516E-03  1.28943E-03  1.27516E-05  1.18763E+00  9.16834E-01  2.01458E-01  7.30140E+01 -8.56436E+01  1.04071E+00  4.36308E+04  3.93993E+04  2.04287E+04  5.87990E+03 -1.42472E+03 -4.95071E+02  0.00000E+00  1.16209E-03  1.27339E-04
       3       6       3  2.07541E-03  2.21474E-03  2.07541E-05  1.69577E+00  1.31398E+00  2.77121E-01  4.38011E+01 -5.80935E+01 -5.10606E-01  2.91372E+04  2.64637E+04  1.33261E+04  6.27146E+03 -1.09703E+03 -2.86764E+03  0.00000E+00  1.82203E-03  3.92710E-04
       3       6       4  3.66106E-03  2.84524E-03  3.66106E-05  2.71236E+00  2.09484E+00  4.50008E-01  5.92647E+01 -8.08877E+01 -2.43383E-01  4.97823E+04  5.95697E+04  2.77656E+04 -1.48618E+04  9.47055E+02  9.75634E+02  0.00000E+00  2.56703E-03  2.78217E-04
       3       6       5  4.21755E-03  4.45302E-03  4.21755E-05  4.11795E+00  3.16727E+00  6.82014E-01  3.72923E+01 -5.12823E+01 -1.10079E+00  3.57224E+04  3.50909E+04  1.15133E+04  2.62186E+03  2.74687E+03  3.15805E+03  0.00000E+00  3.95505E-03  4.97975E-04
       3       6       6  5.50153E-03  6.34839E-03  5.50153E-05  5.64655E+00  4.36451E+00  9.67802E-01  3.87697E+01 -5.16508E+01  3.83033E-01  2.49459E+04  2.52422E+04  8.96234E+03  1.85156E+03  2.33912E+03  2.76515E+03  0.00000E+00  5.35276E-03  9.95633E-04
       3       6       7  7.80456E-03  5.93135E-03  7.80456E-05  9.31586E+00  7.21040E+00  1.68758E+00  1.23256E+02 -1.62750E+02  2.75225E-01  4.51289E+04  5.23683E+04  1.33731E+04 -8.69321E+03  3.15895E+03  3.69433E+03  0.00000E+00  4.82750E-03  1.10385E-03
       3       6       8  7.89264E-03  1.00704E-02  7.89264E-05  1.41221E+01  1.09324E+01  2.53108E+00  7.97965E+01 -9.97990E+01  1.79220E+00  2.91865E+04  2.74945E+04  6.58864E+03  4.30547E+03  1.51013E+03  2.20812E+03  0.00000E+00  8.11725E-03  1.95317E-03
       3       6       9  1.13805E-02  1.39503E-02  1.13805E-04  1.95312E+01  1.53217E+01  3.78174E+00  4.24822E+01 -5.21587E+01 -3.85741E-01  1.53928E+04  1.29284E+04  2.72301E+03  5.00257E+03  8.20074E+02  9.00933E+02  0.00000E+00  9.34903E-03  4.60127E-03
       3       6      10  1.82535E-02  2.23394E-02  1.82535E-04  5.91591E+01  4.60490E+01  9.95697E+00  2.63840E+01 -3.30732E+01 -1.20202E+00  1.99445E+04  1.33632E+04  1.02292E+03  1.31637E+04  1.04204E+03  1.14225E+03  0.00000E+00  1.52911E-02  7.04837E-03
       4       1       1  4.19203E-04  4.43830E-04  4.19203E-06  6.46653E-02  8.33091E-02  5.47709E-01  9.58138E+00  8.40777E+00 -8.57020E+00  2.42309E+04  2.76895E+04  7.59400E+04  5.77847E+03  4.07737E+03  9.15428E+03  8.36723E-05  5.79465E-05  3.02212E-04
       4       1       2  1.19903E-04  1.30818E-04  1.19903E-06  1.88245E-01  2.35208E-01  1.48013E+00 -1.95464E-01  6.82891E+01 -1.86625E+01  1.67667E+04  2.87889E+04  6.47299E+04  4.26624E+03  5.17387E+03  5.37543E+03  4.86214E-05  3.66458E-05  4.55503E-05
       4       1       3  2.07178E-04  2.32007E-04  2.07178E-06  2.95237E-01  3.76121E-01  2.18945E+00  4.77649E+00  9.45254E+00 -3.64195E+00  1.21063E+04  1.39531E+04  2.72789E+04  1.92010E+03  2.01135E+03  1.93361E+03  3.78422E-05  9.95753E-05  9.45894E-05
       4       1       4  2.91244E-04  1.64114E-04  2.91244E-06  3.70627E-01  4.77695E-01  3.52132E+00 -2.34161E+00  5.10426E+01 -3.39477E+01  3.06442E+04  5.80938E+04  4.03184E+04  8.60534E+02 -1.05226E+04  2.08184E+03  1.24177E-04  4.04450E-06  3.58930E-05
       4       1       5  2.66852E-04  2.66591E-04  2.66852E-06  5.44609E-01  7.02049E-01  5.07785E+00 -2.55431E-02  3.80922E+01 -1.18875E+00  1.23750E+04  2.93272E+04  2.63773E+04  5.17981E+02  1.19453E+03  1.13191E+03  2.20547E-04  0.00000E+00  4.60437E-05
       4       1       6  2.14981E-04  2.17524E-04  2.14981E-06  7.45059E-01  9.67599E-01  6.84617E+00  3.45024E+00  1.54480E+01  9.23892E+00  4.50919E+03  9.86051E+03  1.89499E+04  3.74561E+02  8.92477E+02  1.79361E+03  1.16376E-04  1.39030E-05  8.72452E-05
       4       1       7  2.19156E-04  2.02736E-04  2.19156E-06  1.28856E+00  1.66463E+00  1.21792E+01  3.73812E+00 -1.42410E+02  3.35344E+01  1.41791E+04  3.54406E+04  3.27411E+04  4.33436E+02 -1.36721E+03  2.23091E+03  1.56046E-04  0.00000E+00  4.66901E-05
       4       1       8  3.66570E-04  3.38479E-04  3.66570E-06  2.06019E+00  2.65649E+00  1.78070E+01  6.19629E-01 -9.53484E+01  2.79886E+01  6.88354E+03  1.69984E+04  2.09958E+04  2.69007E+02  4.00907E+02  1.16744E+03  2.83747E-04  0.00000E+00  5.47325E-05
       4       1       9  3.80168E-04  3.24806E-04  3.80168E-06  2.88934E+00  3.64705E+00  2.40233E+01  7.44278E-01 -2.88094E+01  5.25371E+00  2.12433E+03  5.51674E+03  1.00827E+04  1.34182E+02  5.55144E+02  9.32252E+02  2.07691E-04  0.00000E+00  1.17115E-04
       4       1      10  1.70866E-04  1.57097E-04  1.70866E-06  9.60849E+00  1.18349E+01  7.41442E+01 -8.30728E-01 -2.68856E+00 -7.08383E+00  5.11960E+02  8.55063E+02  3.18663E+04  6.32212E+02  5.01501E+03  3.89643E+03  0.00000E+00  0.00000E+00  1.57097E-04
       4       2       1  1.26442E-03  1.19056E-03  1.26442E-05  1.41360E-01  1.84582E-01  5.28938E-01 -6.37435E+01  5.90489E+01 -1.50629E+01  2.83072E+04  2.93106E+04  4.59918E+04 -4.64660E+02  5.60414E+02  2.94588E+03  1.70375E-04  5.20958E-04  4.99231E-04
       4       2       2  3.64982E-04  3.52187E-04  3.64982E-06  3.60030E-01  4.54343E-01  1.38229E+00  1.20277E+01  8.51724E+01 -4.34516E+01  1.74752E+04  4.16103E+04  5.58930E+04  8.83663E+03  4.42762E+03  7.24671E+03  1.68247E-04  7.39237E-05  1.10016E-04
       4       2       3  6.28883E-04  5.25113E-04  6.28883E-06  5.16765E-01  6.64299E-01  2.09075E+00  6.06768E+00  6.57845E+00 -2.87010E+00  9.98397E+03  1.23404E+04  3.18222E+04  6.35955E+03  5.61133E+03  5.63087E+03  8.37766E-05  1.67827E-04  2.73509E-04
       4       2       4  9.06523E-04  6.39705E-04  9.06523E-06  9.34651E-01  1.20914E+00  3.27146E+00  7.44161E+01 -2.54765E+01 -1.54739E+01  3.82799E+04  4.91970E+04  3.96063E+04 -8.77079E+03 -1.31888E+04  3.11819E+03  3.12528E-04  2.52460E-04  7.47166E-05
       4       2       5  8.47102E-04  8.00167E-04  8.47102E-06  1.29289E+00  1.62816E+00  4.81351E+00  7.49508E+00  3.18868E+01 -8.58212E+00  1.20603E+04  2.73121E+04  3.11890E+04  2.11035E+03 -1.15017E+03  2.89212E+03  5.92051E-04  6.86437E-05  1.39472E-04
       4       2       6  7.17957E-04  7.79403E-04  7.17957E-06  1.73551E+00  2.25025E+00  6.60046E+00  3.19722E+00  1.43932E+01 -8.25070E+00  3.67931E+03  9.40544E+03  2.40483E+04  1.17634E+03  4.16558E+03  3.19776E+03  2.71519E-04  1.28826E-04  3.79057E-04
       4       2       7  7.08398E-04  8.04731E-04  7.08398E-06  3.13358E+00  3.99973E+00  1.11350E+01  4.02156E+01 -1.30325E+02  5.62652E+01  1.91762E+04  3.16240E+04  3.34079E+04 -4.30822E+03 -5.89498E+03  3.74693E+03  5.05428E-04  1.42833E-04  1.56469E-04
       4       2       8  1.16838E-03  1.30477E-03  1.16838E-05  4.50950E+00  5.71007E+00  1.65161E+01  5.38039E+00 -8.29645E+01  3.89198E+01  6.66778E+03  1.60314E+04  2.27488E+04  4.02524E+02 -2.36920E+02  2.82598E+03  9.27587E-04  5.63172E-05  3.20867E-04
       4       2       9  1.29392E-03  1.47891E-03  1.29392E-05  6.09455E+00  7.73461E+00  2.26771E+01  1.44451E-01 -1.74696E+01  9.59988E+00  1.65815E+03  4.57366E+03  8.79439E+03  5.49002E+02  8.66613E+02  1.64437E+03  6.76728E-04  0.00000E+00  8.02185E-04
       4       2      10  5.86649E-04  6.15997E-04  5.86649E-06  1.92906E+01  2.47393E+01  7.01175E+01  1.42412E+00  2.60950E+00  8.83338E-01  1.95954E+03  3.19411E+03  2.59618E+04  2.46031E+03  8.85414E+03  6.93584E+03  0.00000E+00  0.00000E+00  6.15997E-04
       4       3       1  2.11496E-03  2.17118E-03  2.11496E-05  2.13544E-01  2.77790E-01  4.76509E-01 -8.37920E+01  6.66377E+01 -1.11128E+01  2.67631E+04  2.41766E+04  3.10362E+04 -1.52258E+03 -1.07267E+03 -1.55770E+01  1.75729E-04  1.68184E-03  3.13605E-04
       4       3       2  6.22223E-04  7.41706E-04  6.22223E-06  5.38119E-01  6.96923E-01  1.22280E+00 -6.70381E+01  8.16918E+01 -4.28763E+01  2.69262E+04  2.92752E+04  3.86803E+04  4.08735E+03 -1.75606E+03  2.52993E+03  1.67914E-04  4.98170E-04  7.56226E-05
       4       3       3  1.06363E-03  1.19948E-03  1.06363E-05  8.16161E-01  1.05992E+00  1.81733E+00 -2.08174E+01  1.84457E+01 -3.65158E+00  8.65969E+03  1.11282E+04  1.92077E+04  4.61301E+03  3.79054E+03  3.34633E+03  1.29814E-04  8.92366E-04  1.77303E-04
       4       3       4  1.60701E-03  1.11692E-03  1.60701E-05  1.27623E+00  1.61290E+00  2.77042E+00  9.22582E+01 -6.39047E+01 -1.53724E+01  4.27307E+04  4.94534E+04  4.94967E+04 -1.08313E+04 -7.82355E+03  4.99294E+03  4.31479E-04  5.42643E-04  1.42794E-04
       4       3       5  1.56467E-03  2.25415E-03  1.56467E-05  1.99896E+00  2.54136E+00  4.15466E+00  5.52240E+01 -2.47769E+01 -7.94139E+00  1.99000E+04  2.33147E+04  2.56241E+04  7.79390E+02 -1.04277E+03  3.01216E+03  8.49348E-04  1.18658E-03  2.18221E-04
       4       3       6  1.46551E-03  1.86878E-03  1.46551E-05  2.50378E+00  3.17224E+00  5.67927E+00  4.25580E+01 -2.00880E+01 -1.49948E+00  1.08991E+04  1.20402E+04  1.79852E+04 -2.32960E+02  3.79646E+03  3.89076E+03  3.67872E-04  9.96582E-04  5.04329E-04
       4       3       7  1.41378E-03  1.56334E-03  1.41378E-05  4.47998E+00  5.80406E+00  9.77568E+00  8.10715E+01 -9.94861E+01  5.49007E+01  2.45665E+04  2.75339E+04  3.46600E+04 -3.11686E+03 -2.07365E+03  4.16063E+03  5.80994E-04  7.48025E-04  2.34318E-04
       4       3       8  2.16880E-03  3.20012E-03  2.16880E-05  6.66275E+00  8.61312E+00  1.45787E+01  5.90307E+01 -7.18976E+01  3.05990E+01  1.30046E+04  1.44382E+04  1.81906E+04 -1.27182E+03  2.99129E+02  2.25906E+03  1.12243E-03  1.65100E-03  4.26677E-04
       4       3       9  2.73488E-03  3.23918E-03  2.73488E-05  8.92759E+00  1.17352E+01  1.94584E+01  2.99284E+01 -2.85958E+01  7.22110E+00  4.79960E+03  5.25786E+03  7.65184E+03  1.01553E+01  1.43391E+03  1.82835E+03  7.53413E-04  1.49323E-03  9.92535E-04
       4       3      10  1.39541E-03  1.22874E-03  1.39541E-05  2.83152E+01  3.63359E+01  6.04477E+01 -3.21657E+00 -3.45715E+00 -6.38361E+00  4.58515E+03  7.42662E+03  2.09016E+04  5.71476E+03  1.22265E+04  9.59978E+03  0.00000E+00  0.00000E+00  1.22874E-03
       4       4       1  2.92574E-03  3.36099E-03  2.92574E-05  2.98827E-01  3.89382E-01  3.47404E-01  1.47370E+01 -8.51018E+00 -9.28319E+00  3.67556E+04  3.00479E+04  2.23431E+04 -1.18585E+04 -9.96311E+02  2.41854E+02  1.51072E-04  2.96675E-03  2.43169E-04
       4       4       2  8.84797E-04  1.07447E-03  8.84797E-06  7.44487E-01  9.75344E-01  8.67406E-01  5.97710E+01 -2.55049E+01 -2.82780E+01  3.54989E+04  3.62563E+04  2.54565E+04  1.31607E+03 -2.32644E+03  1.22231E+03  1.64464E-04  8.29945E-04  8.00623E-05
       4       4       3  1.49049E-03  1.49967E-03  1.49049E-05  1.08198E+00  1.40597E+00  1.28156E+00  5.03445E+01 -3.54985E+01 -1.44802E+01  2.11874E+04  1.90782E+04  1.50374E+04 -3.62230E+03  1.61764E+03  1.32535E+03  8.71844E-05  1.21053E-03  2.01957E-04
       4       4       4  2.39063E-03  1.96513E-03  2.39063E-05  1.70889E+00  2.19489E+00  2.03830E+00  8.92249E+01 -6.04789E+01 -1.08784E+01  5.79139E+04  4.53424E+04  3.41139E+04 -1.86104E+04 -5.57254E+03  2.58607E+03  4.19902E-04  1.42198E-03  1.23246E-04
       4       4       5  2.47067E-03  3.99558E-03  2.47067E-05  2.60929E+00  3.37873E+00  3.03385E+00  5.72535E+01 -3.65548E+01 -4.44894E+00  2.55419E+04  2.74171E+04  2.02846E+04 -5.59550E+02 -1.79361E+03  1.61028E+03  8.10349E-04  2.98010E-03  2.05126E-04
       4       4       6  2.63945E-03  3.13370E-03  2.63945E-05  3.63357E+00  4.69060E+00  4.03321E+00  4.28104E+01 -1.95167E+01 -5.51731E+00  1.59369E+04  1.56039E+04  1.09561E+04  2.92323E+03  1.52894E+03  1.88180E+03  3.59402E-04  2.47539E-03  2.98902E-04
       4       4       7  2.72089E-03  2.88348E-03  2.72089E-05  6.00864E+00  7.77352E+00  6.99648E+00  1.24174E+02 -1.17354E+02  3.83746E+01  3.63676E+04  3.38909E+04  2.69487E+04 -8.82640E+03 -1.55306E+03  2.31571E+03  5.29369E-04  2.12486E-03  2.29256E-04
       4       4       8  3.50209E-03  5.24940E-03  3.50209E-05  8.88172E+00  1.18454E+01  1.04734E+01  7.75095E+01 -6.38257E+01  2.83461E+01  1.71083E+04  1.85867E+04  1.55509E+04  1.27395E+03  3.68643E+02  1.66199E+03  9.91290E-04  3.76475E-03  4.93360E-04
       4       4       9  5.12996E-03  6.59682E-03  5.12996E-05  1.23749E+01  1.61582E+01  1.43198E+01  4.49338E+01 -2.88830E+01  4.02280E+00  6.90247E+03  7.34146E+03  5.84224E+03  1.31049E+03  1.01898E+03  1.03484E+03  6.72966E-04  4.64916E-03  1.27470E-03
       4       4      10  3.63368E-03  4.15511E-03  3.63368E-05  3.73200E+01  4.96978E+01  4.31416E+01  2.65313E+01 -1.72789E+01 -4.36008E-02  9.22751E+03  1.43742E+04  1.02930E+04  9.09500E+03  5.37733E+03  3.76772E+03  0.00000E+00  2.08715E-03  2.06796E-03
       4       5       1  3.59317E-03  3.27946E-03  3.59317E-05  3.26843E-01  4.25312E-01  2.28590E-01  1.69630E+01 -1.18160E+01 -8.04117E+00  3.15680E+04  2.62707E+04  2.87200E+04 -1.02607E+04 -3.92336E+02  1.14450E+02  1.36613E-04  2.95332E-03  1.89536E-04
       4       5       2  1.11888E-03  1.15418E-03  1.11888E-05  8.45307E-01  1.10532E+00  5.89023E-01  6.72342E+01 -3.90217E+01 -3.95924E+01  3.56043E+04  3.92742E+04  2.95701E+04  7.32345E+03 -1.88924E+03  8.09168E+02  1.56816E-04  9.15758E-04  8.16037E-05
       4       5       3  1.85142E-03  1.77352E-03  1.85142E-05  1.22458E+00  1.58694E+00  8.51594E-01  5.62548E+01 -4.46423E+01 -3.63406E+00  2.42188E+04  2.87854E+04  1.79399E+04  4.07832E+03 -5.67333E+02  9.17834E+02  7.01802E-05  1.51936E-03  1.83974E-04
       4       5       4  3.14131E-03  2.26759E-03  3.14131E-05  1.94248E+00  2.50812E+00  1.34218E+00  7.07752E+01 -5.45122E+01 -9.39723E+00  4.14989E+04  4.10864E+04  4.79949E+04 -3.58139E+03 -3.71445E+03  3.09166E+02  4.05582E-04  1.76419E-03  9.78112E-05
       4       5       5  3.45845E-03  3.98306E-03  3.45845E-05  2.96276E+00  3.83245E+00  2.07875E+00  4.91383E+01 -3.36303E+01 -8.77901E+00  2.34086E+04  2.73944E+04  2.36805E+04  4.18863E+03 -1.21421E+03  4.27662E+02  7.39761E-04  3.04317E-03  2.00126E-04
       4       5       6  4.18325E-03  4.20173E-03  4.18325E-05  4.04984E+00  5.26199E+00  2.82477E+00  4.27597E+01 -2.67880E+01 -3.93291E+00  1.69338E+04  1.92760E+04  1.13704E+04  6.25457E+03  4.35579E+02  8.15642E+02  3.31477E-04  3.53378E-03  3.36471E-04
       4       5       7  5.08923E-03  3.08809E-03  5.08923E-05  6.68951E+00  8.71999E+00  4.61471E+00  1.03596E+02 -8.48344E+01  3.89230E+01  3.20362E+04  3.52441E+04  3.20950E+04  3.99041E+03  8.71746E+02  2.74815E+03  5.00002E-04  2.27400E-03  3.14090E-04
       4       5       8  5.43967E-03  5.82925E-03  5.43967E-05  1.00727E+01  1.33211E+01  7.01348E+00  6.06338E+01 -6.17421E+01  2.48864E+01  1.66340E+04  2.15451E+04  1.54527E+04  5.81734E+03  2.03840E+03  2.51929E+03  9.51516E-04  4.09815E-03  7.79582E-04
       4       5       9  8.42062E-03  8.10787E-03  8.42062E-05  1.41474E+01  1.85216E+01  9.57674E+00  3.19266E+01 -3.16010E+01  6.85937E+00  6.71790E+03  8.88589E+03  5.33618E+03  3.30560E+03  1.82470E+03  1.82473E+03  6.61472E-04  5.49223E-03  1.95417E-03
       4       5      10  9.39912E-03  6.49919E-03  9.39912E-05  4.22799E+01  5.56597E+01  3.08495E+01  1.40260E+01 -1.32587E+01  3.83031E-01  1.01392E+04  1.69620E+04  5.60982E+03  1.17064E+04  6.92125E+03  5.32786E+03  0.00000E+00  2.20028E-03  4.29891E-03
       4       6       1  3.97873E-03  4.21748E-03  3.97873E-05  3.55767E-01  4.62833E-01  7.80589E-02  7.02470E+01 -5.74519E+01 -6.46937E+00  3.25963E+04  2.68104E+04  2.51353E+04 -1.42730E+04 -1.50925E+02  8.04690E+01  1.31496E-04  3.91811E-03  1.67868E-04
       4       6       2  1.26314E-03  1.35948E-03  1.26314E-05  9.07273E-01  1.18607E+00  1.97388E-01  8.41110E+01 -6.19869E+01 -2.84129E+01  3.56300E+04  3.54754E+04  2.61303E+04  1.99888E+03 -1.72515E+03 -5.90475E+02  1.35693E-04  1.15106E-03  7.27257E-05
       4       6       3  2.06380E-03  2.17789E-03  2.06380E-05  1.30640E+00  1.69499E+00  2.84800E-01  5.74007E+01 -3.99556E+01 -5.67896E+00  2.10538E+04  2.06983E+04  1.34092E+04  1.11407E+03 -6.38547E+02  2.20810E+02  8.77852E-05  1.89902E-03  1.91085E-04
       4       6       4  3.62366E-03  3.14145E-03  3.62366E-05  2.09185E+00  2.71571E+00  4.62014E-01  7.09110E+01 -5.61869E+01 -6.90469E+00  4.90542E+04  4.03852E+04  3.89046E+04 -1.95991E+04 -4.46393E+02  3.91620E+02  4.01102E-04  2.62337E-03  1.16982E-04
       4       6       5  4.15962E-03  4.74220E-03  4.15962E-05  3.18702E+00  4.12375E+00  6.98692E-01  4.41861E+01 -3.50326E+01 -4.90530E+00  2.85619E+04  2.77715E+04  1.70493E+04 -1.78899E+03  5.74082E+02  1.21268E+03  7.02193E-04  3.80386E-03  2.36151E-04
       4       6       6  5.42089E-03  6.45517E-03  5.42089E-05  4.29507E+00  5.59768E+00  9.36931E-01  4.93629E+01 -3.91154E+01 -3.03068E+00  2.02584E+04  1.94943E+04  9.95998E+03 -2.87014E+03  4.60213E+02  4.99547E+02  3.25219E-04  5.52632E-03  6.03630E-04
       4       6       7  7.60391E-03  5.79226E-03  7.60391E-05  7.16874E+00  9.38465E+00  1.65306E+00  1.63817E+02 -1.31489E+02  1.79759E+01  4.83036E+04  4.24230E+04  1.89188E+04 -1.43377E+04  7.79154E+02  8.37868E+02  4.86936E-04  4.80947E-03  4.95846E-04
       4       6       8  7.68857E-03  9.73353E-03  7.68857E-05  1.08688E+01  1.42207E+01  2.41633E+00  1.04418E+02 -8.12636E+01  1.29047E+01  2.58629E+04  2.61380E+04  9.29681E+03  1.06939E+03  2.51876E+02  3.90763E+02  8.74781E-04  8.03500E-03  8.23743E-04
       4       6       9  1.11938E-02  1.15228E-02  1.11938E-04  1.47700E+01  1.94536E+01  3.39334E+00  6.54841E+01 -4.71730E+01  3.24849E+00  1.40938E+04  1.60151E+04  3.87727E+03  4.05281E+03  1.19481E+02  2.65112E+02  6.20177E-04  9.08302E-03  1.81957E-03
       4       6      10  1.74551E-02  1.95686E-02  1.74551E-04  4.60449E+01  5.91939E+01  9.90662E+00  3.78722E+01 -2.86015E+01 -4.72474E-01  1.34510E+04  1.97846E+04  1.01983E+03  1.27993E+04  6.44441E+02  4.83650E+02  0.00000E+00  1.52028E-02  4.36581E-03
       5       1       1  4.19136E-04  4.22007E-04  4.19136E-06  3.69500E-02  9.02160E-02  5.27235E-01  1.98685E+01  5.55994E+00 -9.07793E+00  2.18957E+04  3.10086E+04  7.02240E+04  5.62623E+03  1.68750E+03  2.20656E+03  7.24623E-05  7.69013E-05  2.72644E-04
       5       1       2  1.19881E-04  1.01056E-04  1.19881E-06  1.01891E-01  2.55617E-01  1.48114E+00  7.52871E+00  5.26867E+01 -6.64557E+00  1.70137E+04  3.78553E+04  5.97268E+04  2.95270E+03 -2.52397E+02  1.80927E+02  4.42895E-05  4.07946E-05  1.59723E-05
       5       1       3  2.07147E-04  2.14261E-04  2.07147E-06  1.73172E-01  4.29347E-01  2.22191E+00  7.69846E+00  1.54208E+01 -3.70677E+00  1.57545E+04  2.02537E+04  3.13468E+04  2.36893E+02  1.24418E+03  2.38943E+02  3.06302E-05  1.43361E-04  4.02697E-05
       5       1       4  2.91175E-04  1.33870E-04  2.91175E-06  2.28652E-01  5.51331E-01  3.53617E+00  7.84739E+00  4.85668E+01 -1.90064E+01  3.14119E+04  5.64416E+04  3.77212E+04  3.66243E+03 -8.19499E+03  1.54001E+03  1.02878E-04  2.78059E-06  2.82117E-05
       5       1       5  2.66791E-04  2.34662E-04  2.66791E-06  3.32937E-01  8.10191E-01  5.15111E+00  1.46998E+00  3.45094E+01  3.68967E+00  1.16350E+04  2.63325E+04  2.75054E+04  6.41062E+02  2.91306E+03  7.97792E+02  1.86075E-04  5.05562E-07  4.80810E-05
       5       1       6  2.14924E-04  1.87057E-04  2.14924E-06  4.58911E-01  1.10751E+00  6.84069E+00  1.67837E+00  1.43841E+01 -9.01415E-01  4.39867E+03  9.05516E+03  1.94532E+04  4.07871E+01  1.71694E+03  1.13646E+03  9.27846E-05  1.11224E-05  8.31504E-05
       5       1       7  2.19115E-04  1.51170E-04  2.19115E-06  8.22162E-01  1.99489E+00  1.23205E+01  2.48703E+00 -1.57579E+02  9.48031E+00  1.63790E+04  3.76126E+04  2.95183E+04 -4.26341E+02 -3.41901E+03  2.51322E+02  1.33915E-04  0.00000E+00  1.72552E-05
       5       1       8  3.66506E-04  3.19029E-04  3.66506E-06  1.13350E+00  2.74994E+00  1.79062E+01  3.43379E-01 -8.90464E+01 -1.16514E+01  6.35591E+03  1.50116E+04  2.23309E+04  1.18207E+02  1.10718E+03  8.20660E+02  2.43986E-04  0.00000E+00  7.50429E-05
       5       1       9  3.80053E-04  3.03381E-04  3.80053E-06  1.50736E+00  3.79818E+00  2.38950E+01  7.70151E-01 -2.65596E+01 -1.08948E+01  2.13840E+03  5.02419E+03  9.45631E+03  4.51015E+01  6.95986E+02  2.48792E+02  1.83209E-04  0.00000E+00  1.20172E-04
       5       1      10  1.70817E-04  2.23338E-04  1.70817E-06  5.83383E+00  1.48247E+01  7.70067E+01  1.22275E+00 -6.09770E-01 -8.86929E+00  1.69865E+02  1.00451E+03  2.69855E+04  3.85774E+02  5.05314E+03  1.94936E+03  0.00000E+00  0.00000E+00  2.23338E-04
       5       2       1  1.26345E-03  1.34530E-03  1.26345E-05  9.16159E-02  2.19442E-01  5.28096E-01 -7.22847E+01  3.51744E+01 -3.23881E+00  2.69869E+04  2.70812E+04  4.28737E+04  2.06496E+02  3.62666E+02  1.43922E+03  1.16795E-04  6.34732E-04  5.93775E-04
       5       2       2  3.64633E-04  2.99124E-04  3.64633E-06  2.32762E-01  5.65143E-01  1.37153E+00 -2.14590E+01  6.36128E+01 -3.35336E+01  1.98866E+04  3.30460E+04  5.82423E+04  3.60092E+03  8.67517E+02  1.68072E+03  8.65412E-05  1.63706E-04  4.88765E-05
       5       2       3  6.28435E-04  4.42036E-04  6.28435E-06  3.45993E-01  8.41899E-01  2.05900E+00 -1.11962E+01  2.29994E+00 -4.94513E+00  9.00276E+03  1.92718E+04  2.98125E+04  5.86176E+03  6.90838E+03  3.50411E+03  5.52086E-05  2.98672E-04  8.81556E-05
       5       2       4  9.05462E-04  5.69776E-04  9.05462E-06  5.99032E-01  1.44641E+00  3.29833E+00  1.15934E+02 -1.85089E+01 -1.09772E+01  4.92609E+04  3.97898E+04  3.66613E+04 -8.54673E+03 -4.96298E+03  3.12071E+03  1.94851E-04  3.01159E-04  7.37665E-05
       5       2       5  8.46091E-04  6.23572E-04  8.46091E-06  7.94828E-01  1.89978E+00  4.80094E+00  1.18750E+01  2.15564E+01 -5.94860E-01  9.27642E+03  2.75325E+04  3.31825E+04  9.00401E+02  1.18751E+03  2.24893E+03  3.77671E-04  1.11637E-04  1.34264E-04
       5       2       6  7.16949E-04  7.73675E-04  7.16949E-06  1.10680E+00  2.74095E+00  6.50362E+00  1.80928E+01  2.72864E+00 -5.36303E-01  4.46747E+03  7.93407E+03  1.69847E+04  1.36744E+02  3.70048E+03  1.62281E+03  1.72430E-04  2.45912E-04  3.55334E-04
       5       2       7  7.07613E-04  6.11448E-04  7.07613E-06  2.01522E+00  4.82896E+00  1.11142E+01  9.03754E+01 -1.01425E+02  4.49354E+01  2.82475E+04  2.68844E+04  2.93003E+04 -6.23942E+03 -2.33314E+02  2.23074E+03  2.80704E-04  2.11393E-04  1.19350E-04
       5       2       8  1.16737E-03  1.04694E-03  1.16737E-05  2.91882E+00  7.02552E+00  1.64498E+01  4.65448E+01 -6.95980E+01  2.82122E+01  1.09860E+04  1.43185E+04  2.00089E+04 -1.68604E+03  2.30255E+03  1.77727E+03  5.26692E-04  2.65262E-04  2.54983E-04
       5       2       9  1.29188E-03  9.08820E-04  1.29188E-05  3.80555E+00  9.20906E+00  2.21372E+01  1.08824E+01 -1.96510E+01  8.22560E+00  2.64810E+03  5.54497E+03  1.09271E+04  1.33679E+02  2.32366E+03  1.56396E+03  3.94101E-04  6.85601E-05  4.46159E-04
       5       2      10  5.85537E-04  7.06895E-04  5.85537E-06  1.13455E+01  2.89252E+01  6.97798E+01  8.56155E-01  3.12151E+00  8.22114E+00  7.13618E+02  4.52207E+03  2.66326E+04  1.74433E+03  1.06993E+04  4.18618E+03  0.00000E+00  0.00000E+00  7.06895E-04
       5       3       1  2.11101E-03  2.17392E-03  2.11101E-05  1.34617E-01  3.23815E-01  4.76861E-01 -8.93613E+01  3.88266E+01 -2.50715E+00  2.65439E+04  2.34957E+04  3.08702E+04 -9.25592E+02 -4.31041E+02  2.79391E+02  1.06402E-04  1.68058E-03  3.86944E-04
       5       3       2  6.20685E-04  6.31878E-04  6.20685E-06  3.44021E-01  8.27851E-01  1.21107E+00 -7.24677E+01  5.47569E+01 -1.89718E+01  2.50580E+04  3.91286E+04  3.74553E+04  8.81635E+03 -2.40434E+02  2.86802E+03  1.01414E-04  4.79469E-04  5.09950E-05
       5       3       3  1.06178E-03  1.09646E-03  1.06178E-05  5.17199E-01  1.22979E+00  1.82433E+00 -2.26249E+01  1.10331E+01 -8.32540E+00  6.23965E+03  1.31468E+04  1.93391E+04  4.30162E+03  1.93835E+03  9.45626E+02  6.12901E-05  9.40116E-04  9.50562E-05
       5       3       4  1.60227E-03  7.89529E-04  1.60227E-05  7.99035E-01  1.89601E+00  2.72344E+00  1.51476E+02 -5.86260E+01 -1.77208E+01  6.33433E+04  4.49328E+04  4.29851E+04 -1.45525E+04 -5.74601E+03  2.54570E+03  2.03048E-04  5.05120E-04  8.13608E-05
       5       3       5  1.55960E-03  1.72467E-03  1.55960E-05  1.23510E+00  2.98154E+00  4.18311E+00  7.80861E+01 -2.35646E+01 -1.00863E+01  2.03550E+04  2.46865E+04  2.29138E+04  1.87606E+02 -5.68691E+00  1.64027E+03  4.00568E-04  1.17600E-03  1.48105E-04
       5       3       6  1.45998E-03  1.68293E-03  1.45998E-05  1.54488E+00  3.78617E+00  5.80763E+00  4.25540E+01 -1.82559E+01 -6.48444E+00  8.71458E+03  9.77187E+03  1.46489E+04 -5.82379E+02  3.15394E+03  1.42595E+03  1.90715E-04  1.17889E-03  3.13322E-04
       5       3       7  1.40835E-03  1.10732E-03  1.40835E-05  2.80032E+00  6.75375E+00  9.82235E+00  1.08671E+02 -7.66350E+01  3.44550E+01  2.67100E+04  2.66384E+04  3.37340E+04 -2.76557E+03  3.52123E+02  2.64352E+03  3.13498E-04  6.42825E-04  1.50997E-04
       5       3       8  2.16387E-03  2.41640E-03  2.16387E-05  4.18843E+00  1.00722E+01  1.45294E+01  7.53317E+01 -5.00796E+01  1.73356E+01  1.28585E+04  1.43714E+04  1.88116E+04 -6.39704E+02  1.83566E+03  1.47150E+03  6.16395E-04  1.44915E-03  3.50854E-04
       5       3       9  2.72344E-03  2.73871E-03  2.72344E-05  5.62408E+00  1.35698E+01  1.96796E+01  3.69488E+01 -1.54850E+01  4.12471E+00  4.39163E+03  5.17424E+03  7.73347E+03  6.97151E+01  2.21127E+03  1.09506E+03  4.39221E-04  1.45136E-03  8.48135E-04
       5       3      10  1.38564E-03  1.27752E-03  1.38564E-05  1.83146E+01  4.31910E+01  5.98886E+01 -3.16261E+00 -4.86115E+00 -6.78793E+00  1.88436E+03  1.04148E+04  2.04081E+04  4.29469E+03  1.43803E+04  5.96341E+03  0.00000E+00  0.00000E+00  1.27752E-03
       5       4       1  2.91636E-03  3.46144E-03  2.91636E-05  1.88184E-01  4.55081E-01  3.49873E-01  1.48030E+01 -5.02544E+00 -3.44027E+00  3.96337E+04  2.39658E+04  2.08158E+04 -7.89696E+03 -5.28128E+01 -1.75872E+01  9.09438E-05  3.06127E-03  3.09219E-04
       5       4       2  8.80760E-04  1.02708E-03  8.80760E-06  4.69088E-01  1.13708E+00  8.66962E-01  7.15642E+01 -1.98800E+01 -1.67000E+01  3.54987E+04  3.88866E+04  2.21099E+04  9.69307E+02 -2.34768E+03  1.15553E+02  1.00159E-04  8.77345E-04  4.95736E-05
       5       4       3  1.48605E-03  1.50878E-03  1.48605E-05  6.72146E-01  1.64131E+00  1.27666E+00  4.74068E+01 -2.13289E+01 -1.90511E+00  1.96655E+04  1.86941E+04  1.20249E+04 -1.13424E+03  1.20723E+03  1.51288E+03  5.46993E-05  1.33457E-03  1.19507E-04
       5       4       4  2.37806E-03  1.73618E-03  2.37806E-05  1.07152E+00  2.55655E+00  2.03032E+00  1.26459E+02 -4.50954E+01 -8.35580E+00  7.50961E+04  4.12940E+04  2.75250E+04 -1.55874E+04 -2.32519E+03  6.90143E+02  2.11934E-04  1.43396E-03  9.02817E-05
       5       4       5  2.45516E-03  3.78046E-03  2.45516E-05  1.63494E+00  3.96427E+00  3.01456E+00  7.19619E+01 -2.69339E+01 -4.53132E+00  2.77578E+04  2.76667E+04  1.71102E+04 -1.95017E+03  4.84076E+02  4.48380E+02  3.75813E-04  3.25353E-03  1.51114E-04
       5       4       6  2.62067E-03  2.86492E-03  2.62067E-05  2.26606E+00  5.55097E+00  4.08259E+00  4.56344E+01 -1.15460E+01  9.69969E-01  1.28260E+04  1.79169E+04  1.04108E+04  3.11242E+03  2.56238E+03  1.55678E+03  1.81153E-04  2.40687E-03  2.76903E-04
       5       4       7  2.69471E-03  2.79403E-03  2.69471E-05  3.83265E+00  9.06386E+00  6.98254E+00  1.56567E+02 -7.87450E+01  2.05481E+01  4.21134E+04  3.07153E+04  2.50950E+04 -6.61039E+03  2.09129E+03  1.62344E+03  3.19839E-04  2.24384E-03  2.30345E-04
       5       4       8  3.48402E-03  4.74914E-03  3.48402E-05  5.55242E+00  1.36995E+01  1.04548E+01  9.25233E+01 -5.13861E+01  1.60967E+01  1.69385E+04  2.03874E+04  1.52696E+04  6.97247E+02  2.61395E+03  1.62751E+03  6.00606E-04  3.72298E-03  4.25557E-04
       5       4       9  5.09051E-03  6.31587E-03  5.09051E-05  7.93378E+00  1.87475E+01  1.42688E+01  5.15052E+01 -2.37014E+01  2.31046E+00  6.47506E+03  9.24114E+03  6.40126E+03  1.25945E+03  2.18224E+03  8.79263E+02  4.73150E-04  4.85129E-03  9.91422E-04
       5       4      10  3.57270E-03  5.62154E-03  3.57270E-05  2.32860E+01  5.75335E+01  4.43318E+01  1.98736E+01 -1.12024E+01 -1.43749E+00  4.36786E+03  1.77462E+04  1.06368E+04  6.54926E+03  8.97953E+03  3.64490E+03  0.00000E+00  2.05646E-03  3.56509E-03
       5       5       1  3.57726E-03  3.32503E-03  3.57726E-05  2.05514E-01  4.97384E-01  2.29130E-01  1.86155E+01 -8.62355E+00 -5.33251E+00  3.53291E+04  2.17493E+04  2.78488E+04 -7.16615E+03 -9.76822E+02 -3.07634E+02  7.95188E-05  2.96704E-03  2.78473E-04
       5       5       2  1.11138E-03  1.08166E-03  1.11138E-05  5.27120E-01  1.28277E+00  5.89739E-01  7.96811E+01 -2.41865E+01 -2.08576E+01  3.29755E+04  4.91966E+04  2.86917E+04  7.28511E+03 -1.15497E+03  3.21219E+02  1.00934E-04  9.20126E-04  6.05980E-05
       5       5       3  1.84377E-03  1.75569E-03  1.84377E-05  7.67246E-01  1.85226E+00  8.57592E-01  7.19579E+01 -2.49751E+01 -4.44924E+00  2.42621E+04  3.16388E+04  1.76456E+04  3.28745E+03  1.26519E+03  4.28488E+02  4.89694E-05  1.58081E-03  1.25912E-04
       5       5       4  3.11788E-03  2.03607E-03  3.11788E-05  1.21762E+00  2.94685E+00  1.34626E+00  8.99647E+01 -3.94299E+01 -1.65862E+00  4.73648E+04  4.46327E+04  4.16708E+04 -1.58944E+03 -8.28581E+02  1.84196E+03  2.03813E-04  1.73552E-03  9.67309E-05
       5       5       5  3.42536E-03  3.50258E-03  3.42536E-05  1.85878E+00  4.47160E+00  2.08904E+00  6.02940E+01 -2.44843E+01 -6.75369E+00  2.29428E+04  3.26565E+04  2.17514E+04  3.90492E+03  1.18221E+03  7.14858E+02  3.50142E-04  2.95701E-03  1.95429E-04
       5       5       6  4.13936E-03  3.97796E-03  4.13936E-05  2.54474E+00  6.14749E+00  2.81666E+00  5.07521E+01 -1.48030E+01 -1.69587E+00  1.44620E+04  2.50264E+04  1.13418E+04  6.17151E+03  1.98014E+03  1.21889E+03  1.74837E-04  3.47739E-03  3.25726E-04
       5       5       7  5.00221E-03  2.96063E-03  5.00221E-05  4.25285E+00  1.01541E+01  4.61831E+00  1.21603E+02 -5.76097E+01  2.38994E+01  3.09686E+04  4.17017E+04  2.83083E+04  4.31577E+03  2.30000E+03  2.17085E+03  3.10409E-04  2.25259E-03  3.97638E-04
       5       5       8  5.37229E-03  5.64740E-03  5.37229E-05  6.30906E+00  1.55067E+01  6.83602E+00  7.66929E+01 -3.40836E+01  9.02389E+00  1.43186E+04  2.60919E+04  1.38336E+04  5.18505E+03  2.73639E+03  9.69684E+02  5.90631E-04  3.98671E-03  1.07006E-03
       5       5       9  8.32613E-03  8.70376E-03  8.32613E-05  8.89746E+00  2.18610E+01  9.24487E+00  3.62968E+01 -1.64947E+01  7.57265E-01  4.96331E+03  1.05740E+04  4.55913E+03  2.71913E+03  2.04668E+03  9.61354E+02  4.54544E-04  5.19823E-03  3.05098E-03
       5       5      10  9.12961E-03  6.55997E-03  9.12961E-05  2.63944E+01  6.56282E+01  2.92807E+01  1.87210E+01 -1.34534E+01 -2.65512E+00  4.89707E+03  2.23965E+04  5.13123E+03  8.39944E+03  5.94801E+03  2.33842E+03  0.00000E+00  2.62998E-03  3.92999E-03
       5       6       1  3.95819E-03  4.22460E-03  3.95819E-05  2.23048E-01  5.39164E-01  7.77111E-02  8.42828E+01 -3.60519E+01 -3.43955E+00  3.90638E+04  1.90582E+04  2.40194E+04 -1.08039E+04  1.99579E+02  1.09092E+01  7.55694E-05  3.91604E-03  2.32991E-04
       5       6       2  1.25292E-03  1.31167E-03  1.25292E-05  5.69280E-01  1.37845E+00  2.01231E-01  1.03114E+02 -4.38908E+01 -2.08359E+01  3.65056E+04  4.40748E+04  2.42098E+04  3.96168E+03 -2.92736E+03 -8.67011E+02  9.88646E-05  1.12875E-03  8.40566E-05
       5       6       3  2.05383E-03  2.09446E-03  2.05383E-05  8.12938E-01  1.97765E+00  2.77322E-01  7.00613E+01 -3.19846E+01 -5.39640E+00  2.19142E+04  2.97194E+04  1.44836E+04  2.53172E+03 -1.10363E+03 -1.13342E+03  5.12383E-05  1.87096E-03  1.72257E-04
       5       6       4  3.59172E-03  3.10951E-03  3.59172E-05  1.31484E+00  3.19258E+00  4.59703E-01  8.86424E+01 -3.45217E+01 -5.56586E+00  6.09187E+04  3.70274E+04  3.30160E+04 -1.23570E+04  6.54350E+02  4.30314E+02  2.01758E-04  2.71806E-03  1.89692E-04
       5       6       5  4.11066E-03  4.33518E-03  4.11066E-05  1.97744E+00  4.79763E+00  6.94089E-01  5.40962E+01 -2.53360E+01 -2.89226E+00  3.09042E+04  3.43637E+04  1.36876E+04  6.21674E+02  2.52858E+03  1.05668E+03  3.41669E-04  3.64152E-03  3.51995E-04
       5       6       6  5.35240E-03  6.70669E-03  5.35240E-05  2.68224E+00  6.56184E+00  9.50480E-01  5.61329E+01 -2.69413E+01 -6.05418E-01  2.12885E+04  2.13421E+04  8.72255E+03 -1.52861E+03  2.20670E+03  8.45186E+02  1.72515E-04  5.77939E-03  7.54783E-04
       5       6       7  7.43558E-03  5.93062E-03  7.43558E-05  4.47061E+00  1.09172E+01  1.71175E+00  1.88161E+02 -7.58659E+01  1.34029E+01  5.44286E+04  3.93215E+04  1.57318E+04 -8.54035E+03  3.05786E+03  1.50383E+03  3.16638E-04  4.70603E-03  9.07947E-04
       5       6       8  7.52143E-03  1.01919E-02  7.52143E-05  6.77800E+00  1.65104E+01  2.53382E+00  1.17810E+02 -4.88228E+01  9.53787E+00  2.43802E+04  2.92943E+04  7.67015E+03  1.81027E+03  1.30039E+03  7.82605E+02  5.53576E-04  8.11223E-03  1.52614E-03
       5       6       9  1.10363E-02  1.31843E-02  1.10363E-04  9.24948E+00  2.29265E+01  3.67267E+00  6.49529E+01 -2.53711E+01  6.05347E-01  1.04153E+04  1.67946E+04  3.04238E+03  2.84624E+03  6.76876E+02  2.93213E+02  4.10415E-04  9.32333E-03  3.45056E-03
       5       6      10  1.67990E-02  1.94641E-02  1.67990E-04  2.82370E+01  6.95064E+01  9.67856E+00  4.36280E+01 -1.65079E+01  2.48813E+00  7.09847E+03  2.61648E+04  9.49039E+02  9.25286E+03  7.28942E+02  4.04257E+02  0.00000E+00  1.48428E-02  4.62129E-03
       6       1       1  4.19098E-04  4.02268E-04  4.19098E-06  1.35380E-02  9.62868E-02  5.40334E-01  1.82285E+01  1.84834E+01 -3.44929E+00  2.04199E+04  2.98837E+04  7.97541E+04  2.02202E+03  1.23682E+03  1.37020E+03  6.65258E-05  1.01191E-04  2.34552E-04
       6       1       2  1.19868E-04  1.24793E-04  1.19868E-06  3.46064E-02  2.83368E-01  1.48624E+00  1.31653E+01  6.57000E+01 -1.75688E+01  1.33691E+04  2.37337E+04  6.91555E+04  2.22856E+02  2.68919E+03 -2.62614E+02  4.18541E-05  6.67380E-05  1.62010E-05
       6       1       3  2.07129E-04  2.62749E-04  2.07129E-06  5.52155E-02  4.58514E-01  2.21985E+00  5.97944E+00  1.28311E+00  1.01579E+01  1.06356E+04  1.09336E+04  2.44851E+04 -1.68374E+02  1.09124E+03  1.45072E+03  2.54077E-05  2.08842E-04  2.84990E-05
       6       1       4  2.91136E-04  1.39808E-04  2.91136E-06  7.66096E-02  6.00559E-01  3.53029E+00  7.26439E-01  3.94885E+01 -5.58953E+00  3.23571E+04  5.63763E+04  4.40605E+04  2.01035E+03 -3.94538E+03  1.68129E+03  9.82469E-05  4.04450E-06  3.75169E-05
       6       1       5  2.66756E-04  2.52518E-04  2.66756E-06  1.17386E-01  8.91390E-01  5.17451E+00  4.10090E-01  3.15043E+01  1.51177E+01  1.07138E+04  2.36412E+04  3.06715E+04  1.57061E+02  3.17989E+03  6.82857E+02  1.84323E-04  5.56119E-06  6.26345E-05
       6       1       6  2.14890E-04  1.79491E-04  2.14890E-06  1.71864E-01  1.21553E+00  6.90585E+00  4.02773E+00  1.70828E+01  1.03637E+01  4.02014E+03  8.25636E+03  2.24825E+04  6.55930E+01  2.81443E+03  3.05588E+02  8.05695E-05  9.35290E-06  8.95688E-05
       6       1       7  2.19092E-04  1.50081E-04  2.19092E-06  2.58905E-01  2.04422E+00  1.22563E+01  6.78314E-01 -1.44321E+02  5.07919E+01  1.62396E+04  3.56944E+04  3.12578E+04  8.12018E+01 -1.72402E+03  8.79991E+02  1.24788E-04  0.00000E+00  2.52928E-05
       6       1       8  3.66470E-04  2.91695E-04  3.66470E-06  3.91924E-01  3.09135E+00  1.79041E+01 -2.40409E+00 -9.49331E+01  3.01101E+01  7.18945E+03  1.62128E+04  2.12614E+04  2.65785E+02  7.15938E+02 -3.67075E+01  2.42209E-04  0.00000E+00  4.94858E-05
       6       1       9  3.79987E-04  3.37288E-04  3.79987E-06  6.23748E-01  4.04547E+00  2.42452E+01  1.27071E+00 -2.72330E+01  8.12140E+00  2.02447E+03  4.64393E+03  9.11552E+03  3.32213E-01  8.41916E+02  3.73597E+02  1.85531E-04  0.00000E+00  1.51757E-04
       6       1      10  1.70789E-04  1.64648E-04  1.70789E-06  2.07358E+00  1.52821E+01  7.40543E+01  3.29760E-01  1.84250E+00  2.08106E+01  5.67333E+01  1.45467E+03  3.16389E+04  1.98065E+02  6.55250E+03  9.33523E+02  0.00000E+00  0.00000E+00  1.64648E-04
       6       2       1  1.26289E-03  1.02469E-03  1.26289E-05  3.19562E-02  2.40436E-01  5.19670E-01 -1.06286E+02  1.84548E+01 -5.14279E+00  3.52216E+04  3.23212E+04  4.88663E+04 -5.71261E+02 -3.31257E+03  1.81777E+02  1.05070E-04  7.03000E-04  2.16617E-04
       6       2       2  3.64433E-04  3.03082E-04  3.64433E-06  8.44415E-02  6.19408E-01  1.36468E+00 -4.12203E+01  4.67619E+01 -2.20595E+01  2.47510E+04  3.75145E+04  5.13770E+04  6.22350E+02  2.06416E+03 -2.26099E+01  7.32118E-05  1.95173E-04  3.46974E-05
       6       2       3  6.28176E-04  5.60485E-04  6.28176E-06  1.27318E-01  9.15244E-01  2.06820E+00 -9.95061E+00  3.64180E+00  4.51002E+00  3.07521E+03  1.13035E+04  2.25600E+04  9.19094E+02  3.77083E+03  5.92253E+02  6.29388E-05  4.60265E-04  3.72816E-05
       6       2       4  9.04850E-04  5.38636E-04  9.04850E-06  2.12531E-01  1.58643E+00  3.30788E+00  1.39039E+02  4.56765E+00 -2.05169E+01  5.67078E+04  3.72533E+04  3.08109E+04 -3.02339E+03 -7.05494E+03  4.25513E+01  1.68013E-04  3.22461E-04  4.81621E-05
       6       2       5  8.45510E-04  5.19010E-04  8.45510E-06  2.78860E-01  2.06465E+00  4.78021E+00  1.80168E+01  3.01082E+01 -2.34797E+01  9.22099E+03  2.97275E+04  3.33760E+04  1.27161E+03  1.95851E+03  1.28667E+02  3.24374E-04  8.59517E-05  1.08684E-04
       6       2       6  7.16369E-04  8.06126E-04  7.16369E-06  4.10891E-01  2.95497E+00  6.41592E+00  3.32132E+01  1.72449E+00 -4.75154E+00  7.13512E+03  7.20903E+03  1.55396E+04 -4.08188E+02  3.57577E+03  5.85978E+02  1.54469E-04  3.27809E-04  3.23849E-04
       6       2       7  7.07162E-04  5.60875E-04  7.07162E-06  6.74008E-01  5.23776E+00  1.11793E+01  1.10568E+02 -8.85084E+01  3.55952E+01  3.44757E+04  2.41303E+04  2.60481E+04 -2.36539E+03 -1.04421E+03 -1.69721E+02  2.40833E-04  2.37512E-04  8.25304E-05
       6       2       8  1.16679E-03  9.63587E-04  1.16679E-05  1.02565E+00  7.68286E+00  1.63813E+01  6.42630E+01 -6.11921E+01  2.48163E+01  1.38003E+04  1.36702E+04  1.85714E+04 -1.04730E+03  2.24133E+03  6.07507E+02  4.58797E-04  3.33006E-04  1.71784E-04
       6       2       9  1.29070E-03  9.42212E-04  1.29070E-05  1.42609E+00  1.02660E+01  2.21976E+01  2.00489E+01 -1.81026E+01  1.36117E+01  3.64327E+03  5.07931E+03  9.79819E+03 -5.44663E+01  2.56994E+03  7.44399E+02  3.28773E-04  1.31407E-04  4.82032E-04
       6       2      10  5.84898E-04  6.14723E-04  5.84898E-06  3.19019E+00  3.04776E+01  7.11411E+01 -4.25756E-01 -3.19748E-01 -2.05790E+00  8.46406E+01  4.59973E+03  2.53024E+04  4.71858E+02  1.04793E+04  1.15330E+03  0.00000E+00  0.00000E+00  6.14723E-04
       6       3       1  2.10874E-03  1.87738E-03  2.10874E-05  4.56683E-02  3.45582E-01  4.75683E-01 -1.09714E+02  1.95669E+01 -5.27255E+00  2.99487E+04  2.34147E+04  3.10719E+04 -6.07311E+02 -9.40363E+02 -2.84146E+01  8.95821E-05  1.63716E-03  1.50638E-04
       6       3       2  6.19802E-04  5.79908E-04  6.19802E-06  1.15852E-01  8.94949E-01  1.21297E+00 -8.01477E+01  3.55682E+01 -1.97774E+01  1.87953E+04  4.09812E+04  3.85908E+04  2.87254E+03 -3.29342E+03 -4.59025E+02  9.07219E-05  4.59557E-04  2.96292E-05
       6       3       3  1.06072E-03  8.98823E-04  1.06072E-05  1.73032E-01  1.31594E+00  1.81484E+00 -2.31265E+01  6.93402E-01 -1.21506E+01  4.61429E+03  1.70903E+04  2.11632E+04  1.37986E+03  2.25392E+03  3.79220E+02  4.01623E-05  8.08737E-04  4.99240E-05
       6       3       4  1.59954E-03  7.48280E-04  1.59954E-05  2.67807E-01  2.03737E+00  2.70384E+00  1.62219E+02 -7.77277E+00 -1.06440E+01  6.60085E+04  4.11389E+04  4.54773E+04 -4.66596E+03 -1.56873E+03  1.51849E+03  1.70288E-04  4.82260E-04  9.57323E-05
       6       3       5  1.55669E-03  1.66416E-03  1.55669E-05  4.21616E-01  3.19972E+00  4.16108E+00  8.61105E+01  6.23463E-01 -1.25572E+00  1.96130E+04  2.47605E+04  2.26854E+04  3.25621E+02  1.17817E+03  8.44982E+02  3.40602E-04  1.19422E-03  1.29337E-04
       6       3       6  1.45681E-03  1.24361E-03  1.45681E-05  5.51789E-01  3.99502E+00  5.74954E+00  5.14161E+01  1.24386E+00 -3.32266E+00  9.24183E+03  1.00511E+04  1.56396E+04 -2.95357E+02  3.63669E+03  5.01387E+02  1.54342E-04  8.61069E-04  2.28197E-04
       6       3       7  1.40524E-03  9.74112E-04  1.40524E-05  9.59390E-01  7.20602E+00  9.84722E+00  1.23834E+02 -4.69971E+01  3.94656E+01  2.84566E+04  2.57142E+04  3.35082E+04 -1.17326E+03  4.18932E+02  5.02691E+02  2.56701E-04  6.03042E-04  1.14369E-04
       6       3       8  2.16104E-03  2.09575E-03  2.16104E-05  1.42182E+00  1.07988E+01  1.45703E+01  8.33177E+01 -3.00536E+01  1.93098E+01  1.30195E+04  1.40420E+04  1.89446E+04 -1.56633E+02  1.72081E+03  1.89046E+02  4.94650E-04  1.35724E-03  2.43862E-04
       6       3       9  2.71687E-03  2.29220E-03  2.71687E-05  1.86262E+00  1.43157E+01  1.97452E+01  4.28812E+01 -8.78185E+00  2.75988E+00  4.53083E+03  5.35839E+03  8.25613E+03  2.51823E+01  2.31852E+03  2.24703E+02  3.53127E-04  1.40757E-03  5.31497E-04
       6       3      10  1.38006E-03  1.20146E-03  1.38006E-05  6.03536E+00  4.61942E+01  6.03245E+01 -1.25837E+00 -6.77760E+00 -8.27058E+00  2.78941E+02  1.17439E+04  2.04033E+04  1.47282E+03  1.52386E+04  1.86926E+03  0.00000E+00  0.00000E+00  1.20146E-03
       6       4       1  2.91097E-03  3.30104E-03  2.91097E-05  6.52970E-02  4.93909E-01  3.52773E-01  2.07608E+01 -8.42799E-01 -4.31567E+00  4.61807E+04  2.09865E+04  2.03951E+04 -2.63562E+03 -8.52826E+02 -5.21536E+02  7.97684E-05  3.10482E-03  1.16449E-04
       6       4       2  8.78448E-04  9.58655E-04  8.78448E-06  1.60821E-01  1.21661E+00  8.66632E-01  8.75420E+01  7.41391E-01 -2.31937E+01  3.70104E+04  3.85271E+04  2.17356E+04 -3.53521E+02 -1.13426E+03 -1.96163E+02  8.20599E-05  8.54255E-04  2.23405E-05
       6       4       3  1.48349E-03  1.57645E-03  1.48349E-05  2.27899E-01  1.76949E+00  1.28179E+00  5.64102E+01 -3.88428E+00 -1.09930E+00  2.20530E+04  1.80453E+04  1.32992E+04 -7.89208E+02  1.40185E+03  7.45736E+01  5.10834E-05  1.47664E-03  4.87188E-05
       6       4       4  2.37085E-03  1.66931E-03  2.37085E-05  3.60387E-01  2.73783E+00  2.02783E+00  1.34254E+02 -1.80996E+01 -6.07768E+00  8.03687E+04  3.49479E+04  2.61173E+04 -7.10204E+03 -3.21733E+03  8.19349E+01  1.68216E-04  1.43350E-03  6.75854E-05
       6       4       5  2.44631E-03  3.77942E-03  2.44631E-05  5.58363E-01  4.25741E+00  3.00780E+00  7.87226E+01 -6.66718E+00 -5.35996E+00  2.92737E+04  2.62043E+04  1.65314E+04 -4.98078E+02 -2.16820E+02  9.08051E+01  3.25703E-04  3.33352E-03  1.20195E-04
       6       4       6  2.60991E-03  2.71053E-03  2.60991E-05  7.87486E-01  5.98383E+00  4.07910E+00  5.01350E+01  8.95046E-02 -1.36663E-01  1.13357E+04  2.14179E+04  1.07896E+04  1.56581E+03  1.95941E+03  3.92856E+02  1.46238E-04  2.33881E-03  2.25481E-04
       6       4       7  2.67979E-03  2.62261E-03  2.67979E-05  1.30732E+00  9.72606E+00  6.97674E+00  1.78628E+02 -3.37994E+01  1.74796E+01  4.65026E+04  2.84932E+04  2.34923E+04 -2.90358E+03  1.12085E+03  5.59039E+02  2.58847E-04  2.22815E-03  1.35607E-04
       6       4       8  3.47372E-03  4.24634E-03  3.47372E-05  1.86329E+00  1.46307E+01  1.03896E+01  1.09874E+02 -2.97465E+01  9.62736E+00  1.84151E+04  2.04971E+04  1.41106E+04 -4.81636E+02  1.69859E+03  2.43754E+02  5.08021E-04  3.48579E-03  2.52534E-04
       6       4       9  5.06791E-03  6.05259E-03  5.06791E-05  2.82093E+00  2.02689E+01  1.41418E+01  6.13024E+01 -1.12406E+01  8.36800E-01  6.57941E+03  9.05401E+03  5.59667E+03  2.09987E+02  1.69131E+03  2.28800E+02  3.51284E-04  5.18824E-03  5.13070E-04
       6       4      10  3.53815E-03  4.39504E-03  3.53815E-05  8.41940E+00  6.13013E+01  4.31489E+01  3.15016E+01 -4.10481E+00  2.17959E-01  2.68398E+03  2.10512E+04  1.04397E+04  2.63849E+03  8.15840E+03  1.24960E+03  0.00000E+00  2.27219E-03  2.12285E-03
       6       5       1  3.56812E-03  3.15063E-03  3.56812E-05  7.06757E-02  5.34390E-01  2.29288E-01  2.10092E+01 -9.14691E-01 -4.78669E+00  3.94804E+04  1.74349E+04  2.71232E+04 -3.24496E+03 -1.02895E+03 -2.72978E+02  7.10846E-05  2.98937E-03  9.01712E-05
       6       5       2  1.10710E-03  9.96683E-04  1.10710E-05  1.78290E-01  1.37655E+00  5.93037E-01  9.01156E+01 -4.99216E+00 -1.53808E+01  3.14131E+04  4.73406E+04  2.89191E+04  1.86479E+03 -1.73618E+03 -5.03277E+02  7.62791E-05  8.95521E-04  2.48825E-05
       6       5       3  1.83938E-03  1.65207E-03  1.83938E-05  2.67259E-01  1.98399E+00  8.53574E-01  7.79948E+01 -1.35436E+01 -8.04702E+00  2.29976E+04  3.67448E+04  1.83108E+04  1.83652E+03  2.23460E+02  1.96668E+02  4.99332E-05  1.54883E-03  5.33048E-05
       6       5       4  3.10447E-03  1.99380E-03  3.10447E-05  4.17472E-01  3.15765E+00  1.34236E+00  9.97009E+01 -9.82221E+00 -6.39264E+00  4.81532E+04  4.67295E+04  3.98114E+04  1.77419E+02  2.18016E+02 -1.56345E+02  1.65792E-04  1.74040E-03  8.76128E-05
       6       5       5  3.40655E-03  3.52929E-03  3.40655E-05  6.38098E-01  4.78532E+00  2.10751E+00  6.80094E+01 -9.80884E+00 -6.96946E+00  2.17871E+04  3.37476E+04  2.13070E+04  1.06237E+03  3.50328E+02 -3.75523E+02  3.06543E-04  3.06904E-03  1.53706E-04
       6       5       6  4.11432E-03  3.88983E-03  4.11432E-05  8.52683E-01  6.61066E+00  2.77560E+00  5.21276E+01 -3.30568E+00 -3.36530E+00  1.20085E+04  2.43361E+04  1.01398E+04  1.86375E+03  2.94163E+03  4.03994E+02  1.41684E-04  3.47486E-03  2.73289E-04
       6       5       7  4.95296E-03  2.79717E-03  4.95296E-05  1.47342E+00  1.09092E+01  4.67253E+00  1.38058E+02 -2.41494E+01  2.04793E+01  3.08304E+04  4.43608E+04  2.76256E+04  1.79613E+03  4.39220E+03  7.95206E+02  2.68390E-04  2.25610E-03  2.72677E-04
       6       5       8  5.33451E-03  4.94999E-03  5.33451E-05  2.17483E+00  1.65444E+01  6.96615E+00  9.17385E+01 -9.44554E+00  7.99739E+00  1.35725E+04  2.95708E+04  1.44834E+04  2.55095E+03  2.83193E+03 -1.17412E+02  4.28756E-04  4.06119E-03  4.60037E-04
       6       5       9  8.27221E-03  6.30038E-03  8.27221E-05  2.97732E+00  2.28139E+01  9.78662E+00  5.19375E+01 -3.69747E+00  4.34071E+00  5.14076E+03  1.62009E+04  6.08909E+03  1.68429E+03  3.40155E+03  6.68167E+02  3.42523E-04  5.09343E-03  8.64427E-04
       6       5      10  8.97851E-03  8.81814E-03  8.97851E-05  9.43253E+00  6.95474E+01  3.02919E+01  1.33438E+01  2.99081E+00  2.09374E+00  1.37973E+03  2.58796E+04  5.42055E+03  3.42474E+03  8.20763E+03  1.05672E+03  0.00000E+00  1.96876E-03  6.84938E-03
       6       6       1  3.94640E-03  4.09617E-03  3.94640E-05  7.63276E-02  5.82172E-01  7.81667E-02  9.35706E+01 -1.12423E+01 -1.63593E+00  4.43070E+04  1.47294E+04  2.32799E+04 -4.05194E+03 -6.02384E+01  5.75992E+01  6.42751E-05  3.95264E-03  7.92561E-05
       6       6       2  1.24710E-03  1.27699E-03  1.24710E-05  1.98283E-01  1.48073E+00  2.02224E-01  1.17165E+02 -1.26914E+01 -1.91131E+01  3.59792E+04  3.61161E+04  2.31987E+04  9.84714E+01 -9.97997E+02 -4.25854E+02  8.37397E-05  1.17695E-03  1.63048E-05
       6       6       3  2.04811E-03  1.92055E-03  2.04811E-05  2.75249E-01  2.10851E+00  2.79720E-01  8.32742E+01 -5.83521E+00 -3.11605E+00  2.28932E+04  1.97925E+04  1.34160E+04  1.49411E+02 -1.18325E+03 -2.49660E+02  3.49394E-05  1.85292E-03  3.26931E-05
       6       6       4  3.57346E-03  2.98789E-03  3.57346E-05  4.51177E-01  3.43594E+00  4.80779E-01  9.98084E+01 -1.32846E+01 -3.84531E+00  6.85474E+04  2.48026E+04  3.22211E+04 -6.24932E+03 -5.41863E+02 -1.00634E+02  1.66439E-04  2.76659E-03  5.48665E-05
       6       6       5  4.08289E-03  3.99586E-03  4.08289E-05  6.78670E-01  5.15946E+00  7.07449E-01  6.22755E+01 -9.55557E+00 -2.95792E+00  3.23183E+04  2.87454E+04  1.24140E+04 -5.89617E+02 -4.73480E+02 -3.18254E+01  2.90560E-04  3.58096E-03  1.24341E-04
       6       6       6  5.31341E-03  6.43472E-03  5.31341E-05  9.15149E-01  7.00293E+00  9.22692E-01  6.41061E+01 -9.81237E+00 -2.34596E+00  2.27977E+04  1.52051E+04  8.39948E+03 -1.06860E+03  1.97492E+02 -7.82093E+01  1.38252E-04  5.96919E-03  3.27276E-04
       6       6       7  7.34063E-03  5.27457E-03  7.34063E-05  1.56380E+00  1.17488E+01  1.63813E+00  2.27310E+02 -3.17840E+01  8.90151E+00  6.50862E+04  3.14213E+04  1.58460E+04 -4.85106E+03  6.87752E+02 -8.76036E+01  2.46389E-04  4.82171E-03  2.06478E-04
       6       6       8  7.42875E-03  8.92138E-03  7.42875E-05  2.35680E+00  1.77301E+01  2.43463E+00  1.41967E+02 -2.16484E+01  8.13296E+00  2.65940E+04  2.86274E+04  8.11321E+03  1.05913E+02  9.25271E+02  1.31920E+02  4.91528E-04  8.00412E-03  4.25732E-04
       6       6       9  1.09470E-02  1.05648E-02  1.09470E-04  3.24457E+00  2.42532E+01  3.16064E+00  8.60294E+01 -1.24799E+01  3.30734E-01  1.18312E+04  2.13126E+04  3.56589E+03  1.37635E+03  8.98775E+02 -3.37132E+01  3.80875E-04  9.26111E-03  9.22772E-04
       6       6      10  1.64345E-02  2.09563E-02  1.64345E-04  9.96872E+00  7.43252E+01  9.98079E+00  4.35913E+01 -5.42647E+00 -1.54849E+00  3.64424E+03  2.95118E+04  1.02454E+03  3.60975E+03  1.32561E+03  1.15647E+02  0.00000E+00  1.51588E-02  5.79746E-03
