         152           4
       1  1.11872E-02  1.04089E-02 -5.07606E+01 -5.51457E+01  2.09680E+00  1.87999E+02  1.93500E+02  2.07980E+00  2.40874E-02  7.70000E-02  3.00000E-01 -4.14186E-02  0.00000E+00  3.00000E-01
       2  5.70130E-03  5.42383E-03 -7.73263E+01 -7.20331E+01  2.11870E+00  1.84972E+02  1.73297E+02  2.29780E+00  1.26269E-01  1.00600E-01  3.00000E-01 -1.40199E-02  0.00000E+00  3.00000E-01
       3  5.20937E-03  4.97496E-03 -7.30576E+01 -7.03214E+01  2.97040E+00  1.79460E+02  1.57694E+02  3.02370E+00  9.75095E-02  9.83000E-02  3.00000E-01 -8.57061E-03  0.00000E+00  3.00000E-01
       4  3.63803E-03  3.30641E-03 -5.38347E+01 -5.93916E+01  2.64100E+00  1.86299E+02  1.79503E+02  2.60000E+00  1.23488E-02  8.30000E-02  3.00000E-01 -2.65899E-02  0.00000E+00  3.00000E-01
       5  6.40447E-03  5.99423E-03 -3.95044E+01 -4.29252E+01  2.62700E+00  1.81064E+02  2.03949E+02  2.49860E+00 -3.60081E-03  6.00000E-02  3.00000E-01 -3.07538E-02  0.00000E+00  3.00000E-01
       6  1.84434E-03  1.93278E-03 -8.31125E+01 -7.66923E+01  4.18970E+00  1.59457E+02  1.53159E+02  4.23960E+00  1.82875E-01  1.07200E-01  3.00000E-01  4.35490E-02  0.00000E+00  3.00000E-01
       7  3.70911E-03  3.65852E-03 -6.45492E+01 -6.08558E+01  2.81680E+00  1.67918E+02  1.54194E+02  3.00380E+00  6.87450E-02  8.50000E-02  3.00000E-01  5.49028E-04  0.00000E+00  3.00000E-01
       8  3.71651E-03  3.32485E-03 -3.44408E+01 -4.55340E+01  2.66940E+00  1.74082E+02  1.84950E+02  2.80100E+00 -2.70726E-02  6.36000E-02  3.00000E-01  1.11620E-02  0.00000E+00  3.00000E-01
       9  2.51829E-03  2.71268E-03 -7.47294E+01 -7.37064E+01  3.32630E+00  1.44495E+02  1.33986E+02  3.59880E+00  1.58367E-01  1.03000E-01  3.00000E-01  4.43216E-02  0.00000E+00  3.00000E-01
      10  3.56234E-03  3.43806E-03 -5.15337E+01 -5.00778E+01  3.24950E+00  1.64649E+02  1.67266E+02  3.32320E+00  2.60222E-02  7.00000E-02  3.00000E-01  1.73799E-02  0.00000E+00  3.00000E-01
      11  1.37642E-03  1.49216E-03 -8.42133E+01 -8.66754E+01  3.87500E+00  1.41917E+02  1.46387E+02  5.24270E+00  2.03902E-01  1.21100E-01  3.00000E-01  8.45780E-02  0.00000E+00  3.00000E-01
      12  1.30222E-02  1.20824E-02 -1.54090E+01 -2.61590E+01  1.95760E+00  1.65890E+02  2.01454E+02  1.89660E+00 -1.41026E-02  3.65000E-02  3.00000E-01  9.56344E-04  0.00000E+00  3.00000E-01
      13  5.08673E-03  4.57288E-03 -2.73785E+01 -3.72943E+01  2.53240E+00  1.68569E+02  1.78601E+02  2.62510E+00 -2.15910E-02  5.21000E-02  3.00000E-01  1.76915E-02  0.00000E+00  3.00000E-01
      14  1.06445E-02  1.03320E-02 -2.40836E+01 -3.44990E+01  2.01780E+00  1.78292E+02  2.09083E+02  2.43910E+00 -2.33711E-03  4.82000E-02  3.00000E-01 -5.42359E-02  0.00000E+00  3.00000E-01
      15  1.28514E-02  1.27574E-02 -1.12255E+01 -1.63027E+01  2.61890E+00  1.72464E+02  2.13903E+02  2.26050E+00 -2.58987E-03  2.28000E-02  3.00000E-01 -4.72495E-02  0.00000E+00  3.00000E-01
      16  2.63649E-03  2.62670E-03 -3.84531E+01 -3.87077E+01  4.33610E+00  1.38000E+02  1.50981E+02  4.82940E+00  3.89706E-02  5.41000E-02  3.00000E-01  4.25192E-02  0.00000E+00  3.00000E-01
      17  9.87356E-03  9.22506E-03 -4.63682E+01 -6.05436E+01  3.43570E+00  1.46653E+02  1.25864E+02  3.59830E+00  2.71479E-02  8.46000E-02  3.00000E-01  7.63664E-03  0.00000E+00  3.00000E-01
      18  1.53564E-03  1.40929E-03 -2.13305E+01 -1.97254E+01  4.73350E+00  1.67679E+02  1.58949E+02  4.61790E+00 -8.63262E-03  2.76000E-02  3.00000E-01 -3.26271E-03  0.00000E+00  3.00000E-01
      19  4.11107E-03  3.67671E-03 -4.02715E+00  4.25290E+00  2.76540E+00  1.67388E+02  1.68387E+02  2.73010E+00 -3.13922E-03 -5.90000E-03  3.00000E-01  2.23488E-02  0.00000E+00  3.00000E-01
      20  4.09600E-03  3.99964E-03 -1.99074E+01 -1.64615E+01  3.52970E+00  1.36714E+02  1.43857E+02  3.54450E+00  2.23643E-02  2.30000E-02  3.00000E-01  2.46029E-02  0.00000E+00  3.00000E-01
      21  3.88766E-03  3.45892E-03 -1.43910E+00  3.07820E+00  3.50300E+00  1.59845E+02  1.78698E+02  3.01190E+00  1.32840E-02 -4.30000E-03  3.00000E-01  4.35289E-02  0.00000E+00  3.00000E-01
      22  1.02351E-02  9.97414E-03 -8.56307E-01  7.42610E+00  2.47200E+00  1.68072E+02  2.04616E+02  2.28450E+00  8.55740E-03 -1.04000E-02  3.00000E-01 -2.99809E-02  0.00000E+00  3.00000E-01
      23  2.09485E-03  2.04368E-03  5.30811E-01  6.42000E-02  3.23530E+00  1.55315E+02  1.46307E+02  3.75370E+00 -2.11994E-02 -1.00000E-04  3.00000E-01 -1.48483E-02  0.00000E+00  3.00000E-01
      24  7.16826E-03  7.12688E-03 -1.17510E+01 -4.05902E+01  1.00825E+01  1.39653E+02  1.11405E+02  1.00086E+01  1.36441E-02  5.67000E-02  3.00000E-01 -9.27260E-03  0.00000E+00  3.00000E-01
      25  7.36945E-03  6.50552E-03  3.51292E+01 -1.27600E-01  6.76040E+00  1.55073E+02  1.10589E+02  7.09400E+00 -1.03773E-02  2.00000E-04  3.00000E-01 -6.22059E-02  0.00000E+00  3.00000E-01
      26  1.03624E-02  1.04613E-02 -5.52843E+01 -8.73687E+01  8.21170E+00  1.18719E+02  1.02161E+02  7.20870E+00  3.25028E-02  1.22100E-01  3.00000E-01 -1.69365E-02  0.00000E+00  3.00000E-01
      27  3.33212E-03  3.12591E-03 -6.64636E+01 -8.97611E+01  4.07440E+00  1.40513E+02  1.22064E+02  4.59060E+00  8.59114E-02  1.25400E-01  3.00000E-01  3.33907E-02  0.00000E+00  3.00000E-01
      28  1.26100E-03  1.34800E-03 -8.82943E+01 -9.18239E+01  4.08350E+00  1.36242E+02  1.37606E+02  4.08200E+00  2.17577E-01  1.28300E-01  3.00000E-01  1.06669E-01  0.00000E+00  3.00000E-01
      29  1.56682E-03  1.75324E-03 -9.11316E+01 -8.53951E+01  3.61540E+00  1.45159E+02  1.51784E+02  3.88060E+00  2.44336E-01  1.19300E-01  3.00000E-01  1.05959E-01  0.00000E+00  3.00000E-01
      30  3.47699E-03  2.96814E-03 -7.46954E+01 -1.14358E+02  4.66580E+00  1.40367E+02  1.22178E+02  4.97350E+00  6.50251E-02  1.59800E-01  3.00000E-01  4.00577E-02  0.00000E+00  3.00000E-01
      31  1.92749E-03  2.05272E-03 -8.79876E+01 -8.14300E+01  3.54520E+00  1.60178E+02  1.60441E+02  3.61190E+00  2.20346E-01  1.13800E-01  3.00000E-01  5.59050E-02  0.00000E+00  3.00000E-01
      32  1.03445E-02  9.78260E-03 -1.01689E+02 -1.32051E+02  4.99940E+00  1.46967E+02  1.03527E+02  5.06440E+00  1.05218E-01  1.84500E-01  3.00000E-01 -2.53663E-02  0.00000E+00  3.00000E-01
      33  6.48277E-03  5.10336E-03 -1.12244E+02 -1.24535E+02  3.79810E+00  1.62544E+02  1.22670E+02  4.11950E+00  5.45624E-02  1.74000E-01  3.00000E-01 -5.35469E-03  0.00000E+00  3.00000E-01
      34  3.29359E-03  3.06616E-03 -8.38431E+01 -9.57580E+01  3.50070E+00  1.35922E+02  1.29370E+02  3.37900E+00  1.19584E-01  1.33800E-01  3.00000E-01  7.93106E-02  0.00000E+00  3.00000E-01
      35  1.26296E-02  1.15685E-02 -1.38029E+02 -1.52696E+02  3.72370E+00  1.40811E+02  9.98517E+01  3.80120E+00  9.03423E-02  2.13300E-01  3.00000E-01  8.75483E-03  0.00000E+00  3.00000E-01
      36  1.32579E-03  1.43237E-03 -9.17388E+01 -9.03990E+01  3.94300E+00  1.35980E+02  1.43693E+02  3.89150E+00  2.40275E-01  1.26300E-01  3.00000E-01  1.12875E-01  0.00000E+00  3.00000E-01
      37  1.30718E-02  1.45219E-02 -8.22519E+01 -1.61801E+02  6.01230E+00  9.17904E+01  8.50652E+01  6.60920E+00  1.28884E-01  2.26100E-01  3.00000E-01  5.04152E-02  0.00000E+00  3.00000E-01
      38  5.20918E-03  4.17588E-03 -9.92603E+01 -1.11794E+02  2.99430E+00  1.51727E+02  1.19721E+02  3.35420E+00  2.87764E-02  1.56200E-01  3.00000E-01  3.59798E-02  0.00000E+00  3.00000E-01
      39  2.72557E-03  2.94932E-03 -9.10983E+01 -9.52033E+01  3.35160E+00  1.37522E+02  1.44592E+02  3.36560E+00  2.30405E-01  1.33000E-01  3.00000E-01  1.12439E-01  0.00000E+00  3.00000E-01
      40  1.27365E-02  1.08135E-02 -1.85543E+01 -1.97637E+02  6.00790E+00  4.28403E+01  6.55906E+01  7.20350E+00 -1.02876E-01  2.76100E-01  3.00000E-01  1.74048E-01  0.00000E+00  3.00000E-01
      41  9.99181E-03  1.05138E-02 -9.37131E+01 -1.65616E+02  4.30430E+00  1.05067E+02  8.33342E+01  4.77530E+00  1.02866E-01  2.31400E-01  3.00000E-01  9.53276E-02  0.00000E+00  3.00000E-01
      42  6.42479E-03  5.68091E-03 -1.16485E+02 -1.25516E+02  3.53720E+00  1.46777E+02  1.04361E+02  3.94210E+00  1.12300E-01  1.75400E-01  3.00000E-01 -9.75720E-04  0.00000E+00  3.00000E-01
      43  1.35066E-02  1.58679E-02 -1.03601E+02 -2.00253E+02  4.68790E+00  8.33482E+01  7.05455E+01  6.39010E+00  1.76529E-01  2.79800E-01  3.00000E-01  9.05842E-02  0.00000E+00  3.00000E-01
      44  3.01335E-03  2.32348E-03 -8.84735E+01 -1.13573E+02  4.52250E+00  1.49910E+02  1.17822E+02  4.77830E+00  4.30152E-02  1.58700E-01  3.00000E-01  1.84215E-02  0.00000E+00  3.00000E-01
      45  1.25680E-03  1.35588E-03 -8.20897E+01 -9.20753E+01  3.96280E+00  1.36939E+02  1.46072E+02  3.57010E+00  2.04680E-01  1.28600E-01  3.00000E-01  8.84899E-02  0.00000E+00  3.00000E-01
      46  1.65095E-03  1.79439E-03 -8.87387E+01 -9.10898E+01  3.34400E+00  1.48373E+02  1.61695E+02  3.60620E+00  2.34431E-01  1.27300E-01  3.00000E-01  8.60224E-02  0.00000E+00  3.00000E-01
      47  3.33790E-03  3.09323E-03 -7.35843E+01 -9.81729E+01  3.58330E+00  1.34423E+02  1.21180E+02  4.10090E+00  7.96289E-02  1.37200E-01  3.00000E-01  5.15088E-02  0.00000E+00  3.00000E-01
      48  4.74556E-03  4.70977E-03 -7.83416E+01 -6.95816E+01  2.54100E+00  1.78196E+02  1.64613E+02  2.59370E+00  1.39707E-01  9.72000E-02  3.00000E-01 -8.20690E-05  0.00000E+00  3.00000E-01
      49  1.23583E-03  1.36292E-03 -7.76673E+01 -8.82302E+01  3.46790E+00  1.37187E+02  1.57875E+02  3.15310E+00  1.82468E-01  1.23300E-01  3.00000E-01  7.43467E-02  0.00000E+00  3.00000E-01
      50  1.69448E-03  1.77630E-03 -7.78519E+01 -8.23289E+01  3.31840E+00  1.57401E+02  1.67328E+02  3.32990E+00  1.62911E-01  1.15000E-01  3.00000E-01  3.20058E-02  0.00000E+00  3.00000E-01
      51  8.72558E-03  9.27265E-03 -8.73381E+01 -1.07611E+02  5.32290E+00  1.21192E+02  9.51285E+01  5.75030E+00  7.43959E-02  1.50400E-01  3.00000E-01  2.24124E-02  0.00000E+00  3.00000E-01
      52  3.85081E-03  3.53527E-03 -6.31555E+01 -5.18417E+01  2.48570E+00  1.90018E+02  2.05582E+02  2.37090E+00  5.14001E-02  7.24000E-02  3.00000E-01 -3.47632E-02  0.00000E+00  3.00000E-01
      53  1.14797E-03  1.27410E-03 -7.23499E+01 -7.95708E+01  3.64480E+00  1.41211E+02  1.44946E+02  4.05920E+00  1.51234E-01  1.11200E-01  3.00000E-01  4.70805E-02  0.00000E+00  3.00000E-01
      54  2.58632E-03  2.41396E-03 -7.34751E+01 -9.13735E+01  3.94420E+00  1.40534E+02  1.18040E+02  3.70890E+00  5.21426E-02  1.27700E-01  3.00000E-01  2.39867E-02  0.00000E+00  3.00000E-01
      55  1.60547E-03  1.65522E-03 -7.15954E+01 -7.26749E+01  2.99110E+00  1.56082E+02  1.64762E+02  3.44310E+00  1.30374E-01  1.01500E-01  3.00000E-01  2.55746E-02  0.00000E+00  3.00000E-01
      56  2.41046E-03  2.32260E-03 -6.44844E+01 -6.05916E+01  2.90940E+00  1.80077E+02  1.76118E+02  3.11640E+00  5.92489E-02  8.47000E-02  3.00000E-01 -1.51930E-02  0.00000E+00  3.00000E-01
      57  3.95646E-03  3.59193E-03 -4.60199E+01 -3.90104E+01  2.31750E+00  1.86250E+02  2.06014E+02  2.31160E+00 -2.15115E-04  5.45000E-02  3.00000E-01 -2.31509E-02  0.00000E+00  3.00000E-01
      58  7.33416E-03  6.92142E-03 -2.59145E+01 -3.44129E+01  2.42660E+00  1.79154E+02  2.06800E+02  2.04820E+00 -1.57090E-02  4.81000E-02  3.00000E-01 -3.32915E-02  0.00000E+00  3.00000E-01
      59  5.40770E-03  4.83289E-03 -6.49731E+01 -7.06768E+01  3.54790E+00  1.44538E+02  1.21332E+02  3.99690E+00  4.44553E-02  9.87000E-02  3.00000E-01  2.72472E-03  0.00000E+00  3.00000E-01
      60  1.00899E-03  1.05559E-03 -6.34111E+01 -6.58570E+01  4.59500E+00  1.37060E+02  1.38512E+02  5.63270E+00  1.10484E-01  9.20000E-02  3.00000E-01  3.49616E-02  0.00000E+00  3.00000E-01
      61  1.40311E-03  1.44347E-03 -6.21257E+01 -5.91339E+01  3.37190E+00  1.55287E+02  1.71291E+02  3.71740E+00  8.85233E-02  8.26000E-02  3.00000E-01  2.08099E-02  0.00000E+00  3.00000E-01
      62  2.08762E-03  1.97903E-03 -5.05047E+01 -4.92578E+01  3.20750E+00  1.75057E+02  1.70370E+02  3.17090E+00  2.53496E-02  6.88000E-02  3.00000E-01 -7.60408E-03  0.00000E+00  3.00000E-01
      63  1.29262E-02  1.28999E-02 -1.05307E+01 -1.66150E+01  2.31170E+00  1.75151E+02  2.14012E+02  2.27080E+00 -9.19458E-03  2.32000E-02  3.00000E-01 -5.34934E-02  0.00000E+00  3.00000E-01
      64  3.36190E-03  3.02141E-03 -2.88984E+01 -3.48226E+01  3.01100E+00  1.76427E+02  1.92501E+02  3.20530E+00 -2.54618E-02  4.87000E-02  3.00000E-01  2.73532E-03  0.00000E+00  3.00000E-01
      65  3.24146E-03  3.21917E-03 -4.61536E+01 -4.67406E+01  4.32920E+00  1.33407E+02  1.29943E+02  4.18700E+00  5.50041E-02  6.53000E-02  3.00000E-01  3.27932E-02  0.00000E+00  3.00000E-01
      66  1.62288E-02  1.54206E-02 -2.72179E+00 -9.71960E+00  1.98640E+00  1.67656E+02  2.04650E+02  1.82760E+00 -1.62254E-02  1.36000E-02  3.00000E-01 -1.53845E-02  0.00000E+00  3.00000E-01
      67  2.91442E-02  2.92391E-02  4.76443E+00  1.97364E+01  1.65850E+00  1.74587E+02  2.10271E+02  1.68840E+00  3.97662E-03 -2.76000E-02  3.00000E-01 -5.81949E-02  0.00000E+00  3.00000E-01
      68  1.28766E-02  1.29174E-02 -5.67334E+01 -5.53930E+01  7.43740E+00  1.07195E+02  9.90821E+01  6.39610E+00  3.68918E-02  7.74000E-02  3.00000E-01  6.45017E-03  0.00000E+00  3.00000E-01
      69  1.64507E-03  1.56358E-03 -3.67598E+01 -3.85227E+01  2.88670E+00  1.66119E+02  1.74375E+02  3.53670E+00  1.92444E-02  5.38000E-02  3.00000E-01  1.29238E-02  0.00000E+00  3.00000E-01
      70  6.08167E-03  5.46614E-03  1.31079E+01  1.72862E+01  3.27700E+00  1.31848E+02  1.21636E+02  3.75850E+00 -1.30405E-02 -2.42000E-02  3.00000E-01  4.84213E-02  0.00000E+00  3.00000E-01
      71  2.47359E-03  2.16499E-03 -1.62766E+01 -1.98976E+01  3.89570E+00  1.69926E+02  1.70702E+02  3.88190E+00 -2.07919E-02  2.78000E-02  3.00000E-01  2.45596E-02  0.00000E+00  3.00000E-01
      72  9.35559E-03  8.56479E-03  1.59469E+01  2.54342E+01  2.23560E+00  1.70161E+02  1.98916E+02  2.20800E+00  3.28574E-02 -3.55000E-02  3.00000E-01  1.21528E-02  0.00000E+00  3.00000E-01
      73  4.11866E-03  3.73901E-03  2.69316E+01  3.19210E+01  2.31940E+00  1.69337E+02  1.72709E+02  2.61440E+00  9.72874E-04 -4.46000E-02  3.00000E-01  1.98175E-02  0.00000E+00  3.00000E-01
      74  3.88766E-03  3.44824E-03  1.15911E+00 -3.07820E+00  3.50300E+00  1.59353E+02  1.78698E+02  3.01190E+00 -1.50847E-02  4.30000E-03  3.00000E-01  4.97119E-02  0.00000E+00  3.00000E-01
      75  5.42531E-03  4.97999E-03 -5.53681E+01 -3.44652E+01  5.16830E+00  1.49142E+02  1.07433E+02  5.64620E+00  4.37807E-02  4.82000E-02  3.00000E-01 -1.97260E-02  0.00000E+00  3.00000E-01
      76  1.28514E-02  1.27493E-02  1.10820E+01  1.63027E+01  2.61890E+00  1.73275E+02  2.13903E+02  2.26050E+00  2.96762E-03 -2.28000E-02  3.00000E-01 -4.84621E-02  0.00000E+00  3.00000E-01
      77  1.33877E-02  1.31615E-02 -3.52236E+01 -1.55468E+02  5.77590E+00  5.79721E+01  6.82334E+01  7.73900E+00 -1.48127E-01  2.17200E-01  3.00000E-01  1.06408E-01  0.00000E+00  3.00000E-01
      78  9.13856E-03  6.34125E-03 -1.67634E+01 -2.14718E+02  6.11990E+00  2.96246E+01  5.66170E+01  9.13570E+00 -4.12966E-03  3.00000E-01  3.00000E-01  7.79390E-03  0.00000E+00  3.00000E-01
      79  1.46669E-03  1.46982E-03 -3.14159E+01 -2.66730E+01  4.69660E+00  1.30127E+02  1.32862E+02  5.12060E+00  5.36343E-02  3.73000E-02  3.00000E-01  5.17237E-02  0.00000E+00  3.00000E-01
      80  1.23028E-03  1.19864E-03 -1.91845E+01 -2.19635E+01  3.75400E+00  1.56385E+02  1.45756E+02  4.26770E+00  3.44789E-02  3.07000E-02  3.00000E-01  6.77454E-03  0.00000E+00  3.00000E-01
      81  2.16485E-03  2.15112E-03 -1.37819E+01 -1.50469E+01  4.04570E+00  1.36760E+02  1.28562E+02  4.76240E+00  5.10746E-02  2.10000E-02  3.00000E-01  2.71164E-02  0.00000E+00  3.00000E-01
      82  1.71572E-03  1.56652E-03 -3.87675E+00 -1.69529E+01  4.11020E+00  1.70216E+02  1.64466E+02  4.08680E+00  4.79924E-03  2.37000E-02  3.00000E-01  6.90461E-03  0.00000E+00  3.00000E-01
      83  5.87670E-03  5.39994E-03  1.04656E+01  2.36044E+01  2.54170E+00  1.60325E+02  2.01731E+02  2.35250E+00  5.65501E-03 -3.30000E-02  3.00000E-01  2.06080E-02  0.00000E+00  3.00000E-01
      84  2.39535E-03  2.10600E-03  1.04737E+01  6.25090E+00  3.73800E+00  1.66769E+02  1.71546E+02  3.66870E+00  1.80759E-02 -8.70000E-03  3.00000E-01  3.47508E-02  0.00000E+00  3.00000E-01
      85  4.75211E-03  4.10696E-03 -3.31990E+01 -1.49436E+01  5.71080E+00  1.58827E+02  1.03941E+02  6.87710E+00 -2.38935E-03  2.09000E-02  3.00000E-01 -5.27705E-02  0.00000E+00  3.00000E-01
      86  1.18661E-03  1.12323E-03  5.82853E+00  5.89020E+00  3.99590E+00  1.62330E+02  1.53860E+02  4.59740E+00  1.07943E-03 -8.20000E-03  3.00000E-01 -1.68483E-02  0.00000E+00  3.00000E-01
      87  1.35500E-02  1.26771E-02  2.90478E+01  3.74109E+01  1.99580E+00  1.76177E+02  2.02812E+02  1.97070E+00  1.22594E-02 -5.23000E-02  3.00000E-01 -2.39893E-02  0.00000E+00  3.00000E-01
      88  3.18483E-03  2.80143E-03  2.16680E+01  3.76838E+01  3.34130E+00  1.63818E+02  1.85456E+02  3.54960E+00  2.50475E-02 -5.27000E-02  3.00000E-01  3.17655E-02  0.00000E+00  3.00000E-01
      89  1.06445E-02  1.03880E-02  2.51150E+01  3.44990E+01  2.01780E+00  1.79522E+02  2.09083E+02  2.43910E+00  1.56841E-03 -4.82000E-02  3.00000E-01 -5.55719E-02  0.00000E+00  3.00000E-01
      90  1.53564E-03  1.42146E-03  1.99355E+01  1.97254E+01  4.73350E+00  1.63787E+02  1.58949E+02  4.61790E+00 -1.47562E-03 -2.76000E-02  3.00000E-01  1.11342E-02  0.00000E+00  3.00000E-01
      91  7.33416E-03  6.93900E-03  2.44022E+01  3.44129E+01  2.42660E+00  1.77637E+02  2.06800E+02  2.04820E+00  1.38723E-02 -4.81000E-02  3.00000E-01 -3.19086E-02  0.00000E+00  3.00000E-01
      92  1.52209E-03  1.52035E-03  7.30550E+00 -1.66190E+00  4.87370E+00  1.40455E+02  1.34958E+02  5.21500E+00 -8.23887E-03  2.30000E-03  3.00000E-01 -3.02308E-03  0.00000E+00  3.00000E-01
      93  3.71651E-03  3.34823E-03  3.48474E+01  4.55340E+01  2.66940E+00  1.75937E+02  1.84950E+02  2.80100E+00  2.92467E-02 -6.36000E-02  3.00000E-01  5.05566E-03  0.00000E+00  3.00000E-01
      94  1.90190E-03  1.74867E-03  3.35904E+01  3.67685E+01  3.88200E+00  1.68593E+02  1.70325E+02  3.90010E+00  7.40861E-03 -5.14000E-02  3.00000E-01  8.76717E-03  0.00000E+00  3.00000E-01
      95  3.04395E-03  2.70056E-03  9.80139E+00  4.09800E+00  6.29160E+00  1.34717E+02  1.28315E+02  5.83360E+00 -6.36579E-03 -5.70000E-03  3.00000E-01  4.13492E-02  0.00000E+00  3.00000E-01
      96  1.03871E-02  9.65157E-03  5.02970E+01  4.96517E+01  1.89490E+00  1.87544E+02  2.04868E+02  1.86230E+00 -2.66979E-02 -6.94000E-02  3.00000E-01 -4.02660E-02  0.00000E+00  3.00000E-01
      97  1.03463E-03  1.02462E-03  2.62408E+01  2.43638E+01  5.29040E+00  1.46863E+02  1.54438E+02  5.63680E+00 -3.02969E-02 -3.40000E-02  3.00000E-01  2.34558E-02  0.00000E+00  3.00000E-01
      98  1.23028E-03  1.18981E-03  1.96796E+01  2.19635E+01  3.75400E+00  1.55920E+02  1.45756E+02  4.26770E+00 -4.90439E-02 -3.07000E-02  3.00000E-01  3.93053E-03  0.00000E+00  3.00000E-01
      99  3.95646E-03  3.59298E-03  4.78619E+01  3.90104E+01  2.31750E+00  1.86797E+02  2.06014E+02  2.31160E+00 -5.31279E-03 -5.45000E-02  3.00000E-01 -2.83408E-02  0.00000E+00  3.00000E-01
     100  3.63803E-03  3.30677E-03  5.33855E+01  5.93916E+01  2.64100E+00  1.85195E+02  1.79503E+02  2.60000E+00 -1.02256E-02 -8.30000E-02  3.00000E-01 -2.30519E-02  0.00000E+00  3.00000E-01
     101  4.40999E-03  4.15291E-03  5.53570E+01  5.56762E+01  3.02470E+00  1.75864E+02  1.67626E+02  3.00050E+00 -2.57700E-02 -7.78000E-02  3.00000E-01 -6.59347E-03  0.00000E+00  3.00000E-01
     102  4.65093E-03  4.26166E-03  6.02811E+01  6.41298E+01  3.00430E+00  1.89322E+02  1.84157E+02  2.87750E+00 -4.25083E-02 -8.96000E-02  3.00000E-01 -3.49113E-02  0.00000E+00  3.00000E-01
     103  1.23156E-03  1.22449E-03  4.26326E+01  3.85853E+01  5.73760E+00  1.45893E+02  1.61140E+02  6.70480E+00 -3.88076E-02 -5.39000E-02  3.00000E-01  3.25090E-02  0.00000E+00  3.00000E-01
     104  9.85493E-03  9.41755E-03 -1.04907E+01  2.30641E+01  9.59970E+00  1.34938E+02  1.07645E+02  9.74700E+00 -3.30813E-02 -3.22000E-02  3.00000E-01 -2.13450E-02  0.00000E+00  3.00000E-01
     105  2.76917E-03  2.81840E-03  3.41325E+01  3.67031E+01  5.26070E+00  1.28823E+02  1.39582E+02  5.24910E+00 -3.65226E-02 -5.13000E-02  3.00000E-01  4.27828E-02  0.00000E+00  3.00000E-01
     106  2.08762E-03  1.96901E-03  5.13136E+01  4.92578E+01  3.20750E+00  1.73863E+02  1.70370E+02  3.17090E+00 -2.94769E-02 -6.88000E-02  3.00000E-01 -2.33705E-03  0.00000E+00  3.00000E-01
     107  1.39072E-03  1.36069E-03  5.44716E+01  4.86514E+01  5.14740E+00  1.52749E+02  1.61512E+02  5.38590E+00 -5.47136E-02 -6.80000E-02  3.00000E-01  1.60984E-02  0.00000E+00  3.00000E-01
     108  5.58888E-03  5.33789E-03  7.66634E+01  7.60691E+01  2.84590E+00  1.84996E+02  1.68728E+02  3.07360E+00 -1.17451E-01 -1.06300E-01  3.00000E-01 -1.56729E-02  0.00000E+00  3.00000E-01
     109  1.59959E-03  1.61106E-03  3.76679E+01  3.12237E+01  4.52500E+00  1.30607E+02  1.28783E+02  4.74540E+00 -7.63356E-02 -4.36000E-02  3.00000E-01  3.55778E-02  0.00000E+00  3.00000E-01
     110  2.41046E-03  2.29610E-03  6.34334E+01  6.05916E+01  2.90940E+00  1.81357E+02  1.76118E+02  3.11640E+00 -5.91639E-02 -8.47000E-02  3.00000E-01 -1.45680E-02  0.00000E+00  3.00000E-01
     111  3.22140E-03  3.00272E-03  7.48758E+01  6.87448E+01  2.57530E+00  1.87236E+02  1.75875E+02  2.77020E+00 -1.07867E-01 -9.60000E-02  3.00000E-01 -2.33644E-02  0.00000E+00  3.00000E-01
     112  2.65505E-03  2.63252E-03  4.94366E+01  5.27820E+01  4.76920E+00  1.37583E+02  1.32920E+02  4.55460E+00 -5.38843E-02 -7.37000E-02  3.00000E-01  3.97149E-02  0.00000E+00  3.00000E-01
     113  2.47299E-03  2.39255E-03  7.72164E+01  6.44952E+01  3.38250E+00  1.81700E+02  1.68797E+02  3.75640E+00 -1.19162E-01 -9.01000E-02  3.00000E-01 -8.23441E-03  0.00000E+00  3.00000E-01
     114  1.47074E-03  1.51298E-03  6.78169E+01  6.09376E+01  3.68380E+00  1.53332E+02  1.44153E+02  4.23210E+00 -9.80099E-02 -8.51000E-02  3.00000E-01  2.30617E-02  0.00000E+00  3.00000E-01
     115  2.41210E-03  2.49106E-03  6.13491E+01  6.14871E+01  2.71850E+00  1.46619E+02  1.61346E+02  3.10260E+00 -9.29006E-02 -8.59000E-02  3.00000E-01  3.15789E-02  0.00000E+00  3.00000E-01
     116  4.85924E-03  4.65217E-03  6.43143E+01  2.17985E+01  7.38860E+00  1.46555E+02  1.05102E+02  7.90260E+00 -5.32214E-02 -3.05000E-02  3.00000E-01 -4.37948E-02  0.00000E+00  3.00000E-01
     117  2.10040E-03  2.07793E-03  7.48803E+01  6.88558E+01  4.02080E+00  1.69649E+02  1.48397E+02  3.99660E+00 -1.15884E-01 -9.62000E-02  3.00000E-01  1.07281E-02  0.00000E+00  3.00000E-01
     118  2.68487E-03  2.75486E-03  5.61980E+01  5.92784E+01  5.08820E+00  1.37634E+02  1.31205E+02  5.16520E+00 -8.04042E-02 -8.28000E-02  3.00000E-01  2.79811E-02  0.00000E+00  3.00000E-01
     119  1.60547E-03  1.70510E-03  7.17212E+01  7.26749E+01  2.99110E+00  1.61535E+02  1.64762E+02  3.44310E+00 -1.21538E-01 -1.01500E-01  3.00000E-01  1.41394E-02  0.00000E+00  3.00000E-01
     120  8.03854E-03  7.54928E-03  3.98531E+01  5.09015E+01  5.64670E+00  1.62264E+02  1.16348E+02  5.83170E+00 -1.61792E-02 -7.11000E-02  3.00000E-01 -5.10433E-02  0.00000E+00  3.00000E-01
     121  2.27257E-03  2.26078E-03  8.32012E+01  7.61701E+01  3.84970E+00  1.74367E+02  1.60800E+02  3.58570E+00 -1.69366E-01 -1.06400E-01  3.00000E-01  1.63513E-02  0.00000E+00  3.00000E-01
     122  2.83506E-03  3.07251E-03  7.91761E+01  8.27018E+01  3.09000E+00  1.47373E+02  1.44534E+02  3.77070E+00 -1.81867E-01 -1.15500E-01  3.00000E-01  5.72313E-02  0.00000E+00  3.00000E-01
     123  3.41115E-03  3.64345E-03  8.63365E+01  8.16806E+01  2.73720E+00  1.54613E+02  1.52411E+02  2.86250E+00 -2.11184E-01 -1.14100E-01  3.00000E-01  6.25428E-02  0.00000E+00  3.00000E-01
     124  2.93032E-03  3.19183E-03  7.85535E+01  8.51497E+01  2.39760E+00  1.51451E+02  1.62344E+02  2.28950E+00 -1.74119E-01 -1.19000E-01  3.00000E-01  4.94249E-02  0.00000E+00  3.00000E-01
     125  1.92749E-03  2.07783E-03  8.67232E+01  8.14300E+01  3.54520E+00  1.64083E+02  1.60441E+02  3.61190E+00 -2.18297E-01 -1.13800E-01  3.00000E-01  4.27135E-02  0.00000E+00  3.00000E-01
     126  1.65095E-03  1.79531E-03  8.47791E+01  9.10898E+01  3.34400E+00  1.52473E+02  1.61695E+02  3.60620E+00 -2.24206E-01 -1.27300E-01  3.00000E-01  6.43371E-02  0.00000E+00  3.00000E-01
     127  1.05965E-03  1.14533E-03  7.15176E+01  7.22056E+01  4.37510E+00  1.39038E+02  1.27268E+02  4.80780E+00 -1.55409E-01 -1.00900E-01  3.00000E-01  4.19611E-02  0.00000E+00  3.00000E-01
     128  1.14797E-03  1.25754E-03  7.12099E+01  7.95708E+01  3.64480E+00  1.39730E+02  1.44946E+02  4.05920E+00 -1.55463E-01 -1.11200E-01  3.00000E-01  4.27093E-02  0.00000E+00  3.00000E-01
     129  4.85228E-03  4.26581E-03  6.38791E+01  8.53516E+01  4.42960E+00  1.51016E+02  1.15338E+02  5.08700E+00 -2.27162E-02 -1.19300E-01  3.00000E-01 -9.91015E-03  0.00000E+00  3.00000E-01
     130  3.67954E-03  3.26292E-03  5.34736E+01  5.04692E+01  5.06090E+00  1.38442E+02  1.17951E+02  5.57950E+00 -2.01457E-02 -7.05000E-02  3.00000E-01  1.33211E-02  0.00000E+00  3.00000E-01
     131  2.72557E-03  2.94407E-03  8.83885E+01  9.52033E+01  3.35160E+00  1.37525E+02  1.44592E+02  3.36560E+00 -2.25782E-01 -1.33000E-01  3.00000E-01  1.06675E-01  0.00000E+00  3.00000E-01
     132  2.89686E-03  2.81769E-03  7.28562E+01  9.59976E+01  4.33880E+00  1.36463E+02  1.25222E+02  4.68940E+00 -1.18844E-01 -1.34100E-01  3.00000E-01  4.93464E-02  0.00000E+00  3.00000E-01
     133  6.10500E-03  5.92262E-03  8.80394E+01  8.64738E+01  4.31310E+00  1.46694E+02  1.08404E+02  4.79760E+00 -7.90495E-02 -1.20800E-01  3.00000E-01 -2.28602E-02  0.00000E+00  3.00000E-01
     134  1.26100E-03  1.33896E-03  8.56474E+01  9.18239E+01  4.08350E+00  1.38131E+02  1.37606E+02  4.08200E+00 -2.18608E-01 -1.28300E-01  3.00000E-01  9.04558E-02  0.00000E+00  3.00000E-01
     135  1.12874E-02  1.17196E-02  6.15819E+01  9.52826E+01  8.11970E+00  1.24252E+02  1.02093E+02  6.80250E+00 -3.69857E-02 -1.33100E-01  3.00000E-01 -2.69098E-02  0.00000E+00  3.00000E-01
     136  1.25680E-03  1.33983E-03  8.52891E+01  9.20753E+01  3.96280E+00  1.35129E+02  1.46072E+02  3.57010E+00 -2.04304E-01 -1.28600E-01  3.00000E-01  1.01285E-01  0.00000E+00  3.00000E-01
     137  2.45765E-03  2.55405E-03  8.86755E+01  9.12632E+01  3.29800E+00  1.36570E+02  1.39211E+02  3.28030E+00 -1.95460E-01 -1.27500E-01  3.00000E-01  9.72436E-02  0.00000E+00  3.00000E-01
     138  3.20993E-03  3.14727E-03  6.56039E+01  8.24222E+01  3.56590E+00  1.34096E+02  1.26230E+02  3.92700E+00 -8.31210E-02 -1.15200E-01  3.00000E-01  4.47943E-02  0.00000E+00  3.00000E-01
     139  3.14311E-03  2.70963E-03  7.90502E+01  9.89743E+01  3.80460E+00  1.41345E+02  1.11957E+02  3.76270E+00 -3.41732E-02 -1.38300E-01  3.00000E-01  1.61779E-02  0.00000E+00  3.00000E-01
     140  2.16173E-03  1.99736E-03  8.44984E+01  9.70276E+01  4.30390E+00  1.37726E+02  1.29884E+02  4.05950E+00 -1.26249E-01 -1.35600E-01  3.00000E-01  7.38057E-02  0.00000E+00  3.00000E-01
     141  2.81751E-03  2.49016E-03  7.78876E+01  1.05362E+02  4.43740E+00  1.33290E+02  1.25949E+02  4.98880E+00 -7.94146E-02 -1.47200E-01  3.00000E-01  6.56719E-02  0.00000E+00  3.00000E-01
     142  7.38167E-03  6.24159E-03  9.77252E+01  1.30449E+02  4.55590E+00  1.52180E+02  1.11069E+02  4.77790E+00 -8.22544E-02 -1.82300E-01  3.00000E-01 -2.21325E-02  0.00000E+00  3.00000E-01
     143  4.25213E-03  3.50901E-03  1.01483E+02  1.22448E+02  4.22050E+00  1.55624E+02  1.22967E+02  4.61680E+00 -5.39759E-02 -1.71100E-01  3.00000E-01  1.17070E-02  0.00000E+00  3.00000E-01
     144  1.36557E-02  1.44445E-02  5.36191E+01  1.42943E+02  7.38560E+00  7.97027E+01  8.77775E+01  7.51160E+00  5.75082E-02 -1.99700E-01  3.00000E-01 -5.13818E-03  0.00000E+00  3.00000E-01
     145  9.71084E-04  8.18688E-04  8.57191E+01  1.05273E+02  4.89950E+00  1.40673E+02  1.22078E+02  5.21350E+00 -2.47645E-02 -1.47100E-01  3.00000E-01  5.35990E-02  0.00000E+00  3.00000E-01
     146  5.73162E-03  4.85139E-03  1.06833E+02  1.17864E+02  3.54300E+00  1.47860E+02  1.11039E+02  3.97860E+00 -9.46664E-02 -1.64700E-01  3.00000E-01 -4.93943E-03  0.00000E+00  3.00000E-01
     147  2.53145E-03  1.88254E-03  1.09060E+02  1.16630E+02  4.58890E+00  1.58029E+02  1.15629E+02  5.27200E+00 -1.89266E-02 -1.63000E-01  3.00000E-01  1.61280E-02  0.00000E+00  3.00000E-01
     148  7.57355E-03  6.55285E-03  1.42131E+02  1.38060E+02  4.37150E+00  1.53037E+02  1.11025E+02  4.52190E+00 -1.05123E-01 -1.92900E-01  3.00000E-01 -1.31418E-02  0.00000E+00  3.00000E-01
     149  1.86381E-02  2.01784E-02  8.50238E+01  1.84203E+02  4.12540E+00  1.02446E+02  8.31491E+01  4.92460E+00 -6.88728E-02 -2.57400E-01  3.00000E-01  2.40333E-02  0.00000E+00  3.00000E-01
     150  1.36023E-02  1.28306E-02  1.20592E+02  1.49848E+02  3.14210E+00  1.36690E+02  9.61340E+01  3.36050E+00 -8.03115E-02 -2.09400E-01  3.00000E-01  3.06140E-02  0.00000E+00  3.00000E-01
     151  1.70417E-02  1.84112E-02  7.45232E+01  1.40762E+02  4.94690E+00  9.29583E+01  8.62257E+01  5.18530E+00 -8.65721E-02 -1.96700E-01  3.00000E-01  2.62482E-02  0.00000E+00  3.00000E-01
     152  2.83714E-02  2.51073E-02  5.43189E+01  2.05386E+02  3.59980E+00  9.22770E+01  6.31672E+01  4.93640E+00  9.79220E-02 -2.87000E-01  3.00000E-01  1.90339E-02  0.00000E+00  3.00000E-01
