         180
       1       1       1       1       0       3  0.00000E+00  0.00000E+00
       2       1      -1       1       0       3  4.16141E-03  0.00000E+00
       3       1       1       2       0       3  0.00000E+00  0.00000E+00
       4       1      -1       2       0       3  0.00000E+00  0.00000E+00
       5       1       1       3       0       3  0.00000E+00  0.00000E+00
       6       1      -1       3       0       3  0.00000E+00  0.00000E+00
       7       1       2       1       0       3  0.00000E+00  0.00000E+00
       8       1      -2       1       0       3  0.00000E+00  0.00000E+00
       9       1       2       2       0       3  0.00000E+00  0.00000E+00
      10       1      -2       2       0       3  0.00000E+00  0.00000E+00
      11       1       2       3       0       3  0.00000E+00  0.00000E+00
      12       1      -2       3       0       3  2.63701E-02  0.00000E+00
      13       1       3       1       0       3  0.00000E+00  0.00000E+00
      14       1      -3       1       0       3  2.69021E-02  0.00000E+00
      15       1       3       2       0       3  0.00000E+00  0.00000E+00
      16       1      -3       2       0       3  0.00000E+00  0.00000E+00
      17       1       3       3       0       3  0.00000E+00  0.00000E+00
      18       1      -3       3       0       3  0.00000E+00  0.00000E+00
      19       1       4       1       0       3  0.00000E+00  0.00000E+00
      20       1      -4       1       0       3  0.00000E+00  0.00000E+00
      21       1       4       2       0       3  0.00000E+00  0.00000E+00
      22       1      -4       2       0       3  0.00000E+00  0.00000E+00
      23       1       4       3       0       3  0.00000E+00  0.00000E+00
      24       1      -4       3       0       3  8.48022E-03  0.00000E+00
      25       2       1       1       0       3  0.00000E+00  0.00000E+00
      26       2      -1       1       0       3  1.89115E-03  0.00000E+00
      27       2       1       2       0       3  0.00000E+00  0.00000E+00
      28       2      -1       2       0       3  6.25562E-03  0.00000E+00
      29       2       1       3       0       3  0.00000E+00  0.00000E+00
      30       2      -1       3       0       3  5.62241E-03  0.00000E+00
      31       2       2       1       0       3  4.88856E-05  0.00000E+00
      32       2      -2       1       0       3  0.00000E+00  0.00000E+00
      33       2       2       2       0       3  0.00000E+00  0.00000E+00
      34       2      -2       2       0       3  0.00000E+00  0.00000E+00
      35       2       2       3       0       3  0.00000E+00  0.00000E+00
      36       2      -2       3       0       3  1.67391E-02  0.00000E+00
      37       2       3       1       0       3  0.00000E+00  0.00000E+00
      38       2      -3       1       0       3  0.00000E+00  0.00000E+00
      39       2       3       2       0       3  1.34557E-02  0.00000E+00
      40       2      -3       2       0       3  6.50049E-03  0.00000E+00
      41       2       3       3       0       3  0.00000E+00  0.00000E+00
      42       2      -3       3       0       3  1.10296E-02  0.00000E+00
      43       2       4       1       0       3  2.38608E-03  0.00000E+00
      44       2      -4       1       0       3  0.00000E+00  0.00000E+00
      45       2       4       2       0       3  0.00000E+00  0.00000E+00
      46       2      -4       2       0       3  0.00000E+00  0.00000E+00
      47       2       4       3       0       3  0.00000E+00  0.00000E+00
      48       2      -4       3       0       3  5.01510E-03  0.00000E+00
      49       3       1       1       0       3  0.00000E+00  0.00000E+00
      50       3      -1       1       0       3  0.00000E+00  0.00000E+00
      51       3       1       2       0       3  0.00000E+00  0.00000E+00
      52       3      -1       2       0       3  2.69228E-02  0.00000E+00
      53       3       1       3       0       4  0.00000E+00  0.00000E+00
      54       3      -1       3       0       4  0.00000E+00  0.00000E+00
      55       3       2       1       0       3  0.00000E+00  0.00000E+00
      56       3      -2       1       0       3  0.00000E+00  0.00000E+00
      57       3       2       2       0       3  1.23943E-02  0.00000E+00
      58       3      -2       2       0       3  1.86842E-02  0.00000E+00
      59       3       2       3       0       3  0.00000E+00  0.00000E+00
      60       3      -2       3       0       3  0.00000E+00  0.00000E+00
      61       3       3       1       0       3  0.00000E+00  0.00000E+00
      62       3      -3       1       0       3  0.00000E+00  0.00000E+00
      63       3       3       2       0       3  1.31095E-02  2.00000E+00
      64       3      -3       2       0       3  4.48979E-02  0.00000E+00
      65       3       3       3       0       3  0.00000E+00  0.00000E+00
      66       3      -3       3       0       3  3.58075E-02  0.00000E+00
      67       3       4       1       0       3  0.00000E+00  0.00000E+00
      68       3      -4       1       0       3  0.00000E+00  0.00000E+00
      69       3       4       2       0       3  1.33003E-02  2.00000E+00
      70       3      -4       2       0       3  1.67753E-02  0.00000E+00
      71       3       4       3       0       3  0.00000E+00  0.00000E+00
      72       3      -4       3       0       3  1.62686E-03  0.00000E+00
      73       4       1       1       0       3  0.00000E+00  2.00000E+00
      74       4      -1       1       0       3  0.00000E+00  0.00000E+00
      75       4       1       2       0       3  0.00000E+00  2.00000E+00
      76       4      -1       2       0       3  2.84855E-02  0.00000E+00
      77       4       1       3       0       3  0.00000E+00  2.00000E+00
      78       4      -1       3       0       3  1.73419E-03  0.00000E+00
      79       4       2       1       0       3  0.00000E+00  2.00000E+00
      80       4      -2       1       0       3  0.00000E+00  0.00000E+00
      81       4       2       2       0       3  0.00000E+00  2.00000E+00
      82       4      -2       2       0       3  2.98663E-02  0.00000E+00
      83       4       2       3       0       3  0.00000E+00  2.00000E+00
      84       4      -2       3       0       3  0.00000E+00  0.00000E+00
      85       4       3       1       0       3  0.00000E+00  2.00000E+00
      86       4      -3       1       0       3  0.00000E+00  0.00000E+00
      87       4       3       2       0       3  0.00000E+00  2.00000E+00
      88       4      -3       2       0       3  6.98455E-02  0.00000E+00
      89       4       3       3       0       3  0.00000E+00  2.00000E+00
      90       4      -3       3       0       3  1.04540E-01  0.00000E+00
      91       4       4       1       0       3  0.00000E+00  2.00000E+00
      92       4      -4       1       0       3  0.00000E+00  0.00000E+00
      93       4       4       2       0       3  0.00000E+00  2.00000E+00
      94       4      -4       2       0       3  7.62674E-02  0.00000E+00
      95       4       4       3       0       3  0.00000E+00  2.00000E+00
      96       4      -4       3       0       3  0.00000E+00  0.00000E+00
      97       5       1       1       0       4  0.00000E+00  2.00000E+00
      98       5      -1       1       0       4  0.00000E+00  0.00000E+00
      99       5       1       2       0       3  0.00000E+00  2.00000E+00
     100       5      -1       2       0       3  0.00000E+00  0.00000E+00
     101       5       1       3       0       3  0.00000E+00  2.00000E+00
     102       5      -1       3       0       3  5.76244E-03  0.00000E+00
     103       5       2       1       0       3  0.00000E+00  2.00000E+00
     104       5      -2       1       0       3  1.56098E-03  0.00000E+00
     105       5       2       2       0       3  0.00000E+00  2.00000E+00
     106       5      -2       2       0       3  0.00000E+00  0.00000E+00
     107       5       2       3       0       3  0.00000E+00  2.00000E+00
     108       5      -2       3       0       3  1.78978E-02  0.00000E+00
     109       5       3       1       0       3  0.00000E+00  2.00000E+00
     110       5      -3       1       0       3  1.05001E-02  0.00000E+00
     111       5       3       2       0       3  0.00000E+00  2.00000E+00
     112       5      -3       2       0       3  0.00000E+00  0.00000E+00
     113       5       3       3       0       3  0.00000E+00  2.00000E+00
     114       5      -3       3       0       3  7.58749E-02  0.00000E+00
     115       5       4       1       0       3  0.00000E+00  2.00000E+00
     116       5      -4       1       0       3  1.03626E-01  0.00000E+00
     117       5       4       2       0       3  0.00000E+00  2.00000E+00
     118       5      -4       2       0       3  0.00000E+00  0.00000E+00
     119       5       4       3       0       3  0.00000E+00  2.00000E+00
     120       5      -4       3       0       3  0.00000E+00  0.00000E+00
     121      -1       1       1       0       4  2.03915E-04  0.00000E+00
     122      -1       1       2       0       4  1.14438E-03  0.00000E+00
     123      -1       1       3       0       4  0.00000E+00  0.00000E+00
     124      -1       2       1       0       4  0.00000E+00  0.00000E+00
     125      -1       2       2       0       4  0.00000E+00  0.00000E+00
     126      -1       2       3       0       4  0.00000E+00  0.00000E+00
     127      -1       3       1       0       4  7.48683E-05  0.00000E+00
     128      -1       3       2       0       4  0.00000E+00  0.00000E+00
     129      -1       3       3       0       4  0.00000E+00  0.00000E+00
     130      -1       4       1       0       4  1.60186E-04  0.00000E+00
     131      -1       4       2       0       4  1.30936E-03  0.00000E+00
     132      -1       4       3       0       4  0.00000E+00  0.00000E+00
     133      -2       1       1       0       4  0.00000E+00  0.00000E+00
     134      -2       1       2       0       4  9.41251E-04  0.00000E+00
     135      -2       1       3       0       3  0.00000E+00  0.00000E+00
     136      -2       2       1       0       4  1.91368E-04  0.00000E+00
     137      -2       2       2       0       4  8.56890E-04  0.00000E+00
     138      -2       2       3       0       4  2.29771E-03  0.00000E+00
     139      -2       3       1       0       4  0.00000E+00  0.00000E+00
     140      -2       3       2       0       4  0.00000E+00  0.00000E+00
     141      -2       3       3       0       4  1.35083E-03  0.00000E+00
     142      -2       4       1       0       4  0.00000E+00  0.00000E+00
     143      -2       4       2       0       4  0.00000E+00  0.00000E+00
     144      -2       4       3       0       4  0.00000E+00  0.00000E+00
     145      -3       1       1       0       4  0.00000E+00  0.00000E+00
     146      -3       1       2       0       4  0.00000E+00  0.00000E+00
     147      -3       1       3       0       4  0.00000E+00  0.00000E+00
     148      -3       2       1       0       4  0.00000E+00  0.00000E+00
     149      -3       2       2       0       4  2.17184E-03  0.00000E+00
     150      -3       2       3       0       3  2.15564E-02  0.00000E+00
     151      -3       3       1       0       4  0.00000E+00  0.00000E+00
     152      -3       3       2       0       4  0.00000E+00  0.00000E+00
     153      -3       3       3       0       4  0.00000E+00  0.00000E+00
     154      -3       4       1       0       4  1.04670E-03  0.00000E+00
     155      -3       4       2       0       4  0.00000E+00  0.00000E+00
     156      -3       4       3       0       4  0.00000E+00  0.00000E+00
     157      -4       1       1       0       4  1.14878E-02  0.00000E+00
     158      -4       1       2       0       4  0.00000E+00  2.00000E+00
     159      -4       1       3       0       4  5.70885E-03  2.00000E+00
     160      -4       2       1       0       4  3.09087E-03  0.00000E+00
     161      -4       2       2       0       4  2.84379E-03  0.00000E+00
     162      -4       2       3       0       4  6.56370E-02  2.00000E+00
     163      -4       3       1       0       4  0.00000E+00  0.00000E+00
     164      -4       3       2       0       4  5.22487E-03  0.00000E+00
     165      -4       3       3       0       4  0.00000E+00  2.00000E+00
     166      -4       4       1       0       4  2.83142E-03  2.00000E+00
     167      -4       4       2       0       4  6.95560E-03  2.00000E+00
     168      -4       4       3       0       4  1.19486E-02  2.00000E+00
     169      -5       1       1       0       4  6.26257E-04  0.00000E+00
     170      -5       1       2       0       4  5.38565E-03  0.00000E+00
     171      -5       1       3       0       4  6.16206E-04  2.00000E+00
     172      -5       2       1       0       4  0.00000E+00  2.00000E+00
     173      -5       2       2       0       4  0.00000E+00  2.00000E+00
     174      -5       2       3       0       4  0.00000E+00  0.00000E+00
     175      -5       3       1       0       4  0.00000E+00  2.00000E+00
     176      -5       3       2       0       4  0.00000E+00  0.00000E+00
     177      -5       3       3       0       4  0.00000E+00  2.00000E+00
     178      -5       4       1       0       4  0.00000E+00  2.00000E+00
     179      -5       4       2       0       4  0.00000E+00  2.00000E+00
     180      -5       4       3       0       4  0.00000E+00  2.00000E+00
