        1121
     1   9.999999E-01   9.999999E-01   5.134561E-08
     2   4.164074E-04   4.324613E-04   4.164074E-06
     3   4.163791E-04   4.045061E-04   4.163791E-06
     4   4.163299E-04   4.405711E-04   4.163299E-06
     5   4.162732E-04   4.198348E-04   4.162732E-06
     6   4.162241E-04   4.229508E-04   4.162241E-06
     7   4.161957E-04   4.819623E-04   4.161957E-06
     8   1.259348E-03   1.228398E-03   1.259348E-05
     9   1.258931E-03   1.134487E-03   1.258931E-05
    10   1.258210E-03   1.176602E-03   1.258210E-05
    11   1.257378E-03   1.316698E-03   1.257378E-05
    12   1.256659E-03   1.011207E-03   1.256659E-05
    13   1.256244E-03   9.184575E-04   1.256244E-05
    14   2.116713E-03   2.259733E-03   2.116713E-05
    15   2.115005E-03   2.200792E-03   2.115005E-05
    16   2.112050E-03   2.219256E-03   2.112050E-05
    17   2.108647E-03   2.269094E-03   2.108647E-05
    18   2.105707E-03   2.184957E-03   2.105707E-05
    19   2.104013E-03   1.985580E-03   2.104013E-05
    20   2.945634E-03   3.256011E-03   2.945634E-05
    21   2.941533E-03   3.154517E-03   2.941533E-05
    22   2.934450E-03   3.299713E-03   2.934450E-05
    23   2.926305E-03   3.303523E-03   2.926305E-05
    24   2.919279E-03   3.428276E-03   2.919279E-05
    25   2.915234E-03   3.238966E-03   2.915234E-05
    26   3.637432E-03   3.423989E-03   3.637432E-05
    27   3.630411E-03   3.334379E-03   3.630411E-05
    28   3.618299E-03   3.306311E-03   3.618299E-05
    29   3.604389E-03   3.433054E-03   3.604389E-05
    30   3.592408E-03   3.424785E-03   3.592408E-05
    31   3.585518E-03   3.356580E-03   3.585518E-05
    32   4.041017E-03   4.076692E-03   4.041017E-05
    33   4.031908E-03   4.175456E-03   4.031908E-05
    34   4.016203E-03   4.122993E-03   4.016203E-05
    35   3.998183E-03   4.243867E-03   3.998183E-05
    36   3.982674E-03   4.140751E-03   3.982674E-05
    37   3.973760E-03   4.259633E-03   3.973760E-05
    38   1.190323E-04   1.108448E-04   1.190323E-06
    39   1.190227E-04   1.271242E-04   1.190227E-06
    40   1.190061E-04   1.153778E-04   1.190061E-06
    41   1.189869E-04   1.135749E-04   1.189869E-06
    42   1.189703E-04   1.369842E-04   1.189703E-06
    43   1.189608E-04   1.286562E-04   1.189608E-06
    44   3.634941E-04   2.776250E-04   3.634941E-06
    45   3.633457E-04   2.376840E-04   3.633457E-06
    46   3.630891E-04   4.734576E-04   3.630891E-06
    47   3.627934E-04   2.807536E-04   3.627934E-06
    48   3.625379E-04   1.850627E-04   3.625379E-06
    49   3.623906E-04   2.232878E-04   3.623906E-06
    50   6.236538E-04   5.836652E-04   6.236538E-06
    51   6.229879E-04   5.601445E-04   6.229879E-06
    52   6.218387E-04   6.730440E-04   6.218387E-06
    53   6.205184E-04   6.411176E-04   6.205184E-06
    54   6.193806E-04   6.528903E-04   6.193806E-06
    55   6.187260E-04   6.008948E-04   6.187260E-06
    56   8.947253E-04   8.866014E-04   8.947253E-06
    57   8.929407E-04   8.574556E-04   8.929407E-06
    58   8.898688E-04   1.046165E-03   8.898688E-06
    59   8.863516E-04   1.030563E-03   8.863516E-06
    60   8.833314E-04   1.047037E-03   8.833314E-06
    61   8.815984E-04   9.613639E-04   8.815984E-06
    62   1.141844E-03   1.078597E-03   1.141844E-05
    63   1.138465E-03   1.049567E-03   1.138465E-05
    64   1.132661E-03   1.035200E-03   1.132661E-05
    65   1.126038E-03   1.152233E-03   1.126038E-05
    66   1.120369E-03   9.678549E-04   1.120369E-05
    67   1.117124E-03   9.999745E-04   1.117124E-05
    68   1.296795E-03   1.258468E-03   1.296795E-05
    69   1.292138E-03   1.319079E-03   1.292138E-05
    70   1.284151E-03   1.314131E-03   1.284151E-05
    71   1.275053E-03   1.352281E-03   1.275053E-05
    72   1.267281E-03   1.264734E-03   1.267281E-05
    73   1.262839E-03   1.276602E-03   1.262839E-05
    74   2.055725E-04   2.098936E-04   2.055725E-06
    75   2.055596E-04   2.023973E-04   2.055596E-06
    76   2.055372E-04   1.770428E-04   2.055372E-06
    77   2.055113E-04   1.926989E-04   2.055113E-06
    78   2.054889E-04   2.517630E-04   2.054889E-06
    79   2.054759E-04   2.489479E-04   2.054759E-06
    80   6.260740E-04   6.762854E-04   6.260740E-06
    81   6.258827E-04   6.325557E-04   6.258827E-06
    82   6.255516E-04   7.985615E-04   6.255516E-06
    83   6.251697E-04   5.152800E-04   6.251697E-06
    84   6.248393E-04   2.926055E-04   6.248393E-06
    85   6.246487E-04   4.337780E-04   6.246487E-06
    86   1.065179E-03   1.136949E-03   1.065179E-05
    87   1.064385E-03   1.049950E-03   1.064385E-05
    88   1.063013E-03   1.058830E-03   1.063013E-05
    89   1.061432E-03   1.123851E-03   1.061432E-05
    90   1.060065E-03   9.981697E-04   1.060065E-05
    91   1.059278E-03   9.686060E-04   1.059278E-05
    92   1.503474E-03   1.508290E-03   1.503474E-05
    93   1.501540E-03   1.350991E-03   1.501540E-05
    94   1.498199E-03   1.750671E-03   1.498199E-05
    95   1.494356E-03   1.396210E-03   1.494356E-05
    96   1.491041E-03   1.581453E-03   1.491041E-05
    97   1.489132E-03   1.366985E-03   1.489132E-05
    98   1.879900E-03   2.042883E-03   1.879900E-05
    99   1.876536E-03   1.835078E-03   1.876536E-05
   100   1.870732E-03   1.784542E-03   1.870732E-05
   101   1.864066E-03   1.953145E-03   1.864066E-05
   102   1.858323E-03   1.850387E-03   1.858323E-05
   103   1.855021E-03   1.904053E-03   1.855021E-05
   104   2.103901E-03   2.197520E-03   2.103901E-05
   105   2.099488E-03   2.213316E-03   2.099488E-05
   106   2.091881E-03   2.113564E-03   2.091881E-05
   107   2.083152E-03   2.205203E-03   2.083152E-05
   108   2.075640E-03   2.117499E-03   2.075640E-05
   109   2.071323E-03   2.015020E-03   2.071323E-05
   110   2.860403E-04   1.706775E-04   2.860403E-06
   111   2.860117E-04   2.281851E-04   2.860117E-06
   112   2.859622E-04   1.773867E-04   2.859622E-06
   113   2.859051E-04   1.477347E-04   2.859051E-06
   114   2.858557E-04   1.304806E-04   2.858557E-06
   115   2.858272E-04   1.210731E-04   2.858272E-06
   116   8.952466E-04   2.532002E-04   8.952466E-06
   117   8.947998E-04   2.246229E-04   8.947998E-06
   118   8.940269E-04   5.791096E-04   8.940269E-06
   119   8.931361E-04   3.658433E-04   8.931361E-06
   120   8.923661E-04   3.609890E-04   8.923661E-06
   121   8.919220E-04   3.551345E-04   8.919220E-06
   122   1.603721E-03   8.838426E-04   1.603721E-05
   123   1.601690E-03   9.179472E-04   1.601690E-05
   124   1.598181E-03   1.233524E-03   1.598181E-05
   125   1.594146E-03   1.022248E-03   1.594146E-05
   126   1.590666E-03   1.001080E-03   1.590666E-05
   127   1.588663E-03   9.012214E-04   1.588663E-05
   128   2.418180E-03   1.495043E-03   2.418180E-05
   129   2.412687E-03   1.537836E-03   2.412687E-05
   130   2.403219E-03   1.736830E-03   2.403219E-05
   131   2.392359E-03   1.573355E-03   2.392359E-05
   132   2.383018E-03   1.507995E-03   2.383018E-05
   133   2.377651E-03   1.380705E-03   2.377651E-05
   134   3.218682E-03   1.940833E-03   3.218682E-05
   135   3.208253E-03   1.858638E-03   3.208253E-05
   136   3.190310E-03   2.251975E-03   3.190310E-05
   137   3.169778E-03   2.106125E-03   3.169778E-05
   138   3.152158E-03   1.982370E-03   3.152158E-05
   139   3.142052E-03   2.032156E-03   3.142052E-05
   140   3.742354E-03   2.849512E-03   3.742354E-05
   141   3.727990E-03   2.771726E-03   3.727990E-05
   142   3.703300E-03   3.138297E-03   3.703300E-05
   143   3.675087E-03   3.051370E-03   3.675087E-05
   144   3.650907E-03   3.170533E-03   3.650907E-05
   145   3.637053E-03   2.958388E-03   3.637053E-05
   146   2.576386E-04   3.297230E-04   2.576386E-06
   147   2.576141E-04   4.009887E-04   2.576141E-06
   148   2.575716E-04   2.846274E-04   2.575716E-06
   149   2.575226E-04   2.644536E-04   2.575226E-06
   150   2.574802E-04   2.091123E-04   2.574802E-06
   151   2.574557E-04   2.372399E-04   2.574557E-06
   152   8.240169E-04   3.610175E-04   8.240169E-06
   153   8.236038E-04   3.742240E-04   8.236038E-06
   154   8.228897E-04   1.002559E-03   8.228897E-06
   155   8.220672E-04   6.906514E-04   8.220672E-06
   156   8.213569E-04   4.854311E-04   8.213569E-06
   157   8.209475E-04   4.870049E-04   8.209475E-06
   158   1.545846E-03   1.228725E-03   1.545846E-05
   159   1.543708E-03   1.285634E-03   1.543708E-05
   160   1.540022E-03   1.927253E-03   1.540022E-05
   161   1.535793E-03   1.599110E-03   1.535793E-05
   162   1.532153E-03   1.564219E-03   1.532153E-05
   163   1.530061E-03   1.457808E-03   1.530061E-05
   164   2.495492E-03   2.672404E-03   2.495492E-05
   165   2.488692E-03   2.792478E-03   2.488692E-05
   166   2.477009E-03   3.593811E-03   2.477009E-05
   167   2.463667E-03   3.416569E-03   2.463667E-05
   168   2.452238E-03   3.662132E-03   2.452238E-05
   169   2.445692E-03   3.653752E-03   2.445692E-05
   170   3.573935E-03   3.541315E-03   3.573935E-05
   171   3.558903E-03   3.480603E-03   3.558903E-05
   172   3.533162E-03   3.893344E-03   3.533162E-05
   173   3.503895E-03   3.739137E-03   3.503895E-05
   174   3.478938E-03   3.616839E-03   3.478938E-05
   175   3.464691E-03   3.459584E-03   3.464691E-05
   176   4.362459E-03   4.797363E-03   4.362459E-05
   177   4.339742E-03   4.616511E-03   4.339742E-05
   178   4.300920E-03   4.974914E-03   4.300920E-05
   179   4.256903E-03   4.518021E-03   4.256903E-05
   180   4.219472E-03   4.394184E-03   4.219472E-05
   181   4.198146E-03   4.004057E-03   4.198146E-05
   182   1.988785E-04   2.185660E-04   1.988785E-06
   183   1.988572E-04   2.677431E-04   1.988572E-06
   184   1.988204E-04   2.438307E-04   1.988204E-06
   185   1.987779E-04   1.925502E-04   1.987779E-06
   186   1.987411E-04   2.115972E-04   1.987411E-06
   187   1.987198E-04   1.922425E-04   1.987198E-06
   188   6.702591E-04   6.833143E-04   6.702591E-06
   189   6.698770E-04   6.763859E-04   6.698770E-06
   190   6.692163E-04   9.528366E-04   6.692163E-06
   191   6.684548E-04   7.601258E-04   6.684548E-06
   192   6.677967E-04   6.429119E-04   6.677967E-06
   193   6.674173E-04   5.623454E-04   6.674173E-06
   194   1.399674E-03   1.674833E-03   1.399674E-05
   195   1.397473E-03   1.852944E-03   1.397473E-05
   196   1.393676E-03   1.871838E-03   1.393676E-05
   197   1.389312E-03   1.689248E-03   1.389312E-05
   198   1.385551E-03   1.629500E-03   1.385551E-05
   199   1.383387E-03   1.651837E-03   1.383387E-05
   200   2.615970E-03   2.846728E-03   2.615970E-05
   201   2.608042E-03   2.965395E-03   2.608042E-05
   202   2.594395E-03   3.026295E-03   2.594395E-05
   203   2.578770E-03   2.977122E-03   2.578770E-05
   204   2.565352E-03   2.783848E-03   2.565352E-05
   205   2.557653E-03   2.613828E-03   2.557653E-05
   206   4.316236E-03   4.430146E-03   4.316236E-05
   207   4.296673E-03   4.383816E-03   4.296673E-05
   208   4.263089E-03   4.377614E-03   4.263089E-05
   209   4.224780E-03   4.369773E-03   4.224780E-05
   210   4.192001E-03   4.491390E-03   4.192001E-05
   211   4.173242E-03   3.998417E-03   4.173242E-05
   212   5.741081E-03   6.459319E-03   5.741081E-05
   213   5.709536E-03   6.189669E-03   5.709536E-05
   214   5.655482E-03   6.581738E-03   5.655482E-05
   215   5.593970E-03   6.392708E-03   5.593970E-05
   216   5.541465E-03   6.610651E-03   5.541465E-05
   217   5.511469E-03   6.536215E-03   5.511469E-05
   218   2.095321E-04   1.744669E-04   2.095321E-06
   219   2.095178E-04   2.427722E-04   2.095178E-06
   220   2.094931E-04   2.128700E-04   2.094931E-06
   221   2.094645E-04   1.630791E-04   2.094645E-06
   222   2.094397E-04   1.344770E-04   2.094397E-06
   223   2.094254E-04   1.561971E-04   2.094254E-06
   224   6.760164E-04   2.681518E-04   6.760164E-06
   225   6.757386E-04   2.329376E-04   6.757386E-06
   226   6.752582E-04   7.061764E-04   6.752582E-06
   227   6.747050E-04   5.880382E-04   6.747050E-06
   228   6.742272E-04   5.689801E-04   6.742272E-06
   229   6.739519E-04   5.287963E-04   6.739519E-06
   230   1.350896E-03   1.062710E-03   1.350896E-05
   231   1.348887E-03   1.158040E-03   1.348887E-05
   232   1.345425E-03   1.393114E-03   1.345425E-05
   233   1.341457E-03   1.249524E-03   1.341457E-05
   234   1.338045E-03   1.167114E-03   1.338045E-05
   235   1.336086E-03   1.011966E-03   1.336086E-05
   236   2.663551E-03   2.390315E-03   2.663551E-05
   237   2.652940E-03   2.332048E-03   2.652940E-05
   238   2.634746E-03   2.547343E-03   2.634746E-05
   239   2.614028E-03   2.622618E-03   2.614028E-05
   240   2.596332E-03   2.478006E-03   2.596332E-05
   241   2.586218E-03   2.360245E-03   2.586218E-05
   242   5.267856E-03   3.112504E-03   5.267856E-05
   243   5.228958E-03   2.956357E-03   5.228958E-05
   244   5.162562E-03   3.208543E-03   5.162562E-05
   245   5.087410E-03   3.086804E-03   5.087410E-05
   246   5.023612E-03   3.321916E-03   5.023612E-05
   247   4.987311E-03   2.756109E-03   4.987311E-05
   248   8.255953E-03   5.954699E-03   8.255953E-05
   249   8.175950E-03   5.747293E-03   8.175950E-05
   250   8.039745E-03   6.085819E-03   8.039745E-05
   251   7.886123E-03   6.028395E-03   7.886123E-05
   252   7.756171E-03   6.081086E-03   7.756171E-05
   253   7.682422E-03   5.462690E-03   7.682422E-05
   254   3.496274E-04   3.520848E-04   3.496274E-06
   255   3.496021E-04   4.752256E-04   3.496021E-06
   256   3.495583E-04   3.625701E-04   3.495583E-06
   257   3.495077E-04   3.442884E-04   3.495077E-06
   258   3.494639E-04   3.079288E-04   3.494639E-06
   259   3.494386E-04   3.028165E-04   3.494386E-06
   260   1.124759E-03   5.574521E-04   1.124759E-05
   261   1.124354E-03   5.315496E-04   1.124354E-05
   262   1.123653E-03   1.482430E-03   1.123653E-05
   263   1.122844E-03   1.078991E-03   1.122844E-05
   264   1.122144E-03   8.689529E-04   1.122144E-05
   265   1.121740E-03   9.127844E-04   1.121740E-05
   266   2.122357E-03   2.107803E-03   2.122357E-05
   267   2.120361E-03   2.199584E-03   2.120361E-05
   268   2.116913E-03   2.703925E-03   2.116913E-05
   269   2.112944E-03   2.418109E-03   2.112944E-05
   270   2.109518E-03   2.540229E-03   2.109518E-05
   271   2.107545E-03   2.156173E-03   2.107545E-05
   272   3.495835E-03   4.117885E-03   3.495835E-05
   273   3.488405E-03   4.278237E-03   3.488405E-05
   274   3.475646E-03   4.552331E-03   3.475646E-05
   275   3.461084E-03   4.720051E-03   3.461084E-05
   276   3.448616E-03   4.262674E-03   3.448616E-05
   277   3.441478E-03   4.295755E-03   3.441478E-05
   278   5.615690E-03   6.013845E-03   5.615690E-05
   279   5.585083E-03   5.686667E-03   5.585083E-05
   280   5.533212E-03   6.188480E-03   5.533212E-05
   281   5.475056E-03   5.833121E-03   5.475056E-05
   282   5.426139E-03   6.369177E-03   5.426139E-05
   283   5.398488E-03   5.129128E-03   5.398488E-05
   284   8.351562E-03   1.032407E-02   8.351562E-05
   285   8.266912E-03   9.777649E-03   8.266912E-05
   286   8.124723E-03   1.063254E-02   8.124723E-05
   287   7.967236E-03   1.043540E-02   7.967236E-05
   288   7.836377E-03   1.072098E-02   7.836377E-05
   289   7.763067E-03   9.358730E-03   7.763067E-05
   290   3.442242E-04   2.116578E-04   3.442242E-06
   291   3.441825E-04   3.165136E-04   3.441825E-06
   292   3.441102E-04   3.140767E-04   3.441102E-06
   293   3.440267E-04   2.618083E-04   3.440267E-06
   294   3.439545E-04   3.914222E-04   3.439545E-06
   295   3.439128E-04   4.608391E-04   3.439128E-06
   296   1.184805E-03   1.084989E-03   1.184805E-05
   297   1.184041E-03   1.318114E-03   1.184041E-05
   298   1.182719E-03   1.965621E-03   1.182719E-05
   299   1.181196E-03   1.400813E-03   1.181196E-05
   300   1.179880E-03   1.220567E-03   1.179880E-05
   301   1.179121E-03   1.147014E-03   1.179121E-05
   302   2.574831E-03   2.998500E-03   2.574831E-05
   303   2.570327E-03   2.863957E-03   2.570327E-05
   304   2.562551E-03   2.682727E-03   2.562551E-05
   305   2.553613E-03   2.566893E-03   2.553613E-05
   306   2.545907E-03   2.976622E-03   2.545907E-05
   307   2.541473E-03   2.305496E-03   2.541473E-05
   308   5.044637E-03   5.463208E-03   5.044637E-05
   309   5.028127E-03   6.102634E-03   5.028127E-05
   310   4.999690E-03   5.570822E-03   4.999690E-05
   311   4.967104E-03   5.621087E-03   4.967104E-05
   312   4.939098E-03   5.456654E-03   4.939098E-05
   313   4.923019E-03   5.321890E-03   4.923019E-05
   314   8.667172E-03   1.015204E-02   8.667172E-05
   315   8.625283E-03   8.945475E-03   8.625283E-05
   316   8.553365E-03   9.626952E-03   8.553365E-05
   317   8.471307E-03   8.375421E-03   8.471307E-05
   318   8.401077E-03   9.826973E-03   8.401077E-05
   319   8.360876E-03   7.366209E-03   8.360876E-05
   320   1.189165E-02   1.363582E-02   1.189165E-04
   321   1.181765E-02   1.262829E-02   1.181765E-04
   322   1.169142E-02   1.322079E-02   1.169142E-04
   323   1.154860E-02   1.333131E-02   1.154860E-04
   324   1.142734E-02   1.446992E-02   1.142734E-04
   325   1.135830E-02   1.077345E-02   1.135830E-04
   326   1.561376E-04   1.486435E-04   1.561376E-06
   327   1.561231E-04   2.029415E-04   1.561231E-06
   328   1.560978E-04   2.017026E-04   1.560978E-06
   329   1.560687E-04   1.260315E-04   1.560687E-06
   330   1.560436E-04   1.391329E-04   1.560436E-06
   331   1.560290E-04   1.478335E-04   1.560290E-06
   332   5.282072E-04   5.762887E-04   5.282072E-06
   333   5.278538E-04   4.682138E-04   5.278538E-06
   334   5.272436E-04   5.516794E-04   5.272436E-06
   335   5.265419E-04   4.189161E-04   5.265419E-06
   336   5.259367E-04   4.230924E-04   5.259367E-06
   337   5.255884E-04   3.395632E-04   5.255884E-06
   338   1.250869E-03   1.337940E-03   1.250869E-05
   339   1.247452E-03   1.303570E-03   1.247452E-05
   340   1.241577E-03   1.459600E-03   1.241577E-05
   341   1.234860E-03   1.261267E-03   1.234860E-05
   342   1.229102E-03   1.205090E-03   1.229102E-05
   343   1.225802E-03   1.155972E-03   1.225802E-05
   344   3.430637E-03   3.676746E-03   3.430637E-05
   345   3.406478E-03   4.053943E-03   3.406478E-05
   346   3.365199E-03   4.355530E-03   3.365199E-05
   347   3.318414E-03   4.180656E-03   3.318414E-05
   348   3.278642E-03   4.154459E-03   3.278642E-05
   349   3.255989E-03   4.586898E-03   3.255989E-05
   350   9.797261E-03   5.590502E-03   9.797261E-05
   351   9.675047E-03   5.442444E-03   9.675047E-05
   352   9.467941E-03   5.489911E-03   9.467941E-05
   353   9.235800E-03   5.584897E-03   9.235800E-05
   354   9.040620E-03   4.514588E-03   9.040620E-05
   355   8.930336E-03   4.223177E-03   8.930336E-05
   356   1.972984E-02   2.311714E-02   1.972984E-04
   357   1.940030E-02   2.131527E-02   1.940030E-04
   358   1.884585E-02   2.230985E-02   1.884585E-04
   359   1.823033E-02   2.131095E-02   1.823033E-04
   360   1.771769E-02   2.066878E-02   1.771769E-04
   361   1.743001E-02   2.052214E-02   1.743001E-04
   362   1.118719E-02   1.037362E-02   2.237438E-04
   363   5.701304E-03   5.499099E-03   1.140261E-04
   364   5.209374E-03   5.095246E-03   1.041875E-04
   365   3.638031E-03   3.329716E-03   7.276062E-05
   366   6.404468E-03   5.993426E-03   1.280894E-04
   367   1.844336E-03   1.972340E-03   3.688672E-05
   368   3.709114E-03   3.715247E-03   7.418228E-05
   369   3.716510E-03   3.321734E-03   7.433019E-05
   370   2.518294E-03   2.779835E-03   5.036589E-05
   371   3.562341E-03   3.436747E-03   7.124682E-05
   372   1.376420E-03   1.533624E-03   2.752839E-05
   373   1.302225E-02   1.200757E-02   2.604449E-04
   374   5.086731E-03   4.413372E-03   1.017346E-04
   375   1.064447E-02   1.042007E-02   2.128894E-04
   376   1.285141E-02   1.275185E-02   2.570282E-04
   377   2.636488E-03   2.671002E-03   5.272977E-05
   378   9.873560E-03   9.503491E-03   1.974712E-04
   379   1.535640E-03   1.397292E-03   3.071280E-05
   380   4.111067E-03   3.508420E-03   8.222135E-05
   381   4.096004E-03   3.998277E-03   8.192007E-05
   382   3.887665E-03   3.349184E-03   7.775329E-05
   383   1.023513E-02   9.904181E-03   2.047025E-04
   384   2.094854E-03   2.003928E-03   4.189708E-05
   385   7.168263E-03   7.413315E-03   1.433653E-04
   386   7.369448E-03   6.357015E-03   1.473890E-04
   387   1.036245E-02   1.032330E-02   2.072489E-04
   388   3.332118E-03   3.329696E-03   6.664236E-05
   389   1.261001E-03   1.376331E-03   2.522003E-05
   390   1.566815E-03   1.757693E-03   3.133630E-05
   391   3.476988E-03   3.067565E-03   6.953975E-05
   392   1.927492E-03   2.088282E-03   3.854983E-05
   393   1.034455E-02   1.028639E-02   2.068910E-04
   394   6.482766E-03   4.960046E-03   1.296553E-04
   395   3.293591E-03   3.152094E-03   6.587182E-05
   396   1.262959E-02   1.209561E-02   2.525917E-04
   397   1.325792E-03   1.477788E-03   2.651585E-05
   398   1.307184E-02   1.486137E-02   2.614368E-04
   399   5.209182E-03   4.167053E-03   1.041836E-04
   400   2.725570E-03   2.984215E-03   5.451141E-05
   401   1.273646E-02   1.014589E-02   2.547293E-04
   402   9.991806E-03   1.082082E-02   1.998361E-04
   403   6.424793E-03   5.890113E-03   1.284959E-04
   404   1.350663E-02   1.685724E-02   2.701326E-04
   405   3.013352E-03   2.291176E-03   6.026705E-05
   406   1.256803E-03   1.357108E-03   2.513607E-05
   407   1.650949E-03   1.803945E-03   3.301898E-05
   408   3.337900E-03   3.175126E-03   6.675800E-05
   409   4.745555E-03   4.761643E-03   9.491110E-05
   410   1.235833E-03   1.380086E-03   2.471667E-05
   411   1.694483E-03   1.824425E-03   3.388966E-05
   412   8.725576E-03   9.383641E-03   1.745115E-04
   413   3.850813E-03   3.551178E-03   7.701626E-05
   414   1.147973E-03   1.271004E-03   2.295945E-05
   415   2.586320E-03   2.427796E-03   5.172641E-05
   416   1.605471E-03   1.726727E-03   3.210943E-05
   417   2.410463E-03   2.329608E-03   4.820925E-05
   418   3.956459E-03   3.587091E-03   7.912919E-05
   419   7.334161E-03   6.859362E-03   1.466832E-04
   420   5.407697E-03   5.064290E-03   1.081539E-04
   421   1.008986E-03   1.075818E-03   2.017972E-05
   422   1.403111E-03   1.473195E-03   2.806223E-05
   423   2.087620E-03   1.951191E-03   4.175239E-05
   424   1.292623E-02   1.280400E-02   2.585247E-04
   425   3.361898E-03   2.951349E-03   6.723796E-05
   426   3.241457E-03   3.332467E-03   6.482913E-05
   427   1.622882E-02   1.541828E-02   3.245764E-04
   428   2.914416E-02   2.928556E-02   5.828833E-04
   429   1.287656E-02   1.307496E-02   2.575312E-04
   430   1.645070E-03   1.498782E-03   3.290140E-05
   431   6.081675E-03   5.383115E-03   1.216335E-04
   432   2.473586E-03   2.127181E-03   4.947173E-05
   433   9.355594E-03   8.453733E-03   1.871119E-04
   434   4.118656E-03   3.623359E-03   8.237313E-05
   435   3.887665E-03   3.359120E-03   7.775329E-05
   436   5.425307E-03   4.857434E-03   1.085061E-04
   437   1.285141E-02   1.273980E-02   2.570282E-04
   438   1.338775E-02   1.315735E-02   2.677550E-04
   439   9.138559E-03   6.412281E-03   1.827712E-04
   440   1.466686E-03   1.460338E-03   2.933372E-05
   441   1.230281E-03   1.167927E-03   2.460562E-05
   442   2.164850E-03   2.101224E-03   4.329701E-05
   443   1.715720E-03   1.508039E-03   3.431440E-05
   444   5.876696E-03   5.355286E-03   1.175339E-04
   445   2.395348E-03   2.016893E-03   4.790695E-05
   446   4.752106E-03   3.913273E-03   9.504212E-05
   447   1.186613E-03   1.113609E-03   2.373226E-05
   448   1.355002E-02   1.260975E-02   2.710003E-04
   449   3.184835E-03   2.715238E-03   6.369669E-05
   450   1.064447E-02   1.041119E-02   2.128894E-04
   451   1.535640E-03   1.387395E-03   3.071280E-05
   452   7.334161E-03   6.912063E-03   1.466832E-04
   453   1.522091E-03   1.483730E-03   3.044183E-05
   454   3.716510E-03   3.302834E-03   7.433019E-05
   455   1.901896E-03   1.710872E-03   3.803792E-05
   456   3.043952E-03   2.702519E-03   6.087904E-05
   457   1.038707E-02   9.692952E-03   2.077415E-04
   458   1.034628E-03   1.028651E-03   2.069256E-05
   459   1.230281E-03   1.179218E-03   2.460562E-05
   460   3.956459E-03   3.580368E-03   7.912919E-05
   461   3.638031E-03   3.306585E-03   7.276062E-05
   462   4.409992E-03   4.140994E-03   8.819983E-05
   463   4.650930E-03   4.298232E-03   9.301859E-05
   464   1.231562E-03   1.216415E-03   2.463124E-05
   465   9.854930E-03   9.850316E-03   1.970986E-04
   466   2.769166E-03   2.826438E-03   5.538331E-05
   467   2.087620E-03   1.950789E-03   4.175239E-05
   468   1.390723E-03   1.397109E-03   2.781447E-05
   469   5.588879E-03   5.386974E-03   1.117776E-04
   470   1.599592E-03   1.630453E-03   3.199184E-05
   471   2.410463E-03   2.331197E-03   4.820925E-05
   472   3.221398E-03   3.012103E-03   6.442796E-05
   473   2.655052E-03   2.727913E-03   5.310104E-05
   474   2.472990E-03   2.418647E-03   4.945980E-05
   475   1.470740E-03   1.537988E-03   2.941479E-05
   476   2.412098E-03   2.550519E-03   4.824195E-05
   477   4.859244E-03   4.407014E-03   9.718487E-05
   478   2.100401E-03   2.161540E-03   4.200802E-05
   479   2.684868E-03   2.861300E-03   5.369737E-05
   480   1.605471E-03   1.679585E-03   3.210943E-05
   481   8.038542E-03   7.665340E-03   1.607708E-04
   482   2.272565E-03   2.307598E-03   4.545130E-05
   483   2.835062E-03   3.138628E-03   5.670125E-05
   484   3.411151E-03   3.743402E-03   6.822303E-05
   485   2.930316E-03   3.248083E-03   5.860633E-05
   486   1.927492E-03   2.096352E-03   3.854983E-05
   487   1.650949E-03   1.812632E-03   3.301898E-05
   488   1.059652E-03   1.185936E-03   2.119304E-05
   489   1.147973E-03   1.311483E-03   2.295945E-05
   490   4.852275E-03   4.572553E-03   9.704551E-05
   491   3.679540E-03   3.370612E-03   7.359079E-05
   492   2.725570E-03   2.971292E-03   5.451141E-05
   493   2.896860E-03   2.904332E-03   5.793720E-05
   494   6.104997E-03   6.098148E-03   1.220999E-04
   495   1.261001E-03   1.356949E-03   2.522003E-05
   496   1.128739E-02   1.163105E-02   2.257477E-04
   497   1.256803E-03   1.357477E-03   2.513607E-05
   498   2.457652E-03   2.574390E-03   4.915305E-05
   499   3.209930E-03   3.189813E-03   6.419859E-05
   500   3.143110E-03   2.806895E-03   6.286221E-05
   501   2.161731E-03   2.072444E-03   4.323462E-05
   502   2.817515E-03   2.502989E-03   5.635030E-05
   503   7.381667E-03   6.590565E-03   1.476333E-04
   504   4.252131E-03   3.386335E-03   8.504262E-05
   505   1.365569E-02   1.458397E-02   2.731138E-04
   506   9.710843E-04   8.238916E-04   1.942169E-05
   507   5.731622E-03   5.045412E-03   1.146324E-04
   508   2.531445E-03   1.916333E-03   5.062890E-05
   509   7.573552E-03   6.654406E-03   1.514710E-04
   510   1.863807E-02   2.036176E-02   3.727614E-04
   511   1.360232E-02   1.298759E-02   2.720463E-04
   512   1.704174E-02   1.881834E-02   3.408349E-04
   513   2.837137E-02   2.556346E-02   5.674274E-04
   514   0.000000E+00   2.041646E-04   8.571999E-05
   515   0.000000E+00  -2.727679E-04   4.928760E-05
   516   0.000000E+00  -2.858972E-04   6.938575E-05
   517   0.000000E+00  -2.955746E-05   3.784845E-05
   518   0.000000E+00  -5.562600E-06   5.833195E-05
   519   0.000000E+00  -1.621980E-04   3.567512E-05
   520   0.000000E+00  -2.432272E-04   4.791193E-05
   521   0.000000E+00   8.920110E-06   3.792972E-05
   522   0.000000E+00  -2.533653E-04   4.420725E-05
   523   0.000000E+00  -8.349519E-05   4.893610E-05
   524   0.000000E+00  -6.393909E-05   2.576351E-05
   525   0.000000E+00   1.981931E-04   8.947855E-05
   526   0.000000E+00   1.245973E-04   5.100023E-05
   527   0.000000E+00   1.721065E-04   7.263877E-05
   528   0.000000E+00   3.577875E-05   1.112597E-04
   529   0.000000E+00   4.417761E-05   5.354117E-05
   530   0.000000E+00   1.303583E-04   1.905779E-04
   531   0.000000E+00  -2.116402E-05   3.233695E-05
   532   0.000000E+00  -9.874918E-05   4.774072E-05
   533   0.000000E+00  -3.381376E-05   7.106440E-05
   534   0.000000E+00   5.026197E-06   5.388827E-05
   535   0.000000E+00  -2.587078E-04   8.743535E-05
   536   0.000000E+00   8.602645E-06   3.275580E-05
   537   0.000000E+00   7.454433E-04   4.587356E-04
   538   0.000000E+00   7.275897E-04   3.185521E-04
   539   0.000000E+00   1.092385E-03   5.889728E-04
   540   0.000000E+00   4.008734E-05   7.864687E-05
   541   0.000000E+00   4.030920E-06   2.646036E-05
   542   0.000000E+00  -1.039137E-04   2.638962E-05
   543   0.000000E+00   4.143760E-04   9.389042E-05
   544   0.000000E+00  -1.597270E-04   3.011639E-05
   545   0.000000E+00   2.906438E-04   3.532326E-04
   546   0.000000E+00  -1.718582E-05   1.419297E-04
   547   0.000000E+00   8.268117E-05   6.301965E-05
   548   0.000000E+00   5.267112E-03   3.330377E-04
   549   0.000000E+00  -3.346625E-05   2.572478E-05
   550   0.000000E+00   5.507862E-03   6.532966E-04
   551   0.000000E+00   1.124985E-04   9.212542E-05
   552   0.000000E+00  -1.656655E-05   4.467353E-05
   553   0.000000E+00   2.896865E-03   8.249259E-04
   554   0.000000E+00   2.957118E-03   3.649289E-04
   555   0.000000E+00  -3.597853E-04   1.539804E-04
   556   0.000000E+00   9.905687E-03   6.346598E-04
   557   0.000000E+00   1.049097E-04   8.178753E-05
   558   0.000000E+00  -2.003806E-05   2.410946E-05
   559   0.000000E+00  -2.361613E-05   2.414284E-05
   560   0.000000E+00   1.091938E-04   6.979279E-05
   561   0.000000E+00  -3.861980E-04   5.179795E-05
   562   0.000000E+00   5.623899E-07   1.919544E-05
   563   0.000000E+00  -7.812961E-05   2.376196E-05
   564   0.000000E+00   3.744175E-04   3.452366E-04
   565   0.000000E+00  -1.427417E-04   3.292312E-05
   566   0.000000E+00  -4.139838E-05   2.041193E-05
   567   0.000000E+00   8.017251E-06   6.110786E-05
   568   0.000000E+00  -9.278399E-05   2.060922E-05
   569   0.000000E+00  -1.056469E-04   2.815692E-05
   570   0.000000E+00  -1.540937E-04   3.147130E-05
   571   0.000000E+00   6.684744E-05   6.085316E-05
   572   0.000000E+00  -5.473504E-05   1.118133E-04
   573   0.000000E+00  -5.035786E-05   2.366837E-05
   574   0.000000E+00  -2.933208E-05   1.953068E-05
   575   0.000000E+00  -5.305522E-05   2.779137E-05
   576   0.000000E+00  -1.848819E-05   9.873027E-05
   577   0.000000E+00  -5.317584E-05   3.718324E-05
   578   0.000000E+00  -1.310142E-05   7.636247E-05
   579   0.000000E+00   1.466110E-04   1.113851E-04
   580   0.000000E+00  -1.312820E-03   1.625447E-04
   581   0.000000E+00  -8.571514E-04   6.834563E-04
   582   0.000000E+00   2.139886E-05   1.925692E-05
   583   0.000000E+00  -1.534450E-04   1.158571E-04
   584   0.000000E+00  -9.349161E-06   3.991710E-05
   585   0.000000E+00  -1.477913E-05   7.434996E-05
   586   0.000000E+00  -8.859462E-05   3.911121E-05
   587   0.000000E+00  -1.116471E-05   5.388827E-05
   588   0.000000E+00  -4.330569E-04   1.845522E-04
   589   0.000000E+00  -3.942394E-05   1.112597E-04
   590   0.000000E+00   4.905225E-03   8.013370E-04
   591   0.000000E+00   1.553599E-02   6.984900E-04
   592   0.000000E+00  -5.371058E-06   3.666105E-05
   593   0.000000E+00   1.392096E-05   2.240563E-05
   594   0.000000E+00   6.343075E-05   4.817192E-05
   595   0.000000E+00   7.395559E-05   3.031923E-05
   596   0.000000E+00  -2.351382E-04   5.235641E-05
   597   0.000000E+00   2.800912E-05   3.690730E-05
   598   0.000000E+00  -2.377648E-04   1.846210E-04
   599   0.000000E+00  -8.743076E-06   2.179130E-05
   600   0.000000E+00  -8.709720E-05   9.428622E-05
   601   0.000000E+00  -1.260948E-04   4.057387E-05
   602   0.000000E+00  -1.475748E-04   7.263877E-05
   603   0.000000E+00   2.399734E-06   3.233695E-05
   604   0.000000E+00  -7.023640E-05   6.085316E-05
   605   0.000000E+00   6.774930E-05   3.886744E-05
   606   0.000000E+00  -2.421058E-05   3.792972E-05
   607   0.000000E+00  -6.498980E-06   3.065130E-05
   608   0.000000E+00   7.779957E-05   1.055374E-04
   609   0.000000E+00   2.533716E-05   6.793450E-05
   610   0.000000E+00  -7.790790E-06   2.506130E-05
   611   0.000000E+00  -1.245740E-05   2.240563E-05
   612   0.000000E+00   1.644305E-04   3.147130E-05
   613   0.000000E+00   4.327448E-05   3.784845E-05
   614   0.000000E+00   1.780992E-04   5.626829E-05
   615   0.000000E+00  -4.171193E-05   5.365125E-05
   616   0.000000E+00  -1.250990E-05   3.100760E-05
   617   0.000000E+00  -1.352983E-03   6.214445E-04
   618   0.000000E+00  -7.419692E-05   7.379859E-05
   619   0.000000E+00   5.750252E-05   2.779137E-05
   620   0.000000E+00   4.348007E-05   3.134071E-05
   621   0.000000E+00   1.862821E-04   6.665645E-05
   622   0.000000E+00  -1.765679E-06   3.974242E-05
   623   0.000000E+00   1.235607E-04   2.815692E-05
   624   0.000000E+00   1.314670E-04   3.335440E-05
   625   0.000000E+00   3.678943E-05   6.736173E-05
   626   0.000000E+00   1.822465E-04   3.504132E-05
   627   0.000000E+00   1.337301E-04   2.657622E-05
   628   0.000000E+00   8.109186E-05   2.873763E-05
   629   0.000000E+00   7.390046E-04   2.415488E-04
   630   0.000000E+00   1.857278E-04   4.024154E-05
   631   0.000000E+00   8.272631E-05   7.362440E-05
   632   0.000000E+00   7.056374E-05   2.060922E-05
   633   0.000000E+00  -2.115542E-05   2.758659E-04
   634   0.000000E+00   1.612739E-04   3.847177E-05
   635   0.000000E+00   1.686517E-04   4.285841E-05
   636   0.000000E+00   2.606582E-04   4.331878E-05
   637   0.000000E+00   9.280037E-05   3.060131E-05
   638   0.000000E+00   1.563013E-04   3.011639E-05
   639   0.000000E+00   3.679256E-05   2.414284E-05
   640   0.000000E+00   1.258207E-04   2.575829E-05
   641   0.000000E+00   6.770596E-05   2.041193E-05
   642   0.000000E+00  -7.813464E-05   1.317718E-04
   643   0.000000E+00   5.675827E-05   1.116361E-04
   644   0.000000E+00   2.972074E-05   4.467353E-05
   645   0.000000E+00  -1.288872E-04   7.097436E-05
   646   0.000000E+00   2.767743E-04   1.717571E-04
   647   0.000000E+00   5.651575E-06   2.646036E-05
   648   0.000000E+00  -1.127772E-03   6.347788E-04
   649   0.000000E+00   8.147703E-06   2.410946E-05
   650   0.000000E+00   4.204797E-05   4.117016E-05
   651   0.000000E+00  -1.196175E-05   6.411905E-05
   652   0.000000E+00  -4.534114E-05   7.552702E-05
   653   0.000000E+00  -7.154731E-05   5.065160E-05
   654   0.000000E+00  -2.285976E-04   7.019159E-05
   655   0.000000E+00  -2.477364E-04   2.141020E-04
   656   0.000000E+00  -1.344568E-04   1.031970E-04
   657   0.000000E+00  -6.453999E-03   8.124586E-04
   658   0.000000E+00  -6.652236E-05   2.755854E-05
   659   0.000000E+00   1.912827E-04   1.293177E-04
   660   0.000000E+00  -1.536261E-05   7.103876E-05
   661   0.000000E+00   5.633338E-04   2.108601E-04
   662   0.000000E+00  -7.720758E-03   6.538745E-04
   663   0.000000E+00   5.106197E-03   3.143698E-04
   664   0.000000E+00  -5.725736E-03   6.913460E-04
   665   0.000000E+00   7.395539E-03   1.143279E-03
   666   0.000000E+00   2.918234E-04   8.502500E-05
   667   0.000000E+00   5.884117E-04   5.345402E-05
   668   0.000000E+00   7.070919E-04   7.063079E-05
   669   0.000000E+00   2.411988E-04   3.726087E-05
   670   0.000000E+00  -1.368038E-04   5.548086E-05
   671   0.000000E+00   1.834075E-04   3.610002E-05
   672   0.000000E+00   4.325611E-04   5.109268E-05
   673   0.000000E+00   5.706105E-05   3.979963E-05
   674   0.000000E+00   3.022644E-04   4.782883E-05
   675   0.000000E+00   1.776451E-04   5.004599E-05
   676   0.000000E+00   3.665006E-05   3.485687E-05
   677   0.000000E+00  -7.413539E-04   8.669034E-05
   678   0.000000E+00   2.106753E-05   5.286713E-05
   679   0.000000E+00  -5.383839E-04   8.780515E-05
   680   0.000000E+00  -9.921757E-04   9.603366E-05
   681   0.000000E+00   1.410824E-05   5.963232E-05
   682   0.000000E+00   1.301092E-03   1.995973E-04
   683   0.000000E+00   7.085403E-05   3.154722E-05
   684   0.000000E+00   9.461782E-05   4.713132E-05
   685   0.000000E+00  -2.161012E-05   7.136238E-05
   686   0.000000E+00  -2.713661E-05   4.633345E-05
   687   0.000000E+00  -5.903373E-04   8.080342E-05
   688   0.000000E+00   1.046423E-04   3.800434E-05
   689   0.000000E+00   1.507360E-03   4.553733E-04
   690   0.000000E+00   1.621049E-03   3.342714E-04
   691   0.000000E+00   1.560575E-03   5.170341E-04
   692   0.000000E+00   2.946234E-04   8.861092E-05
   693   0.000000E+00   5.856896E-05   2.645064E-05
   694   0.000000E+00   1.051237E-04   2.832537E-05
   695   0.000000E+00   3.517441E-04   1.000823E-04
   696   0.000000E+00   1.946563E-04   3.068300E-05
   697   0.000000E+00   2.346056E-03   3.578252E-04
   698   0.000000E+00   1.151314E-03   1.539400E-04
   699   0.000000E+00   2.245668E-04   6.082881E-05
   700   0.000000E+00   2.833593E-03   3.399691E-04
   701   0.000000E+00   7.646126E-05   2.538879E-05
   702   0.000000E+00   1.895959E-03   7.181558E-04
   703   0.000000E+00   7.684187E-04   1.031984E-04
   704   0.000000E+00   8.746241E-05   4.486014E-05
   705   0.000000E+00   2.292127E-03   9.890900E-04
   706   0.000000E+00   1.657927E-03   4.048614E-04
   707   0.000000E+00   1.426617E-03   1.716064E-04
   708   0.000000E+00   2.614176E-03   8.651080E-04
   709   0.000000E+00   4.154518E-04   8.641357E-05
   710   0.000000E+00  -5.023888E-06   2.172030E-05
   711   0.000000E+00   4.216941E-05   2.603586E-05
   712   0.000000E+00   2.516488E-04   7.987421E-05
   713   0.000000E+00   5.987007E-04   5.287223E-05
   714   0.000000E+00  -8.110769E-05   1.745297E-05
   715   0.000000E+00   2.374025E-05   2.384431E-05
   716   0.000000E+00   1.525984E-03   3.729572E-04
   717   0.000000E+00   1.990521E-05   3.140260E-05
   718   0.000000E+00   3.822641E-05   2.273269E-05
   719   0.000000E+00   3.192967E-04   5.746233E-05
   720   0.000000E+00   7.177536E-05   2.372358E-05
   721   0.000000E+00   2.058249E-04   3.016024E-05
   722   0.000000E+00  -3.865046E-05   3.139118E-05
   723   0.000000E+00  -3.214729E-04   5.136381E-05
   724   0.000000E+00   7.337336E-04   1.259637E-04
   725   0.000000E+00   8.798984E-05   2.901345E-05
   726   0.000000E+00   3.555745E-06   2.153188E-05
   727   0.000000E+00   1.683218E-04   2.747425E-05
   728   0.000000E+00  -9.206733E-04   9.698348E-05
   729   0.000000E+00  -1.037610E-05   3.958268E-05
   730   0.000000E+00   3.654220E-04   7.385422E-05
   731   0.000000E+00  -9.597252E-04   1.024805E-04
   732   0.000000E+00  -1.635983E-03   1.654751E-04
   733   0.000000E+00   1.796920E-03   5.877665E-04
   734   0.000000E+00   4.850672E-05   2.359301E-05
   735   0.000000E+00   2.457913E-04   1.328803E-04
   736   0.000000E+00   1.030261E-04   3.977570E-05
   737   0.000000E+00  -3.122244E-04   7.343206E-05
   738   0.000000E+00   1.216699E-04   4.408569E-05
   739   0.000000E+00  -3.320467E-05   4.633345E-05
   740   0.000000E+00   1.122454E-03   2.016173E-04
   741   0.000000E+00  -9.989071E-04   9.603366E-05
   742   0.000000E+00   5.172952E-03   1.073694E-03
   743   0.000000E+00   8.462147E-04   1.042696E-03
   744   0.000000E+00   7.617495E-05   3.997074E-05
   745   0.000000E+00   9.616028E-05   2.547163E-05
   746   0.000000E+00   1.276222E-04   5.670562E-05
   747   0.000000E+00   7.571638E-05   3.014662E-05
   748   0.000000E+00  -3.951972E-04   4.845909E-05
   749   0.000000E+00   4.902696E-05   3.622306E-05
   750   0.000000E+00   9.777814E-04   2.223257E-04
   751   0.000000E+00   3.326118E-05   2.507152E-05
   752   0.000000E+00  -5.368971E-04   9.310043E-05
   753   0.000000E+00  -4.360526E-05   4.310329E-05
   754   0.000000E+00  -5.368073E-04   8.780515E-05
   755   0.000000E+00   7.775426E-05   3.154722E-05
   756   0.000000E+00  -3.384184E-04   5.136381E-05
   757   0.000000E+00   5.055178E-05   4.158928E-05
   758   0.000000E+00   6.093676E-05   3.979963E-05
   759   0.000000E+00   5.876329E-05   3.079421E-05
   760   0.000000E+00   6.704118E-05   9.785477E-05
   761   0.000000E+00  -5.283344E-05   6.676575E-05
   762   0.000000E+00  -1.651326E-05   2.670224E-05
   763   0.000000E+00   9.627266E-05   2.547163E-05
   764   0.000000E+00  -4.510037E-05   3.139118E-05
   765   0.000000E+00   2.353653E-04   3.726087E-05
   766   0.000000E+00   4.041644E-04   5.581810E-05
   767   0.000000E+00   2.864412E-04   5.138683E-05
   768   0.000000E+00   1.731811E-05   3.623462E-05
   769   0.000000E+00   2.017378E-03   6.309801E-04
   770   0.000000E+00   3.140779E-05   7.363586E-05
   771   0.000000E+00   1.697607E-04   2.747425E-05
   772   0.000000E+00   5.575932E-05   3.279285E-05
   773   0.000000E+00   6.360205E-04   7.198962E-05
   774   0.000000E+00   1.503180E-04   4.167816E-05
   775   0.000000E+00   1.904234E-04   3.016024E-05
   776   0.000000E+00   3.643684E-04   3.587868E-05
   777   0.000000E+00   2.826025E-04   6.433065E-05
   778   0.000000E+00   2.663306E-04   3.891477E-05
   779   0.000000E+00   1.912600E-04   3.053185E-05
   780   0.000000E+00   6.221358E-05   3.279801E-05
   781   0.000000E+00   1.301861E-03   2.583525E-04
   782   0.000000E+00   3.217681E-04   3.999934E-05
   783   0.000000E+00   2.803081E-04   7.473856E-05
   784   0.000000E+00   8.584959E-05   2.372358E-05
   785   0.000000E+00   1.735717E-03   2.849040E-04
   786   0.000000E+00   2.771137E-04   3.583350E-05
   787   0.000000E+00   1.874726E-04   5.229974E-05
   788   0.000000E+00   3.016503E-04   4.530177E-05
   789   0.000000E+00  -4.243090E-05   2.922159E-05
   790   0.000000E+00   1.882545E-04   3.068300E-05
   791   0.000000E+00   5.746990E-05   2.603586E-05
   792   0.000000E+00   1.277994E-04   2.830580E-05
   793   0.000000E+00   3.001981E-05   2.273269E-05
   794   0.000000E+00   8.119877E-04   1.513282E-04
   795   0.000000E+00   5.050284E-04   1.230757E-04
   796   0.000000E+00   1.023389E-04   4.486014E-05
   797   0.000000E+00   1.723551E-04   7.670949E-05
   798   0.000000E+00   1.380720E-03   1.910509E-04
   799   0.000000E+00   5.086939E-05   2.645064E-05
   800   0.000000E+00   1.885265E-03   5.318033E-04
   801   0.000000E+00   7.313901E-07   2.172030E-05
   802   0.000000E+00   1.293322E-04   4.094920E-05
   803   0.000000E+00   1.820450E-04   7.061205E-05
   804   0.000000E+00   5.060087E-04   7.469525E-05
   805   0.000000E+00   1.373165E-04   4.777532E-05
   806   0.000000E+00   1.437107E-04   7.891373E-05
   807   0.000000E+00   1.533986E-03   2.245348E-04
   808   0.000000E+00   6.663625E-04   1.128870E-04
   809   0.000000E+00   4.015268E-03   8.263193E-04
   810   0.000000E+00   1.036035E-04   2.932472E-05
   811   0.000000E+00   1.136968E-03   1.452169E-04
   812   0.000000E+00   4.603253E-04   8.161353E-05
   813   0.000000E+00   1.772190E-03   2.181146E-04
   814   0.000000E+00   3.492394E-03   7.805474E-04
   815   0.000000E+00   2.650575E-03   3.362209E-04
   816   0.000000E+00   2.287257E-03   7.246632E-04
   817   0.000000E+00   5.400133E-03   1.567776E-03
   818   8.614137E-04   4.894656E-04   3.356157E-03
   819   5.735512E-04   6.362179E-04   1.710391E-03
   820   5.120814E-04   4.178544E-04   1.562812E-03
   821   3.019566E-04   1.097693E-04   1.091409E-03
   822   3.842681E-04   2.365864E-04   1.921340E-03
   823   1.977128E-04   3.611505E-04   5.533008E-04
   824   3.152747E-04   2.815123E-04   1.112734E-03
   825   2.363700E-04   2.979611E-05   1.114953E-03
   826   2.593843E-04   4.489965E-04   7.554883E-04
   827   2.493639E-04   1.723156E-04   1.068702E-03
   828   1.666844E-04   3.265193E-04   4.129259E-04
   829   4.753119E-04   1.942258E-04   3.906674E-03
   830   2.650187E-04   3.167731E-05   1.526019E-03
   831   5.130635E-04   3.855332E-04   3.193341E-03
   832   2.930122E-04   2.855138E-04   3.855424E-03
   833   1.426340E-04   1.280792E-04   7.909465E-04
   834   8.353032E-04   5.967582E-04   2.962068E-03
   835   4.238366E-05   2.714567E-05   4.606920E-04
   836  -2.425530E-05   8.907985E-06   1.233320E-03
   837   9.420808E-05   9.598448E-05   1.228801E-03
   838  -1.671696E-05  -1.070273E-06   1.166299E-03
   839  -1.064453E-04   2.685026E-05   3.070538E-03
   840  -2.094854E-07  -3.055222E-06   6.284562E-04
   841   4.064405E-04   8.186932E-04   2.150479E-03
   842   1.473890E-06   5.389051E-04   2.210834E-03
   843   1.265255E-03   1.296875E-03   3.108734E-03
   844   4.178476E-04   2.480896E-04   9.996354E-04
   845   1.617865E-04   2.802031E-04   3.783004E-04
   846   1.869210E-04   4.414111E-04   4.700445E-04
   847   5.556226E-04   1.143072E-04   1.043096E-03
   848   2.193485E-04   4.826708E-04   5.782475E-04
   849   1.908569E-03   7.917546E-04   3.103364E-03
   850   1.128001E-03   6.962591E-05   1.944830E-03
   851   4.406825E-04   3.040364E-04   9.880773E-04
   852   2.693891E-03   1.636661E-04   3.788876E-03
   853   1.674476E-04   3.379994E-04   3.977377E-04
   854   2.955543E-03   1.685150E-03   3.921552E-03
   855   8.136742E-04  -6.844276E-05   1.562754E-03
   856   3.625008E-04   6.740464E-04   8.176711E-04
   857   3.516538E-03   2.505658E-03   3.820939E-03
   858   2.312104E-03   7.561496E-04   2.997542E-03
   859   1.126909E-03   8.207254E-05   1.927438E-03
   860   3.779155E-03   1.162937E-03   4.051989E-03
   861   4.782190E-04  -7.221604E-06   9.040057E-04
   862   1.616249E-04   2.869262E-04   3.770410E-04
   863   2.101658E-04   4.029173E-04   4.952847E-04
   864   4.579599E-04   1.384227E-04   1.001370E-03
   865   4.612680E-04   6.150365E-04   1.423667E-03
   866   1.523783E-04   2.407516E-04   3.707500E-04
   867   1.948655E-04   3.292258E-04   5.083449E-04
   868   1.312327E-03   6.678218E-04   2.617673E-03
   869   2.787988E-04   2.117837E-04   1.155244E-03
   870   1.276546E-04   2.125486E-04   3.443918E-04
   871   3.302731E-04   6.566985E-05   7.758961E-04
   872   1.629554E-04   2.357691E-04   4.816414E-04
   873   2.041662E-04   1.543762E-04   7.231388E-04
   874   2.156270E-04   1.063440E-04   1.186938E-03
   875   3.527731E-04   1.864743E-04   2.200248E-03
   876   5.337397E-04   1.724343E-04   1.622309E-03
   877   9.282673E-05   1.625770E-04   3.026959E-04
   878   1.158970E-04   1.359852E-04   4.209334E-04
   879   1.436282E-04   7.268775E-05   6.262859E-04
   880   2.998886E-04   2.892438E-04   3.877870E-03
   881   1.637244E-04   4.807180E-05   1.008569E-03
   882   2.116671E-04   2.370927E-04   9.724370E-04
   883   2.207120E-04   3.714184E-05   4.868647E-03
   884  -8.043790E-04  -2.397549E-04   8.743249E-03
   885   9.966457E-04   1.029330E-03   3.862968E-03
   886   8.850477E-05   4.512114E-05   4.935210E-04
   887  -1.471765E-04   7.776970E-05   1.824502E-03
   888   6.876570E-05   2.663901E-06   7.420759E-04
   889  -3.321236E-04  -7.001776E-05   2.806678E-03
   890  -1.836921E-04  -3.573338E-05   1.235597E-03
   891   1.671696E-05  -8.682167E-06   1.166299E-03
   892   2.614998E-04  -3.076357E-04   1.627592E-03
   893  -2.930122E-04  -2.547574E-04   3.855424E-03
   894   2.907819E-03   5.441663E-03   4.016324E-03
   895   2.741568E-03   8.936232E-04   2.741568E-03
   896   5.470738E-05   6.514539E-05   4.400057E-04
   897   3.776962E-05   3.959843E-05   3.690843E-04
   898   4.546186E-05   2.121280E-05   6.494551E-04
   899   4.066256E-05   2.165444E-05   5.147159E-04
   900  -1.939310E-04   1.558580E-05   1.763009E-03
   901  -2.083952E-05  -1.151429E-05   7.186043E-04
   902   9.931902E-05  -2.505680E-04   1.425632E-03
   903  -9.730228E-06  -1.509999E-06   3.559840E-04
   904  -7.086659E-04  -3.707468E-04   4.065005E-03
   905  -1.678408E-04   2.070449E-05   9.554504E-04
   906  -5.130635E-04  -4.187198E-04   3.193341E-03
   907  -4.238366E-05  -2.335226E-05   4.606920E-04
   908  -3.527731E-04  -1.804239E-04   2.200248E-03
   909   3.500810E-06  -2.449214E-06   4.566274E-04
   910  -2.363700E-04  -2.574501E-05   1.114953E-03
   911  -9.775745E-05  -2.080757E-05   5.705688E-04
   912  -1.735053E-05  -5.490576E-05   9.131856E-04
   913  -7.208630E-04  -4.707872E-04   3.116122E-03
   914  -3.517735E-05  -2.892263E-05   3.103884E-04
   915  -3.776962E-05  -3.450546E-05   3.690843E-04
   916  -2.156270E-04  -1.233165E-04   1.186938E-03
   917  -3.019566E-04  -1.223836E-04   1.091409E-03
   918  -3.430974E-04  -1.838485E-04   1.322998E-03
   919  -4.167233E-04  -2.369241E-04   1.395279E-03
   920  -6.638119E-05  -5.828109E-05   3.694686E-04
   921  -3.173288E-04  -1.125926E-03   2.956479E-03
   922  -1.420582E-04  -1.320374E-04   8.307497E-04
   923  -1.436282E-04  -6.647401E-05   6.262859E-04
   924  -9.456918E-05  -1.128111E-04   4.172170E-04
   925  -5.940978E-04  -5.709541E-04   1.676664E-03
   926  -6.974222E-05  -6.718667E-05   4.798776E-04
   927  -2.041662E-04  -1.728400E-04   7.231388E-04
   928  -3.092542E-04  -2.767654E-04   9.664194E-04
   929  -1.956773E-04  -2.668414E-04   7.965155E-04
   930  -2.228164E-04  -2.324544E-04   7.418970E-04
   931  -1.251599E-04  -1.777444E-04   4.412219E-04
   932  -2.071992E-04  -3.223382E-04   7.236293E-04
   933  -1.482069E-04   4.047373E-04   1.457773E-03
   934  -2.020586E-04  -2.134866E-04   6.301204E-04
   935  -2.223071E-04  -3.490674E-04   8.054605E-04
   936  -1.629554E-04  -2.283128E-04   4.816414E-04
   937  -5.715403E-04  -2.178671E-04   2.411563E-03
   938  -2.418009E-04  -3.603989E-04   6.817695E-04
   939  -3.274497E-04  -5.989135E-04   8.505187E-04
   940  -3.892124E-04  -8.117833E-04   1.023345E-03
   941  -3.487076E-04  -5.868239E-04   8.790949E-04
   942  -2.193485E-04  -4.770823E-04   5.782475E-04
   943  -2.101658E-04  -4.013115E-04   4.952847E-04
   944  -1.069189E-04  -1.954238E-04   3.178956E-04
   945  -1.276546E-04  -2.338832E-04   3.443918E-04
   946  -5.788765E-04  -1.369962E-04   1.455683E-03
   947  -2.594075E-04   2.468177E-05   1.103862E-03
   948  -3.625008E-04  -6.864585E-04   8.176711E-04
   949  -3.884689E-04  -2.799596E-04   8.690579E-04
   950  -7.374836E-04  -1.094911E-04   1.831499E-03
   951  -1.617865E-04  -2.722696E-04   3.783004E-04
   952  -1.502351E-03  -1.435286E-03   3.386216E-03
   953  -1.616249E-04  -2.800693E-04   3.770410E-04
   954  -3.133507E-04  -4.931985E-04   7.372957E-04
   955  -3.697839E-04  -2.639621E-04   9.629789E-04
   956  -4.346921E-04   8.396938E-05   9.429331E-04
   957  -2.931307E-04  -1.713676E-04   6.485193E-04
   958  -4.147382E-04  -1.073068E-04   8.452545E-04
   959  -1.345678E-03  -3.913122E-04   2.214500E-03
   960  -7.275396E-04  -1.059445E-04   1.275639E-03
   961  -2.727041E-03  -2.995678E-03   4.096707E-03
   962  -1.428465E-04   1.877658E-05   2.913253E-04
   963  -9.439981E-04  -8.912473E-05   1.719487E-03
   964  -4.126256E-04   7.440645E-05   7.594335E-04
   965  -1.460938E-03   2.988127E-05   2.272066E-03
   966  -4.797439E-03  -2.916337E-03   5.591420E-03
   967  -2.848325E-03  -4.054962E-04   4.080695E-03
   968  -3.352111E-03  -2.297435E-03   5.112523E-03
   969  -8.142583E-03  -4.129330E-03   8.511411E-03
   970   0.000000E+00   2.554312E-04   3.356157E-03
   971   0.000000E+00   8.776434E-05   1.710391E-03
   972   0.000000E+00   1.761176E-04   1.562812E-03
   973   0.000000E+00   9.751380E-05   1.091409E-03
   974   0.000000E+00   1.201762E-04   1.921340E-03
   975   0.000000E+00   2.265085E-05   5.533008E-04
   976   0.000000E+00   5.036103E-05   1.112734E-03
   977   0.000000E+00   1.227024E-04   1.114953E-03
   978   0.000000E+00   5.354090E-05   7.554883E-04
   979   0.000000E+00   4.806520E-05   1.068702E-03
   980   0.000000E+00   5.874477E-05   4.129259E-04
   981   0.000000E+00   3.727238E-04   3.906674E-03
   982   0.000000E+00   1.422270E-04   1.526019E-03
   983   0.000000E+00   7.340220E-05   3.193341E-03
   984   0.000000E+00   1.739758E-05   3.855424E-03
   985   0.000000E+00   7.239785E-06   7.909465E-04
   986   0.000000E+00   1.024297E-04   2.962068E-03
   987   0.000000E+00   3.667245E-08   4.606920E-04
   988   0.000000E+00   6.861878E-05   1.233320E-03
   989   0.000000E+00   1.360048E-05   1.228801E-03
   990   0.000000E+00   1.467137E-04   1.166299E-03
   991   0.000000E+00   5.909592E-05   3.070538E-03
   992   0.000000E+00  -5.719399E-05   6.284562E-04
   993   0.000000E+00  -1.233410E-05   2.150479E-03
   994   0.000000E+00   6.042871E-05   2.210834E-03
   995   0.000000E+00   4.979845E-04   3.108734E-03
   996   0.000000E+00   1.017900E-04   9.996354E-04
   997   0.000000E+00   8.806243E-05   3.783004E-04
   998   0.000000E+00   4.981418E-05   4.700445E-04
   999   0.000000E+00  -1.857972E-05   1.043096E-03
  1000   0.000000E+00   9.399659E-06   5.782475E-04
  1001   0.000000E+00   5.554876E-04   3.103364E-03
  1002   0.000000E+00  -2.122940E-04   1.944830E-03
  1003   0.000000E+00   1.073124E-04   9.880773E-04
  1004   0.000000E+00   3.230908E-04   3.788876E-03
  1005   0.000000E+00   6.798486E-05   3.977377E-04
  1006   0.000000E+00   2.254332E-03   3.921552E-03
  1007   0.000000E+00  -9.087595E-05   1.562754E-03
  1008   0.000000E+00   1.943304E-04   8.176711E-04
  1009   0.000000E+00   4.114379E-03   3.820939E-03
  1010   0.000000E+00   7.065816E-04   2.997542E-03
  1011   0.000000E+00   3.130731E-04   1.927438E-03
  1012   0.000000E+00   2.592346E-03   4.051989E-03
  1013   0.000000E+00  -6.796097E-05   9.040057E-04
  1014   0.000000E+00   8.491635E-05   3.770410E-04
  1015   0.000000E+00   6.281597E-05   4.952847E-04
  1016   0.000000E+00   7.345006E-05   1.001370E-03
  1017   0.000000E+00  -3.903585E-06   1.423667E-03
  1018   0.000000E+00   7.925169E-05   3.707500E-04
  1019   0.000000E+00   3.254553E-05   5.083449E-04
  1020   0.000000E+00   9.086552E-04   2.617673E-03
  1021   0.000000E+00   8.677148E-06   1.155244E-03
  1022   0.000000E+00   3.088289E-05   3.443918E-04
  1023   0.000000E+00   1.922975E-05   7.758961E-04
  1024   0.000000E+00  -6.521753E-06   4.816414E-04
  1025   0.000000E+00  -1.123579E-05   7.231388E-04
  1026   0.000000E+00   4.227296E-05   1.186938E-03
  1027   0.000000E+00   1.292909E-04   2.200248E-03
  1028   0.000000E+00   6.106054E-06   1.622309E-03
  1029   0.000000E+00  -9.702932E-06   3.026959E-04
  1030   0.000000E+00  -1.662157E-05   4.209334E-04
  1031   0.000000E+00   1.308167E-05   6.262859E-04
  1032   0.000000E+00  -3.187596E-05   3.877870E-03
  1033   0.000000E+00   7.416802E-05   1.008569E-03
  1034   0.000000E+00  -4.141070E-05   9.724370E-04
  1035   0.000000E+00   2.277624E-04   4.868647E-03
  1036   0.000000E+00  -3.582966E-04   8.743249E-03
  1037   0.000000E+00  -6.514600E-04   3.862968E-03
  1038   0.000000E+00  -1.143879E-05   4.935210E-04
  1039   0.000000E+00   2.534388E-04   1.824502E-03
  1040   0.000000E+00   5.874857E-05   7.420759E-04
  1041   0.000000E+00   2.473571E-04   2.806678E-03
  1042   0.000000E+00   6.814258E-05   1.235597E-03
  1043   0.000000E+00   1.462094E-04   1.166299E-03
  1044   0.000000E+00   3.240264E-04   1.627592E-03
  1045   0.000000E+00  -1.477021E-05   3.855424E-03
  1046   0.000000E+00   4.488875E-03   4.016324E-03
  1047   0.000000E+00   1.159031E-03   2.741568E-03
  1048   0.000000E+00  -7.075640E-06   4.400057E-04
  1049   0.000000E+00  -1.528407E-05   3.690843E-04
  1050   0.000000E+00  -2.209589E-05   6.494551E-04
  1051   0.000000E+00   6.858622E-06   5.147159E-04
  1052   0.000000E+00   2.162496E-04   1.763009E-03
  1053   0.000000E+00   5.899773E-05   7.186043E-04
  1054   0.000000E+00   3.619469E-04   1.425632E-03
  1055   0.000000E+00  -2.461478E-05   3.559840E-04
  1056   0.000000E+00   3.336638E-04   4.065005E-03
  1057   0.000000E+00   1.206204E-04   9.554504E-04
  1058   0.000000E+00   5.701861E-05   3.193341E-03
  1059   0.000000E+00  -5.348749E-06   4.606920E-04
  1060   0.000000E+00   1.410925E-04   2.200248E-03
  1061   0.000000E+00  -1.910951E-05   4.566274E-04
  1062   0.000000E+00   1.308531E-04   1.114953E-03
  1063   0.000000E+00   3.810522E-05   5.705688E-04
  1064   0.000000E+00   1.411540E-04   9.131856E-04
  1065   0.000000E+00   1.296655E-04   3.116122E-03
  1066   0.000000E+00   6.018695E-06   3.103884E-04
  1067   0.000000E+00  -1.257503E-05   3.690843E-04
  1068   0.000000E+00   5.526053E-05   1.186938E-03
  1069   0.000000E+00   9.155439E-05   1.091409E-03
  1070   0.000000E+00   5.766239E-05   1.322998E-03
  1071   0.000000E+00   1.569401E-04   1.395279E-03
  1072   0.000000E+00  -1.780756E-06   3.694686E-04
  1073   0.000000E+00  -3.754630E-04   2.956479E-03
  1074   0.000000E+00   1.947222E-05   8.307497E-04
  1075   0.000000E+00   4.859235E-06   6.262859E-04
  1076   0.000000E+00  -5.160182E-06   4.172170E-04
  1077   0.000000E+00   1.053751E-04   1.676664E-03
  1078   0.000000E+00  -2.760220E-05   4.798776E-04
  1079   0.000000E+00  -6.712651E-07   7.231388E-04
  1080   0.000000E+00   5.823610E-05   9.664194E-04
  1081   0.000000E+00  -1.721953E-05   7.965155E-04
  1082   0.000000E+00  -8.739359E-06   7.418970E-04
  1083   0.000000E+00   9.083006E-06   4.412219E-04
  1084   0.000000E+00  -3.449245E-05   7.236293E-04
  1085   0.000000E+00   1.791760E-04   1.457773E-03
  1086   0.000000E+00   4.170809E-05   6.301204E-04
  1087   0.000000E+00  -2.025666E-05   8.054605E-04
  1088   0.000000E+00  -6.666501E-06   4.816414E-04
  1089   0.000000E+00   3.347394E-04   2.411563E-03
  1090   0.000000E+00   1.882109E-05   6.817695E-04
  1091   0.000000E+00   9.729708E-05   8.505187E-04
  1092   0.000000E+00   6.664899E-05   1.023345E-03
  1093   0.000000E+00   1.039472E-04   8.790949E-04
  1094   0.000000E+00   1.420002E-05   5.782475E-04
  1095   0.000000E+00   5.170071E-05   4.952847E-04
  1096   0.000000E+00   1.441059E-05   3.178956E-04
  1097   0.000000E+00   3.233216E-05   3.443918E-04
  1098   0.000000E+00   9.999886E-05   1.455683E-03
  1099   0.000000E+00   6.640954E-05   1.103862E-03
  1100   0.000000E+00   1.977570E-04   8.176711E-04
  1101   0.000000E+00   1.164583E-04   8.690579E-04
  1102   0.000000E+00   2.400741E-04   1.831499E-03
  1103   0.000000E+00   9.173204E-05   3.783004E-04
  1104   0.000000E+00   8.095854E-04   3.386216E-03
  1105   0.000000E+00   8.675529E-05   3.770410E-04
  1106   0.000000E+00   1.303335E-04   7.372957E-04
  1107   0.000000E+00   8.449551E-05   9.629789E-04
  1108   0.000000E+00  -7.870213E-06   9.429331E-04
  1109   0.000000E+00   6.884079E-05   6.485193E-04
  1110   0.000000E+00   4.980198E-05   8.452545E-04
  1111   0.000000E+00  -4.371351E-05   2.214500E-03
  1112   0.000000E+00  -1.105668E-04   1.275639E-03
  1113   0.000000E+00   1.180123E-03   4.096707E-03
  1114   0.000000E+00  -1.440060E-05   2.913253E-04
  1115   0.000000E+00   6.402060E-05   1.719487E-03
  1116   0.000000E+00  -1.005919E-04   7.594335E-04
  1117   0.000000E+00   1.792087E-05   2.272066E-03
  1118   0.000000E+00   3.098631E-03   5.591420E-03
  1119   0.000000E+00   8.135146E-04   4.080695E-03
  1120   0.000000E+00   2.450205E-03   5.112523E-03
  1121   0.000000E+00   6.345974E-03   8.511411E-03
