 smom1,sph1,sth1,slr1
          16           6           6          10
 phi boundaries
  0.00000E+00  2.61799E-01  5.23599E-01  7.85398E-01  1.04720E+00  1.30900E+00  1.57080E+00
 theta boundaries
  0.00000E+00  2.61799E-01  5.23599E-01  7.85398E-01  1.04720E+00  1.30900E+00  1.57080E+00
 radius boundaries in arcsec
  0.00000E+00  1.19639E+00  1.80726E+00  2.73003E+00  4.12397E+00  6.22963E+00  9.41044E+00  1.42153E+01  2.14736E+01  3.24379E+01  9.80009E+03
                                                                              phi,theta,r,mgemass,fitmass,errmass,x,y,z 
                                           (in arcsec),vx,vy,vz,xv2,vy2,vz2,vxvy,vyvz,vzvx,orbit long, orbit short,boxes
       1       1       1  4.13843E-04  4.36687E-04  4.13843E-06  1.08184E-01  1.41090E-02  5.34410E-01  2.92863E+01 -1.78810E+02 -1.75299E+00  5.25538E+04  6.56730E+04  7.64390E+04 -2.97652E+03  4.02383E+03  7.09250E+03  0.00000E+00  3.19855E-04  1.16832E-04
       1       1       2  1.17940E-04  1.30337E-04  1.17940E-06  3.17044E-01  4.23673E-02  1.45564E+00  4.80896E+01 -1.81191E+02  5.43735E+00  4.19043E+04  5.09712E+04  6.43565E+04 -6.14822E+03 -4.12919E+02  6.55004E+03  0.00000E+00  1.12859E-04  1.74780E-05
       1       1       3  2.03503E-04  2.02137E-04  2.03503E-06  4.48455E-01  5.98218E-02  2.09071E+00  1.64517E+01 -8.53562E+01 -3.93541E+00  2.02158E+04  1.78713E+04  3.23727E+04  2.75755E+02  2.17644E+03  2.66197E+03  0.00000E+00  1.73166E-04  2.89707E-05
       1       1       4  2.83050E-04  2.03830E-04  2.83050E-06  7.48607E-01  1.01347E-01  3.60549E+00  5.68458E+01 -2.25239E+02  1.05414E+01  5.93844E+04  8.59326E+04  3.12892E+04 -1.09472E+04 -1.11432E+03  2.81359E+03  0.00000E+00  1.88288E-04  1.55418E-05
       1       1       5  2.54310E-04  3.71790E-04  2.54310E-06  1.10548E+00  1.44374E-01  5.17505E+00  2.51059E+01 -1.59911E+02 -5.33204E+00  1.95750E+04  4.25127E+04  3.09145E+04 -3.94406E+03  7.86477E+01  2.09887E+03  0.00000E+00  3.45019E-04  2.67712E-05
       1       1       6  1.95467E-04  2.08331E-04  1.95467E-06  1.38524E+00  1.85118E-01  6.60043E+00  3.06736E+01 -9.79556E+01  6.14179E+00  1.04537E+04  2.01985E+04  3.15684E+04 -3.36289E+03  1.24963E+03  6.45383E+03  0.00000E+00  1.48842E-04  5.94890E-05
       1       1       7  2.05908E-04  2.27504E-04  2.05908E-06  2.54587E+00  3.33289E-01  1.22396E+01  4.49275E+01 -2.07395E+02  1.88820E+01  3.35428E+04  5.72927E+04  3.60991E+04 -5.94433E+03  9.26878E+02  5.89949E+03  0.00000E+00  1.81579E-04  4.59245E-05
       1       1       8  3.44081E-04  4.41274E-04  3.44081E-06  3.80644E+00  4.87528E-01  1.78116E+01  3.80092E+01 -1.33835E+02  2.88072E+01  1.44380E+04  2.58114E+04  2.66569E+04 -3.50618E+03  6.49395E+01  2.74282E+03  0.00000E+00  3.34991E-04  1.06283E-04
       1       1       9  3.39898E-04  4.01505E-04  3.39898E-06  5.24230E+00  7.34604E-01  2.35956E+01  1.98094E+01 -5.28204E+01  8.37295E+00  4.66676E+03  8.26219E+03  9.54485E+03 -1.32509E+03  1.84999E+02  2.00679E+03  0.00000E+00  1.53412E-04  2.48093E-04
       1       1      10  1.55399E-04  1.45331E-04  1.55399E-06  1.34129E+01  1.91150E+00  6.32031E+01  4.76617E+01 -1.40991E+02  1.96047E+01  2.32288E+04  3.29696E+04  2.47984E+04 -4.34991E+03  2.41560E+02  3.60506E+03  0.00000E+00  1.06216E-04  3.91153E-05
       1       2       1  1.25165E-03  1.03551E-03  1.25165E-05  1.93746E-01  2.62415E-02  4.63285E-01  1.40258E+01 -1.22614E+02  6.09026E-01  7.28822E+04  3.29898E+04  7.63657E+04  5.13028E+03  1.37695E+03  1.14291E+04  0.00000E+00  7.97597E-04  2.37917E-04
       1       2       2  3.60196E-04  3.46752E-04  3.60196E-06  5.64618E-01  7.50915E-02  1.40104E+00  6.15319E+00 -6.88368E+01  3.20140E+00  6.67855E+04  1.14391E+04  7.05600E+04  8.25538E+03  1.59038E+03  1.93712E+04  0.00000E+00  2.39737E-04  1.07015E-04
       1       2       3  6.19758E-04  5.13443E-04  6.19758E-06  8.10944E-01  1.07077E-01  2.06878E+00  1.01680E+01 -1.55439E+01 -4.44419E-01  1.93789E+04  2.08177E+03  3.70523E+04  2.32150E+03  1.69486E+03  1.31362E+04  0.00000E+00  2.29493E-04  2.83950E-04
       1       2       4  8.85818E-04  4.24593E-04  8.85818E-06  1.36645E+00  1.81308E-01  3.30017E+00  4.20152E+00 -1.73945E+02 -9.85739E+00  9.53771E+04  6.67597E+04  6.59151E+04  6.75832E+03  3.52637E+03  1.64728E+04  0.00000E+00  3.42765E-04  8.18280E-05
       1       2       5  8.13155E-04  7.66797E-04  8.13155E-06  2.04270E+00  2.58038E-01  4.81154E+00  2.28081E+01 -6.99753E+01  4.41516E+00  4.89093E+04  1.22190E+04  4.27264E+04  3.58498E+03  1.72196E+02  8.92161E+03  0.00000E+00  6.20872E-04  1.45925E-04
       1       2       6  6.58544E-04  5.73746E-04  6.58544E-06  2.80016E+00  3.70549E-01  6.46563E+00 -8.58172E+00 -3.50281E+01 -3.38679E+00  1.56107E+04  4.61374E+03  3.06065E+04  3.29730E+03  1.98079E+03  1.10847E+04  0.00000E+00  2.34571E-04  3.39175E-04
       1       2       7  6.64172E-04  4.11234E-04  6.64172E-06  4.58614E+00  5.97244E-01  1.13568E+01  1.07721E+01 -8.86654E+01  9.05641E+00  5.89904E+04  1.73467E+04  6.19033E+04  7.02730E+03  2.14037E+03  1.42215E+04  0.00000E+00  2.80159E-04  1.31075E-04
       1       2       8  1.10652E-03  7.88032E-04  1.10652E-05  6.68852E+00  8.94168E-01  1.68371E+01  7.93676E+00 -5.72969E+01 -6.93028E-01  2.94325E+04  6.34486E+03  3.50307E+04  3.81734E+03  1.22796E+03  7.28519E+03  0.00000E+00  5.31158E-04  2.56875E-04
       1       2       9  1.16865E-03  8.06036E-04  1.16865E-05  8.92679E+00  1.26422E+00  2.26972E+01  4.99886E+00 -2.11338E+01  2.46014E+00  9.00282E+03  1.96812E+03  1.43457E+04  1.17926E+03  8.00945E+02  4.48575E+03  0.00000E+00  2.40429E-04  5.65607E-04
       1       2      10  5.24654E-04  4.84162E-04  5.24654E-06  2.73754E+01  4.21045E+00  6.66037E+01  1.38766E+00 -2.47180E+01 -1.31342E+00  2.34847E+04  3.12454E+03  3.52316E+04  3.49864E+03  2.00444E+03  1.21728E+04  0.00000E+00  1.49745E-04  3.34417E-04
       1       3       1  2.10393E-03  2.26296E-03  2.10393E-05  3.64476E-01  4.90453E-02  4.90393E-01  1.50383E+01 -9.32339E+01  3.05171E-01  4.72944E+04  2.45019E+04  4.70982E+04  3.61432E+03  2.83643E+02  2.70914E+03  0.00000E+00  1.92127E-03  3.41686E-04
       1       3       2  6.18121E-04  6.41321E-04  6.18121E-06  9.11919E-01  1.19589E-01  1.21032E+00  4.11034E+00 -6.20907E+01  2.35184E+00  6.33174E+04  2.02654E+04  6.44237E+04  6.15321E+03  1.88067E+03  1.34424E+04  0.00000E+00  5.34043E-04  1.07277E-04
       1       3       3  1.05441E-03  1.06136E-03  1.05441E-05  1.37336E+00  1.86270E-01  1.77562E+00  1.55643E+01 -7.25192E+01  1.02955E+01  1.98623E+04  2.26934E+04  3.14170E+04  8.25998E+01 -2.38674E+02  1.03199E+04  0.00000E+00  8.48993E-04  2.12363E-04
       1       3       4  1.58666E-03  9.84621E-04  1.58666E-05  2.07515E+00  2.70611E-01  2.71014E+00  3.07393E+01 -1.81744E+02  5.98271E+00  6.03790E+04  1.01628E+05  6.44034E+04 -5.69046E+03  5.92343E+02  1.27655E+04  0.00000E+00  8.27027E-04  1.57594E-04
       1       3       5  1.52491E-03  1.40901E-03  1.52491E-05  3.19112E+00  4.28486E-01  4.16214E+00 -2.68592E+00 -8.08024E+01 -1.26448E+01  4.92398E+04  2.59445E+04  4.65925E+04  4.24963E+03  2.73960E+03  1.13269E+04  0.00000E+00  1.09296E-03  3.16051E-04
       1       3       6  1.37455E-03  1.70966E-03  1.37455E-05  4.29114E+00  5.77064E-01  5.63038E+00  1.33872E+01 -5.59257E+01  4.10708E+00  1.81458E+04  1.46573E+04  2.41144E+04  2.11172E+02  5.01697E+02  6.53494E+03  0.00000E+00  1.00322E-03  7.06440E-04
       1       3       7  1.32667E-03  1.18398E-03  1.32667E-05  7.27905E+00  9.63737E-01  9.79139E+00  2.12504E+01 -1.89547E+02 -5.10324E+00  4.03280E+04  5.30255E+04  4.99369E+04 -1.28125E+03  1.30703E+03  6.52368E+03  0.00000E+00  1.09417E-03  8.98021E-05
       1       3       8  2.08677E-03  2.28915E-03  2.08677E-05  1.08995E+01  1.48617E+00  1.44126E+01  1.55143E+01 -1.21070E+02  1.71169E+00  2.37738E+04  2.25141E+04  2.92502E+04  3.77226E+02  2.18449E+02  3.41069E+03  0.00000E+00  2.09094E-03  1.98209E-04
       1       3       9  2.53558E-03  2.51890E-03  2.53558E-05  1.49157E+01  2.07003E+00  1.94738E+01  8.69145E+00 -6.75629E+01  3.28411E+00  8.84091E+03  8.00627E+03  1.17192E+04 -1.84725E+02  3.06835E+01  2.24237E+03  0.00000E+00  2.09483E-03  4.24074E-04
       1       3      10  1.23726E-03  1.27583E-03  1.23726E-05  4.39318E+01  5.86010E+00  5.90192E+01 -2.84290E+00 -5.25154E+01 -4.59242E+00  2.14638E+04  4.71927E+03  3.21154E+04  2.90788E+03  8.85191E+02  5.01289E+03  0.00000E+00  9.31661E-04  3.44173E-04
       1       4       1  2.92812E-03  3.10353E-03  2.92812E-05  4.80894E-01  6.27721E-02  3.43061E-01  1.88053E+01 -1.56594E+02  2.24288E+00  4.20342E+04  5.99642E+04  3.35937E+04 -2.26309E+03 -2.83429E+02  1.77818E+03  0.00000E+00  2.75939E-03  3.44143E-04
       1       4       2  8.87033E-04  9.32010E-04  8.87033E-06  1.22305E+00  1.62673E-01  8.65123E-01 -1.35550E+00  2.62863E+01  5.31092E+00  6.25775E+04  5.12171E+04  3.84608E+04  9.03755E+02 -4.01777E+02  2.49084E+02  0.00000E+00  8.49235E-04  8.27748E-05
       1       4       3  1.48824E-03  1.43411E-03  1.48824E-05  1.77725E+00  2.28364E-01  1.28614E+00  1.00123E+01 -6.62365E+01  2.21470E+00  2.29039E+04  4.42777E+04  2.57053E+04 -2.88813E+03 -2.37030E+02  2.80313E+03  0.00000E+00  1.23058E-03  2.03533E-04
       1       4       4  2.39229E-03  1.79839E-03  2.39229E-05  2.81341E+00  3.62163E-01  2.06136E+00  2.45899E+01 -1.95291E+02 -6.47290E+00  4.96316E+04  1.22229E+05  4.51228E+04 -9.60697E+03  2.06951E+03  1.65818E+02  0.00000E+00  1.71028E-03  8.81076E-05
       1       4       5  2.46110E-03  3.05173E-03  2.46110E-05  4.24284E+00  5.74867E-01  3.01340E+00  1.57185E+01 -1.12554E+02  2.53406E+00  4.51367E+04  4.73538E+04  2.54732E+04 -8.77923E+00  6.24326E+02  4.18895E+03  0.00000E+00  2.86920E-03  1.82525E-04
       1       4       6  2.56803E-03  2.92667E-03  2.56803E-05  5.76616E+00  7.59448E-01  4.03237E+00  1.26001E+01 -7.07663E+01 -9.98279E-01  2.13309E+04  1.97098E+04  1.31497E+04 -3.49912E+02  4.58509E+02  1.73139E+03  0.00000E+00  2.46303E-03  4.63638E-04
       1       4       7  2.61468E-03  2.31546E-03  2.61468E-05  9.85532E+00  1.30991E+00  6.89478E+00  3.07564E+01 -2.37642E+02  1.52764E+00  3.72932E+04  7.35330E+04  3.34465E+04 -4.62080E+03  1.19959E+02  2.46641E+03  0.00000E+00  2.22089E-03  9.45651E-05
       1       4       8  3.43528E-03  4.47160E-03  3.43528E-05  1.48240E+01  1.93838E+00  1.02216E+01  2.22638E+01 -1.44337E+02 -5.25181E-01  2.71991E+04  2.89943E+04  1.95868E+04 -5.63075E+02  8.93919E+02  3.82165E+03  0.00000E+00  4.25752E-03  2.14077E-04
       1       4       9  4.96060E-03  5.52469E-03  4.96060E-05  2.03639E+01  2.67431E+00  1.40153E+01  1.03729E+01 -7.71795E+01 -1.05873E+00  8.76100E+03  9.74645E+03  6.26424E+03 -1.70701E+02  9.28987E+01  9.07438E+02  0.00000E+00  5.06499E-03  4.59702E-04
       1       4      10  3.37884E-03  4.27225E-03  3.37884E-05  5.30000E+01  7.03812E+00  3.54781E+01  2.65732E+01 -2.20356E+02  2.29375E-01  1.42802E+04  6.05049E+04  9.00680E+03 -6.01386E+03 -1.06348E+02  3.55093E+02  0.00000E+00  4.07114E-03  2.01115E-04
       1       5       1  3.61611E-03  3.70909E-03  3.61611E-05  5.21789E-01  6.93328E-02  2.22077E-01  1.89280E+01 -1.49054E+02 -3.88064E-02  4.08600E+04  5.29821E+04  3.73458E+04 -1.92526E+03  1.44777E+02  1.83209E+03  0.00000E+00  3.05687E-03  6.52223E-04
       1       5       2  1.13234E-03  1.12471E-03  1.13234E-05  1.37849E+00  1.84897E-01  5.94857E-01 -1.57591E-01  1.59986E+01  7.66470E+00  7.42629E+04  5.07822E+04  4.09720E+04  3.34088E+03 -1.20423E+03  1.74084E+03  0.00000E+00  1.02806E-03  9.66502E-05
       1       5       3  1.86085E-03  1.91200E-03  1.86085E-05  2.00665E+00  2.66753E-01  8.51230E-01  1.24875E+01 -6.33256E+01  6.45150E+00  4.56513E+04  3.37495E+04  2.93271E+04  1.29046E+03 -1.72768E+03  6.42735E+02  0.00000E+00  1.70740E-03  2.04598E-04
       1       5       4  3.18416E-03  1.84406E-03  3.18416E-05  3.14043E+00  4.12535E-01  1.34686E+00  2.20094E+01 -1.53785E+02 -1.08273E+01  5.94846E+04  8.16798E+04  6.90764E+04 -3.14542E+03  1.62950E+03  9.08023E+01  0.00000E+00  1.76473E-03  7.93293E-05
       1       5       5  3.52455E-03  3.57153E-03  3.52455E-05  4.76156E+00  6.12278E-01  2.06210E+00  1.70840E+01 -1.04496E+02  5.87607E+00  4.89967E+04  3.84589E+04  3.42954E+04  6.29726E+02  8.84102E+01  6.32055E+02  0.00000E+00  3.41838E-03  1.53155E-04
       1       5       6  4.23644E-03  4.42664E-03  4.23644E-05  6.60489E+00  8.73328E-01  2.82578E+00  1.09252E+01 -7.98398E+01 -3.15380E+00  4.07266E+04  1.91154E+04  1.72608E+04  2.81647E+03  5.44678E+02  2.30323E+03  0.00000E+00  3.89367E-03  5.32968E-04
       1       5       7  5.17030E-03  3.28084E-03  5.17030E-05  1.09110E+01  1.45152E+00  4.66509E+00  2.47453E+01 -1.79434E+02 -6.51743E+00  5.91686E+04  4.77092E+04  4.13389E+04  1.99447E+03  2.70340E+03  5.26473E+03  0.00000E+00  2.93608E-03  3.44759E-04
       1       5       8  5.51656E-03  6.25408E-03  5.51656E-05  1.65167E+01  2.23799E+00  7.04437E+00  1.81249E+01 -1.17748E+02  7.02989E+00  3.57616E+04  2.17549E+04  1.98548E+04  1.95972E+03 -1.21246E+03  3.40214E+03  0.00000E+00  5.43478E-03  8.19298E-04
       1       5       9  8.51556E-03  9.50724E-03  8.51556E-05  2.31433E+01  3.15776E+00  9.63121E+00  1.00199E+01 -5.63929E+01 -3.23871E+00  1.06607E+04  6.66205E+03  5.86692E+03  5.00259E+02  7.05349E+02  1.33920E+03  0.00000E+00  6.94848E-03  2.55876E-03
       1       5      10  9.63083E-03  5.55387E-03  9.63083E-05  5.77196E+01  7.43938E+00  2.49883E+01  2.49227E+01 -2.09796E+02  3.99984E-01  1.70412E+04  5.40416E+04  1.54722E+04 -4.98982E+03 -3.38310E+02  4.63441E+02  0.00000E+00  5.18835E-03  3.65522E-04
       1       6       1  4.01753E-03  4.34578E-03  4.01753E-05  5.80725E-01  7.76541E-02  7.94753E-02  1.76784E+01 -1.23417E+02  2.63732E-01  5.14635E+04  3.81829E+04  3.48827E+04  1.54566E+03 -8.63967E+01  1.40346E+02  0.00000E+00  3.62155E-03  7.24231E-04
       1       6       2  1.28623E-03  1.36999E-03  1.28623E-05  1.48333E+00  1.97045E-01  1.94895E-01 -4.99322E+00  4.53824E+01  3.92922E-01  7.54713E+04  5.45607E+04  3.48453E+04  3.06164E+03 -2.51984E+02 -9.01369E+02  0.00000E+00  1.27339E-03  9.65989E-05
       1       6       3  2.08260E-03  2.27505E-03  2.08260E-05  2.19659E+00  2.85538E-01  2.85812E-01  9.61656E+00 -6.75696E+01  3.68029E+00  4.88119E+04  2.58960E+04  2.76277E+04  2.45450E+03 -9.92964E+02 -5.80432E+02  0.00000E+00  1.97924E-03  2.95813E-04
       1       6       4  3.70224E-03  2.89235E-03  3.70224E-05  3.38381E+00  4.49613E-01  4.53086E-01  9.53232E+00 -8.23514E+01 -1.71654E+00  5.71548E+04  1.04136E+05  5.06421E+04 -5.67431E+03  2.69619E+02  5.46067E+00  0.00000E+00  2.69174E-03  2.00608E-04
       1       6       5  4.30241E-03  4.95692E-03  4.30241E-05  5.16288E+00  6.82193E-01  6.81379E-01  9.28459E+00 -5.31311E+01  3.45751E+00  4.98253E+04  4.52729E+04  2.57902E+04  8.00926E+02  5.86274E+01  3.10899E+03  0.00000E+00  4.58661E-03  3.70312E-04
       1       6       6  5.63481E-03  6.34020E-03  5.63481E-05  7.06461E+00  9.34711E-01  9.12933E-01  7.22978E+00 -4.56473E+01 -1.66347E+00  2.88016E+04  2.09286E+04  1.31362E+04  1.06022E+03  5.30751E+02  2.82811E+03  0.00000E+00  5.71656E-03  6.23634E-04
       1       6       7  8.10319E-03  6.21987E-03  8.10319E-05  1.18024E+01  1.56415E+00  1.61557E+00  3.33548E+01 -2.64262E+02 -2.73416E+00  3.78687E+04  8.82103E+04  2.40352E+04 -6.53211E+03  8.21284E+02  1.49405E+03  0.00000E+00  5.66506E-03  5.54810E-04
       1       6       8  8.20435E-03  1.06898E-02  8.20435E-05  1.77588E+01  2.33041E+00  2.37305E+00  2.27974E+01 -1.71804E+02  2.34354E+00  2.98410E+04  3.90387E+04  1.14514E+04 -1.35259E+03 -2.52427E+02  1.41831E+03  0.00000E+00  9.68361E-03  1.00623E-03
       1       6       9  1.16800E-02  1.25956E-02  1.16800E-04  2.40055E+01  3.19591E+00  3.36264E+00  1.24657E+01 -9.84894E+01 -2.30079E+00  9.41953E+03  1.61331E+04  4.98515E+03 -9.02041E+02  3.12942E+02  5.94251E+02  0.00000E+00  1.02963E-02  2.29928E-03
       1       6      10  1.93885E-02  2.26725E-02  1.93885E-04  6.01328E+01  7.95346E+00  7.84933E+00  3.45369E+01 -2.71720E+02  3.77108E-01  5.66224E+03  7.82640E+04  6.07217E+03 -9.64326E+03 -7.69776E+01  2.17179E+02  0.00000E+00  2.21189E-02  5.53679E-04
       2       1       1  4.13834E-04  4.34091E-04  4.13834E-06  9.90021E-02  4.06718E-02  5.42661E-01  7.46461E+01 -1.57594E+02  2.17855E+00  5.91446E+04  6.55553E+04  7.35486E+04 -3.03812E+03  2.77343E+03  8.01667E+03  0.00000E+00  3.11240E-04  1.22851E-04
       2       1       2  1.17937E-04  1.29523E-04  1.17937E-06  2.78444E-01  1.15225E-01  1.45176E+00  1.21167E+02 -1.37674E+02 -1.65952E+01  4.97468E+04  4.62188E+04  6.52798E+04 -6.57125E+03  8.00125E+03  6.13037E+03  0.00000E+00  1.13075E-04  1.64473E-05
       2       1       3  2.03499E-04  1.96636E-04  2.03499E-06  4.03468E-01  1.66251E-01  2.09020E+00  5.54680E+01 -7.98310E+01  3.34653E+00  2.46849E+04  1.56175E+04  2.58209E+04  1.16753E+03 -6.34490E+02  5.58062E+03  0.00000E+00  1.65004E-04  3.16325E-05
       2       1       4  2.83041E-04  2.02197E-04  2.83041E-06  6.63635E-01  2.73622E-01  3.59509E+00  1.41849E+02 -2.03111E+02 -9.67388E+00  6.82096E+04  7.96101E+04  2.93120E+04 -2.15646E+04  3.38960E+03  2.35723E+03  0.00000E+00  1.89340E-04  1.28571E-05
       2       1       5  2.54302E-04  3.65987E-04  2.54302E-06  1.02321E+00  4.25144E-01  5.20254E+00  9.47771E+01 -1.33526E+02  1.23965E+01  2.89548E+04  3.33477E+04  2.65929E+04 -1.15482E+04 -8.20384E+02  2.16018E+03  0.00000E+00  3.48700E-04  1.72865E-05
       2       1       6  1.95460E-04  1.91897E-04  1.95460E-06  1.22207E+00  5.06236E-01  6.56954E+00  6.55294E+01 -9.15499E+01  1.04152E+01  1.39452E+04  1.80813E+04  2.70969E+04 -6.90875E+03  1.98769E+03  3.51142E+03  0.00000E+00  1.47264E-04  4.46330E-05
       2       1       7  2.05903E-04  2.32468E-04  2.05903E-06  2.31902E+00  9.29336E-01  1.22938E+01  1.30409E+02 -1.73583E+02  4.05590E+00  4.28417E+04  4.69912E+04  3.68467E+04 -1.62737E+04  2.36525E+03  4.09499E+03  0.00000E+00  1.83591E-04  4.88771E-05
       2       1       8  3.44073E-04  4.43100E-04  3.44073E-06  3.42155E+00  1.44487E+00  1.78719E+01  8.29869E+01 -1.10161E+02  1.05038E+01  1.87485E+04  2.05727E+04  2.78610E+04 -7.18365E+03  1.20620E+03  4.11966E+03  0.00000E+00  3.27447E-04  1.15654E-04
       2       1       9  3.39885E-04  4.55885E-04  3.39885E-06  4.41793E+00  1.80237E+00  2.38881E+01  2.69297E+01 -3.84642E+01  3.38156E+00  5.10697E+03  5.92655E+03  1.07438E+04 -2.15849E+03  6.35058E+02  1.64724E+03  0.00000E+00  1.47879E-04  3.08006E-04
       2       1      10  1.55394E-04  1.64080E-04  1.55394E-06  1.27244E+01  5.08537E+00  6.58939E+01  8.78919E+01 -9.30152E+01 -7.34691E+00  2.48255E+04  2.22597E+04  2.72220E+04 -6.67825E+03  1.39797E+03  4.02664E+03  0.00000E+00  9.92107E-05  6.48695E-05
       2       2       1  1.25151E-03  1.05423E-03  1.25151E-05  1.77538E-01  7.32953E-02  4.51835E-01  4.66361E+01 -1.20211E+02 -6.20599E+00  6.81454E+04  3.82816E+04  7.62282E+04  1.26716E+04  4.33930E+03  9.58373E+03  0.00000E+00  8.35949E-04  2.18278E-04
       2       2       2  3.60147E-04  3.26583E-04  3.60147E-06  5.33132E-01  2.20892E-01  1.39764E+00  1.18874E+01 -6.42417E+01  9.03736E-01  5.87922E+04  2.01416E+04  7.79379E+04  2.16306E+04  8.71563E+03  2.13851E+04  0.00000E+00  2.02193E-04  1.24389E-04
       2       2       3  6.19696E-04  5.01889E-04  6.19696E-06  7.60185E-01  3.17387E-01  2.06254E+00  1.43326E+01 -1.19398E+01  2.00115E+00  1.98969E+04  5.44674E+03  4.61475E+04  7.86698E+03  6.27329E+03  1.49803E+04  0.00000E+00  1.88050E-04  3.13839E-04
       2       2       4  8.85672E-04  4.41065E-04  8.85672E-06  1.32840E+00  5.48123E-01  3.33256E+00  7.44784E+01 -1.38494E+02  3.78110E+00  8.68412E+04  6.11803E+04  7.46489E+04  1.16823E+04  7.79462E+03  1.84153E+04  0.00000E+00  3.45528E-04  9.55368E-05
       2       2       5  8.13022E-04  6.91401E-04  8.13022E-06  1.81288E+00  7.49818E-01  4.90222E+00  3.55728E+01 -7.01536E+01 -1.85961E+00  3.79441E+04  2.07065E+04  4.46976E+04  1.23971E+04  5.51750E+03  8.37723E+03  0.00000E+00  5.26275E-04  1.65126E-04
       2       2       6  6.58422E-04  5.81359E-04  6.58422E-06  2.65857E+00  1.10909E+00  6.41978E+00  1.28669E+01 -2.01796E+01  1.29805E+01  1.46339E+04  5.03300E+03  3.18815E+04  5.46673E+03  3.14910E+03  1.06213E+04  0.00000E+00  2.32467E-04  3.48892E-04
       2       2       7  6.64083E-04  3.95727E-04  6.64083E-06  4.36281E+00  1.81569E+00  1.13737E+01  2.34021E+01 -8.84817E+01 -8.32129E+00  4.97754E+04  2.56679E+04  6.14764E+04  1.76367E+04  5.68848E+03  1.52184E+04  0.00000E+00  2.60615E-04  1.35112E-04
       2       2       8  1.10639E-03  8.26584E-04  1.10639E-05  6.32033E+00  2.60539E+00  1.69136E+01  2.09946E+01 -5.05507E+01 -5.13910E+00  2.30016E+04  9.78930E+03  3.68917E+04  8.36468E+03  3.02593E+03  8.29452E+03  0.00000E+00  5.01984E-04  3.24599E-04
       2       2       9  1.16841E-03  9.00886E-04  1.16841E-05  8.53344E+00  3.45861E+00  2.28101E+01  7.00911E+00 -1.54807E+01  5.43877E-01  6.75251E+03  2.68972E+03  1.50336E+04  2.49966E+03  1.81279E+03  4.84457E+03  0.00000E+00  2.16286E-04  6.84601E-04
       2       2      10  5.24542E-04  5.86849E-04  5.24542E-06  2.57191E+01  1.06707E+01  6.87913E+01  4.38196E+00 -2.06652E+01 -8.14274E+00  1.45215E+04  5.62906E+03  3.64250E+04  6.10775E+03  4.67580E+03  1.18294E+04  0.00000E+00  1.26372E-04  4.60477E-04
       2       3       1  2.10337E-03  2.21117E-03  2.10337E-05  3.38926E-01  1.40875E-01  4.93273E-01  3.95567E+01 -8.52106E+01 -3.02238E-01  4.40745E+04  2.69681E+04  4.70841E+04  8.30559E+03  6.63159E+02  2.26227E+03  0.00000E+00  1.97705E-03  2.34120E-04
       2       3       2  6.17901E-04  6.26243E-04  6.17901E-06  8.58916E-01  3.48214E-01  1.20729E+00  2.26281E+01 -6.13263E+01  6.18307E+00  5.89557E+04  2.71106E+04  6.32400E+04  1.64442E+04  4.26415E+03  1.03672E+04  0.00000E+00  5.25932E-04  1.00311E-04
       2       3       3  1.05415E-03  1.09230E-03  1.05415E-05  1.27712E+00  5.30427E-01  1.78726E+00  2.23608E+01 -6.47800E+01 -5.60692E+00  2.12600E+04  2.10711E+04  3.24656E+04  2.11563E+02  5.08026E+03  9.70580E+03  0.00000E+00  8.33990E-04  2.58308E-04
       2       3       4  1.58600E-03  9.90275E-04  1.58600E-05  1.89896E+00  7.91404E-01  2.69707E+00  7.34767E+01 -1.80029E+02 -1.44092E+01  6.66475E+04  1.01454E+05  6.52289E+04 -1.70032E+04  6.60230E+03  1.42912E+04  0.00000E+00  8.08359E-04  1.81917E-04
       2       3       5  1.52422E-03  1.41669E-03  1.52422E-05  3.00223E+00  1.23504E+00  4.11194E+00  2.39504E+01 -7.98968E+01  8.63171E+00  4.90006E+04  3.06270E+04  4.57664E+04  9.90024E+03  4.00944E+03  1.19510E+04  0.00000E+00  1.11419E-03  3.02501E-04
       2       3       6  1.37385E-03  1.65239E-03  1.37385E-05  4.05072E+00  1.65401E+00  5.60383E+00  2.36984E+01 -5.75032E+01 -7.70632E+00  1.95743E+04  1.59684E+04  2.58618E+04  1.45937E+03  2.63486E+03  6.45550E+03  0.00000E+00  1.03733E-03  6.15061E-04
       2       3       7  1.32603E-03  1.23354E-03  1.32603E-05  6.81539E+00  2.81900E+00  9.72575E+00  7.74849E+01 -1.70576E+02  1.28491E+01  4.14529E+04  4.93743E+04  5.17682E+04 -4.44172E+03  1.03555E+03  6.05372E+03  0.00000E+00  1.11755E-03  1.15994E-04
       2       3       8  2.08614E-03  2.32702E-03  2.08614E-05  1.01798E+01  4.19425E+00  1.43894E+01  4.80599E+01 -1.10123E+02 -7.79555E-01  2.32863E+04  2.20094E+04  3.05451E+04  2.52917E+02  1.98862E+03  4.39897E+03  0.00000E+00  2.09293E-03  2.34095E-04
       2       3       9  2.53415E-03  2.84307E-03  2.53415E-05  1.38167E+01  5.72578E+00  1.97042E+01  2.35334E+01 -5.82523E+01 -1.80625E+00  7.23546E+03  7.38938E+03  1.12564E+04  2.79836E+02  1.04909E+03  1.53199E+03  0.00000E+00  2.30330E-03  5.39773E-04
       2       3      10  1.23617E-03  1.21193E-03  1.23617E-05  4.24882E+01  1.72164E+01  5.95444E+01  3.44608E+01 -4.60633E+01  2.16811E+01  1.87697E+04  6.25145E+03  2.95998E+04  5.15435E+03  1.29037E+03  6.64590E+03  0.00000E+00  9.73242E-04  2.38693E-04
       2       4       1  2.92676E-03  3.02573E-03  2.92676E-05  4.47593E-01  1.84151E-01  3.41042E-01  6.32438E+01 -1.49474E+02 -2.43399E+00  4.65775E+04  5.82466E+04  3.46247E+04 -6.06794E+03  1.25247E+03  2.51667E+03  0.00000E+00  2.68267E-03  3.43059E-04
       2       4       2  8.86443E-04  9.84801E-04  8.86443E-06  1.13810E+00  4.72103E-01  8.66759E-01 -4.51261E+00  2.08234E+01 -4.50341E+00  6.17869E+04  5.15710E+04  3.87276E+04  4.70136E+03  1.69594E+02  1.03386E+03  0.00000E+00  8.79467E-04  1.05334E-04
       2       4       3  1.48761E-03  1.50528E-03  1.48761E-05  1.66301E+00  6.88305E-01  1.27507E+00  2.42651E+01 -5.91277E+01 -2.18387E+00  2.46175E+04  3.77101E+04  2.22754E+04 -7.17691E+03 -4.62565E+02  1.38915E+03  0.00000E+00  1.32678E-03  1.78500E-04
       2       4       4  2.39050E-03  1.68803E-03  2.39050E-05  2.61622E+00  1.08559E+00  2.04822E+00  7.78181E+01 -1.93409E+02  7.59165E+00  5.97922E+04  1.20321E+05  4.08333E+04 -2.80310E+04 -4.83407E+02  2.88314E+03  0.00000E+00  1.61590E-03  7.21366E-05
       2       4       5  2.45890E-03  3.29661E-03  2.45890E-05  3.95419E+00  1.62924E+00  3.02314E+00  4.51002E+01 -9.82995E+01 -1.58747E-02  4.56976E+04  4.35064E+04  2.77763E+04 -1.06388E+02  1.23795E+03  3.33976E+03  0.00000E+00  3.07315E-03  2.23459E-04
       2       4       6  2.56550E-03  2.92175E-03  2.56550E-05  5.44869E+00  2.27767E+00  4.05787E+00  2.97143E+01 -6.46458E+01  4.84837E+00  2.24655E+04  1.99511E+04  1.22797E+04  7.51288E+02  8.31081E+02  2.72612E+03  0.00000E+00  2.29970E-03  6.22050E-04
       2       4       7  2.61130E-03  2.30994E-03  2.61130E-05  9.19777E+00  3.79754E+00  6.90608E+00  9.03141E+01 -2.21060E+02 -6.80341E+00  4.20965E+04  6.83404E+04  3.31836E+04 -1.28459E+04  1.87542E+03  2.05695E+03  0.00000E+00  2.22257E-03  8.73711E-05
       2       4       8  3.43292E-03  4.43151E-03  3.43292E-05  1.37774E+01  5.71647E+00  1.02806E+01  5.93889E+01 -1.36627E+02  7.14339E+00  2.75730E+04  2.92431E+04  1.91278E+04 -1.09640E+03 -7.13896E+02  6.96081E+02  0.00000E+00  4.25015E-03  1.81354E-04
       2       4       9  4.95536E-03  5.78657E-03  4.95536E-05  1.89919E+01  7.88659E+00  1.39310E+01  3.00724E+01 -7.13620E+01  2.34299E+00  8.75318E+03  9.60524E+03  6.31012E+03 -3.03205E+02  2.63320E+02  1.25368E+03  0.00000E+00  5.22456E-03  5.62007E-04
       2       4      10  3.37115E-03  4.33529E-03  3.37115E-05  4.97132E+01  2.03985E+01  3.60676E+01  8.73428E+01 -2.01988E+02  4.60415E+00  2.06467E+04  5.35190E+04  8.16169E+03 -1.72217E+04  2.94346E+02  1.50506E+03  0.00000E+00  4.10365E-03  2.31645E-04
       2       5       1  3.61378E-03  3.60818E-03  3.61378E-05  4.91496E-01  2.01678E-01  2.24855E-01  5.83509E+01 -1.40985E+02  2.20627E+00  4.35686E+04  5.16924E+04  3.66791E+04 -5.10933E+03  5.78271E+02  2.69697E+03  0.00000E+00  2.95707E-03  6.51115E-04
       2       5       2  1.13122E-03  1.08269E-03  1.13122E-05  1.28229E+00  5.37210E-01  5.95750E-01 -2.07257E+00  2.06021E+01 -1.47955E+00  6.84985E+04  5.43487E+04  3.92933E+04  7.21125E+03 -1.13722E+03 -1.70203E+03  0.00000E+00  1.01821E-03  6.44842E-05
       2       5       3  1.85975E-03  1.99906E-03  1.85975E-05  1.87509E+00  7.65162E-01  8.58950E-01  2.60765E+01 -6.23899E+01  5.09903E-01  4.31604E+04  3.68017E+04  2.90108E+04  3.86105E+03  6.76577E+02 -2.07483E+03  0.00000E+00  1.75469E-03  2.44370E-04
       2       5       4  3.18075E-03  1.90514E-03  3.18075E-05  2.92968E+00  1.20756E+00  1.33453E+00  6.13302E+01 -1.45851E+02  8.60565E+00  6.22255E+04  7.97974E+04  6.81530E+04 -9.27687E+03  1.53392E+03  7.06021E+02  0.00000E+00  1.83669E-03  6.84428E-05
       2       5       5  3.51967E-03  3.59952E-03  3.51967E-05  4.45223E+00  1.85191E+00  2.08510E+00  4.11651E+01 -9.70823E+01 -7.02422E+00  4.61137E+04  3.99804E+04  3.38991E+04  4.31496E+03  4.47584E+02  2.50406E+03  0.00000E+00  3.43557E-03  1.63952E-04
       2       5       6  4.23020E-03  4.48470E-03  4.23020E-05  6.15786E+00  2.55543E+00  2.85035E+00  3.41216E+01 -7.13909E+01  2.28779E+00  3.57657E+04  2.07949E+04  1.64839E+04  6.57426E+03  1.19348E+03  2.51273E+03  0.00000E+00  3.89600E-03  5.88704E-04
       2       5       7  5.15791E-03  3.19740E-03  5.15791E-05  1.01511E+01  4.20002E+00  4.65325E+00  7.75471E+01 -1.71740E+02  5.09826E-01  5.68961E+04  5.07656E+04  4.08706E+04  2.60441E+03  2.18069E+03  4.65320E+03  0.00000E+00  2.90777E-03  2.89623E-04
       2       5       8  5.50679E-03  5.95780E-03  5.50679E-05  1.53695E+01  6.32612E+00  7.10009E+00  4.49958E+01 -1.13669E+02  7.04107E+00  3.41132E+04  2.40030E+04  1.97776E+04  4.78562E+03  2.82867E+02  3.64153E+03  0.00000E+00  5.28522E-03  6.72576E-04
       2       5       9  8.50225E-03  8.30061E-03  8.50225E-05  2.14173E+01  8.85624E+00  9.66669E+00  2.43118E+01 -5.84804E+01 -3.02850E+00  1.01244E+04  7.97172E+03  5.99100E+03  1.19632E+03  8.60175E+02  7.79985E+02  0.00000E+00  6.54233E-03  1.75828E-03
       2       5      10  9.59180E-03  5.55156E-03  9.59180E-05  5.42599E+01  2.24342E+01  2.50429E+01  8.36351E+01 -1.94847E+02  3.38507E+00  2.12834E+04  4.89197E+04  1.49513E+04 -1.38847E+04  1.28324E+02  1.38747E+03  0.00000E+00  5.25505E-03  2.96510E-04
       2       6       1  4.01451E-03  4.12283E-03  4.01451E-05  5.40437E-01  2.21828E-01  7.76377E-02  4.87806E+01 -1.21551E+02 -2.59333E-01  5.00098E+04  4.12305E+04  3.65752E+04  3.04768E+03  3.36592E+02  9.29320E+01  0.00000E+00  3.59495E-03  5.27878E-04
       2       6       2  1.28469E-03  1.30910E-03  1.28469E-05  1.38080E+00  5.71453E-01  1.96102E-01 -1.81210E+01  4.87979E+01  6.45640E-01  6.78276E+04  5.79015E+04  3.46399E+04  4.19778E+03 -5.36698E+02  6.29074E+02  0.00000E+00  1.21068E-03  9.84127E-05
       2       6       3  2.08115E-03  2.16619E-03  2.08115E-05  2.04408E+00  8.36972E-01  2.86754E-01  3.02175E+01 -5.82445E+01  1.54331E+00  4.42828E+04  2.75999E+04  2.82186E+04  7.39290E+03 -1.93216E+02 -1.10075E+03  0.00000E+00  1.88195E-03  2.84238E-04
       2       6       4  3.69755E-03  2.88898E-03  3.69755E-05  3.16035E+00  1.31290E+00  4.52551E-01  3.22556E+01 -7.57164E+01  5.10928E+00  6.06463E+04  9.62561E+04  5.24145E+04 -1.84603E+04  6.26605E+02  2.40042E+03  0.00000E+00  2.69883E-03  1.90147E-04
       2       6       5  4.29502E-03  4.57730E-03  4.29502E-05  4.81580E+00  1.99818E+00  6.86146E-01  1.73167E+01 -5.24580E+01 -7.75450E+00  4.67906E+04  4.81457E+04  2.23594E+04 -6.73036E+02  1.59141E+03  2.26854E+03  0.00000E+00  4.28481E-03  2.92484E-04
       2       6       6  5.62474E-03  6.08823E-03  5.62474E-05  6.53236E+00  2.69832E+00  9.09326E-01  1.58087E+01 -4.44782E+01  2.95807E+00  2.51206E+04  2.23354E+04  1.34031E+04  1.76348E+03  4.78244E+02  1.69619E+03  0.00000E+00  5.68513E-03  4.03099E-04
       2       6       7  8.07769E-03  5.95374E-03  8.07769E-05  1.10281E+01  4.55872E+00  1.61487E+00  1.06923E+02 -2.54747E+02 -4.76747E-01  4.19525E+04  8.39229E+04  2.35218E+04 -2.08691E+04  1.06408E+03  2.32349E+03  0.00000E+00  5.56289E-03  3.90855E-04
       2       6       8  8.17723E-03  1.03140E-02  8.17723E-05  1.65577E+01  6.85674E+00  2.38354E+00  7.09562E+01 -1.65716E+02  1.39356E+00  2.96516E+04  3.88438E+04  1.16930E+04 -4.67957E+03  1.59984E+02  1.06846E+03  0.00000E+00  9.57171E-03  7.42289E-04
       2       6       9  1.16565E-02  1.19738E-02  1.16565E-04  2.23016E+01  9.16133E+00  3.24292E+00  3.99047E+01 -9.70485E+01 -1.82739E+00  1.01417E+04  1.60133E+04  5.07339E+03 -2.95035E+03  2.55905E+02  6.53313E+01  0.00000E+00  1.00751E-02  1.89872E-03
       2       6      10  1.92830E-02  2.25324E-02  1.92830E-04  5.59948E+01  2.31653E+01  7.77587E+00  1.06045E+02 -2.54753E+02  5.30144E-01  1.51316E+04  6.90153E+04  5.94520E+03 -2.69554E+04 -2.27356E+01  1.86567E+02  0.00000E+00  2.21443E-02  3.88150E-04
       3       1       1  4.13818E-04  4.36907E-04  4.13818E-06  8.50955E-02  6.55334E-02  5.46870E-01  1.10206E+02 -1.36512E+02  3.59686E+00  6.01572E+04  6.23224E+04  8.59356E+04 -6.00170E+03  9.11465E+03  9.36602E+03  0.00000E+00  3.14404E-04  1.22502E-04
       3       1       2  1.17932E-04  1.34711E-04  1.17932E-06  2.31871E-01  1.76670E-01  1.45180E+00  1.38030E+02 -9.59532E+01  1.26682E+01  5.12779E+04  3.48640E+04  8.29952E+04 -3.23107E+03  6.14701E+03  8.22211E+03  0.00000E+00  1.05087E-04  2.96232E-05
       3       1       3  2.03491E-04  2.38831E-04  2.03491E-06  3.40422E-01  2.62978E-01  2.10416E+00  5.32690E+01 -5.69722E+01  5.17126E+00  2.52875E+04  1.81213E+04  3.20013E+04  5.35360E+03  3.18993E+03  4.38281E+03  0.00000E+00  1.61771E-04  7.70594E-05
       3       1       4  2.83025E-04  1.91541E-04  2.83025E-06  5.61814E-01  4.31291E-01  3.61328E+00  1.88565E+02 -1.48239E+02  7.39572E+00  8.14984E+04  6.36971E+04  3.06072E+04 -2.05454E+04  3.29779E+03  2.65963E+03  0.00000E+00  1.77769E-04  1.37721E-05
       3       1       5  2.54289E-04  3.50790E-04  2.54289E-06  8.19623E-01  6.29101E-01  5.17287E+00  1.42290E+02 -9.41691E+01 -2.38516E+00  3.89858E+04  2.33986E+04  3.08433E+04 -1.33656E+04  1.41164E+03  1.53234E+03  0.00000E+00  3.28715E-04  2.20753E-05
       3       1       6  1.95448E-04  2.14992E-04  1.95448E-06  1.07776E+00  8.22755E-01  6.62526E+00  7.11473E+01 -7.40880E+01 -1.24137E+01  1.56257E+04  1.45865E+04  3.42386E+04 -6.28053E+03  3.15348E+03  4.93834E+03  0.00000E+00  1.51998E-04  6.29946E-05
       3       1       7  2.05895E-04  2.50990E-04  2.05895E-06  1.90274E+00  1.45138E+00  1.21649E+01  1.41590E+02 -1.16269E+02 -2.87739E+01  4.41517E+04  3.32447E+04  5.19783E+04 -1.33469E+04  4.77026E+03  6.95352E+03  0.00000E+00  1.68502E-04  8.24880E-05
       3       1       8  3.44059E-04  4.72567E-04  3.44059E-06  2.79396E+00  2.12461E+00  1.77446E+01  9.19212E+01 -7.71600E+01 -4.07113E+01  2.02146E+04  1.43627E+04  3.35147E+04 -6.52497E+03  2.95831E+03  2.98860E+03  0.00000E+00  3.03303E-04  1.69264E-04
       3       1       9  3.39862E-04  5.31895E-04  3.39862E-06  3.98236E+00  3.02215E+00  2.40149E+01  3.00859E+01 -2.94897E+01 -1.74722E+01  5.70091E+03  3.94282E+03  9.94818E+03 -1.74474E+03  1.12061E+03  1.66656E+03  0.00000E+00  1.49891E-04  3.82004E-04
       3       1      10  1.55386E-04  1.41226E-04  1.55386E-06  9.97106E+00  7.18691E+00  6.67621E+01  1.12814E+02 -7.06936E+01 -1.26393E+00  2.83504E+04  1.84512E+04  2.57830E+04 -6.73685E+03  2.19130E+03  2.39806E+03  0.00000E+00  8.58445E-05  5.53811E-05
       3       2       1  1.25127E-03  1.05219E-03  1.25127E-05  1.54645E-01  1.18694E-01  4.59873E-01  7.75039E+01 -1.04621E+02  5.96705E+00  6.14945E+04  4.67814E+04  7.71967E+04  1.92342E+04  6.51629E+03  1.07489E+04  0.00000E+00  8.28204E-04  2.23987E-04
       3       2       2  3.60062E-04  3.33146E-04  3.60062E-06  4.53028E-01  3.42363E-01  1.39927E+00  3.31202E+01 -4.90051E+01  5.11615E+00  4.34488E+04  3.22899E+04  8.86692E+04  2.74913E+04  1.47665E+04  2.17207E+04  0.00000E+00  1.80648E-04  1.52498E-04
       3       2       3  6.19588E-04  5.62258E-04  6.19588E-06  6.56372E-01  5.02564E-01  2.06714E+00  1.68791E+01 -7.54277E+00 -1.49783E+00  1.34948E+04  8.55639E+03  4.27066E+04  8.85490E+03  8.87208E+03  1.19738E+04  0.00000E+00  1.78302E-04  3.83956E-04
       3       2       4  8.85421E-04  4.34622E-04  8.85421E-06  1.12559E+00  8.48232E-01  3.30534E+00  1.07610E+02 -1.31713E+02 -3.49212E+00  8.02877E+04  7.73430E+04  7.80128E+04  1.18413E+04  1.22330E+04  1.65252E+04  0.00000E+00  3.18511E-04  1.16111E-04
       3       2       5  8.12791E-04  6.66308E-04  8.12791E-06  1.61849E+00  1.25268E+00  4.82693E+00  3.65486E+01 -6.22889E+01  6.20437E+00  2.76148E+04  2.73705E+04  5.07097E+04  1.56923E+04  9.71148E+03  1.27523E+04  0.00000E+00  4.79001E-04  1.87307E-04
       3       2       6  6.58213E-04  6.96102E-04  6.58213E-06  2.32360E+00  1.75098E+00  6.53922E+00  2.32447E+01 -9.04646E+00 -1.06414E+00  1.14722E+04  6.52729E+03  3.47963E+04  5.69322E+03  7.81615E+03  9.26945E+03  0.00000E+00  2.13533E-04  4.82569E-04
       3       2       7  6.63931E-04  4.18227E-04  6.63931E-06  3.73287E+00  2.84477E+00  1.12281E+01  5.08381E+01 -7.05526E+01  1.06853E+01  3.56113E+04  3.43947E+04  7.12365E+04  1.68909E+04  1.26795E+04  1.74249E+04  0.00000E+00  2.28013E-04  1.90214E-04
       3       2       8  1.10617E-03  7.86919E-04  1.10617E-05  5.38377E+00  4.17051E+00  1.66958E+01  3.27180E+01 -4.22150E+01  5.57388E+00  1.74883E+04  1.49016E+04  3.97892E+04  1.03666E+04  7.28381E+03  9.45400E+03  0.00000E+00  4.33577E-04  3.53341E-04
       3       2       9  1.16799E-03  8.69711E-04  1.16799E-05  7.15124E+00  5.58405E+00  2.29319E+01  1.08087E+01 -1.39589E+01  5.58508E+00  4.91414E+03  4.22528E+03  1.40901E+04  2.98157E+03  2.79830E+03  3.53842E+03  0.00000E+00  1.96166E-04  6.73545E-04
       3       2      10  5.24348E-04  4.80162E-04  5.24348E-06  2.36204E+01  1.84762E+01  6.67850E+01  1.68685E+01 -2.03320E+01  1.29881E+01  1.15110E+04  1.17728E+04  3.58281E+04  8.19545E+03  7.73453E+03  1.08905E+04  0.00000E+00  1.15150E-04  3.65012E-04
       3       3       1  2.10239E-03  2.20760E-03  2.10239E-05  2.89273E-01  2.22651E-01  4.89710E-01  5.18204E+01 -7.74070E+01  1.15106E+00  3.88890E+04  3.17152E+04  4.74993E+04  1.21248E+04  1.20309E+03  2.01379E+03  0.00000E+00  1.95643E-03  2.51175E-04
       3       3       2  6.17520E-04  6.15131E-04  6.17520E-06  7.30104E-01  5.58726E-01  1.21300E+00  3.99623E+01 -5.25409E+01 -5.45593E+00  4.98151E+04  3.81028E+04  7.07047E+04  2.26724E+04  8.83126E+03  1.12599E+04  0.00000E+00  4.82553E-04  1.32578E-04
       3       3       3  1.05370E-03  1.07129E-03  1.05370E-05  1.10052E+00  8.50519E-01  1.79225E+00  4.28090E+01 -5.23895E+01  2.59611E+00  2.13618E+04  2.14699E+04  3.38409E+04  7.89767E+02  7.71648E+03  1.12605E+04  0.00000E+00  8.23168E-04  2.48125E-04
       3       3       4  1.58486E-03  9.95933E-04  1.58486E-05  1.64430E+00  1.26768E+00  2.70007E+00  1.11468E+02 -1.48488E+02  5.29073E+00  7.65886E+04  8.79140E+04  6.44268E+04 -2.08649E+04  9.81090E+03  1.69555E+04  0.00000E+00  7.92825E-04  2.03108E-04
       3       3       5  1.52303E-03  1.41106E-03  1.52303E-05  2.56289E+00  1.96218E+00  4.13073E+00  6.94730E+01 -5.07043E+01  2.67006E+00  4.69310E+04  3.43331E+04  4.48686E+04  1.33316E+04  7.38778E+03  9.06322E+03  0.00000E+00  1.05771E-03  3.53353E-04
       3       3       6  1.37264E-03  1.58963E-03  1.37264E-05  3.47899E+00  2.66618E+00  5.58916E+00  3.61193E+01 -5.31626E+01  3.31199E+00  1.83363E+04  1.76077E+04  2.65146E+04  1.96988E+03  3.16966E+03  4.56931E+03  0.00000E+00  9.88007E-04  6.01621E-04
       3       3       7  1.32493E-03  1.17695E-03  1.32493E-05  5.83596E+00  4.47075E+00  9.76811E+00  1.19683E+02 -1.53232E+02  1.32042E+00  4.57916E+04  4.85257E+04  5.06201E+04 -7.16020E+03  3.26823E+03  3.96365E+03  0.00000E+00  1.07766E-03  9.92912E-05
       3       3       8  2.08505E-03  2.41591E-03  2.08505E-05  8.74218E+00  6.71199E+00  1.44371E+01  7.39505E+01 -9.40553E+01  3.36682E+00  2.25642E+04  2.18682E+04  3.00795E+04  3.50186E+02  1.38895E+03  2.52819E+03  0.00000E+00  2.12770E-03  2.88211E-04
       3       3       9  2.53168E-03  3.13489E-03  2.53168E-05  1.18888E+01  9.17950E+00  1.97196E+01  3.80182E+01 -4.48277E+01  1.29615E+00  7.76057E+03  6.95659E+03  1.15668E+04  5.08624E+02  1.03423E+03  2.06769E+03  0.00000E+00  2.33924E-03  7.95651E-04
       3       3      10  1.23430E-03  1.30113E-03  1.23430E-05  3.42414E+01  2.72465E+01  5.83931E+01  3.04111E+01 -4.10494E+01 -1.89606E+01  1.51366E+04  1.17185E+04  3.36451E+04  8.78378E+03  5.72692E+03  4.81151E+03  0.00000E+00  8.60116E-04  4.41015E-04
       3       4       1  2.92441E-03  3.27037E-03  2.92441E-05  3.85477E-01  2.97966E-01  3.44076E-01  9.10180E+01 -1.28640E+02  1.86812E+00  5.03402E+04  5.49923E+04  3.41351E+04 -6.49465E+03  1.61980E+03  1.88150E+03  0.00000E+00  2.86263E-03  4.07743E-04
       3       4       2  8.85423E-04  9.94394E-04  8.85423E-06  9.77958E-01  7.55326E-01  8.59566E-01 -9.82646E+00  1.12159E+01  6.47318E-01  6.23987E+04  5.71094E+04  3.62974E+04  9.06575E+03 -2.27254E+01  1.70962E+01  0.00000E+00  9.00860E-04  9.35341E-05
       3       4       3  1.48652E-03  1.61956E-03  1.48652E-05  1.43120E+00  1.10532E+00  1.28751E+00  3.81679E+01 -4.99724E+01 -5.66231E-01  2.51266E+04  3.08175E+04  2.22125E+04 -7.77276E+03  2.85646E+03 -3.96278E+02  0.00000E+00  1.44506E-03  1.74500E-04
       3       4       4  2.38740E-03  1.68953E-03  2.38740E-05  2.24939E+00  1.72543E+00  2.06438E+00  1.30464E+02 -1.59211E+02  1.61510E+00  8.01561E+04  9.76743E+04  4.04499E+04 -4.00660E+04  2.89298E+03  2.35733E+03  0.00000E+00  1.61995E-03  6.95828E-05
       3       4       5  2.45509E-03  3.21125E-03  2.45509E-05  3.38780E+00  2.61129E+00  3.01908E+00  6.75668E+01 -8.97420E+01  2.94398E+00  4.57919E+04  4.64423E+04  2.55576E+04 -1.65277E+02 -2.12527E+02  1.56665E+03  0.00000E+00  2.99187E-03  2.19381E-04
       3       4       6  2.56114E-03  3.34924E-03  2.56114E-05  4.65386E+00  3.59688E+00  4.09703E+00  4.16701E+01 -5.16237E+01 -1.34076E+00  2.02980E+04  1.92185E+04  1.23296E+04  1.71353E+03  2.55079E+03  3.40015E+03  0.00000E+00  2.52890E-03  8.20336E-04
       3       4       7  2.60548E-03  2.36848E-03  2.60548E-05  7.86647E+00  6.04512E+00  6.93279E+00  1.44643E+02 -1.91298E+02  6.51887E+00  5.00374E+04  6.03374E+04  3.39265E+04 -1.75992E+04  2.52284E+02  2.50948E+03  0.00000E+00  2.26798E-03  1.00501E-04
       3       4       8  3.42884E-03  4.35362E-03  3.42884E-05  1.18823E+01  9.10188E+00  1.02373E+01  8.72092E+01 -1.18433E+02 -2.13603E-01  2.78197E+04  2.83317E+04  1.91781E+04 -1.23484E+03  2.43112E+03  2.58662E+03  0.00000E+00  4.15335E-03  2.00268E-04
       3       4       9  4.94630E-03  5.60808E-03  4.94630E-05  1.62939E+01  1.24896E+01  1.40095E+01  4.88996E+01 -6.21381E+01  2.67609E+00  9.31323E+03  9.47368E+03  6.07177E+03 -4.72480E+02  4.41943E+01  2.28008E+02  0.00000E+00  5.21253E-03  3.95553E-04
       3       4      10  3.35789E-03  4.14629E-03  3.35789E-05  4.19282E+01  3.21611E+01  3.51099E+01  1.39589E+02 -1.81684E+02 -6.06503E+00  3.19010E+04  4.48039E+04  9.13334E+03 -2.43122E+04  7.38371E+02  4.78373E+02  0.00000E+00  3.97625E-03  1.70038E-04
       3       5       1  3.60976E-03  3.70091E-03  3.60976E-05  4.17846E-01  3.22352E-01  2.24608E-01  8.88880E+01 -1.19695E+02 -1.30801E-01  4.47894E+04  4.78357E+04  3.67812E+04 -6.41739E+03  1.55045E+03  1.36369E+03  0.00000E+00  2.97881E-03  7.22099E-04
       3       5       2  1.12929E-03  1.04549E-03  1.12929E-05  1.10082E+00  8.52027E-01  5.98964E-01 -1.06049E+01  1.83831E+01 -5.76018E+00  6.82223E+04  6.13227E+04  3.88950E+04  1.09438E+04 -1.49363E+03 -2.83057E+03  0.00000E+00  9.54167E-04  9.13189E-05
       3       5       3  1.85785E-03  1.82109E-03  1.85785E-05  1.60081E+00  1.22713E+00  8.63817E-01  4.60488E+01 -5.27504E+01 -6.57691E+00  4.62845E+04  4.18170E+04  3.09077E+04  6.04734E+03  2.29063E+02 -1.72561E+03  0.00000E+00  1.64241E-03  1.78683E-04
       3       5       4  3.17487E-03  1.84058E-03  3.17487E-05  2.51884E+00  1.93820E+00  1.34314E+00  9.77118E+01 -1.25601E+02 -1.70776E+00  6.82548E+04  7.49698E+04  6.69477E+04 -1.24655E+04  7.48754E+02  1.45797E+03  0.00000E+00  1.76826E-03  7.23163E-05
       3       5       5  3.51124E-03  3.48453E-03  3.51124E-05  3.82295E+00  2.92149E+00  2.06632E+00  5.98337E+01 -8.71136E+01 -1.22094E+00  4.44579E+04  4.29337E+04  3.39385E+04  5.42297E+03  8.73659E+02  1.90754E+03  0.00000E+00  3.28393E-03  2.00604E-04
       3       5       6  4.21943E-03  4.49281E-03  4.21943E-05  5.29527E+00  4.08850E+00  2.84238E+00  4.72171E+01 -6.03962E+01  1.33584E+00  3.24435E+04  2.66856E+04  1.71385E+04  1.13117E+04  2.26131E+03  2.93705E+03  0.00000E+00  3.74307E-03  7.49748E-04
       3       5       7  5.13656E-03  3.30689E-03  5.13656E-05  8.70034E+00  6.74149E+00  4.64749E+00  1.06498E+02 -1.46952E+02 -2.09346E+00  5.53192E+04  5.39048E+04  3.88048E+04  6.34418E+03  4.57861E+03  4.63679E+03  0.00000E+00  2.86406E-03  4.42830E-04
       3       5       8  5.48998E-03  6.26971E-03  5.48998E-05  1.31644E+01  1.02118E+01  6.98506E+00  7.28939E+01 -9.11983E+01  6.77113E+00  3.10072E+04  2.71304E+04  1.94660E+04  7.91608E+03  2.12823E+03  4.11014E+03  0.00000E+00  5.28001E-03  9.89696E-04
       3       5       9  8.47926E-03  9.58223E-03  8.47926E-05  1.83987E+01  1.43438E+01  9.69699E+00  3.28653E+01 -4.57367E+01  1.43365E+00  8.92488E+03  8.36683E+03  5.76508E+03  2.04315E+03  9.39171E+02  1.18661E+03  0.00000E+00  6.66490E-03  2.91733E-03
       3       5      10  9.52467E-03  5.53886E-03  9.52467E-05  4.64299E+01  3.55359E+01  2.49373E+01  1.26275E+02 -1.69314E+02 -2.01284E+00  3.02913E+04  4.03766E+04  1.53108E+04 -1.84101E+04  4.01441E+02  1.05423E+03  0.00000E+00  5.13890E-03  3.99961E-04
       3       6       1  4.00929E-03  4.15321E-03  4.00929E-05  4.60781E-01  3.55991E-01  7.99222E-02  7.48578E+01 -1.04964E+02 -5.35057E-01  4.65935E+04  4.41594E+04  3.57941E+04  5.84665E+03  1.01375E+03  7.47140E+02  0.00000E+00  3.62147E-03  5.31739E-04
       3       6       2  1.28202E-03  1.27818E-03  1.28202E-05  1.18638E+00  9.14943E-01  1.97111E-01 -3.32966E+01  4.47234E+01 -2.12061E+00  6.68618E+04  6.34406E+04  3.38905E+04  8.05383E+03  3.76116E+01 -4.28792E+02  0.00000E+00  1.17250E-03  1.05688E-04
       3       6       3  2.07866E-03  2.13593E-03  2.07866E-05  1.75659E+00  1.35993E+00  2.83259E-01  3.65051E+01 -5.20911E+01  1.52350E+00  4.24464E+04  3.74432E+04  2.83582E+04  1.42334E+04 -2.20564E+03 -1.03071E+03  0.00000E+00  1.75253E-03  3.83392E-04
       3       6       4  3.68945E-03  2.93328E-03  3.68945E-05  2.70760E+00  2.09081E+00  4.48072E-01  4.86262E+01 -6.40714E+01 -2.66479E+00  7.45852E+04  8.76859E+04  5.00666E+04 -2.09599E+04  1.16808E+03  7.53235E+02  0.00000E+00  2.66651E-03  2.66768E-04
       3       6       5  4.28228E-03  4.73227E-03  4.28228E-05  4.11463E+00  3.18042E+00  6.81778E-01  3.46043E+01 -4.09956E+01  2.71181E+00  5.00783E+04  4.89648E+04  2.39228E+04  3.12851E+03  2.55114E+03  3.69732E+03  0.00000E+00  4.30790E-03  4.24370E-04
       3       6       6  5.60737E-03  6.26753E-03  5.60737E-05  5.61759E+00  4.32722E+00  9.21453E-01  2.91406E+01 -3.60251E+01 -1.45293E+00  2.64481E+04  2.49098E+04  1.31717E+04  4.29138E+03  2.00407E+03  1.95574E+03  0.00000E+00  5.71323E-03  5.54297E-04
       3       6       7  8.03375E-03  6.14211E-03  8.03375E-05  9.43447E+00  7.26655E+00  1.63081E+00  1.62652E+02 -2.12160E+02 -1.59991E+00  5.60597E+04  7.08401E+04  2.31544E+04 -2.51239E+04  2.30463E+03  2.23558E+03  0.00000E+00  5.53092E-03  6.11189E-04
       3       6       8  8.13071E-03  1.06378E-02  8.13071E-05  1.41907E+01  1.09363E+01  2.40668E+00  1.05908E+02 -1.37064E+02  2.83823E+00  3.33463E+04  3.59737E+04  1.07052E+04 -4.47525E+03  8.32924E+02  1.59773E+03  0.00000E+00  9.47308E-03  1.16468E-03
       3       6       9  1.16158E-02  1.27690E-02  1.16158E-04  1.91980E+01  1.48991E+01  3.39096E+00  5.94029E+01 -7.64020E+01  1.26470E+00  1.20072E+04  1.36756E+04  4.55291E+03 -3.00118E+03  5.83816E+02  7.12730E+02  0.00000E+00  9.92159E-03  2.84740E-03
       3       6      10  1.91019E-02  2.26460E-02  1.91019E-04  4.79761E+01  3.69104E+01  7.83181E+00  1.66655E+02 -2.17613E+02  3.02308E-01  3.23801E+04  5.19868E+04  5.92991E+03 -3.61568E+04 -3.74987E+01  1.92680E+02  0.00000E+00  2.19765E-02  6.69526E-04
       4       1       1  4.13799E-04  4.35379E-04  4.13799E-06  6.33595E-02  8.23140E-02  5.38666E-01  1.37878E+02 -1.05468E+02  9.29060E-01  6.55842E+04  6.62850E+04  8.31200E+04 -3.95877E+03  8.41105E+03  7.20469E+03  0.00000E+00  3.05363E-04  1.30016E-04
       4       1       2  1.17925E-04  1.23100E-04  1.17925E-06  1.67654E-01  2.18157E-01  1.44593E+00  1.48499E+02 -5.99260E+01 -8.51867E+00  5.19684E+04  3.54012E+04  8.33944E+04 -3.44575E+03  8.60365E+03  1.02038E+04  0.00000E+00  9.55707E-05  2.75297E-05
       4       1       3  2.03483E-04  2.00200E-04  2.03483E-06  2.41718E-01  3.16376E-01  2.09510E+00  9.07176E+01 -2.41680E+01  6.64235E+00  2.53169E+04  2.06460E+04  3.24792E+04  5.54520E+03  5.54648E+03  3.59239E+03  0.00000E+00  1.56678E-04  4.35225E-05
       4       1       4  2.83006E-04  1.86040E-04  2.83006E-06  4.17263E-01  5.45732E-01  3.64165E+00  2.11097E+02 -9.87820E+01  1.32740E+01  9.04074E+04  5.25378E+04  3.40757E+04 -1.33952E+04  1.98147E+03  3.33236E+03  0.00000E+00  1.70932E-04  1.51083E-05
       4       1       5  2.54273E-04  3.30258E-04  2.54273E-06  5.95408E-01  7.66897E-01  5.22005E+00  1.53631E+02 -7.14685E+01  1.08583E+00  4.11420E+04  1.97057E+04  3.19975E+04 -1.14917E+04  2.36332E+03  1.55366E+02  0.00000E+00  3.05047E-04  2.52107E-05
       4       1       6  1.95435E-04  2.35029E-04  1.95435E-06  8.16397E-01  1.06452E+00  6.69190E+00  7.99499E+01 -4.08957E+01 -5.84949E+00  1.68088E+04  1.03445E+04  2.98884E+04 -3.62906E+03  3.57503E+03  4.32157E+03  0.00000E+00  1.49894E-04  8.51355E-05
       4       1       7  2.05886E-04  2.02269E-04  2.05886E-06  1.42845E+00  1.82897E+00  1.22496E+01  1.89734E+02 -9.39169E+01 -2.10725E+01  5.63195E+04  3.13291E+04  4.02237E+04 -1.24329E+04  5.88847E+03  3.98580E+03  0.00000E+00  1.54418E-04  4.78510E-05
       4       1       8  3.44043E-04  3.72137E-04  3.44043E-06  2.10261E+00  2.70380E+00  1.79147E+01  1.37636E+02 -6.25316E+01  1.60540E+01  2.69287E+04  1.46789E+04  2.45337E+04 -6.53997E+03  2.53592E+03  1.48959E+03  0.00000E+00  2.96261E-04  7.58760E-05
       4       1       9  3.39836E-04  3.38481E-04  3.39836E-06  2.88634E+00  3.73664E+00  2.37193E+01  5.69621E+01 -2.14295E+01  7.88076E+00  8.68423E+03  4.45925E+03  8.60182E+03 -2.08450E+03  1.49251E+03  7.29247E+02  0.00000E+00  1.32789E-04  2.05692E-04
       4       1      10  1.55377E-04  1.69446E-04  1.55377E-06  8.42832E+00  1.18397E+01  7.10545E+01  9.28730E+01 -3.44837E+01  1.80964E+01  2.21636E+04  1.27756E+04  2.55339E+04 -3.64357E+03  4.02824E+03  2.40113E+03  0.00000E+00  7.53373E-05  9.41092E-05
       4       2       1  1.25099E-03  1.07726E-03  1.25099E-05  1.16504E-01  1.52152E-01  4.54580E-01  1.00685E+02 -8.01764E+01  2.43947E+00  5.27909E+04  5.84561E+04  8.19034E+04  1.94310E+04  8.80213E+03  7.60968E+03  0.00000E+00  8.45547E-04  2.31715E-04
       4       2       2  3.59965E-04  3.10289E-04  3.59965E-06  3.40329E-01  4.46503E-01  1.39648E+00  4.39353E+01 -3.74819E+01  8.40351E+00  2.78093E+04  4.26326E+04  8.95950E+04  2.38607E+04  2.20307E+04  1.83560E+04  0.00000E+00  1.55171E-04  1.55117E-04
       4       2       3  6.19464E-04  5.46437E-04  6.19464E-06  4.90603E-01  6.45739E-01  2.07185E+00  1.20648E+01 -1.07861E+01 -3.04266E+00  7.81674E+03  1.22023E+04  3.86983E+04  7.94702E+03  1.11825E+04  8.23917E+03  0.00000E+00  1.54322E-04  3.92115E-04
       4       2       4  8.85130E-04  3.49121E-04  8.85130E-06  8.44595E-01  1.09845E+00  3.26267E+00  1.41116E+02 -1.20804E+02 -1.83711E+01  7.24744E+04  8.78213E+04  7.75906E+04  3.48254E+03  1.86110E+04  1.11654E+04  0.00000E+00  2.53648E-04  9.54733E-05
       4       2       5  8.12525E-04  7.39436E-04  8.12525E-06  1.27665E+00  1.66257E+00  4.80612E+00  6.30077E+01 -4.07824E+01  5.83312E+00  2.50788E+04  3.13404E+04  4.53016E+04  1.39839E+04  8.35743E+03  8.30923E+03  0.00000E+00  5.27707E-04  2.11729E-04
       4       2       6  6.57970E-04  6.70255E-04  6.57970E-06  1.70952E+00  2.28448E+00  6.67722E+00  1.37585E+01 -1.14175E+01 -1.10298E+01  4.53494E+03  6.80193E+03  2.60218E+04  2.82836E+03  7.99936E+03  4.61786E+03  0.00000E+00  1.26752E-04  5.43503E-04
       4       2       7  6.63755E-04  3.01665E-04  6.63755E-06  2.86821E+00  3.72249E+00  1.12747E+01  9.28951E+01 -6.25694E+01  4.47119E-01  3.56710E+04  4.54763E+04  6.28222E+04  1.59928E+04  1.37121E+04  1.13800E+04  0.00000E+00  2.01044E-04  1.00621E-04
       4       2       8  1.10591E-03  6.48940E-04  1.10591E-05  4.18745E+00  5.44563E+00  1.67443E+01  4.87921E+01 -4.04686E+01 -8.06451E+00  1.33197E+04  2.14061E+04  3.75349E+04  9.56365E+03  7.38078E+03  5.78897E+03  0.00000E+00  3.86799E-04  2.62141E-04
       4       2       9  1.16750E-03  8.26530E-04  1.16750E-05  6.06704E+00  7.69712E+00  2.27036E+01  1.12460E+01 -1.63390E+01 -4.28176E-02  3.67740E+03  6.09969E+03  1.56541E+04  2.99933E+03  4.91656E+03  4.01729E+03  0.00000E+00  1.80573E-04  6.45957E-04
       4       2      10  5.24125E-04  5.60418E-04  5.24125E-06  1.82641E+01  2.44619E+01  6.72337E+01  9.62621E+00 -2.34906E+01 -1.29382E+01  6.40825E+03  1.31578E+04  3.82558E+04  6.08018E+03  1.22630E+04  9.36691E+03  0.00000E+00  9.74238E-05  4.62994E-04
       4       3       1  2.10126E-03  2.15189E-03  2.10126E-05  2.20744E-01  2.87102E-01  4.84494E-01  7.50681E+01 -5.30338E+01  3.23972E+00  3.32204E+04  3.62334E+04  4.78544E+04  1.19081E+04  6.17365E+02  6.62702E+02  0.00000E+00  1.98595E-03  1.65935E-04
       4       3       2  6.17082E-04  6.01281E-04  6.17082E-06  5.55499E-01  7.31893E-01  1.21233E+00  5.64778E+01 -4.18898E+01  4.56528E+00  3.72896E+04  4.97413E+04  6.46414E+04  2.12090E+04  1.08120E+04  8.93287E+03  0.00000E+00  4.94214E-04  1.07067E-04
       4       3       3  1.05318E-03  9.80151E-04  1.05318E-05  8.42787E-01  1.09491E+00  1.78539E+00  6.20274E+01 -4.43949E+01 -3.83697E+00  2.28089E+04  2.13671E+04  3.26725E+04 -1.15534E+03  8.15603E+03  5.21277E+03  0.00000E+00  8.07525E-04  1.72627E-04
       4       3       4  1.58354E-03  9.67363E-04  1.58354E-05  1.27744E+00  1.66086E+00  2.71610E+00  1.44845E+02 -1.15589E+02  6.45778E+00  8.59146E+04  7.48375E+04  6.16815E+04 -2.20528E+04  1.24311E+04  8.73376E+03  0.00000E+00  7.89280E-04  1.78082E-04
       4       3       5  1.52165E-03  1.36734E-03  1.52165E-05  1.96907E+00  2.56515E+00  4.14874E+00  6.55108E+01 -5.41236E+01 -2.51973E+01  3.58599E+04  4.00482E+04  4.55622E+04  1.02157E+04  1.09834E+04  5.76848E+03  0.00000E+00  1.01814E-03  3.49203E-04
       4       3       6  1.37125E-03  1.69783E-03  1.37125E-05  2.63085E+00  3.45445E+00  5.63550E+00  4.67748E+01 -3.36713E+01  9.84589E+00  1.61084E+04  1.61495E+04  2.36067E+04  1.21588E+03  3.91900E+03  4.03430E+03  0.00000E+00  1.00173E-03  6.96097E-04
       4       3       7  1.32366E-03  1.15992E-03  1.32366E-05  4.46382E+00  5.79366E+00  9.82708E+00  1.63577E+02 -1.09668E+02  3.19066E+00  4.85695E+04  4.17496E+04  5.21792E+04 -8.48017E+03  3.69789E+03  2.28650E+03  0.00000E+00  1.06169E-03  9.82247E-05
       4       3       8  2.08378E-03  2.20548E-03  2.08378E-05  6.63771E+00  8.61008E+00  1.44978E+01  1.01784E+02 -7.50029E+01  1.24898E+00  2.33231E+04  2.24579E+04  3.18352E+04 -4.79745E+02  3.01619E+03  2.03685E+03  0.00000E+00  1.98266E-03  2.22820E-04
       4       3       9  2.52883E-03  2.51007E-03  2.52883E-05  8.94102E+00  1.16807E+01  1.98093E+01  5.68939E+01 -3.86381E+01 -3.42365E+00  8.13208E+03  7.73540E+03  1.18794E+04 -1.12283E+02  1.39820E+03  3.65648E+02  0.00000E+00  2.12252E-03  3.87556E-04
       4       3      10  1.23214E-03  1.41570E-03  1.23214E-05  2.75252E+01  3.64450E+01  6.06354E+01  3.62261E+01 -3.28169E+01  2.24742E+01  8.93013E+03  1.36821E+04  2.96122E+04  6.96121E+03  4.41149E+03  4.97832E+03  0.00000E+00  9.92032E-04  4.23670E-04
       4       4       1  2.92170E-03  3.19071E-03  2.92170E-05  2.97492E-01  3.87103E-01  3.45856E-01  1.27998E+02 -9.81382E+01 -1.58939E+00  5.50195E+04  4.93500E+04  3.29798E+04 -8.05565E+03  1.60283E+03  3.49245E+02  0.00000E+00  2.93315E-03  2.57558E-04
       4       4       2  8.84248E-04  9.53770E-04  8.84248E-06  7.56775E-01  9.79470E-01  8.62021E-01 -1.15401E+01  1.39999E+01 -5.66503E+00  5.80536E+04  5.95186E+04  3.63163E+04  7.19506E+03  8.36005E+02  6.33344E+02  0.00000E+00  8.86073E-04  6.76976E-05
       4       4       3  1.48526E-03  1.54781E-03  1.48526E-05  1.10566E+00  1.43029E+00  1.28694E+00  5.24716E+01 -4.21959E+01  7.76713E+00  3.36129E+04  2.96254E+04  2.45826E+04 -8.32653E+03  1.10542E+03  5.06618E+03  0.00000E+00  1.40373E-03  1.44076E-04
       4       4       4  2.38383E-03  1.76405E-03  2.38383E-05  1.72552E+00  2.24803E+00  2.06186E+00  1.63067E+02 -1.27316E+02 -6.56309E+00  9.96886E+04  7.73865E+04  4.23226E+04 -3.94872E+04  2.71643E+03  1.21576E+03  0.00000E+00  1.68258E-03  8.14730E-05
       4       4       5  2.45071E-03  3.01077E-03  2.45071E-05  2.62999E+00  3.41644E+00  3.00167E+00  9.32085E+01 -7.04289E+01  2.67043E+00  4.77846E+04  4.74239E+04  2.39400E+04 -1.34148E+03  2.71622E+03  1.44003E+03  0.00000E+00  2.80459E-03  2.06178E-04
       4       4       6  2.55612E-03  3.07722E-03  2.55612E-05  3.59429E+00  4.63829E+00  4.03862E+00  5.39821E+01 -4.63539E+01 -1.57826E+00  2.07484E+04  2.21132E+04  1.39073E+04  2.33772E+03  2.34303E+03  1.64610E+03  0.00000E+00  2.52899E-03  5.48230E-04
       4       4       7  2.59878E-03  2.32952E-03  2.59878E-05  6.07166E+00  7.91335E+00  6.87863E+00  1.90261E+02 -1.50036E+02 -6.19166E+00  6.08063E+04  5.11851E+04  3.20431E+04 -1.79984E+04  2.25275E+03  1.08968E+03  0.00000E+00  2.23172E-03  9.78030E-05
       4       4       8  3.42415E-03  4.38174E-03  3.42415E-05  9.09430E+00  1.18335E+01  1.02547E+01  1.20225E+02 -8.91538E+01  1.75712E+00  2.93595E+04  2.77136E+04  1.92839E+04 -9.87304E+02  7.33762E+02  1.38262E+03  0.00000E+00  4.22320E-03  1.58532E-04
       4       4       9  4.93587E-03  5.58080E-03  4.93587E-05  1.25132E+01  1.63289E+01  1.39121E+01  6.28406E+01 -5.27271E+01 -4.52524E+00  9.48633E+03  9.46013E+03  6.20518E+03 -1.07500E+03  8.63780E+02  3.41970E+02  0.00000E+00  5.17984E-03  4.00962E-04
       4       4      10  3.34266E-03  4.41120E-03  3.34266E-05  3.27358E+01  4.25204E+01  3.62949E+01  1.71516E+02 -1.32483E+02  5.25397E+00  4.33831E+04  3.06879E+04  8.12227E+03 -2.21532E+04  1.20679E+03  1.42720E+03  0.00000E+00  4.07257E-03  3.38630E-04
       4       5       1  3.60512E-03  3.68408E-03  3.60512E-05  3.16902E-01  4.15382E-01  2.21027E-01  1.18653E+02 -9.38929E+01 -1.77099E+00  4.68433E+04  4.26837E+04  3.67954E+04 -7.77437E+03  1.13604E+03  5.56223E+02  0.00000E+00  3.13331E-03  5.50768E-04
       4       5       2  1.12707E-03  1.00704E-03  1.12707E-05  8.49482E-01  1.09870E+00  5.97618E-01 -1.58877E+01  1.57711E+01 -8.31335E+00  6.23775E+04  6.46554E+04  3.92318E+04  7.89325E+03  1.16041E+02 -1.10731E+03  0.00000E+00  9.59844E-04  4.71922E-05
       4       5       3  1.85566E-03  1.74275E-03  1.85566E-05  1.22659E+00  1.60198E+00  8.57740E-01  5.32056E+01 -5.13962E+01 -9.70165E+00  4.12577E+04  4.82302E+04  3.11143E+04  5.29548E+03  3.19726E+02 -1.94033E+03  0.00000E+00  1.63030E-03  1.12452E-04
       4       5       4  3.16811E-03  1.81789E-03  3.16811E-05  1.92069E+00  2.51861E+00  1.34709E+00  1.29465E+02 -9.43451E+01 -1.32246E+01  7.56787E+04  6.82711E+04  6.69073E+04 -1.21412E+04  3.78948E+03  7.02652E+02  0.00000E+00  1.74383E-03  7.40628E-05
       4       5       5  3.50156E-03  3.52900E-03  3.50156E-05  2.91634E+00  3.80982E+00  2.07023E+00  8.24272E+01 -6.80676E+01  1.48410E+01  4.20890E+04  4.67561E+04  3.41066E+04  5.60651E+03  1.03817E+03  2.86408E+03  0.00000E+00  3.35394E-03  1.75062E-04
       4       5       6  4.20705E-03  4.30090E-03  4.20705E-05  4.03085E+00  5.26992E+00  2.85653E+00  6.35911E+01 -4.76181E+01 -5.67950E+00  2.63092E+04  3.09552E+04  1.63247E+04  9.93422E+03  2.48933E+03  1.67578E+03  0.00000E+00  3.79617E-03  5.04727E-04
       4       5       7  5.11206E-03  3.15316E-03  5.11206E-05  6.69469E+00  8.75409E+00  4.68475E+00  1.48971E+02 -1.15792E+02  2.44168E+00  5.26021E+04  5.56262E+04  3.97927E+04  4.33171E+03  2.34046E+03  2.43373E+03  0.00000E+00  2.88010E-03  2.73057E-04
       4       5       8  5.47075E-03  5.68586E-03  5.47075E-05  1.01101E+01  1.31865E+01  7.05274E+00  9.89236E+01 -7.61060E+01 -6.31543E+00  2.78558E+04  3.11257E+04  1.93637E+04  6.76223E+03  2.34652E+03  1.12097E+03  0.00000E+00  5.09600E-03  5.89857E-04
       4       5       9  8.45281E-03  8.26808E-03  8.45281E-05  1.41273E+01  1.83318E+01  9.72437E+00  5.11853E+01 -3.93505E+01  1.74209E+00  8.67881E+03  9.43955E+03  6.21977E+03  1.54106E+03  7.67674E+02  8.21607E+02  0.00000E+00  6.79469E-03  1.47339E-03
       4       5      10  9.44791E-03  5.78410E-03  9.44791E-05  3.63645E+01  4.74208E+01  2.54927E+01  1.58809E+02 -1.20543E+02  3.48694E+00  3.83691E+04  2.96420E+04  1.40078E+04 -1.66038E+04  1.30091E+03  8.43807E+02  0.00000E+00  5.17369E-03  6.10408E-04
       4       6       1  4.00327E-03  4.25178E-03  4.00327E-05  3.53136E-01  4.61250E-01  7.75431E-02  1.00084E+02 -7.81834E+01 -1.52481E+00  4.20675E+04  4.47251E+04  3.40425E+04  5.42024E+03  3.32062E+02  3.10499E+02  0.00000E+00  3.86296E-03  3.88819E-04
       4       6       2  1.27896E-03  1.21384E-03  1.27896E-05  9.12241E-01  1.18607E+00  1.94658E-01 -4.72432E+01  3.41055E+01 -6.29914E+00  6.22840E+04  6.44751E+04  3.34094E+04  3.30756E+03 -2.07419E+02 -6.58859E+02  0.00000E+00  1.15952E-03  5.43211E-05
       4       6       3  2.07579E-03  1.96145E-03  2.07579E-05  1.35010E+00  1.75313E+00  2.86786E-01  5.57063E+01 -4.13831E+01 -5.32575E-01  3.44508E+04  3.81329E+04  2.87765E+04  8.59350E+03 -1.30801E+03  1.90723E+03  0.00000E+00  1.78522E-03  1.76227E-04
       4       6       4  3.68013E-03  2.73162E-03  3.68013E-05  2.08531E+00  2.71349E+00  4.57155E-01  6.74373E+01 -5.09675E+01 -3.13408E+00  8.79899E+04  7.22609E+04  4.76943E+04 -2.84223E+04  1.03318E+03  1.47577E+02  0.00000E+00  2.57972E-03  1.51896E-04
       4       6       5  4.26765E-03  4.60735E-03  4.26765E-05  3.16312E+00  4.12682E+00  6.80220E-01  4.40324E+01 -3.31378E+01  6.46791E+00  4.60788E+04  4.55943E+04  2.52551E+04 -1.31029E+03  9.55446E+02  2.21677E+03  0.00000E+00  4.37054E-03  2.36810E-04
       4       6       6  5.58740E-03  5.87147E-03  5.58740E-05  4.32478E+00  5.62658E+00  9.19432E-01  3.87578E+01 -2.93439E+01 -3.36162E+00  2.34433E+04  2.42147E+04  1.21941E+04  1.31401E+03  1.12208E+03  5.49252E+02  0.00000E+00  5.53216E-03  3.39308E-04
       4       6       7  7.98341E-03  5.88708E-03  7.98341E-05  7.27502E+00  9.45533E+00  1.60164E+00  2.21389E+02 -1.70865E+02  3.61319E+00  7.09896E+04  5.54946E+04  2.27150E+04 -2.93760E+04  4.77938E+02  1.03852E+03  0.00000E+00  5.57764E-03  3.09444E-04
       4       6       8  8.07772E-03  1.03767E-02  8.07772E-05  1.09153E+01  1.41979E+01  2.34475E+00  1.43209E+02 -1.09728E+02 -4.51810E+00  3.58939E+04  3.28115E+04  1.15672E+04 -6.20135E+03  7.61675E+02  6.19261E+01  0.00000E+00  9.72266E-03  6.54075E-04
       4       6       9  1.15692E-02  1.19797E-02  1.15692E-04  1.46838E+01  1.91390E+01  3.15301E+00  8.29018E+01 -6.31334E+01 -7.55682E-01  1.41491E+04  1.20191E+04  5.00158E+03 -3.84091E+03  2.07447E+02  1.25620E+01  0.00000E+00  1.01902E-02  1.78948E-03
       4       6      10  1.88955E-02  2.25272E-02  1.88955E-04  3.69523E+01  4.81070E+01  7.76960E+00  2.19000E+02 -1.68674E+02  7.72309E-01  5.19200E+04  3.21020E+04  5.88209E+03 -3.69830E+04  2.48746E+00  2.12066E+02  0.00000E+00  2.21848E-02  3.42456E-04
       5       1       1  4.13783E-04  4.64594E-04  4.13783E-06  3.99684E-02  9.77245E-02  5.48722E-01  1.50684E+02 -6.30506E+01 -4.33933E+00  6.53589E+04  6.50462E+04  9.98845E+04  5.93982E+02  1.99414E+04  7.02532E+03  0.00000E+00  2.97865E-04  1.66729E-04
       5       1       2  1.17920E-04  1.20116E-04  1.17920E-06  1.02978E-01  2.55888E-01  1.44282E+00  1.59849E+02 -4.61861E+01  4.13886E+00  5.28714E+04  3.17050E+04  8.66971E+04 -2.40544E+03  5.35482E+03  1.62173E+03  0.00000E+00  8.78576E-05  3.22589E-05
       5       1       3  2.03476E-04  2.39859E-04  2.03476E-06  1.56456E-01  3.86778E-01  2.13038E+00  7.59091E+01 -1.59212E+01  3.05160E+00  1.68788E+04  1.95671E+04  2.78295E+04  4.03314E+03  4.21128E+03 -3.74027E+02  0.00000E+00  1.60274E-04  7.95850E-05
       5       1       4  2.82990E-04  1.94762E-04  2.82990E-06  2.56325E-01  6.12620E-01  3.62254E+00  2.24686E+02 -6.07892E+01 -7.62991E-01  9.31077E+04  5.19112E+04  3.43584E+04 -8.49119E+03  4.18962E+03  2.30201E+03  0.00000E+00  1.73561E-04  2.12006E-05
       5       1       5  2.54259E-04  3.53080E-04  2.54259E-06  3.74150E-01  9.06284E-01  5.22204E+00  1.49542E+02 -4.67456E+01 -8.39740E+00  4.01224E+04  1.77106E+04  3.55170E+04 -6.93762E+03  3.65505E+03  2.37804E+03  0.00000E+00  3.09255E-04  4.38256E-05
       5       1       6  1.95423E-04  1.77924E-04  1.95423E-06  4.75972E-01  1.12191E+00  6.56561E+00  1.10068E+02 -1.43243E+01 -3.94782E+00  2.38901E+04  8.84547E+03  3.35560E+04 -5.91494E+02  5.58711E+03  2.27053E+03  0.00000E+00  1.35693E-04  4.22306E-05
       5       1       7  2.05878E-04  2.03464E-04  2.05878E-06  8.76743E-01  2.08365E+00  1.22522E+01  1.99237E+02 -5.50991E+01  2.72118E+00  5.71691E+04  2.74665E+04  4.38559E+04 -8.23282E+03  6.99314E+03  1.53165E+03  0.00000E+00  1.49388E-04  5.40756E-05
       5       1       8  3.44029E-04  4.04458E-04  3.44029E-06  1.28929E+00  3.14962E+00  1.78828E+01  1.32214E+02 -3.14823E+01 -5.44745E+00  2.64238E+04  1.16889E+04  3.07115E+04 -3.07000E+03  3.83261E+03  1.91426E+03  0.00000E+00  2.88213E-04  1.16244E-04
       5       1       9  3.39813E-04  3.98671E-04  3.39813E-06  1.68248E+00  4.16337E+00  2.38832E+01  4.70786E+01 -1.20008E+01 -8.68610E-01  7.48146E+03  3.48775E+03  1.39984E+04 -9.66857E+02  2.49020E+03  7.12909E+02  0.00000E+00  1.27256E-04  2.71414E-04
       5       1      10  1.55369E-04  1.53702E-04  1.55369E-06  5.18498E+00  1.30015E+01  6.59564E+01  9.09915E+01 -2.90010E+01 -2.77334E+01  2.27527E+04  1.16456E+04  3.98258E+04 -2.15404E+03  7.75220E+03  3.02450E+03  0.00000E+00  6.54019E-05  8.83000E-05
       5       2       1  1.25076E-03  1.22235E-03  1.25076E-05  7.52542E-02  1.83251E-01  4.70706E-01  1.05898E+02 -4.99018E+01 -2.91554E+00  3.88252E+04  6.75976E+04  8.61785E+04  1.72156E+04  1.49759E+04  6.21457E+03  0.00000E+00  9.20946E-04  3.01405E-04
       5       2       2  3.59880E-04  3.68284E-04  3.59880E-06  2.07246E-01  5.11825E-01  1.40038E+00  3.64274E+01 -2.42613E+01 -1.75831E+01  1.49006E+04  4.98640E+04  9.45364E+04  1.71556E+04  3.08070E+04  1.21142E+04  0.00000E+00  1.29050E-04  2.39234E-04
       5       2       3  6.19356E-04  8.31191E-04  6.19356E-06  3.02576E-01  7.49721E-01  2.09745E+00  1.00652E+01 -2.02484E+00  1.61031E+00  2.71842E+03  1.09463E+04  3.47699E+04  3.87071E+03  1.13860E+04  4.44673E+03  0.00000E+00  1.40774E-04  6.90417E-04
       5       2       4  8.84879E-04  3.75379E-04  8.84879E-06  5.45623E-01  1.31455E+00  3.29390E+00  1.79837E+02 -5.44539E+01  1.87263E+01  7.48981E+04  8.36002E+04  7.86078E+04  3.59456E+03  2.06000E+04  8.31603E+03  0.00000E+00  2.74026E-04  1.01353E-04
       5       2       5  8.12295E-04  6.56902E-04  8.12295E-06  8.04525E-01  1.91159E+00  4.82503E+00  7.32730E+01 -5.42872E+00  1.44561E+01  1.82276E+04  3.45872E+04  5.02142E+04  1.13159E+04  1.01899E+04  5.21240E+03  0.00000E+00  4.23410E-04  2.33492E-04
       5       2       6  6.57761E-04  7.59326E-04  6.57761E-06  1.10767E+00  2.64503E+00  6.62750E+00  1.39663E+01 -1.55327E+01  7.27855E-01  2.57138E+03  1.04267E+04  2.82105E+04  1.53785E+03  1.07624E+04  4.38278E+03  0.00000E+00  1.65672E-04  5.93654E-04
       5       2       7  6.63603E-04  3.35941E-04  6.63603E-06  1.77031E+00  4.31179E+00  1.13203E+01  1.02659E+02 -2.88994E+01  2.58983E+00  2.73497E+04  4.88872E+04  6.74290E+04  8.85799E+03  1.69736E+04  5.88357E+03  0.00000E+00  2.04730E-04  1.31211E-04
       5       2       8  1.10569E-03  6.55186E-04  1.10569E-05  2.55939E+00  6.27481E+00  1.69570E+01  5.93514E+01 -1.53126E+01  1.42118E+01  8.88979E+03  2.23407E+04  3.94182E+04  5.47893E+03  9.31122E+03  4.16478E+03  0.00000E+00  3.72716E-04  2.82470E-04
       5       2       9  1.16709E-03  7.56202E-04  1.16709E-05  3.35602E+00  8.34162E+00  2.31231E+01  1.47287E+01 -3.23234E+00 -5.41855E+00  2.00221E+03  5.74167E+03  1.50768E+04  1.44344E+03  4.67611E+03  1.73359E+03  0.00000E+00  1.41340E-04  6.14862E-04
       5       2      10  5.23931E-04  4.25349E-04  5.23931E-06  1.03978E+01  2.60433E+01  6.87068E+01  2.25903E+01 -1.46125E+01  4.91827E+00  4.44126E+03  1.52288E+04  3.71339E+04  3.13482E+03  1.24611E+04  4.62550E+03  0.00000E+00  8.70596E-05  3.38290E-04
       5       3       1  2.10028E-03  2.38787E-03  2.10028E-05  1.39758E-01  3.37572E-01  4.94593E-01  8.11917E+01 -3.14458E+01 -4.90521E+00  2.57024E+04  4.19028E+04  4.97180E+04  9.93103E+03  3.07673E+03  1.42517E+03  0.00000E+00  2.19113E-03  1.96741E-04
       5       3       2  6.16703E-04  6.34987E-04  6.16703E-06  3.42792E-01  8.43421E-01  1.20994E+00  5.75666E+01 -2.77193E+01 -4.84771E+00  2.70314E+04  6.35698E+04  7.15417E+04  1.75929E+04  1.76787E+04  7.15732E+03  0.00000E+00  4.54054E-04  1.80934E-04
       5       3       3  1.05273E-03  1.20031E-03  1.05273E-05  5.31987E-01  1.26912E+00  1.79057E+00  5.88163E+01 -2.85095E+01  3.99611E-02  2.00544E+04  1.97909E+04  3.24679E+04  2.77728E+02  1.04887E+04  4.67794E+03  0.00000E+00  8.44724E-04  3.55587E-04
       5       3       4  1.58239E-03  9.95529E-04  1.58239E-05  7.93139E-01  1.90462E+00  2.69464E+00  1.82270E+02 -7.21748E+01  5.30971E+00  1.02154E+05  6.56556E+04  6.18725E+04 -1.98817E+04  1.50939E+04  7.28145E+03  0.00000E+00  7.85562E-04  2.09968E-04
       5       3       5  1.52046E-03  1.35802E-03  1.52046E-05  1.22283E+00  2.97927E+00  4.12995E+00  7.42654E+01 -4.26930E+01 -4.84449E+00  2.89551E+04  4.80934E+04  4.59552E+04  6.41143E+03  1.34111E+04  3.67983E+03  0.00000E+00  9.97238E-04  3.60784E-04
       5       3       6  1.37004E-03  1.77539E-03  1.37004E-05  1.67581E+00  4.09070E+00  5.65698E+00  5.41383E+01 -1.47097E+01  2.07141E+00  1.46270E+04  1.54255E+04  2.18188E+04  8.05563E+02  5.05341E+03  2.12816E+03  0.00000E+00  9.62090E-04  8.13305E-04
       5       3       7  1.32256E-03  1.10488E-03  1.32256E-05  2.76834E+00  6.74364E+00  9.88361E+00  1.90999E+02 -7.71054E+01  2.16621E-01  5.44750E+04  3.97256E+04  4.79572E+04 -6.87020E+03  3.65866E+03  1.10784E+03  0.00000E+00  1.03635E-03  6.85292E-05
       5       3       8  2.08269E-03  2.22018E-03  2.08269E-05  4.20505E+00  1.01093E+01  1.45063E+01  1.20992E+02 -4.82253E+01 -6.51968E+00  2.39919E+04  2.16259E+04  2.90065E+04 -5.14134E+02  2.64784E+03  8.49254E+02  0.00000E+00  2.02632E-03  1.93863E-04
       5       3       9  2.52636E-03  2.63821E-03  2.52636E-05  5.62140E+00  1.37256E+01  1.97807E+01  6.21701E+01 -2.61151E+01  3.11260E+00  7.77141E+03  7.52408E+03  1.12431E+04 -2.19566E+02  1.49804E+03  1.00807E+03  0.00000E+00  2.15649E-03  4.81724E-04
       5       3      10  1.23028E-03  1.06468E-03  1.23028E-05  1.67520E+01  3.99869E+01  5.78779E+01  6.24193E+01 -1.75720E+01 -2.20568E+01  8.52737E+03  1.99787E+04  3.36254E+04  6.36544E+03  4.88845E+03  7.62067E+02  0.00000E+00  8.87884E-04  1.76794E-04
       5       4       1  2.91935E-03  3.15571E-03  2.91935E-05  1.87341E-01  4.52047E-01  3.45972E-01  1.46189E+02 -6.34616E+01 -2.47010E+00  5.79550E+04  4.59328E+04  3.40784E+04 -5.77013E+03  3.24504E+03  1.30007E+03  0.00000E+00  2.84823E-03  3.07481E-04
       5       4       2  8.83234E-04  9.62061E-04  8.83234E-06  4.75823E-01  1.14069E+00  8.65606E-01 -1.95334E+01  7.01157E+00  6.29139E-01  5.48909E+04  6.61648E+04  3.50180E+04  6.76102E+03  3.70925E+03  1.76817E+03  0.00000E+00  8.52222E-04  1.09839E-04
       5       4       3  1.48417E-03  1.56196E-03  1.48417E-05  6.88704E-01  1.66033E+00  1.29458E+00  5.13021E+01 -2.43765E+01 -1.85450E+00  3.36868E+04  2.44183E+04  2.27638E+04 -5.80185E+03  3.28470E+03  1.60636E+03  0.00000E+00  1.29710E-03  2.64860E-04
       5       4       4  2.38075E-03  1.67515E-03  2.38075E-05  1.09443E+00  2.61032E+00  2.06102E+00  1.92067E+02 -8.01905E+01 -2.42903E+00  1.19468E+05  6.01263E+04  4.00810E+04 -2.88839E+04  1.39560E+03 -4.22770E+02  0.00000E+00  1.59217E-03  8.29821E-05
       5       4       5  2.44693E-03  3.22766E-03  2.44693E-05  1.62660E+00  3.96194E+00  3.00668E+00  1.06379E+02 -4.34858E+01 -1.28479E-01  4.74367E+04  4.54965E+04  2.42774E+04 -1.10832E+03  4.70334E+03  1.96532E+03  0.00000E+00  2.98781E-03  2.39845E-04
       5       4       6  2.55179E-03  3.13491E-03  2.55179E-05  2.24489E+00  5.41798E+00  4.09489E+00  6.49343E+01 -2.22404E+01 -8.72402E-01  1.98704E+04  2.17472E+04  1.31308E+04  1.97354E+03  1.74261E+03  8.21447E+02  0.00000E+00  2.39952E-03  7.35382E-04
       5       4       7  2.59301E-03  2.37784E-03  2.59301E-05  3.81554E+00  9.23447E+00  6.90944E+00  2.25149E+02 -9.35534E+01  1.75619E+00  6.91668E+04  4.20951E+04  3.18089E+04 -1.40853E+04  1.45327E+03  1.22559E+03  0.00000E+00  2.27044E-03  1.07394E-04
       5       4       8  3.42011E-03  4.34172E-03  3.42011E-05  5.65278E+00  1.38590E+01  1.01935E+01  1.34198E+02 -5.61801E+01 -7.58115E+00  2.85564E+04  2.77820E+04  1.90688E+04 -6.83963E+02  1.99578E+03 -4.08913E+02  0.00000E+00  4.07490E-03  2.66819E-04
       5       4       9  4.92685E-03  5.92747E-03  4.92685E-05  7.79050E+00  1.90332E+01  1.39657E+01  7.22603E+01 -2.79587E+01 -5.08461E-01  9.72649E+03  8.82304E+03  5.91771E+03 -4.27073E+02  8.45085E+02  3.27862E+02  0.00000E+00  5.23632E-03  6.91146E-04
       5       4      10  3.32956E-03  4.18778E-03  3.32956E-05  2.03212E+01  4.88912E+01  3.54419E+01  2.12421E+02 -8.33947E+01 -3.73700E+00  5.60456E+04  1.99708E+04  9.03522E+03 -1.74057E+04  1.32633E+03  2.42578E+02  0.00000E+00  4.00111E-03  1.86669E-04
       5       5       1  3.60111E-03  3.41984E-03  3.60111E-05  2.01253E-01  4.82231E-01  2.22402E-01  1.49539E+02 -6.24449E+01 -1.63945E+00  5.39943E+04  4.36910E+04  3.92326E+04 -5.50700E+03  6.44694E+02  3.63457E+02  0.00000E+00  3.04402E-03  3.75828E-04
       5       5       2  1.12515E-03  1.09225E-03  1.12515E-05  5.38310E-01  1.28285E+00  5.93956E-01 -1.40747E+01  8.20988E+00 -7.09464E-03  5.48562E+04  7.46740E+04  3.94255E+04  1.02762E+04 -5.52655E+02 -2.21253E+02  0.00000E+00  9.81013E-04  1.11238E-04
       5       5       3  1.85377E-03  1.89736E-03  1.85377E-05  7.68717E-01  1.87022E+00  8.58897E-01  6.20360E+01 -3.20895E+01  7.86061E+00  3.84721E+04  4.88593E+04  2.88018E+04  5.95100E+03 -1.36228E+03  2.26558E+03  0.00000E+00  1.67761E-03  2.19751E-04
       5       5       4  3.16226E-03  1.84941E-03  3.16226E-05  1.21765E+00  2.93000E+00  1.34118E+00  1.46291E+02 -6.13848E+01 -2.46074E+00  8.09912E+04  6.73309E+04  6.43599E+04 -5.87723E+03  2.03653E+03 -2.01796E+02  0.00000E+00  1.74789E-03  1.01520E-04
       5       5       5  3.49322E-03  3.47177E-03  3.49322E-05  1.85355E+00  4.45450E+00  2.06321E+00  9.79374E+01 -3.65350E+01  1.21223E+00  3.99197E+04  4.86134E+04  3.35515E+04  4.99388E+03  3.61771E+03  1.65909E+03  0.00000E+00  3.24198E-03  2.29787E-04
       5       5       6  4.19637E-03  4.50453E-03  4.19637E-05  2.57950E+00  6.14698E+00  2.86510E+00  7.04655E+01 -2.91500E+01 -2.61147E+00  2.09558E+04  3.84527E+04  1.71220E+04  8.42149E+03  3.60367E+03  7.76781E+02  0.00000E+00  3.75122E-03  7.53314E-04
       5       5       7  5.09097E-03  3.22341E-03  5.09097E-05  4.17001E+00  1.01661E+01  4.66925E+00  1.66740E+02 -6.74207E+01  2.44220E+00  4.92893E+04  5.99884E+04  3.90896E+04  4.82609E+03  6.18907E+03  3.68661E+03  0.00000E+00  2.79767E-03  4.25739E-04
       5       5       8  5.45426E-03  6.11881E-03  5.45426E-05  6.34828E+00  1.53813E+01  7.04304E+00  1.09493E+02 -4.40939E+01 -1.45613E+00  2.34106E+04  3.46854E+04  1.92783E+04  5.57705E+03  4.72750E+03  8.46826E+02  0.00000E+00  5.24073E-03  8.78071E-04
       5       5       9  8.43000E-03  9.14327E-03  8.43000E-05  8.72261E+00  2.16052E+01  9.71461E+00  5.37797E+01 -2.21949E+01  1.55677E+00  7.25965E+03  1.01171E+04  5.67237E+03  1.21007E+03  1.16708E+03  7.45000E+02  0.00000E+00  6.63085E-03  2.51242E-03
       5       5      10  9.38207E-03  5.27392E-03  9.38207E-05  2.21038E+01  5.36377E+01  2.48377E+01  2.00262E+02 -8.34220E+01 -5.07245E+00  4.97047E+04  2.18315E+04  1.54334E+04 -1.44887E+04  1.39813E+03 -9.07669E+00  0.00000E+00  5.02684E-03  2.47085E-04
       5       6       1  3.99807E-03  4.18680E-03  3.99807E-05  2.22997E-01  5.36571E-01  7.87816E-02  1.19437E+02 -5.19786E+01 -7.85285E-04  4.12860E+04  5.20885E+04  3.54635E+04  5.04041E+03  2.78489E+01 -1.05194E+02  0.00000E+00  3.85059E-03  3.36208E-04
       5       6       2  1.27632E-03  1.28944E-03  1.27632E-05  5.71182E-01  1.38063E+00  1.97331E-01 -4.93982E+01  2.31002E+01  2.53580E+00  5.92400E+04  7.34972E+04  3.34801E+04  6.81916E+03 -1.16377E+03 -2.03214E+02  0.00000E+00  1.17326E-03  1.16180E-04
       5       6       3  2.07331E-03  2.17897E-03  2.07331E-05  8.37884E-01  2.05105E+00  2.89586E-01  5.91955E+01 -2.73397E+01  1.97560E+00  2.83534E+04  4.89063E+04  2.75095E+04  8.33731E+03 -2.84946E+02 -5.19613E+02  0.00000E+00  1.80681E-03  3.72158E-04
       5       6       4  3.67208E-03  2.90912E-03  3.67208E-05  1.30418E+00  3.16993E+00  4.60631E-01  7.59534E+01 -3.52957E+01 -1.16108E+00  9.69188E+04  6.66972E+04  4.86999E+04 -1.67706E+04  2.90922E+03  1.08285E+03  0.00000E+00  2.66375E-03  2.45367E-04
       5       6       5  4.25506E-03  4.61651E-03  4.25506E-05  1.99466E+00  4.80228E+00  6.80534E-01  4.91837E+01 -1.85850E+01  2.12278E+00  4.76124E+04  5.16904E+04  2.30284E+04  1.88581E+03  2.45796E+03  8.70096E+02  0.00000E+00  4.21253E-03  4.03976E-04
       5       6       6  5.57020E-03  6.42931E-03  5.57020E-05  2.70515E+00  6.57695E+00  9.05101E-01  4.18931E+01 -1.88293E+01 -2.54067E+00  2.17729E+04  2.88325E+04  1.25285E+04  2.81032E+03  1.99331E+03  5.82547E+02  0.00000E+00  5.78270E-03  6.46610E-04
       5       6       7  7.94015E-03  6.20349E-03  7.94015E-05  4.52366E+00  1.10266E+01  1.59006E+00  2.45269E+02 -1.01320E+02 -3.61396E+00  8.09953E+04  4.64695E+04  2.18479E+04 -1.81810E+04  2.96998E+03  4.43575E+02  0.00000E+00  5.55721E-03  6.46272E-04
       5       6       8  8.03245E-03  1.09570E-02  8.03245E-05  6.79004E+00  1.65780E+01  2.35563E+00  1.58003E+02 -6.56445E+01  3.72136E+00  3.72856E+04  3.19749E+04  1.02951E+04 -3.06259E+03  1.27614E+03  7.17555E+02  0.00000E+00  9.66359E-03  1.29338E-03
       5       6       9  1.15292E-02  1.34795E-02  1.15292E-04  9.17268E+00  2.26434E+01  3.22645E+00  8.46870E+01 -3.59199E+01  1.23264E+00  1.41141E+04  1.02873E+04  4.29744E+03 -2.13723E+03  2.87993E+02  4.53049E+02  0.00000E+00  1.01771E-02  3.30232E-03
       5       6      10  1.87191E-02  2.22827E-02  1.87191E-04  2.30938E+01  5.56221E+01  7.72912E+00  2.59225E+02 -1.06190E+02 -4.28163E-01  7.00128E+04  1.49804E+04  6.02684E+03 -2.74089E+04  2.01578E+02 -4.52184E+00  0.00000E+00  2.21171E-02  1.65562E-04
       6       1       1  4.13773E-04  4.17950E-04  4.13773E-06  1.37160E-02  9.76093E-02  5.28809E-01  1.67710E+02 -2.10565E+01  6.30627E+00  6.74674E+04  6.92879E+04  9.07423E+04  2.20997E+03  7.67954E+03  3.12714E+03  0.00000E+00  2.83930E-04  1.34020E-04
       6       1       2  1.17917E-04  9.37989E-05  1.17917E-06  3.35207E-02  2.47319E-01  1.43101E+00  1.95883E+02 -2.23814E+01 -1.43075E+01  6.44294E+04  4.88385E+04  8.00453E+04 -7.65102E+02  9.32591E+03 -3.05008E+03  0.00000E+00  7.93279E-05  1.44710E-05
       6       1       3  2.03471E-04  1.79403E-04  2.03471E-06  4.83091E-02  3.64530E-01  2.11546E+00  9.45706E+01  7.26651E-01 -8.36925E+00  2.28902E+04  2.07240E+04  3.72300E+04  3.39341E+03  3.69532E+03  1.25514E+03  0.00000E+00  1.58474E-04  2.09294E-05
       6       1       4  2.82981E-04  1.75174E-04  2.82981E-06  8.19700E-02  6.20523E-01  3.57523E+00  2.30789E+02 -2.82306E+01  4.63776E+00  9.46023E+04  4.56336E+04  4.59280E+04 -6.55524E+03  7.57705E+03  1.00587E+03  0.00000E+00  1.49368E-04  2.58066E-05
       6       1       5  2.54251E-04  3.44205E-04  2.54251E-06  1.28202E-01  9.79415E-01  5.17827E+00  1.63506E+02 -1.66673E+01  6.88771E+00  4.35664E+04  1.86436E+04  2.93247E+04 -2.35727E+03  2.21309E+03  1.27013E+03  0.00000E+00  3.20825E-04  2.33798E-05
       6       1       6  1.95416E-04  1.87377E-04  1.95416E-06  1.62692E-01  1.23183E+00  6.68436E+00  1.01917E+02  5.21335E+00  1.57187E+01  2.20155E+04  6.00882E+03  3.22185E+04  6.12481E+02  5.04593E+03 -7.22175E+01  0.00000E+00  1.23597E-04  6.37803E-05
       6       1       7  2.05874E-04  2.02940E-04  2.05874E-06  2.94204E-01  2.21659E+00  1.22471E+01  2.08271E+02 -1.26524E+01 -1.11286E+00  5.98602E+04  2.50993E+04  4.53749E+04 -1.43174E+03  6.31579E+03  6.19835E+02  0.00000E+00  1.50394E-04  5.25464E-05
       6       1       8  3.44021E-04  3.95593E-04  3.44021E-06  4.10997E-01  3.22052E+00  1.78971E+01  1.30929E+02 -9.45502E+00 -6.96991E+00  2.58147E+04  1.06368E+04  3.18949E+04 -8.01022E+02  3.82100E+03  5.20179E+01  0.00000E+00  2.72621E-04  1.22972E-04
       6       1       9  3.39799E-04  3.68139E-04  3.39799E-06  6.58384E-01  4.31989E+00  2.39000E+01  5.39189E+01 -4.05460E+00  3.13132E-01  8.27179E+03  3.22199E+03  1.16601E+04 -3.42731E+02  1.94434E+03  5.36530E+02  0.00000E+00  1.26251E-04  2.41888E-04
       6       1      10  1.55364E-04  2.05375E-04  1.55364E-06  1.61574E+00  1.30025E+01  7.26535E+01  6.68291E+01 -7.73444E+00 -1.07222E+01  1.63044E+04  7.46236E+03  3.37324E+04 -3.67747E+02  5.62815E+03  3.92867E+02  0.00000E+00  6.11132E-05  1.44262E-04
       6       2       1  1.25062E-03  1.13460E-03  1.25062E-05  2.69081E-02  1.87284E-01  4.44583E-01  1.23373E+02 -1.17127E+01 -2.74527E+00  3.52487E+04  7.07514E+04  7.88485E+04  6.37318E+03  9.68429E+03  1.91199E+03  0.00000E+00  9.23388E-04  2.11217E-04
       6       2       2  3.59831E-04  2.80490E-04  3.59831E-06  9.20521E-02  5.58451E-01  1.39137E+00  5.55819E+01 -1.80922E+00  7.72275E+00  1.05485E+04  6.40266E+04  9.19414E+04  7.11713E+03  3.05372E+04  4.10797E+03  0.00000E+00  1.18552E-04  1.61938E-04
       6       2       3  6.19293E-04  5.81911E-04  6.19293E-06  1.46778E-01  8.11316E-01  2.07466E+00  1.51564E+01 -3.57423E+00 -8.45329E+00  1.99728E+03  1.31454E+04  3.94129E+04  1.78928E+03  1.30004E+04  1.55792E+03  0.00000E+00  1.52873E-04  4.29039E-04
       6       2       4  8.84734E-04  3.95227E-04  8.84734E-06  1.90163E-01  1.42123E+00  3.34283E+00  1.79136E+02 -3.32836E+01  8.81595E-01  7.15801E+04  7.92102E+04  7.63050E+04 -5.43873E+02  2.17758E+04  4.71399E+03  0.00000E+00  2.92960E-04  1.02267E-04
       6       2       5  8.12162E-04  5.31081E-04  8.12162E-06  2.82995E-01  1.97965E+00  4.84981E+00  7.18082E+01 -5.61872E+00 -1.45087E+01  1.45737E+04  3.79816E+04  4.93932E+04  3.87822E+03  1.13394E+04  2.28881E+02  0.00000E+00  3.40531E-04  1.90550E-04
       6       2       6  6.57640E-04  5.38668E-04  6.57640E-06  3.64333E-01  2.74177E+00  6.47973E+00  2.77757E+01 -8.95262E+00  5.77175E-01  3.66623E+03  1.35402E+04  2.24971E+04  4.79898E+02  8.25655E+03  2.20647E+03  0.00000E+00  1.98281E-04  3.40388E-04
       6       2       7  6.63515E-04  2.47783E-04  6.63515E-06  6.06236E-01  4.62563E+00  1.13789E+01  1.40706E+02 -1.69772E+01 -7.33027E+00  3.43387E+04  5.84739E+04  5.09074E+04  2.64974E+03  1.04720E+04  2.94861E+02  0.00000E+00  1.92797E-04  5.49859E-05
       6       2       8  1.10556E-03  4.63609E-04  1.10556E-05  9.13774E-01  6.84102E+00  1.67124E+01  8.08037E+01 -8.63435E+00 -7.77585E+00  9.81265E+03  2.98895E+04  3.16214E+04  2.90247E+03  7.31809E+03  1.06092E+02  0.00000E+00  3.45554E-04  1.18055E-04
       6       2       9  1.16684E-03  4.43764E-04  1.16684E-05  1.22678E+00  8.56640E+00  2.25684E+01  3.34460E+01 -2.00918E+00  2.06624E+00  3.24587E+03  1.01058E+04  1.53787E+04  1.05884E+03  4.32612E+03  4.53393E+02  0.00000E+00  1.63975E-04  2.79789E-04
       6       2      10  5.23820E-04  3.03539E-04  5.23820E-06  3.48620E+00  2.68834E+01  6.55565E+01  3.96756E+01  8.52643E-01  1.53414E+01  5.54969E+03  2.13268E+04  3.83094E+04  1.08176E+03  1.36238E+04  7.09152E+02  0.00000E+00  9.22774E-05  2.11262E-04
       6       3       1  2.09971E-03  2.31273E-03  2.09971E-05  4.94629E-02  3.63906E-01  4.95162E-01  8.80927E+01 -1.53028E+01  2.32197E+00  2.32506E+04  4.27414E+04  4.81707E+04  3.89697E+03  1.56180E+03  4.31969E+02  0.00000E+00  2.19307E-03  1.19666E-04
       6       3       2  6.16484E-04  5.71174E-04  6.16484E-06  1.23571E-01  9.05109E-01  1.21018E+00  6.88955E+01 -9.89552E+00 -8.31301E+00  2.28151E+04  6.36970E+04  6.35867E+04  6.31034E+03  1.43644E+04  1.63770E+03  0.00000E+00  4.51936E-04  1.19237E-04
       6       3       3  1.05248E-03  1.07629E-03  1.05248E-05  1.98129E-01  1.35662E+00  1.78655E+00  7.09966E+01 -2.73669E+00  2.09527E+00  2.07283E+04  1.67001E+04  2.61928E+04 -2.83028E+02  7.84550E+03  8.20758E+02  0.00000E+00  8.40395E-04  2.35895E-04
       6       3       4  1.58174E-03  8.86676E-04  1.58174E-05  2.71278E-01  2.04793E+00  2.68762E+00  2.15994E+02 -2.53917E+01 -7.68052E+00  1.21152E+05  5.42581E+04  5.77014E+04 -9.39243E+03  1.05700E+04  1.67545E+03  0.00000E+00  7.63862E-04  1.22814E-04
       6       3       5  1.51978E-03  1.26814E-03  1.51978E-05  4.19528E-01  3.23345E+00  4.10118E+00  9.30471E+01 -1.65967E+01  1.13303E+01  3.07760E+04  5.24323E+04  4.24875E+04  2.95587E+03  1.09768E+04  2.22558E+03  0.00000E+00  1.03772E-03  2.30418E-04
       6       3       6  1.36935E-03  1.52653E-03  1.36935E-05  5.59095E-01  4.35198E+00  5.59700E+00  6.75368E+01 -8.11932E+00 -7.31296E+00  1.71793E+04  1.85940E+04  2.46562E+04  3.82407E+02  4.99143E+03  3.42556E+02  0.00000E+00  1.01109E-03  5.15439E-04
       6       3       7  1.32193E-03  1.11723E-03  1.32193E-05  9.67802E-01  7.24461E+00  9.83330E+00  2.01894E+02 -3.23926E+01 -8.52188E+00  5.58093E+04  3.74366E+04  4.84012E+04 -2.99426E+03  5.86765E+03  2.86625E+02  0.00000E+00  1.05845E-03  5.87809E-05
       6       3       8  2.08206E-03  2.13285E-03  2.08206E-05  1.40474E+00  1.08367E+01  1.44822E+01  1.32444E+02 -1.57321E+01  7.92696E-01  2.45554E+04  2.22662E+04  2.86798E+04 -1.15578E+02  2.62448E+03  4.08226E+02  0.00000E+00  2.02922E-03  1.03621E-04
       6       3       9  2.52494E-03  2.55076E-03  2.52494E-05  1.98775E+00  1.47997E+01  1.95778E+01  7.10462E+01 -8.10007E+00 -3.80637E+00  8.36329E+03  7.78282E+03  1.12035E+04  2.49528E+02  1.35622E+03 -1.87241E+00  0.00000E+00  2.30658E-03  2.44184E-04
       6       3      10  1.22920E-03  1.15576E-03  1.22920E-05  5.62606E+00  4.45705E+01  6.02298E+01  5.86647E+01 -2.05717E+01  1.56286E+00  5.16559E+03  1.94635E+04  2.99794E+04  1.05980E+03  1.49478E+03  3.50811E+02  0.00000E+00  9.61540E-04  1.94221E-04
       6       4       1  2.91800E-03  3.04993E-03  2.91800E-05  6.44160E-02  4.83292E-01  3.46469E-01  1.62724E+02 -2.14466E+01  3.39638E+00  6.12633E+04  3.66066E+04  3.46553E+04 -2.36212E+03  9.54264E+02  2.46130E+02  0.00000E+00  2.95377E-03  9.61671E-05
       6       4       2  8.82649E-04  8.93742E-04  8.82649E-06  1.67566E-01  1.22378E+00  8.63170E-01 -2.49362E+01  7.83499E+00  8.23917E-01  5.58430E+04  6.12463E+04  3.45036E+04  2.09766E+03  3.90594E+03  5.84031E+02  0.00000E+00  8.16282E-04  7.74599E-05
       6       4       3  1.48354E-03  1.37496E-03  1.48354E-05  2.49836E-01  1.76797E+00  1.28394E+00  6.39159E+01 -8.12913E+00 -4.47071E+00  4.42294E+04  2.26167E+04  2.61297E+04 -2.02651E+03  4.15279E+03 -1.77682E+03  0.00000E+00  1.18529E-03  1.89677E-04
       6       4       4  2.37897E-03  1.64983E-03  2.37897E-05  3.73591E-01  2.80101E+00  2.04495E+00  2.14727E+02 -2.82911E+01  3.36991E+00  1.35353E+05  4.96617E+04  3.81743E+04 -1.02614E+04  2.10817E+03  8.90604E+02  0.00000E+00  1.57923E-03  7.05991E-05
       6       4       5  2.44476E-03  3.22574E-03  2.44476E-05  5.67590E-01  4.24255E+00  3.00748E+00  1.14087E+02 -1.73251E+01 -2.69666E+00  4.73797E+04  4.39125E+04  2.52275E+04 -9.66283E+02  1.71211E+03  1.49990E+02  0.00000E+00  3.05916E-03  1.66580E-04
       6       4       6  2.54929E-03  2.79733E-03  2.54929E-05  7.87384E-01  5.86276E+00  4.04097E+00  7.55529E+01 -1.17195E+01  2.43832E-02  2.07275E+04  2.35953E+04  1.18003E+04  1.97744E+02  1.27356E+03  2.70806E+02  0.00000E+00  2.33061E-03  4.66721E-04
       6       4       7  2.58969E-03  2.33069E-03  2.58969E-05  1.30388E+00  9.88923E+00  6.91325E+00  2.45407E+02 -2.64229E+01 -2.04123E+00  7.50778E+04  3.70607E+04  3.10130E+04 -3.87673E+03  7.85638E+02 -4.23531E+02  0.00000E+00  2.27600E-03  5.46821E-05
       6       4       8  3.41778E-03  4.20197E-03  3.41778E-05  1.95410E+00  1.47948E+01  1.02454E+01  1.50887E+02 -1.59391E+01 -3.09508E-01  2.99981E+04  2.68035E+04  1.86425E+04 -2.17338E+02  1.74061E+03  2.25463E+02  0.00000E+00  4.09719E-03  1.04781E-04
       6       4       9  4.92166E-03  5.68363E-03  4.92166E-05  2.79587E+00  2.03210E+01  1.39343E+01  8.24061E+01 -1.04901E+01  9.37301E-01  1.06021E+04  8.15796E+03  5.89854E+03 -2.77477E+02  3.52535E+02  3.22085E+01  0.00000E+00  5.36385E-03  3.19782E-04
       6       4      10  3.32203E-03  4.20151E-03  3.32203E-05  6.88475E+00  5.28566E+01  3.56569E+01  2.26143E+02 -3.07862E+01  1.81864E-01  6.20329E+04  1.36699E+04  8.09200E+03 -6.31873E+03  1.73001E+02 -2.34198E+02  0.00000E+00  4.05802E-03  1.43487E-04
       6       5       1  3.59880E-03  3.26804E-03  3.59880E-05  6.77956E-02  5.15182E-01  2.20364E-01  1.69195E+02 -2.71800E+01  3.22876E+00  5.92959E+04  3.89947E+04  4.13483E+04 -2.90708E+03  3.98522E+02  4.89405E+02  0.00000E+00  3.18219E-03  8.58468E-05
       6       5       2  1.12405E-03  1.03479E-03  1.12405E-05  1.90842E-01  1.37730E+00  5.91919E-01 -1.77199E+01  2.20597E+00  2.75027E+00  5.30646E+04  7.15750E+04  3.78114E+04  3.47357E+03 -2.41208E+03  1.07872E+01  0.00000E+00  9.66452E-04  6.83394E-05
       6       5       3  1.85268E-03  1.80273E-03  1.85268E-05  2.77223E-01  2.00661E+00  8.54651E-01  6.70879E+01 -1.20932E+01  5.32611E+00  3.54374E+04  4.80322E+04  2.82280E+04  6.17370E+02 -1.34779E+03  7.99110E+02  0.00000E+00  1.64077E-03  1.61957E-04
       6       5       4  3.15889E-03  1.79362E-03  3.15889E-05  4.25884E-01  3.14706E+00  1.34116E+00  1.58247E+02 -2.53568E+01  9.28990E+00  8.45724E+04  6.04191E+04  6.50876E+04 -3.47724E+03  2.78340E+03  7.16409E+02  0.00000E+00  1.71322E-03  8.04080E-05
       6       5       5  3.48842E-03  3.45211E-03  3.48842E-05  6.24573E-01  4.76566E+00  2.07869E+00  1.07957E+02 -8.80108E+00 -7.76264E+00  3.94149E+04  5.00648E+04  3.22993E+04  2.20675E+03  2.45782E+03  3.61694E+02  0.00000E+00  3.27857E-03  1.73537E-04
       6       5       6  4.19022E-03  4.22778E-03  4.19022E-05  8.80368E-01  6.59147E+00  2.81832E+00  7.70203E+01 -1.19899E+01  4.82633E+00  1.85762E+04  3.68610E+04  1.58083E+04  2.46962E+03  2.47591E+03  4.60333E+02  0.00000E+00  3.66518E-03  5.62599E-04
       6       5       7  5.07886E-03  3.01910E-03  5.07886E-05  1.51402E+00  1.09028E+01  4.67884E+00  1.94462E+02 -2.58145E+01  8.75672E+00  5.20454E+04  5.59907E+04  3.95257E+04  4.39515E+02  2.88504E+03  2.39152E+03  0.00000E+00  2.81321E-03  2.05885E-04
       6       5       8  5.44481E-03  5.52159E-03  5.44481E-05  2.23535E+00  1.64741E+01  7.08740E+00  1.27831E+02 -1.65760E+01 -1.23022E+01  2.35139E+04  3.47478E+04  1.94043E+04  1.63273E+03  1.93883E+03 -1.75200E+03  0.00000E+00  5.04315E-03  4.78438E-04
       6       5       9  8.41687E-03  7.79515E-03  8.41687E-05  3.30707E+00  2.28391E+01  9.77843E+00  6.69717E+01 -6.18037E+00  4.38116E+00  7.96034E+03  1.02462E+04  6.08358E+03  5.86395E+02  8.40779E+02  8.61436E+02  0.00000E+00  6.50440E-03  1.29075E-03
       6       5      10  9.34432E-03  5.23179E-03  9.34432E-05  7.54380E+00  5.78039E+01  2.47499E+01  2.15974E+02 -3.25593E+01 -1.02176E+00  5.57825E+04  1.56078E+04  1.51624E+04 -5.73162E+03 -5.34040E+01 -3.73802E+02  0.00000E+00  5.04434E-03  1.87444E-04
       6       6       1  3.99507E-03  4.13435E-03  3.99507E-05  7.56588E-02  5.77104E-01  7.84740E-02  1.32682E+02 -2.09923E+01  1.08374E-01  4.02529E+04  5.28573E+04  3.58590E+04  1.55765E+03  5.81838E+02  1.32411E+02  0.00000E+00  4.05648E-03  7.78667E-05
       6       6       2  1.27480E-03  1.30622E-03  1.27480E-05  2.01458E-01  1.48508E+00  1.95567E-01 -4.85935E+01  5.46475E+00  2.22857E+00  5.67722E+04  7.04840E+04  3.29719E+04  2.28986E+03 -4.49752E+02  1.89315E+01  0.00000E+00  1.24574E-03  6.04798E-05
       6       6       3  2.07188E-03  2.15037E-03  2.07188E-05  2.96098E-01  2.19441E+00  2.91094E-01  7.22673E+01 -8.38522E+00 -2.79067E-01  2.76379E+04  4.39126E+04  2.79121E+04  3.39051E+03  5.52009E+02 -5.98377E+02  0.00000E+00  1.96660E-03  1.83775E-04
       6       6       4  3.66745E-03  2.81011E-03  3.66745E-05  4.56152E-01  3.40092E+00  4.58061E-01  8.35470E+01 -9.95872E+00  6.38602E-01  1.05946E+05  5.15190E+04  4.80201E+04 -6.05193E+03  1.60325E+02 -7.41547E+01  0.00000E+00  2.65111E-03  1.59000E-04
       6       6       5  4.24782E-03  4.45603E-03  4.24782E-05  6.96498E-01  5.16610E+00  6.80064E-01  5.43108E+01 -8.57048E+00 -1.86823E+00  4.87749E+04  4.67216E+04  2.08990E+04  2.50312E+02  1.31279E+03  3.51618E+02  0.00000E+00  4.19152E-03  2.64508E-04
       6       6       6  5.56030E-03  6.22889E-03  5.56030E-05  9.59866E-01  7.02958E+00  9.14388E-01  4.67316E+01 -5.50687E+00  2.53458E+00  2.13977E+04  2.35481E+04  1.23786E+04  1.08414E+03  1.27234E+03  4.16106E+02  0.00000E+00  5.80978E-03  4.19112E-04
       6       6       7  7.91530E-03  5.70740E-03  7.91530E-05  1.59572E+00  1.18259E+01  1.58970E+00  2.81543E+02 -3.87417E+01  3.49361E+00  9.46728E+04  3.25075E+04  2.19184E+04 -7.81360E+03  6.52158E+02  8.41152E+02  0.00000E+00  5.38989E-03  3.17516E-04
       6       6       8  8.00657E-03  1.02227E-02  8.00657E-05  2.43128E+00  1.77725E+01  2.33508E+00  1.82301E+02 -2.46182E+01 -4.71711E+00  4.14077E+04  2.71442E+04  1.09636E+04 -1.55221E+03  7.26033E+02 -4.75506E+02  0.00000E+00  9.61714E-03  6.05515E-04
       6       6       9  1.15061E-02  1.13498E-02  1.15061E-04  3.38619E+00  2.38716E+01  3.07118E+00  1.06957E+02 -1.28401E+01  7.25169E-01  1.76356E+04  8.53289E+03  4.66729E+03 -9.47542E+02  2.24259E+02  1.02997E+02  0.00000E+00  9.82727E-03  1.52249E-03
       6       6      10  1.86181E-02  2.22975E-02  1.86181E-04  7.86163E+00  5.98479E+01  7.74742E+00  2.77322E+02 -3.76702E+01 -1.38122E+00  7.98836E+04  4.77215E+03  5.93380E+03 -1.01233E+04  3.00762E+01 -3.90628E+02  0.00000E+00  2.21798E-02  1.17733E-04
