         152           4
       1  1.11872E-02  1.03892E-02 -4.83787E+01 -5.51457E+01  2.09680E+00  2.01303E+02  1.93500E+02  2.07980E+00  4.60350E-02  7.70000E-02  3.00000E-01  1.95425E-02  0.00000E+00  3.00000E-01
       2  5.70130E-03  5.51591E-03 -7.98632E+01 -7.20331E+01  2.11870E+00  2.03103E+02  1.73297E+02  2.29780E+00  1.10672E-01  1.00600E-01  3.00000E-01 -1.42307E-04  0.00000E+00  3.00000E-01
       3  5.20937E-03  5.06305E-03 -8.13774E+01 -7.03214E+01  2.97040E+00  1.95004E+02  1.57694E+02  3.02370E+00  8.73880E-02  9.83000E-02  3.00000E-01  9.45290E-03  0.00000E+00  3.00000E-01
       4  3.63803E-03  3.31563E-03 -5.99894E+01 -5.93916E+01  2.64100E+00  2.02145E+02  1.79503E+02  2.60000E+00  3.56041E-02  8.30000E-02  3.00000E-01  1.49231E-02  0.00000E+00  3.00000E-01
       5  6.40447E-03  5.98046E-03 -4.08644E+01 -4.29252E+01  2.62700E+00  1.94157E+02  2.03949E+02  2.49860E+00  3.44947E-02  6.00000E-02  3.00000E-01  2.87777E-02  0.00000E+00  3.00000E-01
       6  1.84434E-03  1.95372E-03 -9.33162E+01 -7.66923E+01  4.18970E+00  1.75775E+02  1.53159E+02  4.23960E+00  1.69516E-01  1.07200E-01  3.00000E-01  3.73328E-02  0.00000E+00  3.00000E-01
       7  3.70911E-03  3.71686E-03 -7.30545E+01 -6.08558E+01  2.81680E+00  1.82248E+02  1.54194E+02  3.00380E+00  7.03631E-02  8.50000E-02  3.00000E-01  2.40380E-02  0.00000E+00  3.00000E-01
       8  3.71651E-03  3.27532E-03 -3.98132E+01 -4.55340E+01  2.66940E+00  1.91708E+02  1.84950E+02  2.80100E+00  5.76798E-03  6.36000E-02  3.00000E-01  4.63231E-02  0.00000E+00  3.00000E-01
       9  2.51829E-03  2.80076E-03 -8.97246E+01 -7.37064E+01  3.32630E+00  1.52880E+02  1.33986E+02  3.59880E+00  1.37905E-01  1.03000E-01  3.00000E-01  5.97287E-02  0.00000E+00  3.00000E-01
      10  3.56234E-03  3.46818E-03 -5.22493E+01 -5.00778E+01  3.24950E+00  1.80200E+02  1.67266E+02  3.32320E+00  4.05603E-02  7.00000E-02  3.00000E-01  3.28311E-02  0.00000E+00  3.00000E-01
      11  1.37642E-03  1.53910E-03 -9.69195E+01 -8.66754E+01  3.87500E+00  1.51796E+02  1.46387E+02  5.24270E+00  1.75261E-01  1.21100E-01  3.00000E-01  6.85085E-02  0.00000E+00  3.00000E-01
      12  1.30222E-02  1.19998E-02 -1.90607E+01 -2.61590E+01  1.95760E+00  1.86017E+02  2.01454E+02  1.89660E+00  1.80886E-02  3.65000E-02  3.00000E-01  2.78127E-02  0.00000E+00  3.00000E-01
      13  5.08673E-03  4.54641E-03 -2.77289E+01 -3.72943E+01  2.53240E+00  1.84842E+02  1.78601E+02  2.62510E+00  9.23669E-03  5.21000E-02  3.00000E-01  4.22324E-02  0.00000E+00  3.00000E-01
      14  1.06445E-02  1.03827E-02 -2.99208E+01 -3.44990E+01  2.01780E+00  1.92638E+02  2.09083E+02  2.43910E+00  4.54631E-02  4.82000E-02  3.00000E-01 -4.07727E-04  0.00000E+00  3.00000E-01
      15  1.28514E-02  1.27773E-02 -1.41101E+01 -1.63027E+01  2.61890E+00  1.92009E+02  2.13903E+02  2.26050E+00  2.09860E-02  2.28000E-02  3.00000E-01 -1.59812E-02  0.00000E+00  3.00000E-01
      16  2.63649E-03  2.64371E-03 -3.44747E+01 -3.87077E+01  4.33610E+00  1.53473E+02  1.50981E+02  4.82940E+00  3.51267E-02  5.41000E-02  3.00000E-01  2.93311E-02  0.00000E+00  3.00000E-01
      17  9.87356E-03  8.94605E-03 -5.61896E+01 -6.05436E+01  3.43570E+00  1.60539E+02  1.25864E+02  3.59830E+00  4.90313E-02  8.46000E-02  3.00000E-01  4.85356E-03  0.00000E+00  3.00000E-01
      18  1.53564E-03  1.43089E-03 -1.83595E+01 -1.97254E+01  4.73350E+00  1.75672E+02  1.58949E+02  4.61790E+00 -5.48336E-03  2.76000E-02  3.00000E-01  1.82812E-02  0.00000E+00  3.00000E-01
      19  4.11107E-03  3.67525E-03  5.20463E+00  4.25290E+00  2.76540E+00  1.81868E+02  1.68387E+02  2.73010E+00 -6.07508E-04 -5.90000E-03  3.00000E-01  2.84616E-02  0.00000E+00  3.00000E-01
      20  4.09600E-03  4.19196E-03 -2.47125E+01 -1.64615E+01  3.52970E+00  1.48794E+02  1.43857E+02  3.54450E+00  1.54470E-02  2.30000E-02  3.00000E-01  4.05535E-02  0.00000E+00  3.00000E-01
      21  3.88766E-03  3.40619E-03  1.06322E+01  3.07820E+00  3.50300E+00  1.83709E+02  1.78698E+02  3.01190E+00 -9.35524E-04 -4.30000E-03  3.00000E-01  4.37953E-02  0.00000E+00  3.00000E-01
      22  1.02351E-02  9.89403E-03  4.58659E+00  7.42610E+00  2.47200E+00  1.89846E+02  2.04616E+02  2.28450E+00 -3.92634E-03 -1.04000E-02  3.00000E-01 -8.00829E-03  0.00000E+00  3.00000E-01
      23  2.09485E-03  2.15887E-03  9.46670E+00  6.42000E-02  3.23530E+00  1.57092E+02  1.46307E+02  3.75370E+00 -5.46051E-03 -1.00000E-04  3.00000E-01  2.85302E-02  0.00000E+00  3.00000E-01
      24  7.16826E-03  6.99911E-03 -3.81293E+01 -4.05902E+01  1.00825E+01  1.36763E+02  1.11405E+02  1.00086E+01 -2.79958E-04  5.67000E-02  3.00000E-01 -1.73221E-02  0.00000E+00  3.00000E-01
      25  7.36945E-03  7.17928E-03 -1.01469E+01 -1.27600E-01  6.76040E+00  1.56256E+02  1.10589E+02  7.09400E+00  3.18363E-03  2.00000E-04  3.00000E-01 -6.38337E-02  0.00000E+00  3.00000E-01
      26  1.03624E-02  9.92673E-03 -6.50441E+01 -8.73687E+01  8.21170E+00  1.21408E+02  1.02161E+02  7.20870E+00  2.34729E-02  1.22100E-01  3.00000E-01  1.70450E-02  0.00000E+00  3.00000E-01
      27  3.33212E-03  3.21801E-03 -8.43382E+01 -8.97611E+01  4.07440E+00  1.44058E+02  1.22064E+02  4.59060E+00  5.69918E-02  1.25400E-01  3.00000E-01  4.03775E-02  0.00000E+00  3.00000E-01
      28  1.26100E-03  1.32456E-03 -9.54636E+01 -9.18239E+01  4.08350E+00  1.48200E+02  1.37606E+02  4.08200E+00  1.86587E-01  1.28300E-01  3.00000E-01  7.31869E-02  0.00000E+00  3.00000E-01
      29  1.56682E-03  1.75812E-03 -9.49764E+01 -8.53951E+01  3.61540E+00  1.64887E+02  1.51784E+02  3.88060E+00  2.18117E-01  1.19300E-01  3.00000E-01  4.68675E-02  0.00000E+00  3.00000E-01
      30  3.47699E-03  2.94273E-03 -9.27015E+01 -1.14358E+02  4.66580E+00  1.49159E+02  1.22178E+02  4.97350E+00  3.60930E-02  1.59800E-01  3.00000E-01  3.51292E-02  0.00000E+00  3.00000E-01
      31  1.92749E-03  2.07334E-03 -8.56481E+01 -8.14300E+01  3.54520E+00  1.83937E+02  1.60441E+02  3.61190E+00  1.82782E-01  1.13800E-01  3.00000E-01  9.90821E-03  0.00000E+00  3.00000E-01
      32  1.03445E-02  1.00887E-02 -1.23036E+02 -1.32051E+02  4.99940E+00  1.58590E+02  1.03527E+02  5.06440E+00  6.97376E-02  1.84500E-01  3.00000E-01 -1.82548E-02  0.00000E+00  3.00000E-01
      33  6.48277E-03  5.04154E-03 -1.34732E+02 -1.24535E+02  3.79810E+00  1.75408E+02  1.22670E+02  4.11950E+00  4.62663E-02  1.74000E-01  3.00000E-01 -2.92323E-02  0.00000E+00  3.00000E-01
      34  3.29359E-03  3.07904E-03 -9.63882E+01 -9.57580E+01  3.50070E+00  1.51753E+02  1.29370E+02  3.37900E+00  1.36189E-01  1.33800E-01  3.00000E-01  5.47148E-02  0.00000E+00  3.00000E-01
      35  1.26296E-02  1.19671E-02 -1.62773E+02 -1.52696E+02  3.72370E+00  1.49588E+02  9.98517E+01  3.80120E+00  6.36912E-02  2.13300E-01  3.00000E-01 -1.93631E-02  0.00000E+00  3.00000E-01
      36  1.32579E-03  1.47124E-03 -9.75193E+01 -9.03990E+01  3.94300E+00  1.55777E+02  1.43693E+02  3.89150E+00  2.26049E-01  1.26300E-01  3.00000E-01  6.85181E-02  0.00000E+00  3.00000E-01
      37  1.30718E-02  1.47512E-02 -9.63180E+01 -1.61801E+02  6.01230E+00  9.94583E+01  8.50652E+01  6.60920E+00  1.10993E-01  2.26100E-01  3.00000E-01  4.86125E-02  0.00000E+00  3.00000E-01
      38  5.20918E-03  4.08166E-03 -1.19438E+02 -1.11794E+02  2.99430E+00  1.65188E+02  1.19721E+02  3.35420E+00  2.58948E-02  1.56200E-01  3.00000E-01  4.19054E-03  0.00000E+00  3.00000E-01
      39  2.72557E-03  2.98404E-03 -9.70336E+01 -9.52033E+01  3.35160E+00  1.57124E+02  1.44592E+02  3.36560E+00  2.16788E-01  1.33000E-01  3.00000E-01  6.83027E-02  0.00000E+00  3.00000E-01
      40  1.27365E-02  9.93621E-03 -5.75888E+01 -1.97637E+02  6.00790E+00  8.93564E+01  6.55906E+01  7.20350E+00 -1.43853E-01  2.76100E-01  3.00000E-01 -1.91638E-02  0.00000E+00  3.00000E-01
      41  9.99181E-03  1.06764E-02 -1.12017E+02 -1.65616E+02  4.30430E+00  1.11369E+02  8.33342E+01  4.77530E+00  7.00855E-02  2.31400E-01  3.00000E-01  9.78162E-02  0.00000E+00  3.00000E-01
      42  6.42479E-03  5.75597E-03 -1.37723E+02 -1.25516E+02  3.53720E+00  1.61043E+02  1.04361E+02  3.94210E+00  7.44735E-02  1.75400E-01  3.00000E-01 -1.98953E-02  0.00000E+00  3.00000E-01
      43  1.35066E-02  1.63858E-02 -1.28730E+02 -2.00253E+02  4.68790E+00  8.00602E+01  7.05455E+01  6.39010E+00  1.91900E-01  2.79800E-01  3.00000E-01  1.10212E-01  0.00000E+00  3.00000E-01
      44  3.01335E-03  2.27451E-03 -1.05422E+02 -1.13573E+02  4.52250E+00  1.62100E+02  1.17822E+02  4.77830E+00  6.96599E-03  1.58700E-01  3.00000E-01  5.96083E-03  0.00000E+00  3.00000E-01
      45  1.25680E-03  1.36196E-03 -9.55624E+01 -9.20753E+01  3.96280E+00  1.47921E+02  1.46072E+02  3.57010E+00  1.92089E-01  1.28600E-01  3.00000E-01  6.35979E-02  0.00000E+00  3.00000E-01
      46  1.65095E-03  1.87541E-03 -9.08298E+01 -9.10898E+01  3.34400E+00  1.69475E+02  1.61695E+02  3.60620E+00  1.88211E-01  1.27300E-01  3.00000E-01  3.55945E-02  0.00000E+00  3.00000E-01
      47  3.33790E-03  3.06733E-03 -8.75428E+01 -9.81729E+01  3.58330E+00  1.44753E+02  1.21180E+02  4.10090E+00  4.49900E-02  1.37200E-01  3.00000E-01  3.64965E-02  0.00000E+00  3.00000E-01
      48  4.74556E-03  4.81763E-03 -8.72479E+01 -6.95816E+01  2.54100E+00  1.94789E+02  1.64613E+02  2.59370E+00  1.22525E-01  9.72000E-02  3.00000E-01  9.46030E-03  0.00000E+00  3.00000E-01
      49  1.23583E-03  1.40515E-03 -9.63035E+01 -8.82302E+01  3.46790E+00  1.43378E+02  1.57875E+02  3.15310E+00  1.59666E-01  1.23300E-01  3.00000E-01  7.84981E-02  0.00000E+00  3.00000E-01
      50  1.69448E-03  1.85793E-03 -9.05096E+01 -8.23289E+01  3.31840E+00  1.70498E+02  1.67328E+02  3.32990E+00  1.47119E-01  1.15000E-01  3.00000E-01  3.71972E-02  0.00000E+00  3.00000E-01
      51  8.72558E-03  9.22627E-03 -9.43816E+01 -1.07611E+02  5.32290E+00  1.43105E+02  9.51285E+01  5.75030E+00  4.95482E-02  1.50400E-01  3.00000E-01 -3.33453E-04  0.00000E+00  3.00000E-01
      52  3.85081E-03  3.55764E-03 -6.58076E+01 -5.18417E+01  2.48570E+00  2.07860E+02  2.05582E+02  2.37090E+00  5.68780E-02  7.24000E-02  3.00000E-01  7.24896E-04  0.00000E+00  3.00000E-01
      53  1.14797E-03  1.30293E-03 -8.41732E+01 -7.95708E+01  3.64480E+00  1.53823E+02  1.44946E+02  4.05920E+00  1.36056E-01  1.11200E-01  3.00000E-01  3.88466E-02  0.00000E+00  3.00000E-01
      54  2.58632E-03  2.39147E-03 -8.40534E+01 -9.13735E+01  3.94420E+00  1.56508E+02  1.18040E+02  3.70890E+00  2.73964E-02  1.27700E-01  3.00000E-01  1.77491E-02  0.00000E+00  3.00000E-01
      55  1.60547E-03  1.73761E-03 -8.29659E+01 -7.26749E+01  2.99110E+00  1.72594E+02  1.64762E+02  3.44310E+00  1.17958E-01  1.01500E-01  3.00000E-01  2.43605E-02  0.00000E+00  3.00000E-01
      56  2.41046E-03  2.30975E-03 -7.23103E+01 -6.05916E+01  2.90940E+00  1.97815E+02  1.76118E+02  3.11640E+00  5.92845E-02  8.47000E-02  3.00000E-01 -1.43847E-03  0.00000E+00  3.00000E-01
      57  3.95646E-03  3.53239E-03 -5.55883E+01 -3.90104E+01  2.31750E+00  2.00524E+02  2.06014E+02  2.31160E+00  2.55523E-02  5.45000E-02  3.00000E-01  2.46926E-02  0.00000E+00  3.00000E-01
      58  7.33416E-03  6.89666E-03 -3.41652E+01 -3.44129E+01  2.42660E+00  1.91865E+02  2.06800E+02  2.04820E+00  3.11563E-02  4.81000E-02  3.00000E-01  1.97443E-02  0.00000E+00  3.00000E-01
      59  5.40770E-03  4.71826E-03 -6.64166E+01 -7.06768E+01  3.54790E+00  1.65476E+02  1.21332E+02  3.99690E+00  3.64696E-02  9.87000E-02  3.00000E-01 -1.00074E-02  0.00000E+00  3.00000E-01
      60  1.00899E-03  1.07265E-03 -6.21559E+01 -6.58570E+01  4.59500E+00  1.54966E+02  1.38512E+02  5.63270E+00  9.91287E-02  9.20000E-02  3.00000E-01  1.88497E-02  0.00000E+00  3.00000E-01
      61  1.40311E-03  1.46000E-03 -6.02357E+01 -5.91339E+01  3.37190E+00  1.69915E+02  1.71291E+02  3.71740E+00  7.09424E-02  8.26000E-02  3.00000E-01  2.01705E-02  0.00000E+00  3.00000E-01
      62  2.08762E-03  1.96692E-03 -5.77070E+01 -4.92578E+01  3.20750E+00  1.87216E+02  1.70370E+02  3.17090E+00  3.70088E-02  6.88000E-02  3.00000E-01  2.76092E-02  0.00000E+00  3.00000E-01
      63  1.29262E-02  1.29315E-02 -1.79008E+01 -1.66150E+01  2.31170E+00  1.91504E+02  2.14012E+02  2.27080E+00  2.72442E-02  2.32000E-02  3.00000E-01 -1.33535E-02  0.00000E+00  3.00000E-01
      64  3.36190E-03  2.96840E-03 -4.28100E+01 -3.48226E+01  3.01100E+00  1.91644E+02  1.92501E+02  3.20530E+00  9.87926E-03  4.87000E-02  3.00000E-01  4.17438E-02  0.00000E+00  3.00000E-01
      65  3.24146E-03  3.29222E-03 -3.84692E+01 -4.67406E+01  4.32920E+00  1.51974E+02  1.29943E+02  4.18700E+00  4.64612E-02  6.53000E-02  3.00000E-01  1.50459E-02  0.00000E+00  3.00000E-01
      66  1.62288E-02  1.52747E-02 -1.15862E+01 -9.71960E+00  1.98640E+00  1.88463E+02  2.04650E+02  1.82760E+00  9.89740E-03  1.36000E-02  3.00000E-01  6.78245E-03  0.00000E+00  3.00000E-01
      67  2.91442E-02  2.93222E-02  8.02765E+00  1.97364E+01  1.65850E+00  1.92945E+02  2.10271E+02  1.68840E+00 -1.20963E-02 -2.76000E-02  3.00000E-01 -2.43801E-02  0.00000E+00  3.00000E-01
      68  1.28766E-02  1.25082E-02 -4.49905E+01 -5.53930E+01  7.43740E+00  1.15541E+02  9.90821E+01  6.39610E+00  1.80981E-02  7.74000E-02  3.00000E-01 -3.15922E-03  0.00000E+00  3.00000E-01
      69  1.64507E-03  1.55978E-03 -4.21870E+01 -3.85227E+01  2.88670E+00  1.74302E+02  1.74375E+02  3.53670E+00  1.70462E-02  5.38000E-02  3.00000E-01  2.54934E-02  0.00000E+00  3.00000E-01
      70  6.08167E-03  5.75004E-03  1.47485E+01  1.72862E+01  3.27700E+00  1.48637E+02  1.21636E+02  3.75850E+00 -1.26010E-02 -2.42000E-02  3.00000E-01  3.78772E-02  0.00000E+00  3.00000E-01
      71  2.47359E-03  2.19739E-03 -3.28754E+01 -1.98976E+01  3.89570E+00  1.85514E+02  1.70702E+02  3.88190E+00  1.51664E-03  2.78000E-02  3.00000E-01  3.71517E-02  0.00000E+00  3.00000E-01
      72  9.35559E-03  8.45702E-03  3.12846E+01  2.54342E+01  2.23560E+00  1.89239E+02  1.98916E+02  2.20800E+00 -1.20288E-02 -3.55000E-02  3.00000E-01  3.74355E-02  0.00000E+00  3.00000E-01
      73  4.11866E-03  3.73876E-03  3.44237E+01  3.19210E+01  2.31940E+00  1.81174E+02  1.72709E+02  2.61440E+00 -1.10939E-02 -4.46000E-02  3.00000E-01  3.57476E-02  0.00000E+00  3.00000E-01
      74  3.88766E-03  3.39475E-03 -1.06279E+01 -3.07820E+00  3.50300E+00  1.82891E+02  1.78698E+02  3.01190E+00  4.73797E-03  4.30000E-03  3.00000E-01  4.41479E-02  0.00000E+00  3.00000E-01
      75  5.42531E-03  4.84941E-03 -4.27787E+01 -3.44652E+01  5.16830E+00  1.67923E+02  1.07433E+02  5.64620E+00  2.09936E-02  4.82000E-02  3.00000E-01 -4.83466E-02  0.00000E+00  3.00000E-01
      76  1.28514E-02  1.28153E-02  1.39731E+01  1.63027E+01  2.61890E+00  1.91574E+02  2.13903E+02  2.26050E+00 -2.26769E-02 -2.28000E-02  3.00000E-01 -1.58975E-02  0.00000E+00  3.00000E-01
      77  1.33877E-02  1.28554E-02 -4.91768E+01 -1.55468E+02  5.77590E+00  7.17132E+01  6.82334E+01  7.73900E+00 -1.27026E-01  2.17200E-01  3.00000E-01  3.95961E-02  0.00000E+00  3.00000E-01
      78  9.13856E-03  5.60685E-03 -2.60249E+01 -2.14718E+02  6.11990E+00  4.20028E+01  5.66170E+01  9.13570E+00 -1.29318E-01  3.00000E-01  3.00000E-01  1.61313E-01  0.00000E+00  3.00000E-01
      79  1.46669E-03  1.48856E-03 -3.30957E+01 -2.66730E+01  4.69660E+00  1.42863E+02  1.32862E+02  5.12060E+00  2.26449E-02  3.73000E-02  3.00000E-01  3.60855E-02  0.00000E+00  3.00000E-01
      80  1.23028E-03  1.22040E-03 -2.88290E+01 -2.19635E+01  3.75400E+00  1.61283E+02  1.45756E+02  4.26770E+00  1.80438E-02  3.07000E-02  3.00000E-01  2.97669E-02  0.00000E+00  3.00000E-01
      81  2.16485E-03  2.26404E-03 -2.58007E+01 -1.50469E+01  4.04570E+00  1.43376E+02  1.28562E+02  4.76240E+00  1.09743E-02  2.10000E-02  3.00000E-01  3.93423E-02  0.00000E+00  3.00000E-01
      82  1.71572E-03  1.55944E-03 -1.79672E+01 -1.69529E+01  4.11020E+00  1.74670E+02  1.64466E+02  4.08680E+00 -2.07569E-03  2.37000E-02  3.00000E-01  3.10610E-02  0.00000E+00  3.00000E-01
      83  5.87670E-03  5.30276E-03  8.61543E+00  2.36044E+01  2.54170E+00  1.84032E+02  2.01731E+02  2.35250E+00 -7.91071E-03 -3.30000E-02  3.00000E-01  3.52855E-02  0.00000E+00  3.00000E-01
      84  2.39535E-03  2.10138E-03  2.10222E+00  6.25090E+00  3.73800E+00  1.85146E+02  1.71546E+02  3.66870E+00  1.64122E-03 -8.70000E-03  3.00000E-01  3.73561E-02  0.00000E+00  3.00000E-01
      85  4.75211E-03  4.41885E-03 -4.69893E+00 -1.49436E+01  5.71080E+00  1.73919E+02  1.03941E+02  6.87710E+00 -1.92453E-03  2.09000E-02  3.00000E-01 -8.27707E-02  0.00000E+00  3.00000E-01
      86  1.18661E-03  1.20381E-03 -5.40418E+00  5.89020E+00  3.99590E+00  1.69568E+02  1.53860E+02  4.59740E+00  5.11496E-03 -8.20000E-03  3.00000E-01  2.32721E-02  0.00000E+00  3.00000E-01
      87  1.35500E-02  1.26897E-02  3.31013E+01  3.74109E+01  1.99580E+00  1.91128E+02  2.02812E+02  1.97070E+00 -2.89389E-02 -5.23000E-02  3.00000E-01  2.62839E-02  0.00000E+00  3.00000E-01
      88  3.18483E-03  2.76925E-03  2.32926E+01  3.76838E+01  3.34130E+00  1.86786E+02  1.85456E+02  3.54960E+00 -1.02448E-02 -5.27000E-02  3.00000E-01  4.21395E-02  0.00000E+00  3.00000E-01
      89  1.06445E-02  1.03797E-02  2.89125E+01  3.44990E+01  2.01780E+00  1.91898E+02  2.09083E+02  2.43910E+00 -4.53113E-02 -4.82000E-02  3.00000E-01  1.26862E-03  0.00000E+00  3.00000E-01
      90  1.53564E-03  1.44298E-03  1.79770E+01  1.97254E+01  4.73350E+00  1.71105E+02  1.58949E+02  4.61790E+00  1.43660E-04 -2.76000E-02  3.00000E-01  2.90127E-02  0.00000E+00  3.00000E-01
      91  7.33416E-03  6.88690E-03  3.33615E+01  3.44129E+01  2.42660E+00  1.91842E+02  2.06800E+02  2.04820E+00 -3.26400E-02 -4.81000E-02  3.00000E-01  1.96532E-02  0.00000E+00  3.00000E-01
      92  1.52209E-03  1.63531E-03  6.16943E+00 -1.66190E+00  4.87370E+00  1.44886E+02  1.34958E+02  5.21500E+00 -1.57426E-03  2.30000E-03  3.00000E-01  4.88419E-02  0.00000E+00  3.00000E-01
      93  3.71651E-03  3.29354E-03  4.10115E+01  4.55340E+01  2.66940E+00  1.90090E+02  1.84950E+02  2.80100E+00 -3.85738E-03 -6.36000E-02  3.00000E-01  4.71378E-02  0.00000E+00  3.00000E-01
      94  1.90190E-03  1.75060E-03  3.73465E+01  3.67685E+01  3.88200E+00  1.83094E+02  1.70325E+02  3.90010E+00 -1.96780E-02 -5.14000E-02  3.00000E-01  2.91842E-02  0.00000E+00  3.00000E-01
      95  3.04395E-03  2.84539E-03  1.84226E+01  4.09800E+00  6.29160E+00  1.50524E+02  1.28315E+02  5.83360E+00 -9.42939E-03 -5.70000E-03  3.00000E-01  2.70320E-02  0.00000E+00  3.00000E-01
      96  1.03871E-02  9.67723E-03  5.21179E+01  4.96517E+01  1.89490E+00  2.01279E+02  2.04868E+02  1.86230E+00 -4.66532E-02 -6.94000E-02  3.00000E-01  2.09610E-02  0.00000E+00  3.00000E-01
      97  1.03463E-03  1.09087E-03  3.09598E+01  2.43638E+01  5.29040E+00  1.55820E+02  1.54438E+02  5.63680E+00 -2.66955E-02 -3.40000E-02  3.00000E-01  3.52427E-02  0.00000E+00  3.00000E-01
      98  1.23028E-03  1.22063E-03  2.84718E+01  2.19635E+01  3.75400E+00  1.59901E+02  1.45756E+02  4.26770E+00 -1.00801E-02 -3.07000E-02  3.00000E-01  3.42940E-02  0.00000E+00  3.00000E-01
      99  3.95646E-03  3.57975E-03  5.50950E+01  3.90104E+01  2.31750E+00  2.01198E+02  2.06014E+02  2.31160E+00 -2.74652E-02 -5.45000E-02  3.00000E-01  2.58219E-02  0.00000E+00  3.00000E-01
     100  3.63803E-03  3.26868E-03  5.90800E+01  5.93916E+01  2.64100E+00  2.00086E+02  1.79503E+02  2.60000E+00 -2.85992E-02 -8.30000E-02  3.00000E-01  2.38289E-02  0.00000E+00  3.00000E-01
     101  4.40999E-03  4.19695E-03  6.43180E+01  5.56762E+01  3.02470E+00  1.93000E+02  1.67626E+02  3.00050E+00 -3.88693E-02 -7.78000E-02  3.00000E-01  1.43483E-02  0.00000E+00  3.00000E-01
     102  4.65093E-03  4.31845E-03  5.76410E+01  6.41298E+01  3.00430E+00  2.05273E+02  1.84157E+02  2.87750E+00 -4.94262E-02 -8.96000E-02  3.00000E-01  1.63060E-02  0.00000E+00  3.00000E-01
     103  1.23156E-03  1.21396E-03  3.62143E+01  3.85853E+01  5.73760E+00  1.62172E+02  1.61140E+02  6.70480E+00 -4.03560E-02 -5.39000E-02  3.00000E-01  1.11257E-02  0.00000E+00  3.00000E-01
     104  9.85493E-03  9.93501E-03  2.53830E+01  2.30641E+01  9.59970E+00  1.26158E+02  1.07645E+02  9.74700E+00 -9.35845E-03 -3.22000E-02  3.00000E-01 -1.90901E-02  0.00000E+00  3.00000E-01
     105  2.76917E-03  2.85089E-03  3.43707E+01  3.67031E+01  5.26070E+00  1.42376E+02  1.39582E+02  5.24910E+00 -2.41480E-02 -5.13000E-02  3.00000E-01  4.11800E-02  0.00000E+00  3.00000E-01
     106  2.08762E-03  1.93920E-03  5.72743E+01  4.92578E+01  3.20750E+00  1.86651E+02  1.70370E+02  3.17090E+00 -3.66549E-02 -6.88000E-02  3.00000E-01  2.89557E-02  0.00000E+00  3.00000E-01
     107  1.39072E-03  1.42344E-03  5.26475E+01  4.86514E+01  5.14740E+00  1.70527E+02  1.61512E+02  5.38590E+00 -5.26059E-02 -6.80000E-02  3.00000E-01  2.40310E-02  0.00000E+00  3.00000E-01
     108  5.58888E-03  5.40798E-03  8.02261E+01  7.60691E+01  2.84590E+00  2.02217E+02  1.68728E+02  3.07360E+00 -1.00983E-01 -1.06300E-01  3.00000E-01 -6.24035E-04  0.00000E+00  3.00000E-01
     109  1.59959E-03  1.66703E-03  3.40449E+01  3.12237E+01  4.52500E+00  1.43600E+02  1.28783E+02  4.74540E+00 -3.76751E-02 -4.36000E-02  3.00000E-01  1.44969E-02  0.00000E+00  3.00000E-01
     110  2.41046E-03  2.30985E-03  7.62452E+01  6.05916E+01  2.90940E+00  1.96037E+02  1.76118E+02  3.11640E+00 -5.90236E-02 -8.47000E-02  3.00000E-01  8.85077E-03  0.00000E+00  3.00000E-01
     111  3.22140E-03  3.04075E-03  7.47387E+01  6.87448E+01  2.57530E+00  2.10129E+02  1.75875E+02  2.77020E+00 -9.24560E-02 -9.60000E-02  3.00000E-01 -4.33162E-03  0.00000E+00  3.00000E-01
     112  2.65505E-03  2.66632E-03  4.46979E+01  5.27820E+01  4.76920E+00  1.54616E+02  1.32920E+02  4.55460E+00 -4.83132E-02 -7.37000E-02  3.00000E-01  1.89248E-02  0.00000E+00  3.00000E-01
     113  2.47299E-03  2.43955E-03  8.32366E+01  6.44952E+01  3.38250E+00  1.95400E+02  1.68797E+02  3.75640E+00 -1.01384E-01 -9.01000E-02  3.00000E-01  6.92518E-03  0.00000E+00  3.00000E-01
     114  1.47074E-03  1.58298E-03  7.35216E+01  6.09376E+01  3.68380E+00  1.71745E+02  1.44153E+02  4.23210E+00 -9.03567E-02 -8.51000E-02  3.00000E-01  2.55117E-02  0.00000E+00  3.00000E-01
     115  2.41210E-03  2.53049E-03  6.18904E+01  6.14871E+01  2.71850E+00  1.65815E+02  1.61346E+02  3.10260E+00 -9.64895E-02 -8.59000E-02  3.00000E-01  1.64649E-02  0.00000E+00  3.00000E-01
     116  4.85924E-03  4.73557E-03  3.89197E+01  2.17985E+01  7.38860E+00  1.60196E+02  1.05102E+02  7.90260E+00  1.53996E-03 -3.05000E-02  3.00000E-01 -5.54196E-02  0.00000E+00  3.00000E-01
     117  2.10040E-03  2.13576E-03  8.83869E+01  6.88558E+01  4.02080E+00  1.85473E+02  1.48397E+02  3.99660E+00 -1.09621E-01 -9.62000E-02  3.00000E-01  1.92230E-02  0.00000E+00  3.00000E-01
     118  2.68487E-03  2.73907E-03  5.38072E+01  5.92784E+01  5.08820E+00  1.54555E+02  1.31205E+02  5.16520E+00 -8.08588E-02 -8.28000E-02  3.00000E-01  1.60678E-02  0.00000E+00  3.00000E-01
     119  1.60547E-03  1.73867E-03  8.27883E+01  7.26749E+01  2.99110E+00  1.73203E+02  1.64762E+02  3.44310E+00 -1.12312E-01 -1.01500E-01  3.00000E-01  2.40157E-02  0.00000E+00  3.00000E-01
     120  8.03854E-03  7.22393E-03  6.11789E+01  5.09015E+01  5.64670E+00  1.72276E+02  1.16348E+02  5.83170E+00 -3.99063E-02 -7.11000E-02  3.00000E-01 -5.03746E-02  0.00000E+00  3.00000E-01
     121  2.27257E-03  2.32506E-03  8.76167E+01  7.61701E+01  3.84970E+00  1.93181E+02  1.60800E+02  3.58570E+00 -1.52576E-01 -1.06400E-01  3.00000E-01  6.52651E-03  0.00000E+00  3.00000E-01
     122  2.83506E-03  3.13738E-03  9.39863E+01  8.27018E+01  3.09000E+00  1.55865E+02  1.44534E+02  3.77070E+00 -1.65028E-01 -1.15500E-01  3.00000E-01  6.18584E-02  0.00000E+00  3.00000E-01
     123  3.41115E-03  3.74213E-03  9.35248E+01  8.16806E+01  2.73720E+00  1.70184E+02  1.52411E+02  2.86250E+00 -1.93191E-01 -1.14100E-01  3.00000E-01  4.05176E-02  0.00000E+00  3.00000E-01
     124  2.93032E-03  3.29385E-03  9.08867E+01  8.51497E+01  2.39760E+00  1.58592E+02  1.62344E+02  2.28950E+00 -1.45798E-01 -1.19000E-01  3.00000E-01  4.50673E-02  0.00000E+00  3.00000E-01
     125  1.92749E-03  2.11931E-03  9.08853E+01  8.14300E+01  3.54520E+00  1.81397E+02  1.60441E+02  3.61190E+00 -1.89722E-01 -1.13800E-01  3.00000E-01  2.15293E-02  0.00000E+00  3.00000E-01
     126  1.65095E-03  1.83211E-03  9.18845E+01  9.10898E+01  3.34400E+00  1.67323E+02  1.61695E+02  3.60620E+00 -1.85697E-01 -1.27300E-01  3.00000E-01  3.92675E-02  0.00000E+00  3.00000E-01
     127  1.05965E-03  1.18666E-03  8.63434E+01  7.22056E+01  4.37510E+00  1.47528E+02  1.27268E+02  4.80780E+00 -1.23286E-01 -1.00900E-01  3.00000E-01  4.92295E-02  0.00000E+00  3.00000E-01
     128  1.14797E-03  1.29065E-03  8.60470E+01  7.95708E+01  3.64480E+00  1.53739E+02  1.44946E+02  4.05920E+00 -1.29316E-01 -1.11200E-01  3.00000E-01  3.78953E-02  0.00000E+00  3.00000E-01
     129  4.85228E-03  4.31016E-03  8.05355E+01  8.53516E+01  4.42960E+00  1.60146E+02  1.15338E+02  5.08700E+00 -3.11111E-02 -1.19300E-01  3.00000E-01  1.26596E-02  0.00000E+00  3.00000E-01
     130  3.67954E-03  3.15129E-03  4.64704E+01  5.04692E+01  5.06090E+00  1.61319E+02  1.17951E+02  5.57950E+00 -1.33162E-02 -7.05000E-02  3.00000E-01 -1.00989E-02  0.00000E+00  3.00000E-01
     131  2.72557E-03  2.99974E-03  9.39938E+01  9.52033E+01  3.35160E+00  1.58248E+02  1.44592E+02  3.36560E+00 -2.13643E-01 -1.33000E-01  3.00000E-01  6.24106E-02  0.00000E+00  3.00000E-01
     132  2.89686E-03  2.81801E-03  8.85838E+01  9.59976E+01  4.33880E+00  1.40157E+02  1.25222E+02  4.68940E+00 -7.46363E-02 -1.34100E-01  3.00000E-01  5.58216E-02  0.00000E+00  3.00000E-01
     133  6.10500E-03  5.75386E-03  9.36141E+01  8.64738E+01  4.31310E+00  1.72025E+02  1.08404E+02  4.79760E+00 -5.44748E-02 -1.20800E-01  3.00000E-01 -4.60125E-02  0.00000E+00  3.00000E-01
     134  1.26100E-03  1.34172E-03  9.55644E+01  9.18239E+01  4.08350E+00  1.49908E+02  1.37606E+02  4.08200E+00 -1.99827E-01 -1.28300E-01  3.00000E-01  6.41013E-02  0.00000E+00  3.00000E-01
     135  1.12874E-02  1.12015E-02  7.24450E+01  9.52826E+01  8.11970E+00  1.30154E+02  1.02093E+02  6.80250E+00 -1.65460E-02 -1.33100E-01  3.00000E-01  9.52062E-03  0.00000E+00  3.00000E-01
     136  1.25680E-03  1.38726E-03  9.63126E+01  9.20753E+01  3.96280E+00  1.47047E+02  1.46072E+02  3.57010E+00 -1.85834E-01 -1.28600E-01  3.00000E-01  8.14178E-02  0.00000E+00  3.00000E-01
     137  2.45765E-03  2.55926E-03  9.52801E+01  9.12632E+01  3.29800E+00  1.55078E+02  1.39211E+02  3.28030E+00 -1.97481E-01 -1.27500E-01  3.00000E-01  6.04246E-02  0.00000E+00  3.00000E-01
     138  3.20993E-03  3.09681E-03  7.37365E+01  8.24222E+01  3.56590E+00  1.48140E+02  1.26230E+02  3.92700E+00 -6.82999E-02 -1.15200E-01  3.00000E-01  3.71999E-02  0.00000E+00  3.00000E-01
     139  3.14311E-03  2.66925E-03  8.99531E+01  9.89743E+01  3.80460E+00  1.55611E+02  1.11957E+02  3.76270E+00 -4.44696E-03 -1.38300E-01  3.00000E-01  1.12283E-02  0.00000E+00  3.00000E-01
     140  2.16173E-03  1.92443E-03  9.30334E+01  9.70276E+01  4.30390E+00  1.52410E+02  1.29884E+02  4.05950E+00 -1.18061E-01 -1.35600E-01  3.00000E-01  4.30694E-02  0.00000E+00  3.00000E-01
     141  2.81751E-03  2.47425E-03  9.60241E+01  1.05362E+02  4.43740E+00  1.44629E+02  1.25949E+02  4.98880E+00 -5.65526E-02 -1.47200E-01  3.00000E-01  4.59853E-02  0.00000E+00  3.00000E-01
     142  7.38167E-03  6.39520E-03  1.18872E+02  1.30449E+02  4.55590E+00  1.62165E+02  1.11069E+02  4.77790E+00 -5.22725E-02 -1.82300E-01  3.00000E-01 -2.62183E-02  0.00000E+00  3.00000E-01
     143  4.25213E-03  3.43640E-03  1.24175E+02  1.22448E+02  4.22050E+00  1.67634E+02  1.22967E+02  4.61680E+00 -3.69712E-02 -1.71100E-01  3.00000E-01 -1.15599E-02  0.00000E+00  3.00000E-01
     144  1.36557E-02  1.43489E-02  6.47788E+01  1.42943E+02  7.38560E+00  8.95066E+01  8.77775E+01  7.51160E+00  3.70458E-02 -1.99700E-01  3.00000E-01 -2.04776E-02  0.00000E+00  3.00000E-01
     145  9.71084E-04  7.76710E-04  1.01305E+02  1.05273E+02  4.89950E+00  1.55187E+02  1.22078E+02  5.21350E+00 -3.23012E-02 -1.47100E-01  3.00000E-01  2.76762E-02  0.00000E+00  3.00000E-01
     146  5.73162E-03  4.87340E-03  1.26446E+02  1.17864E+02  3.54300E+00  1.63614E+02  1.11039E+02  3.97860E+00 -6.29298E-02 -1.64700E-01  3.00000E-01 -2.35529E-02  0.00000E+00  3.00000E-01
     147  2.53145E-03  1.88364E-03  1.30994E+02  1.16630E+02  4.58890E+00  1.70082E+02  1.15629E+02  5.27200E+00 -1.13592E-02 -1.63000E-01  3.00000E-01 -2.34557E-02  0.00000E+00  3.00000E-01
     148  7.57355E-03  6.69783E-03  1.67276E+02  1.38060E+02  4.37150E+00  1.64581E+02  1.11025E+02  4.52190E+00 -8.59835E-02 -1.92900E-01  3.00000E-01 -4.10313E-02  0.00000E+00  3.00000E-01
     149  1.86381E-02  2.02355E-02  1.11041E+02  1.84203E+02  4.12540E+00  1.02895E+02  8.31491E+01  4.92460E+00 -8.41309E-02 -2.57400E-01  3.00000E-01  5.25915E-02  0.00000E+00  3.00000E-01
     150  1.36023E-02  1.31269E-02  1.44462E+02  1.49848E+02  3.14210E+00  1.45622E+02  9.61340E+01  3.36050E+00 -4.55174E-02 -2.09400E-01  3.00000E-01  5.02283E-03  0.00000E+00  3.00000E-01
     151  1.70417E-02  1.85658E-02  8.23923E+01  1.40762E+02  4.94690E+00  1.05010E+02  8.62257E+01  5.18530E+00 -7.28652E-02 -1.96700E-01  3.00000E-01  2.04964E-02  0.00000E+00  3.00000E-01
     152  2.83714E-02  2.41004E-02  8.34008E+01  2.05386E+02  3.59980E+00  1.00500E+02  6.31672E+01  4.93640E+00 -4.07366E-03 -2.87000E-01  3.00000E-01 -5.61893E-02  0.00000E+00  3.00000E-01
