         152           4
       1  1.11872E-02  1.02604E-02 -5.42778E+01 -5.51457E+01  2.09680E+00  2.07975E+02  1.93500E+02  2.07980E+00  3.38298E-02  7.70000E-02  3.00000E-01  3.98747E-02  0.00000E+00  3.00000E-01
       2  5.70130E-03  5.36201E-03 -8.11050E+01 -7.20331E+01  2.11870E+00  2.16728E+02  1.73297E+02  2.29780E+00  1.03776E-01  1.00600E-01  3.00000E-01 -3.85245E-03  0.00000E+00  3.00000E-01
       3  5.20937E-03  5.09021E-03 -7.73264E+01 -7.03214E+01  2.97040E+00  2.16292E+02  1.57694E+02  3.02370E+00  8.92521E-02  9.83000E-02  3.00000E-01 -5.30657E-03  0.00000E+00  3.00000E-01
       4  3.63803E-03  3.35339E-03 -6.13755E+01 -5.93916E+01  2.64100E+00  2.13968E+02  1.79503E+02  2.60000E+00  2.74540E-02  8.30000E-02  3.00000E-01  2.77196E-02  0.00000E+00  3.00000E-01
       5  6.40447E-03  5.98105E-03 -4.51268E+01 -4.29252E+01  2.62700E+00  2.01437E+02  2.03949E+02  2.49860E+00  2.64364E-02  6.00000E-02  3.00000E-01  4.38686E-02  0.00000E+00  3.00000E-01
       6  1.84434E-03  2.00695E-03 -8.79065E+01 -7.66923E+01  4.18970E+00  1.96627E+02  1.53159E+02  4.23960E+00  1.59960E-01  1.07200E-01  3.00000E-01  2.56847E-03  0.00000E+00  3.00000E-01
       7  3.70911E-03  3.77803E-03 -7.29039E+01 -6.08558E+01  2.81680E+00  2.00043E+02  1.54194E+02  3.00380E+00  8.10921E-02  8.50000E-02  3.00000E-01  8.11911E-03  0.00000E+00  3.00000E-01
       8  3.71651E-03  3.33251E-03 -4.42857E+01 -4.55340E+01  2.66940E+00  1.98762E+02  1.84950E+02  2.80100E+00 -2.79954E-03  6.36000E-02  3.00000E-01  4.87048E-02  0.00000E+00  3.00000E-01
       9  2.51829E-03  2.87284E-03 -8.06581E+01 -7.37064E+01  3.32630E+00  1.79088E+02  1.33986E+02  3.59880E+00  1.46392E-01  1.03000E-01  3.00000E-01  2.24732E-02  0.00000E+00  3.00000E-01
      10  3.56234E-03  3.47512E-03 -6.31886E+01 -5.00778E+01  3.24950E+00  1.91767E+02  1.67266E+02  3.32320E+00  2.85753E-02  7.00000E-02  3.00000E-01  2.94024E-02  0.00000E+00  3.00000E-01
      11  1.37642E-03  1.55055E-03 -8.50755E+01 -8.66754E+01  3.87500E+00  1.75403E+02  1.46387E+02  5.24270E+00  1.84688E-01  1.21100E-01  3.00000E-01  4.50002E-02  0.00000E+00  3.00000E-01
      12  1.30222E-02  1.20088E-02 -1.83716E+01 -2.61590E+01  1.95760E+00  1.93662E+02  2.01454E+02  1.89660E+00  6.02435E-03  3.65000E-02  3.00000E-01  3.41193E-02  0.00000E+00  3.00000E-01
      13  5.08673E-03  4.52882E-03 -3.01527E+01 -3.72943E+01  2.53240E+00  1.90878E+02  1.78601E+02  2.62510E+00 -1.13192E-02  5.21000E-02  3.00000E-01  4.22351E-02  0.00000E+00  3.00000E-01
      14  1.06445E-02  1.03041E-02 -3.06058E+01 -3.44990E+01  2.01780E+00  1.99097E+02  2.09083E+02  2.43910E+00  3.38673E-02  4.82000E-02  3.00000E-01  1.70099E-02  0.00000E+00  3.00000E-01
      15  1.28514E-02  1.27309E-02 -1.43792E+01 -1.63027E+01  2.61890E+00  1.99448E+02  2.13903E+02  2.26050E+00  1.59664E-02  2.28000E-02  3.00000E-01 -3.16763E-03  0.00000E+00  3.00000E-01
      16  2.63649E-03  2.67908E-03 -4.52409E+01 -3.87077E+01  4.33610E+00  1.61886E+02  1.50981E+02  4.82940E+00  2.66835E-02  5.41000E-02  3.00000E-01  3.23003E-02  0.00000E+00  3.00000E-01
      17  9.87356E-03  9.20531E-03 -6.04797E+01 -6.05436E+01  3.43570E+00  1.70016E+02  1.25864E+02  3.59830E+00  4.18190E-02  8.46000E-02  3.00000E-01  9.22120E-03  0.00000E+00  3.00000E-01
      18  1.53564E-03  1.43953E-03 -1.95618E+01 -1.97254E+01  4.73350E+00  1.77732E+02  1.58949E+02  4.61790E+00 -5.14138E-03  2.76000E-02  3.00000E-01  2.07884E-02  0.00000E+00  3.00000E-01
      19  4.11107E-03  3.68136E-03  4.47021E+00  4.25290E+00  2.76540E+00  1.86164E+02  1.68387E+02  2.73010E+00  5.92982E-03 -5.90000E-03  3.00000E-01  3.63479E-02  0.00000E+00  3.00000E-01
      20  4.09600E-03  4.10418E-03 -2.32117E+01 -1.64615E+01  3.52970E+00  1.54825E+02  1.43857E+02  3.54450E+00  4.19707E-03  2.30000E-02  3.00000E-01  5.03006E-02  0.00000E+00  3.00000E-01
      21  3.88766E-03  3.38973E-03  8.96687E+00  3.07820E+00  3.50300E+00  1.87483E+02  1.78698E+02  3.01190E+00  6.05503E-03 -4.30000E-03  3.00000E-01  4.97689E-02  0.00000E+00  3.00000E-01
      22  1.02351E-02  9.88432E-03  4.73838E+00  7.42610E+00  2.47200E+00  1.97066E+02  2.04616E+02  2.28450E+00 -6.64774E-03 -1.04000E-02  3.00000E-01  6.77395E-03  0.00000E+00  3.00000E-01
      23  2.09485E-03  2.13635E-03  7.48429E+00  6.42000E-02  3.23530E+00  1.62635E+02  1.46307E+02  3.75370E+00  5.95863E-03 -1.00000E-04  3.00000E-01  2.19903E-02  0.00000E+00  3.00000E-01
      24  7.16826E-03  6.94084E-03 -4.75180E+01 -4.05902E+01  1.00825E+01  1.62705E+02  1.11405E+02  1.00086E+01  1.43553E-02  5.67000E-02  3.00000E-01 -4.15741E-02  0.00000E+00  3.00000E-01
      25  7.36945E-03  6.21713E-03 -1.12942E+01 -1.27600E-01  6.76040E+00  1.79242E+02  1.10589E+02  7.09400E+00 -2.62471E-03  2.00000E-04  3.00000E-01 -3.99522E-02  0.00000E+00  3.00000E-01
      26  1.03624E-02  9.99792E-03 -6.84477E+01 -8.73687E+01  8.21170E+00  1.39484E+02  1.02161E+02  7.20870E+00  2.73838E-02  1.22100E-01  3.00000E-01  1.91221E-02  0.00000E+00  3.00000E-01
      27  3.33212E-03  3.34021E-03 -8.76109E+01 -8.97611E+01  4.07440E+00  1.67388E+02  1.22064E+02  4.59060E+00  1.16194E-01  1.25400E-01  3.00000E-01  3.90333E-02  0.00000E+00  3.00000E-01
      28  1.26100E-03  1.33096E-03 -8.78308E+01 -9.18239E+01  4.08350E+00  1.65457E+02  1.37606E+02  4.08200E+00  1.83636E-01  1.28300E-01  3.00000E-01  5.06592E-02  0.00000E+00  3.00000E-01
      29  1.56682E-03  1.70049E-03 -9.39150E+01 -8.53951E+01  3.61540E+00  1.77566E+02  1.51784E+02  3.88060E+00  2.04021E-01  1.19300E-01  3.00000E-01  4.24452E-02  0.00000E+00  3.00000E-01
      30  3.47699E-03  2.99518E-03 -9.49354E+01 -1.14358E+02  4.66580E+00  1.65160E+02  1.22178E+02  4.97350E+00  6.48790E-02  1.59800E-01  3.00000E-01  4.46882E-02  0.00000E+00  3.00000E-01
      31  1.92749E-03  2.05070E-03 -9.11261E+01 -8.14300E+01  3.54520E+00  1.93085E+02  1.60441E+02  3.61190E+00  1.81185E-01  1.13800E-01  3.00000E-01  1.36571E-02  0.00000E+00  3.00000E-01
      32  1.03445E-02  1.00717E-02 -1.20171E+02 -1.32051E+02  4.99940E+00  1.74328E+02  1.03527E+02  5.06440E+00  6.69547E-02  1.84500E-01  3.00000E-01 -2.36889E-02  0.00000E+00  3.00000E-01
      33  6.48277E-03  4.89174E-03 -1.41649E+02 -1.24535E+02  3.79810E+00  1.91104E+02  1.22670E+02  4.11950E+00  3.29593E-02  1.74000E-01  3.00000E-01 -1.50739E-02  0.00000E+00  3.00000E-01
      34  3.29359E-03  2.98653E-03 -9.50216E+01 -9.57580E+01  3.50070E+00  1.54768E+02  1.29370E+02  3.37900E+00  8.65933E-02  1.33800E-01  3.00000E-01  8.39806E-02  0.00000E+00  3.00000E-01
      35  1.26296E-02  1.16729E-02 -1.75436E+02 -1.52696E+02  3.72370E+00  1.65647E+02  9.98517E+01  3.80120E+00  9.17186E-02  2.13300E-01  3.00000E-01  1.77133E-03  0.00000E+00  3.00000E-01
      36  1.32579E-03  1.41661E-03 -9.79512E+01 -9.03990E+01  3.94300E+00  1.61231E+02  1.43693E+02  3.89150E+00  1.98872E-01  1.26300E-01  3.00000E-01  7.67216E-02  0.00000E+00  3.00000E-01
      37  1.30718E-02  1.46496E-02 -9.17361E+01 -1.61801E+02  6.01230E+00  1.05452E+02  8.50652E+01  6.60920E+00  1.08527E-01  2.26100E-01  3.00000E-01  5.90862E-02  0.00000E+00  3.00000E-01
      38  5.20918E-03  4.03836E-03 -1.15465E+02 -1.11794E+02  2.99430E+00  1.78983E+02  1.19721E+02  3.35420E+00 -1.26290E-02  1.56200E-01  3.00000E-01  3.60316E-02  0.00000E+00  3.00000E-01
      39  2.72557E-03  2.86543E-03 -9.49856E+01 -9.52033E+01  3.35160E+00  1.68655E+02  1.44592E+02  3.36560E+00  1.91935E-01  1.33000E-01  3.00000E-01  5.76613E-02  0.00000E+00  3.00000E-01
      40  1.27365E-02  9.49525E-03 -5.41996E+01 -1.97637E+02  6.00790E+00  9.20647E+01  6.55906E+01  7.20350E+00 -1.83888E-01  2.76100E-01  3.00000E-01  9.29715E-02  0.00000E+00  3.00000E-01
      41  9.99181E-03  1.06495E-02 -1.14737E+02 -1.65616E+02  4.30430E+00  1.26164E+02  8.33342E+01  4.77530E+00  7.66023E-02  2.31400E-01  3.00000E-01  6.40070E-02  0.00000E+00  3.00000E-01
      42  6.42479E-03  5.92552E-03 -1.37004E+02 -1.25516E+02  3.53720E+00  1.73991E+02  1.04361E+02  3.94210E+00  7.12075E-02  1.75400E-01  3.00000E-01 -9.75146E-03  0.00000E+00  3.00000E-01
      43  1.35066E-02  1.65030E-02 -1.35620E+02 -2.00253E+02  4.68790E+00  9.38324E+01  7.05455E+01  6.39010E+00  2.03167E-01  2.79800E-01  3.00000E-01  1.06726E-01  0.00000E+00  3.00000E-01
      44  3.01335E-03  2.28708E-03 -1.08459E+02 -1.13573E+02  4.52250E+00  1.82376E+02  1.17822E+02  4.77830E+00  2.49621E-02  1.58700E-01  3.00000E-01  5.00920E-03  0.00000E+00  3.00000E-01
      45  1.25680E-03  1.37444E-03 -8.72864E+01 -9.20753E+01  3.96280E+00  1.72582E+02  1.46072E+02  3.57010E+00  1.84708E-01  1.28600E-01  3.00000E-01  3.29308E-02  0.00000E+00  3.00000E-01
      46  1.65095E-03  1.80349E-03 -9.01904E+01 -9.10898E+01  3.34400E+00  1.85837E+02  1.61695E+02  3.60620E+00  1.73096E-01  1.27300E-01  3.00000E-01  2.79793E-02  0.00000E+00  3.00000E-01
      47  3.33790E-03  3.06246E-03 -8.90321E+01 -9.81729E+01  3.58330E+00  1.70305E+02  1.21180E+02  4.10090E+00  8.41196E-02  1.37200E-01  3.00000E-01  2.90475E-02  0.00000E+00  3.00000E-01
      48  4.74556E-03  4.69491E-03 -8.37272E+01 -6.95816E+01  2.54100E+00  2.13668E+02  1.64613E+02  2.59370E+00  1.16378E-01  9.72000E-02  3.00000E-01 -9.59112E-03  0.00000E+00  3.00000E-01
      49  1.23583E-03  1.42947E-03 -8.45108E+01 -8.82302E+01  3.46790E+00  1.77463E+02  1.57875E+02  3.15310E+00  1.67669E-01  1.23300E-01  3.00000E-01  2.44763E-02  0.00000E+00  3.00000E-01
      50  1.69448E-03  1.84288E-03 -8.02939E+01 -8.23289E+01  3.31840E+00  1.93313E+02  1.67328E+02  3.32990E+00  1.42306E-01  1.15000E-01  3.00000E-01  2.42832E-03  0.00000E+00  3.00000E-01
      51  8.72558E-03  9.04664E-03 -8.45293E+01 -1.07611E+02  5.32290E+00  1.52526E+02  9.51285E+01  5.75030E+00  2.79239E-02  1.50400E-01  3.00000E-01  8.74768E-03  0.00000E+00  3.00000E-01
      52  3.85081E-03  3.50763E-03 -6.85232E+01 -5.18417E+01  2.48570E+00  2.16734E+02  2.05582E+02  2.37090E+00  4.59985E-02  7.24000E-02  3.00000E-01  1.84955E-02  0.00000E+00  3.00000E-01
      53  1.14797E-03  1.30432E-03 -8.47595E+01 -7.95708E+01  3.64480E+00  1.68620E+02  1.44946E+02  4.05920E+00  1.60938E-01  1.11200E-01  3.00000E-01  4.04141E-02  0.00000E+00  3.00000E-01
      54  2.58632E-03  2.43396E-03 -9.25343E+01 -9.13735E+01  3.94420E+00  1.75414E+02  1.18040E+02  3.70890E+00  8.52093E-02  1.27700E-01  3.00000E-01  1.54574E-02  0.00000E+00  3.00000E-01
      55  1.60547E-03  1.72315E-03 -7.76978E+01 -7.26749E+01  2.99110E+00  1.90443E+02  1.64762E+02  3.44310E+00  1.08225E-01  1.01500E-01  3.00000E-01  2.12824E-02  0.00000E+00  3.00000E-01
      56  2.41046E-03  2.35435E-03 -7.68980E+01 -6.05916E+01  2.90940E+00  2.12599E+02  1.76118E+02  3.11640E+00  6.59604E-02  8.47000E-02  3.00000E-01  4.65776E-03  0.00000E+00  3.00000E-01
      57  3.95646E-03  3.59202E-03 -5.68059E+01 -3.90104E+01  2.31750E+00  2.09366E+02  2.06014E+02  2.31160E+00  1.94844E-02  5.45000E-02  3.00000E-01  4.08969E-02  0.00000E+00  3.00000E-01
      58  7.33416E-03  6.86675E-03 -3.61148E+01 -3.44129E+01  2.42660E+00  1.96467E+02  2.06800E+02  2.04820E+00  2.18509E-02  4.81000E-02  3.00000E-01  4.22493E-02  0.00000E+00  3.00000E-01
      59  5.40770E-03  4.79808E-03 -7.18648E+01 -7.06768E+01  3.54790E+00  1.72554E+02  1.21332E+02  3.99690E+00  3.65610E-02  9.87000E-02  3.00000E-01  9.30385E-03  0.00000E+00  3.00000E-01
      60  1.00899E-03  1.11510E-03 -8.02615E+01 -6.58570E+01  4.59500E+00  1.57689E+02  1.38512E+02  5.63270E+00  1.20199E-01  9.20000E-02  3.00000E-01  5.41400E-02  0.00000E+00  3.00000E-01
      61  1.40311E-03  1.49391E-03 -7.09190E+01 -5.91339E+01  3.37190E+00  1.77357E+02  1.71291E+02  3.71740E+00  8.22326E-02  8.26000E-02  3.00000E-01  4.16394E-02  0.00000E+00  3.00000E-01
      62  2.08762E-03  1.95548E-03 -6.39017E+01 -4.92578E+01  3.20750E+00  1.97169E+02  1.70370E+02  3.17090E+00  1.97126E-02  6.88000E-02  3.00000E-01  2.78871E-02  0.00000E+00  3.00000E-01
      63  1.29262E-02  1.27917E-02 -1.81753E+01 -1.66150E+01  2.31170E+00  1.99998E+02  2.14012E+02  2.27080E+00  2.07306E-02  2.32000E-02  3.00000E-01 -2.64839E-03  0.00000E+00  3.00000E-01
      64  3.36190E-03  3.02310E-03 -4.55328E+01 -3.48226E+01  3.01100E+00  1.99736E+02  1.92501E+02  3.20530E+00 -7.66497E-03  4.87000E-02  3.00000E-01  5.17754E-02  0.00000E+00  3.00000E-01
      65  3.24146E-03  3.29620E-03 -5.38020E+01 -4.67406E+01  4.32920E+00  1.53663E+02  1.29943E+02  4.18700E+00  3.56816E-02  6.53000E-02  3.00000E-01  4.06545E-02  0.00000E+00  3.00000E-01
      66  1.62288E-02  1.54224E-02 -1.12546E+01 -9.71960E+00  1.98640E+00  1.95302E+02  2.04650E+02  1.82760E+00  4.63977E-03  1.36000E-02  3.00000E-01  1.95245E-02  0.00000E+00  3.00000E-01
      67  2.91442E-02  2.93411E-02  8.58820E+00  1.97364E+01  1.65850E+00  2.01924E+02  2.10271E+02  1.68840E+00 -1.00157E-02 -2.76000E-02  3.00000E-01 -1.22493E-02  0.00000E+00  3.00000E-01
      68  1.28766E-02  1.26229E-02 -5.19686E+01 -5.53930E+01  7.43740E+00  1.38317E+02  9.90821E+01  6.39610E+00  2.64442E-02  7.74000E-02  3.00000E-01 -2.20850E-02  0.00000E+00  3.00000E-01
      69  1.64507E-03  1.58075E-03 -5.17306E+01 -3.85227E+01  2.88670E+00  1.81755E+02  1.74375E+02  3.53670E+00  1.02066E-02  5.38000E-02  3.00000E-01  3.33651E-02  0.00000E+00  3.00000E-01
      70  6.08167E-03  5.44129E-03  1.09358E+01  1.72862E+01  3.27700E+00  1.44686E+02  1.21636E+02  3.75850E+00  2.10340E-02 -2.42000E-02  3.00000E-01  1.00803E-01  0.00000E+00  3.00000E-01
      71  2.47359E-03  2.17902E-03 -3.33462E+01 -1.98976E+01  3.89570E+00  1.89103E+02  1.70702E+02  3.88190E+00 -1.48641E-02  2.78000E-02  3.00000E-01  4.72100E-02  0.00000E+00  3.00000E-01
      72  9.35559E-03  8.51024E-03  3.11357E+01  2.54342E+01  2.23560E+00  1.94073E+02  1.98916E+02  2.20800E+00  3.01450E-03 -3.55000E-02  3.00000E-01  4.80751E-02  0.00000E+00  3.00000E-01
      73  4.11866E-03  3.75956E-03  3.86263E+01  3.19210E+01  2.31940E+00  1.88975E+02  1.72709E+02  2.61440E+00  8.00856E-03 -4.46000E-02  3.00000E-01  3.60991E-02  0.00000E+00  3.00000E-01
      74  3.88766E-03  3.42317E-03 -1.01468E+01 -3.07820E+00  3.50300E+00  1.88673E+02  1.78698E+02  3.01190E+00 -1.01775E-02  4.30000E-03  3.00000E-01  4.94739E-02  0.00000E+00  3.00000E-01
      75  5.42531E-03  4.73174E-03 -4.65975E+01 -3.44652E+01  5.16830E+00  1.78761E+02  1.07433E+02  5.64620E+00  6.95918E-03  4.82000E-02  3.00000E-01  5.14686E-03  0.00000E+00  3.00000E-01
      76  1.28514E-02  1.27653E-02  1.31474E+01  1.63027E+01  2.61890E+00  1.99599E+02  2.13903E+02  2.26050E+00 -1.29096E-02 -2.28000E-02  3.00000E-01 -3.15216E-03  0.00000E+00  3.00000E-01
      77  1.33877E-02  1.31269E-02 -4.35615E+01 -1.55468E+02  5.77590E+00  6.97859E+01  6.82334E+01  7.73900E+00 -7.62643E-02  2.17200E-01  3.00000E-01  8.65426E-02  0.00000E+00  3.00000E-01
      78  9.13856E-03  5.63641E-03 -2.95787E+01 -2.14718E+02  6.11990E+00  3.58033E+01  5.66170E+01  9.13570E+00  3.94984E-02  3.00000E-01  3.00000E-01  5.06114E-02  0.00000E+00  3.00000E-01
      79  1.46669E-03  1.49457E-03 -3.14764E+01 -2.66730E+01  4.69660E+00  1.46613E+02  1.32862E+02  5.12060E+00 -2.21399E-02  3.73000E-02  3.00000E-01  4.47545E-02  0.00000E+00  3.00000E-01
      80  1.23028E-03  1.23745E-03 -3.24606E+01 -2.19635E+01  3.75400E+00  1.65539E+02  1.45756E+02  4.26770E+00  3.30388E-03  3.07000E-02  3.00000E-01  3.24196E-02  0.00000E+00  3.00000E-01
      81  2.16485E-03  2.17308E-03 -1.80142E+01 -1.50469E+01  4.04570E+00  1.49605E+02  1.28562E+02  4.76240E+00 -1.25899E-02  2.10000E-02  3.00000E-01  3.88081E-02  0.00000E+00  3.00000E-01
      82  1.71572E-03  1.59038E-03 -1.31249E+01 -1.69529E+01  4.11020E+00  1.83165E+02  1.64466E+02  4.08680E+00 -1.32844E-02  2.37000E-02  3.00000E-01  2.93320E-02  0.00000E+00  3.00000E-01
      83  5.87670E-03  5.35499E-03  1.01875E+01  2.36044E+01  2.54170E+00  1.89347E+02  2.01731E+02  2.35250E+00 -4.40911E-03 -3.30000E-02  3.00000E-01  4.34911E-02  0.00000E+00  3.00000E-01
      84  2.39535E-03  2.08950E-03  4.30594E+00  6.25090E+00  3.73800E+00  1.89196E+02  1.71546E+02  3.66870E+00  5.49574E-03 -8.70000E-03  3.00000E-01  3.70790E-02  0.00000E+00  3.00000E-01
      85  4.75211E-03  3.85289E-03 -4.47370E+00 -1.49436E+01  5.71080E+00  1.82803E+02  1.03941E+02  6.87710E+00 -7.11143E-03  2.09000E-02  3.00000E-01 -4.99924E-03  0.00000E+00  3.00000E-01
      86  1.18661E-03  1.20019E-03 -2.15597E+00  5.89020E+00  3.99590E+00  1.67639E+02  1.53860E+02  4.59740E+00 -1.68062E-03 -8.20000E-03  3.00000E-01  1.17796E-02  0.00000E+00  3.00000E-01
      87  1.35500E-02  1.26087E-02  3.40161E+01  3.74109E+01  1.99580E+00  1.98163E+02  2.02812E+02  1.97070E+00 -1.85372E-02 -5.23000E-02  3.00000E-01  3.88532E-02  0.00000E+00  3.00000E-01
      88  3.18483E-03  2.78820E-03  2.51895E+01  3.76838E+01  3.34130E+00  1.91455E+02  1.85456E+02  3.54960E+00  1.37069E-02 -5.27000E-02  3.00000E-01  4.56164E-02  0.00000E+00  3.00000E-01
      89  1.06445E-02  1.03384E-02  3.11858E+01  3.44990E+01  2.01780E+00  1.99021E+02  2.09083E+02  2.43910E+00 -3.32230E-02 -4.82000E-02  3.00000E-01  1.47805E-02  0.00000E+00  3.00000E-01
      90  1.53564E-03  1.46750E-03  2.27798E+01  1.97254E+01  4.73350E+00  1.81023E+02  1.58949E+02  4.61790E+00 -6.39672E-03 -2.76000E-02  3.00000E-01  2.56453E-02  0.00000E+00  3.00000E-01
      91  7.33416E-03  6.85942E-03  3.63553E+01  3.44129E+01  2.42660E+00  1.97712E+02  2.06800E+02  2.04820E+00 -1.90462E-02 -4.81000E-02  3.00000E-01  3.86546E-02  0.00000E+00  3.00000E-01
      92  1.52209E-03  1.59504E-03  5.30587E+00 -1.66190E+00  4.87370E+00  1.51440E+02  1.34958E+02  5.21500E+00 -1.08051E-02  2.30000E-03  3.00000E-01  3.70424E-02  0.00000E+00  3.00000E-01
      93  3.71651E-03  3.33501E-03  4.29134E+01  4.55340E+01  2.66940E+00  2.00203E+02  1.84950E+02  2.80100E+00  3.29242E-03 -6.36000E-02  3.00000E-01  4.81649E-02  0.00000E+00  3.00000E-01
      94  1.90190E-03  1.75998E-03  4.15354E+01  3.67685E+01  3.88200E+00  1.88352E+02  1.70325E+02  3.90010E+00 -4.21609E-03 -5.14000E-02  3.00000E-01  2.27543E-02  0.00000E+00  3.00000E-01
      95  3.04395E-03  2.74380E-03  1.41203E+01  4.09800E+00  6.29160E+00  1.55608E+02  1.28315E+02  5.83360E+00  8.45378E-03 -5.70000E-03  3.00000E-01  8.71685E-02  0.00000E+00  3.00000E-01
      96  1.03871E-02  9.51298E-03  5.49154E+01  4.96517E+01  1.89490E+00  2.08395E+02  2.04868E+02  1.86230E+00 -3.64857E-02 -6.94000E-02  3.00000E-01  3.47812E-02  0.00000E+00  3.00000E-01
      97  1.03463E-03  1.06103E-03  2.65354E+01  2.43638E+01  5.29040E+00  1.60664E+02  1.54438E+02  5.63680E+00 -9.53429E-04 -3.40000E-02  3.00000E-01  2.23988E-02  0.00000E+00  3.00000E-01
      98  1.23028E-03  1.25165E-03  2.93716E+01  2.19635E+01  3.75400E+00  1.65186E+02  1.45756E+02  4.26770E+00 -5.82529E-04 -3.07000E-02  3.00000E-01  3.10895E-02  0.00000E+00  3.00000E-01
      99  3.95646E-03  3.60302E-03  5.65216E+01  3.90104E+01  2.31750E+00  2.09233E+02  2.06014E+02  2.31160E+00 -1.62777E-02 -5.45000E-02  3.00000E-01  4.20965E-02  0.00000E+00  3.00000E-01
     100  3.63803E-03  3.35726E-03  6.30735E+01  5.93916E+01  2.64100E+00  2.15036E+02  1.79503E+02  2.60000E+00 -3.41992E-02 -8.30000E-02  3.00000E-01  2.30975E-02  0.00000E+00  3.00000E-01
     101  4.40999E-03  4.21896E-03  6.61180E+01  5.56762E+01  3.02470E+00  2.05323E+02  1.67626E+02  3.00050E+00 -4.20394E-02 -7.78000E-02  3.00000E-01  1.42524E-02  0.00000E+00  3.00000E-01
     102  4.65093E-03  4.17797E-03  6.18802E+01  6.41298E+01  3.00430E+00  2.13131E+02  1.84157E+02  2.87750E+00 -4.09262E-02 -8.96000E-02  3.00000E-01  3.42125E-02  0.00000E+00  3.00000E-01
     103  1.23156E-03  1.25050E-03  4.74689E+01  3.85853E+01  5.73760E+00  1.70861E+02  1.61140E+02  6.70480E+00 -8.76409E-03 -5.39000E-02  3.00000E-01  2.46160E-02  0.00000E+00  3.00000E-01
     104  9.85493E-03  9.31134E-03  2.97211E+01  2.30641E+01  9.59970E+00  1.53690E+02  1.07645E+02  9.74700E+00  4.85169E-04 -3.22000E-02  3.00000E-01 -3.64728E-02  0.00000E+00  3.00000E-01
     105  2.76917E-03  2.78286E-03  3.95537E+01  3.67031E+01  5.26070E+00  1.53467E+02  1.39582E+02  5.24910E+00 -1.18599E-03 -5.13000E-02  3.00000E-01  3.53057E-02  0.00000E+00  3.00000E-01
     106  2.08762E-03  1.99172E-03  6.56177E+01  4.92578E+01  3.20750E+00  2.01314E+02  1.70370E+02  3.17090E+00 -2.75706E-02 -6.88000E-02  3.00000E-01  1.86681E-02  0.00000E+00  3.00000E-01
     107  1.39072E-03  1.42101E-03  6.67112E+01  4.86514E+01  5.14740E+00  1.78643E+02  1.61512E+02  5.38590E+00 -5.86706E-02 -6.80000E-02  3.00000E-01  2.11990E-02  0.00000E+00  3.00000E-01
     108  5.58888E-03  5.30741E-03  8.11904E+01  7.60691E+01  2.84590E+00  2.18087E+02  1.68728E+02  3.07360E+00 -9.84784E-02 -1.06300E-01  3.00000E-01 -7.27356E-03  0.00000E+00  3.00000E-01
     109  1.59959E-03  1.65410E-03  4.21244E+01  3.12237E+01  4.52500E+00  1.49254E+02  1.28783E+02  4.74540E+00 -1.23770E-02 -4.36000E-02  3.00000E-01  3.89324E-02  0.00000E+00  3.00000E-01
     110  2.41046E-03  2.33868E-03  7.40559E+01  6.05916E+01  2.90940E+00  2.12000E+02  1.76118E+02  3.11640E+00 -6.55782E-02 -8.47000E-02  3.00000E-01  1.19900E-02  0.00000E+00  3.00000E-01
     111  3.22140E-03  2.95084E-03  7.83146E+01  6.87448E+01  2.57530E+00  2.20050E+02  1.75875E+02  2.77020E+00 -9.28121E-02 -9.60000E-02  3.00000E-01 -3.74132E-03  0.00000E+00  3.00000E-01
     112  2.65505E-03  2.74295E-03  6.12171E+01  5.27820E+01  4.76920E+00  1.55453E+02  1.32920E+02  4.55460E+00 -4.79079E-02 -7.37000E-02  3.00000E-01  3.51767E-02  0.00000E+00  3.00000E-01
     113  2.47299E-03  2.41849E-03  8.13342E+01  6.44952E+01  3.38250E+00  2.18018E+02  1.68797E+02  3.75640E+00 -1.03948E-01 -9.01000E-02  3.00000E-01 -7.88549E-03  0.00000E+00  3.00000E-01
     114  1.47074E-03  1.58469E-03  7.69056E+01  6.09376E+01  3.68380E+00  1.86364E+02  1.44153E+02  4.23210E+00 -1.06786E-01 -8.51000E-02  3.00000E-01  1.52349E-02  0.00000E+00  3.00000E-01
     115  2.41210E-03  2.57813E-03  7.49574E+01  6.14871E+01  2.71850E+00  1.69591E+02  1.61346E+02  3.10260E+00 -8.62949E-02 -8.59000E-02  3.00000E-01  4.44108E-02  0.00000E+00  3.00000E-01
     116  4.85924E-03  4.40863E-03  5.11880E+01  2.17985E+01  7.38860E+00  1.80258E+02  1.05102E+02  7.90260E+00 -2.95218E-02 -3.05000E-02  3.00000E-01 -4.14744E-02  0.00000E+00  3.00000E-01
     117  2.10040E-03  2.16801E-03  8.01970E+01  6.88558E+01  4.02080E+00  2.10816E+02  1.48397E+02  3.99660E+00 -1.11150E-01 -9.62000E-02  3.00000E-01 -1.09264E-02  0.00000E+00  3.00000E-01
     118  2.68487E-03  2.89664E-03  7.13449E+01  5.92784E+01  5.08820E+00  1.60372E+02  1.31205E+02  5.16520E+00 -9.38382E-02 -8.28000E-02  3.00000E-01  2.85805E-02  0.00000E+00  3.00000E-01
     119  1.60547E-03  1.75605E-03  7.75067E+01  7.26749E+01  2.99110E+00  1.92607E+02  1.64762E+02  3.44310E+00 -1.12373E-01 -1.01500E-01  3.00000E-01  8.15612E-03  0.00000E+00  3.00000E-01
     120  8.03854E-03  7.22524E-03  6.30609E+01  5.09015E+01  5.64670E+00  1.84352E+02  1.16348E+02  5.83170E+00 -3.29158E-02 -7.11000E-02  3.00000E-01 -2.55388E-02  0.00000E+00  3.00000E-01
     121  2.27257E-03  2.26796E-03  8.59319E+01  7.61701E+01  3.84970E+00  2.07953E+02  1.60800E+02  3.58570E+00 -1.36003E-01 -1.06400E-01  3.00000E-01 -5.73094E-03  0.00000E+00  3.00000E-01
     122  2.83506E-03  3.22963E-03  8.39884E+01  8.27018E+01  3.09000E+00  1.82674E+02  1.44534E+02  3.77070E+00 -1.62722E-01 -1.15500E-01  3.00000E-01  1.99210E-02  0.00000E+00  3.00000E-01
     123  3.41115E-03  3.68651E-03  8.58086E+01  8.16806E+01  2.73720E+00  1.90080E+02  1.52411E+02  2.86250E+00 -1.75079E-01 -1.14100E-01  3.00000E-01  1.22766E-02  0.00000E+00  3.00000E-01
     124  2.93032E-03  3.26684E-03  8.26595E+01  8.51497E+01  2.39760E+00  1.88043E+02  1.62344E+02  2.28950E+00 -1.48451E-01 -1.19000E-01  3.00000E-01  6.55002E-03  0.00000E+00  3.00000E-01
     125  1.92749E-03  2.02060E-03  9.12317E+01  8.14300E+01  3.54520E+00  1.94181E+02  1.60441E+02  3.61190E+00 -1.78544E-01 -1.13800E-01  3.00000E-01  1.13205E-02  0.00000E+00  3.00000E-01
     126  1.65095E-03  1.79561E-03  8.95970E+01  9.10898E+01  3.34400E+00  1.84638E+02  1.61695E+02  3.60620E+00 -1.89381E-01 -1.27300E-01  3.00000E-01  1.97350E-02  0.00000E+00  3.00000E-01
     127  1.05965E-03  1.17958E-03  8.17975E+01  7.22056E+01  4.37510E+00  1.64626E+02  1.27268E+02  4.80780E+00 -1.59415E-01 -1.00900E-01  3.00000E-01  5.10483E-02  0.00000E+00  3.00000E-01
     128  1.14797E-03  1.31652E-03  8.47622E+01  7.95708E+01  3.64480E+00  1.71027E+02  1.44946E+02  4.05920E+00 -1.59968E-01 -1.11200E-01  3.00000E-01  5.23022E-02  0.00000E+00  3.00000E-01
     129  4.85228E-03  4.42928E-03  8.46693E+01  8.53516E+01  4.42960E+00  1.72357E+02  1.15338E+02  5.08700E+00 -6.53257E-02 -1.19300E-01  3.00000E-01  5.77923E-03  0.00000E+00  3.00000E-01
     130  3.67954E-03  3.14265E-03  5.19791E+01  5.04692E+01  5.06090E+00  1.67051E+02  1.17951E+02  5.57950E+00 -5.50256E-04 -7.05000E-02  3.00000E-01  4.12339E-02  0.00000E+00  3.00000E-01
     131  2.72557E-03  2.86809E-03  9.48235E+01  9.52033E+01  3.35160E+00  1.66960E+02  1.44592E+02  3.36560E+00 -1.93723E-01 -1.33000E-01  3.00000E-01  6.44721E-02  0.00000E+00  3.00000E-01
     132  2.89686E-03  2.92286E-03  8.63426E+01  9.59976E+01  4.33880E+00  1.63767E+02  1.25222E+02  4.68940E+00 -1.18379E-01 -1.34100E-01  3.00000E-01  5.12704E-02  0.00000E+00  3.00000E-01
     133  6.10500E-03  5.68740E-03  8.98222E+01  8.64738E+01  4.31310E+00  1.81675E+02  1.08404E+02  4.79760E+00 -5.33390E-02 -1.20800E-01  3.00000E-01 -3.56337E-02  0.00000E+00  3.00000E-01
     134  1.26100E-03  1.34046E-03  9.02806E+01  9.18239E+01  4.08350E+00  1.67956E+02  1.37606E+02  4.08200E+00 -1.81152E-01 -1.28300E-01  3.00000E-01  5.00073E-02  0.00000E+00  3.00000E-01
     135  1.12874E-02  1.13522E-02  7.51142E+01  9.52826E+01  8.11970E+00  1.44820E+02  1.02093E+02  6.80250E+00 -2.11336E-02 -1.33100E-01  3.00000E-01  1.40169E-02  0.00000E+00  3.00000E-01
     136  1.25680E-03  1.36059E-03  8.94195E+01  9.20753E+01  3.96280E+00  1.68177E+02  1.46072E+02  3.57010E+00 -1.86499E-01 -1.28600E-01  3.00000E-01  4.87584E-02  0.00000E+00  3.00000E-01
     137  2.45765E-03  2.47154E-03  9.79690E+01  9.12632E+01  3.29800E+00  1.57547E+02  1.39211E+02  3.28030E+00 -1.58007E-01 -1.27500E-01  3.00000E-01  8.02108E-02  0.00000E+00  3.00000E-01
     138  3.20993E-03  3.25176E-03  8.60261E+01  8.24222E+01  3.56590E+00  1.64241E+02  1.26230E+02  3.92700E+00 -1.21517E-01 -1.15200E-01  3.00000E-01  4.69963E-02  0.00000E+00  3.00000E-01
     139  3.14311E-03  2.69089E-03  9.60236E+01  9.89743E+01  3.80460E+00  1.80639E+02  1.11957E+02  3.76270E+00 -5.29543E-02 -1.38300E-01  3.00000E-01 -1.26374E-02  0.00000E+00  3.00000E-01
     140  2.16173E-03  1.92811E-03  9.36543E+01  9.70276E+01  4.30390E+00  1.54475E+02  1.29884E+02  4.05950E+00 -6.41092E-02 -1.35600E-01  3.00000E-01  7.97444E-02  0.00000E+00  3.00000E-01
     141  2.81751E-03  2.44898E-03  8.85339E+01  1.05362E+02  4.43740E+00  1.62468E+02  1.25949E+02  4.98880E+00 -6.79072E-02 -1.47200E-01  3.00000E-01  5.08579E-02  0.00000E+00  3.00000E-01
     142  7.38167E-03  6.46342E-03  1.27337E+02  1.30449E+02  4.55590E+00  1.77959E+02  1.11069E+02  4.77790E+00 -8.51435E-02 -1.82300E-01  3.00000E-01 -1.07900E-02  0.00000E+00  3.00000E-01
     143  4.25213E-03  3.32685E-03  1.22149E+02  1.22448E+02  4.22050E+00  1.80142E+02  1.22967E+02  4.61680E+00 -1.50827E-02 -1.71100E-01  3.00000E-01  7.91502E-03  0.00000E+00  3.00000E-01
     144  1.36557E-02  1.44604E-02  5.90191E+01  1.42943E+02  7.38560E+00  8.80482E+01  8.77775E+01  7.51160E+00 -1.22694E-03 -1.99700E-01  3.00000E-01  1.57658E-02  0.00000E+00  3.00000E-01
     145  9.71084E-04  7.58283E-04  9.08299E+01  1.05273E+02  4.89950E+00  1.56981E+02  1.22078E+02  5.21350E+00  2.73681E-02 -1.47100E-01  3.00000E-01  7.96700E-02  0.00000E+00  3.00000E-01
     146  5.73162E-03  5.09986E-03  1.26925E+02  1.17864E+02  3.54300E+00  1.79370E+02  1.11039E+02  3.97860E+00 -6.29678E-02 -1.64700E-01  3.00000E-01 -1.23506E-02  0.00000E+00  3.00000E-01
     147  2.53145E-03  1.88930E-03  1.30786E+02  1.16630E+02  4.58890E+00  1.89370E+02  1.15629E+02  5.27200E+00  2.31935E-02 -1.63000E-01  3.00000E-01  1.54124E-03  0.00000E+00  3.00000E-01
     148  7.57355E-03  6.37505E-03  1.80305E+02  1.38060E+02  4.37150E+00  1.83204E+02  1.11025E+02  4.52190E+00 -1.01822E-01 -1.92900E-01  3.00000E-01 -2.59476E-02  0.00000E+00  3.00000E-01
     149  1.86381E-02  2.01741E-02  1.17975E+02  1.84203E+02  4.12540E+00  1.16101E+02  8.31491E+01  4.92460E+00 -9.32798E-02 -2.57400E-01  3.00000E-01  4.72950E-02  0.00000E+00  3.00000E-01
     150  1.36023E-02  1.26306E-02  1.54669E+02  1.49848E+02  3.14210E+00  1.59883E+02  9.61340E+01  3.36050E+00 -7.13205E-02 -2.09400E-01  3.00000E-01  2.24041E-02  0.00000E+00  3.00000E-01
     151  1.70417E-02  1.86841E-02  7.48906E+01  1.40762E+02  4.94690E+00  1.12603E+02  8.62257E+01  5.18530E+00 -5.19896E-02 -1.96700E-01  3.00000E-01  3.33852E-02  0.00000E+00  3.00000E-01
     152  2.83714E-02  2.38496E-02  8.10610E+01  2.05386E+02  3.59980E+00  1.12148E+02  6.31672E+01  4.93640E+00  6.70368E-02 -2.87000E-01  3.00000E-01 -2.55799E-02  0.00000E+00  3.00000E-01
