 -4.82109E+16  7.42270E+15 -2.98748E+15  3.02157E+15  4.39436E+04
 -1.74767E+16  2.00853E+16 -1.80409E+15  3.02695E+15  4.44158E+04
 -1.05239E+16  2.00342E+15 -4.65387E+14  3.03721E+15  4.51258E+04
 -1.05067E+15  2.41358E+15 -1.06670E+15  3.06806E+15  4.36036E+04
 -1.30758E+15  1.33318E+15 -1.64630E+15  3.06816E+15  4.28204E+04
 -6.08151E+15  1.68971E+15 -7.61161E+15  3.06982E+15  4.31804E+04
 -1.18292E+15  3.90438E+15 -5.81255E+14  3.10168E+15  4.36258E+04
 -2.76084E+15  4.47004E+15 -4.33313E+15  3.10270E+15  4.23198E+04
 -3.63940E+15  5.95931E+14 -1.45807E+16  3.09782E+15  4.45357E+04
 -1.48268E+15  2.89484E+15  1.31230E+15  3.10563E+15  4.40751E+04
 -8.14704E+14  6.39317E+14 -1.13617E+15  3.10860E+15  4.51752E+04
 -8.89932E+14 -1.16611E+14 -7.74492E+15  3.10690E+15  4.11482E+04
 -3.89180E+15  4.36813E+15 -5.43858E+13  1.05700E+16  6.44729E+04
 -1.67164E+16 -1.67878E+15 -1.59857E+15  1.05776E+16  6.45320E+04
  2.51853E+16  5.54402E+15  1.79392E+15  1.05569E+16  6.39467E+04
 -2.54113E+15  7.20820E+15 -1.75092E+10  1.07330E+16  6.38815E+04
 -1.87964E+15  6.30918E+15 -2.05838E+15  1.07250E+16  6.28130E+04
 -3.58607E+15  4.24184E+15 -6.57686E+15  1.07526E+16  6.54074E+04
 -1.69021E+15  5.53694E+14 -2.50983E+15  1.09314E+16  6.38458E+04
 -3.60556E+15  5.44676E+13 -6.81272E+15  1.09363E+16  6.45552E+04
 -1.31764E+15 -6.28534E+14 -4.68956E+15  1.09269E+16  6.58088E+04
 -3.40461E+14  1.29406E+15 -2.48442E+15  1.11271E+16  6.30651E+04
 -3.02571E+14  1.04058E+15 -8.87427E+15  1.11302E+16  6.27335E+04
 -1.84284E+15 -4.04207E+14 -1.28532E+16  1.11206E+16  6.43739E+04
 -5.96592E+17 -1.46100E+17  5.80778E+16  3.45735E+16  5.89841E+04
 -2.61651E+17  8.09562E+16  5.38312E+16  3.48019E+16  5.81271E+04
 -2.31699E+18 -7.88031E+15  3.59468E+14  3.42298E+16  5.86442E+04
 -1.97976E+17  1.00306E+16 -2.20865E+15  3.49900E+16  5.88931E+04
 -4.08197E+17 -3.87179E+16  4.39570E+16  3.47308E+16  5.85549E+04
  1.92470E+16  1.02667E+16 -1.38341E+17  3.51534E+16  5.82874E+04
 -3.34332E+15  5.19929E+15 -2.27146E+15  3.64454E+16  5.72913E+04
  7.23524E+14  1.61634E+15 -3.57089E+15  3.62088E+16  5.65167E+04
 -3.98869E+15  3.23219E+14 -1.23057E+16  3.65209E+16  5.74531E+04
  4.96318E+13 -4.55341E+13  3.96930E+13  3.73164E+16  5.63965E+04
 -1.67650E+15  1.36628E+15 -6.43333E+14  3.74546E+16  5.61992E+04
 -7.12483E+13 -4.09663E+13 -2.79351E+14  3.72958E+16  5.63080E+04
 -1.03671E+17 -1.04215E+17 -1.80691E+16  1.19085E+17  4.82022E+04
 -7.94855E+16  7.09549E+16 -5.21623E+17  1.18992E+17  4.83724E+04
  6.12987E+17 -1.05392E+17 -2.57518E+16  1.18540E+17  4.81136E+04
 -5.69120E+14  2.54679E+16 -1.01434E+15  1.20957E+17  4.81544E+04
 -1.27553E+16  1.70059E+16  2.97248E+16  1.21102E+17  4.76781E+04
 -8.14939E+16 -1.34971E+16 -7.97022E+17  1.19862E+17  4.85233E+04
 -2.46462E+15  4.16273E+15 -9.19372E+13  1.22648E+17  5.00724E+04
 -1.16072E+16  9.69426E+15 -1.67932E+15  1.22945E+17  5.00333E+04
  2.40985E+16  1.37525E+16 -4.67498E+16  1.22804E+17  4.76046E+04
 -1.36928E+15 -6.78845E+14 -3.92020E+15  1.23141E+17  4.81297E+04
 -1.37119E+15  6.40902E+15 -7.43614E+15  1.23857E+17  4.77866E+04
 -4.48077E+15  5.93502E+14 -5.70499E+15  1.22792E+17  4.87831E+04
  2.03725E+18 -2.34844E+15 -1.60540E+16  4.07715E+17  5.23716E+04
  5.06927E+16 -2.51528E+16  1.60929E+17  4.06990E+17  5.29068E+04
  4.82705E+16  6.76334E+16 -4.64014E+16  4.09013E+17  5.28118E+04
  2.81778E+15 -1.86966E+15 -3.25497E+14  4.07758E+17  5.26996E+04
 -3.57083E+16  1.43194E+16  1.27673E+15  4.07800E+17  5.25262E+04
 -3.36204E+16  2.85530E+16 -1.84909E+16  4.08800E+17  5.21564E+04
 -3.97902E+15  1.47394E+16 -2.76202E+14  4.08492E+17  5.29653E+04
 -8.42530E+15  1.55120E+16 -1.18818E+16  4.09117E+17  5.37037E+04
 -1.25689E+15  8.92495E+15 -3.56555E+16  4.09380E+17  5.38080E+04
 -3.58929E+13  4.67993E+14 -3.56521E+15  4.11597E+17  5.36395E+04
 -6.29563E+14  1.10913E+15 -2.00014E+16  4.09225E+17  5.37843E+04
 -9.83509E+14  1.52196E+15 -2.65793E+16  4.10297E+17  5.41479E+04
