        1121
     1   9.999999E-01   9.999999E-01   5.134561E-08
     2   4.164074E-04   4.293283E-04   4.164074E-06
     3   4.163791E-04   4.028499E-04   4.163791E-06
     4   4.163299E-04   4.383867E-04   4.163299E-06
     5   4.162732E-04   4.182870E-04   4.162732E-06
     6   4.162241E-04   4.220820E-04   4.162241E-06
     7   4.161957E-04   4.815213E-04   4.161957E-06
     8   1.259348E-03   1.196783E-03   1.259348E-05
     9   1.258931E-03   1.113264E-03   1.258931E-05
    10   1.258210E-03   1.161189E-03   1.258210E-05
    11   1.257378E-03   1.298640E-03   1.257378E-05
    12   1.256659E-03   9.950672E-04   1.256659E-05
    13   1.256244E-03   9.033500E-04   1.256244E-05
    14   2.116713E-03   2.215065E-03   2.116713E-05
    15   2.115005E-03   2.163636E-03   2.115005E-05
    16   2.112050E-03   2.183528E-03   2.112050E-05
    17   2.108647E-03   2.231706E-03   2.108647E-05
    18   2.105707E-03   2.140027E-03   2.105707E-05
    19   2.104013E-03   1.955518E-03   2.104013E-05
    20   2.945634E-03   3.242598E-03   2.945634E-05
    21   2.941533E-03   3.139124E-03   2.941533E-05
    22   2.934450E-03   3.291802E-03   2.934450E-05
    23   2.926305E-03   3.287165E-03   2.926305E-05
    24   2.919279E-03   3.394144E-03   2.919279E-05
    25   2.915234E-03   3.217315E-03   2.915234E-05
    26   3.637432E-03   3.365038E-03   3.637432E-05
    27   3.630411E-03   3.276092E-03   3.630411E-05
    28   3.618299E-03   3.261942E-03   3.618299E-05
    29   3.604389E-03   3.369244E-03   3.604389E-05
    30   3.592408E-03   3.335528E-03   3.592408E-05
    31   3.585518E-03   3.233507E-03   3.585518E-05
    32   4.041017E-03   4.039603E-03   4.041017E-05
    33   4.031908E-03   4.029528E-03   4.031908E-05
    34   4.016203E-03   4.039780E-03   4.016203E-05
    35   3.998183E-03   4.196669E-03   3.998183E-05
    36   3.982674E-03   4.247190E-03   3.982674E-05
    37   3.973760E-03   4.243125E-03   3.973760E-05
    38   1.190323E-04   1.107084E-04   1.190323E-06
    39   1.190227E-04   1.275570E-04   1.190227E-06
    40   1.190061E-04   1.150618E-04   1.190061E-06
    41   1.189869E-04   1.122789E-04   1.189869E-06
    42   1.189703E-04   1.354500E-04   1.189703E-06
    43   1.189608E-04   1.276492E-04   1.189608E-06
    44   3.634941E-04   2.752198E-04   3.634941E-06
    45   3.633457E-04   2.357443E-04   3.633457E-06
    46   3.630891E-04   4.724160E-04   3.630891E-06
    47   3.627934E-04   2.816911E-04   3.627934E-06
    48   3.625379E-04   1.862427E-04   3.625379E-06
    49   3.623906E-04   2.245408E-04   3.623906E-06
    50   6.236538E-04   5.660291E-04   6.236538E-06
    51   6.229879E-04   5.500481E-04   6.229879E-06
    52   6.218387E-04   6.642880E-04   6.218387E-06
    53   6.205184E-04   6.433544E-04   6.205184E-06
    54   6.193806E-04   6.434357E-04   6.193806E-06
    55   6.187260E-04   5.991501E-04   6.187260E-06
    56   8.947253E-04   8.957537E-04   8.947253E-06
    57   8.929407E-04   8.727927E-04   8.929407E-06
    58   8.898688E-04   1.055789E-03   8.898688E-06
    59   8.863516E-04   1.052412E-03   8.863516E-06
    60   8.833314E-04   1.068986E-03   8.833314E-06
    61   8.815984E-04   9.821421E-04   8.815984E-06
    62   1.141844E-03   1.069148E-03   1.141844E-05
    63   1.138465E-03   1.045503E-03   1.138465E-05
    64   1.132661E-03   1.043730E-03   1.132661E-05
    65   1.126038E-03   1.153484E-03   1.126038E-05
    66   1.120369E-03   9.893449E-04   1.120369E-05
    67   1.117124E-03   9.970525E-04   1.117124E-05
    68   1.296795E-03   1.244036E-03   1.296795E-05
    69   1.292138E-03   1.322277E-03   1.292138E-05
    70   1.284151E-03   1.326914E-03   1.284151E-05
    71   1.275053E-03   1.373222E-03   1.275053E-05
    72   1.267281E-03   1.263642E-03   1.267281E-05
    73   1.262839E-03   1.269409E-03   1.262839E-05
    74   2.055725E-04   2.095384E-04   2.055725E-06
    75   2.055596E-04   2.025585E-04   2.055596E-06
    76   2.055372E-04   1.771208E-04   2.055372E-06
    77   2.055113E-04   1.933406E-04   2.055113E-06
    78   2.054889E-04   2.519931E-04   2.054889E-06
    79   2.054759E-04   2.488289E-04   2.054759E-06
    80   6.260740E-04   6.695181E-04   6.260740E-06
    81   6.258827E-04   6.261301E-04   6.258827E-06
    82   6.255516E-04   7.941031E-04   6.255516E-06
    83   6.251697E-04   5.124211E-04   6.251697E-06
    84   6.248393E-04   2.932644E-04   6.248393E-06
    85   6.246487E-04   4.324127E-04   6.246487E-06
    86   1.065179E-03   1.134447E-03   1.065179E-05
    87   1.064385E-03   1.048317E-03   1.064385E-05
    88   1.063013E-03   1.065742E-03   1.063013E-05
    89   1.061432E-03   1.114569E-03   1.061432E-05
    90   1.060065E-03   9.886177E-04   1.060065E-05
    91   1.059278E-03   9.694544E-04   1.059278E-05
    92   1.503474E-03   1.478497E-03   1.503474E-05
    93   1.501540E-03   1.346282E-03   1.501540E-05
    94   1.498199E-03   1.710673E-03   1.498199E-05
    95   1.494356E-03   1.402686E-03   1.494356E-05
    96   1.491041E-03   1.573146E-03   1.491041E-05
    97   1.489132E-03   1.359242E-03   1.489132E-05
    98   1.879900E-03   1.953184E-03   1.879900E-05
    99   1.876536E-03   1.787553E-03   1.876536E-05
   100   1.870732E-03   1.748034E-03   1.870732E-05
   101   1.864066E-03   1.912487E-03   1.864066E-05
   102   1.858323E-03   1.850413E-03   1.858323E-05
   103   1.855021E-03   1.842940E-03   1.855021E-05
   104   2.103901E-03   2.177166E-03   2.103901E-05
   105   2.099488E-03   2.211332E-03   2.099488E-05
   106   2.091881E-03   2.058013E-03   2.091881E-05
   107   2.083152E-03   2.219762E-03   2.083152E-05
   108   2.075640E-03   2.082188E-03   2.075640E-05
   109   2.071323E-03   2.047517E-03   2.071323E-05
   110   2.860403E-04   1.706908E-04   2.860403E-06
   111   2.860117E-04   2.283016E-04   2.860117E-06
   112   2.859622E-04   1.773837E-04   2.859622E-06
   113   2.859051E-04   1.475280E-04   2.859051E-06
   114   2.858557E-04   1.303755E-04   2.858557E-06
   115   2.858272E-04   1.209561E-04   2.858272E-06
   116   8.952466E-04   2.551971E-04   8.952466E-06
   117   8.947998E-04   2.264135E-04   8.947998E-06
   118   8.940269E-04   5.812087E-04   8.940269E-06
   119   8.931361E-04   3.681451E-04   8.931361E-06
   120   8.923661E-04   3.621244E-04   8.923661E-06
   121   8.919220E-04   3.547202E-04   8.919220E-06
   122   1.603721E-03   8.642897E-04   1.603721E-05
   123   1.601690E-03   8.992194E-04   1.601690E-05
   124   1.598181E-03   1.216032E-03   1.598181E-05
   125   1.594146E-03   1.004354E-03   1.594146E-05
   126   1.590666E-03   9.877075E-04   1.590666E-05
   127   1.588663E-03   8.879289E-04   1.588663E-05
   128   2.418180E-03   1.574441E-03   2.418180E-05
   129   2.412687E-03   1.620121E-03   2.412687E-05
   130   2.403219E-03   1.814960E-03   2.403219E-05
   131   2.392359E-03   1.649852E-03   2.392359E-05
   132   2.383018E-03   1.583419E-03   2.383018E-05
   133   2.377651E-03   1.451575E-03   2.377651E-05
   134   3.218682E-03   1.925182E-03   3.218682E-05
   135   3.208253E-03   1.838220E-03   3.208253E-05
   136   3.190310E-03   2.242238E-03   3.190310E-05
   137   3.169778E-03   2.099029E-03   3.169778E-05
   138   3.152158E-03   1.964430E-03   3.152158E-05
   139   3.142052E-03   2.018657E-03   3.142052E-05
   140   3.742354E-03   2.805936E-03   3.742354E-05
   141   3.727990E-03   2.773980E-03   3.727990E-05
   142   3.703300E-03   3.144169E-03   3.703300E-05
   143   3.675087E-03   3.068231E-03   3.675087E-05
   144   3.650907E-03   3.202230E-03   3.650907E-05
   145   3.637053E-03   2.982012E-03   3.637053E-05
   146   2.576386E-04   3.294576E-04   2.576386E-06
   147   2.576141E-04   4.012981E-04   2.576141E-06
   148   2.575716E-04   2.844714E-04   2.575716E-06
   149   2.575226E-04   2.640977E-04   2.575226E-06
   150   2.574802E-04   2.088582E-04   2.574802E-06
   151   2.574557E-04   2.367232E-04   2.574557E-06
   152   8.240169E-04   3.608719E-04   8.240169E-06
   153   8.236038E-04   3.754834E-04   8.236038E-06
   154   8.228897E-04   1.005138E-03   8.228897E-06
   155   8.220672E-04   6.933370E-04   8.220672E-06
   156   8.213569E-04   4.884148E-04   8.213569E-06
   157   8.209475E-04   4.909098E-04   8.209475E-06
   158   1.545846E-03   1.203759E-03   1.545846E-05
   159   1.543708E-03   1.260845E-03   1.543708E-05
   160   1.540022E-03   1.903536E-03   1.540022E-05
   161   1.535793E-03   1.573281E-03   1.535793E-05
   162   1.532153E-03   1.540773E-03   1.532153E-05
   163   1.530061E-03   1.433266E-03   1.530061E-05
   164   2.495492E-03   2.684541E-03   2.495492E-05
   165   2.488692E-03   2.815022E-03   2.488692E-05
   166   2.477009E-03   3.629262E-03   2.477009E-05
   167   2.463667E-03   3.464148E-03   2.463667E-05
   168   2.452238E-03   3.725917E-03   2.452238E-05
   169   2.445692E-03   3.729653E-03   2.445692E-05
   170   3.573935E-03   3.539941E-03   3.573935E-05
   171   3.558903E-03   3.478090E-03   3.558903E-05
   172   3.533162E-03   3.894858E-03   3.533162E-05
   173   3.503895E-03   3.746415E-03   3.503895E-05
   174   3.478938E-03   3.625772E-03   3.478938E-05
   175   3.464691E-03   3.465419E-03   3.464691E-05
   176   4.362459E-03   4.755672E-03   4.362459E-05
   177   4.339742E-03   4.658539E-03   4.339742E-05
   178   4.300920E-03   5.009586E-03   4.300920E-05
   179   4.256903E-03   4.549293E-03   4.256903E-05
   180   4.219472E-03   4.423970E-03   4.219472E-05
   181   4.198146E-03   4.013883E-03   4.198146E-05
   182   1.988785E-04   2.176070E-04   1.988785E-06
   183   1.988572E-04   2.667913E-04   1.988572E-06
   184   1.988204E-04   2.425110E-04   1.988204E-06
   185   1.987779E-04   1.913773E-04   1.987779E-06
   186   1.987411E-04   2.104477E-04   1.987411E-06
   187   1.987198E-04   1.909725E-04   1.987198E-06
   188   6.702591E-04   6.830160E-04   6.702591E-06
   189   6.698770E-04   6.801895E-04   6.698770E-06
   190   6.692163E-04   9.569406E-04   6.692163E-06
   191   6.684548E-04   7.657130E-04   6.684548E-06
   192   6.677967E-04   6.495033E-04   6.677967E-06
   193   6.674173E-04   5.700210E-04   6.674173E-06
   194   1.399674E-03   1.659640E-03   1.399674E-05
   195   1.397473E-03   1.836968E-03   1.397473E-05
   196   1.393676E-03   1.855055E-03   1.393676E-05
   197   1.389312E-03   1.679010E-03   1.389312E-05
   198   1.385551E-03   1.619804E-03   1.385551E-05
   199   1.383387E-03   1.643869E-03   1.383387E-05
   200   2.615970E-03   2.805000E-03   2.615970E-05
   201   2.608042E-03   2.931704E-03   2.608042E-05
   202   2.594395E-03   2.971673E-03   2.594395E-05
   203   2.578770E-03   2.904185E-03   2.578770E-05
   204   2.565352E-03   2.708130E-03   2.565352E-05
   205   2.557653E-03   2.532041E-03   2.557653E-05
   206   4.316236E-03   4.335829E-03   4.316236E-05
   207   4.296673E-03   4.272874E-03   4.296673E-05
   208   4.263089E-03   4.272981E-03   4.263089E-05
   209   4.224780E-03   4.287684E-03   4.224780E-05
   210   4.192001E-03   4.402388E-03   4.192001E-05
   211   4.173242E-03   3.900112E-03   4.173242E-05
   212   5.741081E-03   6.308419E-03   5.741081E-05
   213   5.709536E-03   6.343376E-03   5.709536E-05
   214   5.655482E-03   6.704496E-03   5.655482E-05
   215   5.593970E-03   6.581319E-03   5.593970E-05
   216   5.541465E-03   6.767938E-03   5.541465E-05
   217   5.511469E-03   6.708671E-03   5.511469E-05
   218   2.095321E-04   1.741309E-04   2.095321E-06
   219   2.095178E-04   2.425007E-04   2.095178E-06
   220   2.094931E-04   2.127444E-04   2.094931E-06
   221   2.094645E-04   1.631089E-04   2.094645E-06
   222   2.094397E-04   1.343406E-04   2.094397E-06
   223   2.094254E-04   1.561762E-04   2.094254E-06
   224   6.760164E-04   2.679039E-04   6.760164E-06
   225   6.757386E-04   2.326371E-04   6.757386E-06
   226   6.752582E-04   7.046988E-04   6.752582E-06
   227   6.747050E-04   5.865445E-04   6.747050E-06
   228   6.742272E-04   5.668521E-04   6.742272E-06
   229   6.739519E-04   5.266675E-04   6.739519E-06
   230   1.350896E-03   1.060441E-03   1.350896E-05
   231   1.348887E-03   1.155269E-03   1.348887E-05
   232   1.345425E-03   1.390790E-03   1.345425E-05
   233   1.341457E-03   1.248331E-03   1.341457E-05
   234   1.338045E-03   1.166761E-03   1.338045E-05
   235   1.336086E-03   1.012581E-03   1.336086E-05
   236   2.663551E-03   2.362876E-03   2.663551E-05
   237   2.652940E-03   2.312467E-03   2.652940E-05
   238   2.634746E-03   2.540953E-03   2.634746E-05
   239   2.614028E-03   2.610963E-03   2.614028E-05
   240   2.596332E-03   2.475674E-03   2.596332E-05
   241   2.586218E-03   2.354673E-03   2.586218E-05
   242   5.267856E-03   3.072968E-03   5.267856E-05
   243   5.228958E-03   2.944394E-03   5.228958E-05
   244   5.162562E-03   3.199802E-03   5.162562E-05
   245   5.087410E-03   3.084177E-03   5.087410E-05
   246   5.023612E-03   3.343812E-03   5.023612E-05
   247   4.987311E-03   2.766710E-03   4.987311E-05
   248   8.255953E-03   5.922749E-03   8.255953E-05
   249   8.175950E-03   5.710480E-03   8.175950E-05
   250   8.039745E-03   6.057408E-03   8.039745E-05
   251   7.886123E-03   6.029219E-03   7.886123E-05
   252   7.756171E-03   6.154717E-03   7.756171E-05
   253   7.682422E-03   5.517789E-03   7.682422E-05
   254   3.496274E-04   3.513649E-04   3.496274E-06
   255   3.496021E-04   4.750010E-04   3.496021E-06
   256   3.495583E-04   3.623232E-04   3.495583E-06
   257   3.495077E-04   3.444947E-04   3.495077E-06
   258   3.494639E-04   3.078231E-04   3.494639E-06
   259   3.494386E-04   3.025986E-04   3.494386E-06
   260   1.124759E-03   5.567509E-04   1.124759E-05
   261   1.124354E-03   5.303740E-04   1.124354E-05
   262   1.123653E-03   1.479993E-03   1.123653E-05
   263   1.122844E-03   1.077126E-03   1.122844E-05
   264   1.122144E-03   8.666626E-04   1.122144E-05
   265   1.121740E-03   9.106478E-04   1.121740E-05
   266   2.122357E-03   2.104350E-03   2.122357E-05
   267   2.120361E-03   2.194526E-03   2.120361E-05
   268   2.116913E-03   2.700981E-03   2.116913E-05
   269   2.112944E-03   2.416800E-03   2.112944E-05
   270   2.109518E-03   2.541346E-03   2.109518E-05
   271   2.107545E-03   2.156428E-03   2.107545E-05
   272   3.495835E-03   4.039768E-03   3.495835E-05
   273   3.488405E-03   4.236774E-03   3.488405E-05
   274   3.475646E-03   4.516820E-03   3.475646E-05
   275   3.461084E-03   4.685479E-03   3.461084E-05
   276   3.448616E-03   4.230665E-03   3.448616E-05
   277   3.441478E-03   4.261181E-03   3.441478E-05
   278   5.615690E-03   5.926827E-03   5.615690E-05
   279   5.585083E-03   5.631487E-03   5.585083E-05
   280   5.533212E-03   6.133822E-03   5.533212E-05
   281   5.475056E-03   5.815698E-03   5.475056E-05
   282   5.426139E-03   6.405700E-03   5.426139E-05
   283   5.398488E-03   5.127412E-03   5.398488E-05
   284   8.351562E-03   9.930923E-03   8.351562E-05
   285   8.266912E-03   9.487709E-03   8.266912E-05
   286   8.124723E-03   1.027823E-02   8.124723E-05
   287   7.967236E-03   1.015463E-02   7.967236E-05
   288   7.836377E-03   1.050981E-02   7.836377E-05
   289   7.763067E-03   9.101122E-03   7.763067E-05
   290   3.442242E-04   2.108984E-04   3.442242E-06
   291   3.441825E-04   3.173440E-04   3.441825E-06
   292   3.441102E-04   3.148388E-04   3.441102E-06
   293   3.440267E-04   2.617572E-04   3.440267E-06
   294   3.439545E-04   3.923464E-04   3.439545E-06
   295   3.439128E-04   4.606583E-04   3.439128E-06
   296   1.184805E-03   1.083094E-03   1.184805E-05
   297   1.184041E-03   1.315665E-03   1.184041E-05
   298   1.182719E-03   1.962464E-03   1.182719E-05
   299   1.181196E-03   1.398826E-03   1.181196E-05
   300   1.179880E-03   1.216769E-03   1.179880E-05
   301   1.179121E-03   1.145295E-03   1.179121E-05
   302   2.574831E-03   3.010114E-03   2.574831E-05
   303   2.570327E-03   2.873865E-03   2.570327E-05
   304   2.562551E-03   2.697626E-03   2.562551E-05
   305   2.553613E-03   2.585427E-03   2.553613E-05
   306   2.545907E-03   2.999795E-03   2.545907E-05
   307   2.541473E-03   2.328955E-03   2.541473E-05
   308   5.044637E-03   5.456026E-03   5.044637E-05
   309   5.028127E-03   6.184737E-03   5.028127E-05
   310   4.999690E-03   5.680862E-03   4.999690E-05
   311   4.967104E-03   5.758623E-03   4.967104E-05
   312   4.939098E-03   5.597754E-03   4.939098E-05
   313   4.923019E-03   5.457235E-03   4.923019E-05
   314   8.667172E-03   1.013964E-02   8.667172E-05
   315   8.625283E-03   9.028467E-03   8.625283E-05
   316   8.553365E-03   9.692858E-03   8.553365E-05
   317   8.471307E-03   8.565098E-03   8.471307E-05
   318   8.401077E-03   1.014964E-02   8.401077E-05
   319   8.360876E-03   7.573176E-03   8.360876E-05
   320   1.189165E-02   1.391099E-02   1.189165E-04
   321   1.181765E-02   1.307960E-02   1.181765E-04
   322   1.169142E-02   1.369270E-02   1.169142E-04
   323   1.154860E-02   1.387266E-02   1.154860E-04
   324   1.142734E-02   1.519442E-02   1.142734E-04
   325   1.135830E-02   1.137960E-02   1.135830E-04
   326   1.561376E-04   1.482896E-04   1.561376E-06
   327   1.561231E-04   2.029499E-04   1.561231E-06
   328   1.560978E-04   2.019721E-04   1.560978E-06
   329   1.560687E-04   1.261999E-04   1.560687E-06
   330   1.560436E-04   1.389442E-04   1.560436E-06
   331   1.560290E-04   1.476670E-04   1.560290E-06
   332   5.282072E-04   5.756402E-04   5.282072E-06
   333   5.278538E-04   4.681761E-04   5.278538E-06
   334   5.272436E-04   5.535759E-04   5.272436E-06
   335   5.265419E-04   4.208151E-04   5.265419E-06
   336   5.259367E-04   4.234127E-04   5.259367E-06
   337   5.255884E-04   3.353707E-04   5.255884E-06
   338   1.250869E-03   1.338768E-03   1.250869E-05
   339   1.247452E-03   1.298535E-03   1.247452E-05
   340   1.241577E-03   1.457765E-03   1.241577E-05
   341   1.234860E-03   1.259280E-03   1.234860E-05
   342   1.229102E-03   1.207388E-03   1.229102E-05
   343   1.225802E-03   1.159972E-03   1.225802E-05
   344   3.430637E-03   3.609683E-03   3.430637E-05
   345   3.406478E-03   4.123990E-03   3.406478E-05
   346   3.365199E-03   4.394328E-03   3.365199E-05
   347   3.318414E-03   4.111346E-03   3.318414E-05
   348   3.278642E-03   4.104818E-03   3.278642E-05
   349   3.255989E-03   4.598835E-03   3.255989E-05
   350   9.797261E-03   5.586023E-03   9.797261E-05
   351   9.675047E-03   5.462602E-03   9.675047E-05
   352   9.467941E-03   5.491521E-03   9.467941E-05
   353   9.235800E-03   5.584456E-03   9.235800E-05
   354   9.040620E-03   4.465123E-03   9.040620E-05
   355   8.930336E-03   4.213147E-03   8.930336E-05
   356   1.972984E-02   2.293646E-02   1.972984E-04
   357   1.940030E-02   2.101717E-02   1.940030E-04
   358   1.884585E-02   2.226937E-02   1.884585E-04
   359   1.823033E-02   2.128401E-02   1.823033E-04
   360   1.771769E-02   2.051633E-02   1.771769E-04
   361   1.743001E-02   2.034459E-02   1.743001E-04
   362   1.118719E-02   1.031736E-02   2.237438E-04
   363   5.701304E-03   5.478122E-03   1.140261E-04
   364   5.209374E-03   5.084469E-03   1.041875E-04
   365   3.638031E-03   3.322375E-03   7.276062E-05
   366   6.404468E-03   5.983980E-03   1.280894E-04
   367   1.844336E-03   1.963991E-03   3.688672E-05
   368   3.709114E-03   3.714215E-03   7.418228E-05
   369   3.716510E-03   3.314077E-03   7.433019E-05
   370   2.518294E-03   2.789319E-03   5.036589E-05
   371   3.562341E-03   3.435158E-03   7.124682E-05
   372   1.376420E-03   1.533373E-03   2.752839E-05
   373   1.302225E-02   1.195771E-02   2.604449E-04
   374   5.086731E-03   4.408314E-03   1.017346E-04
   375   1.064447E-02   1.037372E-02   2.128894E-04
   376   1.285141E-02   1.267742E-02   2.570282E-04
   377   2.636488E-03   2.651701E-03   5.272977E-05
   378   9.873560E-03   9.438072E-03   1.974712E-04
   379   1.535640E-03   1.395420E-03   3.071280E-05
   380   4.111067E-03   3.506291E-03   8.222135E-05
   381   4.096004E-03   3.957863E-03   8.192007E-05
   382   3.887665E-03   3.343216E-03   7.775329E-05
   383   1.023513E-02   9.852989E-03   2.047025E-04
   384   2.094854E-03   1.994731E-03   4.189708E-05
   385   7.168263E-03   7.353389E-03   1.433653E-04
   386   7.369448E-03   6.277689E-03   1.473890E-04
   387   1.036245E-02   1.017666E-02   2.072489E-04
   388   3.332118E-03   3.303982E-03   6.664236E-05
   389   1.261001E-03   1.372451E-03   2.522003E-05
   390   1.566815E-03   1.757350E-03   3.133630E-05
   391   3.476988E-03   3.049492E-03   6.953975E-05
   392   1.927492E-03   2.091027E-03   3.854983E-05
   393   1.034455E-02   1.016940E-02   2.068910E-04
   394   6.482766E-03   4.949330E-03   1.296553E-04
   395   3.293591E-03   3.130884E-03   6.587182E-05
   396   1.262959E-02   1.172553E-02   2.525917E-04
   397   1.325792E-03   1.468712E-03   2.651585E-05
   398   1.307184E-02   1.458757E-02   2.614368E-04
   399   5.209182E-03   4.161933E-03   1.041836E-04
   400   2.725570E-03   2.971552E-03   5.451141E-05
   401   1.273646E-02   1.018332E-02   2.547293E-04
   402   9.991806E-03   1.061169E-02   1.998361E-04
   403   6.424793E-03   5.844253E-03   1.284959E-04
   404   1.350663E-02   1.615056E-02   2.701326E-04
   405   3.013352E-03   2.300665E-03   6.026705E-05
   406   1.256803E-03   1.351840E-03   2.513607E-05
   407   1.650949E-03   1.802195E-03   3.301898E-05
   408   3.337900E-03   3.167782E-03   6.675800E-05
   409   4.745555E-03   4.755025E-03   9.491110E-05
   410   1.235833E-03   1.376906E-03   2.471667E-05
   411   1.694483E-03   1.825999E-03   3.388966E-05
   412   8.725576E-03   9.253695E-03   1.745115E-04
   413   3.850813E-03   3.523927E-03   7.701626E-05
   414   1.147973E-03   1.280043E-03   2.295945E-05
   415   2.586320E-03   2.406335E-03   5.172641E-05
   416   1.605471E-03   1.727990E-03   3.210943E-05
   417   2.410463E-03   2.331289E-03   4.820925E-05
   418   3.956459E-03   3.580368E-03   7.912919E-05
   419   7.334161E-03   6.840659E-03   1.466832E-04
   420   5.407697E-03   5.032072E-03   1.081539E-04
   421   1.008986E-03   1.077017E-03   2.017972E-05
   422   1.403111E-03   1.474588E-03   2.806223E-05
   423   2.087620E-03   1.957211E-03   4.175239E-05
   424   1.292623E-02   1.273893E-02   2.585247E-04
   425   3.361898E-03   2.947898E-03   6.723796E-05
   426   3.241457E-03   3.301944E-03   6.482913E-05
   427   1.622882E-02   1.535752E-02   3.245764E-04
   428   2.914416E-02   2.909934E-02   5.828833E-04
   429   1.287656E-02   1.290184E-02   2.575312E-04
   430   1.645070E-03   1.502041E-03   3.290140E-05
   431   6.081675E-03   5.306231E-03   1.216335E-04
   432   2.473586E-03   2.126485E-03   4.947173E-05
   433   9.355594E-03   8.452370E-03   1.871119E-04
   434   4.118656E-03   3.626957E-03   8.237313E-05
   435   3.887665E-03   3.360563E-03   7.775329E-05
   436   5.425307E-03   4.807072E-03   1.085061E-04
   437   1.285141E-02   1.266585E-02   2.570282E-04
   438   1.338775E-02   1.287178E-02   2.677550E-04
   439   9.138559E-03   6.512288E-03   1.827712E-04
   440   1.466686E-03   1.444526E-03   2.933372E-05
   441   1.230281E-03   1.171787E-03   2.460562E-05
   442   2.164850E-03   2.076531E-03   4.329701E-05
   443   1.715720E-03   1.507224E-03   3.431440E-05
   444   5.876696E-03   5.335117E-03   1.175339E-04
   445   2.395348E-03   2.017851E-03   4.790695E-05
   446   4.752106E-03   3.876959E-03   9.504212E-05
   447   1.186613E-03   1.105519E-03   2.373226E-05
   448   1.355002E-02   1.256460E-02   2.710003E-04
   449   3.184835E-03   2.713649E-03   6.369669E-05
   450   1.064447E-02   1.036119E-02   2.128894E-04
   451   1.535640E-03   1.386404E-03   3.071280E-05
   452   7.334161E-03   6.883161E-03   1.466832E-04
   453   1.522091E-03   1.467103E-03   3.044183E-05
   454   3.716510E-03   3.300029E-03   7.433019E-05
   455   1.901896E-03   1.712377E-03   3.803792E-05
   456   3.043952E-03   2.655458E-03   6.087904E-05
   457   1.038707E-02   9.643938E-03   2.077415E-04
   458   1.034628E-03   1.025799E-03   2.069256E-05
   459   1.230281E-03   1.172172E-03   2.460562E-05
   460   3.956459E-03   3.574940E-03   7.912919E-05
   461   3.638031E-03   3.296760E-03   7.276062E-05
   462   4.409992E-03   4.150917E-03   8.819983E-05
   463   4.650930E-03   4.281117E-03   9.301859E-05
   464   1.231562E-03   1.210504E-03   2.463124E-05
   465   9.854930E-03   9.726774E-03   1.970986E-04
   466   2.769166E-03   2.807680E-03   5.538331E-05
   467   2.087620E-03   1.952374E-03   4.175239E-05
   468   1.390723E-03   1.397030E-03   2.781447E-05
   469   5.588879E-03   5.361406E-03   1.117776E-04
   470   1.599592E-03   1.618039E-03   3.199184E-05
   471   2.410463E-03   2.324941E-03   4.820925E-05
   472   3.221398E-03   2.999382E-03   6.442796E-05
   473   2.655052E-03   2.708020E-03   5.310104E-05
   474   2.472990E-03   2.413724E-03   4.945980E-05
   475   1.470740E-03   1.549199E-03   2.941479E-05
   476   2.412098E-03   2.550860E-03   4.824195E-05
   477   4.859244E-03   4.375227E-03   9.718487E-05
   478   2.100401E-03   2.162622E-03   4.200802E-05
   479   2.684868E-03   2.840046E-03   5.369737E-05
   480   1.605471E-03   1.689462E-03   3.210943E-05
   481   8.038542E-03   7.597791E-03   1.607708E-04
   482   2.272565E-03   2.305999E-03   4.545130E-05
   483   2.835062E-03   3.150394E-03   5.670125E-05
   484   3.411151E-03   3.736468E-03   6.822303E-05
   485   2.930316E-03   3.248053E-03   5.860633E-05
   486   1.927492E-03   2.096875E-03   3.854983E-05
   487   1.650949E-03   1.816580E-03   3.301898E-05
   488   1.059652E-03   1.195275E-03   2.119304E-05
   489   1.147973E-03   1.315654E-03   2.295945E-05
   490   4.852275E-03   4.526370E-03   9.704551E-05
   491   3.679540E-03   3.329807E-03   7.359079E-05
   492   2.725570E-03   2.950272E-03   5.451141E-05
   493   2.896860E-03   2.891937E-03   5.793720E-05
   494   6.104997E-03   6.028477E-03   1.220999E-04
   495   1.261001E-03   1.346714E-03   2.522003E-05
   496   1.128739E-02   1.146362E-02   2.257477E-04
   497   1.256803E-03   1.357240E-03   2.513607E-05
   498   2.457652E-03   2.561103E-03   4.915305E-05
   499   3.209930E-03   3.170351E-03   6.419859E-05
   500   3.143110E-03   2.786316E-03   6.286221E-05
   501   2.161731E-03   2.052388E-03   4.323462E-05
   502   2.817515E-03   2.500392E-03   5.635030E-05
   503   7.381667E-03   6.561710E-03   1.476333E-04
   504   4.252131E-03   3.383002E-03   8.504262E-05
   505   1.365569E-02   1.434186E-02   2.731138E-04
   506   9.710843E-04   8.171355E-04   1.942169E-05
   507   5.731622E-03   5.028945E-03   1.146324E-04
   508   2.531445E-03   1.905512E-03   5.062890E-05
   509   7.573552E-03   6.492512E-03   1.514710E-04
   510   1.863807E-02   1.984496E-02   3.727614E-04
   511   1.360232E-02   1.275238E-02   2.720463E-04
   512   1.704174E-02   1.852991E-02   3.408349E-04
   513   2.837137E-02   2.523596E-02   5.674274E-04
   514   0.000000E+00   2.292874E-04   8.571999E-05
   515   0.000000E+00  -2.174623E-04   4.928760E-05
   516   0.000000E+00  -1.489464E-04   6.938575E-05
   517   0.000000E+00   7.362430E-05   3.784845E-05
   518   0.000000E+00   9.373037E-05   5.833195E-05
   519   0.000000E+00  -6.799212E-05   3.567512E-05
   520   0.000000E+00  -1.143236E-04   4.791193E-05
   521   0.000000E+00   1.189981E-04   3.792972E-05
   522   0.000000E+00  -5.712890E-05   4.420725E-05
   523   0.000000E+00  -3.910003E-05   4.893610E-05
   524   0.000000E+00   5.539199E-05   2.576351E-05
   525   0.000000E+00   5.110992E-04   8.947855E-05
   526   0.000000E+00   2.123776E-04   5.100023E-05
   527   0.000000E+00   3.570879E-04   7.263877E-05
   528   0.000000E+00   3.023130E-04   1.112597E-04
   529   0.000000E+00   2.140605E-05   5.354117E-05
   530   0.000000E+00   4.098338E-04   1.905779E-04
   531   0.000000E+00  -1.893440E-05   3.233695E-05
   532   0.000000E+00  -9.746414E-05   4.774072E-05
   533   0.000000E+00  -5.212554E-05   7.106440E-05
   534   0.000000E+00  -3.902449E-05   5.388827E-05
   535   0.000000E+00  -3.419589E-04   8.743535E-05
   536   0.000000E+00   1.787191E-05   3.275580E-05
   537   0.000000E+00   1.065784E-03   4.587356E-04
   538   0.000000E+00   8.685724E-04   3.185521E-04
   539   0.000000E+00   1.873775E-03   5.889728E-04
   540   0.000000E+00   2.675803E-04   7.864687E-05
   541   0.000000E+00   8.133786E-05   2.646036E-05
   542   0.000000E+00  -2.484099E-05   2.638962E-05
   543   0.000000E+00   5.680130E-04   9.389042E-05
   544   0.000000E+00  -9.012636E-05   3.011639E-05
   545   0.000000E+00   1.057549E-03   3.532326E-04
   546   0.000000E+00   2.125824E-04   1.419297E-04
   547   0.000000E+00   1.738188E-04   6.301965E-05
   548   0.000000E+00   2.736865E-03   3.330377E-04
   549   0.000000E+00   1.622461E-05   2.572478E-05
   550   0.000000E+00   7.105553E-03   6.532966E-04
   551   0.000000E+00   2.306215E-04   9.212542E-05
   552   0.000000E+00   1.277656E-04   4.467353E-05
   553   0.000000E+00   2.751649E-03   8.249259E-04
   554   0.000000E+00   4.063237E-03   3.649289E-04
   555   0.000000E+00   4.255844E-05   1.539804E-04
   556   0.000000E+00   9.973993E-03   6.346598E-04
   557   0.000000E+00   2.090890E-04   8.178753E-05
   558   0.000000E+00   6.816860E-05   2.410946E-05
   559   0.000000E+00   8.008311E-05   2.414284E-05
   560   0.000000E+00   3.163161E-04   6.979279E-05
   561   0.000000E+00  -2.400717E-04   5.179795E-05
   562   0.000000E+00   1.215630E-04   1.919544E-05
   563   0.000000E+00   5.935956E-05   2.376196E-05
   564   0.000000E+00   1.105841E-03   3.452366E-04
   565   0.000000E+00  -1.309693E-04   3.292312E-05
   566   0.000000E+00   5.977150E-05   2.041193E-05
   567   0.000000E+00   1.452065E-04   6.110786E-05
   568   0.000000E+00   4.345777E-06   2.060922E-05
   569   0.000000E+00  -1.835462E-05   2.815692E-05
   570   0.000000E+00  -8.609558E-05   3.147130E-05
   571   0.000000E+00   2.442983E-04   6.085316E-05
   572   0.000000E+00   1.426591E-04   1.118133E-04
   573   0.000000E+00  -3.468800E-06   2.366837E-05
   574   0.000000E+00   5.239670E-06   1.953068E-05
   575   0.000000E+00  -1.663840E-05   2.779137E-05
   576   0.000000E+00   2.439273E-04   9.873027E-05
   577   0.000000E+00   3.763201E-05   3.718324E-05
   578   0.000000E+00  -3.316816E-05   7.636247E-05
   579   0.000000E+00   3.662488E-04   1.113851E-04
   580   0.000000E+00  -1.825503E-03   1.625447E-04
   581   0.000000E+00  -1.879870E-04   6.834563E-04
   582   0.000000E+00   2.741182E-05   1.925692E-05
   583   0.000000E+00  -1.487635E-04   1.158571E-04
   584   0.000000E+00   2.632839E-05   3.991710E-05
   585   0.000000E+00  -2.909813E-04   7.434996E-05
   586   0.000000E+00  -1.356199E-04   3.911121E-05
   587   0.000000E+00   2.940380E-05   5.388827E-05
   588   0.000000E+00  -4.539215E-04   1.845522E-04
   589   0.000000E+00  -2.577218E-04   1.112597E-04
   590   0.000000E+00   5.773384E-03   8.013370E-04
   591   0.000000E+00   1.538986E-02   6.984900E-04
   592   0.000000E+00  -3.076392E-05   3.666105E-05
   593   0.000000E+00   4.715665E-06   2.240563E-05
   594   0.000000E+00   4.060396E-05   4.817192E-05
   595   0.000000E+00   8.404779E-05   3.031923E-05
   596   0.000000E+00  -3.288510E-04   5.235641E-05
   597   0.000000E+00   2.510107E-05   3.690730E-05
   598   0.000000E+00  -3.021353E-04   1.846210E-04
   599   0.000000E+00  -6.760896E-06   2.179130E-05
   600   0.000000E+00  -4.169396E-04   9.428622E-05
   601   0.000000E+00  -1.990506E-04   4.057387E-05
   602   0.000000E+00  -3.814938E-04   7.263877E-05
   603   0.000000E+00  -8.917825E-07   3.233695E-05
   604   0.000000E+00  -2.295599E-04   6.085316E-05
   605   0.000000E+00   8.158127E-05   3.886744E-05
   606   0.000000E+00  -1.239546E-04   3.792972E-05
   607   0.000000E+00  -1.429707E-05   3.065130E-05
   608   0.000000E+00   8.075538E-05   1.055374E-04
   609   0.000000E+00  -5.321673E-07   6.793450E-05
   610   0.000000E+00  -3.551058E-06   2.506130E-05
   611   0.000000E+00  -2.800889E-06   2.240563E-05
   612   0.000000E+00   6.810455E-05   3.147130E-05
   613   0.000000E+00  -6.463653E-05   3.784845E-05
   614   0.000000E+00   6.706150E-05   5.626829E-05
   615   0.000000E+00  -3.392606E-05   5.365125E-05
   616   0.000000E+00  -3.559684E-06   3.100760E-05
   617   0.000000E+00  -1.741126E-03   6.214445E-04
   618   0.000000E+00  -4.109109E-05   7.379859E-05
   619   0.000000E+00   2.502594E-05   2.779137E-05
   620   0.000000E+00   3.994772E-05   3.134071E-05
   621   0.000000E+00   7.036304E-05   6.665645E-05
   622   0.000000E+00   3.811158E-05   3.974242E-05
   623   0.000000E+00   3.785963E-05   2.815692E-05
   624   0.000000E+00   1.397316E-04   3.335440E-05
   625   0.000000E+00   1.219533E-05   6.736173E-05
   626   0.000000E+00   1.027569E-04   3.504132E-05
   627   0.000000E+00   7.422926E-05   2.657622E-05
   628   0.000000E+00   2.163014E-07   2.873763E-05
   629   0.000000E+00   8.078218E-04   2.415488E-04
   630   0.000000E+00   1.075151E-04   4.024154E-05
   631   0.000000E+00   1.492985E-05   7.362440E-05
   632   0.000000E+00  -3.067416E-05   2.060922E-05
   633   0.000000E+00  -2.029247E-04   2.758659E-04
   634   0.000000E+00   8.985868E-05   3.847177E-05
   635   0.000000E+00  -5.777824E-05   4.285841E-05
   636   0.000000E+00   8.463673E-05   4.331878E-05
   637   0.000000E+00  -1.601745E-04   3.060131E-05
   638   0.000000E+00   8.123882E-05   3.011639E-05
   639   0.000000E+00  -6.702410E-05   2.414284E-05
   640   0.000000E+00   3.081771E-05   2.575829E-05
   641   0.000000E+00  -2.755545E-05   2.041193E-05
   642   0.000000E+00  -3.040330E-04   1.317718E-04
   643   0.000000E+00   9.641801E-06   1.116361E-04
   644   0.000000E+00  -1.143515E-04   4.467353E-05
   645   0.000000E+00  -3.267074E-04   7.097436E-05
   646   0.000000E+00   5.001044E-05   1.717571E-04
   647   0.000000E+00  -6.710610E-05   2.646036E-05
   648   0.000000E+00  -2.005860E-03   6.347788E-04
   649   0.000000E+00  -8.316035E-05   2.410946E-05
   650   0.000000E+00  -4.814976E-05   4.117016E-05
   651   0.000000E+00  -2.267115E-04   6.411905E-05
   652   0.000000E+00  -1.835394E-04   7.552702E-05
   653   0.000000E+00  -1.353070E-04   5.065160E-05
   654   0.000000E+00  -3.501678E-04   7.019159E-05
   655   0.000000E+00  -6.748866E-04   2.141020E-04
   656   0.000000E+00  -2.935341E-04   1.031970E-04
   657   0.000000E+00  -7.917145E-03   8.124586E-04
   658   0.000000E+00  -7.794709E-05   2.755854E-05
   659   0.000000E+00  -1.172290E-04   1.293177E-04
   660   0.000000E+00  -6.217334E-05   7.103876E-05
   661   0.000000E+00   1.424054E-04   2.108601E-04
   662   0.000000E+00  -9.110137E-03   6.538745E-04
   663   0.000000E+00   5.207584E-04   3.143698E-04
   664   0.000000E+00  -7.907859E-03   6.913460E-04
   665   0.000000E+00   7.997921E-03   1.143279E-03
   666   0.000000E+00  -1.829758E-04   8.502500E-05
   667   0.000000E+00   3.041562E-04   5.345402E-05
   668   0.000000E+00   5.118469E-04   7.063079E-05
   669   0.000000E+00   1.219044E-04   3.726087E-05
   670   0.000000E+00  -4.791704E-04   5.548086E-05
   671   0.000000E+00   5.837970E-05   3.610002E-05
   672   0.000000E+00   2.256876E-04   5.109268E-05
   673   0.000000E+00  -1.098269E-04   3.979963E-05
   674   0.000000E+00   1.663599E-04   4.782883E-05
   675   0.000000E+00  -5.026147E-05   5.004599E-05
   676   0.000000E+00  -4.193725E-05   3.485687E-05
   677   0.000000E+00  -1.625014E-03   8.669034E-05
   678   0.000000E+00  -2.636764E-04   5.286713E-05
   679   0.000000E+00  -1.293619E-03   8.780515E-05
   680   0.000000E+00  -2.144299E-03   9.603366E-05
   681   0.000000E+00  -2.011525E-04   5.963232E-05
   682   0.000000E+00   7.546009E-04   1.995973E-04
   683   0.000000E+00  -2.429228E-05   3.154722E-05
   684   0.000000E+00  -1.466974E-04   4.713132E-05
   685   0.000000E+00  -2.874475E-04   7.136238E-05
   686   0.000000E+00  -2.665056E-04   4.633345E-05
   687   0.000000E+00  -1.485425E-03   8.080342E-05
   688   0.000000E+00  -2.953218E-05   3.800434E-05
   689   0.000000E+00   1.220307E-03   4.553733E-04
   690   0.000000E+00   1.431986E-03   3.342714E-04
   691   0.000000E+00   1.170951E-03   5.170341E-04
   692   0.000000E+00   1.909495E-04   8.861092E-05
   693   0.000000E+00  -1.856683E-05   2.645064E-05
   694   0.000000E+00  -2.663878E-05   2.832537E-05
   695   0.000000E+00   2.475982E-04   1.000823E-04
   696   0.000000E+00   3.807409E-05   3.068300E-05
   697   0.000000E+00   1.851858E-03   3.578252E-04
   698   0.000000E+00   8.543332E-04   1.539400E-04
   699   0.000000E+00   4.237040E-05   6.082881E-05
   700   0.000000E+00   2.206289E-03   3.399691E-04
   701   0.000000E+00  -3.718311E-05   2.538879E-05
   702   0.000000E+00   3.240083E-03   7.181558E-04
   703   0.000000E+00   5.516884E-04   1.031984E-04
   704   0.000000E+00  -1.212357E-04   4.486014E-05
   705   0.000000E+00   3.287257E-03   9.890900E-04
   706   0.000000E+00   2.150968E-03   4.048614E-04
   707   0.000000E+00   1.054592E-03   1.716064E-04
   708   0.000000E+00   5.730518E-03   8.651080E-04
   709   0.000000E+00   3.084728E-04   8.641357E-05
   710   0.000000E+00  -7.610784E-05   2.172030E-05
   711   0.000000E+00  -7.913778E-05   2.603586E-05
   712   0.000000E+00   1.413204E-04   7.987421E-05
   713   0.000000E+00   3.263431E-04   5.287223E-05
   714   0.000000E+00  -1.301668E-04   1.745297E-05
   715   0.000000E+00  -7.841988E-05   2.384431E-05
   716   0.000000E+00   1.165960E-03   3.729572E-04
   717   0.000000E+00  -1.965895E-04   3.140260E-05
   718   0.000000E+00  -2.477526E-05   2.273269E-05
   719   0.000000E+00   2.265283E-04   5.746233E-05
   720   0.000000E+00  -3.958134E-05   2.372358E-05
   721   0.000000E+00   7.580258E-05   3.016024E-05
   722   0.000000E+00  -2.476908E-04   3.139118E-05
   723   0.000000E+00  -7.575436E-04   5.136381E-05
   724   0.000000E+00   4.621958E-04   1.259637E-04
   725   0.000000E+00   7.160023E-06   2.901345E-05
   726   0.000000E+00  -1.125697E-04   2.153188E-05
   727   0.000000E+00   5.552799E-05   2.747425E-05
   728   0.000000E+00  -2.056448E-03   9.698348E-05
   729   0.000000E+00  -1.830864E-04   3.958268E-05
   730   0.000000E+00   6.571740E-05   7.385422E-05
   731   0.000000E+00  -2.275089E-03   1.024805E-04
   732   0.000000E+00  -4.343689E-03   1.654751E-04
   733   0.000000E+00   7.040430E-04   5.877665E-04
   734   0.000000E+00  -6.583228E-05   2.359301E-05
   735   0.000000E+00  -4.010548E-05   1.328803E-04
   736   0.000000E+00  -2.895656E-05   3.977570E-05
   737   0.000000E+00  -8.782083E-04   7.343206E-05
   738   0.000000E+00  -1.068928E-04   4.408569E-05
   739   0.000000E+00  -2.726264E-04   4.633345E-05
   740   0.000000E+00   9.529420E-04   2.016173E-04
   741   0.000000E+00  -2.162432E-03   9.603366E-05
   742   0.000000E+00   5.908260E-03   1.073694E-03
   743   0.000000E+00   9.255010E-04   1.042696E-03
   744   0.000000E+00  -4.085344E-05   3.997074E-05
   745   0.000000E+00   1.439560E-05   2.547163E-05
   746   0.000000E+00  -2.138811E-05   5.670562E-05
   747   0.000000E+00  -2.240362E-05   3.014662E-05
   748   0.000000E+00  -8.185608E-04   4.845909E-05
   749   0.000000E+00  -8.259489E-05   3.622306E-05
   750   0.000000E+00   8.933931E-04   2.223257E-04
   751   0.000000E+00  -4.602846E-05   2.507152E-05
   752   0.000000E+00  -1.318502E-03   9.310043E-05
   753   0.000000E+00  -2.058829E-04   4.310329E-05
   754   0.000000E+00  -1.289030E-03   8.780515E-05
   755   0.000000E+00  -1.505038E-05   3.154722E-05
   756   0.000000E+00  -7.889351E-04   5.136381E-05
   757   0.000000E+00  -4.888774E-05   4.158928E-05
   758   0.000000E+00  -9.622137E-05   3.979963E-05
   759   0.000000E+00  -5.406422E-05   3.079421E-05
   760   0.000000E+00  -6.194345E-05   9.785477E-05
   761   0.000000E+00  -5.941272E-04   6.676575E-05
   762   0.000000E+00  -8.782446E-05   2.670224E-05
   763   0.000000E+00   1.365914E-05   2.547163E-05
   764   0.000000E+00  -2.432897E-04   3.139118E-05
   765   0.000000E+00   1.098266E-04   3.726087E-05
   766   0.000000E+00   1.665005E-04   5.581810E-05
   767   0.000000E+00   1.284525E-04   5.138683E-05
   768   0.000000E+00  -8.344074E-05   3.623462E-05
   769   0.000000E+00   1.528670E-03   6.309801E-04
   770   0.000000E+00  -1.999657E-04   7.363586E-05
   771   0.000000E+00   5.358086E-05   2.747425E-05
   772   0.000000E+00  -5.586345E-05   3.279285E-05
   773   0.000000E+00   3.649554E-04   7.198962E-05
   774   0.000000E+00   1.089764E-05   4.167816E-05
   775   0.000000E+00   6.166204E-05   3.016024E-05
   776   0.000000E+00   2.284306E-04   3.587868E-05
   777   0.000000E+00   4.648846E-05   6.433065E-05
   778   0.000000E+00   1.341134E-04   3.891477E-05
   779   0.000000E+00   9.336719E-05   3.053185E-05
   780   0.000000E+00  -1.313553E-04   3.279801E-05
   781   0.000000E+00   1.135353E-03   2.583525E-04
   782   0.000000E+00   2.171809E-04   3.999934E-05
   783   0.000000E+00   4.513427E-05   7.473856E-05
   784   0.000000E+00  -1.906670E-05   2.372358E-05
   785   0.000000E+00   1.455869E-03   2.849040E-04
   786   0.000000E+00   1.428094E-04   3.583350E-05
   787   0.000000E+00   2.879323E-05   5.229974E-05
   788   0.000000E+00   4.492260E-05   4.530177E-05
   789   0.000000E+00  -1.950022E-04   2.922159E-05
   790   0.000000E+00   2.813559E-05   3.068300E-05
   791   0.000000E+00  -6.462305E-05   2.603586E-05
   792   0.000000E+00   7.421314E-05   2.830580E-05
   793   0.000000E+00  -3.656506E-05   2.273269E-05
   794   0.000000E+00   6.398053E-04   1.513282E-04
   795   0.000000E+00   3.272757E-04   1.230757E-04
   796   0.000000E+00  -1.073649E-04   4.486014E-05
   797   0.000000E+00   8.586910E-05   7.670949E-05
   798   0.000000E+00   1.072331E-03   1.910509E-04
   799   0.000000E+00  -3.066424E-05   2.645064E-05
   800   0.000000E+00   1.487129E-03   5.318033E-04
   801   0.000000E+00  -6.912086E-05   2.172030E-05
   802   0.000000E+00  -4.947304E-05   4.094920E-05
   803   0.000000E+00   6.229607E-05   7.061205E-05
   804   0.000000E+00   3.931004E-04   7.469525E-05
   805   0.000000E+00   2.143962E-05   4.777532E-05
   806   0.000000E+00   6.363554E-05   7.891373E-05
   807   0.000000E+00   1.168106E-03   2.245348E-04
   808   0.000000E+00   4.804314E-04   1.128870E-04
   809   0.000000E+00   4.827652E-03   8.263193E-04
   810   0.000000E+00   6.514634E-05   2.932472E-05
   811   0.000000E+00   8.191615E-04   1.452169E-04
   812   0.000000E+00   3.467783E-04   8.161353E-05
   813   0.000000E+00   1.288560E-03   2.181146E-04
   814   0.000000E+00   5.762077E-03   7.805474E-04
   815   0.000000E+00   2.201204E-03   3.362209E-04
   816   0.000000E+00   3.033056E-03   7.246632E-04
   817   0.000000E+00   7.935565E-03   1.567776E-03
   818   8.614137E-04   3.380885E-04   3.356157E-03
   819   5.735512E-04   7.491082E-04   1.710391E-03
   820   5.120814E-04   5.707718E-04   1.562812E-03
   821   3.019566E-04   1.052207E-04   1.091409E-03
   822   3.842681E-04   7.102710E-05   1.921340E-03
   823   1.977128E-04   3.846470E-04   5.533008E-04
   824   3.152747E-04   3.628256E-04   1.112734E-03
   825   2.363700E-04  -3.370990E-05   1.114953E-03
   826   2.593843E-04   5.158418E-04   7.554883E-04
   827   2.493639E-04   1.815058E-04   1.068702E-03
   828   1.666844E-04   3.280343E-04   4.129259E-04
   829   4.753119E-04  -1.780872E-04   3.906674E-03
   830   2.650187E-04  -4.000642E-05   1.526019E-03
   831   5.130635E-04  -3.659376E-06   3.193341E-03
   832   2.930122E-04  -5.984073E-05   3.855424E-03
   833   1.426340E-04   1.439030E-04   7.909465E-04
   834   8.353032E-04   7.722542E-04   2.962068E-03
   835   4.238366E-05   2.490942E-05   4.606920E-04
   836  -2.425530E-05   2.843510E-05   1.233320E-03
   837   9.420808E-05   1.503354E-04   1.228801E-03
   838  -1.671696E-05   6.083626E-05   1.166299E-03
   839  -1.064453E-04   1.522803E-04   3.070538E-03
   840  -2.094854E-07  -9.261855E-06   6.284562E-04
   841   4.064405E-04   6.785567E-04   2.150479E-03
   842   1.473890E-06   4.585433E-04   2.210834E-03
   843   1.265255E-03   9.828091E-04   3.108734E-03
   844   4.178476E-04   3.647600E-04   9.996354E-04
   845   1.617865E-04   2.790189E-04   3.783004E-04
   846   1.869210E-04   4.249037E-04   4.700445E-04
   847   5.556226E-04   1.919898E-04   1.043096E-03
   848   2.193485E-04   4.853632E-04   5.782475E-04
   849   1.908569E-03   1.257400E-03   3.103364E-03
   850   1.128001E-03   3.591901E-04   1.944830E-03
   851   4.406825E-04   3.620003E-04   9.880773E-04
   852   2.693891E-03   7.982492E-04   3.788876E-03
   853   1.674476E-04   3.234630E-04   3.977377E-04
   854   2.955543E-03   1.012516E-03   3.921552E-03
   855   8.136742E-04   1.529567E-04   1.562754E-03
   856   3.625008E-04   6.251945E-04   8.176711E-04
   857   3.516538E-03   2.825771E-03   3.820939E-03
   858   2.312104E-03   6.532699E-04   2.997542E-03
   859   1.126909E-03   5.146623E-04   1.927438E-03
   860   3.779155E-03   1.645962E-03   4.051989E-03
   861   4.782190E-04   1.243515E-04   9.040057E-04
   862   1.616249E-04   2.740595E-04   3.770410E-04
   863   2.101658E-04   3.723893E-04   4.952847E-04
   864   4.579599E-04   2.606468E-04   1.001370E-03
   865   4.612680E-04   7.253171E-04   1.423667E-03
   866   1.523783E-04   2.060159E-04   3.707500E-04
   867   1.948655E-04   3.177952E-04   5.083449E-04
   868   1.312327E-03   7.219595E-04   2.617673E-03
   869   2.787988E-04   2.213387E-04   1.155244E-03
   870   1.276546E-04   2.096645E-04   3.443918E-04
   871   3.302731E-04   1.936049E-04   7.758961E-04
   872   1.629554E-04   2.443665E-04   4.816414E-04
   873   2.041662E-04   1.953795E-04   7.231388E-04
   874   2.156270E-04   6.633803E-05   1.186938E-03
   875   3.527731E-04  -8.192422E-05   2.200248E-03
   876   5.337397E-04   3.599813E-04   1.622309E-03
   877   9.282673E-05   1.645397E-04   3.026959E-04
   878   1.158970E-04   1.372626E-04   4.209334E-04
   879   1.436282E-04   8.337983E-05   6.262859E-04
   880   2.998886E-04  -9.737583E-05   3.877870E-03
   881   1.637244E-04  -2.648652E-05   1.008569E-03
   882   2.116671E-04   2.662350E-04   9.724370E-04
   883   2.207120E-04  -2.769567E-04   4.868647E-03
   884  -8.043790E-04   4.416429E-04   8.743249E-03
   885   9.966457E-04   9.870746E-04   3.862968E-03
   886   8.850477E-05   3.516822E-05   4.935210E-04
   887  -1.471765E-04   4.059551E-05   1.824502E-03
   888   6.876570E-05  -3.702856E-05   7.420759E-04
   889  -3.321236E-04   2.076377E-04   2.806678E-03
   890  -1.836921E-04   1.009462E-05   1.235597E-03
   891   1.671696E-05  -4.877998E-05   1.166299E-03
   892   2.614998E-04  -1.257407E-04   1.627592E-03
   893  -2.930122E-04   4.731533E-05   3.855424E-03
   894   2.907819E-03   4.957605E-03   4.016324E-03
   895   2.741568E-03   9.642494E-04   2.741568E-03
   896   5.470738E-05   8.584977E-05   4.400057E-04
   897   3.776962E-05   3.584996E-05   3.690843E-04
   898   4.546186E-05   4.808111E-05   6.494551E-04
   899   4.066256E-05   5.625211E-06   5.147159E-04
   900  -1.939310E-04   1.034766E-04   1.763009E-03
   901  -2.083952E-05  -9.803910E-06   7.186043E-04
   902   9.931902E-05  -2.390278E-04   1.425632E-03
   903  -9.730228E-06  -6.007072E-06   3.559840E-04
   904  -7.086659E-04   7.321661E-05   4.065005E-03
   905  -1.678408E-04   7.702149E-05   9.554504E-04
   906  -5.130635E-04  -3.042658E-06   3.193341E-03
   907  -4.238366E-05  -2.585205E-05   4.606920E-04
   908  -3.527731E-04   8.545497E-05   2.200248E-03
   909   3.500810E-06  -2.514933E-05   4.566274E-04
   910  -2.363700E-04   4.403077E-05   1.114953E-03
   911  -9.775745E-05  -1.896899E-05   5.705688E-04
   912  -1.735053E-05  -8.193496E-05   9.131856E-04
   913  -7.208630E-04  -3.492909E-04   3.116122E-03
   914  -3.517735E-05  -3.641931E-05   3.103884E-04
   915  -3.776962E-05  -3.858890E-05   3.690843E-04
   916  -2.156270E-04  -5.855119E-05   1.186938E-03
   917  -3.019566E-04  -1.292612E-04   1.091409E-03
   918  -3.430974E-04  -2.422761E-04   1.322998E-03
   919  -4.167233E-04  -2.514145E-04   1.395279E-03
   920  -6.638119E-05  -6.218797E-05   3.694686E-04
   921  -3.173288E-04  -8.524769E-04   2.956479E-03
   922  -1.420582E-04  -1.612980E-04   8.307497E-04
   923  -1.436282E-04  -8.517841E-05   6.262859E-04
   924  -9.456918E-05  -1.131988E-04   4.172170E-04
   925  -5.940978E-04  -7.086810E-04   1.676664E-03
   926  -6.974222E-05  -9.951344E-05   4.798776E-04
   927  -2.041662E-04  -2.019716E-04   7.231388E-04
   928  -3.092542E-04  -3.489776E-04   9.664194E-04
   929  -1.956773E-04  -2.772472E-04   7.965155E-04
   930  -2.228164E-04  -2.932822E-04   7.418970E-04
   931  -1.251599E-04  -2.063995E-04   4.412219E-04
   932  -2.071992E-04  -3.040702E-04   7.236293E-04
   933  -1.482069E-04   2.460345E-04   1.457773E-03
   934  -2.020586E-04  -2.912312E-04   6.301204E-04
   935  -2.223071E-04  -3.634512E-04   8.054605E-04
   936  -1.629554E-04  -2.391734E-04   4.816414E-04
   937  -5.715403E-04  -4.613469E-04   2.411563E-03
   938  -2.418009E-04  -4.052580E-04   6.817695E-04
   939  -3.274497E-04  -6.227486E-04   8.505187E-04
   940  -3.892124E-04  -8.183696E-04   1.023345E-03
   941  -3.487076E-04  -5.455405E-04   8.790949E-04
   942  -2.193485E-04  -4.771329E-04   5.782475E-04
   943  -2.101658E-04  -3.772027E-04   4.952847E-04
   944  -1.069189E-04  -2.286022E-04   3.178956E-04
   945  -1.276546E-04  -2.275167E-04   3.443918E-04
   946  -5.788765E-04  -3.582606E-04   1.455683E-03
   947  -2.594075E-04  -9.199282E-05   1.103862E-03
   948  -3.625008E-04  -6.407412E-04   8.176711E-04
   949  -3.884689E-04  -3.544268E-04   8.690579E-04
   950  -7.374836E-04  -4.211181E-04   1.831499E-03
   951  -1.617865E-04  -2.689473E-04   3.783004E-04
   952  -1.502351E-03  -1.198034E-03   3.386216E-03
   953  -1.616249E-04  -2.557948E-04   3.770410E-04
   954  -3.133507E-04  -4.900203E-04   7.372957E-04
   955  -3.697839E-04  -3.436634E-04   9.629789E-04
   956  -4.346921E-04  -1.180514E-04   9.429331E-04
   957  -2.931307E-04  -2.145616E-04   6.485193E-04
   958  -4.147382E-04  -1.550394E-04   8.452545E-04
   959  -1.345678E-03  -7.528720E-04   2.214500E-03
   960  -7.275396E-04  -2.390698E-04   1.275639E-03
   961  -2.727041E-03  -2.016850E-03   4.096707E-03
   962  -1.428465E-04  -1.792614E-05   2.913253E-04
   963  -9.439981E-04  -4.388739E-04   1.719487E-03
   964  -4.126256E-04  -5.975758E-05   7.594335E-04
   965  -1.460938E-03  -4.633025E-04   2.272066E-03
   966  -4.797439E-03  -2.534041E-03   5.591420E-03
   967  -2.848325E-03  -8.545870E-04   4.080695E-03
   968  -3.352111E-03  -1.167246E-03   5.112523E-03
   969  -8.142583E-03  -5.335089E-03   8.511411E-03
   970   0.000000E+00  -4.450362E-04   3.356157E-03
   971   0.000000E+00  -1.402448E-04   1.710391E-03
   972   0.000000E+00  -3.978578E-05   1.562812E-03
   973   0.000000E+00  -1.108907E-04   1.091409E-03
   974   0.000000E+00  -1.280143E-04   1.921340E-03
   975   0.000000E+00   6.089900E-05   5.533008E-04
   976   0.000000E+00   7.123702E-06   1.112734E-03
   977   0.000000E+00  -1.323637E-05   1.114953E-03
   978   0.000000E+00   1.391017E-04   7.554883E-04
   979   0.000000E+00   2.533944E-05   1.068702E-03
   980   0.000000E+00   1.408798E-04   4.129259E-04
   981   0.000000E+00   3.537623E-04   3.906674E-03
   982   0.000000E+00   8.533451E-05   1.526019E-03
   983   0.000000E+00  -6.692487E-05   3.193341E-03
   984   0.000000E+00   2.646404E-04   3.855424E-03
   985   0.000000E+00   1.141927E-04   7.909465E-04
   986   0.000000E+00   2.248684E-04   2.962068E-03
   987   0.000000E+00   9.739398E-06   4.606920E-04
   988   0.000000E+00   7.266700E-05   1.233320E-03
   989   0.000000E+00   1.582318E-04   1.228801E-03
   990   0.000000E+00   1.412087E-04   1.166299E-03
   991   0.000000E+00   2.534128E-04   3.070538E-03
   992   0.000000E+00  -1.603349E-05   6.284562E-04
   993   0.000000E+00   7.521146E-05   2.150479E-03
   994   0.000000E+00   1.438725E-05   2.210834E-03
   995   0.000000E+00   7.028680E-04   3.108734E-03
   996   0.000000E+00   2.653726E-04   9.996354E-04
   997   0.000000E+00   1.683360E-04   3.783004E-04
   998   0.000000E+00   1.357708E-04   4.700445E-04
   999   0.000000E+00   1.834716E-04   1.043096E-03
  1000   0.000000E+00   5.578467E-05   5.782475E-04
  1001   0.000000E+00   7.286863E-04   3.103364E-03
  1002   0.000000E+00   9.442171E-05   1.944830E-03
  1003   0.000000E+00   3.242793E-04   9.880773E-04
  1004   0.000000E+00   4.936150E-04   3.788876E-03
  1005   0.000000E+00   1.588696E-04   3.977377E-04
  1006   0.000000E+00   2.077175E-03   3.921552E-03
  1007   0.000000E+00   1.724917E-04   1.562754E-03
  1008   0.000000E+00   3.835865E-04   8.176711E-04
  1009   0.000000E+00   3.563685E-03   3.820939E-03
  1010   0.000000E+00   9.211320E-04   2.997542E-03
  1011   0.000000E+00   3.160571E-04   1.927438E-03
  1012   0.000000E+00   1.675861E-03   4.051989E-03
  1013   0.000000E+00   5.908683E-05   9.040057E-04
  1014   0.000000E+00   1.585416E-04   3.770410E-04
  1015   0.000000E+00   1.323044E-04   4.952847E-04
  1016   0.000000E+00   2.538123E-04   1.001370E-03
  1017   0.000000E+00  -9.004996E-05   1.423667E-03
  1018   0.000000E+00   1.363068E-04   3.707500E-04
  1019   0.000000E+00   7.939512E-05   5.083449E-04
  1020   0.000000E+00   9.009681E-04   2.617673E-03
  1021   0.000000E+00  -1.398591E-04   1.155244E-03
  1022   0.000000E+00   8.664564E-05   3.443918E-04
  1023   0.000000E+00   1.018327E-04   7.758961E-04
  1024   0.000000E+00   2.492821E-05   4.816414E-04
  1025   0.000000E+00  -7.686917E-05   7.231388E-04
  1026   0.000000E+00  -9.241116E-05   1.186938E-03
  1027   0.000000E+00  -4.055803E-05   2.200248E-03
  1028   0.000000E+00   1.037850E-04   1.622309E-03
  1029   0.000000E+00   2.611206E-05   3.026959E-04
  1030   0.000000E+00   1.722853E-05   4.209334E-04
  1031   0.000000E+00  -3.419988E-05   6.262859E-04
  1032   0.000000E+00   1.671332E-04   3.877870E-03
  1033   0.000000E+00  -9.737798E-06   1.008569E-03
  1034   0.000000E+00   5.869039E-05   9.724370E-04
  1035   0.000000E+00   4.417526E-04   4.868647E-03
  1036   0.000000E+00   1.925400E-04   8.743249E-03
  1037   0.000000E+00  -4.526848E-05   3.862968E-03
  1038   0.000000E+00  -5.798227E-06   4.935210E-04
  1039   0.000000E+00   3.808261E-04   1.824502E-03
  1040   0.000000E+00   2.089018E-05   7.420759E-04
  1041   0.000000E+00   1.350592E-04   2.806678E-03
  1042   0.000000E+00   3.055082E-05   1.235597E-03
  1043   0.000000E+00   1.418606E-04   1.166299E-03
  1044   0.000000E+00   1.727583E-04   1.627592E-03
  1045   0.000000E+00   2.450721E-04   3.855424E-03
  1046   0.000000E+00   4.780598E-03   4.016324E-03
  1047   0.000000E+00   1.062594E-03   2.741568E-03
  1048   0.000000E+00   4.836522E-05   4.400057E-04
  1049   0.000000E+00   4.694246E-06   3.690843E-04
  1050   0.000000E+00   5.326724E-05   6.494551E-04
  1051   0.000000E+00   2.307652E-06   5.147159E-04
  1052   0.000000E+00   2.748939E-04   1.763009E-03
  1053   0.000000E+00   5.072583E-05   7.186043E-04
  1054   0.000000E+00   2.807247E-04   1.425632E-03
  1055   0.000000E+00  -1.501882E-06   3.559840E-04
  1056   0.000000E+00   3.094720E-06   4.065005E-03
  1057   0.000000E+00   7.928200E-05   9.554504E-04
  1058   0.000000E+00  -8.441414E-05   3.193341E-03
  1059   0.000000E+00   1.017488E-06   4.606920E-04
  1060   0.000000E+00  -1.090210E-05   2.200248E-03
  1061   0.000000E+00   2.104613E-05   4.566274E-04
  1062   0.000000E+00  -9.456703E-06   1.114953E-03
  1063   0.000000E+00   2.204946E-05   5.705688E-04
  1064   0.000000E+00   1.942936E-04   9.131856E-04
  1065   0.000000E+00  -3.360523E-04   3.116122E-03
  1066   0.000000E+00   4.159703E-05   3.103884E-04
  1067   0.000000E+00   6.311923E-06   3.690843E-04
  1068   0.000000E+00  -8.873428E-05   1.186938E-03
  1069   0.000000E+00  -1.100404E-04   1.091409E-03
  1070   0.000000E+00  -5.728780E-05   1.322998E-03
  1071   0.000000E+00  -1.838104E-04   1.395279E-03
  1072   0.000000E+00   2.864919E-05   3.694686E-04
  1073   0.000000E+00  -1.124296E-04   2.956479E-03
  1074   0.000000E+00   1.573266E-04   8.307497E-04
  1075   0.000000E+00  -4.290663E-05   6.262859E-04
  1076   0.000000E+00   1.994761E-05   4.172170E-04
  1077   0.000000E+00  -9.119941E-05   1.676664E-03
  1078   0.000000E+00   2.867601E-05   4.798776E-04
  1079   0.000000E+00  -6.518104E-05   7.231388E-04
  1080   0.000000E+00  -1.253846E-04   9.664194E-04
  1081   0.000000E+00   5.504871E-05   7.965155E-04
  1082   0.000000E+00  -6.878635E-05   7.418970E-04
  1083   0.000000E+00   2.197944E-05   4.412219E-04
  1084   0.000000E+00   3.665731E-05   7.236293E-04
  1085   0.000000E+00   4.351864E-05   1.457773E-03
  1086   0.000000E+00   1.454737E-05   6.301204E-04
  1087   0.000000E+00   7.833087E-05   8.054605E-04
  1088   0.000000E+00   2.318997E-05   4.816414E-04
  1089   0.000000E+00   1.684612E-04   2.411563E-03
  1090   0.000000E+00   9.680304E-06   6.817695E-04
  1091   0.000000E+00   2.270667E-04   8.505187E-04
  1092   0.000000E+00   1.776993E-04   1.023345E-03
  1093   0.000000E+00   2.111844E-04   8.790949E-04
  1094   0.000000E+00   5.629088E-05   5.782475E-04
  1095   0.000000E+00   1.240602E-04   4.952847E-04
  1096   0.000000E+00   6.842480E-05   3.178956E-04
  1097   0.000000E+00   9.099035E-05   3.443918E-04
  1098   0.000000E+00   1.752834E-04   1.455683E-03
  1099   0.000000E+00   6.103806E-05   1.103862E-03
  1100   0.000000E+00   3.735178E-04   8.176711E-04
  1101   0.000000E+00   2.904941E-04   8.690579E-04
  1102   0.000000E+00   1.585445E-04   1.831499E-03
  1103   0.000000E+00   1.708708E-04   3.783004E-04
  1104   0.000000E+00   9.129030E-04   3.386216E-03
  1105   0.000000E+00   1.633751E-04   3.770410E-04
  1106   0.000000E+00   2.947926E-04   7.372957E-04
  1107   0.000000E+00   2.409198E-04   9.629789E-04
  1108   0.000000E+00   4.118932E-05   9.429331E-04
  1109   0.000000E+00   2.100123E-04   6.485193E-04
  1110   0.000000E+00   2.274652E-04   8.452545E-04
  1111   0.000000E+00   2.263568E-04   2.214500E-03
  1112   0.000000E+00   1.122129E-04   1.275639E-03
  1113   0.000000E+00   1.094301E-03   4.096707E-03
  1114   0.000000E+00   4.378540E-05   2.913253E-04
  1115   0.000000E+00   1.671630E-04   1.719487E-03
  1116   0.000000E+00   1.041321E-05   7.594335E-04
  1117   0.000000E+00   1.632204E-04   2.272066E-03
  1118   0.000000E+00   2.835603E-03   5.591420E-03
  1119   0.000000E+00   9.772179E-04   4.080695E-03
  1120   0.000000E+00   2.416252E-03   5.112523E-03
  1121   0.000000E+00   5.562611E-03   8.511411E-03
