        1121
     1   9.999999E-01   9.999999E-01   5.134286E-08
     2   4.122270E-04   4.087577E-04   4.122270E-06
     3   4.122177E-04   4.216313E-04   4.122177E-06
     4   4.122016E-04   4.678540E-04   4.122016E-06
     5   4.121830E-04   4.348729E-04   4.121830E-06
     6   4.121669E-04   4.306381E-04   4.121669E-06
     7   4.121575E-04   4.399269E-04   4.121575E-06
     8   1.247949E-03   1.023358E-03   1.247949E-05
     9   1.247813E-03   1.072736E-03   1.247813E-05
    10   1.247576E-03   1.132749E-03   1.247576E-05
    11   1.247302E-03   1.057846E-03   1.247302E-05
    12   1.247065E-03   1.082241E-03   1.247065E-05
    13   1.246929E-03   1.069234E-03   1.246929E-05
    14   2.101370E-03   2.011486E-03   2.101370E-05
    15   2.100807E-03   2.048211E-03   2.100807E-05
    16   2.099832E-03   2.086385E-03   2.099832E-05
    17   2.098708E-03   2.100733E-03   2.098708E-05
    18   2.097734E-03   2.301726E-03   2.097734E-05
    19   2.097173E-03   2.233804E-03   2.097173E-05
    20   2.930851E-03   3.020624E-03   2.930851E-05
    21   2.929494E-03   2.993857E-03   2.929494E-05
    22   2.927146E-03   3.054058E-03   2.927146E-05
    23   2.924438E-03   3.175231E-03   2.924438E-05
    24   2.922096E-03   3.276487E-03   2.922096E-05
    25   2.920746E-03   3.170857E-03   2.920746E-05
    26   3.626687E-03   3.317108E-03   3.626687E-05
    27   3.624356E-03   3.288743E-03   3.624356E-05
    28   3.620324E-03   3.361925E-03   3.620324E-05
    29   3.615677E-03   3.442777E-03   3.615677E-05
    30   3.611659E-03   3.679157E-03   3.611659E-05
    31   3.609343E-03   3.244543E-03   3.609343E-05
    32   4.034135E-03   4.073922E-03   4.034135E-05
    33   4.031104E-03   3.997406E-03   4.031104E-05
    34   4.025863E-03   4.022102E-03   4.025863E-05
    35   4.019824E-03   4.153609E-03   4.019824E-05
    36   4.014605E-03   4.298842E-03   4.014605E-05
    37   4.011596E-03   4.014446E-03   4.011596E-05
    38   1.175980E-04   1.342633E-04   1.175980E-06
    39   1.175949E-04   1.274576E-04   1.175949E-06
    40   1.175895E-04   1.444275E-04   1.175895E-06
    41   1.175833E-04   1.048541E-04   1.175833E-06
    42   1.175780E-04   1.219551E-04   1.175780E-06
    43   1.175749E-04   1.446380E-04   1.175749E-06
    44   3.595194E-04   3.603357E-04   3.595194E-06
    45   3.594713E-04   2.928082E-04   3.594713E-06
    46   3.593881E-04   2.254154E-04   3.593881E-06
    47   3.592922E-04   2.587738E-04   3.592922E-06
    48   3.592091E-04   2.212345E-04   3.592091E-06
    49   3.591612E-04   2.292373E-04   3.591612E-06
    50   6.182104E-04   6.615870E-04   6.182104E-06
    51   6.179933E-04   5.955899E-04   6.179933E-06
    52   6.176178E-04   6.645518E-04   6.176178E-06
    53   6.171850E-04   5.503021E-04   6.171850E-06
    54   6.168107E-04   6.475631E-04   6.168107E-06
    55   6.165949E-04   6.091855E-04   6.165949E-06
    56   8.896600E-04   9.739954E-04   8.896600E-06
    57   8.890734E-04   9.856627E-04   8.890734E-06
    58   8.880596E-04   9.151581E-04   8.880596E-06
    59   8.868922E-04   9.782759E-04   8.868922E-06
    60   8.858841E-04   9.456853E-04   8.858841E-06
    61   8.853032E-04   9.717935E-04   8.853032E-06
    62   1.139025E-03   1.105694E-03   1.139025E-05
    63   1.137906E-03   1.112209E-03   1.137906E-05
    64   1.135973E-03   1.039471E-03   1.135973E-05
    65   1.133749E-03   1.084063E-03   1.133749E-05
    66   1.131831E-03   1.019298E-03   1.131831E-05
    67   1.130727E-03   1.071283E-03   1.130727E-05
    68   1.296318E-03   1.374121E-03   1.296318E-05
    69   1.294768E-03   1.290463E-03   1.294768E-05
    70   1.292092E-03   1.437998E-03   1.292092E-05
    71   1.289017E-03   1.230005E-03   1.289017E-05
    72   1.286366E-03   1.378286E-03   1.286366E-05
    73   1.284840E-03   1.274008E-03   1.284840E-05
    74   2.028628E-04   2.297343E-04   2.028628E-06
    75   2.028586E-04   1.940212E-04   2.028586E-06
    76   2.028514E-04   2.705355E-04   2.028514E-06
    77   2.028431E-04   1.629481E-04   2.028431E-06
    78   2.028358E-04   2.443752E-04   2.028358E-06
    79   2.028316E-04   2.925718E-04   2.028316E-06
    80   6.189096E-04   4.806720E-04   6.189096E-06
    81   6.188477E-04   3.745724E-04   6.188477E-06
    82   6.187405E-04   3.068997E-04   6.187405E-06
    83   6.186168E-04   4.039089E-04   6.186168E-06
    84   6.185097E-04   3.051789E-04   6.185097E-06
    85   6.184479E-04   4.170427E-04   6.184479E-06
    86   1.056315E-03   1.033044E-03   1.056315E-05
    87   1.056057E-03   1.034317E-03   1.056057E-05
    88   1.055610E-03   9.997939E-04   1.055610E-05
    89   1.055095E-03   1.041773E-03   1.055095E-05
    90   1.054649E-03   1.050079E-03   1.054649E-05
    91   1.054392E-03   1.047859E-03   1.054392E-05
    92   1.496651E-03   1.498840E-03   1.496651E-05
    93   1.496019E-03   1.552407E-03   1.496019E-05
    94   1.494925E-03   1.428484E-03   1.494925E-05
    95   1.493664E-03   1.553023E-03   1.493664E-05
    96   1.492572E-03   1.480378E-03   1.492572E-05
    97   1.491943E-03   1.583031E-03   1.491943E-05
    98   1.877836E-03   1.836043E-03   1.877836E-05
    99   1.876730E-03   1.922307E-03   1.876730E-05
   100   1.874818E-03   1.776387E-03   1.874818E-05
   101   1.872614E-03   1.895452E-03   1.872614E-05
   102   1.870709E-03   1.764793E-03   1.870709E-05
   103   1.869611E-03   1.772390E-03   1.869611E-05
   104   2.105925E-03   2.156540E-03   2.105925E-05
   105   2.104471E-03   1.947190E-03   2.104471E-05
   106   2.101955E-03   2.320232E-03   2.101955E-05
   107   2.099057E-03   1.924601E-03   2.099057E-05
   108   2.096552E-03   2.270151E-03   2.096552E-05
   109   2.095108E-03   1.996778E-03   2.095108E-05
   110   2.791661E-04   1.877422E-04   2.791661E-06
   111   2.791571E-04   1.855286E-04   2.791571E-06
   112   2.791415E-04   1.808703E-04   2.791415E-06
   113   2.791234E-04   1.706937E-04   2.791234E-06
   114   2.791078E-04   1.728722E-04   2.791078E-06
   115   2.790988E-04   1.643912E-04   2.790988E-06
   116   8.763400E-04   3.996191E-04   8.763400E-06
   117   8.761980E-04   3.528799E-04   8.761980E-06
   118   8.759522E-04   3.424832E-04   8.759522E-06
   119   8.756685E-04   3.577327E-04   8.756685E-06
   120   8.754230E-04   3.174640E-04   8.754230E-06
   121   8.752813E-04   3.182057E-04   8.752813E-06
   122   1.578764E-03   1.070942E-03   1.578764E-05
   123   1.578113E-03   1.109365E-03   1.578113E-05
   124   1.576984E-03   1.107073E-03   1.576984E-05
   125   1.575683E-03   1.055800E-03   1.575683E-05
   126   1.574558E-03   1.131379E-03   1.574558E-05
   127   1.573909E-03   1.112712E-03   1.573909E-05
   128   2.397965E-03   2.062845E-03   2.397965E-05
   129   2.396182E-03   2.108059E-03   2.396182E-05
   130   2.393099E-03   2.120613E-03   2.393099E-05
   131   2.389547E-03   2.087777E-03   2.389547E-05
   132   2.386477E-03   2.092480E-03   2.386477E-05
   133   2.384708E-03   2.074944E-03   2.384708E-05
   134   3.213939E-03   1.823033E-03   3.213939E-05
   135   3.210521E-03   1.817855E-03   3.210521E-05
   136   3.204614E-03   1.907763E-03   3.204614E-05
   137   3.197813E-03   1.791134E-03   3.197813E-05
   138   3.191940E-03   1.796309E-03   3.191940E-05
   139   3.188558E-03   1.747867E-03   3.188558E-05
   140   3.752691E-03   2.910801E-03   3.752691E-05
   141   3.747956E-03   2.932886E-03   3.747956E-05
   142   3.739775E-03   2.967878E-03   3.739775E-05
   143   3.730361E-03   2.926386E-03   3.730361E-05
   144   3.722236E-03   2.999195E-03   3.722236E-05
   145   3.717557E-03   2.873540E-03   3.717557E-05
   146   2.463279E-04   3.351089E-04   2.463279E-06
   147   2.463205E-04   3.659911E-04   2.463205E-06
   148   2.463077E-04   3.344350E-04   2.463077E-06
   149   2.462929E-04   3.226878E-04   2.462929E-06
   150   2.462800E-04   3.221751E-04   2.462800E-06
   151   2.462726E-04   3.016894E-04   2.462726E-06
   152   7.917110E-04   7.224357E-04   7.917110E-06
   153   7.915847E-04   6.800177E-04   7.915847E-06
   154   7.913661E-04   6.439835E-04   7.913661E-06
   155   7.911139E-04   5.999077E-04   7.911139E-06
   156   7.908957E-04   5.989316E-04   7.908957E-06
   157   7.907697E-04   6.040830E-04   7.907697E-06
   158   1.500532E-03   1.589051E-03   1.500532E-05
   159   1.499865E-03   1.631041E-03   1.499865E-05
   160   1.498712E-03   1.611042E-03   1.498712E-05
   161   1.497382E-03   1.559614E-03   1.497382E-05
   162   1.496233E-03   1.657690E-03   1.496233E-05
   163   1.495571E-03   1.645876E-03   1.495571E-05
   164   2.457646E-03   2.891820E-03   2.457646E-05
   165   2.455473E-03   2.860194E-03   2.455473E-05
   166   2.451721E-03   3.027202E-03   2.451721E-05
   167   2.447403E-03   2.953622E-03   2.447403E-05
   168   2.443677E-03   3.076281E-03   2.443677E-05
   169   2.441532E-03   3.000111E-03   2.441532E-05
   170   3.571446E-03   3.591189E-03   3.571446E-05
   171   3.566543E-03   3.628318E-03   3.566543E-05
   172   3.558083E-03   3.681062E-03   3.558083E-05
   173   3.548364E-03   3.435421E-03   3.548364E-05
   174   3.539990E-03   3.449960E-03   3.539990E-05
   175   3.535173E-03   3.342952E-03   3.535173E-05
   176   4.399599E-03   5.124944E-03   4.399599E-05
   177   4.392100E-03   5.173830E-03   4.392100E-05
   178   4.379169E-03   5.183727E-03   4.379169E-05
   179   4.364328E-03   5.003172E-03   4.364328E-05
   180   4.351552E-03   5.182185E-03   4.351552E-05
   181   4.344209E-03   5.049226E-03   4.344209E-05
   182   1.817376E-04   2.241081E-04   1.817376E-06
   183   1.817318E-04   1.961705E-04   1.817318E-06
   184   1.817217E-04   1.967877E-04   1.817217E-06
   185   1.817101E-04   1.927631E-04   1.817101E-06
   186   1.817001E-04   1.855592E-04   1.817001E-06
   187   1.816943E-04   1.690714E-04   1.816943E-06
   188   6.153050E-04   6.237639E-04   6.153050E-06
   189   6.151985E-04   5.252777E-04   6.151985E-06
   190   6.150140E-04   6.550618E-04   6.150140E-06
   191   6.148011E-04   5.749747E-04   6.148011E-06
   192   6.146168E-04   7.307041E-04   6.146168E-06
   193   6.145105E-04   5.793031E-04   6.145105E-06
   194   1.304416E-03   1.273032E-03   1.304416E-05
   195   1.303777E-03   1.369340E-03   1.303777E-05
   196   1.302670E-03   1.429621E-03   1.302670E-05
   197   1.301394E-03   1.155331E-03   1.301394E-05
   198   1.300290E-03   1.599112E-03   1.300290E-05
   199   1.299654E-03   1.552855E-03   1.299654E-05
   200   2.509051E-03   2.917299E-03   2.509051E-05
   201   2.506625E-03   2.985865E-03   2.506625E-05
   202   2.502432E-03   3.061274E-03   2.502432E-05
   203   2.497603E-03   2.951131E-03   2.497603E-05
   204   2.493432E-03   3.089526E-03   2.493432E-05
   205   2.491030E-03   3.342400E-03   2.491030E-05
   206   4.281028E-03   4.334705E-03   4.281028E-05
   207   4.274760E-03   4.355275E-03   4.274760E-05
   208   4.263935E-03   4.443724E-03   4.263935E-05
   209   4.251485E-03   4.065125E-03   4.251485E-05
   210   4.240746E-03   4.264738E-03   4.240746E-05
   211   4.234564E-03   4.269877E-03   4.234564E-05
   212   5.822398E-03   6.097616E-03   5.822398E-05
   213   5.812016E-03   6.148644E-03   5.812016E-05
   214   5.794096E-03   6.468602E-03   5.794096E-05
   215   5.773502E-03   6.097954E-03   5.773502E-05
   216   5.755753E-03   6.144383E-03   5.755753E-05
   217   5.745541E-03   5.873181E-03   5.745541E-05
   218   1.992103E-04   2.171772E-04   1.992103E-06
   219   1.992065E-04   2.318623E-04   1.992065E-06
   220   1.991999E-04   2.132836E-04   1.991999E-06
   221   1.991924E-04   1.974650E-04   1.991924E-06
   222   1.991858E-04   1.730829E-04   1.991858E-06
   223   1.991820E-04   2.054503E-04   1.991820E-06
   224   6.399262E-04   4.650602E-04   6.399262E-06
   225   6.398532E-04   4.129155E-04   6.398532E-06
   226   6.397269E-04   3.714907E-04   6.397269E-06
   227   6.395812E-04   3.656990E-04   6.395812E-06
   228   6.394551E-04   3.433780E-04   6.394551E-06
   229   6.393824E-04   2.520253E-04   6.393824E-06
   230   1.268195E-03   1.205287E-03   1.268195E-05
   231   1.267658E-03   1.163696E-03   1.267658E-05
   232   1.266728E-03   1.194448E-03   1.266728E-05
   233   1.265657E-03   1.169346E-03   1.265657E-05
   234   1.264732E-03   1.198152E-03   1.264732E-05
   235   1.264198E-03   1.013157E-03   1.264198E-05
   236   2.509490E-03   2.214416E-03   2.509490E-05
   237   2.506454E-03   2.135987E-03   2.506454E-05
   238   2.501214E-03   2.165448E-03   2.501214E-05
   239   2.495189E-03   2.103332E-03   2.495189E-05
   240   2.489994E-03   1.989757E-03   2.489994E-05
   241   2.487005E-03   1.672736E-03   2.487005E-05
   242   5.138396E-03   2.947702E-03   5.138396E-05
   243   5.126298E-03   2.994367E-03   5.126298E-05
   244   5.105442E-03   3.203288E-03   5.105442E-05
   245   5.081514E-03   3.169551E-03   5.081514E-05
   246   5.060925E-03   3.124958E-03   5.060925E-05
   247   5.049094E-03   2.641982E-03   5.049094E-05
   248   8.353773E-03   5.832302E-03   8.353773E-05
   249   8.327509E-03   5.882329E-03   8.327509E-05
   250   8.282272E-03   5.913785E-03   8.282272E-05
   251   8.230432E-03   6.091951E-03   8.230432E-05
   252   8.185878E-03   6.388245E-03   8.185878E-05
   253   8.160298E-03   5.973893E-03   8.160298E-05
   254   3.287935E-04   4.430046E-04   3.287935E-06
   255   3.287860E-04   4.082504E-04   3.287860E-06
   256   3.287730E-04   4.057716E-04   3.287730E-06
   257   3.287580E-04   3.974551E-04   3.287580E-06
   258   3.287450E-04   3.405578E-04   3.287450E-06
   259   3.287375E-04   3.709948E-04   3.287375E-06
   260   1.066190E-03   1.002706E-03   1.066190E-05
   261   1.066069E-03   8.359644E-04   1.066069E-05
   262   1.065859E-03   8.126307E-04   1.065859E-05
   263   1.065616E-03   7.395525E-04   1.065616E-05
   264   1.065406E-03   7.114829E-04   1.065406E-05
   265   1.065285E-03   4.831165E-04   1.065285E-05
   266   2.040377E-03   2.301726E-03   2.040377E-05
   267   2.039777E-03   2.265921E-03   2.039777E-05
   268   2.038738E-03   2.381307E-03   2.038738E-05
   269   2.037539E-03   2.306108E-03   2.037539E-05
   270   2.036502E-03   2.460668E-03   2.036502E-05
   271   2.035904E-03   2.005169E-03   2.035904E-05
   272   3.407394E-03   3.496814E-03   3.407394E-05
   273   3.405199E-03   3.515052E-03   3.405199E-05
   274   3.401407E-03   3.768166E-03   3.401407E-05
   275   3.397043E-03   4.284926E-03   3.397043E-05
   276   3.393276E-03   4.669752E-03   3.393276E-05
   277   3.391106E-03   4.695080E-03   3.391106E-05
   278   5.543083E-03   5.488172E-03   5.543083E-05
   279   5.533750E-03   5.513611E-03   5.533750E-05
   280   5.517695E-03   5.193386E-03   5.517695E-05
   281   5.499329E-03   5.429932E-03   5.499329E-05
   282   5.483571E-03   5.738828E-03   5.483571E-05
   283   5.474535E-03   5.118923E-03   5.474535E-05
   284   8.445760E-03   1.100694E-02   8.445760E-05
   285   8.418001E-03   1.067703E-02   8.418001E-05
   286   8.370398E-03   1.064129E-02   8.370398E-05
   287   8.316172E-03   1.001128E-02   8.316172E-05
   288   8.269842E-03   1.043338E-02   8.269842E-05
   289   8.243357E-03   8.998813E-03   8.243357E-05
   290   3.079959E-04   3.993287E-04   3.079959E-06
   291   3.079848E-04   4.175955E-04   3.079848E-06
   292   3.079656E-04   2.964462E-04   3.079656E-06
   293   3.079433E-04   3.446280E-04   3.079433E-06
   294   3.079241E-04   3.138834E-04   3.079241E-06
   295   3.079130E-04   2.796516E-04   3.079130E-06
   296   1.066058E-03   1.113238E-03   1.066058E-05
   297   1.065848E-03   1.037342E-03   1.065848E-05
   298   1.065486E-03   1.083342E-03   1.065486E-05
   299   1.065068E-03   1.062434E-03   1.065068E-05
   300   1.064706E-03   9.096572E-04   1.064706E-05
   301   1.064497E-03   5.946500E-04   1.064497E-05
   302   2.361114E-03   2.390519E-03   2.361114E-05
   303   2.359821E-03   2.193423E-03   2.359821E-05
   304   2.357583E-03   2.648620E-03   2.357583E-05
   305   2.355002E-03   2.529844E-03   2.355002E-05
   306   2.352770E-03   2.884704E-03   2.352770E-05
   307   2.351483E-03   1.909576E-03   2.351483E-05
   308   4.791150E-03   6.537445E-03   4.791150E-05
   309   4.786138E-03   6.875664E-03   4.786138E-05
   310   4.777471E-03   6.431484E-03   4.777471E-05
   311   4.767489E-03   6.703374E-03   4.767489E-05
   312   4.758865E-03   6.212459E-03   4.758865E-05
   313   4.753895E-03   4.995330E-03   4.753895E-05
   314   8.558704E-03   8.817416E-03   8.558704E-05
   315   8.545378E-03   8.896927E-03   8.545378E-05
   316   8.522360E-03   8.792762E-03   8.522360E-05
   317   8.495883E-03   8.992916E-03   8.495883E-05
   318   8.473040E-03   9.702936E-03   8.473040E-05
   319   8.459888E-03   7.655545E-03   8.459888E-05
   320   1.204747E-02   1.356964E-02   1.204747E-04
   321   1.202315E-02   1.335837E-02   1.202315E-04
   322   1.198123E-02   1.411162E-02   1.198123E-04
   323   1.193316E-02   1.424890E-02   1.193316E-04
   324   1.189180E-02   1.622989E-02   1.189180E-04
   325   1.186804E-02   1.345712E-02   1.186804E-04
   326   1.443831E-04   1.313959E-04   1.443831E-06
   327   1.443800E-04   1.557965E-04   1.443800E-06
   328   1.443745E-04   1.310420E-04   1.443745E-06
   329   1.443682E-04   1.473996E-04   1.443682E-06
   330   1.443627E-04   1.616167E-04   1.443627E-06
   331   1.443596E-04   1.407420E-04   1.443596E-06
   332   4.771655E-04   5.555603E-04   4.771655E-06
   333   4.770850E-04   4.846104E-04   4.770850E-06
   334   4.769456E-04   4.868779E-04   4.769456E-06
   335   4.767849E-04   4.061519E-04   4.767849E-06
   336   4.766458E-04   5.187329E-04   4.766458E-06
   337   4.765657E-04   3.924475E-04   4.765657E-06
   338   1.095239E-03   1.176585E-03   1.095239E-05
   339   1.094393E-03   1.026140E-03   1.094393E-05
   340   1.092930E-03   1.063483E-03   1.092930E-05
   341   1.091247E-03   1.147024E-03   1.091247E-05
   342   1.089794E-03   1.088644E-03   1.089794E-05
   343   1.088957E-03   1.046590E-03   1.088957E-05
   344   3.044833E-03   3.660601E-03   3.044833E-05
   345   3.038212E-03   3.659261E-03   3.038212E-05
   346   3.026793E-03   3.704966E-03   3.026793E-05
   347   3.013685E-03   3.920859E-03   3.013685E-05
   348   3.002400E-03   3.931045E-03   3.002400E-05
   349   2.995913E-03   4.147525E-03   2.995913E-05
   350   9.295834E-03   5.342086E-03   9.295834E-05
   351   9.258679E-03   5.039138E-03   9.258679E-05
   352   9.194773E-03   4.911101E-03   9.194773E-05
   353   9.121683E-03   4.950078E-03   9.121683E-05
   354   9.058985E-03   4.909012E-03   9.058985E-05
   355   9.023038E-03   4.526663E-03   9.023038E-05
   356   1.987659E-02   2.321484E-02   1.987659E-04
   357   1.976851E-02   2.291743E-02   1.976851E-04
   358   1.958307E-02   2.298493E-02   1.958307E-04
   359   1.937167E-02   2.315851E-02   1.937167E-04
   360   1.919092E-02   2.309213E-02   1.919092E-04
   361   1.908754E-02   2.311337E-02   1.908754E-04
   362   1.118719E-02   1.016546E-02   2.237438E-04
   363   5.701304E-03   5.348605E-03   1.140261E-04
   364   5.209374E-03   5.076237E-03   1.041875E-04
   365   3.638031E-03   3.312141E-03   7.276062E-05
   366   6.404468E-03   5.942677E-03   1.280894E-04
   367   1.844336E-03   1.951333E-03   3.688672E-05
   368   3.709114E-03   3.787801E-03   7.418228E-05
   369   3.716510E-03   3.329725E-03   7.433019E-05
   370   2.518294E-03   2.862277E-03   5.036589E-05
   371   3.562341E-03   3.389028E-03   7.124682E-05
   372   1.376420E-03   1.543987E-03   2.752839E-05
   373   1.302225E-02   1.197370E-02   2.604449E-04
   374   5.086731E-03   4.511035E-03   1.017346E-04
   375   1.064447E-02   1.025744E-02   2.128894E-04
   376   1.285141E-02   1.257485E-02   2.570282E-04
   377   2.636488E-03   2.700279E-03   5.272977E-05
   378   9.873560E-03   9.161143E-03   1.974712E-04
   379   1.535640E-03   1.449039E-03   3.071280E-05
   380   4.111067E-03   3.655287E-03   8.222135E-05
   381   4.096004E-03   4.072064E-03   8.192007E-05
   382   3.887665E-03   3.369142E-03   7.775329E-05
   383   1.023513E-02   9.792226E-03   2.047025E-04
   384   2.094854E-03   2.109483E-03   4.189708E-05
   385   7.168263E-03   7.077837E-03   1.433653E-04
   386   7.369448E-03   6.254985E-03   1.473890E-04
   387   1.036245E-02   1.012844E-02   2.072489E-04
   388   3.332118E-03   3.236135E-03   6.664236E-05
   389   1.261001E-03   1.348608E-03   2.522003E-05
   390   1.566815E-03   1.713607E-03   3.133630E-05
   391   3.476988E-03   2.949280E-03   6.953975E-05
   392   1.927492E-03   2.007173E-03   3.854983E-05
   393   1.034455E-02   1.001251E-02   2.068910E-04
   394   6.482766E-03   4.779416E-03   1.296553E-04
   395   3.293591E-03   2.860731E-03   6.587182E-05
   396   1.262959E-02   1.134468E-02   2.525917E-04
   397   1.325792E-03   1.387169E-03   2.651585E-05
   398   1.307184E-02   1.466424E-02   2.614368E-04
   399   5.209182E-03   3.792538E-03   1.041836E-04
   400   2.725570E-03   2.866738E-03   5.451141E-05
   401   1.273646E-02   9.987644E-03   2.547293E-04
   402   9.991806E-03   1.060276E-02   1.998361E-04
   403   6.424793E-03   5.892088E-03   1.284959E-04
   404   1.350663E-02   1.617453E-02   2.701326E-04
   405   3.013352E-03   2.241979E-03   6.026705E-05
   406   1.256803E-03   1.360407E-03   2.513607E-05
   407   1.650949E-03   1.828302E-03   3.301898E-05
   408   3.337900E-03   3.019217E-03   6.675800E-05
   409   4.745555E-03   4.698830E-03   9.491110E-05
   410   1.235833E-03   1.422127E-03   2.471667E-05
   411   1.694483E-03   1.868258E-03   3.388966E-05
   412   8.725576E-03   9.158770E-03   1.745115E-04
   413   3.850813E-03   3.489854E-03   7.701626E-05
   414   1.147973E-03   1.303019E-03   2.295945E-05
   415   2.586320E-03   2.375560E-03   5.172641E-05
   416   1.605471E-03   1.728154E-03   3.210943E-05
   417   2.410463E-03   2.326104E-03   4.820925E-05
   418   3.956459E-03   3.605735E-03   7.912919E-05
   419   7.334161E-03   6.836038E-03   1.466832E-04
   420   5.407697E-03   4.793762E-03   1.081539E-04
   421   1.008986E-03   1.108572E-03   2.017972E-05
   422   1.403111E-03   1.447804E-03   2.806223E-05
   423   2.087620E-03   1.953480E-03   4.175239E-05
   424   1.292623E-02   1.265162E-02   2.585247E-04
   425   3.361898E-03   2.995451E-03   6.723796E-05
   426   3.241457E-03   3.231854E-03   6.482913E-05
   427   1.622882E-02   1.527477E-02   3.245764E-04
   428   2.914416E-02   2.893459E-02   5.828833E-04
   429   1.287656E-02   1.280289E-02   2.575312E-04
   430   1.645070E-03   1.561808E-03   3.290140E-05
   431   6.081675E-03   5.426009E-03   1.216335E-04
   432   2.473586E-03   2.181392E-03   4.947173E-05
   433   9.355594E-03   8.483694E-03   1.871119E-04
   434   4.118656E-03   3.723719E-03   8.237313E-05
   435   3.887665E-03   3.346065E-03   7.775329E-05
   436   5.425307E-03   4.716186E-03   1.085061E-04
   437   1.285141E-02   1.257764E-02   2.570282E-04
   438   1.338775E-02   1.347291E-02   2.677550E-04
   439   9.138559E-03   6.314221E-03   1.827712E-04
   440   1.466686E-03   1.483994E-03   2.933372E-05
   441   1.230281E-03   1.231447E-03   2.460562E-05
   442   2.164850E-03   2.220972E-03   4.329701E-05
   443   1.715720E-03   1.580052E-03   3.431440E-05
   444   5.876696E-03   5.298057E-03   1.175339E-04
   445   2.395348E-03   2.091850E-03   4.790695E-05
   446   4.752106E-03   3.885442E-03   9.504212E-05
   447   1.186613E-03   1.179083E-03   2.373226E-05
   448   1.355002E-02   1.251543E-02   2.710003E-04
   449   3.184835E-03   2.758420E-03   6.369669E-05
   450   1.064447E-02   1.024484E-02   2.128894E-04
   451   1.535640E-03   1.456493E-03   3.071280E-05
   452   7.334161E-03   6.833979E-03   1.466832E-04
   453   1.522091E-03   1.557661E-03   3.044183E-05
   454   3.716510E-03   3.349654E-03   7.433019E-05
   455   1.901896E-03   1.754462E-03   3.803792E-05
   456   3.043952E-03   2.706651E-03   6.087904E-05
   457   1.038707E-02   9.442390E-03   2.077415E-04
   458   1.034628E-03   1.046377E-03   2.069256E-05
   459   1.230281E-03   1.251827E-03   2.460562E-05
   460   3.956459E-03   3.606850E-03   7.912919E-05
   461   3.638031E-03   3.306777E-03   7.276062E-05
   462   4.409992E-03   4.195622E-03   8.819983E-05
   463   4.650930E-03   4.201358E-03   9.301859E-05
   464   1.231562E-03   1.257464E-03   2.463124E-05
   465   9.854930E-03   9.435780E-03   1.970986E-04
   466   2.769166E-03   2.792902E-03   5.538331E-05
   467   2.087620E-03   1.976574E-03   4.175239E-05
   468   1.390723E-03   1.418286E-03   2.781447E-05
   469   5.588879E-03   5.280906E-03   1.117776E-04
   470   1.599592E-03   1.627253E-03   3.199184E-05
   471   2.410463E-03   2.327503E-03   4.820925E-05
   472   3.221398E-03   2.924297E-03   6.442796E-05
   473   2.655052E-03   2.687268E-03   5.310104E-05
   474   2.472990E-03   2.443171E-03   4.945980E-05
   475   1.470740E-03   1.557132E-03   2.941479E-05
   476   2.412098E-03   2.566994E-03   4.824195E-05
   477   4.859244E-03   4.490169E-03   9.718487E-05
   478   2.100401E-03   2.136384E-03   4.200802E-05
   479   2.684868E-03   2.873177E-03   5.369737E-05
   480   1.605471E-03   1.728738E-03   3.210943E-05
   481   8.038542E-03   7.195887E-03   1.607708E-04
   482   2.272565E-03   2.278780E-03   4.545130E-05
   483   2.835062E-03   3.239073E-03   5.670125E-05
   484   3.411151E-03   3.677723E-03   6.822303E-05
   485   2.930316E-03   3.245002E-03   5.860633E-05
   486   1.927492E-03   2.035453E-03   3.854983E-05
   487   1.650949E-03   1.818291E-03   3.301898E-05
   488   1.059652E-03   1.178685E-03   2.119304E-05
   489   1.147973E-03   1.309518E-03   2.295945E-05
   490   4.852275E-03   4.399348E-03   9.704551E-05
   491   3.679540E-03   3.141107E-03   7.359079E-05
   492   2.725570E-03   2.887850E-03   5.451141E-05
   493   2.896860E-03   2.841553E-03   5.793720E-05
   494   6.104997E-03   5.703789E-03   1.220999E-04
   495   1.261001E-03   1.339401E-03   2.522003E-05
   496   1.128739E-02   1.150445E-02   2.257477E-04
   497   1.256803E-03   1.360887E-03   2.513607E-05
   498   2.457652E-03   2.382424E-03   4.915305E-05
   499   3.209930E-03   3.160647E-03   6.419859E-05
   500   3.143110E-03   2.661191E-03   6.286221E-05
   501   2.161731E-03   1.840213E-03   4.323462E-05
   502   2.817515E-03   2.371701E-03   5.635030E-05
   503   7.381667E-03   6.400257E-03   1.476333E-04
   504   4.252131E-03   3.234232E-03   8.504262E-05
   505   1.365569E-02   1.476176E-02   2.731138E-04
   506   9.710843E-04   7.246862E-04   1.942169E-05
   507   5.731622E-03   5.031999E-03   1.146324E-04
   508   2.531445E-03   1.793739E-03   5.062890E-05
   509   7.573552E-03   6.215805E-03   1.514710E-04
   510   1.863807E-02   1.996365E-02   3.727614E-04
   511   1.360232E-02   1.238085E-02   2.720463E-04
   512   1.704174E-02   1.900516E-02   3.408349E-04
   513   2.837137E-02   2.473967E-02   5.674274E-04
   514   0.000000E+00   3.962767E-04   8.571999E-05
   515   0.000000E+00  -1.295984E-04   4.928760E-05
   516   0.000000E+00  -5.187092E-05   6.938575E-05
   517   0.000000E+00   1.287203E-04   3.784845E-05
   518   0.000000E+00   2.560351E-04   5.833195E-05
   519   0.000000E+00   1.835726E-05   3.567512E-05
   520   0.000000E+00  -3.681883E-05   4.791193E-05
   521   0.000000E+00   2.079179E-04   3.792972E-05
   522   0.000000E+00   6.426439E-05   4.420725E-05
   523   0.000000E+00   6.785339E-05   4.893610E-05
   524   0.000000E+00   1.338243E-04   2.576351E-05
   525   0.000000E+00   8.834822E-04   8.947855E-05
   526   0.000000E+00   3.476219E-04   5.100023E-05
   527   0.000000E+00   7.446466E-04   7.263877E-05
   528   0.000000E+00   5.743971E-04   1.112597E-04
   529   0.000000E+00   1.420712E-04   5.354117E-05
   530   0.000000E+00   6.769407E-04   1.905779E-04
   531   0.000000E+00   4.464673E-05   3.233695E-05
   532   0.000000E+00  -3.577523E-05   4.774072E-05
   533   0.000000E+00   7.339768E-05   7.106440E-05
   534   0.000000E+00   3.837825E-05   5.388827E-05
   535   0.000000E+00  -2.315843E-04   8.743535E-05
   536   0.000000E+00   5.788340E-05   3.275580E-05
   537   0.000000E+00   1.748779E-04   4.587356E-04
   538   0.000000E+00  -2.094085E-04   3.185521E-04
   539   0.000000E+00   2.253503E-03   5.889728E-04
   540   0.000000E+00   3.173932E-04   7.864687E-05
   541   0.000000E+00   1.201345E-04   2.646036E-05
   542   0.000000E+00   6.120004E-05   2.638962E-05
   543   0.000000E+00   4.998997E-04   9.389042E-05
   544   0.000000E+00   9.410440E-06   3.011639E-05
   545   0.000000E+00   1.709852E-03   3.532326E-04
   546   0.000000E+00   2.682885E-04   1.419297E-04
   547   0.000000E+00   1.878603E-04   6.301965E-05
   548   0.000000E+00   2.929320E-03   3.330377E-04
   549   0.000000E+00   5.794090E-05   2.572478E-05
   550   0.000000E+00   8.810745E-03   6.532966E-04
   551   0.000000E+00   2.564330E-04   9.212542E-05
   552   0.000000E+00   2.575576E-04   4.467353E-05
   553   0.000000E+00   6.029664E-03   8.249259E-04
   554   0.000000E+00   4.793285E-03   3.649289E-04
   555   0.000000E+00   5.270734E-04   1.539804E-04
   556   0.000000E+00   8.925558E-03   6.346598E-04
   557   0.000000E+00   2.097732E-04   8.178753E-05
   558   0.000000E+00   1.478647E-04   2.410946E-05
   559   0.000000E+00   1.554881E-04   2.414284E-05
   560   0.000000E+00   3.324962E-04   6.979279E-05
   561   0.000000E+00  -1.505571E-04   5.179795E-05
   562   0.000000E+00   1.552495E-04   1.919544E-05
   563   0.000000E+00   1.300443E-04   2.376196E-05
   564   0.000000E+00   2.053055E-03   3.452366E-04
   565   0.000000E+00  -9.987176E-05   3.292312E-05
   566   0.000000E+00   8.074385E-05   2.041193E-05
   567   0.000000E+00   1.598993E-04   6.110786E-05
   568   0.000000E+00   5.999168E-05   2.060922E-05
   569   0.000000E+00  -1.214349E-05   2.815692E-05
   570   0.000000E+00  -7.509745E-05   3.147130E-05
   571   0.000000E+00   3.231719E-04   6.085316E-05
   572   0.000000E+00   3.251005E-04   1.118133E-04
   573   0.000000E+00   4.876817E-05   2.366837E-05
   574   0.000000E+00   5.091341E-05   1.953068E-05
   575   0.000000E+00  -2.914970E-06   2.779137E-05
   576   0.000000E+00   4.091191E-04   9.873027E-05
   577   0.000000E+00   1.863584E-05   3.718324E-05
   578   0.000000E+00   1.617121E-04   7.636247E-05
   579   0.000000E+00   2.559258E-04   1.113851E-04
   580   0.000000E+00  -2.185551E-03   1.625447E-04
   581   0.000000E+00   1.294772E-03   6.834563E-04
   582   0.000000E+00   1.949920E-05   1.925692E-05
   583   0.000000E+00  -3.806102E-04   1.158571E-04
   584   0.000000E+00  -2.182121E-06   3.991710E-05
   585   0.000000E+00  -2.009243E-04   7.434996E-05
   586   0.000000E+00  -7.960567E-05   3.911121E-05
   587   0.000000E+00  -5.639513E-05   5.388827E-05
   588   0.000000E+00  -3.061296E-06   1.845522E-04
   589   0.000000E+00  -6.004666E-04   1.112597E-04
   590   0.000000E+00   7.240500E-03   8.013370E-04
   591   0.000000E+00   5.238531E-03   6.984900E-04
   592   0.000000E+00   4.293799E-05   3.666105E-05
   593   0.000000E+00  -8.145214E-06   2.240563E-05
   594   0.000000E+00   6.323976E-05   4.817192E-05
   595   0.000000E+00   5.983202E-05   3.031923E-05
   596   0.000000E+00  -5.019194E-04   5.235641E-05
   597   0.000000E+00  -2.447597E-05   3.690730E-05
   598   0.000000E+00   1.988918E-04   1.846210E-04
   599   0.000000E+00  -4.301448E-05   2.179130E-05
   600   0.000000E+00  -7.964878E-04   9.428622E-05
   601   0.000000E+00  -2.850605E-04   4.057387E-05
   602   0.000000E+00  -7.112816E-04   7.263877E-05
   603   0.000000E+00  -5.244646E-05   3.233695E-05
   604   0.000000E+00  -3.544050E-04   6.085316E-05
   605   0.000000E+00   5.199666E-05   3.886744E-05
   606   0.000000E+00  -2.044715E-04   3.792972E-05
   607   0.000000E+00  -6.715284E-05   3.065130E-05
   608   0.000000E+00   7.665701E-05   1.055374E-04
   609   0.000000E+00  -1.629465E-04   6.793450E-05
   610   0.000000E+00  -4.339394E-05   2.506130E-05
   611   0.000000E+00  -2.059455E-05   2.240563E-05
   612   0.000000E+00   8.358375E-05   3.147130E-05
   613   0.000000E+00  -1.039519E-04   3.784845E-05
   614   0.000000E+00  -2.654387E-05   5.626829E-05
   615   0.000000E+00  -1.368131E-04   5.365125E-05
   616   0.000000E+00  -5.821026E-05   3.100760E-05
   617   0.000000E+00  -2.801030E-05   6.214445E-04
   618   0.000000E+00  -1.537959E-04   7.379859E-05
   619   0.000000E+00  -1.567564E-05   2.779137E-05
   620   0.000000E+00  -1.156966E-05   3.134071E-05
   621   0.000000E+00  -8.363925E-06   6.665645E-05
   622   0.000000E+00  -1.424749E-05   3.974242E-05
   623   0.000000E+00   1.188972E-05   2.815692E-05
   624   0.000000E+00   8.421003E-05   3.335440E-05
   625   0.000000E+00  -1.027657E-04   6.736173E-05
   626   0.000000E+00   7.356812E-05   3.504132E-05
   627   0.000000E+00   3.097921E-05   2.657622E-05
   628   0.000000E+00  -1.036600E-04   2.873763E-05
   629   0.000000E+00   3.544612E-04   2.415488E-04
   630   0.000000E+00   4.028391E-05   4.024154E-05
   631   0.000000E+00  -1.016302E-04   7.362440E-05
   632   0.000000E+00  -6.584006E-05   2.060922E-05
   633   0.000000E+00  -1.161944E-04   2.758659E-04
   634   0.000000E+00   5.481509E-05   3.847177E-05
   635   0.000000E+00  -2.234514E-04   4.285841E-05
   636   0.000000E+00  -9.392780E-05   4.331878E-05
   637   0.000000E+00  -2.614424E-04   3.060131E-05
   638   0.000000E+00  -1.324855E-05   3.011639E-05
   639   0.000000E+00  -1.533010E-04   2.414284E-05
   640   0.000000E+00  -2.937915E-05   2.575829E-05
   641   0.000000E+00  -9.759258E-05   2.041193E-05
   642   0.000000E+00  -3.542314E-04   1.317718E-04
   643   0.000000E+00  -1.622965E-04   1.116361E-04
   644   0.000000E+00  -2.345027E-04   4.467353E-05
   645   0.000000E+00  -3.119801E-04   7.097436E-05
   646   0.000000E+00  -3.981696E-04   1.717571E-04
   647   0.000000E+00  -1.097987E-04   2.646036E-05
   648   0.000000E+00  -2.608589E-03   6.347788E-04
   649   0.000000E+00  -1.380539E-04   2.410946E-05
   650   0.000000E+00  -1.405616E-04   4.117016E-05
   651   0.000000E+00  -2.546657E-04   6.411905E-05
   652   0.000000E+00  -1.572924E-04   7.552702E-05
   653   0.000000E+00  -1.543087E-04   5.065160E-05
   654   0.000000E+00  -3.550843E-04   7.019159E-05
   655   0.000000E+00  -8.506478E-04   2.141020E-04
   656   0.000000E+00  -3.043540E-04   1.031970E-04
   657   0.000000E+00  -1.026653E-02   8.124586E-04
   658   0.000000E+00  -6.516313E-05   2.755854E-05
   659   0.000000E+00  -4.433015E-04   1.293177E-04
   660   0.000000E+00  -6.381020E-05   7.103876E-05
   661   0.000000E+00  -7.520774E-05   2.108601E-04
   662   0.000000E+00  -1.081691E-02   6.538745E-04
   663   0.000000E+00  -5.176357E-04   3.143698E-04
   664   0.000000E+00  -1.024009E-02   6.913460E-04
   665   0.000000E+00  -6.148798E-03   1.143279E-03
   666   0.000000E+00  -6.077557E-04   8.502500E-05
   667   0.000000E+00   9.054344E-05   5.345402E-05
   668   0.000000E+00   4.042056E-04   7.063079E-05
   669   0.000000E+00  -2.208267E-06   3.726087E-05
   670   0.000000E+00  -7.853690E-04   5.548086E-05
   671   0.000000E+00  -4.547790E-06   3.610002E-05
   672   0.000000E+00   1.271887E-04   5.109268E-05
   673   0.000000E+00  -2.408834E-04   3.979963E-05
   674   0.000000E+00   6.635444E-05   4.782883E-05
   675   0.000000E+00  -2.042264E-04   5.004599E-05
   676   0.000000E+00  -8.894567E-05   3.485687E-05
   677   0.000000E+00  -2.303337E-03   8.669034E-05
   678   0.000000E+00  -4.827047E-04   5.286713E-05
   679   0.000000E+00  -1.998944E-03   8.780515E-05
   680   0.000000E+00  -3.103434E-03   9.603366E-05
   681   0.000000E+00  -2.689451E-04   5.963232E-05
   682   0.000000E+00   5.533450E-04   1.995973E-04
   683   0.000000E+00  -1.089909E-04   3.154722E-05
   684   0.000000E+00  -3.825081E-04   4.713132E-05
   685   0.000000E+00  -3.962081E-04   7.136238E-05
   686   0.000000E+00  -4.401291E-04   4.633345E-05
   687   0.000000E+00  -2.181617E-03   8.080342E-05
   688   0.000000E+00  -2.033891E-04   3.800434E-05
   689   0.000000E+00   6.664966E-04   4.553733E-04
   690   0.000000E+00   1.075828E-03   3.342714E-04
   691   0.000000E+00   7.277473E-04   5.170341E-04
   692   0.000000E+00   1.152091E-04   8.861092E-05
   693   0.000000E+00  -6.441711E-05   2.645064E-05
   694   0.000000E+00  -1.217223E-04   2.832537E-05
   695   0.000000E+00   1.875089E-04   1.000823E-04
   696   0.000000E+00  -8.367681E-05   3.068300E-05
   697   0.000000E+00   1.517220E-03   3.578252E-04
   698   0.000000E+00   5.875424E-04   1.539400E-04
   699   0.000000E+00  -6.413896E-05   6.082881E-05
   700   0.000000E+00   1.676475E-03   3.399691E-04
   701   0.000000E+00  -1.052404E-04   2.538879E-05
   702   0.000000E+00   5.071717E-03   7.181558E-04
   703   0.000000E+00   4.504130E-04   1.031984E-04
   704   0.000000E+00  -2.088979E-04   4.486014E-05
   705   0.000000E+00   4.012146E-03   9.890900E-04
   706   0.000000E+00   2.582444E-03   4.048614E-04
   707   0.000000E+00   8.434697E-04   1.716064E-04
   708   0.000000E+00   7.240938E-03   8.651080E-04
   709   0.000000E+00   3.237956E-04   8.641357E-05
   710   0.000000E+00  -9.279184E-05   2.172030E-05
   711   0.000000E+00  -1.668139E-04   2.603586E-05
   712   0.000000E+00   1.847765E-04   7.987421E-05
   713   0.000000E+00   9.111866E-05   5.287223E-05
   714   0.000000E+00  -1.497861E-04   1.745297E-05
   715   0.000000E+00  -1.248947E-04   2.384431E-05
   716   0.000000E+00   1.439095E-03   3.729572E-04
   717   0.000000E+00  -3.257290E-04   3.140260E-05
   718   0.000000E+00  -6.921144E-05   2.273269E-05
   719   0.000000E+00   2.154040E-04   5.746233E-05
   720   0.000000E+00  -1.234670E-04   2.372358E-05
   721   0.000000E+00  -5.230358E-05   3.016024E-05
   722   0.000000E+00  -4.415047E-04   3.139118E-05
   723   0.000000E+00  -1.193987E-03   5.136381E-05
   724   0.000000E+00   4.287032E-04   1.259637E-04
   725   0.000000E+00  -5.689307E-05   2.901345E-05
   726   0.000000E+00  -2.037876E-04   2.153188E-05
   727   0.000000E+00  -5.566053E-05   2.747425E-05
   728   0.000000E+00  -3.058626E-03   9.698348E-05
   729   0.000000E+00  -3.359222E-04   3.958268E-05
   730   0.000000E+00  -1.066678E-04   7.385422E-05
   731   0.000000E+00  -3.351433E-03   1.024805E-04
   732   0.000000E+00  -6.691903E-03   1.654751E-04
   733   0.000000E+00   7.229878E-04   5.877665E-04
   734   0.000000E+00  -2.090258E-04   2.359301E-05
   735   0.000000E+00  -9.763894E-05   1.328803E-04
   736   0.000000E+00  -1.851624E-04   3.977570E-05
   737   0.000000E+00  -1.411333E-03   7.343206E-05
   738   0.000000E+00  -3.598757E-04   4.408569E-05
   739   0.000000E+00  -4.533226E-04   4.633345E-05
   740   0.000000E+00   7.718273E-04   2.016173E-04
   741   0.000000E+00  -3.120561E-03   9.603366E-05
   742   0.000000E+00   8.151864E-03   1.073694E-03
   743   0.000000E+00   9.331162E-04   1.042696E-03
   744   0.000000E+00  -1.022183E-04   3.997074E-05
   745   0.000000E+00  -6.145692E-05   2.547163E-05
   746   0.000000E+00  -1.095529E-04   5.670562E-05
   747   0.000000E+00  -1.424636E-04   3.014662E-05
   748   0.000000E+00  -1.117097E-03   4.845909E-05
   749   0.000000E+00  -1.941872E-04   3.622306E-05
   750   0.000000E+00   7.859669E-04   2.223257E-04
   751   0.000000E+00  -1.417617E-04   2.507152E-05
   752   0.000000E+00  -1.949333E-03   9.310043E-05
   753   0.000000E+00  -3.640408E-04   4.310329E-05
   754   0.000000E+00  -1.973549E-03   8.780515E-05
   755   0.000000E+00  -1.029811E-04   3.154722E-05
   756   0.000000E+00  -1.245302E-03   5.136381E-05
   757   0.000000E+00  -1.348693E-04   4.158928E-05
   758   0.000000E+00  -2.548219E-04   3.979963E-05
   759   0.000000E+00  -1.467504E-04   3.079421E-05
   760   0.000000E+00  -6.307905E-05   9.785477E-05
   761   0.000000E+00  -1.050160E-03   6.676575E-05
   762   0.000000E+00  -1.309715E-04   2.670224E-05
   763   0.000000E+00  -8.058668E-05   2.547163E-05
   764   0.000000E+00  -4.410938E-04   3.139118E-05
   765   0.000000E+00   1.942822E-05   3.726087E-05
   766   0.000000E+00  -6.508331E-06   5.581810E-05
   767   0.000000E+00  -1.091909E-05   5.138683E-05
   768   0.000000E+00  -1.417583E-04   3.623462E-05
   769   0.000000E+00   7.133016E-04   6.309801E-04
   770   0.000000E+00  -2.049162E-04   7.363586E-05
   771   0.000000E+00  -7.447269E-05   2.747425E-05
   772   0.000000E+00  -1.375146E-04   3.279285E-05
   773   0.000000E+00   1.676368E-04   7.198962E-05
   774   0.000000E+00  -7.075857E-05   4.167816E-05
   775   0.000000E+00  -5.969012E-05   3.016024E-05
   776   0.000000E+00   1.101471E-04   3.587868E-05
   777   0.000000E+00  -1.070275E-04   6.433065E-05
   778   0.000000E+00   4.663660E-05   3.891477E-05
   779   0.000000E+00   4.422657E-05   3.053185E-05
   780   0.000000E+00  -3.152483E-04   3.279801E-05
   781   0.000000E+00   9.331965E-04   2.583525E-04
   782   0.000000E+00   1.800334E-04   3.999934E-05
   783   0.000000E+00  -5.185415E-05   7.473856E-05
   784   0.000000E+00  -1.058496E-04   2.372358E-05
   785   0.000000E+00   1.153188E-03   2.849040E-04
   786   0.000000E+00   4.655498E-05   3.583350E-05
   787   0.000000E+00  -1.879255E-05   5.229974E-05
   788   0.000000E+00  -1.293962E-04   4.530177E-05
   789   0.000000E+00  -2.735903E-04   2.922159E-05
   790   0.000000E+00  -1.109227E-04   3.068300E-05
   791   0.000000E+00  -1.551978E-04   2.603586E-05
   792   0.000000E+00   1.447093E-05   2.830580E-05
   793   0.000000E+00  -7.029491E-05   2.273269E-05
   794   0.000000E+00   5.177917E-04   1.513282E-04
   795   0.000000E+00   3.005148E-04   1.230757E-04
   796   0.000000E+00  -2.198544E-04   4.486014E-05
   797   0.000000E+00   4.177354E-05   7.670949E-05
   798   0.000000E+00   1.093620E-03   1.910509E-04
   799   0.000000E+00  -6.651061E-05   2.645064E-05
   800   0.000000E+00   1.127607E-03   5.318033E-04
   801   0.000000E+00  -9.272710E-05   2.172030E-05
   802   0.000000E+00  -1.449507E-04   4.094920E-05
   803   0.000000E+00   7.718301E-05   7.061205E-05
   804   0.000000E+00   4.227052E-04   7.469525E-05
   805   0.000000E+00  -3.397613E-05   4.777532E-05
   806   0.000000E+00   8.116492E-05   7.891373E-05
   807   0.000000E+00   7.704621E-04   2.245348E-04
   808   0.000000E+00   3.412398E-04   1.128870E-04
   809   0.000000E+00   6.274695E-03   8.263193E-04
   810   0.000000E+00   4.432703E-05   2.932472E-05
   811   0.000000E+00   7.078094E-04   1.452169E-04
   812   0.000000E+00   2.927941E-04   8.161353E-05
   813   0.000000E+00   1.002765E-03   2.181146E-04
   814   0.000000E+00   6.893759E-03   7.805474E-04
   815   0.000000E+00   1.777714E-03   3.362209E-04
   816   0.000000E+00   5.161748E-03   7.246632E-04
   817   0.000000E+00   9.419850E-03   1.567776E-03
   818   8.614137E-04   3.068637E-04   3.356157E-03
   819   5.735512E-04   7.457924E-04   1.710391E-03
   820   5.120814E-04   5.694917E-04   1.562812E-03
   821   3.019566E-04   1.077822E-04   1.091409E-03
   822   3.842681E-04  -3.535910E-05   1.921340E-03
   823   1.977128E-04   3.366112E-04   5.533008E-04
   824   3.152747E-04   3.144783E-04   1.112734E-03
   825   2.363700E-04  -8.163879E-05   1.114953E-03
   826   2.593843E-04   5.045203E-04   7.554883E-04
   827   2.493639E-04   7.196069E-05   1.068702E-03
   828   1.666844E-04   2.716812E-04   4.129259E-04
   829   4.753119E-04  -4.409288E-04   3.906674E-03
   830   2.650187E-04  -1.533312E-04   1.526019E-03
   831   5.130635E-04  -2.408741E-04   3.193341E-03
   832   2.930122E-04  -2.436375E-04   3.855424E-03
   833   1.426340E-04   9.420990E-06   7.909465E-04
   834   8.353032E-04   4.311674E-04   2.962068E-03
   835   4.238366E-05  -8.363845E-06   4.606920E-04
   836  -2.425530E-05   2.729384E-05   1.233320E-03
   837   9.420808E-05  -3.696691E-05   1.228801E-03
   838  -1.671696E-05   3.875286E-05   1.166299E-03
   839  -1.064453E-04   1.082660E-04   3.070538E-03
   840  -2.094854E-07  -7.101276E-07   6.284562E-04
   841   4.064405E-04   2.047696E-04   2.150479E-03
   842   1.473890E-06  -1.447189E-04   2.210834E-03
   843   1.265255E-03   4.409187E-04   3.108734E-03
   844   4.178476E-04   4.005394E-04   9.996354E-04
   845   1.617865E-04   2.401297E-04   3.783004E-04
   846   1.869210E-04   3.509423E-04   4.700445E-04
   847   5.556226E-04   3.149056E-04   1.043096E-03
   848   2.193485E-04   3.785218E-04   5.782475E-04
   849   1.908569E-03   1.478155E-03   3.103364E-03
   850   1.128001E-03   4.039218E-04   1.944830E-03
   851   4.406825E-04   3.543707E-04   9.880773E-04
   852   2.693891E-03   1.128563E-03   3.788876E-03
   853   1.674476E-04   2.723071E-04   3.977377E-04
   854   2.955543E-03   8.550898E-04   3.921552E-03
   855   8.136742E-04   2.020586E-04   1.562754E-03
   856   3.625008E-04   5.355001E-04   8.176711E-04
   857   3.516538E-03   4.021396E-03   3.820939E-03
   858   2.312104E-03   8.819745E-04   2.997542E-03
   859   1.126909E-03   7.180514E-04   1.927438E-03
   860   3.779155E-03   2.776972E-03   4.051989E-03
   861   4.782190E-04   2.147814E-04   9.040057E-04
   862   1.616249E-04   2.146316E-04   3.770410E-04
   863   2.101658E-04   2.736677E-04   4.952847E-04
   864   4.579599E-04   4.043352E-04   1.001370E-03
   865   4.612680E-04   6.577538E-04   1.423667E-03
   866   1.523783E-04   1.852856E-04   3.707500E-04
   867   1.948655E-04   2.558762E-04   5.083449E-04
   868   1.312327E-03   9.114371E-04   2.617673E-03
   869   2.787988E-04   2.063451E-04   1.155244E-03
   870   1.276546E-04   1.891166E-04   3.443918E-04
   871   3.302731E-04   2.862642E-04   7.758961E-04
   872   1.629554E-04   1.810678E-04   4.816414E-04
   873   2.041662E-04   1.420026E-04   7.231388E-04
   874   2.156270E-04   3.670544E-05   1.186938E-03
   875   3.527731E-04  -1.702706E-04   2.200248E-03
   876   5.337397E-04   3.016520E-04   1.622309E-03
   877   9.282673E-05   1.252953E-04   3.026959E-04
   878   1.158970E-04   7.469851E-05   4.209334E-04
   879   1.436282E-04   3.509690E-05   6.262859E-04
   880   2.998886E-04  -1.871238E-04   3.877870E-03
   881   1.637244E-04  -6.386770E-05   1.008569E-03
   882   2.116671E-04   7.234528E-05   9.724370E-04
   883   2.207120E-04  -2.166698E-04   4.868647E-03
   884  -8.043790E-04   7.955007E-04   8.743249E-03
   885   9.966457E-04   5.879975E-04   3.862968E-03
   886   8.850477E-05  -1.394301E-05   4.935210E-04
   887  -1.471765E-04   1.908523E-04   1.824502E-03
   888   6.876570E-05  -6.017500E-05   7.420759E-04
   889  -3.321236E-04   2.467364E-04   2.806678E-03
   890  -1.836921E-04   5.720692E-05   1.235597E-03
   891   1.671696E-05  -4.024178E-05   1.166299E-03
   892   2.614998E-04  -1.858594E-05   1.627592E-03
   893  -2.930122E-04   2.546605E-04   3.855424E-03
   894   2.907819E-03   5.552178E-03   4.016324E-03
   895   2.741568E-03   1.566390E-03   2.741568E-03
   896   5.470738E-05   5.810235E-07   4.400057E-04
   897   3.776962E-05   4.469856E-06   3.690843E-04
   898   4.546186E-05  -3.352140E-05   6.494551E-04
   899   4.066256E-05  -2.243113E-05   5.147159E-04
   900  -1.939310E-04   2.223983E-04   1.763009E-03
   901  -2.083952E-05  -1.145985E-05   7.186043E-04
   902   9.931902E-05  -3.117736E-06   1.425632E-03
   903  -9.730228E-06   5.961934E-06   3.559840E-04
   904  -7.086659E-04   3.096059E-04   4.065005E-03
   905  -1.678408E-04   1.162684E-04   9.554504E-04
   906  -5.130635E-04   2.187568E-04   3.193341E-03
   907  -4.238366E-05   1.427719E-05   4.606920E-04
   908  -3.527731E-04   1.651090E-04   2.200248E-03
   909   3.500810E-06  -1.423195E-05   4.566274E-04
   910  -2.363700E-04   8.702416E-05   1.114953E-03
   911  -9.775745E-05   2.962623E-05   5.705688E-04
   912  -1.735053E-05   9.156542E-06   9.131856E-04
   913  -7.208630E-04  -2.109978E-04   3.116122E-03
   914  -3.517735E-05  -6.452342E-06   3.103884E-04
   915  -3.776962E-05   1.152613E-05   3.690843E-04
   916  -2.156270E-04  -5.457053E-05   1.186938E-03
   917  -3.019566E-04  -8.352831E-05   1.091409E-03
   918  -3.430974E-04  -1.679077E-04   1.322998E-03
   919  -4.167233E-04  -2.459166E-04   1.395279E-03
   920  -6.638119E-05  -1.465472E-05   3.694686E-04
   921  -3.173288E-04  -6.767794E-06   2.956479E-03
   922  -1.420582E-04   9.443723E-06   8.307497E-04
   923  -1.436282E-04  -4.062595E-05   6.262859E-04
   924  -9.456918E-05  -6.761252E-05   4.172170E-04
   925  -5.940978E-04  -6.781165E-04   1.676664E-03
   926  -6.974222E-05  -4.132789E-05   4.798776E-04
   927  -2.041662E-04  -1.479559E-04   7.231388E-04
   928  -3.092542E-04  -3.379745E-04   9.664194E-04
   929  -1.956773E-04  -1.058121E-04   7.965155E-04
   930  -2.228164E-04  -2.786443E-04   7.418970E-04
   931  -1.251599E-04  -1.731489E-04   4.412219E-04
   932  -2.071992E-04  -1.698164E-04   7.236293E-04
   933  -1.482069E-04   3.191617E-05   1.457773E-03
   934  -2.020586E-04  -2.968618E-04   6.301204E-04
   935  -2.223071E-04  -2.531978E-04   8.054605E-04
   936  -1.629554E-04  -1.845211E-04   4.816414E-04
   937  -5.715403E-04  -2.459197E-04   2.411563E-03
   938  -2.418009E-04  -4.006496E-04   6.817695E-04
   939  -3.274497E-04  -5.665494E-04   8.505187E-04
   940  -3.892124E-04  -6.734998E-04   1.023345E-03
   941  -3.487076E-04  -4.145745E-04   8.790949E-04
   942  -2.193485E-04  -3.732101E-04   5.782475E-04
   943  -2.101658E-04  -3.029757E-04   4.952847E-04
   944  -1.069189E-04  -2.054284E-04   3.178956E-04
   945  -1.276546E-04  -1.893756E-04   3.443918E-04
   946  -5.788765E-04  -4.124623E-04   1.455683E-03
   947  -2.594075E-04  -3.925688E-05   1.103862E-03
   948  -3.625008E-04  -5.228398E-04   8.176711E-04
   949  -3.884689E-04  -4.007050E-04   8.690579E-04
   950  -7.374836E-04  -6.045895E-04   1.831499E-03
   951  -1.617865E-04  -2.310000E-04   3.783004E-04
   952  -1.502351E-03  -6.522048E-04   3.386216E-03
   953  -1.616249E-04  -2.161002E-04   3.770410E-04
   954  -3.133507E-04  -3.931466E-04   7.372957E-04
   955  -3.697839E-04  -4.136018E-04   9.629789E-04
   956  -4.346921E-04  -3.035296E-04   9.429331E-04
   957  -2.931307E-04  -1.876714E-04   6.485193E-04
   958  -4.147382E-04  -2.362752E-04   8.452545E-04
   959  -1.345678E-03  -9.454558E-04   2.214500E-03
   960  -7.275396E-04  -2.463875E-04   1.275639E-03
   961  -2.727041E-03  -4.804005E-04   4.096707E-03
   962  -1.428465E-04  -4.468050E-05   2.913253E-04
   963  -9.439981E-04  -6.128337E-04   1.719487E-03
   964  -4.126256E-04  -7.779446E-05   7.594335E-04
   965  -1.460938E-03  -6.730017E-04   2.272066E-03
   966  -4.797439E-03  -2.571718E-03   5.591420E-03
   967  -2.848325E-03  -1.089730E-03   4.080695E-03
   968  -3.352111E-03  -1.206900E-03   5.112523E-03
   969  -8.142583E-03  -8.139889E-03   8.511411E-03
   970   0.000000E+00  -5.106980E-04   3.356157E-03
   971   0.000000E+00  -2.392512E-04   1.710391E-03
   972   0.000000E+00  -1.374232E-04   1.562812E-03
   973   0.000000E+00  -1.598947E-04   1.091409E-03
   974   0.000000E+00  -1.110588E-04   1.921340E-03
   975   0.000000E+00   2.958132E-05   5.533008E-04
   976   0.000000E+00  -1.132875E-05   1.112734E-03
   977   0.000000E+00  -3.439359E-05   1.114953E-03
   978   0.000000E+00   1.638134E-04   7.554883E-04
   979   0.000000E+00   3.579971E-05   1.068702E-03
   980   0.000000E+00   1.229539E-04   4.129259E-04
   981   0.000000E+00   5.083837E-04   3.906674E-03
   982   0.000000E+00   1.286791E-04   1.526019E-03
   983   0.000000E+00   1.308319E-04   3.193341E-03
   984   0.000000E+00   6.265169E-04   3.855424E-03
   985   0.000000E+00   1.250355E-04   7.909465E-04
   986   0.000000E+00   1.358093E-04   2.962068E-03
   987   0.000000E+00   4.102231E-05   4.606920E-04
   988   0.000000E+00   1.466009E-04   1.233320E-03
   989   0.000000E+00   2.415986E-04   1.228801E-03
   990   0.000000E+00   1.789098E-04   1.166299E-03
   991   0.000000E+00   4.789317E-04   3.070538E-03
   992   0.000000E+00   8.977063E-05   6.284562E-04
   993   0.000000E+00  -3.499777E-04   2.150479E-03
   994   0.000000E+00  -1.745531E-04   2.210834E-03
   995   0.000000E+00   3.552746E-04   3.108734E-03
   996   0.000000E+00   2.772099E-04   9.996354E-04
   997   0.000000E+00   1.637791E-04   3.783004E-04
   998   0.000000E+00   1.232997E-04   4.700445E-04
   999   0.000000E+00   2.483565E-04   1.043096E-03
  1000   0.000000E+00   4.997429E-05   5.782475E-04
  1001   0.000000E+00   6.786909E-04   3.103364E-03
  1002   0.000000E+00   1.132236E-04   1.944830E-03
  1003   0.000000E+00   3.304844E-04   9.880773E-04
  1004   0.000000E+00   5.578873E-04   3.788876E-03
  1005   0.000000E+00   1.641428E-04   3.977377E-04
  1006   0.000000E+00   8.372801E-04   3.921552E-03
  1007   0.000000E+00   1.798266E-04   1.562754E-03
  1008   0.000000E+00   3.296952E-04   8.176711E-04
  1009   0.000000E+00   3.900578E-03   3.820939E-03
  1010   0.000000E+00   1.188033E-03   2.997542E-03
  1011   0.000000E+00   3.281683E-04   1.927438E-03
  1012   0.000000E+00   1.275682E-03   4.051989E-03
  1013   0.000000E+00   4.786050E-05   9.040057E-04
  1014   0.000000E+00   1.335824E-04   3.770410E-04
  1015   0.000000E+00   1.260004E-04   4.952847E-04
  1016   0.000000E+00   2.586648E-04   1.001370E-03
  1017   0.000000E+00  -1.274750E-04   1.423667E-03
  1018   0.000000E+00   1.081060E-04   3.707500E-04
  1019   0.000000E+00   5.807947E-05   5.083449E-04
  1020   0.000000E+00   6.076740E-04   2.617673E-03
  1021   0.000000E+00  -1.801562E-04   1.155244E-03
  1022   0.000000E+00   8.361540E-05   3.443918E-04
  1023   0.000000E+00   1.282675E-04   7.758961E-04
  1024   0.000000E+00   3.945678E-05   4.816414E-04
  1025   0.000000E+00  -6.391297E-05   7.231388E-04
  1026   0.000000E+00  -6.307636E-05   1.186938E-03
  1027   0.000000E+00   5.785142E-05   2.200248E-03
  1028   0.000000E+00   8.431712E-05   1.622309E-03
  1029   0.000000E+00   6.036791E-05   3.026959E-04
  1030   0.000000E+00   6.561479E-05   4.209334E-04
  1031   0.000000E+00  -1.572683E-05   6.262859E-04
  1032   0.000000E+00   5.625769E-04   3.877870E-03
  1033   0.000000E+00   2.533362E-05   1.008569E-03
  1034   0.000000E+00   1.743321E-04   9.724370E-04
  1035   0.000000E+00   7.600033E-04   4.868647E-03
  1036   0.000000E+00   1.113806E-03   8.743249E-03
  1037   0.000000E+00  -1.767510E-04   3.862968E-03
  1038   0.000000E+00   5.837053E-05   4.935210E-04
  1039   0.000000E+00   5.280986E-04   1.824502E-03
  1040   0.000000E+00   7.556879E-05   7.420759E-04
  1041   0.000000E+00   2.643202E-04   2.806678E-03
  1042   0.000000E+00   1.273950E-04   1.235597E-03
  1043   0.000000E+00   1.845057E-04   1.166299E-03
  1044   0.000000E+00   2.182995E-04   1.627592E-03
  1045   0.000000E+00   6.463665E-04   3.855424E-03
  1046   0.000000E+00   3.320780E-03   4.016324E-03
  1047   0.000000E+00   1.857456E-03   2.741568E-03
  1048   0.000000E+00   1.007449E-04   4.400057E-04
  1049   0.000000E+00   4.300386E-05   3.690843E-04
  1050   0.000000E+00   1.379467E-04   6.494551E-04
  1051   0.000000E+00   5.840213E-05   5.147159E-04
  1052   0.000000E+00   3.278083E-04   1.763009E-03
  1053   0.000000E+00   8.105383E-05   7.186043E-04
  1054   0.000000E+00   1.732125E-04   1.425632E-03
  1055   0.000000E+00   5.998791E-05   3.559840E-04
  1056   0.000000E+00   4.895075E-05   4.065005E-03
  1057   0.000000E+00   9.423302E-05   9.554504E-04
  1058   0.000000E+00   1.119026E-04   3.193341E-03
  1059   0.000000E+00   3.981529E-05   4.606920E-04
  1060   0.000000E+00   1.029135E-04   2.200248E-03
  1061   0.000000E+00   8.378448E-05   4.566274E-04
  1062   0.000000E+00  -2.091267E-05   1.114953E-03
  1063   0.000000E+00   4.864630E-05   5.705688E-04
  1064   0.000000E+00   2.050239E-04   9.131856E-04
  1065   0.000000E+00  -3.521939E-04   3.116122E-03
  1066   0.000000E+00   5.361527E-05   3.103884E-04
  1067   0.000000E+00   3.782361E-05   3.690843E-04
  1068   0.000000E+00  -9.217552E-05   1.186938E-03
  1069   0.000000E+00  -1.500776E-04   1.091409E-03
  1070   0.000000E+00  -9.284938E-05   1.322998E-03
  1071   0.000000E+00  -2.391073E-04   1.395279E-03
  1072   0.000000E+00   4.650025E-05   3.694686E-04
  1073   0.000000E+00  -4.556806E-04   2.956479E-03
  1074   0.000000E+00   1.433480E-04   8.307497E-04
  1075   0.000000E+00  -5.481491E-06   6.262859E-04
  1076   0.000000E+00   4.227044E-05   4.172170E-04
  1077   0.000000E+00  -1.613230E-04   1.676664E-03
  1078   0.000000E+00   7.998723E-05   4.798776E-04
  1079   0.000000E+00  -7.061541E-05   7.231388E-04
  1080   0.000000E+00  -1.809544E-04   9.664194E-04
  1081   0.000000E+00   1.209368E-04   7.965155E-04
  1082   0.000000E+00  -7.621096E-05   7.418970E-04
  1083   0.000000E+00   1.343137E-05   4.412219E-04
  1084   0.000000E+00   1.219904E-04   7.236293E-04
  1085   0.000000E+00  -4.408956E-05   1.457773E-03
  1086   0.000000E+00  -2.044257E-05   6.301204E-04
  1087   0.000000E+00   1.161171E-04   8.054605E-04
  1088   0.000000E+00   3.816566E-05   4.816414E-04
  1089   0.000000E+00  -1.233512E-04   2.411563E-03
  1090   0.000000E+00  -2.459131E-05   6.817695E-04
  1091   0.000000E+00   2.095762E-04   8.505187E-04
  1092   0.000000E+00   1.490242E-04   1.023345E-03
  1093   0.000000E+00   1.645331E-04   8.790949E-04
  1094   0.000000E+00   6.289834E-05   5.782475E-04
  1095   0.000000E+00   1.244796E-04   4.952847E-04
  1096   0.000000E+00   7.929937E-05   3.178956E-04
  1097   0.000000E+00   9.115575E-05   3.443918E-04
  1098   0.000000E+00   1.183695E-04   1.455683E-03
  1099   0.000000E+00   1.228356E-04   1.103862E-03
  1100   0.000000E+00   3.442081E-04   8.176711E-04
  1101   0.000000E+00   3.084112E-04   8.690579E-04
  1102   0.000000E+00  -1.056275E-05   1.831499E-03
  1103   0.000000E+00   1.456402E-04   3.783004E-04
  1104   0.000000E+00   4.453317E-04   3.386216E-03
  1105   0.000000E+00   1.234017E-04   3.770410E-04
  1106   0.000000E+00   2.847086E-04   7.372957E-04
  1107   0.000000E+00   2.346908E-04   9.629789E-04
  1108   0.000000E+00   2.661945E-05   9.429331E-04
  1109   0.000000E+00   1.901663E-04   6.485193E-04
  1110   0.000000E+00   2.214492E-04   8.452545E-04
  1111   0.000000E+00   4.245106E-04   2.214500E-03
  1112   0.000000E+00   1.113013E-04   1.275639E-03
  1113   0.000000E+00  -1.049377E-03   4.096707E-03
  1114   0.000000E+00   5.149871E-05   2.913253E-04
  1115   0.000000E+00   1.518647E-04   1.719487E-03
  1116   0.000000E+00   2.438945E-05   7.594335E-04
  1117   0.000000E+00   5.501275E-05   2.272066E-03
  1118   0.000000E+00   2.031015E-03   5.591420E-03
  1119   0.000000E+00   1.018568E-03   4.080695E-03
  1120   0.000000E+00   1.485220E-03   5.112523E-03
  1121   0.000000E+00   7.210104E-03   8.511411E-03
