 smom1,sph1,sth1,slr1
          16           6           6          10
 phi boundaries
  0.00000E+00  2.61799E-01  5.23599E-01  7.85398E-01  1.04720E+00  1.30900E+00  1.57080E+00
 theta boundaries
  0.00000E+00  2.61799E-01  5.23599E-01  7.85398E-01  1.04720E+00  1.30900E+00  1.57080E+00
 radius boundaries in arcsec
  0.00000E+00  1.19639E+00  1.80726E+00  2.73003E+00  4.12397E+00  6.22963E+00  9.41044E+00  1.42153E+01  2.14736E+01  3.24379E+01  9.80009E+03
                                                                              phi,theta,r,mgemass,fitmass,errmass,x,y,z 
                                           (in arcsec),vx,vy,vz,xv2,vy2,vz2,vxvy,vyvz,vzvx,orbit long, orbit short,boxes
       1       1       1  4.12227E-04  4.08758E-04  4.12227E-06  9.95376E-02  1.40165E-02  5.10930E-01 -9.08387E+00  8.28627E+01 -6.04014E+00  2.89939E+04  2.85856E+04  5.84316E+04  8.66911E+01  9.19642E+02  1.22602E+04  0.00000E+00  1.69358E-04  2.39400E-04
       1       1       2  1.17598E-04  1.34263E-04  1.17598E-06  3.22307E-01  4.39241E-02  1.45083E+00 -3.48490E+01  9.48216E+01 -1.36468E+01  2.59489E+04  2.51727E+04  3.97563E+04 -2.73207E+03  1.60095E+03  8.60471E+03  0.00000E+00  7.04581E-05  6.38051E-05
       1       1       3  2.02863E-04  2.29734E-04  2.02863E-06  4.81517E-01  7.17899E-02  2.13204E+00  2.08751E+00  3.32491E+01  7.90187E+00  1.77271E+04  7.66023E+03  1.82554E+04  5.82871E+02  8.57500E+02  3.71734E+03  0.00000E+00  5.46482E-05  1.75086E-04
       1       1       4  2.79166E-04  1.87742E-04  2.79166E-06  7.29848E-01  9.65397E-02  3.58428E+00  4.74675E+00 -3.80899E+01 -6.17981E+00  3.37327E+04  4.46364E+04  1.73311E+04 -4.88272E+03  7.73366E+01  1.26358E+03  0.00000E+00  1.66510E-04  2.12318E-05
       1       1       5  2.46328E-04  3.35109E-04  2.46328E-06  1.10628E+00  1.44215E-01  5.16629E+00  7.12657E+00 -2.68581E+01  1.40167E+00  1.10133E+04  2.17386E+04  1.51695E+04 -3.19635E+03  1.21364E+02  9.63276E+02  0.00000E+00  3.14312E-04  2.07970E-05
       1       1       6  1.81738E-04  2.24108E-04  1.81738E-06  1.36405E+00  1.88609E-01  6.72699E+00  5.65140E+00 -1.49332E+01  1.33673E+01  3.88778E+03  8.74396E+03  1.25974E+04 -9.65704E+02 -1.40809E+01  2.30029E+03  0.00000E+00  1.25818E-04  9.82898E-05
       1       1       7  1.99210E-04  2.17177E-04  1.99210E-06  2.56307E+00  3.49642E-01  1.23030E+01  3.97073E+01 -1.51692E+02  8.75811E+00  1.81889E+04  3.03721E+04  1.85171E+04 -4.26367E+03 -2.96402E+02  2.82289E+03  0.00000E+00  1.76128E-04  4.10488E-05
       1       1       8  3.28793E-04  4.43005E-04  3.28793E-06  3.76012E+00  5.08715E-01  1.78108E+01  2.24084E+01 -9.11587E+01 -1.04194E+00  7.19994E+03  1.26950E+04  1.56403E+04 -1.76830E+03 -5.84639E+01  1.90632E+03  0.00000E+00  3.15177E-04  1.27827E-04
       1       1       9  3.07996E-04  3.99329E-04  3.07996E-06  4.83986E+00  5.41813E-01  2.38352E+01  5.62226E+00 -3.39900E+01 -1.78964E+00  2.17301E+03  4.00373E+03  5.33743E+03 -4.43768E+02  2.97243E+01  1.05191E+03  0.00000E+00  1.38073E-04  2.61256E-04
       1       1      10  1.44383E-04  1.31396E-04  1.44383E-06  1.61932E+01  2.15584E+00  7.05365E+01  1.26824E+01 -5.41535E+01 -1.04135E+01  6.48388E+03  9.09508E+03  1.69940E+04 -1.08007E+03  2.25765E+02  3.27532E+03  0.00000E+00  4.84845E-05  8.29114E-05
       1       2       1  1.24795E-03  1.02336E-03  1.24795E-05  1.94953E-01  2.55032E-02  4.74252E-01 -8.58744E+00  7.30508E+01 -3.04197E+00  3.14463E+04  1.48207E+04  3.91813E+04  2.32883E+03  6.74026E+02  7.21285E+03  0.00000E+00  5.56299E-04  4.67059E-04
       1       2       2  3.59519E-04  3.60336E-04  3.59519E-06  5.59028E-01  7.58494E-02  1.40733E+00 -1.27977E+01  4.36985E+01 -3.99210E+00  3.68529E+04  5.89049E+03  3.96253E+04  4.79982E+03  2.02114E+03  1.25249E+04  0.00000E+00  1.79986E-04  1.80350E-04
       1       2       3  6.18910E-04  4.80672E-04  6.18910E-06  7.89015E-01  1.06427E-01  2.07061E+00  9.01598E-01  5.56344E+00 -5.89769E+00  1.47184E+04  1.16549E+03  2.25980E+04  1.69959E+03  1.04977E+03  8.53464E+03  0.00000E+00  4.11963E-05  4.39476E-04
       1       2       4  8.76340E-04  3.99619E-04  8.76340E-06  1.38203E+00  1.87119E-01  3.30211E+00  7.22799E+00 -5.20277E+01  9.51419E+00  5.44778E+04  2.31821E+04  3.96778E+04  5.25966E+03  5.66404E+02  1.09423E+04  0.00000E+00  2.90032E-04  1.09587E-04
       1       2       5  7.91711E-04  7.22436E-04  7.91711E-06  2.01553E+00  2.76886E-01  4.85727E+00  3.67064E+00 -1.46315E+01  6.51313E+00  2.33949E+04  6.84070E+03  2.43744E+04  3.09612E+03  6.96630E+02  6.75256E+03  0.00000E+00  5.46750E-04  1.75685E-04
       1       2       6  6.15305E-04  6.23764E-04  6.15305E-06  2.84643E+00  3.67709E-01  6.52859E+00  2.65635E+00 -3.20281E+00  1.00311E+01  8.34724E+03  1.49949E+03  2.07420E+04  8.33701E+02  9.39500E+02  7.24107E+03  0.00000E+00  1.99719E-04  4.24045E-04
       1       2       7  6.39926E-04  4.65060E-04  6.39926E-06  4.69358E+00  6.52768E-01  1.13018E+01  8.73606E+00 -5.69243E+01  1.40679E+01  2.89880E+04  7.24861E+03  3.62976E+04  3.53830E+03  1.32255E+03  1.04166E+04  0.00000E+00  2.76033E-04  1.89027E-04
       1       2       8  1.06619E-03  1.00271E-03  1.06619E-05  6.89810E+00  9.66486E-01  1.67302E+01  1.01931E+01 -3.39800E+01  1.39261E+01  1.37596E+04  2.73416E+03  2.09827E+04  1.68652E+03  5.91056E+02  5.51242E+03  0.00000E+00  5.53756E-04  4.48950E-04
       1       2       9  1.06606E-03  1.11324E-03  1.06606E-05  9.21909E+00  1.22725E+00  2.28441E+01  6.78464E+00 -9.43750E+00  7.66932E+00  3.77301E+03  6.98373E+02  7.89961E+03  4.41724E+02  3.22836E+02  2.69053E+03  0.00000E+00  2.29308E-04  8.83930E-04
       1       2      10  4.77166E-04  5.55560E-04  4.77166E-06  2.77306E+01  4.16928E+00  6.92850E+01  1.18413E+00 -6.96174E+00  3.72113E-01  6.90562E+03  7.25086E+02  2.16501E+04  1.00239E+03  1.18757E+03  7.92528E+03  0.00000E+00  6.60075E-05  4.89553E-04
       1       3       1  2.10137E-03  2.01149E-03  2.10137E-05  3.69695E-01  4.93009E-02  4.98788E-01 -1.05281E+01  6.19414E+01 -1.34191E+00  2.34093E+04  1.15669E+04  2.58032E+04  1.36165E+03  3.47718E+02  2.27516E+03  0.00000E+00  1.67506E-03  3.36421E-04
       1       3       2  6.18210E-04  6.61587E-04  6.18210E-06  9.17793E-01  1.19303E-01  1.20976E+00 -1.02450E+01  7.91668E+01 -4.27198E+00  3.28401E+04  1.24003E+04  3.33115E+04  2.68081E+03  2.09104E+02  2.99869E+03  0.00000E+00  5.38356E-04  1.23231E-04
       1       3       3  1.05631E-03  1.03304E-03  1.05631E-05  1.34674E+00  1.82070E-01  1.77299E+00  1.24670E+00  2.43849E+01  3.24505E+00  1.19465E+04  1.07165E+04  1.50443E+04  1.80566E+01  7.92438E+02  5.83806E+03  0.00000E+00  7.30042E-04  3.03001E-04
       1       3       4  1.57876E-03  1.07094E-03  1.57876E-05  2.06607E+00  2.70085E-01  2.66935E+00  2.58190E+01 -1.95975E+02  9.36534E-02  3.11489E+04  6.28303E+04  3.08844E+04 -4.04690E+03  1.24114E+03  6.93181E+03  0.00000E+00  9.05233E-04  1.65708E-04
       1       3       5  1.50053E-03  1.58905E-03  1.50053E-05  3.22490E+00  4.22155E-01  4.07146E+00  1.32474E+01 -9.33305E+01 -7.02292E-01  2.32346E+04  1.62548E+04  2.18632E+04  7.51431E+02  8.08040E+02  5.57641E+03  0.00000E+00  1.33600E-03  2.53053E-04
       1       3       6  1.30442E-03  1.27303E-03  1.30442E-05  4.27426E+00  5.60755E-01  5.53792E+00  5.06382E+00 -6.32303E+01 -3.23091E+00  1.15343E+04  8.26328E+03  1.47532E+04  5.25309E+02  7.07065E+02  5.78820E+03  0.00000E+00  7.73388E-04  4.99644E-04
       1       3       7  1.26820E-03  1.20529E-03  1.26820E-05  7.32319E+00  9.68256E-01  9.86668E+00  2.04811E+01 -1.32105E+02 -3.00970E+00  2.03701E+04  2.73104E+04  2.59856E+04 -1.51387E+03  5.01125E+02  5.74001E+03  0.00000E+00  1.01496E-03  1.90326E-04
       1       3       8  2.04038E-03  2.30173E-03  2.04038E-05  1.09167E+01  1.42736E+00  1.44193E+01  9.53764E+00 -8.86259E+01 -7.05776E-01  1.21031E+04  1.24723E+04  1.46688E+04 -8.22844E+00  3.52227E+02  3.16671E+03  0.00000E+00  1.93546E-03  3.66267E-04
       1       3       9  2.36111E-03  2.39052E-03  2.36111E-05  1.46733E+01  1.93506E+00  1.95756E+01  5.32018E+00 -4.15625E+01  1.41987E+00  4.29496E+03  4.01828E+03  6.35782E+03  4.00832E+01  1.59293E+02  2.05277E+03  0.00000E+00  1.49266E-03  8.97857E-04
       1       3      10  1.09524E-03  1.17658E-03  1.09524E-05  4.48493E+01  5.95321E+00  6.02469E+01  5.12965E+00 -2.34002E+01 -2.68163E-01  1.02860E+04  1.60181E+03  1.68837E+04  1.11460E+03  9.73055E+02  6.81008E+03  0.00000E+00  5.47988E-04  6.28596E-04
       1       4       1  2.93085E-03  3.02062E-03  2.93085E-05  5.05136E-01  6.64201E-02  3.56043E-01  5.25590E-01  7.98022E+00  1.39843E-01  1.68130E+04  3.44262E+04  1.62695E+04 -2.68742E+03 -1.78975E+02  7.00318E+02  0.00000E+00  2.74675E-03  2.73874E-04
       1       4       2  8.89660E-04  9.73995E-04  8.89660E-06  1.23125E+00  1.55418E-01  8.63140E-01  5.79239E+00 -4.02771E+01  6.44485E-02  2.64617E+04  2.96979E+04  1.94802E+04 -1.71487E+03  1.26813E+02  4.09225E+02  0.00000E+00  8.83609E-04  9.03866E-05
       1       4       3  1.49665E-03  1.49884E-03  1.49665E-05  1.73937E+00  2.26337E-01  1.24700E+00  6.07942E+00 -4.37847E+01  4.94135E+00  1.07255E+04  2.64110E+04  1.16876E+04 -2.40718E+03 -1.42077E+03  3.24199E+02  0.00000E+00  1.31191E-03  1.86934E-04
       1       4       4  2.39796E-03  2.06285E-03  2.39796E-05  2.78125E+00  3.69217E-01  2.04534E+00  1.55326E+01 -1.26083E+02  7.26749E-01  2.74897E+04  6.89385E+04  2.14273E+04 -5.43923E+03  1.34691E+01  1.88668E+03  0.00000E+00  1.98457E-03  7.82803E-05
       1       4       5  2.45765E-03  2.89182E-03  2.45765E-05  4.25445E+00  5.58636E-01  2.98932E+00  9.91242E+00 -6.63666E+01 -1.14667E+00  2.65443E+04  2.71884E+04  1.23524E+04 -2.43353E+02  6.57312E+02  1.60017E+03  0.00000E+00  2.67307E-03  2.18746E-04
       1       4       6  2.50905E-03  2.91730E-03  2.50905E-05  5.64021E+00  7.37615E-01  3.98189E+00  7.87608E+00 -4.65085E+01  1.26701E+00  1.00616E+04  1.25153E+04  6.31006E+03 -2.45679E+02  2.42436E+02  2.94008E+03  0.00000E+00  2.35376E-03  5.63536E-04
       1       4       7  2.50949E-03  2.21442E-03  2.50949E-05  9.90076E+00  1.25572E+00  6.99962E+00  2.58752E+01 -1.71729E+02  5.67148E+00  2.45685E+04  4.33873E+04  1.98768E+04 -2.92646E+03 -5.56915E+00  2.96396E+03  0.00000E+00  1.99297E-03  2.21447E-04
       1       4       8  3.40739E-03  3.49681E-03  3.40739E-05  1.46976E+01  2.10715E+00  1.04554E+01  6.32210E+00 -7.07489E+01  6.08258E+00  2.16100E+04  9.07944E+03  1.48536E+04  2.71856E+03  1.52561E+02  3.20167E+03  0.00000E+00  3.04959E-03  4.47221E-04
       1       4       9  4.79115E-03  6.53745E-03  4.79115E-05  2.04628E+01  2.62616E+00  1.39308E+01  1.10407E+01 -5.66646E+01  5.36992E-02  7.24498E+03  5.54761E+03  4.35847E+03 -2.71473E+01  2.61393E+02  9.40721E+02  0.00000E+00  5.41904E-03  1.11840E-03
       1       4      10  3.04483E-03  3.66060E-03  3.04483E-05  6.17021E+01  8.03502E+00  4.10014E+01  8.73852E+00 -5.07581E+01  2.51094E+00  1.85712E+04  3.66611E+03  8.22360E+03  1.88880E+03  3.43804E+01  1.35907E+03  0.00000E+00  3.29865E-03  3.61955E-04
       1       5       1  3.62669E-03  3.31711E-03  3.62669E-05  5.56694E-01  7.35645E-02  2.39598E-01 -7.19532E-02 -2.02270E+00  5.96406E-01  1.41636E+04  3.32466E+04  2.11956E+04 -2.71567E+03  5.32014E+01  6.25802E+02  0.00000E+00  2.98087E-03  3.36235E-04
       1       5       2  1.13903E-03  1.10569E-03  1.13903E-05  1.37954E+00  1.71830E-01  5.97608E-01  4.73708E+00 -4.94840E+01 -8.12363E-01  2.80080E+04  2.89210E+04  2.06977E+04 -6.10378E+02 -1.53276E+02  2.15956E+02  0.00000E+00  1.04087E-03  6.48273E-05
       1       5       3  1.87784E-03  1.83604E-03  1.87784E-05  1.94496E+00  2.47159E-01  8.29554E-01  1.24508E+01 -6.11128E+01 -5.04335E+00  1.57665E+04  2.66176E+04  1.65203E+04 -1.36741E+03  1.77429E+03  5.77147E+02  0.00000E+00  1.61715E-03  2.18893E-04
       1       5       4  3.21394E-03  1.82303E-03  3.21394E-05  3.13497E+00  4.10860E-01  1.33989E+00  1.05478E+01 -8.91010E+01 -5.11781E+00  2.75628E+04  5.10067E+04  3.52354E+04 -2.99286E+03  1.31781E+03 -4.10893E+02  0.00000E+00  1.70877E-03  1.14267E-04
       1       5       5  3.57145E-03  3.59119E-03  3.57145E-05  4.79421E+00  6.30667E-01  2.06621E+00  1.02777E+01 -6.22080E+01  1.21741E+00  2.55015E+04  2.37003E+04  1.80305E+04  5.15215E+01 -2.40530E+02  9.83859E+02  0.00000E+00  3.34989E-03  2.41301E-04
       1       5       6  4.28103E-03  4.33470E-03  4.28103E-05  6.54208E+00  8.94175E-01  2.89981E+00  6.20008E+00 -6.17962E+01  9.91522E-01  2.74651E+04  1.40321E+04  1.14303E+04  2.26528E+03  7.15140E+01  1.70224E+03  0.00000E+00  3.66261E-03  6.72091E-04
       1       5       7  5.13840E-03  2.94770E-03  5.13840E-05  1.07930E+01  1.40492E+00  4.68974E+00  1.90034E+01 -1.20168E+02  3.69294E+00  3.79578E+04  2.24847E+04  2.46910E+04  9.73240E+02 -7.35617E+02  1.86670E+03  0.00000E+00  2.69417E-03  2.53534E-04
       1       5       8  5.54308E-03  5.48817E-03  5.54308E-05  1.65334E+01  2.12350E+00  7.04126E+00  9.05876E+00 -7.64812E+01 -8.93187E+00  2.42382E+04  9.69195E+03  1.14145E+04  2.17447E+03  1.44052E+03  7.00984E+02  0.00000E+00  4.90563E-03  5.82539E-04
       1       5       9  8.55870E-03  8.81742E-03  8.55870E-05  2.32654E+01  2.99389E+00  9.94933E+00  7.30364E+00 -4.16918E+01  3.57765E+00  8.04951E+03  3.28601E+03  3.92124E+03  4.49650E+02 -4.20438E+02  6.07883E+02  0.00000E+00  7.22477E-03  1.59265E-03
       1       5      10  9.29583E-03  5.34209E-03  9.29583E-05  6.93001E+01  9.16355E+00  2.98201E+01  5.25944E+00 -4.40062E+01 -9.21920E-01  2.03706E+04  2.94502E+03  4.91895E+03  2.32449E+03  1.89792E+02  1.26844E+03  0.00000E+00  4.65622E-03  6.85865E-04
       1       6       1  4.03413E-03  4.07392E-03  4.03413E-05  5.96124E-01  7.88276E-02  7.94596E-02  9.91611E+00 -7.70534E+01  4.56892E-01  1.23605E+04  3.77118E+04  1.93800E+04 -2.88236E+03  3.31264E+01  1.22508E+02  0.00000E+00  3.78803E-03  2.85895E-04
       1       6       2  1.29632E-03  1.37412E-03  1.29632E-05  1.48434E+00  2.07659E-01  2.00569E-01  1.19042E+01 -9.07666E+01  5.01151E-01  2.82391E+04  3.32614E+04  1.84629E+04  4.26897E+02 -2.14360E+02  7.99138E+01  0.00000E+00  1.30028E-03  7.38382E-05
       1       6       3  2.10593E-03  2.15654E-03  2.10593E-05  2.07210E+00  2.84638E-01  2.80058E-01  9.28991E+00 -8.22454E+01  5.67323E+00  1.71674E+04  2.58070E+04  1.68283E+04 -1.50002E+03 -2.02760E+03  1.23691E+03  0.00000E+00  1.98006E-03  1.76477E-04
       1       6       4  3.75269E-03  2.91080E-03  3.75269E-05  3.40522E+00  4.45010E-01  4.68891E-01  1.38755E+01 -1.09635E+02  1.24450E+00  2.45111E+04  6.07370E+04  2.55337E+04 -4.92181E+03 -5.62937E+02  6.26734E+02  0.00000E+00  2.75761E-03  1.53196E-04
       1       6       5  4.39960E-03  5.12494E-03  4.39960E-05  5.15827E+00  6.85184E-01  6.61169E-01  1.03505E+01 -7.38648E+01 -2.44081E+00  2.32490E+04  2.64635E+04  1.40859E+04 -5.92906E+02  8.11424E+02  1.57152E+02  0.00000E+00  4.85276E-03  2.72185E-04
       1       6       6  5.82240E-03  6.09762E-03  5.82240E-05  7.08253E+00  9.36022E-01  9.31778E-01  8.70011E+00 -7.76005E+01  2.05092E-01  1.58557E+04  2.39354E+04  7.62326E+03 -9.28101E+02 -2.87957E+02  4.04478E+01  0.00000E+00  5.53976E-03  5.57857E-04
       1       6       7  8.35377E-03  5.83230E-03  8.35377E-05  1.16368E+01  1.50817E+00  1.58056E+00  3.10761E+01 -2.09108E+02  1.36940E+00  3.00181E+04  5.64491E+04  1.22836E+04 -3.94649E+03  6.25843E+01  1.43809E+03  0.00000E+00  5.49094E-03  3.41366E-04
       1       6       8  8.44576E-03  1.10069E-02  8.44576E-05  1.77756E+01  2.35238E+00  2.34191E+00  1.22765E+01 -1.27255E+02 -2.45236E+00  2.52608E+04  2.21096E+04  6.46675E+03  6.98554E+02  3.49962E+02  5.36913E+02  0.00000E+00  1.03119E-02  6.95083E-04
       1       6       9  1.20475E-02  1.35696E-02  1.20475E-04  2.47221E+01  3.24896E+00  3.25579E+00  1.17414E+01 -7.24415E+01  2.84340E-01  1.68298E+04  8.84836E+03  2.34280E+03  1.02231E+03 -4.09403E+01  5.51250E+01  0.00000E+00  1.19147E-02  1.65495E-03
       1       6      10  1.98766E-02  2.32148E-02  1.98766E-04  7.41183E+01  9.79436E+00  9.70095E+00  7.57673E+00 -5.49654E+01  2.73759E-01  2.44901E+04  4.02887E+03  1.05759E+03  2.71818E+03  1.84141E+01  1.87977E+02  0.00000E+00  2.25887E-02  6.26093E-04
       2       1       1  4.12218E-04  4.21631E-04  4.12218E-06  8.86524E-02  3.66659E-02  4.89697E-01 -2.94984E+01  7.91301E+01  1.03511E+00  2.67164E+04  2.79185E+04  5.18411E+04  4.94288E+02  2.50896E+03  9.48809E+03  0.00000E+00  1.73948E-04  2.47684E-04
       2       1       2  1.17595E-04  1.27458E-04  1.17595E-06  2.92302E-01  1.19296E-01  1.44383E+00 -6.81993E+01  8.86025E+01  7.38737E+00  3.40573E+04  2.62615E+04  4.04164E+04 -2.19391E+03  2.85451E+03  9.30266E+03  0.00000E+00  6.73130E-05  6.01446E-05
       2       1       3  2.02859E-04  1.94021E-04  2.02859E-06  4.30679E-01  1.77435E-01  2.10079E+00 -3.43714E+01  3.56487E+01 -2.36312E+01  2.14577E+04  1.32118E+04  1.82677E+04  3.36809E+03  1.75024E+03  4.73908E+03  0.00000E+00  5.84315E-05  1.35590E-04
       2       1       4  2.79157E-04  1.85529E-04  2.79157E-06  6.68698E-01  2.74132E-01  3.59033E+00  2.33687E+01 -3.25753E+01  1.81928E+00  4.41875E+04  4.09661E+04  1.34636E+04 -6.95386E+03 -1.74665E+02  1.75088E+03  0.00000E+00  1.65575E-04  1.99536E-05
       2       1       5  2.46320E-04  3.65991E-04  2.46320E-06  1.00697E+00  4.14632E-01  5.20201E+00  1.56746E+01 -2.21853E+01 -3.05403E+00  1.30341E+04  1.68085E+04  1.72685E+04 -6.23658E+03  6.04895E+02  1.09430E+03  0.00000E+00  3.13844E-04  5.21470E-05
       2       1       6  1.81732E-04  1.96170E-04  1.81732E-06  1.26063E+00  5.24722E-01  6.64822E+00  8.37589E+00 -1.56389E+01 -7.73802E+00  6.62658E+03  7.78917E+03  1.93436E+04 -2.96060E+03  6.42586E+02  3.62894E+03  0.00000E+00  1.23947E-04  7.22231E-05
       2       1       7  1.99206E-04  2.31862E-04  1.99206E-06  2.28433E+00  9.34025E-01  1.22327E+01  8.99037E+01 -1.21193E+02  1.78036E+00  2.18611E+04  2.38901E+04  2.21575E+04 -7.90159E+03  7.52131E+02  2.90152E+03  0.00000E+00  1.76616E-04  5.52460E-05
       2       1       8  3.28786E-04  4.08250E-04  3.28786E-06  3.28950E+00  1.35629E+00  1.78534E+01  6.48989E+01 -8.27174E+01  8.20540E+00  1.04107E+04  1.12514E+04  1.41005E+04 -4.09089E+03  4.59757E+02  1.20937E+03  0.00000E+00  3.18104E-04  9.01459E-05
       2       1       9  3.07985E-04  4.17595E-04  3.07985E-06  4.05043E+00  1.63866E+00  2.38908E+01  2.15633E+01 -2.97707E+01 -1.72978E+00  2.71562E+03  3.23409E+03  5.96892E+03 -1.27876E+03  2.70636E+02  8.79311E+02  0.00000E+00  1.41488E-04  2.76107E-04
       2       1      10  1.44380E-04  1.55796E-04  1.44380E-06  1.24821E+01  5.41759E+00  7.20300E+01  3.06286E+01 -3.24646E+01  8.11132E+00  6.36253E+03  5.80734E+03  1.89476E+04 -1.52940E+03  1.20156E+03  3.06060E+03  0.00000E+00  4.45649E-05  1.11232E-04
       2       2       1  1.24781E-03  1.07274E-03  1.24781E-05  1.76384E-01  7.35377E-02  4.61398E-01 -2.60704E+01  7.08155E+01  8.41629E-01  2.84555E+04  1.72325E+04  3.65806E+04  5.49142E+03  1.94369E+03  5.08507E+03  0.00000E+00  6.12457E-04  4.60279E-04
       2       2       2  3.59471E-04  2.92808E-04  3.59471E-06  5.34623E-01  2.14434E-01  1.39850E+00 -2.60986E+01  4.24302E+01 -4.68374E+00  3.80733E+04  1.18517E+04  3.80892E+04  1.34537E+04  5.35757E+03  1.45784E+04  0.00000E+00  1.54878E-04  1.37930E-04
       2       2       3  6.18848E-04  3.74572E-04  6.18848E-06  7.43030E-01  2.95019E-01  2.06185E+00 -4.87925E-01  1.12783E+01  8.65261E+00  1.61638E+04  4.00725E+03  2.94589E+04  6.31162E+03  5.53123E+03  1.24075E+04  0.00000E+00  4.62407E-05  3.28332E-04
       2       2       4  8.76198E-04  3.52880E-04  8.76198E-06  1.27611E+00  5.23495E-01  3.27901E+00  1.93275E+01 -3.86494E+01  2.99674E+00  4.59355E+04  2.64409E+04  4.45989E+04  1.13312E+04  4.03586E+03  1.05966E+04  0.00000E+00  2.46836E-04  1.06044E-04
       2       2       5  7.91585E-04  6.80018E-04  7.91585E-06  1.89006E+00  7.88530E-01  4.82946E+00  6.94863E+00 -1.41420E+01  3.73719E-01  2.01025E+04  9.59254E+03  2.47071E+04  6.68858E+03  1.98007E+03  5.26980E+03  0.00000E+00  5.13542E-04  1.66476E-04
       2       2       6  6.15198E-04  5.25278E-04  6.15198E-06  2.58840E+00  1.12713E+00  6.53384E+00  2.32843E+00 -3.76827E+00 -2.63796E+00  6.81354E+03  2.86724E+03  1.92650E+04  2.37035E+03  2.85265E+03  6.07779E+03  0.00000E+00  1.72591E-04  3.52687E-04
       2       2       7  6.39853E-04  4.12916E-04  6.39853E-06  4.37068E+00  1.80931E+00  1.12955E+01  2.65534E+01 -5.55936E+01 -1.28141E+01  2.60828E+04  1.15717E+04  3.53419E+04  8.10909E+03  3.57274E+03  9.03226E+03  0.00000E+00  2.55468E-04  1.57447E-04
       2       2       8  1.06607E-03  8.35964E-04  1.06607E-05  6.45204E+00  2.71352E+00  1.68078E+01  1.79284E+01 -3.43895E+01 -9.01453E+00  1.27210E+04  4.83917E+03  1.98373E+04  4.33356E+03  2.07069E+03  5.19380E+03  0.00000E+00  4.98136E-04  3.37828E-04
       2       2       9  1.06585E-03  1.03734E-03  1.06585E-05  9.00072E+00  3.68696E+00  2.27840E+01  4.65725E+00 -9.85794E+00 -2.52412E+00  3.19253E+03  1.18465E+03  7.69434E+03  1.11050E+03  9.20191E+02  2.37534E+03  0.00000E+00  2.10769E-04  8.26573E-04
       2       2      10  4.77085E-04  4.84610E-04  4.77085E-06  2.55979E+01  1.07885E+01  6.93433E+01  1.28651E+00 -9.56798E+00 -3.29167E+00  5.78332E+03  2.06175E+03  2.15394E+04  2.51201E+03  3.01268E+03  7.32201E+03  0.00000E+00  5.98152E-05  4.24795E-04
       2       3       1  2.10081E-03  2.04821E-03  2.10081E-05  3.44373E-01  1.42942E-01  5.02614E-01 -2.49684E+01  5.68527E+01  1.39661E+00  2.16213E+04  1.24747E+04  2.52428E+04  4.16316E+03  4.79754E+02  1.35591E+03  0.00000E+00  1.73978E-03  3.08430E-04
       2       3       2  6.17993E-04  5.95590E-04  6.17993E-06  8.50720E-01  3.48838E-01  1.21407E+00 -2.85552E+01  7.99816E+01  5.27330E+00  3.07423E+04  1.64351E+04  3.40430E+04  7.54845E+03  4.31622E+03  8.91787E+03  0.00000E+00  4.78989E-04  1.16601E-04
       2       3       3  1.05606E-03  1.03432E-03  1.05606E-05  1.26328E+00  5.12230E-01  1.78312E+00 -1.60371E+01  1.90464E+01 -1.47358E+01  1.26447E+04  1.08736E+04  1.48233E+04  6.03248E+02  1.45573E+03  5.33539E+03  0.00000E+00  7.52462E-04  2.81855E-04
       2       3       4  1.57811E-03  1.10937E-03  1.57811E-05  1.93308E+00  7.99087E-01  2.66679E+00  7.74631E+01 -1.81303E+02  2.85073E+00  3.66609E+04  5.90294E+04  3.15253E+04 -1.16848E+04  2.71733E+03  7.66009E+03  0.00000E+00  9.27764E-04  1.81601E-04
       2       3       5  1.49987E-03  1.63104E-03  1.49987E-05  3.00726E+00  1.24696E+00  4.08105E+00  3.29685E+01 -8.65428E+01 -3.77564E+00  2.15921E+04  1.69199E+04  2.14423E+04  2.38013E+03  2.10625E+03  5.60194E+03  0.00000E+00  1.32270E-03  3.08337E-04
       2       3       6  1.30378E-03  1.36934E-03  1.30378E-05  4.01100E+00  1.69357E+00  5.56360E+00  2.28332E+01 -5.35695E+01 -3.34518E+00  1.04714E+04  8.17905E+03  1.41975E+04  1.28225E+03  1.89821E+03  5.55404E+03  0.00000E+00  7.49794E-04  6.19546E-04
       2       3       7  1.26766E-03  1.16370E-03  1.26766E-05  6.82278E+00  2.84400E+00  9.85727E+00  5.36396E+01 -1.27129E+02  1.54154E+00  2.09454E+04  2.72985E+04  2.52181E+04 -2.89628E+03  1.61435E+03  4.71365E+03  0.00000E+00  9.86849E-04  1.76847E-04
       2       3       8  2.03978E-03  2.26592E-03  2.03978E-05  1.01391E+01  4.20751E+00  1.44496E+01  3.69857E+01 -8.35175E+01  3.29571E-01  1.18451E+04  1.25002E+04  1.46579E+04 -4.90254E+02  9.34967E+02  2.60483E+03  0.00000E+00  1.92661E-03  3.39308E-04
       2       3       9  2.35982E-03  2.19342E-03  2.35982E-05  1.36162E+01  5.62532E+00  1.94493E+01  1.76218E+01 -4.28772E+01  6.73488E-01  4.42388E+03  4.43801E+03  6.32360E+03 -1.06827E+02  6.43333E+02  1.54854E+03  0.00000E+00  1.48718E-03  7.06244E-04
       2       3      10  1.09439E-03  1.02614E-03  1.09439E-05  4.20057E+01  1.70503E+01  5.95662E+01  7.56955E+00 -2.65808E+01 -1.20794E+00  9.40848E+03  3.05410E+03  1.70010E+04  3.22333E+03  2.29699E+03  6.00224E+03  0.00000E+00  5.27298E-04  4.98842E-04
       2       4       1  2.92949E-03  2.99386E-03  2.92949E-05  4.71579E-01  1.94400E-01  3.56232E-01 -4.84847E+00  6.83695E+00 -5.68215E-01  1.93533E+04  3.24042E+04  1.59915E+04 -6.30570E+03  2.81000E+02  7.31780E+02  0.00000E+00  2.72295E-03  2.70904E-04
       2       4       2  8.89073E-04  9.85663E-04  8.89073E-06  1.14947E+00  4.78166E-01  8.59881E-01  1.48874E+01 -3.90194E+01  6.58397E-01  2.72486E+04  2.99978E+04  1.94207E+04 -1.11731E+03  4.66598E+02  2.02190E+03  0.00000E+00  8.93879E-04  9.17837E-05
       2       4       3  1.49602E-03  1.55241E-03  1.49602E-05  1.62517E+00  6.70617E-01  1.24512E+00  1.81783E+01 -3.78495E+01 -3.74201E+00  1.31080E+04  2.33647E+04  1.20828E+04 -4.87068E+03  5.77777E+02  1.34665E+03  0.00000E+00  1.37094E-03  1.81469E-04
       2       4       4  2.39618E-03  2.10806E-03  2.39618E-05  2.58824E+00  1.07324E+00  2.05124E+00  4.74409E+01 -1.17898E+02 -6.00145E+00  3.34797E+04  6.30192E+04  2.17792E+04 -1.47924E+04  1.06717E+03  2.90359E+02  0.00000E+00  2.01008E-03  9.79744E-05
       2       4       5  2.45547E-03  2.86019E-03  2.45547E-05  3.98879E+00  1.64882E+00  2.98533E+00  2.45808E+01 -6.57615E+01  6.71926E-01  2.66537E+04  2.86984E+04  1.18842E+04 -1.07259E+02  5.64201E+02  1.46925E+03  0.00000E+00  2.66610E-03  1.94098E-04
       2       4       6  2.50663E-03  2.98587E-03  2.50663E-05  5.25015E+00  2.19221E+00  3.99748E+00  2.11186E+01 -4.24291E+01  5.40402E-01  1.05570E+04  1.21324E+04  6.50032E+03 -9.19918E+02  8.28421E+02  2.10793E+03  0.00000E+00  2.39094E-03  5.94929E-04
       2       4       7  2.50645E-03  2.13599E-03  2.50645E-05  9.25537E+00  3.70177E+00  6.98162E+00  6.57267E+01 -1.57750E+02  1.58455E+00  2.72821E+04  3.87255E+04  2.11786E+04 -7.02851E+03  1.89761E+03  4.71996E+03  0.00000E+00  1.94416E-03  1.91831E-04
       2       4       8  3.40520E-03  3.51505E-03  3.40520E-05  1.36544E+01  5.93734E+00  1.03930E+01  1.98303E+01 -7.81558E+01 -3.25610E+00  1.82688E+04  1.30017E+04  1.40391E+04  4.67987E+03  1.16368E+03  1.64755E+03  0.00000E+00  3.07320E-03  4.41848E-04
       2       4       9  4.78614E-03  6.87566E-03  4.78614E-05  1.93950E+01  7.85948E+00  1.40944E+01  2.78978E+01 -4.39511E+01 -1.90699E+00  7.01980E+03  4.69769E+03  4.03317E+03  3.67466E+02  4.12113E+02  8.15500E+02  0.00000E+00  5.58724E-03  1.28842E-03
       2       4      10  3.03821E-03  3.65926E-03  3.03821E-05  5.71843E+01  2.36274E+01  4.09195E+01  1.79600E+01 -4.89557E+01  2.11082E+00  1.65614E+04  5.86313E+03  8.49834E+03  5.56924E+03  3.46242E+02  1.10434E+03  0.00000E+00  3.32635E-03  3.32912E-04
       2       5       1  3.62436E-03  3.28874E-03  3.62436E-05  5.18604E-01  2.13843E-01  2.41341E-01  1.04044E+00 -2.04582E+00 -1.26806E+00  1.70599E+04  3.07902E+04  2.01603E+04 -6.67299E+03 -2.03934E+01  3.57921E+02  0.00000E+00  2.93061E-03  3.58130E-04
       2       5       2  1.13791E-03  1.11221E-03  1.13791E-05  1.29029E+00  5.41702E-01  5.78102E-01  2.19048E+01 -5.11103E+01 -2.36637E+00  2.71841E+04  3.03742E+04  1.95360E+04 -8.36676E+02 -3.53140E+01  8.36900E+02  0.00000E+00  1.05898E-03  5.32338E-05
       2       5       3  1.87673E-03  1.92231E-03  1.87673E-05  1.80702E+00  7.52246E-01  8.21860E-01  1.83585E+01 -5.84687E+01  2.51238E+00  1.71677E+04  2.51699E+04  1.64840E+04 -3.04008E+03 -1.68569E+03  5.34527E+02  0.00000E+00  1.71414E-03  2.08167E-04
       2       5       4  3.21052E-03  1.81786E-03  3.21052E-05  2.92477E+00  1.20770E+00  1.34892E+00  3.53182E+01 -8.18334E+01  1.30206E+00  3.07536E+04  4.76309E+04  3.50443E+04 -8.19467E+03 -1.20032E+02  1.36174E+03  0.00000E+00  1.69230E-03  1.25551E-04
       2       5       5  3.56654E-03  3.62832E-03  3.56654E-05  4.48023E+00  1.85651E+00  2.06926E+00  2.79118E+01 -5.39687E+01  3.56131E+00  2.59223E+04  2.28796E+04  1.80083E+04  8.08373E+02  9.44261E+02  2.00734E+03  0.00000E+00  3.33000E-03  2.98322E-04
       2       5       6  4.27476E-03  4.35527E-03  4.27476E-05  6.05534E+00  2.57791E+00  2.85013E+00  2.04896E+01 -5.50062E+01 -1.57169E+00  2.27226E+04  1.54417E+04  1.11189E+04  4.74216E+03  9.55709E+02  1.86297E+03  0.00000E+00  3.61207E-03  7.43203E-04
       2       5       7  5.12630E-03  2.99437E-03  5.12630E-05  1.00599E+01  4.07079E+00  4.69944E+00  5.52623E+01 -1.06970E+02  7.67783E+00  3.91910E+04  2.33082E+04  2.24782E+04  4.74187E+03 -1.66733E+02  2.29378E+03  0.00000E+00  2.67586E-03  3.18509E-04
       2       5       8  5.53375E-03  5.51361E-03  5.53375E-05  1.52404E+01  6.37478E+00  6.94282E+00  2.89884E+01 -7.08545E+01 -5.53315E+00  2.16818E+04  1.21107E+04  1.22426E+04  6.09845E+03  1.22762E+03  1.03715E+03  0.00000E+00  4.84190E-03  6.71708E-04
       2       5       9  8.54538E-03  8.89693E-03  8.54538E-05  2.16006E+01  9.03789E+00  9.96672E+00  1.65190E+01 -3.90522E+01  2.23958E+00  7.69767E+03  3.90371E+03  3.66419E+03  1.73081E+03  1.54285E+01  6.54807E+02  0.00000E+00  7.21715E-03  1.67977E-03
       2       5      10  9.25868E-03  5.03914E-03  9.25868E-05  6.46588E+01  2.66518E+01  2.99323E+01  2.22447E+01 -4.07139E+01 -5.98887E-01  1.81595E+04  5.11952E+03  4.85751E+03  6.03863E+03  3.70537E+02  8.75683E+02  0.00000E+00  4.52670E-03  5.12435E-04
       2       6       1  4.03110E-03  3.99741E-03  4.03110E-05  5.54364E-01  2.29890E-01  8.05340E-02  2.99964E+01 -7.45447E+01 -1.51176E-01  1.56337E+04  3.50706E+04  1.92872E+04 -1.01116E+04 -1.52370E+02 -2.18744E+02  0.00000E+00  3.78353E-03  2.13875E-04
       2       6       2  1.29477E-03  1.29046E-03  1.29477E-05  1.38904E+00  5.64730E-01  1.85106E-01  3.39200E+01 -8.33956E+01 -5.49873E+00  3.16043E+04  3.17638E+04  1.83965E+04 -1.63135E+03 -1.19075E+02  8.74553E+01  0.00000E+00  1.21865E-03  7.18173E-05
       2       6       3  2.10447E-03  1.94719E-03  2.10447E-05  1.94794E+00  7.91215E-01  2.49129E-01  3.42403E+01 -7.87410E+01 -5.86833E+00  1.90312E+04  2.55115E+04  1.66535E+04 -2.82923E+03  1.97298E+03 -1.65139E+03  0.00000E+00  1.80124E-03  1.45946E-04
       2       6       4  3.74796E-03  2.93289E-03  3.74796E-05  3.17013E+00  1.30934E+00  4.61908E-01  4.35878E+01 -1.03142E+02  4.75044E-01  3.05055E+04  5.58383E+04  2.56189E+04 -1.30653E+04  8.40251E+02  1.22537E+03  0.00000E+00  2.76389E-03  1.68994E-04
       2       6       5  4.39210E-03  5.17383E-03  4.39210E-05  4.79629E+00  1.99949E+00  6.66747E-01  2.79785E+01 -6.71032E+01  2.82460E+00  2.34717E+04  2.55891E+04  1.41573E+04 -1.12146E+03 -2.94311E+02  9.25295E+02  0.00000E+00  4.85192E-03  3.21906E-04
       2       6       6  5.81202E-03  6.14864E-03  5.81202E-05  6.59854E+00  2.74463E+00  9.40011E-01  2.83721E+01 -7.34397E+01 -9.17122E-01  1.68451E+04  2.32572E+04  7.39036E+03 -2.71050E+03  3.30533E+02 -8.62149E+01  0.00000E+00  5.48442E-03  6.64224E-04
       2       6       7  8.32751E-03  5.88233E-03  8.32751E-05  1.08785E+01  4.48382E+00  1.58648E+00  8.64223E+01 -1.92211E+02 -1.28072E+00  3.36215E+04  5.29481E+04  1.21238E+04 -9.91556E+03  3.66528E+02  9.86906E+02  0.00000E+00  5.51928E-03  3.63046E-04
       2       6       8  8.41800E-03  1.06770E-02  8.41800E-05  1.65180E+01  6.83067E+00  2.32565E+00  4.48497E+01 -1.23128E+02  1.96412E+00  2.51507E+04  2.30423E+04  6.23225E+03  1.09683E+03  2.16522E+02  5.07822E+02  0.00000E+00  1.00071E-02  6.69878E-04
       2       6       9  1.20231E-02  1.33584E-02  1.20231E-04  2.30587E+01  9.55191E+00  3.21879E+00  3.05924E+01 -6.74779E+01  3.62258E-01  1.56192E+04  1.00399E+04  2.33063E+03  2.75616E+03 -1.04742E+02  8.85456E+01  0.00000E+00  1.17385E-02  1.61982E-03
       2       6      10  1.97685E-02  2.29174E-02  1.97685E-04  6.89728E+01  2.85520E+01  9.56853E+00  2.11252E+01 -5.21769E+01  1.41152E-01  2.18465E+04  6.87110E+03  1.03841E+03  7.53549E+03  2.82786E+01  8.47488E+01  0.00000E+00  2.25806E-02  3.36841E-04
       3       1       1  4.12202E-04  4.67854E-04  4.12202E-06  7.83857E-02  6.07252E-02  5.14814E-01 -4.32626E+01  5.80903E+01 -6.17746E+00  2.60483E+04  2.71810E+04  5.39671E+04  2.53630E+03  5.78423E+03  9.70016E+03  0.00000E+00  1.66895E-04  3.00959E-04
       3       1       2  1.17590E-04  1.44427E-04  1.17590E-06  2.41423E-01  1.87136E-01  1.45193E+00 -7.27490E+01  4.77373E+01  6.50836E+00  2.92779E+04  1.85543E+04  4.43923E+04  8.03271E+02  6.55802E+03  7.55295E+03  0.00000E+00  5.87870E-05  8.56405E-05
       3       1       3  2.02851E-04  2.70535E-04  2.02851E-06  3.58346E-01  2.83650E-01  2.12999E+00 -3.11756E+01  1.78097E+01  5.77316E+00  1.41223E+04  1.27969E+04  1.26163E+04  4.64345E+03  2.60967E+03  2.29430E+03  0.00000E+00  6.23830E-05  2.08152E-04
       3       1       4  2.79141E-04  1.80870E-04  2.79141E-06  5.55023E-01  4.25093E-01  3.60670E+00  3.19289E+01 -2.22375E+01 -1.03659E+00  4.39076E+04  3.22288E+04  1.67231E+04 -1.08977E+04  2.83697E+02  1.95372E+03  0.00000E+00  1.60898E-04  1.99725E-05
       3       1       5  2.46308E-04  3.34435E-04  2.46308E-06  8.29452E-01  6.29123E-01  5.18068E+00  2.03597E+01 -1.86061E+01  3.24860E-02  1.68098E+04  1.47502E+04  1.59788E+04 -6.74255E+03  1.28276E+02  1.06432E+03  0.00000E+00  3.04490E-04  2.99454E-05
       3       1       6  1.81722E-04  1.96788E-04  1.81722E-06  1.03249E+00  7.90374E-01  6.66004E+00  1.53590E+01 -1.08578E+01  6.15061E+00  7.99333E+03  5.49605E+03  1.18362E+04 -3.10190E+03  1.21379E+03  1.18657E+03  0.00000E+00  1.20673E-04  7.61144E-05
       3       1       7  1.99200E-04  2.13284E-04  1.99200E-06  1.83275E+00  1.40771E+00  1.22820E+01  1.26226E+02 -8.83998E+01  4.74810E-01  2.73433E+04  1.81575E+04  2.23078E+04 -8.20961E+03  1.61961E+03  2.57635E+03  0.00000E+00  1.63931E-04  4.93525E-05
       3       1       8  3.28773E-04  4.05772E-04  3.28773E-06  2.80865E+00  2.14042E+00  1.78026E+01  8.11495E+01 -6.21490E+01 -2.10831E+01  1.24289E+04  8.32166E+03  1.53218E+04 -3.89029E+03  1.06856E+03  1.42465E+03  0.00000E+00  3.02492E-04  1.03280E-04
       3       1       9  3.07966E-04  2.96446E-04  3.07966E-06  3.38642E+00  2.68979E+00  2.33317E+01  4.18430E+01 -3.16390E+01 -1.78196E+01  5.03716E+03  3.23133E+03  6.64549E+03 -1.63557E+03  7.30176E+02  8.28809E+02  0.00000E+00  1.40025E-04  1.56422E-04
       3       1      10  1.44375E-04  1.31042E-04  1.44375E-06  8.03817E+00  5.85230E+00  7.05757E+01  3.86877E+01 -2.63189E+01  5.94468E-02  7.39213E+03  4.96299E+03  2.16578E+04 -1.80829E+03  1.49596E+03  1.97038E+03  0.00000E+00  3.90643E-05  9.19777E-05
       3       2       1  1.24758E-03  1.13275E-03  1.24758E-05  1.52600E-01  1.16154E-01  4.54177E-01 -4.53907E+01  5.70661E+01  4.34850E+00  2.62168E+04  1.98052E+04  3.53122E+04  8.46221E+03  3.08965E+03  4.63959E+03  0.00000E+00  6.62582E-04  4.70167E-04
       3       2       2  3.59388E-04  2.25415E-04  3.59388E-06  4.55702E-01  3.47784E-01  1.38333E+00 -3.17774E+01  4.13149E+01 -1.35326E+01  3.09779E+04  2.30287E+04  4.46080E+04  1.96217E+04  1.00571E+04  1.43469E+04  0.00000E+00  1.19277E-04  1.06138E-04
       3       2       3  6.18741E-04  3.06900E-04  6.18741E-06  6.29407E-01  4.82696E-01  2.06516E+00 -7.14128E+00  9.25348E+00  7.31820E+00  1.78982E+04  1.16128E+04  3.25740E+04  1.26228E+04  9.08669E+03  1.15123E+04  0.00000E+00  4.45593E-05  2.62340E-04
       3       2       4  8.75952E-04  3.42483E-04  8.75952E-06  1.11322E+00  8.46992E-01  3.30697E+00  3.66219E+01 -4.83345E+01  2.70666E+00  3.76288E+04  3.61559E+04  4.41879E+04  1.08056E+04  7.18998E+03  9.07400E+03  0.00000E+00  2.48510E-04  9.39732E-05
       3       2       5  7.91366E-04  6.43984E-04  7.91366E-06  1.62847E+00  1.23148E+00  4.85478E+00  1.21447E+01 -9.83784E+00 -3.60971E-01  1.62922E+04  1.19018E+04  2.76639E+04  7.41901E+03  4.19646E+03  5.81033E+03  0.00000E+00  4.39933E-04  2.04050E-04
       3       2       6  6.15014E-04  6.55062E-04  6.15014E-06  2.27160E+00  1.76471E+00  6.57864E+00  2.43195E-01 -1.03638E+00 -3.04223E+00  4.43014E+03  3.87163E+03  1.84695E+04  2.79854E+03  4.27762E+03  5.52950E+03  0.00000E+00  1.69317E-04  4.85745E-04
       3       2       7  6.39727E-04  3.71491E-04  6.39727E-06  3.76676E+00  2.87345E+00  1.13042E+01  4.05981E+01 -4.82099E+01 -9.94196E+00  1.98440E+04  1.72001E+04  3.63072E+04  9.67866E+03  5.77120E+03  7.51971E+03  0.00000E+00  2.19237E-04  1.52253E-04
       3       2       8  1.06586E-03  8.12631E-04  1.06586E-05  5.60894E+00  4.27015E+00  1.67602E+01  2.56084E+01 -2.73007E+01 -7.42422E+00  8.98242E+03  7.11414E+03  2.13912E+04  5.01225E+03  3.75537E+03  4.82167E+03  0.00000E+00  4.28368E-04  3.84263E-04
       3       2       9  1.06549E-03  1.08334E-03  1.06549E-05  7.77584E+00  5.87629E+00  2.28366E+01  4.56820E+00 -8.92281E+00 -4.58538E+00  2.14333E+03  1.78914E+03  7.83229E+03  1.31686E+03  1.68501E+03  2.21332E+03  0.00000E+00  1.82959E-04  9.00383E-04
       3       2      10  4.76946E-04  4.86878E-04  4.76946E-06  2.30187E+01  1.77275E+01  6.90057E+01  4.69889E+00 -8.23625E+00  4.06192E+00  4.10942E+03  3.64598E+03  2.13824E+04  3.01191E+03  4.96312E+03  6.66763E+03  0.00000E+00  5.28982E-05  4.33980E-04
       3       3       1  2.09983E-03  2.08639E-03  2.09983E-05  2.93640E-01  2.25129E-01  4.99406E-01 -3.55992E+01  4.75551E+01 -1.14015E+00  1.89761E+04  1.50062E+04  2.35049E+04  6.14942E+03  8.58754E+02  1.54022E+03  0.00000E+00  1.78314E-03  3.03243E-04
       3       3       2  6.17618E-04  6.64552E-04  6.17618E-06  7.32767E-01  5.63114E-01  1.20927E+00 -4.95198E+01  6.69981E+01 -8.71738E+00  2.64458E+04  2.09981E+04  3.36650E+04  1.08910E+04  3.02876E+03  5.01714E+03  0.00000E+00  5.41452E-04  1.23100E-04
       3       3       3  1.05561E-03  9.99794E-04  1.05561E-05  1.07026E+00  8.31624E-01  1.76903E+00 -1.52445E+01  1.84306E+01  1.78505E+01  1.35041E+04  1.22778E+04  1.75402E+04  2.15979E+03  5.65961E+03  5.46527E+03  0.00000E+00  7.11482E-04  2.88311E-04
       3       3       4  1.57698E-03  1.10707E-03  1.57698E-05  1.65134E+00  1.27013E+00  2.68023E+00  1.17574E+02 -1.46214E+02  3.98080E+00  4.21129E+04  4.87128E+04  3.25505E+04 -1.29190E+04  4.66413E+03  7.89759E+03  0.00000E+00  8.95413E-04  2.11660E-04
       3       3       5  1.49871E-03  1.61104E-03  1.49871E-05  2.56546E+00  1.96638E+00  4.07658E+00  5.79319E+01 -7.45144E+01 -1.14093E+00  1.98049E+04  1.87818E+04  2.21362E+04  2.98499E+03  4.44681E+03  4.99432E+03  0.00000E+00  1.28556E-03  3.25486E-04
       3       3       6  1.30267E-03  1.42962E-03  1.30267E-05  3.43901E+00  2.64891E+00  5.60535E+00  3.56123E+01 -4.36295E+01 -8.77384E-01  9.43870E+03  8.24638E+03  1.45986E+04  1.42772E+03  3.86643E+03  4.74021E+03  0.00000E+00  7.52041E-04  6.77580E-04
       3       3       7  1.26673E-03  1.19445E-03  1.26673E-05  5.81270E+00  4.44491E+00  9.91927E+00  8.14548E+01 -1.04158E+02 -8.83833E-01  2.22334E+04  2.37388E+04  2.72956E+04 -4.11664E+03  4.14875E+03  5.57175E+03  0.00000E+00  9.47181E-04  2.47267E-04
       3       3       8  2.03874E-03  2.38131E-03  2.03874E-05  8.66949E+00  6.61622E+00  1.44745E+01  5.16670E+01 -6.83460E+01 -1.83774E-01  1.16475E+04  1.17007E+04  1.56964E+04 -3.49119E+02  2.35145E+03  3.13708E+03  0.00000E+00  1.83744E-03  5.43868E-04
       3       3       9  2.35758E-03  2.64862E-03  2.35758E-05  1.17051E+01  8.87956E+00  1.98214E+01  2.27068E+01 -2.91103E+01 -8.44228E-01  3.70398E+03  3.60595E+03  6.09573E+03  1.26886E+02  1.22440E+03  1.61961E+03  0.00000E+00  1.44534E-03  1.20328E-03
       3       3      10  1.09293E-03  1.06348E-03  1.09293E-05  3.56728E+01  2.81549E+01  6.08020E+01  1.77615E+01 -2.00801E+01  8.69164E-01  6.67889E+03  4.85943E+03  1.63632E+04  4.05357E+03  3.73454E+03  4.57895E+03  0.00000E+00  5.41023E-04  5.22459E-04
       3       4       1  2.92715E-03  3.05406E-03  2.92715E-05  4.03330E-01  3.10412E-01  3.55127E-01 -2.95844E+00  4.29044E+00 -1.39693E+00  2.37709E+04  2.83816E+04  1.54274E+04 -9.12771E+03  2.42234E+02  4.06820E+02  0.00000E+00  2.76726E-03  2.86799E-04
       3       4       2  8.88060E-04  9.15158E-04  8.88060E-06  9.83051E-01  7.54741E-01  8.63208E-01  2.45522E+01 -3.46798E+01  1.81346E+00  2.93941E+04  2.95628E+04  1.88377E+04 -1.78598E+03  9.08856E+02  9.01504E+02  0.00000E+00  8.21697E-04  9.34615E-05
       3       4       3  1.49493E-03  1.42848E-03  1.49493E-05  1.39112E+00  1.06646E+00  1.24840E+00  2.86133E+01 -3.81730E+01 -3.47007E+00  1.69671E+04  2.23850E+04  1.20502E+04 -7.96489E+03  3.39399E+03  3.84965E+01  0.00000E+00  1.25532E-03  1.73168E-04
       3       4       4  2.39310E-03  2.12061E-03  2.39310E-05  2.22164E+00  1.70367E+00  2.05168E+00  7.57140E+01 -1.01340E+02  2.91546E+00  4.22757E+04  5.40999E+04  2.18307E+04 -2.01418E+04  1.43974E+03  1.82886E+03  0.00000E+00  2.00566E-03  1.14952E-04
       3       4       5  2.45172E-03  3.02720E-03  2.45172E-05  3.41766E+00  2.62908E+00  2.99604E+00  4.16414E+01 -5.38738E+01  2.34612E-01  2.79578E+04  2.74787E+04  1.20934E+04  8.27399E+01  1.59366E+03  2.43081E+03  0.00000E+00  2.75987E-03  2.67335E-04
       3       4       6  2.50243E-03  3.06127E-03  2.50243E-05  4.53633E+00  3.50555E+00  4.00204E+00  2.78236E+01 -3.64843E+01  2.65778E+00  1.13902E+04  1.14865E+04  6.96510E+03 -2.39696E+02  1.61447E+03  2.71859E+03  0.00000E+00  2.33939E-03  7.21887E-04
       3       4       7  2.50121E-03  2.16545E-03  2.50121E-05  7.87318E+00  5.96321E+00  6.87706E+00  1.05446E+02 -1.30451E+02 -3.58375E+00  3.42375E+04  3.49011E+04  2.06026E+04 -7.40790E+03  1.83186E+03  1.57017E+03  0.00000E+00  1.95701E-03  2.08438E-04
       3       4       8  3.40141E-03  3.76817E-03  3.40141E-05  1.16629E+01  9.14366E+00  1.03467E+01  5.53844E+01 -7.46851E+01 -6.12123E+00  1.59291E+04  1.64722E+04  1.33451E+04  3.37451E+03  1.51100E+03  1.49331E+03  0.00000E+00  3.36798E-03  4.00183E-04
       3       4       9  4.77747E-03  6.43148E-03  4.77747E-05  1.67313E+01  1.26831E+01  1.41817E+01  3.61335E+01 -3.61679E+01  2.40391E+00  6.88389E+03  4.83767E+03  3.88830E+03  1.21283E+03  2.06942E+02  5.53379E+02  0.00000E+00  5.58014E-03  8.51339E-04
       3       4      10  3.02679E-03  3.70497E-03  3.02679E-05  4.95729E+01  3.78972E+01  4.12705E+01  2.78574E+01 -4.38253E+01 -7.46480E-01  1.26458E+04  9.22839E+03  8.09481E+03  7.35176E+03  6.72294E+02  9.33741E+02  0.00000E+00  3.38106E-03  3.23901E-04
       3       5       1  3.62032E-03  3.36192E-03  3.62032E-05  4.44515E-01  3.42942E-01  2.38326E-01  1.81076E+00 -8.74638E-01  1.42267E+00  2.18166E+04  2.66326E+04  2.11721E+04 -8.37852E+03  5.53100E+01  2.38894E+02  0.00000E+00  2.97540E-03  3.86528E-04
       3       5       2  1.13597E-03  1.03947E-03  1.13597E-05  1.09475E+00  8.40202E-01  6.13377E-01  3.13067E+01 -3.93058E+01  3.60122E+00  3.12082E+04  3.02495E+04  2.03448E+04  7.70404E+02  3.52304E+02  8.35841E+02  0.00000E+00  9.58173E-04  8.12978E-05
       3       5       3  1.87482E-03  1.77639E-03  1.87482E-05  1.56114E+00  1.20121E+00  8.37540E-01  3.73999E+01 -4.69635E+01  5.96378E+00  2.29262E+04  2.41418E+04  1.68656E+04 -2.70538E+03 -5.72843E+02  2.41534E+03  0.00000E+00  1.52218E-03  2.54207E-04
       3       5       4  3.20461E-03  1.90776E-03  3.20461E-05  2.51269E+00  1.93090E+00  1.34228E+00  5.19945E+01 -7.14321E+01  5.30887E-01  3.82117E+04  4.26114E+04  3.35344E+04 -9.40983E+03  5.81785E+02  2.13345E+03  0.00000E+00  1.71369E-03  1.94077E-04
       3       5       5  3.55808E-03  3.68106E-03  3.55808E-05  3.83516E+00  2.94851E+00  2.07955E+00  3.57475E+01 -4.67504E+01 -3.75862E+00  2.53742E+04  2.33880E+04  1.79856E+04  2.16508E+03  1.38273E+03  1.63837E+03  0.00000E+00  3.30437E-03  3.76693E-04
       3       5       6  4.26394E-03  4.44372E-03  4.26394E-05  5.20008E+00  4.02727E+00  2.87052E+00  3.35118E+01 -4.42914E+01 -6.26611E-01  1.99408E+04  1.71392E+04  1.06147E+04  5.51776E+03  9.34656E+02  8.76875E+02  0.00000E+00  3.51312E-03  9.30606E-04
       3       5       7  5.10544E-03  3.20329E-03  5.10544E-05  8.70884E+00  6.60743E+00  4.69925E+00  7.55962E+01 -9.25980E+01  4.94648E+00  3.44314E+04  2.74620E+04  2.24728E+04  8.35733E+03  1.22732E+03  2.83903E+03  0.00000E+00  2.88260E-03  3.20687E-04
       3       5       8  5.51769E-03  5.19339E-03  5.51769E-05  1.31977E+01  1.01349E+01  7.11234E+00  4.12929E+01 -6.32033E+01  8.44646E-01  1.76316E+04  1.58663E+04  1.15730E+04  7.67784E+03  1.26003E+03  1.60944E+03  0.00000E+00  4.53085E-03  6.62533E-04
       3       5       9  8.52236E-03  8.79276E-03  8.52236E-05  1.86115E+01  1.43256E+01  9.92896E+00  2.45066E+01 -3.30333E+01 -3.87509E-01  6.70032E+03  5.00496E+03  3.33135E+03  2.61332E+03  5.14691E+02  5.83751E+02  0.00000E+00  6.93058E-03  1.86218E-03
       3       5      10  9.19477E-03  4.91110E-03  9.19477E-05  5.51048E+01  4.22099E+01  2.95691E+01  3.32695E+01 -3.35323E+01 -7.98024E-01  1.48143E+04  9.29303E+03  4.92627E+03  8.79280E+03  5.63372E+02  6.89536E+02  0.00000E+00  4.47283E-03  4.38266E-04
       3       6       1  4.02586E-03  4.02210E-03  4.02586E-05  4.76384E-01  3.65196E-01  7.81896E-02  4.84134E+01 -6.22202E+01  1.90739E-01  2.20686E+04  2.88244E+04  1.87714E+04 -1.19757E+04  3.21989E+00  1.74901E+02  0.00000E+00  3.73621E-03  2.85888E-04
       3       6       2  1.29209E-03  1.43800E-03  1.29209E-05  1.18796E+00  9.15107E-01  2.12332E-01  5.23172E+01 -7.07857E+01  4.60183E+00  3.14465E+04  3.18324E+04  1.82850E+04 -5.49249E+02  7.12067E+02 -4.64417E+01  0.00000E+00  1.35395E-03  8.40513E-05
       3       6       3  2.10196E-03  2.32023E-03  2.10196E-05  1.66169E+00  1.28210E+00  2.98188E-01  4.93347E+01 -6.86168E+01 -6.71197E+00  2.10693E+04  2.41782E+04  1.67021E+04 -3.79406E+03  2.00493E+03 -7.27381E+02  0.00000E+00  2.13011E-03  1.90121E-04
       3       6       4  3.73978E-03  2.96788E-03  3.73978E-05  2.72569E+00  2.09171E+00  4.61705E-01  6.76172E+01 -8.41781E+01 -4.16807E+00  3.93965E+04  4.76131E+04  2.47434E+04 -1.58151E+04 -7.01796E+01 -1.35845E+03  0.00000E+00  2.74110E-03  2.26782E-04
       3       6       5  4.37917E-03  5.18373E-03  4.37917E-05  4.12153E+00  3.16521E+00  6.70210E-01  4.55419E+01 -5.50886E+01  1.03798E+00  2.48056E+04  2.53555E+04  1.32039E+04 -7.42288E+02  1.85997E+02  3.87031E+02  0.00000E+00  4.76359E-03  4.20136E-04
       3       6       6  5.79410E-03  6.46860E-03  5.79410E-05  5.67696E+00  4.37415E+00  9.29993E-01  4.60126E+01 -6.20273E+01 -2.38234E-01  1.84278E+04  2.12378E+04  7.09951E+03 -3.99052E+03  7.37861E+02  8.81857E+02  0.00000E+00  5.52782E-03  9.40779E-04
       3       6       7  8.28227E-03  5.91379E-03  8.28227E-05  9.40699E+00  7.21301E+00  1.60568E+00  1.28638E+02 -1.62080E+02  2.39432E+00  3.98775E+04  4.62372E+04  1.12083E+04 -1.23527E+04  2.33242E+01  5.94982E+02  0.00000E+00  5.49482E-03  4.18970E-04
       3       6       8  8.37040E-03  1.06413E-02  8.37040E-05  1.41540E+01  1.08755E+01  2.33332E+00  7.64397E+01 -1.04251E+02 -2.71793E+00  2.45071E+04  2.35981E+04  6.18932E+03  1.83313E+03  4.58456E+02 -1.57251E+02  0.00000E+00  9.75855E-03  8.82735E-04
       3       6       9  1.19812E-02  1.41116E-02  1.19812E-04  1.98362E+01  1.53018E+01  3.30320E+00  4.42290E+01 -5.58086E+01  2.17754E+00  1.32661E+04  1.14675E+04  2.28756E+03  3.64782E+03  1.08995E+02  3.99455E+02  0.00000E+00  1.19135E-02  2.19817E-03
       3       6      10  1.95831E-02  2.29849E-02  1.95831E-04  5.93250E+01  4.55547E+01  9.62705E+00  3.35761E+01 -4.50814E+01  1.16252E-01  1.69772E+04  1.15712E+04  1.00460E+03  1.01890E+04  4.52345E+01  6.73092E+01  0.00000E+00  2.26506E-02  3.34340E-04
       4       1       1  4.12183E-04  4.34873E-04  4.12183E-06  5.85376E-02  7.42693E-02  4.92135E-01 -5.10811E+01  6.46239E+01  1.16037E+01  2.69601E+04  3.15831E+04  5.54967E+04  1.44768E+03  5.70337E+03  6.24617E+03  0.00000E+00  1.68458E-04  2.66415E-04
       4       1       2  1.17583E-04  1.04854E-04  1.17583E-06  1.68094E-01  2.13154E-01  1.42984E+00 -1.06693E+02  3.94922E+01  2.37842E+01  4.05184E+04  3.13962E+04  4.37222E+04  9.16877E+02  2.32878E+03  4.39371E+03  0.00000E+00  5.36572E-05  5.11968E-05
       4       1       3  2.02843E-04  1.62948E-04  2.02843E-06  2.68895E-01  3.51647E-01  2.09292E+00 -4.76265E+01  1.75646E+01 -3.28473E+00  1.79196E+04  1.85857E+04  1.92814E+04  8.58527E+03  3.46937E+03  1.90067E+03  0.00000E+00  5.80111E-05  1.04937E-04
       4       1       4  2.79123E-04  1.70694E-04  2.79123E-06  4.06036E-01  5.28660E-01  3.60106E+00  3.00223E+01 -2.57447E+01 -7.22810E+00  4.72388E+04  3.08735E+04  1.71373E+04 -6.61390E+03  2.04990E+03  7.87522E+02  0.00000E+00  1.49672E-04  2.10214E-05
       4       1       5  2.46293E-04  3.22688E-04  2.46293E-06  6.21267E-01  8.07407E-01  5.19774E+00  2.51000E+01 -1.25307E+01  2.17202E+00  2.06332E+04  1.10251E+04  1.47653E+04 -5.02168E+03  6.39502E+02  9.81454E+02  0.00000E+00  2.95603E-04  2.70850E-05
       4       1       6  1.81710E-04  1.92763E-04  1.81710E-06  7.42301E-01  9.67228E-01  6.72240E+00  1.46415E+01 -8.93327E+00 -7.31337E+00  8.91507E+03  4.39537E+03  1.58071E+04 -2.65651E+03  1.23933E+03  1.42206E+03  0.00000E+00  1.16464E-04  7.62993E-05
       4       1       7  1.99192E-04  1.97465E-04  1.99192E-06  1.41226E+00  1.83534E+00  1.23757E+01  1.52610E+02 -6.51415E+01  1.66509E+01  3.20345E+04  1.68466E+04  1.83651E+04 -6.80166E+03  2.15934E+03  1.13025E+03  0.00000E+00  1.61004E-04  3.64612E-05
       4       1       8  3.28758E-04  3.97455E-04  3.28758E-06  2.03994E+00  2.65954E+00  1.78375E+01  9.84350E+01 -3.88416E+01  2.72694E+01  1.39726E+04  6.90341E+03  1.53340E+04 -3.15672E+03  1.19901E+03  9.37993E+02  0.00000E+00  2.99565E-04  9.78904E-05
       4       1       9  3.07943E-04  3.44628E-04  3.07943E-06  3.00916E+00  3.69936E+00  2.37329E+01  4.04940E+01 -1.69359E+01  9.15543E+00  4.52990E+03  2.18687E+03  6.21727E+03 -8.51815E+02  8.94460E+02  5.96123E+02  0.00000E+00  1.31242E-04  2.13385E-04
       4       1      10  1.44368E-04  1.47400E-04  1.44368E-06  9.43993E+00  1.22946E+01  7.16275E+01  3.54303E+01 -1.31080E+01  2.63972E+00  6.44527E+03  3.94104E+03  2.08172E+04 -8.30568E+02  3.46437E+03  2.45218E+03  0.00000E+00  3.44860E-05  1.12914E-04
       4       2       1  1.24730E-03  1.05785E-03  1.24730E-05  1.15128E-01  1.48990E-01  4.45440E-01 -5.96518E+01  5.55219E+01 -2.60563E+00  2.42085E+04  2.63132E+04  4.10935E+04  9.24813E+03  3.62997E+03  2.99405E+03  0.00000E+00  6.91581E-04  3.66265E-04
       4       2       2  3.59292E-04  2.58774E-04  3.59292E-06  3.44841E-01  4.43262E-01  1.39455E+00 -2.96823E+01  3.27328E+01  1.25116E+01  2.06449E+04  3.00502E+04  4.89217E+04  1.81195E+04  1.48320E+04  1.17668E+04  0.00000E+00  1.02830E-04  1.55943E-04
       4       2       3  6.18617E-04  4.03909E-04  6.18617E-06  5.05738E-01  6.39828E-01  2.06064E+00 -1.36811E+01 -3.33794E+00 -7.17088E+00  7.81660E+03  1.21877E+04  2.84483E+04  8.61557E+03  8.10622E+03  6.88535E+03  0.00000E+00  4.14485E-05  3.62460E-04
       4       2       4  8.75669E-04  3.57733E-04  8.75669E-06  8.49533E-01  1.11268E+00  3.30492E+00  3.70996E+01 -3.51691E+01 -2.36389E+00  3.13575E+04  4.08526E+04  4.27906E+04  1.20246E+04  9.07030E+03  6.65610E+03  0.00000E+00  2.41610E-04  1.16123E-04
       4       2       5  7.91114E-04  5.99908E-04  7.91114E-06  1.23104E+00  1.59959E+00  4.83678E+00  1.33914E+01 -1.13068E+01 -9.50859E+00  1.25545E+04  1.63162E+04  2.74780E+04  6.50269E+03  6.13055E+03  4.02062E+03  0.00000E+00  3.93044E-04  2.06863E-04
       4       2       6  6.14801E-04  5.74975E-04  6.14801E-06  1.73463E+00  2.24733E+00  6.57023E+00 -1.50440E-01 -6.39779E+00 -1.38303E+01  3.53088E+03  5.44617E+03  1.96755E+04  2.79594E+03  5.42662E+03  4.39819E+03  0.00000E+00  1.72591E-04  4.02384E-04
       4       2       7  6.39581E-04  3.65699E-04  6.39581E-06  2.93837E+00  3.77198E+00  1.12170E+01  4.93042E+01 -3.88573E+01 -2.51532E+00  1.43036E+04  2.03675E+04  3.92381E+04  8.13745E+03  8.79335E+03  7.13066E+03  0.00000E+00  1.97102E-04  1.68597E-04
       4       2       8  1.06562E-03  7.39553E-04  1.06562E-05  4.35027E+00  5.53435E+00  1.67672E+01  2.80433E+01 -2.72553E+01 -8.23287E+00  6.27591E+03  9.46110E+03  2.15813E+04  4.49898E+03  4.63689E+03  3.81724E+03  0.00000E+00  3.79579E-04  3.59974E-04
       4       2       9  1.06507E-03  1.06243E-03  1.06507E-05  6.15319E+00  7.76850E+00  2.29254E+01  5.46257E+00 -7.94873E+00 -1.16560E+00  1.42090E+03  2.14787E+03  7.26805E+03  1.12070E+03  2.07917E+03  1.63550E+03  0.00000E+00  1.57101E-04  9.05334E-04
       4       2      10  4.76785E-04  4.06152E-04  4.76785E-06  1.75184E+01  2.39297E+01  6.90443E+01  3.74841E+00 -1.20668E+01 -1.00108E+01  2.54503E+03  5.10228E+03  2.11534E+04  2.54971E+03  6.56130E+03  4.96665E+03  0.00000E+00  4.40050E-05  3.62147E-04
       4       3       1  2.09871E-03  2.10073E-03  2.09871E-05  2.24493E-01  2.93165E-01  4.95825E-01 -4.45621E+01  3.71879E+01  1.07194E+00  1.59647E+04  1.76943E+04  2.46885E+04  6.16989E+03  4.98420E+02  6.71004E+02  0.00000E+00  1.87963E-03  2.21101E-04
       4       3       2  6.17185E-04  5.50302E-04  6.17185E-06  5.55273E-01  7.21510E-01  1.21351E+00 -7.14642E+01  5.89573E+01  9.59257E+00  2.17271E+04  2.64267E+04  3.50782E+04  8.95372E+03  4.81852E+03  2.42366E+03  0.00000E+00  4.42855E-04  1.07447E-04
       4       3       3  1.05510E-03  1.04177E-03  1.05510E-05  8.31759E-01  1.07778E+00  1.79547E+00 -1.71109E+01  1.86494E+01 -1.43485E+01  1.12831E+04  1.18905E+04  1.53695E+04  1.33336E+03  3.98322E+03  4.14234E+03  0.00000E+00  7.75161E-04  2.66612E-04
       4       3       4  1.57568E-03  1.05580E-03  1.57568E-05  1.26089E+00  1.64783E+00  2.66265E+00  1.58381E+02 -1.28069E+02 -1.01069E+01  5.25063E+04  4.61105E+04  3.04148E+04 -1.62548E+04  7.62733E+03  3.20597E+03  0.00000E+00  8.73727E-04  1.82073E-04
       4       3       5  1.49738E-03  1.55961E-03  1.49738E-05  1.98571E+00  2.57907E+00  4.06231E+00  7.84605E+01 -5.84998E+01  8.73526E-02  1.94220E+04  2.04949E+04  2.22173E+04  3.19417E+03  4.74724E+03  4.24126E+03  0.00000E+00  1.30615E-03  2.53461E-04
       4       3       6  1.30139E-03  1.15533E-03  1.30139E-05  2.61872E+00  3.40211E+00  5.53121E+00  5.61451E+01 -4.01146E+01  5.28650E+00  1.04055E+04  1.07984E+04  1.66086E+04  1.73249E+03  5.23083E+03  4.23051E+03  0.00000E+00  7.48791E-04  4.06540E-04
       4       3       7  1.26566E-03  1.16935E-03  1.26566E-05  4.50429E+00  5.81390E+00  9.87535E+00  1.10715E+02 -8.22226E+01  4.35809E+00  2.51080E+04  2.30307E+04  2.58757E+04 -4.41351E+03  5.22034E+03  3.93074E+03  0.00000E+00  9.49337E-04  2.20010E-04
       4       3       8  2.03754E-03  2.30611E-03  2.03754E-05  6.73347E+00  8.72445E+00  1.44885E+01  7.14597E+01 -5.19952E+01  3.00593E+00  1.22388E+04  1.16721E+04  1.48877E+04 -4.09150E+02  3.11493E+03  2.64043E+03  0.00000E+00  1.80834E-03  4.97767E-04
       4       3       9  2.35500E-03  2.52984E-03  2.35500E-05  9.25602E+00  1.17779E+01  1.95227E+01  3.30611E+01 -2.25812E+01  2.25443E+00  4.07085E+03  4.07074E+03  6.27122E+03  1.78117E+02  1.77059E+03  1.38816E+03  0.00000E+00  1.45221E-03  1.07764E-03
       4       3      10  1.09125E-03  1.14702E-03  1.09125E-05  2.73470E+01  3.59809E+01  5.98348E+01  1.82643E+01 -1.75228E+01 -7.66657E-01  4.84525E+03  7.32458E+03  1.70890E+04  4.33184E+03  5.49056E+03  4.19094E+03  0.00000E+00  5.16220E-04  6.30805E-04
       4       4       1  2.92444E-03  3.17523E-03  2.92444E-05  3.07906E-01  4.01781E-01  3.55151E-01 -4.89649E+00  6.65602E+00 -1.09164E+00  2.79131E+04  2.27083E+04  1.58803E+04 -7.78133E+03  8.69780E+02  7.46320E+02  0.00000E+00  2.92323E-03  2.52000E-04
       4       4       2  8.86892E-04  9.78276E-04  8.86892E-06  7.58570E-01  9.84466E-01  8.57400E-01  3.41703E+01 -2.69104E+01 -6.34769E-02  3.04580E+04  2.81981E+04  1.81933E+04 -1.99995E+03  7.72684E+02  3.55533E+02  0.00000E+00  8.95288E-04  8.29880E-05
       4       4       3  1.49366E-03  1.55302E-03  1.49366E-05  1.06990E+00  1.39174E+00  1.23749E+00  3.43112E+01 -2.74046E+01  1.73301E+00  1.94160E+04  1.57158E+04  1.17167E+04 -7.85374E+03 -6.00843E+02  2.48167E+03  0.00000E+00  1.38847E-03  1.64555E-04
       4       4       4  2.38955E-03  2.08778E-03  2.38955E-05  1.69564E+00  2.22734E+00  2.04394E+00  1.06456E+02 -8.23108E+01 -1.29668E+00  5.63425E+04  4.43247E+04  2.06735E+04 -2.15245E+04  4.11137E+02  7.37726E+02  0.00000E+00  2.00648E-03  8.13013E-05
       4       4       5  2.44740E-03  2.95362E-03  2.44740E-05  2.62989E+00  3.42328E+00  2.99409E+00  5.58168E+01 -4.32151E+01  7.48500E-01  2.81773E+04  2.81320E+04  1.17400E+04 -1.65985E+02  1.88978E+03  1.44286E+03  0.00000E+00  2.75492E-03  1.98706E-04
       4       4       6  2.49760E-03  2.95113E-03  2.49760E-05  3.50725E+00  4.55093E+00  4.00325E+00  3.87010E+01 -3.24163E+01 -2.83440E+00  1.27072E+04  1.28827E+04  6.88799E+03 -5.36320E+00  2.43296E+03  1.56427E+03  0.00000E+00  2.33394E-03  6.17193E-04
       4       4       7  2.49519E-03  2.10333E-03  2.49519E-05  5.93865E+00  7.81929E+00  6.80410E+00  1.25183E+02 -9.75835E+01 -3.12149E+00  3.48956E+04  3.23028E+04  2.27568E+04 -5.00363E+03  3.18767E+03  1.98567E+03  0.00000E+00  1.83999E-03  2.63340E-04
       4       4       8  3.39704E-03  4.28493E-03  3.39704E-05  9.11446E+00  1.17585E+01  1.02811E+01  7.93822E+01 -5.53494E+01  5.26649E+00  1.54720E+04  1.69804E+04  1.25581E+04  2.07558E+03  1.56571E+03  1.59591E+03  0.00000E+00  3.71973E-03  5.65194E-04
       4       4       9  4.76749E-03  6.70337E-03  4.76749E-05  1.28481E+01  1.67985E+01  1.45159E+01  3.24085E+01 -2.45418E+01  1.69529E+00  5.00130E+03  5.40098E+03  3.96315E+03  2.03913E+03  6.27085E+02  5.87264E+02  0.00000E+00  5.18914E-03  1.51424E-03
       4       4      10  3.01368E-03  3.92086E-03  3.01368E-05  3.80854E+01  4.95894E+01  4.15967E+01  3.60634E+01 -3.40061E+01  5.84755E-01  8.42312E+03  1.28320E+04  8.29865E+03  7.05492E+03  1.20015E+03  9.54823E+02  0.00000E+00  3.41917E-03  5.01688E-04
       4       5       1  3.61568E-03  3.44278E-03  3.61568E-05  3.38604E-01  4.42665E-01  2.39469E-01  1.80104E+00 -5.49266E-01 -1.21950E+00  2.54928E+04  2.12861E+04  1.95646E+04 -8.05026E+03  5.25377E+02  4.43180E+02  0.00000E+00  3.03817E-03  4.04603E-04
       4       5       2  1.13375E-03  1.08406E-03  1.13375E-05  8.57039E-01  1.10997E+00  5.76921E-01  4.24928E+01 -3.36408E+01 -2.90903E+00  3.06000E+04  2.87749E+04  1.92830E+04 -1.62373E+02 -4.87701E+00  4.55805E+02  0.00000E+00  1.01519E-03  6.88737E-05
       4       5       3  1.87261E-03  1.89545E-03  1.87261E-05  1.19700E+00  1.55010E+00  8.17322E-01  4.62563E+01 -3.93547E+01 -3.25802E+00  2.13721E+04  1.99752E+04  1.61220E+04 -5.16131E+03  1.08021E+03 -1.45144E+03  0.00000E+00  1.71185E-03  1.83602E-04
       4       5       4  3.19781E-03  1.79113E-03  3.19781E-05  1.93914E+00  2.52109E+00  1.34068E+00  7.48847E+01 -5.73008E+01 -1.74179E+00  4.27872E+04  3.75796E+04  3.47699E+04 -1.19681E+04  2.75354E+03  1.03291E+03  0.00000E+00  1.69595E-03  9.51851E-05
       4       5       5  3.54836E-03  3.43542E-03  3.54836E-05  2.94627E+00  3.84043E+00  2.08266E+00  4.99451E+01 -3.68580E+01  5.86464E+00  2.45833E+04  2.57409E+04  1.79041E+04  1.88877E+03  5.67512E+02  1.40995E+03  0.00000E+00  3.19012E-03  2.45302E-04
       4       5       6  4.25149E-03  4.06513E-03  4.25149E-05  4.02112E+00  5.18213E+00  2.85577E+00  5.01728E+01 -3.21167E+01  7.59218E-01  1.88239E+04  2.06849E+04  1.13158E+04  6.02611E+03  9.18943E+02  7.41127E+02  0.00000E+00  3.42796E-03  6.37161E-04
       4       5       7  5.08151E-03  3.16955E-03  5.08151E-05  6.61797E+00  8.70576E+00  4.68390E+00  9.61847E+01 -6.60528E+01 -1.04421E+00  2.95161E+04  3.36888E+04  2.10409E+04  1.01833E+04  3.18217E+03  2.36418E+03  0.00000E+00  2.77431E-03  3.95237E-04
       4       5       8  5.49933E-03  5.42993E-03  5.49933E-05  1.01531E+01  1.31234E+01  7.07089E+00  5.38147E+01 -5.35631E+01  1.86308E+00  1.39733E+04  1.91372E+04  1.21310E+04  7.08885E+03  1.41188E+03  1.35998E+03  0.00000E+00  4.65339E-03  7.76540E-04
       4       5       9  8.49588E-03  8.99292E-03  8.49588E-05  1.42768E+01  1.86361E+01  9.89222E+00  3.44315E+01 -2.27152E+01 -4.43472E-02  5.56170E+03  6.45698E+03  3.31632E+03  2.85885E+03  6.03697E+02  4.06679E+02  0.00000E+00  6.92397E-03  2.06895E-03
       4       5      10  9.12168E-03  4.95008E-03  9.12168E-05  4.19697E+01  5.46216E+01  2.94712E+01  4.04450E+01 -2.28660E+01  7.40742E-01  1.02940E+04  1.43351E+04  5.20413E+03  9.30524E+03  7.94607E+02  6.61720E+02  0.00000E+00  4.35337E-03  5.96706E-04
       4       6       1  4.01982E-03  4.15361E-03  4.01982E-05  3.65709E-01  4.74528E-01  8.04911E-02  6.12491E+01 -4.72309E+01  8.73519E-01  2.81766E+04  2.14513E+04  1.86930E+04 -1.25366E+04 -1.74389E+02 -2.75225E+02  0.00000E+00  3.87254E-03  2.81070E-04
       4       6       2  1.28902E-03  1.23001E-03  1.28902E-05  9.08902E-01  1.19014E+00  1.81180E-01  7.27252E+01 -5.56886E+01 -1.26500E+00  3.18365E+04  3.23294E+04  1.80864E+04 -1.44147E+03 -3.91289E+02  6.92686E+02  0.00000E+00  1.16807E-03  6.19341E-05
       4       6       3  2.09906E-03  1.92460E-03  2.09906E-05  1.28071E+00  1.67444E+00  2.48662E-01  6.90413E+01 -5.34939E+01  5.40995E+00  2.34961E+04  2.23119E+04  1.63588E+04 -4.00522E+03 -5.66659E+02  1.65200E+03  0.00000E+00  1.77116E-03  1.53446E-04
       4       6       4  3.73036E-03  2.92639E-03  3.73036E-05  2.09895E+00  2.72973E+00  4.62774E-01  8.80721E+01 -6.91888E+01  5.54210E+00  4.81160E+04  3.85684E+04  2.51239E+04 -1.74188E+04 -1.03647E+03  1.03503E+03  0.00000E+00  2.76570E-03  1.60685E-04
       4       6       5  4.36433E-03  5.00317E-03  4.36433E-05  3.17535E+00  4.12112E+00  6.77405E-01  5.77918E+01 -4.53193E+01 -2.98303E-02  2.56028E+04  2.41807E+04  1.34197E+04 -1.65223E+03  6.02284E+02  3.47790E+02  0.00000E+00  4.72887E-03  2.74303E-04
       4       6       6  5.77350E-03  6.09795E-03  5.77350E-05  4.35789E+00  5.62643E+00  9.40452E-01  6.41329E+01 -4.73081E+01  2.05342E+00  2.15646E+04  1.87377E+04  7.74266E+03 -4.09937E+03  7.97847E+02  8.67035E+02  0.00000E+00  5.58505E-03  5.12901E-04
       4       6       7  8.23043E-03  6.09195E-03  8.23043E-05  7.22926E+00  9.43544E+00  1.59865E+00  1.61894E+02 -1.29391E+02  7.54891E-01  4.57885E+04  3.99279E+04  1.15766E+04 -1.26831E+04 -5.01283E+01 -2.87692E+02  0.00000E+00  5.67409E-03  4.17865E-04
       4       6       8  8.31617E-03  1.00113E-02  8.31617E-05  1.08918E+01  1.41517E+01  2.33331E+00  1.04374E+02 -7.80289E+01  8.13433E-01  2.41316E+04  2.51568E+04  5.51608E+03  1.98936E+03  2.48409E+02  4.62782E+02  0.00000E+00  9.16084E-03  8.50437E-04
       4       6       9  1.19332E-02  1.42489E-02  1.19332E-04  1.51936E+01  1.98096E+01  3.25697E+00  5.54924E+01 -4.54969E+01 -5.81680E-01  1.11021E+04  1.31859E+04  2.38860E+03  3.33646E+03  3.40616E+02  1.69181E+02  0.00000E+00  1.20735E-02  2.17545E-03
       4       6      10  1.93717E-02  2.31585E-02  1.93717E-04  4.55264E+01  5.93499E+01  9.70911E+00  4.37782E+01 -3.45777E+01 -1.40481E-01  1.14769E+04  1.70097E+04  1.00690E+03  1.01901E+04  8.58218E+01  4.05936E+01  0.00000E+00  2.27054E-02  4.53097E-04
       5       1       1  4.12167E-04  4.30638E-04  4.12167E-06  3.63119E-02  8.94271E-02  5.12511E-01 -7.27691E+01  3.75261E+01  7.34264E+00  2.80525E+04  3.23059E+04  5.63963E+04 -6.14651E+02  8.06542E+03  4.35887E+03  0.00000E+00  1.63027E-04  2.67611E-04
       5       1       2  1.17578E-04  1.21955E-04  1.17578E-06  1.05142E-01  2.65346E-01  1.44447E+00 -9.50316E+01  1.07243E+01 -2.18918E+00  2.92657E+04  2.26014E+04  4.67673E+04  2.55086E+03  1.08653E+04  6.23857E+03  0.00000E+00  5.14035E-05  7.05516E-05
       5       1       3  2.02836E-04  2.44375E-04  2.02836E-06  1.63251E-01  4.17591E-01  2.13607E+00 -3.38451E+01  6.93756E+00 -5.66918E+00  1.03091E+04  1.33167E+04  1.59063E+04  5.19763E+03  2.44936E+03  1.51637E+03  0.00000E+00  5.45641E-05  1.89811E-04
       5       1       4  2.79108E-04  1.72872E-04  2.79108E-06  2.54073E-01  6.13164E-01  3.60696E+00  3.75259E+01 -1.28202E+01 -6.84403E-01  4.69446E+04  2.84958E+04  1.99859E+04 -4.26047E+03  1.81796E+03  7.58518E+02  0.00000E+00  1.48269E-04  2.46030E-05
       5       1       5  2.46280E-04  3.22175E-04  2.46280E-06  3.80041E-01  9.22669E-01  5.19906E+00  2.70549E+01 -7.84561E+00 -3.16866E+00  2.17610E+04  9.28328E+03  1.71527E+04 -2.77489E+03  1.40721E+03  5.37905E+02  0.00000E+00  2.89055E-04  3.31205E-05
       5       1       6  1.81700E-04  1.85559E-04  1.81700E-06  4.85907E-01  1.15946E+00  6.65680E+00  1.62774E+01 -5.21860E+00  1.35792E+01  9.59995E+03  4.48483E+03  1.31952E+04 -1.80519E+03  1.82125E+03  1.06400E+03  0.00000E+00  1.16931E-04  6.86277E-05
       5       1       7  1.99186E-04  1.73083E-04  1.99186E-06  8.54593E-01  2.04862E+00  1.23942E+01  1.76618E+02 -3.92990E+01  2.22637E+00  3.72330E+04  1.53044E+04  1.52811E+04 -4.27385E+03  1.84695E+03  2.07138E+02  0.00000E+00  1.52222E-04  2.08611E-05
       5       1       8  3.28745E-04  3.40558E-04  3.28745E-06  1.27799E+00  3.10082E+00  1.78840E+01  1.11146E+02 -2.56307E+01 -2.34942E+00  1.61502E+04  6.66519E+03  1.32723E+04 -1.77432E+03  1.43868E+03  7.30061E+02  0.00000E+00  2.80537E-04  6.00209E-05
       5       1       9  3.07924E-04  3.13883E-04  3.07924E-06  1.72430E+00  4.25784E+00  2.38451E+01  3.92665E+01 -1.26139E+01 -6.50602E+00  4.83631E+03  2.09698E+03  6.27655E+03 -7.63058E+02  1.03483E+03  3.56561E+02  0.00000E+00  1.23436E-04  1.90447E-04
       5       1      10  1.44363E-04  1.61617E-04  1.44363E-06  5.07462E+00  1.21417E+01  7.28124E+01  2.83041E+01 -1.31692E+01 -1.42786E+01  5.35057E+03  3.18021E+03  2.16195E+04 -4.68973E+02  3.70652E+03  1.32941E+03  0.00000E+00  3.09616E-05  1.30655E-04
       5       2       1  1.24707E-03  1.08224E-03  1.24707E-05  7.01062E-02  1.73335E-01  4.43116E-01 -7.30331E+01  3.19775E+01 -8.87048E-01  1.92972E+04  3.34005E+04  3.90443E+04  8.05262E+03  5.24854E+03  3.28176E+03  0.00000E+00  7.27193E-04  3.55047E-04
       5       2       2  3.59209E-04  2.21235E-04  3.59209E-06  2.21103E-01  5.37591E-01  1.38275E+00 -3.71572E+01  2.61795E+01  4.68865E+00  1.30414E+04  4.78040E+04  5.07058E+04  1.66089E+04  1.94236E+04  7.55594E+03  0.00000E+00  9.04530E-05  1.30781E-04
       5       2       3  6.18510E-04  3.05179E-04  6.18510E-06  3.12436E-01  7.43618E-01  2.05988E+00 -1.04202E+01  6.66381E+00  1.21337E+00  4.73671E+03  2.01724E+04  2.77586E+04  7.99145E+03  1.00498E+04  4.00622E+03  0.00000E+00  4.14485E-05  2.63730E-04
       5       2       4  8.75423E-04  3.17464E-04  8.75423E-06  5.31000E-01  1.30216E+00  3.28344E+00  5.05402E+01 -2.38425E+01  4.25134E+00  2.87883E+04  4.96750E+04  4.03272E+04  8.90220E+03  1.11548E+04  4.67490E+03  0.00000E+00  2.12576E-04  1.04888E-04
       5       2       5  7.90896E-04  5.98932E-04  7.90896E-06  7.85754E-01  1.93938E+00  4.84515E+00  1.72371E+01 -4.68767E+00  6.27267E+00  8.75377E+03  1.89326E+04  2.55307E+04  4.04306E+03  6.86316E+03  2.49184E+03  0.00000E+00  3.85455E-04  2.13476E-04
       5       2       6  6.14617E-04  7.30704E-04  6.14617E-06  1.08397E+00  2.75658E+00  6.60806E+00  4.07664E+00  1.58098E+00  5.98937E+00  1.82785E+03  4.82994E+03  1.48404E+04  1.72549E+03  5.39021E+03  2.02664E+03  0.00000E+00  1.40318E-04  5.90386E-04
       5       2       7  6.39455E-04  3.43378E-04  6.39455E-06  1.84464E+00  4.55951E+00  1.11748E+01  6.52070E+01 -2.53655E+01 -4.71369E+00  1.27164E+04  2.42454E+04  3.76353E+04  4.60825E+03  1.18494E+04  3.69328E+03  0.00000E+00  1.88467E-04  1.54911E-04
       5       2       8  1.06541E-03  7.11483E-04  1.06541E-05  2.72588E+00  6.82002E+00  1.66698E+01  3.59363E+01 -1.00468E+01  4.74947E+00  4.26661E+03  1.17737E+04  2.16658E+04  3.19880E+03  6.95313E+03  2.48447E+03  0.00000E+00  3.44938E-04  3.66544E-04
       5       2       9  1.06471E-03  9.09657E-04  1.06471E-05  3.68222E+00  9.38175E+00  2.26680E+01  1.03759E+01 -3.40175E+00  4.67733E-01  1.05539E+03  3.08653E+03  8.24274E+03  9.00223E+02  3.02597E+03  1.20786E+03  0.00000E+00  1.48807E-04  7.60851E-04
       5       2      10  4.76646E-04  5.18733E-04  4.76646E-06  1.19182E+01  2.73965E+01  6.96824E+01  8.04900E+00 -1.96315E+00  6.26813E+00  1.42231E+03  5.27411E+03  2.11040E+04  1.68859E+03  7.75030E+03  3.29769E+03  0.00000E+00  4.21275E-05  4.76605E-04
       5       3       1  2.09773E-03  2.30173E-03  2.09773E-05  1.38600E-01  3.37865E-01  4.96920E-01 -5.16090E+01  1.99604E+01  9.11538E-01  1.15542E+04  2.13371E+04  2.39918E+04  5.19461E+03  1.10684E+03  3.32879E+02  0.00000E+00  2.05436E-03  2.47365E-04
       5       3       2  6.16811E-04  6.47563E-04  6.16811E-06  3.48355E-01  8.45921E-01  1.21243E+00 -8.00872E+01  3.22555E+01 -5.00629E+00  1.66722E+04  3.55563E+04  3.63130E+04  9.05662E+03  9.53258E+03  4.75944E+03  0.00000E+00  4.98946E-04  1.48617E-04
       5       3       3  1.05465E-03  1.05008E-03  1.05465E-05  5.20416E-01  1.24751E+00  1.77217E+00 -2.43905E+01  4.12297E+00  9.81829E+00  1.09653E+04  1.60353E+04  1.88448E+04  2.73529E+03  8.73318E+03  3.04938E+03  0.00000E+00  7.32954E-04  3.17125E-04
       5       3       4  1.57456E-03  1.13138E-03  1.57456E-05  7.92503E-01  1.92017E+00  2.67658E+00  1.75704E+02 -6.54286E+01  1.94841E+00  5.66026E+04  3.55660E+04  3.38413E+04 -8.78720E+03  1.00076E+04  3.93557E+03  0.00000E+00  8.67656E-04  2.63723E-04
       5       3       5  1.49623E-03  1.65769E-03  1.49623E-05  1.22589E+00  2.98702E+00  4.06853E+00  8.47040E+01 -3.80425E+01 -3.86020E+00  1.67098E+04  2.23317E+04  2.31450E+04  2.41354E+03  7.52869E+03  2.70582E+03  0.00000E+00  1.25107E-03  4.06617E-04
       5       3       6  1.30029E-03  1.59911E-03  1.30029E-05  1.67268E+00  4.06854E+00  5.64976E+00  4.62039E+01 -1.91500E+01 -1.48896E+00  7.03195E+03  1.03334E+04  1.52658E+04  1.46980E+03  6.49329E+03  2.28958E+03  0.00000E+00  7.48194E-04  8.50919E-04
       5       3       7  1.26473E-03  1.19815E-03  1.26473E-05  2.80113E+00  6.78842E+00  9.85314E+00  1.23366E+02 -4.22870E+01  9.87417E+00  2.57983E+04  1.99994E+04  2.79200E+04 -2.71509E+03  7.95666E+03  3.07247E+03  0.00000E+00  9.04041E-04  2.94110E-04
       5       3       8  2.03650E-03  2.46067E-03  2.03650E-05  4.11648E+00  1.01089E+01  1.44733E+01  7.86540E+01 -3.06528E+01 -5.35331E-01  1.16937E+04  1.10900E+04  1.64214E+04 -3.06295E+02  4.35409E+03  1.65246E+03  0.00000E+00  1.81171E-03  6.48962E-04
       5       3       9  2.35277E-03  2.88470E-03  2.35277E-05  5.41044E+00  1.37753E+01  1.99437E+01  3.12852E+01 -1.07227E+01 -7.97107E-01  3.24892E+03  3.53700E+03  5.93278E+03  1.49156E+02  2.00482E+03  7.24437E+02  0.00000E+00  1.38193E-03  1.50278E-03
       5       3      10  1.08979E-03  1.08864E-03  1.08979E-05  1.75109E+01  4.24475E+01  5.97644E+01  2.52883E+01 -8.45765E+00  1.78368E+00  2.87333E+03  9.17555E+03  1.66685E+04  3.03498E+03  5.84898E+03  2.37015E+03  0.00000E+00  5.40706E-04  5.47938E-04
       5       4       1  2.92210E-03  3.27649E-03  2.92210E-05  1.91559E-01  4.64680E-01  3.51542E-01 -5.48545E+00  8.66387E-01  4.20467E-01  3.10972E+04  2.03456E+04  1.56792E+04 -5.52357E+03  1.53370E+03  5.98510E+02  0.00000E+00  2.92238E-03  3.54103E-04
       5       4       2  8.85884E-04  9.45685E-04  8.85884E-06  4.67460E-01  1.15152E+00  8.64158E-01  3.81441E+01 -1.89789E+01  7.34979E-01  3.03530E+04  3.12451E+04  1.80186E+04 -1.32102E+03  1.97768E+03  6.46122E+02  0.00000E+00  8.37217E-04  1.08468E-04
       5       4       3  1.49257E-03  1.48038E-03  1.49257E-05  6.74014E-01  1.61884E+00  1.24637E+00  3.83321E+01 -1.59310E+01  3.31625E+00  2.28754E+04  1.39370E+04  1.24013E+04 -4.80325E+03  1.73232E+03  9.51929E+02  0.00000E+00  1.25704E-03  2.23343E-04
       5       4       4  2.38648E-03  2.09248E-03  2.38648E-05  1.05977E+00  2.59268E+00  2.05492E+00  1.19294E+02 -4.70441E+01  4.11687E+00  6.44054E+04  3.43294E+04  2.05875E+04 -1.40313E+04  1.21821E+03  1.15845E+03  0.00000E+00  1.96203E-03  1.30446E-04
       5       4       5  2.44368E-03  3.07628E-03  2.44368E-05  1.64676E+00  3.98797E+00  2.99587E+00  6.33216E+01 -2.04582E+01  2.79794E+00  2.74136E+04  2.75796E+04  1.22656E+04  3.69960E+02  2.19017E+03  1.12114E+03  0.00000E+00  2.73482E-03  3.41459E-04
       5       4       6  2.49343E-03  3.08953E-03  2.49343E-05  2.18431E+00  5.28510E+00  4.03541E+00  4.34759E+01 -1.93853E+01  2.58198E+00  1.19662E+04  1.26339E+04  7.62994E+03  5.46731E+02  2.47010E+03  1.30840E+03  0.00000E+00  2.34945E-03  7.40074E-04
       5       4       7  2.48999E-03  1.98976E-03  2.48999E-05  3.55627E+00  8.99351E+00  6.80747E+00  1.49286E+02 -5.75408E+01 -8.08807E+00  3.92619E+04  3.06882E+04  2.24402E+04 -3.74090E+03  5.79958E+03  2.09029E+03  0.00000E+00  1.71947E-03  2.70292E-04
       5       4       8  3.39328E-03  4.66975E-03  3.39328E-05  5.87040E+00  1.37361E+01  1.02887E+01  9.29636E+01 -3.53752E+01  4.49812E+00  1.51585E+04  1.73618E+04  1.15683E+04  1.45348E+03  1.37127E+03  9.36014E+02  0.00000E+00  4.12499E-03  5.44763E-04
       5       4       9  4.75886E-03  6.21246E-03  4.75886E-05  7.91484E+00  1.94868E+01  1.44236E+01  3.60487E+01 -1.84481E+01  1.19188E+00  3.74444E+03  6.93067E+03  4.37747E+03  1.76813E+03  7.58455E+02  4.26263E+02  0.00000E+00  4.86267E-03  1.34979E-03
       5       4      10  3.00240E-03  3.93104E-03  3.00240E-05  2.38452E+01  5.81314E+01  4.18309E+01  4.46173E+01 -2.36493E+01  7.94571E-02  5.10999E+03  1.57901E+04  8.03991E+03  4.87575E+03  1.16892E+03  4.83758E+02  0.00000E+00  3.55229E-03  3.78758E-04
       5       5       1  3.61166E-03  3.67916E-03  3.61166E-05  2.11221E-01  5.14886E-01  2.36876E-01  7.95178E-01 -1.59382E+00 -2.29433E+00  2.75746E+04  1.78425E+04  1.99338E+04 -5.16175E+03  1.18173E+03  3.71096E+02  0.00000E+00  3.02513E-03  6.54023E-04
       5       5       2  1.13183E-03  1.01930E-03  1.13183E-05  5.26608E-01  1.27882E+00  6.08027E-01  4.65194E+01 -1.80169E+01  2.01129E+00  2.96195E+04  2.99240E+04  2.00942E+04 -1.20052E+02 -2.72384E+02 -2.45361E+02  0.00000E+00  9.42772E-04  7.65263E-05
       5       5       3  1.87071E-03  1.76479E-03  1.87071E-05  7.41602E-01  1.82192E+00  8.40922E-01  5.89589E+01 -2.47721E+01 -3.02128E+00  2.61822E+04  1.89681E+04  1.63497E+04 -3.09927E+03  1.95388E+02 -1.46442E+03  0.00000E+00  1.55108E-03  2.13711E-04
       5       5       4  3.19194E-03  1.79631E-03  3.19194E-05  1.21487E+00  2.93458E+00  1.33493E+00  8.60491E+01 -3.68189E+01 -2.44915E+00  4.88445E+04  3.19443E+04  3.49916E+04 -9.16177E+03  7.86445E+02 -7.89800E+02  0.00000E+00  1.67927E-03  1.17044E-04
       5       5       5  3.53999E-03  3.44996E-03  3.53999E-05  1.84017E+00  4.46169E+00  2.08581E+00  5.63155E+01 -2.74097E+01 -7.43909E-01  2.32921E+04  2.77353E+04  1.83133E+04  8.91685E+02  2.28438E+03  8.86343E+02  0.00000E+00  3.20653E-03  2.43435E-04
       5       5       6  4.24075E-03  4.26474E-03  4.24075E-05  2.55411E+00  6.08916E+00  2.83118E+00  5.31087E+01 -1.90061E+01 -3.58002E+00  1.55581E+04  2.40072E+04  1.13001E+04  5.26207E+03  2.38236E+03  5.40701E+02  0.00000E+00  3.49658E-03  7.68156E-04
       5       5       7  5.06093E-03  3.12496E-03  5.06093E-05  4.05961E+00  1.01284E+01  4.61131E+00  1.06529E+02 -4.59792E+01 -4.72978E+00  2.40401E+04  3.87513E+04  2.24327E+04  5.80351E+03  3.58436E+03  7.82997E+02  0.00000E+00  2.61295E-03  5.12011E-04
       5       5       8  5.48357E-03  5.73883E-03  5.48357E-05  6.29047E+00  1.52911E+01  7.08062E+00  6.40685E+01 -3.41831E+01  1.20582E+00  1.07742E+04  2.36492E+04  1.07067E+04  5.44207E+03  2.17996E+03  1.33058E+03  0.00000E+00  4.65158E-03  1.08724E-03
       5       5       9  8.47304E-03  9.70294E-03  8.47304E-05  8.94122E+00  2.19050E+01  9.86363E+00  3.44903E+01 -1.04621E+01 -6.58240E-01  3.61798E+03  7.66961E+03  3.22203E+03  2.23612E+03  7.99083E+02  1.06875E+02  0.00000E+00  6.86205E-03  2.84088E-03
       5       5      10  9.05899E-03  4.90901E-03  9.05899E-05  2.63801E+01  6.35458E+01  2.95174E+01  4.40119E+01 -1.06693E+01  4.45785E-01  5.84916E+03  1.89559E+04  5.12924E+03  7.06854E+03  1.26192E+03  5.42605E+02  0.00000E+00  4.17267E-03  7.36342E-04
       5       6       1  4.01461E-03  4.29884E-03  4.01461E-05  2.28264E-01  5.53021E-01  7.89760E-02  6.78546E+01 -2.87764E+01 -1.54450E+00  3.26220E+04  1.65969E+04  1.84777E+04 -7.60499E+03  2.51018E+02  8.00391E+01  0.00000E+00  3.82201E-03  4.76827E-04
       5       6       2  1.28637E-03  1.37829E-03  1.28637E-05  5.80899E-01  1.38481E+00  2.08262E-01  8.58263E+01 -3.33618E+01  2.70310E+00  3.33417E+04  3.14432E+04  1.75472E+04  7.30424E+01 -6.98988E+02 -3.21551E+02  0.00000E+00  1.29809E-03  8.01979E-05
       5       6       3  2.09655E-03  2.27015E-03  2.09655E-05  8.14234E-01  1.94405E+00  2.86587E-01  7.50987E+01 -2.89471E+01  5.36278E+00  2.45926E+04  2.14815E+04  1.65655E+04 -1.85225E+03 -1.39317E+03  1.71611E+03  0.00000E+00  2.03915E-03  2.31004E-04
       5       6       4  3.72224E-03  2.99920E-03  3.72224E-05  1.30549E+00  3.17991E+00  4.58214E-01  1.01281E+02 -4.41443E+01  1.47582E+00  5.52288E+04  3.48267E+04  2.47144E+04 -1.13486E+04  1.79549E+03  8.99271E+02  0.00000E+00  2.76232E-03  2.36873E-04
       5       6       5  4.35155E-03  5.18219E-03  4.35155E-05  1.98341E+00  4.80320E+00  6.75325E-01  6.68130E+01 -3.11165E+01 -4.76028E+00  2.60857E+04  2.66976E+04  1.36291E+04 -9.77404E+01  9.76842E+02 -1.20026E+02  0.00000E+00  4.79052E-03  3.91661E-04
       5       6       6  5.75575E-03  6.14438E-03  5.75575E-05  2.73412E+00  6.60146E+00  9.50417E-01  7.50345E+01 -2.82362E+01 -4.54256E-01  2.43113E+04  1.94768E+04  7.57230E+03 -2.09748E+03  5.77504E+02  3.06297E+02  0.00000E+00  5.50062E-03  6.43759E-04
       5       6       7  8.18588E-03  6.38824E-03  8.18588E-05  4.50204E+00  1.09908E+01  1.60319E+00  1.82916E+02 -8.00661E+01  1.04032E+00  4.97979E+04  3.53535E+04  1.09916E+04 -7.79649E+03  1.47045E+03  6.29386E+02  0.00000E+00  5.67615E-03  7.12093E-04
       5       6       8  8.26984E-03  1.04334E-02  8.26984E-05  6.83251E+00  1.65126E+01  2.33777E+00  1.13479E+02 -4.09346E+01 -8.43080E-01  2.21799E+04  2.68816E+04  5.30270E+03  2.63232E+03  9.79412E+02  5.61868E+02  0.00000E+00  9.02801E-03  1.40537E-03
       5       6       9  1.18918E-02  1.62299E-02  1.18918E-04  9.35880E+00  2.31451E+01  3.28883E+00  5.99107E+01 -2.93263E+01 -1.13608E+00  8.83396E+03  1.39882E+04  2.34940E+03  2.29572E+03  3.03360E+02  1.83909E+01  0.00000E+00  1.25546E-02  3.67533E-03
       5       6      10  1.91909E-02  2.30921E-02  1.91909E-04  2.86234E+01  6.90803E+01  9.66255E+00  5.15740E+01 -2.13899E+01 -1.26955E-01  6.79890E+03  2.17483E+04  9.99983E+02  7.48353E+03  2.48043E+01  9.67985E+00  0.00000E+00  2.26954E-02  3.96781E-04
       6       1       1  4.12158E-04  4.39927E-04  4.12158E-06  1.36124E-02  9.71722E-02  5.29881E-01 -7.18176E+01  1.56575E+01  1.77111E-01  2.64229E+04  4.15574E+04  6.79078E+04  1.34937E+03  1.27599E+04  2.05120E+03  0.00000E+00  1.55284E-04  2.84643E-04
       6       1       2  1.17575E-04  1.44638E-04  1.17575E-06  3.78688E-02  2.87795E-01  1.44784E+00 -7.69644E+01 -1.51407E+01 -2.83618E+00  2.40658E+04  2.20034E+04  4.52253E+04 -3.85236E+02  1.18024E+04  2.14254E+02  0.00000E+00  5.11340E-05  9.35040E-05
       6       1       3  2.02832E-04  2.92572E-04  2.02832E-06  5.70904E-02  4.40986E-01  2.14641E+00 -2.34542E+01 -1.46659E+00  3.99092E-01  1.06773E+04  1.68651E+04  1.64911E+04  1.42927E+03  3.44672E+03  7.23094E+02  0.00000E+00  5.43119E-05  2.38260E-04
       6       1       4  2.79099E-04  1.64391E-04  2.79099E-06  8.53233E-02  6.55569E-01  3.62187E+00  4.08278E+01 -5.26905E+00  8.92492E-01  4.86227E+04  2.50747E+04  2.26733E+04 -2.92836E+03  2.63353E+03 -2.49612E+02  0.00000E+00  1.46398E-04  1.79929E-05
       6       1       5  2.46273E-04  3.01689E-04  2.46273E-06  1.23474E-01  9.60370E-01  5.21919E+00  2.83334E+01 -1.36549E+00  4.14570E+00  2.26801E+04  7.90627E+03  1.80808E+04 -6.72903E+02  1.83010E+03  1.26303E+02  0.00000E+00  2.64265E-04  3.74242E-05
       6       1       6  1.81694E-04  1.69071E-04  1.81694E-06  1.63057E-01  1.27035E+00  6.60334E+00  1.62410E+01 -4.64243E+00 -1.45952E+01  1.08966E+04  4.78916E+03  1.73374E+04 -4.73525E+02  3.28825E+03  7.65305E+02  0.00000E+00  1.17399E-04  5.16722E-05
       6       1       7  1.99182E-04  2.05450E-04  1.99182E-06  3.07988E-01  2.32801E+00  1.22328E+01  1.44288E+02 -1.33060E+01 -1.48669E+01  3.03022E+04  1.26668E+04  2.49608E+04 -1.35936E+03  4.16906E+03  6.39014E+02  0.00000E+00  1.45391E-04  6.00590E-05
       6       1       8  3.28737E-04  3.70995E-04  3.28737E-06  4.45307E-01  3.37452E+00  1.78374E+01  1.01053E+02 -1.10233E+01 -1.37567E+01  1.47484E+04  5.73603E+03  1.53259E+04 -6.95464E+02  2.18520E+03  3.42686E+02  0.00000E+00  2.71267E-04  9.97277E-05
       6       1       9  3.07913E-04  2.79652E-04  3.07913E-06  6.13141E-01  4.65170E+00  2.33155E+01  4.96428E+01 -6.65014E+00 -1.02753E+01  5.80060E+03  2.16646E+03  6.27796E+03 -2.09103E+02  1.13361E+03  1.85286E+02  0.00000E+00  1.25876E-04  1.53776E-04
       6       1      10  1.44360E-04  1.40742E-04  1.44360E-06  2.49994E+00  1.38314E+01  7.37442E+01  3.28002E+01 -2.58196E+00 -4.66704E+00  5.74518E+03  3.11304E+03  2.00633E+04 -1.18628E+02  3.44177E+03  6.45417E+02  0.00000E+00  2.85901E-05  1.12152E-04
       6       2       1  1.24693E-03  1.06923E-03  1.24693E-05  2.44786E-02  1.82703E-01  4.26933E-01 -8.12427E+01  1.41552E+01 -7.34162E-01  1.70547E+04  4.03905E+04  4.36221E+04  4.57515E+03  5.00887E+03 -1.97546E+02  0.00000E+00  7.86349E-04  2.82885E-04
       6       2       2  3.59161E-04  2.29237E-04  3.59161E-06  7.26295E-02  5.59973E-01  1.38640E+00 -4.29079E+01  2.26451E+00  4.09966E+00  6.25797E+03  4.06206E+04  4.64574E+04  4.78925E+03  2.02569E+04  2.19074E+03  0.00000E+00  8.37429E-05  1.45494E-04
       6       2       3  6.18448E-04  4.17043E-04  6.18448E-06  9.85805E-02  8.05704E-01  2.06144E+00 -9.22208E+00  4.81276E-01  1.28532E+00  1.49642E+03  1.72151E+04  2.56106E+04  2.49488E+03  8.62028E+03  8.20125E+02  0.00000E+00  4.10282E-05  3.76015E-04
       6       2       4  8.75281E-04  3.18206E-04  8.75281E-06  1.94361E-01  1.36681E+00  3.27147E+00  5.48447E+01 -8.37038E+00  6.44284E+00  2.55439E+04  4.05613E+04  4.87108E+04  2.15986E+03  1.42186E+04  1.57870E+03  0.00000E+00  2.01853E-04  1.16352E-04
       6       2       5  7.90770E-04  6.04083E-04  7.90770E-06  2.74736E-01  2.00495E+00  4.84033E+00  1.75133E+01 -3.48410E+00  2.14086E+00  7.44549E+03  2.01578E+04  2.50398E+04  9.92966E+02  6.63013E+03  9.97864E+02  0.00000E+00  4.04527E-04  1.99556E-04
       6       2       6  6.14511E-04  5.79303E-04  6.14511E-06  3.76514E-01  2.70798E+00  6.66314E+00  3.37003E+00  7.77090E-01 -2.27088E-01  1.38056E+03  4.59504E+03  1.22837E+04  5.64540E+02  3.93264E+03  4.37191E+02  0.00000E+00  1.19738E-04  4.59565E-04
       6       2       7  6.39382E-04  2.52025E-04  6.39382E-06  6.73263E-01  4.72062E+00  1.13926E+01  9.84205E+01 -1.61401E+01 -1.44193E+01  1.66549E+04  2.91598E+04  2.89734E+04  1.33999E+03  6.50959E+03  4.18927E+02  0.00000E+00  1.89156E-04  6.28689E-05
       6       2       8  1.06529E-03  4.83116E-04  1.06529E-05  9.79686E-01  6.77513E+00  1.69212E+01  5.48246E+01 -3.34038E+00 -5.06490E+00  4.81488E+03  1.47278E+04  1.82895E+04  1.41042E+03  4.27141E+03  4.23235E+02  0.00000E+00  3.33717E-04  1.49399E-04
       6       2       9  1.06450E-03  5.94650E-04  1.06450E-05  1.48571E+00  9.21750E+00  2.27302E+01  1.44081E+01 -2.15381E+00  4.78314E+00  1.06744E+03  4.09865E+03  8.87623E+03  3.28485E+02  3.11427E+03  4.00195E+02  0.00000E+00  1.38561E-04  4.56089E-04
       6       2      10  4.76566E-04  3.92448E-04  4.76566E-06  3.85055E+00  2.88301E+01  6.89682E+01  1.06951E+01 -2.95448E+00 -4.41925E+00  1.17736E+03  6.54463E+03  2.15678E+04  6.53850E+02  8.37956E+03  9.05339E+02  0.00000E+00  4.37415E-05  3.48706E-04
       6       3       1  2.09717E-03  2.23380E-03  2.09717E-05  4.86832E-02  3.66489E-01  5.01320E-01 -5.51023E+01  7.98764E+00  6.49563E-01  1.00990E+04  2.22920E+04  2.51539E+04  2.00258E+03  1.86970E+03  3.50814E+02  0.00000E+00  2.05283E-03  1.80974E-04
       6       3       2  6.16595E-04  6.09185E-04  6.16595E-06  1.18632E-01  9.02620E-01  1.21447E+00 -8.73068E+01  1.09476E+01  5.48463E+00  1.40056E+04  3.51725E+04  3.57718E+04  2.73071E+03  7.34676E+03  4.12637E+02  0.00000E+00  4.61342E-04  1.47843E-04
       6       3       3  1.05439E-03  1.04786E-03  1.05439E-05  1.72278E-01  1.34131E+00  1.77473E+00 -2.40796E+01  6.92152E+00 -5.55304E+00  9.72522E+03  1.44192E+04  1.71995E+04  3.97016E+02  8.32838E+03  1.45953E+03  0.00000E+00  7.44209E-04  3.03650E-04
       6       3       4  1.57391E-03  1.11271E-03  1.57391E-05  2.74780E-01  2.06981E+00  2.66388E+00  1.94645E+02 -2.43083E+01  3.04404E+00  6.25190E+04  2.90349E+04  3.06945E+04 -4.54531E+03  9.08111E+03  1.57887E+03  0.00000E+00  8.83155E-04  2.29557E-04
       6       3       5  1.49557E-03  1.64588E-03  1.49557E-05  4.23546E-01  3.19781E+00  4.09326E+00  9.22188E+01 -9.70946E+00 -7.17371E-01  1.61165E+04  2.06937E+04  2.12810E+04  1.10724E+03  6.52392E+03  7.29020E+02  0.00000E+00  1.23678E-03  4.09098E-04
       6       3       6  1.29965E-03  1.55286E-03  1.29965E-05  5.74778E-01  4.27443E+00  5.65843E+00  5.02091E+01 -5.86830E+00  1.96339E+00  6.52470E+03  8.72847E+03  1.15159E+04  3.79146E+02  4.60273E+03  8.31556E+02  0.00000E+00  7.25771E-04  8.27084E-04
       6       3       7  1.26420E-03  1.01316E-03  1.26420E-05  9.70723E-01  7.27655E+00  9.93626E+00  1.51020E+02 -1.99072E+01 -4.11989E+00  3.10938E+04  1.84520E+04  2.40554E+04 -1.35400E+03  4.77205E+03  1.95367E+02  0.00000E+00  9.00967E-04  1.12190E-04
       6       3       8  2.03590E-03  2.00517E-03  2.03590E-05  1.46720E+00  1.08070E+01  1.44869E+01  1.01092E+02 -1.49454E+01 -2.90758E+00  1.43128E+04  1.09708E+04  1.41087E+04 -4.08655E+02  2.53108E+03  2.77912E+02  0.00000E+00  1.77688E-03  2.28294E-04
       6       3       9  2.35148E-03  1.90958E-03  2.35148E-05  2.06006E+00  1.45242E+01  1.94741E+01  5.16470E+01 -6.88457E+00 -1.24736E+00  4.96987E+03  4.37953E+03  6.46243E+03 -9.33412E+01  1.79611E+03  2.15703E+02  0.00000E+00  1.43894E-03  4.70633E-04
       6       3      10  1.08896E-03  1.04659E-03  1.08896E-05  5.43906E+00  4.46338E+01  5.99501E+01  2.76762E+01  2.52897E+00  4.40350E+00  1.86965E+03  1.03639E+04  1.69627E+04  1.15187E+03  6.27714E+03  6.40044E+02  0.00000E+00  5.23568E-04  5.23022E-04
       6       4       1  2.92075E-03  3.17086E-03  2.92075E-05  6.57182E-02  5.02775E-01  3.56227E-01 -7.07835E+00  4.55454E+00  1.30240E+00  3.39345E+04  1.62131E+04  1.77037E+04 -2.10038E+03  1.31935E+03 -4.37815E+01  0.00000E+00  3.01285E-03  1.58010E-04
       6       4       2  8.85303E-04  9.71794E-04  8.85303E-06  1.70497E-01  1.23064E+00  8.63134E-01  4.39129E+01 -6.04056E+00  3.20738E+00  3.21261E+04  2.77746E+04  1.78429E+04  7.36335E+02  5.38627E+01 -2.25016E+02  0.00000E+00  8.72142E-04  9.96518E-05
       6       4       3  1.49194E-03  1.58303E-03  1.49194E-05  2.30455E-01  1.74097E+00  1.24615E+00  4.38328E+01 -3.74509E+00 -2.39771E+00  2.51356E+04  1.05612E+04  1.23327E+04 -1.79366E+03  2.04477E+03 -4.42489E+02  0.00000E+00  1.38636E-03  1.96669E-04
       6       4       4  2.38471E-03  2.07494E-03  2.38471E-05  3.61730E-01  2.77774E+00  2.06102E+00  1.26771E+02 -1.73400E+01 -3.98258E+00  6.93759E+04  2.84044E+04  2.01921E+04 -5.34282E+03  2.81145E+03 -3.39605E+02  0.00000E+00  1.95642E-03  1.18529E-04
       6       4       5  2.44153E-03  3.00011E-03  2.44153E-05  5.69135E-01  4.27872E+00  2.99401E+00  6.60169E+01 -9.42030E+00 -5.56807E-01  2.77641E+04  2.56331E+04  1.10430E+04 -1.14897E+02  1.95628E+03  4.68592E+02  0.00000E+00  2.68686E-03  3.13247E-04
       6       4       6  2.49103E-03  3.34240E-03  2.49103E-05  7.65718E-01  5.70583E+00  4.05618E+00  4.59586E+01 -5.34037E+00 -3.00372E+00  1.12261E+04  1.16382E+04  6.62893E+03  1.68210E+02  1.81658E+03 -2.03506E+02  0.00000E+00  2.43302E-03  9.09383E-04
       6       4       7  2.48700E-03  1.67274E-03  2.48700E-05  1.16695E+00  9.53051E+00  6.77956E+00  1.77061E+02 -1.79242E+01  5.97494E-01  4.63524E+04  2.70114E+04  2.22799E+04 -3.19183E+03  1.68579E+03  2.34714E+02  0.00000E+00  1.53916E-03  1.33573E-04
       6       4       8  3.39111E-03  4.69508E-03  3.39111E-05  2.01969E+00  1.48588E+01  1.02091E+01  1.04463E+02 -1.34572E+01 -3.59539E+00  1.53330E+04  1.79974E+04  1.11119E+04  2.43288E+02  6.29389E+02 -2.47978E+02  0.00000E+00  4.44692E-03  2.48158E-04
       6       4       9  4.75389E-03  4.99533E-03  4.75389E-05  2.58213E+00  2.09342E+01  1.42721E+01  4.35995E+01 -7.11313E+00 -4.56026E+00  3.12500E+03  8.55674E+03  4.94873E+03  6.25931E+02  1.00068E+03 -1.14754E+02  0.00000E+00  4.35205E-03  6.43279E-04
       6       4      10  2.99591E-03  4.14753E-03  2.99591E-05  8.07650E+00  6.21792E+01  4.23207E+01  4.79822E+01 -7.25109E+00 -2.39553E+00  3.37832E+03  1.70609E+04  8.25129E+03  1.80847E+03  1.65483E+03  1.01459E+02  0.00000E+00  3.59360E-03  5.53926E-04
       6       5       1  3.60934E-03  3.24454E-03  3.60934E-05  7.29999E-02  5.50601E-01  2.37712E-01  2.30255E+00  2.05606E+00  1.80829E+00  3.32547E+04  1.36088E+04  2.12416E+04 -2.29259E+03  9.13943E+02 -1.61535E+02  0.00000E+00  3.08921E-03  1.55336E-04
       6       5       2  1.13073E-03  1.07128E-03  1.13073E-05  1.91373E-01  1.38256E+00  5.88241E-01  5.20512E+01 -8.01870E+00 -1.99327E+00  3.01978E+04  2.73227E+04  1.88848E+04  3.17873E+02 -1.42142E+03 -1.90242E+02  0.00000E+00  1.00662E-03  6.46593E-05
       6       5       3  1.86961E-03  1.77239E-03  1.86961E-05  2.61879E-01  1.94947E+00  8.23224E-01  6.51062E+01 -6.81274E+00  1.78850E+00  2.77050E+04  1.49687E+04  1.65246E+04 -1.34939E+03 -7.12265E+02  1.59545E+03  0.00000E+00  1.61105E-03  1.61338E-04
       6       5       4  3.18856E-03  1.74787E-03  3.18856E-05  4.12175E-01  3.14937E+00  1.34086E+00  9.49457E+01 -1.08250E+01 -2.37607E-01  5.35351E+04  2.57291E+04  3.40148E+04 -3.19911E+03  6.24832E+02  1.29562E+01  0.00000E+00  1.67806E-03  6.98060E-05
       6       5       5  3.53517E-03  3.34295E-03  3.53517E-05  6.15971E-01  4.77928E+00  2.07648E+00  6.27421E+01 -9.31052E+00 -2.24902E+00  2.36845E+04  2.48701E+04  1.78275E+04 -1.05602E+02  1.08634E+03 -3.07688E+02  0.00000E+00  3.11892E-03  2.24037E-04
       6       5       6  4.23456E-03  4.26988E-03  4.23456E-05  8.94267E-01  6.53380E+00  2.86341E+00  5.51879E+01 -7.90089E+00  3.14773E+00  1.26937E+04  2.37526E+04  1.04340E+04  1.78477E+03  1.42908E+03  5.36837E+02  0.00000E+00  3.49555E-03  7.74327E-04
       6       5       7  5.04909E-03  2.64198E-03  5.04909E-05  1.40359E+00  1.08555E+01  4.63609E+00  1.27797E+02 -2.15603E+01 -8.06716E+00  2.45230E+04  3.79167E+04  2.32925E+04  1.17122E+03  1.77602E+03 -1.38121E+03  0.00000E+00  2.49768E-03  1.44298E-04
       6       5       8  5.47454E-03  5.11892E-03  5.47454E-05  2.22056E+00  1.64684E+01  7.17696E+00  8.37209E+01 -9.00127E+00  9.31957E+00  1.05607E+04  2.36419E+04  1.06894E+04  1.80981E+03  8.75257E+02  1.51394E+03  0.00000E+00  4.80700E-03  3.11924E-04
       6       5       9  8.45989E-03  7.65555E-03  8.45989E-05  3.06275E+00  2.32671E+01  9.93027E+00  4.56605E+01 -6.58335E+00 -3.03606E+00  3.51509E+03  8.92799E+03  3.80539E+03  6.97761E+02  3.54807E+02 -2.85695E+02  0.00000E+00  6.94112E-03  7.14424E-04
       6       5      10  9.02304E-03  4.52666E-03  9.02304E-05  8.79151E+00  6.79424E+01  2.91712E+01  4.79376E+01 -3.70916E+00  6.17922E-01  3.34281E+03  2.19122E+04  5.31520E+03  2.60171E+03  7.93203E+02  9.77562E+01  0.00000E+00  4.12144E-03  4.05224E-04
       6       6       1  4.01160E-03  4.01445E-03  4.01160E-05  7.86216E-02  5.90769E-01  7.94577E-02  7.79742E+01 -1.05032E+01  8.98023E-01  3.76291E+04  1.17148E+04  1.91713E+04 -3.92681E+03  1.67677E+02 -3.09430E+02  0.00000E+00  3.90331E-03  1.11139E-04
       6       6       2  1.28484E-03  1.27401E-03  1.28484E-05  1.84708E-01  1.48962E+00  1.90274E-01  9.51704E+01 -1.51489E+01 -4.12467E+00  3.38231E+04  2.79183E+04  1.71827E+04 -1.82519E+03 -1.77708E+02 -1.21106E+02  0.00000E+00  1.22173E-03  5.22776E-05
       6       6       3  2.09511E-03  1.99678E-03  2.09511E-05  2.62968E-01  2.08595E+00  2.68405E-01  8.17220E+01 -1.39001E+01 -6.96515E+00  2.53876E+04  1.64848E+04  1.60164E+04 -1.67919E+03  4.78969E+02 -2.99732E+03  0.00000E+00  1.83359E-03  1.63184E-04
       6       6       4  3.71756E-03  2.87354E-03  3.71756E-05  4.50175E-01  3.40436E+00  4.54669E-01  1.11141E+02 -1.25597E+01 -4.05714E-01  6.17379E+04  2.32495E+04  2.42582E+04 -4.95158E+03  6.16619E+02 -1.79601E+02  0.00000E+00  2.71157E-03  1.61970E-04
       6       6       5  4.34421E-03  5.04923E-03  4.34421E-05  6.83696E-01  5.14932E+00  6.80622E-01  7.55843E+01 -9.17428E+00  3.85346E+00  2.68933E+04  2.17170E+04  1.38935E+04 -6.32408E+02  2.21213E+02  7.64957E+02  0.00000E+00  4.82450E-03  2.24722E-04
       6       6       6  5.74554E-03  5.87318E-03  5.74554E-05  9.33530E-01  7.06280E+00  9.58282E-01  8.26146E+01 -9.08194E+00 -7.10550E-01  2.55996E+04  1.40030E+04  7.29298E+03 -1.49133E+03 -2.76650E+02 -1.05345E+02  0.00000E+00  5.56969E-03  3.03489E-04
       6       6       7  8.16030E-03  5.97389E-03  8.16030E-05  1.55410E+00  1.17822E+01  1.60118E+00  2.17967E+02 -3.02071E+01 -3.74328E+00  5.74473E+04  2.76080E+04  1.20521E+04 -4.21016E+03  7.17116E+02 -5.21946E+02  0.00000E+00  5.86279E-03  1.11107E-04
       6       6       8  8.24336E-03  8.99881E-03  8.24336E-05  2.36082E+00  1.77842E+01  2.36879E+00  1.33445E+02 -1.49409E+01  4.16632E+00  2.36893E+04  2.72662E+04  4.98754E+03  8.03174E+02  3.85888E+02  4.13024E+02  0.00000E+00  8.75355E-03  2.45258E-04
       6       6       9  1.18680E-02  1.34571E-02  1.18680E-04  3.24649E+00  2.43882E+01  3.22818E+00  8.16857E+01 -1.22582E+01 -1.30016E+00  9.86949E+03  1.61556E+04  2.68936E+03  8.08506E+02 -6.04610E+01 -9.99679E+01  0.00000E+00  1.28143E-02  6.42857E-04
       6       6      10  1.90875E-02  2.31134E-02  1.90875E-04  9.71882E+00  7.42300E+01  9.60187E+00  5.49182E+01 -8.04540E+00  3.31533E-02  3.99481E+03  2.44272E+04  9.79962E+02  2.68156E+03  9.19774E+01  1.35406E+01  0.00000E+00  2.26604E-02  4.52986E-04
