         152           4
       1  1.11872E-02  1.01655E-02 -4.64660E+01 -5.51457E+01  2.09680E+00  1.80586E+02  1.93500E+02  2.07980E+00  3.32377E-02  7.70000E-02  3.00000E-01 -6.41574E-02  0.00000E+00  3.00000E-01
       2  5.70130E-03  5.34860E-03 -7.74144E+01 -7.20331E+01  2.11870E+00  1.75815E+02  1.73297E+02  2.29780E+00  1.39799E-01  1.00600E-01  3.00000E-01 -3.45180E-02  0.00000E+00  3.00000E-01
       3  5.20937E-03  5.07624E-03 -6.93513E+01 -7.03214E+01  2.97040E+00  1.75787E+02  1.57694E+02  3.02370E+00  1.02191E-01  9.83000E-02  3.00000E-01 -3.89121E-02  0.00000E+00  3.00000E-01
       4  3.63803E-03  3.31214E-03 -4.97357E+01 -5.93916E+01  2.64100E+00  1.79571E+02  1.79503E+02  2.60000E+00  2.87546E-02  8.30000E-02  3.00000E-01 -5.16477E-02  0.00000E+00  3.00000E-01
       5  6.40447E-03  5.94268E-03 -3.32843E+01 -4.29252E+01  2.62700E+00  1.74197E+02  2.03949E+02  2.49860E+00  1.59832E-03  6.00000E-02  3.00000E-01 -4.93419E-02  0.00000E+00  3.00000E-01
       6  1.84434E-03  1.95133E-03 -7.46382E+01 -7.66923E+01  4.18970E+00  1.53257E+02  1.53159E+02  4.23960E+00  1.72605E-01  1.07200E-01  3.00000E-01  8.88849E-03  0.00000E+00  3.00000E-01
       7  3.70911E-03  3.78780E-03 -6.20455E+01 -6.08558E+01  2.81680E+00  1.61536E+02  1.54194E+02  3.00380E+00  7.97949E-02  8.50000E-02  3.00000E-01 -5.74782E-03  0.00000E+00  3.00000E-01
       8  3.71651E-03  3.32973E-03 -3.09172E+01 -4.55340E+01  2.66940E+00  1.67281E+02  1.84950E+02  2.80100E+00 -2.19847E-02  6.36000E-02  3.00000E-01 -9.88817E-03  0.00000E+00  3.00000E-01
       9  2.51829E-03  2.86228E-03 -6.68749E+01 -7.37064E+01  3.32630E+00  1.41342E+02  1.33986E+02  3.59880E+00  1.66351E-01  1.03000E-01  3.00000E-01  2.69515E-02  0.00000E+00  3.00000E-01
      10  3.56234E-03  3.38903E-03 -4.64177E+01 -5.00778E+01  3.24950E+00  1.53979E+02  1.67266E+02  3.32320E+00  2.66293E-02  7.00000E-02  3.00000E-01  7.87199E-03  0.00000E+00  3.00000E-01
      11  1.37642E-03  1.54399E-03 -7.32122E+01 -8.66754E+01  3.87500E+00  1.37514E+02  1.46387E+02  5.24270E+00  2.07337E-01  1.21100E-01  3.00000E-01  3.66668E-02  0.00000E+00  3.00000E-01
      12  1.30222E-02  1.19737E-02 -1.00123E+01 -2.61590E+01  1.95760E+00  1.55669E+02  2.01454E+02  1.89660E+00 -1.69696E-02  3.65000E-02  3.00000E-01  2.12797E-03  0.00000E+00  3.00000E-01
      13  5.08673E-03  4.51103E-03 -2.06228E+01 -3.72943E+01  2.53240E+00  1.52151E+02  1.78601E+02  2.62510E+00 -1.91391E-02  5.21000E-02  3.00000E-01  2.74230E-02  0.00000E+00  3.00000E-01
      14  1.06445E-02  1.02574E-02 -1.89571E+01 -3.44990E+01  2.01780E+00  1.65547E+02  2.09083E+02  2.43910E+00 -3.27817E-03  4.82000E-02  3.00000E-01 -5.22229E-02  0.00000E+00  3.00000E-01
      15  1.28514E-02  1.25749E-02 -6.84296E+00 -1.63027E+01  2.61890E+00  1.58842E+02  2.13903E+02  2.26050E+00 -2.46388E-03  2.28000E-02  3.00000E-01 -4.16330E-02  0.00000E+00  3.00000E-01
      16  2.63649E-03  2.70028E-03 -2.98696E+01 -3.87077E+01  4.33610E+00  1.30239E+02  1.50981E+02  4.82940E+00  1.73131E-02  5.41000E-02  3.00000E-01  3.42694E-02  0.00000E+00  3.00000E-01
      17  9.87356E-03  9.16114E-03 -4.44968E+01 -6.05436E+01  3.43570E+00  1.38175E+02  1.25864E+02  3.59830E+00  3.71990E-02  8.46000E-02  3.00000E-01  8.38029E-04  0.00000E+00  3.00000E-01
      18  1.53564E-03  1.44904E-03 -1.36973E+01 -1.97254E+01  4.73350E+00  1.42510E+02  1.58949E+02  4.61790E+00  3.41064E-04  2.76000E-02  3.00000E-01  2.20695E-02  0.00000E+00  3.00000E-01
      19  4.11107E-03  3.65529E-03  2.10427E+00  4.25290E+00  2.76540E+00  1.44651E+02  1.68387E+02  2.73010E+00  6.21556E-03 -5.90000E-03  3.00000E-01  3.22125E-02  0.00000E+00  3.00000E-01
      20  4.09600E-03  4.07206E-03 -1.32493E+01 -1.64615E+01  3.52970E+00  1.23687E+02  1.43857E+02  3.54450E+00 -2.91068E-03  2.30000E-02  3.00000E-01  5.06158E-02  0.00000E+00  3.00000E-01
      21  3.88766E-03  3.36914E-03  4.63658E+00  3.07820E+00  3.50300E+00  1.47518E+02  1.78698E+02  3.01190E+00  1.55613E-02 -4.30000E-03  3.00000E-01  4.33342E-02  0.00000E+00  3.00000E-01
      22  1.02351E-02  9.79223E-03  2.43547E+00  7.42610E+00  2.47200E+00  1.54808E+02  2.04616E+02  2.28450E+00  4.07313E-03 -1.04000E-02  3.00000E-01 -2.05571E-02  0.00000E+00  3.00000E-01
      23  2.09485E-03  2.10948E-03  4.62485E+00  6.42000E-02  3.23530E+00  1.27040E+02  1.46307E+02  3.75370E+00  8.96364E-03 -1.00000E-04  3.00000E-01  2.76066E-02  0.00000E+00  3.00000E-01
      24  7.16826E-03  7.07784E-03 -3.52474E+01 -4.05902E+01  1.00825E+01  1.26284E+02  1.11405E+02  1.00086E+01  1.87251E-02  5.67000E-02  3.00000E-01 -4.70874E-02  0.00000E+00  3.00000E-01
      25  7.36945E-03  6.25498E-03 -8.44471E+00 -1.27600E-01  6.76040E+00  1.40967E+02  1.10589E+02  7.09400E+00 -1.39101E-03  2.00000E-04  3.00000E-01 -4.90702E-02  0.00000E+00  3.00000E-01
      26  1.03624E-02  1.01284E-02 -5.00514E+01 -8.73687E+01  8.21170E+00  1.09639E+02  1.02161E+02  7.20870E+00  2.59055E-02  1.22100E-01  3.00000E-01  3.30637E-03  0.00000E+00  3.00000E-01
      27  3.33212E-03  3.23613E-03 -6.79303E+01 -8.97611E+01  4.07440E+00  1.33706E+02  1.22064E+02  4.59060E+00  1.18524E-01  1.25400E-01  3.00000E-01  2.86546E-02  0.00000E+00  3.00000E-01
      28  1.26100E-03  1.34861E-03 -7.78020E+01 -9.18239E+01  4.08350E+00  1.30847E+02  1.37606E+02  4.08200E+00  2.10819E-01  1.28300E-01  3.00000E-01  7.53844E-02  0.00000E+00  3.00000E-01
      29  1.56682E-03  1.71361E-03 -8.49895E+01 -8.53951E+01  3.61540E+00  1.34807E+02  1.51784E+02  3.88060E+00  2.40350E-01  1.19300E-01  3.00000E-01  8.65263E-02  0.00000E+00  3.00000E-01
      30  3.47699E-03  2.94928E-03 -7.59255E+01 -1.14358E+02  4.66580E+00  1.38828E+02  1.22178E+02  4.97350E+00  9.30095E-02  1.59800E-01  3.00000E-01  1.30656E-02  0.00000E+00  3.00000E-01
      31  1.92749E-03  2.00717E-03 -8.39121E+01 -8.14300E+01  3.54520E+00  1.49904E+02  1.60441E+02  3.61190E+00  2.04643E-01  1.13800E-01  3.00000E-01  4.07069E-02  0.00000E+00  3.00000E-01
      32  1.03445E-02  1.00125E-02 -8.63759E+01 -1.32051E+02  4.99940E+00  1.36430E+02  1.03527E+02  5.06440E+00  7.04267E-02  1.84500E-01  3.00000E-01 -3.46106E-02  0.00000E+00  3.00000E-01
      33  6.48277E-03  4.77942E-03 -1.07488E+02 -1.24535E+02  3.79810E+00  1.50926E+02  1.22670E+02  4.11950E+00  4.75064E-02  1.74000E-01  3.00000E-01 -1.95311E-03  0.00000E+00  3.00000E-01
      34  3.29359E-03  2.86073E-03 -8.43803E+01 -9.57580E+01  3.50070E+00  1.26691E+02  1.29370E+02  3.37900E+00  1.41736E-01  1.33800E-01  3.00000E-01  8.56340E-02  0.00000E+00  3.00000E-01
      35  1.26296E-02  1.13447E-02 -1.23281E+02 -1.52696E+02  3.72370E+00  1.31862E+02  9.98517E+01  3.80120E+00  7.39945E-02  2.13300E-01  3.00000E-01  3.64056E-04  0.00000E+00  3.00000E-01
      36  1.32579E-03  1.38717E-03 -9.07247E+01 -9.03990E+01  3.94300E+00  1.22876E+02  1.43693E+02  3.89150E+00  2.35644E-01  1.26300E-01  3.00000E-01  1.43093E-01  0.00000E+00  3.00000E-01
      37  1.30718E-02  1.46642E-02 -6.51573E+01 -1.61801E+02  6.01230E+00  8.16440E+01  8.50652E+01  6.60920E+00  9.90220E-02  2.26100E-01  3.00000E-01  3.53613E-02  0.00000E+00  3.00000E-01
      38  5.20918E-03  3.79254E-03 -9.36723E+01 -1.11794E+02  2.99430E+00  1.48122E+02  1.19721E+02  3.35420E+00  2.52149E-02  1.56200E-01  3.00000E-01  2.84948E-02  0.00000E+00  3.00000E-01
      39  2.72557E-03  2.86674E-03 -8.37685E+01 -9.52033E+01  3.35160E+00  1.30901E+02  1.44592E+02  3.36560E+00  2.32414E-01  1.33000E-01  3.00000E-01  8.36685E-02  0.00000E+00  3.00000E-01
      40  1.27365E-02  9.98764E-03 -2.81750E+01 -1.97637E+02  6.00790E+00  3.69756E+01  6.55906E+01  7.20350E+00 -7.56174E-02  2.76100E-01  3.00000E-01  1.89102E-01  0.00000E+00  3.00000E-01
      41  9.99181E-03  1.06028E-02 -8.07820E+01 -1.65616E+02  4.30430E+00  9.93118E+01  8.33342E+01  4.77530E+00  7.68719E-02  2.31400E-01  3.00000E-01  4.60253E-02  0.00000E+00  3.00000E-01
      42  6.42479E-03  5.89209E-03 -9.89390E+01 -1.25516E+02  3.53720E+00  1.36511E+02  1.04361E+02  3.94210E+00  7.88793E-02  1.75400E-01  3.00000E-01 -1.67571E-02  0.00000E+00  3.00000E-01
      43  1.35066E-02  1.61745E-02 -8.96421E+01 -2.00253E+02  4.68790E+00  8.10030E+01  7.05455E+01  6.39010E+00  1.38282E-01  2.79800E-01  3.00000E-01  2.19945E-02  0.00000E+00  3.00000E-01
      44  3.01335E-03  2.24198E-03 -8.65469E+01 -1.13573E+02  4.52250E+00  1.49982E+02  1.17822E+02  4.77830E+00  3.89931E-02  1.58700E-01  3.00000E-01 -1.15794E-02  0.00000E+00  3.00000E-01
      45  1.25680E-03  1.36041E-03 -7.54347E+01 -9.20753E+01  3.96280E+00  1.34838E+02  1.46072E+02  3.57010E+00  2.00973E-01  1.28600E-01  3.00000E-01  4.88759E-02  0.00000E+00  3.00000E-01
      46  1.65095E-03  1.82830E-03 -7.99238E+01 -9.10898E+01  3.34400E+00  1.43190E+02  1.61695E+02  3.60620E+00  1.96980E-01  1.27300E-01  3.00000E-01  4.69364E-02  0.00000E+00  3.00000E-01
      47  3.33790E-03  3.01922E-03 -7.09113E+01 -9.81729E+01  3.58330E+00  1.39455E+02  1.21180E+02  4.10090E+00  1.14446E-01  1.37200E-01  3.00000E-01  1.19322E-02  0.00000E+00  3.00000E-01
      48  4.74556E-03  4.69883E-03 -7.65436E+01 -6.95816E+01  2.54100E+00  1.67182E+02  1.64613E+02  2.59370E+00  1.39856E-01  9.72000E-02  3.00000E-01 -1.36163E-02  0.00000E+00  3.00000E-01
      49  1.23583E-03  1.42213E-03 -7.35726E+01 -8.82302E+01  3.46790E+00  1.37281E+02  1.57875E+02  3.15310E+00  1.88966E-01  1.23300E-01  3.00000E-01  4.34464E-02  0.00000E+00  3.00000E-01
      50  1.69448E-03  1.86826E-03 -7.09722E+01 -8.23289E+01  3.31840E+00  1.54598E+02  1.67328E+02  3.32990E+00  1.62755E-01  1.15000E-01  3.00000E-01  6.65121E-03  0.00000E+00  3.00000E-01
      51  8.72558E-03  9.15877E-03 -6.01652E+01 -1.07611E+02  5.32290E+00  1.19807E+02  9.51285E+01  5.75030E+00  2.96872E-02  1.50400E-01  3.00000E-01 -9.73188E-03  0.00000E+00  3.00000E-01
      52  3.85081E-03  3.48985E-03 -6.07912E+01 -5.18417E+01  2.48570E+00  1.83789E+02  2.05582E+02  2.37090E+00  6.66772E-02  7.24000E-02  3.00000E-01 -6.20546E-02  0.00000E+00  3.00000E-01
      53  1.14797E-03  1.30302E-03 -7.04875E+01 -7.95708E+01  3.64480E+00  1.35520E+02  1.44946E+02  4.05920E+00  1.68849E-01  1.11200E-01  3.00000E-01  4.34195E-02  0.00000E+00  3.00000E-01
      54  2.58632E-03  2.37556E-03 -7.21548E+01 -9.13735E+01  3.94420E+00  1.40552E+02  1.18040E+02  3.70890E+00  9.43801E-02  1.27700E-01  3.00000E-01  5.18536E-03  0.00000E+00  3.00000E-01
      55  1.60547E-03  1.72815E-03 -6.84532E+01 -7.26749E+01  2.99110E+00  1.49655E+02  1.64762E+02  3.44310E+00  1.22316E-01  1.01500E-01  3.00000E-01  1.77145E-02  0.00000E+00  3.00000E-01
      56  2.41046E-03  2.32610E-03 -6.23534E+01 -6.05916E+01  2.90940E+00  1.70909E+02  1.76118E+02  3.11640E+00  6.29577E-02  8.47000E-02  3.00000E-01 -2.57198E-02  0.00000E+00  3.00000E-01
      57  3.95646E-03  3.60573E-03 -4.41322E+01 -3.90104E+01  2.31750E+00  1.77568E+02  2.06014E+02  2.31160E+00  7.05235E-03  5.45000E-02  3.00000E-01 -3.64089E-02  0.00000E+00  3.00000E-01
      58  7.33416E-03  6.83604E-03 -2.34057E+01 -3.44129E+01  2.42660E+00  1.67017E+02  2.06800E+02  2.04820E+00 -1.56007E-02  4.81000E-02  3.00000E-01 -3.69066E-02  0.00000E+00  3.00000E-01
      59  5.40770E-03  4.79376E-03 -5.43462E+01 -7.06768E+01  3.54790E+00  1.40021E+02  1.21332E+02  3.99690E+00  4.61351E-02  9.87000E-02  3.00000E-01 -4.10513E-03  0.00000E+00  3.00000E-01
      60  1.00899E-03  1.10857E-03 -5.99532E+01 -6.58570E+01  4.59500E+00  1.28973E+02  1.38512E+02  5.63270E+00  1.30644E-01  9.20000E-02  3.00000E-01  4.21121E-02  0.00000E+00  3.00000E-01
      61  1.40311E-03  1.44780E-03 -5.57597E+01 -5.91339E+01  3.37190E+00  1.40570E+02  1.71291E+02  3.71740E+00  7.75768E-02  8.26000E-02  3.00000E-01  3.55693E-02  0.00000E+00  3.00000E-01
      62  2.08762E-03  1.95348E-03 -4.97901E+01 -4.92578E+01  3.20750E+00  1.63925E+02  1.70370E+02  3.17090E+00  1.85027E-02  6.88000E-02  3.00000E-01 -6.91162E-03  0.00000E+00  3.00000E-01
      63  1.29262E-02  1.26516E-02 -9.76799E+00 -1.66150E+01  2.31170E+00  1.60268E+02  2.14012E+02  2.27080E+00 -3.08670E-03  2.32000E-02  3.00000E-01 -4.35906E-02  0.00000E+00  3.00000E-01
      64  3.36190E-03  2.99545E-03 -3.24921E+01 -3.48226E+01  3.01100E+00  1.65976E+02  1.92501E+02  3.20530E+00 -2.65295E-02  4.87000E-02  3.00000E-01  2.17541E-03  0.00000E+00  3.00000E-01
      65  3.24146E-03  3.23185E-03 -3.83240E+01 -4.67406E+01  4.32920E+00  1.23330E+02  1.29943E+02  4.18700E+00  3.09196E-02  6.53000E-02  3.00000E-01  4.71070E-02  0.00000E+00  3.00000E-01
      66  1.62288E-02  1.52748E-02 -5.67372E+00 -9.71960E+00  1.98640E+00  1.54958E+02  2.04650E+02  1.82760E+00 -1.03323E-02  1.36000E-02  3.00000E-01 -1.23998E-02  0.00000E+00  3.00000E-01
      67  2.91442E-02  2.89346E-02  4.26697E+00  1.97364E+01  1.65850E+00  1.58987E+02  2.10271E+02  1.68840E+00  2.62278E-03 -2.76000E-02  3.00000E-01 -4.70803E-02  0.00000E+00  3.00000E-01
      68  1.28766E-02  1.28029E-02 -3.88256E+01 -5.53930E+01  7.43740E+00  1.07031E+02  9.90821E+01  6.39610E+00  2.62399E-02  7.74000E-02  3.00000E-01 -2.27802E-02  0.00000E+00  3.00000E-01
      69  1.64507E-03  1.56181E-03 -3.58089E+01 -3.85227E+01  2.88670E+00  1.44637E+02  1.74375E+02  3.53670E+00 -6.97501E-03  5.38000E-02  3.00000E-01  2.59026E-02  0.00000E+00  3.00000E-01
      70  6.08167E-03  5.42601E-03  5.12571E+00  1.72862E+01  3.27700E+00  1.15812E+02  1.21636E+02  3.75850E+00  1.93831E-02 -2.42000E-02  3.00000E-01  1.08521E-01  0.00000E+00  3.00000E-01
      71  2.47359E-03  2.18139E-03 -1.91721E+01 -1.98976E+01  3.89570E+00  1.50785E+02  1.70702E+02  3.88190E+00 -3.02980E-02  2.78000E-02  3.00000E-01  3.26103E-02  0.00000E+00  3.00000E-01
      72  9.35559E-03  8.48369E-03  1.89642E+01  2.54342E+01  2.23560E+00  1.59549E+02  1.98916E+02  2.20800E+00  2.78410E-02 -3.55000E-02  3.00000E-01  6.08167E-03  0.00000E+00  3.00000E-01
      73  4.11866E-03  3.72372E-03  2.71106E+01  3.19210E+01  2.31940E+00  1.50020E+02  1.72709E+02  2.61440E+00  1.36523E-02 -4.46000E-02  3.00000E-01  3.46921E-02  0.00000E+00  3.00000E-01
      74  3.88766E-03  3.34606E-03 -5.53279E+00 -3.07820E+00  3.50300E+00  1.46476E+02  1.78698E+02  3.01190E+00 -1.96638E-02  4.30000E-03  3.00000E-01  4.42203E-02  0.00000E+00  3.00000E-01
      75  5.42531E-03  4.71619E-03 -3.41871E+01 -3.44652E+01  5.16830E+00  1.41250E+02  1.07433E+02  5.64620E+00  1.27511E-02  4.82000E-02  3.00000E-01 -1.01013E-02  0.00000E+00  3.00000E-01
      76  1.28514E-02  1.25776E-02  6.40309E+00  1.63027E+01  2.61890E+00  1.58461E+02  2.13903E+02  2.26050E+00  3.44407E-03 -2.28000E-02  3.00000E-01 -4.06226E-02  0.00000E+00  3.00000E-01
      77  1.33877E-02  1.34729E-02 -3.28329E+01 -1.55468E+02  5.77590E+00  4.86076E+01  6.82334E+01  7.73900E+00 -7.71488E-02  2.17200E-01  3.00000E-01  1.04306E-01  0.00000E+00  3.00000E-01
      78  9.13856E-03  6.31422E-03 -2.71448E+01 -2.14718E+02  6.11990E+00  2.40961E+01  5.66170E+01  9.13570E+00  5.42627E-02  3.00000E-01  3.00000E-01  3.47037E-02  0.00000E+00  3.00000E-01
      79  1.46669E-03  1.48399E-03 -2.19773E+01 -2.66730E+01  4.69660E+00  1.18652E+02  1.32862E+02  5.12060E+00  5.89947E-03  3.73000E-02  3.00000E-01  5.86212E-02  0.00000E+00  3.00000E-01
      80  1.23028E-03  1.23145E-03 -2.32549E+01 -2.19635E+01  3.75400E+00  1.35208E+02  1.45756E+02  4.26770E+00  2.38244E-03  3.07000E-02  3.00000E-01  3.27208E-02  0.00000E+00  3.00000E-01
      81  2.16485E-03  2.22097E-03 -1.00696E+01 -1.50469E+01  4.04570E+00  1.18295E+02  1.28562E+02  4.76240E+00 -1.21933E-02  2.10000E-02  3.00000E-01  5.98448E-02  0.00000E+00  3.00000E-01
      82  1.71572E-03  1.58005E-03 -9.25763E+00 -1.69529E+01  4.11020E+00  1.43850E+02  1.64466E+02  4.08680E+00 -7.61429E-03  2.37000E-02  3.00000E-01  3.37555E-02  0.00000E+00  3.00000E-01
      83  5.87670E-03  5.29806E-03  3.96636E+00  2.36044E+01  2.54170E+00  1.50346E+02  2.01731E+02  2.35250E+00  1.02665E-02 -3.30000E-02  3.00000E-01  1.84555E-02  0.00000E+00  3.00000E-01
      84  2.39535E-03  2.09185E-03  4.14571E+00  6.25090E+00  3.73800E+00  1.49745E+02  1.71546E+02  3.66870E+00 -8.78688E-03 -8.70000E-03  3.00000E-01  3.56245E-02  0.00000E+00  3.00000E-01
      85  4.75211E-03  3.88544E-03 -3.28260E+00 -1.49436E+01  5.71080E+00  1.45154E+02  1.03941E+02  6.87710E+00 -1.65456E-02  2.09000E-02  3.00000E-01 -2.18100E-02  0.00000E+00  3.00000E-01
      86  1.18661E-03  1.17908E-03 -2.67411E-01  5.89020E+00  3.99590E+00  1.29089E+02  1.53860E+02  4.59740E+00 -9.87800E-03 -8.20000E-03  3.00000E-01  2.77747E-02  0.00000E+00  3.00000E-01
      87  1.35500E-02  1.25154E-02  2.29962E+01  3.74109E+01  1.99580E+00  1.66833E+02  2.02812E+02  1.97070E+00  1.34961E-02 -5.23000E-02  3.00000E-01 -3.03295E-02  0.00000E+00  3.00000E-01
      88  3.18483E-03  2.75842E-03  1.55535E+01  3.76838E+01  3.34130E+00  1.52021E+02  1.85456E+02  3.54960E+00  1.91700E-02 -5.27000E-02  3.00000E-01  2.66309E-02  0.00000E+00  3.00000E-01
      89  1.06445E-02  1.02448E-02  1.96576E+01  3.44990E+01  2.01780E+00  1.66073E+02  2.09083E+02  2.43910E+00  1.75151E-03 -4.82000E-02  3.00000E-01 -5.12212E-02  0.00000E+00  3.00000E-01
      90  1.53564E-03  1.45649E-03  1.25475E+01  1.97254E+01  4.73350E+00  1.43321E+02  1.58949E+02  4.61790E+00  2.44417E-03 -2.76000E-02  3.00000E-01  2.16513E-02  0.00000E+00  3.00000E-01
      91  7.33416E-03  6.83398E-03  2.26837E+01  3.44129E+01  2.42660E+00  1.65193E+02  2.06800E+02  2.04820E+00  1.23040E-02 -4.81000E-02  3.00000E-01 -3.24962E-02  0.00000E+00  3.00000E-01
      92  1.52209E-03  1.55766E-03  3.89925E+00 -1.66190E+00  4.87370E+00  1.18046E+02  1.34958E+02  5.21500E+00 -3.76632E-03  2.30000E-03  3.00000E-01  3.87710E-02  0.00000E+00  3.00000E-01
      93  3.71651E-03  3.34965E-03  3.12615E+01  4.55340E+01  2.66940E+00  1.66354E+02  1.84950E+02  2.80100E+00  2.22894E-02 -6.36000E-02  3.00000E-01 -6.25170E-03  0.00000E+00  3.00000E-01
      94  1.90190E-03  1.75446E-03  2.85880E+01  3.67685E+01  3.88200E+00  1.50768E+02  1.70325E+02  3.90010E+00  9.06571E-03 -5.14000E-02  3.00000E-01  2.46561E-02  0.00000E+00  3.00000E-01
      95  3.04395E-03  2.70665E-03  9.02292E+00  4.09800E+00  6.29160E+00  1.23098E+02  1.28315E+02  5.83360E+00  9.34595E-03 -5.70000E-03  3.00000E-01  7.88368E-02  0.00000E+00  3.00000E-01
      96  1.03871E-02  9.44239E-03  4.66350E+01  4.96517E+01  1.89490E+00  1.80212E+02  2.04868E+02  1.86230E+00 -2.90412E-02 -6.94000E-02  3.00000E-01 -6.20747E-02  0.00000E+00  3.00000E-01
      97  1.03463E-03  1.04638E-03  1.78687E+01  2.43638E+01  5.29040E+00  1.28808E+02  1.54438E+02  5.63680E+00 -2.13726E-02 -3.40000E-02  3.00000E-01  3.00529E-02  0.00000E+00  3.00000E-01
      98  1.23028E-03  1.25183E-03  1.88079E+01  2.19635E+01  3.75400E+00  1.32601E+02  1.45756E+02  4.26770E+00  6.53384E-03 -3.07000E-02  3.00000E-01  2.43139E-02  0.00000E+00  3.00000E-01
      99  3.95646E-03  3.60685E-03  4.48812E+01  3.90104E+01  2.31750E+00  1.78073E+02  2.06014E+02  2.31160E+00 -1.25894E-02 -5.45000E-02  3.00000E-01 -4.59646E-02  0.00000E+00  3.00000E-01
     100  3.63803E-03  3.30678E-03  5.14217E+01  5.93916E+01  2.64100E+00  1.80958E+02  1.79503E+02  2.60000E+00 -2.19297E-02 -8.30000E-02  3.00000E-01 -4.75087E-02  0.00000E+00  3.00000E-01
     101  4.40999E-03  4.19562E-03  5.42181E+01  5.56762E+01  3.02470E+00  1.67371E+02  1.67626E+02  3.00050E+00 -3.97904E-02 -7.78000E-02  3.00000E-01 -2.28500E-02  0.00000E+00  3.00000E-01
     102  4.65093E-03  4.20136E-03  5.58796E+01  6.41298E+01  3.00430E+00  1.84109E+02  1.84157E+02  2.87750E+00 -5.48123E-02 -8.96000E-02  3.00000E-01 -6.35346E-02  0.00000E+00  3.00000E-01
     103  1.23156E-03  1.25746E-03  3.09011E+01  3.85853E+01  5.73760E+00  1.37470E+02  1.61140E+02  6.70480E+00 -2.71769E-02 -5.39000E-02  3.00000E-01  2.13419E-02  0.00000E+00  3.00000E-01
     104  9.85493E-03  9.43578E-03  2.25217E+01  2.30641E+01  9.59970E+00  1.19030E+02  1.07645E+02  9.74700E+00 -1.10014E-03 -3.22000E-02  3.00000E-01 -3.84262E-02  0.00000E+00  3.00000E-01
     105  2.76917E-03  2.79290E-03  2.73495E+01  3.67031E+01  5.26070E+00  1.24315E+02  1.39582E+02  5.24910E+00 -5.84862E-03 -5.13000E-02  3.00000E-01  4.54183E-02  0.00000E+00  3.00000E-01
     106  2.08762E-03  1.97657E-03  4.77938E+01  4.92578E+01  3.20750E+00  1.61902E+02  1.70370E+02  3.17090E+00 -2.11197E-02 -6.88000E-02  3.00000E-01 -1.86762E-03  0.00000E+00  3.00000E-01
     107  1.39072E-03  1.41829E-03  4.88545E+01  4.86514E+01  5.14740E+00  1.40775E+02  1.61512E+02  5.38590E+00 -5.76303E-02 -6.80000E-02  3.00000E-01  2.37439E-02  0.00000E+00  3.00000E-01
     108  5.58888E-03  5.28091E-03  7.39975E+01  7.60691E+01  2.84590E+00  1.76322E+02  1.68728E+02  3.07360E+00 -1.22240E-01 -1.06300E-01  3.00000E-01 -3.62631E-02  0.00000E+00  3.00000E-01
     109  1.59959E-03  1.62725E-03  3.01173E+01  3.12237E+01  4.52500E+00  1.20287E+02  1.28783E+02  4.74540E+00 -2.60490E-02 -4.36000E-02  3.00000E-01  4.38410E-02  0.00000E+00  3.00000E-01
     110  2.41046E-03  2.32750E-03  6.24091E+01  6.05916E+01  2.90940E+00  1.70255E+02  1.76118E+02  3.11640E+00 -6.54797E-02 -8.47000E-02  3.00000E-01 -2.88144E-02  0.00000E+00  3.00000E-01
     111  3.22140E-03  2.92430E-03  7.47604E+01  6.87448E+01  2.57530E+00  1.83084E+02  1.75875E+02  2.77020E+00 -1.15733E-01 -9.60000E-02  3.00000E-01 -5.29753E-02  0.00000E+00  3.00000E-01
     112  2.65505E-03  2.68727E-03  4.66421E+01  5.27820E+01  4.76920E+00  1.25280E+02  1.32920E+02  4.55460E+00 -4.76910E-02 -7.37000E-02  3.00000E-01  3.64104E-02  0.00000E+00  3.00000E-01
     113  2.47299E-03  2.44317E-03  7.12170E+01  6.44952E+01  3.38250E+00  1.71718E+02  1.68797E+02  3.75640E+00 -1.14353E-01 -9.01000E-02  3.00000E-01 -2.11206E-02  0.00000E+00  3.00000E-01
     114  1.47074E-03  1.55713E-03  6.41656E+01  6.09376E+01  3.68380E+00  1.49639E+02  1.44153E+02  4.23210E+00 -1.06237E-01 -8.51000E-02  3.00000E-01  1.25762E-02  0.00000E+00  3.00000E-01
     115  2.41210E-03  2.56699E-03  5.75888E+01  6.14871E+01  2.71850E+00  1.35459E+02  1.61346E+02  3.10260E+00 -9.75330E-02 -8.59000E-02  3.00000E-01  3.75739E-02  0.00000E+00  3.00000E-01
     116  4.85924E-03  4.49017E-03  3.90319E+01  2.17985E+01  7.38860E+00  1.40438E+02  1.05102E+02  7.90260E+00 -3.68823E-02 -3.05000E-02  3.00000E-01 -5.14633E-02  0.00000E+00  3.00000E-01
     117  2.10040E-03  2.13638E-03  6.88581E+01  6.88558E+01  4.02080E+00  1.67131E+02  1.48397E+02  3.99660E+00 -1.25786E-01 -9.62000E-02  3.00000E-01 -2.56909E-02  0.00000E+00  3.00000E-01
     118  2.68487E-03  2.87318E-03  5.32908E+01  5.92784E+01  5.08820E+00  1.28454E+02  1.31205E+02  5.16520E+00 -9.36148E-02 -8.28000E-02  3.00000E-01  2.88421E-02  0.00000E+00  3.00000E-01
     119  1.60547E-03  1.72874E-03  6.72356E+01  7.26749E+01  2.99110E+00  1.51994E+02  1.64762E+02  3.44310E+00 -1.23496E-01 -1.01500E-01  3.00000E-01  1.53944E-02  0.00000E+00  3.00000E-01
     120  8.03854E-03  7.19589E-03  4.50582E+01  5.09015E+01  5.64670E+00  1.46660E+02  1.16348E+02  5.83170E+00 -2.89387E-02 -7.11000E-02  3.00000E-01 -4.52870E-02  0.00000E+00  3.00000E-01
     121  2.27257E-03  2.27878E-03  8.08132E+01  7.61701E+01  3.84970E+00  1.63980E+02  1.60800E+02  3.58570E+00 -1.73006E-01 -1.06400E-01  3.00000E-01  3.57849E-05  0.00000E+00  3.00000E-01
     122  2.83506E-03  3.23907E-03  6.75613E+01  8.27018E+01  3.09000E+00  1.47468E+02  1.44534E+02  3.77070E+00 -1.75000E-01 -1.15500E-01  3.00000E-01  1.08735E-02  0.00000E+00  3.00000E-01
     123  3.41115E-03  3.67772E-03  7.87738E+01  8.16806E+01  2.73720E+00  1.45396E+02  1.52411E+02  2.86250E+00 -1.96871E-01 -1.14100E-01  3.00000E-01  3.61515E-02  0.00000E+00  3.00000E-01
     124  2.93032E-03  3.24500E-03  7.33659E+01  8.51497E+01  2.39760E+00  1.45732E+02  1.62344E+02  2.28950E+00 -1.65932E-01 -1.19000E-01  3.00000E-01  2.66628E-02  0.00000E+00  3.00000E-01
     125  1.92749E-03  2.03545E-03  8.44899E+01  8.14300E+01  3.54520E+00  1.46717E+02  1.60441E+02  3.61190E+00 -2.02092E-01 -1.13800E-01  3.00000E-01  4.93583E-02  0.00000E+00  3.00000E-01
     126  1.65095E-03  1.81829E-03  7.98233E+01  9.10898E+01  3.34400E+00  1.44889E+02  1.61695E+02  3.60620E+00 -2.12171E-01 -1.27300E-01  3.00000E-01  4.21170E-02  0.00000E+00  3.00000E-01
     127  1.05965E-03  1.17869E-03  6.60283E+01  7.22056E+01  4.37510E+00  1.31981E+02  1.27268E+02  4.80780E+00 -1.70214E-01 -1.00900E-01  3.00000E-01  4.15515E-02  0.00000E+00  3.00000E-01
     128  1.14797E-03  1.30952E-03  6.80519E+01  7.95708E+01  3.64480E+00  1.35883E+02  1.44946E+02  4.05920E+00 -1.70924E-01 -1.11200E-01  3.00000E-01  4.08559E-02  0.00000E+00  3.00000E-01
     129  4.85228E-03  4.39935E-03  6.36358E+01  8.53516E+01  4.42960E+00  1.40999E+02  1.15338E+02  5.08700E+00 -6.08629E-02 -1.19300E-01  3.00000E-01 -9.07853E-03  0.00000E+00  3.00000E-01
     130  3.67954E-03  3.14111E-03  3.89947E+01  5.04692E+01  5.06090E+00  1.38087E+02  1.17951E+02  5.57950E+00 -1.50625E-02 -7.05000E-02  3.00000E-01  2.14049E-02  0.00000E+00  3.00000E-01
     131  2.72557E-03  2.88785E-03  8.60990E+01  9.52033E+01  3.35160E+00  1.28702E+02  1.44592E+02  3.36560E+00 -2.26186E-01 -1.33000E-01  3.00000E-01  1.00704E-01  0.00000E+00  3.00000E-01
     132  2.89686E-03  2.84155E-03  7.25762E+01  9.59976E+01  4.33880E+00  1.33781E+02  1.25222E+02  4.68940E+00 -1.46233E-01 -1.34100E-01  3.00000E-01  3.88727E-02  0.00000E+00  3.00000E-01
     133  6.10500E-03  5.70379E-03  6.33819E+01  8.64738E+01  4.31310E+00  1.45694E+02  1.08404E+02  4.79760E+00 -4.27301E-02 -1.20800E-01  3.00000E-01 -5.71904E-02  0.00000E+00  3.00000E-01
     134  1.26100E-03  1.33940E-03  7.94158E+01  9.18239E+01  4.08350E+00  1.29979E+02  1.37606E+02  4.08200E+00 -2.03104E-01 -1.28300E-01  3.00000E-01  7.04129E-02  0.00000E+00  3.00000E-01
     135  1.12874E-02  1.15045E-02  5.46584E+01  9.52826E+01  8.11970E+00  1.13927E+02  1.02093E+02  6.80250E+00 -2.22155E-02 -1.33100E-01  3.00000E-01 -4.47906E-03  0.00000E+00  3.00000E-01
     136  1.25680E-03  1.36089E-03  7.68263E+01  9.20753E+01  3.96280E+00  1.34718E+02  1.46072E+02  3.57010E+00 -1.98993E-01 -1.28600E-01  3.00000E-01  4.74593E-02  0.00000E+00  3.00000E-01
     137  2.45765E-03  2.38242E-03  8.48599E+01  9.12632E+01  3.29800E+00  1.26070E+02  1.39211E+02  3.28030E+00 -2.01376E-01 -1.27500E-01  3.00000E-01  1.03897E-01  0.00000E+00  3.00000E-01
     138  3.20993E-03  3.16065E-03  6.46520E+01  8.24222E+01  3.56590E+00  1.34996E+02  1.26230E+02  3.92700E+00 -1.26144E-01 -1.15200E-01  3.00000E-01  2.41680E-02  0.00000E+00  3.00000E-01
     139  3.14311E-03  2.66119E-03  7.79847E+01  9.89743E+01  3.80460E+00  1.46693E+02  1.11957E+02  3.76270E+00 -7.04216E-02 -1.38300E-01  3.00000E-01 -2.40501E-02  0.00000E+00  3.00000E-01
     140  2.16173E-03  1.84021E-03  8.19217E+01  9.70276E+01  4.30390E+00  1.28151E+02  1.29884E+02  4.05950E+00 -1.20330E-01 -1.35600E-01  3.00000E-01  6.87416E-02  0.00000E+00  3.00000E-01
     141  2.81751E-03  2.37170E-03  7.34133E+01  1.05362E+02  4.43740E+00  1.36517E+02  1.25949E+02  4.98880E+00 -1.01272E-01 -1.47200E-01  3.00000E-01  2.90683E-02  0.00000E+00  3.00000E-01
     142  7.38167E-03  6.40026E-03  9.33952E+01  1.30449E+02  4.55590E+00  1.41163E+02  1.11069E+02  4.77790E+00 -9.17593E-02 -1.82300E-01  3.00000E-01 -1.55591E-02  0.00000E+00  3.00000E-01
     143  4.25213E-03  3.23423E-03  9.84030E+01  1.22448E+02  4.22050E+00  1.46628E+02  1.22967E+02  4.61680E+00 -4.20211E-02 -1.71100E-01  3.00000E-01  1.06497E-03  0.00000E+00  3.00000E-01
     144  1.36557E-02  1.47618E-02  4.37519E+01  1.42943E+02  7.38560E+00  6.43420E+01  8.77775E+01  7.51160E+00  1.30439E-02 -1.99700E-01  3.00000E-01  2.61698E-02  0.00000E+00  3.00000E-01
     145  9.71084E-04  7.24686E-04  8.47753E+01  1.05273E+02  4.89950E+00  1.37477E+02  1.22078E+02  5.21350E+00 -5.30561E-02 -1.47100E-01  3.00000E-01  5.20483E-02  0.00000E+00  3.00000E-01
     146  5.73162E-03  5.03200E-03  9.19234E+01  1.17864E+02  3.54300E+00  1.41763E+02  1.11039E+02  3.97860E+00 -6.52160E-02 -1.64700E-01  3.00000E-01 -2.37706E-02  0.00000E+00  3.00000E-01
     147  2.53145E-03  1.79374E-03  1.05554E+02  1.16630E+02  4.58890E+00  1.53214E+02  1.15629E+02  5.27200E+00 -7.18325E-03 -1.63000E-01  3.00000E-01  1.48868E-02  0.00000E+00  3.00000E-01
     148  7.57355E-03  6.21580E-03  1.28058E+02  1.38060E+02  4.37150E+00  1.44945E+02  1.11025E+02  4.52190E+00 -8.53010E-02 -1.92900E-01  3.00000E-01 -2.24337E-02  0.00000E+00  3.00000E-01
     149  1.86381E-02  1.99637E-02  8.08330E+01  1.84203E+02  4.12540E+00  9.13272E+01  8.31491E+01  4.92460E+00 -6.43406E-02 -2.57400E-01  3.00000E-01  2.44123E-02  0.00000E+00  3.00000E-01
     150  1.36023E-02  1.23808E-02  1.08343E+02  1.49848E+02  3.14210E+00  1.26151E+02  9.61340E+01  3.36050E+00 -6.40163E-02 -2.09400E-01  3.00000E-01  1.99886E-02  0.00000E+00  3.00000E-01
     151  1.70417E-02  1.90052E-02  5.40416E+01  1.40762E+02  4.94690E+00  8.67354E+01  8.62257E+01  5.18530E+00 -4.59972E-02 -1.96700E-01  3.00000E-01  2.28552E-02  0.00000E+00  3.00000E-01
     152  2.83714E-02  2.47397E-02  5.11581E+01  2.05386E+02  3.59980E+00  7.43467E+01  6.31672E+01  4.93640E+00  1.44820E-01 -2.87000E-01  3.00000E-01  5.41545E-02  0.00000E+00  3.00000E-01
