 smom1,sph1,sth1,slr1
          16           6           6          10
 phi boundaries
  0.00000E+00  2.61799E-01  5.23599E-01  7.85398E-01  1.04720E+00  1.30900E+00  1.57080E+00
 theta boundaries
  0.00000E+00  2.61799E-01  5.23599E-01  7.85398E-01  1.04720E+00  1.30900E+00  1.57080E+00
 radius boundaries in arcsec
  0.00000E+00  1.19639E+00  1.80726E+00  2.73003E+00  4.12397E+00  6.22963E+00  9.41044E+00  1.42153E+01  2.14736E+01  3.24379E+01  9.80009E+03
                                                                              phi,theta,r,mgemass,fitmass,errmass,x,y,z 
                                           (in arcsec),vx,vy,vz,xv2,vy2,vz2,vxvy,vyvz,vzvx,orbit long, orbit short,boxes
       1       1       1  4.14786E-04  4.32871E-04  4.14786E-06  9.68348E-02  1.34890E-02  5.36778E-01  4.30183E+00  1.56916E+00 -2.37816E-02  5.09312E+04  3.50163E+04  1.10666E+05  2.86258E+03  1.67595E+03  2.33739E+04  9.54375E-05  1.39665E-05  3.23467E-04
       1       1       2  1.18693E-04  1.23379E-04  1.18693E-06  2.75740E-01  3.82078E-02  1.46564E+00  2.89920E+01  6.91247E+01 -9.47360E+00  6.00361E+04  6.51060E+04  7.30943E+04 -6.45467E+03 -3.00458E+03  1.13509E+04  5.35725E-05  1.48394E-05  5.49674E-05
       1       1       3  2.04932E-04  2.31187E-04  2.04932E-06  4.48797E-01  5.71718E-02  2.20444E+00  9.15800E+00  2.29310E+01  4.88241E-01  2.92889E+04  1.85270E+04  2.99262E+04 -3.09207E+02  3.04927E+03  5.90128E+03  8.14926E-05  1.30936E-06  1.48385E-04
       1       1       4  2.82115E-04  1.66053E-04  2.82115E-06  5.35633E-01  7.44115E-02  3.59468E+00  3.86895E+00  4.31920E+01 -7.86572E-01  6.99600E+04  9.17251E+04  3.16193E+04  7.55459E+02 -5.14636E+03  5.48913E+03  1.43832E-04  1.74582E-06  2.04751E-05
       1       1       5  2.49515E-04  3.14978E-04  2.49515E-06  8.22559E-01  1.14857E-01  5.24226E+00 -5.66610E-02  3.37176E+01  5.98411E-01  2.10650E+04  4.10184E+04  2.58171E+04  1.36918E+02 -8.59011E+02  9.03678E+02  3.04189E-04  0.00000E+00  1.07887E-05
       1       1       6  1.84868E-04  1.66292E-04  1.84868E-06  1.08050E+00  1.50352E-01  6.60195E+00  3.65464E-01  1.29661E+01 -4.26670E-02  1.11472E+04  1.99741E+04  2.17488E+04 -9.74174E+01 -8.95835E+02  3.05352E+03  1.46373E-04  0.00000E+00  1.99194E-05
       1       1       7  2.02697E-04  1.74469E-04  2.02697E-06  1.90612E+00  2.65350E-01  1.23738E+01 -3.57060E+00 -2.28940E+02  4.79911E+00  2.56260E+04  6.67028E+04  3.53436E+04  5.69544E+02 -2.81385E+03  5.00891E+03  1.40936E-04  0.00000E+00  3.35326E-05
       1       1       8  3.34025E-04  3.51971E-04  3.34025E-06  2.90290E+00  3.90567E-01  1.80128E+01  2.22999E+00 -1.48337E+02  7.83720E+00  1.14216E+04  2.94721E+04  2.56906E+04 -5.28032E+01 -4.43831E+02  2.97735E+03  2.74341E-04  0.00000E+00  7.76299E-05
       1       1       9  3.11665E-04  2.82662E-04  3.11665E-06  3.95734E+00  5.67455E-01  2.34562E+01  5.27468E-02 -6.65475E+01 -2.60397E+00  4.33864E+03  1.02570E+04  1.09381E+04  1.02168E+02 -1.90905E+01  1.66863E+03  1.22647E-04  0.00000E+00  1.60015E-04
       1       1      10  1.44896E-04  1.36978E-04  1.44896E-06  1.28541E+01  1.95795E+00  7.04385E+01 -4.36624E+00 -9.43584E+01 -1.34066E+01  6.17711E+03  2.42960E+04  3.26879E+04  6.45281E+02  3.56544E+02  5.44280E+03  5.20808E-05  0.00000E+00  8.48968E-05
       1       2       1  1.25564E-03  1.23886E-03  1.25564E-05  2.28155E-01  3.16057E-02  5.49788E-01  9.85533E+00 -8.08742E+01  2.88999E+00  4.41329E+04  3.34507E+04  7.20459E+04  1.38184E+01  2.02462E+03  1.56977E+04  0.00000E+00  3.26815E-04  9.12044E-04
       1       2       2  3.62830E-04  2.79478E-04  3.62830E-06  5.52790E-01  7.12197E-02  1.40198E+00  6.64467E+00 -4.00589E+01  8.75988E+00  7.01616E+04  1.52860E+04  1.32645E+05  6.53261E+03  4.58240E+03  3.36222E+04  0.00000E+00  5.76120E-05  2.21866E-04
       1       2       3  6.25237E-04  6.71089E-04  6.25237E-06  8.19192E-01  1.16149E-01  2.09353E+00  1.59147E+00 -5.34137E+00 -3.25845E+00  2.29554E+04  3.36144E+03  4.08340E+04  1.39254E+03  1.68207E+03  1.13551E+04  0.00000E+00  2.70602E-05  6.44029E-04
       1       2       4  8.85680E-04  1.91931E-04  8.85680E-06  1.35350E+00  1.77838E-01  3.16381E+00  5.95004E+01 -1.13371E+02 -1.40150E+01  1.23432E+05  5.41535E+04  1.37988E+05  1.49789E+03  5.28190E+03  4.38570E+04  0.00000E+00  1.06885E-04  8.50459E-05
       1       2       5  8.02205E-04  3.18627E-04  8.02205E-06  2.11431E+00  2.91533E-01  4.80754E+00  3.69691E+01 -4.29379E+01 -2.77473E+01  2.79716E+04  6.86500E+03  1.01041E+05  1.79267E+03  4.17374E+03  1.87552E+04  0.00000E+00  2.48942E-04  6.96856E-05
       1       2       6  6.26138E-04  7.25388E-04  6.26138E-06  3.05465E+00  3.86381E-01  6.76165E+00  8.85333E+00 -3.00440E+01  2.10659E+00  8.77352E+03  1.66927E+03  3.84370E+04  7.99493E+02  1.67709E+03  1.20836E+04  0.00000E+00  5.96196E-04  1.29192E-04
       1       2       7  6.51277E-04  2.20761E-04  6.51277E-06  4.83560E+00  5.64423E-01  1.08522E+01  2.80547E+01 -9.81564E+00  5.70178E+01  2.48825E+04  3.50909E+03  1.18178E+05  1.96640E+03  5.27594E+03  5.13592E+04  0.00000E+00  1.65616E-06  2.19105E-04
       1       2       8  1.08360E-03  5.51451E-04  1.08360E-05  7.43592E+00  9.48026E-01  1.65697E+01  2.00863E+01 -1.21253E+00  3.58608E+01  1.31966E+04  5.54846E+02  5.92466E+04  1.61394E+03  3.18828E+03  2.64956E+04  0.00000E+00  0.00000E+00  5.51451E-04
       1       2       9  1.08011E-03  1.39539E-03  1.08011E-05  1.03761E+01  1.47055E+00  2.31337E+01  3.83980E+00  2.21017E+00  6.89118E+00  3.29917E+03  2.23956E+02  1.33271E+04  3.62385E+02  7.55729E+02  5.92983E+03  0.00000E+00  0.00000E+00  1.39539E-03
       1       2      10  4.79751E-04  3.75339E-04  4.79751E-06  3.02722E+01  3.87053E+00  7.01830E+01 -3.23691E+00 -7.80410E-01 -4.08615E+00  8.02628E+03  2.54511E+02  4.29472E+04  1.06311E+03  2.40008E+03  1.81425E+04  0.00000E+00  0.00000E+00  3.75339E-04
       1       3       1  2.11416E-03  2.21920E-03  2.11416E-05  3.48197E-01  4.65043E-02  4.68339E-01  2.06084E+01 -1.64603E+02  2.47362E+00  4.17917E+04  5.07899E+04  4.62896E+04 -1.47030E+03 -6.32135E+01  3.21855E+03  0.00000E+00  1.63900E-03  5.80202E-04
       1       3       2  6.23775E-04  6.10472E-04  6.23775E-06  9.01285E-01  1.19266E-01  1.21186E+00  5.52175E-01  1.64227E+01 -8.40849E+00  6.36938E+04  3.22965E+04  6.64732E+04  5.18718E+03  2.41051E+03  1.18004E+04  0.00000E+00  4.82609E-04  1.27864E-04
       1       3       3  1.06715E-03  1.13503E-03  1.06715E-05  1.33273E+00  1.75559E-01  1.78411E+00 -4.27509E+00 -5.41415E+01  1.16766E+00  3.11407E+04  1.12793E+04  3.28048E+04  3.24333E+03  1.04029E+02  3.37041E+03  0.00000E+00  8.11289E-04  3.23737E-04
       1       3       4  1.59580E-03  9.71198E-04  1.59580E-05  2.01370E+00  2.71869E-01  2.69951E+00  2.97658E+01 -1.99087E+02  3.38962E+00  5.90415E+04  1.34496E+05  4.72535E+04 -1.00750E+04  1.40508E+03  9.69339E+03  0.00000E+00  8.82302E-04  8.88959E-05
       1       3       5  1.52109E-03  1.05117E-03  1.52109E-05  3.25849E+00  4.32298E-01  4.05197E+00  1.57376E+01 -5.73625E+01  5.29849E+00  5.05224E+04  3.76266E+04  4.44194E+04  1.22958E+03  9.03442E+02  1.34922E+04  0.00000E+00  9.26765E-04  1.24409E-04
       1       3       6  1.32813E-03  1.59866E-03  1.32813E-05  4.25895E+00  5.40174E-01  5.57986E+00  1.77991E+01 -5.92317E+01  5.08986E+00  1.50923E+04  1.91100E+04  2.57739E+04 -1.01470E+03  7.32748E+02  9.11190E+03  0.00000E+00  1.44543E-03  1.53227E-04
       1       3       7  1.29125E-03  1.14872E-03  1.29125E-05  7.33065E+00  9.49833E-01  9.83675E+00  2.99508E+01 -1.97901E+02  3.93619E+00  3.15095E+04  5.93010E+04  4.96524E+04 -3.93710E+03  2.46675E+03  1.85311E+04  0.00000E+00  8.44229E-04  3.04496E-04
       1       3       8  2.07502E-03  2.29171E-03  2.07502E-05  1.08950E+01  1.42810E+00  1.44076E+01  1.99074E+01 -1.25054E+02 -8.98296E-02  1.87225E+04  2.55177E+04  3.09406E+04 -1.49942E+03  1.06616E+03  1.07571E+04  0.00000E+00  1.59530E-03  6.96412E-04
       1       3       9  2.39682E-03  2.91839E-03  2.39682E-05  1.46344E+01  1.91887E+00  1.99711E+01  8.77266E+00 -4.50143E+01 -4.33417E+00  6.38554E+03  6.62468E+03  1.18702E+04 -1.69498E+02  5.65487E+02  5.16408E+03  0.00000E+00  1.24023E-03  1.67816E-03
       1       3      10  1.10601E-03  1.21908E-03  1.10601E-05  4.51858E+01  6.34543E+00  6.12493E+01  7.69396E+00 -1.16216E+01  5.16282E+00  1.79406E+04  1.50920E+03  3.27607E+04  2.28869E+03  2.76046E+03  1.97302E+04  0.00000E+00  2.22242E-04  9.96834E-04
       1       4       1  2.94840E-03  3.32016E-03  2.94840E-05  4.59258E-01  6.17002E-02  3.27504E-01  2.52823E+01 -1.85217E+02  1.12478E+00  5.25940E+04  5.94428E+04  3.58970E+04 -1.11599E+03  1.29778E+02  3.38875E+03  0.00000E+00  2.69188E-03  6.28280E-04
       1       4       2  8.97416E-04  8.11104E-04  8.97416E-06  1.23064E+00  1.55308E-01  8.40603E-01 -5.40328E+00  7.10727E+01  3.82618E+00  7.92047E+04  5.53914E+04  3.54120E+04  1.18614E+03  1.88765E+02  5.73762E+03  0.00000E+00  6.75009E-04  1.36095E-04
       1       4       3  1.51204E-03  1.63086E-03  1.51204E-05  1.85617E+00  2.57972E-01  1.33150E+00 -1.75269E+00 -5.93055E+01 -2.52397E+00  2.80984E+04  1.40793E+04  2.15160E+04  2.81129E+03  2.48579E+03  1.45011E+03  0.00000E+00  1.23531E-03  3.95556E-04
       1       4       4  2.42406E-03  1.43162E-03  2.42406E-05  2.83183E+00  3.73877E-01  2.02644E+00  2.60006E+01 -2.57177E+02  6.40689E-01  5.52060E+04  1.45052E+05  3.16130E+04 -8.64194E+03  1.93964E+02  2.33988E+03  0.00000E+00  1.38138E-03  5.02363E-05
       1       4       5  2.49210E-03  2.94677E-03  2.49210E-05  4.21495E+00  5.47163E-01  3.01030E+00  1.75514E+01 -1.16626E+02  2.41473E-01  5.16589E+04  4.65646E+04  2.75460E+04  8.95884E+02  9.58631E+02  3.78558E+03  0.00000E+00  2.78359E-03  1.63181E-04
       1       4       6  2.55583E-03  3.01970E-03  2.55583E-05  5.98368E+00  8.36911E-01  4.01610E+00  6.99645E+00 -7.61887E+01 -6.48604E-02  2.63794E+04  1.90337E+04  1.47440E+04  8.09114E+02  1.26439E+03  8.96028E+03  0.00000E+00  2.60120E-03  4.18501E-04
       1       4       7  2.55632E-03  2.31792E-03  2.55632E-05  9.87314E+00  1.32443E+00  6.98963E+00  3.12673E+01 -2.53184E+02 -1.17816E+01  4.16272E+04  8.87415E+04  3.28235E+04 -7.25051E+03  2.71799E+03  1.29608E+04  0.00000E+00  1.89249E-03  4.25428E-04
       1       4       8  3.46743E-03  3.32865E-03  3.46743E-05  1.47490E+01  1.91190E+00  1.04042E+01  6.89319E+00 -1.10206E+02 -4.00190E+00  3.82306E+04  2.17344E+04  2.68777E+04  2.47206E+03  1.46455E+03  1.07795E+04  0.00000E+00  2.49870E-03  8.29956E-04
       1       4       9  4.87178E-03  6.66746E-03  4.87178E-05  2.02936E+01  2.64241E+00  1.42062E+01  1.12515E+01 -7.45337E+01  1.02942E+00  1.24037E+04  1.11169E+04  7.49898E+03 -2.20324E+02 -3.72602E+01  2.65505E+03  0.00000E+00  4.64458E-03  2.02288E-03
       1       4      10  3.09014E-03  3.49513E-03  3.09014E-05  6.24182E+01  8.33219E+00  4.15495E+01  1.03063E+01 -6.74873E+01  1.69757E+00  3.36906E+04  6.67517E+03  1.47940E+04  3.52328E+03  3.06844E+02  3.42902E+03  0.00000E+00  3.03153E-03  4.63594E-04
       1       5       1  3.64810E-03  3.67984E-03  3.64810E-05  4.99468E-01  6.73787E-02  2.15207E-01  1.98433E+01 -1.64471E+02  1.29587E+00  4.44340E+04  5.05253E+04  4.02456E+04  5.79365E+00 -2.39639E+02  2.35177E+03  0.00000E+00  2.81332E-03  8.66515E-04
       1       5       2  1.14863E-03  1.21059E-03  1.14863E-05  1.37758E+00  1.73443E-01  5.93457E-01 -4.76734E+00  3.30894E+01 -1.72789E+00  9.79095E+04  4.42461E+04  3.76011E+04  6.66665E+03  5.11974E+02  6.38353E+03  0.00000E+00  1.02657E-03  1.84019E-04
       1       5       3  1.89715E-03  2.01054E-03  1.89715E-05  2.06512E+00  2.81594E-01  8.82166E-01  5.06056E+00 -9.64940E+01  3.61896E+00  7.16656E+04  3.11671E+04  3.08740E+04  5.98631E+03 -1.26565E+03  4.75248E+03  0.00000E+00  1.47554E-03  5.34996E-04
       1       5       4  3.24902E-03  1.91929E-03  3.24902E-05  3.15660E+00  4.17989E-01  1.33985E+00  2.52541E+01 -1.54653E+02  7.34148E+00  8.26547E+04  7.14760E+04  5.69571E+04  1.40911E+03 -8.41062E+02  8.35029E+03  0.00000E+00  1.68195E-03  2.37341E-04
       1       5       5  3.62182E-03  3.76559E-03  3.62182E-05  4.77771E+00  6.45443E-01  2.06285E+00  1.81342E+01 -1.09275E+02 -1.86518E+00  6.15262E+04  3.49132E+04  3.15179E+04  2.72172E+03  1.44480E+03  5.60197E+03  0.00000E+00  3.34677E-03  4.18819E-04
       1       5       6  4.36175E-03  5.23587E-03  4.36175E-05  6.75933E+00  9.16832E-01  2.89232E+00  1.42335E+01 -7.84683E+01 -6.62243E-02  4.18131E+04  1.78839E+04  1.66110E+04  3.47320E+03  3.53189E+02  4.75716E+03  0.00000E+00  4.32131E-03  9.14560E-04
       1       5       7  5.23540E-03  3.35173E-03  5.23540E-05  1.07484E+01  1.39584E+00  4.76250E+00  2.57257E+01 -1.66350E+02 -1.02472E+01  7.48860E+04  4.64792E+04  3.74770E+04  4.49869E+03  4.24786E+03  7.42305E+03  0.00000E+00  2.65131E-03  7.00419E-04
       1       5       8  5.64292E-03  5.53092E-03  5.64292E-05  1.64715E+01  2.23652E+00  7.01896E+00  8.97194E+00 -1.09542E+02  2.30365E+01  4.47118E+04  2.09866E+04  1.96156E+04  4.09629E+03 -3.94816E+03  6.76448E+03  0.00000E+00  4.08455E-03  1.44637E-03
       1       5       9  8.71120E-03  1.01479E-02  8.71120E-05  2.33368E+01  3.13221E+00  9.89861E+00  5.96264E+00 -5.25994E+01 -7.18907E+00  1.47469E+04  6.39385E+03  6.42761E+03  1.09638E+03  1.48156E+03  1.48162E+03  0.00000E+00  6.65904E-03  3.48887E-03
       1       5      10  9.45607E-03  5.29707E-03  9.45607E-05  6.91443E+01  9.13768E+00  2.94884E+01  8.23091E+00 -5.46287E+01 -5.56491E-01  4.04550E+04  5.35597E+03  8.74051E+03  4.65698E+03  5.85289E+02  3.72987E+03  0.00000E+00  4.03135E-03  1.26572E-03
       1       6       1  4.05774E-03  4.29620E-03  4.05774E-05  5.55671E-01  7.54322E-02  7.30993E-02  1.59586E+01 -1.17795E+02  1.03487E+00  5.72859E+04  3.50643E+04  3.76502E+04  2.65285E+03 -6.31357E+01  2.09587E+03  0.00000E+00  2.62329E-03  1.67291E-03
       1       6       2  1.30701E-03  1.29668E-03  1.30701E-05  1.47877E+00  1.91084E-01  2.01666E-01 -6.64940E+00  1.15147E+02  1.72235E+00  7.64617E+04  6.16935E+04  3.10254E+04 -3.15630E+01 -2.01167E+02  2.02297E+03  0.00000E+00  1.12427E-03  1.72404E-04
       1       6       3  2.12758E-03  2.26055E-03  2.12758E-05  2.26242E+00  3.04311E-01  2.96524E-01  4.69323E+00 -6.73195E+01  3.67393E-01  5.21237E+04  1.45209E+04  2.17131E+04  6.38162E+03  3.34850E+02  2.02542E+03  0.00000E+00  1.80971E-03  4.50837E-04
       1       6       4  3.79365E-03  2.96592E-03  3.79365E-05  3.36749E+00  4.48333E-01  4.70436E-01  7.04040E+00 -8.52023E+01 -1.80657E+00  6.03371E+04  1.10452E+05  4.45033E+04 -6.12644E+03  1.70801E+03  3.27674E+02  0.00000E+00  2.69804E-03  2.67881E-04
       1       6       5  4.46151E-03  4.76222E-03  4.46151E-05  5.14724E+00  6.72743E-01  6.86149E-01  5.42932E+00 -5.50619E+01  3.54461E+00  5.38296E+04  5.04418E+04  1.84338E+04  7.29306E+02 -3.92835E+02  2.41401E+03  0.00000E+00  4.23477E-03  5.27449E-04
       1       6       6  5.93241E-03  6.87284E-03  5.93241E-05  7.08361E+00  9.18855E-01  9.13115E-01  5.10776E+00 -4.20033E+01 -8.06775E-01  3.06389E+04  2.19732E+04  1.24169E+04  1.09185E+03  2.07932E+02  2.21415E+03  0.00000E+00  5.63618E-03  1.23666E-03
       1       6       7  8.51142E-03  6.18500E-03  8.51142E-05  1.17197E+01  1.56044E+00  1.58830E+00  3.27399E+01 -2.71984E+02 -4.33568E+00  4.31741E+04  9.44808E+04  2.00118E+04 -6.21223E+03  1.03049E+03  1.80176E+03  0.00000E+00  5.36136E-03  8.23642E-04
       1       6       8  8.59771E-03  1.20540E-02  8.59771E-05  1.77226E+01  2.31680E+00  2.46298E+00  2.59723E+01 -1.71019E+02  7.08486E+00  3.48432E+04  3.92139E+04  1.05539E+04 -8.86669E+02 -9.29024E+02  1.68179E+03  0.00000E+00  1.03436E-02  1.71042E-03
       1       6       9  1.22664E-02  1.29295E-02  1.22664E-04  2.43295E+01  3.21829E+00  2.95002E+00  1.21845E+01 -8.91633E+01 -2.17258E+00  1.51113E+04  1.57805E+04  3.76822E+03  1.90963E+01  5.26207E+02  1.30458E+03  0.00000E+00  8.41626E-03  4.51322E-03
       1       6      10  2.02270E-02  2.37169E-02  2.02270E-04  6.26017E+01  8.41251E+00  8.43787E+00  3.13446E+01 -2.37824E+02  7.22541E-01  1.23069E+04  6.86677E+04  2.51136E+03 -7.50649E+03 -1.90330E+01  9.67869E+02  0.00000E+00  2.15722E-02  2.14473E-03
       2       1       1  4.14757E-04  4.09260E-04  4.14757E-06  8.66046E-02  3.51203E-02  5.15156E-01  7.69819E+00  8.66576E+00  3.80843E+00  5.20071E+04  3.71007E+04  1.01817E+05  4.74208E+03  2.74759E+03  1.41974E+04  1.27181E-04  1.26572E-05  2.69422E-04
       2       1       2  1.18684E-04  1.06205E-04  1.18684E-06  2.49415E-01  1.06135E-01  1.46387E+00  2.70233E+01  1.46259E+02 -2.00664E+01  7.24155E+04  8.20909E+04  5.56171E+04  2.10364E+03 -9.88005E+03  4.73421E+03  7.89982E-05  1.09114E-05  1.62959E-05
       2       1       3  2.04919E-04  1.54995E-04  2.04919E-06  3.88871E-01  1.56038E-01  2.17171E+00 -4.88652E-02  2.78306E+01 -4.69205E+01  5.51571E+04  2.88286E+04  4.99851E+04  4.45751E+02  6.93320E+02  5.55394E+03  9.95266E-05  6.11036E-06  4.93582E-05
       2       1       4  2.82087E-04  2.26359E-04  2.82087E-06  6.02817E-01  2.52642E-01  3.56975E+00 -2.30479E+00  3.66423E+01 -3.09819E+00  7.00188E+04  8.53545E+04  3.10309E+04  1.82238E+03 -1.41669E+04  3.84717E+03  2.00912E-04  4.80100E-06  2.06453E-05
       2       1       5  2.49492E-04  4.18577E-04  2.49492E-06  8.98852E-01  3.72210E-01  5.19656E+00 -7.76062E-01  3.14267E+01 -6.56929E+00  2.49307E+04  3.71744E+04  2.59897E+04 -4.10342E+02 -4.28356E+03  1.30392E+03  4.04678E-04  1.30936E-06  1.25898E-05
       2       1       6  1.84849E-04  2.00867E-04  1.84849E-06  1.14480E+00  4.62551E-01  6.52870E+00 -1.41018E-01  1.28791E+01  3.48120E+00  1.22275E+04  1.86591E+04  2.23727E+04  9.32735E+02 -2.11368E+03  2.81217E+03  1.77440E-04  0.00000E+00  2.34268E-05
       2       1       7  2.02685E-04  2.34736E-04  2.02685E-06  2.02490E+00  8.68641E-01  1.23564E+01  5.73098E-01 -2.31471E+02  3.98424E+01  2.92131E+04  6.56373E+04  3.17681E+04  4.16372E+02 -8.99119E+03  2.60280E+03  1.98315E-04  0.00000E+00  3.64210E-05
       2       1       8  3.34002E-04  4.51632E-04  3.34002E-06  2.99997E+00  1.25776E+00  1.79135E+01 -4.06214E+00 -1.49415E+02  2.31985E+01  1.32111E+04  2.90623E+04  2.43383E+04  9.29627E+02 -2.55695E+03  1.62527E+03  3.67940E-04  0.00000E+00  8.36920E-05
       2       1       9  3.11630E-04  3.34158E-04  3.11630E-06  3.85340E+00  1.59320E+00  2.34394E+01  2.00042E+00 -7.05975E+01  1.18617E+01  5.01467E+03  1.07150E+04  8.43847E+03 -1.76418E+02 -1.08553E+03  1.07080E+03  1.60301E-04  0.00000E+00  1.73857E-04
       2       1      10  1.44886E-04  1.23748E-04  1.44886E-06  1.20131E+01  5.34018E+00  6.66101E+01  9.36601E-01 -1.31704E+02  2.88517E+01  8.72288E+03  3.43625E+04  2.95803E+04  1.01563E+03 -1.52165E+03  4.07425E+03  6.86264E-05  0.00000E+00  5.51216E-05
       2       2       1  1.25523E-03  1.17398E-03  1.25523E-05  2.07892E-01  8.61974E-02  5.32094E-01  3.81865E+01 -8.50594E+01  7.77057E-02  4.77817E+04  3.87026E+04  7.11320E+04  8.41870E+02  2.52015E+03  1.16027E+04  1.02142E-04  3.41139E-04  7.30696E-04
       2       2       2  3.62684E-04  2.93027E-04  3.62684E-06  5.02097E-01  2.09896E-01  1.41711E+00  8.32425E+00 -1.77188E+01 -1.70576E+00  6.16457E+04  2.13671E+04  1.24073E+05  1.83227E+04  1.47741E+04  2.64710E+04  1.08322E-05  4.88829E-05  2.33312E-04
       2       2       3  6.25047E-04  5.95304E-04  6.25047E-06  7.46892E-01  3.03535E-01  2.08644E+00  6.16234E-01 -1.39480E+01 -7.27445E+00  2.66541E+04  6.97177E+03  5.37042E+04  7.71522E+03  3.80470E+03  1.09697E+04  9.53586E-06  4.88455E-05  5.36923E-04
       2       2       4  8.85244E-04  2.54475E-04  8.85244E-06  1.19938E+00  5.22794E-01  3.23015E+00  4.87588E+01 -7.08645E+01  1.27300E+00  9.40361E+04  5.87525E+04  1.19701E+05  1.44594E+04  2.74555E+03  2.99906E+04  5.76645E-05  1.17796E-04  7.90144E-05
       2       2       5  8.01813E-04  4.87238E-04  8.01813E-06  1.76532E+00  7.86844E-01  4.94399E+00  2.46430E+01 -1.09655E+01  1.17522E+01  2.56922E+04  1.69857E+04  7.29213E+04  2.05121E+03  1.36547E+03  1.33651E+04  1.86461E-04  2.31010E-04  6.97668E-05
       2       2       6  6.25802E-04  6.65976E-04  6.25802E-06  2.60670E+00  1.09768E+00  6.70778E+00  1.32843E+01 -1.68535E+01  8.84581E+00  1.00825E+04  4.78615E+03  4.88108E+04  2.88629E+03  4.91025E+03  1.57296E+04  7.73341E-05  4.35581E-04  1.53061E-04
       2       2       7  6.51047E-04  3.16684E-04  6.51047E-06  4.35495E+00  1.80054E+00  1.09414E+01 -8.72249E+00 -2.00315E+01 -2.73937E+01  2.17923E+04  8.74715E+03  1.14620E+05  6.25123E+03  1.69239E+04  4.53736E+04  1.29102E-05  2.52368E-06  3.01250E-04
       2       2       8  1.08322E-03  6.16601E-04  1.08322E-05  6.43775E+00  2.66734E+00  1.66064E+01 -1.36355E+01 -1.94556E+01 -2.78369E+01  1.12641E+04  4.51656E+03  5.81055E+04  3.42351E+03  7.87949E+03  2.24565E+04  5.52269E-05  0.00000E+00  5.61374E-04
       2       2       9  1.07945E-03  1.06314E-03  1.07945E-05  9.73489E+00  4.06350E+00  2.30669E+01 -1.02956E+01 -5.80518E+00 -7.55658E+00  3.18483E+03  9.48050E+02  1.50794E+04  1.04712E+03  2.29247E+03  5.98708E+03  2.04411E-05  0.00000E+00  1.04270E-03
       2       2      10  4.79497E-04  4.59190E-04  4.79497E-06  2.84185E+01  1.18740E+01  7.02425E+01  6.74670E+00  1.62785E+00  8.10909E+00  7.07484E+03  1.24561E+03  4.24978E+04  2.82738E+03  6.93018E+03  1.69156E+04  0.00000E+00  0.00000E+00  4.59190E-04
       2       3       1  2.11246E-03  2.22232E-03  2.11246E-05  3.20616E-01  1.32091E-01  4.62469E-01  6.39393E+01 -1.51062E+02  8.18692E-01  4.21329E+04  4.76283E+04  4.49098E+04 -4.80926E+03 -4.44527E+02  2.60022E+03  5.86031E-05  1.63865E-03  5.25063E-04
       2       3       2  6.23118E-04  5.35631E-04  6.23118E-06  8.41728E-01  3.48733E-01  1.20782E+00 -1.66166E+01  1.82684E+01  1.36513E+00  5.79704E+04  3.78634E+04  6.46974E+04  8.34691E+03  1.34517E+03  4.43282E+03  0.00000E+00  4.58730E-04  7.69011E-05
       2       3       3  1.06636E-03  1.07345E-03  1.06636E-05  1.24566E+00  5.13917E-01  1.80129E+00  3.38624E+01 -5.12920E+01 -3.25444E+00  2.98938E+04  1.66435E+04  3.17767E+04  6.34025E+03  3.87987E+02  1.64127E+03  0.00000E+00  8.41183E-04  2.32264E-04
       2       3       4  1.59379E-03  9.56267E-04  1.59379E-05  1.88139E+00  7.77865E-01  2.70939E+00  7.98843E+01 -1.86541E+02 -6.12020E+00  6.39190E+04  1.21875E+05  4.96075E+04 -3.05309E+04  2.89396E+03  7.30913E+03  0.00000E+00  8.88672E-04  6.75950E-05
       2       3       5  1.51903E-03  1.01561E-03  1.51903E-05  3.00370E+00  1.24393E+00  4.05147E+00  3.09644E+01 -5.29935E+01 -5.29989E+00  4.94313E+04  3.81908E+04  4.35569E+04  2.28947E+03  4.57107E+03  1.11468E+04  0.00000E+00  9.11745E-04  1.03867E-04
       2       3       6  1.32611E-03  1.46103E-03  1.32611E-05  3.94560E+00  1.64273E+00  5.50550E+00  2.94892E+01 -5.98320E+01  4.76799E-01  1.51819E+04  2.01390E+04  2.46614E+04 -2.86489E+03  3.29074E+03  7.25845E+03  0.00000E+00  1.33686E-03  1.24173E-04
       2       3       7  1.28956E-03  1.07168E-03  1.28956E-05  6.74004E+00  2.80692E+00  9.90204E+00  9.78145E+01 -1.93350E+02  1.51907E+01  3.57727E+04  5.70213E+04  4.63781E+04 -1.46182E+04  4.37655E+03  1.39396E+04  0.00000E+00  8.47863E-04  2.23818E-04
       2       3       8  2.07312E-03  2.07540E-03  2.07312E-05  1.00323E+01  4.10547E+00  1.45560E+01  6.17148E+01 -1.21396E+02  3.67858E+00  1.98418E+04  2.52535E+04  2.93617E+04 -4.54890E+03  4.11372E+03  8.66175E+03  0.00000E+00  1.54704E-03  5.28361E-04
       2       3       9  2.39274E-03  2.33918E-03  2.39274E-05  1.35245E+01  5.53115E+00  1.98450E+01  2.42642E+01 -5.13861E+01  4.60447E+00  7.06066E+03  7.75168E+03  1.23682E+04 -6.54013E+02  2.06460E+03  4.88164E+03  0.00000E+00  1.21412E-03  1.12505E-03
       2       3      10  1.10335E-03  1.15219E-03  1.10335E-05  4.13163E+01  1.74287E+01  6.17030E+01 -4.36405E-01 -1.38168E+01 -9.26410E+00  1.52292E+04  3.76215E+03  3.33349E+04  5.89627E+03  7.57086E+03  1.79048E+04  0.00000E+00  2.20585E-04  9.31608E-04
       2       4       1  2.94431E-03  3.33575E-03  2.94431E-05  4.27682E-01  1.74783E-01  3.28544E-01  6.80834E+01 -1.75809E+02 -1.74338E+00  5.17304E+04  5.86067E+04  3.75564E+04 -3.75109E+03  7.03505E+02  1.34643E+03  4.26553E-05  2.74549E-03  5.47602E-04
       2       4       2  8.95642E-04  8.07703E-04  8.95642E-06  1.14800E+00  4.76283E-01  8.41308E-01 -2.65482E+01  6.60888E+01 -4.24588E+00  7.62798E+04  5.77540E+04  3.36393E+04  6.51786E+03  1.81509E+03  3.76907E+03  0.00000E+00  7.01285E-04  1.06418E-04
       2       4       3  1.51010E-03  1.68192E-03  1.51010E-05  1.73098E+00  6.89596E-01  1.34446E+00  2.36646E+01 -6.56745E+01  1.86021E+00  2.54919E+04  2.13312E+04  2.33550E+04  4.30497E+03 -3.11834E+02  2.90519E+02  0.00000E+00  1.39671E-03  2.85211E-04
       2       4       4  2.41859E-03  1.37907E-03  2.41859E-05  2.63068E+00  1.08980E+00  2.02834E+00  9.22876E+01 -2.32523E+02  2.69573E+00  6.43000E+04  1.30570E+05  3.07341E+04 -2.97036E+04  1.75311E+02  3.23017E+03  0.00000E+00  1.33544E-03  4.36330E-05
       2       4       5  2.48540E-03  2.93826E-03  2.48540E-05  3.92602E+00  1.62709E+00  3.00245E+00  4.12395E+01 -1.15418E+02  3.13727E+00  4.70412E+04  4.93748E+04  2.61698E+04  1.44136E+03  6.67574E+02  3.14037E+03  0.00000E+00  2.83234E-03  1.05919E-04
       2       4       6  2.54821E-03  2.63300E-03  2.54821E-05  5.58305E+00  2.25790E+00  4.01276E+00  4.10488E+01 -7.48411E+01  1.40535E-01  2.75329E+04  2.05338E+04  1.36770E+04  2.86014E+02  2.18918E+03  5.98012E+03  0.00000E+00  2.38673E-03  2.46268E-04
       2       4       7  2.54678E-03  2.26583E-03  2.54678E-05  9.25432E+00  3.81358E+00  6.89323E+00  1.14489E+02 -2.38839E+02 -2.58202E+00  5.02967E+04  8.34346E+04  3.01328E+04 -1.90181E+04  3.88213E+03  8.21085E+03  0.00000E+00  2.00577E-03  2.60062E-04
       2       4       8  3.46052E-03  3.32766E-03  3.46052E-05  1.37503E+01  5.70824E+00  1.03814E+01  4.96730E+01 -1.21127E+02  1.69737E+01  3.48603E+04  2.87433E+04  2.36735E+04  5.16232E+03  9.06916E+02  7.25682E+03  0.00000E+00  2.83428E-03  4.93386E-04
       2       4       9  4.85598E-03  5.77643E-03  4.85598E-05  1.90073E+01  7.71036E+00  1.40311E+01  3.76796E+01 -7.41227E+01  5.30422E+00  1.38507E+04  1.16807E+04  7.74624E+03 -1.75254E+02  2.71253E+02  2.24460E+03  0.00000E+00  4.48099E-03  1.29544E-03
       2       4      10  3.06934E-03  3.55144E-03  3.06934E-05  5.76955E+01  2.40262E+01  4.16021E+01  2.53063E+01 -6.32842E+01  4.60064E+00  3.04594E+04  1.04138E+04  1.53497E+04  9.98678E+03  1.00931E+03  3.46948E+03  0.00000E+00  3.04506E-03  5.06376E-04
       2       5       1  3.64106E-03  3.40622E-03  3.64106E-05  4.57895E-01  1.87220E-01  2.11186E-01  6.46030E+01 -1.66708E+02  4.78528E-01  4.33560E+04  5.24544E+04  4.16457E+04 -5.51410E+03  1.59771E+02  1.45914E+03  3.56100E-05  2.79303E-03  5.77586E-04
       2       5       2  1.14525E-03  1.17838E-03  1.14525E-05  1.28119E+00  5.32027E-01  5.97894E-01 -1.24319E+01  2.66381E+01  2.61552E+00  8.88077E+04  5.08186E+04  3.70952E+04  1.63818E+04  1.89808E+01  3.32339E+03  0.00000E+00  1.05118E-03  1.27194E-04
       2       5       3  1.89376E-03  1.77089E-03  1.89376E-05  1.93491E+00  7.81946E-01  8.80045E-01  6.23945E+01 -8.94206E+01  3.08670E+00  7.23762E+04  3.37823E+04  3.15517E+04  9.58709E+03  1.25718E+03  2.28518E+03  0.00000E+00  1.42089E-03  3.50003E-04
       2       5       4  3.23854E-03  1.82300E-03  3.23854E-05  2.94672E+00  1.20544E+00  1.34866E+00  6.26684E+01 -1.57158E+02  2.26333E+00  8.13940E+04  7.57032E+04  5.60378E+04  7.92629E+01  8.47803E+02  5.22560E+03  0.00000E+00  1.68408E-03  1.38920E-04
       2       5       5  3.60673E-03  3.50837E-03  3.60673E-05  4.44832E+00  1.82220E+00  2.08095E+00  4.25926E+01 -1.08470E+02 -3.98799E+00  5.61381E+04  3.93234E+04  3.09423E+04  7.00787E+03  1.92306E+03  3.83872E+03  0.00000E+00  3.27529E-03  2.33077E-04
       2       5       6  4.34208E-03  4.70991E-03  4.34208E-05  6.23007E+00  2.51384E+00  2.94116E+00  2.62230E+01 -7.99734E+01  2.07453E+00  3.73879E+04  2.16090E+04  1.63438E+04  8.10918E+03  1.19690E+03  4.44074E+03  0.00000E+00  4.18558E-03  5.24329E-04
       2       5       7  5.19741E-03  2.98868E-03  5.19741E-05  1.00615E+01  4.11758E+00  4.70172E+00  7.28918E+01 -1.62605E+02 -1.14444E+01  6.96163E+04  5.10934E+04  3.89830E+04  6.38123E+03  5.70876E+03  6.14696E+03  0.00000E+00  2.44537E-03  5.43304E-04
       2       5       8  5.61369E-03  5.27837E-03  5.61369E-05  1.53759E+01  6.29292E+00  6.98255E+00  3.06489E+01 -1.10340E+02  1.03891E+01  4.04282E+04  2.56359E+04  1.95385E+04  9.37135E+03  3.03611E+01  8.33137E+03  0.00000E+00  4.06868E-03  1.20968E-03
       2       5       9  8.66926E-03  9.51552E-03  8.66926E-05  2.18466E+01  8.89957E+00  9.88214E+00  1.91909E+01 -5.08936E+01 -7.04928E+00  1.40325E+04  7.47872E+03  6.23255E+03  2.88765E+03  1.45508E+03  1.01875E+03  0.00000E+00  6.49875E-03  3.01677E-03
       2       5      10  9.33971E-03  4.87405E-03  9.33971E-05  6.44159E+01  2.63650E+01  2.96210E+01  2.50272E+01 -5.27885E+01  1.64940E-01  3.57280E+04  1.00948E+04  8.85405E+03  1.26134E+04  1.18018E+03  2.80876E+03  0.00000E+00  3.96599E-03  9.08063E-04
       2       6       1  4.04860E-03  3.95861E-03  4.04860E-05  5.10997E-01  2.10622E-01  7.14964E-02  4.45534E+01 -1.20963E+02  1.21514E-02  5.23790E+04  3.97253E+04  3.93986E+04  6.17830E+03  2.13510E+02  2.93762E+02  3.29569E-05  2.64266E-03  1.28299E-03
       2       6       2  1.30233E-03  1.27040E-03  1.30233E-05  1.37879E+00  5.72641E-01  1.94161E-01 -4.75073E+01  1.06070E+02  2.09373E+00  6.87298E+04  6.40135E+04  2.95240E+04  2.77700E+03 -5.27800E+02  3.70708E+02  0.00000E+00  1.16678E-03  1.03616E-04
       2       6       3  2.12312E-03  1.97816E-03  2.12312E-05  2.10528E+00  8.63505E-01  2.92292E-01  2.15036E+01 -7.13689E+01 -6.30198E-02  4.48003E+04  2.17355E+04  2.16126E+04  1.39951E+04 -9.18753E+02 -5.71566E+01  0.00000E+00  1.68467E-03  2.93486E-04
       2       6       4  3.77914E-03  2.82155E-03  3.77914E-05  3.15256E+00  1.29939E+00  4.55779E-01  3.48283E+01 -7.93746E+01 -3.75693E+00  6.23024E+04  1.06738E+05  4.39243E+04 -2.23206E+04 -8.51355E+01  9.71025E+02  0.00000E+00  2.64359E-03  1.77961E-04
       2       6       5  4.43846E-03  4.63979E-03  4.43846E-05  4.80794E+00  1.98727E+00  6.84583E-01  2.41623E+01 -5.28407E+01  1.02344E+00  5.15983E+04  5.15572E+04  1.80929E+04 -4.82331E+02  7.53252E+02  2.04866E+03  0.00000E+00  4.30705E-03  3.32741E-04
       2       6       6  5.89987E-03  6.56921E-03  5.89987E-05  6.58122E+00  2.70709E+00  9.30837E-01  1.99502E+01 -4.20274E+01 -1.01572E+00  2.76359E+04  2.37283E+04  1.25628E+04  1.67808E+03  1.29432E+03  2.67838E+03  0.00000E+00  5.91055E-03  6.58666E-04
       2       6       7  8.42903E-03  6.05428E-03  8.42903E-05  1.09412E+01  4.52538E+00  1.60510E+00  1.02852E+02 -2.61287E+02 -2.78213E+00  4.72278E+04  8.95286E+04  1.93094E+04 -2.00199E+04  1.53717E+03  1.76555E+03  0.00000E+00  5.38619E-03  6.68090E-04
       2       6       8  8.51108E-03  1.14402E-02  8.51108E-05  1.65372E+01  6.84019E+00  2.45187E+00  7.03507E+01 -1.64970E+02  3.23199E+00  3.34366E+04  3.96322E+04  1.05448E+04 -3.02975E+03 -9.35391E+00  1.55801E+03  0.00000E+00  1.01752E-02  1.26497E-03
       2       6       9  1.21900E-02  1.23835E-02  1.21900E-04  2.25403E+01  9.30716E+00  3.07673E+00  3.98253E+01 -8.81035E+01 -5.80642E+00  1.39070E+04  1.62072E+04  3.98679E+03 -1.20983E+03  1.27226E+03  7.88456E+02  0.00000E+00  8.83245E-03  3.55108E-03
       2       6      10  1.98895E-02  2.25952E-02  1.98895E-04  5.78695E+01  2.39745E+01  8.14900E+00  9.63975E+01 -2.31586E+02  3.64202E-01  1.88837E+04  6.34310E+04  2.47025E+03 -2.24793E+04  2.23464E+01  4.73840E+02  0.00000E+00  2.14688E-02  1.12642E-03
       3       1       1  4.14709E-04  4.31864E-04  4.14709E-06  8.30153E-02  6.56911E-02  5.46486E-01  4.63380E+00  4.86862E+00 -1.09522E+01  4.62497E+04  4.06357E+04  1.11310E+05  5.58960E+03  7.66982E+03  1.63116E+04  9.03273E-05  1.65853E-05  3.24951E-04
       3       1       2  1.18667E-04  1.28991E-04  1.18667E-06  2.23353E-01  1.81165E-01  1.46210E+00  4.74489E+01  9.04917E+01 -1.75793E+01  6.02641E+04  5.30476E+04  9.21032E+04  1.78402E+03  6.36543E+03  1.18569E+04  6.27822E-05  1.22207E-05  5.39881E-05
       3       1       3  2.04897E-04  2.30269E-04  2.04897E-06  3.56805E-01  2.97063E-01  2.19522E+00  1.82266E+01  2.76255E+01 -1.38363E+01  3.17544E+04  3.29086E+04  4.85540E+04  7.52001E+03  4.84358E+03  7.54725E+03  6.01909E-05  6.54681E-06  1.63531E-04
       3       1       4  2.82039E-04  1.71661E-04  2.82039E-06  5.01520E-01  3.74508E-01  3.56273E+00  2.76165E+00  3.67725E+01 -1.42174E+00  6.87329E+04  8.13588E+04  4.62598E+04  6.09680E+03 -8.63743E+03  5.49527E+03  1.39729E-04  8.29263E-06  2.36392E-05
       3       1       5  2.49452E-04  2.87361E-04  2.49452E-06  7.10346E-01  5.41940E-01  5.19493E+00  2.98182E+00  2.53010E+01 -3.40508E-01  2.56572E+04  3.18725E+04  3.58084E+04  1.87209E+03 -1.09136E+03  1.39882E+03  2.59797E-04  1.26572E-05  1.49061E-05
       3       1       6  1.84818E-04  1.43235E-04  1.84818E-06  9.59336E-01  7.25592E-01  6.67157E+00  1.87417E+00  1.53959E+01 -1.80471E+00  1.25735E+04  1.63569E+04  4.55035E+04 -5.75537E+02  2.09051E+03  4.68809E+03  1.08009E-04  0.00000E+00  3.52261E-05
       3       1       7  2.02664E-04  1.87188E-04  2.02664E-06  1.78626E+00  1.37071E+00  1.22247E+01 -2.13045E+00 -1.98592E+02  1.80963E+01  3.09071E+04  5.46907E+04  4.42363E+04  6.92167E+02 -4.70848E+03  4.09930E+03  1.40219E-04  0.00000E+00  4.69691E-05
       3       1       8  3.33961E-04  3.87066E-04  3.33961E-06  2.48088E+00  1.94513E+00  1.79039E+01  3.61267E+00 -1.16939E+02  1.32734E+01  1.41704E+04  2.18271E+04  3.21103E+04  4.77310E+01  1.53691E+02  3.33727E+03  2.65376E-04  0.00000E+00  1.21690E-04
       3       1       9  3.11569E-04  3.90959E-04  3.11569E-06  3.43294E+00  2.74662E+00  2.40431E+01  1.63541E+00 -3.81384E+01  1.55825E-01  3.42303E+03  6.24442E+03  1.22435E+04  3.10661E+02  4.42245E+02  1.85131E+03  1.10454E-04  0.00000E+00  2.80505E-04
       3       1      10  1.44868E-04  1.76802E-04  1.44868E-06  1.10886E+01  8.43821E+00  7.24086E+01 -5.64259E+00 -7.73644E+01 -2.62365E+01  6.72263E+03  1.86530E+04  3.24084E+04  8.19231E+02  1.14702E+03  4.30717E+03  5.61671E-05  0.00000E+00  1.20635E-04
       3       2       1  1.25451E-03  1.17871E-03  1.25451E-05  1.81962E-01  1.40201E-01  5.37484E-01  5.61708E+01 -6.88276E+01 -8.08058E+00  4.29750E+04  3.98763E+04  7.22848E+04 -1.52405E+03  1.89234E+03  8.75840E+03  1.43716E-04  3.78752E-04  6.56238E-04
       3       2       2  3.62432E-04  4.13714E-04  3.62432E-06  4.41505E-01  3.44415E-01  1.40983E+00  1.70500E+01  8.09102E+01 -5.74194E+01  4.77172E+04  4.18514E+04  8.67903E+04  1.64303E+04  3.39006E+03  1.28510E+04  2.14174E-04  4.87938E-05  1.50746E-04
       3       2       3  6.24718E-04  6.34796E-04  6.24718E-06  6.17397E-01  4.71715E-01  2.09096E+00  9.34383E+00  7.49692E+00  2.08883E-01  1.75341E+04  1.21104E+04  5.77634E+04  8.58891E+03  8.02696E+03  9.80568E+03  1.01245E-04  6.17718E-05  4.71779E-04
       3       2       4  8.84489E-04  5.75176E-04  8.84489E-06  1.11862E+00  8.33663E-01  3.28034E+00  2.29936E+01 -7.66489E+00 -2.32433E+01  6.36655E+04  6.34304E+04  8.80088E+04  7.53853E+03 -1.69633E+04  1.22256E+04  3.71506E-04  1.24231E-04  7.94385E-05
       3       2       5  8.01136E-04  1.01082E-03  8.01136E-06  1.66791E+00  1.21657E+00  4.82216E+00  6.26434E+00  1.34019E+01 -1.47563E+01  2.80444E+04  2.59504E+04  5.28160E+04  2.62862E+03 -4.93075E+03  7.32708E+03  7.54607E-04  1.66814E-04  8.93955E-05
       3       2       6  6.25221E-04  7.75350E-04  6.25221E-06  2.07373E+00  1.57480E+00  6.57963E+00  3.01256E+00 -1.11415E+01 -2.05626E+01  1.01721E+04  1.00389E+04  3.90019E+04  2.35262E+03  3.27450E+03  9.72818E+03  3.00083E-04  3.37816E-04  1.37451E-04
       3       2       7  6.50649E-04  6.55496E-04  6.50649E-06  3.73066E+00  2.94872E+00  1.13058E+01  5.77484E+00 -1.49962E+02  6.94839E+01  3.09426E+04  4.03853E+04  6.33863E+04  9.79571E+02 -6.31844E+03  1.48173E+04  3.75112E-04  3.05081E-05  2.49876E-04
       3       2       8  1.08255E-03  1.26954E-03  1.08255E-05  5.53325E+00  4.32133E+00  1.67077E+01 -7.41408E-01 -9.27758E+01  4.85880E+01  1.41613E+04  1.83521E+04  3.77187E+04  2.27391E+03  7.25664E+02  8.25965E+03  7.30501E-04  1.57730E-07  5.38885E-04
       3       2       9  1.07831E-03  1.45381E-03  1.07831E-05  7.23506E+00  5.54980E+00  2.28944E+01  1.54513E+00 -2.82705E+01  1.89396E+01  3.70684E+03  4.94186E+03  1.36244E+04  1.07383E+03  9.77103E+02  3.53284E+03  3.15941E-04  0.00000E+00  1.13787E-03
       3       2      10  4.79059E-04  5.40773E-04  4.79059E-06  2.13158E+01  1.67540E+01  6.70352E+01 -6.37374E-02 -4.12970E+01  2.09942E+01  7.36158E+03  1.25372E+04  4.19441E+04  3.17257E+03  6.07311E+03  1.23095E+04  1.02479E-04  0.00000E+00  4.38294E-04
       3       3       1  2.10952E-03  2.22342E-03  2.10952E-05  2.78077E-01  2.14293E-01  4.71050E-01  9.42215E+01 -1.28217E+02 -3.36167E+00  4.04551E+04  4.52584E+04  4.64329E+04 -8.24597E+03 -5.32855E+01  2.30146E+03  1.23759E-04  1.61401E-03  4.85660E-04
       3       3       2  6.21983E-04  6.80978E-04  6.21983E-06  7.02893E-01  5.51894E-01  1.21855E+00 -8.69592E+00  3.99826E+01 -3.41836E+01  5.11881E+04  4.13601E+04  6.36816E+04  1.06829E+04 -3.82285E+03  2.57679E+03  1.15607E-04  5.02725E-04  6.26461E-05
       3       3       3  1.06499E-03  1.09380E-03  1.06499E-05  1.05369E+00  8.11371E-01  1.79339E+00  3.14821E+01 -3.83720E+01 -5.90706E-01  2.09339E+04  1.71694E+04  3.10567E+04  6.40735E+03  2.03198E+03  3.27449E+03  1.09880E-04  7.99015E-04  1.84905E-04
       3       3       4  1.59034E-03  1.29680E-03  1.59034E-05  1.62499E+00  1.24537E+00  2.75009E+00  8.64965E+01 -1.09255E+02 -1.40675E+01  7.37645E+04  8.58684E+04  5.93111E+04 -2.89017E+04 -9.17611E+03  3.23181E+03  3.61815E-04  8.68261E-04  6.67218E-05
       3       3       5  1.51547E-03  1.89825E-03  1.51547E-05  2.59498E+00  1.99174E+00  4.13063E+00  2.81887E+01 -1.42814E+01 -7.22881E+00  3.73103E+04  3.19059E+04  3.91287E+04  2.14491E+03 -2.81538E+03  6.29287E+03  7.63329E-04  1.04029E-03  9.46304E-05
       3       3       6  1.32264E-03  1.69063E-03  1.32264E-05  3.29650E+00  2.53695E+00  5.48836E+00  3.96181E+01 -3.52735E+01 -2.39255E+00  1.73829E+04  1.71984E+04  2.54012E+04 -2.16881E+03  2.76199E+03  6.12479E+03  2.52310E-04  1.29886E-03  1.39459E-04
       3       3       7  1.28664E-03  1.34193E-03  1.28664E-05  5.71797E+00  4.52714E+00  9.89426E+00  1.03738E+02 -1.64902E+02  4.61627E+01  4.24402E+04  4.51518E+04  5.15955E+04 -1.17983E+04 -4.06882E+02  8.86907E+03  2.91555E-04  8.11823E-04  2.38556E-04
       3       3       8  2.06985E-03  2.68455E-03  2.06985E-05  8.60811E+00  6.73899E+00  1.45432E+01  7.10957E+01 -1.12418E+02  3.38791E+01  2.27874E+04  2.24334E+04  2.82144E+04 -4.07016E+03  2.81035E+02  5.93225E+03  5.85620E-04  1.62127E-03  4.77664E-04
       3       3       9  2.38570E-03  2.65718E-03  2.38570E-05  1.14695E+01  8.90442E+00  1.96168E+01  3.27681E+01 -4.83361E+01  8.76966E+00  8.12190E+03  7.72338E+03  1.29727E+04 -5.80154E+02  1.89848E+03  4.18753E+03  2.20908E-04  1.26495E-03  1.17132E-03
       3       3      10  1.09877E-03  1.29000E-03  1.09877E-05  3.54043E+01  2.73749E+01  6.16661E+01  3.50785E+00 -1.40264E+01 -7.86406E+00  1.17352E+04  7.38755E+03  3.33535E+04  8.10063E+03  1.22435E+04  1.58437E+04  2.24348E-06  2.22715E-04  1.06504E-03
       3       4       1  2.93724E-03  3.24576E-03  2.93724E-05  3.69054E-01  2.85211E-01  3.31369E-01  1.14769E+02 -1.52553E+02  6.57038E-01  5.08408E+04  5.50907E+04  3.90637E+04 -8.93198E+03 -7.88446E+02  1.18470E+03  9.79794E-05  2.72826E-03  4.19523E-04
       3       4       2  8.92589E-04  8.96017E-04  8.92589E-06  9.71388E-01  7.60736E-01  8.52000E-01 -3.88483E+01  7.54272E+01 -2.70907E+01  6.86911E+04  5.70922E+04  3.92042E+04  7.98558E+03 -1.48903E+03  2.51020E+03  1.12246E-04  6.66635E-04  1.17137E-04
       3       4       3  1.50675E-03  1.56834E-03  1.50675E-05  1.47430E+00  1.15942E+00  1.33023E+00  3.62231E+01 -6.45634E+01 -5.53833E+00  2.21244E+04  2.60953E+04  2.33623E+04  2.24598E+03  4.78838E+01  5.33320E+02  6.18833E-05  1.25074E-03  2.55718E-04
       3       4       4  2.40916E-03  1.72825E-03  2.40916E-05  2.23072E+00  1.71418E+00  2.05054E+00  1.22505E+02 -1.57052E+02 -8.40174E+00  7.66752E+04  9.07423E+04  5.25519E+04 -3.59164E+04 -8.11836E+03  3.22831E+03  3.36406E-04  1.34355E-03  4.82945E-05
       3       4       5  2.47388E-03  3.65124E-03  2.47388E-05  3.36762E+00  2.59936E+00  3.04350E+00  5.45343E+01 -8.29033E+01 -7.74822E+00  4.18237E+04  4.39992E+04  3.07581E+04 -1.70419E+02 -2.42797E+03  1.48645E+03  6.84013E-04  2.85686E-03  1.10373E-04
       3       4       6  2.53508E-03  3.07221E-03  2.53508E-05  4.74183E+00  3.66359E+00  4.00655E+00  5.35325E+01 -5.55912E+01 -1.80337E+00  2.40251E+04  1.87027E+04  1.41637E+04  2.23853E+03  1.49999E+03  3.45646E+03  2.09360E-04  2.68890E-03  1.73951E-04
       3       4       7  2.53040E-03  2.55952E-03  2.53040E-05  7.78357E+00  6.04227E+00  6.92802E+00  1.48341E+02 -1.89345E+02  3.75344E+01  5.86518E+04  6.47667E+04  3.99925E+04 -2.01935E+04 -1.19796E+03  6.59658E+03  2.61431E-04  2.02929E-03  2.68799E-04
       3       4       8  3.44865E-03  4.14764E-03  3.44865E-05  1.16587E+01  9.14502E+00  1.03876E+01  7.51760E+01 -1.09473E+02  1.58098E+01  2.94911E+04  2.99861E+04  2.48935E+04  3.10040E+03  2.26711E+03  3.69594E+03  4.95607E-04  3.14875E-03  5.03284E-04
       3       4       9  4.82878E-03  5.94758E-03  4.82878E-05  1.62480E+01  1.25992E+01  1.40363E+01  5.35351E+01 -5.30453E+01  5.48912E+00  1.38707E+04  1.03061E+04  8.48038E+03  1.33301E+03  1.05234E+03  1.69613E+03  1.92218E-04  4.39860E-03  1.35676E-03
       3       4      10  3.03380E-03  3.63408E-03  3.03380E-05  5.01083E+01  3.83409E+01  4.20234E+01  4.25266E+01 -5.39828E+01 -1.15396E+00  2.35568E+04  1.60002E+04  1.47103E+04  1.30416E+04  1.61497E+03  1.99286E+03  0.00000E+00  3.19370E-03  4.40382E-04
       3       5       1  3.62893E-03  3.35793E-03  3.62893E-05  3.95133E-01  3.04943E-01  2.12253E-01  1.04689E+02 -1.48332E+02 -3.33635E+00  4.53708E+04  5.05718E+04  4.48129E+04 -6.95821E+03 -3.76409E+02 -2.16364E+01  8.90396E-05  2.84564E-03  4.23248E-04
       3       5       2  1.13944E-03  1.19753E-03  1.13944E-05  1.09426E+00  8.55377E-01  5.92085E-01 -1.91964E+01  3.43998E+01 -2.48930E+01  7.15655E+04  5.88469E+04  4.24590E+04  2.07389E+04 -6.67932E+02  1.22213E+03  1.02004E-04  1.01086E-03  8.46608E-05
       3       5       3  1.88792E-03  1.87433E-03  1.88792E-05  1.65068E+00  1.28442E+00  8.85795E-01  6.62726E+01 -6.17287E+01 -5.51861E+00  5.18343E+04  3.56002E+04  2.74158E+04  1.68274E+04  3.58278E+02  2.34495E+02  4.81148E-05  1.49654E-03  3.29675E-04
       3       5       4  3.22051E-03  2.11036E-03  3.22051E-05  2.50593E+00  1.93925E+00  1.32997E+00  9.24475E+01 -1.18709E+02 -1.05781E+01  6.49237E+04  6.70802E+04  7.71954E+04 -4.20962E+03 -3.95584E+03  1.63311E+03  3.26108E-04  1.73752E-03  4.67330E-05
       3       5       5  3.58088E-03  4.05849E-03  3.58088E-05  3.83734E+00  2.95454E+00  2.07112E+00  6.28776E+01 -7.71562E+01 -8.21708E+00  4.42883E+04  3.81342E+04  3.64302E+04  7.85544E+03 -1.39714E+03  1.12669E+03  6.07010E-04  3.33842E-03  1.13056E-04
       3       5       6  4.30831E-03  4.76649E-03  4.30831E-05  5.36329E+00  4.11605E+00  2.74828E+00  4.63167E+01 -6.63534E+01 -3.08706E+00  3.18132E+04  2.67290E+04  1.77964E+04  1.13674E+04  2.07424E+03  3.26645E+03  2.14134E-04  4.26256E-03  2.89792E-04
       3       5       7  5.13257E-03  3.11834E-03  5.13257E-05  8.62540E+00  6.72996E+00  4.63453E+00  1.11249E+02 -1.27985E+02  2.24082E+01  6.05964E+04  5.30017E+04  4.49851E+04  9.02791E+03  5.11578E+03  5.95907E+03  2.49597E-04  2.28351E-03  5.85226E-04
       3       5       8  5.56412E-03  5.92912E-03  5.56412E-05  1.31053E+01  1.02169E+01  6.98422E+00  5.02119E+01 -9.41618E+01  3.15861E+01  3.16931E+04  2.97648E+04  2.31803E+04  1.15792E+04  1.89260E+03  6.84984E+03  4.62615E-04  4.15711E-03  1.30940E-03
       3       5       9  8.59725E-03  9.25454E-03  8.59725E-05  1.85284E+01  1.44265E+01  9.87432E+00  2.55049E+01 -4.69912E+01  2.86995E+00  1.16483E+04  9.48803E+03  6.87583E+03  4.04964E+03  1.01131E+03  1.13525E+03  1.61377E-04  5.78195E-03  3.31122E-03
       3       5      10  9.14248E-03  4.74638E-03  9.14248E-05  5.48977E+01  4.22740E+01  2.94055E+01  3.54885E+01 -4.66498E+01 -1.06484E+00  2.76040E+04  1.89426E+04  9.04789E+03  1.78109E+04  2.44630E+03  2.81610E+03  0.00000E+00  3.87843E-03  8.67950E-04
       3       6       1  4.03284E-03  4.47650E-03  4.03284E-05  4.45055E-01  3.46181E-01  7.38101E-02  6.81312E+01 -9.44562E+01 -1.22735E+00  4.75513E+04  4.14745E+04  3.68500E+04  1.00769E+04  6.57284E+02  1.00269E+03  8.58273E-05  2.77229E-03  1.61839E-03
       3       6       2  1.29431E-03  1.33953E-03  1.29431E-05  1.18069E+00  9.09971E-01  2.03556E-01 -6.62173E+01  9.08389E+01 -1.60861E+01  6.69476E+04  6.15571E+04  3.57351E+04  3.52796E+03 -1.19504E+03  6.15157E+02  7.26249E-05  1.15968E-03  1.07223E-04
       3       6       3  2.11545E-03  2.36945E-03  2.11545E-05  1.79887E+00  1.39062E+00  2.96160E-01  3.28123E+01 -6.32780E+01 -3.34387E+00  3.50031E+04  3.12677E+04  2.13259E+04  1.81077E+04  4.13388E+02  1.06221E+03  7.48972E-05  2.03472E-03  2.59839E-04
       3       6       4  3.75420E-03  3.23484E-03  3.75420E-05  2.69203E+00  2.07064E+00  4.58333E-01  5.06850E+01 -5.80152E+01 -5.45198E+00  7.35716E+04  8.43034E+04  5.72154E+04 -2.27972E+04 -2.41110E+03  4.12201E+02  3.20980E-04  2.71370E-03  2.00167E-04
       3       6       5  4.39906E-03  5.05596E-03  4.39906E-05  4.12742E+00  3.16899E+00  6.78225E-01  3.22583E+01 -3.75647E+01 -5.28689E+00  4.87445E+04  4.79781E+04  2.62395E+04  1.17820E+03  1.21033E+03  1.67956E+03  5.71137E-04  4.16826E-03  3.16563E-04
       3       6       6  5.84411E-03  6.41571E-03  5.84411E-05  5.58428E+00  4.28892E+00  9.02171E-01  2.83249E+01 -3.67246E+01 -7.65916E-03  2.81809E+04  2.71277E+04  1.50756E+04  3.84595E+03  1.73779E+03  2.47752E+03  2.05200E-04  5.71394E-03  4.96573E-04
       3       6       7  8.28878E-03  6.56857E-03  8.28878E-05  9.35582E+00  7.26210E+00  1.61093E+00  1.53401E+02 -2.13135E+02  1.06114E+01  5.83546E+04  7.39393E+04  2.37615E+04 -2.31808E+04  1.93316E+03  1.20964E+03  2.40273E-04  5.49928E-03  8.29016E-04
       3       6       8  8.36556E-03  1.16822E-02  8.36556E-05  1.41781E+01  1.09762E+01  2.38406E+00  1.05075E+02 -1.33539E+02  1.66090E+01  3.51753E+04  3.69755E+04  1.13076E+04 -3.04652E+03 -2.07779E+01  1.83396E+03  4.30698E-04  9.63012E-03  1.62137E-03
       3       6       9  1.20598E-02  1.39364E-02  1.20598E-04  1.92544E+01  1.50121E+01  3.30854E+00  5.83751E+01 -6.91276E+01  3.66962E+00  1.43228E+04  1.48698E+04  4.48223E+03 -6.53515E+02  7.18529E+02  9.57649E+02  1.88632E-04  9.63338E-03  4.11441E-03
       3       6      10  1.93216E-02  2.31948E-02  1.93216E-04  4.97913E+01  3.84631E+01  8.42587E+00  1.48833E+02 -1.93899E+02  8.76596E-02  3.29049E+04  4.86320E+04  2.40864E+03 -2.91732E+04  4.57577E+02  6.50512E+02  0.00000E+00  2.14275E-02  1.76731E-03
       4       1       1  4.14653E-04  4.61695E-04  4.14653E-06  6.10439E-02  7.92006E-02  5.27786E-01  1.21800E+01  8.16920E-02  4.98467E-01  3.75525E+04  3.96858E+04  1.07975E+05  8.07934E+03  1.20189E+04  1.37347E+04  6.68632E-05  2.00769E-05  3.74755E-04
       4       1       2  1.18649E-04  1.09849E-04  1.18649E-06  1.77911E-01  2.23067E-01  1.47132E+00  5.07930E+01  8.45578E+01 -8.64624E+00  5.79467E+04  5.48115E+04  9.69387E+04  2.05115E+03  4.87932E+03  1.20613E+04  5.14538E-05  1.39665E-05  4.44283E-05
       4       1       3  2.04871E-04  1.86238E-04  2.04871E-06  2.83526E-01  3.66189E-01  2.18892E+00  5.08874E+00  3.82800E+01  5.17916E+00  3.77545E+04  3.77585E+04  5.93256E+04  1.01042E+04  5.36969E+03  2.97995E+03  4.46844E-05  6.98327E-06  1.34570E-04
       4       1       4  2.81983E-04  1.51598E-04  2.81983E-06  3.75725E-01  4.88310E-01  3.53726E+00 -1.42364E-01  8.46710E+00 -1.83630E+01  6.37210E+04  7.78669E+04  6.40378E+04  8.19983E+03 -3.95784E+03  5.62930E+03  1.10501E-04  1.74582E-05  2.36385E-05
       4       1       5  2.49406E-04  2.51027E-04  2.49406E-06  5.58544E-01  7.29851E-01  5.21516E+00  8.63375E-01  1.87106E+01 -1.52775E+01  2.32604E+04  2.87263E+04  4.69814E+04 -9.29002E+02  1.43422E+03  3.42143E+03  2.01232E-04  3.01153E-05  1.96804E-05
       4       1       6  1.84781E-04  1.98261E-04  1.84781E-06  8.01774E-01  1.07965E+00  6.86999E+00  1.34780E+01  3.00352E-01 -2.13982E+01  9.12257E+03  9.46531E+03  4.24191E+04  6.68000E+02  3.04935E+03  4.11100E+03  8.00997E-05  8.20534E-05  3.61078E-05
       4       1       7  2.02640E-04  1.71563E-04  2.02640E-06  1.25582E+00  1.61617E+00  1.22033E+01 -7.42030E+00 -1.63894E+02  3.18832E+01  2.88296E+04  4.31083E+04  5.84908E+04  1.86181E+03 -2.23583E+03  4.26559E+03  1.09019E-04  0.00000E+00  6.25436E-05
       4       1       8  3.33913E-04  3.23910E-04  3.33913E-06  1.91232E+00  2.51179E+00  1.79521E+01 -2.96520E+00 -1.13635E+02  9.33199E+00  1.30455E+04  2.03619E+04  3.38504E+04  3.24307E+02  1.42067E+03  2.12480E+03  2.11225E-04  0.00000E+00  1.12685E-04
       4       1       9  3.11499E-04  2.89550E-04  3.11499E-06  2.68333E+00  3.59847E+00  2.42005E+01 -3.15524E+00 -3.73059E+01 -4.23517E+00  3.48335E+03  5.11179E+03  1.32850E+04  3.89782E+02  1.03774E+03  1.13130E+03  7.38749E-05  0.00000E+00  2.15675E-04
       4       1      10  1.44849E-04  1.27733E-04  1.44849E-06  8.20517E+00  1.09541E+01  6.94856E+01 -1.07187E+00 -7.48809E+01  2.12696E+01  7.96380E+03  1.81822E+04  3.92516E+04  9.84537E+02  3.36136E+03  4.28550E+03  4.14643E-05  0.00000E+00  8.62692E-05
       4       2       1  1.25369E-03  1.18711E-03  1.25369E-05  1.43516E-01  1.84493E-01  5.29530E-01  8.19892E+01 -5.46838E+01 -5.18788E+00  4.55421E+04  4.35067E+04  7.51074E+04  1.77638E+03  5.75684E+03  7.66792E+03  9.83238E-05  4.12006E-04  6.76782E-04
       4       2       2  3.62142E-04  3.17124E-04  3.62142E-06  3.51373E-01  4.47142E-01  1.39780E+00  1.79956E+01  6.24895E+01 -3.29521E+01  4.46933E+04  5.69556E+04  1.01111E+05  2.41235E+04  1.11725E+04  1.49865E+04  1.13810E-04  4.52933E-05  1.58020E-04
       4       2       3  6.24339E-04  5.88733E-04  6.24339E-06  5.36168E-01  6.89108E-01  2.06974E+00  1.26759E+01  7.02813E+00 -6.54667E+00  1.34433E+04  1.79105E+04  5.74223E+04  1.06184E+04  1.03957E+04  9.56151E+03  7.49782E-05  9.91117E-05  4.14643E-04
       4       2       4  8.83618E-04  3.79633E-04  8.83618E-06  8.32605E-01  1.08164E+00  3.23627E+00  3.78536E+01 -2.61324E+01 -2.51476E+01  5.19136E+04  8.48864E+04  9.91635E+04  9.94869E+03 -7.69562E+03  8.82917E+03  1.81534E-04  1.26398E-04  7.17001E-05
       4       2       5  8.00355E-04  6.08405E-04  8.00355E-06  1.24777E+00  1.60998E+00  4.84083E+00  1.03137E+01  6.20600E+00 -2.60988E+00  1.94251E+04  3.45156E+04  6.57145E+04  4.34651E+03  4.24030E+03  8.60479E+03  3.78976E-04  1.45091E-04  8.43384E-05
       4       2       6  6.24552E-04  5.59613E-04  6.24552E-06  1.62597E+00  2.10523E+00  6.69576E+00  2.33603E+01 -1.74057E-01  1.06652E+01  6.34165E+03  1.10284E+04  4.60901E+04  3.53922E+03  9.76083E+03  8.59659E+03  1.37530E-04  3.08137E-04  1.13946E-04
       4       2       7  6.50190E-04  5.01006E-04  6.50190E-06  2.92119E+00  3.85955E+00  1.11813E+01  4.30180E+01 -1.36163E+02  7.00339E+01  2.88043E+04  4.15522E+04  6.75162E+04 -3.39251E+03  1.80002E+03  1.24674E+04  2.14811E-04  6.81904E-05  2.18004E-04
       4       2       8  1.08179E-03  9.47623E-04  1.08179E-05  4.25188E+00  5.49597E+00  1.67723E+01 -2.67233E+00 -8.04646E+01  3.12348E+01  8.38001E+03  1.90849E+04  4.30325E+04  2.86775E+03  5.61915E+03  8.46386E+03  4.17429E-04  1.26184E-06  5.28932E-04
       4       2       9  1.07699E-03  1.37526E-03  1.07699E-05  6.04422E+00  7.60641E+00  2.30329E+01 -9.15160E-01 -1.83988E+01  6.06449E+00  2.02956E+03  3.91665E+03  1.34996E+04  8.68757E+02  2.66848E+03  3.27116E+03  1.64246E-04  5.52055E-07  1.21046E-03
       4       2      10  4.78554E-04  6.03899E-04  4.78554E-06  1.89440E+01  2.38548E+01  6.79168E+01 -5.43686E-01 -4.35749E+01  2.29214E+01  5.57471E+03  1.45503E+04  3.61235E+04  3.24676E+03  7.16521E+03  8.75956E+03  1.20907E-04  0.00000E+00  4.82991E-04
       4       3       1  2.10613E-03  2.32496E-03  2.10613E-05  2.15785E-01  2.80810E-01  4.72740E-01  1.18798E+02 -9.38668E+01 -5.55984E+00  4.29326E+04  4.17197E+04  4.58220E+04 -5.65405E+03 -3.69003E+02  5.39704E+02  9.03555E-05  1.64018E-03  5.94425E-04
       4       3       2  6.20680E-04  6.67341E-04  6.20680E-06  5.50159E-01  7.09500E-01  1.21608E+00 -1.92708E+01  4.02952E+01 -2.94116E+01  4.19167E+04  4.66090E+04  6.64103E+04  1.04380E+04 -2.66707E+03  3.42998E+03  1.15233E-04  4.74419E-04  7.76891E-05
       4       3       3  1.06341E-03  1.10453E-03  1.06341E-05  8.17328E-01  1.06464E+00  1.79682E+00  4.38266E+01 -1.87493E+01 -8.36030E+00  1.48185E+04  1.80752E+04  2.84914E+04  6.45621E+03  3.15671E+03  2.20343E+03  8.92070E-05  8.20049E-04  1.95274E-04
       4       3       4  1.58636E-03  1.09456E-03  1.58636E-05  1.24618E+00  1.61610E+00  2.75883E+00  1.30995E+02 -8.92122E+01 -7.16255E+00  9.14143E+04  7.93766E+04  5.25255E+04 -3.01664E+04 -4.59794E+03  5.01200E+03  1.86174E-04  8.33776E-04  7.46052E-05
       4       3       5  1.51138E-03  1.44554E-03  1.51138E-05  1.98296E+00  2.57450E+00  4.11086E+00  4.12862E+01 -1.08138E+01 -1.44311E+01  3.60431E+04  3.85483E+04  3.96640E+04  3.44103E+03 -5.12478E+02  3.26647E+03  3.81838E-04  9.84346E-04  7.93600E-05
       4       3       6  1.31864E-03  1.75197E-03  1.31864E-05  2.57010E+00  3.30853E+00  5.56932E+00  4.96963E+01 -2.48843E+01  1.94468E+00  1.65391E+04  1.54212E+04  2.24958E+04 -2.45850E+03  3.49815E+03  3.39924E+03  1.40028E-04  1.50108E-03  1.10867E-04
       4       3       7  1.28329E-03  1.20344E-03  1.28329E-05  4.45587E+00  5.78212E+00  9.95376E+00  1.41729E+02 -1.38039E+02  4.87799E+01  4.66556E+04  4.14047E+04  4.88209E+04 -1.22745E+04 -7.52009E+02  6.56003E+03  2.34176E-04  7.81017E-04  1.88246E-04
       4       3       8  2.06608E-03  2.55995E-03  2.06608E-05  6.59990E+00  8.58386E+00  1.45839E+01  9.45698E+01 -8.74631E+01  2.50635E+01  2.31677E+04  2.08826E+04  2.80745E+04 -3.82110E+03  2.51757E+03  3.73523E+03  4.65484E-04  1.59458E-03  4.99889E-04
       4       3       9  2.37761E-03  2.55699E-03  2.37761E-05  8.85687E+00  1.14380E+01  1.96914E+01  4.41446E+01 -3.66930E+01  8.37037E+00  7.76483E+03  7.14389E+03  1.12784E+04 -5.21290E+02  2.30202E+03  2.30857E+03  1.67115E-04  1.27985E-03  1.11002E-03
       4       3      10  1.09353E-03  1.04217E-03  1.09353E-05  2.73932E+01  3.49562E+01  5.87821E+01  1.79608E+01 -3.27474E+01  3.74479E+01  9.54531E+03  1.61366E+04  3.29904E+04  6.89711E+03  7.51364E+03  9.39200E+03  1.73229E-04  2.15538E-04  6.53403E-04
       4       4       1  2.92910E-03  3.30514E-03  2.92910E-05  2.84296E-01  3.70170E-01  3.33652E-01  1.50729E+02 -1.18716E+02 -8.40487E+00  5.56534E+04  5.19031E+04  3.62521E+04 -7.93858E+03  4.68384E+02 -8.36451E+01  7.49746E-05  2.79989E-03  4.30272E-04
       4       4       2  8.89094E-04  9.49401E-04  8.89094E-06  7.52456E-01  9.81518E-01  8.53985E-01 -4.87232E+01  5.97543E+01 -3.81408E+01  5.74258E+04  6.18251E+04  3.92354E+04  9.00739E+03 -2.77049E+03  3.94080E+02  1.27032E-04  7.59874E-04  6.24957E-05
       4       4       3  1.50290E-03  1.59737E-03  1.50290E-05  1.12191E+00  1.45764E+00  1.35511E+00  5.76118E+01 -5.52603E+01  8.38187E-01  2.19581E+04  2.47163E+04  2.42050E+04 -2.12693E+03 -2.97477E+02  9.74870E+02  6.89745E-05  1.37441E-03  1.53983E-04
       4       4       4  2.39835E-03  1.55013E-03  2.39835E-05  1.71510E+00  2.22922E+00  2.05004E+00  1.73418E+02 -1.39938E+02 -1.23972E+01  9.70349E+04  8.17524E+04  4.30970E+04 -4.14663E+04 -4.75539E+03  2.84642E+02  1.92993E-04  1.32651E-03  3.06285E-05
       4       4       5  2.46072E-03  3.43296E-03  2.46072E-05  2.58653E+00  3.37721E+00  3.02393E+00  8.97280E+01 -6.73663E+01 -1.17958E+00  4.45037E+04  4.48313E+04  2.69321E+04 -1.30697E+03 -1.69578E+03  8.71302E+02  3.65040E-04  2.98349E-03  8.44282E-05
       4       4       6  2.52005E-03  2.75427E-03  2.52005E-05  3.62221E+00  4.73227E+00  4.05104E+00  6.88978E+01 -3.89176E+01 -2.84242E+00  2.32054E+04  2.12543E+04  1.39243E+04  3.65353E+03  2.34601E+03  1.93547E+03  1.33027E-04  2.48031E-03  1.40929E-04
       4       4       7  2.51175E-03  2.37792E-03  2.51175E-05  5.93894E+00  7.71805E+00  6.88039E+00  1.94799E+02 -1.42912E+02  3.10085E+01  7.21882E+04  5.54701E+04  3.99701E+04 -1.85209E+04 -2.10909E+02  3.76154E+03  2.33100E-04  1.93226E-03  2.12553E-04
       4       4       8  3.43507E-03  4.55561E-03  3.43507E-05  9.09235E+00  1.17683E+01  1.03966E+01  1.14539E+02 -9.35519E+01  2.12139E+01  2.99874E+04  3.22356E+04  2.16840E+04  2.56077E+02  1.55613E+03  2.77923E+03  4.60463E-04  3.74336E-03  3.51791E-04
       4       4       9  4.79761E-03  5.58782E-03  4.79761E-05  1.26362E+01  1.63901E+01  1.40876E+01  6.62201E+01 -3.42649E+01  5.70787E+00  1.28827E+04  1.13739E+04  8.42100E+03  3.04546E+03  9.93315E+02  1.23626E+03  1.58150E-04  4.52563E-03  9.04036E-04
       4       4      10  2.99349E-03  4.03650E-03  2.99349E-05  3.77086E+01  4.90727E+01  4.18889E+01  5.12274E+01 -4.33970E+01  7.14874E+00  1.65952E+04  2.33172E+04  1.70232E+04  1.30835E+04  1.38187E+03  1.81538E+03  1.62732E-04  3.27464E-03  5.99131E-04
       4       5       1  3.61500E-03  3.32704E-03  3.61500E-05  3.01011E-01  3.91860E-01  2.10177E-01  1.42086E+02 -1.13876E+02 -6.24973E+00  5.12846E+04  4.52937E+04  4.40708E+04 -7.29841E+03 -4.55367E+02  1.97421E+02  7.16273E-05  2.83164E-03  4.23771E-04
       4       5       2  1.13282E-03  1.20924E-03  1.13282E-05  8.45879E-01  1.10174E+00  5.95638E-01 -2.66223E+01  1.60648E+01 -3.55275E+01  5.72545E+04  7.01585E+04  4.33349E+04  1.97400E+04 -1.97085E+03 -6.39318E+02  1.14572E-04  1.02871E-03  6.59584E-05
       4       5       3  1.88121E-03  1.66718E-03  1.88121E-05  1.26727E+00  1.64781E+00  8.75067E-01  8.80252E+01 -4.12511E+01 -1.24136E+01  4.55137E+04  4.66064E+04  2.99357E+04  2.21296E+04  1.49711E+02 -9.55674E+02  6.16726E-05  1.42902E-03  1.76485E-04
       4       5       4  3.19988E-03  1.94940E-03  3.19988E-05  1.93742E+00  2.51670E+00  1.33560E+00  1.35253E+02 -9.77961E+01 -6.14643E+00  7.34781E+04  6.89257E+04  6.80746E+04 -4.54949E+03 -2.73435E+03 -3.59375E+02  1.85099E-04  1.74316E-03  2.11444E-05
       4       5       5  3.55149E-03  3.57235E-03  3.55149E-05  2.93513E+00  3.82327E+00  2.09932E+00  8.65866E+01 -6.38515E+01 -1.35031E+00  4.05355E+04  4.49213E+04  3.42484E+04  6.86856E+03 -1.40961E+03  9.93495E+02  3.44179E-04  3.16337E-03  6.47971E-05
       4       5       6  4.26979E-03  4.38709E-03  4.26979E-05  4.02200E+00  5.27222E+00  2.94131E+00  6.36543E+01 -5.71182E+01  1.58398E+00  2.51732E+04  3.11058E+04  1.59665E+04  9.07374E+03  7.70877E+02  1.19465E+03  1.37273E-04  4.09543E-03  1.54385E-04
       4       5       7  5.05917E-03  2.91678E-03  5.05917E-05  6.71464E+00  8.73511E+00  4.56668E+00  1.50464E+02 -1.02274E+02  3.10869E+01  5.65696E+04  5.67449E+04  4.63934E+04  5.91582E+03  2.39744E+03  4.11074E+03  2.37045E-04  2.29812E-03  3.81611E-04
       4       5       8  5.50849E-03  5.45711E-03  5.50849E-05  1.01427E+01  1.32059E+01  6.95655E+00  7.96441E+01 -8.42380E+01  1.25932E+01  2.63165E+04  3.67082E+04  2.20508E+04  9.59159E+03  2.54668E+03  1.94170E+03  3.96629E-04  4.23905E-03  8.21432E-04
       4       5       9  8.51505E-03  6.89746E-03  8.51505E-05  1.42081E+01  1.83815E+01  9.72923E+00  3.92577E+01 -4.80197E+01  4.19442E+00  1.10771E+04  1.37180E+04  7.71225E+03  4.72695E+03  5.75251E+02  1.10998E+03  1.82894E-04  4.74477E-03  1.96979E-03
       4       5      10  8.92132E-03  5.12039E-03  8.92132E-05  4.28277E+01  5.46966E+01  2.93182E+01  4.25171E+01 -3.35694E+01  8.63537E+00  1.78472E+04  2.66364E+04  1.06694E+04  1.69847E+04  2.53842E+03  2.53120E+03  1.57805E-04  3.78774E-03  1.17485E-03
       4       6       1  4.01476E-03  3.85741E-03  4.01476E-05  3.39173E-01  4.37937E-01  7.10605E-02  1.03589E+02 -8.53861E+01 -4.69132E+00  4.56445E+04  4.73183E+04  4.22307E+04  7.94198E+03 -1.88020E+02  8.72444E+01  7.35722E-05  2.83416E-03  9.49670E-04
       4       6       2  1.28518E-03  1.35372E-03  1.28518E-05  9.06468E-01  1.18367E+00  1.97999E-01 -8.44122E+01  6.74294E+01 -2.21168E+01  6.13829E+04  6.13764E+04  3.52711E+04  2.77312E+03 -7.54837E+02 -7.58284E+02  8.72706E-05  1.20002E-03  6.64338E-05
       4       6       3  2.10664E-03  2.04583E-03  2.10664E-05  1.38316E+00  1.79728E+00  2.90203E-01  5.58722E+01 -5.15733E+01 -1.54208E+01  2.49637E+04  3.88087E+04  2.22678E+04  1.28942E+04 -5.38577E+02 -1.80152E+03  8.94423E-05  1.76526E-03  1.91135E-04
       4       6       4  3.72570E-03  3.00246E-03  3.72570E-05  2.08080E+00  2.71025E+00  4.62891E-01  6.82465E+01 -4.81576E+01 -6.34282E+00  8.66860E+04  6.98633E+04  5.04357E+04 -3.01768E+04 -3.53233E+01 -3.09990E+02  1.78723E-04  2.71932E-03  1.04421E-04
       4       6       5  4.35438E-03  4.78963E-03  4.35438E-05  3.16994E+00  4.12415E+00  6.92595E-01  4.37366E+01 -3.30852E+01 -5.71500E+00  4.83124E+04  4.75477E+04  2.24649E+04 -1.76809E+03  8.01687E+02  1.26366E+03  3.24276E-04  4.28846E-03  1.76895E-04
       4       6       6  5.78064E-03  6.67473E-03  5.78064E-05  4.32139E+00  5.61256E+00  9.53459E-01  4.02518E+01 -2.72972E+01  1.61266E-01  2.38370E+04  2.40716E+04  1.36442E+04  1.10999E+03  1.51607E+03  1.59312E+03  1.53398E-04  6.21675E-03  3.04588E-04
       4       6       7  8.13058E-03  6.20807E-03  8.13058E-05  7.24059E+00  9.41301E+00  1.62417E+00  2.17398E+02 -1.76276E+02  1.68941E+01  7.28372E+04  5.80254E+04  2.36084E+04 -2.99924E+04 -7.04471E+01  1.08374E+03  2.30232E-04  5.52252E-03  4.55321E-04
       4       6       8  8.20436E-03  1.05014E-02  8.20436E-05  1.09513E+01  1.42175E+01  2.33465E+00  1.42710E+02 -1.10572E+02  7.18714E+00  3.73764E+04  3.37498E+04  1.16092E+04 -6.10518E+03  8.24817E+02  6.00594E+02  4.22091E-04  9.13002E-03  9.49243E-04
       4       6       9  1.19124E-02  1.28707E-02  1.19124E-04  1.47171E+01  1.91823E+01  3.45965E+00  8.44037E+01 -5.88547E+01  1.43583E+00  1.52171E+04  1.36573E+04  5.04318E+03 -2.63446E+03  2.98778E+02  2.63370E+02  1.52770E-04  1.02120E-02  2.50590E-03
       4       6      10  1.86911E-02  2.21818E-02  1.86911E-04  3.78885E+01  4.94221E+01  8.16309E+00  2.02966E+02 -1.55204E+02  1.75553E+00  4.99289E+04  3.26747E+04  2.90220E+03 -3.17597E+04  1.84656E+02  1.42669E+02  1.55521E-04  2.14036E-02  6.22650E-04
       5       1       1  4.14604E-04  4.49283E-04  4.14604E-06  3.70593E-02  9.04371E-02  5.23815E-01  7.63554E+00  3.84285E+00 -1.03439E+00  3.11913E+04  4.31107E+04  1.07205E+05  5.46596E+03  1.36038E+04  8.47291E+03  5.65280E-05  1.57124E-05  3.77042E-04
       5       1       2  1.18632E-04  1.27725E-04  1.18632E-06  1.06160E-01  2.62601E-01  1.46261E+00  5.79821E+01  6.93248E+01 -1.71481E+01  5.22295E+04  5.46988E+04  1.03086E+05  6.41009E+03  9.80298E+03  3.99642E+03  4.79570E-05  1.87675E-05  6.10004E-05
       5       1       3  2.04849E-04  1.96823E-04  2.04849E-06  1.68191E-01  4.37577E-01  2.19113E+00  5.14352E+00  2.24160E+01 -4.70431E+00  2.57196E+04  3.24964E+04  4.27896E+04  7.83142E+03  7.32403E+03  9.64837E+02  3.95990E-05  4.36454E-06  1.52860E-04
       5       1       4  2.81935E-04  1.37687E-04  2.81935E-06  2.32735E-01  5.64649E-01  3.52660E+00  1.11140E+00  2.57526E+01  1.45725E+01  6.34634E+04  8.80274E+04  6.28506E+04  1.05438E+04 -3.80458E+03  3.60190E+03  9.92429E-05  1.13478E-05  2.70964E-05
       5       1       5  2.49366E-04  2.26471E-04  2.49366E-06  3.55489E-01  8.65183E-01  5.19241E+00  1.35416E+01  2.08347E+01 -1.87599E+00  2.24163E+04  2.67269E+04  4.16992E+04  2.14528E+02  3.24581E+02  1.52407E+03  1.66242E-04  5.19381E-05  8.29089E-06
       5       1       6  1.84750E-04  2.45098E-04  1.84750E-06  5.37492E-01  1.29469E+00  6.93059E+00  2.01594E+01  3.15575E+00 -1.56145E+01  7.30705E+03  7.70974E+03  2.74361E+04  1.01694E+03  3.02297E+03  2.07203E+03  7.72318E-05  1.42721E-04  2.51453E-05
       5       1       7  2.02620E-04  1.29632E-04  2.02620E-06  7.69643E-01  1.87753E+00  1.22504E+01  4.39159E+00 -1.94542E+02  1.71672E+00  3.36739E+04  5.06356E+04  4.65455E+04 -5.83014E+02 -3.47828E+03  2.63998E+03  9.64677E-05  0.00000E+00  3.31638E-05
       5       1       8  3.33872E-04  2.56888E-04  3.33872E-06  1.20178E+00  2.88484E+00  1.80819E+01 -8.46214E+00 -1.12770E+02  2.58369E+01  1.38006E+04  2.08270E+04  3.28054E+04  1.46346E+03  1.93799E+03  7.37356E+02  1.69625E-04  0.00000E+00  8.72623E-05
       5       1       9  3.11438E-04  3.24290E-04  3.11438E-06  1.52669E+00  3.88015E+00  2.42441E+01  2.29887E+00 -2.74039E+01  2.95403E+01  3.30235E+03  4.40501E+03  1.31300E+04 -1.88438E+02  1.39409E+03  7.17443E+02  7.24404E-05  0.00000E+00  2.51850E-04
       5       1      10  1.44831E-04  1.30759E-04  1.44831E-06  5.04006E+00  1.25417E+01  7.19685E+01  1.81019E+00 -5.45809E+01  1.99223E+01  6.78954E+03  1.45056E+04  3.77258E+04  5.12836E+02  4.31213E+03  2.25231E+03  3.48540E-05  0.00000E+00  9.59049E-05
       5       2       1  1.25297E-03  9.95371E-04  1.25297E-05  8.75224E-02  2.15055E-01  5.16591E-01  1.22263E+02 -4.02849E+01 -1.03370E+01  5.31080E+04  5.58130E+04  8.67971E+04  6.67729E+02  7.35405E+03  5.40947E+03  7.75877E-05  4.59254E-04  4.58530E-04
       5       2       2  3.61891E-04  2.80958E-04  3.61891E-06  2.16971E-01  5.24556E-01  1.38868E+00  3.85883E+01  6.62394E+01 -2.11165E+01  2.85986E+04  6.45060E+04  1.13329E+05  1.95629E+04  1.77355E+04  1.23709E+04  7.07797E-05  5.33099E-05  1.56869E-04
       5       2       3  6.24011E-04  6.20647E-04  6.24011E-06  3.30421E-01  8.03756E-01  2.07235E+00  1.79343E+01  8.12246E+00 -2.42611E+00  5.98153E+03  2.12434E+04  4.70013E+04  6.88026E+03  6.97530E+03  2.57119E+03  7.29226E-05  1.41671E-04  4.06053E-04
       5       2       4  8.82866E-04  3.54019E-04  8.82866E-06  5.39969E-01  1.32127E+00  3.21134E+00  7.81433E+01 -9.10340E+00  3.45568E+00  5.44412E+04  9.09637E+04  9.02534E+04  4.28431E+03 -3.24084E+03  6.79561E+03  1.40933E-04  1.54290E-04  5.87964E-05
       5       2       5  7.99682E-04  5.75256E-04  7.99682E-06  8.00113E-01  1.90303E+00  4.81444E+00  2.01872E+01  7.77306E+00  1.86349E+00  1.28212E+04  3.44032E+04  6.54973E+04  3.25096E+03  3.09907E+03  3.25059E+03  2.88112E-04  2.27618E-04  5.95254E-05
       5       2       6  6.23973E-04  6.73983E-04  6.23973E-06  1.07728E+00  2.59401E+00  6.69112E+00  1.65479E+01 -3.59624E+00 -1.98884E+00  3.02327E+03  1.19142E+04  4.81154E+04  2.18100E+03  1.23042E+04  5.17100E+03  1.06080E-04  4.23797E-04  1.44106E-04
       5       2       7  6.49794E-04  5.36168E-04  6.49794E-06  1.90340E+00  4.63747E+00  1.10828E+01  7.44764E+01 -1.14340E+02  2.56965E+01  3.37708E+04  3.75321E+04  6.56898E+04 -5.37718E+03  1.15205E+04  8.15046E+03  1.62094E-04  1.24025E-04  2.50048E-04
       5       2       8  1.08113E-03  8.54478E-04  1.08113E-05  2.70159E+00  6.67321E+00  1.66288E+01  1.55927E+01 -7.68311E+01  2.79054E+01  8.45864E+03  2.07797E+04  4.18016E+04  8.84616E+02  9.17915E+03  5.31209E+03  3.26341E-04  5.06742E-05  4.77463E-04
       5       2       9  1.07585E-03  1.12462E-03  1.07585E-05  3.83744E+00  9.40936E+00  2.28359E+01  2.77303E-01 -1.42726E+01  1.00796E+01  1.22030E+03  5.04323E+03  1.40653E+04  1.07214E+03  4.09501E+03  1.89763E+03  1.16192E-04  3.15460E-06  1.00528E-03
       5       2      10  4.78119E-04  3.99096E-04  4.78119E-06  1.15591E+01  2.72825E+01  6.72890E+01  3.08256E+00 -3.39043E+01  3.75380E+01  3.88413E+03  1.69580E+04  3.82231E+04  2.61021E+03  9.42620E+03  5.40590E+03  7.90826E-05  6.86125E-06  3.13152E-04
       5       3       1  2.10320E-03  2.32909E-03  2.10320E-05  1.34288E-01  3.29381E-01  4.79228E-01  1.36532E+02 -5.50903E+01 -6.28673E+00  4.53711E+04  3.74841E+04  4.25455E+04 -3.50134E+03  3.04083E+03  1.44216E+03  6.47266E-05  1.58478E-03  6.79589E-04
       5       3       2  6.19557E-04  6.64064E-04  6.19557E-06  3.37756E-01  8.16291E-01  1.23158E+00 -1.73142E+01  3.68662E+01 -2.66430E+01  3.36551E+04  4.95076E+04  6.97463E+04  7.26709E+03  4.16143E+02  2.03915E+03  8.62466E-05  4.89839E-04  8.79786E-05
       5       3       3  1.06205E-03  1.03530E-03  1.06205E-05  5.11809E-01  1.21230E+00  1.79185E+00  4.74060E+01 -2.19552E+00 -1.50263E+00  1.05154E+04  2.17397E+04  3.04633E+04  6.30483E+03  3.12919E+03  1.68487E+03  5.12656E-05  7.39853E-04  2.44179E-04
       5       3       4  1.58293E-03  1.04064E-03  1.58293E-05  7.77732E-01  1.87748E+00  2.75987E+00  1.59274E+02 -5.02440E+01 -1.11889E+01  1.05835E+05  6.75146E+04  5.40995E+04 -2.21186E+04 -2.02632E+03  1.84822E+03  1.43480E-04  8.22155E-04  7.50003E-05
       5       3       5  1.50787E-03  1.39808E-03  1.50787E-05  1.24038E+00  3.01784E+00  4.11144E+00  4.74772E+01 -5.66903E+00 -1.46155E+01  3.29002E+04  4.29419E+04  4.03786E+04  2.76489E+03  3.84196E+03  2.86189E+03  2.90677E-04  1.00991E-03  9.74871E-05
       5       3       6  1.31520E-03  1.45807E-03  1.31520E-05  1.59231E+00  3.82262E+00  5.55988E+00  5.67819E+01 -1.89859E+01 -1.98872E+00  1.92849E+04  1.60425E+04  2.51996E+04 -1.85971E+03  6.29995E+03  3.51269E+03  1.09991E-04  1.23449E-03  1.13587E-04
       5       3       7  1.28041E-03  1.09586E-03  1.28041E-05  2.80767E+00  6.74071E+00  9.91707E+00  1.64111E+02 -9.20854E+01  3.98983E+01  4.94350E+04  3.87466E+04  5.00439E+04 -6.73388E+03  4.36383E+03  4.44892E+03  1.72494E-04  7.30056E-04  1.93305E-04
       5       3       8  2.06283E-03  2.31759E-03  2.06283E-05  4.14048E+00  9.96703E+00  1.46308E+01  1.12838E+02 -6.53804E+01  1.85782E+01  2.42988E+04  2.05854E+04  2.79846E+04 -2.60480E+03  4.24424E+03  2.85118E+03  3.24548E-04  1.55254E-03  4.40500E-04
       5       3       9  2.37063E-03  2.42633E-03  2.37063E-05  5.31795E+00  1.32403E+01  1.98029E+01  5.37198E+01 -2.64091E+01  5.98620E+00  8.07219E+03  7.39220E+03  1.14937E+04 -6.69583E+02  3.47366E+03  1.75880E+03  1.25516E-04  1.27541E-03  1.02540E-03
       5       3      10  1.08903E-03  1.03123E-03  1.08903E-05  1.69015E+01  4.13666E+01  6.02889E+01  1.37897E+01 -2.27320E+01  1.18552E+01  4.15637E+03  1.83877E+04  3.27345E+04  5.33837E+03  1.34306E+04  6.43047E+03  9.02600E-05  2.13487E-04  7.27481E-04
       5       4       1  2.92209E-03  3.36424E-03  2.92209E-05  1.79892E-01  4.35201E-01  3.36215E-01  1.76307E+02 -8.03736E+01 -2.16071E+00  5.90762E+04  5.03401E+04  3.74919E+04 -6.00427E+03  8.81956E+02  3.39954E+02  5.80840E-05  2.86777E-03  4.38388E-04
       5       4       2  8.86092E-04  8.88786E-04  8.86092E-06  4.64798E-01  1.13992E+00  8.50254E-01 -6.63239E+01  4.09845E+01 -1.87012E+01  5.72234E+04  7.38662E+04  3.44428E+04  8.51398E+03  1.68211E+03  2.89940E+03  7.88285E-05  6.99838E-04  1.10120E-04
       5       4       3  1.49958E-03  1.71755E-03  1.49958E-05  7.28911E-01  1.73537E+00  1.34834E+00  7.77029E+01 -2.88008E+01 -6.56934E+00  2.62606E+04  2.44584E+04  2.25095E+04 -4.38722E+03 -3.87711E+02  1.33086E+03  4.75938E-05  1.41166E-03  2.58290E-04
       5       4       4  2.38904E-03  1.44579E-03  2.38904E-05  1.08150E+00  2.59090E+00  2.05489E+00  2.16988E+02 -9.13212E+01 -8.63297E+00  1.22463E+05  5.96925E+04  3.99928E+04 -3.39664E+04 -3.80313E+03 -5.03936E+02  1.37350E-04  1.28361E-03  2.48260E-05
       5       4       5  2.44945E-03  3.41084E-03  2.44945E-05  1.62675E+00  3.94880E+00  3.02737E+00  1.09721E+02 -4.11364E+01 -3.74964E+00  4.54954E+04  4.53136E+04  2.55370E+04 -1.87601E+03 -5.58408E+02  5.77770E+02  2.61022E-04  3.06404E-03  8.57741E-05
       5       4       6  2.50714E-03  2.99065E-03  2.50714E-05  2.35259E+00  5.59611E+00  4.03847E+00  7.56991E+01 -1.86388E+01 -5.23169E+00  1.89396E+04  2.34698E+04  1.27462E+04  3.98241E+03  2.41127E+03  5.95410E+02  1.13222E-04  2.74361E-03  1.33815E-04
       5       4       7  2.49582E-03  2.20074E-03  2.49582E-05  3.67804E+00  8.90065E+00  6.84182E+00  2.27942E+02 -1.04132E+02  2.92017E+01  8.30396E+04  5.04348E+04  3.84774E+04 -1.51642E+04 -1.04175E+03  3.57200E+03  1.62812E-04  1.86233E-03  1.75601E-04
       5       4       8  3.42343E-03  4.66513E-03  3.42343E-05  5.65900E+00  1.37321E+01  1.03254E+01  1.43257E+02 -6.43388E+01  6.95342E+00  3.20450E+04  3.15693E+04  2.00681E+04 -1.98567E+03  1.67416E+03 -7.99767E+01  3.25982E-04  4.02183E-03  3.17317E-04
       5       4       9  4.77082E-03  5.57684E-03  4.77082E-05  7.98482E+00  1.95245E+01  1.41959E+01  6.59064E+01 -1.15528E+01 -6.09988E-01  9.60479E+03  1.28615E+04  8.16863E+03  3.68912E+03  7.04232E+02  1.41435E+02  1.20854E-04  4.68609E-03  7.69901E-04
       5       4      10  2.95921E-03  3.94136E-03  2.95921E-05  2.36097E+01  5.70826E+01  4.20034E+01  6.06167E+01 -2.86404E+01  3.02756E+00  1.01480E+04  3.04288E+04  1.65028E+04  9.77726E+03  2.24248E+03  1.12120E+03  9.13817E-05  3.29771E-03  5.52271E-04
       5       5       1  3.60300E-03  3.31643E-03  3.60300E-05  1.91348E-01  4.63026E-01  2.12565E-01  1.69045E+02 -7.37881E+01 -1.00397E+00  5.43540E+04  4.37427E+04  4.36985E+04 -4.26192E+03 -1.01263E+03 -1.18367E+00  5.48889E-05  2.89011E-03  3.71425E-04
       5       5       2  1.12715E-03  1.18522E-03  1.12715E-05  5.26128E-01  1.28505E+00  5.91143E-01 -2.46254E+01  2.58724E+01 -1.34195E+01  4.96135E+04  8.71819E+04  4.31254E+04  1.96349E+04 -2.35850E+03 -6.14648E+02  6.86937E-05  1.00508E-03  1.11451E-04
       5       5       3  1.87543E-03  1.76014E-03  1.87543E-05  7.98103E-01  1.92829E+00  8.82291E-01  7.89994E+01 -1.96761E+01 -2.97615E+00  2.67741E+04  5.77540E+04  2.53358E+04  1.91765E+04 -8.58667E+02 -1.08465E+03  5.19178E-05  1.44342E-03  2.64800E-04
       5       5       4  3.18217E-03  1.97110E-03  3.18217E-05  1.20564E+00  2.92587E+00  1.33214E+00  1.56389E+02 -7.54503E+01 -1.36205E+01  7.48585E+04  7.17419E+04  6.73333E+04 -4.73559E+03 -1.91878E+03 -2.56258E+03  1.44568E-04  1.80129E-03  2.52426E-05
       5       5       5  3.52642E-03  3.57471E-03  3.52642E-05  1.85801E+00  4.44264E+00  2.08355E+00  1.00960E+02 -4.32771E+01 -2.94438E+00  3.75661E+04  4.90364E+04  3.21347E+04  6.22757E+03 -1.35532E+03  5.68104E+02  2.56889E-04  3.26645E-03  5.13770E-05
       5       5       6  4.23683E-03  4.35151E-03  4.23683E-05  2.58033E+00  6.20568E+00  2.74088E+00  7.39554E+01 -3.52599E+01 -3.70440E+00  2.00022E+04  3.70478E+04  1.54244E+04  7.64840E+03  2.82835E+03  9.53419E+02  9.42053E-05  4.02973E-03  2.27571E-04
       5       5       7  4.99685E-03  3.06872E-03  4.99685E-05  4.17365E+00  1.02760E+01  4.50416E+00  1.54537E+02 -5.70645E+01  2.51701E+01  5.00401E+04  6.56172E+04  4.15994E+04  8.92219E+03  7.14185E+03  5.45103E+03  1.57791E-04  2.28182E-03  6.29110E-04
       5       5       8  5.46165E-03  6.27974E-03  5.46165E-05  6.29455E+00  1.54621E+01  6.95920E+00  8.87529E+01 -4.89834E+01  3.01669E+00  2.08919E+04  4.19282E+04  2.04218E+04  8.17330E+03  6.96640E+03  5.90464E+02  3.35306E-04  4.41894E-03  1.52549E-03
       5       5       9  8.44469E-03  9.23031E-03  8.44469E-05  8.62052E+00  2.19390E+01  9.26187E+00  3.60556E+01 -2.59795E+01  9.55698E+00  6.94039E+03  1.54047E+04  6.04912E+03  3.62001E+03  2.10443E+03  1.87842E+03  1.10095E-04  4.40408E-03  4.71613E-03
       5       5      10  8.73529E-03  4.54750E-03  8.73529E-05  2.65314E+01  6.42755E+01  2.95744E+01  5.29626E+01 -2.59680E+01  5.72848E+00  9.84230E+03  3.48167E+04  1.00356E+04  1.21301E+04  2.01379E+03  1.10185E+03  8.96590E-05  3.72280E-03  7.35048E-04
       5       6       1  3.99920E-03  4.27617E-03  3.99920E-05  2.11895E-01  5.21054E-01  7.20414E-02  1.12680E+02 -5.08723E+01 -2.38976E+00  3.78084E+04  5.33547E+04  3.66900E+04  7.46419E+03 -3.51362E+02  4.00554E+01  5.26500E-05  3.14090E-03  1.08263E-03
       5       6       2  1.27738E-03  1.30476E-03  1.27738E-05  5.67352E-01  1.38033E+00  2.03770E-01 -1.06666E+02  4.46518E+01 -1.66385E+01  6.10118E+04  6.86071E+04  3.19181E+04  2.43612E+03 -4.33431E+03 -1.26639E+03  6.61310E-05  1.14427E-03  9.43601E-05
       5       6       3  2.09905E-03  2.40894E-03  2.09905E-05  8.64900E-01  2.10369E+00  2.96139E-01  6.52654E+01 -3.29993E+01  8.46273E-01  2.12604E+04  5.02652E+04  2.03479E+04  1.14441E+04 -2.54690E+03 -5.42709E+02  5.26834E-05  2.05709E-03  2.99173E-04
       5       6       4  3.70128E-03  3.08102E-03  3.70128E-05  1.30243E+00  3.16437E+00  4.70099E-01  7.60728E+01 -2.33165E+01 -3.85791E-02  1.00230E+05  6.70026E+04  4.68389E+04 -1.54645E+04  6.86749E+02  4.79593E+02  1.27492E-04  2.71640E-03  2.37125E-04
       5       6       5  4.31639E-03  4.66584E-03  4.31639E-05  1.97512E+00  4.79998E+00  6.82330E-01  4.80457E+01 -1.34804E+01 -3.65401E+00  4.95470E+04  5.53149E+04  2.19975E+04  1.55726E+03  5.05264E+03  1.59882E+03  2.61596E-04  4.04114E-03  3.63103E-04
       5       6       6  5.72646E-03  6.47905E-03  5.72646E-05  2.65942E+00  6.55029E+00  9.14161E-01  4.45977E+01 -1.64297E+01  1.42138E+00  2.44851E+04  3.15215E+04  1.41428E+04  2.47881E+03  4.47735E+03  1.90962E+03  8.19899E-05  5.86205E-03  5.35012E-04
       5       6       7  7.99676E-03  6.59345E-03  7.99676E-05  4.51404E+00  1.10098E+01  1.66538E+00  2.46709E+02 -1.07004E+02  1.10481E+01  8.37460E+04  4.83228E+04  2.16455E+04 -1.95043E+04  4.28202E+03  2.00684E+03  1.67115E-04  5.60580E-03  8.20528E-04
       5       6       8  8.07040E-03  1.02329E-02  8.07040E-05  6.77498E+00  1.65631E+01  2.39735E+00  1.59934E+02 -6.95811E+01 -2.13043E-01  3.93002E+04  3.40046E+04  9.48658E+03 -3.44530E+03  2.95610E+03  8.64876E+01  2.59279E-04  8.44954E-03  1.52406E-03
       5       6       9  1.17872E-02  1.38883E-02  1.17872E-04  9.16771E+00  2.24849E+01  3.77769E+00  9.13594E+01 -3.59640E+01  4.60768E+00  1.55222E+04  1.18888E+04  4.68030E+03 -1.97517E+03  1.97903E+02  4.79878E+02  1.15116E-04  1.04750E-02  3.29816E-03
       5       6      10  1.81659E-02  2.18264E-02  1.81659E-04  2.37075E+01  5.73304E+01  8.23067E+00  2.39564E+02 -9.83252E+01  6.82669E-01  6.54596E+04  1.78825E+04  2.63339E+03 -2.36888E+04  2.83911E+02 -1.15706E+01  8.97391E-05  2.12802E-02  4.56494E-04
       6       1       1  4.14576E-04  4.13228E-04  4.14576E-06  1.39230E-02  9.29102E-02  5.20644E-01  1.73568E+01  1.36786E+01  6.68337E+00  3.33132E+04  5.07853E+04  1.20598E+05  3.77926E+03  1.79622E+04  4.85056E+03  5.37967E-05  1.74582E-05  3.41973E-04
       6       1       2  1.18623E-04  1.40607E-04  1.18623E-06  3.58523E-02  2.84047E-01  1.45954E+00  5.88207E+01  4.25067E+01 -2.30126E+01  4.71694E+04  4.14283E+04  1.11665E+05 -1.94213E+03  1.67731E+04  9.42733E+02  4.14071E-05  2.09498E-05  7.82500E-05
       6       1       3  2.04836E-04  2.69875E-04  2.04836E-06  6.16585E-02  4.57096E-01  2.18818E+00  3.79975E+00  1.38378E+01  1.47206E+01  1.79572E+04  2.89534E+04  4.25172E+04  8.01434E+02  1.15189E+04  1.52283E+03  3.86772E-05  2.18227E-06  2.29015E-04
       6       1       4  2.81908E-04  1.21773E-04  2.81908E-06  7.94429E-02  6.11021E-01  3.52361E+00  4.74002E+00  3.37146E+01  5.75396E+00  5.92881E+04  8.26665E+04  7.49107E+04 -3.59474E+03 -1.16661E+03  1.22263E+03  8.26943E-05  1.39665E-05  2.51118E-05
       6       1       5  2.49343E-04  2.51537E-04  2.49343E-06  1.23588E-01  9.41274E-01  5.20653E+00  1.54620E+01  1.98502E+01  8.49743E+00  2.15026E+04  2.55328E+04  4.90718E+04  9.12989E+02  1.64677E+03  1.07459E+03  1.73781E-04  6.06671E-05  1.70889E-05
       6       1       6  1.84731E-04  1.68289E-04  1.84731E-06  1.81255E-01  1.29580E+00  6.81208E+00  2.48272E+01  1.75602E+01  1.39009E+01  8.44421E+03  8.89349E+03  3.16964E+04  3.64185E+01  2.76006E+03  1.72253E+03  6.01748E-05  8.68544E-05  2.12601E-05
       6       1       7  2.02608E-04  1.25277E-04  2.02608E-06  2.84054E-01  2.08121E+00  1.23634E+01  8.57854E+00 -1.77584E+02  6.22709E+01  3.42690E+04  4.76824E+04  4.76604E+04 -1.58460E+03 -1.32145E+03  9.25892E+02  9.10885E-05  0.00000E+00  3.41890E-05
       6       1       8  3.33849E-04  2.56034E-04  3.33849E-06  4.09031E-01  3.10150E+00  1.77760E+01 -2.91936E+00 -9.80061E+01  2.45121E+01  1.27654E+04  1.84151E+04  3.95977E+04  5.48099E+02  2.84787E+03  2.40625E+02  1.47391E-04  0.00000E+00  1.08643E-04
       6       1       9  3.11403E-04  3.21129E-04  3.11403E-06  4.87997E-01  3.87778E+00  2.40740E+01  1.49332E+00 -4.03985E+01  4.08813E+00  3.89590E+03  5.51613E+03  1.39209E+04 -2.38211E+02  1.39867E+03  4.95983E+02  8.75023E-05  0.00000E+00  2.33627E-04
       6       1      10  1.44821E-04  1.57741E-04  1.44821E-06  2.17750E+00  1.38378E+01  7.28119E+01  1.18214E+00 -3.93785E+01  2.84292E+01  5.47811E+03  1.19681E+04  3.95433E+04  1.56146E+02  5.81880E+03  1.35098E+03  3.26907E-05  0.00000E+00  1.25051E-04
       6       2       1  1.25256E-03  9.84236E-04  1.25256E-05  3.30617E-02  2.30450E-01  5.12344E-01  1.37998E+02 -7.03725E+00 -1.82277E+00  5.50905E+04  5.89149E+04  8.78860E+04  2.99998E+03  3.72005E+03  2.59818E+03  7.34001E-05  4.93791E-04  4.17045E-04
       6       2       2  3.61746E-04  2.12734E-04  3.61746E-06  7.91859E-02  5.62237E-01  1.37246E+00  4.77599E+01  8.55077E+01 -2.76388E+01  2.56701E+04  7.90529E+04  1.27912E+05  1.07659E+04  1.02482E+04  4.39233E+03  5.45945E-05  5.82624E-05  9.98767E-05
       6       2       3  6.23821E-04  5.34790E-04  6.23821E-06  1.24356E-01  9.00984E-01  2.06926E+00  2.19762E+01  7.98818E+00 -1.14317E+01  4.71355E+03  2.65247E+04  4.66395E+04  3.00267E+03  9.11213E+03  4.12773E+02  7.78529E-05  1.76954E-04  2.79983E-04
       6       2       4  8.82432E-04  3.51751E-04  8.82432E-06  1.88085E-01  1.43194E+00  3.24171E+00  7.80385E+01 -2.72494E+00 -2.17933E+01  5.09239E+04  8.81491E+04  9.21245E+04 -2.92938E+02  3.55775E+03  1.75316E+03  1.31797E-04  1.62178E-04  5.77750E-05
       6       2       5  7.99293E-04  5.79151E-04  7.99293E-06  2.60405E-01  2.03866E+00  4.85411E+00  2.43581E+01  4.12803E+00 -6.80742E+00  9.93219E+03  3.42786E+04  6.23127E+04  1.55383E+03  2.54263E+03  5.36279E+02  2.51661E-04  2.82499E-04  4.49910E-05
       6       2       6  6.23640E-04  8.12580E-04  6.23640E-06  3.84173E-01  2.83567E+00  6.71541E+00  1.98188E+01  1.31293E+00 -1.19953E+00  1.79789E+03  8.96717E+03  2.98289E+04  4.30077E+02  6.24124E+03  9.33895E+02  9.50540E-05  6.26312E-04  9.12139E-05
       6       2       7  6.49566E-04  4.95310E-04  6.49566E-06  6.80895E-01  5.04123E+00  1.11333E+01  1.14740E+02 -8.49314E+01  6.47085E+01  4.71153E+04  3.33320E+04  5.66827E+04 -3.12153E+03  6.82776E+03  2.40627E+03  1.48826E-04  1.65753E-04  1.80731E-04
       6       2       8  1.08075E-03  8.66904E-04  1.08075E-05  1.01029E+00  7.31793E+00  1.64606E+01  3.84126E+01 -5.06919E+01  4.48050E+01  1.21070E+04  1.92434E+04  4.07382E+04 -3.63826E+02  1.04006E+04  1.88612E+03  2.66810E-04  1.26002E-04  4.74092E-04
       6       2       9  1.07520E-03  1.38345E-03  1.07520E-05  1.31447E+00  1.00723E+01  2.30194E+01  7.90282E-01 -1.06948E+01  7.91713E+00  7.90935E+02  4.72967E+03  1.31356E+04  3.08956E+02  4.21206E+03  6.08107E+02  1.20136E-04  3.78552E-06  1.25953E-03
       6       2      10  4.77869E-04  4.50660E-04  4.77869E-06  4.32872E+00  2.99168E+01  6.74186E+01  4.26227E-01 -4.28230E+01 -8.77933E+00  2.65247E+03  1.56982E+04  3.95873E+04  1.12222E+03  1.19810E+04  1.98974E+03  6.61426E-05  2.63409E-05  3.58177E-04
       6       3       1  2.10152E-03  1.97049E-03  2.10152E-05  4.89850E-02  3.47320E-01  4.71497E-01  1.67479E+02 -1.98547E+01 -3.24089E+00  5.40703E+04  3.96938E+04  4.64089E+04  1.09714E+01 -6.12995E+02  5.25340E+00  5.52395E-05  1.56932E-03  3.45929E-04
       6       3       2  6.18910E-04  6.15860E-04  6.18910E-06  1.20715E-01  8.77047E-01  1.23406E+00 -2.61196E+01  2.64950E+01 -1.90368E+01  3.06470E+04  5.09477E+04  5.94852E+04  2.16503E+03  2.28562E+03  6.47756E+02  8.61200E-05  4.67877E-04  6.18622E-05
       6       3       3  1.06126E-03  9.59760E-04  1.06126E-05  1.79854E-01  1.32488E+00  1.78003E+00  4.73650E+01 -8.03074E+00 -6.26256E+00  9.13574E+03  2.55493E+04  3.10314E+04  1.57389E+03  8.57772E+02  5.62538E+02  3.52516E-05  7.40937E-04  1.83572E-04
       6       3       4  1.58096E-03  9.55644E-04  1.58096E-05  2.61767E-01  2.00768E+00  2.76308E+00  1.68820E+02 -1.29173E+01 -7.97426E+00  1.15211E+05  6.17730E+04  4.93806E+04 -9.84771E+03 -2.81408E+03  1.44923E+03  1.31177E-04  7.52468E-04  7.19990E-05
       6       3       5  1.50584E-03  1.28300E-03  1.50584E-05  4.33391E-01  3.24038E+00  4.11742E+00  4.80177E+01 -3.44497E-01 -2.62098E+00  3.29087E+04  4.32309E+04  3.93117E+04  3.63577E+02  2.92177E+03  9.74715E+02  2.63833E-04  9.39062E-04  8.01032E-05
       6       3       6  1.31322E-03  1.53696E-03  1.31322E-05  5.17938E-01  4.05457E+00  5.62076E+00  5.76832E+01 -6.52866E+00  1.84373E+00  1.88490E+04  1.36567E+04  2.51214E+04 -1.14608E+03  6.35095E+03  8.63569E+02  9.96640E-05  1.32394E-03  1.13364E-04
       6       3       7  1.27876E-03  1.06568E-03  1.27876E-05  9.11855E-01  7.26395E+00  9.88238E+00  1.62672E+02 -5.69117E+01  2.97037E+01  4.75172E+04  3.63741E+04  5.35719E+04 -2.57591E+03  7.80958E+03  1.83856E+03  1.49902E-04  6.76912E-04  2.38869E-04
       6       3       8  2.06095E-03  2.28072E-03  2.06095E-05  1.37453E+00  1.06989E+01  1.46263E+01  1.12351E+02 -3.69930E+01  1.17943E+01  2.30874E+04  1.99855E+04  2.90964E+04 -2.10329E+02  5.39715E+03  6.93685E+02  2.97293E-04  1.47269E-03  5.10737E-04
       6       3       9  2.36661E-03  2.31845E-03  2.36661E-05  1.93450E+00  1.41571E+01  1.97221E+01  5.81757E+01 -1.34922E+01  7.77673E-01  8.46227E+03  6.83943E+03  1.10682E+04 -1.37270E+02  3.19039E+03  5.98483E+02  1.12605E-04  1.24495E-03  9.60903E-04
       6       3      10  1.08646E-03  8.92247E-04  1.08646E-05  6.19749E+00  4.48192E+01  6.02418E+01  1.38773E+01 -2.58386E+01  6.90035E+00  2.21955E+03  2.05801E+04  3.15849E+04  2.13080E+03  1.37790E+04  2.20284E+03  7.92829E-05  1.94639E-04  6.18326E-04
       6       4       1  2.91805E-03  3.26202E-03  2.91805E-05  6.27957E-02  4.64668E-01  3.33954E-01  2.00305E+02 -2.81326E+01 -2.03960E+00  6.42691E+04  4.73037E+04  3.51323E+04 -2.06312E+03  1.31851E+02  6.15234E+02  5.33158E-05  2.92017E-03  2.88534E-04
       6       4       2  8.84369E-04  8.70108E-04  8.84369E-06  1.66508E-01  1.22349E+00  8.50142E-01 -6.75494E+01  3.76587E+01 -2.01130E+01  5.43108E+04  6.73964E+04  3.57671E+04  4.08394E+03 -9.90415E+02  4.05533E+02  6.50852E-05  7.52662E-04  5.23612E-05
       6       4       3  1.49766E-03  1.65533E-03  1.49766E-05  2.33246E-01  1.84956E+00  1.35799E+00  8.78014E+01 -1.90611E+01 -5.82710E-01  3.03688E+04  2.22424E+04  2.24093E+04 -2.35083E+03 -1.94332E+03  1.71650E+02  4.70979E-05  1.46742E-03  1.40812E-04
       6       4       4  2.38370E-03  1.46000E-03  2.38370E-05  3.70551E-01  2.78969E+00  2.05875E+00  2.37779E+02 -3.31448E+01 -4.38200E-01  1.36203E+05  4.99501E+04  3.77187E+04 -1.15569E+04 -6.87242E+03 -8.39256E+02  1.20508E-04  1.32151E-03  1.79820E-05
       6       4       5  2.44299E-03  3.51219E-03  2.44299E-05  5.49420E-01  4.23082E+00  3.00866E+00  1.18613E+02 -1.17382E+01 -2.58668E+00  4.62728E+04  4.54588E+04  2.57648E+04 -5.53077E+01  1.21143E+02  8.43191E+01  2.51151E-04  3.15894E-03  1.02099E-04
       6       4       6  2.49973E-03  2.68099E-03  2.49973E-05  7.48942E-01  6.01042E+00  4.02524E+00  8.09386E+01 -6.34123E+00 -2.71489E+00  1.79750E+04  2.94220E+04  1.59965E+04  1.96716E+03  4.38286E+03  6.93501E+01  1.01230E-04  2.40268E-03  1.77079E-04
       6       4       7  2.48671E-03  2.10111E-03  2.48671E-05  1.25770E+00  9.48613E+00  6.81305E+00  2.36185E+02 -3.98236E+01  2.03885E+01  8.47379E+04  4.64800E+04  4.02406E+04 -3.41486E+03  2.31628E+03 -7.69142E+02  1.54205E-04  1.75650E-03  1.90399E-04
       6       4       8  3.41676E-03  4.96227E-03  3.41676E-05  1.97064E+00  1.47393E+01  1.03548E+01  1.57097E+02 -3.01103E+01  5.08774E+00  3.38971E+04  2.98160E+04  1.90105E+04 -1.02164E+03  1.53821E+03 -3.20825E+00  2.79003E-04  4.35122E-03  3.32045E-04
       6       4       9  4.75543E-03  5.68489E-03  4.75543E-05  2.70846E+00  2.10618E+01  1.42556E+01  6.06812E+01 -5.35201E+00  9.89883E-01  6.66462E+03  1.41987E+04  8.01601E+03  1.35887E+03  1.02873E+03  4.01195E+01  1.08302E-04  4.80470E-03  7.71891E-04
       6       4      10  2.93968E-03  4.03194E-03  2.93968E-05  8.04574E+00  6.12016E+01  4.23881E+01  6.46541E+01 -9.39519E+00  5.18056E+00  6.39777E+03  3.34852E+04  1.65957E+04  3.57283E+03  3.00812E+03  4.00995E+02  8.40904E-05  3.34650E-03  6.01343E-04
       6       5       1  3.59610E-03  3.27039E-03  3.59610E-05  6.51955E-02  4.80925E-01  2.05871E-01  1.83427E+02 -2.41832E+01 -3.68499E+00  5.49197E+04  4.12024E+04  4.07869E+04 -1.28414E+03 -6.73234E+02 -5.49169E+02  4.92561E-05  2.95300E-03  2.68141E-04
       6       5       2  1.12390E-03  1.12694E-03  1.12390E-05  1.91760E-01  1.37709E+00  5.98162E-01 -2.76009E+01  7.15088E+00 -1.49562E+01  4.37840E+04  8.44230E+04  4.06817E+04  3.99224E+03 -9.62865E+02 -2.28738E+02  5.38499E-05  1.02312E-03  4.99637E-05
       6       5       3  1.87211E-03  1.55787E-03  1.87211E-05  2.71556E-01  2.06861E+00  8.86758E-01  8.54845E+01 -1.50263E+01  8.87034E-02  1.81963E+04  6.45181E+04  2.78728E+04  6.46672E+03 -4.94485E+02  1.05845E+03  5.41208E-05  1.36683E-03  1.36926E-04
       6       5       4  3.17202E-03  1.96521E-03  3.17202E-05  4.22139E-01  3.14993E+00  1.34046E+00  1.75070E+02 -1.50240E+01 -8.06814E+00  7.82978E+04  6.95820E+04  6.64408E+04 -6.59849E+02 -1.81205E+03 -2.23135E+03  1.24681E-04  1.81176E-03  2.87672E-05
       6       5       5  3.51211E-03  3.32019E-03  3.51211E-05  6.10884E-01  4.76596E+00  2.10868E+00  1.09999E+02 -6.14977E+00  1.66964E+00  3.51992E+04  5.13522E+04  3.30358E+04  2.23512E+03 -3.90521E+02  9.24713E+02  2.32902E-04  3.02202E-03  6.52632E-05
       6       5       6  4.21797E-03  4.21205E-03  4.21797E-05  8.74237E-01  6.57828E+00  2.86564E+00  8.55758E+01 -1.09546E+01  5.36935E-01  1.90040E+04  3.57141E+04  1.39634E+04  2.53261E+03  8.28691E+02  1.44023E+01  8.95912E-05  4.01208E-03  1.10377E-04
       6       5       7  4.96139E-03  2.70780E-03  4.96139E-05  1.45601E+00  1.09361E+01  4.59152E+00  1.82416E+02 -3.11492E+01  3.61199E+01  5.15219E+04  6.29820E+04  4.37144E+04  1.29168E+03  7.33440E+02  5.26576E+03  1.54564E-04  2.29346E-03  2.59773E-04
       6       5       8  5.43515E-03  5.04423E-03  5.43515E-05  2.12570E+00  1.64641E+01  7.14232E+00  1.19636E+02 -2.17715E+01 -1.03681E+01  2.22234E+04  4.14642E+04  2.13842E+04  2.07598E+03  5.07349E+02 -4.96662E+03  2.59997E-04  4.37671E-03  4.07531E-04
       6       5       9  8.40440E-03  4.87180E-03  8.40440E-05  3.07725E+00  2.24285E+01  9.13857E+00  7.19455E+01 -1.68411E+01  2.06727E+01  9.85003E+03  2.15767E+04  8.81233E+03  1.78156E+03  2.05264E+02  2.32070E+03  1.07226E-04  3.99371E-03  7.70870E-04
       6       5      10  8.63015E-03  4.23377E-03  8.63015E-05  9.06121E+00  6.90491E+01  2.97365E+01  6.09724E+01 -1.51662E+01  6.37521E+00  5.71185E+03  3.85743E+04  9.96713E+03  4.19600E+03  1.04725E+03  4.09220E+02  8.64941E-05  3.73498E-03  4.12298E-04
       6       6       1  3.99025E-03  4.32215E-03  3.99025E-05  7.60661E-02  5.49063E-01  7.23777E-02  1.21353E+02 -1.09807E+01 -1.11769E+00  3.51200E+04  5.48027E+04  3.50014E+04  4.54652E+03  2.01079E+02  3.68102E+02  4.37257E-05  3.57145E-03  7.06971E-04
       6       6       2  1.27292E-03  1.27002E-03  1.27292E-05  2.00987E-01  1.47749E+00  1.98918E-01 -1.14856E+02  2.38679E+01 -1.73450E+01  6.21097E+04  5.91569E+04  3.16117E+04  1.88278E+03  7.94514E+02 -4.50623E+02  6.48762E-05  1.16840E-03  3.67414E-05
       6       6       3  2.09470E-03  2.02800E-03  2.09470E-05  3.08646E-01  2.24987E+00  2.97423E-01  8.56983E+01 -1.02003E+01 -3.34912E+00  2.24520E+04  3.80203E+04  2.22449E+04  1.31741E+03  1.22454E+03 -9.43070E+02  3.40612E-05  1.87328E-03  1.20653E-04
       6       6       4  3.68728E-03  2.84500E-03  3.68728E-05  4.51178E-01  3.40289E+00  4.69303E-01  8.49560E+01 -1.52732E+01 -1.76692E+00  1.13636E+05  3.85136E+04  4.72275E+04 -1.01429E+04 -7.44071E+02  7.88084E+02  1.26845E-04  2.68907E-03  2.90877E-05
       6       6       5  4.29474E-03  4.29849E-03  4.29474E-05  6.84650E-01  5.15891E+00  6.89529E-01  5.25991E+01 -1.62106E+01 -4.96453E+00  5.23517E+04  4.02656E+04  2.01901E+04 -2.19006E+03 -7.50961E+02 -6.26643E+02  2.24823E-04  4.03742E-03  3.62512E-05
       6       6       6  5.69551E-03  6.18572E-03  5.69551E-05  9.39581E-01  6.96647E+00  9.34025E-01  5.04048E+01 -8.43787E+00 -2.85005E-01  2.46937E+04  1.89072E+04  1.35515E+04 -7.34158E+02  1.06185E+02 -1.59389E+02  7.76272E-05  6.02500E-03  8.30916E-05
       6       6       7  7.92082E-03  5.93942E-03  7.92082E-05  1.56366E+00  1.18715E+01  1.60695E+00  2.97304E+02 -4.05308E+01  1.46493E+01  1.01473E+05  2.92850E+04  2.19005E+04 -9.90052E+03 -8.27356E+02  1.24734E+03  1.40936E-04  5.64239E-03  1.56093E-04
       6       6       8  7.99535E-03  9.00773E-03  7.99535E-05  2.38329E+00  1.78022E+01  2.23895E+00  1.92111E+02 -2.61702E+01 -1.93443E+00  4.51519E+04  2.77897E+04  9.74686E+03 -2.33669E+03 -1.30426E+02 -1.42652E+03  2.76852E-04  8.29101E-03  4.39866E-04
       6       6       9  1.17160E-02  1.20463E-02  1.17160E-04  3.14119E+00  2.37918E+01  3.44233E+00  1.14785E+02 -1.38970E+01  5.72877E+00  1.90960E+04  1.01937E+04  5.49560E+03 -1.20553E+03 -3.00674E+02  4.56537E+02  1.06150E-04  1.05961E-02  1.34401E-03
       6       6      10  1.78712E-02  2.18814E-02  1.78712E-04  8.09573E+00  6.15653E+01  8.23681E+00  2.56269E+02 -3.36830E+01  1.19440E-01  7.39540E+04  9.23543E+03  2.56618E+03 -8.66560E+03  1.70933E+02 -1.78832E+02  8.61736E-05  2.13139E-02  4.81356E-04
