 smom1,sph1,sth1,slr1
          16           6           6          10
 phi boundaries
  0.00000E+00  2.61799E-01  5.23599E-01  7.85398E-01  1.04720E+00  1.30900E+00  1.57080E+00
 theta boundaries
  0.00000E+00  2.61799E-01  5.23599E-01  7.85398E-01  1.04720E+00  1.30900E+00  1.57080E+00
 radius boundaries in arcsec
  0.00000E+00  1.19639E+00  1.80726E+00  2.73003E+00  4.12397E+00  6.22963E+00  9.41044E+00  1.42153E+01  2.14736E+01  3.24379E+01  9.80009E+03
                                                                              phi,theta,r,mgemass,fitmass,errmass,x,y,z 
                                           (in arcsec),vx,vy,vz,xv2,vy2,vz2,vxvy,vyvz,vzvx,orbit long, orbit short,boxes
       1       1       1  4.20669E-04  4.49269E-04  4.20669E-06  9.75253E-02  1.48331E-02  5.34421E-01 -3.12072E+00  3.57559E+01 -1.15989E+01  3.74987E+04  3.02373E+04  8.65262E+04  3.32796E+03  1.60713E+03  1.59312E+04  7.75983E-05  0.00000E+00  3.71671E-04
       1       1       2  1.20521E-04  1.34456E-04  1.20521E-06  2.86379E-01  3.82081E-02  1.48013E+00  8.43691E+00  8.27906E+01  3.23157E-01  4.03410E+04  3.55074E+04  1.00168E+05  2.74653E+02 -1.98725E+03  2.68654E+04  4.41804E-05  0.00000E+00  9.02753E-05
       1       1       3  2.08322E-04  2.40556E-04  2.08322E-06  4.43001E-01  6.20381E-02  2.20277E+00 -3.94813E+00  1.86465E+01  6.23077E+00  3.10639E+04  1.45724E+04  4.03144E+04  3.98474E+03  1.36454E+03  1.02113E+04  4.22579E-05  0.00000E+00  1.98298E-04
       1       1       4  2.92998E-04  1.41935E-04  2.92998E-06  5.42924E-01  7.31568E-02  3.56260E+00 -1.62993E+00  2.58409E+01  3.14654E+00  3.37934E+04  8.12717E+04  4.06879E+04  1.81311E+03 -2.65969E+03  7.72353E+03  1.07817E-04  0.00000E+00  3.41179E-05
       1       1       5  2.68832E-04  2.88788E-04  2.68832E-06  8.28258E-01  1.12046E-01  5.23398E+00  2.96150E-02  2.05730E+01 -8.55161E+00  7.14277E+03  3.40548E+04  3.83993E+04  7.46961E+02 -3.88189E+02  4.65610E+03  2.12684E-04  0.00000E+00  7.61037E-05
       1       1       6  2.17087E-04  2.72332E-04  2.17087E-06  1.10729E+00  1.48364E-01  6.94049E+00 -1.58998E+00  8.65120E+00 -1.07296E+01  3.80204E+03  1.15960E+04  2.92128E+04 -3.18187E+02  3.46830E+02  5.34749E+03  1.07161E-04  0.00000E+00  1.65170E-04
       1       1       7  2.21258E-04  2.04030E-04  2.21258E-06  1.94539E+00  2.37697E-01  1.22125E+01 -1.49838E+00 -6.87967E+01  1.58875E+00  9.98377E+03  5.55475E+04  4.29929E+04  6.97890E+02  1.02466E+02  8.12976E+03  1.34638E-04  0.00000E+00  6.93928E-05
       1       1       8  3.69814E-04  4.15361E-04  3.69814E-06  3.10685E+00  4.42099E-01  1.79831E+01  1.83178E+00 -4.14632E+01  1.05183E+01  4.57798E+03  2.32097E+04  2.83803E+04  3.19016E+02  4.21219E+02  4.28815E+03  2.57290E-04  0.00000E+00  1.58070E-04
       1       1       9  3.83119E-04  4.50897E-04  3.83119E-06  4.84642E+00  8.27089E-01  2.40490E+01  1.00834E+00 -1.48374E+01  3.43484E+00  1.45119E+03  6.65364E+03  1.07781E+04  1.86043E+02  2.93329E+02  1.83720E+03  1.24744E-04  0.00000E+00  3.26152E-04
       1       1      10  1.71540E-04  1.36650E-04  1.71540E-06  1.31673E+01  1.96527E+00  7.35511E+01 -7.13385E-01 -2.83831E+01 -7.91584E+00  1.69695E+03  2.30445E+03  4.12475E+04  1.89571E+02  1.20776E+03  4.97871E+03  5.56136E-05  0.00000E+00  8.10363E-05
       1       2       1  1.27093E-03  1.21173E-03  1.27093E-05  2.28171E-01  3.00157E-02  5.46750E-01  5.74982E+00 -3.66848E+01 -4.35664E+00  3.92620E+04  2.60729E+04  5.81926E+04  4.48716E+02  1.57491E+03  1.62651E+04  0.00000E+00  2.12865E-04  9.98861E-04
       1       2       2  3.67612E-04  2.64748E-04  3.67612E-06  5.63733E-01  6.92538E-02  1.40275E+00 -4.16793E-01 -5.27353E+00 -6.37890E+00  4.37848E+04  1.32098E+04  1.11955E+05  4.06548E+03  5.94351E+03  4.66967E+04  0.00000E+00  2.41382E-06  2.62334E-04
       1       2       3  6.33341E-04  7.27432E-04  6.33341E-06  8.57121E-01  1.15032E-01  2.09464E+00  2.80267E+00 -1.33921E+00  1.62536E+00  2.62270E+04  4.42847E+03  4.14584E+04  3.42892E+03  3.07335E+03  1.88748E+04  0.00000E+00  2.21642E-06  7.25216E-04
       1       2       4  9.14350E-04  2.07137E-04  9.14350E-06  1.31198E+00  1.72432E-01  3.12797E+00  1.33229E+01 -1.00370E+02 -1.24021E+01  7.35926E+04  5.41322E+04  1.27320E+05  2.76902E+03  8.06924E+03  5.01773E+04  0.00000E+00  4.93153E-05  1.57822E-04
       1       2       5  8.55742E-04  2.87093E-04  8.55742E-06  1.97627E+00  2.57482E-01  4.83022E+00 -7.71036E+00 -6.70841E+00 -1.72076E+01  2.03875E+04  3.39433E+03  1.12765E+05  2.93208E+03  5.75669E+03  4.26767E+04  0.00000E+00  1.66231E-06  2.85431E-04
       1       2       6  7.27349E-04  5.70477E-04  7.27349E-06  2.87478E+00  3.62902E-01  6.93631E+00 -1.92485E-01 -3.76891E+00 -5.25899E+00  8.65448E+03  1.09829E+03  5.25834E+04  9.73650E+02  2.37415E+03  1.95274E+04  0.00000E+00  0.00000E+00  5.70477E-04
       1       2       7  7.17087E-04  3.42567E-04  7.17087E-06  4.67152E+00  5.97426E-01  1.09634E+01  5.68104E+00 -6.12947E+00  2.34231E+00  1.58447E+04  5.47720E+03  9.88397E+04  7.04835E+02  4.04683E+03  3.74935E+04  0.00000E+00  6.34692E-06  3.36220E-04
       1       2       8  1.18113E-03  8.15443E-04  1.18113E-05  7.09913E+00  9.07106E-01  1.66423E+01  7.99721E+00  3.19558E+00  1.54759E+01  8.25614E+03  3.83634E+02  5.15250E+04  9.02733E+02  2.19815E+03  1.99332E+04  0.00000E+00  0.00000E+00  8.15443E-04
       1       2       9  1.30915E-03  1.92151E-03  1.30915E-05  1.00071E+01  1.20141E+00  2.35237E+01  6.62918E-01 -8.65938E-02  4.36238E+00  1.93790E+03  1.54066E+02  1.14550E+04  2.26666E+02  4.60092E+02  4.43176E+03  0.00000E+00  0.00000E+00  1.92151E-03
       1       2      10  5.92207E-04  6.12932E-04  5.92207E-06  3.04035E+01  4.14475E+00  7.05775E+01  4.97304E+00  1.33787E+00  1.25406E+01  6.28894E+03  1.91322E+02  3.40177E+04  8.02852E+02  1.87449E+03  1.42629E+04  0.00000E+00  0.00000E+00  6.12932E-04
       1       3       1  2.13218E-03  2.25540E-03  2.13218E-05  3.48547E-01  4.57964E-02  4.71792E-01  1.31331E+01 -9.60445E+01  1.05500E+00  3.43492E+04  3.59473E+04  3.76832E+04 -7.15432E+02 -2.13368E+02  3.68407E+03  0.00000E+00  1.56613E-03  6.89275E-04
       1       3       2  6.29272E-04  6.43833E-04  6.29272E-06  9.03372E-01  1.19270E-01  1.20180E+00  2.64850E+01 -1.25657E+02  4.50786E+00  4.81945E+04  3.27296E+04  5.16460E+04  7.65405E+02  1.13408E+03  1.67836E+04  0.00000E+00  4.58889E-04  1.84944E-04
       1       3       3  1.07418E-03  1.15140E-03  1.07418E-05  1.36103E+00  1.80519E-01  1.80207E+00  4.61897E+00 -5.35137E+01  2.05334E+00  2.24948E+04  1.36374E+04  2.86208E+04  1.34854E+03  1.04414E+03  1.08963E+04  0.00000E+00  7.45349E-04  4.06051E-04
       1       3       4  1.62891E-03  9.58727E-04  1.62891E-05  2.03858E+00  2.63391E-01  2.85612E+00  1.61622E+01 -1.46283E+02 -6.31551E+00  5.19226E+04  8.70321E+04  4.91733E+04 -5.14424E+03  2.74137E+03  2.03237E+04  0.00000E+00  7.19099E-04  2.39628E-04
       1       3       5  1.58983E-03  1.69843E-03  1.58983E-05  3.24110E+00  4.29995E-01  4.11337E+00  1.59816E+01 -7.82745E+01  9.03414E-01  3.48927E+04  3.12817E+04  3.38204E+04 -9.21994E+02  1.54557E+03  1.37366E+04  0.00000E+00  1.30717E-03  3.91261E-04
       1       3       6  1.49470E-03  1.59721E-03  1.49470E-05  4.22378E+00  5.64960E-01  5.72959E+00  8.64307E+00 -4.48169E+01  2.63549E+00  1.68744E+04  1.45727E+04  2.82336E+04  2.03847E+02  1.99004E+03  1.31325E+04  0.00000E+00  7.83689E-04  8.13526E-04
       1       3       7  1.44228E-03  1.36942E-03  1.44228E-05  7.19886E+00  9.47705E-01  9.69084E+00  2.82385E+01 -1.64594E+02 -3.48200E-01  2.94542E+04  4.45602E+04  4.51207E+04 -3.08206E+03  2.49784E+03  1.63887E+04  0.00000E+00  9.66549E-04  4.02868E-04
       1       3       8  2.20154E-03  2.50237E-03  2.20154E-05  1.08536E+01  1.43149E+00  1.44129E+01  2.28659E+01 -1.03324E+02  3.70020E+00  1.75565E+04  1.89291E+04  2.68852E+04 -8.75037E+02  1.36994E+03  9.41718E+03  0.00000E+00  1.69262E-03  8.09754E-04
       1       3       9  2.78890E-03  3.42820E-03  2.78890E-05  1.50783E+01  2.00769E+00  1.98119E+01  9.32056E+00 -4.20506E+01  1.40536E+00  6.07476E+03  5.32111E+03  9.62485E+03 -9.19625E+01  4.34195E+02  3.89323E+03  0.00000E+00  1.63911E-03  1.78909E-03
       1       3      10  1.43155E-03  1.57269E-03  1.43155E-05  4.58617E+01  6.12680E+00  5.98646E+01  3.52433E+00 -3.24237E+01 -1.96978E+00  1.54609E+04  2.64367E+03  2.55492E+04  1.65746E+03  1.28157E+03  9.67224E+03  0.00000E+00  8.12682E-04  7.60007E-04
       1       4       1  2.96032E-03  3.24720E-03  2.96032E-05  4.81568E-01  6.36746E-02  3.42462E-01  1.60357E+01 -1.39676E+02  6.98938E-01  3.54486E+04  5.65419E+04  2.82876E+04 -2.49070E+03 -1.53915E+02  2.32809E+03  0.00000E+00  2.65187E-03  5.95330E-04
       1       4       2  8.99923E-04  8.99035E-04  8.99923E-06  1.22052E+00  1.61669E-01  8.61315E-01  2.93971E+00 -7.11724E-01  4.06573E+00  5.60218E+04  4.44545E+04  2.94953E+04  4.12827E+02  4.29638E+02  6.25708E+03  0.00000E+00  7.59000E-04  1.40035E-04
       1       4       3  1.51046E-03  1.56215E-03  1.51046E-05  1.78294E+00  2.38010E-01  1.27620E+00 -4.51322E-01 -2.37206E+01  9.66940E-01  2.48934E+04  2.90195E+04  1.85197E+04 -3.74856E+02  4.37753E+02  4.93002E+03  0.00000E+00  1.08743E-03  4.74725E-04
       1       4       4  2.43875E-03  1.52238E-03  2.43875E-05  2.78496E+00  3.61945E-01  2.00479E+00  2.46093E+01 -1.87081E+02 -9.77243E-01  4.70930E+04  1.06289E+05  3.04187E+04 -8.11458E+03  8.50874E+02  4.86670E+03  0.00000E+00  1.35390E-03  1.68476E-04
       1       4       5  2.53203E-03  2.93599E-03  2.53203E-05  4.22210E+00  5.47741E-01  2.99884E+00  1.33970E+01 -1.00515E+02  1.54643E-01  4.15291E+04  3.64349E+04  2.50451E+04  2.59739E+02  6.04376E+02  6.23886E+03  0.00000E+00  2.59046E-03  3.45530E-04
       1       4       6  2.71749E-03  2.96399E-03  2.71749E-05  6.01707E+00  8.02210E-01  4.07588E+00  7.58134E+00 -6.56057E+01 -6.25839E-01  2.17450E+04  1.70899E+04  1.14015E+04  4.31246E+02  6.47611E+02  5.09025E+03  0.00000E+00  2.10348E-03  8.60510E-04
       1       4       7  2.82157E-03  2.34880E-03  2.82157E-05  9.76415E+00  1.27333E+00  6.87682E+00  2.69558E+01 -2.14021E+02  4.57539E+00  3.67570E+04  6.24873E+04  2.75844E+04 -3.87634E+03  2.21775E+02  5.82706E+03  0.00000E+00  2.03669E-03  3.12113E-04
       1       4       8  3.58504E-03  4.40956E-03  3.58504E-05  1.47704E+01  1.93740E+00  1.02522E+01  1.49383E+01 -1.25169E+02  7.37721E-01  2.76185E+04  2.32833E+04  1.73138E+04  7.57112E+02  5.99515E+02  5.18040E+03  0.00000E+00  3.75862E-03  6.50939E-04
       1       4       9  5.28541E-03  6.11031E-03  5.28541E-05  2.04494E+01  2.63647E+00  1.42480E+01  7.81734E+00 -6.32548E+01 -1.33649E+00  1.10791E+04  7.66718E+03  6.73962E+03  4.36753E+02  5.07513E+02  3.06643E+03  0.00000E+00  4.66229E-03  1.44801E-03
       1       4      10  3.83847E-03  4.01384E-03  3.83847E-05  6.21955E+01  9.18800E+00  4.24787E+01  5.24846E+00 -3.20367E+01  2.53160E+00  2.73775E+04  3.19156E+03  1.31325E+04  3.70269E+03  1.42519E+03  9.64582E+03  0.00000E+00  1.98739E-03  2.02644E-03
       1       5       1  3.64780E-03  3.42522E-03  3.64780E-05  5.25776E-01  6.91615E-02  2.26574E-01  1.57693E+01 -1.35539E+02  1.23597E+00  3.01817E+04  5.01984E+04  3.51599E+04 -2.26504E+03 -3.07028E+02  8.56723E+02  0.00000E+00  2.84418E-03  5.81047E-04
       1       5       2  1.14471E-03  1.12084E-03  1.14471E-05  1.38080E+00  1.79078E-01  5.92225E-01 -1.47470E+00 -2.06654E+00  1.72800E+00  7.98176E+04  3.99865E+04  3.50078E+04  4.11439E+03  7.93967E+02  3.23050E+03  0.00000E+00  8.83781E-04  2.37064E-04
       1       5       3  1.88218E-03  1.98656E-03  1.88218E-05  2.00426E+00  2.66141E-01  8.50845E-01  3.75699E+00 -2.95011E+01 -8.41797E-01  4.83285E+04  2.49249E+04  2.08575E+04  3.73455E+03  2.06804E+02  4.05690E+03  0.00000E+00  1.49989E-03  4.86666E-04
       1       5       4  3.22420E-03  1.98101E-03  3.22420E-05  3.14342E+00  4.14132E-01  1.33350E+00  1.60356E+01 -1.36895E+02 -2.39690E+00  6.12412E+04  6.27261E+04  4.85355E+04 -5.42826E+01  2.15247E+03  6.92159E+03  0.00000E+00  1.72810E-03  2.52910E-04
       1       5       5  3.57742E-03  3.73263E-03  3.57742E-05  4.77931E+00  6.38359E-01  2.09070E+00  1.23175E+01 -9.17375E+01  3.64697E+00  4.70933E+04  2.88919E+04  2.61549E+04  2.64713E+03 -1.30660E+03  3.27287E+03  0.00000E+00  3.24749E-03  4.85131E-04
       1       5       6  4.34799E-03  4.63062E-03  4.34799E-05  6.68996E+00  8.95093E-01  2.87844E+00  5.66915E+00 -6.79936E+01  2.88388E-01  3.42340E+04  1.51534E+04  1.30575E+04  3.23482E+03  9.81601E+02  5.42657E+03  0.00000E+00  3.55075E-03  1.07987E-03
       1       5       7  5.38977E-03  3.20694E-03  5.38977E-05  1.08778E+01  1.44500E+00  4.59061E+00  2.54775E+01 -1.58214E+02 -7.41687E-01  5.73645E+04  3.94409E+04  3.31319E+04  2.55844E+03  1.66702E+03  1.27072E+04  0.00000E+00  2.57658E-03  6.30360E-04
       1       5       8  5.68885E-03  6.21061E-03  5.68885E-05  1.65670E+01  2.20111E+00  6.89005E+00  1.56982E+01 -9.71223E+01 -3.73026E+00  3.68641E+04  1.65453E+04  1.59852E+04  2.70965E+03  1.19746E+03  7.31191E+03  0.00000E+00  4.63416E-03  1.57645E-03
       1       5       9  8.76519E-03  1.05816E-02  8.76519E-05  2.34814E+01  3.08046E+00  9.47610E+00  4.32714E+00 -4.31652E+01 -2.09848E+00  1.32638E+04  4.90792E+03  5.18849E+03  1.22398E+03  4.73940E+02  2.87803E+03  0.00000E+00  6.14072E-03  4.44087E-03
       1       5      10  1.02791E-02  5.95531E-03  1.02791E-04  6.95517E+01  9.14041E+00  2.96463E+01  1.24662E+01 -2.31000E+01  2.96490E+00  3.36046E+04  2.50011E+03  7.22890E+03  4.17149E+03  1.15020E+03  8.70564E+03  0.00000E+00  2.49978E-03  3.45553E-03
       1       6       1  4.04733E-03  4.15301E-03  4.04733E-05  5.57197E-01  7.32657E-02  7.42941E-02  1.75778E+01 -1.49717E+02  7.22080E-01  3.22182E+04  4.68505E+04  3.27917E+04 -1.79469E+03  1.68074E+01  6.44413E+02  0.00000E+00  3.34969E-03  8.03320E-04
       1       6       2  1.29726E-03  1.30803E-03  1.29726E-05  1.48551E+00  1.98462E-01  1.95626E-01 -1.11151E+00  3.79105E+01  3.80879E-04  6.56203E+04  4.45988E+04  3.25545E+04  2.99472E+03  1.08814E+03  1.30455E+02  0.00000E+00  1.13783E-03  1.70198E-04
       1       6       3  2.10216E-03  2.21233E-03  2.10216E-05  2.19467E+00  2.90763E-01  2.92651E-01  7.92331E+00 -3.57748E+01  5.84011E-01  4.59634E+04  1.78717E+04  1.73843E+04  3.16106E+03 -2.02908E+02 -1.94092E+03  0.00000E+00  1.72651E-03  4.85819E-04
       1       6       4  3.73329E-03  2.99489E-03  3.73329E-05  3.39481E+00  4.49198E-01  4.50679E-01  9.73196E+00 -9.21780E+01  7.87692E-01  5.21797E+04  8.67216E+04  3.86349E+04 -3.74038E+03  4.55561E+01  2.21233E+03  0.00000E+00  2.62954E-03  3.65353E-04
       1       6       5  4.32956E-03  4.78522E-03  4.32956E-05  5.18099E+00  6.96761E-01  6.96879E-01  8.51050E+00 -6.18715E+01 -4.79447E-01  4.88465E+04  3.95180E+04  1.58788E+04  1.12030E+03  4.05623E+02  3.75175E+03  0.00000E+00  4.07127E-03  7.13952E-04
       1       6       6  5.66842E-03  6.82577E-03  5.66842E-05  7.10994E+00  9.55788E-01  9.12429E-01  8.16562E+00 -4.80016E+01 -1.26845E+00  3.21697E+04  2.05531E+04  1.08964E+04  1.46511E+03  6.65584E+02  2.90920E+03  0.00000E+00  5.08072E-03  1.74505E-03
       1       6       7  8.16757E-03  6.14290E-03  8.16757E-05  1.17110E+01  1.54893E+00  1.65315E+00  2.66763E+01 -2.27286E+02 -5.21190E-01  4.55296E+04  7.05002E+04  1.85442E+04 -2.88973E+03  6.38787E+02  4.82845E+03  0.00000E+00  5.11605E-03  1.02685E-03
       1       6       8  8.26687E-03  1.03054E-02  8.26687E-05  1.77182E+01  2.35091E+00  2.43629E+00  1.65992E+01 -1.46826E+02  1.57452E-01  3.56286E+04  3.06842E+04  8.95898E+03  1.01391E+03  3.95376E+02  2.57967E+03  0.00000E+00  8.58068E-03  1.72470E-03
       1       6       9  1.17520E-02  1.30441E-02  1.17520E-04  2.43375E+01  3.32926E+00  3.52847E+00  9.34696E+00 -7.99172E+01 -2.11205E-01  1.96205E+04  1.23165E+04  3.95268E+03  1.22965E+03  2.16131E+02  1.70545E+03  0.00000E+00  9.22043E-03  3.82364E-03
       1       6      10  1.95940E-02  2.35508E-02  1.95940E-04  6.85123E+01  9.38463E+00  8.05034E+00  1.66570E+01 -1.24547E+02 -2.51298E-01  2.42766E+04  3.06057E+04  1.57296E+03 -6.49955E+02  2.19733E+02  1.39285E+03  0.00000E+00  1.55444E-02  8.00640E-03
       2       1       1  4.20621E-04  4.29699E-04  4.20621E-06  8.61387E-02  3.44107E-02  5.08776E-01  2.55781E+00  3.31331E+01  6.11431E+00  3.86347E+04  3.00281E+04  8.41983E+04  5.16541E+03  4.51498E+03  1.73307E+04  9.74986E-05  0.00000E+00  3.32200E-04
       2       1       2  1.20504E-04  1.09278E-04  1.20504E-06  2.65735E-01  1.12866E-01  1.46740E+00 -4.91544E+00  1.06971E+02 -1.63802E+01  3.53562E+04  5.13193E+04  7.75552E+04  3.99561E+03 -5.22383E+01  1.72512E+04  5.55044E-05  0.00000E+00  5.37740E-05
       2       1       3  2.08300E-04  1.64240E-04  2.08300E-06  4.09680E-01  1.58726E-01  2.21390E+00  5.08369E+00  2.28966E+01  9.64135E+00  4.54691E+04  2.48756E+04  4.80973E+04  1.37846E+04  4.69048E+03  1.23270E+04  5.19290E-05  0.00000E+00  1.12311E-04
       2       1       4  2.92947E-04  1.74320E-04  2.92947E-06  5.62322E-01  2.37323E-01  3.56426E+00 -5.08606E+00  2.64006E+01 -1.86864E+01  2.31534E+04  8.35552E+04  4.43522E+04  1.60873E+03 -5.30904E+03  5.52975E+03  1.38949E-04  0.00000E+00  3.53704E-05
       2       1       5  2.68787E-04  3.29423E-04  2.68787E-06  8.25196E-01  3.51543E-01  5.22150E+00 -1.16748E-01  2.25324E+01 -6.28912E+00  7.73049E+03  3.76768E+04  2.80895E+04  1.54258E+03 -1.93935E+03  1.88429E+03  2.73966E-04  0.00000E+00  5.54565E-05
       2       1       6  2.17044E-04  2.81711E-04  2.17044E-06  1.08080E+00  4.53115E-01  6.84696E+00 -7.21555E-01  7.65871E+00 -7.62614E+00  3.23239E+03  1.36579E+04  1.56079E+04 -6.26852E+02 -5.61183E+02  2.37847E+03  1.31740E-04  0.00000E+00  1.49972E-04
       2       1       7  2.21228E-04  2.11152E-04  2.21228E-06  1.96869E+00  8.25125E-01  1.22801E+01 -2.63401E+00 -8.22801E+01 -8.28210E+00  1.09676E+04  6.68870E+04  2.96327E+04  5.33732E+02 -4.80880E+03  3.76981E+03  1.69627E-04  0.00000E+00  4.15247E-05
       2       1       8  3.69767E-04  4.17648E-04  3.69767E-06  2.90583E+00  1.24306E+00  1.78893E+01 -3.24471E+00 -5.21963E+01 -1.74423E+01  5.11451E+03  2.88120E+04  2.34409E+04  1.47395E+02 -8.63634E+02  2.65040E+03  3.23079E-04  0.00000E+00  9.45686E-05
       2       1       9  3.83033E-04  4.02873E-04  3.83033E-06  4.19780E+00  1.71425E+00  2.38565E+01 -1.44811E+00 -2.32645E+01 -1.47298E+01  1.77525E+03  9.44599E+03  1.07264E+04  1.79793E+02 -4.75857E+01  1.51319E+03  1.59087E-04  0.00000E+00  2.43786E-04
       2       1      10  1.71504E-04  1.75469E-04  1.71504E-06  1.36562E+01  5.56587E+00  7.58586E+01  1.53281E+00 -2.72809E+01  7.18381E+00  1.50113E+03  2.35081E+03  3.61667E+04  3.34381E+02  2.58883E+03  4.15759E+03  6.87852E-05  0.00000E+00  1.06684E-04
       2       2       1  1.27022E-03  1.20871E-03  1.27022E-05  2.09716E-01  8.64446E-02  5.39590E-01  1.93659E+01 -3.40445E+01  1.96746E+00  3.82114E+04  2.70235E+04  5.78689E+04  1.74969E+03  3.04401E+03  1.42927E+04  0.00000E+00  2.45195E-04  9.63518E-04
       2       2       2  3.67357E-04  2.46846E-04  3.67357E-06  5.11750E-01  2.19184E-01  1.40028E+00 -4.54445E-02 -4.19708E+00 -4.44978E+00  4.43098E+04  2.09405E+04  1.09330E+05  1.39171E+04  1.16559E+04  3.92487E+04  0.00000E+00  2.69780E-06  2.44148E-04
       2       2       3  6.33013E-04  6.35185E-04  6.33013E-06  7.68916E-01  3.06725E-01  2.10660E+00 -4.54514E+00 -1.36132E+00 -4.50652E+00  2.61014E+04  7.46144E+03  4.87957E+04  8.43736E+03  7.24187E+03  2.02072E+04  0.00000E+00  1.69781E-06  6.33487E-04
       2       2       4  9.13569E-04  2.52900E-04  9.13569E-06  1.33190E+00  5.71886E-01  3.15089E+00  4.96738E+01 -9.31398E+01  1.84547E+01  6.69309E+04  5.63494E+04  1.12247E+05  3.15256E+03  1.63678E+04  4.55187E+04  0.00000E+00  8.20254E-05  1.70874E-04
       2       2       5  8.54993E-04  2.55566E-04  8.54993E-06  1.89053E+00  7.84742E-01  4.76136E+00  1.07275E+01 -1.96372E+00  1.33951E+01  2.12109E+04  6.41973E+03  1.01240E+05  6.80603E+03  1.72717E+04  3.75276E+04  0.00000E+00  5.63051E-06  2.49936E-04
       2       2       6  7.26598E-04  5.42678E-04  7.26598E-06  2.73964E+00  1.14806E+00  6.92377E+00 -7.47467E-02  2.31311E+00 -6.77688E-01  7.52913E+03  2.69074E+03  4.89520E+04  3.45831E+03  8.00979E+03  1.74277E+04  0.00000E+00  1.13592E-06  5.41542E-04
       2       2       7  7.16500E-04  3.05369E-04  7.16500E-06  4.40563E+00  1.80370E+00  1.08231E+01  8.60492E+00 -2.08507E+01 -1.38533E+01  1.70473E+04  1.14366E+04  9.99306E+04  1.33269E+03  1.52171E+04  3.47460E+04  0.00000E+00  1.57561E-05  2.89613E-04
       2       2       8  1.18038E-03  6.04475E-04  1.18038E-05  6.63273E+00  2.66294E+00  1.65278E+01 -6.40668E+00 -3.74883E+00 -1.88382E+01  7.48322E+03  1.72198E+03  5.41176E+04  3.03810E+03  8.22774E+03  1.92224E+04  0.00000E+00  8.27860E-07  6.03647E-04
       2       2       9  1.30762E-03  1.41081E-03  1.30762E-05  9.61598E+00  3.96009E+00  2.34113E+01 -4.94400E-01 -2.24176E-01 -4.23163E+00  2.03025E+03  5.36116E+02  1.27012E+04  8.75224E+02  2.05750E+03  4.76080E+03  0.00000E+00  0.00000E+00  1.41081E-03
       2       2      10  5.91371E-04  6.49950E-04  5.91371E-06  2.78744E+01  1.14080E+01  7.03937E+01 -5.59250E+00 -6.01764E-01 -1.37867E+01  5.56848E+03  1.00259E+03  3.49322E+04  2.24430E+03  5.59038E+03  1.36090E+04  0.00000E+00  0.00000E+00  6.49950E-04
       2       3       1  2.12930E-03  2.21599E-03  2.12930E-05  3.26180E-01  1.35098E-01  4.76798E-01  3.81977E+01 -8.80775E+01 -1.26873E+00  3.36985E+04  3.51087E+04  3.86941E+04 -1.78447E+03  4.59717E+02  3.87205E+03  0.00000E+00  1.54698E-03  6.69007E-04
       2       3       2  6.28137E-04  6.29401E-04  6.28137E-06  8.36060E-01  3.45139E-01  1.20586E+00  6.17915E+01 -1.18312E+02 -3.39853E+00  4.73450E+04  3.28516E+04  5.45237E+04  3.13572E+03  3.99035E+03  1.51569E+04  0.00000E+00  4.78261E-04  1.51140E-04
       2       3       3  1.07282E-03  1.13992E-03  1.07282E-05  1.26127E+00  5.20639E-01  1.80792E+00  2.67890E+01 -4.60842E+01  8.40894E-01  2.18113E+04  1.40657E+04  2.84782E+04  3.10406E+03  2.48448E+03  9.60503E+03  0.00000E+00  7.52900E-04  3.87023E-04
       2       3       4  1.62539E-03  9.66739E-04  1.62539E-05  1.88778E+00  7.74444E-01  2.85019E+00  6.59660E+01 -1.40169E+02  7.19643E+00  5.81561E+04  8.45060E+04  4.84274E+04 -1.55800E+04  7.85448E+03  1.86509E+04  0.00000E+00  7.13704E-04  2.53035E-04
       2       3       5  1.58603E-03  1.71153E-03  1.58603E-05  2.97357E+00  1.24208E+00  4.14585E+00  3.90172E+01 -6.52560E+01  4.95545E+00  3.47524E+04  2.90061E+04  3.45698E+04 -3.44919E+02  5.28587E+03  1.40164E+04  0.00000E+00  1.25588E-03  4.55648E-04
       2       3       6  1.49054E-03  1.77858E-03  1.49054E-05  3.95450E+00  1.64788E+00  5.74560E+00  1.91914E+01 -3.55645E+01  1.55288E+00  1.47823E+04  1.28984E+04  2.58690E+04  1.16560E+02  4.47846E+03  1.07163E+04  0.00000E+00  7.80277E-04  9.98299E-04
       2       3       7  1.43815E-03  1.25627E-03  1.43815E-05  6.58920E+00  2.71897E+00  9.80166E+00  8.30404E+01 -1.57140E+02 -4.78925E+00  3.29135E+04  4.21177E+04  4.32926E+04 -9.58098E+03  5.96022E+03  1.35014E+04  0.00000E+00  9.20202E-04  3.36069E-04
       2       3       8  2.19784E-03  2.37317E-03  2.19784E-05  1.00098E+01  4.17825E+00  1.45189E+01  5.34354E+01 -9.70185E+01  1.76774E+00  1.84180E+04  1.85787E+04  2.53977E+04 -2.16894E+03  3.48444E+03  8.84412E+03  0.00000E+00  1.64552E-03  7.27655E-04
       2       3       9  2.78028E-03  3.42130E-03  2.78028E-05  1.39746E+01  5.91726E+00  1.98135E+01  2.13583E+01 -3.66422E+01 -1.20261E+00  6.30939E+03  5.24484E+03  9.38717E+03  5.28770E+01  1.45658E+03  3.43672E+03  0.00000E+00  1.55912E-03  1.86218E-03
       2       3      10  1.42405E-03  1.50294E-03  1.42405E-05  4.18539E+01  1.72636E+01  6.00796E+01  1.87060E+01 -2.88682E+01  4.60423E+00  1.38337E+04  4.26452E+03  2.62617E+04  4.48622E+03  3.36558E+03  8.56954E+03  0.00000E+00  7.99161E-04  7.03780E-04
       2       4       1  2.95343E-03  3.11116E-03  2.95343E-05  4.49723E-01  1.86129E-01  3.42575E-01  5.34407E+01 -1.33297E+02 -4.64146E-01  3.41954E+04  5.40234E+04  2.83466E+04 -9.93339E+03  1.69983E+02  8.50415E+02  0.00000E+00  2.66094E-03  4.50221E-04
       2       4       2  8.96907E-04  9.31644E-04  8.96907E-06  1.13680E+00  4.70932E-01  8.67665E-01  2.76861E+00  1.91742E+00 -1.54319E+00  5.48019E+04  4.47107E+04  2.91931E+04  3.13922E+03  1.95804E+03  5.99477E+03  0.00000E+00  7.63584E-04  1.68060E-04
       2       4       3  1.50717E-03  1.51582E-03  1.50717E-05  1.66197E+00  6.85020E-01  1.26940E+00  7.92529E+00 -2.24601E+01 -5.03591E+00  2.49039E+04  2.86624E+04  1.74869E+04 -1.56112E+03  2.27901E+03  3.01155E+03  0.00000E+00  1.13483E-03  3.80996E-04
       2       4       4  2.42935E-03  1.52929E-03  2.42935E-05  2.60412E+00  1.07170E+00  2.02021E+00  7.33408E+01 -1.76175E+02  2.33412E+00  5.49686E+04  9.89201E+04  3.09169E+04 -2.25065E+04  1.79163E+03  5.19643E+03  0.00000E+00  1.37147E-03  1.57815E-04
       2       4       5  2.52021E-03  3.03902E-03  2.52021E-05  3.95366E+00  1.63068E+00  3.00639E+00  4.17198E+01 -9.24122E+01  5.17795E+00  3.91062E+04  3.66458E+04  2.35967E+04  1.14366E+03  8.84131E+02  5.09223E+03  0.00000E+00  2.70758E-03  3.31445E-04
       2       4       6  2.70316E-03  2.94961E-03  2.70316E-05  5.55249E+00  2.31281E+00  4.09052E+00  2.89857E+01 -6.34076E+01 -2.92025E+00  2.28515E+04  1.74573E+04  1.12439E+04  1.62879E+03  2.09005E+03  6.18146E+03  0.00000E+00  2.22172E-03  7.27890E-04
       2       4       7  2.80117E-03  2.38952E-03  2.80117E-05  9.12830E+00  3.79395E+00  6.85917E+00  8.24694E+01 -2.00254E+02 -8.20513E+00  4.02095E+04  5.93557E+04  2.67927E+04 -9.74167E+03  3.34971E+03  7.13121E+03  0.00000E+00  2.08832E-03  3.01202E-04
       2       4       8  3.57103E-03  4.29472E-03  3.57103E-05  1.37302E+01  5.72651E+00  1.02476E+01  4.95199E+01 -1.20139E+02 -4.20781E+00  2.52607E+04  2.40490E+04  1.71589E+04  4.07439E+02  1.85435E+03  4.10248E+03  0.00000E+00  3.73526E-03  5.59460E-04
       2       4       9  5.25538E-03  5.95879E-03  5.25538E-05  1.90237E+01  7.86682E+00  1.41996E+01  2.48289E+01 -6.17671E+01 -1.80257E+00  9.92182E+03  8.19343E+03  6.54454E+03  7.70512E+02  8.69635E+02  1.97938E+03  0.00000E+00  4.80208E-03  1.15671E-03
       2       4      10  3.79015E-03  3.70497E-03  3.79015E-05  5.85966E+01  2.40937E+01  4.30859E+01  1.09853E+01 -3.41180E+01 -1.52390E+00  2.33481E+04  6.11302E+03  1.24939E+04  8.23170E+03  2.93073E+03  7.67358E+03  0.00000E+00  2.01797E-03  1.68700E-03
       2       5       1  3.63605E-03  3.25071E-03  3.63605E-05  4.88470E-01  2.01865E-01  2.25310E-01  5.05155E+01 -1.35160E+02  1.45333E+00  3.15431E+04  4.93959E+04  3.56298E+04 -8.84072E+03 -6.49691E+02  9.97017E+01  0.00000E+00  2.82388E-03  4.26828E-04
       2       5       2  1.13905E-03  1.01867E-03  1.13905E-05  1.28769E+00  5.29267E-01  5.94458E-01 -2.19466E-03  3.54581E+00 -7.00810E-01  6.57385E+04  4.55173E+04  3.35293E+04  8.37519E+03  1.28966E+03  1.41479E+03  0.00000E+00  8.81522E-04  1.37151E-04
       2       5       3  1.87650E-03  1.88380E-03  1.87650E-05  1.87152E+00  7.64668E-01  8.56229E-01  9.51404E+00 -2.82494E+01  3.77371E-01  3.80351E+04  2.75530E+04  2.07727E+04  6.21332E+03  1.05446E+02  1.41922E+03  0.00000E+00  1.45441E-03  4.29391E-04
       2       5       4  3.20652E-03  1.87933E-03  3.20652E-05  2.93063E+00  1.21140E+00  1.34132E+00  6.02640E+01 -1.33469E+02  2.48151E+00  5.90086E+04  6.41182E+04  4.96175E+04 -4.25912E+03  2.77445E+02  3.42882E+02  0.00000E+00  1.73165E-03  1.47687E-04
       2       5       5  3.55181E-03  3.37562E-03  3.55181E-05  4.46009E+00  1.84815E+00  2.08474E+00  4.15330E+01 -9.06134E+01  2.44093E+00  4.34977E+04  3.22405E+04  2.59704E+04  4.50886E+03  5.41303E+02  4.49788E+03  0.00000E+00  3.12827E-03  2.47348E-04
       2       5       6  4.31409E-03  3.98407E-03  4.31409E-05  6.18012E+00  2.57156E+00  2.83720E+00  3.14342E+01 -6.76850E+01 -5.97056E+00  3.28146E+04  1.88267E+04  1.41516E+04  6.49733E+03  1.96464E+03  1.67477E+03  0.00000E+00  3.37095E-03  6.13120E-04
       2       5       7  5.32055E-03  2.95185E-03  5.32055E-05  1.01368E+01  4.17382E+00  4.64944E+00  6.24387E+01 -1.57849E+02  5.72695E+00  5.28279E+04  4.40680E+04  3.35722E+04  4.87621E+03  1.54126E+03  4.60423E+03  0.00000E+00  2.54240E-03  4.09456E-04
       2       5       8  5.63331E-03  5.63705E-03  5.63331E-05  1.54337E+01  6.34964E+00  6.97935E+00  3.91264E+01 -9.81132E+01  5.71655E+00  3.38757E+04  2.00423E+04  1.57588E+04  6.65344E+03  1.42165E+03  4.27430E+03  0.00000E+00  4.58116E-03  1.05589E-03
       2       5       9  8.69211E-03  9.52839E-03  8.69211E-05  2.17984E+01  8.96962E+00  9.54745E+00  1.85497E+01 -4.36849E+01  7.29563E+00  1.23409E+04  6.17462E+03  5.25942E+03  2.83251E+03  4.75946E+02  2.30044E+03  0.00000E+00  6.30996E-03  3.21843E-03
       2       5      10  1.00570E-02  5.24623E-03  1.00570E-04  6.48076E+01  2.67028E+01  2.93029E+01  6.50113E+00 -2.64476E+01 -3.21422E+00  2.96991E+04  6.78558E+03  7.27936E+03  1.12558E+04  3.06197E+03  7.21686E+03  0.00000E+00  2.48565E-03  2.76058E-03
       2       6       1  4.03213E-03  4.01994E-03  4.03213E-05  5.18438E-01  2.14632E-01  7.43341E-02  5.44699E+01 -1.46139E+02  2.83345E-01  3.14664E+04  4.59353E+04  3.18387E+04 -6.44223E+03 -1.63171E+02  7.38736E+02  0.00000E+00  3.36787E-03  6.52068E-04
       2       6       2  1.28949E-03  1.25966E-03  1.28949E-05  1.38419E+00  5.69947E-01  1.97836E-01 -1.44858E+01  4.06427E+01  5.18210E-01  5.57990E+04  4.41881E+04  3.03725E+04  4.67297E+03 -1.97195E+02 -8.41456E+02  0.00000E+00  1.12922E-03  1.30442E-04
       2       6       3  2.09472E-03  2.03998E-03  2.09472E-05  2.04148E+00  8.44054E-01  2.88426E-01  1.05194E+01 -3.59441E+01  2.88346E+00  3.59232E+04  2.08899E+04  1.72176E+04  7.51057E+03 -1.08646E+03 -4.35938E+02  0.00000E+00  1.68659E-03  3.53388E-04
       2       6       4  3.70909E-03  2.84239E-03  3.70909E-05  3.17254E+00  1.31157E+00  4.58706E-01  3.50916E+01 -9.17639E+01 -4.80147E+00  4.84663E+04  8.44759E+04  3.86996E+04 -1.71555E+04  8.55981E+02 -9.55007E+02  0.00000E+00  2.62834E-03  2.14050E-04
       2       6       5  4.29131E-03  4.38262E-03  4.29131E-05  4.81251E+00  1.99500E+00  6.82037E-01  2.37456E+01 -6.24504E+01  2.68578E+00  4.20373E+04  4.23368E+04  1.66865E+04 -1.66335E+02  6.10645E+02  4.21200E+03  0.00000E+00  3.97598E-03  4.06644E-04
       2       6       6  5.61509E-03  6.12486E-03  5.61509E-05  6.56101E+00  2.70387E+00  9.39155E-01  2.02527E+01 -5.25157E+01 -6.70677E-01  2.63511E+04  2.38223E+04  1.17807E+04  1.74899E+03  1.54971E+03  3.07290E+03  0.00000E+00  5.30157E-03  8.23297E-04
       2       6       7  8.03201E-03  5.89354E-03  8.03201E-05  1.09307E+01  4.52883E+00  1.64696E+00  9.32085E+01 -2.20050E+02 -3.59247E+00  4.44280E+04  6.89814E+04  1.82132E+04 -1.17285E+04  1.52785E+03  2.33104E+03  0.00000E+00  5.16734E-03  7.26200E-04
       2       6       8  8.12339E-03  9.85267E-03  8.12339E-05  1.65199E+01  6.84621E+00  2.41478E+00  6.21300E+01 -1.42223E+02 -5.10781E-01  3.19365E+04  3.19002E+04  8.96067E+03 -6.79052E+01  4.69463E+02  1.36943E+03  0.00000E+00  8.61587E-03  1.23680E-03
       2       6       9  1.16268E-02  1.19527E-02  1.16268E-04  2.25593E+01  9.27803E+00  3.50711E+00  3.54435E+01 -8.06273E+01  8.51713E-02  1.57079E+04  1.35520E+04  4.13179E+03  9.80437E+02  4.60024E+02  7.65921E+02  0.00000E+00  9.30088E-03  2.65185E-03
       2       6      10  1.90355E-02  1.97233E-02  1.90355E-04  6.27684E+01  2.57233E+01  8.14378E+00  5.75655E+01 -1.38481E+02  5.89702E-01  2.30596E+04  3.41047E+04  1.65261E+03 -5.79528E+03  2.71057E+02  7.38089E+02  0.00000E+00  1.54457E-02  4.27766E-03
       3       1       1  4.20538E-04  4.10341E-04  4.20538E-06  8.07757E-02  6.33869E-02  5.43420E-01  1.08689E-01  6.23249E+01 -1.45738E+01  3.91286E+04  4.18036E+04  9.41123E+04  4.89881E+03  4.61559E+03  1.49598E+04  1.23219E-04  0.00000E+00  2.87121E-04
       3       1       2  1.20476E-04  1.34637E-04  1.20476E-06  2.32522E-01  1.85596E-01  1.46290E+00 -1.77049E+00  9.57129E+01 -1.89666E+01  2.80319E+04  5.70249E+04  8.61126E+04  3.22610E+03  9.68484E+03  1.20689E+04  5.76994E-05  0.00000E+00  7.69375E-05
       3       1       3  2.08261E-04  2.43429E-04  2.08261E-06  3.73835E-01  3.01824E-01  2.21475E+00  8.17832E+00  1.35410E+01  1.77475E+00  2.79437E+04  2.09895E+04  3.73308E+04  9.64461E+03  5.72035E+03  7.99856E+03  5.21386E-05  0.00000E+00  1.91290E-04
       3       1       4  2.92861E-04  1.88127E-04  2.92861E-06  5.32905E-01  3.98155E-01  3.55350E+00  3.22430E+00  3.44203E+01 -7.62416E-02  2.64200E+04  8.24364E+04  3.91537E+04  1.28913E+03 -1.13609E+04  4.72504E+03  1.54352E-04  0.00000E+00  3.37757E-05
       3       1       5  2.68710E-04  3.85403E-04  2.68710E-06  7.85074E-01  5.89052E-01  5.16693E+00  1.20189E+00  1.93425E+01 -8.31291E+00  9.50788E+03  3.37166E+04  3.33189E+04  1.33722E+03 -1.38456E+03  1.90481E+03  3.00511E-04  0.00000E+00  8.48924E-05
       3       1       6  2.16970E-04  2.79360E-04  2.16970E-06  1.00087E+00  7.52839E-01  6.91410E+00 -9.69544E-01  5.31719E+00 -2.19052E+00  3.31239E+03  1.08546E+04  2.00456E+04 -4.27881E+02  4.24664E+02  2.74034E+03  1.07817E-04  0.00000E+00  1.71543E-04
       3       1       7  2.21176E-04  2.32348E-04  2.21176E-06  1.87488E+00  1.40879E+00  1.22503E+01 -2.88026E+00 -8.85411E+01  2.92297E+00  1.35347E+04  6.87238E+04  2.64181E+04  1.43283E+03 -9.38564E+03  2.31885E+03  1.99539E-04  0.00000E+00  3.28098E-05
       3       1       8  3.69685E-04  4.14462E-04  3.69685E-06  2.78520E+00  2.07364E+00  1.78515E+01 -6.15719E-01 -5.49397E+01 -1.01844E+00  6.74944E+03  3.01800E+04  2.06919E+04  1.30107E+02 -1.33995E+03  1.35924E+03  3.46985E-04  0.00000E+00  6.74771E-05
       3       1       9  3.82885E-04  4.34753E-04  3.82885E-06  3.77205E+00  3.03193E+00  2.39996E+01 -5.83760E-01 -2.14044E+01 -1.24870E+00  2.02011E+03  8.85330E+03  9.39695E+03  2.13090E+02  5.24562E+01  9.68429E+02  1.66850E-04  0.00000E+00  2.67903E-04
       3       1      10  1.71441E-04  1.89074E-04  1.71441E-06  1.11046E+01  8.56360E+00  7.51164E+01  1.66809E+00 -2.71253E+01  1.02715E+01  1.20191E+03  2.69377E+03  3.79429E+04  3.70303E+02  4.11562E+03  3.21242E+03  7.66991E-05  0.00000E+00  1.12375E-04
       3       2       1  1.26900E-03  1.19461E-03  1.26900E-05  1.81963E-01  1.40925E-01  5.31303E-01  2.78212E+01 -2.74662E+01 -1.39422E+00  3.78679E+04  3.10011E+04  6.09491E+04  3.25027E+03  4.84808E+03  1.23048E+04  7.79763E-05  3.00040E-04  8.16595E-04
       3       2       2  3.66917E-04  2.67586E-04  3.66917E-06  4.27544E-01  3.32419E-01  1.41348E+00  8.47434E+00  2.42372E+01 -3.56008E+00  3.25665E+04  3.73202E+04  1.02179E+05  1.50293E+04  1.71412E+04  3.04837E+04  3.89376E-05  3.01728E-06  2.25632E-04
       3       2       3  6.32444E-04  6.21759E-04  6.32444E-06  6.34516E-01  4.87236E-01  2.11468E+00 -4.27629E+00 -1.63621E+00 -4.35538E+00  1.62326E+04  1.07294E+04  3.81088E+04  9.64461E+03  9.72241E+03  1.23433E+04  3.68734E-05  2.26577E-06  5.82620E-04
       3       2       4  9.12220E-04  4.47073E-04  9.12220E-06  1.14967E+00  9.21689E-01  3.27532E+00  7.48819E+01 -7.36910E+01 -4.81097E+00  5.86493E+04  7.06337E+04  5.85977E+04 -1.23307E+04  5.92574E+03  1.76320E+04  9.79855E-05  2.06995E-04  1.42093E-04
       3       2       5  8.53700E-04  5.62293E-04  8.53700E-06  1.45933E+00  1.18885E+00  4.84511E+00  1.01842E+01  5.61043E+00 -9.86759E+00  1.58123E+04  2.61849E+04  5.24611E+04  3.49757E+03  6.67138E+03  1.35521E+04  2.66756E-04  4.05815E-05  2.54955E-04
       3       2       6  7.25300E-04  6.93410E-04  7.25300E-06  2.22656E+00  1.74088E+00  6.67942E+00  5.15953E-01  4.45443E-01 -6.42115E+00  5.67233E+03  8.83501E+03  3.22804E+04  2.00593E+03  6.93600E+03  1.05161E+04  1.24530E-04  3.02629E-05  5.38617E-04
       3       2       7  7.15486E-04  4.74336E-04  7.15486E-06  3.80070E+00  3.03322E+00  1.10169E+01  6.28942E+01 -6.75963E+01  1.56358E+01  2.55787E+04  3.24644E+04  6.12424E+04 -7.40081E+03  1.03621E+04  1.81822E+04  9.62086E-05  1.09405E-04  2.68722E-04
       3       2       8  1.17908E-03  8.96309E-04  1.17908E-05  5.37362E+00  4.26502E+00  1.68216E+01  8.98392E+00 -1.70992E+01  1.73777E+01  6.61434E+03  1.27741E+04  4.06301E+04  2.57307E+03  6.81328E+03  1.13409E+04  2.34736E-04  2.34294E-05  6.38144E-04
       3       2       9  1.30499E-03  1.62174E-03  1.30499E-05  7.73654E+00  6.02239E+00  2.33063E+01  1.13445E+00 -4.73239E+00  4.31977E+00  1.62471E+03  2.63575E+03  1.16272E+04  8.86767E+02  1.93475E+03  3.22106E+03  1.14735E-04  2.79482E-05  1.47905E-03
       3       2      10  5.89929E-04  5.36008E-04  5.89929E-06  2.39087E+01  1.87791E+01  7.03296E+01  5.58534E+00 -9.96848E+00 -5.48508E+00  4.60629E+03  2.92140E+03  3.37470E+04  2.68312E+03  7.39430E+03  9.34394E+03  3.65337E-05  5.51906E-05  4.44284E-04
       3       3       1  2.12433E-03  2.22825E-03  2.12433E-05  2.78880E-01  2.13600E-01  4.75859E-01  5.59216E+01 -7.38342E+01  1.70783E-01  3.19357E+04  3.22048E+04  3.72618E+04 -2.35864E+03  5.30328E+02  2.64663E+03  0.00000E+00  1.51835E-03  7.09897E-04
       3       3       2  6.26183E-04  6.07439E-04  6.26183E-06  7.00290E-01  5.39162E-01  1.21942E+00  9.77305E+01 -9.55869E+01  4.74732E+00  4.41159E+04  3.49139E+04  5.26741E+04  4.95061E+03  6.38421E+03  1.07819E+04  0.00000E+00  4.78936E-04  1.28504E-04
       3       3       3  1.07048E-03  1.12100E-03  1.07048E-05  1.06511E+00  8.20202E-01  1.82467E+00  3.33699E+01 -3.67097E+01  2.10494E+00  1.78449E+04  1.47397E+04  2.66483E+04  6.48638E+03  5.13110E+03  7.02238E+03  0.00000E+00  7.90113E-04  3.30886E-04
       3       3       4  1.61933E-03  7.75800E-04  1.61933E-05  1.62774E+00  1.24253E+00  2.81760E+00  9.60367E+01 -1.22433E+02 -3.79600E+00  6.96590E+04  7.36099E+04  4.99395E+04 -1.87127E+04  1.35747E+04  1.65802E+04  0.00000E+00  5.68443E-04  2.07358E-04
       3       3       5  1.57949E-03  1.61958E-03  1.57949E-05  2.55801E+00  1.94789E+00  4.17272E+00  5.78606E+01 -5.58044E+01  8.58819E-01  3.46789E+04  2.84546E+04  3.07357E+04 -1.03064E+02  6.73501E+03  9.44140E+03  0.00000E+00  1.25810E-03  3.61480E-04
       3       3       6  1.48337E-03  1.59951E-03  1.48337E-05  3.32171E+00  2.53458E+00  5.76855E+00  2.73782E+01 -3.16710E+01 -2.49484E+00  1.45069E+04  1.34646E+04  2.47929E+04  2.13907E+02  6.18952E+03  7.98560E+03  0.00000E+00  7.45054E-04  8.54461E-04
       3       3       7  1.43106E-03  1.16309E-03  1.43106E-05  5.72990E+00  4.36201E+00  9.81982E+00  1.11558E+02 -1.22575E+02 -2.07187E+00  3.63961E+04  3.56467E+04  4.55289E+04 -7.18396E+03  8.86771E+03  1.17880E+04  0.00000E+00  8.40470E-04  3.22616E-04
       3       3       8  2.19146E-03  2.35117E-03  2.19146E-05  8.46941E+00  6.50186E+00  1.46163E+01  7.69894E+01 -7.93946E+01 -1.50072E+00  1.93522E+04  1.67055E+04  2.61905E+04 -2.03568E+03  4.96500E+03  6.61819E+03  0.00000E+00  1.67671E-03  6.74460E-04
       3       3       9  2.76545E-03  3.24934E-03  2.76545E-05  1.18311E+01  9.22251E+00  1.99107E+01  2.96456E+01 -3.33850E+01 -1.65060E+00  6.20089E+03  5.31074E+03  9.80747E+03  1.00000E+02  2.41745E+03  2.93347E+03  0.00000E+00  1.62310E-03  1.62624E-03
       3       3      10  1.41123E-03  1.73777E-03  1.41123E-05  3.50993E+01  2.75279E+01  6.15548E+01  2.06511E+01 -1.81221E+01  2.14647E+00  9.85583E+03  6.43608E+03  2.63502E+04  5.88680E+03  6.68860E+03  8.51026E+03  0.00000E+00  7.51421E-04  9.86349E-04
       3       4       1  2.94157E-03  3.32627E-03  2.94157E-05  3.88966E-01  2.99775E-01  3.47924E-01  8.08415E+01 -1.15805E+02  1.39170E+00  4.05318E+04  4.74782E+04  2.80262E+04 -1.26189E+04  7.24962E+02  1.56097E+03  0.00000E+00  2.76680E-03  5.59463E-04
       3       4       2  8.91736E-04  9.48949E-04  8.91736E-06  9.79350E-01  7.55063E-01  8.63308E-01  2.83484E-01  7.36243E+00 -3.13629E-01  5.34816E+04  4.62566E+04  2.90250E+04  3.85286E+03  3.01839E+03  4.11814E+03  0.00000E+00  7.86532E-04  1.62418E-04
       3       4       3  1.50151E-03  1.59004E-03  1.50151E-05  1.42791E+00  1.10769E+00  1.27283E+00  1.16442E+01 -1.71572E+01  5.12216E+00  2.42841E+04  2.78890E+04  1.82104E+04 -1.15325E+03  2.44787E+03  3.74515E+03  0.00000E+00  1.14597E-03  4.44072E-04
       3       4       4  2.41320E-03  1.58537E-03  2.41320E-05  2.22625E+00  1.70230E+00  2.02740E+00  1.17671E+02 -1.58155E+02 -9.20514E-01  7.09981E+04  8.56773E+04  2.87107E+04 -3.14153E+04  2.06905E+03  4.77402E+03  0.00000E+00  1.42401E-03  1.61365E-04
       3       4       5  2.50002E-03  3.16094E-03  2.50002E-05  3.39457E+00  2.60857E+00  3.00209E+00  6.34389E+01 -8.06219E+01 -2.28212E+00  3.89110E+04  3.72488E+04  2.30929E+04  1.24823E+03  3.52791E+03  3.69815E+03  0.00000E+00  2.81264E-03  3.48297E-04
       3       4       6  2.67862E-03  2.97352E-03  2.67862E-05  4.77841E+00  3.65488E+00  4.08426E+00  4.76240E+01 -4.89364E+01  3.19102E+00  2.18348E+04  1.80280E+04  1.16077E+04  3.30057E+03  3.18286E+03  3.97999E+03  0.00000E+00  2.25778E-03  7.15737E-04
       3       4       7  2.76647E-03  2.42057E-03  2.76647E-05  7.82724E+00  6.00947E+00  6.86900E+00  1.41214E+02 -1.68390E+02  8.20556E+00  4.71831E+04  5.30254E+04  2.72880E+04 -1.41268E+04  3.86682E+03  5.84991E+03  0.00000E+00  2.15850E-03  2.62078E-04
       3       4       8  3.54715E-03  4.36943E-03  3.54715E-05  1.18302E+01  9.04460E+00  1.03047E+01  8.53600E+01 -1.00161E+02  1.97456E+00  2.62192E+04  2.45381E+04  1.71338E+04  9.51089E+02  2.81102E+03  3.85334E+03  0.00000E+00  3.84592E-03  5.23509E-04
       3       4       9  5.20385E-03  5.99534E-03  5.20385E-05  1.62839E+01  1.25087E+01  1.42576E+01  4.47389E+01 -5.09064E+01  3.08553E+00  1.04425E+04  9.21333E+03  7.00199E+03  1.62258E+03  1.76535E+03  2.33502E+03  0.00000E+00  4.87239E-03  1.12294E-03
       3       4      10  3.70843E-03  4.08009E-03  3.70843E-05  4.89173E+01  3.88635E+01  4.24576E+01  2.12205E+01 -2.79692E+01  4.30987E-01  1.82049E+04  1.27806E+04  1.34824E+04  1.23905E+04  6.09956E+03  7.39310E+03  0.00000E+00  2.15721E-03  1.92288E-03
       3       5       1  3.61585E-03  3.35433E-03  3.61585E-05  4.20643E-01  3.23080E-01  2.25911E-01  7.95759E+01 -1.15915E+02  1.71391E-01  3.50516E+04  4.35200E+04  3.56755E+04 -1.05612E+04 -1.28005E+02  4.47464E+02  0.00000E+00  2.84377E-03  5.10555E-04
       3       5       2  1.12937E-03  1.05060E-03  1.12937E-05  1.10031E+00  8.47460E-01  5.90722E-01 -6.72779E+00 -4.50430E+00 -1.29841E+00  6.18215E+04  5.08731E+04  3.44412E+04  1.60060E+04  1.84786E+03  1.88774E+03  0.00000E+00  8.64607E-04  1.85989E-04
       3       5       3  1.86671E-03  1.93260E-03  1.86671E-05  1.60008E+00  1.23859E+00  8.62316E-01  2.34551E+01 -3.17096E+01  2.02642E+00  3.65277E+04  3.49800E+04  2.20682E+04  7.42754E+03  3.85953E+02  1.23003E+03  0.00000E+00  1.46890E-03  4.63697E-04
       3       5       4  3.17625E-03  1.89226E-03  3.17625E-05  2.52055E+00  1.93946E+00  1.34610E+00  8.96609E+01 -1.10337E+02 -2.72357E-01  6.16617E+04  6.21859E+04  4.81036E+04 -3.07409E+03  2.82872E+03  1.95544E+03  0.00000E+00  1.72053E-03  1.71721E-04
       3       5       5  3.50830E-03  3.30821E-03  3.50830E-05  3.84000E+00  2.92542E+00  2.08231E+00  6.54077E+01 -7.06199E+01  6.03794E+00  4.05246E+04  3.48354E+04  2.58892E+04  7.82831E+03  9.91757E+02  3.48151E+03  0.00000E+00  3.00635E-03  3.01857E-04
       3       5       6  4.25627E-03  4.11056E-03  4.25627E-05  5.33876E+00  4.08664E+00  2.83977E+00  5.00514E+01 -5.08155E+01  8.25672E+00  2.80768E+04  2.17991E+04  1.32877E+04  9.48976E+03  1.29366E+03  3.62422E+03  0.00000E+00  3.39972E-03  7.10838E-04
       3       5       7  5.20365E-03  2.92361E-03  5.20365E-05  8.72742E+00  6.66252E+00  4.62248E+00  1.02967E+02 -1.29943E+02 -3.50917E-01  5.10735E+04  4.69609E+04  3.20335E+04  7.91024E+03  4.38863E+03  6.21900E+03  0.00000E+00  2.44585E-03  4.77766E-04
       3       5       8  5.54072E-03  5.60940E-03  5.54072E-05  1.32535E+01  1.01533E+01  6.89390E+00  6.64436E+01 -7.86546E+01 -6.68499E+00  3.00028E+04  2.41660E+04  1.56218E+04  9.69721E+03  3.46945E+03  3.88519E+03  0.00000E+00  4.41964E-03  1.18975E-03
       3       5       9  8.56746E-03  8.85873E-03  8.56746E-05  1.87415E+01  1.44079E+01  9.25779E+00  2.94401E+01 -3.69006E+01 -6.93122E+00  1.06269E+04  8.45738E+03  5.22717E+03  4.25858E+03  1.85473E+03  1.90517E+03  0.00000E+00  5.63694E-03  3.22179E-03
       3       5      10  9.68668E-03  5.18917E-03  9.68668E-05  5.57946E+01  4.24122E+01  2.94249E+01  1.07506E+01 -2.45968E+01 -2.46804E+00  2.24728E+04  1.36868E+04  7.41888E+03  1.55581E+04  5.35576E+03  6.94954E+03  0.00000E+00  2.17177E-03  3.01740E-03
       3       6       1  4.00599E-03  4.25954E-03  4.00599E-05  4.47457E-01  3.45263E-01  7.53392E-02  8.51680E+01 -1.20146E+02  7.17124E-01  3.53578E+04  4.04225E+04  3.08723E+04 -7.01020E+03  1.33835E+02  1.49758E+02  0.00000E+00  3.38321E-03  8.76332E-04
       3       6       2  1.27625E-03  1.27588E-03  1.27625E-05  1.18773E+00  9.12375E-01  1.97475E-01 -2.30589E+01  3.82253E+01 -1.87135E+00  5.91517E+04  5.00893E+04  2.86638E+04  1.21989E+04 -1.55097E+03 -1.40048E+03  0.00000E+00  1.11515E-03  1.60730E-04
       3       6       3  2.08194E-03  2.22990E-03  2.08194E-05  1.75534E+00  1.35243E+00  2.91829E-01  2.26497E+01 -3.10491E+01  1.15014E+00  3.69583E+04  2.80322E+04  1.81138E+04  1.34149E+04 -1.25006E+03 -2.86594E+03  0.00000E+00  1.75095E-03  4.78950E-04
       3       6       4  3.66770E-03  2.90235E-03  3.66770E-05  2.72462E+00  2.09492E+00  4.52306E-01  5.45672E+01 -7.79766E+01  1.35625E+00  6.32858E+04  7.63370E+04  3.73203E+04 -1.84872E+04  9.85905E+02  2.31302E+03  0.00000E+00  2.59091E-03  3.11446E-04
       3       6       5  4.22655E-03  4.55107E-03  4.22655E-05  4.12742E+00  3.16769E+00  6.86084E-01  3.77888E+01 -5.14409E+01 -2.72377E+00  4.50229E+04  4.33902E+04  1.60358E+04  3.55944E+03  3.07728E+03  2.76857E+03  0.00000E+00  3.97126E-03  5.79809E-04
       3       6       6  5.52438E-03  6.33973E-03  5.52438E-05  5.63877E+00  4.34637E+00  9.50512E-01  3.08845E+01 -4.22623E+01  4.95259E-01  2.73148E+04  2.60271E+04  1.10810E+04  4.87693E+03  2.38615E+03  2.80734E+03  0.00000E+00  5.18506E-03  1.15468E-03
       3       6       7  7.80405E-03  6.03867E-03  7.80405E-05  9.35944E+00  7.22973E+00  1.68854E+00  1.38480E+02 -1.83133E+02  4.57489E+00  5.35568E+04  6.25621E+04  1.71394E+04 -1.24687E+04  2.78664E+03  4.02807E+03  0.00000E+00  5.00351E-03  1.03516E-03
       3       6       8  7.88758E-03  1.04410E-02  7.88758E-05  1.41523E+01  1.09313E+01  2.51430E+00  8.84056E+01 -1.16123E+02  6.11483E-01  3.29158E+04  3.24226E+04  8.24645E+03  2.55525E+03  1.91854E+03  2.20874E+03  0.00000E+00  8.57877E-03  1.86221E-03
       3       6       9  1.14153E-02  1.38968E-02  1.14153E-04  1.94522E+01  1.51184E+01  3.68399E+00  4.61611E+01 -6.03070E+01  4.11231E-01  1.52626E+04  1.40332E+04  3.64486E+03  3.30127E+03  9.36284E+02  1.37320E+03  0.00000E+00  9.59174E-03  4.30510E-03
       3       6      10  1.81149E-02  2.25715E-02  1.81149E-04  5.40685E+01  4.23872E+01  8.88677E+00  8.05806E+01 -1.03227E+02  2.97890E-01  2.62241E+04  2.90741E+04  1.60960E+03 -4.05266E+03  1.06799E+03  1.26020E+03  0.00000E+00  1.55110E-02  7.06051E-03
       4       1       1  4.20442E-04  4.45957E-04  4.20442E-06  6.07808E-02  7.86891E-02  5.20656E-01 -8.53545E-01  3.72431E+01 -9.63439E+00  3.21112E+04  3.43755E+04  8.76438E+04  6.07169E+03  8.52917E+03  1.18549E+04  9.23493E-05  0.00000E+00  3.53608E-04
       4       1       2  1.20443E-04  1.18303E-04  1.20443E-06  1.91617E-01  2.39557E-01  1.46832E+00  1.19354E+01  7.34059E+01 -2.38580E+01  2.83021E+04  3.73791E+04  9.10675E+04  5.82738E+03  9.74714E+03  1.30884E+04  4.17367E-05  1.41990E-07  7.64246E-05
       4       1       3  2.08217E-04  1.87024E-04  2.08217E-06  2.93920E-01  3.60821E-01  2.20383E+00  5.05338E+00  1.52884E+01 -1.13765E+01  3.29051E+04  2.77538E+04  4.29847E+04  8.22984E+03  3.34385E+03  2.29972E+03  3.83487E-05  0.00000E+00  1.48675E-04
       4       1       4  2.92760E-04  1.42245E-04  2.92760E-06  3.75356E-01  4.87761E-01  3.53778E+00 -8.49521E-01  3.20740E+01 -4.25822E+00  2.82917E+04  7.45536E+04  4.83700E+04  4.63891E+03 -8.13037E+03  2.86746E+03  1.09128E-04  0.00000E+00  3.31168E-05
       4       1       5  2.68620E-04  2.72909E-04  2.68620E-06  5.61147E-01  7.20489E-01  5.21280E+00 -1.10315E+00  1.84290E+01  7.11483E-01  1.11748E+04  3.12668E+04  3.46642E+04 -2.66445E+03 -5.81375E+02  2.61393E+03  2.13012E-04  0.00000E+00  5.98975E-05
       4       1       6  2.16885E-04  2.45005E-04  2.16885E-06  7.49159E-01  9.75934E-01  6.99947E+00  5.67799E+00  8.49838E+00  1.62617E+01  3.34678E+03  8.46878E+03  2.27345E+04  1.90564E+03  2.14797E+03  1.74480E+03  7.53735E-05  0.00000E+00  1.69632E-04
       4       1       7  2.21115E-04  1.82775E-04  2.21115E-06  1.31672E+00  1.73858E+00  1.21530E+01  5.72025E+00 -7.07875E+01  4.94928E+01  1.77775E+04  5.97376E+04  3.31743E+04 -7.88814E+02 -5.70705E+03  2.94807E+03  1.45968E-04  0.00000E+00  3.68071E-05
       4       1       8  3.69591E-04  2.88561E-04  3.69591E-06  2.03081E+00  2.51420E+00  1.80007E+01  5.37314E-02 -4.71344E+01  2.00565E+01  7.41794E+03  2.55707E+04  2.47833E+04  8.94174E+02 -3.23542E+02  1.96471E+03  2.19975E-04  0.00000E+00  6.85853E-05
       4       1       9  3.82714E-04  2.11050E-04  3.82714E-06  2.69364E+00  3.28206E+00  2.36716E+01  4.97021E+00 -1.84116E+01  3.84809E+01  2.49589E+03  8.92119E+03  1.58809E+04  4.35943E+02  4.82848E+02  1.64618E+03  8.62930E-05  0.00000E+00  1.24756E-04
       4       1      10  1.71369E-04  1.74759E-04  1.71369E-06  8.77529E+00  1.17170E+01  7.55671E+01 -4.43895E-02 -1.92999E+01  4.01241E+00  8.51226E+02  2.40194E+03  3.72941E+04  4.78158E+02  5.44473E+03  3.01256E+03  5.42585E-05  0.00000E+00  1.20501E-04
       4       2       1  1.26760E-03  1.17107E-03  1.26760E-05  1.43504E-01  1.85643E-01  5.31017E-01  4.01296E+01  3.48772E+00 -2.88431E+01  3.65779E+04  3.77394E+04  6.58953E+04  2.51899E+03  2.41509E+03  8.49349E+03  2.38707E-04  3.85842E-04  5.46521E-04
       4       2       2  3.66411E-04  3.88219E-04  3.66411E-06  3.67231E-01  4.85800E-01  1.37061E+00  3.41872E+01  6.76229E+01 -3.35668E+01  2.72712E+04  4.50532E+04  7.01585E+04  7.57330E+03  6.49695E+03  1.17611E+04  1.38763E-04  8.80811E-05  1.61374E-04
       4       2       3  6.31790E-04  5.97130E-04  6.31790E-06  5.32356E-01  6.99176E-01  2.07411E+00  5.76331E+00  8.95657E+00 -7.30747E+00  1.07007E+04  1.54389E+04  3.37627E+04  9.30226E+03  1.00198E+04  6.71525E+03  1.16055E-04  7.26705E-05  4.08404E-04
       4       2       4  9.10666E-04  7.68879E-04  9.10666E-06  9.45058E-01  1.21999E+00  3.29168E+00  6.50089E+01 -2.55597E+01 -1.21311E+01  4.86013E+04  6.38695E+04  4.27520E+04 -1.27327E+04 -1.33054E+04  5.76959E+03  3.69330E-04  2.93938E-04  1.05611E-04
       4       2       5  8.52214E-04  9.54441E-04  8.52214E-06  1.32316E+00  1.65476E+00  4.77342E+00  1.46001E+01  1.08474E+01 -1.12974E+01  1.72028E+04  3.16986E+04  3.18879E+04 -1.30656E+03 -3.99966E+03  4.37293E+03  6.68202E-04  1.05601E-04  1.80638E-04
       4       2       6  7.23807E-04  8.95551E-04  7.23807E-06  1.76098E+00  2.26628E+00  6.27894E+00  1.64817E+01 -5.30426E+00 -5.57581E+00  8.41335E+03  1.20760E+04  1.88005E+04 -1.25722E+03  1.03648E+03  3.52643E+03  2.93956E-04  1.93374E-04  4.08220E-04
       4       2       7  7.14321E-04  8.37526E-04  7.14321E-06  3.13569E+00  4.02622E+00  1.11962E+01  7.22421E+01 -9.30549E+01  2.62575E+01  3.03146E+04  4.71667E+04  3.68637E+04 -9.51228E+03 -1.24532E+04  5.16367E+03  4.55238E-04  2.25308E-04  1.56980E-04
       4       2       8  1.17759E-03  1.55732E-03  1.17759E-05  4.53989E+00  5.87394E+00  1.64941E+01  3.02642E+01 -5.21689E+01  1.29513E+01  1.15762E+04  2.25550E+04  2.61051E+04 -1.36154E+03 -2.22055E+03  2.75834E+03  8.95311E-04  2.83211E-04  3.78796E-04
       4       2       9  1.30195E-03  1.54635E-03  1.30195E-05  6.19149E+00  7.89316E+00  2.23598E+01  1.09968E+01 -1.93134E+01  5.10862E+00  3.43739E+03  7.17361E+03  1.20160E+04  8.92184E+01  2.31872E+02  1.84471E+03  4.07903E-04  1.72320E-04  9.66126E-04
       4       2      10  5.88278E-04  7.49805E-04  5.88278E-06  1.90851E+01  2.55483E+01  6.88533E+01  2.16713E+01 -2.51625E+01  1.17807E+01  4.15205E+03  6.12541E+03  3.25878E+04  1.89877E+03  6.99003E+03  3.58719E+03  1.86951E-04  2.44219E-04  3.18635E-04
       4       3       1  2.11861E-03  2.07298E-03  2.11861E-05  2.12719E-01  2.77328E-01  4.74446E-01  7.80153E+01 -4.68322E+01 -1.66430E+01  3.79715E+04  3.43125E+04  4.14962E+04 -2.55649E+03 -7.56503E+02  2.18507E+03  2.14328E-04  1.46926E-03  3.89390E-04
       4       3       2  6.23945E-04  6.91760E-04  6.23945E-06  5.44464E-01  7.15105E-01  1.21189E+00  8.13948E+01 -1.89932E+01 -2.65549E+01  3.92880E+04  4.02074E+04  5.05528E+04  8.72811E+03  4.07497E+03  8.59845E+03  1.21121E-04  4.14090E-04  1.56549E-04
       4       3       3  1.06778E-03  1.16588E-03  1.06778E-05  8.15977E-01  1.05807E+00  1.81867E+00  3.40057E+01 -1.50725E+01 -7.77293E+00  1.19304E+04  1.63244E+04  2.59401E+04  6.41255E+03  6.26832E+03  4.73467E+03  9.17030E-05  7.29728E-04  3.44445E-04
       4       3       4  1.61238E-03  1.06625E-03  1.61238E-05  1.26463E+00  1.65807E+00  2.75763E+00  9.00566E+01 -6.43498E+01 -1.09249E+01  5.96826E+04  6.66028E+04  5.98404E+04 -1.28123E+04 -7.31564E+03  8.50486E+03  3.56222E-04  5.08539E-04  2.01489E-04
       4       3       5  1.57203E-03  2.34527E-03  1.57203E-05  1.95759E+00  2.56096E+00  4.19886E+00  4.60543E+01 -2.13174E+01 -5.34872E+00  2.58017E+04  2.96006E+04  3.03738E+04  1.18794E+03  2.69260E+02  4.80553E+03  7.22274E-04  1.25005E-03  3.72943E-04
       4       3       6  1.47516E-03  1.74416E-03  1.47516E-05  2.53642E+00  3.33182E+00  5.71823E+00  2.55865E+01 -1.55940E+01 -5.90264E-01  1.11441E+04  1.32617E+04  2.25187E+04  1.33849E+03  3.70500E+03  4.64339E+03  2.91663E-04  5.80923E-04  8.71579E-04
       4       3       7  1.42299E-03  1.35265E-03  1.42299E-05  4.36006E+00  5.82248E+00  9.75370E+00  9.86924E+01 -8.05073E+01  2.37360E+01  3.10871E+04  3.65798E+04  4.82934E+04 -3.58477E+03 -5.35251E+03  5.00832E+03  4.08451E-04  7.21503E-04  2.22698E-04
       4       3       8  2.18414E-03  2.78108E-03  2.18414E-05  6.55273E+00  8.68015E+00  1.45738E+01  6.64303E+01 -5.21853E+01  1.53573E+01  1.57504E+04  1.88394E+04  2.52915E+04 -2.92741E+02 -2.85762E+02  3.43756E+03  8.03556E-04  1.46527E-03  5.12251E-04
       4       3       9  2.74845E-03  3.11524E-03  2.74845E-05  8.99698E+00  1.15934E+01  1.96513E+01  3.74574E+01 -2.44964E+01  4.14973E+00  5.81548E+03  6.30987E+03  9.71914E+03  9.47925E+01  7.83564E+02  1.53452E+03  3.41806E-04  1.56476E-03  1.20868E-03
       4       3      10  1.39668E-03  1.06776E-03  1.39668E-05  2.69407E+01  3.60052E+01  6.00042E+01  2.69657E+01 -2.25531E+01  3.03609E+00  7.33437E+03  1.10386E+04  2.63903E+04  5.75435E+03  7.80322E+03  4.80928E+03  1.35890E-04  5.57426E-04  3.74446E-04
       4       4       1  2.92796E-03  3.36259E-03  2.92796E-05  2.97940E-01  3.88492E-01  3.47269E-01  1.11727E+02 -8.81240E+01 -9.68546E+00  4.90510E+04  4.00261E+04  2.93034E+04 -1.38761E+04 -7.83399E+02  7.90431E+02  1.69081E-04  2.87621E-03  3.17294E-04
       4       4       2  8.85850E-04  1.02387E-03  8.85850E-06  7.41961E-01  9.74657E-01  8.71989E-01 -7.67546E+00  1.97269E+01 -2.36194E+01  4.94435E+04  4.72520E+04  3.18888E+04  4.37168E+03  1.95183E+02  2.50919E+03  9.96075E-05  8.00534E-04  1.23726E-04
       4       4       3  1.49501E-03  1.60151E-03  1.49501E-05  1.08060E+00  1.41288E+00  1.28597E+00  1.32815E+01 -1.36991E+01 -5.21110E+00  2.54280E+04  2.66206E+04  1.69176E+04 -3.09032E+03  2.78546E+03  1.81040E+03  6.46167E-05  1.23269E-03  3.04204E-04
       4       4       4  2.39476E-03  1.87621E-03  2.39476E-05  1.68068E+00  2.21936E+00  2.04266E+00  1.33379E+02 -9.31163E+01 -1.04471E+01  7.77504E+04  6.02492E+04  4.18049E+04 -2.55728E+04 -4.54340E+03  2.15198E+03  3.24761E-04  1.40473E-03  1.46728E-04
       4       4       5  2.47713E-03  3.76391E-03  2.47713E-05  2.58343E+00  3.40432E+00  3.03498E+00  7.11891E+01 -5.14954E+01 -2.73836E+00  3.38433E+04  3.65518E+04  2.59438E+04  8.96778E+02 -8.43730E+02  2.24620E+03  6.18718E-04  2.84805E-03  2.97136E-04
       4       4       6  2.65068E-03  3.36611E-03  2.65068E-05  3.62854E+00  4.72601E+00  4.07721E+00  5.37145E+01 -3.42357E+01  2.05376E+00  1.88593E+04  2.07467E+04  1.33705E+04  4.64450E+03  1.48637E+03  2.48139E+03  2.52719E-04  2.47524E-03  6.38148E-04
       4       4       7  2.72735E-03  2.86253E-03  2.72735E-05  5.91437E+00  7.81215E+00  6.96012E+00  1.55807E+02 -1.19343E+02  9.43973E+00  4.95392E+04  4.37624E+04  3.33913E+04 -1.20185E+04 -8.88036E+02  2.69176E+03  3.63803E-04  2.24033E-03  2.58389E-04
       4       4       8  3.52018E-03  5.03605E-03  3.52018E-05  8.92201E+00  1.17756E+01  1.04309E+01  9.65365E+01 -7.29705E+01  8.07675E+00  2.33053E+04  2.37565E+04  1.90951E+04  3.38871E+02 -3.04989E+02  1.49696E+03  6.61620E-04  3.97696E-03  3.97469E-04
       4       4       9  5.14514E-03  6.09816E-03  5.14514E-05  1.23699E+01  1.61577E+01  1.42418E+01  5.55509E+01 -4.17234E+01  2.51065E+00  9.23578E+03  9.75122E+03  7.24064E+03  1.04582E+03  7.66872E+02  1.11757E+03  2.81230E-04  5.12292E-03  6.94014E-04
       4       4      10  3.61709E-03  4.06389E-03  3.61709E-05  3.81730E+01  4.99392E+01  4.33156E+01  3.07640E+01 -1.91163E+01  2.84969E+00  1.17020E+04  1.78961E+04  1.29966E+04  1.12566E+04  6.55256E+03  4.80337E+03  9.79472E-05  2.20758E-03  1.75837E-03
       4       5       1  3.59273E-03  3.31135E-03  3.59273E-05  3.21119E-01  4.17979E-01  2.23931E-01  1.07037E+02 -8.94761E+01 -1.34532E+01  4.20458E+04  3.65236E+04  3.59651E+04 -1.11315E+04  2.01774E+02  1.32468E+02  1.45519E-04  2.82245E-03  3.43379E-04
       4       5       2  1.11841E-03  1.04380E-03  1.11841E-05  8.43929E-01  1.10469E+00  5.92867E-01  4.58301E+00  7.82855E+00 -2.35085E+01  4.98630E+04  5.32244E+04  3.78997E+04  1.22568E+04 -1.66331E+03  1.07219E+03  8.78691E-05  8.58713E-04  9.72138E-05
       4       5       3  1.85551E-03  1.74481E-03  1.85551E-05  1.23578E+00  1.59650E+00  8.60021E-01  2.84779E+01 -2.18689E+01  7.45160E-01  3.25149E+04  3.83000E+04  2.20628E+04  8.14900E+03  1.28619E+03  2.47822E+03  5.79613E-05  1.40420E-03  2.82650E-04
       4       5       4  3.14183E-03  2.12185E-03  3.14183E-05  1.91476E+00  2.53127E+00  1.35028E+00  9.83927E+01 -7.46374E+01 -6.15889E+00  5.56848E+04  5.45012E+04  6.02806E+04 -2.88183E+03 -4.19369E+03  1.96885E+03  3.07720E-04  1.69917E-03  1.14958E-04
       4       5       5  3.45936E-03  3.75943E-03  3.45936E-05  2.92975E+00  3.85096E+00  2.08076E+00  6.80808E+01 -4.70922E+01 -7.07556E+00  3.18278E+04  3.51182E+04  3.13157E+04  6.31507E+03  5.90929E+02  1.08382E+03  5.55470E-04  2.96450E-03  2.39460E-04
       4       5       6  4.19086E-03  4.20121E-03  4.19086E-05  4.06157E+00  5.29625E+00  2.79468E+00  5.47993E+01 -3.56393E+01 -5.83828E+00  2.10654E+04  2.42814E+04  1.43566E+04  8.34239E+03  1.96254E+03  1.55001E+03  2.35400E-04  3.31869E-03  6.47113E-04
       4       5       7  5.07321E-03  2.97054E-03  5.07321E-05  6.62224E+00  8.74034E+00  4.63183E+00  1.26375E+02 -9.52315E+01  1.67241E+01  4.28365E+04  4.64689E+04  3.96662E+04  4.51021E+03  1.34966E+03  3.33508E+03  3.43088E-04  2.29646E-03  3.30994E-04
       4       5       8  5.43917E-03  5.46846E-03  5.43917E-05  1.00590E+01  1.32834E+01  6.98497E+00  8.18054E+01 -6.08508E+01  1.59860E+01  2.29352E+04  2.80532E+04  1.85274E+04  7.72820E+03  1.64579E+03  2.98096E+03  5.77173E-04  4.16402E-03  7.27263E-04
       4       5       9  8.42649E-03  7.24218E-03  8.42649E-05  1.41470E+01  1.84204E+01  9.53660E+00  4.53798E+01 -3.22854E+01  1.08173E+01  9.22452E+03  1.17296E+04  6.53032E+03  4.17365E+03  1.63522E+03  1.84062E+03  2.29661E-04  5.36124E-03  1.65128E-03
       4       5      10  9.28042E-03  5.66384E-03  9.28042E-05  4.31234E+01  5.64424E+01  2.91883E+01  2.25501E+01 -8.27097E+00  2.26338E+00  1.32958E+04  2.18055E+04  6.76803E+03  1.50189E+04  6.98120E+03  5.24176E+03  8.08728E-05  2.13563E-03  3.44734E-03
       4       6       1  3.97613E-03  4.24330E-03  3.97613E-05  3.42535E-01  4.45197E-01  7.53387E-02  1.14255E+02 -9.62091E+01 -1.01569E+01  3.93945E+04  3.60084E+04  3.12080E+04 -8.14806E+03  1.58197E+02 -4.65050E+01  1.35671E-04  3.43105E-03  6.76577E-04
       4       6       2  1.26130E-03  1.32364E-03  1.26130E-05  9.06223E-01  1.18859E+00  2.00831E-01 -3.49386E+01  2.65397E+01 -1.66767E+01  4.78542E+04  4.95995E+04  3.33744E+04  7.26707E+03 -1.72373E+03 -1.45601E+03  8.57967E-05  1.12729E-03  1.10554E-04
       4       6       3  2.06734E-03  2.04659E-03  2.06734E-05  1.34654E+00  1.75889E+00  2.92231E-01  3.10829E+01 -2.43724E+01 -7.71605E+00  2.39519E+04  2.87085E+04  1.73537E+04  7.61061E+03 -4.36533E+01 -3.38380E+02  5.41718E-05  1.73203E-03  2.60390E-04
       4       6       4  3.62075E-03  3.04192E-03  3.62075E-05  2.07529E+00  2.73191E+00  4.68049E-01  7.27737E+01 -5.34419E+01 -4.39287E+00  6.57100E+04  5.31668E+04  4.79920E+04 -2.56805E+04 -1.59842E+02  5.80657E+01  2.99200E-04  2.58787E-03  1.54846E-04
       4       6       5  4.15403E-03  4.78919E-03  4.15403E-05  3.16563E+00  4.16013E+00  7.09539E-01  4.70963E+01 -3.62227E+01 -9.71059E-01  3.68890E+04  3.57537E+04  2.12860E+04 -2.05381E+03  3.37981E+02  2.24805E+03  5.46294E-04  3.96384E-03  2.79055E-04
       4       6       6  5.42219E-03  5.87742E-03  5.42219E-05  4.28819E+00  5.57725E+00  9.25617E-01  4.23038E+01 -3.34820E+01 -6.75452E-01  2.21780E+04  2.18817E+04  1.15657E+04 -7.74448E+02  5.89542E+02  9.60111E+02  2.19507E-04  5.06668E-03  5.91241E-04
       4       6       7  7.55123E-03  5.75756E-03  7.55123E-05  7.20317E+00  9.42437E+00  1.65861E+00  1.88020E+02 -1.50429E+02  3.00328E+00  5.87479E+04  4.96538E+04  2.20238E+04 -2.00307E+04  8.27464E+02  6.78159E+02  3.10855E-04  4.98215E-03  4.64558E-04
       4       6       8  7.63397E-03  1.00120E-02  7.63397E-05  1.08546E+01  1.42416E+01  2.42722E+00  1.20226E+02 -9.42003E+01  3.33208E+00  3.06471E+04  2.98831E+04  1.08544E+04 -1.40441E+03  4.75644E+02  6.35709E+02  5.97560E-04  8.44175E-03  9.72736E-04
       4       6       9  1.11793E-02  1.16946E-02  1.11793E-04  1.48124E+01  1.92478E+01  3.35478E+00  6.95395E+01 -5.32305E+01  1.37063E+00  1.41132E+04  1.44769E+04  4.59896E+03  1.06491E+03  5.28381E+02  4.04221E+02  2.71221E-04  8.83621E-03  2.58713E-03
       4       6      10  1.71209E-02  1.88399E-02  1.71209E-04  4.10164E+01  5.32923E+01  8.67481E+00  1.23409E+02 -9.62451E+01 -9.66568E-02  3.14636E+04  2.64260E+04  1.70721E+03 -8.88942E+03  7.38044E+02  5.82183E+02  7.23085E-05  1.53779E-02  3.38969E-03
       5       1       1  4.20359E-04  4.11397E-04  4.20359E-06  3.60443E-02  8.73038E-02  5.12022E-01  3.03941E+00  3.73687E+01 -6.96112E+00  2.99261E+04  4.12595E+04  9.25880E+04  4.46685E+03  8.51529E+03  8.65641E+03  7.72270E-05  0.00000E+00  3.34170E-04
       5       1       2  1.20414E-04  1.02338E-04  1.20414E-06  1.00726E-01  2.59232E-01  1.47988E+00  6.62299E-01  7.99280E+01 -1.03551E+01  2.96459E+04  5.15648E+04  1.07399E+05  6.41372E+03  7.09689E+03  7.97221E+03  3.48554E-05  1.41990E-07  6.73407E-05
       5       1       3  2.08178E-04  1.92394E-04  2.08178E-06  1.63190E-01  4.26217E-01  2.21866E+00 -5.59761E+00  1.78606E+01 -1.60746E+00  1.77681E+04  2.84716E+04  3.51991E+04  6.26209E+03  4.63700E+03  5.21449E+02  3.48611E-05  0.00000E+00  1.57533E-04
       5       1       4  2.92673E-04  1.31556E-04  2.92673E-06  2.34141E-01  5.62289E-01  3.57602E+00  3.30565E+00  2.81771E+01 -9.52922E+00  3.07428E+04  6.66613E+04  5.17031E+04  6.59080E+03 -7.02089E+03  1.52451E+03  9.56915E-05  0.00000E+00  3.58647E-05
       5       1       5  2.68542E-04  2.43768E-04  2.68542E-06  3.42798E-01  8.26248E-01  5.18231E+00 -6.31367E-01  1.82643E+01  3.89455E+00  1.04544E+04  2.70863E+04  4.09938E+04 -2.75045E+03  1.51359E+03  2.39269E+03  1.64838E-04  0.00000E+00  7.89298E-05
       5       1       6  2.16811E-04  2.62349E-04  2.16811E-06  4.69706E-01  1.13157E+00  7.02952E+00  3.36659E+00  4.75682E+00 -7.61087E+00  3.48846E+03  8.43479E+03  2.22483E+04  1.75721E+03  2.92469E+03  1.08293E+03  8.02891E-05  0.00000E+00  1.82060E-04
       5       1       7  2.21063E-04  1.75470E-04  2.21063E-06  7.85937E-01  1.90159E+00  1.22039E+01  1.26691E+00 -6.75832E+01  1.83884E+01  1.59707E+04  4.85231E+04  4.51794E+04  2.15380E+02 -2.94974E+03  2.58348E+03  1.16602E-04  0.00000E+00  5.88674E-05
       5       1       8  3.69509E-04  3.48999E-04  3.69509E-06  1.20353E+00  2.84154E+00  1.77761E+01 -8.49270E-01 -4.19684E+01  1.70061E+01  7.37185E+03  2.19153E+04  2.94189E+04  8.52380E+02  7.25623E+02  6.71592E+02  2.30196E-04  0.00000E+00  1.18803E-04
       5       1       9  3.82567E-04  3.36979E-04  3.82567E-06  1.66832E+00  4.29381E+00  2.37893E+01  3.80808E-01 -2.09167E+01  8.53862E+00  2.64347E+03  7.83484E+03  1.31232E+04 -1.90049E+02  1.26111E+03  6.19196E+02  1.22391E-04  0.00000E+00  2.14588E-04
       5       1      10  1.71307E-04  1.47277E-04  1.71307E-06  5.06381E+00  1.30606E+01  7.27169E+01 -1.07504E+00 -2.04636E+01 -1.13991E+00  6.28043E+02  2.96802E+03  4.30163E+04  4.32949E+02  7.47509E+03  2.12390E+03  4.39055E-05  0.00000E+00  1.03372E-04
       5       2       1  1.26638E-03  1.32891E-03  1.26638E-05  9.10557E-02  2.23159E-01  5.33391E-01  4.95432E+01 -3.53345E-01 -1.51586E+01  3.33160E+04  3.81733E+04  5.90670E+04  1.45320E+03  5.61907E+03  4.36116E+03  1.35487E-04  4.86997E-04  7.06426E-04
       5       2       2  3.65974E-04  3.68335E-04  3.65974E-06  2.38294E-01  5.86806E-01  1.37103E+00  7.27889E+01  2.27507E+01 -2.59092E+01  2.95811E+04  4.47189E+04  7.01086E+04  3.73235E+03  5.55819E+03  4.21645E+03  8.13411E-05  1.53989E-04  1.33004E-04
       5       2       3  6.31223E-04  6.22004E-04  6.31223E-06  3.54507E-01  8.68872E-01  2.04705E+00  1.68103E+01 -1.77554E+00  7.54604E-02  6.17142E+03  1.71332E+04  3.33452E+04  6.01705E+03  9.19091E+03  3.71558E+03  6.75452E-05  2.02268E-04  3.52190E-04
       5       2       4  9.09325E-04  6.55956E-04  9.09325E-06  6.07449E-01  1.44992E+00  3.30919E+00  1.07166E+02 -1.80551E+01 -7.40674E-01  6.83973E+04  4.87900E+04  4.45856E+04 -1.31663E+04 -2.41051E+03  4.51515E+03  2.00559E-04  3.55269E-04  1.00128E-04
       5       2       5  8.50933E-04  6.79111E-04  8.50933E-06  8.17085E-01  1.96838E+00  4.72237E+00  3.35213E+01  8.30845E+00 -1.78553E+00  2.10903E+04  3.12181E+04  3.56108E+04  9.72664E+02  1.53761E+03  2.74090E+03  3.62120E-04  1.70729E-04  1.46261E-04
       5       2       6  7.22518E-04  8.12120E-04  7.22518E-06  1.14631E+00  2.74058E+00  6.16045E+00  3.79156E+01 -2.58121E+00  4.34965E+00  1.46836E+04  1.01519E+04  1.89494E+04 -3.26138E+03  3.81718E+03  2.43055E+03  1.71720E-04  3.56030E-04  2.84369E-04
       5       2       7  7.13317E-04  7.22644E-04  7.13317E-06  2.02673E+00  4.84936E+00  1.11483E+01  1.18362E+02 -7.26298E+01  1.33287E+01  4.25667E+04  3.67003E+04  3.51634E+04 -8.14463E+03 -5.34946E+03  2.26405E+03  2.85366E-04  3.04183E-04  1.33095E-04
       5       2       8  1.17629E-03  1.22588E-03  1.17629E-05  2.91053E+00  7.09511E+00  1.64985E+01  6.31686E+01 -4.61299E+01  4.79146E+00  1.58674E+04  1.76949E+04  2.63393E+04 -2.44565E+03  1.28745E+03  2.20032E+03  4.58042E-04  4.37812E-04  3.30027E-04
       5       2       9  1.29934E-03  1.33802E-03  1.29934E-05  3.86730E+00  9.49261E+00  2.23562E+01  2.70766E+01 -1.78160E+01 -3.99531E-01  5.10624E+03  5.49775E+03  1.17164E+04 -2.63551E+02  1.78313E+03  1.09291E+03  1.95843E-04  3.43663E-04  7.98518E-04
       5       2      10  5.86857E-04  6.60012E-04  5.86857E-06  1.19964E+01  2.90824E+01  6.83988E+01  2.86426E+01 -2.16351E+01 -1.57251E+00  3.42938E+03  7.48467E+03  3.31507E+04  1.60173E+03  7.46542E+03  2.12542E+03  1.19141E-04  2.88647E-04  2.52224E-04
       5       3       1  2.11367E-03  2.08035E-03  2.11367E-05  1.32704E-01  3.23188E-01  4.73223E-01  8.72574E+01 -2.57275E+01 -1.74235E+01  3.64531E+04  3.33383E+04  4.29368E+04 -1.86089E+03  1.83484E+03  1.56427E+03  1.30695E-04  1.40051E-03  5.49145E-04
       5       3       2  6.22023E-04  6.20149E-04  6.22023E-06  3.42969E-01  8.25981E-01  1.20474E+00  8.55609E+01  1.50287E+00 -2.75815E+01  2.81320E+04  4.70157E+04  5.47270E+04  7.65345E+03  1.02906E+04  6.48977E+03  9.83528E-05  3.46460E-04  1.75336E-04
       5       3       3  1.06546E-03  1.01014E-03  1.06546E-05  5.10938E-01  1.24261E+00  1.80685E+00  3.71128E+01 -1.16225E+00  7.49532E-02  8.12044E+03  1.96393E+04  2.46307E+04  6.33535E+03  7.63682E+03  3.16253E+03  6.55362E-05  6.19438E-04  3.25170E-04
       5       3       4  1.60640E-03  8.26172E-04  1.60640E-05  8.03402E-01  1.91615E+00  2.72533E+00  1.22982E+02 -4.61247E+01 -5.97427E+00  7.10869E+04  6.30599E+04  5.84774E+04 -1.37127E+04 -7.10295E+02  4.92623E+03  2.15634E-04  4.37440E-04  1.73099E-04
       5       3       5  1.56563E-03  1.94119E-03  1.56563E-05  1.23647E+00  2.95645E+00  4.18700E+00  5.63557E+01 -1.26413E+01 -5.53640E+00  2.50271E+04  3.03484E+04  3.09339E+04  1.79956E+03  3.23829E+03  2.98746E+03  4.40771E-04  1.12518E-03  3.75243E-04
       5       3       6  1.46811E-03  1.43452E-03  1.46811E-05  1.62622E+00  3.91679E+00  5.77581E+00  2.28528E+01 -1.10747E+01 -6.92386E+00  8.19494E+03  1.39185E+04  2.27639E+04  1.24741E+03  5.95250E+03  3.12628E+03  1.73359E-04  4.14776E-04  8.46381E-04
       5       3       7  1.41609E-03  1.15998E-03  1.41609E-05  2.83362E+00  6.73382E+00  9.73121E+00  1.10878E+02 -6.11138E+01  1.59456E+01  3.16724E+04  3.76508E+04  4.72150E+04 -1.58464E+03 -2.60715E+03  3.41463E+03  3.18683E-04  6.45530E-04  1.95771E-04
       5       3       8  2.17784E-03  2.33632E-03  2.17784E-05  4.23867E+00  1.00604E+01  1.44941E+01  7.44513E+01 -3.56184E+01  1.34297E+01  1.46279E+04  2.03495E+04  2.53566E+04  4.27700E+02  1.47886E+03  2.26878E+03  6.08767E-04  1.28626E-03  4.41299E-04
       5       3       9  2.73385E-03  2.59589E-03  2.73385E-05  5.77289E+00  1.37081E+01  1.96212E+01  4.03701E+01 -1.71633E+01  2.48416E+00  5.24112E+03  6.96047E+03  9.41820E+03  4.47433E+02  1.41666E+03  8.02488E+02  2.36977E-04  1.42132E-03  9.37589E-04
       5       3      10  1.38430E-03  1.06034E-03  1.38430E-05  1.74009E+01  4.21941E+01  6.04864E+01  2.63430E+01 -1.79577E+01  6.60470E+00  4.10324E+03  1.36454E+04  2.54117E+04  4.05452E+03  8.79398E+03  2.85446E+03  1.53994E-04  4.90645E-04  4.15703E-04
       5       4       1  2.91625E-03  3.45734E-03  2.91625E-05  1.86805E-01  4.54137E-01  3.50383E-01  1.30501E+02 -5.38335E+01 -1.19644E+01  5.17101E+04  3.18895E+04  2.84657E+04 -1.07665E+04  1.89120E+02  4.41223E+02  1.15957E-04  2.93154E-03  4.09845E-04
       5       4       2  8.80823E-04  9.94442E-04  8.80823E-06  4.69824E-01  1.13100E+00  8.72497E-01 -9.08741E+00  2.68407E+01 -2.14168E+01  4.79564E+04  5.15339E+04  3.10361E+04  4.65734E+03  1.29968E+03  1.39956E+03  9.26361E-05  8.02298E-04  9.95074E-05
       5       4       3  1.48941E-03  1.59285E-03  1.48941E-05  6.78809E-01  1.64704E+00  1.28982E+00  9.13274E+00 -4.45605E+00 -4.46327E+00  2.47652E+04  2.28320E+04  1.65343E+04 -1.06387E+03  5.24130E+03  1.48134E+03  6.41572E-05  1.20272E-03  3.25971E-04
       5       4       4  2.37897E-03  1.82396E-03  2.37897E-05  1.06426E+00  2.57806E+00  2.05173E+00  1.63990E+02 -6.45336E+01 -3.68943E+00  9.22417E+04  5.43929E+04  3.51783E+04 -1.82217E+04 -2.29406E+03  1.93954E+03  2.13012E-04  1.45491E-03  1.56038E-04
       5       4       5  2.45767E-03  3.79524E-03  2.45767E-05  1.64617E+00  3.94698E+00  3.03532E+00  8.67103E+01 -2.98488E+01 -5.53476E+00  3.39600E+04  3.55274E+04  2.40103E+04  1.36767E+02  6.55622E+02  9.23545E+02  4.86650E-04  3.02422E-03  2.84377E-04
       5       4       6  2.62683E-03  3.27902E-03  2.62683E-05  2.28701E+00  5.53702E+00  4.09118E+00  6.05385E+01 -2.48018E+01  7.82355E-01  1.59188E+04  2.13731E+04  1.19086E+04  2.58040E+03  2.82765E+03  1.43114E+03  1.35561E-04  2.54643E-03  5.97029E-04
       5       4       7  2.69428E-03  2.81067E-03  2.69428E-05  3.77265E+00  9.07721E+00  6.97401E+00  1.83691E+02 -7.99096E+01  1.33384E+01  5.50653E+04  3.89183E+04  3.28833E+04 -8.94022E+03 -1.99313E+02  2.20615E+03  3.34666E-04  2.28773E-03  1.88279E-04
       5       4       8  3.49733E-03  4.98993E-03  3.49733E-05  5.67768E+00  1.36726E+01  1.04319E+01  1.09529E+02 -5.09221E+01  7.72049E+00  2.27809E+04  2.58349E+04  1.98401E+04  6.78854E+02  1.83234E+03  1.47008E+03  6.21555E-04  3.97219E-03  3.96191E-04
       5       4       9  5.09496E-03  6.32003E-03  5.09496E-05  7.70588E+00  1.87652E+01  1.43685E+01  6.20921E+01 -2.74575E+01  1.72976E+00  8.66606E+03  1.18842E+04  8.28603E+03  1.24100E+03  2.80451E+03  1.30493E+03  2.67780E-04  5.15943E-03  8.92815E-04
       5       4      10  3.54052E-03  5.35585E-03  3.54052E-05  2.24905E+01  5.75500E+01  4.38304E+01  2.54997E+01 -8.63935E+00  2.88114E+00  5.63357E+03  2.39767E+04  1.42619E+04  8.36619E+03  1.11394E+04  4.03960E+03  1.64564E-04  2.14470E-03  3.04658E-03
       5       5       1  3.57288E-03  3.41508E-03  3.57288E-05  2.01103E-01  4.89756E-01  2.23112E-01  1.23516E+02 -5.39033E+01 -1.20624E+01  4.52980E+04  3.11494E+04  3.56129E+04 -7.30757E+03 -4.09799E+02 -1.96661E+02  1.02965E-04  2.80585E-03  5.06267E-04
       5       5       2  1.10910E-03  1.05676E-03  1.10910E-05  5.31187E-01  1.28300E+00  5.87312E-01  2.12637E+00  8.74795E+00 -2.08353E+01  4.14635E+04  6.19737E+04  3.77716E+04  1.12498E+04 -1.76987E+03  2.31968E+02  9.26480E-05  8.31368E-04  1.32744E-04
       5       5       3  1.84590E-03  1.71001E-03  1.84590E-05  7.65029E-01  1.85856E+00  8.54699E-01  3.23088E+01 -1.82224E+01 -4.41437E+00  2.93135E+04  4.43551E+04  2.31804E+04  5.44705E+03  1.06532E+03  3.99847E+02  6.02101E-05  1.43247E-03  2.17334E-04
       5       5       4  3.11247E-03  2.01743E-03  3.11247E-05  1.20943E+00  2.93157E+00  1.34745E+00  1.16751E+02 -4.95628E+01 -5.56256E+00  5.72068E+04  5.68452E+04  5.72411E+04 -1.41371E+03 -2.01950E+03  9.98795E+02  2.32347E-04  1.66011E-03  1.24975E-04
       5       5       5  3.41805E-03  3.48278E-03  3.41805E-05  1.85732E+00  4.46400E+00  2.07862E+00  7.90292E+01 -3.11347E+01 -4.59679E+00  2.89572E+04  4.10249E+04  2.89463E+04  5.13226E+03  1.76475E+03  9.38641E+02  4.22747E-04  2.78836E-03  2.71672E-04
       5       5       6  4.13536E-03  4.11165E-03  4.13536E-05  2.55075E+00  6.18960E+00  2.81003E+00  6.00426E+01 -2.10310E+01  2.22964E+00  1.63376E+04  2.90317E+04  1.35537E+04  6.99654E+03  9.06720E+02  1.24153E+03  1.64718E-04  3.22756E-03  7.19371E-04
       5       5       7  4.96406E-03  2.85432E-03  4.96406E-05  4.21328E+00  1.01377E+01  4.66020E+00  1.45056E+02 -7.30293E+01  8.99277E+00  4.13798E+04  4.88508E+04  4.03571E+04  2.33826E+03 -1.00278E+03  1.26849E+03  3.27662E-04  2.26483E-03  2.61826E-04
       5       5       8  5.35554E-03  5.38628E-03  5.35554E-05  6.35562E+00  1.54299E+01  6.94757E+00  9.08386E+01 -4.30651E+01  3.94726E+00  1.89306E+04  3.16361E+04  1.90847E+04  5.16394E+03  1.29016E+03  9.78306E+02  6.77526E-04  4.04392E-03  6.64842E-04
       5       5       9  8.30686E-03  7.56222E-03  8.30686E-05  8.86909E+00  2.16925E+01  9.19266E+00  4.66722E+01 -2.06735E+01 -2.59388E+00  6.90728E+03  1.35256E+04  6.55023E+03  3.10230E+03  1.87260E+03  6.93378E+02  3.19915E-04  5.16921E-03  2.07310E-03
       5       5      10  8.94606E-03  5.50817E-03  8.94606E-05  2.71915E+01  6.42843E+01  2.97282E+01  2.00437E+01 -1.63154E+01  1.09112E-01  6.72352E+03  2.96659E+04  7.34845E+03  1.11970E+04  8.09445E+03  3.28409E+03  1.71286E-04  2.22669E-03  3.11020E-03
       5       6       1  3.95054E-03  4.42922E-03  3.95054E-05  2.15157E-01  5.26799E-01  7.66176E-02  1.31838E+02 -5.95265E+01 -5.84250E+00  4.10247E+04  3.25734E+04  3.09367E+04 -5.61246E+03  5.19202E+02  6.44434E+02  9.67918E-05  3.49210E-03  8.40322E-04
       5       6       2  1.24864E-03  1.32639E-03  1.24864E-05  5.68405E-01  1.38075E+00  2.01684E-01 -3.81322E+01  1.76666E+01 -2.30517E+01  4.29593E+04  5.85578E+04  3.19336E+04  7.98346E+03 -2.28260E+03 -5.60803E+02  9.66578E-05  1.12590E-03  1.03838E-04
       5       6       3  2.05483E-03  2.18707E-03  2.05483E-05  8.44634E-01  2.05348E+00  2.88480E-01  3.71553E+01 -1.56005E+01 -1.37368E+00  2.03952E+04  3.66779E+04  1.65816E+04  6.99712E+03 -2.39573E+03 -1.32210E+02  5.35715E-05  1.82799E-03  3.05507E-04
       5       6       4  3.58079E-03  3.06588E-03  3.58079E-05  1.31583E+00  3.18788E+00  4.63090E-01  8.27753E+01 -3.50138E+01 -3.67572E+00  7.74652E+04  4.71569E+04  4.38249E+04 -1.62758E+04  4.23256E+02  1.01521E+03  2.50043E-04  2.59246E-03  2.23377E-04
       5       6       5  4.09311E-03  4.61448E-03  4.09311E-05  1.98766E+00  4.81440E+00  7.03070E-01  5.51538E+01 -2.30629E+01 -5.21105E+00  3.89783E+04  4.06106E+04  1.84429E+04 -6.03913E+01  3.54181E+03  2.83103E+02  3.50978E-04  3.86209E-03  4.01411E-04
       5       6       6  5.33583E-03  6.30412E-03  5.33583E-05  2.68127E+00  6.50509E+00  9.41158E-01  4.86621E+01 -1.97019E+01  4.36305E-01  2.19152E+04  2.51058E+04  1.15694E+04  7.36393E+02  2.52403E+03  1.28170E+03  2.07805E-04  5.25895E-03  8.37359E-04
       5       6       7  7.34094E-03  6.09536E-03  7.34094E-05  4.48655E+00  1.09609E+01  1.70681E+00  2.11120E+02 -8.78302E+01  1.03207E+01  6.56387E+04  4.30354E+04  2.16922E+04 -1.27288E+04  2.30564E+03  1.35005E+03  3.58349E-04  4.95615E-03  7.80861E-04
       5       6       8  7.42921E-03  1.03704E-02  7.42921E-05  6.79286E+00  1.65369E+01  2.52975E+00  1.36174E+02 -5.52994E+01  4.43571E+00  3.01720E+04  3.10490E+04  1.00166E+04 -2.21563E+02  1.36182E+03  6.15886E+02  5.22752E-04  8.47983E-03  1.36786E-03
       5       6       9  1.09815E-02  1.25588E-02  1.09815E-04  9.16936E+00  2.25916E+01  3.64895E+00  7.67071E+01 -3.10893E+01  9.79965E-01  1.27747E+04  1.53446E+04  3.98109E+03  1.07846E+03  5.98073E+02  3.88542E+02  2.29758E-04  9.25947E-03  3.06957E-03
       5       6      10  1.63151E-02  1.95045E-02  1.63151E-04  2.54963E+01  6.26716E+01  8.64731E+00  1.39590E+02 -5.71021E+01  1.11157E+00  3.43136E+04  2.27911E+04  1.59460E+03 -6.04404E+03  7.15071E+02  3.15273E+02  1.73291E-04  1.52781E-02  4.05310E-03
       6       1       1  4.20311E-04  4.15370E-04  4.20311E-06  1.22349E-02  8.47410E-02  4.93297E-01 -8.53775E-01  3.25090E+01  2.91562E+00  2.91273E+04  4.74671E+04  1.10693E+05  3.30389E+03  1.73437E+04  4.85520E+03  6.90536E-05  0.00000E+00  3.46317E-04
       6       1       2  1.20397E-04  1.14980E-04  1.20397E-06  4.09968E-02  2.73504E-01  1.47829E+00  4.69929E+00  6.85418E+01 -6.66778E+00  2.00334E+04  3.61785E+04  1.00297E+05  5.27234E+03  1.83426E+04  1.14678E+03  3.56745E-05  2.48482E-07  7.90570E-05
       6       1       3  2.08156E-04  2.71192E-04  2.08156E-06  7.23160E-02  4.48021E-01  2.22101E+00  5.97642E+00  3.94004E-02 -1.38193E+01  1.42840E+04  2.12928E+04  3.61877E+04  2.45363E+03  4.41256E+03  1.57340E+03  2.73095E-05  0.00000E+00  2.43883E-04
       6       1       4  2.92623E-04  1.29317E-04  2.92623E-06  7.67694E-02  5.89090E-01  3.55577E+00  6.58409E-01  2.38477E+01  1.09370E+00  3.00216E+04  6.66940E+04  6.46431E+04  3.14452E+03 -3.19292E+03 -4.19050E+02  9.43807E-05  0.00000E+00  3.49368E-05
       6       1       5  2.68497E-04  2.11137E-04  2.68497E-06  1.13654E-01  8.53641E-01  5.21059E+00 -1.42141E+00  1.79814E+01  1.21109E+01  1.07477E+04  2.65076E+04  4.47884E+04 -1.45907E+03  2.65686E+03  5.31244E+02  1.41243E-04  0.00000E+00  6.98939E-05
       6       1       6  2.16768E-04  2.36105E-04  2.16768E-06  1.54297E-01  1.09671E+00  6.96605E+00  1.43727E+00  5.85751E+00  1.36410E+00  4.09323E+03  9.53432E+03  2.60722E+04  7.87569E+02  1.37898E+03  5.89953E+02  8.84819E-05  0.00000E+00  1.47623E-04
       6       1       7  2.21033E-04  1.60174E-04  2.21033E-06  2.96001E-01  2.06793E+00  1.21990E+01  7.27162E-01 -6.44318E+01  2.54270E+00  1.70129E+04  4.91910E+04  4.27401E+04  1.18567E+03 -2.33211E+03  7.20706E+02  1.10976E-04  0.00000E+00  4.91976E-05
       6       1       8  3.69462E-04  3.28896E-04  3.69462E-06  4.45714E-01  3.07915E+00  1.79710E+01  1.03999E-02 -4.07109E+01 -1.75897E+01  6.91352E+03  2.04107E+04  2.92068E+04  1.74785E+02  1.81499E+03  2.55440E+02  2.04075E-04  0.00000E+00  1.24822E-04
       6       1       9  3.82481E-04  4.18303E-04  3.82481E-06  6.71455E-01  3.99124E+00  2.44482E+01 -9.15077E-01 -1.31428E+01 -1.28583E+01  1.65036E+03  4.81651E+03  1.09827E+04 -1.93089E+02  8.31476E+02  3.60218E+02  9.56199E-05  0.00000E+00  3.22683E-04
       6       1      10  1.71271E-04  1.73599E-04  1.71271E-06  1.67426E+00  1.30341E+01  7.65292E+01 -8.98618E-01 -2.01007E+01 -1.63285E+01  3.68220E+02  2.30197E+03  3.63987E+04  6.44637E+01  5.90095E+03  3.99561E+02  4.35260E-05  0.00000E+00  1.30072E-04
       6       2       1  1.26568E-03  1.33948E-03  1.26568E-05  3.07588E-02  2.35454E-01  5.20044E-01  5.29476E+01  1.08023E+01 -1.53261E+01  3.31337E+04  3.87695E+04  6.08655E+04  1.11740E+03  6.38551E+03  2.52257E+03  1.15805E-04  5.40776E-04  6.82895E-04
       6       2       2  3.65722E-04  3.40776E-04  3.65722E-06  8.58728E-02  6.31386E-01  1.36607E+00  7.83061E+01  4.35626E+01 -2.11690E+01  3.27852E+04  4.49615E+04  6.15640E+04  1.33995E+03  7.41775E+03  1.42946E+03  6.76403E-05  1.58447E-04  1.14688E-04
       6       2       3  6.30897E-04  6.33931E-04  6.30897E-06  1.41911E-01  9.53714E-01  2.05171E+00  2.33702E+01  3.68058E+00 -8.40033E-01  3.39793E+03  1.75916E+04  2.61510E+04  2.59693E+03  7.69112E+03  1.06050E+03  5.65836E-05  2.75745E-04  3.01602E-04
       6       2       4  9.08553E-04  5.96370E-04  9.08553E-06  2.08943E-01  1.56979E+00  3.31542E+00  1.26221E+02 -7.03217E+00 -9.21357E+00  7.98258E+04  4.27105E+04  3.83982E+04 -7.14620E+03 -4.44481E+03  6.66136E+02  1.55335E-04  3.77209E-04  6.38260E-05
       6       2       5  8.50195E-04  6.43889E-04  8.50195E-06  2.84239E-01  2.14148E+00  4.71723E+00  3.94346E+01  1.12455E+01 -7.73491E+00  2.24861E+04  3.15674E+04  3.44156E+04  1.14880E+03 -2.67056E+02 -1.84721E+02  3.56549E-04  1.92061E-04  9.52785E-05
       6       2       6  7.21776E-04  7.87139E-04  7.21776E-06  3.67105E-01  2.94460E+00  6.18273E+00  4.54322E+01  5.45252E-01  1.74225E+00  1.73000E+04  7.88033E+03  2.15460E+04 -1.35086E+03  4.14129E+03  1.08593E+03  1.13388E-04  4.12232E-04  2.61519E-04
       6       2       7  7.12740E-04  6.77271E-04  7.12740E-06  6.81919E-01  5.20740E+00  1.11195E+01  1.40350E+02 -4.49605E+01  1.84396E+01  4.84905E+04  3.09256E+04  3.54172E+04 -3.42442E+03 -3.92785E+03  1.14400E+03  2.21577E-04  3.37842E-04  1.17852E-04
       6       2       8  1.17555E-03  1.17488E-03  1.17555E-05  1.01479E+00  7.63539E+00  1.63126E+01  7.87295E+01 -2.91064E+01  1.66802E+01  1.85438E+04  1.69538E+04  2.54592E+04 -1.02484E+03  1.42069E+03  8.75647E+02  4.09746E-04  5.04766E-04  2.60364E-04
       6       2       9  1.29783E-03  1.25914E-03  1.29783E-05  1.48697E+00  1.01409E+01  2.21879E+01  4.02284E+01 -1.07798E+01  1.26780E+01  6.24811E+03  5.48823E+03  1.10427E+04 -1.83234E+02  1.06167E+03  5.92761E+02  1.91135E-04  4.72202E-04  5.95803E-04
       6       2      10  5.86042E-04  5.89630E-04  5.86042E-06  4.32243E+00  3.16393E+01  6.84011E+01  3.66454E+01 -1.33534E+01  3.12808E+00  3.11258E+03  7.85740E+03  3.27282E+04  5.21968E+02  6.30540E+03  3.40442E+02  9.37192E-05  3.10723E-04  1.85188E-04
       6       3       1  2.11083E-03  1.94094E-03  2.11083E-05  4.53474E-02  3.42543E-01  4.67554E-01  9.74654E+01 -5.99482E+00 -1.30558E+01  3.75447E+04  3.35007E+04  4.14417E+04 -1.25521E+02  5.81355E+02  5.99327E+02  1.05364E-04  1.37897E-03  4.56605E-04
       6       3       2  6.20920E-04  5.74837E-04  6.20920E-06  1.26763E-01  8.93682E-01  1.20915E+00  9.55528E+01  1.44586E+01 -2.65938E+01  2.84060E+04  5.27291E+04  5.41514E+04  3.40468E+03  1.17980E+04  5.48461E+02  7.45635E-05  3.55582E-04  1.44691E-04
       6       3       3  1.06412E-03  8.94948E-04  1.06412E-05  1.91479E-01  1.33327E+00  1.80210E+00  3.59784E+01  4.50123E+00 -3.79154E+00  5.15415E+03  1.95654E+04  2.67995E+04  2.40987E+03  9.07363E+03  6.29758E+02  5.38223E-05  5.73865E-04  2.67261E-04
       6       3       4  1.60297E-03  7.71263E-04  1.60297E-05  2.69157E-01  2.06027E+00  2.70932E+00  1.46547E+02 -1.65759E+01 -7.80357E+00  8.43803E+04  5.33198E+04  5.65358E+04 -7.75828E+03  2.40230E+03  2.02487E+03  1.83846E-04  4.27695E-04  1.59722E-04
       6       3       5  1.56197E-03  1.76634E-03  1.56197E-05  4.28048E-01  3.17791E+00  4.20796E+00  6.03181E+01 -3.47964E+00 -5.60428E+00  2.49273E+04  3.01110E+04  2.79506E+04 -7.93557E+01  3.91478E+03  1.18312E+03  3.57205E-04  1.10706E-03  3.02072E-04
       6       3       6  1.46406E-03  1.11807E-03  1.46406E-05  5.83987E-01  4.15343E+00  5.77970E+00  2.30299E+01 -8.55240E-01 -7.05426E+00  7.54506E+03  1.34544E+04  2.05591E+04  5.80897E+02  5.78272E+03  9.64712E+02  1.33051E-04  3.19531E-04  6.65485E-04
       6       3       7  1.41214E-03  9.28532E-04  1.41214E-05  9.83419E-01  7.26180E+00  9.76559E+00  1.34934E+02 -3.85117E+01  1.91952E+01  3.63387E+04  3.58938E+04  4.43615E+04 -1.44055E+03 -4.11268E+03  7.91982E+02  2.46321E-04  5.72629E-04  1.09583E-04
       6       3       8  2.17422E-03  1.85395E-03  2.17422E-05  1.47537E+00  1.08113E+01  1.45406E+01  8.99333E+01 -2.35523E+01  5.97713E+00  1.62573E+04  1.98510E+04  2.42291E+04  6.22312E+01  4.22166E+02  3.71450E+02  4.50468E-04  1.16242E-03  2.41062E-04
       6       3       9  2.72546E-03  1.81970E-03  2.72546E-05  1.93521E+00  1.42862E+01  1.95885E+01  4.93037E+01 -1.26868E+01 -2.57944E+00  6.10497E+03  7.82786E+03  9.99535E+03 -4.77115E+01  1.06430E+03  8.02799E+01  2.00331E-04  1.08808E-03  5.31289E-04
       6       3      10  1.37724E-03  8.73149E-04  1.37724E-05  6.16961E+00  4.61640E+01  6.02291E+01  3.06760E+01 -1.35988E+01  4.10339E+00  2.42839E+03  1.53039E+04  2.44698E+04  1.49010E+03  8.22801E+03  8.83385E+02  1.12962E-04  4.68017E-04  2.92171E-04
       6       4       1  2.90952E-03  3.42681E-03  2.90952E-05  6.43474E-02  4.87367E-01  3.50411E-01  1.45676E+02 -1.66679E+01 -6.72503E+00  5.78701E+04  2.85295E+04  2.73703E+04 -3.04966E+03 -7.08228E+02  3.99810E+01  9.17310E-05  2.97791E-03  3.57168E-04
       6       4       2  8.77951E-04  9.77210E-04  8.77951E-06  1.65400E-01  1.21331E+00  8.73060E-01 -1.17673E+01  1.73302E+01 -1.97886E+01  4.53132E+04  5.41224E+04  2.89927E+04  2.05697E+03 -5.99864E+02 -1.13996E+02  7.90176E-05  8.13519E-04  8.46738E-05
       6       4       3  1.48620E-03  1.52555E-03  1.48620E-05  2.38244E-01  1.75937E+00  1.28962E+00  1.39639E+01 -3.70774E+00 -5.96719E+00  2.84148E+04  2.21043E+04  1.51638E+04 -1.19243E+03  3.00088E+03 -1.34368E+02  4.99383E-05  1.22870E-03  2.46913E-04
       6       4       4  2.36993E-03  1.72172E-03  2.36993E-05  3.62557E-01  2.77224E+00  2.05951E+00  1.79843E+02 -2.14651E+01 -5.14305E+00  1.00759E+05  4.47130E+04  3.32448E+04 -7.26863E+03 -3.59349E+03  1.46553E+02  1.94988E-04  1.42733E-03  9.93998E-05
       6       4       5  2.44659E-03  3.56403E-03  2.44659E-05  5.59843E-01  4.24315E+00  3.01753E+00  1.00040E+02 -9.65679E+00 -2.13556E+00  3.60536E+04  3.66655E+04  2.29312E+04 -1.17174E+01  9.83874E+02  5.58868E+02  2.94284E-04  3.04385E-03  2.25899E-04
       6       4       6  2.61321E-03  3.23058E-03  2.61321E-05  7.82718E-01  5.92552E+00  4.08479E+00  6.61688E+01 -8.34071E+00 -2.45370E+00  1.50769E+04  2.28895E+04  1.26544E+04  1.13865E+03  1.26461E+03  1.38666E+02  1.71119E-04  2.51936E-03  5.40107E-04
       6       4       7  2.67552E-03  2.68730E-03  2.67552E-05  1.27123E+00  9.73181E+00  6.96884E+00  2.06664E+02 -3.26045E+01  6.46373E+00  6.19584E+04  3.66082E+04  2.99938E+04 -3.60282E+03  6.70739E+01  2.18246E+02  2.47889E-04  2.27780E-03  1.61608E-04
       6       4       8  3.48433E-03  4.77474E-03  3.48433E-05  1.94229E+00  1.46640E+01  1.04597E+01  1.23731E+02 -2.17908E+01  5.21304E+00  2.34216E+04  2.60258E+04  1.84217E+04  1.26974E+02  1.08061E+03  3.89838E+02  4.72344E-04  3.99907E-03  3.03321E-04
       6       4       9  5.06627E-03  6.21619E-03  5.06627E-05  2.65666E+00  2.01976E+01  1.43286E+01  6.88708E+01 -1.15730E+01  2.26846E+00  8.43551E+03  1.23437E+04  7.93661E+03  5.55126E+02  2.63417E+03  4.96460E+02  1.79455E-04  5.35244E-03  6.84302E-04
       6       4      10  3.49734E-03  5.51784E-03  3.49734E-05  8.87855E+00  6.12327E+01  4.39271E+01  2.59265E+01 -1.07104E+01 -2.39779E+00  2.70818E+03  2.66698E+04  1.41850E+04  3.45188E+03  1.14548E+04  1.68065E+03  1.16593E-04  2.26879E-03  3.13246E-03
       6       5       1  3.56150E-03  3.22111E-03  3.56150E-05  6.94409E-02  5.22743E-01  2.23681E-01  1.41581E+02 -1.97375E+01 -9.05737E+00  5.06513E+04  2.64738E+04  3.62266E+04 -3.41303E+03  8.09286E+02 -1.69479E+02  8.26087E-05  2.81098E-03  3.27516E-04
       6       5       2  1.10381E-03  9.75859E-04  1.10381E-05  1.86090E-01  1.37787E+00  5.92205E-01  3.78668E+00  6.56748E+00 -2.19227E+01  3.82920E+04  6.49584E+04  3.68032E+04  3.68422E+03 -6.82836E+02 -7.43626E+01  7.12861E-05  8.25957E-04  7.86153E-05
       6       5       3  1.84038E-03  1.65267E-03  1.84038E-05  2.69610E-01  1.99889E+00  8.61395E-01  4.14357E+01 -1.95484E-01 -7.47898E-01  2.81558E+04  4.82684E+04  2.22903E+04  1.36524E+03  1.08471E+02  8.23252E+02  4.80436E-05  1.43243E-03  1.72193E-04
       6       5       4  3.09571E-03  1.97975E-03  3.09571E-05  4.13409E-01  3.15336E+00  1.35249E+00  1.33626E+02 -1.58277E+01 -1.94051E+00  6.10204E+04  5.90341E+04  5.48296E+04  6.75648E+02  1.04391E+03  2.16322E+03  1.84501E-04  1.68162E-03  1.13627E-04
       6       5       5  3.39465E-03  3.43340E-03  3.39465E-05  6.50221E-01  4.80212E+00  2.07192E+00  8.61001E+01 -6.63945E+00 -1.12490E+01  2.66011E+04  4.49727E+04  2.79829E+04  2.79703E+03  9.48408E+02 -2.56055E+03  3.10997E-04  2.88791E-03  2.34487E-04
       6       5       6  4.10380E-03  3.97130E-03  4.10380E-05  8.83695E-01  6.61049E+00  2.85057E+00  6.54391E+01 -6.79585E+00  7.87270E-01  1.41923E+04  3.20969E+04  1.34390E+04  2.31666E+03  4.47941E+03  1.20750E+03  1.44185E-04  3.26569E-03  5.61433E-04
       6       5       7  4.90261E-03  2.72226E-03  4.90261E-05  1.44305E+00  1.08959E+01  4.64562E+00  1.62318E+02 -1.85083E+01  1.21139E+01  4.12010E+04  5.26872E+04  3.82804E+04  1.65506E+03  6.58958E+03  1.00231E+03  2.49644E-04  2.23585E-03  2.36767E-04
       6       5       8  5.30898E-03  4.85584E-03  5.30898E-05  2.12640E+00  1.64733E+01  7.05048E+00  1.06793E+02 -1.19043E+01  8.72535E+00  1.81282E+04  3.58838E+04  1.87878E+04  2.37698E+03  3.87576E+03  6.42428E+02  3.82545E-04  4.04580E-03  4.27497E-04
       6       5       9  8.23880E-03  6.36046E-03  8.23880E-05  2.99790E+00  2.28295E+01  9.68362E+00  6.02854E+01 -7.00825E+00  3.11185E+00  6.75253E+03  1.76322E+04  7.54273E+03  1.40583E+03  3.44547E+03  5.59221E+02  1.68044E-04  5.29585E-03  8.96557E-04
       6       5      10  8.76002E-03  6.22274E-03  8.76002E-05  8.98700E+00  6.91446E+01  3.00856E+01  1.94996E+01  3.99629E+00  4.86354E+00  2.05283E+03  3.42632E+04  7.38173E+03  4.24383E+03  1.01519E+04  1.31069E+03  1.16593E-04  1.96548E-03  4.14066E-03
       6       6       1  3.93587E-03  3.93643E-03  3.93587E-05  7.51552E-02  5.59814E-01  7.58045E-02  1.61947E+02 -2.23349E+01 -7.97694E+00  4.91749E+04  2.98677E+04  3.29682E+04 -2.40000E+03 -3.81751E+02 -5.92473E+02  7.79746E-05  3.51416E-03  3.44301E-04
       6       6       2  1.24146E-03  1.23582E-03  1.24146E-05  1.97298E-01  1.48154E+00  2.01056E-01 -4.50048E+01  7.33855E+00 -1.47966E+01  4.14954E+04  5.30567E+04  2.92646E+04  1.67664E+03  1.14134E+03  6.83760E+02  6.76743E-05  1.10680E-03  6.13425E-05
       6       6       3  2.04766E-03  2.07803E-03  2.04766E-05  3.03029E-01  2.20009E+00  2.99448E-01  4.00594E+01 -5.45789E+00 -4.13308E+00  1.84031E+04  3.01332E+04  1.64811E+04  1.78285E+03 -3.87299E+02 -6.33602E+02  4.43550E-05  1.85248E-03  1.81199E-04
       6       6       4  3.55802E-03  2.86764E-03  3.55802E-05  4.51961E-01  3.42504E+00  4.77905E-01  9.70672E+01 -1.14846E+01 -1.74293E+00  8.98195E+04  3.34684E+04  4.14164E+04 -7.58706E+03  6.18113E+02  2.89883E+02  1.62872E-04  2.60186E-03  1.02908E-04
       6       6       5  4.05871E-03  4.37173E-03  4.05871E-05  6.86481E-01  5.16900E+00  7.09823E-01  6.14655E+01 -6.79809E+00 -2.90395E+00  4.05437E+04  3.37495E+04  1.83279E+04 -7.49753E+02 -9.55715E+02 -5.41796E+02  3.46718E-04  3.82931E-03  1.95701E-04
       6       6       6  5.28684E-03  5.67305E-03  5.28684E-05  9.15349E-01  6.96748E+00  9.28297E-01  5.61587E+01 -6.22586E+00 -1.02504E+00  2.34073E+04  1.93655E+04  1.06229E+04 -3.40645E+02 -4.84444E+02  1.09071E+02  1.08135E-04  5.18679E-03  3.78130E-04
       6       6       7  7.22305E-03  5.43347E-03  7.22305E-05  1.55288E+00  1.17971E+01  1.64745E+00  2.51791E+02 -3.65599E+01  3.30605E+00  7.80630E+04  3.27373E+04  2.06093E+04 -6.15439E+03  9.60262E+02  4.76857E+01  2.36339E-04  4.97948E-03  2.17645E-04
       6       6       8  7.31685E-03  9.40031E-03  7.31685E-05  2.36862E+00  1.77601E+01  2.40612E+00  1.60067E+02 -2.56652E+01  4.11152E+00  3.32250E+04  2.88885E+04  1.00889E+04 -8.72495E+02  7.54178E+02  2.19591E+02  4.47954E-04  8.53936E-03  4.12999E-04
       6       6       9  1.08698E-02  1.03641E-02  1.08698E-04  3.09163E+00  2.39174E+01  3.18310E+00  9.86440E+01 -1.42470E+01  4.43271E-01  1.48843E+04  1.71557E+04  4.52870E+03  2.24195E+02  1.02535E+03 -3.74324E+01  2.16906E-04  9.21060E-03  9.36618E-04
       6       6      10  1.58717E-02  2.04189E-02  1.58717E-04  8.79040E+00  6.74620E+01  9.19464E+00  1.43010E+02 -1.88459E+01  2.00173E-02  3.48822E+04  2.13072E+04  1.60940E+03 -1.86244E+03  1.34464E+03  1.12962E+02  1.14371E-04  1.53664E-02  4.93813E-03
