         152           4
       1  1.11872E-02  1.04311E-02 -4.90736E+01 -5.51457E+01  2.09680E+00  2.02760E+02  1.93500E+02  2.07980E+00  3.86792E-02  7.70000E-02  3.00000E-01  5.27852E-03  0.00000E+00  3.00000E-01
       2  5.70130E-03  5.48434E-03 -7.98100E+01 -7.20331E+01  2.11870E+00  2.03252E+02  1.73297E+02  2.29780E+00  1.12138E-01  1.00600E-01  3.00000E-01  1.94280E-03  0.00000E+00  3.00000E-01
       3  5.20937E-03  4.95011E-03 -8.01228E+01 -7.03214E+01  2.97040E+00  1.95228E+02  1.57694E+02  3.02370E+00  8.96642E-02  9.83000E-02  3.00000E-01  6.80422E-03  0.00000E+00  3.00000E-01
       4  3.63803E-03  3.34420E-03 -5.86854E+01 -5.93916E+01  2.64100E+00  1.97761E+02  1.79503E+02  2.60000E+00  2.36776E-02  8.30000E-02  3.00000E-01  1.91702E-02  0.00000E+00  3.00000E-01
       5  6.40447E-03  6.00149E-03 -4.38381E+01 -4.29252E+01  2.62700E+00  1.96048E+02  2.03949E+02  2.49860E+00  3.41417E-02  6.00000E-02  3.00000E-01  8.75127E-03  0.00000E+00  3.00000E-01
       6  1.84434E-03  1.93108E-03 -9.46089E+01 -7.66923E+01  4.18970E+00  1.72352E+02  1.53159E+02  4.23960E+00  1.80020E-01  1.07200E-01  3.00000E-01  4.86868E-02  0.00000E+00  3.00000E-01
       7  3.70911E-03  3.72212E-03 -7.47967E+01 -6.08558E+01  2.81680E+00  1.81462E+02  1.54194E+02  3.00380E+00  7.02607E-02  8.50000E-02  3.00000E-01  1.22762E-02  0.00000E+00  3.00000E-01
       8  3.71651E-03  3.36332E-03 -4.15995E+01 -4.55340E+01  2.66940E+00  1.86951E+02  1.84950E+02  2.80100E+00  1.37578E-03  6.36000E-02  3.00000E-01  4.20639E-02  0.00000E+00  3.00000E-01
       9  2.51829E-03  2.72908E-03 -8.93120E+01 -7.37064E+01  3.32630E+00  1.53088E+02  1.33986E+02  3.59880E+00  1.46233E-01  1.03000E-01  3.00000E-01  4.33568E-02  0.00000E+00  3.00000E-01
      10  3.56234E-03  3.46345E-03 -5.79322E+01 -5.00778E+01  3.24950E+00  1.82156E+02  1.67266E+02  3.32320E+00  4.64395E-02  7.00000E-02  3.00000E-01  2.47020E-02  0.00000E+00  3.00000E-01
      11  1.37642E-03  1.49051E-03 -9.50028E+01 -8.66754E+01  3.87500E+00  1.52360E+02  1.46387E+02  5.24270E+00  1.84449E-01  1.21100E-01  3.00000E-01  6.59447E-02  0.00000E+00  3.00000E-01
      12  1.30222E-02  1.21762E-02 -2.21036E+01 -2.61590E+01  1.95760E+00  1.84307E+02  2.01454E+02  1.89660E+00  1.39882E-02  3.65000E-02  3.00000E-01  1.81039E-02  0.00000E+00  3.00000E-01
      13  5.08673E-03  4.65227E-03 -2.95905E+01 -3.72943E+01  2.53240E+00  1.83543E+02  1.78601E+02  2.62510E+00 -7.60645E-05  5.21000E-02  3.00000E-01  4.07363E-02  0.00000E+00  3.00000E-01
      14  1.06445E-02  1.04746E-02 -3.10923E+01 -3.44990E+01  2.01780E+00  1.95855E+02  2.09083E+02  2.43910E+00  4.19576E-02  4.82000E-02  3.00000E-01 -2.30755E-02  0.00000E+00  3.00000E-01
      15  1.28514E-02  1.29326E-02 -1.70020E+01 -1.63027E+01  2.61890E+00  1.94526E+02  2.13903E+02  2.26050E+00  2.35222E-02  2.28000E-02  3.00000E-01 -3.59818E-02  0.00000E+00  3.00000E-01
      16  2.63649E-03  2.64451E-03 -3.59554E+01 -3.87077E+01  4.33610E+00  1.57303E+02  1.50981E+02  4.82940E+00  2.89165E-02  5.41000E-02  3.00000E-01  1.11224E-02  0.00000E+00  3.00000E-01
      17  9.87356E-03  9.12669E-03 -5.55152E+01 -6.05436E+01  3.43570E+00  1.61368E+02  1.25864E+02  3.59830E+00  2.97727E-02  8.46000E-02  3.00000E-01 -4.85414E-03  0.00000E+00  3.00000E-01
      18  1.53564E-03  1.44405E-03 -2.06474E+01 -1.97254E+01  4.73350E+00  1.82980E+02  1.58949E+02  4.61790E+00  1.91871E-02  2.76000E-02  3.00000E-01 -3.86773E-03  0.00000E+00  3.00000E-01
      19  4.11107E-03  3.78357E-03 -2.97770E+00  4.25290E+00  2.76540E+00  1.84032E+02  1.68387E+02  2.73010E+00 -1.71600E-03 -5.90000E-03  3.00000E-01  3.26712E-02  0.00000E+00  3.00000E-01
      20  4.09600E-03  4.03999E-03 -2.00717E+01 -1.64615E+01  3.52970E+00  1.53503E+02  1.43857E+02  3.54450E+00  2.48299E-02  2.30000E-02  3.00000E-01  5.41621E-03  0.00000E+00  3.00000E-01
      21  3.88766E-03  3.46539E-03  6.68245E-01  3.07820E+00  3.50300E+00  1.78524E+02  1.78698E+02  3.01190E+00  1.06981E-03 -4.30000E-03  3.00000E-01  6.09199E-02  0.00000E+00  3.00000E-01
      22  1.02351E-02  9.99658E-03  4.36133E-01  7.42610E+00  2.47200E+00  1.88721E+02  2.04616E+02  2.28450E+00  1.74155E-03 -1.04000E-02  3.00000E-01 -1.80441E-02  0.00000E+00  3.00000E-01
      23  2.09485E-03  2.12004E-03 -1.21730E+00  6.42000E-02  3.23530E+00  1.70914E+02  1.46307E+02  3.75370E+00 -4.69978E-03 -1.00000E-04  3.00000E-01 -1.65971E-02  0.00000E+00  3.00000E-01
      24  7.16826E-03  7.10053E-03 -3.12859E+01 -4.05902E+01  1.00825E+01  1.44550E+02  1.11405E+02  1.00086E+01  2.33996E-02  5.67000E-02  3.00000E-01  1.19294E-02  0.00000E+00  3.00000E-01
      25  7.36945E-03  6.68670E-03  9.49512E+00 -1.27600E-01  6.76040E+00  1.70260E+02  1.10589E+02  7.09400E+00  1.28982E-02  2.00000E-04  3.00000E-01 -1.74793E-02  0.00000E+00  3.00000E-01
      26  1.03624E-02  1.01175E-02 -6.75966E+01 -8.73687E+01  8.21170E+00  1.22115E+02  1.02161E+02  7.20870E+00  2.93394E-02  1.22100E-01  3.00000E-01  7.81251E-03  0.00000E+00  3.00000E-01
      27  3.33212E-03  3.16696E-03 -7.75528E+01 -8.97611E+01  4.07440E+00  1.43009E+02  1.22064E+02  4.59060E+00  3.67632E-02  1.25400E-01  3.00000E-01  3.42053E-02  0.00000E+00  3.00000E-01
      28  1.26100E-03  1.34658E-03 -9.57033E+01 -9.18239E+01  4.08350E+00  1.46161E+02  1.37606E+02  4.08200E+00  1.85429E-01  1.28300E-01  3.00000E-01  6.28856E-02  0.00000E+00  3.00000E-01
      29  1.56682E-03  1.74638E-03 -9.28797E+01 -8.53951E+01  3.61540E+00  1.66846E+02  1.51784E+02  3.88060E+00  2.24677E-01  1.19300E-01  3.00000E-01  4.66842E-02  0.00000E+00  3.00000E-01
      30  3.47699E-03  2.96356E-03 -8.50584E+01 -1.14358E+02  4.66580E+00  1.46551E+02  1.22178E+02  4.97350E+00  2.33643E-02  1.59800E-01  3.00000E-01  2.53638E-02  0.00000E+00  3.00000E-01
      31  1.92749E-03  2.05989E-03 -9.10520E+01 -8.14300E+01  3.54520E+00  1.81577E+02  1.60441E+02  3.61190E+00  1.99997E-01  1.13800E-01  3.00000E-01  2.51887E-02  0.00000E+00  3.00000E-01
      32  1.03445E-02  9.77558E-03 -1.22461E+02 -1.32051E+02  4.99940E+00  1.55940E+02  1.03527E+02  5.06440E+00  8.66694E-02  1.84500E-01  3.00000E-01 -3.01603E-02  0.00000E+00  3.00000E-01
      33  6.48277E-03  5.16247E-03 -1.26340E+02 -1.24535E+02  3.79810E+00  1.71842E+02  1.22670E+02  4.11950E+00  4.21941E-02  1.74000E-01  3.00000E-01 -6.43786E-02  0.00000E+00  3.00000E-01
      34  3.29359E-03  3.11186E-03 -8.82603E+01 -9.57580E+01  3.50070E+00  1.49193E+02  1.29370E+02  3.37900E+00  9.96505E-02  1.33800E-01  3.00000E-01  3.41651E-02  0.00000E+00  3.00000E-01
      35  1.26296E-02  1.17841E-02 -1.59934E+02 -1.52696E+02  3.72370E+00  1.47424E+02  9.98517E+01  3.80120E+00  7.95255E-02  2.13300E-01  3.00000E-01 -3.56647E-02  0.00000E+00  3.00000E-01
      36  1.32579E-03  1.46621E-03 -9.03548E+01 -9.03990E+01  3.94300E+00  1.55882E+02  1.43693E+02  3.89150E+00  2.13461E-01  1.26300E-01  3.00000E-01  4.84797E-02  0.00000E+00  3.00000E-01
      37  1.30718E-02  1.45729E-02 -9.91679E+01 -1.61801E+02  6.01230E+00  9.64190E+01  8.50652E+01  6.60920E+00  1.28329E-01  2.26100E-01  3.00000E-01  6.76398E-02  0.00000E+00  3.00000E-01
      38  5.20918E-03  4.19959E-03 -1.07747E+02 -1.11794E+02  2.99430E+00  1.64661E+02  1.19721E+02  3.35420E+00  9.82860E-03  1.56200E-01  3.00000E-01 -3.04406E-02  0.00000E+00  3.00000E-01
      39  2.72557E-03  2.98956E-03 -9.45768E+01 -9.52033E+01  3.35160E+00  1.54697E+02  1.44592E+02  3.36560E+00  2.15717E-01  1.33000E-01  3.00000E-01  6.40492E-02  0.00000E+00  3.00000E-01
      40  1.27365E-02  1.07036E-02 -4.76649E+01 -1.97637E+02  6.00790E+00  8.18610E+01  6.55906E+01  7.20350E+00 -2.06612E-01  2.76100E-01  3.00000E-01  8.67742E-03  0.00000E+00  3.00000E-01
      41  9.99181E-03  1.05666E-02 -1.14180E+02 -1.65616E+02  4.30430E+00  1.07992E+02  8.33342E+01  4.77530E+00  8.31270E-02  2.31400E-01  3.00000E-01  1.04997E-01  0.00000E+00  3.00000E-01
      42  6.42479E-03  5.69129E-03 -1.35269E+02 -1.25516E+02  3.53720E+00  1.59043E+02  1.04361E+02  3.94210E+00  8.44572E-02  1.75400E-01  3.00000E-01 -3.96363E-02  0.00000E+00  3.00000E-01
      43  1.35066E-02  1.64802E-02 -1.25426E+02 -2.00253E+02  4.68790E+00  7.98377E+01  7.05455E+01  6.39010E+00  1.86095E-01  2.79800E-01  3.00000E-01  1.00187E-01  0.00000E+00  3.00000E-01
      44  3.01335E-03  2.31185E-03 -9.65855E+01 -1.13573E+02  4.52250E+00  1.58754E+02  1.17822E+02  4.77830E+00 -1.03256E-02  1.58700E-01  3.00000E-01 -2.57064E-02  0.00000E+00  3.00000E-01
      45  1.25680E-03  1.35027E-03 -9.42044E+01 -9.20753E+01  3.96280E+00  1.46758E+02  1.46072E+02  3.57010E+00  1.92410E-01  1.28600E-01  3.00000E-01  6.33209E-02  0.00000E+00  3.00000E-01
      46  1.65095E-03  1.79429E-03 -9.46921E+01 -9.10898E+01  3.34400E+00  1.62584E+02  1.61695E+02  3.60620E+00  2.02686E-01  1.27300E-01  3.00000E-01  6.49213E-02  0.00000E+00  3.00000E-01
      47  3.33790E-03  3.07407E-03 -8.21759E+01 -9.81729E+01  3.58330E+00  1.42528E+02  1.21180E+02  4.10090E+00  3.20607E-02  1.37200E-01  3.00000E-01  3.09600E-02  0.00000E+00  3.00000E-01
      48  4.74556E-03  4.69678E-03 -8.58408E+01 -6.95816E+01  2.54100E+00  1.91734E+02  1.64613E+02  2.59370E+00  1.27584E-01  9.72000E-02  3.00000E-01  1.36359E-02  0.00000E+00  3.00000E-01
      49  1.23583E-03  1.34203E-03 -9.36659E+01 -8.82302E+01  3.46790E+00  1.46270E+02  1.57875E+02  3.15310E+00  1.69682E-01  1.23300E-01  3.00000E-01  6.70015E-02  0.00000E+00  3.00000E-01
      50  1.69448E-03  1.78327E-03 -9.27282E+01 -8.23289E+01  3.31840E+00  1.67704E+02  1.67328E+02  3.32990E+00  1.59235E-01  1.15000E-01  3.00000E-01  3.98405E-02  0.00000E+00  3.00000E-01
      51  8.72558E-03  9.05202E-03 -9.91643E+01 -1.07611E+02  5.32290E+00  1.36056E+02  9.51285E+01  5.75030E+00  6.66034E-02  1.50400E-01  3.00000E-01  7.25530E-03  0.00000E+00  3.00000E-01
      52  3.85081E-03  3.54822E-03 -6.51525E+01 -5.18417E+01  2.48570E+00  2.04917E+02  2.05582E+02  2.37090E+00  4.82620E-02  7.24000E-02  3.00000E-01  1.04256E-02  0.00000E+00  3.00000E-01
      53  1.14797E-03  1.27211E-03 -8.69905E+01 -7.95708E+01  3.64480E+00  1.49014E+02  1.44946E+02  4.05920E+00  1.40944E-01  1.11200E-01  3.00000E-01  3.80183E-02  0.00000E+00  3.00000E-01
      54  2.58632E-03  2.38703E-03 -8.36470E+01 -9.13735E+01  3.94420E+00  1.54598E+02  1.18040E+02  3.70890E+00  2.31426E-02  1.27700E-01  3.00000E-01 -5.24487E-03  0.00000E+00  3.00000E-01
      55  1.60547E-03  1.70008E-03 -8.41446E+01 -7.26749E+01  2.99110E+00  1.69674E+02  1.64762E+02  3.44310E+00  1.17634E-01  1.01500E-01  3.00000E-01  2.56399E-02  0.00000E+00  3.00000E-01
      56  2.41046E-03  2.29420E-03 -7.26198E+01 -6.05916E+01  2.90940E+00  1.95647E+02  1.76118E+02  3.11640E+00  5.83771E-02  8.47000E-02  3.00000E-01  2.24819E-03  0.00000E+00  3.00000E-01
      57  3.95646E-03  3.61713E-03 -5.12535E+01 -3.90104E+01  2.31750E+00  2.00405E+02  2.06014E+02  2.31160E+00  1.19650E-02  5.45000E-02  3.00000E-01  1.75092E-02  0.00000E+00  3.00000E-01
      58  7.33416E-03  6.93317E-03 -3.15006E+01 -3.44129E+01  2.42660E+00  1.93253E+02  2.06800E+02  2.04820E+00  2.11413E-02  4.81000E-02  3.00000E-01  3.46816E-03  0.00000E+00  3.00000E-01
      59  5.40770E-03  4.74953E-03 -6.76555E+01 -7.06768E+01  3.54790E+00  1.61866E+02  1.21332E+02  3.99690E+00  1.31962E-02  9.87000E-02  3.00000E-01 -1.89160E-02  0.00000E+00  3.00000E-01
      60  1.00899E-03  1.03144E-03 -6.79582E+01 -6.58570E+01  4.59500E+00  1.55143E+02  1.38512E+02  5.63270E+00  9.85498E-02  9.20000E-02  3.00000E-01  9.79640E-03  0.00000E+00  3.00000E-01
      61  1.40311E-03  1.45103E-03 -6.94397E+01 -5.91339E+01  3.37190E+00  1.70778E+02  1.71291E+02  3.71740E+00  7.84902E-02  8.26000E-02  3.00000E-01  1.98135E-02  0.00000E+00  3.00000E-01
      62  2.08762E-03  2.00471E-03 -5.62713E+01 -4.92578E+01  3.20750E+00  1.89894E+02  1.70370E+02  3.17090E+00  2.96288E-02  6.88000E-02  3.00000E-01  1.00808E-02  0.00000E+00  3.00000E-01
      63  1.29262E-02  1.29303E-02 -1.73075E+01 -1.66150E+01  2.31170E+00  1.95054E+02  2.14012E+02  2.27080E+00  2.58373E-02  2.32000E-02  3.00000E-01 -3.67566E-02  0.00000E+00  3.00000E-01
      64  3.36190E-03  3.03142E-03 -3.74100E+01 -3.48226E+01  3.01100E+00  1.90766E+02  1.92501E+02  3.20530E+00 -3.54947E-03  4.87000E-02  3.00000E-01  3.53261E-02  0.00000E+00  3.00000E-01
      65  3.24146E-03  3.23978E-03 -4.57603E+01 -4.67406E+01  4.32920E+00  1.56115E+02  1.29943E+02  4.18700E+00  4.50337E-02  6.53000E-02  3.00000E-01  4.09662E-03  0.00000E+00  3.00000E-01
      66  1.62288E-02  1.55714E-02 -6.48663E+00 -9.71960E+00  1.98640E+00  1.88388E+02  2.04650E+02  1.82760E+00  2.23989E-03  1.36000E-02  3.00000E-01 -4.82595E-03  0.00000E+00  3.00000E-01
      67  2.91442E-02  2.95837E-02  7.24503E+00  1.97364E+01  1.65850E+00  1.96539E+02  2.10271E+02  1.68840E+00 -1.04845E-02 -2.76000E-02  3.00000E-01 -4.55870E-02  0.00000E+00  3.00000E-01
      68  1.28766E-02  1.27202E-02 -5.39281E+01 -5.53930E+01  7.43740E+00  1.17028E+02  9.90821E+01  6.39610E+00  3.19944E-02  7.74000E-02  3.00000E-01  1.89164E-02  0.00000E+00  3.00000E-01
      69  1.64507E-03  1.60520E-03 -3.90539E+01 -3.85227E+01  2.88670E+00  1.82853E+02  1.74375E+02  3.53670E+00  2.74219E-02  5.38000E-02  3.00000E-01  1.28953E-02  0.00000E+00  3.00000E-01
      70  6.08167E-03  5.51389E-03  1.14746E+01  1.72862E+01  3.27700E+00  1.46156E+02  1.21636E+02  3.75850E+00  1.82702E-03 -2.42000E-02  3.00000E-01  4.16071E-02  0.00000E+00  3.00000E-01
      71  2.47359E-03  2.25765E-03 -2.07393E+01 -1.98976E+01  3.89570E+00  1.86988E+02  1.70702E+02  3.88190E+00 -5.38913E-04  2.78000E-02  3.00000E-01  3.11046E-02  0.00000E+00  3.00000E-01
      72  9.35559E-03  8.63561E-03  2.51353E+01  2.54342E+01  2.23560E+00  1.88281E+02  1.98916E+02  2.20800E+00  8.93706E-04 -3.55000E-02  3.00000E-01  2.56637E-02  0.00000E+00  3.00000E-01
      73  4.11866E-03  3.83300E-03  2.86348E+01  3.19210E+01  2.31940E+00  1.85321E+02  1.72709E+02  2.61440E+00 -7.20700E-03 -4.46000E-02  3.00000E-01  2.81153E-02  0.00000E+00  3.00000E-01
      74  3.88766E-03  3.48772E-03 -3.04465E+00 -3.07820E+00  3.50300E+00  1.78006E+02  1.78698E+02  3.01190E+00 -3.36547E-03  4.30000E-03  3.00000E-01  5.35876E-02  0.00000E+00  3.00000E-01
      75  5.42531E-03  5.00257E-03 -5.02996E+01 -3.44652E+01  5.16830E+00  1.67133E+02  1.07433E+02  5.64620E+00  1.05850E-02  4.82000E-02  3.00000E-01 -2.23548E-02  0.00000E+00  3.00000E-01
      76  1.28514E-02  1.28765E-02  1.62349E+01  1.63027E+01  2.61890E+00  1.94404E+02  2.13903E+02  2.26050E+00 -2.41863E-02 -2.28000E-02  3.00000E-01 -3.59419E-02  0.00000E+00  3.00000E-01
      77  1.33877E-02  1.30672E-02 -4.61815E+01 -1.55468E+02  5.77590E+00  6.91046E+01  6.82334E+01  7.73900E+00 -1.41005E-01  2.17200E-01  3.00000E-01  5.36485E-02  0.00000E+00  3.00000E-01
      78  9.13856E-03  5.80785E-03 -2.36220E+01 -2.14718E+02  6.11990E+00  3.67446E+01  5.66170E+01  9.13570E+00 -9.26288E-02  3.00000E-01  3.00000E-01  1.28993E-01  0.00000E+00  3.00000E-01
      79  1.46669E-03  1.47709E-03 -2.65969E+01 -2.66730E+01  4.69660E+00  1.52750E+02  1.32862E+02  5.12060E+00  2.70320E-02  3.73000E-02  3.00000E-01  7.39669E-03  0.00000E+00  3.00000E-01
      80  1.23028E-03  1.23553E-03 -1.67487E+01 -2.19635E+01  3.75400E+00  1.75072E+02  1.45756E+02  4.26770E+00  2.31987E-02  3.07000E-02  3.00000E-01 -2.43963E-03  0.00000E+00  3.00000E-01
      81  2.16485E-03  2.17013E-03 -1.20101E+01 -1.50469E+01  4.04570E+00  1.53170E+02  1.28562E+02  4.76240E+00  2.29005E-02  2.10000E-02  3.00000E-01  1.38221E-03  0.00000E+00  3.00000E-01
      82  1.71572E-03  1.61517E-03 -5.68280E+00 -1.69529E+01  4.11020E+00  1.82673E+02  1.64466E+02  4.08680E+00  4.73268E-03  2.37000E-02  3.00000E-01  1.23548E-02  0.00000E+00  3.00000E-01
      83  5.87670E-03  5.48346E-03  1.36901E+01  2.36044E+01  2.54170E+00  1.79482E+02  2.01731E+02  2.35250E+00 -2.88288E-03 -3.30000E-02  3.00000E-01  2.93366E-02  0.00000E+00  3.00000E-01
      84  2.39535E-03  2.15719E-03  1.21206E+01  6.25090E+00  3.73800E+00  1.83990E+02  1.71546E+02  3.66870E+00 -5.79435E-03 -8.70000E-03  3.00000E-01  3.70875E-02  0.00000E+00  3.00000E-01
      85  4.75211E-03  4.19728E-03 -1.62997E+01 -1.49436E+01  5.71080E+00  1.75534E+02  1.03941E+02  6.87710E+00 -8.25116E-03  2.09000E-02  3.00000E-01 -1.63344E-02  0.00000E+00  3.00000E-01
      86  1.18661E-03  1.18014E-03  5.61363E+00  5.89020E+00  3.99590E+00  1.76638E+02  1.53860E+02  4.59740E+00  1.55410E-03 -8.20000E-03  3.00000E-01 -9.39839E-03  0.00000E+00  3.00000E-01
      87  1.35500E-02  1.27633E-02  3.57141E+01  3.74109E+01  1.99580E+00  1.91460E+02  2.02812E+02  1.97070E+00 -2.63304E-02 -5.23000E-02  3.00000E-01  1.41956E-02  0.00000E+00  3.00000E-01
      88  3.18483E-03  2.86495E-03  2.52816E+01  3.76838E+01  3.34130E+00  1.80807E+02  1.85456E+02  3.54960E+00  4.03580E-03 -5.27000E-02  3.00000E-01  5.46750E-02  0.00000E+00  3.00000E-01
      89  1.06445E-02  1.04375E-02  3.23287E+01  3.44990E+01  2.01780E+00  1.95425E+02  2.09083E+02  2.43910E+00 -4.50137E-02 -4.82000E-02  3.00000E-01 -2.15656E-02  0.00000E+00  3.00000E-01
      90  1.53564E-03  1.48552E-03  2.08049E+01  1.97254E+01  4.73350E+00  1.81090E+02  1.58949E+02  4.61790E+00 -1.65347E-02 -2.76000E-02  3.00000E-01  6.31261E-03  0.00000E+00  3.00000E-01
      91  7.33416E-03  6.98374E-03  3.18746E+01  3.44129E+01  2.42660E+00  1.95548E+02  2.06800E+02  2.04820E+00 -2.37632E-02 -4.81000E-02  3.00000E-01 -6.50903E-04  0.00000E+00  3.00000E-01
      92  1.52209E-03  1.54577E-03  7.08574E+00 -1.66190E+00  4.87370E+00  1.56146E+02  1.34958E+02  5.21500E+00 -6.34818E-03  2.30000E-03  3.00000E-01 -1.25716E-02  0.00000E+00  3.00000E-01
      93  3.71651E-03  3.36433E-03  4.32781E+01  4.55340E+01  2.66940E+00  1.90430E+02  1.84950E+02  2.80100E+00 -9.83280E-04 -6.36000E-02  3.00000E-01  3.29667E-02  0.00000E+00  3.00000E-01
      94  1.90190E-03  1.77564E-03  3.60772E+01  3.67685E+01  3.88200E+00  1.84174E+02  1.70325E+02  3.90010E+00 -1.02387E-02 -5.14000E-02  3.00000E-01  2.41469E-02  0.00000E+00  3.00000E-01
      95  3.04395E-03  2.71935E-03  1.10689E+01  4.09800E+00  6.29160E+00  1.48177E+02  1.28315E+02  5.83360E+00 -4.28405E-03 -5.70000E-03  3.00000E-01  3.81689E-02  0.00000E+00  3.00000E-01
      96  1.03871E-02  9.69892E-03  5.12646E+01  4.96517E+01  1.89490E+00  2.01531E+02  2.04868E+02  1.86230E+00 -4.20233E-02 -6.94000E-02  3.00000E-01  5.89566E-03  0.00000E+00  3.00000E-01
      97  1.03463E-03  1.06070E-03  2.59966E+01  2.43638E+01  5.29040E+00  1.63481E+02  1.54438E+02  5.63680E+00 -4.11486E-02 -3.40000E-02  3.00000E-01 -2.57244E-03  0.00000E+00  3.00000E-01
      98  1.23028E-03  1.22189E-03  1.88154E+01  2.19635E+01  3.75400E+00  1.71611E+02  1.45756E+02  4.26770E+00 -2.64326E-02 -3.07000E-02  3.00000E-01  1.73567E-04  0.00000E+00  3.00000E-01
      99  3.95646E-03  3.61221E-03  5.17047E+01  3.90104E+01  2.31750E+00  1.99963E+02  2.06014E+02  2.31160E+00 -1.33643E-02 -5.45000E-02  3.00000E-01  1.55969E-02  0.00000E+00  3.00000E-01
     100  3.63803E-03  3.32228E-03  5.96804E+01  5.93916E+01  2.64100E+00  1.99072E+02  1.79503E+02  2.60000E+00 -1.84294E-02 -8.30000E-02  3.00000E-01  1.82173E-02  0.00000E+00  3.00000E-01
     101  4.40999E-03  4.20977E-03  6.47805E+01  5.56762E+01  3.02470E+00  1.89646E+02  1.67626E+02  3.00050E+00 -3.92537E-02 -7.78000E-02  3.00000E-01  1.15335E-02  0.00000E+00  3.00000E-01
     102  4.65093E-03  4.29844E-03  5.82307E+01  6.41298E+01  3.00430E+00  2.04749E+02  1.84157E+02  2.87750E+00 -4.76468E-02 -8.96000E-02  3.00000E-01  1.11854E-02  0.00000E+00  3.00000E-01
     103  1.23156E-03  1.26629E-03  4.35948E+01  3.85853E+01  5.73760E+00  1.67137E+02  1.61140E+02  6.70480E+00 -4.76801E-02 -5.39000E-02  3.00000E-01  1.06998E-02  0.00000E+00  3.00000E-01
     104  9.85493E-03  9.54720E-03  1.18639E+01  2.30641E+01  9.59970E+00  1.39444E+02  1.07645E+02  9.74700E+00 -4.27439E-02 -3.22000E-02  3.00000E-01  2.08742E-02  0.00000E+00  3.00000E-01
     105  2.76917E-03  2.78817E-03  3.41508E+01  3.67031E+01  5.26070E+00  1.50767E+02  1.39582E+02  5.24910E+00 -3.22051E-02 -5.13000E-02  3.00000E-01  1.29654E-02  0.00000E+00  3.00000E-01
     106  2.08762E-03  1.99529E-03  5.41613E+01  4.92578E+01  3.20750E+00  1.91143E+02  1.70370E+02  3.17090E+00 -2.89729E-02 -6.88000E-02  3.00000E-01  6.82191E-03  0.00000E+00  3.00000E-01
     107  1.39072E-03  1.41982E-03  5.76352E+01  4.86514E+01  5.14740E+00  1.71484E+02  1.61512E+02  5.38590E+00 -6.98724E-02 -6.80000E-02  3.00000E-01  9.80321E-03  0.00000E+00  3.00000E-01
     108  5.58888E-03  5.33647E-03  7.98589E+01  7.60691E+01  2.84590E+00  1.99685E+02  1.68728E+02  3.07360E+00 -1.07111E-01 -1.06300E-01  3.00000E-01  2.67563E-03  0.00000E+00  3.00000E-01
     109  1.59959E-03  1.62236E-03  3.22607E+01  3.12237E+01  4.52500E+00  1.55843E+02  1.28783E+02  4.74540E+00 -3.67039E-02 -4.36000E-02  3.00000E-01 -5.91813E-03  0.00000E+00  3.00000E-01
     110  2.41046E-03  2.30980E-03  7.43671E+01  6.05916E+01  2.90940E+00  1.94097E+02  1.76118E+02  3.11640E+00 -5.37327E-02 -8.47000E-02  3.00000E-01  8.52777E-03  0.00000E+00  3.00000E-01
     111  3.22140E-03  3.02497E-03  7.47214E+01  6.87448E+01  2.57530E+00  2.06991E+02  1.75875E+02  2.77020E+00 -8.99088E-02 -9.60000E-02  3.00000E-01 -1.38955E-03  0.00000E+00  3.00000E-01
     112  2.65505E-03  2.67367E-03  5.08027E+01  5.27820E+01  4.76920E+00  1.57956E+02  1.32920E+02  4.55460E+00 -5.57320E-02 -7.37000E-02  3.00000E-01  4.56639E-03  0.00000E+00  3.00000E-01
     113  2.47299E-03  2.40789E-03  8.38384E+01  6.44952E+01  3.38250E+00  1.95775E+02  1.68797E+02  3.75640E+00 -9.83458E-02 -9.01000E-02  3.00000E-01  1.12384E-02  0.00000E+00  3.00000E-01
     114  1.47074E-03  1.54751E-03  7.67956E+01  6.09376E+01  3.68380E+00  1.69161E+02  1.44153E+02  4.23210E+00 -1.03116E-01 -8.51000E-02  3.00000E-01  1.84914E-02  0.00000E+00  3.00000E-01
     115  2.41210E-03  2.50899E-03  6.96380E+01  6.14871E+01  2.71850E+00  1.65148E+02  1.61346E+02  3.10260E+00 -9.09773E-02 -8.59000E-02  3.00000E-01  1.12462E-02  0.00000E+00  3.00000E-01
     116  4.85924E-03  4.72937E-03  5.04377E+01  2.17985E+01  7.38860E+00  1.65006E+02  1.05102E+02  7.90260E+00 -1.80021E-02 -3.05000E-02  3.00000E-01 -2.44185E-02  0.00000E+00  3.00000E-01
     117  2.10040E-03  2.07303E-03  8.74060E+01  6.88558E+01  4.02080E+00  1.82818E+02  1.48397E+02  3.99660E+00 -1.10198E-01 -9.62000E-02  3.00000E-01  2.11765E-02  0.00000E+00  3.00000E-01
     118  2.68487E-03  2.73925E-03  6.07582E+01  5.92784E+01  5.08820E+00  1.57333E+02  1.31205E+02  5.16520E+00 -7.95384E-02 -8.28000E-02  3.00000E-01  1.04756E-02  0.00000E+00  3.00000E-01
     119  1.60547E-03  1.70019E-03  8.50122E+01  7.26749E+01  2.99110E+00  1.70033E+02  1.64762E+02  3.44310E+00 -1.19050E-01 -1.01500E-01  3.00000E-01  2.73765E-02  0.00000E+00  3.00000E-01
     120  8.03854E-03  7.43727E-03  5.68253E+01  5.09015E+01  5.64670E+00  1.72792E+02  1.16348E+02  5.83170E+00 -2.21726E-02 -7.11000E-02  3.00000E-01 -4.16678E-02  0.00000E+00  3.00000E-01
     121  2.27257E-03  2.27473E-03  8.86938E+01  7.61701E+01  3.84970E+00  1.89879E+02  1.60800E+02  3.58570E+00 -1.51303E-01 -1.06400E-01  3.00000E-01  1.62325E-02  0.00000E+00  3.00000E-01
     122  2.83506E-03  3.06997E-03  9.61155E+01  8.27018E+01  3.09000E+00  1.56130E+02  1.44534E+02  3.77070E+00 -1.72032E-01 -1.15500E-01  3.00000E-01  5.37843E-02  0.00000E+00  3.00000E-01
     123  3.41115E-03  3.66576E-03  9.41212E+01  8.16806E+01  2.73720E+00  1.68015E+02  1.52411E+02  2.86250E+00 -1.99015E-01 -1.14100E-01  3.00000E-01  4.91224E-02  0.00000E+00  3.00000E-01
     124  2.93032E-03  3.15711E-03  9.37965E+01  8.51497E+01  2.39760E+00  1.57119E+02  1.62344E+02  2.28950E+00 -1.66249E-01 -1.19000E-01  3.00000E-01  6.00468E-02  0.00000E+00  3.00000E-01
     125  1.92749E-03  2.06325E-03  9.14985E+01  8.14300E+01  3.54520E+00  1.80888E+02  1.60441E+02  3.61190E+00 -2.05680E-01 -1.13800E-01  3.00000E-01  3.02701E-02  0.00000E+00  3.00000E-01
     126  1.65095E-03  1.79095E-03  9.63539E+01  9.10898E+01  3.34400E+00  1.63288E+02  1.61695E+02  3.60620E+00 -2.19217E-01 -1.27300E-01  3.00000E-01  6.12850E-02  0.00000E+00  3.00000E-01
     127  1.05965E-03  1.13498E-03  8.48963E+01  7.22056E+01  4.37510E+00  1.46356E+02  1.27268E+02  4.80780E+00 -1.26244E-01 -1.00900E-01  3.00000E-01  3.61406E-02  0.00000E+00  3.00000E-01
     128  1.14797E-03  1.24014E-03  8.57677E+01  7.95708E+01  3.64480E+00  1.50890E+02  1.44946E+02  4.05920E+00 -1.42183E-01 -1.11200E-01  3.00000E-01  3.78641E-02  0.00000E+00  3.00000E-01
     129  4.85228E-03  4.29965E-03  7.67964E+01  8.53516E+01  4.42960E+00  1.59668E+02  1.15338E+02  5.08700E+00 -9.50710E-03 -1.19300E-01  3.00000E-01 -5.79628E-03  0.00000E+00  3.00000E-01
     130  3.67954E-03  3.23415E-03  5.14887E+01  5.04692E+01  5.06090E+00  1.59107E+02  1.17951E+02  5.57950E+00  1.04283E-03 -7.05000E-02  3.00000E-01 -5.88376E-03  0.00000E+00  3.00000E-01
     131  2.72557E-03  2.93880E-03  9.40182E+01  9.52033E+01  3.35160E+00  1.56275E+02  1.44592E+02  3.36560E+00 -2.12311E-01 -1.33000E-01  3.00000E-01  6.00620E-02  0.00000E+00  3.00000E-01
     132  2.89686E-03  2.81769E-03  8.25881E+01  9.59976E+01  4.33880E+00  1.41857E+02  1.25222E+02  4.68940E+00 -7.46835E-02 -1.34100E-01  3.00000E-01  3.64177E-02  0.00000E+00  3.00000E-01
     133  6.10500E-03  5.75821E-03  9.82405E+01  8.64738E+01  4.31310E+00  1.65324E+02  1.08404E+02  4.79760E+00 -6.20842E-02 -1.20800E-01  3.00000E-01 -5.07539E-02  0.00000E+00  3.00000E-01
     134  1.26100E-03  1.35432E-03  9.20948E+01  9.18239E+01  4.08350E+00  1.49426E+02  1.37606E+02  4.08200E+00 -1.85824E-01 -1.28300E-01  3.00000E-01  5.79060E-02  0.00000E+00  3.00000E-01
     135  1.12874E-02  1.12914E-02  7.56717E+01  9.52826E+01  8.11970E+00  1.29255E+02  1.02093E+02  6.80250E+00 -3.09368E-02 -1.33100E-01  3.00000E-01 -1.44832E-03  0.00000E+00  3.00000E-01
     136  1.25680E-03  1.34402E-03  9.26930E+01  9.20753E+01  3.96280E+00  1.46960E+02  1.46072E+02  3.57010E+00 -1.93330E-01 -1.28600E-01  3.00000E-01  6.21643E-02  0.00000E+00  3.00000E-01
     137  2.45765E-03  2.57172E-03  9.25398E+01  9.12632E+01  3.29800E+00  1.51840E+02  1.39211E+02  3.28030E+00 -1.72894E-01 -1.27500E-01  3.00000E-01  4.61981E-02  0.00000E+00  3.00000E-01
     138  3.20993E-03  3.16795E-03  7.42397E+01  8.24222E+01  3.56590E+00  1.44420E+02  1.26230E+02  3.92700E+00 -4.92781E-02 -1.15200E-01  3.00000E-01  2.40374E-02  0.00000E+00  3.00000E-01
     139  3.14311E-03  2.64776E-03  8.32645E+01  9.89743E+01  3.80460E+00  1.56831E+02  1.11957E+02  3.76270E+00  1.72352E-02 -1.38300E-01  3.00000E-01 -9.99990E-03  0.00000E+00  3.00000E-01
     140  2.16173E-03  2.03055E-03  8.78312E+01  9.70276E+01  4.30390E+00  1.48351E+02  1.29884E+02  4.05950E+00 -8.74806E-02 -1.35600E-01  3.00000E-01  3.91599E-02  0.00000E+00  3.00000E-01
     141  2.81751E-03  2.46704E-03  8.34023E+01  1.05362E+02  4.43740E+00  1.45298E+02  1.25949E+02  4.98880E+00 -4.19323E-02 -1.47200E-01  3.00000E-01  3.13535E-02  0.00000E+00  3.00000E-01
     142  7.38167E-03  6.34528E-03  1.13764E+02  1.30449E+02  4.55590E+00  1.61022E+02  1.11069E+02  4.77790E+00 -4.66981E-02 -1.82300E-01  3.00000E-01 -4.45345E-02  0.00000E+00  3.00000E-01
     143  4.25213E-03  3.53287E-03  1.14597E+02  1.22448E+02  4.22050E+00  1.66370E+02  1.22967E+02  4.61680E+00 -3.05224E-02 -1.71100E-01  3.00000E-01 -4.37310E-02  0.00000E+00  3.00000E-01
     144  1.36557E-02  1.43811E-02  6.50372E+01  1.42943E+02  7.38560E+00  8.82124E+01  8.77775E+01  7.51160E+00  4.24569E-02 -1.99700E-01  3.00000E-01 -2.23415E-02  0.00000E+00  3.00000E-01
     145  9.71084E-04  8.09432E-04  8.67208E+01  1.05273E+02  4.89950E+00  1.50555E+02  1.22078E+02  5.21350E+00  8.09989E-03 -1.47100E-01  3.00000E-01  1.50651E-02  0.00000E+00  3.00000E-01
     146  5.73162E-03  4.80357E-03  1.24397E+02  1.17864E+02  3.54300E+00  1.61244E+02  1.11039E+02  3.97860E+00 -6.73852E-02 -1.64700E-01  3.00000E-01 -4.76640E-02  0.00000E+00  3.00000E-01
     147  2.53145E-03  1.95291E-03  1.17839E+02  1.16630E+02  4.58890E+00  1.67588E+02  1.15629E+02  5.27200E+00 -1.51921E-03 -1.63000E-01  3.00000E-01 -6.03641E-02  0.00000E+00  3.00000E-01
     148  7.57355E-03  6.66332E-03  1.62358E+02  1.38060E+02  4.37150E+00  1.61930E+02  1.11025E+02  4.52190E+00 -9.95085E-02 -1.92900E-01  3.00000E-01 -6.78944E-02  0.00000E+00  3.00000E-01
     149  1.86381E-02  2.05556E-02  1.04377E+02  1.84203E+02  4.12540E+00  1.03993E+02  8.31491E+01  4.92460E+00 -8.42887E-02 -2.57400E-01  3.00000E-01  2.59399E-02  0.00000E+00  3.00000E-01
     150  1.36023E-02  1.29893E-02  1.41531E+02  1.49848E+02  3.14210E+00  1.43362E+02  9.61340E+01  3.36050E+00 -6.48794E-02 -2.09400E-01  3.00000E-01 -3.93552E-04  0.00000E+00  3.00000E-01
     151  1.70417E-02  1.80564E-02  8.76476E+01  1.40762E+02  4.94690E+00  1.02057E+02  8.62257E+01  5.18530E+00 -8.85687E-02 -1.96700E-01  3.00000E-01  2.69423E-02  0.00000E+00  3.00000E-01
     152  2.83714E-02  2.48090E-02  7.76878E+01  2.05386E+02  3.59980E+00  9.67112E+01  6.31672E+01  4.93640E+00  1.51321E-02 -2.87000E-01  3.00000E-01 -8.50477E-02  0.00000E+00  3.00000E-01
