
 error exit tests 

 3: QPB_solve exit status =     -3
 4: QPB_solve exit status =     -4
 5: QPB_solve exit status =     -5
17: QPB_solve exit status =    -17
18: QPB_solve exit status =    -18
19: QPB_solve exit status =    -19
23: QPB_solve exit status =    -23
 7: QPB_solve exit status =     -7

 basic tests of storage formats 

I1:     8 iterations. Optimal objective value =    4.0 status =      0
I2:     8 iterations. Optimal objective value =    4.0 status =      0
D1:    19 iterations. Optimal objective value =    5.4 status =      0
D2:    19 iterations. Optimal objective value =    5.4 status =      0
R1:    19 iterations. Optimal objective value =    5.4 status =      0
R2:    19 iterations. Optimal objective value =    5.4 status =      0
C1:    19 iterations. Optimal objective value =    5.4 status =      0
C2:    19 iterations. Optimal objective value =    5.4 status =      0

 basic tests of options 

 0:     5 iterations. Optimal objective value =    0.3 status =      0
 1:     5 iterations. Optimal objective value =    0.3 status =      0
 2:     5 iterations. Optimal objective value =    0.3 status =      0
 3:     5 iterations. Optimal objective value =    0.3 status =      0
 4:     5 iterations. Optimal objective value =    0.3 status =      0
 5:     5 iterations. Optimal objective value =    0.3 status =      0
 6:     5 iterations. Optimal objective value =    0.3 status =      0
 7:     5 iterations. Optimal objective value =    0.3 status =      0
 8:     5 iterations. Optimal objective value =    0.3 status =      0
 9:     5 iterations. Optimal objective value =    0.3 status =      0
10:     5 iterations. Optimal objective value =    0.3 status =      0
11:     5 iterations. Optimal objective value =    0.3 status =      0
12:     5 iterations. Optimal objective value =    0.3 status =      0
13:     5 iterations. Optimal objective value =    0.3 status =      0
14:     5 iterations. Optimal objective value =    0.3 status =      0
15:     5 iterations. Optimal objective value =    0.3 status =      0
16:     1 iterations. Optimal objective value =    0.3 status =      0
17:    -1 iterations. Optimal objective value =    0.3 status =      0

 full test of generic problems 

 1:    26 iterations. Optimal objective value = -137.7 status =      0
 2:    10 iterations. Optimal objective value =   44.3 status =      0
