        1121
     1   9.999999E-01   9.999999E-01   5.134255E-08
     2   4.180987E-04   4.602586E-04   4.180987E-06
     3   4.180700E-04   4.192061E-04   4.180700E-06
     4   4.180204E-04   4.285854E-04   4.180204E-06
     5   4.179631E-04   3.794485E-04   4.179631E-06
     6   4.179135E-04   5.138604E-04   4.179135E-06
     7   4.178849E-04   4.103229E-04   4.178849E-06
     8   1.263214E-03   1.169770E-03   1.263214E-05
     9   1.262795E-03   1.078741E-03   1.262795E-05
    10   1.262068E-03   1.084080E-03   1.262068E-05
    11   1.261230E-03   1.054002E-03   1.261230E-05
    12   1.260504E-03   1.323969E-03   1.260504E-05
    13   1.260086E-03   1.051659E-03   1.260086E-05
    14   2.119403E-03   2.222672E-03   2.119403E-05
    15   2.117686E-03   2.192504E-03   2.117686E-05
    16   2.114717E-03   2.224154E-03   2.114717E-05
    17   2.111297E-03   2.198846E-03   2.111297E-05
    18   2.108342E-03   2.204972E-03   2.108342E-05
    19   2.106640E-03   2.095583E-03   2.106640E-05
    20   2.942855E-03   3.240906E-03   2.942855E-05
    21   2.938748E-03   3.177188E-03   2.938748E-05
    22   2.931656E-03   3.251654E-03   2.931656E-05
    23   2.923498E-03   3.248937E-03   2.923498E-05
    24   2.916462E-03   3.453556E-03   2.916462E-05
    25   2.912412E-03   3.235987E-03   2.912412E-05
    26   3.626585E-03   3.397382E-03   3.626585E-05
    27   3.619576E-03   3.332142E-03   3.619576E-05
    28   3.607485E-03   3.386280E-03   3.607485E-05
    29   3.593598E-03   3.439154E-03   3.593598E-05
    30   3.581638E-03   3.626510E-03   3.581638E-05
    31   3.574760E-03   3.227256E-03   3.574760E-05
    32   4.023997E-03   4.132253E-03   4.023997E-05
    33   4.014921E-03   3.945971E-03   4.014921E-05
    34   3.999272E-03   4.300937E-03   3.999272E-05
    35   3.981315E-03   4.090346E-03   3.981315E-05
    36   3.965861E-03   4.278153E-03   3.965861E-05
    37   3.956980E-03   4.236361E-03   3.956980E-05
    38   1.194147E-04   9.570784E-05   1.194147E-06
    39   1.194049E-04   1.535107E-04   1.194049E-06
    40   1.193879E-04   1.195435E-04   1.193879E-06
    41   1.193683E-04   1.365433E-04   1.193683E-06
    42   1.193513E-04   1.518621E-04   1.193513E-06
    43   1.193415E-04   1.107513E-04   1.193415E-06
    44   3.642763E-04   2.380387E-04   3.642763E-06
    45   3.641250E-04   2.066697E-04   3.641250E-06
    46   3.638636E-04   3.575026E-04   3.638636E-06
    47   3.635623E-04   2.677730E-04   3.635623E-06
    48   3.633019E-04   2.092060E-04   3.633019E-06
    49   3.631518E-04   2.037392E-04   3.631518E-06
    50   6.236911E-04   5.634862E-04   6.236911E-06
    51   6.230163E-04   5.844851E-04   6.230163E-06
    52   6.218517E-04   6.327077E-04   6.218517E-06
    53   6.205138E-04   6.814323E-04   6.205138E-06
    54   6.193608E-04   5.973611E-04   6.193608E-06
    55   6.186976E-04   5.967283E-04   6.186976E-06
    56   8.921911E-04   9.686799E-04   8.921911E-06
    57   8.903951E-04   8.801750E-04   8.903951E-06
    58   8.873036E-04   9.428867E-04   8.873036E-06
    59   8.837641E-04   1.030787E-03   8.837641E-06
    60   8.807247E-04   1.034376E-03   8.807247E-06
    61   8.789808E-04   9.989437E-04   8.789808E-06
    62   1.135194E-03   1.091524E-03   1.135194E-05
    63   1.131814E-03   1.053898E-03   1.131814E-05
    64   1.126012E-03   1.236607E-03   1.126012E-05
    65   1.119390E-03   1.099699E-03   1.119390E-05
    66   1.113722E-03   1.113766E-03   1.113722E-05
    67   1.110477E-03   9.419027E-04   1.110477E-05
    68   1.286701E-03   1.260754E-03   1.286701E-05
    69   1.282062E-03   1.224999E-03   1.282062E-05
    70   1.274107E-03   1.366929E-03   1.274107E-05
    71   1.265047E-03   1.322630E-03   1.265047E-05
    72   1.257307E-03   1.330854E-03   1.257307E-05
    73   1.252883E-03   1.220836E-03   1.252883E-05
    74   2.062102E-04   1.373710E-04   2.062102E-06
    75   2.061971E-04   2.772268E-04   2.061971E-06
    76   2.061745E-04   2.087289E-04   2.061745E-06
    77   2.061484E-04   2.762645E-04   2.061484E-06
    78   2.061257E-04   2.907134E-04   2.061257E-06
    79   2.061127E-04   1.743662E-04   2.061127E-06
    80   6.269113E-04   5.992411E-04   6.269113E-06
    81   6.267187E-04   5.507485E-04   6.267187E-06
    82   6.263854E-04   5.236559E-04   6.263854E-06
    83   6.260008E-04   4.239674E-04   6.260008E-06
    84   6.256681E-04   4.133529E-04   6.256681E-06
    85   6.254761E-04   3.086260E-04   6.254761E-06
    86   1.063254E-03   1.137961E-03   1.063254E-05
    87   1.062459E-03   1.043582E-03   1.062459E-05
    88   1.061082E-03   1.135601E-03   1.061082E-05
    89   1.059497E-03   1.077411E-03   1.059497E-05
    90   1.058127E-03   1.171701E-03   1.058127E-05
    91   1.057337E-03   1.107455E-03   1.057337E-05
    92   1.495090E-03   1.547650E-03   1.495090E-05
    93   1.493160E-03   1.423951E-03   1.493160E-05
    94   1.489827E-03   1.540520E-03   1.489827E-05
    95   1.485993E-03   1.397184E-03   1.485993E-05
    96   1.482684E-03   1.477799E-03   1.482684E-05
    97   1.480780E-03   1.367842E-03   1.480780E-05
    98   1.863046E-03   1.892562E-03   1.863046E-05
    99   1.859704E-03   1.732275E-03   1.859704E-05
   100   1.853938E-03   1.839281E-03   1.853938E-05
   101   1.847316E-03   1.844717E-03   1.847316E-05
   102   1.841611E-03   1.815043E-03   1.841611E-05
   103   1.838330E-03   1.536439E-03   1.838330E-05
   104   2.080803E-03   2.175922E-03   2.080803E-05
   105   2.076431E-03   2.015163E-03   2.076431E-05
   106   2.068894E-03   2.328420E-03   2.068894E-05
   107   2.060245E-03   2.268727E-03   2.060245E-05
   108   2.052803E-03   2.134609E-03   2.052803E-05
   109   2.048525E-03   1.822668E-03   2.048525E-05
   110   2.898869E-04   1.609943E-04   2.898869E-06
   111   2.898575E-04   2.277828E-04   2.898575E-06
   112   2.898066E-04   1.758997E-04   2.898066E-06
   113   2.897478E-04   1.530745E-04   2.897478E-06
   114   2.896970E-04   1.313602E-04   2.896970E-06
   115   2.896676E-04   1.126121E-04   2.896676E-06
   116   9.045875E-04   1.599383E-04   9.045875E-06
   117   9.041303E-04   1.836554E-04   9.041303E-06
   118   9.033393E-04   5.378192E-04   9.033393E-06
   119   9.024276E-04   3.579904E-04   9.024276E-06
   120   9.016395E-04   4.047767E-04   9.016395E-06
   121   9.011851E-04   4.336243E-04   9.011851E-06
   122   1.611395E-03   1.086067E-03   1.611395E-05
   123   1.609334E-03   9.902538E-04   1.609334E-05
   124   1.605774E-03   1.246889E-03   1.605774E-05
   125   1.601681E-03   1.132664E-03   1.601681E-05
   126   1.598151E-03   9.752830E-04   1.598151E-05
   127   1.596118E-03   8.383028E-04   1.596118E-05
   128   2.412427E-03   1.566850E-03   2.412427E-05
   129   2.406911E-03   1.559472E-03   2.406911E-05
   130   2.397403E-03   1.756728E-03   2.397403E-05
   131   2.386499E-03   1.669100E-03   2.386499E-05
   132   2.377119E-03   1.580153E-03   2.377119E-05
   133   2.371730E-03   1.548733E-03   2.371730E-05
   134   3.189411E-03   1.792142E-03   3.189411E-05
   135   3.179033E-03   1.764851E-03   3.179033E-05
   136   3.161177E-03   2.081124E-03   3.161177E-05
   137   3.140744E-03   1.983266E-03   3.140744E-05
   138   3.123209E-03   1.951371E-03   3.123209E-05
   139   3.113153E-03   1.925690E-03   3.113153E-05
   140   3.693078E-03   3.009764E-03   3.693078E-05
   141   3.678857E-03   2.743097E-03   3.678857E-05
   142   3.654415E-03   3.195193E-03   3.654415E-05
   143   3.626485E-03   3.057023E-03   3.626485E-05
   144   3.602548E-03   3.139211E-03   3.602548E-05
   145   3.588834E-03   2.969654E-03   3.588834E-05
   146   2.652410E-04   3.318485E-04   2.652410E-06
   147   2.652150E-04   4.151660E-04   2.652150E-06
   148   2.651699E-04   3.202641E-04   2.651699E-06
   149   2.651178E-04   2.695072E-04   2.651178E-06
   150   2.650727E-04   2.377969E-04   2.650727E-06
   151   2.650467E-04   2.147275E-04   2.650467E-06
   152   8.441252E-04   2.661365E-04   8.441252E-06
   153   8.436908E-04   3.731182E-04   8.436908E-06
   154   8.429400E-04   1.019682E-03   8.429400E-06
   155   8.420753E-04   6.175002E-04   8.420753E-06
   156   8.413284E-04   5.195667E-04   8.413284E-06
   157   8.408980E-04   4.846689E-04   8.408980E-06
   158   1.567795E-03   1.485448E-03   1.567795E-05
   159   1.565585E-03   1.394915E-03   1.565585E-05
   160   1.561775E-03   1.989153E-03   1.561775E-05
   161   1.557403E-03   1.791292E-03   1.557403E-05
   162   1.553641E-03   1.628652E-03   1.553641E-05
   163   1.551479E-03   1.594234E-03   1.551479E-05
   164   2.496533E-03   2.774648E-03   2.496533E-05
   165   2.489642E-03   2.774051E-03   2.489642E-05
   166   2.477802E-03   3.333319E-03   2.477802E-05
   167   2.464281E-03   3.643024E-03   2.464281E-05
   168   2.452700E-03   3.675469E-03   2.452700E-05
   169   2.446068E-03   3.774062E-03   2.446068E-05
   170   3.527340E-03   3.511635E-03   3.527340E-05
   171   3.512369E-03   3.357216E-03   3.512369E-05
   172   3.486734E-03   3.822828E-03   3.486734E-05
   173   3.457591E-03   3.544097E-03   3.457591E-05
   174   3.432742E-03   3.520199E-03   3.432742E-05
   175   3.418558E-03   3.309202E-03   3.418558E-05
   176   4.269307E-03   4.775460E-03   4.269307E-05
   177   4.246914E-03   4.436783E-03   4.246914E-05
   178   4.208646E-03   4.939124E-03   4.208646E-05
   179   4.165263E-03   4.455028E-03   4.165263E-05
   180   4.128374E-03   4.162393E-03   4.128374E-05
   181   4.107359E-03   3.847599E-03   4.107359E-05
   182   2.132310E-04   2.384981E-04   2.132310E-06
   183   2.132066E-04   2.827085E-04   2.132066E-06
   184   2.131644E-04   2.546438E-04   2.131644E-06
   185   2.131157E-04   2.130749E-04   2.131157E-06
   186   2.130735E-04   2.362269E-04   2.130735E-06
   187   2.130492E-04   2.330260E-04   2.130492E-06
   188   7.142292E-04   5.816798E-04   7.142292E-06
   189   7.138007E-04   8.227851E-04   7.138007E-06
   190   7.130597E-04   1.021421E-03   7.130597E-06
   191   7.122058E-04   8.180945E-04   7.122058E-06
   192   7.114678E-04   7.510591E-04   7.114678E-06
   193   7.110423E-04   5.730089E-04   7.110423E-06
   194   1.467151E-03   1.866747E-03   1.467151E-05
   195   1.464774E-03   1.715320E-03   1.464774E-05
   196   1.460670E-03   1.786448E-03   1.460670E-05
   197   1.455954E-03   1.717238E-03   1.455954E-05
   198   1.451889E-03   1.658304E-03   1.451889E-05
   199   1.449551E-03   1.539418E-03   1.449551E-05
   200   2.666579E-03   3.677948E-03   2.666579E-05
   201   2.658386E-03   2.999448E-03   2.658386E-05
   202   2.644284E-03   3.204560E-03   2.644284E-05
   203   2.628138E-03   2.551267E-03   2.628138E-05
   204   2.614273E-03   2.910383E-03   2.614273E-05
   205   2.606318E-03   2.834967E-03   2.606318E-05
   206   4.266048E-03   4.648630E-03   4.266048E-05
   207   4.246621E-03   4.240681E-03   4.246621E-05
   208   4.213273E-03   4.305510E-03   4.213273E-05
   209   4.175234E-03   4.075955E-03   4.175234E-05
   210   4.142690E-03   4.075474E-03   4.142690E-05
   211   4.124066E-03   3.848353E-03   4.124066E-05
   212   5.561585E-03   6.235818E-03   5.561585E-05
   213   5.530979E-03   5.546329E-03   5.530979E-05
   214   5.478537E-03   6.517244E-03   5.478537E-05
   215   5.418864E-03   6.408251E-03   5.418864E-05
   216   5.367933E-03   6.646913E-03   5.367933E-05
   217   5.338839E-03   5.824763E-03   5.338839E-05
   218   2.173181E-04   2.188861E-04   2.173181E-06
   219   2.173009E-04   2.255335E-04   2.173009E-06
   220   2.172710E-04   2.124596E-04   2.172710E-06
   221   2.172365E-04   1.984014E-04   2.172365E-06
   222   2.172067E-04   1.700254E-04   2.172067E-06
   223   2.171895E-04   1.521752E-04   2.171895E-06
   224   7.041606E-04   3.193566E-04   7.041606E-06
   225   7.038258E-04   2.544855E-04   7.038258E-06
   226   7.032471E-04   5.698604E-04   7.032471E-06
   227   7.025808E-04   5.015777E-04   7.025808E-06
   228   7.020055E-04   4.266352E-04   7.020055E-06
   229   7.016740E-04   4.903338E-04   7.016740E-06
   230   1.415728E-03   1.186120E-03   1.415728E-05
   231   1.413371E-03   1.132007E-03   1.413371E-05
   232   1.409311E-03   1.396340E-03   1.409311E-05
   233   1.404659E-03   1.363212E-03   1.404659E-05
   234   1.400661E-03   1.233885E-03   1.400661E-05
   235   1.398366E-03   1.148076E-03   1.398366E-05
   236   2.768641E-03   2.246299E-03   2.768641E-05
   237   2.756979E-03   2.185198E-03   2.756979E-05
   238   2.736987E-03   2.597059E-03   2.736987E-05
   239   2.714225E-03   2.723407E-03   2.714225E-05
   240   2.694787E-03   2.596546E-03   2.694787E-05
   241   2.683680E-03   2.550889E-03   2.683680E-05
   242   5.288072E-03   3.200549E-03   5.288072E-05
   243   5.248424E-03   2.880325E-03   5.248424E-05
   244   5.180750E-03   3.178125E-03   5.180750E-05
   245   5.104157E-03   3.054280E-03   5.104157E-05
   246   5.039140E-03   2.961665E-03   5.039140E-05
   247   5.002148E-03   2.771161E-03   5.002148E-05
   248   8.013772E-03   5.992841E-03   8.013772E-05
   249   7.936041E-03   5.474709E-03   7.936041E-05
   250   7.803706E-03   6.019415E-03   7.803706E-05
   251   7.654451E-03   5.749504E-03   7.654451E-05
   252   7.528194E-03   6.076748E-03   7.528194E-05
   253   7.456543E-03   5.560170E-03   7.456543E-05
   254   3.637369E-04   3.943002E-04   3.637369E-06
   255   3.637100E-04   4.785624E-04   3.637100E-06
   256   3.636635E-04   4.437642E-04   3.636635E-06
   257   3.636098E-04   3.852292E-04   3.636098E-06
   258   3.635633E-04   3.166584E-04   3.635633E-06
   259   3.635365E-04   3.098569E-04   3.635365E-06
   260   1.161358E-03   7.308187E-04   1.161358E-05
   261   1.160931E-03   5.720197E-04   1.160931E-05
   262   1.160192E-03   1.146541E-03   1.160192E-05
   263   1.159339E-03   8.571207E-04   1.159339E-05
   264   1.158601E-03   6.504577E-04   1.158601E-05
   265   1.158175E-03   7.926027E-04   1.158175E-05
   266   2.163615E-03   2.256627E-03   2.163615E-05
   267   2.161506E-03   2.041339E-03   2.161506E-05
   268   2.157863E-03   2.851886E-03   2.157863E-05
   269   2.153672E-03   2.687446E-03   2.153672E-05
   270   2.150055E-03   2.585078E-03   2.150055E-05
   271   2.147973E-03   2.407960E-03   2.147973E-05
   272   3.521530E-03   4.223862E-03   3.521530E-05
   273   3.513520E-03   3.966163E-03   3.513520E-05
   274   3.499778E-03   4.722716E-03   3.499778E-05
   275   3.484115E-03   4.930346E-03   3.484115E-05
   276   3.470724E-03   4.730170E-03   3.470724E-05
   277   3.463065E-03   4.620450E-03   3.463065E-05
   278   5.586554E-03   6.104699E-03   5.586554E-05
   279   5.554643E-03   5.326240E-03   5.554643E-05
   280   5.500596E-03   6.108404E-03   5.500596E-05
   281   5.440051E-03   5.775431E-03   5.440051E-05
   282   5.389168E-03   5.789863E-03   5.389168E-05
   283   5.360423E-03   5.317713E-03   5.360423E-05
   284   8.118720E-03   1.036660E-02   8.118720E-05
   285   8.035999E-03   9.492765E-03   8.035999E-05
   286   7.897061E-03   1.044552E-02   7.897061E-05
   287   7.743192E-03   9.839095E-03   7.743192E-05
   288   7.615354E-03   1.050533E-02   7.615354E-05
   289   7.543742E-03   9.606615E-03   7.543742E-05
   290   3.779027E-04   4.581694E-04   3.779027E-06
   291   3.778540E-04   4.166302E-04   3.778540E-06
   292   3.777697E-04   5.671911E-04   3.777697E-06
   293   3.776724E-04   5.113202E-04   3.776724E-06
   294   3.775881E-04   3.823026E-04   3.775881E-06
   295   3.775395E-04   3.837009E-04   3.775395E-06
   296   1.290115E-03   1.646078E-03   1.290115E-05
   297   1.289245E-03   1.253641E-03   1.289245E-05
   298   1.287742E-03   1.405589E-03   1.287742E-05
   299   1.286010E-03   1.071589E-03   1.286010E-05
   300   1.284513E-03   8.068962E-04   1.284513E-05
   301   1.283650E-03   1.214185E-03   1.283650E-05
   302   2.744504E-03   2.833422E-03   2.744504E-05
   303   2.739592E-03   2.347193E-03   2.739592E-05
   304   2.731112E-03   3.220076E-03   2.731112E-05
   305   2.721365E-03   2.814889E-03   2.721365E-05
   306   2.712963E-03   3.079095E-03   2.712963E-05
   307   2.708128E-03   2.839731E-03   2.708128E-05
   308   5.194885E-03   5.931109E-03   5.194885E-05
   309   5.177742E-03   5.024835E-03   5.177742E-05
   310   5.148218E-03   5.935199E-03   5.148218E-05
   311   5.114387E-03   6.402718E-03   5.114387E-05
   312   5.085313E-03   5.992764E-03   5.085313E-05
   313   5.068622E-03   5.948725E-03   5.068622E-05
   314   8.608728E-03   9.623728E-03   8.608728E-05
   315   8.566960E-03   7.593230E-03   8.566960E-05
   316   8.495267E-03   9.775822E-03   8.495267E-05
   317   8.413489E-03   8.445443E-03   8.413489E-05
   318   8.343517E-03   9.293098E-03   8.343517E-05
   319   8.303472E-03   7.914514E-03   8.303472E-05
   320   1.153921E-02   1.365168E-02   1.153921E-04
   321   1.146742E-02   1.160634E-02   1.146742E-04
   322   1.134499E-02   1.355503E-02   1.134499E-04
   323   1.120648E-02   1.106283E-02   1.120648E-04
   324   1.108890E-02   1.335563E-02   1.108890E-04
   325   1.102197E-02   1.117311E-02   1.102197E-04
   326   1.704690E-04   1.844788E-04   1.704690E-06
   327   1.704484E-04   1.866692E-04   1.704484E-06
   328   1.704129E-04   1.657749E-04   1.704129E-06
   329   1.703718E-04   1.585766E-04   1.703718E-06
   330   1.703363E-04   1.453661E-04   1.703363E-06
   331   1.703158E-04   1.578794E-04   1.703158E-06
   332   5.872799E-04   4.516509E-04   5.872799E-06
   333   5.868029E-04   5.943538E-04   5.868029E-06
   334   5.859793E-04   7.543260E-04   5.859793E-06
   335   5.850324E-04   5.553664E-04   5.850324E-06
   336   5.842158E-04   5.315050E-04   5.842158E-06
   337   5.837459E-04   6.593481E-04   5.837459E-06
   338   1.414072E-03   1.430476E-03   1.414072E-05
   339   1.409788E-03   1.367379E-03   1.409788E-05
   340   1.402423E-03   1.696963E-03   1.402423E-05
   341   1.394005E-03   1.439268E-03   1.394005E-05
   342   1.386790E-03   1.604158E-03   1.386790E-05
   343   1.382655E-03   8.464570E-04   1.382655E-05
   344   3.777827E-03   4.275884E-03   3.777827E-05
   345   3.750155E-03   4.609874E-03   3.750155E-05
   346   3.702890E-03   4.670633E-03   3.702890E-05
   347   3.649340E-03   4.809850E-03   3.649340E-05
   348   3.603836E-03   4.612248E-03   3.603836E-05
   349   3.577926E-03   4.619087E-03   3.577926E-05
   350   1.010091E-02   6.207761E-03   1.010091E-04
   351   9.973308E-03   5.548923E-03   9.973308E-05
   352   9.757142E-03   6.225245E-03   9.757142E-05
   353   9.514939E-03   5.988907E-03   9.514939E-05
   354   9.311376E-03   5.990782E-03   9.311376E-05
   355   9.196388E-03   5.269409E-03   9.196388E-05
   356   1.924983E-02   2.259862E-02   1.924983E-04
   357   1.892803E-02   2.133028E-02   1.892803E-04
   358   1.838664E-02   2.102588E-02   1.838664E-04
   359   1.778569E-02   2.099983E-02   1.778569E-04
   360   1.728524E-02   2.087021E-02   1.728524E-04
   361   1.700442E-02   2.044644E-02   1.700442E-04
   362   1.118719E-02   1.047091E-02   2.237438E-04
   363   5.701304E-03   5.589843E-03   1.140261E-04
   364   5.209374E-03   5.057467E-03   1.041875E-04
   365   3.638031E-03   3.296631E-03   7.276062E-05
   366   6.404468E-03   5.955519E-03   1.280894E-04
   367   1.844336E-03   1.980306E-03   3.688672E-05
   368   3.709114E-03   3.686088E-03   7.418228E-05
   369   3.716510E-03   3.283294E-03   7.433019E-05
   370   2.518294E-03   2.797938E-03   5.036589E-05
   371   3.562341E-03   3.430419E-03   7.124682E-05
   372   1.376420E-03   1.539141E-03   2.752839E-05
   373   1.302225E-02   1.191891E-02   2.604449E-04
   374   5.086731E-03   4.531469E-03   1.017346E-04
   375   1.064447E-02   1.046471E-02   2.128894E-04
   376   1.285141E-02   1.270310E-02   2.570282E-04
   377   2.636488E-03   2.664495E-03   5.272977E-05
   378   9.873560E-03   9.261009E-03   1.974712E-04
   379   1.535640E-03   1.401926E-03   3.071280E-05
   380   4.111067E-03   3.562646E-03   8.222135E-05
   381   4.096004E-03   4.016019E-03   8.192007E-05
   382   3.887665E-03   3.372321E-03   7.775329E-05
   383   1.023513E-02   9.905964E-03   2.047025E-04
   384   2.094854E-03   1.992289E-03   4.189708E-05
   385   7.168263E-03   7.317607E-03   1.433653E-04
   386   7.369448E-03   6.798987E-03   1.473890E-04
   387   1.036245E-02   1.062774E-02   2.072489E-04
   388   3.332118E-03   3.295568E-03   6.664236E-05
   389   1.261001E-03   1.361811E-03   2.522003E-05
   390   1.566815E-03   1.765182E-03   3.133630E-05
   391   3.476988E-03   3.106509E-03   6.953975E-05
   392   1.927492E-03   2.138841E-03   3.854983E-05
   393   1.034455E-02   1.006689E-02   2.068910E-04
   394   6.482766E-03   5.154532E-03   1.296553E-04
   395   3.293591E-03   3.048115E-03   6.587182E-05
   396   1.262959E-02   1.183611E-02   2.525917E-04
   397   1.325792E-03   1.464692E-03   2.651585E-05
   398   1.307184E-02   1.492510E-02   2.614368E-04
   399   5.209182E-03   4.111735E-03   1.041836E-04
   400   2.725570E-03   3.007803E-03   5.451141E-05
   401   1.273646E-02   1.104464E-02   2.547293E-04
   402   9.991806E-03   1.085596E-02   1.998361E-04
   403   6.424793E-03   5.819256E-03   1.284959E-04
   404   1.350663E-02   1.629467E-02   2.701326E-04
   405   3.013352E-03   2.374352E-03   6.026705E-05
   406   1.256803E-03   1.362105E-03   2.513607E-05
   407   1.650949E-03   1.826734E-03   3.301898E-05
   408   3.337900E-03   3.132625E-03   6.675800E-05
   409   4.745555E-03   4.744154E-03   9.491110E-05
   410   1.235833E-03   1.397134E-03   2.471667E-05
   411   1.694483E-03   1.839110E-03   3.388966E-05
   412   8.725576E-03   9.501468E-03   1.745115E-04
   413   3.850813E-03   3.551515E-03   7.701626E-05
   414   1.147973E-03   1.279505E-03   2.295945E-05
   415   2.586320E-03   2.454890E-03   5.172641E-05
   416   1.605471E-03   1.711790E-03   3.210943E-05
   417   2.410463E-03   2.346901E-03   4.820925E-05
   418   3.956459E-03   3.607769E-03   7.912919E-05
   419   7.334161E-03   6.919852E-03   1.466832E-04
   420   5.407697E-03   4.935853E-03   1.081539E-04
   421   1.008986E-03   1.091233E-03   2.017972E-05
   422   1.403111E-03   1.469101E-03   2.806223E-05
   423   2.087620E-03   2.010838E-03   4.175239E-05
   424   1.292623E-02   1.282832E-02   2.585247E-04
   425   3.361898E-03   2.997435E-03   6.723796E-05
   426   3.241457E-03   3.317043E-03   6.482913E-05
   427   1.622882E-02   1.530805E-02   3.245764E-04
   428   2.914416E-02   2.931360E-02   5.828833E-04
   429   1.287656E-02   1.314557E-02   2.575312E-04
   430   1.645070E-03   1.520667E-03   3.290140E-05
   431   6.081675E-03   5.534478E-03   1.216335E-04
   432   2.473586E-03   2.161311E-03   4.947173E-05
   433   9.355594E-03   8.421913E-03   1.871119E-04
   434   4.118656E-03   3.718138E-03   8.237313E-05
   435   3.887665E-03   3.349729E-03   7.775329E-05
   436   5.425307E-03   4.953874E-03   1.085061E-04
   437   1.285141E-02   1.273438E-02   2.570282E-04
   438   1.338775E-02   1.269140E-02   2.677550E-04
   439   9.138559E-03   6.080325E-03   1.827712E-04
   440   1.466686E-03   1.464479E-03   2.933372E-05
   441   1.230281E-03   1.159372E-03   2.460562E-05
   442   2.164850E-03   2.134515E-03   4.329701E-05
   443   1.715720E-03   1.531303E-03   3.431440E-05
   444   5.876696E-03   5.322903E-03   1.175339E-04
   445   2.395348E-03   2.044848E-03   4.790695E-05
   446   4.752106E-03   4.213602E-03   9.504212E-05
   447   1.186613E-03   1.095994E-03   2.373226E-05
   448   1.355002E-02   1.265775E-02   2.710003E-04
   449   3.184835E-03   2.745893E-03   6.369669E-05
   450   1.064447E-02   1.041241E-02   2.128894E-04
   451   1.535640E-03   1.386991E-03   3.071280E-05
   452   7.334161E-03   6.873083E-03   1.466832E-04
   453   1.522091E-03   1.512231E-03   3.044183E-05
   454   3.716510E-03   3.297382E-03   7.433019E-05
   455   1.901896E-03   1.705170E-03   3.803792E-05
   456   3.043952E-03   2.781172E-03   6.087904E-05
   457   1.038707E-02   9.759630E-03   2.077415E-04
   458   1.034628E-03   1.024863E-03   2.069256E-05
   459   1.230281E-03   1.170439E-03   2.460562E-05
   460   3.956459E-03   3.610312E-03   7.912919E-05
   461   3.638031E-03   3.280506E-03   7.276062E-05
   462   4.409992E-03   4.197325E-03   8.819983E-05
   463   4.650930E-03   4.300018E-03   9.301859E-05
   464   1.231562E-03   1.225771E-03   2.463124E-05
   465   9.854930E-03   9.666987E-03   1.970986E-04
   466   2.769166E-03   2.847994E-03   5.538331E-05
   467   2.087620E-03   1.986947E-03   4.175239E-05
   468   1.390723E-03   1.390358E-03   2.781447E-05
   469   5.588879E-03   5.400205E-03   1.117776E-04
   470   1.599592E-03   1.623499E-03   3.199184E-05
   471   2.410463E-03   2.331881E-03   4.820925E-05
   472   3.221398E-03   3.060920E-03   6.442796E-05
   473   2.655052E-03   2.698739E-03   5.310104E-05
   474   2.472990E-03   2.443475E-03   4.945980E-05
   475   1.470740E-03   1.559354E-03   2.941479E-05
   476   2.412098E-03   2.526178E-03   4.824195E-05
   477   4.859244E-03   4.686152E-03   9.718487E-05
   478   2.100401E-03   2.101574E-03   4.200802E-05
   479   2.684868E-03   2.734531E-03   5.369737E-05
   480   1.605471E-03   1.739102E-03   3.210943E-05
   481   8.038542E-03   7.720144E-03   1.607708E-04
   482   2.272565E-03   2.338454E-03   4.545130E-05
   483   2.835062E-03   3.107790E-03   5.670125E-05
   484   3.411151E-03   3.770653E-03   6.822303E-05
   485   2.930316E-03   3.254147E-03   5.860633E-05
   486   1.927492E-03   2.122246E-03   3.854983E-05
   487   1.650949E-03   1.834857E-03   3.301898E-05
   488   1.059652E-03   1.172975E-03   2.119304E-05
   489   1.147973E-03   1.305700E-03   2.295945E-05
   490   4.852275E-03   4.493817E-03   9.704551E-05
   491   3.679540E-03   3.303754E-03   7.359079E-05
   492   2.725570E-03   2.984284E-03   5.451141E-05
   493   2.896860E-03   2.917130E-03   5.793720E-05
   494   6.104997E-03   6.139727E-03   1.220999E-04
   495   1.261001E-03   1.344034E-03   2.522003E-05
   496   1.128739E-02   1.181855E-02   2.257477E-04
   497   1.256803E-03   1.368813E-03   2.513607E-05
   498   2.457652E-03   2.550146E-03   4.915305E-05
   499   3.209930E-03   3.255333E-03   6.419859E-05
   500   3.143110E-03   2.758210E-03   6.286221E-05
   501   2.161731E-03   1.952280E-03   4.323462E-05
   502   2.817515E-03   2.496467E-03   5.635030E-05
   503   7.381667E-03   6.549053E-03   1.476333E-04
   504   4.252131E-03   3.516156E-03   8.504262E-05
   505   1.365569E-02   1.427639E-02   2.731138E-04
   506   9.710843E-04   7.634678E-04   1.942169E-05
   507   5.731622E-03   4.937249E-03   1.146324E-04
   508   2.531445E-03   1.861053E-03   5.062890E-05
   509   7.573552E-03   6.702309E-03   1.514710E-04
   510   1.863807E-02   2.090120E-02   3.727614E-04
   511   1.360232E-02   1.313795E-02   2.720463E-04
   512   1.704174E-02   1.866710E-02   3.408349E-04
   513   2.837137E-02   2.520842E-02   5.674274E-04
   514   0.000000E+00   1.694884E-04   8.571999E-05
   515   0.000000E+00  -2.241471E-04   4.928760E-05
   516   0.000000E+00  -3.003391E-04   6.938575E-05
   517   0.000000E+00  -4.411231E-05   3.784845E-05
   518   0.000000E+00  -9.217453E-06   5.833195E-05
   519   0.000000E+00  -1.612631E-04   3.567512E-05
   520   0.000000E+00  -2.504639E-04   4.791193E-05
   521   0.000000E+00   1.293998E-06   3.792972E-05
   522   0.000000E+00  -2.320101E-04   4.420725E-05
   523   0.000000E+00  -9.828376E-05   4.893610E-05
   524   0.000000E+00  -6.340665E-05   2.576351E-05
   525   0.000000E+00   1.864846E-04   8.947855E-05
   526   0.000000E+00   9.625175E-05   5.100023E-05
   527   0.000000E+00   1.099823E-04   7.263877E-05
   528   0.000000E+00   2.214740E-05   1.112597E-04
   529   0.000000E+00   1.077399E-05   5.354117E-05
   530   0.000000E+00   1.745518E-04   1.905779E-04
   531   0.000000E+00  -2.876286E-06   3.233695E-05
   532   0.000000E+00  -1.114870E-04   4.774072E-05
   533   0.000000E+00  -1.579640E-05   7.106440E-05
   534   0.000000E+00   3.622990E-06   5.388827E-05
   535   0.000000E+00  -2.369365E-04   8.743535E-05
   536   0.000000E+00   1.358566E-06   3.275580E-05
   537   0.000000E+00   7.133775E-04   4.587356E-04
   538   0.000000E+00   5.195743E-04   3.185521E-04
   539   0.000000E+00   9.561804E-04   5.889728E-04
   540   0.000000E+00   1.704159E-04   7.864687E-05
   541   0.000000E+00  -5.178273E-05   2.646036E-05
   542   0.000000E+00  -1.041096E-04   2.638962E-05
   543   0.000000E+00   4.147438E-04   9.389042E-05
   544   0.000000E+00  -1.471448E-04   3.011639E-05
   545   0.000000E+00   1.001679E-04   3.532326E-04
   546   0.000000E+00   6.831709E-05   1.419297E-04
   547   0.000000E+00  -2.122022E-05   6.301965E-05
   548   0.000000E+00   5.276297E-03   3.330377E-04
   549   0.000000E+00  -7.465455E-05   2.572478E-05
   550   0.000000E+00   5.655716E-03   6.532966E-04
   551   0.000000E+00   2.501744E-05   9.212542E-05
   552   0.000000E+00  -5.173146E-05   4.467353E-05
   553   0.000000E+00   6.109899E-03   8.249259E-04
   554   0.000000E+00   3.080726E-03   3.649289E-04
   555   0.000000E+00  -3.004530E-04   1.539804E-04
   556   0.000000E+00   8.302921E-03   6.346598E-04
   557   0.000000E+00   1.462208E-04   8.178753E-05
   558   0.000000E+00   5.975369E-08   2.410946E-05
   559   0.000000E+00  -2.045337E-05   2.414284E-05
   560   0.000000E+00   2.374195E-04   6.979279E-05
   561   0.000000E+00  -3.398946E-04   5.179795E-05
   562   0.000000E+00   8.897511E-06   1.919544E-05
   563   0.000000E+00  -8.100162E-05   2.376196E-05
   564   0.000000E+00   7.818062E-05   3.452366E-04
   565   0.000000E+00  -1.535053E-04   3.292312E-05
   566   0.000000E+00  -2.684273E-05   2.041193E-05
   567   0.000000E+00   8.683234E-05   6.110786E-05
   568   0.000000E+00  -7.659304E-05   2.060922E-05
   569   0.000000E+00  -1.456186E-04   2.815692E-05
   570   0.000000E+00  -1.674169E-04   3.147130E-05
   571   0.000000E+00   4.793808E-05   6.085316E-05
   572   0.000000E+00  -3.239021E-05   1.118133E-04
   573   0.000000E+00  -3.361572E-05   2.366837E-05
   574   0.000000E+00  -2.869287E-05   1.953068E-05
   575   0.000000E+00  -7.421662E-05   2.779137E-05
   576   0.000000E+00  -2.328968E-05   9.873027E-05
   577   0.000000E+00  -1.459194E-05   3.718324E-05
   578   0.000000E+00  -1.646266E-05   7.636247E-05
   579   0.000000E+00   1.925040E-04   1.113851E-04
   580   0.000000E+00  -1.364863E-03   1.625447E-04
   581   0.000000E+00  -6.057086E-04   6.834563E-04
   582   0.000000E+00   2.207241E-06   1.925692E-05
   583   0.000000E+00  -1.539547E-04   1.158571E-04
   584   0.000000E+00   3.728378E-06   3.991710E-05
   585   0.000000E+00  -3.708609E-05   7.434996E-05
   586   0.000000E+00  -6.731934E-05   3.911121E-05
   587   0.000000E+00   2.176608E-06   5.388827E-05
   588   0.000000E+00  -3.104499E-04   1.845522E-04
   589   0.000000E+00  -1.905730E-05   1.112597E-04
   590   0.000000E+00   5.488142E-03   8.013370E-04
   591   0.000000E+00   1.587136E-02   6.984900E-04
   592   0.000000E+00  -4.976375E-06   3.666105E-05
   593   0.000000E+00   2.596806E-05   2.240563E-05
   594   0.000000E+00   4.313940E-05   4.817192E-05
   595   0.000000E+00   5.984664E-05   3.031923E-05
   596   0.000000E+00  -1.988895E-04   5.235641E-05
   597   0.000000E+00   2.880725E-05   3.690730E-05
   598   0.000000E+00  -1.219248E-04   1.846210E-04
   599   0.000000E+00   3.093892E-07   2.179130E-05
   600   0.000000E+00  -6.375727E-05   9.428622E-05
   601   0.000000E+00  -1.341438E-04   4.057387E-05
   602   0.000000E+00  -1.263173E-04   7.263877E-05
   603   0.000000E+00   2.024192E-06   3.233695E-05
   604   0.000000E+00  -5.209891E-05   6.085316E-05
   605   0.000000E+00   5.849269E-05   3.886744E-05
   606   0.000000E+00  -1.417031E-05   3.792972E-05
   607   0.000000E+00  -8.578804E-06   3.065130E-05
   608   0.000000E+00   3.156958E-05   1.055374E-04
   609   0.000000E+00   5.976080E-05   6.793450E-05
   610   0.000000E+00   1.154788E-05   2.506130E-05
   611   0.000000E+00  -4.834612E-06   2.240563E-05
   612   0.000000E+00   1.617860E-04   3.147130E-05
   613   0.000000E+00   4.399842E-05   3.784845E-05
   614   0.000000E+00   1.673433E-04   5.626829E-05
   615   0.000000E+00  -6.562482E-05   5.365125E-05
   616   0.000000E+00   1.728632E-05   3.100760E-05
   617   0.000000E+00  -1.157227E-03   6.214445E-04
   618   0.000000E+00  -6.556253E-05   7.379859E-05
   619   0.000000E+00   6.244058E-05   2.779137E-05
   620   0.000000E+00   6.129820E-05   3.134071E-05
   621   0.000000E+00   1.758547E-04   6.665645E-05
   622   0.000000E+00   2.693075E-05   3.974242E-05
   623   0.000000E+00   1.291574E-04   2.815692E-05
   624   0.000000E+00   1.059322E-04   3.335440E-05
   625   0.000000E+00  -1.049409E-05   6.736173E-05
   626   0.000000E+00   2.131097E-04   3.504132E-05
   627   0.000000E+00   1.139990E-04   2.657622E-05
   628   0.000000E+00   5.659835E-05   2.873763E-05
   629   0.000000E+00   6.594127E-04   2.415488E-04
   630   0.000000E+00   1.876047E-04   4.024154E-05
   631   0.000000E+00   7.295023E-05   7.362440E-05
   632   0.000000E+00   7.025296E-05   2.060922E-05
   633   0.000000E+00   2.074590E-05   2.758659E-04
   634   0.000000E+00   1.774429E-04   3.847177E-05
   635   0.000000E+00   1.723778E-04   4.285841E-05
   636   0.000000E+00   2.743137E-04   4.331878E-05
   637   0.000000E+00   6.914527E-05   3.060131E-05
   638   0.000000E+00   1.389590E-04   3.011639E-05
   639   0.000000E+00   2.653571E-05   2.414284E-05
   640   0.000000E+00   1.065541E-04   2.575829E-05
   641   0.000000E+00   3.519670E-05   2.041193E-05
   642   0.000000E+00  -2.437543E-04   1.317718E-04
   643   0.000000E+00   4.242196E-05   1.116361E-04
   644   0.000000E+00   3.124495E-05   4.467353E-05
   645   0.000000E+00  -1.468307E-04   7.097436E-05
   646   0.000000E+00   3.997239E-04   1.717571E-04
   647   0.000000E+00   2.735741E-05   2.646036E-05
   648   0.000000E+00  -9.396721E-04   6.347788E-04
   649   0.000000E+00   6.511507E-06   2.410946E-05
   650   0.000000E+00   1.069713E-04   4.117016E-05
   651   0.000000E+00  -1.188635E-04   6.411905E-05
   652   0.000000E+00  -1.651985E-04   7.552702E-05
   653   0.000000E+00  -9.849658E-06   5.065160E-05
   654   0.000000E+00  -2.538675E-04   7.019159E-05
   655   0.000000E+00  -3.465215E-04   2.141020E-04
   656   0.000000E+00  -1.319659E-04   1.031970E-04
   657   0.000000E+00  -6.339891E-03   8.124586E-04
   658   0.000000E+00  -3.698306E-05   2.755854E-05
   659   0.000000E+00   1.750673E-04   1.293177E-04
   660   0.000000E+00  -1.612059E-05   7.103876E-05
   661   0.000000E+00   6.189478E-04   2.108601E-04
   662   0.000000E+00  -8.462577E-03   6.538745E-04
   663   0.000000E+00   5.250921E-03   3.143698E-04
   664   0.000000E+00  -5.621181E-03   6.913460E-04
   665   0.000000E+00   3.320794E-03   1.143279E-03
   666   0.000000E+00   3.998433E-04   8.502500E-05
   667   0.000000E+00   6.536614E-04   5.345402E-05
   668   0.000000E+00   7.170988E-04   7.063079E-05
   669   0.000000E+00   2.386395E-04   3.726087E-05
   670   0.000000E+00  -1.275213E-04   5.548086E-05
   671   0.000000E+00   2.120871E-04   3.610002E-05
   672   0.000000E+00   3.872355E-04   5.109268E-05
   673   0.000000E+00   7.322039E-05   3.979963E-05
   674   0.000000E+00   2.837559E-04   4.782883E-05
   675   0.000000E+00   1.591125E-04   5.004599E-05
   676   0.000000E+00   5.046099E-05   3.485687E-05
   677   0.000000E+00  -6.590173E-04   8.669034E-05
   678   0.000000E+00   8.321343E-05   5.286713E-05
   679   0.000000E+00  -5.076636E-04   8.780515E-05
   680   0.000000E+00  -9.883324E-04   9.603366E-05
   681   0.000000E+00   7.803911E-06   5.963232E-05
   682   0.000000E+00   1.403634E-03   1.995973E-04
   683   0.000000E+00   9.031993E-05   3.154722E-05
   684   0.000000E+00   1.835732E-04   4.713132E-05
   685   0.000000E+00   6.722923E-05   7.136238E-05
   686   0.000000E+00   2.082294E-05   4.633345E-05
   687   0.000000E+00  -5.344592E-04   8.080342E-05
   688   0.000000E+00   1.130704E-04   3.800434E-05
   689   0.000000E+00   1.165121E-03   4.553733E-04
   690   0.000000E+00   1.452260E-03   3.342714E-04
   691   0.000000E+00   1.511297E-03   5.170341E-04
   692   0.000000E+00   3.208410E-04   8.861092E-05
   693   0.000000E+00   6.605749E-05   2.645064E-05
   694   0.000000E+00   1.305657E-04   2.832537E-05
   695   0.000000E+00   3.586778E-04   1.000823E-04
   696   0.000000E+00   1.964192E-04   3.068300E-05
   697   0.000000E+00   2.339837E-03   3.578252E-04
   698   0.000000E+00   1.202717E-03   1.539400E-04
   699   0.000000E+00   2.588588E-04   6.082881E-05
   700   0.000000E+00   2.786366E-03   3.399691E-04
   701   0.000000E+00   7.666056E-05   2.538879E-05
   702   0.000000E+00   1.516162E-03   7.181558E-04
   703   0.000000E+00   7.839409E-04   1.031984E-04
   704   0.000000E+00   1.374868E-04   4.486014E-05
   705   0.000000E+00   2.902423E-03   9.890900E-04
   706   0.000000E+00   1.649505E-03   4.048614E-04
   707   0.000000E+00   1.445666E-03   1.716064E-04
   708   0.000000E+00   2.666893E-03   8.651080E-04
   709   0.000000E+00   4.658522E-04   8.641357E-05
   710   0.000000E+00  -6.955202E-06   2.172030E-05
   711   0.000000E+00   1.164981E-05   2.603586E-05
   712   0.000000E+00   2.777089E-04   7.987421E-05
   713   0.000000E+00   5.930850E-04   5.287223E-05
   714   0.000000E+00  -8.684952E-05   1.745297E-05
   715   0.000000E+00   6.640150E-06   2.384431E-05
   716   0.000000E+00   1.505055E-03   3.729572E-04
   717   0.000000E+00   5.876168E-05   3.140260E-05
   718   0.000000E+00   2.076974E-05   2.273269E-05
   719   0.000000E+00   3.904525E-04   5.746233E-05
   720   0.000000E+00   3.296085E-05   2.372358E-05
   721   0.000000E+00   1.889638E-04   3.016024E-05
   722   0.000000E+00  -2.107252E-05   3.139118E-05
   723   0.000000E+00  -2.567609E-04   5.136381E-05
   724   0.000000E+00   8.611141E-04   1.259637E-04
   725   0.000000E+00   7.169301E-05   2.901345E-05
   726   0.000000E+00  -8.757151E-06   2.153188E-05
   727   0.000000E+00   1.777607E-04   2.747425E-05
   728   0.000000E+00  -9.447823E-04   9.698348E-05
   729   0.000000E+00   1.406074E-05   3.958268E-05
   730   0.000000E+00   3.317119E-04   7.385422E-05
   731   0.000000E+00  -8.686788E-04   1.024805E-04
   732   0.000000E+00  -1.595284E-03   1.654751E-04
   733   0.000000E+00   1.346807E-03   5.877665E-04
   734   0.000000E+00   4.299080E-05   2.359301E-05
   735   0.000000E+00   3.975208E-04   1.328803E-04
   736   0.000000E+00   1.230036E-04   3.977570E-05
   737   0.000000E+00  -2.560594E-04   7.343206E-05
   738   0.000000E+00   1.547822E-04   4.408569E-05
   739   0.000000E+00   1.179392E-05   4.633345E-05
   740   0.000000E+00   1.199705E-03   2.016173E-04
   741   0.000000E+00  -9.601321E-04   9.603366E-05
   742   0.000000E+00   4.929628E-03   1.073694E-03
   743   0.000000E+00   1.203446E-03   1.042696E-03
   744   0.000000E+00   7.715545E-05   3.997074E-05
   745   0.000000E+00   1.000152E-04   2.547163E-05
   746   0.000000E+00   1.513586E-04   5.670562E-05
   747   0.000000E+00   8.543437E-05   3.014662E-05
   748   0.000000E+00  -3.841868E-04   4.845909E-05
   749   0.000000E+00   9.642007E-05   3.622306E-05
   750   0.000000E+00   1.061132E-03   2.223257E-04
   751   0.000000E+00   6.922356E-05   2.507152E-05
   752   0.000000E+00  -4.171057E-04   9.310043E-05
   753   0.000000E+00  -4.426504E-05   4.310329E-05
   754   0.000000E+00  -4.863619E-04   8.780515E-05
   755   0.000000E+00   8.926691E-05   3.154722E-05
   756   0.000000E+00  -2.925014E-04   5.136381E-05
   757   0.000000E+00   9.587621E-05   4.158928E-05
   758   0.000000E+00   5.879921E-05   3.979963E-05
   759   0.000000E+00   7.920354E-05   3.079421E-05
   760   0.000000E+00   1.311433E-04   9.785477E-05
   761   0.000000E+00   4.274265E-05   6.676575E-05
   762   0.000000E+00   1.194097E-05   2.670224E-05
   763   0.000000E+00   1.055688E-04   2.547163E-05
   764   0.000000E+00  -3.090061E-05   3.139118E-05
   765   0.000000E+00   2.454694E-04   3.726087E-05
   766   0.000000E+00   3.553237E-04   5.581810E-05
   767   0.000000E+00   3.460963E-04   5.138683E-05
   768   0.000000E+00   1.527151E-05   3.623462E-05
   769   0.000000E+00   1.357302E-03   6.309801E-04
   770   0.000000E+00   7.513920E-05   7.363586E-05
   771   0.000000E+00   1.540666E-04   2.747425E-05
   772   0.000000E+00   4.134712E-05   3.279285E-05
   773   0.000000E+00   6.249464E-04   7.198962E-05
   774   0.000000E+00   1.594456E-04   4.167816E-05
   775   0.000000E+00   1.896869E-04   3.016024E-05
   776   0.000000E+00   3.646561E-04   3.587868E-05
   777   0.000000E+00   2.756680E-04   6.433065E-05
   778   0.000000E+00   2.731535E-04   3.891477E-05
   779   0.000000E+00   1.596595E-04   3.053185E-05
   780   0.000000E+00   1.075136E-05   3.279801E-05
   781   0.000000E+00   1.180623E-03   2.583525E-04
   782   0.000000E+00   3.200466E-04   3.999934E-05
   783   0.000000E+00   2.814934E-04   7.473856E-05
   784   0.000000E+00   3.798686E-05   2.372358E-05
   785   0.000000E+00   1.886543E-03   2.849040E-04
   786   0.000000E+00   2.683891E-04   3.583350E-05
   787   0.000000E+00   1.720747E-04   5.229974E-05
   788   0.000000E+00   3.347681E-04   4.530177E-05
   789   0.000000E+00  -5.596085E-05   2.922159E-05
   790   0.000000E+00   1.860535E-04   3.068300E-05
   791   0.000000E+00   3.040600E-05   2.603586E-05
   792   0.000000E+00   1.228209E-04   2.830580E-05
   793   0.000000E+00   2.055275E-05   2.273269E-05
   794   0.000000E+00   8.808212E-04   1.513282E-04
   795   0.000000E+00   5.678022E-04   1.230757E-04
   796   0.000000E+00   1.159266E-04   4.486014E-05
   797   0.000000E+00   1.960748E-04   7.670949E-05
   798   0.000000E+00   1.531774E-03   1.910509E-04
   799   0.000000E+00   6.224152E-05   2.645064E-05
   800   0.000000E+00   1.909847E-03   5.318033E-04
   801   0.000000E+00  -1.593273E-05   2.172030E-05
   802   0.000000E+00   1.731707E-04   4.094920E-05
   803   0.000000E+00   2.553214E-04   7.061205E-05
   804   0.000000E+00   5.565170E-04   7.469525E-05
   805   0.000000E+00   1.548766E-04   4.777532E-05
   806   0.000000E+00   1.913751E-04   7.891373E-05
   807   0.000000E+00   1.570737E-03   2.245348E-04
   808   0.000000E+00   6.733076E-04   1.128870E-04
   809   0.000000E+00   3.130866E-03   8.263193E-04
   810   0.000000E+00   1.049047E-04   2.932472E-05
   811   0.000000E+00   1.171188E-03   1.452169E-04
   812   0.000000E+00   4.638722E-04   8.161353E-05
   813   0.000000E+00   1.816789E-03   2.181146E-04
   814   0.000000E+00   3.811472E-03   7.805474E-04
   815   0.000000E+00   2.707161E-03   3.362209E-04
   816   0.000000E+00   1.781834E-03   7.246632E-04
   817   0.000000E+00   6.303053E-03   1.567776E-03
   818   8.614137E-04   5.165042E-04   3.356157E-03
   819   5.735512E-04   6.093687E-04   1.710391E-03
   820   5.120814E-04   4.035738E-04   1.562812E-03
   821   3.019566E-04   9.815139E-05   1.091409E-03
   822   3.842681E-04   2.384096E-04   1.921340E-03
   823   1.977128E-04   3.580614E-04   5.533008E-04
   824   3.152747E-04   2.475849E-04   1.112734E-03
   825   2.363700E-04   3.338608E-05   1.114953E-03
   826   2.593843E-04   3.953741E-04   7.554883E-04
   827   2.493639E-04   1.318483E-04   1.068702E-03
   828   1.666844E-04   3.049482E-04   4.129259E-04
   829   4.753119E-04   1.686668E-04   3.906674E-03
   830   2.650187E-04   4.290391E-05   1.526019E-03
   831   5.130635E-04   4.667844E-04   3.193341E-03
   832   2.930122E-04   2.651402E-04   3.855424E-03
   833   1.426340E-04   1.297664E-04   7.909465E-04
   834   8.353032E-04   3.757360E-04   2.962068E-03
   835   4.238366E-05   2.041649E-05   4.606920E-04
   836  -2.425530E-05   4.489618E-06   1.233320E-03
   837   9.420808E-05   1.020497E-04   1.228801E-03
   838  -1.671696E-05  -1.713376E-06   1.166299E-03
   839  -1.064453E-04   1.168000E-06   3.070538E-03
   840  -2.094854E-07  -2.154449E-05   6.284562E-04
   841   4.064405E-04   6.257678E-04   2.150479E-03
   842   1.473890E-06   4.905285E-04   2.210834E-03
   843   1.265255E-03   1.300098E-03   3.108734E-03
   844   4.178476E-04   1.271383E-04   9.996354E-04
   845   1.617865E-04   3.091215E-04   3.783004E-04
   846   1.869210E-04   4.532874E-04   4.700445E-04
   847   5.556226E-04   1.440155E-04   1.043096E-03
   848   2.193485E-04   4.867778E-04   5.782475E-04
   849   1.908569E-03   8.004488E-04   3.103364E-03
   850   1.128001E-03  -5.103527E-06   1.944830E-03
   851   4.406825E-04   3.426967E-04   9.880773E-04
   852   2.693891E-03  -1.623585E-04   3.788876E-03
   853   1.674476E-04   3.821713E-04   3.977377E-04
   854   2.955543E-03   1.485128E-03   3.921552E-03
   855   8.136742E-04  -7.951797E-05   1.562754E-03
   856   3.625008E-04   7.398897E-04   8.176711E-04
   857   3.516538E-03   2.961890E-03   3.820939E-03
   858   2.312104E-03   7.125288E-04   2.997542E-03
   859   1.126909E-03   5.393365E-05   1.927438E-03
   860   3.779155E-03   8.974947E-04   4.051989E-03
   861   4.782190E-04  -4.007724E-05   9.040057E-04
   862   1.616249E-04   2.721282E-04   3.770410E-04
   863   2.101658E-04   3.998502E-04   4.952847E-04
   864   4.579599E-04   7.314641E-05   1.001370E-03
   865   4.612680E-04   5.975010E-04   1.423667E-03
   866   1.523783E-04   2.375025E-04   3.707500E-04
   867   1.948655E-04   3.189210E-04   5.083449E-04
   868   1.312327E-03   7.036177E-04   2.617673E-03
   869   2.787988E-04   2.170966E-04   1.155244E-03
   870   1.276546E-04   1.821655E-04   3.443918E-04
   871   3.302731E-04   4.613350E-06   7.758961E-04
   872   1.629554E-04   2.122449E-04   4.816414E-04
   873   2.041662E-04   1.377033E-04   7.231388E-04
   874   2.156270E-04   9.674669E-05   1.186938E-03
   875   3.527731E-04   2.008480E-04   2.200248E-03
   876   5.337397E-04   5.543732E-05   1.622309E-03
   877   9.282673E-05   1.351581E-04   3.026959E-04
   878   1.158970E-04   1.283792E-04   4.209334E-04
   879   1.436282E-04   5.374459E-05   6.262859E-04
   880   2.998886E-04   3.202807E-04   3.877870E-03
   881   1.637244E-04   7.030017E-06   1.008569E-03
   882   2.116671E-04   2.086543E-04   9.724370E-04
   883   2.207120E-04   6.915842E-05   4.868647E-03
   884  -8.043790E-04  -3.086905E-04   8.743249E-03
   885   9.966457E-04   7.975469E-04   3.862968E-03
   886   8.850477E-05   4.065921E-05   4.935210E-04
   887  -1.471765E-04   6.046576E-05   1.824502E-03
   888   6.876570E-05  -6.872354E-06   7.420759E-04
   889  -3.321236E-04  -6.305926E-05   2.806678E-03
   890  -1.836921E-04  -3.201272E-06   1.235597E-03
   891   1.671696E-05  -4.825179E-06   1.166299E-03
   892   2.614998E-04  -3.345954E-04   1.627592E-03
   893  -2.930122E-04  -2.517174E-04   3.855424E-03
   894   2.907819E-03   4.568876E-03   4.016324E-03
   895   2.741568E-03   1.164185E-03   2.741568E-03
   896   5.470738E-05   5.138967E-05   4.400057E-04
   897   3.776962E-05   3.422182E-05   3.690843E-04
   898   4.546186E-05   5.737744E-05   6.494551E-04
   899   4.066256E-05   1.787780E-05   5.147159E-04
   900  -1.939310E-04  -2.000535E-05   1.763009E-03
   901  -2.083952E-05   2.665205E-06   7.186043E-04
   902   9.931902E-05  -2.023702E-04   1.425632E-03
   903  -9.730228E-06  -8.934777E-06   3.559840E-04
   904  -7.086659E-04  -3.881531E-04   4.065005E-03
   905  -1.678408E-04   7.187730E-06   9.554504E-04
   906  -5.130635E-04  -4.478432E-04   3.193341E-03
   907  -4.238366E-05  -1.602331E-05   4.606920E-04
   908  -3.527731E-04  -1.980313E-04   2.200248E-03
   909   3.500810E-06  -9.518555E-06   4.566274E-04
   910  -2.363700E-04  -3.243880E-05   1.114953E-03
   911  -9.775745E-05  -3.106735E-05   5.705688E-04
   912  -1.735053E-05  -1.494603E-05   9.131856E-04
   913  -7.208630E-04  -4.658019E-04   3.116122E-03
   914  -3.517735E-05  -4.747422E-05   3.103884E-04
   915  -3.776962E-05  -3.487717E-05   3.690843E-04
   916  -2.156270E-04  -9.748776E-05   1.186938E-03
   917  -3.019566E-04  -1.050092E-04   1.091409E-03
   918  -3.430974E-04  -1.408152E-04   1.322998E-03
   919  -4.167233E-04  -2.251171E-04   1.395279E-03
   920  -6.638119E-05  -7.168170E-05   3.694686E-04
   921  -3.173288E-04  -9.813176E-04   2.956479E-03
   922  -1.420582E-04  -1.202858E-04   8.307497E-04
   923  -1.436282E-04  -5.204225E-05   6.262859E-04
   924  -9.456918E-05  -9.469560E-05   4.172170E-04
   925  -5.940978E-04  -5.446248E-04   1.676664E-03
   926  -6.974222E-05  -8.335467E-05   4.798776E-04
   927  -2.041662E-04  -1.342555E-04   7.231388E-04
   928  -3.092542E-04  -2.574347E-04   9.664194E-04
   929  -1.956773E-04  -1.933611E-04   7.965155E-04
   930  -2.228164E-04  -2.695830E-04   7.418970E-04
   931  -1.251599E-04  -1.462053E-04   4.412219E-04
   932  -2.071992E-04  -2.648851E-04   7.236293E-04
   933  -1.482069E-04   4.017490E-04   1.457773E-03
   934  -2.020586E-04  -2.224387E-04   6.301204E-04
   935  -2.223071E-04  -2.634331E-04   8.054605E-04
   936  -1.629554E-04  -2.192829E-04   4.816414E-04
   937  -5.715403E-04  -1.272521E-04   2.411563E-03
   938  -2.418009E-04  -3.908628E-04   6.817695E-04
   939  -3.274497E-04  -5.508631E-04   8.505187E-04
   940  -3.892124E-04  -8.239673E-04   1.023345E-03
   941  -3.487076E-04  -5.537200E-04   8.790949E-04
   942  -2.193485E-04  -4.875912E-04   5.782475E-04
   943  -2.101658E-04  -4.101804E-04   4.952847E-04
   944  -1.069189E-04  -1.584195E-04   3.178956E-04
   945  -1.276546E-04  -2.077181E-04   3.443918E-04
   946  -5.788765E-04   7.617296E-05   1.455683E-03
   947  -2.594075E-04   1.019140E-04   1.103862E-03
   948  -3.625008E-04  -7.098425E-04   8.176711E-04
   949  -3.884689E-04  -2.449279E-04   8.690579E-04
   950  -7.374836E-04  -1.490726E-04   1.831499E-03
   951  -1.617865E-04  -2.788680E-04   3.783004E-04
   952  -1.502351E-03  -1.465581E-03   3.386216E-03
   953  -1.616249E-04  -2.823048E-04   3.770410E-04
   954  -3.133507E-04  -5.475361E-04   7.372957E-04
   955  -3.697839E-04  -1.708718E-04   9.629789E-04
   956  -4.346921E-04   1.382202E-04   9.429331E-04
   957  -2.931307E-04  -2.191925E-04   6.485193E-04
   958  -4.147382E-04  -7.673257E-05   8.452545E-04
   959  -1.345678E-03  -3.932972E-04   2.214500E-03
   960  -7.275396E-04  -1.171387E-04   1.275639E-03
   961  -2.727041E-03  -2.300045E-03   4.096707E-03
   962  -1.428465E-04  -4.515968E-06   2.913253E-04
   963  -9.439981E-04  -2.154789E-05   1.719487E-03
   964  -4.126256E-04   1.364688E-04   7.594335E-04
   965  -1.460938E-03   2.401749E-04   2.272066E-03
   966  -4.797439E-03  -3.052087E-03   5.591420E-03
   967  -2.848325E-03  -1.559689E-04   4.080695E-03
   968  -3.352111E-03  -2.083306E-03   5.112523E-03
   969  -8.142583E-03  -4.356970E-03   8.511411E-03
   970   0.000000E+00   1.492684E-04   3.356157E-03
   971   0.000000E+00   3.988742E-05   1.710391E-03
   972   0.000000E+00   1.312962E-04   1.562812E-03
   973   0.000000E+00   6.449943E-05   1.091409E-03
   974   0.000000E+00   6.551054E-05   1.921340E-03
   975   0.000000E+00   1.823292E-06   5.533008E-04
   976   0.000000E+00   5.062143E-05   1.112734E-03
   977   0.000000E+00   1.070312E-04   1.114953E-03
   978   0.000000E+00   2.151942E-06   7.554883E-04
   979   0.000000E+00   7.207590E-05   1.068702E-03
   980   0.000000E+00   4.670376E-05   4.129259E-04
   981   0.000000E+00   2.508780E-04   3.906674E-03
   982   0.000000E+00   1.258315E-04   1.526019E-03
   983   0.000000E+00  -8.542985E-05   3.193341E-03
   984   0.000000E+00  -1.610563E-04   3.855424E-03
   985   0.000000E+00   2.488845E-05   7.909465E-04
   986   0.000000E+00   4.740397E-06   2.962068E-03
   987   0.000000E+00   1.153422E-05   4.606920E-04
   988   0.000000E+00   5.122797E-05   1.233320E-03
   989   0.000000E+00   1.518063E-05   1.228801E-03
   990   0.000000E+00   1.210431E-04   1.166299E-03
   991   0.000000E+00  -7.200911E-05   3.070538E-03
   992   0.000000E+00  -2.550425E-05   6.284562E-04
   993   0.000000E+00   5.335107E-05   2.150479E-03
   994   0.000000E+00  -5.994622E-05   2.210834E-03
   995   0.000000E+00   3.064088E-04   3.108734E-03
   996   0.000000E+00  -1.676301E-05   9.996354E-04
   997   0.000000E+00   7.039229E-05   3.783004E-04
   998   0.000000E+00   2.647687E-05   4.700445E-04
   999   0.000000E+00  -9.534326E-05   1.043096E-03
  1000   0.000000E+00   1.148555E-05   5.782475E-04
  1001   0.000000E+00   3.260032E-04   3.103364E-03
  1002   0.000000E+00  -3.714432E-04   1.944830E-03
  1003   0.000000E+00   6.233838E-05   9.880773E-04
  1004   0.000000E+00  -6.422982E-05   3.788876E-03
  1005   0.000000E+00   6.408163E-05   3.977377E-04
  1006   0.000000E+00   2.123135E-03   3.921552E-03
  1007   0.000000E+00  -2.036940E-04   1.562754E-03
  1008   0.000000E+00   1.581764E-04   8.176711E-04
  1009   0.000000E+00   4.274739E-03   3.820939E-03
  1010   0.000000E+00   5.526766E-04   2.997542E-03
  1011   0.000000E+00   1.844516E-04   1.927438E-03
  1012   0.000000E+00   2.013823E-03   4.051989E-03
  1013   0.000000E+00  -1.790665E-04   9.040057E-04
  1014   0.000000E+00   6.624103E-05   3.770410E-04
  1015   0.000000E+00   7.646302E-05   4.952847E-04
  1016   0.000000E+00  -5.677758E-05   1.001370E-03
  1017   0.000000E+00   2.159719E-05   1.423667E-03
  1018   0.000000E+00   5.929706E-05   3.707500E-04
  1019   0.000000E+00   2.414791E-05   5.083449E-04
  1020   0.000000E+00   9.203902E-04   2.617673E-03
  1021   0.000000E+00  -2.254650E-05   1.155244E-03
  1022   0.000000E+00   1.543648E-05   3.443918E-04
  1023   0.000000E+00  -5.776121E-05   7.758961E-04
  1024   0.000000E+00   2.480145E-05   4.816414E-04
  1025   0.000000E+00   1.163923E-05   7.231388E-04
  1026   0.000000E+00   5.234765E-06   1.186938E-03
  1027   0.000000E+00   3.760686E-05   2.200248E-03
  1028   0.000000E+00  -5.378776E-05   1.622309E-03
  1029   0.000000E+00  -3.933663E-06   3.026959E-04
  1030   0.000000E+00  -2.346499E-06   4.209334E-04
  1031   0.000000E+00   2.427829E-05   6.262859E-04
  1032   0.000000E+00  -1.850579E-04   3.877870E-03
  1033   0.000000E+00   6.990705E-05   1.008569E-03
  1034   0.000000E+00  -4.000857E-05   9.724370E-04
  1035   0.000000E+00   3.453505E-05   4.868647E-03
  1036   0.000000E+00  -7.417616E-04   8.743249E-03
  1037   0.000000E+00  -5.479392E-04   3.862968E-03
  1038   0.000000E+00   6.714639E-06   4.935210E-04
  1039   0.000000E+00   2.910404E-04   1.824502E-03
  1040   0.000000E+00   6.458191E-05   7.420759E-04
  1041   0.000000E+00   1.856339E-04   2.806678E-03
  1042   0.000000E+00   9.257702E-05   1.235597E-03
  1043   0.000000E+00   1.217812E-04   1.166299E-03
  1044   0.000000E+00   2.935501E-04   1.627592E-03
  1045   0.000000E+00  -1.598862E-04   3.855424E-03
  1046   0.000000E+00   3.410986E-03   4.016324E-03
  1047   0.000000E+00   1.244740E-03   2.741568E-03
  1048   0.000000E+00  -6.659518E-06   4.400057E-04
  1049   0.000000E+00   3.108427E-06   3.690843E-04
  1050   0.000000E+00   3.106103E-05   6.494551E-04
  1051   0.000000E+00   8.652632E-06   5.147159E-04
  1052   0.000000E+00   1.522189E-04   1.763009E-03
  1053   0.000000E+00   4.427754E-05   7.186043E-04
  1054   0.000000E+00   3.290478E-04   1.425632E-03
  1055   0.000000E+00  -9.213901E-06   3.559840E-04
  1056   0.000000E+00   1.264743E-04   4.065005E-03
  1057   0.000000E+00   9.818807E-05   9.554504E-04
  1058   0.000000E+00  -7.914134E-05   3.193341E-03
  1059   0.000000E+00   1.086559E-05   4.606920E-04
  1060   0.000000E+00   4.197962E-05   2.200248E-03
  1061   0.000000E+00  -1.736249E-05   4.566274E-04
  1062   0.000000E+00   9.852247E-05   1.114953E-03
  1063   0.000000E+00   2.953181E-05   5.705688E-04
  1064   0.000000E+00   1.499374E-04   9.131856E-04
  1065   0.000000E+00   2.806971E-05   3.116122E-03
  1066   0.000000E+00  -1.676922E-05   3.103884E-04
  1067   0.000000E+00   7.325998E-06   3.690843E-04
  1068   0.000000E+00   2.388954E-05   1.186938E-03
  1069   0.000000E+00   8.519185E-05   1.091409E-03
  1070   0.000000E+00   8.944564E-05   1.322998E-03
  1071   0.000000E+00   1.054092E-04   1.395279E-03
  1072   0.000000E+00   4.292844E-06   3.694686E-04
  1073   0.000000E+00  -2.264035E-04   2.956479E-03
  1074   0.000000E+00   1.680263E-05   8.307497E-04
  1075   0.000000E+00   2.778459E-05   6.262859E-04
  1076   0.000000E+00   1.430972E-05   4.172170E-04
  1077   0.000000E+00   8.802514E-05   1.676664E-03
  1078   0.000000E+00  -3.500071E-05   4.798776E-04
  1079   0.000000E+00   1.186015E-05   7.231388E-04
  1080   0.000000E+00   5.990846E-05   9.664194E-04
  1081   0.000000E+00  -2.745999E-05   7.965155E-04
  1082   0.000000E+00   1.551877E-05   7.418970E-04
  1083   0.000000E+00   4.692665E-06   4.412219E-04
  1084   0.000000E+00   6.980890E-06   7.236293E-04
  1085   0.000000E+00   1.765592E-04   1.457773E-03
  1086   0.000000E+00   3.062829E-05   6.301204E-04
  1087   0.000000E+00  -2.479233E-05   8.054605E-04
  1088   0.000000E+00   1.163866E-05   4.816414E-04
  1089   0.000000E+00   3.051656E-04   2.411563E-03
  1090   0.000000E+00   2.397497E-05   6.817695E-04
  1091   0.000000E+00   5.802826E-05   8.505187E-04
  1092   0.000000E+00   4.558932E-05   1.023345E-03
  1093   0.000000E+00   9.249209E-05   8.790949E-04
  1094   0.000000E+00   1.630358E-05   5.782475E-04
  1095   0.000000E+00   6.280343E-05   4.952847E-04
  1096   0.000000E+00  -7.559114E-06   3.178956E-04
  1097   0.000000E+00   2.241445E-05   3.443918E-04
  1098   0.000000E+00  -5.601079E-05   1.455683E-03
  1099   0.000000E+00   7.349422E-05   1.103862E-03
  1100   0.000000E+00   1.520061E-04   8.176711E-04
  1101   0.000000E+00   3.111712E-05   8.690579E-04
  1102   0.000000E+00   2.838204E-04   1.831499E-03
  1103   0.000000E+00   6.824205E-05   3.783004E-04
  1104   0.000000E+00   5.945438E-04   3.386216E-03
  1105   0.000000E+00   7.353423E-05   3.770410E-04
  1106   0.000000E+00   8.209070E-05   7.372957E-04
  1107   0.000000E+00  -2.211522E-05   9.629789E-04
  1108   0.000000E+00  -1.457662E-04   9.429331E-04
  1109   0.000000E+00   4.338510E-05   6.485193E-04
  1110   0.000000E+00  -5.097952E-05   8.452545E-04
  1111   0.000000E+00  -2.413143E-04   2.214500E-03
  1112   0.000000E+00  -1.818740E-04   1.275639E-03
  1113   0.000000E+00   8.927307E-04   4.096707E-03
  1114   0.000000E+00  -3.374160E-05   2.913253E-04
  1115   0.000000E+00  -1.325520E-04   1.719487E-03
  1116   0.000000E+00  -1.552064E-04   7.594335E-04
  1117   0.000000E+00  -1.922873E-04   2.272066E-03
  1118   0.000000E+00   2.853730E-03   5.591420E-03
  1119   0.000000E+00   4.090173E-04   4.080695E-03
  1120   0.000000E+00   2.380903E-03   5.112523E-03
  1121   0.000000E+00   5.731639E-03   8.511411E-03
