 smom1,sph1,sth1,slr1
          16           6           6          10
 phi boundaries
  0.00000E+00  2.61799E-01  5.23599E-01  7.85398E-01  1.04720E+00  1.30900E+00  1.57080E+00
 theta boundaries
  0.00000E+00  2.61799E-01  5.23599E-01  7.85398E-01  1.04720E+00  1.30900E+00  1.57080E+00
 radius boundaries in arcsec
  0.00000E+00  1.19639E+00  1.80726E+00  2.73003E+00  4.12397E+00  6.22963E+00  9.41044E+00  1.42153E+01  2.14736E+01  3.24379E+01  9.80009E+03
                                                                              phi,theta,r,mgemass,fitmass,errmass,x,y,z 
                                           (in arcsec),vx,vy,vz,xv2,vy2,vz2,vxvy,vyvz,vzvx,orbit long, orbit short,boxes
       1       1       1  4.18099E-04  4.60259E-04  4.18099E-06  9.40047E-02  1.23356E-02  5.29620E-01 -2.54693E+00  1.28601E+00 -2.64224E+00  4.30014E+04  2.55242E+04  7.73372E+04  1.22568E+03  7.51510E+02  1.43425E+04  1.02631E-04  0.00000E+00  3.57628E-04
       1       1       2  1.19415E-04  9.57078E-05  1.19415E-06  2.67148E-01  4.16724E-02  1.48017E+00  5.78470E+00  1.40266E+02 -2.19329E+01  4.63957E+04  5.59267E+04  7.32224E+04 -5.43256E+03  3.25178E+03  1.64116E+04  5.33317E-05  0.00000E+00  4.23762E-05
       1       1       3  2.06210E-04  1.37371E-04  2.06210E-06  4.01505E-01  6.78377E-02  2.19765E+00 -9.57666E+00  4.13966E+01 -3.33936E+01  5.45864E+04  2.92475E+04  5.40340E+04  3.77795E+03 -4.44452E+02  1.38669E+04  4.62726E-05  0.00000E+00  9.10984E-05
       1       1       4  2.89887E-04  1.60994E-04  2.89887E-06  5.35243E-01  7.31167E-02  3.58191E+00  2.05887E-02  3.03998E+01  1.02414E+01  4.18130E+04  7.01862E+04  4.67976E+04  2.05927E+03 -2.95091E+03  7.18465E+03  1.24987E-04  0.00000E+00  3.60077E-05
       1       1       5  2.65241E-04  3.31849E-04  2.65241E-06  8.25826E-01  1.11866E-01  5.19790E+00  7.70113E-01  2.23856E+01  8.26672E+00  1.43852E+04  3.02927E+04  3.62966E+04  3.71496E+02 -9.22517E+02  4.41907E+03  2.65768E-04  0.00000E+00  6.60802E-05
       1       1       6  2.13231E-04  2.38498E-04  2.13231E-06  1.12964E+00  1.55891E-01  6.86769E+00 -3.61916E-02  1.24442E+01 -7.90233E+00  6.47206E+03  1.29412E+04  3.12812E+04  1.74439E+02  1.54252E+02  5.33103E+03  1.27390E-04  0.00000E+00  1.11108E-04
       1       1       7  2.17318E-04  2.18886E-04  2.17318E-06  1.98583E+00  2.63852E-01  1.22568E+01  5.68867E+00 -1.67674E+02  2.61931E+01  1.67488E+04  4.45670E+04  4.44433E+04 -1.42799E+02 -8.75522E+02  7.42816E+03  1.42270E-04  0.00000E+00  7.66163E-05
       1       1       8  3.63737E-04  3.94300E-04  3.63737E-06  3.10262E+00  3.99412E-01  1.79301E+01  4.01588E-01 -1.12694E+02  1.56205E+00  7.31451E+03  2.06214E+04  2.73975E+04  1.78179E+02 -1.33100E+02  3.79443E+03  2.52645E-04  0.00000E+00  1.41655E-04
       1       1       9  3.77903E-04  4.58169E-04  3.77903E-06  4.65384E+00  4.45199E-01  2.41849E+01  1.01104E+00 -3.73957E+01  3.59749E+00  2.24095E+03  5.63189E+03  9.31989E+03 -6.50866E+01 -2.07753E+02  1.80662E+03  1.26144E-04  0.00000E+00  3.32026E-04
       1       1      10  1.70469E-04  1.84479E-04  1.70469E-06  1.23332E+01  1.54500E+00  7.02097E+01 -1.02204E+00 -9.27801E+01  1.20892E+01  5.62026E+03  2.26893E+04  2.28544E+04  1.26755E+03 -2.56089E+02  4.28404E+03  7.13494E-05  0.00000E+00  1.13129E-04
       1       2       1  1.26321E-03  1.16977E-03  1.26321E-05  2.26203E-01  2.83121E-02  5.49337E-01  9.43125E+00 -7.41021E+01  5.28636E-01  4.13627E+04  3.24038E+04  5.90089E+04  1.62268E+02  1.48020E+03  1.44885E+04  0.00000E+00  2.81727E-04  8.88044E-04
       1       2       2  3.64276E-04  2.38039E-04  3.64276E-06  5.51365E-01  7.09792E-02  1.40397E+00  4.65269E+00 -2.51550E+00 -7.76209E+00  5.52318E+04  8.37129E+03  1.14589E+05  2.72533E+03  3.01762E+03  4.60200E+04  0.00000E+00  9.21991E-07  2.37117E-04
       1       2       3  6.26911E-04  5.99241E-04  6.26911E-06  8.02383E-01  1.00160E-01  2.11140E+00  2.06465E+00  2.57589E+00  9.64502E-01  2.82376E+04  3.81254E+03  4.57324E+04  3.13180E+03  2.09335E+03  1.97201E+04  0.00000E+00  0.00000E+00  5.99241E-04
       1       2       4  9.04588E-04  1.59938E-04  9.04588E-06  1.34064E+00  1.76256E-01  3.10085E+00 -1.39900E+01 -3.38065E+01 -3.56881E+01  7.22509E+04  1.83024E+04  1.42185E+05  9.44784E+03  1.23531E+04  6.43751E+04  0.00000E+00  9.93505E-06  1.50003E-04
       1       2       5  8.44125E-04  2.66136E-04  8.44125E-06  2.07886E+00  2.98860E-01  4.78386E+00 -1.59284E+00 -5.19382E+00 -2.71266E+00  1.96004E+04  2.20058E+03  1.06230E+05  2.60081E+03  6.54042E+03  4.10162E+04  0.00000E+00  8.08667E-07  2.65328E-04
       1       2       6  7.14229E-04  5.81680E-04  7.14229E-06  3.04685E+00  4.46557E-01  6.88284E+00  2.61971E+00  3.44989E-01  3.31790E+00  8.01000E+03  7.57232E+02  4.81075E+04  8.87786E+02  1.94584E+03  1.82966E+04  0.00000E+00  0.00000E+00  5.81680E-04
       1       2       7  7.04161E-04  3.19357E-04  7.04161E-06  4.53931E+00  5.07194E-01  1.09760E+01  1.05215E+00 -1.00556E+00 -1.03854E+01  1.62305E+04  2.21711E+03  9.91932E+04  1.23647E+03  3.59951E+03  3.80768E+04  0.00000E+00  1.93828E-06  3.17418E-04
       1       2       8  1.16136E-03  7.30819E-04  1.16136E-05  6.96471E+00  7.58039E-01  1.66873E+01  5.43795E+00  2.09923E+00  1.10387E+01  8.15155E+03  3.50607E+02  5.08371E+04  9.12735E+02  2.18954E+03  1.94713E+04  0.00000E+00  0.00000E+00  7.30819E-04
       1       2       9  1.29011E-03  1.64608E-03  1.29011E-05  9.83185E+00  1.04739E+00  2.35231E+01  8.21813E-01  2.64534E-01  2.32921E+00  1.94183E+03  1.38315E+02  1.13940E+04  2.01463E+02  4.61766E+02  4.36400E+03  0.00000E+00  0.00000E+00  1.64608E-03
       1       2      10  5.87280E-04  4.51651E-04  5.87280E-06  3.06366E+01  3.98216E+00  7.11783E+01 -4.51053E+00 -1.90275E+00 -9.57035E+00  6.01559E+03  1.51475E+02  3.31893E+04  7.18477E+02  1.60746E+03  1.38261E+04  0.00000E+00  0.00000E+00  4.51651E-04
       1       3       1  2.11940E-03  2.22267E-03  2.11940E-05  3.46558E-01  4.52945E-02  4.69454E-01  1.92080E+01 -1.47570E+02 -1.38879E+00  3.43277E+04  3.50895E+04  3.76282E+04 -9.20591E+02  2.52280E+02  1.99739E+03  0.00000E+00  1.73712E-03  4.85551E-04
       1       3       2  6.23691E-04  5.63486E-04  6.23691E-06  9.08965E-01  1.12411E-01  1.19424E+00  7.15905E+00  3.48989E+01 -2.06665E+00  6.18945E+04  2.66046E+04  6.42014E+04  3.95504E+03  3.82904E+03  2.17184E+04  0.00000E+00  3.88856E-04  1.74630E-04
       1       3       3  1.06325E-03  1.13796E-03  1.06325E-05  1.35548E+00  1.82908E-01  1.79933E+00  3.13006E+00 -4.11600E+01  5.86994E-01  2.87348E+04  5.52948E+03  3.48471E+04  3.17387E+03  2.14378E+03  1.71636E+04  0.00000E+00  7.42310E-04  3.95651E-04
       1       3       4  1.61139E-03  1.08607E-03  1.61139E-05  2.02720E+00  2.68177E-01  2.81145E+00  2.52527E+01 -1.31301E+02  3.60685E+00  4.79035E+04  8.21713E+04  4.75368E+04 -7.06269E+03  2.61485E+03  2.46099E+04  0.00000E+00  7.21329E-04  3.64738E-04
       1       3       5  1.56780E-03  1.48545E-03  1.56780E-05  3.26374E+00  4.40894E-01  4.06715E+00  1.19761E+01 -6.27530E+01  2.00158E+00  3.20547E+04  2.54623E+04  3.34920E+04  3.94058E+02  2.00357E+03  1.73389E+04  0.00000E+00  9.52955E-04  5.32493E-04
       1       3       6  1.46715E-03  1.86675E-03  1.46715E-05  4.12058E+00  5.17905E-01  5.75252E+00  5.62322E+00 -4.00119E+01  4.06675E-01  9.64943E+03  1.39212E+04  1.93187E+04 -7.85000E+02  1.01070E+03  1.03459E+04  0.00000E+00  8.44742E-04  1.02200E-03
       1       3       7  1.41573E-03  1.18612E-03  1.41573E-05  7.26041E+00  9.33350E-01  9.82137E+00  2.50396E+01 -1.90590E+02  1.13556E-01  2.46595E+04  5.33544E+04  3.84242E+04 -4.34921E+03  1.46907E+03  1.59842E+04  0.00000E+00  8.43509E-04  3.42612E-04
       1       3       8  2.16362E-03  2.25663E-03  2.16362E-05  1.09057E+01  1.40188E+00  1.44243E+01  1.56027E+01 -1.18442E+02 -3.98481E+00  1.54251E+04  2.25668E+04  2.42568E+04 -1.38228E+03  1.32747E+03  1.01113E+04  0.00000E+00  1.48403E-03  7.72595E-04
       1       3       9  2.74450E-03  2.83342E-03  2.74450E-05  1.47725E+01  1.88397E+00  1.98910E+01  6.11000E+00 -4.32868E+01 -2.38584E+00  5.92447E+03  6.37965E+03  9.93911E+03 -8.75633E+01  5.31877E+02  4.99911E+03  0.00000E+00  9.33962E-04  1.89946E-03
       1       3      10  1.41407E-03  1.43048E-03  1.41407E-05  4.64357E+01  6.41432E+00  5.97287E+01 -3.53666E-01 -2.34173E+01 -4.39676E+00  1.56295E+04  2.04154E+03  2.54401E+04  1.94223E+03  1.74623E+03  1.29052E+04  0.00000E+00  5.04658E-04  9.25818E-04
       1       4       1  2.94286E-03  3.24091E-03  2.94286E-05  4.90893E-01  6.50214E-02  3.48816E-01  1.76246E+01 -1.48180E+02  7.97193E-02  3.36442E+04  5.52416E+04  2.89869E+04 -3.68386E+03  2.09345E+02  3.91290E+03  0.00000E+00  2.64988E-03  5.91028E-04
       1       4       2  8.92191E-04  9.68680E-04  8.92191E-06  1.22342E+00  1.66554E-01  8.53703E-01 -8.60373E+00  2.20537E+01  1.12260E+00  6.25297E+04  4.61573E+04  2.87398E+04  3.77842E+03  7.67810E+02  4.34545E+03  0.00000E+00  7.52225E-04  2.16455E-04
       1       4       3  1.49509E-03  1.54765E-03  1.49509E-05  1.77685E+00  2.29096E-01  1.25552E+00  5.94736E+00 -2.39715E+01 -2.51200E+00  1.94573E+04  2.74403E+04  1.37239E+04 -2.59355E+02  6.93554E+02  4.06253E+03  0.00000E+00  1.07891E-03  4.68737E-04
       1       4       4  2.41243E-03  1.56685E-03  2.41243E-05  2.81847E+00  3.69874E-01  2.02077E+00  2.77854E+01 -1.96485E+02 -6.48414E-01  4.37339E+04  1.09142E+05  2.52891E+04 -1.03205E+04  1.42219E+03  5.30945E+03  0.00000E+00  1.42255E-03  1.44296E-04
       1       4       5  2.49653E-03  2.77465E-03  2.49653E-05  4.19813E+00  5.53551E-01  3.02801E+00  1.24964E+01 -9.28285E+01  1.38805E+00  4.25697E+04  3.28193E+04  2.48794E+04  1.72000E+03  8.03585E+02  7.64067E+03  0.00000E+00  2.28257E-03  4.92080E-04
       1       4       6  2.66658E-03  3.67795E-03  2.66658E-05  5.99728E+00  7.87688E-01  4.08310E+00  8.34783E+00 -5.86215E+01  3.98282E+00  1.77621E+04  1.44431E+04  9.21292E+03 -1.01045E+02 -1.51301E+02  5.81262E+03  0.00000E+00  2.34894E-03  1.32900E-03
       1       4       7  2.76864E-03  2.24630E-03  2.76864E-05  9.82390E+00  1.30977E+00  6.90958E+00  2.97845E+01 -2.20004E+02  2.46153E+00  3.17958E+04  6.53167E+04  2.62500E+04 -4.70985E+03  8.14753E+02  8.64722E+03  0.00000E+00  1.88535E-03  3.60951E-04
       1       4       8  3.52153E-03  4.22386E-03  3.52153E-05  1.48373E+01  1.98259E+00  1.02801E+01  1.81454E+01 -1.29195E+02 -8.16139E-01  2.34567E+04  2.46322E+04  1.60037E+04 -1.70081E+02  8.48213E+02  5.90259E+03  0.00000E+00  3.39336E-03  8.30503E-04
       1       4       9  5.19488E-03  5.93111E-03  5.19488E-05  2.05506E+01  2.53961E+00  1.41979E+01  8.71519E+00 -5.84111E+01 -3.05822E-01  8.66402E+03  7.44308E+03  5.53432E+03  7.85066E+01  3.40536E+02  2.49282E+03  0.00000E+00  3.83643E-03  2.09468E-03
       1       4      10  3.77783E-03  4.27588E-03  3.77783E-05  5.57243E+01  7.21373E+00  3.74217E+01  2.09036E+01 -1.58097E+02  3.53621E+00  1.62348E+04  3.67758E+04  8.18489E+03 -2.77439E+03  4.42673E+01  2.83591E+03  0.00000E+00  3.77532E-03  5.00560E-04
       1       5       1  3.62658E-03  3.39738E-03  3.62658E-05  5.31999E-01  7.06434E-02  2.29757E-01  1.56120E+01 -1.42763E+02 -1.29997E+00  3.04029E+04  5.05832E+04  3.51279E+04 -1.83839E+03  2.68688E+01  1.90203E+03  0.00000E+00  2.78452E-03  6.12860E-04
       1       5       2  1.13519E-03  1.09152E-03  1.13519E-05  1.37927E+00  1.87837E-01  5.96440E-01  4.77141E+00  1.63244E+01  1.85860E+00  7.44756E+04  4.62298E+04  2.97985E+04  2.57820E+03 -5.45937E+02 -6.69977E+02  0.00000E+00  8.79290E-04  2.12234E-04
       1       5       3  1.86305E-03  1.89256E-03  1.86305E-05  1.98459E+00  2.70818E-01  8.57531E-01 -1.73994E-02 -3.05580E+01  5.15484E-01  4.53253E+04  2.55584E+04  1.84035E+04  4.08901E+03 -9.47709E+02  2.94547E+02  0.00000E+00  1.32795E-03  5.64608E-04
       1       5       4  3.18941E-03  1.79214E-03  3.18941E-05  3.13187E+00  4.13303E-01  1.32060E+00  3.18667E+01 -1.50388E+02 -5.43437E+00  5.66370E+04  6.78982E+04  4.92696E+04 -3.83276E+03  3.92582E+03  3.21223E+03  0.00000E+00  1.63663E-03  1.55510E-04
       1       5       5  3.52734E-03  3.51164E-03  3.52734E-05  4.81652E+00  6.35358E-01  2.09331E+00  1.87560E+00 -9.72650E+01  7.82522E+00  4.17977E+04  3.03718E+04  2.51228E+04  2.77379E+03 -3.50750E+03  5.30345E+03  0.00000E+00  3.10682E-03  4.04816E-04
       1       5       6  4.26605E-03  4.64863E-03  4.26605E-05  6.60692E+00  8.82214E-01  2.87915E+00  1.01830E+01 -6.51555E+01 -5.05602E+00  3.09564E+04  1.45911E+04  1.32465E+04  2.57221E+03  2.45775E+03  4.64814E+03  0.00000E+00  3.38055E-03  1.26808E-03
       1       5       7  5.28807E-03  3.20055E-03  5.28807E-05  1.09090E+01  1.44736E+00  4.61933E+00  2.34955E+01 -1.56158E+02 -3.30161E+00  5.38303E+04  3.98762E+04  2.98483E+04  2.16097E+03  2.10030E+03  9.39296E+03  0.00000E+00  2.40335E-03  7.97204E-04
       1       5       8  5.58655E-03  6.10470E-03  5.58655E-05  1.65430E+01  2.21303E+00  6.86573E+00  1.50946E+01 -1.00440E+02  6.77520E+00  3.35612E+04  1.75310E+04  1.48053E+04  2.26285E+03 -3.46875E+01  6.08928E+03  0.00000E+00  4.44262E-03  1.66208E-03
       1       5       9  8.60873E-03  9.62373E-03  8.60873E-05  2.34970E+01  3.22689E+00  9.21856E+00  6.99764E+00 -4.38703E+01 -1.26404E+00  1.09521E+04  5.29192E+03  4.45226E+03  6.47080E+02  5.12419E+02  1.95630E+03  0.00000E+00  4.97542E-03  4.64831E-03
       1       5      10  1.01009E-02  6.20776E-03  1.01009E-04  6.22632E+01  8.14029E+00  2.66092E+01  1.76094E+01 -1.36637E+02 -1.04018E+00  2.06740E+04  2.91368E+04  1.01565E+04 -1.27209E+03 -1.44897E+02  1.27211E+03  0.00000E+00  5.29290E-03  9.14861E-04
       1       6       1  4.02400E-03  4.13225E-03  4.02400E-05  5.64352E-01  7.56633E-02  7.52034E-02  1.61655E+01 -1.42129E+02  6.46712E-01  3.38920E+04  4.30559E+04  3.12637E+04 -8.01375E+02  3.73276E+01  1.24965E+03  0.00000E+00  3.26511E-03  8.67147E-04
       1       6       2  1.28670E-03  1.26075E-03  1.28670E-05  1.48527E+00  1.97782E-01  2.01065E-01 -6.83626E+00  5.73888E+01 -3.52474E+00  6.80311E+04  4.32667E+04  2.57812E+04  2.84522E+03  3.00450E+02 -2.91083E+03  0.00000E+00  1.04976E-03  2.10995E-04
       1       6       3  2.08080E-03  2.17592E-03  2.08080E-05  2.18671E+00  2.95999E-01  2.81231E-01  4.58846E+00 -3.18029E+01  2.80600E-01  5.22442E+04  1.76489E+04  1.79181E+04  5.48718E+03 -9.45867E+02 -3.37835E+03  0.00000E+00  1.51374E-03  6.62182E-04
       1       6       4  3.69308E-03  3.00976E-03  3.69308E-05  3.37596E+00  4.51936E-01  4.41303E-01  1.07140E+01 -8.19798E+01 -4.44379E+00  5.53269E+04  8.42149E+04  3.69658E+04 -3.06476E+03  1.63248E+03  4.49294E+03  0.00000E+00  2.47177E-03  5.37994E-04
       1       6       5  4.26931E-03  4.77546E-03  4.26931E-05  5.13967E+00  6.80873E-01  6.73814E-01  9.13527E+00 -6.01708E+01  4.29002E+00  4.79139E+04  4.05373E+04  1.48904E+04  1.16468E+03 -3.08090E+02  6.95292E+03  0.00000E+00  3.90468E-03  8.70781E-04
       1       6       6  5.56159E-03  6.23582E-03  5.56159E-05  7.06265E+00  9.89129E-01  9.46678E-01  6.05372E-01 -3.83990E+01 -3.69809E+00  3.08561E+04  1.73510E+04  1.04448E+04  2.20177E+03  1.46726E+03  4.48613E+03  0.00000E+00  4.61252E-03  1.62330E-03
       1       6       7  8.01377E-03  5.99284E-03  8.01377E-05  1.17511E+01  1.57824E+00  1.64740E+00  2.85120E+01 -2.22567E+02  1.31044E-02  3.89026E+04  6.79440E+04  1.77653E+04 -3.32202E+03  7.38229E+02  4.66257E+03  0.00000E+00  4.83968E-03  1.15316E-03
       1       6       8  8.11872E-03  1.03666E-02  8.11872E-05  1.77245E+01  2.38919E+00  2.50800E+00  1.79429E+01 -1.42749E+02 -1.72027E-01  2.90723E+04  2.96285E+04  8.45415E+03  2.89300E+02  2.78426E+02  2.66372E+03  0.00000E+00  8.14007E-03  2.22653E-03
       1       6       9  1.15392E-02  1.36517E-02  1.15392E-04  2.43333E+01  3.42218E+00  3.76247E+00  9.38245E+00 -7.13927E+01  7.72525E-01  1.07478E+04  1.09022E+04  3.37296E+03  1.58383E+02  7.43606E+01  1.11659E+03  0.00000E+00  8.09176E-03  5.55992E-03
       1       6      10  1.92498E-02  2.25986E-02  1.92498E-04  6.25458E+01  8.37997E+00  8.14080E+00  2.75294E+01 -2.07486E+02  1.64586E+00  1.29034E+04  5.27753E+04  3.96236E+03 -5.21200E+03 -6.72842E+01  8.17120E+02  0.00000E+00  2.01816E-02  2.41701E-03
       2       1       1  4.18070E-04  4.19206E-04  4.18070E-06  9.84465E-02  3.99592E-02  5.77401E-01  1.32457E+00  9.95249E+00  1.21441E+01  4.93502E+04  3.39674E+04  9.74720E+04  5.50675E+03  2.48518E+03  1.60376E+04  1.10497E-04  0.00000E+00  3.08709E-04
       2       1       2  1.19405E-04  1.53511E-04  1.19405E-06  2.78757E-01  1.15184E-01  1.47366E+00  6.85918E+00  1.08999E+02  3.47943E+00  2.88534E+04  4.71325E+04  6.97604E+04  1.04675E+03 -1.43218E+03  1.49265E+04  6.84705E-05  0.00000E+00  8.50402E-05
       2       1       3  2.06197E-04  2.77227E-04  2.06197E-06  4.35704E-01  1.73508E-01  2.17613E+00 -2.25280E+00  2.31377E+01 -9.66105E+00  2.82569E+04  1.84005E+04  2.89811E+04  3.39112E+03  2.71352E+03  7.14858E+03  6.15763E-05  0.00000E+00  2.15650E-04
       2       1       4  2.89857E-04  2.27783E-04  2.89857E-06  5.88570E-01  2.50127E-01  3.58532E+00 -1.96718E+00  3.38376E+01 -8.77825E+00  4.46447E+04  7.07964E+04  3.34321E+04  4.42445E+03 -9.21605E+03  4.28745E+03  1.96408E-04  0.00000E+00  3.13751E-05
       2       1       5  2.65215E-04  4.15166E-04  2.65215E-06  8.79519E-01  3.67644E-01  5.20355E+00 -2.17653E+00  2.22979E+01 -8.90439E+00  1.68197E+04  3.06831E+04  2.79401E+04 -4.95433E+02 -2.48711E+03  2.23309E+03  3.63285E-04  0.00000E+00  5.18806E-05
       2       1       6  2.13207E-04  2.82708E-04  2.13207E-06  1.16348E+00  4.91004E-01  6.71548E+00  3.25770E+00  1.39386E+01  7.87115E+00  7.54224E+03  1.30318E+04  2.24385E+04  9.86088E+02 -9.71023E+02  3.39514E+03  1.64818E-04  0.00000E+00  1.17891E-04
       2       1       7  2.17301E-04  2.25534E-04  2.17301E-06  2.03905E+00  8.81227E-01  1.22742E+01  3.74361E+00 -2.03953E+02  3.31666E+01  2.05690E+04  5.34506E+04  2.98298E+04 -6.31008E+02 -6.96515E+03  3.18592E+03  1.79539E-04  0.00000E+00  4.59940E-05
       2       1       8  3.63710E-04  4.78562E-04  3.63710E-06  3.04974E+00  1.29827E+00  1.79329E+01 -1.58951E+00 -1.24501E+02  1.34015E+01  9.10797E+03  2.23666E+04  2.35835E+04  3.14688E+02 -7.05246E+02  2.47866E+03  3.47970E-04  0.00000E+00  1.30593E-04
       2       1       9  3.77854E-04  4.16630E-04  3.77854E-06  4.05580E+00  1.67820E+00  2.36791E+01 -1.34315E+00 -5.37915E+01  5.20037E+00  3.15560E+03  7.57086E+03  1.02002E+04  4.44292E+01 -6.59884E+02  1.46384E+03  1.63772E-04  0.00000E+00  2.52859E-04
       2       1      10  1.70448E-04  1.86669E-04  1.70448E-06  1.09478E+01  4.32186E+00  6.66630E+01 -8.17481E+00 -1.18777E+02  2.84518E+00  6.96688E+03  2.84056E+04  2.30084E+04  1.45020E+03 -1.60613E+03  3.56362E+03  9.19588E-05  0.00000E+00  9.47104E-05
       2       2       1  1.26279E-03  1.07874E-03  1.26279E-05  2.11305E-01  8.66159E-02  5.32729E-01  3.35413E+01 -7.66363E+01  9.78877E+00  4.47649E+04  3.55526E+04  5.84172E+04  1.32707E+03  2.99927E+03  1.36066E+04  1.23072E-04  2.98953E-04  6.56716E-04
       2       2       2  3.64125E-04  2.06670E-04  3.64125E-06  5.04695E-01  2.10659E-01  1.40126E+00  8.64590E+00  5.00195E+00  1.55033E+00  5.36798E+04  1.34479E+04  1.14549E+05  1.21776E+04  1.44939E+04  4.63076E+04  3.58203E-06  1.09992E-06  2.01988E-04
       2       2       3  6.26719E-04  5.50748E-04  6.26719E-06  7.57921E-01  3.12011E-01  2.11718E+00 -3.92063E+00 -1.59187E+00 -8.51046E+00  2.36091E+04  7.22400E+03  4.20432E+04  8.88370E+03  7.03466E+03  1.68940E+04  4.49096E-06  0.00000E+00  5.46257E-04
       2       2       4  9.04130E-04  1.83655E-04  9.04130E-06  1.24614E+00  5.30015E-01  3.17036E+00  1.58972E+01 -1.79736E+01 -3.02568E+00  6.23691E+04  3.23162E+04  1.28707E+05  1.93968E+04  2.02039E+04  5.43441E+04  2.02588E-05  1.13213E-05  1.52075E-04
       2       2       5  8.43691E-04  3.73118E-04  8.43691E-06  1.87629E+00  7.91650E-01  4.84647E+00 -5.26409E+00  1.93836E+00 -1.80893E+01  1.56173E+04  9.53103E+03  7.57710E+04  4.78947E+03  1.00941E+04  2.70574E+04  7.38245E-05  6.93143E-07  2.98601E-04
       2       2       6  7.13801E-04  8.22785E-04  7.13801E-06  2.73315E+00  1.11143E+00  6.82389E+00 -2.53378E+00 -3.34166E+00 -8.77768E+00  5.07517E+03  2.26649E+03  2.92629E+04  1.95210E+03  4.21556E+03  1.03160E+04  3.74273E-05  0.00000E+00  7.85358E-04
       2       2       7  7.03826E-04  2.54485E-04  7.03826E-06  4.30451E+00  1.87339E+00  1.09654E+01  3.90719E+00 -1.55359E+01  1.32810E+01  1.52852E+04  1.00511E+04  9.78844E+04  4.66647E+03  1.57037E+04  3.48240E+04  3.94198E-06  6.16726E-06  2.44376E-04
       2       2       8  1.16093E-03  5.72020E-04  1.16093E-05  6.31415E+00  2.75144E+00  1.66325E+01  3.50527E-02 -6.72827E+00  3.83437E+00  7.97881E+03  3.14125E+03  5.20244E+04  3.31008E+03  7.84294E+03  1.86224E+04  2.65188E-05  0.00000E+00  5.45501E-04
       2       2       9  1.28925E-03  1.25364E-03  1.28925E-05  8.92571E+00  3.73433E+00  2.36754E+01  8.81292E-01 -7.66033E-01  4.59004E+00  2.06659E+03  7.37939E+02  1.28839E+04  8.44740E+02  1.82483E+03  4.65259E+03  1.46929E-05  0.00000E+00  1.23895E-03
       2       2      10  5.86803E-04  5.94354E-04  5.86803E-06  2.77941E+01  1.22815E+01  6.94209E+01  6.87134E+00  1.98782E+00  1.15088E+01  5.98109E+03  1.19606E+03  3.62079E+04  2.55858E+03  6.36164E+03  1.43872E+04  0.00000E+00  0.00000E+00  5.94354E-04
       2       3       1  2.11769E-03  2.19250E-03  2.11769E-05  3.19656E-01  1.31192E-01  4.65813E-01  5.88910E+01 -1.38933E+02  6.26809E+00  3.40659E+04  3.36620E+04  3.66286E+04 -2.25561E+03 -7.04136E+02  9.80051E+02  7.73815E-05  1.72285E-03  3.92269E-04
       2       3       2  6.23016E-04  5.84485E-04  6.23016E-06  8.35782E-01  3.49071E-01  1.21789E+00 -2.43050E+01  1.98815E+01  8.34682E-01  5.03047E+04  2.88783E+04  6.11263E+04  9.36251E+03  6.17982E+03  1.65040E+04  0.00000E+00  4.26656E-04  1.57829E-04
       2       3       3  1.06246E-03  1.04358E-03  1.06246E-05  1.27675E+00  5.19823E-01  1.81504E+00  2.40889E+01 -4.07586E+01 -1.17348E-02  2.38783E+04  1.02975E+04  3.09015E+04  6.59026E+03  6.02366E+03  1.51335E+04  0.00000E+00  7.25955E-04  3.17627E-04
       2       3       4  1.60933E-03  9.90254E-04  1.60933E-05  1.87916E+00  7.67369E-01  2.82809E+00  5.06583E+01 -1.32388E+02 -3.78090E+00  4.68354E+04  8.14153E+04  4.63121E+04 -1.70114E+04  7.61999E+03  1.98391E+04  0.00000E+00  7.07149E-04  2.83105E-04
       2       3       5  1.56559E-03  1.39491E-03  1.56559E-05  3.06146E+00  1.26104E+00  4.05771E+00  2.81532E+01 -6.05900E+01 -2.55106E+00  3.11579E+04  2.64533E+04  3.29782E+04  3.90115E+02  5.91556E+03  1.47069E+04  0.00000E+00  9.42147E-04  4.52768E-04
       2       3       6  1.46477E-03  1.71532E-03  1.46477E-05  3.78584E+00  1.57043E+00  5.74011E+00  1.62291E+01 -3.99625E+01  3.01595E+00  1.06025E+04  1.40815E+04  1.97510E+04 -2.16358E+03  3.79589E+03  9.78271E+03  0.00000E+00  8.36186E-04  8.79134E-04
       2       3       7  1.41337E-03  1.13201E-03  1.41337E-05  6.72688E+00  2.76180E+00  9.85787E+00  8.40029E+01 -1.80039E+02  1.33042E-01  2.97691E+04  4.98288E+04  3.60498E+04 -1.28219E+04  5.64937E+03  1.39416E+04  0.00000E+00  8.35823E-04  2.96183E-04
       2       3       8  2.16151E-03  2.04134E-03  2.16151E-05  1.01015E+01  4.13815E+00  1.44720E+01  5.59091E+01 -1.18205E+02 -1.30547E+00  1.70650E+04  2.26184E+04  2.23844E+04 -4.51650E+03  2.90867E+03  8.00312E+03  0.00000E+00  1.46621E-03  5.75129E-04
       2       3       9  2.73959E-03  2.34719E-03  2.73959E-05  1.37497E+01  5.59553E+00  1.96567E+01  2.25955E+01 -4.77658E+01  5.77794E-01  6.64138E+03  7.33350E+03  1.03991E+04 -7.57397E+02  1.95604E+03  4.62118E+03  0.00000E+00  9.08541E-04  1.43865E-03
       2       3      10  1.40979E-03  1.36738E-03  1.40979E-05  4.21118E+01  1.75483E+01  6.07657E+01  1.03567E+01 -1.89066E+01  1.05406E+00  1.31104E+04  3.66048E+03  2.61454E+04  4.73096E+03  5.14729E+03  1.24253E+04  0.00000E+00  4.44395E-04  9.22984E-04
       2       4       1  2.93875E-03  3.17719E-03  2.93875E-05  4.53073E-01  1.86535E-01  3.45010E-01  5.66271E+01 -1.40649E+02  5.01478E+00  3.47077E+04  5.15053E+04  2.84139E+04 -1.00952E+04  2.80552E+02  1.94821E+03  6.16701E-05  2.63902E-03  4.76496E-04
       2       4       2  8.90395E-04  8.80175E-04  8.90395E-06  1.14560E+00  4.74152E-01  8.52863E-01 -1.73062E+01  2.92043E+01 -3.06545E+00  5.52032E+04  5.08853E+04  2.67263E+04  1.71987E+03  3.51955E+02  2.34159E+03  0.00000E+00  7.21303E-04  1.58872E-04
       2       4       3  1.49316E-03  1.42395E-03  1.49316E-05  1.65048E+00  6.82910E-01  1.26851E+00  2.73397E+00 -2.55112E+01  3.49275E+00  2.11456E+04  2.83778E+04  1.49066E+04 -3.03414E+03  9.82210E+02  4.02189E+03  0.00000E+00  1.02992E-03  3.94035E-04
       2       4       4  2.40691E-03  1.55947E-03  2.40691E-05  2.60772E+00  1.07834E+00  2.01420E+00  8.55649E+01 -1.76574E+02  9.58866E-01  5.55426E+04  9.79465E+04  2.70980E+04 -2.39452E+04  3.41179E+03  6.20033E+03  0.00000E+00  1.37358E-03  1.85896E-04
       2       4       5  2.48964E-03  2.77405E-03  2.48964E-05  3.90467E+00  1.64531E+00  2.99531E+00  3.59805E+01 -9.56158E+01  8.76335E-01  3.87156E+04  3.75527E+04  2.31389E+04  3.05592E+03  2.58446E+03  6.03064E+03  0.00000E+00  2.43220E-03  3.41854E-04
       2       4       6  2.65839E-03  2.99945E-03  2.65839E-05  5.56391E+00  2.22993E+00  4.04246E+00  3.82043E+01 -5.32547E+01  6.95660E-01  1.79900E+04  1.53481E+04  9.24493E+03 -1.07951E+03  1.96205E+03  5.10728E+03  0.00000E+00  2.06047E-03  9.38974E-04
       2       4       7  2.75698E-03  2.18520E-03  2.75698E-05  9.13540E+00  3.78554E+00  6.88034E+00  9.17598E+01 -2.10499E+02 -2.61108E+00  3.64126E+04  6.24771E+04  2.59758E+04 -1.37047E+04  2.79091E+03  6.41881E+03  0.00000E+00  1.91125E-03  2.73951E-04
       2       4       8  3.51352E-03  3.96616E-03  3.51352E-05  1.36839E+01  5.68222E+00  1.02409E+01  5.57457E+01 -1.30045E+02  3.07918E+00  2.37787E+04  2.61767E+04  1.59079E+04 -1.52467E+03  1.31434E+03  3.87058E+03  0.00000E+00  3.44041E-03  5.25754E-04
       2       4       9  5.17774E-03  5.02483E-03  5.17774E-05  1.89231E+01  7.64158E+00  1.41323E+01  2.98716E+01 -6.57878E+01  1.65858E+00  9.12704E+03  9.21256E+03  5.78832E+03 -1.98621E+02  4.93643E+02  1.97115E+03  0.00000E+00  3.75935E-03  1.26548E-03
       2       4      10  3.75016E-03  4.60987E-03  3.75016E-05  5.22826E+01  2.16322E+01  3.80299E+01  5.94442E+01 -1.41043E+02  5.30882E-02  1.94536E+04  3.20073E+04  8.27067E+03 -7.04546E+03  5.86000E+02  1.93491E+03  0.00000E+00  4.06863E-03  5.41246E-04
       2       5       1  3.61958E-03  3.33214E-03  3.61958E-05  4.94268E-01  2.04171E-01  2.29172E-01  5.19231E+01 -1.38460E+02  5.04378E+00  3.05929E+04  4.82407E+04  3.50377E+04 -8.44579E+03 -9.76551E+01  2.17478E+03  5.29149E-05  2.82023E-03  4.58999E-04
       2       5       2  1.13181E-03  1.05390E-03  1.13181E-05  1.29203E+00  5.24858E-01  5.95079E-01 -4.95892E+00  1.33145E+01  3.54528E+00  6.45901E+04  4.71174E+04  2.98408E+04  5.50205E+03  1.26012E+03  1.26625E+03  0.00000E+00  8.95970E-04  1.57928E-04
       2       5       3  1.85970E-03  1.73227E-03  1.85970E-05  1.82855E+00  7.59508E-01  8.36779E-01  7.80967E+00 -3.45738E+01  4.76754E+00  3.83884E+04  3.12669E+04  1.84153E+04  3.93145E+03 -1.23808E+02  4.98857E+02  0.00000E+00  1.33680E-03  3.95480E-04
       2       5       4  3.17903E-03  1.76485E-03  3.17903E-05  2.95085E+00  1.21365E+00  1.34113E+00  5.72984E+01 -1.42679E+02 -3.77211E+00  5.41403E+04  6.58532E+04  4.66436E+04 -7.00873E+03  2.82125E+03  1.24428E+03  0.00000E+00  1.67306E-03  9.17932E-05
       2       5       5  3.51237E-03  3.35722E-03  3.51237E-05  4.45901E+00  1.83557E+00  2.08765E+00  3.99038E+01 -9.51381E+01  1.47230E+01  3.93550E+04  3.30173E+04  2.39132E+04  3.80625E+03 -2.29586E+03  4.98839E+03  0.00000E+00  3.07188E-03  2.85340E-04
       2       5       6  4.24662E-03  4.24068E-03  4.24662E-05  6.21734E+00  2.56181E+00  2.88323E+00  2.83220E+01 -6.48785E+01 -4.93038E+00  2.60750E+04  1.70023E+04  1.19718E+04  4.46144E+03  1.82506E+03  1.35560E+03  0.00000E+00  3.42020E-03  8.20486E-04
       2       5       7  5.24842E-03  2.88032E-03  5.24842E-05  1.02125E+01  4.22035E+00  4.60421E+00  6.79598E+01 -1.63087E+02  9.20869E-01  4.68006E+04  4.49941E+04  3.16393E+04  1.20464E+03  2.29707E+03  6.07128E+03  0.00000E+00  2.40771E-03  4.72617E-04
       2       5       8  5.55464E-03  5.32624E-03  5.55464E-05  1.54352E+01  6.40886E+00  6.96701E+00  4.12363E+01 -1.04453E+02 -3.06006E+00  2.92849E+04  2.10365E+04  1.50046E+04  4.54572E+03  1.65722E+03  4.17659E+03  0.00000E+00  4.29844E-03  1.02780E-03
       2       5       9  8.56696E-03  7.59323E-03  8.56696E-05  2.15326E+01  8.91731E+00  9.64529E+00  2.02453E+01 -5.14497E+01 -1.66022E+00  9.91956E+03  6.88030E+03  4.85815E+03  1.46954E+03  6.63557E+02  1.47159E+03  0.00000E+00  5.18972E-03  2.40351E-03
       2       5      10  9.97331E-03  5.54892E-03  9.97331E-05  5.74639E+01  2.35962E+01  2.67844E+01  6.08369E+01 -1.31998E+02  6.21736E+00  2.09175E+04  2.98210E+04  1.03676E+04 -4.52668E+03  4.79318E+02  2.53089E+03  0.00000E+00  4.58193E-03  9.66995E-04
       2       6       1  4.01492E-03  3.94597E-03  4.01492E-05  5.23404E-01  2.16749E-01  7.35732E-02  5.37921E+01 -1.42309E+02  3.25152E+00  3.20050E+04  4.34109E+04  3.23175E+04 -4.96228E+03 -9.86123E+01  8.51759E+02  4.95808E-05  3.31164E-03  5.84751E-04
       2       6       2  1.28206E-03  1.22500E-03  1.28206E-05  1.38467E+00  5.72680E-01  1.99743E-01 -1.76387E+01  5.22974E+01 -1.95006E+00  5.61408E+04  4.67420E+04  2.78234E+04  4.04700E+03 -6.77652E+02 -2.06647E+02  0.00000E+00  1.09361E-03  1.31391E-04
       2       6       3  2.07643E-03  2.01516E-03  2.07643E-05  2.03756E+00  8.45048E-01  2.82898E-01  9.67982E+00 -3.75730E+01  7.87736E+00  3.68017E+04  2.15118E+04  1.65153E+04  7.96316E+03 -2.48717E+03 -3.09060E+03  0.00000E+00  1.63086E-03  3.84298E-04
       2       6       4  3.67886E-03  2.74310E-03  3.67886E-05  3.14934E+00  1.30339E+00  4.54655E-01  3.12452E+01 -8.55396E+01 -3.68411E+00  4.77298E+04  8.51012E+04  3.78025E+04 -1.75878E+04  2.81355E+03  5.81302E+02  0.00000E+00  2.47464E-03  2.68457E-04
       2       6       5  4.24691E-03  4.43678E-03  4.24691E-05  4.80550E+00  1.99589E+00  6.74325E-01  2.30512E+01 -6.12105E+01  6.45752E+00  4.12792E+04  4.24965E+04  1.44821E+04 -9.04474E+02 -9.82639E+01  4.85850E+03  0.00000E+00  3.98563E-03  4.51149E-04
       2       6       6  5.53098E-03  5.54633E-03  5.53098E-05  6.43645E+00  2.67015E+00  9.46306E-01  1.68594E+01 -4.35059E+01  3.88693E-02  2.44350E+04  2.03744E+04  1.14179E+04  2.15172E+03  1.06273E+03  2.74249E+03  0.00000E+00  4.76391E-03  7.82418E-04
       2       6       7  7.93604E-03  5.47471E-03  7.93604E-05  1.09739E+01  4.54679E+00  1.65361E+00  9.27765E+01 -2.25914E+02 -1.23605E+00  3.76209E+04  6.79237E+04  1.77679E+04 -1.51758E+04  1.40512E+03  2.80459E+03  0.00000E+00  4.79465E-03  6.80061E-04
       2       6       8  8.03600E-03  9.49277E-03  8.03600E-05  1.65565E+01  6.83125E+00  2.42795E+00  6.04746E+01 -1.44906E+02  2.89194E+00  2.63943E+04  3.10541E+04  8.78727E+03 -2.47414E+03  4.17506E+02  1.85605E+03  0.00000E+00  8.15326E-03  1.33950E-03
       2       6       9  1.14674E-02  1.16063E-02  1.14674E-04  2.25059E+01  9.24581E+00  3.53226E+00  3.21874E+01 -7.82221E+01 -3.86891E+00  9.61836E+03  1.22721E+04  3.74034E+03 -1.36242E+03  5.91162E+02  5.84253E+02  0.00000E+00  8.03673E-03  3.56960E-03
       2       6      10  1.89280E-02  2.13303E-02  1.89280E-04  5.75986E+01  2.38759E+01  8.02557E+00  8.44142E+01 -2.06075E+02 -1.90249E+00  1.71190E+04  4.98691E+04  4.20131E+03 -1.63597E+04  1.06318E+02  1.51760E+02  0.00000E+00  2.06257E-02  7.04562E-04
       3       1       1  4.18020E-04  4.28585E-04  4.18020E-06  8.13913E-02  6.33251E-02  5.62143E-01 -6.29822E+00  9.14158E+00 -1.31110E+00  3.91019E+04  3.20986E+04  8.65769E+04  6.53926E+03  7.68651E+03  1.30643E+04  7.62850E-05  0.00000E+00  3.52300E-04
       3       1       2  1.19388E-04  1.19544E-04  1.19388E-06  2.26929E-01  1.74861E-01  1.46823E+00  6.41739E+00  1.07742E+02 -8.77027E+00  2.92324E+04  4.53020E+04  8.62948E+04  7.12916E+03  3.28497E+03  1.83786E+04  5.33208E-05  0.00000E+00  6.62227E-05
       3       1       3  2.06174E-04  2.08729E-04  2.06174E-06  3.54380E-01  2.84166E-01  2.18830E+00  3.23751E+00  2.70550E+01 -5.82611E-01  2.71258E+04  2.48640E+04  4.31567E+04  1.16413E+04  5.40650E+03  8.49919E+03  4.07504E-05  0.00000E+00  1.67979E-04
       3       1       4  2.89807E-04  1.75900E-04  2.89807E-06  5.03992E-01  3.82979E-01  3.55683E+00 -4.66695E+00  2.52244E+01 -1.67983E+01  4.47451E+04  6.28949E+04  4.81731E+04  4.56861E+03 -6.73640E+03  4.00134E+03  1.34944E-04  0.00000E+00  4.09553E-05
       3       1       5  2.65170E-04  3.20264E-04  2.65170E-06  7.43160E-01  5.67765E-01  5.19246E+00 -1.26964E-01  1.59221E+01 -2.32696E+01  1.70921E+04  2.42951E+04  3.82387E+04  1.74878E+03  1.73604E+02  3.61210E+03  2.40702E-04  0.00000E+00  7.95618E-05
       3       1       6  2.13164E-04  2.54644E-04  2.13164E-06  9.56746E-01  7.50605E-01  6.89025E+00 -7.77463E+00  3.98439E+00 -2.31399E+01  6.56521E+03  8.87679E+03  3.03294E+04 -5.31637E+02  1.69358E+03  3.97430E+03  1.06788E-04  0.00000E+00  1.47856E-04
       3       1       7  2.17271E-04  2.12460E-04  2.17271E-06  1.74288E+00  1.32670E+00  1.21535E+01 -7.44314E+00 -1.59216E+02  9.28502E+00  2.06427E+04  4.04472E+04  4.52970E+04  2.09127E+03 -2.69536E+03  4.64407E+03  1.38328E-04  0.00000E+00  7.41317E-05
       3       1       8  3.63664E-04  4.43764E-04  3.63664E-06  2.51612E+00  1.94173E+00  1.79502E+01  9.91672E-01 -9.88966E+01  1.42870E+01  9.79972E+03  1.68808E+04  2.80735E+04  2.82554E+02  5.80191E+01  2.55039E+03  2.75222E-04  0.00000E+00  1.68542E-04
       3       1       9  3.77770E-04  5.67191E-04  3.77770E-06  3.16882E+00  2.58816E+00  2.45137E+01 -8.20884E-01 -2.73146E+01 -6.82476E+00  1.86292E+03  3.59035E+03  8.75738E+03  2.35895E+02  5.91993E+02  1.02608E+03  1.08225E-04  0.00000E+00  4.58966E-04
       3       1      10  1.70413E-04  1.65775E-04  1.70413E-06  1.05874E+01  7.88044E+00  6.67136E+01 -6.77989E+00 -1.26771E+02  3.60525E+00  9.57960E+03  2.89709E+04  1.88484E+04  1.45361E+03 -2.05159E+03  2.77023E+03  8.99702E-05  0.00000E+00  7.58047E-05
       3       2       1  1.26207E-03  1.08408E-03  1.26207E-05  1.84439E-01  1.40881E-01  5.40250E-01  5.44766E+01 -6.07837E+01 -1.29843E+01  3.97234E+04  4.01144E+04  6.27124E+04 -6.09102E+02  2.17581E+03  9.41064E+03  1.32833E-04  3.28783E-04  6.22464E-04
       3       2       2  3.63864E-04  3.57503E-04  3.63864E-06  4.37844E-01  3.46403E-01  1.40303E+00 -4.27759E-01  8.86346E+01 -4.58968E+01  3.86516E+04  3.58868E+04  7.57208E+04  1.39763E+04  4.66707E+03  1.75992E+04  1.71606E-04  1.27785E-06  1.84619E-04
       3       2       3  6.26385E-04  5.23656E-04  6.26385E-06  6.61521E-01  4.93453E-01  2.06027E+00 -6.10370E+00  1.03761E+01 -7.62212E+00  1.97939E+04  1.37267E+04  4.18454E+04  1.15966E+04  8.28177E+03  1.31495E+04  6.46859E-05  1.15524E-07  4.58854E-04
       3       2       4  9.03339E-04  5.37819E-04  9.03339E-06  1.09027E+00  8.41427E-01  3.28290E+00  8.93763E+00  1.87064E+01 -8.19176E+00  4.74824E+04  5.29183E+04  6.70796E+04  1.04627E+04 -1.14521E+04  1.43468E+04  3.74273E-04  1.06282E-05  1.52918E-04
       3       2       5  8.42940E-04  1.01968E-03  8.42940E-06  1.62534E+00  1.24033E+00  4.86810E+00  3.47774E+00  1.70778E+01 -1.72488E+00  1.89053E+04  2.27473E+04  4.06826E+04  2.58359E+03 -1.46571E+03  7.64852E+03  7.45456E-04  1.39327E-06  2.72832E-04
       3       2       6  7.13060E-04  1.02142E-03  7.13060E-06  2.27562E+00  1.74154E+00  6.58471E+00  1.58412E+00  5.26360E+00  4.90468E-01  6.59700E+03  7.20922E+03  2.57472E+04  1.82110E+03  2.93872E+03  7.30472E+03  3.05256E-04  1.94103E-07  7.15971E-04
       3       2       7  7.03247E-04  5.69860E-04  7.03247E-06  3.65055E+00  2.92470E+00  1.13066E+01  8.21323E+00 -1.44494E+02  7.61283E+01  2.48370E+04  3.63471E+04  5.12178E+04  4.88052E+02 -7.93514E+03  1.16994E+04  3.52270E-04  1.75290E-05  2.00061E-04
       3       2       8  1.16019E-03  1.14654E-03  1.16019E-05  5.42849E+00  4.27163E+00  1.68281E+01  2.57082E+00 -9.18712E+01  4.56837E+01  1.11665E+04  1.66550E+04  3.05548E+04  1.55013E+03 -6.48954E+02  6.79835E+03  7.00240E-04  3.52415E-07  4.45949E-04
       3       2       9  1.28774E-03  1.40559E-03  1.28774E-05  7.41718E+00  5.69926E+00  2.29373E+01  6.93063E-01 -2.47812E+01  1.58413E+01  3.15556E+03  4.18531E+03  1.22075E+04  1.01495E+03  9.53204E+02  3.46057E+03  3.06400E-04  0.00000E+00  1.09919E-03
       3       2      10  5.85979E-04  7.54326E-04  5.85979E-06  2.32823E+01  1.72936E+01  6.84394E+01 -3.44677E-01 -3.24693E+01  1.45881E+01  5.57340E+03  9.48613E+03  3.06993E+04  2.94445E+03  4.90048E+03  1.01846E+04  1.09133E-04  0.00000E+00  6.45193E-04
       3       3       1  2.11472E-03  2.22415E-03  2.11472E-05  2.78925E-01  2.15151E-01  4.77701E-01  8.83821E+01 -1.18428E+02 -4.84253E-01  3.47560E+04  3.49505E+04  3.86943E+04 -3.09904E+03 -7.00284E+02  2.15530E+03  1.12068E-04  1.74121E-03  3.70880E-04
       3       3       2  6.21852E-04  6.32708E-04  6.21852E-06  7.15932E-01  5.63256E-01  1.19809E+00 -1.58566E+01  5.35557E+01 -2.74178E+01  4.25746E+04  3.50245E+04  5.25227E+04  1.09827E+04  3.59874E+03  1.05701E+04  9.63541E-05  3.77977E-04  1.58377E-04
       3       3       3  1.06108E-03  1.13560E-03  1.06108E-05  1.05260E+00  8.17614E-01  1.79165E+00  2.20002E+01 -3.12305E+01  1.26578E+00  1.55853E+04  1.19389E+04  2.68834E+04  8.97485E+03  4.81713E+03  8.07501E+03  5.44269E-05  7.72549E-04  3.08625E-04
       3       3       4  1.60577E-03  1.24689E-03  1.60577E-05  1.61565E+00  1.26212E+00  2.83309E+00  7.46873E+01 -8.57559E+01 -7.67668E+00  5.77335E+04  6.63446E+04  4.88665E+04 -1.94118E+04 -2.08211E+03  1.01246E+04  3.02852E-04  7.16295E-04  2.27742E-04
       3       3       5  1.56178E-03  1.98915E-03  1.56178E-05  2.58398E+00  2.02464E+00  4.12281E+00  3.25200E+01 -2.98159E+01 -5.37625E+00  2.91097E+04  2.58532E+04  3.17435E+04  1.29719E+03  1.42780E+03  8.63037E+03  6.29741E-04  9.73742E-04  3.85671E-04
       3       3       6  1.46067E-03  1.78645E-03  1.46067E-05  3.19544E+00  2.47967E+00  5.60665E+00  2.52525E+01 -3.13059E+01 -3.60672E+00  1.30873E+04  1.38363E+04  1.94781E+04 -2.44089E+03  4.02324E+03  7.64507E+03  2.55467E-04  8.23344E-04  7.07636E-04
       3       3       7  1.40931E-03  1.39634E-03  1.40931E-05  5.72685E+00  4.55057E+00  9.86799E+00  9.91998E+01 -1.51787E+02  2.77022E+01  3.59004E+04  3.87560E+04  3.98427E+04 -1.17085E+04  2.83932E+03  1.06546E+04  2.45120E-04  8.11927E-04  3.39294E-04
       3       3       8  2.15786E-03  2.85189E-03  2.15786E-05  8.59321E+00  6.80913E+00  1.44811E+01  6.11214E+01 -9.40028E+01  1.92135E+01  1.84157E+04  1.85158E+04  2.42234E+04 -2.59774E+03  3.32839E+03  7.23049E+03  4.69813E-04  1.51502E-03  8.67057E-04
       3       3       9  2.73111E-03  3.22008E-03  2.73111E-05  1.18565E+01  9.33353E+00  1.95619E+01  2.49763E+01 -3.49070E+01  7.35652E+00  6.72136E+03  6.08587E+03  1.02801E+04  1.29919E+02  2.37949E+03  3.92752E+03  2.10717E-04  9.40646E-04  2.06871E-03
       3       3      10  1.40242E-03  1.69696E-03  1.40242E-05  3.66607E+01  2.81413E+01  6.04988E+01  1.22142E+01 -1.61641E+01 -2.06980E+00  1.03635E+04  6.55761E+03  2.56804E+04  6.62639E+03  8.25758E+03  1.07945E+04  0.00000E+00  5.34966E-04  1.16200E-03
       3       4       1  2.93166E-03  3.25165E-03  2.93166E-05  3.92820E-01  3.03219E-01  3.49148E-01  8.72625E+01 -1.17627E+02 -2.63746E+00  4.10690E+04  4.61125E+04  2.95827E+04 -1.25207E+04  1.91151E+03  3.04697E+03  8.98794E-05  2.66529E-03  4.96485E-04
       3       4       2  8.87304E-04  9.42887E-04  8.87304E-06  9.67959E-01  7.59070E-01  8.64988E-01 -2.32961E+01  3.93884E+01 -2.08568E+01  4.88266E+04  4.55893E+04  3.02673E+04 -9.13261E+02  1.38800E+03  4.83902E+03  8.00428E-05  6.86792E-04  1.76052E-04
       3       4       3  1.48983E-03  1.54052E-03  1.48983E-05  1.40674E+00  1.08853E+00  1.26691E+00  8.03674E+00 -9.40132E+00 -3.57832E+00  2.31274E+04  2.25291E+04  1.63462E+04 -2.46536E+03  3.24241E+03  5.29687E+03  3.28552E-05  9.48578E-04  5.59087E-04
       3       4       4  2.39740E-03  1.75673E-03  2.39740E-05  2.19950E+00  1.71537E+00  2.02672E+00  9.74930E+01 -1.32990E+02 -5.31830E+00  6.23111E+04  7.57699E+04  4.07556E+04 -2.65922E+04 -5.13243E+03  4.36211E+03  2.85340E-04  1.31120E-03  1.60192E-04
       3       4       5  2.47780E-03  3.33332E-03  2.47780E-05  3.32956E+00  2.59883E+00  3.03594E+00  5.42038E+01 -6.92265E+01 -2.32890E+00  3.52171E+04  3.66654E+04  2.65331E+04  1.01461E+03  1.09939E+03  5.63906E+03  5.45615E-04  2.44609E-03  3.41612E-04
       3       4       6  2.64428E-03  3.20456E-03  2.64428E-05  4.72256E+00  3.68283E+00  4.09468E+00  3.60407E+01 -4.61325E+01 -5.61771E+00  1.99328E+04  1.63125E+04  1.23197E+04  2.61455E+03  3.43642E+03  5.05234E+03  2.20787E-04  2.11079E-03  8.72982E-04
       3       4       7  2.73699E-03  2.59706E-03  2.73699E-05  7.76426E+00  6.03924E+00  6.94959E+00  1.20560E+02 -1.65686E+02  1.82994E+01  4.22719E+04  4.95630E+04  3.11422E+04 -1.32374E+04  3.92873E+03  7.14605E+03  2.03550E-04  1.98020E-03  4.13307E-04
       3       4       8  3.49978E-03  4.72272E-03  3.49978E-05  1.16112E+01  9.11124E+00  1.03561E+01  7.41549E+01 -1.00895E+02  1.62131E+01  2.33921E+04  2.31907E+04  1.80520E+04 -1.84954E+02  2.45959E+03  4.36083E+03  4.07458E-04  3.48977E-03  8.25488E-04
       3       4       9  5.14822E-03  5.93520E-03  5.14822E-05  1.58860E+01  1.26220E+01  1.42471E+01  3.76490E+01 -5.44731E+01  4.62481E+00  8.59110E+03  8.53776E+03  6.24904E+03  1.71872E+02  1.07925E+03  1.75044E+03  1.54096E-04  4.01762E-03  1.76349E-03
       3       4      10  3.70289E-03  4.67063E-03  3.70289E-05  4.47341E+01  3.43403E+01  3.80018E+01  9.51690E+01 -1.19249E+02  1.23131E-01  2.39554E+04  2.78421E+04  8.33969E+03 -9.69069E+03  1.63215E+03  2.16944E+03  0.00000E+00  3.89890E-03  7.71736E-04
       3       5       1  3.60748E-03  3.38628E-03  3.60748E-05  4.28315E-01  3.29821E-01  2.30612E-01  8.17374E+01 -1.16700E+02 -2.58875E+00  3.57535E+04  4.22337E+04  3.54041E+04 -1.01877E+04  6.15461E+02  1.75303E+03  8.03419E-05  2.78234E-03  5.23596E-04
       3       5       2  1.12601E-03  1.23661E-03  1.12601E-05  1.09645E+00  8.58755E-01  5.93130E-01 -1.27709E+01  1.20482E+01 -2.04752E+01  5.76350E+04  5.08994E+04  3.17344E+04  1.36089E+04 -1.09321E+03 -1.33640E+02  7.00068E-05  9.34186E-04  2.32414E-04
       3       5       3  1.85394E-03  1.83928E-03  1.85394E-05  1.57995E+00  1.21575E+00  8.48550E-01  2.13496E+01 -2.12924E+01 -7.45151E+00  3.26205E+04  3.13294E+04  1.91970E+04  6.97224E+03  9.86591E+02  5.07575E+02  2.28064E-05  1.29783E-03  5.18646E-04
       3       5       4  3.16118E-03  2.08112E-03  3.16118E-05  2.50146E+00  1.95197E+00  1.33935E+00  8.09539E+01 -1.04264E+02 -9.19705E+00  5.27668E+04  5.46543E+04  5.95510E+04 -7.66950E+03 -1.84103E+03 -5.23725E+02  2.71262E-04  1.68204E-03  1.27819E-04
       3       5       5  3.48673E-03  3.82283E-03  3.48673E-05  3.83600E+00  2.98091E+00  2.10063E+00  5.35062E+01 -6.68778E+01 -2.03740E+00  3.28348E+04  3.18010E+04  2.85458E+04  4.99157E+03 -1.02158E+03  2.89427E+03  4.96856E-04  2.99502E-03  3.30954E-04
       3       5       6  4.21327E-03  4.30551E-03  4.21327E-05  5.30733E+00  4.07688E+00  2.79223E+00  3.97641E+01 -5.04264E+01 -2.29835E+00  2.43620E+04  1.89497E+04  1.35572E+04  7.44710E+03  1.46574E+03  2.36498E+03  2.05335E-04  3.17265E-03  9.27528E-04
       3       5       7  5.18075E-03  3.17813E-03  5.18075E-05  8.69441E+00  6.81870E+00  4.57187E+00  9.58714E+01 -1.28194E+02  2.38146E+01  4.55638E+04  4.36926E+04  3.42334E+04  4.50615E+03  2.50204E+03  5.76277E+03  1.89574E-04  2.32776E-03  6.60796E-04
       3       5       8  5.50060E-03  6.10840E-03  5.50060E-05  1.31906E+01  1.03217E+01  6.84999E+00  5.91523E+01 -7.92818E+01  1.46061E+01  2.65623E+04  2.28627E+04  1.62140E+04  7.72152E+03  2.42266E+03  4.33154E+03  3.43669E-04  4.15854E-03  1.60619E-03
       3       5       9  8.49527E-03  9.77582E-03  8.49527E-05  1.87513E+01  1.44937E+01  9.24600E+00  2.45698E+01 -3.38301E+01  2.01408E+00  8.68184E+03  7.42359E+03  4.74361E+03  3.14410E+03  1.27497E+03  1.68489E+03  1.51946E-04  4.88916E-03  4.73472E-03
       3       5      10  9.75714E-03  6.22525E-03  9.75714E-05  5.00092E+01  3.86197E+01  2.66789E+01  8.06029E+01 -1.04621E+02 -6.76106E-01  2.35661E+04  2.54845E+04  1.00631E+04 -3.21364E+03  1.97969E+03  2.57221E+03  0.00000E+00  5.18631E-03  1.03894E-03
       3       6       1  3.99927E-03  4.30094E-03  3.99927E-05  4.55844E-01  3.52593E-01  7.64117E-02  8.28387E+01 -1.15835E+02 -1.15979E+00  3.57636E+04  3.89127E+04  3.15812E+04 -4.41846E+03  5.86401E+02  1.10966E+03  7.80319E-05  3.41574E-03  8.07164E-04
       3       6       2  1.27411E-03  1.36693E-03  1.27411E-05  1.17763E+00  9.22274E-01  2.02574E-01 -2.56394E+01  3.53086E+01 -1.51382E+01  5.54591E+04  4.95151E+04  3.03848E+04  1.12413E+04 -5.02105E+02 -1.62197E+03  4.49934E-05  1.15352E-03  1.68411E-04
       3       6       3  2.06889E-03  2.32842E-03  2.06889E-05  1.74466E+00  1.34178E+00  2.85519E-01  2.32155E+01 -2.68851E+01 -6.21971E+00  3.58257E+04  2.75643E+04  1.62368E+04  1.52229E+04 -2.28927E+03 -2.71381E+03  4.55618E-05  1.71207E-03  5.70792E-04
       3       6       4  3.65441E-03  3.19519E-03  3.65441E-05  2.69774E+00  2.08980E+00  4.47090E-01  5.02353E+01 -6.39440E+01 -3.91239E+00  5.84080E+04  6.83764E+04  4.59064E+04 -1.62219E+04 -4.94648E+02  5.11629E+02  2.67829E-04  2.57210E-03  3.55269E-04
       3       6       5  4.20865E-03  4.93912E-03  4.20865E-05  4.09702E+00  3.19899E+00  6.76771E-01  3.15739E+01 -4.63734E+01 -2.03204E+00  4.08253E+04  4.03887E+04  1.94455E+04  2.43804E+03  2.50150E+03  4.35555E+03  4.71447E-04  3.88972E-03  5.77961E-04
       3       6       6  5.47854E-03  6.51724E-03  5.47854E-05  5.58171E+00  4.31581E+00  9.37143E-01  2.70784E+01 -3.28716E+01 -4.00831E+00  2.35877E+04  2.18440E+04  1.21244E+04  5.64788E+03  2.84464E+03  2.70721E+03  1.99155E-04  5.24511E-03  1.07298E-03
       3       6       7  7.80371E-03  6.01941E-03  7.80371E-05  9.35890E+00  7.27666E+00  1.68176E+00  1.33966E+02 -1.76254E+02  9.62414E+00  4.67391E+04  5.63874E+04  2.01695E+04 -1.50213E+04  2.73833E+03  3.68904E+03  1.83123E-04  4.75219E-03  1.08410E-03
       3       6       8  7.89706E-03  1.04455E-02  7.89706E-05  1.41203E+01  1.09969E+01  2.52025E+00  8.66501E+01 -1.12935E+02  7.78505E+00  2.73504E+04  2.84904E+04  9.76841E+03 -1.14303E+03  1.20542E+03  1.91876E+03  3.20734E-04  8.11836E-03  2.00643E-03
       3       6       9  1.13450E-02  1.35550E-02  1.13450E-04  1.92924E+01  1.51336E+01  3.86962E+00  4.46031E+01 -5.68569E+01  3.05004E+00  9.65313E+03  1.03115E+04  3.63278E+03 -8.87316E+02  6.50104E+02  8.51207E+02  1.44778E-04  8.00850E-03  5.40175E-03
       3       6      10  1.83866E-02  2.10259E-02  1.83866E-04  4.92902E+01  3.78778E+01  8.14186E+00  1.37116E+02 -1.78457E+02  1.64710E+00  2.75311E+04  3.98986E+04  4.04226E+03 -2.29910E+04 -3.47229E+01  2.80469E+02  0.00000E+00  2.00645E-02  9.61413E-04
       4       1       1  4.17963E-04  3.79449E-04  4.17963E-06  6.17784E-02  7.96125E-02  5.62491E-01 -2.32247E+00  2.18626E+01 -1.01704E+00  3.96881E+04  4.88561E+04  1.07312E+05  6.66370E+03  1.05488E+04  1.24304E+04  5.68828E-05  0.00000E+00  3.22566E-04
       4       1       2  1.19368E-04  1.36543E-04  1.19368E-06  1.71623E-01  2.22173E-01  1.47960E+00  3.23813E+00  8.09344E+01 -9.24365E+00  3.50503E+04  4.82486E+04  9.60898E+04  8.10860E+03  1.06344E+04  1.05008E+04  4.81867E-05  0.00000E+00  8.83566E-05
       4       1       3  2.06148E-04  2.76264E-04  2.06148E-06  2.83273E-01  3.67664E-01  2.20640E+00  4.91816E+00  9.79921E+00 -1.34737E+00  2.09435E+04  2.23706E+04  4.31349E+04  7.73669E+03  5.98458E+03  6.08218E+03  2.64971E-05  0.00000E+00  2.49767E-04
       4       1       4  2.89748E-04  1.53074E-04  2.89748E-06  3.60815E-01  4.66266E-01  3.53336E+00  2.64731E+00  2.65249E+01 -1.60995E+01  4.10136E+04  5.56054E+04  6.64322E+04  5.10670E+03  8.22626E+02  7.01958E+03  1.05758E-04  0.00000E+00  4.73165E-05
       4       1       5  2.65118E-04  2.69507E-04  2.65118E-06  5.43462E-01  6.99986E-01  5.19719E+00 -8.57434E-01  1.58650E+01 -1.18141E+01  1.74482E+04  2.25956E+04  4.44883E+04  1.23890E+03  2.66490E+03  3.59241E+03  1.92631E-04  0.00000E+00  7.68767E-05
       4       1       6  2.13116E-04  2.13075E-04  2.13116E-06  6.91650E-01  9.09529E-01  6.92622E+00 -3.56181E+00  3.79948E+00 -1.66076E+01  6.40885E+03  8.85008E+03  3.79341E+04  1.27308E+02  3.67681E+03  3.49767E+03  8.79027E-05  0.00000E+00  1.25172E-04
       4       1       7  2.17237E-04  1.98401E-04  2.17237E-06  1.27484E+00  1.64733E+00  1.22291E+01 -5.47552E+00 -1.36213E+02  2.12339E+01  1.98819E+04  3.32518E+04  5.24910E+04  1.11117E+03  9.01755E+02  4.52095E+03  1.12526E-04  0.00000E+00  8.58756E-05
       4       1       8  3.63610E-04  3.85229E-04  3.63610E-06  1.78569E+00  2.29168E+00  1.77725E+01  3.05020E+00 -7.54021E+01  1.71748E+01  8.25679E+03  1.32374E+04  3.49156E+04  5.89679E+01  2.49747E+03  3.16827E+03  1.82048E-04  0.00000E+00  2.03181E-04
       4       1       9  3.77672E-04  5.11320E-04  3.77672E-06  2.50364E+00  3.20071E+00  2.43893E+01  1.41139E+00 -2.53600E+01  1.42783E+01  2.30448E+03  3.59052E+03  9.94328E+03  2.09755E+02  6.73638E+02  1.03717E+03  1.05717E-04  0.00000E+00  4.05603E-04
       4       1      10  1.70372E-04  1.58577E-04  1.70372E-06  8.18170E+00  1.11895E+01  6.97728E+01 -3.69230E+00 -9.35215E+01  7.22932E+00  8.87194E+03  2.09249E+04  2.12396E+04  1.00455E+03  2.98084E+02  2.43004E+03  6.57451E-05  0.00000E+00  9.28315E-05
       4       2       1  1.26123E-03  1.05400E-03  1.26123E-05  1.41213E-01  1.86278E-01  5.28829E-01  7.47604E+01 -5.75106E+01  1.72431E+00  4.18652E+04  4.26822E+04  5.91953E+04  1.88534E+03  2.27043E+03  7.09462E+03  8.75524E-05  3.78376E-04  5.88074E-04
       4       2       2  3.63562E-04  2.67773E-04  3.63562E-06  3.49315E-01  4.57993E-01  1.39306E+00  6.43947E+00  8.67047E+01 -4.39406E+01  2.72190E+04  4.71459E+04  8.43472E+04  1.71394E+04  1.36766E+04  1.73948E+04  1.11150E-04  1.35872E-06  1.55265E-04
       4       2       3  6.26001E-04  4.23967E-04  6.26001E-06  5.05766E-01  6.63372E-01  2.08204E+00 -1.33121E+00  1.89022E+01 -6.96247E+00  2.06314E+04  2.56464E+04  5.27486E+04  1.92034E+04  1.57901E+04  1.22626E+04  4.35354E-05  1.61753E-08  3.80416E-04
       4       2       4  9.02428E-04  3.57990E-04  9.02428E-06  8.50732E-01  1.11314E+00  3.21609E+00  1.27057E+01  2.13139E+00 -1.31418E+01  3.66811E+04  6.43583E+04  7.59418E+04  1.28337E+04  1.54505E+03  1.59643E+04  1.86107E-04  2.51016E-05  1.46782E-04
       4       2       5  8.42075E-04  6.17500E-04  8.42075E-06  1.25967E+00  1.64234E+00  4.84286E+00  2.95273E+00  1.71976E+01  5.26015E+00  1.21320E+04  2.58025E+04  4.72314E+04  2.20313E+03  4.46408E+03  8.76704E+03  3.70840E-04  1.84848E-06  2.44812E-04
       4       2       6  7.12206E-04  8.18094E-04  7.12206E-06  1.81634E+00  2.33946E+00  6.64699E+00  2.32246E+00  7.61572E+00  7.00701E+00  3.89366E+03  7.50867E+03  2.79558E+04  2.47020E+03  6.15817E+03  6.16155E+03  1.61727E-04  9.05815E-07  6.55461E-04
       4       2       7  7.02581E-04  5.01578E-04  7.02581E-06  3.01437E+00  3.85949E+00  1.10930E+01  4.65034E+01 -1.30783E+02  6.45881E+01  2.57990E+04  3.53548E+04  5.40750E+04 -4.87484E+03 -9.69019E+02  1.00483E+04  2.26485E-04  7.32073E-05  2.01885E-04
       4       2       8  1.15934E-03  8.57121E-04  1.15934E-05  4.36832E+00  5.51982E+00  1.66795E+01 -1.30141E+00 -8.10223E+01  3.79794E+01  7.47336E+03  1.70028E+04  3.41315E+04  2.27353E+03  2.95820E+03  5.91138E+03  4.29676E-04  2.29070E-06  4.25154E-04
       4       2       9  1.28601E-03  1.07159E-03  1.28601E-05  6.01816E+00  7.51692E+00  2.29110E+01  2.74630E+00 -2.02979E+01  1.16711E+01  1.90745E+03  4.33629E+03  1.17830E+04  6.98500E+02  1.72840E+03  2.65808E+03  1.94232E-04  0.00000E+00  8.77357E-04
       4       2      10  5.85032E-04  5.55366E-04  5.85032E-06  1.67109E+01  2.09437E+01  6.44582E+01 -3.57275E+00 -8.56610E+01  3.86963E+01  7.20927E+03  2.05105E+04  2.65224E+04  2.32334E+03 -1.20320E+03  5.43423E+03  2.17423E-04  0.00000E+00  3.37944E-04
       4       3       1  2.11130E-03  2.19885E-03  2.11130E-05  2.12572E-01  2.77002E-01  4.71616E-01  1.12766E+02 -8.51936E+01 -5.88227E+00  3.55914E+04  3.32289E+04  3.83035E+04 -1.36818E+03 -7.57918E+02  1.64325E+03  8.46583E-05  1.69456E-03  4.19630E-04
       4       3       2  6.20514E-04  6.81432E-04  6.20514E-06  5.42773E-01  6.99417E-01  1.22811E+00 -2.29053E+01  4.37582E+01 -3.46979E+01  3.42488E+04  3.94046E+04  5.49384E+04  1.01553E+04  1.72983E+03  5.80397E+03  1.26038E-04  4.44101E-04  1.11294E-04
       4       3       3  1.05950E-03  1.07741E-03  1.05950E-05  8.23351E-01  1.07773E+00  1.82565E+00  3.54933E+01 -1.08960E+01 -1.77455E+00  1.18951E+04  1.87387E+04  2.61835E+04  1.13875E+04  8.34613E+03  6.38977E+03  6.21010E-05  7.54003E-04  2.61308E-04
       4       3       4  1.60168E-03  1.13266E-03  1.60168E-05  1.24676E+00  1.60588E+00  2.83799E+00  1.01805E+02 -6.37360E+01 -8.40060E-01  6.87326E+04  5.74368E+04  5.01272E+04 -1.80521E+04  3.72404E+03  1.04447E+04  2.09799E-04  6.87018E-04  2.35847E-04
       4       3       5  1.55740E-03  1.79129E-03  1.55740E-05  2.00430E+00  2.58420E+00  4.11972E+00  4.44761E+01 -2.71099E+01 -9.70968E+00  2.72917E+04  2.83586E+04  3.27288E+04  1.70896E+03  5.55376E+03  7.59793E+03  4.07924E-04  9.86860E-04  3.96508E-04
       4       3       6  1.45595E-03  1.71724E-03  1.45595E-05  2.48639E+00  3.20962E+00  5.66086E+00  3.44787E+01 -2.21766E+01 -3.57721E+00  1.41536E+04  1.29640E+04  1.99667E+04 -1.80266E+03  6.80045E+03  6.44461E+03  1.62071E-04  8.11346E-04  7.43822E-04
       4       3       7  1.40466E-03  1.36321E-03  1.40466E-05  4.48372E+00  5.77428E+00  9.84207E+00  1.28240E+02 -1.17877E+02  4.42416E+01  3.91043E+04  3.43691E+04  3.96528E+04 -9.78161E+03  3.14697E+03  7.57267E+03  2.63038E-04  7.82005E-04  3.18169E-04
       4       3       8  2.15367E-03  2.68745E-03  2.15367E-05  6.64443E+00  8.55930E+00  1.45408E+01  8.57669E+01 -7.85262E+01  2.81068E+01  1.95232E+04  1.78518E+04  2.27164E+04 -3.13019E+03  3.00740E+03  4.47217E+03  5.38618E-04  1.48397E-03  6.64856E-04
       4       3       9  2.72137E-03  2.81489E-03  2.72137E-05  9.21131E+00  1.16507E+01  1.95556E+01  3.71796E+01 -3.03306E+01  8.54544E+00  6.78356E+03  6.31575E+03  9.48272E+03 -3.67423E+02  2.41943E+03  2.65999E+03  1.95307E-04  9.63162E-04  1.65642E-03
       4       3      10  1.39401E-03  1.43927E-03  1.39401E-05  2.64201E+01  3.45787E+01  5.84037E+01  1.73981E+01 -4.60876E+01  3.17853E+01  8.00484E+03  1.44818E+04  2.63327E+04  5.15443E+03  2.10374E+03  5.81211E+03  2.78889E-04  4.61663E-04  6.98716E-04
       4       4       1  2.92350E-03  3.24894E-03  2.92350E-05  3.00774E-01  3.90478E-01  3.48211E-01  1.15762E+02 -9.25813E+01 -3.27874E+00  4.63537E+04  3.84208E+04  2.79720E+04 -1.26194E+04  1.73068E+03  2.33209E+03  7.70523E-05  2.68723E-03  4.84659E-04
       4       4       2  8.83764E-04  1.03079E-03  8.83764E-06  7.58148E-01  9.80111E-01  8.64095E-01 -2.34385E+01  4.14340E+01 -2.86065E+01  4.78551E+04  4.63474E+04  3.31631E+04 -2.34997E+02  5.39948E+02  4.07316E+03  1.34385E-04  7.51301E-04  1.45100E-04
       4       4       3  1.48599E-03  1.39718E-03  1.48599E-05  1.07905E+00  1.38621E+00  1.26497E+00  1.33346E+01 -1.21006E+01 -7.04215E+00  2.69494E+04  2.62686E+04  1.77031E+04 -4.35253E+03  5.49039E+03  3.38220E+03  5.34004E-05  9.63315E-04  3.80469E-04
       4       4       4  2.38650E-03  1.66910E-03  2.38650E-05  1.69960E+00  2.19775E+00  2.01446E+00  1.35627E+02 -1.04539E+02 -7.21017E+00  7.90483E+04  6.57307E+04  3.76196E+04 -2.60253E+04 -2.32077E+03  2.91850E+03  2.13576E-04  1.27023E-03  1.85297E-04
       4       4       5  2.46428E-03  3.64302E-03  2.46428E-05  2.60543E+00  3.38949E+00  3.01225E+00  7.63139E+01 -5.54784E+01 -3.75033E+00  3.45129E+04  3.63240E+04  2.45019E+04 -5.37897E+01  2.72472E+03  3.34196E+03  4.00369E-04  2.93293E-03  3.09728E-04
       4       4       6  2.62814E-03  2.55127E-03  2.62814E-05  3.56120E+00  4.64157E+00  3.98333E+00  5.58285E+01 -3.83794E+01  2.36187E+00  2.14599E+04  2.16144E+04  1.55754E+04  4.70149E+03  5.33178E+03  5.13221E+03  1.62757E-04  1.76469E-03  6.23821E-04
       4       4       7  2.71422E-03  2.72341E-03  2.71422E-05  6.04507E+00  7.80078E+00  7.01275E+00  1.53804E+02 -1.34045E+02  3.11866E+01  4.93452E+04  4.23441E+04  3.04507E+04 -1.32367E+04  2.88541E+03  5.70773E+03  2.90990E-04  2.02067E-03  4.11745E-04
       4       4       8  3.48412E-03  4.93035E-03  3.48412E-05  9.09062E+00  1.17159E+01  1.04332E+01  9.09051E+01 -8.74028E+01  1.04324E+01  2.27956E+04  2.35248E+04  1.71401E+04 -3.17299E+02  2.59005E+03  2.86227E+03  4.80205E-04  3.64852E-03  8.01621E-04
       4       4       9  5.11439E-03  6.40272E-03  5.11439E-05  1.24815E+01  1.62271E+01  1.43363E+01  4.51492E+01 -3.95649E+01  1.60155E+00  7.68713E+03  8.20002E+03  5.78869E+03  4.70325E+02  1.01043E+03  1.05671E+03  2.42970E-04  4.11650E-03  2.04325E-03
       4       4      10  3.64934E-03  4.80985E-03  3.64934E-05  3.37677E+01  4.39700E+01  3.77052E+01  1.23098E+02 -1.00294E+02  1.08310E+01  2.87669E+04  2.29719E+04  1.01264E+04 -9.89902E+03  2.54034E+02  1.17019E+03  2.64728E-04  4.19858E-03  3.46541E-04
       4       5       1  3.59360E-03  3.43915E-03  3.59360E-05  3.32603E-01  4.30644E-01  2.32005E-01  1.10803E+02 -8.84150E+01 -4.69481E+00  4.29105E+04  3.60318E+04  3.53898E+04 -8.96020E+03  6.93642E+01  6.97747E+02  7.51301E-05  2.84134E-03  5.22687E-04
       4       5       2  1.11939E-03  1.09970E-03  1.11939E-05  8.52396E-01  1.09562E+00  5.92318E-01 -1.79960E+01  1.67255E+01 -3.00773E+01  4.92634E+04  5.22301E+04  3.74681E+04  8.38787E+03 -2.67042E+01  7.94875E+02  1.29157E-04  8.21585E-04  1.48957E-04
       4       5       3  1.84732E-03  1.84472E-03  1.84732E-05  1.23509E+00  1.58019E+00  8.47468E-01  2.88557E+01 -1.38677E+01 -7.94210E+00  2.97131E+04  3.24892E+04  1.92107E+04  5.55764E+03  2.18148E+03  8.01499E+02  5.19337E-05  1.39767E-03  3.95110E-04
       4       5       4  3.14074E-03  1.98327E-03  3.14074E-05  1.94098E+00  2.53069E+00  1.31581E+00  1.09184E+02 -8.34353E+01 -5.09548E+00  5.84013E+04  5.42663E+04  5.57670E+04 -8.19064E+03 -2.06592E+03  1.66552E+03  2.13920E-04  1.62895E-03  1.40394E-04
       4       5       5  3.45759E-03  3.54410E-03  3.45759E-05  2.95285E+00  3.84327E+00  2.10657E+00  6.91575E+01 -5.48267E+01 -7.32377E+00  3.08266E+04  3.68787E+04  2.76689E+04  5.10529E+03  1.00345E+02  5.73765E+02  3.79080E-04  2.85644E-03  3.08575E-04
       4       5       6  4.17523E-03  4.07596E-03  4.17523E-05  4.05627E+00  5.32373E+00  2.78774E+00  5.54980E+01 -3.66568E+01  2.00570E+00  2.06578E+04  2.18696E+04  1.21602E+04  7.45879E+03  1.17172E+03  1.98474E+03  1.58294E-04  3.20048E-03  7.17181E-04
       4       5       7  5.10416E-03  3.05428E-03  5.10416E-05  6.71604E+00  8.74766E+00  4.58083E+00  1.24176E+02 -1.03200E+02  2.82504E+01  4.22175E+04  4.44387E+04  3.62027E+04  2.74928E+03  2.76656E+03  3.86960E+03  2.82031E-04  2.24455E-03  5.27700E-04
       4       5       8  5.44005E-03  5.77543E-03  5.44005E-05  1.01596E+01  1.32526E+01  6.91231E+00  8.07134E+01 -6.18065E+01  2.28979E+01  2.21804E+04  2.50697E+04  1.79931E+04  6.19207E+03  2.59661E+03  3.35762E+03  5.12458E-04  4.02223E-03  1.24074E-03
       4       5       9  8.41349E-03  8.44544E-03  8.41349E-05  1.41405E+01  1.85466E+01  9.47859E+00  4.00494E+01 -2.89002E+01  4.24501E+00  7.66968E+03  8.67312E+03  5.53687E+03  2.42765E+03  1.30423E+03  1.06513E+03  2.10000E-04  4.78206E-03  3.45339E-03
       4       5      10  9.51494E-03  5.98891E-03  9.51494E-05  3.82578E+01  4.96617E+01  2.62179E+01  1.04494E+02 -8.07084E+01  1.12788E+01  2.52423E+04  2.28746E+04  1.21877E+04 -3.79711E+03 -1.18656E+02  7.92478E+02  2.62438E-04  4.65040E-03  1.07607E-03
       4       6       1  3.98132E-03  4.09035E-03  3.98132E-05  3.51428E-01  4.54484E-01  7.56391E-02  1.17389E+02 -9.47105E+01 -5.81059E+00  4.03260E+04  3.64129E+04  3.28557E+04 -5.54332E+03 -2.36131E+02 -4.81541E+02  7.63385E-05  3.51163E-03  5.02377E-04
       4       6       2  1.26505E-03  1.32263E-03  1.26505E-05  9.11970E-01  1.18291E+00  1.98305E-01 -3.85818E+01  3.07548E+01 -2.35694E+01  4.67196E+04  5.01033E+04  3.38176E+04  6.59416E+03 -2.40836E+03 -6.06906E+02  1.07372E-04  1.08682E-03  1.28439E-04
       4       6       3  2.06025E-03  2.26873E-03  2.06025E-05  1.34873E+00  1.74441E+00  2.87768E-01  3.01585E+01 -2.61309E+01 -1.24450E+01  2.39598E+04  2.93280E+04  1.68175E+04  8.95120E+03  1.03202E+02 -1.71425E+03  7.62656E-05  1.81846E-03  3.73999E-04
       4       6       4  3.62648E-03  3.05702E-03  3.62648E-05  2.09515E+00  2.72034E+00  4.62868E-01  7.15171E+01 -5.23848E+01 -5.28819E+00  6.74094E+04  5.59576E+04  4.33714E+04 -2.29750E+04  3.54027E+02  8.78280E+02  2.08082E-04  2.64278E-03  2.06159E-04
       4       6       5  4.16526E-03  4.45503E-03  4.16526E-05  3.16274E+00  4.12156E+00  6.82687E-01  4.51481E+01 -3.44936E+01 -2.42489E+00  3.97424E+04  3.92617E+04  1.75395E+04 -7.45665E+02  2.29939E+03  2.13555E+03  3.68779E-04  3.68793E-03  3.98319E-04
       4       6       6  5.41886E-03  6.40825E-03  5.41886E-05  4.29691E+00  5.56196E+00  9.31408E-01  3.72215E+01 -2.53117E+01 -4.36978E-01  1.94286E+04  2.13672E+04  1.18880E+04  2.37384E+03  1.55841E+03  1.51042E+03  1.57607E-04  5.42511E-03  8.25532E-04
       4       6       7  7.65445E-03  5.74950E-03  7.65445E-05  7.25255E+00  9.41284E+00  1.62637E+00  1.84333E+02 -1.41638E+02  1.69440E+01  5.50032E+04  4.53097E+04  2.23519E+04 -1.99858E+04  1.40379E+03  1.57275E+03  2.78089E-04  4.76181E-03  7.09604E-04
       4       6       8  7.74319E-03  9.83910E-03  7.74319E-05  1.09114E+01  1.41808E+01  2.44474E+00  1.18278E+02 -9.30179E+01  1.09577E+01  2.82371E+04  2.67619E+04  1.06793E+04 -3.37925E+03  9.73328E+02  7.53596E+02  5.01349E-04  8.01999E-03  1.31776E-03
       4       6       9  1.12065E-02  1.10628E-02  1.12065E-04  1.47376E+01  1.91304E+01  3.45114E+00  6.93650E+01 -5.38524E+01  5.45447E+00  1.14393E+04  1.02983E+04  4.30851E+03 -2.33240E+03  3.77736E+02  6.20990E+02  2.05700E-04  7.94626E-03  2.91086E-03
       4       6      10  1.77857E-02  2.09998E-02  1.77857E-04  3.78127E+01  4.91231E+01  8.12935E+00  1.78262E+02 -1.37196E+02  4.39689E+00  3.96866E+04  2.71380E+04  4.87194E+03 -2.30522E+04  1.31363E+02  2.94752E+02  2.59244E-04  2.01996E-02  5.41000E-04
       5       1       1  4.17914E-04  5.13860E-04  4.17914E-06  3.74952E-02  9.54760E-02  5.45247E-01  2.73752E+00  6.95667E+00 -4.18801E+00  2.51836E+04  4.02873E+04  9.47765E+04  6.86104E+03  1.49591E+04  8.69608E+03  4.99540E-05  0.00000E+00  4.63906E-04
       5       1       2  1.19351E-04  1.51862E-04  1.19351E-06  1.12748E-01  2.76626E-01  1.48289E+00  5.32497E+00  4.34264E+01 -5.64041E+00  2.70199E+04  3.69916E+04  9.44426E+04  3.18345E+03  1.56381E+04  1.13920E+04  4.09827E-05  0.00000E+00  1.10879E-04
       5       1       3  2.06126E-04  2.90713E-04  2.06126E-06  1.73531E-01  4.29143E-01  2.20020E+00 -7.24230E-01 -4.51939E+00 -4.85790E+00  1.76040E+04  2.89465E+04  2.82829E+04  5.91430E+03  4.89179E+03  3.59180E+03  2.20368E-05  0.00000E+00  2.68677E-04
       5       1       4  2.89697E-04  1.31360E-04  2.89697E-06  2.41559E-01  5.73481E-01  3.55043E+00  3.87608E-01  1.57656E+01 -1.25296E+01  3.97322E+04  5.90829E+04  5.92181E+04  4.70062E+03  1.15660E+03  3.59387E+03  8.92762E-05  0.00000E+00  4.20840E-05
       5       1       5  2.65073E-04  2.37797E-04  2.65073E-06  3.46141E-01  8.22093E-01  5.18244E+00 -1.28409E+00  1.79919E+01  2.33429E+00  1.64027E+04  2.24990E+04  4.14080E+04  2.75167E+02  2.77875E+03  1.24950E+03  1.66878E-04  0.00000E+00  7.09191E-05
       5       1       6  2.13074E-04  2.36227E-04  2.13074E-06  4.70141E-01  1.13491E+00  7.01547E+00  1.61848E+00  6.87215E+00 -3.09022E+00  5.38836E+03  7.59230E+03  3.04663E+04  1.58364E+02  3.87874E+03  1.65709E+03  8.03486E-05  0.00000E+00  1.55878E-04
       5       1       7  2.17207E-04  1.70025E-04  2.17207E-06  7.92856E-01  1.91791E+00  1.21632E+01  2.46660E+00 -1.37637E+02  3.35379E+01  2.11399E+04  3.46586E+04  5.15331E+04  2.09789E+02  1.38986E+03  3.29647E+03  1.01058E-04  0.00000E+00  6.89672E-05
       5       1       8  3.63563E-04  3.16658E-04  3.63563E-06  1.15358E+00  2.82109E+00  1.79395E+01 -4.18829E+00 -8.31099E+01  5.69893E+00  8.70410E+03  1.41309E+04  3.32101E+04  8.86005E+02  3.14017E+03  1.60183E+03  1.63772E-04  0.00000E+00  1.52887E-04
       5       1       9  3.77588E-04  3.82303E-04  3.77588E-06  1.67144E+00  4.12602E+00  2.41104E+01 -2.98262E-01 -3.43172E+01 -8.68129E+00  2.52876E+03  4.20839E+03  1.19395E+04 -8.70026E+01  1.26259E+03  8.02412E+02  9.03073E-05  0.00000E+00  2.91995E-04
       5       1      10  1.70336E-04  1.45366E-04  1.70336E-06  5.16768E+00  1.17244E+01  6.77071E+01 -6.01906E+00 -9.60358E+01 -1.52860E+01  9.22945E+03  2.05174E+04  2.64787E+04  1.22303E+03  1.72998E+03  2.30930E+03  5.95382E-05  0.00000E+00  8.58279E-05
       5       2       1  1.26050E-03  1.32397E-03  1.26050E-05  8.58190E-02  2.13132E-01  5.34536E-01  7.94172E+01 -2.63071E+01 -5.51311E+00  3.56814E+04  3.68511E+04  5.58792E+04  7.98321E+02  7.34717E+03  5.20601E+03  7.08535E-05  4.25329E-04  8.27786E-04
       5       2       2  3.63302E-04  2.09206E-04  3.63302E-06  2.20205E-01  5.33090E-01  1.38923E+00  3.56873E-01  7.97934E+01 -4.56617E+01  2.28410E+04  5.94727E+04  8.60375E+04  1.73352E+04  2.68052E+04  1.40608E+04  7.12072E-05  2.09190E-06  1.35907E-04
       5       2       3  6.25668E-04  4.13353E-04  6.25668E-06  3.10379E-01  7.69580E-01  2.08989E+00 -2.61939E-02  1.35255E+01 -9.29767E+00  8.28923E+03  3.29976E+04  4.42984E+04  1.31566E+04  1.40423E+04  6.05475E+03  4.45188E-05  3.39681E-07  3.68494E-04
       5       2       4  9.01639E-04  4.04777E-04  9.01639E-06  5.80626E-01  1.41547E+00  3.24279E+00  6.45558E+01 -6.36624E+00 -2.38461E+00  5.07328E+04  5.23319E+04  5.72052E+04 -6.17895E+03  2.42867E+03  6.37582E+03  1.40782E-04  1.46232E-04  1.17763E-04
       5       2       5  8.41328E-04  5.19567E-04  8.41328E-06  8.10775E-01  1.90901E+00  4.81877E+00  2.08161E+00  1.99571E+01  5.93815E-01  8.30653E+03  2.74394E+04  4.79193E+04  2.76047E+03  8.11558E+03  5.46706E+03  2.80190E-04  1.70749E-06  2.37669E-04
       5       2       6  7.11468E-04  7.51059E-04  7.11468E-06  1.11771E+00  2.66211E+00  6.71507E+00 -2.47134E+00  1.16759E+00 -4.61497E+00  1.92280E+03  7.20925E+03  2.25432E+04  1.21137E+03  5.74912E+03  2.82035E+03  1.22926E-04  6.13043E-06  6.22002E-04
       5       2       7  7.02005E-04  4.26635E-04  7.02005E-06  1.94800E+00  4.77983E+00  1.10680E+01  9.35009E+01 -1.25446E+02  4.81771E+01  3.79031E+04  3.22244E+04  4.32044E+04 -7.38676E+03  5.27146E+02  3.88412E+03  1.57679E-04  1.33064E-04  1.35892E-04
       5       2       8  1.15860E-03  6.50458E-04  1.15860E-05  2.62774E+00  6.46517E+00  1.66137E+01  1.49453E+01 -8.95000E+01  4.02498E+01  8.24269E+03  1.95067E+04  3.36212E+04  2.21174E+02  3.94180E+03  3.37437E+03  3.25393E-04  3.33485E-05  2.91716E-04
       5       2       9  1.28451E-03  8.06896E-04  1.28451E-05  3.64760E+00  8.74120E+00  2.31108E+01 -6.25408E-01 -2.68482E+01  7.73636E+00  1.44081E+03  5.21662E+03  1.32500E+04  8.15587E+02  2.85600E+03  1.48052E+03  1.31519E-04  5.81484E-06  6.69562E-04
       5       2      10  5.84216E-04  5.31505E-04  5.84216E-06  1.07610E+01  2.66554E+01  6.73763E+01  3.89345E+00 -5.04009E+01  2.19611E+01  4.13951E+03  1.51627E+04  2.82803E+04  1.85334E+03  4.05063E+03  3.34532E+03  1.19378E-04  3.59463E-05  3.76181E-04
       5       3       1  2.10834E-03  2.20497E-03  2.10834E-05  1.33998E-01  3.23068E-01  4.76015E-01  1.29581E+02 -5.20781E+01 -3.53186E+00  3.49908E+04  3.30325E+04  3.83572E+04 -5.50209E+02  8.27391E+02  4.69700E+02  5.93045E-05  1.68556E-03  4.60108E-04
       5       3       2  6.19361E-04  5.97361E-04  6.19361E-06  3.41651E-01  8.31152E-01  1.20719E+00 -3.00608E+01  3.83299E+01 -2.32403E+01  2.95578E+04  4.94457E+04  5.33445E+04  9.29878E+03  4.86441E+03  4.36801E+03  8.35159E-05  3.94867E-04  1.18978E-04
       5       3       3  1.05813E-03  1.17170E-03  1.05813E-05  5.05897E-01  1.21531E+00  1.81651E+00  3.64032E+01 -1.23587E+01 -1.12363E+00  7.42346E+03  2.44762E+04  2.97318E+04  8.67524E+03  1.15003E+04  4.94753E+03  3.59481E-05  8.24614E-04  3.11139E-04
       5       3       4  1.59815E-03  9.75283E-04  1.59815E-05  7.88248E-01  1.87637E+00  2.78685E+00  1.22024E+02 -4.91369E+01 -7.43659E+00  7.65834E+04  5.64387E+04  5.21418E+04 -1.36066E+04  9.68963E+03  7.66387E+03  1.44902E-04  5.85777E-04  2.44604E-04
       5       3       5  1.55364E-03  1.62865E-03  1.55364E-05  1.26561E+00  3.02549E+00  4.11416E+00  5.76763E+01 -1.59287E+01  2.52747E-01  2.63523E+04  3.09377E+04  3.29289E+04  1.37706E+03  8.32951E+03  4.86112E+03  2.93238E-04  9.91569E-04  3.43846E-04
       5       3       6  1.45189E-03  1.65830E-03  1.45189E-05  1.56573E+00  3.76348E+00  5.67918E+00  4.26748E+01 -8.72990E+00  2.32035E+00  1.47877E+04  1.29315E+04  2.18547E+04 -1.11795E+03  9.93833E+03  4.81963E+03  1.17433E-04  8.02790E-04  7.38081E-04
       5       3       7  1.40066E-03  1.23389E-03  1.40066E-05  2.85377E+00  6.75122E+00  9.84791E+00  1.35660E+02 -8.11667E+01  3.21496E+01  3.90867E+04  3.19909E+04  4.30462E+04 -5.47663E+03  1.00016E+04  7.22488E+03  1.78464E-04  6.83942E-04  3.71479E-04
       5       3       8  2.15006E-03  2.58508E-03  2.15006E-05  4.20537E+00  9.92151E+00  1.45685E+01  9.67248E+01 -5.18866E+01  1.89153E+01  1.98517E+04  1.70046E+04  2.42408E+04 -1.48669E+03  6.75331E+03  3.81041E+03  3.05325E-04  1.47228E-03  8.07472E-04
       5       3       9  2.71296E-03  3.07910E-03  2.71296E-05  5.68250E+00  1.35868E+01  1.98911E+01  3.65678E+01 -2.13521E+01  8.09677E+00  5.96307E+03  6.01687E+03  9.89878E+03 -3.25477E+01  3.80907E+03  1.78778E+03  1.62696E-04  9.28959E-04  1.98744E-03
       5       3      10  1.38679E-03  1.60416E-03  1.38679E-05  1.73412E+01  4.04458E+01  6.07676E+01  1.70890E+01 -2.34989E+01  1.46476E+01  3.92099E+03  1.41414E+04  2.65865E+04  4.11115E+03  8.67498E+03  4.88914E+03  1.38782E-04  4.58668E-04  1.00671E-03
       5       4       1  2.91646E-03  3.45356E-03  2.91646E-05  1.87219E-01  4.56776E-01  3.48791E-01  1.31550E+02 -5.69539E+01 -4.13460E+00  5.09254E+04  3.64483E+04  2.84312E+04 -6.97826E+03  2.62863E+03  1.08292E+03  5.51530E-05  2.76346E-03  6.34942E-04
       5       4       2  8.80725E-04  1.03438E-03  8.80725E-06  4.66201E-01  1.13739E+00  8.63904E-01 -2.56023E+01  2.18859E+01 -2.15994E+01  4.70213E+04  5.03295E+04  3.11561E+04  1.87063E+03  5.56416E+03  2.66480E+03  7.98160E-05  7.71989E-04  1.82571E-04
       5       4       3  1.48268E-03  1.47780E-03  1.48268E-05  6.59665E-01  1.63010E+00  1.25047E+00  1.14344E+01 -6.97574E+00 -1.19554E+01  2.49874E+04  2.13714E+04  1.52408E+04 -3.57326E+03  5.52400E+03  1.83589E+03  3.61423E-05  1.05697E-03  3.84689E-04
       5       4       4  2.37712E-03  1.58015E-03  2.37712E-05  1.06431E+00  2.54341E+00  2.01608E+00  1.71420E+02 -6.09032E+01 -1.39616E+00  9.62052E+04  5.64083E+04  3.50293E+04 -1.73470E+04 -2.12874E+02  2.76312E+03  1.49709E-04  1.24046E-03  1.89980E-04
       5       4       5  2.45270E-03  3.67547E-03  2.45270E-05  1.61928E+00  3.95593E+00  3.00901E+00  9.15891E+01 -4.32750E+01 -7.34893E+00  3.53798E+04  3.67097E+04  2.25152E+04 -2.33139E+03  3.89871E+03  1.42285E+03  2.68515E-04  3.04992E-03  3.57031E-04
       5       4       6  2.61427E-03  2.91038E-03  2.61427E-05  2.35717E+00  5.60221E+00  4.11812E+00  5.71308E+01 -1.26918E+01 -5.50461E-01  1.47120E+04  2.11888E+04  1.24595E+04  4.25188E+03  5.59194E+03  2.23493E+03  1.16746E-04  1.97222E-03  8.21420E-04
       5       4       7  2.69479E-03  2.59655E-03  2.69479E-05  3.74554E+00  9.10367E+00  6.99206E+00  1.90093E+02 -8.23828E+01  2.26863E+01  5.67546E+04  3.74510E+04  2.80925E+04 -1.01985E+04  4.47347E+03  2.86288E+03  1.67355E-04  2.01889E-03  4.10304E-04
       5       4       8  3.47072E-03  4.73017E-03  3.47072E-05  5.66936E+00  1.37278E+01  1.04533E+01  1.15000E+02 -4.90200E+01  1.89612E+01  2.35057E+04  2.31222E+04  1.69202E+04 -2.88333E+02  2.78479E+03  2.05921E+03  3.66246E-04  3.57025E-03  7.93672E-04
       5       4       9  5.08531E-03  5.99276E-03  5.08531E-05  7.90050E+00  1.87263E+01  1.44054E+01  5.89351E+01 -2.25854E+01  3.04818E+00  8.02659E+03  8.33643E+03  5.76173E+03  1.96833E+02  1.33531E+03  7.22208E+02  1.10017E-04  4.03820E-03  1.84455E-03
       5       4      10  3.60384E-03  4.61225E-03  3.60384E-05  2.11076E+01  5.14483E+01  3.72922E+01  1.53760E+02 -6.49368E+01  6.05084E+00  3.49312E+04  1.85149E+04  8.69382E+03 -8.08268E+03 -4.16964E+02  1.47887E+02  1.40951E-04  4.30530E-03  1.65996E-04
       5       5       1  3.58164E-03  3.62651E-03  3.58164E-05  2.04436E-01  4.99865E-01  2.30619E-01  1.24394E+02 -5.15535E+01 -2.69851E+00  4.33616E+04  3.20769E+04  3.36288E+04 -5.58441E+03  7.99433E+02 -1.00023E+02  5.26212E-05  2.82170E-03  7.52192E-04
       5       5       2  1.11372E-03  1.11377E-03  1.11372E-05  5.40428E-01  1.28476E+00  5.88580E-01 -1.03220E+01  1.60589E+01 -2.39937E+01  4.57499E+04  6.22288E+04  3.42418E+04  9.84856E+03 -1.38701E+03  6.39681E+02  7.40247E-05  8.83849E-04  1.55892E-04
       5       5       3  1.84161E-03  1.81504E-03  1.84161E-05  7.42265E-01  1.86532E+00  8.56992E-01  2.96489E+01 -1.51095E+01 -7.39611E-01  2.78742E+04  3.77188E+04  1.99413E+04  4.86826E+03  1.86716E+03  6.87597E+02  3.59920E-05  1.29586E-03  4.83187E-04
       5       5       4  3.12321E-03  1.95137E-03  3.12321E-05  1.23235E+00  2.93036E+00  1.34610E+00  1.29452E+02 -4.99898E+01  3.34282E+00  6.04072E+04  5.42199E+04  5.14764E+04 -4.03946E+03 -5.68502E+02  3.30828E+03  1.38721E-04  1.66601E-03  1.46641E-04
       5       5       5  3.43274E-03  3.52020E-03  3.43274E-05  1.86732E+00  4.48400E+00  2.11083E+00  8.31571E+01 -3.67906E+01 -7.78626E+00  2.92627E+04  4.02704E+04  2.52190E+04  3.79435E+03  1.79292E+03 -1.33991E+03  2.57871E-04  2.94843E-03  3.13899E-04
       5       5       6  4.14269E-03  4.07547E-03  4.14269E-05  2.56420E+00  6.14400E+00  2.79412E+00  6.43754E+01 -1.65226E+01  4.48417E+00  1.68522E+04  2.49270E+04  1.14959E+04  6.16917E+03  5.19339E+02  1.75915E+03  1.10909E-04  3.18857E-03  7.76000E-04
       5       5       7  5.03914E-03  2.96167E-03  5.03914E-05  4.23757E+00  1.02275E+01  4.56162E+00  1.48144E+02 -6.77989E+01  1.29394E+01  4.16279E+04  4.63552E+04  3.46593E+04  1.93486E+03  5.01167E+03  2.49652E+03  1.70939E-04  2.27173E-03  5.19001E-04
       5       5       8  5.38917E-03  5.78986E-03  5.38917E-05  6.35859E+00  1.54456E+01  6.92423E+00  9.02514E+01 -4.32253E+01  3.27209E+00  1.87100E+04  2.96718E+04  1.62768E+04  4.81363E+03  4.65764E+03  1.09950E+03  3.12492E-04  4.10145E-03  1.37592E-03
       5       5       9  8.34352E-03  9.29310E-03  8.34352E-05  8.80556E+00  2.18917E+01  9.46397E+00  3.95813E+01 -1.62525E+01  7.25332E+00  5.64748E+03  9.54216E+03  4.77312E+03  1.86908E+03  1.72003E+03  1.04398E+03  1.38328E-04  4.79264E-03  4.36213E-03
       5       5      10  9.31138E-03  5.99078E-03  9.31138E-05  2.41996E+01  5.85007E+01  2.68176E+01  1.15663E+02 -5.07377E+01  4.97651E+00  2.61862E+04  2.13963E+04  1.09540E+04 -2.53554E+03  2.87849E+03  9.03318E+02  1.40288E-04  4.39466E-03  1.45583E-03
       5       6       1  3.96586E-03  4.27815E-03  3.96586E-05  2.18472E-01  5.32179E-01  7.74592E-02  1.33237E+02 -5.62214E+01 -1.93282E+00  4.07384E+04  3.30742E+04  3.22598E+04 -3.28504E+03  2.95787E+02  3.19237E+02  4.81137E-05  3.67133E-03  5.58711E-04
       5       6       2  1.25731E-03  1.33085E-03  1.25731E-05  5.73107E-01  1.38179E+00  2.03892E-01 -4.56178E+01  2.02644E+01 -1.29387E+01  4.44220E+04  6.05539E+04  2.94732E+04  8.87856E+03 -2.61109E+03 -3.02329E+02  7.42988E-05  1.08985E-03  1.66710E-04
       5       6       3  2.05280E-03  2.13461E-03  2.05280E-05  8.33972E-01  2.03142E+00  2.78869E-01  3.32425E+01 -1.15947E+01  3.04687E+00  2.03745E+04  4.35888E+04  1.64746E+04  1.07805E+04 -4.78650E+03 -2.83681E+01  3.64818E-05  1.64446E-03  4.53671E-04
       5       6       4  3.60255E-03  3.13921E-03  3.60255E-05  1.31405E+00  3.18667E+00  4.51302E-01  8.38143E+01 -3.14042E+01 -2.22512E+00  7.93122E+04  5.21047E+04  4.00822E+04 -1.35175E+04  2.53286E+03  1.28264E+03  1.40438E-04  2.67579E-03  3.22986E-04
       5       6       5  4.12837E-03  4.16239E-03  4.12837E-05  1.98417E+00  4.78199E+00  6.88011E-01  4.79107E+01 -2.17209E+01 -4.93229E+00  4.14293E+04  4.64145E+04  1.64616E+04  1.91643E+03  4.74351E+03  7.97741E+02  2.52034E-04  3.32736E-03  5.83002E-04
       5       6       6  5.36793E-03  6.64691E-03  5.36793E-05  2.69115E+00  6.52321E+00  9.52348E-01  3.85245E+01 -1.93966E+01  1.94669E+00  1.86096E+04  2.81945E+04  1.14878E+04  3.40973E+03  3.10003E+03  2.18476E+03  1.02668E-04  5.34149E-03  1.20275E-03
       5       6       7  7.52819E-03  6.07675E-03  7.52819E-05  4.50360E+00  1.09867E+01  1.70737E+00  2.00496E+02 -8.55373E+01  8.89291E+00  6.15098E+04  4.20423E+04  1.87758E+04 -1.09282E+04  4.74101E+03  1.46570E+03  1.81690E-04  4.70196E-03  1.19310E-03
       5       6       8  7.61535E-03  1.05053E-02  7.61535E-05  6.77822E+00  1.65524E+01  2.52270E+00  1.30307E+02 -5.52583E+01  9.25290E+00  2.84429E+04  2.79978E+04  9.14340E+03 -8.36839E+02  2.54375E+03  1.28193E+03  2.92065E-04  8.05024E-03  2.16303E-03
       5       6       9  1.10889E-02  1.33556E-02  1.10889E-04  9.24903E+00  2.26782E+01  3.63797E+00  6.68753E+01 -2.89818E+01 -1.80177E+00  1.06775E+04  9.59121E+03  3.47823E+03 -7.06779E+02  1.03867E+03  1.60938E+02  1.40120E-04  8.01331E-03  5.20220E-03
       5       6      10  1.72852E-02  2.08702E-02  1.72852E-04  2.36232E+01  5.71490E+01  8.19675E+00  2.10079E+02 -8.75613E+01 -8.87708E-01  5.08021E+04  1.67453E+04  4.42124E+03 -1.71714E+04  1.65178E+02 -1.18163E+02  1.40951E-04  2.04086E-02  3.20629E-04
       6       1       1  4.17885E-04  4.10323E-04  4.17885E-06  1.29785E-02  8.33288E-02  4.94000E-01  2.90558E+00  1.41919E+01  1.50894E+00  2.73753E+04  5.10634E+04  9.70416E+04  3.03005E+03  1.21911E+04  3.80225E+03  4.77096E-05  0.00000E+00  3.62613E-04
       6       1       2  1.19342E-04  1.10751E-04  1.19342E-06  3.96310E-02  2.67547E-01  1.47715E+00  1.46257E+01  5.23852E+01  1.61776E+00  3.68325E+04  7.05580E+04  9.71936E+04  5.87942E+02  2.07775E+04  2.09997E+03  3.71051E-05  0.00000E+00  7.36463E-05
       6       1       3  2.06113E-04  1.74366E-04  2.06113E-06  6.11645E-02  4.18508E-01  2.15976E+00  1.38783E+00  4.19391E+01  1.90520E+01  2.41439E+04  5.97343E+04  3.83954E+04  4.24194E+03  3.81296E+03  4.39921E+03  2.48275E-05  0.00000E+00  1.49539E-04
       6       1       4  2.89668E-04  1.12612E-04  2.89668E-06  8.03780E-02  5.76592E-01  3.56652E+00 -4.54481E-01  3.25800E+01 -8.49699E+00  4.32687E+04  6.11711E+04  5.07195E+04 -7.81364E+02 -3.39819E+03  2.75586E+03  8.75593E-05  0.00000E+00  2.50528E-05
       6       1       5  2.65047E-04  2.14727E-04  2.65047E-06  1.16255E-01  8.62642E-01  5.22418E+00 -2.76544E+00  1.87643E+01 -2.15414E+00  1.78132E+04  2.38714E+04  4.05642E+04 -5.42444E+01  2.34846E+03 -1.54094E+01  1.63101E-04  0.00000E+00  5.16267E-05
       6       1       6  2.13049E-04  2.33026E-04  2.13049E-06  1.33100E-01  1.11014E+00  7.09797E+00  4.16998E+00  8.41537E+00  7.85841E+00  5.10111E+03  7.05687E+03  3.38014E+04  3.24932E+02  4.29981E+03  4.39771E+02  7.31378E-05  0.00000E+00  1.59888E-04
       6       1       7  2.17189E-04  1.52175E-04  2.17189E-06  2.69122E-01  2.05033E+00  1.21487E+01 -2.63052E+00 -1.34973E+02  1.78832E+01  2.11537E+04  3.36712E+04  5.39863E+04  6.03282E+02  2.92356E+03  1.36396E+03  8.77988E-05  0.00000E+00  6.43765E-05
       6       1       8  3.63537E-04  3.09857E-04  3.63537E-06  4.38902E-01  3.14792E+00  1.79265E+01 -5.04304E+00 -9.13871E+01  7.95623E+00  9.54837E+03  1.53565E+04  3.12922E+04  4.68054E+02  3.24236E+03  3.56949E+02  1.77031E-04  0.00000E+00  1.32826E-04
       6       1       9  3.77539E-04  3.83701E-04  3.77539E-06  5.08400E-01  4.02709E+00  2.47176E+01  2.72851E+00 -1.99556E+01  8.17705E+00  1.82446E+03  3.07855E+03  1.03457E+04 -1.99543E+02  1.34020E+03  4.11096E+01  6.45052E-05  0.00000E+00  3.19196E-04
       6       1      10  1.70316E-04  1.57879E-04  1.70316E-06  1.43186E+00  1.32792E+01  6.96058E+01 -4.26363E-01 -7.91937E+01  1.44218E+01  8.07298E+03  1.83664E+04  2.57220E+04  2.16248E+02  2.07597E+03  4.13178E+02  5.76098E-05  0.00000E+00  1.00270E-04
       6       2       1  1.26009E-03  1.05166E-03  1.26009E-05  3.26593E-02  2.24303E-01  4.99708E-01  1.11387E+02 -1.34488E+01 -6.97522E-01  4.37886E+04  4.59273E+04  6.06828E+04  9.06803E+02  4.03299E+03  1.60183E+03  6.39816E-05  4.51894E-04  5.35783E-04
       6       2       2  3.63152E-04  2.03739E-04  3.63152E-06  8.36176E-02  5.83914E-01  1.37777E+00  4.30621E+00  6.93771E+01 -3.04568E+01  1.62004E+04  8.81526E+04  9.05791E+04  1.16428E+04  2.82460E+04  4.36091E+03  5.82297E-05  6.49031E-06  1.39019E-04
       6       2       3  6.25476E-04  3.08626E-04  6.25476E-06  1.15771E-01  8.24105E-01  2.07948E+00  8.37639E-01  1.96542E+01 -9.54259E+00  3.99634E+03  5.66379E+04  5.03214E+04  7.71232E+03  1.91322E+04  2.88375E+03  4.55628E-05  9.86692E-07  2.62077E-04
       6       2       4  9.01185E-04  4.33624E-04  9.01185E-06  2.03498E-01  1.56368E+00  3.25376E+00  7.69469E+01 -5.61188E-01 -1.42544E+01  5.85391E+04  4.58679E+04  5.13949E+04 -1.77204E+03  3.60017E+03  2.07040E+03  1.33914E-04  1.90544E-04  1.09166E-04
       6       2       5  8.40898E-04  4.84669E-04  8.40898E-06  2.91354E-01  2.03218E+00  4.85605E+00 -8.91358E-01  1.14372E+01 -1.47263E+01  6.51858E+03  2.76084E+04  4.73141E+04  1.64772E+03  8.01976E+03  1.79687E+03  2.51690E-04  6.05855E-06  2.26920E-04
       6       2       6  7.11042E-04  5.73009E-04  7.11042E-06  3.51050E-01  2.72188E+00  6.70796E+00  8.82470E-01  5.94553E+00  7.19321E-02  1.70364E+03  8.82981E+03  2.65814E+04  4.41250E+02  7.28527E+03  1.10233E+03  1.09878E-04  7.71561E-06  4.55415E-04
       6       2       7  7.01674E-04  4.90334E-04  7.01674E-06  6.97167E-01  5.24674E+00  1.10910E+01  1.23075E+02 -8.69000E+01  4.95267E+01  4.50172E+04  2.75602E+04  4.13779E+04 -4.05952E+03  3.58825E+03  1.08558E+03  1.51587E-04  1.89230E-04  1.49517E-04
       6       2       8  1.15818E-03  7.92603E-04  1.15818E-05  1.01590E+00  7.38748E+00  1.63764E+01  3.21254E+01 -6.22665E+01  3.03860E+01  1.00504E+04  1.70390E+04  3.48975E+04 -2.48240E+02  8.08977E+03  1.88862E+03  2.73072E-04  1.07210E-04  4.12321E-04
       6       2       9  1.28365E-03  1.21418E-03  1.28365E-05  1.53823E+00  1.00670E+01  2.30541E+01  1.28017E+00 -1.50699E+01  4.23995E+00  9.68219E+02  4.39307E+03  1.29486E+04  3.31865E+02  3.67630E+03  7.32867E+02  1.35461E-04  9.16279E-06  1.06956E-03
       6       2      10  5.83746E-04  6.59348E-04  5.83746E-06  3.72700E+00  2.86785E+01  6.80692E+01  7.46518E+00 -3.13083E+01  1.57777E+01  2.62548E+03  1.27886E+04  3.10578E+04  7.64552E+02  7.37964E+03  1.09827E+03  9.60566E-05  7.29499E-05  4.90342E-04
       6       3       1  2.10664E-03  2.09558E-03  2.10664E-05  4.68278E-02  3.41302E-01  4.69427E-01  1.40038E+02 -1.50255E+01 -2.08959E+00  3.62792E+04  3.55130E+04  3.87000E+04  3.69097E+03 -4.71702E+01  1.07154E+01  5.12628E-05  1.62195E-03  4.22372E-04
       6       3       2  6.18698E-04  5.96728E-04  6.18698E-06  1.19794E-01  8.77729E-01  1.22234E+00 -2.74287E+01  3.84248E+01 -2.33468E+01  2.49739E+04  4.94841E+04  5.65215E+04  3.72462E+03  6.85181E+03  1.21546E+03  7.47526E-05  4.28929E-04  9.30463E-05
       6       3       3  1.05734E-03  1.10745E-03  1.05734E-05  1.73390E-01  1.31150E+00  1.83808E+00  3.81927E+01 -3.90266E+00 -6.65993E+00  3.00189E+03  2.66156E+04  2.67557E+04  2.56534E+03  1.11062E+04  1.16601E+03  2.85864E-05  8.00979E-04  2.77889E-04
       6       3       4  1.59612E-03  8.38303E-04  1.59612E-05  2.58703E-01  2.01844E+00  2.77620E+00  1.36732E+02 -8.02280E+00 -1.32947E+00  8.32624E+04  5.04478E+04  5.14606E+04 -5.63088E+03  1.07551E+04  1.78812E+03  1.24987E-04  5.20890E-04  1.92426E-04
       6       3       5  1.55148E-03  1.59423E-03  1.55148E-05  4.27915E-01  3.25056E+00  4.10379E+00  6.14051E+01 -3.83493E+00 -3.43874E+00  2.57810E+04  3.21085E+04  3.17504E+04  3.65841E+02  9.88390E+03  1.78165E+03  2.54437E-04  9.96285E-04  3.43511E-04
       6       3       6  1.44955E-03  1.53942E-03  1.44955E-05  5.34524E-01  3.94378E+00  5.70350E+00  4.38052E+01 -4.88403E+00 -2.99070E+00  1.57042E+04  1.14891E+04  2.21131E+04 -6.06137E+02  1.04481E+04  1.64687E+03  1.00951E-04  7.85967E-04  6.52500E-04
       6       3       7  1.39837E-03  1.14808E-03  1.39837E-05  9.80740E-01  7.23738E+00  9.82874E+00  1.41949E+02 -4.87713E+01  1.61547E+01  4.00062E+04  2.91451E+04  4.34874E+04 -1.21966E+03  1.06212E+04  2.53366E+03  1.46570E-04  6.37107E-04  3.64399E-04
       6       3       8  2.14797E-03  2.40796E-03  2.14797E-05  1.41309E+00  1.06726E+01  1.46469E+01  9.86664E+01 -3.16554E+01  1.30597E+01  1.93162E+04  1.61528E+04  2.31851E+04 -4.22807E+02  6.36775E+03  9.81186E+02  3.00308E-04  1.37002E-03  7.37636E-04
       6       3       9  2.70813E-03  2.83973E-03  2.70813E-05  1.88936E+00  1.46049E+01  1.98364E+01  4.28949E+01 -9.22591E+00  3.78564E+00  6.31133E+03  5.14724E+03  8.03716E+03 -1.57834E+02  2.86257E+03  5.37445E+02  1.13242E-04  9.52649E-04  1.77384E-03
       6       3      10  1.38266E-03  8.46457E-04  1.38266E-05  5.79339E+00  4.39882E+01  5.96207E+01  3.10874E+01 -2.81983E+01  1.35515E+01  3.19024E+03  1.72991E+04  2.53597E+04  1.41846E+03  3.85362E+03  1.17328E+03  9.88888E-05  4.07920E-04  3.39648E-04
       6       4       1  2.91241E-03  3.23599E-03  2.91241E-05  6.68937E-02  4.91990E-01  3.52947E-01  1.55146E+02 -2.55341E+01 -1.71028E+00  5.82120E+04  3.01147E+04  2.83763E+04 -3.13140E+03  4.13287E+02  3.32487E+00  5.04376E-05  2.83982E-03  3.45726E-04
       6       4       2  8.78981E-04  9.98944E-04  8.78981E-06  1.61680E-01  1.22162E+00  8.66138E-01 -2.68198E+01  1.31525E+01 -1.26008E+01  4.87038E+04  4.95886E+04  2.89862E+04  4.82649E+01  2.85146E+03  1.25048E+03  6.68095E-05  8.15741E-04  1.16393E-04
       6       4       3  1.48078E-03  1.36784E-03  1.48078E-05  2.41097E-01  1.74044E+00  1.25485E+00  2.17272E+01  1.23458E+01  3.06222E+00  2.98146E+04  1.81953E+04  1.41795E+04 -4.49211E+02  3.47765E+03  1.53397E+03  2.94905E-05  1.16513E-03  1.73226E-04
       6       4       4  2.37173E-03  1.54873E-03  2.37173E-05  3.62815E-01  2.72611E+00  2.01481E+00  1.92524E+02 -2.06447E+01 -2.34312E+00  1.07100E+05  5.04622E+04  3.19049E+04 -6.18669E+03  7.86056E+02  4.94080E+02  1.17433E-04  1.27883E-03  1.52469E-04
       6       4       5  2.44607E-03  3.77406E-03  2.44607E-05  5.62425E-01  4.25337E+00  3.00635E+00  1.03075E+02 -1.11805E+01 -3.20848E+00  3.67028E+04  3.39972E+04  2.18447E+04 -7.49051E+02  2.97577E+03  6.67596E+02  2.50660E-04  3.24561E-03  2.77792E-04
       6       4       6  2.60632E-03  2.83497E-03  2.60632E-05  7.58726E-01  6.05382E+00  4.16009E+00  5.67765E+01 -1.04198E+01 -4.85412E+00  1.13595E+04  2.15591E+04  1.20347E+04  8.48915E+02  5.43533E+03  2.88038E+02  8.41256E-05  2.04510E-03  7.05746E-04
       6       4       7  2.68368E-03  2.55089E-03  2.68368E-05  1.23832E+00  9.77610E+00  6.98406E+00  2.07135E+02 -3.75055E+01  1.18627E+01  6.19153E+04  3.31804E+04  2.75701E+04 -3.60863E+03  4.31426E+03  3.77314E+02  1.54454E-04  2.06388E-03  3.32555E-04
       6       4       8  3.46307E-03  4.62045E-03  3.46307E-05  1.87506E+00  1.46397E+01  1.03521E+01  1.26839E+02 -2.15985E+01  6.66270E+00  2.41018E+04  2.39225E+04  1.59383E+04  7.34458E+01  2.60094E+03  3.72299E+02  2.56587E-04  3.70252E-03  6.61344E-04
       6       4       9  5.06862E-03  5.94872E-03  5.06862E-05  2.55124E+00  2.03302E+01  1.40630E+01  6.57685E+01 -9.43745E+00  3.67143E+00  8.48558E+03  8.54356E+03  5.32121E+03  8.93227E+01  1.36579E+03  1.36728E+02  1.25427E-04  4.24004E-03  1.58325E-03
       6       4      10  3.57793E-03  4.61909E-03  3.57793E-05  7.40841E+00  5.49408E+01  3.77138E+01  1.63357E+02 -2.30413E+01  3.55935E+00  3.78590E+04  1.55038E+04  8.59294E+03 -2.81506E+03 -1.39714E+02 -1.06361E+02  1.02565E-04  4.22526E-03  2.91265E-04
       6       5       1  3.57476E-03  3.22726E-03  3.57476E-05  7.17016E-02  5.23524E-01  2.24969E-01  1.50472E+02 -1.98267E+01 -3.20687E+00  5.10896E+04  2.77414E+04  3.53685E+04 -1.29775E+03 -5.60514E+02 -7.45372E+02  4.57091E-05  2.88430E-03  2.97246E-04
       6       5       2  1.11048E-03  9.41903E-04  1.11048E-05  1.82843E-01  1.38021E+00  5.97422E-01 -1.44224E+01  1.41724E+01 -1.18231E+01  4.75192E+04  6.17293E+04  3.47572E+04  3.36771E+03 -4.81025E+03  1.15319E+02  5.80332E-05  8.31171E-04  5.26987E-05
       6       5       3  1.83833E-03  1.53644E-03  1.83833E-05  2.76358E-01  1.96002E+00  8.51509E-01  3.76606E+01 -5.22178E+00 -4.65603E+00  2.89474E+04  4.18254E+04  2.02076E+04 -6.59290E+01 -1.03386E+03 -7.51289E+02  3.66734E-05  1.26017E-03  2.39593E-04
       6       5       4  3.11315E-03  1.92569E-03  3.11315E-05  4.26592E-01  3.17070E+00  1.34289E+00  1.41346E+02 -9.91136E+00 -2.17995E+00  6.27933E+04  5.19801E+04  5.13903E+04 -1.17450E+03 -6.97064E+01  3.09744E+03  1.23613E-04  1.71863E-03  8.34487E-05
       6       5       5  3.41856E-03  3.30920E-03  3.41856E-05  6.23401E-01  4.76572E+00  2.13348E+00  9.60347E+01 -1.81004E+01 -1.33619E+01  2.97989E+04  3.93362E+04  2.61685E+04  6.02190E+02  1.60876E+03 -4.48753E+03  2.19070E-04  2.87053E-03  2.19602E-04
       6       5       6  4.12407E-03  3.84835E-03  4.12407E-05  8.86459E-01  6.60595E+00  2.79157E+00  7.01877E+01 -1.84264E+00  3.42566E+00  1.50693E+04  2.83647E+04  1.17864E+04  2.55020E+03  9.72812E+02  1.64986E+03  9.09930E-05  3.17808E-03  5.79281E-04
       6       5       7  5.00215E-03  2.77116E-03  5.00215E-05  1.50587E+00  1.09827E+01  4.56351E+00  1.66146E+02 -2.80746E+01  2.34733E+01  4.25516E+04  4.65567E+04  3.30615E+04 -1.21151E+02  3.19336E+03  1.66521E+03  1.48004E-04  2.17672E-03  4.46441E-04
       6       5       8  5.36042E-03  5.31771E-03  5.36042E-05  2.36301E+00  1.65892E+01  6.87162E+00  1.02203E+02 -1.83828E+01  9.50112E+00  1.79626E+04  3.04696E+04  1.62402E+04  1.82394E+03  4.40339E+03  3.92293E+02  2.61963E-04  3.86695E-03  1.18880E-03
       6       5       9  8.30347E-03  7.91451E-03  8.30347E-05  3.48840E+00  2.31242E+01  9.48102E+00  4.73343E+01 -1.03443E+01  9.44010E-01  5.60140E+03  1.03683E+04  5.21106E+03  5.51654E+02  1.76734E+03  4.41401E+02  1.07509E-04  4.68834E-03  3.11866E-03
       6       5      10  9.19639E-03  5.26941E-03  9.19639E-05  7.84897E+00  6.14125E+01  2.61513E+01  1.45323E+02 -2.40395E+01  1.16370E+00  3.09533E+04  1.94947E+04  1.13901E+04 -1.77810E+03  2.12647E+03 -1.34227E+02  1.03469E-04  4.73014E-03  4.35798E-04
       6       6       1  3.95698E-03  4.23636E-03  3.95698E-05  7.43804E-02  5.63372E-01  7.68743E-02  1.43802E+02 -1.82047E+01 -1.14118E+00  4.18869E+04  2.96529E+04  2.93806E+04 -1.47837E+03 -2.68097E+02 -2.01161E+02  4.14960E-05  3.96431E-03  2.30559E-04
       6       6       2  1.25288E-03  1.22084E-03  1.25288E-05  2.05190E-01  1.48258E+00  1.99200E-01 -5.56835E+01  1.04288E+01 -1.78732E+01  4.40929E+04  5.42870E+04  2.88702E+04  3.68792E+03 -1.76096E+03 -2.22916E+02  6.64946E-05  1.05765E-03  9.66937E-05
       6       6       3  2.04853E-03  1.82267E-03  2.04853E-05  3.02164E-01  2.16692E+00  2.86637E-01  3.88411E+01 -6.16195E+00 -5.27262E+00  1.99061E+04  3.71711E+04  1.67022E+04  3.69290E+03 -2.39630E+03 -2.08382E+03  2.33432E-05  1.58100E-03  2.18326E-04
       6       6       4  3.58883E-03  2.96965E-03  3.58883E-05  4.58320E-01  3.42444E+00  4.62242E-01  9.32712E+01 -7.83499E+00  1.70196E+00  8.88441E+04  3.58575E+04  4.06488E+04 -5.49088E+03  4.42801E+02  1.81708E+03  1.26360E-04  2.63385E-03  2.09441E-04
       6       6       5  4.10736E-03  3.84760E-03  4.10736E-05  7.15002E-01  5.14212E+00  6.91501E-01  5.44186E+01 -2.71280E+00 -8.07228E+00  4.29876E+04  4.10539E+04  1.47018E+04  9.65236E+02  1.90689E+03 -1.37173E+03  2.01558E-04  3.27763E-03  3.68408E-04
       6       6       6  5.33884E-03  5.82476E-03  5.33884E-05  9.19072E-01  6.85639E+00  9.24100E-01  4.76215E+01 -1.17167E+01  1.60779E+00  2.04456E+04  2.27037E+04  1.21604E+04  6.24023E+02  2.25329E+03  6.82822E+02  1.00951E-04  5.08523E-03  6.38587E-04
       6       6       7  7.45654E-03  5.56017E-03  7.45654E-05  1.63294E+00  1.17712E+01  1.66398E+00  2.36989E+02 -3.21652E+01  8.35086E+00  7.23300E+04  3.02303E+04  1.94896E+04 -4.74841E+03  3.63430E+03  7.71914E+02  1.38686E-04  4.75362E-03  6.67862E-04
       6       6       8  7.54374E-03  9.60662E-03  7.54374E-05  2.44577E+00  1.77180E+01  2.48252E+00  1.54333E+02 -2.04150E+01  3.80170E+00  3.18502E+04  2.38613E+04  9.32289E+03 -6.45759E+02  1.05891E+03  9.34229E+01  2.61604E-04  8.16684E-03  1.17817E-03
       6       6       9  1.10220E-02  1.11731E-02  1.10220E-04  3.59393E+00  2.39318E+01  3.58219E+00  8.58284E+01 -9.77648E+00  3.67668E+00  1.30526E+04  8.03786E+03  3.74412E+03 -3.25909E+02  4.19827E+02  2.66879E+02  1.04642E-04  7.92358E-03  3.14490E-03
       6       6      10  1.70044E-02  2.04464E-02  1.70044E-04  8.11664E+00  6.12360E+01  8.19536E+00  2.28784E+02 -2.93262E+01  1.60512E+00  5.80595E+04  9.77045E+03  4.21117E+03 -6.40993E+03  1.10298E+02 -1.59279E+02  1.03710E-04  2.00589E-02  2.83803E-04
