        1121
     1   9.999999E-01   9.999999E-01   5.134255E-08
     2   4.180987E-04   4.568445E-04   4.180987E-06
     3   4.180700E-04   4.183027E-04   4.180700E-06
     4   4.180204E-04   4.274378E-04   4.180204E-06
     5   4.179631E-04   3.766655E-04   4.179631E-06
     6   4.179135E-04   5.095581E-04   4.179135E-06
     7   4.178849E-04   4.066082E-04   4.178849E-06
     8   1.263214E-03   1.145555E-03   1.263214E-05
     9   1.262795E-03   1.054161E-03   1.262795E-05
    10   1.262068E-03   1.080584E-03   1.262068E-05
    11   1.261230E-03   1.040407E-03   1.261230E-05
    12   1.260504E-03   1.310568E-03   1.260504E-05
    13   1.260086E-03   1.039733E-03   1.260086E-05
    14   2.119403E-03   2.169346E-03   2.119403E-05
    15   2.117686E-03   2.136192E-03   2.117686E-05
    16   2.114717E-03   2.175119E-03   2.114717E-05
    17   2.111297E-03   2.152333E-03   2.111297E-05
    18   2.108342E-03   2.174996E-03   2.108342E-05
    19   2.106640E-03   2.074031E-03   2.106640E-05
    20   2.942855E-03   3.167348E-03   2.942855E-05
    21   2.938748E-03   3.121918E-03   2.938748E-05
    22   2.931656E-03   3.187854E-03   2.931656E-05
    23   2.923498E-03   3.244120E-03   2.923498E-05
    24   2.916462E-03   3.458522E-03   2.916462E-05
    25   2.912412E-03   3.283020E-03   2.912412E-05
    26   3.626585E-03   3.298178E-03   3.626585E-05
    27   3.619576E-03   3.259209E-03   3.619576E-05
    28   3.607485E-03   3.294577E-03   3.607485E-05
    29   3.593598E-03   3.385816E-03   3.593598E-05
    30   3.581638E-03   3.554868E-03   3.581638E-05
    31   3.574760E-03   3.223573E-03   3.574760E-05
    32   4.023997E-03   3.996686E-03   4.023997E-05
    33   4.014921E-03   3.968252E-03   4.014921E-05
    34   3.999272E-03   4.111687E-03   3.999272E-05
    35   3.981315E-03   4.167570E-03   3.981315E-05
    36   3.965861E-03   4.372278E-03   3.965861E-05
    37   3.956980E-03   4.170628E-03   3.956980E-05
    38   1.194147E-04   9.658275E-05   1.194147E-06
    39   1.194049E-04   1.535952E-04   1.194049E-06
    40   1.193879E-04   1.187104E-04   1.193879E-06
    41   1.193683E-04   1.346056E-04   1.193683E-06
    42   1.193513E-04   1.498501E-04   1.193513E-06
    43   1.193415E-04   1.097224E-04   1.193415E-06
    44   3.642763E-04   2.349575E-04   3.642763E-06
    45   3.641250E-04   2.044199E-04   3.641250E-06
    46   3.638636E-04   3.567952E-04   3.638636E-06
    47   3.635623E-04   2.703653E-04   3.635623E-06
    48   3.633019E-04   2.113587E-04   3.633019E-06
    49   3.631518E-04   2.055421E-04   3.631518E-06
    50   6.236911E-04   5.524196E-04   6.236911E-06
    51   6.230163E-04   5.733911E-04   6.230163E-06
    52   6.218517E-04   6.314435E-04   6.218517E-06
    53   6.205138E-04   6.819916E-04   6.205138E-06
    54   6.193608E-04   5.907294E-04   6.193608E-06
    55   6.186976E-04   5.867998E-04   6.186976E-06
    56   8.921911E-04   9.619661E-04   8.921911E-06
    57   8.903951E-04   8.868545E-04   8.903951E-06
    58   8.873036E-04   9.554454E-04   8.873036E-06
    59   8.837641E-04   1.051426E-03   8.837641E-06
    60   8.807247E-04   1.044461E-03   8.807247E-06
    61   8.789808E-04   1.015195E-03   8.789808E-06
    62   1.135194E-03   1.090159E-03   1.135194E-05
    63   1.131814E-03   1.053549E-03   1.131814E-05
    64   1.126012E-03   1.229275E-03   1.126012E-05
    65   1.119390E-03   1.109717E-03   1.119390E-05
    66   1.113722E-03   1.121348E-03   1.113722E-05
    67   1.110477E-03   9.523875E-04   1.110477E-05
    68   1.286701E-03   1.247553E-03   1.286701E-05
    69   1.282062E-03   1.236329E-03   1.282062E-05
    70   1.274107E-03   1.382986E-03   1.274107E-05
    71   1.265047E-03   1.343690E-03   1.265047E-05
    72   1.257307E-03   1.347237E-03   1.257307E-05
    73   1.252883E-03   1.226757E-03   1.252883E-05
    74   2.062102E-04   1.379059E-04   2.062102E-06
    75   2.061971E-04   2.767134E-04   2.061971E-06
    76   2.061745E-04   2.090067E-04   2.061745E-06
    77   2.061484E-04   2.762588E-04   2.061484E-06
    78   2.061257E-04   2.911234E-04   2.061257E-06
    79   2.061127E-04   1.755364E-04   2.061127E-06
    80   6.269113E-04   5.897582E-04   6.269113E-06
    81   6.267187E-04   5.425539E-04   6.267187E-06
    82   6.263854E-04   5.271772E-04   6.263854E-06
    83   6.260008E-04   4.237879E-04   6.260008E-06
    84   6.256681E-04   4.114309E-04   6.256681E-06
    85   6.254761E-04   3.090567E-04   6.254761E-06
    86   1.063254E-03   1.127422E-03   1.063254E-05
    87   1.062459E-03   1.036084E-03   1.062459E-05
    88   1.061082E-03   1.124729E-03   1.061082E-05
    89   1.059497E-03   1.071026E-03   1.059497E-05
    90   1.058127E-03   1.165718E-03   1.058127E-05
    91   1.057337E-03   1.103849E-03   1.057337E-05
    92   1.495090E-03   1.518305E-03   1.495090E-05
    93   1.493160E-03   1.415365E-03   1.493160E-05
    94   1.489827E-03   1.528383E-03   1.489827E-05
    95   1.485993E-03   1.414072E-03   1.485993E-05
    96   1.482684E-03   1.489496E-03   1.482684E-05
    97   1.480780E-03   1.381065E-03   1.480780E-05
    98   1.863046E-03   1.827328E-03   1.863046E-05
    99   1.859704E-03   1.694882E-03   1.859704E-05
   100   1.853938E-03   1.790158E-03   1.853938E-05
   101   1.847316E-03   1.810670E-03   1.847316E-05
   102   1.841611E-03   1.780590E-03   1.841611E-05
   103   1.838330E-03   1.525280E-03   1.838330E-05
   104   2.080803E-03   2.121639E-03   2.080803E-05
   105   2.076431E-03   2.007669E-03   2.076431E-05
   106   2.068894E-03   2.273870E-03   2.068894E-05
   107   2.060245E-03   2.234805E-03   2.060245E-05
   108   2.052803E-03   2.112298E-03   2.052803E-05
   109   2.048525E-03   1.830599E-03   2.048525E-05
   110   2.898869E-04   1.609085E-04   2.898869E-06
   111   2.898575E-04   2.277838E-04   2.898575E-06
   112   2.898066E-04   1.758381E-04   2.898066E-06
   113   2.897478E-04   1.528646E-04   2.897478E-06
   114   2.896970E-04   1.311207E-04   2.896970E-06
   115   2.896676E-04   1.125341E-04   2.896676E-06
   116   9.045875E-04   1.614362E-04   9.045875E-06
   117   9.041303E-04   1.855367E-04   9.041303E-06
   118   9.033393E-04   5.408811E-04   9.033393E-06
   119   9.024276E-04   3.609677E-04   9.024276E-06
   120   9.016395E-04   4.035573E-04   9.016395E-06
   121   9.011851E-04   4.303891E-04   9.011851E-06
   122   1.611395E-03   1.070267E-03   1.611395E-05
   123   1.609334E-03   9.754576E-04   1.609334E-05
   124   1.605774E-03   1.233901E-03   1.605774E-05
   125   1.601681E-03   1.120735E-03   1.601681E-05
   126   1.598151E-03   9.691436E-04   1.598151E-05
   127   1.596118E-03   8.320211E-04   1.596118E-05
   128   2.412427E-03   1.646221E-03   2.412427E-05
   129   2.406911E-03   1.635608E-03   2.406911E-05
   130   2.397403E-03   1.830504E-03   2.397403E-05
   131   2.386499E-03   1.740772E-03   2.386499E-05
   132   2.377119E-03   1.648120E-03   2.377119E-05
   133   2.371730E-03   1.619637E-03   2.371730E-05
   134   3.189411E-03   1.774961E-03   3.189411E-05
   135   3.179033E-03   1.752443E-03   3.179033E-05
   136   3.161177E-03   2.076331E-03   3.161177E-05
   137   3.140744E-03   1.992117E-03   3.140744E-05
   138   3.123209E-03   1.938611E-03   3.123209E-05
   139   3.113153E-03   1.906655E-03   3.113153E-05
   140   3.693078E-03   2.948202E-03   3.693078E-05
   141   3.678857E-03   2.746564E-03   3.678857E-05
   142   3.654415E-03   3.188412E-03   3.654415E-05
   143   3.626485E-03   3.063335E-03   3.626485E-05
   144   3.602548E-03   3.163895E-03   3.602548E-05
   145   3.588834E-03   3.001377E-03   3.588834E-05
   146   2.652410E-04   3.317293E-04   2.652410E-06
   147   2.652150E-04   4.150484E-04   2.652150E-06
   148   2.651699E-04   3.200789E-04   2.651699E-06
   149   2.651178E-04   2.691227E-04   2.651178E-06
   150   2.650727E-04   2.372458E-04   2.650727E-06
   151   2.650467E-04   2.144366E-04   2.650467E-06
   152   8.441252E-04   2.653864E-04   8.441252E-06
   153   8.436908E-04   3.717908E-04   8.436908E-06
   154   8.429400E-04   1.022561E-03   8.429400E-06
   155   8.420753E-04   6.205153E-04   8.420753E-06
   156   8.413284E-04   5.221941E-04   8.413284E-06
   157   8.408980E-04   4.898147E-04   8.408980E-06
   158   1.567795E-03   1.459194E-03   1.567795E-05
   159   1.565585E-03   1.368967E-03   1.565585E-05
   160   1.561775E-03   1.967539E-03   1.561775E-05
   161   1.557403E-03   1.770674E-03   1.557403E-05
   162   1.553641E-03   1.604814E-03   1.553641E-05
   163   1.551479E-03   1.568349E-03   1.551479E-05
   164   2.496533E-03   2.777245E-03   2.496533E-05
   165   2.489642E-03   2.783228E-03   2.489642E-05
   166   2.477802E-03   3.387612E-03   2.477802E-05
   167   2.464281E-03   3.673955E-03   2.464281E-05
   168   2.452700E-03   3.742897E-03   2.452700E-05
   169   2.446068E-03   3.830154E-03   2.446068E-05
   170   3.527340E-03   3.496932E-03   3.527340E-05
   171   3.512369E-03   3.356809E-03   3.512369E-05
   172   3.486734E-03   3.828551E-03   3.486734E-05
   173   3.457591E-03   3.556384E-03   3.457591E-05
   174   3.432742E-03   3.520881E-03   3.432742E-05
   175   3.418558E-03   3.311701E-03   3.418558E-05
   176   4.269307E-03   4.703136E-03   4.269307E-05
   177   4.246914E-03   4.468391E-03   4.246914E-05
   178   4.208646E-03   4.950434E-03   4.208646E-05
   179   4.165263E-03   4.464826E-03   4.165263E-05
   180   4.128374E-03   4.194003E-03   4.128374E-05
   181   4.107359E-03   3.862176E-03   4.107359E-05
   182   2.132310E-04   2.381178E-04   2.132310E-06
   183   2.132066E-04   2.821586E-04   2.132066E-06
   184   2.131644E-04   2.539887E-04   2.131644E-06
   185   2.131157E-04   2.121307E-04   2.131157E-06
   186   2.130735E-04   2.347872E-04   2.130735E-06
   187   2.130492E-04   2.315764E-04   2.130492E-06
   188   7.142292E-04   5.792705E-04   7.142292E-06
   189   7.138007E-04   8.177537E-04   7.138007E-06
   190   7.130597E-04   1.026021E-03   7.130597E-06
   191   7.122058E-04   8.249511E-04   7.122058E-06
   192   7.114678E-04   7.601872E-04   7.114678E-06
   193   7.110423E-04   5.817082E-04   7.110423E-06
   194   1.467151E-03   1.850817E-03   1.467151E-05
   195   1.464774E-03   1.707280E-03   1.464774E-05
   196   1.460670E-03   1.784379E-03   1.460670E-05
   197   1.455954E-03   1.718874E-03   1.455954E-05
   198   1.451889E-03   1.657834E-03   1.451889E-05
   199   1.449551E-03   1.531490E-03   1.449551E-05
   200   2.666579E-03   3.634735E-03   2.666579E-05
   201   2.658386E-03   2.986148E-03   2.658386E-05
   202   2.644284E-03   3.177841E-03   2.644284E-05
   203   2.628138E-03   2.544185E-03   2.628138E-05
   204   2.614273E-03   2.841675E-03   2.614273E-05
   205   2.606318E-03   2.728131E-03   2.606318E-05
   206   4.266048E-03   4.556179E-03   4.266048E-05
   207   4.246621E-03   4.167395E-03   4.246621E-05
   208   4.213273E-03   4.253682E-03   4.213273E-05
   209   4.175234E-03   3.993270E-03   4.175234E-05
   210   4.142690E-03   3.992931E-03   4.142690E-05
   211   4.124066E-03   3.782731E-03   4.124066E-05
   212   5.561585E-03   6.023936E-03   5.561585E-05
   213   5.530979E-03   5.696866E-03   5.530979E-05
   214   5.478537E-03   6.598193E-03   5.478537E-05
   215   5.418864E-03   6.554906E-03   5.418864E-05
   216   5.367933E-03   6.822393E-03   5.367933E-05
   217   5.338839E-03   6.046758E-03   5.338839E-05
   218   2.173181E-04   2.187373E-04   2.173181E-06
   219   2.173009E-04   2.254037E-04   2.173009E-06
   220   2.172710E-04   2.124052E-04   2.172710E-06
   221   2.172365E-04   1.983346E-04   2.172365E-06
   222   2.172067E-04   1.700247E-04   2.172067E-06
   223   2.171895E-04   1.521159E-04   2.171895E-06
   224   7.041606E-04   3.193254E-04   7.041606E-06
   225   7.038258E-04   2.542250E-04   7.038258E-06
   226   7.032471E-04   5.690543E-04   7.032471E-06
   227   7.025808E-04   5.002849E-04   7.025808E-06
   228   7.020055E-04   4.243567E-04   7.020055E-06
   229   7.016740E-04   4.870634E-04   7.016740E-06
   230   1.415728E-03   1.183746E-03   1.415728E-05
   231   1.413371E-03   1.129401E-03   1.413371E-05
   232   1.409311E-03   1.392953E-03   1.409311E-05
   233   1.404659E-03   1.361025E-03   1.404659E-05
   234   1.400661E-03   1.232325E-03   1.400661E-05
   235   1.398366E-03   1.144724E-03   1.398366E-05
   236   2.768641E-03   2.224672E-03   2.768641E-05
   237   2.756979E-03   2.181846E-03   2.756979E-05
   238   2.736987E-03   2.596667E-03   2.736987E-05
   239   2.714225E-03   2.721067E-03   2.714225E-05
   240   2.694787E-03   2.588631E-03   2.694787E-05
   241   2.683680E-03   2.558811E-03   2.683680E-05
   242   5.288072E-03   3.159111E-03   5.288072E-05
   243   5.248424E-03   2.869915E-03   5.248424E-05
   244   5.180750E-03   3.162816E-03   5.180750E-05
   245   5.104157E-03   3.060195E-03   5.104157E-05
   246   5.039140E-03   2.977612E-03   5.039140E-05
   247   5.002148E-03   2.774963E-03   5.002148E-05
   248   8.013772E-03   5.916133E-03   8.013772E-05
   249   7.936041E-03   5.445756E-03   7.936041E-05
   250   7.803706E-03   5.997080E-03   7.803706E-05
   251   7.654451E-03   5.772846E-03   7.654451E-05
   252   7.528194E-03   6.132386E-03   7.528194E-05
   253   7.456543E-03   5.609419E-03   7.456543E-05
   254   3.637369E-04   3.940104E-04   3.637369E-06
   255   3.637100E-04   4.782656E-04   3.637100E-06
   256   3.636635E-04   4.435721E-04   3.636635E-06
   257   3.636098E-04   3.852426E-04   3.636098E-06
   258   3.635633E-04   3.167538E-04   3.635633E-06
   259   3.635365E-04   3.096570E-04   3.635365E-06
   260   1.161358E-03   7.309728E-04   1.161358E-05
   261   1.160931E-03   5.712815E-04   1.160931E-05
   262   1.160192E-03   1.145428E-03   1.160192E-05
   263   1.159339E-03   8.562298E-04   1.159339E-05
   264   1.158601E-03   6.489715E-04   1.158601E-05
   265   1.158175E-03   7.885362E-04   1.158175E-05
   266   2.163615E-03   2.254151E-03   2.163615E-05
   267   2.161506E-03   2.038151E-03   2.161506E-05
   268   2.157863E-03   2.848630E-03   2.157863E-05
   269   2.153672E-03   2.686038E-03   2.153672E-05
   270   2.150055E-03   2.580216E-03   2.150055E-05
   271   2.147973E-03   2.403553E-03   2.147973E-05
   272   3.521530E-03   4.139858E-03   3.521530E-05
   273   3.513520E-03   3.932606E-03   3.513520E-05
   274   3.499778E-03   4.697368E-03   3.499778E-05
   275   3.484115E-03   4.900039E-03   3.484115E-05
   276   3.470724E-03   4.702950E-03   3.470724E-05
   277   3.463065E-03   4.593873E-03   3.463065E-05
   278   5.586554E-03   6.028305E-03   5.586554E-05
   279   5.554643E-03   5.291720E-03   5.554643E-05
   280   5.500596E-03   6.058941E-03   5.500596E-05
   281   5.440051E-03   5.779859E-03   5.440051E-05
   282   5.389168E-03   5.795951E-03   5.389168E-05
   283   5.360423E-03   5.317784E-03   5.360423E-05
   284   8.118720E-03   9.966005E-03   8.118720E-05
   285   8.035999E-03   9.177903E-03   8.035999E-05
   286   7.897061E-03   1.008570E-02   7.897061E-05
   287   7.743192E-03   9.560410E-03   7.743192E-05
   288   7.615354E-03   1.026705E-02   7.615354E-05
   289   7.543742E-03   9.326879E-03   7.543742E-05
   290   3.779027E-04   4.578798E-04   3.779027E-06
   291   3.778540E-04   4.161364E-04   3.778540E-06
   292   3.777697E-04   5.670188E-04   3.777697E-06
   293   3.776724E-04   5.117399E-04   3.776724E-06
   294   3.775881E-04   3.827358E-04   3.775881E-06
   295   3.775395E-04   3.835863E-04   3.775395E-06
   296   1.290115E-03   1.646387E-03   1.290115E-05
   297   1.289245E-03   1.251835E-03   1.289245E-05
   298   1.287742E-03   1.403958E-03   1.287742E-05
   299   1.286010E-03   1.069882E-03   1.286010E-05
   300   1.284513E-03   8.039141E-04   1.284513E-05
   301   1.283650E-03   1.207122E-03   1.283650E-05
   302   2.744504E-03   2.854333E-03   2.744504E-05
   303   2.739592E-03   2.363775E-03   2.739592E-05
   304   2.731112E-03   3.244069E-03   2.731112E-05
   305   2.721365E-03   2.838808E-03   2.721365E-05
   306   2.712963E-03   3.096582E-03   2.712963E-05
   307   2.708128E-03   2.857153E-03   2.708128E-05
   308   5.194885E-03   5.924228E-03   5.194885E-05
   309   5.177742E-03   5.142546E-03   5.177742E-05
   310   5.148218E-03   6.064735E-03   5.148218E-05
   311   5.114387E-03   6.557446E-03   5.114387E-05
   312   5.085313E-03   6.144142E-03   5.085313E-05
   313   5.068622E-03   6.082513E-03   5.068622E-05
   314   8.608728E-03   9.658965E-03   8.608728E-05
   315   8.566960E-03   7.739978E-03   8.566960E-05
   316   8.495267E-03   9.888100E-03   8.495267E-05
   317   8.413489E-03   8.664860E-03   8.413489E-05
   318   8.343517E-03   9.532754E-03   8.343517E-05
   319   8.303472E-03   8.153024E-03   8.303472E-05
   320   1.153921E-02   1.387335E-02   1.153921E-04
   321   1.146742E-02   1.200286E-02   1.146742E-04
   322   1.134499E-02   1.393317E-02   1.134499E-04
   323   1.120648E-02   1.162161E-02   1.120648E-04
   324   1.108890E-02   1.401102E-02   1.108890E-04
   325   1.102197E-02   1.175926E-02   1.102197E-04
   326   1.704690E-04   1.844703E-04   1.704690E-06
   327   1.704484E-04   1.863178E-04   1.704484E-06
   328   1.704129E-04   1.655609E-04   1.704129E-06
   329   1.703718E-04   1.585322E-04   1.703718E-06
   330   1.703363E-04   1.455031E-04   1.703363E-06
   331   1.703158E-04   1.579528E-04   1.703158E-06
   332   5.872799E-04   4.521069E-04   5.872799E-06
   333   5.868029E-04   5.955108E-04   5.868029E-06
   334   5.859793E-04   7.555703E-04   5.859793E-06
   335   5.850324E-04   5.556259E-04   5.850324E-06
   336   5.842158E-04   5.309737E-04   5.842158E-06
   337   5.837459E-04   6.593691E-04   5.837459E-06
   338   1.414072E-03   1.433660E-03   1.414072E-05
   339   1.409788E-03   1.364899E-03   1.409788E-05
   340   1.402423E-03   1.692676E-03   1.402423E-05
   341   1.394005E-03   1.436625E-03   1.394005E-05
   342   1.386790E-03   1.609972E-03   1.386790E-05
   343   1.382655E-03   8.392052E-04   1.382655E-05
   344   3.777827E-03   4.244989E-03   3.777827E-05
   345   3.750155E-03   4.611390E-03   3.750155E-05
   346   3.702890E-03   4.605228E-03   3.702890E-05
   347   3.649340E-03   4.795795E-03   3.649340E-05
   348   3.603836E-03   4.664734E-03   3.603836E-05
   349   3.577926E-03   4.576722E-03   3.577926E-05
   350   1.010091E-02   6.241466E-03   1.010091E-04
   351   9.973308E-03   5.375033E-03   9.973308E-05
   352   9.757142E-03   6.317467E-03   9.757142E-05
   353   9.514939E-03   6.025154E-03   9.514939E-05
   354   9.311376E-03   5.770810E-03   9.311376E-05
   355   9.196388E-03   5.332213E-03   9.196388E-05
   356   1.924983E-02   2.245707E-02   1.924983E-04
   357   1.892803E-02   2.141013E-02   1.892803E-04
   358   1.838664E-02   2.084726E-02   1.838664E-04
   359   1.778569E-02   2.078033E-02   1.778569E-04
   360   1.728524E-02   2.089865E-02   1.728524E-04
   361   1.700442E-02   2.014828E-02   1.700442E-04
   362   1.118719E-02   1.050290E-02   2.237438E-04
   363   5.701304E-03   5.640701E-03   1.140261E-04
   364   5.209374E-03   5.087889E-03   1.041875E-04
   365   3.638031E-03   3.308985E-03   7.276062E-05
   366   6.404468E-03   5.978081E-03   1.280894E-04
   367   1.844336E-03   2.015615E-03   3.688672E-05
   368   3.709114E-03   3.671519E-03   7.418228E-05
   369   3.716510E-03   3.274395E-03   7.433019E-05
   370   2.518294E-03   2.788183E-03   5.036589E-05
   371   3.562341E-03   3.393195E-03   7.124682E-05
   372   1.376420E-03   1.555154E-03   2.752839E-05
   373   1.302225E-02   1.192591E-02   2.604449E-04
   374   5.086731E-03   4.486118E-03   1.017346E-04
   375   1.064447E-02   1.044969E-02   2.128894E-04
   376   1.285141E-02   1.268531E-02   2.570282E-04
   377   2.636488E-03   2.609708E-03   5.272977E-05
   378   9.873560E-03   9.090540E-03   1.974712E-04
   379   1.535640E-03   1.377917E-03   3.071280E-05
   380   4.111067E-03   3.508395E-03   8.222135E-05
   381   4.096004E-03   3.952397E-03   8.192007E-05
   382   3.887665E-03   3.356651E-03   7.775329E-05
   383   1.023513E-02   9.887097E-03   2.047025E-04
   384   2.094854E-03   1.955644E-03   4.189708E-05
   385   7.168263E-03   7.202127E-03   1.433653E-04
   386   7.369448E-03   6.669670E-03   1.473890E-04
   387   1.036245E-02   1.043802E-02   2.072489E-04
   388   3.332118E-03   3.211393E-03   6.664236E-05
   389   1.261001E-03   1.387240E-03   2.522003E-05
   390   1.566815E-03   1.801083E-03   3.133630E-05
   391   3.476988E-03   3.111235E-03   6.953975E-05
   392   1.927492E-03   2.156159E-03   3.854983E-05
   393   1.034455E-02   9.854778E-03   2.068910E-04
   394   6.482766E-03   5.308355E-03   1.296553E-04
   395   3.293591E-03   3.080825E-03   6.587182E-05
   396   1.262959E-02   1.152596E-02   2.525917E-04
   397   1.325792E-03   1.478647E-03   2.651585E-05
   398   1.307184E-02   1.474475E-02   2.614368E-04
   399   5.209182E-03   4.127407E-03   1.041836E-04
   400   2.725570E-03   3.010058E-03   5.451141E-05
   401   1.273646E-02   1.143920E-02   2.547293E-04
   402   9.991806E-03   1.067267E-02   1.998361E-04
   403   6.424793E-03   5.668795E-03   1.284959E-04
   404   1.350663E-02   1.547492E-02   2.701326E-04
   405   3.013352E-03   2.366654E-03   6.026705E-05
   406   1.256803E-03   1.362110E-03   2.513607E-05
   407   1.650949E-03   1.823369E-03   3.301898E-05
   408   3.337900E-03   3.079161E-03   6.675800E-05
   409   4.745555E-03   4.738490E-03   9.491110E-05
   410   1.235833E-03   1.399580E-03   2.471667E-05
   411   1.694483E-03   1.847868E-03   3.388966E-05
   412   8.725576E-03   9.351696E-03   1.745115E-04
   413   3.850813E-03   3.551610E-03   7.701626E-05
   414   1.147973E-03   1.270084E-03   2.295945E-05
   415   2.586320E-03   2.384282E-03   5.172641E-05
   416   1.605471E-03   1.707454E-03   3.210943E-05
   417   2.410463E-03   2.355016E-03   4.820925E-05
   418   3.956459E-03   3.605024E-03   7.912919E-05
   419   7.334161E-03   6.916467E-03   1.466832E-04
   420   5.407697E-03   4.837882E-03   1.081539E-04
   421   1.008986E-03   1.071859E-03   2.017972E-05
   422   1.403111E-03   1.460428E-03   2.806223E-05
   423   2.087620E-03   2.004412E-03   4.175239E-05
   424   1.292623E-02   1.279299E-02   2.585247E-04
   425   3.361898E-03   2.985251E-03   6.723796E-05
   426   3.241457E-03   3.256138E-03   6.482913E-05
   427   1.622882E-02   1.528324E-02   3.245764E-04
   428   2.914416E-02   2.921186E-02   5.828833E-04
   429   1.287656E-02   1.284597E-02   2.575312E-04
   430   1.645070E-03   1.504950E-03   3.290140E-05
   431   6.081675E-03   5.458776E-03   1.216335E-04
   432   2.473586E-03   2.143529E-03   4.947173E-05
   433   9.355594E-03   8.396410E-03   1.871119E-04
   434   4.118656E-03   3.679931E-03   8.237313E-05
   435   3.887665E-03   3.341626E-03   7.775329E-05
   436   5.425307E-03   4.910074E-03   1.085061E-04
   437   1.285141E-02   1.270161E-02   2.570282E-04
   438   1.338775E-02   1.228021E-02   2.677550E-04
   439   9.138559E-03   6.235060E-03   1.827712E-04
   440   1.466686E-03   1.436576E-03   2.933372E-05
   441   1.230281E-03   1.130790E-03   2.460562E-05
   442   2.164850E-03   2.099232E-03   4.329701E-05
   443   1.715720E-03   1.502670E-03   3.431440E-05
   444   5.876696E-03   5.315168E-03   1.175339E-04
   445   2.395348E-03   2.023388E-03   4.790695E-05
   446   4.752106E-03   4.163142E-03   9.504212E-05
   447   1.186613E-03   1.072494E-03   2.373226E-05
   448   1.355002E-02   1.266811E-02   2.710003E-04
   449   3.184835E-03   2.728381E-03   6.369669E-05
   450   1.064447E-02   1.040854E-02   2.128894E-04
   451   1.535640E-03   1.364322E-03   3.071280E-05
   452   7.334161E-03   6.864293E-03   1.466832E-04
   453   1.522091E-03   1.490650E-03   3.044183E-05
   454   3.716510E-03   3.294442E-03   7.433019E-05
   455   1.901896E-03   1.677718E-03   3.803792E-05
   456   3.043952E-03   2.748058E-03   6.087904E-05
   457   1.038707E-02   9.771887E-03   2.077415E-04
   458   1.034628E-03   9.989281E-04   2.069256E-05
   459   1.230281E-03   1.144007E-03   2.460562E-05
   460   3.956459E-03   3.610006E-03   7.912919E-05
   461   3.638031E-03   3.296245E-03   7.276062E-05
   462   4.409992E-03   4.190165E-03   8.819983E-05
   463   4.650930E-03   4.308986E-03   9.301859E-05
   464   1.231562E-03   1.196464E-03   2.463124E-05
   465   9.854930E-03   9.440519E-03   1.970986E-04
   466   2.769166E-03   2.793582E-03   5.538331E-05
   467   2.087620E-03   1.973622E-03   4.175239E-05
   468   1.390723E-03   1.366773E-03   2.781447E-05
   469   5.588879E-03   5.453813E-03   1.117776E-04
   470   1.599592E-03   1.591447E-03   3.199184E-05
   471   2.410463E-03   2.340414E-03   4.820925E-05
   472   3.221398E-03   3.065373E-03   6.442796E-05
   473   2.655052E-03   2.644888E-03   5.310104E-05
   474   2.472990E-03   2.445962E-03   4.945980E-05
   475   1.470740E-03   1.549097E-03   2.941479E-05
   476   2.412098E-03   2.491075E-03   4.824195E-05
   477   4.859244E-03   4.615471E-03   9.718487E-05
   478   2.100401E-03   2.127062E-03   4.200802E-05
   479   2.684868E-03   2.682306E-03   5.369737E-05
   480   1.605471E-03   1.737881E-03   3.210943E-05
   481   8.038542E-03   7.644381E-03   1.607708E-04
   482   2.272565E-03   2.345278E-03   4.545130E-05
   483   2.835062E-03   3.108191E-03   5.670125E-05
   484   3.411151E-03   3.844543E-03   6.822303E-05
   485   2.930316E-03   3.255206E-03   5.860633E-05
   486   1.927492E-03   2.145135E-03   3.854983E-05
   487   1.650949E-03   1.837574E-03   3.301898E-05
   488   1.059652E-03   1.157461E-03   2.119304E-05
   489   1.147973E-03   1.301966E-03   2.295945E-05
   490   4.852275E-03   4.352955E-03   9.704551E-05
   491   3.679540E-03   3.265845E-03   7.359079E-05
   492   2.725570E-03   2.977490E-03   5.451141E-05
   493   2.896860E-03   2.915099E-03   5.793720E-05
   494   6.104997E-03   6.045368E-03   1.220999E-04
   495   1.261001E-03   1.376685E-03   2.522003E-05
   496   1.128739E-02   1.160219E-02   2.257477E-04
   497   1.256803E-03   1.370882E-03   2.513607E-05
   498   2.457652E-03   2.547181E-03   4.915305E-05
   499   3.209930E-03   3.196201E-03   6.419859E-05
   500   3.143110E-03   2.676715E-03   6.286221E-05
   501   2.161731E-03   1.993160E-03   4.323462E-05
   502   2.817515E-03   2.480755E-03   5.635030E-05
   503   7.381667E-03   6.399412E-03   1.476333E-04
   504   4.252131E-03   3.630665E-03   8.504262E-05
   505   1.365569E-02   1.391989E-02   2.731138E-04
   506   9.710843E-04   7.709899E-04   1.942169E-05
   507   5.731622E-03   4.855570E-03   1.146324E-04
   508   2.531445E-03   1.860265E-03   5.062890E-05
   509   7.573552E-03   6.660372E-03   1.514710E-04
   510   1.863807E-02   2.076049E-02   3.727614E-04
   511   1.360232E-02   1.287085E-02   2.720463E-04
   512   1.704174E-02   1.824646E-02   3.408349E-04
   513   2.837137E-02   2.474368E-02   5.674274E-04
   514   0.000000E+00   1.780845E-04   8.571999E-05
   515   0.000000E+00  -1.860162E-04   4.928760E-05
   516   0.000000E+00  -1.595511E-04   6.938575E-05
   517   0.000000E+00   4.079962E-05   3.784845E-05
   518   0.000000E+00   9.491568E-05   5.833195E-05
   519   0.000000E+00  -6.601204E-05   3.567512E-05
   520   0.000000E+00  -1.238351E-04   4.791193E-05
   521   0.000000E+00   1.104439E-04   3.792972E-05
   522   0.000000E+00  -4.536307E-05   4.420725E-05
   523   0.000000E+00  -3.877605E-05   4.893610E-05
   524   0.000000E+00   4.679316E-05   2.576351E-05
   525   0.000000E+00   4.920415E-04   8.947855E-05
   526   0.000000E+00   1.954741E-04   5.100023E-05
   527   0.000000E+00   4.007932E-04   7.263877E-05
   528   0.000000E+00   2.747807E-04   1.112597E-04
   529   0.000000E+00   5.131339E-06   5.354117E-05
   530   0.000000E+00   4.152273E-04   1.905779E-04
   531   0.000000E+00  -3.576589E-06   3.233695E-05
   532   0.000000E+00  -1.107727E-04   4.774072E-05
   533   0.000000E+00  -2.987343E-05   7.106440E-05
   534   0.000000E+00  -3.540302E-05   5.388827E-05
   535   0.000000E+00  -3.511774E-04   8.743535E-05
   536   0.000000E+00   6.492161E-06   3.275580E-05
   537   0.000000E+00   9.720787E-04   4.587356E-04
   538   0.000000E+00   6.619162E-04   3.185521E-04
   539   0.000000E+00   1.726965E-03   5.889728E-04
   540   0.000000E+00   3.600581E-04   7.864687E-05
   541   0.000000E+00   3.060840E-05   2.646036E-05
   542   0.000000E+00  -2.696757E-05   2.638962E-05
   543   0.000000E+00   5.591119E-04   9.389042E-05
   544   0.000000E+00  -8.182874E-05   3.011639E-05
   545   0.000000E+00   7.164926E-04   3.532326E-04
   546   0.000000E+00   2.699358E-04   1.419297E-04
   547   0.000000E+00   5.950195E-05   6.301965E-05
   548   0.000000E+00   2.645233E-03   3.330377E-04
   549   0.000000E+00  -1.494890E-05   2.572478E-05
   550   0.000000E+00   7.238357E-03   6.532966E-04
   551   0.000000E+00   1.150089E-04   9.212542E-05
   552   0.000000E+00   9.637778E-05   4.467353E-05
   553   0.000000E+00   5.475369E-03   8.249259E-04
   554   0.000000E+00   4.079836E-03   3.649289E-04
   555   0.000000E+00  -6.533686E-06   1.539804E-04
   556   0.000000E+00   8.255441E-03   6.346598E-04
   557   0.000000E+00   2.198924E-04   8.178753E-05
   558   0.000000E+00   8.605161E-05   2.410946E-05
   559   0.000000E+00   8.098929E-05   2.414284E-05
   560   0.000000E+00   4.038595E-04   6.979279E-05
   561   0.000000E+00  -2.385049E-04   5.179795E-05
   562   0.000000E+00   1.281398E-04   1.919544E-05
   563   0.000000E+00   4.213948E-05   2.376196E-05
   564   0.000000E+00   8.200956E-04   3.452366E-04
   565   0.000000E+00  -1.486303E-04   3.292312E-05
   566   0.000000E+00   7.392949E-05   2.041193E-05
   567   0.000000E+00   2.003522E-04   6.110786E-05
   568   0.000000E+00   2.061113E-05   2.060922E-05
   569   0.000000E+00  -7.052761E-05   2.815692E-05
   570   0.000000E+00  -1.057302E-04   3.147130E-05
   571   0.000000E+00   2.168855E-04   6.085316E-05
   572   0.000000E+00   1.128263E-04   1.118133E-04
   573   0.000000E+00   1.239121E-05   2.366837E-05
   574   0.000000E+00   2.028150E-05   1.953068E-05
   575   0.000000E+00  -3.350502E-05   2.779137E-05
   576   0.000000E+00   2.638976E-04   9.873027E-05
   577   0.000000E+00   5.623835E-05   3.718324E-05
   578   0.000000E+00  -5.773750E-06   7.636247E-05
   579   0.000000E+00   3.988791E-04   1.113851E-04
   580   0.000000E+00  -1.885777E-03   1.625447E-04
   581   0.000000E+00  -7.259105E-05   6.834563E-04
   582   0.000000E+00   1.479285E-05   1.925692E-05
   583   0.000000E+00  -1.504915E-04   1.158571E-04
   584   0.000000E+00   3.705028E-05   3.991710E-05
   585   0.000000E+00  -2.584907E-04   7.434996E-05
   586   0.000000E+00  -1.091101E-04   3.911121E-05
   587   0.000000E+00   3.326648E-05   5.388827E-05
   588   0.000000E+00  -3.275271E-04   1.845522E-04
   589   0.000000E+00  -2.676246E-04   1.112597E-04
   590   0.000000E+00   6.139739E-03   8.013370E-04
   591   0.000000E+00   1.567423E-02   6.984900E-04
   592   0.000000E+00  -1.952078E-05   3.666105E-05
   593   0.000000E+00   1.854967E-05   2.240563E-05
   594   0.000000E+00   3.410209E-05   4.817192E-05
   595   0.000000E+00   6.970652E-05   3.031923E-05
   596   0.000000E+00  -2.992709E-04   5.235641E-05
   597   0.000000E+00   2.938893E-05   3.690730E-05
   598   0.000000E+00  -1.658790E-04   1.846210E-04
   599   0.000000E+00   1.285642E-07   2.179130E-05
   600   0.000000E+00  -3.446484E-04   9.428622E-05
   601   0.000000E+00  -2.017447E-04   4.057387E-05
   602   0.000000E+00  -4.034397E-04   7.263877E-05
   603   0.000000E+00  -1.154477E-06   3.233695E-05
   604   0.000000E+00  -2.228346E-04   6.085316E-05
   605   0.000000E+00   6.374391E-05   3.886744E-05
   606   0.000000E+00  -1.219578E-04   3.792972E-05
   607   0.000000E+00  -2.585646E-05   3.065130E-05
   608   0.000000E+00   2.181842E-05   1.055374E-04
   609   0.000000E+00   1.834016E-05   6.793450E-05
   610   0.000000E+00   1.527715E-05   2.506130E-05
   611   0.000000E+00   4.556584E-06   2.240563E-05
   612   0.000000E+00   9.161900E-05   3.147130E-05
   613   0.000000E+00  -4.846360E-05   3.784845E-05
   614   0.000000E+00   5.309028E-05   5.626829E-05
   615   0.000000E+00  -4.807394E-05   5.365125E-05
   616   0.000000E+00   1.838521E-05   3.100760E-05
   617   0.000000E+00  -1.485343E-03   6.214445E-04
   618   0.000000E+00  -4.915617E-05   7.379859E-05
   619   0.000000E+00   1.411894E-05   2.779137E-05
   620   0.000000E+00   4.674687E-05   3.134071E-05
   621   0.000000E+00   7.489281E-05   6.665645E-05
   622   0.000000E+00   5.015063E-05   3.974242E-05
   623   0.000000E+00   4.332969E-05   2.815692E-05
   624   0.000000E+00   1.122152E-04   3.335440E-05
   625   0.000000E+00  -3.841059E-05   6.736173E-05
   626   0.000000E+00   1.394540E-04   3.504132E-05
   627   0.000000E+00   5.675023E-05   2.657622E-05
   628   0.000000E+00  -3.599804E-05   2.873763E-05
   629   0.000000E+00   7.103989E-04   2.415488E-04
   630   0.000000E+00   1.036204E-04   4.024154E-05
   631   0.000000E+00   1.542214E-06   7.362440E-05
   632   0.000000E+00  -3.330412E-05   2.060922E-05
   633   0.000000E+00  -1.423363E-04   2.758659E-04
   634   0.000000E+00   1.203699E-04   3.847177E-05
   635   0.000000E+00  -4.524528E-05   4.285841E-05
   636   0.000000E+00   9.742201E-05   4.331878E-05
   637   0.000000E+00  -1.692063E-04   3.060131E-05
   638   0.000000E+00   7.838224E-05   3.011639E-05
   639   0.000000E+00  -7.496417E-05   2.414284E-05
   640   0.000000E+00   2.901529E-05   2.575829E-05
   641   0.000000E+00  -6.410416E-05   2.041193E-05
   642   0.000000E+00  -3.857890E-04   1.317718E-04
   643   0.000000E+00   5.342630E-06   1.116361E-04
   644   0.000000E+00  -9.805276E-05   4.467353E-05
   645   0.000000E+00  -3.376828E-04   7.097436E-05
   646   0.000000E+00   1.909376E-04   1.717571E-04
   647   0.000000E+00  -4.692819E-05   2.646036E-05
   648   0.000000E+00  -1.762186E-03   6.347788E-04
   649   0.000000E+00  -8.465958E-05   2.410946E-05
   650   0.000000E+00   1.687008E-05   4.117016E-05
   651   0.000000E+00  -3.122021E-04   6.411905E-05
   652   0.000000E+00  -2.463129E-04   7.552702E-05
   653   0.000000E+00  -6.073560E-05   5.065160E-05
   654   0.000000E+00  -3.588891E-04   7.019159E-05
   655   0.000000E+00  -6.764802E-04   2.141020E-04
   656   0.000000E+00  -2.975388E-04   1.031970E-04
   657   0.000000E+00  -7.847123E-03   8.124586E-04
   658   0.000000E+00  -4.690919E-05   2.755854E-05
   659   0.000000E+00  -3.673147E-05   1.293177E-04
   660   0.000000E+00  -2.727284E-05   7.103876E-05
   661   0.000000E+00   2.488298E-04   2.108601E-04
   662   0.000000E+00  -9.570559E-03   6.538745E-04
   663   0.000000E+00   8.800107E-04   3.143698E-04
   664   0.000000E+00  -7.858538E-03   6.913460E-04
   665   0.000000E+00   5.247088E-03   1.143279E-03
   666   0.000000E+00  -1.271397E-04   8.502500E-05
   667   0.000000E+00   3.882059E-04   5.345402E-05
   668   0.000000E+00   5.203230E-04   7.063079E-05
   669   0.000000E+00   9.477540E-05   3.726087E-05
   670   0.000000E+00  -4.882045E-04   5.548086E-05
   671   0.000000E+00   1.006907E-04   3.610002E-05
   672   0.000000E+00   1.818878E-04   5.109268E-05
   673   0.000000E+00  -1.095040E-04   3.979963E-05
   674   0.000000E+00   1.460614E-04   4.782883E-05
   675   0.000000E+00  -5.108296E-05   5.004599E-05
   676   0.000000E+00  -1.173689E-05   3.485687E-05
   677   0.000000E+00  -1.570915E-03   8.669034E-05
   678   0.000000E+00  -2.039762E-04   5.286713E-05
   679   0.000000E+00  -1.289647E-03   8.780515E-05
   680   0.000000E+00  -2.163490E-03   9.603366E-05
   681   0.000000E+00  -1.972113E-04   5.963232E-05
   682   0.000000E+00   8.785215E-04   1.995973E-04
   683   0.000000E+00   1.433723E-06   3.154722E-05
   684   0.000000E+00  -4.546369E-05   4.713132E-05
   685   0.000000E+00  -1.997866E-04   7.136238E-05
   686   0.000000E+00  -2.195033E-04   4.633345E-05
   687   0.000000E+00  -1.443204E-03   8.080342E-05
   688   0.000000E+00  -1.634185E-05   3.800434E-05
   689   0.000000E+00   8.863489E-04   4.553733E-04
   690   0.000000E+00   1.183859E-03   3.342714E-04
   691   0.000000E+00   1.021479E-03   5.170341E-04
   692   0.000000E+00   2.013491E-04   8.861092E-05
   693   0.000000E+00  -2.429593E-07   2.645064E-05
   694   0.000000E+00   1.126464E-05   2.832537E-05
   695   0.000000E+00   2.622440E-04   1.000823E-04
   696   0.000000E+00   5.561264E-05   3.068300E-05
   697   0.000000E+00   1.692352E-03   3.578252E-04
   698   0.000000E+00   9.451334E-04   1.539400E-04
   699   0.000000E+00   9.917178E-05   6.082881E-05
   700   0.000000E+00   1.994056E-03   3.399691E-04
   701   0.000000E+00  -1.894184E-05   2.538879E-05
   702   0.000000E+00   2.801934E-03   7.181558E-04
   703   0.000000E+00   5.572833E-04   1.031984E-04
   704   0.000000E+00  -6.239479E-05   4.486014E-05
   705   0.000000E+00   3.744880E-03   9.890900E-04
   706   0.000000E+00   2.025537E-03   4.048614E-04
   707   0.000000E+00   1.024802E-03   1.716064E-04
   708   0.000000E+00   5.497963E-03   8.651080E-04
   709   0.000000E+00   3.404664E-04   8.641357E-05
   710   0.000000E+00  -6.716880E-05   2.172030E-05
   711   0.000000E+00  -9.737845E-05   2.603586E-05
   712   0.000000E+00   1.697914E-04   7.987421E-05
   713   0.000000E+00   3.253522E-04   5.287223E-05
   714   0.000000E+00  -1.422393E-04   1.745297E-05
   715   0.000000E+00  -9.592821E-05   2.384431E-05
   716   0.000000E+00   1.040742E-03   3.729572E-04
   717   0.000000E+00  -1.611268E-04   3.140260E-05
   718   0.000000E+00  -4.016981E-05   2.273269E-05
   719   0.000000E+00   2.822318E-04   5.746233E-05
   720   0.000000E+00  -5.820807E-05   2.372358E-05
   721   0.000000E+00   5.650842E-05   3.016024E-05
   722   0.000000E+00  -2.482418E-04   3.139118E-05
   723   0.000000E+00  -7.317663E-04   5.136381E-05
   724   0.000000E+00   5.863173E-04   1.259637E-04
   725   0.000000E+00  -4.882787E-06   2.901345E-05
   726   0.000000E+00  -1.151092E-04   2.153188E-05
   727   0.000000E+00   6.092785E-05   2.747425E-05
   728   0.000000E+00  -2.099722E-03   9.698348E-05
   729   0.000000E+00  -1.658367E-04   3.958268E-05
   730   0.000000E+00   5.212176E-05   7.385422E-05
   731   0.000000E+00  -2.214732E-03   1.024805E-04
   732   0.000000E+00  -4.343813E-03   1.654751E-04
   733   0.000000E+00   3.889710E-04   5.877665E-04
   734   0.000000E+00  -5.981491E-05   2.359301E-05
   735   0.000000E+00   1.054499E-04   1.328803E-04
   736   0.000000E+00  -1.321199E-05   3.977570E-05
   737   0.000000E+00  -8.500471E-04   7.343206E-05
   738   0.000000E+00  -7.566268E-05   4.408569E-05
   739   0.000000E+00  -2.331762E-04   4.633345E-05
   740   0.000000E+00   1.012467E-03   2.016173E-04
   741   0.000000E+00  -2.130694E-03   9.603366E-05
   742   0.000000E+00   5.702191E-03   1.073694E-03
   743   0.000000E+00   1.057156E-03   1.042696E-03
   744   0.000000E+00  -3.884593E-05   3.997074E-05
   745   0.000000E+00   2.690915E-05   2.547163E-05
   746   0.000000E+00   1.206936E-05   5.670562E-05
   747   0.000000E+00  -1.027931E-05   3.014662E-05
   748   0.000000E+00  -8.252318E-04   4.845909E-05
   749   0.000000E+00  -3.706752E-05   3.622306E-05
   750   0.000000E+00   9.353633E-04   2.223257E-04
   751   0.000000E+00  -1.459613E-06   2.507152E-05
   752   0.000000E+00  -1.260497E-03   9.310043E-05
   753   0.000000E+00  -2.223956E-04   4.310329E-05
   754   0.000000E+00  -1.243847E-03   8.780515E-05
   755   0.000000E+00   2.230743E-06   3.154722E-05
   756   0.000000E+00  -7.581798E-04   5.136381E-05
   757   0.000000E+00  -4.062333E-06   4.158928E-05
   758   0.000000E+00  -1.204867E-04   3.979963E-05
   759   0.000000E+00  -3.486624E-05   3.079421E-05
   760   0.000000E+00  -3.936791E-06   9.785477E-05
   761   0.000000E+00  -5.342932E-04   6.676575E-05
   762   0.000000E+00  -6.944826E-05   2.670224E-05
   763   0.000000E+00   2.760587E-05   2.547163E-05
   764   0.000000E+00  -2.496656E-04   3.139118E-05
   765   0.000000E+00   1.087186E-04   3.726087E-05
   766   0.000000E+00   1.385126E-04   5.581810E-05
   767   0.000000E+00   1.504527E-04   5.138683E-05
   768   0.000000E+00  -7.792233E-05   3.623462E-05
   769   0.000000E+00   9.615115E-04   6.309801E-04
   770   0.000000E+00  -1.566672E-04   7.363586E-05
   771   0.000000E+00   4.079569E-05   2.747425E-05
   772   0.000000E+00  -6.425500E-05   3.279285E-05
   773   0.000000E+00   3.751930E-04   7.198962E-05
   774   0.000000E+00   1.786214E-05   4.167816E-05
   775   0.000000E+00   6.288007E-05   3.016024E-05
   776   0.000000E+00   2.210843E-04   3.587868E-05
   777   0.000000E+00   5.910885E-05   6.433065E-05
   778   0.000000E+00   1.416021E-04   3.891477E-05
   779   0.000000E+00   6.566190E-05   3.053185E-05
   780   0.000000E+00  -1.622870E-04   3.279801E-05
   781   0.000000E+00   1.016710E-03   2.583525E-04
   782   0.000000E+00   2.225669E-04   3.999934E-05
   783   0.000000E+00   7.095962E-05   7.473856E-05
   784   0.000000E+00  -6.538749E-05   2.372358E-05
   785   0.000000E+00   1.592273E-03   2.849040E-04
   786   0.000000E+00   1.289367E-04   3.583350E-05
   787   0.000000E+00   1.836746E-05   5.229974E-05
   788   0.000000E+00   1.116343E-04   4.530177E-05
   789   0.000000E+00  -2.126776E-04   2.922159E-05
   790   0.000000E+00   4.581069E-05   3.068300E-05
   791   0.000000E+00  -7.886825E-05   2.603586E-05
   792   0.000000E+00   6.503254E-05   2.830580E-05
   793   0.000000E+00  -4.112665E-05   2.273269E-05
   794   0.000000E+00   6.896123E-04   1.513282E-04
   795   0.000000E+00   3.959398E-04   1.230757E-04
   796   0.000000E+00  -6.845491E-05   4.486014E-05
   797   0.000000E+00   1.066701E-04   7.670949E-05
   798   0.000000E+00   1.203279E-03   1.910509E-04
   799   0.000000E+00  -5.928521E-06   2.645064E-05
   800   0.000000E+00   1.390359E-03   5.318033E-04
   801   0.000000E+00  -7.536410E-05   2.172030E-05
   802   0.000000E+00   1.648651E-07   4.094920E-05
   803   0.000000E+00   1.285864E-04   7.061205E-05
   804   0.000000E+00   4.220213E-04   7.469525E-05
   805   0.000000E+00   7.826628E-05   4.777532E-05
   806   0.000000E+00   1.092555E-04   7.891373E-05
   807   0.000000E+00   1.122396E-03   2.245348E-04
   808   0.000000E+00   5.193201E-04   1.128870E-04
   809   0.000000E+00   3.877983E-03   8.263193E-04
   810   0.000000E+00   7.265961E-05   2.932472E-05
   811   0.000000E+00   8.106574E-04   1.452169E-04
   812   0.000000E+00   3.421615E-04   8.161353E-05
   813   0.000000E+00   1.310769E-03   2.181146E-04
   814   0.000000E+00   5.980251E-03   7.805474E-04
   815   0.000000E+00   2.100384E-03   3.362209E-04
   816   0.000000E+00   2.366214E-03   7.246632E-04
   817   0.000000E+00   8.306593E-03   1.567776E-03
   818   8.614137E-04   4.280281E-04   3.356157E-03
   819   5.735512E-04   7.506794E-04   1.710391E-03
   820   5.120814E-04   5.737077E-04   1.562812E-03
   821   3.019566E-04   1.139740E-04   1.091409E-03
   822   3.842681E-04   7.772365E-05   1.921340E-03
   823   1.977128E-04   4.019933E-04   5.533008E-04
   824   3.152747E-04   3.108025E-04   1.112734E-03
   825   2.363700E-04  -3.298425E-05   1.114953E-03
   826   2.593843E-04   4.765457E-04   7.554883E-04
   827   2.493639E-04   1.387856E-04   1.068702E-03
   828   1.666844E-04   3.063859E-04   4.129259E-04
   829   4.753119E-04  -1.671419E-04   3.906674E-03
   830   2.650187E-04  -3.229342E-05   1.526019E-03
   831   5.130635E-04   4.662588E-05   3.193341E-03
   832   2.930122E-04  -5.001031E-05   3.855424E-03
   833   1.426340E-04   1.410469E-04   7.909465E-04
   834   8.353032E-04   6.301969E-04   2.962068E-03
   835   4.238366E-05   1.901185E-05   4.606920E-04
   836  -2.425530E-05   1.483787E-05   1.233320E-03
   837   9.420808E-05   1.406641E-04   1.228801E-03
   838  -1.671696E-05   6.433572E-05   1.166299E-03
   839  -1.064453E-04   1.588841E-04   3.070538E-03
   840  -2.094854E-07  -2.014026E-05   6.284562E-04
   841   4.064405E-04   4.673656E-04   2.150479E-03
   842   1.473890E-06   4.068570E-04   2.210834E-03
   843   1.265255E-03   1.067771E-03   3.108734E-03
   844   4.178476E-04   2.769861E-04   9.996354E-04
   845   1.617865E-04   3.130065E-04   3.783004E-04
   846   1.869210E-04   4.359743E-04   4.700445E-04
   847   5.556226E-04   2.596061E-04   1.043096E-03
   848   2.193485E-04   4.826409E-04   5.782475E-04
   849   1.908569E-03   1.415238E-03   3.103364E-03
   850   1.128001E-03   3.808617E-04   1.944830E-03
   851   4.406825E-04   4.451380E-04   9.880773E-04
   852   2.693891E-03   6.791895E-04   3.788876E-03
   853   1.674476E-04   3.685731E-04   3.977377E-04
   854   2.955543E-03   7.092466E-04   3.921552E-03
   855   8.136742E-04   1.962581E-04   1.562754E-03
   856   3.625008E-04   6.865512E-04   8.176711E-04
   857   3.516538E-03   3.207502E-03   3.820939E-03
   858   2.312104E-03   5.391170E-04   2.997542E-03
   859   1.126909E-03   5.749660E-04   1.927438E-03
   860   3.779155E-03   1.145040E-03   4.051989E-03
   861   4.782190E-04   1.347681E-04   9.040057E-04
   862   1.616249E-04   2.548058E-04   3.770410E-04
   863   2.101658E-04   3.676623E-04   4.952847E-04
   864   4.579599E-04   2.167148E-04   1.001370E-03
   865   4.612680E-04   7.067091E-04   1.423667E-03
   866   1.523783E-04   2.061584E-04   3.707500E-04
   867   1.948655E-04   2.978265E-04   5.083449E-04
   868   1.312327E-03   8.625126E-04   2.617673E-03
   869   2.787988E-04   2.474651E-04   1.155244E-03
   870   1.276546E-04   1.795980E-04   3.443918E-04
   871   3.302731E-04   1.619415E-04   7.758961E-04
   872   1.629554E-04   2.069253E-04   4.816414E-04
   873   2.041662E-04   1.874271E-04   7.231388E-04
   874   2.156270E-04   7.342074E-05   1.186938E-03
   875   3.527731E-04  -4.169747E-05   2.200248E-03
   876   5.337397E-04   3.054074E-04   1.622309E-03
   877   9.282673E-05   1.375239E-04   3.026959E-04
   878   1.158970E-04   1.147882E-04   4.209334E-04
   879   1.436282E-04   6.734889E-05   6.262859E-04
   880   2.998886E-04  -8.463315E-05   3.877870E-03
   881   1.637244E-04  -4.654468E-05   1.008569E-03
   882   2.116671E-04   2.403899E-04   9.724370E-04
   883   2.207120E-04  -2.316245E-04   4.868647E-03
   884  -8.043790E-04   3.699281E-04   8.743249E-03
   885   9.966457E-04   7.107933E-04   3.862968E-03
   886   8.850477E-05   3.221886E-05   4.935210E-04
   887  -1.471765E-04   1.693690E-05   1.824502E-03
   888   6.876570E-05  -4.721777E-05   7.420759E-04
   889  -3.321236E-04   1.928979E-04   2.806678E-03
   890  -1.836921E-04   4.386515E-05   1.235597E-03
   891   1.671696E-05  -5.912805E-05   1.166299E-03
   892   2.614998E-04  -1.519413E-04   1.627592E-03
   893  -2.930122E-04   4.263455E-05   3.855424E-03
   894   2.907819E-03   4.396477E-03   4.016324E-03
   895   2.741568E-03   9.595562E-04   2.741568E-03
   896   5.470738E-05   7.283708E-05   4.400057E-04
   897   3.776962E-05   3.209868E-05   3.690843E-04
   898   4.546186E-05   6.767529E-05   6.494551E-04
   899   4.066256E-05  -3.508192E-06   5.147159E-04
   900  -1.939310E-04   7.212043E-05   1.763009E-03
   901  -2.083952E-05  -6.136053E-06   7.186043E-04
   902   9.931902E-05  -1.775402E-04   1.425632E-03
   903  -9.730228E-06  -1.064682E-05   3.559840E-04
   904  -7.086659E-04  -6.689893E-06   4.065005E-03
   905  -1.678408E-04   6.408066E-05   9.554504E-04
   906  -5.130635E-04  -2.734496E-05   3.193341E-03
   907  -4.238366E-05  -1.535635E-05   4.606920E-04
   908  -3.527731E-04   5.394429E-05   2.200248E-03
   909   3.500810E-06  -2.498728E-05   4.566274E-04
   910  -2.363700E-04   3.476780E-05   1.114953E-03
   911  -9.775745E-05  -1.921913E-05   5.705688E-04
   912  -1.735053E-05  -3.608935E-05   9.131856E-04
   913  -7.208630E-04  -3.718746E-04   3.116122E-03
   914  -3.517735E-05  -5.180577E-05   3.103884E-04
   915  -3.776962E-05  -3.818929E-05   3.690843E-04
   916  -2.156270E-04  -6.627556E-05   1.186938E-03
   917  -3.019566E-04  -1.290391E-04   1.091409E-03
   918  -3.430974E-04  -1.867714E-04   1.322998E-03
   919  -4.167233E-04  -2.680675E-04   1.395279E-03
   920  -6.638119E-05  -6.790837E-05   3.694686E-04
   921  -3.173288E-04  -7.096190E-04   2.956479E-03
   922  -1.420582E-04  -1.525382E-04   8.307497E-04
   923  -1.436282E-04  -6.300008E-05   6.262859E-04
   924  -9.456918E-05  -9.749691E-05   4.172170E-04
   925  -5.940978E-04  -6.969502E-04   1.676664E-03
   926  -6.974222E-05  -1.098886E-04   4.798776E-04
   927  -2.041662E-04  -1.751443E-04   7.231388E-04
   928  -3.092542E-04  -3.273293E-04   9.664194E-04
   929  -1.956773E-04  -2.119025E-04   7.965155E-04
   930  -2.228164E-04  -3.189299E-04   7.418970E-04
   931  -1.251599E-04  -1.626912E-04   4.412219E-04
   932  -2.071992E-04  -2.417269E-04   7.236293E-04
   933  -1.482069E-04   2.720435E-04   1.457773E-03
   934  -2.020586E-04  -3.032714E-04   6.301204E-04
   935  -2.223071E-04  -2.970132E-04   8.054605E-04
   936  -1.629554E-04  -2.129645E-04   4.816414E-04
   937  -5.715403E-04  -3.905520E-04   2.411563E-03
   938  -2.418009E-04  -4.337265E-04   6.817695E-04
   939  -3.274497E-04  -5.765841E-04   8.505187E-04
   940  -3.892124E-04  -8.568927E-04   1.023345E-03
   941  -3.487076E-04  -5.038603E-04   8.790949E-04
   942  -2.193485E-04  -4.872517E-04   5.782475E-04
   943  -2.101658E-04  -3.716529E-04   4.952847E-04
   944  -1.069189E-04  -2.015146E-04   3.178956E-04
   945  -1.276546E-04  -1.980450E-04   3.443918E-04
   946  -5.788765E-04  -2.051978E-04   1.455683E-03
   947  -2.594075E-04  -4.976274E-05   1.103862E-03
   948  -3.625008E-04  -6.596022E-04   8.176711E-04
   949  -3.884689E-04  -3.598372E-04   8.690579E-04
   950  -7.374836E-04  -5.288020E-04   1.831499E-03
   951  -1.617865E-04  -2.868580E-04   3.783004E-04
   952  -1.502351E-03  -1.340930E-03   3.386216E-03
   953  -1.616249E-04  -2.571040E-04   3.770410E-04
   954  -3.133507E-04  -5.525144E-04   7.372957E-04
   955  -3.697839E-04  -2.755276E-04   9.629789E-04
   956  -4.346921E-04  -1.010548E-04   9.429331E-04
   957  -2.931307E-04  -2.715292E-04   6.485193E-04
   958  -4.147382E-04  -1.709853E-04   8.452545E-04
   959  -1.345678E-03  -8.315671E-04   2.214500E-03
   960  -7.275396E-04  -3.152747E-04   1.275639E-03
   961  -2.727041E-03  -1.415200E-03   4.096707E-03
   962  -1.428465E-04  -4.165083E-05   2.913253E-04
   963  -9.439981E-04  -4.575256E-04   1.719487E-03
   964  -4.126256E-04  -4.318284E-05   7.594335E-04
   965  -1.460938E-03  -4.292800E-04   2.272066E-03
   966  -4.797439E-03  -2.556634E-03   5.591420E-03
   967  -2.848325E-03  -7.662561E-04   4.080695E-03
   968  -3.352111E-03  -9.503403E-04   5.112523E-03
   969  -8.142583E-03  -5.148117E-03   8.511411E-03
   970   0.000000E+00  -4.133903E-04   3.356157E-03
   971   0.000000E+00  -1.468924E-04   1.710391E-03
   972   0.000000E+00  -2.550143E-05   1.562812E-03
   973   0.000000E+00  -1.040140E-04   1.091409E-03
   974   0.000000E+00  -1.300853E-04   1.921340E-03
   975   0.000000E+00   5.695050E-05   5.533008E-04
   976   0.000000E+00   1.313886E-05   1.112734E-03
   977   0.000000E+00  -2.440697E-05   1.114953E-03
   978   0.000000E+00   1.002591E-04   7.554883E-04
   979   0.000000E+00   2.831435E-05   1.068702E-03
   980   0.000000E+00   1.241689E-04   4.129259E-04
   981   0.000000E+00   2.868976E-04   3.906674E-03
   982   0.000000E+00   4.552501E-05   1.526019E-03
   983   0.000000E+00  -1.552034E-04   3.193341E-03
   984   0.000000E+00   1.452733E-04   3.855424E-03
   985   0.000000E+00   9.578013E-05   7.909465E-04
   986   0.000000E+00  -2.912408E-05   2.962068E-03
   987   0.000000E+00   3.900386E-06   4.606920E-04
   988   0.000000E+00   1.421927E-05   1.233320E-03
   989   0.000000E+00   9.690692E-05   1.228801E-03
   990   0.000000E+00   1.082222E-04   1.166299E-03
   991   0.000000E+00   1.415173E-04   3.070538E-03
   992   0.000000E+00  -7.721169E-06   6.284562E-04
   993   0.000000E+00   9.166444E-05   2.150479E-03
   994   0.000000E+00  -1.404646E-04   2.210834E-03
   995   0.000000E+00   4.332856E-04   3.108734E-03
   996   0.000000E+00   1.218201E-04   9.996354E-04
   997   0.000000E+00   1.611560E-04   3.783004E-04
   998   0.000000E+00   1.247456E-04   4.700445E-04
   999   0.000000E+00   1.731336E-04   1.043096E-03
  1000   0.000000E+00   6.637361E-05   5.782475E-04
  1001   0.000000E+00   6.304239E-04   3.103364E-03
  1002   0.000000E+00   3.324029E-05   1.944830E-03
  1003   0.000000E+00   2.961564E-04   9.880773E-04
  1004   0.000000E+00   3.000717E-04   3.788876E-03
  1005   0.000000E+00   1.638728E-04   3.977377E-04
  1006   0.000000E+00   2.091926E-03   3.921552E-03
  1007   0.000000E+00   1.265002E-04   1.562754E-03
  1008   0.000000E+00   3.630081E-04   8.176711E-04
  1009   0.000000E+00   3.968506E-03   3.820939E-03
  1010   0.000000E+00   9.587465E-04   2.997542E-03
  1011   0.000000E+00   2.262175E-04   1.927438E-03
  1012   0.000000E+00   1.199631E-03   4.051989E-03
  1013   0.000000E+00  -1.445583E-05   9.040057E-04
  1014   0.000000E+00   1.546705E-04   3.770410E-04
  1015   0.000000E+00   1.474250E-04   4.952847E-04
  1016   0.000000E+00   1.179355E-04   1.001370E-03
  1017   0.000000E+00  -5.410519E-05   1.423667E-03
  1018   0.000000E+00   1.192708E-04   3.707500E-04
  1019   0.000000E+00   6.951524E-05   5.083449E-04
  1020   0.000000E+00   9.062081E-04   2.617673E-03
  1021   0.000000E+00  -1.488893E-04   1.155244E-03
  1022   0.000000E+00   6.221034E-05   3.443918E-04
  1023   0.000000E+00  -7.265954E-06   7.758961E-04
  1024   0.000000E+00   4.011177E-05   4.816414E-04
  1025   0.000000E+00  -5.074444E-05   7.231388E-04
  1026   0.000000E+00  -1.119088E-04   1.186938E-03
  1027   0.000000E+00  -8.569727E-05   2.200248E-03
  1028   0.000000E+00  -8.009596E-05   1.622309E-03
  1029   0.000000E+00   2.530826E-05   3.026959E-04
  1030   0.000000E+00   2.370397E-05   4.209334E-04
  1031   0.000000E+00  -3.380189E-05   6.262859E-04
  1032   0.000000E+00   7.426325E-05   3.877870E-03
  1033   0.000000E+00  -1.477008E-05   1.008569E-03
  1034   0.000000E+00   4.291577E-05   9.724370E-04
  1035   0.000000E+00   2.842714E-04   4.868647E-03
  1036   0.000000E+00  -6.168765E-05   8.743249E-03
  1037   0.000000E+00  -1.045499E-04   3.862968E-03
  1038   0.000000E+00  -1.174403E-06   4.935210E-04
  1039   0.000000E+00   2.499421E-04   1.824502E-03
  1040   0.000000E+00   1.799490E-05   7.420759E-04
  1041   0.000000E+00   8.221920E-05   2.806678E-03
  1042   0.000000E+00   2.281491E-05   1.235597E-03
  1043   0.000000E+00   1.098897E-04   1.166299E-03
  1044   0.000000E+00   3.474339E-05   1.627592E-03
  1045   0.000000E+00   1.422525E-04   3.855424E-03
  1046   0.000000E+00   3.707996E-03   4.016324E-03
  1047   0.000000E+00   1.101040E-03   2.741568E-03
  1048   0.000000E+00   3.374512E-05   4.400057E-04
  1049   0.000000E+00   3.267817E-06   3.690843E-04
  1050   0.000000E+00   5.178492E-05   6.494551E-04
  1051   0.000000E+00  -3.790802E-06   5.147159E-04
  1052   0.000000E+00   2.237377E-04   1.763009E-03
  1053   0.000000E+00   2.548672E-05   7.186043E-04
  1054   0.000000E+00   1.424377E-04   1.425632E-03
  1055   0.000000E+00  -1.420087E-05   3.559840E-04
  1056   0.000000E+00  -1.125585E-04   4.065005E-03
  1057   0.000000E+00   6.306763E-05   9.554504E-04
  1058   0.000000E+00  -1.638205E-04   3.193341E-03
  1059   0.000000E+00   4.912267E-06   4.606920E-04
  1060   0.000000E+00  -7.352729E-05   2.200248E-03
  1061   0.000000E+00   2.532725E-06   4.566274E-04
  1062   0.000000E+00  -1.837434E-05   1.114953E-03
  1063   0.000000E+00   3.097077E-06   5.705688E-04
  1064   0.000000E+00   1.244359E-04   9.131856E-04
  1065   0.000000E+00  -3.701894E-04   3.116122E-03
  1066   0.000000E+00   1.210710E-05   3.103884E-04
  1067   0.000000E+00   5.680281E-06   3.690843E-04
  1068   0.000000E+00  -9.029624E-05   1.186938E-03
  1069   0.000000E+00  -8.210403E-05   1.091409E-03
  1070   0.000000E+00  -2.959131E-05   1.322998E-03
  1071   0.000000E+00  -1.604729E-04   1.395279E-03
  1072   0.000000E+00   2.643124E-05   3.694686E-04
  1073   0.000000E+00  -1.649990E-05   2.956479E-03
  1074   0.000000E+00   9.695565E-05   8.307497E-04
  1075   0.000000E+00  -3.347141E-05   6.262859E-04
  1076   0.000000E+00   2.743255E-05   4.172170E-04
  1077   0.000000E+00  -6.962013E-05   1.676664E-03
  1078   0.000000E+00   7.222690E-06   4.798776E-04
  1079   0.000000E+00  -5.339932E-05   7.231388E-04
  1080   0.000000E+00  -8.885906E-05   9.664194E-04
  1081   0.000000E+00   2.926690E-05   7.965155E-04
  1082   0.000000E+00  -4.198143E-05   7.418970E-04
  1083   0.000000E+00   1.630025E-05   4.412219E-04
  1084   0.000000E+00   6.113389E-05   7.236293E-04
  1085   0.000000E+00  -1.296594E-05   1.457773E-03
  1086   0.000000E+00   2.205643E-05   6.301204E-04
  1087   0.000000E+00   3.951201E-05   8.054605E-04
  1088   0.000000E+00   3.274221E-05   4.816414E-04
  1089   0.000000E+00  -4.721619E-05   2.411563E-03
  1090   0.000000E+00   3.290680E-05   6.817695E-04
  1091   0.000000E+00   1.853430E-04   8.505187E-04
  1092   0.000000E+00   1.884940E-04   1.023345E-03
  1093   0.000000E+00   1.952512E-04   8.790949E-04
  1094   0.000000E+00   7.253307E-05   5.782475E-04
  1095   0.000000E+00   1.352082E-04   4.952847E-04
  1096   0.000000E+00   4.181622E-05   3.178956E-04
  1097   0.000000E+00   7.228022E-05   3.443918E-04
  1098   0.000000E+00  -5.914328E-05   1.455683E-03
  1099   0.000000E+00  -4.822230E-06   1.103862E-03
  1100   0.000000E+00   3.579763E-04   8.176711E-04
  1101   0.000000E+00   2.332459E-04   8.690579E-04
  1102   0.000000E+00   8.549662E-05   1.831499E-03
  1103   0.000000E+00   1.647304E-04   3.783004E-04
  1104   0.000000E+00   6.229150E-04   3.386216E-03
  1105   0.000000E+00   1.581089E-04   3.770410E-04
  1106   0.000000E+00   2.546699E-04   7.372957E-04
  1107   0.000000E+00   9.736025E-05   9.629789E-04
  1108   0.000000E+00  -1.021123E-04   9.429331E-04
  1109   0.000000E+00   2.005488E-04   6.485193E-04
  1110   0.000000E+00   1.536277E-04   8.452545E-04
  1111   0.000000E+00   7.931201E-05   2.214500E-03
  1112   0.000000E+00   1.502958E-04   1.275639E-03
  1113   0.000000E+00   7.431710E-04   4.096707E-03
  1114   0.000000E+00   3.787593E-05   2.913253E-04
  1115   0.000000E+00  -6.120604E-06   1.719487E-03
  1116   0.000000E+00  -2.953224E-05   7.594335E-04
  1117   0.000000E+00   1.483333E-05   2.272066E-03
  1118   0.000000E+00   2.977826E-03   5.591420E-03
  1119   0.000000E+00   8.396990E-04   4.080695E-03
  1120   0.000000E+00   2.437755E-03   5.112523E-03
  1121   0.000000E+00   5.302218E-03   8.511411E-03
