         152           4
       1  1.11872E-02  1.05029E-02 -5.08684E+01 -5.51457E+01  2.09680E+00  1.90795E+02  1.93500E+02  2.07980E+00  3.97861E-02  7.70000E-02  3.00000E-01 -4.17347E-02  0.00000E+00  3.00000E-01
       2  5.70130E-03  5.64070E-03 -7.73071E+01 -7.20331E+01  2.11870E+00  1.89066E+02  1.73297E+02  2.29780E+00  1.32985E-01  1.00600E-01  3.00000E-01 -2.47637E-02  0.00000E+00  3.00000E-01
       3  5.20937E-03  5.08789E-03 -7.34936E+01 -7.03214E+01  2.97040E+00  1.82335E+02  1.57694E+02  3.02370E+00  1.15716E-01  9.83000E-02  3.00000E-01 -1.61606E-02  0.00000E+00  3.00000E-01
       4  3.63803E-03  3.30899E-03 -5.56890E+01 -5.93916E+01  2.64100E+00  1.86589E+02  1.79503E+02  2.60000E+00  3.43367E-02  8.30000E-02  3.00000E-01 -3.21811E-02  0.00000E+00  3.00000E-01
       5  6.40447E-03  5.97808E-03 -3.94750E+01 -4.29252E+01  2.62700E+00  1.84338E+02  2.03949E+02  2.49860E+00  1.37447E-02  6.00000E-02  3.00000E-01 -3.58881E-02  0.00000E+00  3.00000E-01
       6  1.84434E-03  2.01561E-03 -8.06654E+01 -7.66923E+01  4.18970E+00  1.64159E+02  1.53159E+02  4.23960E+00  1.90757E-01  1.07200E-01  3.00000E-01  3.16515E-02  0.00000E+00  3.00000E-01
       7  3.70911E-03  3.67152E-03 -6.73628E+01 -6.08558E+01  2.81680E+00  1.64713E+02  1.54194E+02  3.00380E+00  8.47853E-02  8.50000E-02  3.00000E-01  6.81416E-03  0.00000E+00  3.00000E-01
       8  3.71651E-03  3.27439E-03 -3.71928E+01 -4.55340E+01  2.66940E+00  1.76440E+02  1.84950E+02  2.80100E+00 -1.14786E-02  6.36000E-02  3.00000E-01 -5.75591E-03  0.00000E+00  3.00000E-01
       9  2.51829E-03  2.78818E-03 -7.35060E+01 -7.37064E+01  3.32630E+00  1.45984E+02  1.33986E+02  3.59880E+00  1.62299E-01  1.03000E-01  3.00000E-01  3.13995E-02  0.00000E+00  3.00000E-01
      10  3.56234E-03  3.39319E-03 -5.29538E+01 -5.00778E+01  3.24950E+00  1.63477E+02  1.67266E+02  3.32320E+00  4.02068E-02  7.00000E-02  3.00000E-01  1.00396E-02  0.00000E+00  3.00000E-01
      11  1.37642E-03  1.55515E-03 -8.01136E+01 -8.66754E+01  3.87500E+00  1.47068E+02  1.46387E+02  5.24270E+00  2.00683E-01  1.21100E-01  3.00000E-01  5.80573E-02  0.00000E+00  3.00000E-01
      12  1.30222E-02  1.19259E-02 -1.65756E+01 -2.61590E+01  1.95760E+00  1.68803E+02  2.01454E+02  1.89660E+00 -7.28810E-03  3.65000E-02  3.00000E-01 -3.67148E-03  0.00000E+00  3.00000E-01
      13  5.08673E-03  4.48612E-03 -2.71630E+01 -3.72943E+01  2.53240E+00  1.67128E+02  1.78601E+02  2.62510E+00 -5.53460E-03  5.21000E-02  3.00000E-01  1.15132E-02  0.00000E+00  3.00000E-01
      14  1.06445E-02  1.04497E-02 -2.59659E+01 -3.44990E+01  2.01780E+00  1.80303E+02  2.09083E+02  2.43910E+00  1.14534E-02  4.82000E-02  3.00000E-01 -5.28678E-02  0.00000E+00  3.00000E-01
      15  1.28514E-02  1.26853E-02 -1.15252E+01 -1.63027E+01  2.61890E+00  1.74154E+02  2.13903E+02  2.26050E+00  1.82224E-03  2.28000E-02  3.00000E-01 -4.89603E-02  0.00000E+00  3.00000E-01
      16  2.63649E-03  2.60971E-03 -3.98134E+01 -3.87077E+01  4.33610E+00  1.34943E+02  1.50981E+02  4.82940E+00  5.80209E-02  5.41000E-02  3.00000E-01  3.11007E-02  0.00000E+00  3.00000E-01
      17  9.87356E-03  9.09054E-03 -4.79192E+01 -6.05436E+01  3.43570E+00  1.46056E+02  1.25864E+02  3.59830E+00  5.92760E-02  8.46000E-02  3.00000E-01 -2.04039E-02  0.00000E+00  3.00000E-01
      18  1.53564E-03  1.37792E-03 -2.03044E+01 -1.97254E+01  4.73350E+00  1.59170E+02  1.58949E+02  4.61790E+00  1.37876E-02  2.76000E-02  3.00000E-01  2.88996E-03  0.00000E+00  3.00000E-01
      19  4.11107E-03  3.50839E-03 -3.07736E+00  4.25290E+00  2.76540E+00  1.65119E+02  1.68387E+02  2.73010E+00  3.09168E-03 -5.90000E-03  3.00000E-01  4.38096E-03  0.00000E+00  3.00000E-01
      20  4.09600E-03  3.95240E-03 -1.84729E+01 -1.64615E+01  3.52970E+00  1.33486E+02  1.43857E+02  3.54450E+00  3.63827E-02  2.30000E-02  3.00000E-01  2.39583E-02  0.00000E+00  3.00000E-01
      21  3.88766E-03  3.35665E-03  2.25436E-01  3.07820E+00  3.50300E+00  1.62142E+02  1.78698E+02  3.01190E+00  1.78450E-02 -4.30000E-03  3.00000E-01  2.92258E-02  0.00000E+00  3.00000E-01
      22  1.02351E-02  9.88710E-03 -9.63995E-01  7.42610E+00  2.47200E+00  1.70010E+02  2.04616E+02  2.28450E+00  9.30359E-03 -1.04000E-02  3.00000E-01 -2.99964E-02  0.00000E+00  3.00000E-01
      23  2.09485E-03  1.95564E-03  7.69387E-01  6.42000E-02  3.23530E+00  1.44602E+02  1.46307E+02  3.75370E+00 -1.08247E-02 -1.00000E-04  3.00000E-01 -4.08549E-03  0.00000E+00  3.00000E-01
      24  7.16826E-03  7.20213E-03 -1.13921E+01 -4.05902E+01  1.00825E+01  1.32200E+02  1.11405E+02  1.00086E+01  1.17574E-02  5.67000E-02  3.00000E-01 -2.99210E-02  0.00000E+00  3.00000E-01
      25  7.36945E-03  6.66967E-03  2.42245E+01 -1.27600E-01  6.76040E+00  1.40632E+02  1.10589E+02  7.09400E+00 -2.16173E-03  2.00000E-04  3.00000E-01 -6.27493E-02  0.00000E+00  3.00000E-01
      26  1.03624E-02  1.04380E-02 -5.48995E+01 -8.73687E+01  8.21170E+00  1.18682E+02  1.02161E+02  7.20870E+00  5.13711E-02  1.22100E-01  3.00000E-01 -3.12502E-02  0.00000E+00  3.00000E-01
      27  3.33212E-03  3.21139E-03 -6.42080E+01 -8.97611E+01  4.07440E+00  1.37341E+02  1.22064E+02  4.59060E+00  8.67636E-02  1.25400E-01  3.00000E-01  2.02832E-02  0.00000E+00  3.00000E-01
      28  1.26100E-03  1.38724E-03 -8.60490E+01 -9.18239E+01  4.08350E+00  1.40646E+02  1.37606E+02  4.08200E+00  2.28144E-01  1.28300E-01  3.00000E-01  9.32835E-02  0.00000E+00  3.00000E-01
      29  1.56682E-03  1.80108E-03 -8.87517E+01 -8.53951E+01  3.61540E+00  1.51664E+02  1.51784E+02  3.88060E+00  2.39942E-01  1.19300E-01  3.00000E-01  8.21908E-02  0.00000E+00  3.00000E-01
      30  3.47699E-03  3.11123E-03 -7.16076E+01 -1.14358E+02  4.66580E+00  1.42403E+02  1.22178E+02  4.97350E+00  8.11273E-02  1.59800E-01  3.00000E-01  3.67872E-02  0.00000E+00  3.00000E-01
      31  1.92749E-03  2.15616E-03 -8.92442E+01 -8.14300E+01  3.54520E+00  1.63540E+02  1.60441E+02  3.61190E+00  2.18419E-01  1.13800E-01  3.00000E-01  5.37452E-02  0.00000E+00  3.00000E-01
      32  1.03445E-02  9.85478E-03 -1.00729E+02 -1.32051E+02  4.99940E+00  1.47983E+02  1.03527E+02  5.06440E+00  1.09578E-01  1.84500E-01  3.00000E-01 -2.43299E-02  0.00000E+00  3.00000E-01
      33  6.48277E-03  5.30835E-03 -1.04500E+02 -1.24535E+02  3.79810E+00  1.66878E+02  1.22670E+02  4.11950E+00  4.51934E-02  1.74000E-01  3.00000E-01 -1.52207E-03  0.00000E+00  3.00000E-01
      34  3.29359E-03  3.08082E-03 -8.86363E+01 -9.57580E+01  3.50070E+00  1.40444E+02  1.29370E+02  3.37900E+00  1.45184E-01  1.33800E-01  3.00000E-01  8.51573E-02  0.00000E+00  3.00000E-01
      35  1.26296E-02  1.15260E-02 -1.37849E+02 -1.52696E+02  3.72370E+00  1.39413E+02  9.98517E+01  3.80120E+00  8.31274E-02  2.13300E-01  3.00000E-01  2.68359E-02  0.00000E+00  3.00000E-01
      36  1.32579E-03  1.47865E-03 -9.57586E+01 -9.03990E+01  3.94300E+00  1.36278E+02  1.43693E+02  3.89150E+00  2.50997E-01  1.26300E-01  3.00000E-01  1.36601E-01  0.00000E+00  3.00000E-01
      37  1.30718E-02  1.47448E-02 -8.06718E+01 -1.61801E+02  6.01230E+00  9.48773E+01  8.50652E+01  6.60920E+00  1.40133E-01  2.26100E-01  3.00000E-01  4.04022E-02  0.00000E+00  3.00000E-01
      38  5.20918E-03  4.12741E-03 -1.01090E+02 -1.11794E+02  2.99430E+00  1.55353E+02  1.19721E+02  3.35420E+00  4.32216E-02  1.56200E-01  3.00000E-01  5.29019E-02  0.00000E+00  3.00000E-01
      39  2.72557E-03  3.01006E-03 -8.99282E+01 -9.52033E+01  3.35160E+00  1.41498E+02  1.44592E+02  3.36560E+00  2.38949E-01  1.33000E-01  3.00000E-01  1.02149E-01  0.00000E+00  3.00000E-01
      40  1.27365E-02  1.14392E-02 -1.46951E+01 -1.97637E+02  6.00790E+00  4.20473E+01  6.55906E+01  7.20350E+00 -9.65942E-02  2.76100E-01  3.00000E-01  1.59075E-01  0.00000E+00  3.00000E-01
      41  9.99181E-03  1.06727E-02 -9.23079E+01 -1.65616E+02  4.30430E+00  1.04247E+02  8.33342E+01  4.77530E+00  1.10508E-01  2.31400E-01  3.00000E-01  1.07501E-01  0.00000E+00  3.00000E-01
      42  6.42479E-03  5.66880E-03 -1.14667E+02 -1.25516E+02  3.53720E+00  1.47148E+02  1.04361E+02  3.94210E+00  1.14688E-01  1.75400E-01  3.00000E-01  1.41600E-03  0.00000E+00  3.00000E-01
      43  1.35066E-02  1.54749E-02 -1.03288E+02 -2.00253E+02  4.68790E+00  8.33864E+01  7.05455E+01  6.39010E+00  1.84189E-01  2.79800E-01  3.00000E-01  9.24020E-02  0.00000E+00  3.00000E-01
      44  3.01335E-03  2.36665E-03 -8.73035E+01 -1.13573E+02  4.52250E+00  1.50564E+02  1.17822E+02  4.77830E+00  4.66395E-02  1.58700E-01  3.00000E-01  2.26075E-02  0.00000E+00  3.00000E-01
      45  1.25680E-03  1.36211E-03 -8.31093E+01 -9.20753E+01  3.96280E+00  1.36619E+02  1.46072E+02  3.57010E+00  2.11783E-01  1.28600E-01  3.00000E-01  8.67806E-02  0.00000E+00  3.00000E-01
      46  1.65095E-03  1.82337E-03 -8.61910E+01 -9.10898E+01  3.34400E+00  1.49537E+02  1.61695E+02  3.60620E+00  2.24805E-01  1.27300E-01  3.00000E-01  7.24705E-02  0.00000E+00  3.00000E-01
      47  3.33790E-03  3.07916E-03 -7.00347E+01 -9.81729E+01  3.58330E+00  1.33963E+02  1.21180E+02  4.10090E+00  7.70917E-02  1.37200E-01  3.00000E-01  3.44897E-02  0.00000E+00  3.00000E-01
      48  4.74556E-03  4.73849E-03 -7.89724E+01 -6.95816E+01  2.54100E+00  1.78781E+02  1.64613E+02  2.59370E+00  1.47818E-01  9.72000E-02  3.00000E-01 -2.08920E-03  0.00000E+00  3.00000E-01
      49  1.23583E-03  1.39958E-03 -7.71508E+01 -8.82302E+01  3.46790E+00  1.36906E+02  1.57875E+02  3.15310E+00  1.95388E-01  1.23300E-01  3.00000E-01  5.29556E-02  0.00000E+00  3.00000E-01
      50  1.69448E-03  1.84787E-03 -8.08785E+01 -8.23289E+01  3.31840E+00  1.55135E+02  1.67328E+02  3.32990E+00  1.76984E-01  1.15000E-01  3.00000E-01  3.79081E-02  0.00000E+00  3.00000E-01
      51  8.72558E-03  9.35170E-03 -8.63450E+01 -1.07611E+02  5.32290E+00  1.20288E+02  9.51285E+01  5.75030E+00  8.10001E-02  1.50400E-01  3.00000E-01  2.42431E-02  0.00000E+00  3.00000E-01
      52  3.85081E-03  3.55161E-03 -6.41751E+01 -5.18417E+01  2.48570E+00  1.92840E+02  2.05582E+02  2.37090E+00  7.06737E-02  7.24000E-02  3.00000E-01 -3.74536E-02  0.00000E+00  3.00000E-01
      53  1.14797E-03  1.27008E-03 -6.93125E+01 -7.95708E+01  3.64480E+00  1.40424E+02  1.44946E+02  4.05920E+00  1.52399E-01  1.11200E-01  3.00000E-01  2.25939E-02  0.00000E+00  3.00000E-01
      54  2.58632E-03  2.38428E-03 -6.95303E+01 -9.13735E+01  3.94420E+00  1.42737E+02  1.18040E+02  3.70890E+00  6.04548E-02  1.27700E-01  3.00000E-01 -8.92186E-03  0.00000E+00  3.00000E-01
      55  1.60547E-03  1.70745E-03 -7.16851E+01 -7.26749E+01  2.99110E+00  1.56929E+02  1.64762E+02  3.44310E+00  1.27645E-01  1.01500E-01  3.00000E-01  2.33297E-02  0.00000E+00  3.00000E-01
      56  2.41046E-03  2.35502E-03 -6.76271E+01 -6.05916E+01  2.90940E+00  1.80833E+02  1.76118E+02  3.11640E+00  8.15164E-02  8.47000E-02  3.00000E-01 -1.69310E-02  0.00000E+00  3.00000E-01
      57  3.95646E-03  3.60502E-03 -4.68676E+01 -3.90104E+01  2.31750E+00  1.88938E+02  2.06014E+02  2.31160E+00  1.62511E-02  5.45000E-02  3.00000E-01 -3.72942E-02  0.00000E+00  3.00000E-01
      58  7.33416E-03  6.91647E-03 -2.68033E+01 -3.44129E+01  2.42660E+00  1.81228E+02  2.06800E+02  2.04820E+00 -4.19991E-03  4.81000E-02  3.00000E-01 -3.43474E-02  0.00000E+00  3.00000E-01
      59  5.40770E-03  4.83788E-03 -6.22820E+01 -7.06768E+01  3.54790E+00  1.45649E+02  1.21332E+02  3.99690E+00  6.35378E-02  9.87000E-02  3.00000E-01 -2.46139E-02  0.00000E+00  3.00000E-01
      60  1.00899E-03  1.07186E-03 -6.36903E+01 -6.58570E+01  4.59500E+00  1.38061E+02  1.38512E+02  5.63270E+00  1.29247E-01  9.20000E-02  3.00000E-01  1.85518E-02  0.00000E+00  3.00000E-01
      61  1.40311E-03  1.46043E-03 -5.86628E+01 -5.91339E+01  3.37190E+00  1.53650E+02  1.71291E+02  3.71740E+00  9.01843E-02  8.26000E-02  3.00000E-01  1.13922E-02  0.00000E+00  3.00000E-01
      62  2.08762E-03  2.00441E-03 -5.30646E+01 -4.92578E+01  3.20750E+00  1.77327E+02  1.70370E+02  3.17090E+00  3.56227E-02  6.88000E-02  3.00000E-01 -1.81648E-02  0.00000E+00  3.00000E-01
      63  1.29262E-02  1.27930E-02 -1.18296E+01 -1.66150E+01  2.31170E+00  1.75774E+02  2.14012E+02  2.27080E+00 -1.78800E-03  2.32000E-02  3.00000E-01 -5.17539E-02  0.00000E+00  3.00000E-01
      64  3.36190E-03  2.98525E-03 -2.98864E+01 -3.48226E+01  3.01100E+00  1.78529E+02  1.92501E+02  3.20530E+00 -1.79296E-02  4.87000E-02  3.00000E-01 -4.77288E-03  0.00000E+00  3.00000E-01
      65  3.24146E-03  3.25614E-03 -4.66664E+01 -4.67406E+01  4.32920E+00  1.33112E+02  1.29943E+02  4.18700E+00  7.32893E-02  6.53000E-02  3.00000E-01  1.50775E-02  0.00000E+00  3.00000E-01
      66  1.62288E-02  1.52832E-02 -3.33734E+00 -9.71960E+00  1.98640E+00  1.69814E+02  2.04650E+02  1.82760E+00 -1.12301E-02  1.36000E-02  3.00000E-01 -1.97929E-02  0.00000E+00  3.00000E-01
      67  2.91442E-02  2.92119E-02  5.07423E+00  1.97364E+01  1.65850E+00  1.75541E+02  2.10271E+02  1.68840E+00 -2.17199E-04 -2.76000E-02  3.00000E-01 -5.57681E-02  0.00000E+00  3.00000E-01
      68  1.28766E-02  1.28460E-02 -5.58243E+01 -5.53930E+01  7.43740E+00  1.03438E+02  9.90821E+01  6.39610E+00  5.18695E-02  7.74000E-02  3.00000E-01 -5.15790E-03  0.00000E+00  3.00000E-01
      69  1.64507E-03  1.50495E-03 -3.66321E+01 -3.85227E+01  2.88670E+00  1.65219E+02  1.74375E+02  3.53670E+00  2.24991E-02  5.38000E-02  3.00000E-01 -1.22356E-03  0.00000E+00  3.00000E-01
      70  6.08167E-03  5.45878E-03  1.22615E+01  1.72862E+01  3.27700E+00  1.25424E+02  1.21636E+02  3.75850E+00  3.18418E-04 -2.42000E-02  3.00000E-01  4.37435E-02  0.00000E+00  3.00000E-01
      71  2.47359E-03  2.14353E-03 -1.57142E+01 -1.98976E+01  3.89570E+00  1.68978E+02  1.70702E+02  3.88190E+00 -2.18990E-02  2.78000E-02  3.00000E-01  1.04697E-02  0.00000E+00  3.00000E-01
      72  9.35559E-03  8.39641E-03  1.74600E+01  2.54342E+01  2.23560E+00  1.73399E+02  1.98916E+02  2.20800E+00  2.29471E-02 -3.55000E-02  3.00000E-01  2.81800E-04  0.00000E+00  3.00000E-01
      73  4.11866E-03  3.67993E-03  2.49006E+01  3.19210E+01  2.31940E+00  1.67466E+02  1.72709E+02  2.61440E+00  1.12100E-02 -4.46000E-02  3.00000E-01  8.77184E-03  0.00000E+00  3.00000E-01
      74  3.88766E-03  3.34163E-03 -3.83932E-01 -3.07820E+00  3.50300E+00  1.61134E+02  1.78698E+02  3.01190E+00 -1.69553E-02  4.30000E-03  3.00000E-01  3.05126E-02  0.00000E+00  3.00000E-01
      75  5.42531E-03  4.91007E-03 -5.04144E+01 -3.44652E+01  5.16830E+00  1.44812E+02  1.07433E+02  5.64620E+00  3.24084E-02  4.82000E-02  3.00000E-01 -5.13356E-02  0.00000E+00  3.00000E-01
      76  1.28514E-02  1.27016E-02  1.16627E+01  1.63027E+01  2.61890E+00  1.74655E+02  2.13903E+02  2.26050E+00 -2.34013E-03 -2.28000E-02  3.00000E-01 -4.83132E-02  0.00000E+00  3.00000E-01
      77  1.33877E-02  1.22802E-02 -3.78931E+01 -1.55468E+02  5.77590E+00  6.48561E+01  6.82334E+01  7.73900E+00 -1.59116E-01  2.17200E-01  3.00000E-01  5.88288E-02  0.00000E+00  3.00000E-01
      78  9.13856E-03  6.23506E-03 -1.34533E+01 -2.14718E+02  6.11990E+00  2.95520E+01  5.66170E+01  9.13570E+00 -1.99590E-02  3.00000E-01  3.00000E-01  5.86988E-03  0.00000E+00  3.00000E-01
      79  1.46669E-03  1.43658E-03 -2.95872E+01 -2.66730E+01  4.69660E+00  1.27323E+02  1.32862E+02  5.12060E+00  5.02132E-02  3.73000E-02  3.00000E-01  2.26008E-02  0.00000E+00  3.00000E-01
      80  1.23028E-03  1.13079E-03 -1.81580E+01 -2.19635E+01  3.75400E+00  1.50975E+02  1.45756E+02  4.26770E+00  2.52213E-02  3.07000E-02  3.00000E-01 -5.11025E-04  0.00000E+00  3.00000E-01
      81  2.16485E-03  2.09923E-03 -1.19475E+01 -1.50469E+01  4.04570E+00  1.29843E+02  1.28562E+02  4.76240E+00  3.24126E-02  2.10000E-02  3.00000E-01  2.24976E-02  0.00000E+00  3.00000E-01
      82  1.71572E-03  1.50267E-03 -6.36820E+00 -1.69529E+01  4.11020E+00  1.62532E+02  1.64466E+02  4.08680E+00 -1.74783E-03  2.37000E-02  3.00000E-01 -2.94936E-03  0.00000E+00  3.00000E-01
      83  5.87670E-03  5.31517E-03  1.13380E+01  2.36044E+01  2.54170E+00  1.62962E+02  2.01731E+02  2.35250E+00  2.34227E-03 -3.30000E-02  3.00000E-01  7.59440E-03  0.00000E+00  3.00000E-01
      84  2.39535E-03  2.02339E-03  9.66891E+00  6.25090E+00  3.73800E+00  1.67013E+02  1.71546E+02  3.66870E+00 -1.68779E-03 -8.70000E-03  3.00000E-01  1.29300E-02  0.00000E+00  3.00000E-01
      85  4.75211E-03  4.16314E-03 -2.72971E+01 -1.49436E+01  5.71080E+00  1.47574E+02  1.03941E+02  6.87710E+00  1.72801E-03  2.09000E-02  3.00000E-01 -5.72148E-02  0.00000E+00  3.00000E-01
      86  1.18661E-03  1.07249E-03  5.92087E+00  5.89020E+00  3.99590E+00  1.53575E+02  1.53860E+02  4.59740E+00 -9.91441E-03 -8.20000E-03  3.00000E-01 -1.32373E-02  0.00000E+00  3.00000E-01
      87  1.35500E-02  1.26681E-02  3.10775E+01  3.74109E+01  1.99580E+00  1.78869E+02  2.02812E+02  1.97070E+00 -2.03352E-03 -5.23000E-02  3.00000E-01 -2.86884E-02  0.00000E+00  3.00000E-01
      88  3.18483E-03  2.72838E-03  2.06142E+01  3.76838E+01  3.34130E+00  1.63826E+02  1.85456E+02  3.54960E+00  1.66742E-02 -5.27000E-02  3.00000E-01  2.38573E-02  0.00000E+00  3.00000E-01
      89  1.06445E-02  1.04085E-02  2.57217E+01  3.44990E+01  2.01780E+00  1.81050E+02  2.09083E+02  2.43910E+00 -9.55084E-03 -4.82000E-02  3.00000E-01 -5.15932E-02  0.00000E+00  3.00000E-01
      90  1.53564E-03  1.36432E-03  1.95275E+01  1.97254E+01  4.73350E+00  1.59324E+02  1.58949E+02  4.61790E+00 -1.12525E-02 -2.76000E-02  3.00000E-01  3.50407E-03  0.00000E+00  3.00000E-01
      91  7.33416E-03  6.86429E-03  2.65403E+01  3.44129E+01  2.42660E+00  1.80183E+02  2.06800E+02  2.04820E+00  5.29776E-03 -4.81000E-02  3.00000E-01 -3.42636E-02  0.00000E+00  3.00000E-01
      92  1.52209E-03  1.49065E-03  6.48219E+00 -1.66190E+00  4.87370E+00  1.33955E+02  1.34958E+02  5.21500E+00 -1.62219E-02  2.30000E-03  3.00000E-01  2.99082E-03  0.00000E+00  3.00000E-01
      93  3.71651E-03  3.29444E-03  3.64250E+01  4.55340E+01  2.66940E+00  1.75617E+02  1.84950E+02  2.80100E+00  1.15786E-02 -6.36000E-02  3.00000E-01 -4.52926E-03  0.00000E+00  3.00000E-01
      94  1.90190E-03  1.67772E-03  3.33145E+01  3.67685E+01  3.88200E+00  1.65479E+02  1.70325E+02  3.90010E+00 -1.11069E-02 -5.14000E-02  3.00000E-01  2.49071E-03  0.00000E+00  3.00000E-01
      95  3.04395E-03  2.74806E-03  5.55947E+00  4.09800E+00  6.29160E+00  1.27973E+02  1.28315E+02  5.83360E+00 -1.23622E-02 -5.70000E-03  3.00000E-01  4.58428E-02  0.00000E+00  3.00000E-01
      96  1.03871E-02  9.77189E-03  5.09579E+01  4.96517E+01  1.89490E+00  1.91535E+02  2.04868E+02  1.86230E+00 -3.84433E-02 -6.94000E-02  3.00000E-01 -4.37474E-02  0.00000E+00  3.00000E-01
      97  1.03463E-03  9.98928E-04  2.85510E+01  2.43638E+01  5.29040E+00  1.39857E+02  1.54438E+02  5.63680E+00 -5.70224E-02 -3.40000E-02  3.00000E-01  7.93953E-03  0.00000E+00  3.00000E-01
      98  1.23028E-03  1.14401E-03  2.25274E+01  2.19635E+01  3.75400E+00  1.50928E+02  1.45756E+02  4.26770E+00 -3.20373E-02 -3.07000E-02  3.00000E-01  4.14329E-03  0.00000E+00  3.00000E-01
      99  3.95646E-03  3.61001E-03  4.58276E+01  3.90104E+01  2.31750E+00  1.88697E+02  2.06014E+02  2.31160E+00 -1.39032E-02 -5.45000E-02  3.00000E-01 -3.03087E-02  0.00000E+00  3.00000E-01
     100  3.63803E-03  3.29625E-03  5.48716E+01  5.93916E+01  2.64100E+00  1.87863E+02  1.79503E+02  2.60000E+00 -3.86478E-02 -8.30000E-02  3.00000E-01 -2.74252E-02  0.00000E+00  3.00000E-01
     101  4.40999E-03  4.19016E-03  5.82399E+01  5.56762E+01  3.02470E+00  1.75375E+02  1.67626E+02  3.00050E+00 -4.62995E-02 -7.78000E-02  3.00000E-01 -8.88282E-03  0.00000E+00  3.00000E-01
     102  4.65093E-03  4.30899E-03  6.00859E+01  6.41298E+01  3.00430E+00  1.93091E+02  1.84157E+02  2.87750E+00 -6.09113E-02 -8.96000E-02  3.00000E-01 -3.93709E-02  0.00000E+00  3.00000E-01
     103  1.23156E-03  1.19646E-03  4.30762E+01  3.85853E+01  5.73760E+00  1.46274E+02  1.61140E+02  6.70480E+00 -6.05676E-02 -5.39000E-02  3.00000E-01  2.27806E-02  0.00000E+00  3.00000E-01
     104  9.85493E-03  9.44052E-03 -7.81079E+00  2.30641E+01  9.59970E+00  1.23049E+02  1.07645E+02  9.74700E+00 -2.35805E-02 -3.22000E-02  3.00000E-01 -3.82510E-02  0.00000E+00  3.00000E-01
     105  2.76917E-03  2.79358E-03  3.46047E+01  3.67031E+01  5.26070E+00  1.28575E+02  1.39582E+02  5.24910E+00 -5.68073E-02 -5.13000E-02  3.00000E-01  2.93803E-02  0.00000E+00  3.00000E-01
     106  2.08762E-03  1.97362E-03  5.07674E+01  4.92578E+01  3.20750E+00  1.75143E+02  1.70370E+02  3.17090E+00 -3.25442E-02 -6.88000E-02  3.00000E-01 -1.74204E-02  0.00000E+00  3.00000E-01
     107  1.39072E-03  1.36677E-03  5.71179E+01  4.86514E+01  5.14740E+00  1.49575E+02  1.61512E+02  5.38590E+00 -6.96894E-02 -6.80000E-02  3.00000E-01  2.77557E-02  0.00000E+00  3.00000E-01
     108  5.58888E-03  5.45381E-03  7.57860E+01  7.60691E+01  2.84590E+00  1.85931E+02  1.68728E+02  3.07360E+00 -1.25158E-01 -1.06300E-01  3.00000E-01 -2.04618E-02  0.00000E+00  3.00000E-01
     109  1.59959E-03  1.59145E-03  3.69755E+01  3.12237E+01  4.52500E+00  1.30070E+02  1.28783E+02  4.74540E+00 -6.86705E-02 -4.36000E-02  3.00000E-01  1.19507E-02  0.00000E+00  3.00000E-01
     110  2.41046E-03  2.34041E-03  6.45996E+01  6.05916E+01  2.90940E+00  1.82050E+02  1.76118E+02  3.11640E+00 -7.61437E-02 -8.47000E-02  3.00000E-01 -2.12776E-02  0.00000E+00  3.00000E-01
     111  3.22140E-03  3.06537E-03  7.57443E+01  6.87448E+01  2.57530E+00  1.92455E+02  1.75875E+02  2.77020E+00 -1.11211E-01 -9.60000E-02  3.00000E-01 -2.87376E-02  0.00000E+00  3.00000E-01
     112  2.65505E-03  2.64489E-03  4.91807E+01  5.27820E+01  4.76920E+00  1.37892E+02  1.32920E+02  4.55460E+00 -7.83306E-02 -7.37000E-02  3.00000E-01  8.77822E-03  0.00000E+00  3.00000E-01
     113  2.47299E-03  2.44596E-03  7.68696E+01  6.44952E+01  3.38250E+00  1.79735E+02  1.68797E+02  3.75640E+00 -1.32321E-01 -9.01000E-02  3.00000E-01 -3.41000E-03  0.00000E+00  3.00000E-01
     114  1.47074E-03  1.54910E-03  6.75831E+01  6.09376E+01  3.68380E+00  1.52213E+02  1.44153E+02  4.23210E+00 -1.02281E-01 -8.51000E-02  3.00000E-01  1.90504E-02  0.00000E+00  3.00000E-01
     115  2.41210E-03  2.49108E-03  6.10113E+01  6.14871E+01  2.71850E+00  1.47029E+02  1.61346E+02  3.10260E+00 -1.09499E-01 -8.59000E-02  3.00000E-01  2.05087E-02  0.00000E+00  3.00000E-01
     116  4.85924E-03  4.61547E-03  5.87047E+01  2.17985E+01  7.38860E+00  1.39039E+02  1.05102E+02  7.90260E+00 -4.41951E-02 -3.05000E-02  3.00000E-01 -5.74253E-02  0.00000E+00  3.00000E-01
     117  2.10040E-03  2.12706E-03  7.49630E+01  6.88558E+01  4.02080E+00  1.72347E+02  1.48397E+02  3.99660E+00 -1.42737E-01 -9.62000E-02  3.00000E-01  3.44745E-03  0.00000E+00  3.00000E-01
     118  2.68487E-03  2.68231E-03  5.82980E+01  5.92784E+01  5.08820E+00  1.36759E+02  1.31205E+02  5.16520E+00 -1.08251E-01 -8.28000E-02  3.00000E-01  1.49740E-02  0.00000E+00  3.00000E-01
     119  1.60547E-03  1.73788E-03  7.02661E+01  7.26749E+01  2.99110E+00  1.56580E+02  1.64762E+02  3.44310E+00 -1.30597E-01 -1.01500E-01  3.00000E-01  1.52381E-02  0.00000E+00  3.00000E-01
     120  8.03854E-03  7.64438E-03  4.19320E+01  5.09015E+01  5.64670E+00  1.57393E+02  1.16348E+02  5.83170E+00 -3.28015E-02 -7.11000E-02  3.00000E-01 -7.02230E-02  0.00000E+00  3.00000E-01
     121  2.27257E-03  2.34528E-03  8.56232E+01  7.61701E+01  3.84970E+00  1.71304E+02  1.60800E+02  3.58570E+00 -1.80675E-01 -1.06400E-01  3.00000E-01  2.91308E-02  0.00000E+00  3.00000E-01
     122  2.83506E-03  3.10819E-03  7.86563E+01  8.27018E+01  3.09000E+00  1.47447E+02  1.44534E+02  3.77070E+00 -1.84414E-01 -1.15500E-01  3.00000E-01  4.64504E-02  0.00000E+00  3.00000E-01
     123  3.41115E-03  3.84454E-03  8.51982E+01  8.16806E+01  2.73720E+00  1.58353E+02  1.52411E+02  2.86250E+00 -2.15048E-01 -1.14100E-01  3.00000E-01  5.61434E-02  0.00000E+00  3.00000E-01
     124  2.93032E-03  3.25521E-03  7.84339E+01  8.51497E+01  2.39760E+00  1.48352E+02  1.62344E+02  2.28950E+00 -1.78919E-01 -1.19000E-01  3.00000E-01  4.63342E-02  0.00000E+00  3.00000E-01
     125  1.92749E-03  2.14514E-03  8.93184E+01  8.14300E+01  3.54520E+00  1.62286E+02  1.60441E+02  3.61190E+00 -2.22531E-01 -1.13800E-01  3.00000E-01  5.86782E-02  0.00000E+00  3.00000E-01
     126  1.65095E-03  1.83757E-03  8.56425E+01  9.10898E+01  3.34400E+00  1.52626E+02  1.61695E+02  3.60620E+00 -2.20865E-01 -1.27300E-01  3.00000E-01  6.14976E-02  0.00000E+00  3.00000E-01
     127  1.05965E-03  1.15746E-03  7.36302E+01  7.22056E+01  4.37510E+00  1.39104E+02  1.27268E+02  4.80780E+00 -1.66183E-01 -1.00900E-01  3.00000E-01  3.76292E-02  0.00000E+00  3.00000E-01
     128  1.14797E-03  1.30197E-03  7.12316E+01  7.95708E+01  3.64480E+00  1.40105E+02  1.44946E+02  4.05920E+00 -1.63992E-01 -1.11200E-01  3.00000E-01  3.22248E-02  0.00000E+00  3.00000E-01
     129  4.85228E-03  4.35295E-03  6.16911E+01  8.53516E+01  4.42960E+00  1.46769E+02  1.15338E+02  5.08700E+00 -3.42252E-02 -1.19300E-01  3.00000E-01 -2.17833E-02  0.00000E+00  3.00000E-01
     130  3.67954E-03  3.26585E-03  4.95466E+01  5.04692E+01  5.06090E+00  1.41548E+02  1.17951E+02  5.57950E+00 -3.57656E-02 -7.05000E-02  3.00000E-01 -1.53765E-02  0.00000E+00  3.00000E-01
     131  2.72557E-03  2.97749E-03  9.00606E+01  9.52033E+01  3.35160E+00  1.40712E+02  1.44592E+02  3.36560E+00 -2.33116E-01 -1.33000E-01  3.00000E-01  1.03257E-01  0.00000E+00  3.00000E-01
     132  2.89686E-03  2.91510E-03  6.91572E+01  9.59976E+01  4.33880E+00  1.38410E+02  1.25222E+02  4.68940E+00 -1.30213E-01 -1.34100E-01  3.00000E-01  3.85713E-02  0.00000E+00  3.00000E-01
     133  6.10500E-03  6.04537E-03  8.59633E+01  8.64738E+01  4.31310E+00  1.47554E+02  1.08404E+02  4.79760E+00 -9.16220E-02 -1.20800E-01  3.00000E-01 -4.12567E-02  0.00000E+00  3.00000E-01
     134  1.26100E-03  1.37669E-03  8.38562E+01  9.18239E+01  4.08350E+00  1.40270E+02  1.37606E+02  4.08200E+00 -2.14293E-01 -1.28300E-01  3.00000E-01  9.16658E-02  0.00000E+00  3.00000E-01
     135  1.12874E-02  1.16022E-02  6.22025E+01  9.52826E+01  8.11970E+00  1.24016E+02  1.02093E+02  6.80250E+00 -5.37787E-02 -1.33100E-01  3.00000E-01 -3.66896E-02  0.00000E+00  3.00000E-01
     136  1.25680E-03  1.37088E-03  8.42207E+01  9.20753E+01  3.96280E+00  1.34719E+02  1.46072E+02  3.57010E+00 -2.14937E-01 -1.28600E-01  3.00000E-01  9.18300E-02  0.00000E+00  3.00000E-01
     137  2.45765E-03  2.54718E-03  9.29674E+01  9.12632E+01  3.29800E+00  1.38313E+02  1.39211E+02  3.28030E+00 -2.16105E-01 -1.27500E-01  3.00000E-01  1.06188E-01  0.00000E+00  3.00000E-01
     138  3.20993E-03  3.19620E-03  6.13536E+01  8.24222E+01  3.56590E+00  1.36228E+02  1.26230E+02  3.92700E+00 -8.44904E-02 -1.15200E-01  3.00000E-01  1.19021E-02  0.00000E+00  3.00000E-01
     139  3.14311E-03  2.67672E-03  7.53626E+01  9.89743E+01  3.80460E+00  1.42166E+02  1.11957E+02  3.76270E+00 -3.99232E-02 -1.38300E-01  3.00000E-01 -6.82465E-03  0.00000E+00  3.00000E-01
     140  2.16173E-03  1.99316E-03  8.68170E+01  9.70276E+01  4.30390E+00  1.43790E+02  1.29884E+02  4.05950E+00 -1.35211E-01 -1.35600E-01  3.00000E-01  8.08456E-02  0.00000E+00  3.00000E-01
     141  2.81751E-03  2.48075E-03  7.38548E+01  1.05362E+02  4.43740E+00  1.37354E+02  1.25949E+02  4.98880E+00 -8.27162E-02 -1.47200E-01  3.00000E-01  5.45232E-02  0.00000E+00  3.00000E-01
     142  7.38167E-03  6.39941E-03  9.40002E+01  1.30449E+02  4.55590E+00  1.52144E+02  1.11069E+02  4.77790E+00 -8.27046E-02 -1.82300E-01  3.00000E-01 -2.49723E-02  0.00000E+00  3.00000E-01
     143  4.25213E-03  3.63066E-03  9.49726E+01  1.22448E+02  4.22050E+00  1.61302E+02  1.22967E+02  4.61680E+00 -5.78254E-02 -1.71100E-01  3.00000E-01  1.93131E-02  0.00000E+00  3.00000E-01
     144  1.36557E-02  1.39199E-02  5.49531E+01  1.42943E+02  7.38560E+00  8.43961E+01  8.77775E+01  7.51160E+00  3.69189E-02 -1.99700E-01  3.00000E-01 -3.50526E-02  0.00000E+00  3.00000E-01
     145  9.71084E-04  7.70990E-04  8.82172E+01  1.05273E+02  4.89950E+00  1.47744E+02  1.22078E+02  5.21350E+00 -5.07400E-02 -1.47100E-01  3.00000E-01  6.95188E-02  0.00000E+00  3.00000E-01
     146  5.73162E-03  4.85557E-03  1.08125E+02  1.17864E+02  3.54300E+00  1.47761E+02  1.11039E+02  3.97860E+00 -9.55957E-02 -1.64700E-01  3.00000E-01 -2.94207E-03  0.00000E+00  3.00000E-01
     147  2.53145E-03  1.86027E-03  1.09917E+02  1.16630E+02  4.58890E+00  1.60284E+02  1.15629E+02  5.27200E+00 -2.25967E-02 -1.63000E-01  3.00000E-01  3.40529E-02  0.00000E+00  3.00000E-01
     148  7.57355E-03  6.66037E-03  1.39413E+02  1.38060E+02  4.37150E+00  1.54037E+02  1.11025E+02  4.52190E+00 -9.57339E-02 -1.92900E-01  3.00000E-01  8.71387E-04  0.00000E+00  3.00000E-01
     149  1.86381E-02  2.07605E-02  8.26223E+01  1.84203E+02  4.12540E+00  1.04831E+02  8.31491E+01  4.92460E+00 -7.10479E-02 -2.57400E-01  3.00000E-01  2.99668E-02  0.00000E+00  3.00000E-01
     150  1.36023E-02  1.28708E-02  1.18924E+02  1.49848E+02  3.14210E+00  1.37323E+02  9.61340E+01  3.36050E+00 -7.75582E-02 -2.09400E-01  3.00000E-01  4.79382E-02  0.00000E+00  3.00000E-01
     151  1.70417E-02  1.82465E-02  7.58748E+01  1.40762E+02  4.94690E+00  9.23428E+01  8.62257E+01  5.18530E+00 -1.05718E-01 -1.96700E-01  3.00000E-01  2.69624E-02  0.00000E+00  3.00000E-01
     152  2.83714E-02  2.47437E-02  5.34030E+01  2.05386E+02  3.59980E+00  9.44024E+01  6.31672E+01  4.93640E+00  1.04802E-01 -2.87000E-01  3.00000E-01  1.01938E-02  0.00000E+00  3.00000E-01
