        1121
     1   9.999999E-01   9.999999E-01   5.134286E-08
     2   4.122270E-04   4.169542E-04   4.122270E-06
     3   4.122177E-04   4.305583E-04   4.122177E-06
     4   4.122016E-04   4.733656E-04   4.122016E-06
     5   4.121830E-04   4.394813E-04   4.121830E-06
     6   4.121669E-04   4.368824E-04   4.121669E-06
     7   4.121575E-04   4.446755E-04   4.121575E-06
     8   1.247949E-03   1.055495E-03   1.247949E-05
     9   1.247813E-03   1.104759E-03   1.247813E-05
    10   1.247576E-03   1.149008E-03   1.247576E-05
    11   1.247302E-03   1.079345E-03   1.247302E-05
    12   1.247065E-03   1.100384E-03   1.247065E-05
    13   1.246929E-03   1.085290E-03   1.246929E-05
    14   2.101370E-03   2.148187E-03   2.101370E-05
    15   2.100807E-03   2.170027E-03   2.100807E-05
    16   2.099832E-03   2.168022E-03   2.099832E-05
    17   2.098708E-03   2.183154E-03   2.098708E-05
    18   2.097734E-03   2.369063E-03   2.097734E-05
    19   2.097173E-03   2.309738E-03   2.097173E-05
    20   2.930851E-03   3.148806E-03   2.930851E-05
    21   2.929494E-03   3.087471E-03   2.929494E-05
    22   2.927146E-03   3.086676E-03   2.927146E-05
    23   2.924438E-03   3.177034E-03   2.924438E-05
    24   2.922096E-03   3.240789E-03   2.922096E-05
    25   2.920746E-03   3.164095E-03   2.920746E-05
    26   3.626687E-03   3.666104E-03   3.626687E-05
    27   3.624356E-03   3.571665E-03   3.624356E-05
    28   3.620324E-03   3.542459E-03   3.620324E-05
    29   3.615677E-03   3.526708E-03   3.615677E-05
    30   3.611659E-03   3.740081E-03   3.611659E-05
    31   3.609343E-03   3.334682E-03   3.609343E-05
    32   4.034135E-03   4.243313E-03   4.034135E-05
    33   4.031104E-03   4.113911E-03   4.031104E-05
    34   4.025863E-03   4.274398E-03   4.025863E-05
    35   4.019824E-03   4.131560E-03   4.019824E-05
    36   4.014605E-03   4.374234E-03   4.014605E-05
    37   4.011596E-03   4.113691E-03   4.011596E-05
    38   1.175980E-04   1.358977E-04   1.175980E-06
    39   1.175949E-04   1.285722E-04   1.175949E-06
    40   1.175895E-04   1.454271E-04   1.175895E-06
    41   1.175833E-04   1.057336E-04   1.175833E-06
    42   1.175780E-04   1.228818E-04   1.175780E-06
    43   1.175749E-04   1.453035E-04   1.175749E-06
    44   3.595194E-04   3.640191E-04   3.595194E-06
    45   3.594713E-04   2.953946E-04   3.594713E-06
    46   3.593881E-04   2.273663E-04   3.593881E-06
    47   3.592922E-04   2.598372E-04   3.592922E-06
    48   3.592091E-04   2.212518E-04   3.592091E-06
    49   3.591612E-04   2.301898E-04   3.591612E-06
    50   6.182104E-04   6.651036E-04   6.182104E-06
    51   6.179933E-04   5.899675E-04   6.179933E-06
    52   6.176178E-04   6.650695E-04   6.176178E-06
    53   6.171850E-04   5.418328E-04   6.171850E-06
    54   6.168107E-04   6.373412E-04   6.168107E-06
    55   6.165949E-04   6.032888E-04   6.165949E-06
    56   8.896600E-04   9.795347E-04   8.896600E-06
    57   8.890734E-04   9.731152E-04   8.890734E-06
    58   8.880596E-04   9.411092E-04   8.880596E-06
    59   8.868922E-04   9.373931E-04   8.868922E-06
    60   8.858841E-04   9.584479E-04   8.858841E-06
    61   8.853032E-04   9.607577E-04   8.853032E-06
    62   1.139025E-03   1.122987E-03   1.139025E-05
    63   1.137906E-03   1.041081E-03   1.137906E-05
    64   1.135973E-03   1.096572E-03   1.135973E-05
    65   1.133749E-03   1.053197E-03   1.133749E-05
    66   1.131831E-03   1.052933E-03   1.131831E-05
    67   1.130727E-03   1.059797E-03   1.130727E-05
    68   1.296318E-03   1.320797E-03   1.296318E-05
    69   1.294768E-03   1.343592E-03   1.294768E-05
    70   1.292092E-03   1.353767E-03   1.292092E-05
    71   1.289017E-03   1.298937E-03   1.289017E-05
    72   1.286366E-03   1.283579E-03   1.286366E-05
    73   1.284840E-03   1.249086E-03   1.284840E-05
    74   2.028628E-04   2.309754E-04   2.028628E-06
    75   2.028586E-04   1.951496E-04   2.028586E-06
    76   2.028514E-04   2.718198E-04   2.028514E-06
    77   2.028431E-04   1.640656E-04   2.028431E-06
    78   2.028358E-04   2.456291E-04   2.028358E-06
    79   2.028316E-04   2.938197E-04   2.028316E-06
    80   6.189096E-04   4.824717E-04   6.189096E-06
    81   6.188477E-04   3.757803E-04   6.188477E-06
    82   6.187405E-04   3.077526E-04   6.187405E-06
    83   6.186168E-04   4.047065E-04   6.186168E-06
    84   6.185097E-04   3.057664E-04   6.185097E-06
    85   6.184479E-04   4.177642E-04   6.184479E-06
    86   1.056315E-03   1.071795E-03   1.056315E-05
    87   1.056057E-03   1.067382E-03   1.056057E-05
    88   1.055610E-03   1.019487E-03   1.055610E-05
    89   1.055095E-03   1.082103E-03   1.055095E-05
    90   1.054649E-03   1.057621E-03   1.054649E-05
    91   1.054392E-03   1.079299E-03   1.054392E-05
    92   1.496651E-03   1.568256E-03   1.496651E-05
    93   1.496019E-03   1.603956E-03   1.496019E-05
    94   1.494925E-03   1.464959E-03   1.494925E-05
    95   1.493664E-03   1.550127E-03   1.493664E-05
    96   1.492572E-03   1.524270E-03   1.492572E-05
    97   1.491943E-03   1.634363E-03   1.491943E-05
    98   1.877836E-03   1.894880E-03   1.877836E-05
    99   1.876730E-03   1.886611E-03   1.876730E-05
   100   1.874818E-03   1.933166E-03   1.874818E-05
   101   1.872614E-03   1.851095E-03   1.872614E-05
   102   1.870709E-03   1.785792E-03   1.870709E-05
   103   1.869611E-03   1.804230E-03   1.869611E-05
   104   2.105925E-03   2.180741E-03   2.105925E-05
   105   2.104471E-03   2.085462E-03   2.104471E-05
   106   2.101955E-03   2.280830E-03   2.101955E-05
   107   2.099057E-03   2.082767E-03   2.099057E-05
   108   2.096552E-03   2.270255E-03   2.096552E-05
   109   2.095108E-03   2.074740E-03   2.095108E-05
   110   2.791661E-04   1.893011E-04   2.791661E-06
   111   2.791571E-04   1.871108E-04   2.791571E-06
   112   2.791415E-04   1.823069E-04   2.791415E-06
   113   2.791234E-04   1.720510E-04   2.791234E-06
   114   2.791078E-04   1.742175E-04   2.791078E-06
   115   2.790988E-04   1.658091E-04   2.790988E-06
   116   8.763400E-04   4.005747E-04   8.763400E-06
   117   8.761980E-04   3.530755E-04   8.761980E-06
   118   8.759522E-04   3.422476E-04   8.759522E-06
   119   8.756685E-04   3.569570E-04   8.756685E-06
   120   8.754230E-04   3.165551E-04   8.754230E-06
   121   8.752813E-04   3.166988E-04   8.752813E-06
   122   1.578764E-03   1.081874E-03   1.578764E-05
   123   1.578113E-03   1.114058E-03   1.578113E-05
   124   1.576984E-03   1.114924E-03   1.576984E-05
   125   1.575683E-03   1.059747E-03   1.575683E-05
   126   1.574558E-03   1.134617E-03   1.574558E-05
   127   1.573909E-03   1.114728E-03   1.573909E-05
   128   2.397965E-03   2.012286E-03   2.397965E-05
   129   2.396182E-03   2.054161E-03   2.396182E-05
   130   2.393099E-03   2.066522E-03   2.393099E-05
   131   2.389547E-03   2.030285E-03   2.389547E-05
   132   2.386477E-03   2.036565E-03   2.386477E-05
   133   2.384708E-03   2.019257E-03   2.384708E-05
   134   3.213939E-03   1.833479E-03   3.213939E-05
   135   3.210521E-03   1.826718E-03   3.210521E-05
   136   3.204614E-03   1.915323E-03   3.204614E-05
   137   3.197813E-03   1.796353E-03   3.197813E-05
   138   3.191940E-03   1.795785E-03   3.191940E-05
   139   3.188558E-03   1.753808E-03   3.188558E-05
   140   3.752691E-03   2.809737E-03   3.752691E-05
   141   3.747956E-03   2.786234E-03   3.747956E-05
   142   3.739775E-03   2.831904E-03   3.739775E-05
   143   3.730361E-03   2.766541E-03   3.730361E-05
   144   3.722236E-03   2.820966E-03   3.722236E-05
   145   3.717557E-03   2.721927E-03   3.717557E-05
   146   2.463279E-04   3.382317E-04   2.463279E-06
   147   2.463205E-04   3.685103E-04   2.463205E-06
   148   2.463077E-04   3.372394E-04   2.463077E-06
   149   2.462929E-04   3.254951E-04   2.462929E-06
   150   2.462800E-04   3.248294E-04   2.462800E-06
   151   2.462726E-04   3.040735E-04   2.462726E-06
   152   7.917110E-04   7.300060E-04   7.917110E-06
   153   7.915847E-04   6.840368E-04   7.915847E-06
   154   7.913661E-04   6.472951E-04   7.913661E-06
   155   7.911139E-04   6.003086E-04   7.911139E-06
   156   7.908957E-04   5.991335E-04   7.908957E-06
   157   7.907697E-04   6.044732E-04   7.907697E-06
   158   1.500532E-03   1.620326E-03   1.500532E-05
   159   1.499865E-03   1.655628E-03   1.499865E-05
   160   1.498712E-03   1.635505E-03   1.498712E-05
   161   1.497382E-03   1.582697E-03   1.497382E-05
   162   1.496233E-03   1.677702E-03   1.496233E-05
   163   1.495571E-03   1.664419E-03   1.495571E-05
   164   2.457646E-03   2.852092E-03   2.457646E-05
   165   2.455473E-03   2.812420E-03   2.455473E-05
   166   2.451721E-03   2.976197E-03   2.451721E-05
   167   2.447403E-03   2.900624E-03   2.447403E-05
   168   2.443677E-03   3.021478E-03   2.443677E-05
   169   2.441532E-03   2.947594E-03   2.441532E-05
   170   3.571446E-03   3.602925E-03   3.571446E-05
   171   3.566543E-03   3.633495E-03   3.566543E-05
   172   3.558083E-03   3.687292E-03   3.558083E-05
   173   3.548364E-03   3.436855E-03   3.548364E-05
   174   3.539990E-03   3.440592E-03   3.539990E-05
   175   3.535173E-03   3.347937E-03   3.535173E-05
   176   4.399599E-03   5.038227E-03   4.399599E-05
   177   4.392100E-03   5.001202E-03   4.392100E-05
   178   4.379169E-03   5.028854E-03   4.379169E-05
   179   4.364328E-03   4.817749E-03   4.364328E-05
   180   4.351552E-03   4.954809E-03   4.351552E-05
   181   4.344209E-03   4.865113E-03   4.344209E-05
   182   1.817376E-04   2.243127E-04   1.817376E-06
   183   1.817318E-04   1.968301E-04   1.817318E-06
   184   1.817217E-04   1.972559E-04   1.817217E-06
   185   1.817101E-04   1.933259E-04   1.817101E-06
   186   1.817001E-04   1.861139E-04   1.817001E-06
   187   1.816943E-04   1.699280E-04   1.816943E-06
   188   6.153050E-04   6.337268E-04   6.153050E-06
   189   6.151985E-04   5.268657E-04   6.151985E-06
   190   6.150140E-04   6.559476E-04   6.150140E-06
   191   6.148011E-04   5.713375E-04   6.148011E-06
   192   6.146168E-04   7.235376E-04   6.146168E-06
   193   6.145105E-04   5.730903E-04   6.145105E-06
   194   1.304416E-03   1.292261E-03   1.304416E-05
   195   1.303777E-03   1.379134E-03   1.303777E-05
   196   1.302670E-03   1.438694E-03   1.302670E-05
   197   1.301394E-03   1.164914E-03   1.301394E-05
   198   1.300290E-03   1.600783E-03   1.300290E-05
   199   1.299654E-03   1.553235E-03   1.299654E-05
   200   2.509051E-03   3.031523E-03   2.509051E-05
   201   2.506625E-03   3.069200E-03   2.506625E-05
   202   2.502432E-03   3.148359E-03   2.502432E-05
   203   2.497603E-03   3.022569E-03   2.497603E-05
   204   2.493432E-03   3.162705E-03   2.493432E-05
   205   2.491030E-03   3.408985E-03   2.491030E-05
   206   4.281028E-03   4.418194E-03   4.281028E-05
   207   4.274760E-03   4.443504E-03   4.274760E-05
   208   4.263935E-03   4.532987E-03   4.263935E-05
   209   4.251485E-03   4.139340E-03   4.251485E-05
   210   4.240746E-03   4.312804E-03   4.240746E-05
   211   4.234564E-03   4.330416E-03   4.234564E-05
   212   5.822398E-03   6.630022E-03   5.822398E-05
   213   5.812016E-03   6.422745E-03   5.812016E-05
   214   5.794096E-03   6.771526E-03   5.794096E-05
   215   5.773502E-03   6.361563E-03   5.773502E-05
   216   5.755753E-03   6.353243E-03   5.755753E-05
   217   5.745541E-03   6.154764E-03   5.745541E-05
   218   1.992103E-04   2.174760E-04   1.992103E-06
   219   1.992065E-04   2.321219E-04   1.992065E-06
   220   1.991999E-04   2.134992E-04   1.991999E-06
   221   1.991924E-04   1.977031E-04   1.991924E-06
   222   1.991858E-04   1.733452E-04   1.991858E-06
   223   1.991820E-04   2.056138E-04   1.991820E-06
   224   6.399262E-04   4.652340E-04   6.399262E-06
   225   6.398532E-04   4.131887E-04   6.398532E-06
   226   6.397269E-04   3.716298E-04   6.397269E-06
   227   6.395812E-04   3.658105E-04   6.395812E-06
   228   6.394551E-04   3.436999E-04   6.394551E-06
   229   6.393824E-04   2.526796E-04   6.393824E-06
   230   1.268195E-03   1.210814E-03   1.268195E-05
   231   1.267658E-03   1.169255E-03   1.267658E-05
   232   1.266728E-03   1.199352E-03   1.266728E-05
   233   1.265657E-03   1.174646E-03   1.265657E-05
   234   1.264732E-03   1.203028E-03   1.264732E-05
   235   1.264198E-03   1.017647E-03   1.264198E-05
   236   2.509490E-03   2.321612E-03   2.509490E-05
   237   2.506454E-03   2.222563E-03   2.506454E-05
   238   2.501214E-03   2.229104E-03   2.501214E-05
   239   2.495189E-03   2.145722E-03   2.495189E-05
   240   2.489994E-03   2.013125E-03   2.489994E-05
   241   2.487005E-03   1.708031E-03   2.487005E-05
   242   5.138396E-03   2.956399E-03   5.138396E-05
   243   5.126298E-03   2.988505E-03   5.126298E-05
   244   5.105442E-03   3.206129E-03   5.105442E-05
   245   5.081514E-03   3.136468E-03   5.081514E-05
   246   5.060925E-03   3.067446E-03   5.060925E-05
   247   5.049094E-03   2.634516E-03   5.049094E-05
   248   8.353773E-03   6.153712E-03   8.353773E-05
   249   8.327509E-03   6.183545E-03   8.327509E-05
   250   8.282272E-03   6.239730E-03   8.282272E-05
   251   8.230432E-03   6.378449E-03   8.230432E-05
   252   8.185878E-03   6.602381E-03   8.185878E-05
   253   8.160298E-03   6.314454E-03   8.160298E-05
   254   3.287935E-04   4.433851E-04   3.287935E-06
   255   3.287860E-04   4.087475E-04   3.287860E-06
   256   3.287730E-04   4.061357E-04   3.287730E-06
   257   3.287580E-04   3.977958E-04   3.287580E-06
   258   3.287450E-04   3.409699E-04   3.287450E-06
   259   3.287375E-04   3.713047E-04   3.287375E-06
   260   1.066190E-03   1.002646E-03   1.066190E-05
   261   1.066069E-03   8.361306E-04   1.066069E-05
   262   1.065859E-03   8.123835E-04   1.065859E-05
   263   1.065616E-03   7.393897E-04   1.065616E-05
   264   1.065406E-03   7.112960E-04   1.065406E-05
   265   1.065285E-03   4.834564E-04   1.065285E-05
   266   2.040377E-03   2.310015E-03   2.040377E-05
   267   2.039777E-03   2.273299E-03   2.039777E-05
   268   2.038738E-03   2.388555E-03   2.038738E-05
   269   2.037539E-03   2.313726E-03   2.037539E-05
   270   2.036502E-03   2.467407E-03   2.036502E-05
   271   2.035904E-03   2.013161E-03   2.035904E-05
   272   3.407394E-03   3.454782E-03   3.407394E-05
   273   3.405199E-03   3.495169E-03   3.405199E-05
   274   3.401407E-03   3.814379E-03   3.401407E-05
   275   3.397043E-03   4.372845E-03   3.397043E-05
   276   3.393276E-03   4.771474E-03   3.393276E-05
   277   3.391106E-03   4.822780E-03   3.391106E-05
   278   5.543083E-03   5.528899E-03   5.543083E-05
   279   5.533750E-03   5.506956E-03   5.533750E-05
   280   5.517695E-03   5.214823E-03   5.517695E-05
   281   5.499329E-03   5.373096E-03   5.499329E-05
   282   5.483571E-03   5.588859E-03   5.483571E-05
   283   5.474535E-03   5.122563E-03   5.474535E-05
   284   8.445760E-03   1.153788E-02   8.445760E-05
   285   8.418001E-03   1.119107E-02   8.418001E-05
   286   8.370398E-03   1.114236E-02   8.370398E-05
   287   8.316172E-03   1.034417E-02   8.316172E-05
   288   8.269842E-03   1.056005E-02   8.269842E-05
   289   8.243357E-03   9.306734E-03   8.243357E-05
   290   3.079959E-04   3.989073E-04   3.079959E-06
   291   3.079848E-04   4.170827E-04   3.079848E-06
   292   3.079656E-04   2.961651E-04   3.079656E-06
   293   3.079433E-04   3.441055E-04   3.079433E-06
   294   3.079241E-04   3.135559E-04   3.079241E-06
   295   3.079130E-04   2.793514E-04   3.079130E-06
   296   1.066058E-03   1.110922E-03   1.066058E-05
   297   1.065848E-03   1.035330E-03   1.065848E-05
   298   1.065486E-03   1.080662E-03   1.065486E-05
   299   1.065068E-03   1.060099E-03   1.065068E-05
   300   1.064706E-03   9.078528E-04   1.064706E-05
   301   1.064497E-03   5.936076E-04   1.064497E-05
   302   2.361114E-03   2.365775E-03   2.361114E-05
   303   2.359821E-03   2.170146E-03   2.359821E-05
   304   2.357583E-03   2.621428E-03   2.357583E-05
   305   2.355002E-03   2.505759E-03   2.355002E-05
   306   2.352770E-03   2.858205E-03   2.352770E-05
   307   2.351483E-03   1.885627E-03   2.351483E-05
   308   4.791150E-03   6.527504E-03   4.791150E-05
   309   4.786138E-03   6.761967E-03   4.786138E-05
   310   4.777471E-03   6.287201E-03   4.777471E-05
   311   4.767489E-03   6.472694E-03   4.767489E-05
   312   4.758865E-03   5.910234E-03   4.758865E-05
   313   4.753895E-03   4.743786E-03   4.753895E-05
   314   8.558704E-03   8.649722E-03   8.558704E-05
   315   8.545378E-03   8.647418E-03   8.545378E-05
   316   8.522360E-03   8.608231E-03   8.522360E-05
   317   8.495883E-03   8.600963E-03   8.495883E-05
   318   8.473040E-03   9.005754E-03   8.473040E-05
   319   8.459888E-03   7.344458E-03   8.459888E-05
   320   1.204747E-02   1.279462E-02   1.204747E-04
   321   1.202315E-02   1.260687E-02   1.202315E-04
   322   1.198123E-02   1.344520E-02   1.198123E-04
   323   1.193316E-02   1.328933E-02   1.193316E-04
   324   1.189180E-02   1.491627E-02   1.189180E-04
   325   1.186804E-02   1.274844E-02   1.186804E-04
   326   1.443831E-04   1.319392E-04   1.443831E-06
   327   1.443800E-04   1.556961E-04   1.443800E-06
   328   1.443745E-04   1.312377E-04   1.443745E-06
   329   1.443682E-04   1.472745E-04   1.443682E-06
   330   1.443627E-04   1.616244E-04   1.443627E-06
   331   1.443596E-04   1.409587E-04   1.443596E-06
   332   4.771655E-04   5.550013E-04   4.771655E-06
   333   4.770850E-04   4.839027E-04   4.770850E-06
   334   4.769456E-04   4.863205E-04   4.769456E-06
   335   4.767849E-04   4.046911E-04   4.767849E-06
   336   4.766458E-04   5.187503E-04   4.766458E-06
   337   4.765657E-04   3.918604E-04   4.765657E-06
   338   1.095239E-03   1.176998E-03   1.095239E-05
   339   1.094393E-03   1.032643E-03   1.094393E-05
   340   1.092930E-03   1.069453E-03   1.092930E-05
   341   1.091247E-03   1.147615E-03   1.091247E-05
   342   1.089794E-03   1.083680E-03   1.089794E-05
   343   1.088957E-03   1.045947E-03   1.088957E-05
   344   3.044833E-03   3.670640E-03   3.044833E-05
   345   3.038212E-03   3.671253E-03   3.038212E-05
   346   3.026793E-03   3.715060E-03   3.026793E-05
   347   3.013685E-03   3.929291E-03   3.013685E-05
   348   3.002400E-03   3.937055E-03   3.002400E-05
   349   2.995913E-03   4.145107E-03   2.995913E-05
   350   9.295834E-03   5.343004E-03   9.295834E-05
   351   9.258679E-03   5.047345E-03   9.258679E-05
   352   9.194773E-03   4.919986E-03   9.194773E-05
   353   9.121683E-03   4.955852E-03   9.121683E-05
   354   9.058985E-03   4.902752E-03   9.058985E-05
   355   9.023038E-03   4.534954E-03   9.023038E-05
   356   1.987659E-02   2.349404E-02   1.987659E-04
   357   1.976851E-02   2.279034E-02   1.976851E-04
   358   1.958307E-02   2.286624E-02   1.958307E-04
   359   1.937167E-02   2.301528E-02   1.937167E-04
   360   1.919092E-02   2.294779E-02   1.919092E-04
   361   1.908754E-02   2.296687E-02   1.908754E-04
   362   1.118719E-02   1.020229E-02   2.237438E-04
   363   5.701304E-03   5.363135E-03   1.140261E-04
   364   5.209374E-03   5.089183E-03   1.041875E-04
   365   3.638031E-03   3.329869E-03   7.276062E-05
   366   6.404468E-03   5.964405E-03   1.280894E-04
   367   1.844336E-03   1.950491E-03   3.688672E-05
   368   3.709114E-03   3.803459E-03   7.418228E-05
   369   3.716510E-03   3.353086E-03   7.433019E-05
   370   2.518294E-03   2.879649E-03   5.036589E-05
   371   3.562341E-03   3.413699E-03   7.124682E-05
   372   1.376420E-03   1.549909E-03   2.752839E-05
   373   1.302225E-02   1.205751E-02   2.604449E-04
   374   5.086731E-03   4.542058E-03   1.017346E-04
   375   1.064447E-02   1.031639E-02   2.128894E-04
   376   1.285141E-02   1.276123E-02   2.570282E-04
   377   2.636488E-03   2.723363E-03   5.272977E-05
   378   9.873560E-03   9.223977E-03   1.974712E-04
   379   1.535640E-03   1.458901E-03   3.071280E-05
   380   4.111067E-03   3.679146E-03   8.222135E-05
   381   4.096004E-03   4.097997E-03   8.192007E-05
   382   3.887665E-03   3.388545E-03   7.775329E-05
   383   1.023513E-02   9.906469E-03   2.047025E-04
   384   2.094854E-03   2.131979E-03   4.189708E-05
   385   7.168263E-03   6.949576E-03   1.433653E-04
   386   7.369448E-03   6.201947E-03   1.473890E-04
   387   1.036245E-02   9.984880E-03   2.072489E-04
   388   3.332118E-03   3.294559E-03   6.664236E-05
   389   1.261001E-03   1.366561E-03   2.522003E-05
   390   1.566815E-03   1.715375E-03   3.133630E-05
   391   3.476988E-03   3.033833E-03   6.953975E-05
   392   1.927492E-03   2.001331E-03   3.854983E-05
   393   1.034455E-02   1.008379E-02   2.068910E-04
   394   6.482766E-03   4.935077E-03   1.296553E-04
   395   3.293591E-03   2.992142E-03   6.587182E-05
   396   1.262959E-02   1.166460E-02   2.525917E-04
   397   1.325792E-03   1.410441E-03   2.651585E-05
   398   1.307184E-02   1.461485E-02   2.614368E-04
   399   5.209182E-03   3.982216E-03   1.041836E-04
   400   2.725570E-03   2.898380E-03   5.451141E-05
   401   1.273646E-02   9.479086E-03   2.547293E-04
   402   9.991806E-03   1.066441E-02   1.998361E-04
   403   6.424793E-03   5.949924E-03   1.284959E-04
   404   1.350663E-02   1.634195E-02   2.701326E-04
   405   3.013352E-03   2.302118E-03   6.026705E-05
   406   1.256803E-03   1.373915E-03   2.513607E-05
   407   1.650949E-03   1.822796E-03   3.301898E-05
   408   3.337900E-03   3.081952E-03   6.675800E-05
   409   4.745555E-03   4.694538E-03   9.491110E-05
   410   1.235833E-03   1.431052E-03   2.471667E-05
   411   1.694483E-03   1.866445E-03   3.388966E-05
   412   8.725576E-03   9.061318E-03   1.745115E-04
   413   3.850813E-03   3.508147E-03   7.701626E-05
   414   1.147973E-03   1.311884E-03   2.295945E-05
   415   2.586320E-03   2.412580E-03   5.172641E-05
   416   1.605471E-03   1.731670E-03   3.210943E-05
   417   2.410463E-03   2.334709E-03   4.820925E-05
   418   3.956459E-03   3.626696E-03   7.912919E-05
   419   7.334161E-03   6.871552E-03   1.466832E-04
   420   5.407697E-03   4.819290E-03   1.081539E-04
   421   1.008986E-03   1.120287E-03   2.017972E-05
   422   1.403111E-03   1.455247E-03   2.806223E-05
   423   2.087620E-03   1.965493E-03   4.175239E-05
   424   1.292623E-02   1.279026E-02   2.585247E-04
   425   3.361898E-03   3.012473E-03   6.723796E-05
   426   3.241457E-03   3.269624E-03   6.482913E-05
   427   1.622882E-02   1.541092E-02   3.245764E-04
   428   2.914416E-02   2.929794E-02   5.828833E-04
   429   1.287656E-02   1.260997E-02   2.575312E-04
   430   1.645070E-03   1.572049E-03   3.290140E-05
   431   6.081675E-03   5.450861E-03   1.216335E-04
   432   2.473586E-03   2.199267E-03   4.947173E-05
   433   9.355594E-03   8.524400E-03   1.871119E-04
   434   4.118656E-03   3.751610E-03   8.237313E-05
   435   3.887665E-03   3.367429E-03   7.775329E-05
   436   5.425307E-03   4.695287E-03   1.085061E-04
   437   1.285141E-02   1.274568E-02   2.570282E-04
   438   1.338775E-02   1.308209E-02   2.677550E-04
   439   9.138559E-03   5.638422E-03   1.827712E-04
   440   1.466686E-03   1.500140E-03   2.933372E-05
   441   1.230281E-03   1.243387E-03   2.460562E-05
   442   2.164850E-03   2.241841E-03   4.329701E-05
   443   1.715720E-03   1.596184E-03   3.431440E-05
   444   5.876696E-03   5.328955E-03   1.175339E-04
   445   2.395348E-03   2.108096E-03   4.790695E-05
   446   4.752106E-03   3.868766E-03   9.504212E-05
   447   1.186613E-03   1.191217E-03   2.373226E-05
   448   1.355002E-02   1.259481E-02   2.710003E-04
   449   3.184835E-03   2.773576E-03   6.369669E-05
   450   1.064447E-02   1.032953E-02   2.128894E-04
   451   1.535640E-03   1.468161E-03   3.071280E-05
   452   7.334161E-03   6.872570E-03   1.466832E-04
   453   1.522091E-03   1.570416E-03   3.044183E-05
   454   3.716510E-03   3.367694E-03   7.433019E-05
   455   1.901896E-03   1.766375E-03   3.803792E-05
   456   3.043952E-03   2.708986E-03   6.087904E-05
   457   1.038707E-02   9.483510E-03   2.077415E-04
   458   1.034628E-03   1.058508E-03   2.069256E-05
   459   1.230281E-03   1.265856E-03   2.460562E-05
   460   3.956459E-03   3.629569E-03   7.912919E-05
   461   3.638031E-03   3.327101E-03   7.276062E-05
   462   4.409992E-03   4.212025E-03   8.819983E-05
   463   4.650930E-03   4.230610E-03   9.301859E-05
   464   1.231562E-03   1.269320E-03   2.463124E-05
   465   9.854930E-03   9.283347E-03   1.970986E-04
   466   2.769166E-03   2.817510E-03   5.538331E-05
   467   2.087620E-03   1.985888E-03   4.175239E-05
   468   1.390723E-03   1.428878E-03   2.781447E-05
   469   5.588879E-03   5.288911E-03   1.117776E-04
   470   1.599592E-03   1.648260E-03   3.199184E-05
   471   2.410463E-03   2.341088E-03   4.820925E-05
   472   3.221398E-03   2.939537E-03   6.442796E-05
   473   2.655052E-03   2.719869E-03   5.310104E-05
   474   2.472990E-03   2.440376E-03   4.945980E-05
   475   1.470740E-03   1.563815E-03   2.941479E-05
   476   2.412098E-03   2.589033E-03   4.824195E-05
   477   4.859244E-03   4.447613E-03   9.718487E-05
   478   2.100401E-03   2.134660E-03   4.200802E-05
   479   2.684868E-03   2.904828E-03   5.369737E-05
   480   1.605471E-03   1.730505E-03   3.210943E-05
   481   8.038542E-03   7.156044E-03   1.607708E-04
   482   2.272565E-03   2.267641E-03   4.545130E-05
   483   2.835062E-03   3.246662E-03   5.670125E-05
   484   3.411151E-03   3.682651E-03   6.822303E-05
   485   2.930316E-03   3.253270E-03   5.860633E-05
   486   1.927492E-03   2.026072E-03   3.854983E-05
   487   1.650949E-03   1.817191E-03   3.301898E-05
   488   1.059652E-03   1.192074E-03   2.119304E-05
   489   1.147973E-03   1.321037E-03   2.295945E-05
   490   4.852275E-03   4.464552E-03   9.704551E-05
   491   3.679540E-03   3.142390E-03   7.359079E-05
   492   2.725570E-03   2.919930E-03   5.451141E-05
   493   2.896860E-03   2.894516E-03   5.793720E-05
   494   6.104997E-03   5.699021E-03   1.220999E-04
   495   1.261001E-03   1.358215E-03   2.522003E-05
   496   1.128739E-02   1.137843E-02   2.257477E-04
   497   1.256803E-03   1.377706E-03   2.513607E-05
   498   2.457652E-03   2.449788E-03   4.915305E-05
   499   3.209930E-03   3.210389E-03   6.419859E-05
   500   3.143110E-03   2.708748E-03   6.286221E-05
   501   2.161731E-03   1.930490E-03   4.323462E-05
   502   2.817515E-03   2.445669E-03   5.635030E-05
   503   7.381667E-03   6.494115E-03   1.476333E-04
   504   4.252131E-03   3.342471E-03   8.504262E-05
   505   1.365569E-02   1.445434E-02   2.731138E-04
   506   9.710843E-04   7.695516E-04   1.942169E-05
   507   5.731622E-03   5.101441E-03   1.146324E-04
   508   2.531445E-03   1.891228E-03   5.062890E-05
   509   7.573552E-03   6.414673E-03   1.514710E-04
   510   1.863807E-02   2.007018E-02   3.727614E-04
   511   1.360232E-02   1.261149E-02   2.720463E-04
   512   1.704174E-02   1.871373E-02   3.408349E-04
   513   2.837137E-02   2.372915E-02   5.674274E-04
   514   0.000000E+00   1.874997E-05   8.571999E-05
   515   0.000000E+00  -3.206312E-04   4.928760E-05
   516   0.000000E+00  -2.658244E-04   6.938575E-05
   517   0.000000E+00  -3.480860E-05   3.784845E-05
   518   0.000000E+00  -3.341670E-05   5.833195E-05
   519   0.000000E+00  -1.337971E-04   3.567512E-05
   520   0.000000E+00  -2.630692E-04   4.791193E-05
   521   0.000000E+00   8.449272E-06   3.792972E-05
   522   0.000000E+00  -2.355207E-04   4.420725E-05
   523   0.000000E+00  -1.552620E-04   4.893610E-05
   524   0.000000E+00  -5.807642E-05   2.576351E-05
   525   0.000000E+00   3.118291E-04   8.947855E-05
   526   0.000000E+00   9.649717E-05   5.100023E-05
   527   0.000000E+00   1.456089E-04   7.263877E-05
   528   0.000000E+00   1.511935E-04   1.112597E-04
   529   0.000000E+00  -5.911710E-05   5.354117E-05
   530   0.000000E+00  -8.510571E-05   1.905779E-04
   531   0.000000E+00  -7.740837E-06   3.233695E-05
   532   0.000000E+00  -1.226240E-05   4.774072E-05
   533   0.000000E+00  -9.733777E-05   7.106440E-05
   534   0.000000E+00   8.389628E-05   5.388827E-05
   535   0.000000E+00  -1.069172E-04   8.743535E-05
   536   0.000000E+00   7.262692E-05   3.275580E-05
   537   0.000000E+00  -2.121523E-04   4.587356E-04
   538   0.000000E+00  -1.393878E-04   3.185521E-04
   539   0.000000E+00   6.134884E-04   5.889728E-04
   540   0.000000E+00  -6.582664E-05   7.864687E-05
   541   0.000000E+00  -4.408245E-05   2.646036E-05
   542   0.000000E+00  -1.172159E-04   2.638962E-05
   543   0.000000E+00   1.613515E-04   9.389042E-05
   544   0.000000E+00  -1.533925E-04   3.011639E-05
   545   0.000000E+00  -4.147669E-05   3.532326E-04
   546   0.000000E+00  -2.440499E-04   1.419297E-04
   547   0.000000E+00  -4.942462E-05   6.301965E-05
   548   0.000000E+00   7.382901E-04   3.330377E-04
   549   0.000000E+00  -9.241280E-05   2.572478E-05
   550   0.000000E+00   5.347269E-03   6.532966E-04
   551   0.000000E+00   2.206954E-05   9.212542E-05
   552   0.000000E+00  -8.079660E-05   4.467353E-05
   553   0.000000E+00   7.549824E-03   8.249259E-04
   554   0.000000E+00   2.018630E-03   3.649289E-04
   555   0.000000E+00  -3.779119E-04   1.539804E-04
   556   0.000000E+00   7.540930E-03   6.346598E-04
   557   0.000000E+00   8.760615E-06   8.178753E-05
   558   0.000000E+00  -1.714465E-05   2.410946E-05
   559   0.000000E+00  -4.106311E-05   2.414284E-05
   560   0.000000E+00  -1.464060E-05   6.979279E-05
   561   0.000000E+00  -3.694279E-04   5.179795E-05
   562   0.000000E+00  -2.249226E-05   1.919544E-05
   563   0.000000E+00  -5.037449E-05   2.376196E-05
   564   0.000000E+00   5.232978E-04   3.452366E-04
   565   0.000000E+00  -1.861268E-04   3.292312E-05
   566   0.000000E+00  -7.291137E-05   2.041193E-05
   567   0.000000E+00  -9.700453E-05   6.110786E-05
   568   0.000000E+00  -9.138296E-05   2.060922E-05
   569   0.000000E+00  -1.223062E-04   2.815692E-05
   570   0.000000E+00  -1.879366E-04   3.147130E-05
   571   0.000000E+00  -4.749798E-05   6.085316E-05
   572   0.000000E+00  -8.143544E-05   1.118133E-04
   573   0.000000E+00  -7.869546E-05   2.366837E-05
   574   0.000000E+00  -7.187655E-05   1.953068E-05
   575   0.000000E+00  -9.468869E-05   2.779137E-05
   576   0.000000E+00  -4.491568E-05   9.873027E-05
   577   0.000000E+00  -1.158595E-04   3.718324E-05
   578   0.000000E+00  -9.867601E-05   7.636247E-05
   579   0.000000E+00  -1.160661E-04   1.113851E-04
   580   0.000000E+00  -1.249943E-03   1.625447E-04
   581   0.000000E+00  -3.847902E-05   6.834563E-04
   582   0.000000E+00  -6.868436E-05   1.925692E-05
   583   0.000000E+00  -2.199181E-04   1.158571E-04
   584   0.000000E+00  -7.111938E-05   3.991710E-05
   585   0.000000E+00   1.656776E-04   7.434996E-05
   586   0.000000E+00   1.139607E-04   3.911121E-05
   587   0.000000E+00  -8.964298E-05   5.388827E-05
   588   0.000000E+00  -1.287662E-04   1.845522E-04
   589   0.000000E+00  -1.395676E-04   1.112597E-04
   590   0.000000E+00   5.882212E-03   8.013370E-04
   591   0.000000E+00   7.363844E-03   6.984900E-04
   592   0.000000E+00  -5.199696E-05   3.666105E-05
   593   0.000000E+00  -6.338285E-05   2.240563E-05
   594   0.000000E+00  -2.302497E-05   4.817192E-05
   595   0.000000E+00   7.847558E-06   3.031923E-05
   596   0.000000E+00  -2.783023E-04   5.235641E-05
   597   0.000000E+00  -3.229785E-06   3.690730E-05
   598   0.000000E+00   1.346356E-04   1.846210E-04
   599   0.000000E+00  -2.903577E-05   2.179130E-05
   600   0.000000E+00  -1.215858E-04   9.428622E-05
   601   0.000000E+00  -1.267504E-04   4.057387E-05
   602   0.000000E+00  -1.312412E-04   7.263877E-05
   603   0.000000E+00  -5.590282E-08   3.233695E-05
   604   0.000000E+00   8.297543E-06   6.085316E-05
   605   0.000000E+00   5.154777E-05   3.886744E-05
   606   0.000000E+00  -1.305838E-05   3.792972E-05
   607   0.000000E+00   2.913394E-05   3.065130E-05
   608   0.000000E+00   1.130408E-04   1.055374E-04
   609   0.000000E+00   1.691747E-04   6.793450E-05
   610   0.000000E+00   2.286106E-05   2.506130E-05
   611   0.000000E+00   4.075450E-05   2.240563E-05
   612   0.000000E+00   1.979240E-04   3.147130E-05
   613   0.000000E+00   3.704246E-05   3.784845E-05
   614   0.000000E+00   1.992872E-04   5.626829E-05
   615   0.000000E+00   3.209675E-06   5.365125E-05
   616   0.000000E+00   3.575516E-05   3.100760E-05
   617   0.000000E+00   2.099581E-04   6.214445E-04
   618   0.000000E+00   4.304401E-05   7.379859E-05
   619   0.000000E+00   9.093682E-05   2.779137E-05
   620   0.000000E+00   9.457087E-05   3.134071E-05
   621   0.000000E+00   2.373309E-04   6.665645E-05
   622   0.000000E+00   9.830012E-05   3.974242E-05
   623   0.000000E+00   1.234775E-04   2.815692E-05
   624   0.000000E+00   1.573449E-04   3.335440E-05
   625   0.000000E+00   1.292152E-04   6.736173E-05
   626   0.000000E+00   1.801450E-04   3.504132E-05
   627   0.000000E+00   1.424268E-04   2.657622E-05
   628   0.000000E+00   1.486375E-04   2.873763E-05
   629   0.000000E+00   3.706894E-04   2.415488E-04
   630   0.000000E+00   1.525487E-04   4.024154E-05
   631   0.000000E+00   1.866014E-04   7.362440E-05
   632   0.000000E+00   8.217519E-05   2.060922E-05
   633   0.000000E+00   2.368387E-04   2.758659E-04
   634   0.000000E+00   1.855521E-04   3.847177E-05
   635   0.000000E+00   1.423473E-04   4.285841E-05
   636   0.000000E+00   2.358597E-04   4.331878E-05
   637   0.000000E+00   8.359145E-05   3.060131E-05
   638   0.000000E+00   1.490560E-04   3.011639E-05
   639   0.000000E+00   5.021834E-05   2.414284E-05
   640   0.000000E+00   1.020232E-04   2.575829E-05
   641   0.000000E+00   6.318121E-05   2.041193E-05
   642   0.000000E+00   7.543648E-05   1.317718E-04
   643   0.000000E+00   3.454102E-06   1.116361E-04
   644   0.000000E+00   1.027109E-04   4.467353E-05
   645   0.000000E+00   3.396454E-05   7.097436E-05
   646   0.000000E+00   1.311006E-04   1.717571E-04
   647   0.000000E+00   4.417996E-05   2.646036E-05
   648   0.000000E+00  -6.912433E-04   6.347788E-04
   649   0.000000E+00   2.271448E-05   2.410946E-05
   650   0.000000E+00   1.016139E-04   4.117016E-05
   651   0.000000E+00   1.133337E-04   6.411905E-05
   652   0.000000E+00   7.316561E-05   7.552702E-05
   653   0.000000E+00  -4.836664E-06   5.065160E-05
   654   0.000000E+00  -1.046183E-04   7.019159E-05
   655   0.000000E+00   1.707160E-04   2.141020E-04
   656   0.000000E+00   3.974334E-05   1.031970E-04
   657   0.000000E+00  -7.153332E-03   8.124586E-04
   658   0.000000E+00  -2.559744E-05   2.755854E-05
   659   0.000000E+00   2.253322E-04   1.293177E-04
   660   0.000000E+00   1.838833E-05   7.103876E-05
   661   0.000000E+00   7.768397E-04   2.108601E-04
   662   0.000000E+00  -5.677203E-03   6.538745E-04
   663   0.000000E+00   2.136216E-03   3.143698E-04
   664   0.000000E+00  -5.632576E-03   6.913460E-04
   665   0.000000E+00  -2.993341E-03   1.143279E-03
   666   0.000000E+00   4.018441E-04   8.502500E-05
   667   0.000000E+00   8.079856E-04   5.345402E-05
   668   0.000000E+00   9.442254E-04   7.063079E-05
   669   0.000000E+00   3.299932E-04   3.726087E-05
   670   0.000000E+00  -3.603597E-05   5.548086E-05
   671   0.000000E+00   3.176932E-04   3.610002E-05
   672   0.000000E+00   6.210056E-04   5.109268E-05
   673   0.000000E+00   1.653843E-04   3.979963E-05
   674   0.000000E+00   4.928325E-04   4.782883E-05
   675   0.000000E+00   2.867087E-04   5.004599E-05
   676   0.000000E+00   1.684851E-04   3.485687E-05
   677   0.000000E+00  -3.124413E-04   8.669034E-05
   678   0.000000E+00   1.913197E-04   5.286713E-05
   679   0.000000E+00  -3.758985E-04   8.780515E-05
   680   0.000000E+00  -5.988752E-04   9.603366E-05
   681   0.000000E+00   1.306661E-04   5.963232E-05
   682   0.000000E+00   1.632698E-03   1.995973E-04
   683   0.000000E+00   1.219231E-04   3.154722E-05
   684   0.000000E+00   2.148940E-04   4.713132E-05
   685   0.000000E+00   2.015567E-04   7.136238E-05
   686   0.000000E+00   9.830887E-05   4.633345E-05
   687   0.000000E+00  -2.573772E-04   8.080342E-05
   688   0.000000E+00   1.420109E-04   3.800434E-05
   689   0.000000E+00   1.701566E-03   4.553733E-04
   690   0.000000E+00   1.744979E-03   3.342714E-04
   691   0.000000E+00   1.710818E-03   5.170341E-04
   692   0.000000E+00   4.954934E-04   8.861092E-05
   693   0.000000E+00   1.265367E-04   2.645064E-05
   694   0.000000E+00   1.828649E-04   2.832537E-05
   695   0.000000E+00   5.102547E-04   1.000823E-04
   696   0.000000E+00   2.718951E-04   3.068300E-05
   697   0.000000E+00   2.711270E-03   3.578252E-04
   698   0.000000E+00   1.274535E-03   1.539400E-04
   699   0.000000E+00   2.569334E-04   6.082881E-05
   700   0.000000E+00   3.178466E-03   3.399691E-04
   701   0.000000E+00   1.058072E-04   2.538879E-05
   702   0.000000E+00   2.183582E-03   7.181558E-04
   703   0.000000E+00   8.203764E-04   1.031984E-04
   704   0.000000E+00   2.384622E-04   4.486014E-05
   705   0.000000E+00   2.394719E-03   9.890900E-04
   706   0.000000E+00   1.842961E-03   4.048614E-04
   707   0.000000E+00   1.579453E-03   1.716064E-04
   708   0.000000E+00   1.769997E-03   8.651080E-04
   709   0.000000E+00   5.766955E-04   8.641357E-05
   710   0.000000E+00   1.132610E-04   2.172030E-05
   711   0.000000E+00   1.503302E-04   2.603586E-05
   712   0.000000E+00   5.194300E-04   7.987421E-05
   713   0.000000E+00   7.874550E-04   5.287223E-05
   714   0.000000E+00   8.693985E-05   1.745297E-05
   715   0.000000E+00   1.985196E-04   2.384431E-05
   716   0.000000E+00   2.048644E-03   3.729572E-04
   717   0.000000E+00   1.457913E-04   3.140260E-05
   718   0.000000E+00   1.419294E-04   2.273269E-05
   719   0.000000E+00   4.973322E-04   5.746233E-05
   720   0.000000E+00   1.699318E-04   2.372358E-05
   721   0.000000E+00   2.800368E-04   3.016024E-05
   722   0.000000E+00   3.030021E-05   3.139118E-05
   723   0.000000E+00  -2.165585E-04   5.136381E-05
   724   0.000000E+00   9.620782E-04   1.259637E-04
   725   0.000000E+00   1.202667E-04   2.901345E-05
   726   0.000000E+00   4.186929E-05   2.153188E-05
   727   0.000000E+00   2.105436E-04   2.747425E-05
   728   0.000000E+00  -6.082875E-04   9.698348E-05
   729   0.000000E+00   7.403295E-05   3.958268E-05
   730   0.000000E+00   3.335815E-04   7.385422E-05
   731   0.000000E+00  -4.729595E-04   1.024805E-04
   732   0.000000E+00  -9.015210E-04   1.654751E-04
   733   0.000000E+00   2.659679E-03   5.877665E-04
   734   0.000000E+00   4.290594E-05   2.359301E-05
   735   0.000000E+00   4.507112E-04   1.328803E-04
   736   0.000000E+00   1.311710E-04   3.977570E-05
   737   0.000000E+00  -9.269964E-05   7.343206E-05
   738   0.000000E+00   1.834061E-04   4.408569E-05
   739   0.000000E+00   7.980193E-05   4.633345E-05
   740   0.000000E+00   1.064472E-03   2.016173E-04
   741   0.000000E+00  -6.275450E-04   9.603366E-05
   742   0.000000E+00   5.617885E-03   1.073694E-03
   743   0.000000E+00   1.091553E-03   1.042696E-03
   744   0.000000E+00   1.038315E-04   3.997074E-05
   745   0.000000E+00   1.216772E-04   2.547163E-05
   746   0.000000E+00   1.960850E-04   5.670562E-05
   747   0.000000E+00   1.064823E-04   3.014662E-05
   748   0.000000E+00  -1.862536E-04   4.845909E-05
   749   0.000000E+00   1.390572E-04   3.622306E-05
   750   0.000000E+00   1.000454E-03   2.223257E-04
   751   0.000000E+00   5.515143E-05   2.507152E-05
   752   0.000000E+00  -1.979654E-04   9.310043E-05
   753   0.000000E+00   5.542642E-05   4.310329E-05
   754   0.000000E+00  -3.312223E-04   8.780515E-05
   755   0.000000E+00   1.265371E-04   3.154722E-05
   756   0.000000E+00  -2.607238E-04   5.136381E-05
   757   0.000000E+00   1.095056E-04   4.158928E-05
   758   0.000000E+00   1.514346E-04   3.979963E-05
   759   0.000000E+00   1.182743E-04   3.079421E-05
   760   0.000000E+00   2.331226E-04   9.785477E-05
   761   0.000000E+00   8.831152E-05   6.676575E-05
   762   0.000000E+00   3.844141E-05   2.670224E-05
   763   0.000000E+00   1.146644E-04   2.547163E-05
   764   0.000000E+00   5.289558E-05   3.139118E-05
   765   0.000000E+00   3.362031E-04   3.726087E-05
   766   0.000000E+00   5.585718E-04   5.581810E-05
   767   0.000000E+00   3.421284E-04   5.138683E-05
   768   0.000000E+00   6.012226E-05   3.623462E-05
   769   0.000000E+00   2.203872E-03   6.309801E-04
   770   0.000000E+00   1.771106E-04   7.363586E-05
   771   0.000000E+00   1.924776E-04   2.747425E-05
   772   0.000000E+00   9.481436E-05   3.279285E-05
   773   0.000000E+00   8.243929E-04   7.198962E-05
   774   0.000000E+00   1.627632E-04   4.167816E-05
   775   0.000000E+00   2.645556E-04   3.016024E-05
   776   0.000000E+00   4.409107E-04   3.587868E-05
   777   0.000000E+00   2.868795E-04   6.433065E-05
   778   0.000000E+00   3.812548E-04   3.891477E-05
   779   0.000000E+00   2.782135E-04   3.053185E-05
   780   0.000000E+00   1.155395E-04   3.279801E-05
   781   0.000000E+00   1.302849E-03   2.583525E-04
   782   0.000000E+00   4.506773E-04   3.999934E-05
   783   0.000000E+00   3.814641E-04   7.473856E-05
   784   0.000000E+00   1.848435E-04   2.372358E-05
   785   0.000000E+00   1.802305E-03   2.849040E-04
   786   0.000000E+00   4.041989E-04   3.583350E-05
   787   0.000000E+00   4.787268E-04   5.229974E-05
   788   0.000000E+00   4.907786E-04   4.530177E-05
   789   0.000000E+00   2.771186E-04   2.922159E-05
   790   0.000000E+00   2.519697E-04   3.068300E-05
   791   0.000000E+00   1.652349E-04   2.603586E-05
   792   0.000000E+00   1.861195E-04   2.830580E-05
   793   0.000000E+00   1.388190E-04   2.273269E-05
   794   0.000000E+00   1.013326E-03   1.513282E-04
   795   0.000000E+00   5.738939E-04   1.230757E-04
   796   0.000000E+00   2.269818E-04   4.486014E-05
   797   0.000000E+00   3.751682E-04   7.670949E-05
   798   0.000000E+00   1.632415E-03   1.910509E-04
   799   0.000000E+00   1.305926E-04   2.645064E-05
   800   0.000000E+00   2.134926E-03   5.318033E-04
   801   0.000000E+00   1.164720E-04   2.172030E-05
   802   0.000000E+00   1.763973E-04   4.094920E-05
   803   0.000000E+00   4.707194E-04   7.061205E-05
   804   0.000000E+00   7.280801E-04   7.469525E-05
   805   0.000000E+00   1.659046E-04   4.777532E-05
   806   0.000000E+00   3.146896E-04   7.891373E-05
   807   0.000000E+00   1.697413E-03   2.245348E-04
   808   0.000000E+00   7.621394E-04   1.128870E-04
   809   0.000000E+00   3.606858E-03   8.263193E-04
   810   0.000000E+00   1.118923E-04   2.932472E-05
   811   0.000000E+00   1.380495E-03   1.452169E-04
   812   0.000000E+00   4.844497E-04   8.161353E-05
   813   0.000000E+00   2.012358E-03   2.181146E-04
   814   0.000000E+00   3.200034E-03   7.805474E-04
   815   0.000000E+00   2.929437E-03   3.362209E-04
   816   0.000000E+00   3.316786E-03   7.246632E-04
   817   0.000000E+00   5.058993E-03   1.567776E-03
   818   8.614137E-04   3.544868E-04   3.356157E-03
   819   5.735512E-04   5.003965E-04   1.710391E-03
   820   5.120814E-04   3.512207E-04   1.562812E-03
   821   3.019566E-04   6.710186E-05   1.091409E-03
   822   3.842681E-04   1.517450E-04   1.921340E-03
   823   1.977128E-04   3.310551E-04   5.533008E-04
   824   3.152747E-04   2.534294E-04   1.112734E-03
   825   2.363700E-04  -1.118779E-05   1.114953E-03
   826   2.593843E-04   4.994750E-04   7.554883E-04
   827   2.493639E-04   1.061564E-04   1.068702E-03
   828   1.666844E-04   3.322767E-04   4.129259E-04
   829   4.753119E-04   4.150371E-05   3.906674E-03
   830   2.650187E-04  -3.375910E-05   1.526019E-03
   831   5.130635E-04   2.953320E-04   3.193341E-03
   832   2.930122E-04   1.498464E-04   3.855424E-03
   833   1.426340E-04   4.059479E-05   7.909465E-04
   834   8.353032E-04   1.355810E-04   2.962068E-03
   835   4.238366E-05   1.461782E-06   4.606920E-04
   836  -2.425530E-05   2.236709E-05   1.233320E-03
   837   9.420808E-05  -1.385586E-05   1.228801E-03
   838  -1.671696E-05   1.288062E-05   1.166299E-03
   839  -1.064453E-04  -1.593617E-05   3.070538E-03
   840  -2.094854E-07   3.057334E-05   6.284562E-04
   841   4.064405E-04  -2.290066E-05   2.150479E-03
   842   1.473890E-06  -2.222264E-04   2.210834E-03
   843   1.265255E-03   5.691510E-04   3.108734E-03
   844   4.178476E-04   2.844251E-04   9.996354E-04
   845   1.617865E-04   2.649997E-04   3.783004E-04
   846   1.869210E-04   3.861914E-04   4.700445E-04
   847   5.556226E-04   1.183752E-04   1.043096E-03
   848   2.193485E-04   3.853442E-04   5.782475E-04
   849   1.908569E-03   2.980639E-04   3.103364E-03
   850   1.128001E-03  -2.541862E-04   1.944830E-03
   851   4.406825E-04   1.907491E-04   9.880773E-04
   852   2.693891E-03  -7.131014E-04   3.788876E-03
   853   1.674476E-04   2.902696E-04   3.977377E-04
   854   2.955543E-03   7.952030E-04   3.921552E-03
   855   8.136742E-04  -3.272391E-04   1.562754E-03
   856   3.625008E-04   5.989133E-04   8.176711E-04
   857   3.516538E-03   2.287611E-03   3.820939E-03
   858   2.312104E-03   6.597461E-04   2.997542E-03
   859   1.126909E-03  -5.697807E-05   1.927438E-03
   860   3.779155E-03   6.934301E-04   4.051989E-03
   861   4.782190E-04  -7.851197E-05   9.040057E-04
   862   1.616249E-04   2.650295E-04   3.770410E-04
   863   2.101658E-04   3.574443E-04   4.952847E-04
   864   4.579599E-04   2.186995E-04   1.001370E-03
   865   4.612680E-04   4.985654E-04   1.423667E-03
   866   1.523783E-04   2.681939E-04   3.707500E-04
   867   1.948655E-04   3.161420E-04   5.083449E-04
   868   1.312327E-03   4.112159E-04   2.617673E-03
   869   2.787988E-04   1.686126E-04   1.155244E-03
   870   1.276546E-04   2.284744E-04   3.443918E-04
   871   3.302731E-04   1.104608E-04   7.758961E-04
   872   1.629554E-04   2.086371E-04   4.816414E-04
   873   2.041662E-04   1.082752E-04   7.231388E-04
   874   2.156270E-04   7.650417E-05   1.186938E-03
   875   3.527731E-04   1.352670E-04   2.200248E-03
   876   5.337397E-04   2.679009E-05   1.622309E-03
   877   9.282673E-05   1.513474E-04   3.026959E-04
   878   1.158970E-04   1.180914E-04   4.209334E-04
   879   1.436282E-04   2.707771E-05   6.262859E-04
   880   2.998886E-04   2.367359E-04   3.877870E-03
   881   1.637244E-04  -1.984323E-05   1.008569E-03
   882   2.116671E-04   6.149116E-05   9.724370E-04
   883   2.207120E-04   9.053765E-05   4.868647E-03
   884  -8.043790E-04  -1.897014E-04   8.743249E-03
   885   9.966457E-04   5.695847E-04   3.862968E-03
   886   8.850477E-05  -3.448540E-06   4.935210E-04
   887  -1.471765E-04   1.859882E-04   1.824502E-03
   888   6.876570E-05  -4.449577E-05   7.420759E-04
   889  -3.321236E-04   3.476503E-06   2.806678E-03
   890  -1.836921E-04   2.132593E-05   1.235597E-03
   891   1.671696E-05  -1.762012E-05   1.166299E-03
   892   2.614998E-04  -2.351520E-04   1.627592E-03
   893  -2.930122E-04  -1.732352E-04   3.855424E-03
   894   2.907819E-03   4.204941E-03   4.016324E-03
   895   2.741568E-03   6.387703E-04   2.741568E-03
   896   5.470738E-05  -1.003164E-05   4.400057E-04
   897   3.776962E-05  -1.196838E-05   3.690843E-04
   898   4.546186E-05  -5.862876E-05   6.494551E-04
   899   4.066256E-05  -1.344677E-05   5.147159E-04
   900  -1.939310E-04   1.610431E-05   1.763009E-03
   901  -2.083952E-05  -1.209935E-05   7.186043E-04
   902   9.931902E-05   5.410448E-06   1.425632E-03
   903  -9.730228E-06  -1.711005E-05   3.559840E-04
   904  -7.086659E-04  -1.942073E-04   4.065005E-03
   905  -1.678408E-04   2.391862E-05   9.554504E-04
   906  -5.130635E-04  -2.857422E-04   3.193341E-03
   907  -4.238366E-05  -3.027314E-06   4.606920E-04
   908  -3.527731E-04  -1.288780E-04   2.200248E-03
   909   3.500810E-06   3.474254E-07   4.566274E-04
   910  -2.363700E-04   1.165268E-05   1.114953E-03
   911  -9.775745E-05   4.056505E-06   5.705688E-04
   912  -1.735053E-05   4.777707E-05   9.131856E-04
   913  -7.208630E-04  -3.175239E-04   3.116122E-03
   914  -3.517735E-05  -2.116755E-05   3.103884E-04
   915  -3.776962E-05   1.164864E-05   3.690843E-04
   916  -2.156270E-04  -6.973947E-05   1.186938E-03
   917  -3.019566E-04  -5.122523E-05   1.091409E-03
   918  -3.430974E-04  -1.126701E-04   1.322998E-03
   919  -4.167233E-04  -1.566424E-04   1.395279E-03
   920  -6.638119E-05  -3.512364E-05   3.694686E-04
   921  -3.173288E-04   1.916946E-04   2.956479E-03
   922  -1.420582E-04   9.235856E-06   8.307497E-04
   923  -1.436282E-04  -2.885312E-05   6.262859E-04
   924  -9.456918E-05  -8.511443E-05   4.172170E-04
   925  -5.940978E-04  -4.638623E-04   1.676664E-03
   926  -6.974222E-05  -5.520712E-06   4.798776E-04
   927  -2.041662E-04  -1.105866E-04   7.231388E-04
   928  -3.092542E-04  -1.883750E-04   9.664194E-04
   929  -1.956773E-04  -1.106096E-04   7.965155E-04
   930  -2.228164E-04  -2.119589E-04   7.418970E-04
   931  -1.251599E-04  -1.555790E-04   4.412219E-04
   932  -2.071992E-04  -2.670688E-04   7.236293E-04
   933  -1.482069E-04   1.863057E-04   1.457773E-03
   934  -2.020586E-04  -2.127646E-04   6.301204E-04
   935  -2.223071E-04  -2.566062E-04   8.054605E-04
   936  -1.629554E-04  -2.192162E-04   4.816414E-04
   937  -5.715403E-04   3.167713E-04   2.411563E-03
   938  -2.418009E-04  -3.344940E-04   6.817695E-04
   939  -3.274497E-04  -6.455480E-04   8.505187E-04
   940  -3.892124E-04  -7.010281E-04   1.023345E-03
   941  -3.487076E-04  -5.558111E-04   8.790949E-04
   942  -2.193485E-04  -3.746736E-04   5.782475E-04
   943  -2.101658E-04  -3.851021E-04   4.952847E-04
   944  -1.069189E-04  -1.965904E-04   3.178956E-04
   945  -1.276546E-04  -2.395552E-04   3.443918E-04
   946  -5.788765E-04  -5.469671E-05   1.455683E-03
   947  -2.594075E-04   1.362730E-04   1.103862E-03
   948  -3.625008E-04  -5.794486E-04   8.176711E-04
   949  -3.884689E-04  -3.200172E-04   8.690579E-04
   950  -7.374836E-04   2.807118E-05   1.831499E-03
   951  -1.617865E-04  -2.480749E-04   3.783004E-04
   952  -1.502351E-03  -5.838507E-04   3.386216E-03
   953  -1.616249E-04  -2.591753E-04   3.770410E-04
   954  -3.133507E-04  -3.873034E-04   7.372957E-04
   955  -3.697839E-04  -3.432742E-04   9.629789E-04
   956  -4.346921E-04   5.587731E-05   9.429331E-04
   957  -2.931307E-04  -8.262656E-05   6.485193E-04
   958  -4.147382E-04  -1.110642E-04   8.452545E-04
   959  -1.345678E-03  -2.217249E-04   2.214500E-03
   960  -7.275396E-04   1.285501E-04   1.275639E-03
   961  -2.727041E-03  -1.045935E-03   4.096707E-03
   962  -1.428465E-04   4.463476E-05   2.913253E-04
   963  -9.439981E-04   3.216165E-05   1.719487E-03
   964  -4.126256E-04   2.474942E-04   7.594335E-04
   965  -1.460938E-03   5.643852E-04   2.272066E-03
   966  -4.797439E-03  -1.969587E-03   5.591420E-03
   967  -2.848325E-03   2.515242E-04   4.080695E-03
   968  -3.352111E-03  -1.856803E-03   5.112523E-03
   969  -8.142583E-03  -3.503715E-03   8.511411E-03
   970   0.000000E+00   5.686915E-04   3.356157E-03
   971   0.000000E+00   1.808594E-04   1.710391E-03
   972   0.000000E+00   3.391473E-04   1.562812E-03
   973   0.000000E+00   2.022146E-04   1.091409E-03
   974   0.000000E+00   2.592554E-04   1.921340E-03
   975   0.000000E+00   4.505296E-05   5.533008E-04
   976   0.000000E+00   1.905031E-04   1.112734E-03
   977   0.000000E+00   1.901945E-04   1.114953E-03
   978   0.000000E+00   1.483509E-04   7.554883E-04
   979   0.000000E+00   1.106809E-04   1.068702E-03
   980   0.000000E+00   7.901227E-05   4.129259E-04
   981   0.000000E+00   4.309810E-04   3.906674E-03
   982   0.000000E+00   2.067087E-04   1.526019E-03
   983   0.000000E+00   1.935788E-04   3.193341E-03
   984   0.000000E+00   6.639659E-06   3.855424E-03
   985   0.000000E+00   6.825165E-05   7.909465E-04
   986   0.000000E+00   2.597474E-04   2.962068E-03
   987   0.000000E+00   3.154347E-05   4.606920E-04
   988   0.000000E+00   1.348476E-04   1.233320E-03
   989   0.000000E+00   1.686061E-04   1.228801E-03
   990   0.000000E+00   1.928273E-04   1.166299E-03
   991   0.000000E+00   8.160533E-05   3.070538E-03
   992   0.000000E+00   3.960863E-05   6.284562E-04
   993   0.000000E+00   6.900270E-05   2.150479E-03
   994   0.000000E+00   2.986913E-04   2.210834E-03
   995   0.000000E+00   7.186368E-04   3.108734E-03
   996   0.000000E+00   2.117731E-04   9.996354E-04
   997   0.000000E+00   1.166121E-04   3.783004E-04
   998   0.000000E+00   6.510696E-05   4.700445E-04
   999   0.000000E+00   9.362223E-05   1.043096E-03
  1000   0.000000E+00   4.161982E-05   5.782475E-04
  1001   0.000000E+00   6.078980E-04   3.103364E-03
  1002   0.000000E+00   6.093536E-05   1.944830E-03
  1003   0.000000E+00   2.367970E-04   9.880773E-04
  1004   0.000000E+00   9.478531E-04   3.788876E-03
  1005   0.000000E+00   1.104533E-04   3.977377E-04
  1006   0.000000E+00   2.287670E-03   3.921552E-03
  1007   0.000000E+00   1.771290E-04   1.562754E-03
  1008   0.000000E+00   2.093941E-04   8.176711E-04
  1009   0.000000E+00   4.288130E-03   3.820939E-03
  1010   0.000000E+00   9.911228E-04   2.997542E-03
  1011   0.000000E+00   5.446303E-04   1.927438E-03
  1012   0.000000E+00   3.029715E-03   4.051989E-03
  1013   0.000000E+00   1.269913E-05   9.040057E-04
  1014   0.000000E+00   9.863473E-05   3.770410E-04
  1015   0.000000E+00   8.276916E-05   4.952847E-04
  1016   0.000000E+00   1.771536E-04   1.001370E-03
  1017   0.000000E+00   1.285184E-04   1.423667E-03
  1018   0.000000E+00   7.938815E-05   3.707500E-04
  1019   0.000000E+00   5.272887E-05   5.083449E-04
  1020   0.000000E+00   9.148985E-04   2.617673E-03
  1021   0.000000E+00   7.598712E-05   1.155244E-03
  1022   0.000000E+00   6.179458E-05   3.443918E-04
  1023   0.000000E+00   1.128669E-04   7.758961E-04
  1024   0.000000E+00   4.221204E-05   4.816414E-04
  1025   0.000000E+00   8.092874E-05   7.231388E-04
  1026   0.000000E+00   1.725372E-04   1.186938E-03
  1027   0.000000E+00   2.517186E-04   2.200248E-03
  1028   0.000000E+00   1.761456E-04   1.622309E-03
  1029   0.000000E+00   2.592866E-05   3.026959E-04
  1030   0.000000E+00   4.024928E-05   4.209334E-04
  1031   0.000000E+00   9.074304E-05   6.262859E-04
  1032   0.000000E+00   3.474348E-05   3.877870E-03
  1033   0.000000E+00   1.827324E-04   1.008569E-03
  1034   0.000000E+00   8.161447E-05   9.724370E-04
  1035   0.000000E+00   2.851968E-04   4.868647E-03
  1036   0.000000E+00  -1.915798E-04   8.743249E-03
  1037   0.000000E+00   5.563132E-05   3.862968E-03
  1038   0.000000E+00   5.199914E-05   4.935210E-04
  1039   0.000000E+00   5.478195E-04   1.824502E-03
  1040   0.000000E+00   1.213652E-04   7.420759E-04
  1041   0.000000E+00   3.984831E-04   2.806678E-03
  1042   0.000000E+00   2.104313E-04   1.235597E-03
  1043   0.000000E+00   1.968937E-04   1.166299E-03
  1044   0.000000E+00   6.049556E-04   1.627592E-03
  1045   0.000000E+00   3.829046E-05   3.855424E-03
  1046   0.000000E+00   3.065065E-03   4.016324E-03
  1047   0.000000E+00   1.828107E-03   2.741568E-03
  1048   0.000000E+00   5.417048E-05   4.400057E-04
  1049   0.000000E+00   3.775632E-05   3.690843E-04
  1050   0.000000E+00   9.486290E-05   6.494551E-04
  1051   0.000000E+00   5.905757E-05   5.147159E-04
  1052   0.000000E+00   2.074419E-04   1.763009E-03
  1053   0.000000E+00   9.621483E-05   7.186043E-04
  1054   0.000000E+00   4.677932E-04   1.425632E-03
  1055   0.000000E+00   2.174280E-05   3.559840E-04
  1056   0.000000E+00   5.025674E-04   4.065005E-03
  1057   0.000000E+00   1.245428E-04   9.554504E-04
  1058   0.000000E+00   1.857714E-04   3.193341E-03
  1059   0.000000E+00   3.511401E-05   4.606920E-04
  1060   0.000000E+00   2.662196E-04   2.200248E-03
  1061   0.000000E+00   3.175118E-05   4.566274E-04
  1062   0.000000E+00   1.962691E-04   1.114953E-03
  1063   0.000000E+00   6.216598E-05   5.705688E-04
  1064   0.000000E+00   2.748193E-04   9.131856E-04
  1065   0.000000E+00   3.772766E-04   3.116122E-03
  1066   0.000000E+00   1.861504E-05   3.103884E-04
  1067   0.000000E+00   2.327891E-05   3.690843E-04
  1068   0.000000E+00   1.336522E-04   1.186938E-03
  1069   0.000000E+00   2.277038E-04   1.091409E-03
  1070   0.000000E+00   1.650465E-04   1.322998E-03
  1071   0.000000E+00   3.004648E-04   1.395279E-03
  1072   0.000000E+00   1.999919E-05   3.694686E-04
  1073   0.000000E+00  -1.129481E-04   2.956479E-03
  1074   0.000000E+00   8.375128E-05   8.307497E-04
  1075   0.000000E+00   9.889734E-05   6.262859E-04
  1076   0.000000E+00   2.067412E-05   4.172170E-04
  1077   0.000000E+00   2.589360E-04   1.676664E-03
  1078   0.000000E+00   3.279874E-05   4.798776E-04
  1079   0.000000E+00   9.067409E-05   7.231388E-04
  1080   0.000000E+00   1.402403E-04   9.664194E-04
  1081   0.000000E+00   3.975676E-05   7.965155E-04
  1082   0.000000E+00   9.371094E-05   7.418970E-04
  1083   0.000000E+00   3.205726E-05   4.412219E-04
  1084   0.000000E+00   5.982428E-05   7.236293E-04
  1085   0.000000E+00   4.535570E-04   1.457773E-03
  1086   0.000000E+00   1.195838E-04   6.301204E-04
  1087   0.000000E+00   1.243596E-05   8.054605E-04
  1088   0.000000E+00   4.444105E-05   4.816414E-04
  1089   0.000000E+00   5.755524E-04   2.411563E-03
  1090   0.000000E+00   5.338314E-05   6.817695E-04
  1091   0.000000E+00   1.941001E-04   8.505187E-04
  1092   0.000000E+00   1.228655E-04   1.023345E-03
  1093   0.000000E+00   1.271750E-04   8.790949E-04
  1094   0.000000E+00   4.310518E-05   5.782475E-04
  1095   0.000000E+00   7.893226E-05   4.952847E-04
  1096   0.000000E+00   7.022824E-05   3.178956E-04
  1097   0.000000E+00   6.608937E-05   3.443918E-04
  1098   0.000000E+00   1.386614E-04   1.455683E-03
  1099   0.000000E+00   2.583621E-04   1.103862E-03
  1100   0.000000E+00   2.256073E-04   8.176711E-04
  1101   0.000000E+00   2.362886E-04   8.690579E-04
  1102   0.000000E+00   3.838901E-04   1.831499E-03
  1103   0.000000E+00   1.005709E-04   3.783004E-04
  1104   0.000000E+00   1.021677E-03   3.386216E-03
  1105   0.000000E+00   9.118522E-05   3.770410E-04
  1106   0.000000E+00   1.887302E-04   7.372957E-04
  1107   0.000000E+00   1.833138E-04   9.629789E-04
  1108   0.000000E+00   6.197670E-05   9.429331E-04
  1109   0.000000E+00   1.379565E-04   6.485193E-04
  1110   0.000000E+00   1.475179E-04   8.452545E-04
  1111   0.000000E+00   1.184314E-04   2.214500E-03
  1112   0.000000E+00   6.939101E-05   1.275639E-03
  1113   0.000000E+00   1.056936E-03   4.096707E-03
  1114   0.000000E+00   2.868630E-05   2.913253E-04
  1115   0.000000E+00   1.880432E-04   1.719487E-03
  1116   0.000000E+00   4.097559E-05   7.594335E-04
  1117   0.000000E+00   4.521203E-04   2.272066E-03
  1118   0.000000E+00   3.008981E-03   5.591420E-03
  1119   0.000000E+00   1.252465E-03   4.080695E-03
  1120   0.000000E+00   2.362027E-03   5.112523E-03
  1121   0.000000E+00   7.469434E-03   8.511411E-03
