         152           4
       1  1.11872E-02  1.02023E-02 -5.37308E+01 -5.51457E+01  2.09680E+00  2.06841E+02  1.93500E+02  2.07980E+00  3.52573E-02  7.70000E-02  3.00000E-01  4.28219E-02  0.00000E+00  3.00000E-01
       2  5.70130E-03  5.36314E-03 -8.31571E+01 -7.20331E+01  2.11870E+00  2.17839E+02  1.73297E+02  2.29780E+00  1.08901E-01  1.00600E-01  3.00000E-01 -6.85201E-03  0.00000E+00  3.00000E-01
       3  5.20937E-03  5.08918E-03 -7.83976E+01 -7.03214E+01  2.97040E+00  2.17185E+02  1.57694E+02  3.02370E+00  8.65898E-02  9.83000E-02  3.00000E-01 -4.77518E-03  0.00000E+00  3.00000E-01
       4  3.63803E-03  3.32987E-03 -6.10991E+01 -5.93916E+01  2.64100E+00  2.12738E+02  1.79503E+02  2.60000E+00  3.04716E-02  8.30000E-02  3.00000E-01  2.34086E-02  0.00000E+00  3.00000E-01
       5  6.40447E-03  5.96440E-03 -4.46268E+01 -4.29252E+01  2.62700E+00  2.01897E+02  2.03949E+02  2.49860E+00  2.51572E-02  6.00000E-02  3.00000E-01  4.52204E-02  0.00000E+00  3.00000E-01
       6  1.84434E-03  1.95049E-03 -8.33271E+01 -7.66923E+01  4.18970E+00  1.96806E+02  1.53159E+02  4.23960E+00  1.51008E-01  1.07200E-01  3.00000E-01 -3.47999E-03  0.00000E+00  3.00000E-01
       7  3.70911E-03  3.80346E-03 -7.60296E+01 -6.08558E+01  2.81680E+00  2.01778E+02  1.54194E+02  3.00380E+00  7.73917E-02  8.50000E-02  3.00000E-01  1.52368E-02  0.00000E+00  3.00000E-01
       8  3.71651E-03  3.35309E-03 -4.48476E+01 -4.55340E+01  2.66940E+00  2.01197E+02  1.84950E+02  2.80100E+00 -1.15509E-03  6.36000E-02  3.00000E-01  4.39867E-02  0.00000E+00  3.00000E-01
       9  2.51829E-03  2.87965E-03 -8.07476E+01 -7.37064E+01  3.32630E+00  1.79767E+02  1.33986E+02  3.59880E+00  1.58097E-01  1.03000E-01  3.00000E-01  2.58399E-02  0.00000E+00  3.00000E-01
      10  3.56234E-03  3.41370E-03 -6.18150E+01 -5.00778E+01  3.24950E+00  1.90765E+02  1.67266E+02  3.32320E+00  3.28121E-02  7.00000E-02  3.00000E-01  2.69737E-02  0.00000E+00  3.00000E-01
      11  1.37642E-03  1.54991E-03 -8.43631E+01 -8.66754E+01  3.87500E+00  1.77413E+02  1.46387E+02  5.24270E+00  1.86701E-01  1.21100E-01  3.00000E-01  1.85267E-02  0.00000E+00  3.00000E-01
      12  1.30222E-02  1.20575E-02 -1.91706E+01 -2.61590E+01  1.95760E+00  1.93490E+02  2.01454E+02  1.89660E+00  7.35379E-03  3.65000E-02  3.00000E-01  3.54085E-02  0.00000E+00  3.00000E-01
      13  5.08673E-03  4.54206E-03 -3.14433E+01 -3.72943E+01  2.53240E+00  1.91392E+02  1.78601E+02  2.62510E+00 -7.13764E-03  5.21000E-02  3.00000E-01  4.05762E-02  0.00000E+00  3.00000E-01
      14  1.06445E-02  1.03164E-02 -3.11567E+01 -3.44990E+01  2.01780E+00  1.98467E+02  2.09083E+02  2.43910E+00  3.31098E-02  4.82000E-02  3.00000E-01  1.64210E-02  0.00000E+00  3.00000E-01
      15  1.28514E-02  1.27612E-02 -1.33255E+01 -1.63027E+01  2.61890E+00  2.00675E+02  2.13903E+02  2.26050E+00  1.45700E-02  2.28000E-02  3.00000E-01 -5.75956E-03  0.00000E+00  3.00000E-01
      16  2.63649E-03  2.72336E-03 -4.36298E+01 -3.87077E+01  4.33610E+00  1.62867E+02  1.50981E+02  4.82940E+00  1.72517E-02  5.41000E-02  3.00000E-01  3.11112E-02  0.00000E+00  3.00000E-01
      17  9.87356E-03  9.22398E-03 -6.01592E+01 -6.05436E+01  3.43570E+00  1.72060E+02  1.25864E+02  3.59830E+00  3.66807E-02  8.46000E-02  3.00000E-01  1.45941E-02  0.00000E+00  3.00000E-01
      18  1.53564E-03  1.45890E-03 -2.11557E+01 -1.97254E+01  4.73350E+00  1.81888E+02  1.58949E+02  4.61790E+00  8.78486E-04  2.76000E-02  3.00000E-01  1.99189E-02  0.00000E+00  3.00000E-01
      19  4.11107E-03  3.67915E-03  3.51330E+00  4.25290E+00  2.76540E+00  1.85422E+02  1.68387E+02  2.73010E+00  5.60752E-03 -5.90000E-03  3.00000E-01  3.26271E-02  0.00000E+00  3.00000E-01
      20  4.09600E-03  4.09800E-03 -2.21131E+01 -1.64615E+01  3.52970E+00  1.56314E+02  1.43857E+02  3.54450E+00 -1.70013E-03  2.30000E-02  3.00000E-01  4.49394E-02  0.00000E+00  3.00000E-01
      21  3.88766E-03  3.38855E-03  1.00337E+01  3.07820E+00  3.50300E+00  1.87782E+02  1.78698E+02  3.01190E+00  5.61138E-03 -4.30000E-03  3.00000E-01  5.32097E-02  0.00000E+00  3.00000E-01
      22  1.02351E-02  9.90647E-03  4.47367E+00  7.42610E+00  2.47200E+00  1.97172E+02  2.04616E+02  2.28450E+00 -2.66562E-03 -1.04000E-02  3.00000E-01  6.07708E-03  0.00000E+00  3.00000E-01
      23  2.09485E-03  2.13198E-03  8.77071E+00  6.42000E-02  3.23530E+00  1.62623E+02  1.46307E+02  3.75370E+00  7.17649E-03 -1.00000E-04  3.00000E-01  2.11058E-02  0.00000E+00  3.00000E-01
      24  7.16826E-03  6.94958E-03 -4.83062E+01 -4.05902E+01  1.00825E+01  1.63955E+02  1.11405E+02  1.00086E+01  2.02572E-02  5.67000E-02  3.00000E-01 -4.10162E-02  0.00000E+00  3.00000E-01
      25  7.36945E-03  6.20195E-03 -1.14492E+01 -1.27600E-01  6.76040E+00  1.82058E+02  1.10589E+02  7.09400E+00 -7.41233E-04  2.00000E-04  3.00000E-01 -4.19706E-02  0.00000E+00  3.00000E-01
      26  1.03624E-02  9.98488E-03 -6.87631E+01 -8.73687E+01  8.21170E+00  1.41736E+02  1.02161E+02  7.20870E+00  2.84008E-02  1.22100E-01  3.00000E-01  1.67339E-02  0.00000E+00  3.00000E-01
      27  3.33212E-03  3.29456E-03 -8.53430E+01 -8.97611E+01  4.07440E+00  1.65834E+02  1.22064E+02  4.59060E+00  1.05070E-01  1.25400E-01  3.00000E-01  4.41866E-02  0.00000E+00  3.00000E-01
      28  1.26100E-03  1.36656E-03 -8.91705E+01 -9.18239E+01  4.08350E+00  1.66381E+02  1.37606E+02  4.08200E+00  1.80433E-01  1.28300E-01  3.00000E-01  5.94394E-02  0.00000E+00  3.00000E-01
      29  1.56682E-03  1.71538E-03 -9.29186E+01 -8.53951E+01  3.61540E+00  1.78063E+02  1.51784E+02  3.88060E+00  2.06009E-01  1.19300E-01  3.00000E-01  3.92415E-02  0.00000E+00  3.00000E-01
      30  3.47699E-03  3.03383E-03 -9.31225E+01 -1.14358E+02  4.66580E+00  1.70016E+02  1.22178E+02  4.97350E+00  6.21502E-02  1.59800E-01  3.00000E-01  3.47039E-02  0.00000E+00  3.00000E-01
      31  1.92749E-03  2.00133E-03 -9.18281E+01 -8.14300E+01  3.54520E+00  1.95076E+02  1.60441E+02  3.61190E+00  1.75685E-01  1.13800E-01  3.00000E-01  1.28172E-02  0.00000E+00  3.00000E-01
      32  1.03445E-02  1.00838E-02 -1.20837E+02 -1.32051E+02  4.99940E+00  1.75084E+02  1.03527E+02  5.06440E+00  7.23498E-02  1.84500E-01  3.00000E-01 -2.22712E-02  0.00000E+00  3.00000E-01
      33  6.48277E-03  4.93508E-03 -1.42332E+02 -1.24535E+02  3.79810E+00  1.91759E+02  1.22670E+02  4.11950E+00  2.57142E-02  1.74000E-01  3.00000E-01 -3.78745E-03  0.00000E+00  3.00000E-01
      34  3.29359E-03  2.99214E-03 -9.58020E+01 -9.57580E+01  3.50070E+00  1.54556E+02  1.29370E+02  3.37900E+00  8.61920E-02  1.33800E-01  3.00000E-01  8.32884E-02  0.00000E+00  3.00000E-01
      35  1.26296E-02  1.16646E-02 -1.75815E+02 -1.52696E+02  3.72370E+00  1.66983E+02  9.98517E+01  3.80120E+00  8.52347E-02  2.13300E-01  3.00000E-01  1.54180E-03  0.00000E+00  3.00000E-01
      36  1.32579E-03  1.41044E-03 -9.97776E+01 -9.03990E+01  3.94300E+00  1.61436E+02  1.43693E+02  3.89150E+00  1.95629E-01  1.26300E-01  3.00000E-01  9.46394E-02  0.00000E+00  3.00000E-01
      37  1.30718E-02  1.46148E-02 -9.17510E+01 -1.61801E+02  6.01230E+00  1.05596E+02  8.50652E+01  6.60920E+00  1.10331E-01  2.26100E-01  3.00000E-01  6.29058E-02  0.00000E+00  3.00000E-01
      38  5.20918E-03  3.98222E-03 -1.16048E+02 -1.11794E+02  2.99430E+00  1.81905E+02  1.19721E+02  3.35420E+00 -1.72324E-02  1.56200E-01  3.00000E-01  4.07994E-02  0.00000E+00  3.00000E-01
      39  2.72557E-03  2.89838E-03 -9.25499E+01 -9.52033E+01  3.35160E+00  1.69601E+02  1.44592E+02  3.36560E+00  1.92646E-01  1.33000E-01  3.00000E-01  4.87189E-02  0.00000E+00  3.00000E-01
      40  1.27365E-02  9.47909E-03 -5.37211E+01 -1.97637E+02  6.00790E+00  9.32978E+01  6.55906E+01  7.20350E+00 -1.84100E-01  2.76100E-01  3.00000E-01  1.10940E-01  0.00000E+00  3.00000E-01
      41  9.99181E-03  1.06644E-02 -1.15347E+02 -1.65616E+02  4.30430E+00  1.27079E+02  8.33342E+01  4.77530E+00  7.87371E-02  2.31400E-01  3.00000E-01  6.90466E-02  0.00000E+00  3.00000E-01
      42  6.42479E-03  5.94992E-03 -1.38207E+02 -1.25516E+02  3.53720E+00  1.75452E+02  1.04361E+02  3.94210E+00  7.75805E-02  1.75400E-01  3.00000E-01 -7.82827E-03  0.00000E+00  3.00000E-01
      43  1.35066E-02  1.63419E-02 -1.35449E+02 -2.00253E+02  4.68790E+00  9.51522E+01  7.05455E+01  6.39010E+00  1.99127E-01  2.79800E-01  3.00000E-01  1.06891E-01  0.00000E+00  3.00000E-01
      44  3.01335E-03  2.30212E-03 -1.12076E+02 -1.13573E+02  4.52250E+00  1.85329E+02  1.17822E+02  4.77830E+00  1.51379E-02  1.58700E-01  3.00000E-01  6.61233E-03  0.00000E+00  3.00000E-01
      45  1.25680E-03  1.37392E-03 -8.59175E+01 -9.20753E+01  3.96280E+00  1.72106E+02  1.46072E+02  3.57010E+00  1.73730E-01  1.28600E-01  3.00000E-01  3.60161E-02  0.00000E+00  3.00000E-01
      46  1.65095E-03  1.82280E-03 -8.87147E+01 -9.10898E+01  3.34400E+00  1.86222E+02  1.61695E+02  3.60620E+00  1.71493E-01  1.27300E-01  3.00000E-01  1.87368E-02  0.00000E+00  3.00000E-01
      47  3.33790E-03  3.08195E-03 -8.90147E+01 -9.81729E+01  3.58330E+00  1.71550E+02  1.21180E+02  4.10090E+00  9.52966E-02  1.37200E-01  3.00000E-01  3.44040E-02  0.00000E+00  3.00000E-01
      48  4.74556E-03  4.69454E-03 -8.50879E+01 -6.95816E+01  2.54100E+00  2.11065E+02  1.64613E+02  2.59370E+00  1.18655E-01  9.72000E-02  3.00000E-01 -4.16974E-03  0.00000E+00  3.00000E-01
      49  1.23583E-03  1.43105E-03 -8.62863E+01 -8.82302E+01  3.46790E+00  1.75775E+02  1.57875E+02  3.15310E+00  1.71630E-01  1.23300E-01  3.00000E-01  3.54161E-02  0.00000E+00  3.00000E-01
      50  1.69448E-03  1.86644E-03 -8.08271E+01 -8.23289E+01  3.31840E+00  1.98359E+02  1.67328E+02  3.32990E+00  1.46309E-01  1.15000E-01  3.00000E-01 -2.18451E-03  0.00000E+00  3.00000E-01
      51  8.72558E-03  9.06132E-03 -8.42553E+01 -1.07611E+02  5.32290E+00  1.54526E+02  9.51285E+01  5.75030E+00  3.15487E-02  1.50400E-01  3.00000E-01  5.96155E-03  0.00000E+00  3.00000E-01
      52  3.85081E-03  3.50815E-03 -6.75582E+01 -5.18417E+01  2.48570E+00  2.16854E+02  2.05582E+02  2.37090E+00  5.03567E-02  7.24000E-02  3.00000E-01  1.77798E-02  0.00000E+00  3.00000E-01
      53  1.14797E-03  1.31188E-03 -8.51823E+01 -7.95708E+01  3.64480E+00  1.72772E+02  1.44946E+02  4.05920E+00  1.57745E-01  1.11200E-01  3.00000E-01  3.90733E-02  0.00000E+00  3.00000E-01
      54  2.58632E-03  2.41258E-03 -9.35195E+01 -9.13735E+01  3.94420E+00  1.75005E+02  1.18040E+02  3.70890E+00  8.30752E-02  1.27700E-01  3.00000E-01  2.22406E-02  0.00000E+00  3.00000E-01
      55  1.60547E-03  1.73167E-03 -8.21310E+01 -7.26749E+01  2.99110E+00  1.90239E+02  1.64762E+02  3.44310E+00  1.15632E-01  1.01500E-01  3.00000E-01  2.08507E-02  0.00000E+00  3.00000E-01
      56  2.41046E-03  2.33471E-03 -7.40594E+01 -6.05916E+01  2.90940E+00  2.11755E+02  1.76118E+02  3.11640E+00  5.68242E-02  8.47000E-02  3.00000E-01  6.53151E-03  0.00000E+00  3.00000E-01
      57  3.95646E-03  3.62670E-03 -5.43985E+01 -3.90104E+01  2.31750E+00  2.07595E+02  2.06014E+02  2.31160E+00  1.66488E-02  5.45000E-02  3.00000E-01  4.85029E-02  0.00000E+00  3.00000E-01
      58  7.33416E-03  6.87155E-03 -3.66639E+01 -3.44129E+01  2.42660E+00  1.96886E+02  2.06800E+02  2.04820E+00  2.08528E-02  4.81000E-02  3.00000E-01  3.96632E-02  0.00000E+00  3.00000E-01
      59  5.40770E-03  4.81929E-03 -7.21923E+01 -7.06768E+01  3.54790E+00  1.74654E+02  1.21332E+02  3.99690E+00  3.99335E-02  9.87000E-02  3.00000E-01  1.28312E-02  0.00000E+00  3.00000E-01
      60  1.00899E-03  1.12029E-03 -7.73668E+01 -6.58570E+01  4.59500E+00  1.62092E+02  1.38512E+02  5.63270E+00  1.29773E-01  9.20000E-02  3.00000E-01  4.29138E-02  0.00000E+00  3.00000E-01
      61  1.40311E-03  1.45525E-03 -7.11084E+01 -5.91339E+01  3.37190E+00  1.76936E+02  1.71291E+02  3.71740E+00  7.78375E-02  8.26000E-02  3.00000E-01  3.96279E-02  0.00000E+00  3.00000E-01
      62  2.08762E-03  1.96549E-03 -6.31994E+01 -4.92578E+01  3.20750E+00  2.02934E+02  1.70370E+02  3.17090E+00  2.15405E-02  6.88000E-02  3.00000E-01  2.12593E-02  0.00000E+00  3.00000E-01
      63  1.29262E-02  1.27903E-02 -1.80270E+01 -1.66150E+01  2.31170E+00  2.00421E+02  2.14012E+02  2.27080E+00  2.09632E-02  2.32000E-02  3.00000E-01 -1.91431E-03  0.00000E+00  3.00000E-01
      64  3.36190E-03  3.01247E-03 -4.61881E+01 -3.48226E+01  3.01100E+00  2.00535E+02  1.92501E+02  3.20530E+00 -8.48185E-03  4.87000E-02  3.00000E-01  5.26579E-02  0.00000E+00  3.00000E-01
      65  3.24146E-03  3.26962E-03 -5.28407E+01 -4.67406E+01  4.32920E+00  1.54550E+02  1.29943E+02  4.18700E+00  2.93626E-02  6.53000E-02  3.00000E-01  4.11558E-02  0.00000E+00  3.00000E-01
      66  1.62288E-02  1.54109E-02 -1.18724E+01 -9.71960E+00  1.98640E+00  1.95637E+02  2.04650E+02  1.82760E+00  6.04434E-03  1.36000E-02  3.00000E-01  1.76028E-02  0.00000E+00  3.00000E-01
      67  2.91442E-02  2.92979E-02  7.93156E+00  1.97364E+01  1.65850E+00  2.01503E+02  2.10271E+02  1.68840E+00 -8.92135E-03 -2.76000E-02  3.00000E-01 -1.20090E-02  0.00000E+00  3.00000E-01
      68  1.28766E-02  1.26100E-02 -5.25929E+01 -5.53930E+01  7.43740E+00  1.39668E+02  9.90821E+01  6.39610E+00  2.90748E-02  7.74000E-02  3.00000E-01 -1.82590E-02  0.00000E+00  3.00000E-01
      69  1.64507E-03  1.57205E-03 -5.01506E+01 -3.85227E+01  2.88670E+00  1.81737E+02  1.74375E+02  3.53670E+00 -2.38732E-03  5.38000E-02  3.00000E-01  3.11446E-02  0.00000E+00  3.00000E-01
      70  6.08167E-03  5.45086E-03  9.26947E+00  1.72862E+01  3.27700E+00  1.45656E+02  1.21636E+02  3.75850E+00  2.10639E-02 -2.42000E-02  3.00000E-01  1.05598E-01  0.00000E+00  3.00000E-01
      71  2.47359E-03  2.19927E-03 -2.98407E+01 -1.98976E+01  3.89570E+00  1.89465E+02  1.70702E+02  3.88190E+00 -1.95649E-02  2.78000E-02  3.00000E-01  4.45906E-02  0.00000E+00  3.00000E-01
      72  9.35559E-03  8.52440E-03  3.08461E+01  2.54342E+01  2.23560E+00  1.95382E+02  1.98916E+02  2.20800E+00  2.38706E-03 -3.55000E-02  3.00000E-01  4.82635E-02  0.00000E+00  3.00000E-01
      73  4.11866E-03  3.75161E-03  4.05643E+01  3.19210E+01  2.31940E+00  1.87741E+02  1.72709E+02  2.61440E+00  4.18358E-03 -4.46000E-02  3.00000E-01  4.70812E-02  0.00000E+00  3.00000E-01
      74  3.88766E-03  3.36743E-03 -1.04721E+01 -3.07820E+00  3.50300E+00  1.86096E+02  1.78698E+02  3.01190E+00 -7.35733E-03  4.30000E-03  3.00000E-01  5.54125E-02  0.00000E+00  3.00000E-01
      75  5.42531E-03  4.69529E-03 -4.69219E+01 -3.44652E+01  5.16830E+00  1.79210E+02  1.07433E+02  5.64620E+00  1.21999E-02  4.82000E-02  3.00000E-01  5.47718E-03  0.00000E+00  3.00000E-01
      76  1.28514E-02  1.27457E-02  1.36459E+01  1.63027E+01  2.61890E+00  1.99984E+02  2.13903E+02  2.26050E+00 -1.67546E-02 -2.28000E-02  3.00000E-01 -3.65615E-03  0.00000E+00  3.00000E-01
      77  1.33877E-02  1.30821E-02 -4.34987E+01 -1.55468E+02  5.77590E+00  7.03279E+01  6.82334E+01  7.73900E+00 -8.14686E-02  2.17200E-01  3.00000E-01  9.04919E-02  0.00000E+00  3.00000E-01
      78  9.13856E-03  5.63842E-03 -2.97136E+01 -2.14718E+02  6.11990E+00  3.51204E+01  5.66170E+01  9.13570E+00  4.78703E-02  3.00000E-01  3.00000E-01  4.21729E-02  0.00000E+00  3.00000E-01
      79  1.46669E-03  1.50014E-03 -3.47013E+01 -2.66730E+01  4.69660E+00  1.49580E+02  1.32862E+02  5.12060E+00  4.15974E-03  3.73000E-02  3.00000E-01  4.65311E-02  0.00000E+00  3.00000E-01
      80  1.23028E-03  1.24339E-03 -3.56691E+01 -2.19635E+01  3.75400E+00  1.71226E+02  1.45756E+02  4.26770E+00  2.48371E-03  3.07000E-02  3.00000E-01  2.83262E-02  0.00000E+00  3.00000E-01
      81  2.16485E-03  2.24184E-03 -1.83065E+01 -1.50469E+01  4.04570E+00  1.50453E+02  1.28562E+02  4.76240E+00 -1.31459E-02  2.10000E-02  3.00000E-01  4.87885E-02  0.00000E+00  3.00000E-01
      82  1.71572E-03  1.59618E-03 -1.58732E+01 -1.69529E+01  4.11020E+00  1.83744E+02  1.64466E+02  4.08680E+00 -7.02713E-03  2.37000E-02  3.00000E-01  3.29624E-02  0.00000E+00  3.00000E-01
      83  5.87670E-03  5.32895E-03  9.62012E+00  2.36044E+01  2.54170E+00  1.90584E+02  2.01731E+02  2.35250E+00 -4.49703E-03 -3.30000E-02  3.00000E-01  3.84792E-02  0.00000E+00  3.00000E-01
      84  2.39535E-03  2.10810E-03  5.56972E+00  6.25090E+00  3.73800E+00  1.91840E+02  1.71546E+02  3.66870E+00 -6.40413E-03 -8.70000E-03  3.00000E-01  3.69309E-02  0.00000E+00  3.00000E-01
      85  4.75211E-03  3.86877E-03 -4.59850E+00 -1.49436E+01  5.71080E+00  1.85342E+02  1.03941E+02  6.87710E+00 -1.63743E-02  2.09000E-02  3.00000E-01 -7.94654E-03  0.00000E+00  3.00000E-01
      86  1.18661E-03  1.19122E-03 -3.88749E-01  5.89020E+00  3.99590E+00  1.65500E+02  1.53860E+02  4.59740E+00 -1.05668E-02 -8.20000E-03  3.00000E-01  2.18917E-02  0.00000E+00  3.00000E-01
      87  1.35500E-02  1.25948E-02  3.48399E+01  3.74109E+01  1.99580E+00  1.97920E+02  2.02812E+02  1.97070E+00 -1.71214E-02 -5.23000E-02  3.00000E-01  4.10475E-02  0.00000E+00  3.00000E-01
      88  3.18483E-03  2.77358E-03  2.50022E+01  3.76838E+01  3.34130E+00  1.90982E+02  1.85456E+02  3.54960E+00  5.75301E-03 -5.27000E-02  3.00000E-01  4.44050E-02  0.00000E+00  3.00000E-01
      89  1.06445E-02  1.03295E-02  3.14314E+01  3.44990E+01  2.01780E+00  1.99697E+02  2.09083E+02  2.43910E+00 -3.11999E-02 -4.82000E-02  3.00000E-01  1.66693E-02  0.00000E+00  3.00000E-01
      90  1.53564E-03  1.46816E-03  1.96759E+01  1.97254E+01  4.73350E+00  1.82843E+02  1.58949E+02  4.61790E+00  2.78888E-04 -2.76000E-02  3.00000E-01  2.07535E-02  0.00000E+00  3.00000E-01
      91  7.33416E-03  6.87257E-03  3.51340E+01  3.44129E+01  2.42660E+00  1.95001E+02  2.06800E+02  2.04820E+00 -2.05252E-02 -4.81000E-02  3.00000E-01  4.13048E-02  0.00000E+00  3.00000E-01
      92  1.52209E-03  1.57042E-03  5.88475E+00 -1.66190E+00  4.87370E+00  1.51050E+02  1.34958E+02  5.21500E+00 -2.27393E-03  2.30000E-03  3.00000E-01  3.00497E-02  0.00000E+00  3.00000E-01
      93  3.71651E-03  3.36769E-03  4.44680E+01  4.55340E+01  2.66940E+00  1.99772E+02  1.84950E+02  2.80100E+00  2.53990E-03 -6.36000E-02  3.00000E-01  4.70207E-02  0.00000E+00  3.00000E-01
      94  1.90190E-03  1.76637E-03  4.15803E+01  3.67685E+01  3.88200E+00  1.90147E+02  1.70325E+02  3.90010E+00  2.31946E-03 -5.14000E-02  3.00000E-01  2.99399E-02  0.00000E+00  3.00000E-01
      95  3.04395E-03  2.70899E-03  1.49057E+01  4.09800E+00  6.29160E+00  1.53957E+02  1.28315E+02  5.83360E+00  1.01517E-02 -5.70000E-03  3.00000E-01  8.41500E-02  0.00000E+00  3.00000E-01
      96  1.03871E-02  9.48351E-03  5.48010E+01  4.96517E+01  1.89490E+00  2.07514E+02  2.04868E+02  1.86230E+00 -3.22747E-02 -6.94000E-02  3.00000E-01  3.93310E-02  0.00000E+00  3.00000E-01
      97  1.03463E-03  1.05851E-03  2.92453E+01  2.43638E+01  5.29040E+00  1.63153E+02  1.54438E+02  5.63680E+00 -2.05583E-02 -3.40000E-02  3.00000E-01  2.31652E-02  0.00000E+00  3.00000E-01
      98  1.23028E-03  1.26586E-03  3.05539E+01  2.19635E+01  3.75400E+00  1.68616E+02  1.45756E+02  4.26770E+00  2.14770E-03 -3.07000E-02  3.00000E-01  2.00696E-02  0.00000E+00  3.00000E-01
      99  3.95646E-03  3.62957E-03  5.52874E+01  3.90104E+01  2.31750E+00  2.09512E+02  2.06014E+02  2.31160E+00 -1.66289E-02 -5.45000E-02  3.00000E-01  3.56969E-02  0.00000E+00  3.00000E-01
     100  3.63803E-03  3.32710E-03  6.16997E+01  5.93916E+01  2.64100E+00  2.14394E+02  1.79503E+02  2.60000E+00 -2.29642E-02 -8.30000E-02  3.00000E-01  2.88262E-02  0.00000E+00  3.00000E-01
     101  4.40999E-03  4.21202E-03  6.82716E+01  5.56762E+01  3.02470E+00  2.07300E+02  1.67626E+02  3.00050E+00 -4.16538E-02 -7.78000E-02  3.00000E-01  6.88008E-03  0.00000E+00  3.00000E-01
     102  4.65093E-03  4.23061E-03  6.21434E+01  6.41298E+01  3.00430E+00  2.12577E+02  1.84157E+02  2.87750E+00 -4.30074E-02 -8.96000E-02  3.00000E-01  3.67841E-02  0.00000E+00  3.00000E-01
     103  1.23156E-03  1.26932E-03  4.51896E+01  3.85853E+01  5.73760E+00  1.72922E+02  1.61140E+02  6.70480E+00 -2.86219E-02 -5.39000E-02  3.00000E-01  2.04336E-02  0.00000E+00  3.00000E-01
     104  9.85493E-03  9.28335E-03  3.03817E+01  2.30641E+01  9.59970E+00  1.55607E+02  1.07645E+02  9.74700E+00 -1.77844E-03 -3.22000E-02  3.00000E-01 -3.64293E-02  0.00000E+00  3.00000E-01
     105  2.76917E-03  2.81751E-03  4.02784E+01  3.67031E+01  5.26070E+00  1.55034E+02  1.39582E+02  5.24910E+00 -4.59302E-03 -5.13000E-02  3.00000E-01  3.89324E-02  0.00000E+00  3.00000E-01
     106  2.08762E-03  1.98589E-03  6.21438E+01  4.92578E+01  3.20750E+00  1.99735E+02  1.70370E+02  3.17090E+00 -2.44616E-02 -6.88000E-02  3.00000E-01  2.65273E-02  0.00000E+00  3.00000E-01
     107  1.39072E-03  1.42888E-03  6.45173E+01  4.86514E+01  5.14740E+00  1.76552E+02  1.61512E+02  5.38590E+00 -6.03011E-02 -6.80000E-02  3.00000E-01  2.80199E-02  0.00000E+00  3.00000E-01
     108  5.58888E-03  5.28891E-03  8.17579E+01  7.60691E+01  2.84590E+00  2.17762E+02  1.68728E+02  3.07360E+00 -9.94745E-02 -1.06300E-01  3.00000E-01 -3.31708E-03  0.00000E+00  3.00000E-01
     109  1.59959E-03  1.64826E-03  4.46894E+01  3.12237E+01  4.52500E+00  1.50805E+02  1.28783E+02  4.74540E+00 -2.35472E-02 -4.36000E-02  3.00000E-01  3.29497E-02  0.00000E+00  3.00000E-01
     110  2.41046E-03  2.34109E-03  7.40825E+01  6.05916E+01  2.90940E+00  2.09502E+02  1.76118E+02  3.11640E+00 -5.86314E-02 -8.47000E-02  3.00000E-01  9.59877E-03  0.00000E+00  3.00000E-01
     111  3.22140E-03  2.93954E-03  8.01595E+01  6.87448E+01  2.57530E+00  2.22748E+02  1.75875E+02  2.77020E+00 -8.59888E-02 -9.60000E-02  3.00000E-01 -5.06167E-03  0.00000E+00  3.00000E-01
     112  2.65505E-03  2.71987E-03  6.23231E+01  5.27820E+01  4.76920E+00  1.57182E+02  1.32920E+02  4.55460E+00 -4.68252E-02 -7.37000E-02  3.00000E-01  3.21754E-02  0.00000E+00  3.00000E-01
     113  2.47299E-03  2.44038E-03  8.07580E+01  6.44952E+01  3.38250E+00  2.14019E+02  1.68797E+02  3.75640E+00 -9.98591E-02 -9.01000E-02  3.00000E-01  2.20798E-03  0.00000E+00  3.00000E-01
     114  1.47074E-03  1.56381E-03  7.90962E+01  6.09376E+01  3.68380E+00  1.89094E+02  1.44153E+02  4.23210E+00 -1.03988E-01 -8.51000E-02  3.00000E-01  1.78861E-02  0.00000E+00  3.00000E-01
     115  2.41210E-03  2.58903E-03  7.43557E+01  6.14871E+01  2.71850E+00  1.70083E+02  1.61346E+02  3.10260E+00 -9.83354E-02 -8.59000E-02  3.00000E-01  4.12964E-02  0.00000E+00  3.00000E-01
     116  4.85924E-03  4.44761E-03  5.29493E+01  2.17985E+01  7.38860E+00  1.81310E+02  1.05102E+02  7.90260E+00 -3.90705E-02 -3.05000E-02  3.00000E-01 -4.24052E-02  0.00000E+00  3.00000E-01
     117  2.10040E-03  2.13466E-03  7.85728E+01  6.88558E+01  4.02080E+00  2.11304E+02  1.48397E+02  3.99660E+00 -1.11248E-01 -9.62000E-02  3.00000E-01 -1.46985E-02  0.00000E+00  3.00000E-01
     118  2.68487E-03  2.90483E-03  7.01407E+01  5.92784E+01  5.08820E+00  1.60389E+02  1.31205E+02  5.16520E+00 -9.35805E-02 -8.28000E-02  3.00000E-01  3.03829E-02  0.00000E+00  3.00000E-01
     119  1.60547E-03  1.73050E-03  7.98669E+01  7.26749E+01  2.99110E+00  1.93623E+02  1.64762E+02  3.44310E+00 -1.16172E-01 -1.01500E-01  3.00000E-01  1.53530E-02  0.00000E+00  3.00000E-01
     120  8.03854E-03  7.15604E-03  6.24808E+01  5.09015E+01  5.64670E+00  1.85372E+02  1.16348E+02  5.83170E+00 -2.92226E-02 -7.11000E-02  3.00000E-01 -2.65929E-02  0.00000E+00  3.00000E-01
     121  2.27257E-03  2.26764E-03  8.82359E+01  7.61701E+01  3.84970E+00  2.09728E+02  1.60800E+02  3.58570E+00 -1.47800E-01 -1.06400E-01  3.00000E-01 -7.67970E-03  0.00000E+00  3.00000E-01
     122  2.83506E-03  3.24666E-03  7.87509E+01  8.27018E+01  3.09000E+00  1.88833E+02  1.44534E+02  3.77070E+00 -1.60016E-01 -1.15500E-01  3.00000E-01  2.78664E-03  0.00000E+00  3.00000E-01
     123  3.41115E-03  3.68265E-03  8.74183E+01  8.16806E+01  2.73720E+00  1.87637E+02  1.52411E+02  2.86250E+00 -1.70840E-01 -1.14100E-01  3.00000E-01  1.43494E-02  0.00000E+00  3.00000E-01
     124  2.93032E-03  3.25327E-03  8.48357E+01  8.51497E+01  2.39760E+00  1.86707E+02  1.62344E+02  2.28950E+00 -1.50357E-01 -1.19000E-01  3.00000E-01  1.86516E-02  0.00000E+00  3.00000E-01
     125  1.92749E-03  2.02607E-03  9.21423E+01  8.14300E+01  3.54520E+00  1.91535E+02  1.60441E+02  3.61190E+00 -1.73063E-01 -1.13800E-01  3.00000E-01  1.89782E-02  0.00000E+00  3.00000E-01
     126  1.65095E-03  1.81719E-03  8.85232E+01  9.10898E+01  3.34400E+00  1.88777E+02  1.61695E+02  3.60620E+00 -1.84570E-01 -1.27300E-01  3.00000E-01  1.23377E-02  0.00000E+00  3.00000E-01
     127  1.05965E-03  1.19207E-03  8.11874E+01  7.22056E+01  4.37510E+00  1.66571E+02  1.27268E+02  4.80780E+00 -1.62546E-01 -1.00900E-01  3.00000E-01  4.55856E-02  0.00000E+00  3.00000E-01
     128  1.14797E-03  1.32104E-03  8.27067E+01  7.95708E+01  3.64480E+00  1.72951E+02  1.44946E+02  4.05920E+00 -1.62212E-01 -1.11200E-01  3.00000E-01  3.73895E-02  0.00000E+00  3.00000E-01
     129  4.85228E-03  4.46455E-03  8.42093E+01  8.53516E+01  4.42960E+00  1.75739E+02  1.15338E+02  5.08700E+00 -5.48604E-02 -1.19300E-01  3.00000E-01  6.95913E-03  0.00000E+00  3.00000E-01
     130  3.67954E-03  3.14239E-03  5.25322E+01  5.04692E+01  5.06090E+00  1.72674E+02  1.17951E+02  5.57950E+00 -8.71687E-03 -7.05000E-02  3.00000E-01  3.73848E-02  0.00000E+00  3.00000E-01
     131  2.72557E-03  2.91993E-03  9.54873E+01  9.52033E+01  3.35160E+00  1.67545E+02  1.44592E+02  3.36560E+00 -1.88010E-01 -1.33000E-01  3.00000E-01  6.42607E-02  0.00000E+00  3.00000E-01
     132  2.89686E-03  2.89452E-03  8.83013E+01  9.59976E+01  4.33880E+00  1.66021E+02  1.25222E+02  4.68940E+00 -1.25165E-01 -1.34100E-01  3.00000E-01  5.23570E-02  0.00000E+00  3.00000E-01
     133  6.10500E-03  5.69902E-03  8.83583E+01  8.64738E+01  4.31310E+00  1.84308E+02  1.08404E+02  4.79760E+00 -4.47090E-02 -1.20800E-01  3.00000E-01 -3.62792E-02  0.00000E+00  3.00000E-01
     134  1.26100E-03  1.35821E-03  9.00118E+01  9.18239E+01  4.08350E+00  1.65921E+02  1.37606E+02  4.08200E+00 -1.70811E-01 -1.28300E-01  3.00000E-01  5.17501E-02  0.00000E+00  3.00000E-01
     135  1.12874E-02  1.13784E-02  7.56335E+01  9.52826E+01  8.11970E+00  1.47631E+02  1.02093E+02  6.80250E+00 -2.32492E-02 -1.33100E-01  3.00000E-01  1.04959E-02  0.00000E+00  3.00000E-01
     136  1.25680E-03  1.37771E-03  8.73153E+01  9.20753E+01  3.96280E+00  1.71786E+02  1.46072E+02  3.57010E+00 -1.69762E-01 -1.28600E-01  3.00000E-01  3.52969E-02  0.00000E+00  3.00000E-01
     137  2.45765E-03  2.44979E-03  9.53751E+01  9.12632E+01  3.29800E+00  1.58756E+02  1.39211E+02  3.28030E+00 -1.55783E-01 -1.27500E-01  3.00000E-01  8.28798E-02  0.00000E+00  3.00000E-01
     138  3.20993E-03  3.21039E-03  8.16993E+01  8.24222E+01  3.56590E+00  1.67228E+02  1.26230E+02  3.92700E+00 -1.15456E-01 -1.15200E-01  3.00000E-01  3.98818E-02  0.00000E+00  3.00000E-01
     139  3.14311E-03  2.70875E-03  1.02472E+02  9.89743E+01  3.80460E+00  1.83021E+02  1.11957E+02  3.76270E+00 -5.67890E-02 -1.38300E-01  3.00000E-01 -5.75187E-03  0.00000E+00  3.00000E-01
     140  2.16173E-03  1.93049E-03  9.35256E+01  9.70276E+01  4.30390E+00  1.54897E+02  1.29884E+02  4.05950E+00 -6.53936E-02 -1.35600E-01  3.00000E-01  7.55197E-02  0.00000E+00  3.00000E-01
     141  2.81751E-03  2.44567E-03  8.87773E+01  1.05362E+02  4.43740E+00  1.64814E+02  1.25949E+02  4.98880E+00 -6.89354E-02 -1.47200E-01  3.00000E-01  5.57057E-02  0.00000E+00  3.00000E-01
     142  7.38167E-03  6.49411E-03  1.26555E+02  1.30449E+02  4.55590E+00  1.79331E+02  1.11069E+02  4.77790E+00 -8.20843E-02 -1.82300E-01  3.00000E-01 -5.86323E-03  0.00000E+00  3.00000E-01
     143  4.25213E-03  3.34247E-03  1.27231E+02  1.22448E+02  4.22050E+00  1.85080E+02  1.22967E+02  4.61680E+00 -1.09165E-02 -1.71100E-01  3.00000E-01  5.25003E-03  0.00000E+00  3.00000E-01
     144  1.36557E-02  1.44543E-02  5.94799E+01  1.42943E+02  7.38560E+00  8.86011E+01  8.77775E+01  7.51160E+00 -5.11101E-04 -1.99700E-01  3.00000E-01  1.74464E-02  0.00000E+00  3.00000E-01
     145  9.71084E-04  7.69552E-04  9.86159E+01  1.05273E+02  4.89950E+00  1.62834E+02  1.22078E+02  5.21350E+00  5.84789E-03 -1.47100E-01  3.00000E-01  6.81089E-02  0.00000E+00  3.00000E-01
     146  5.73162E-03  5.10144E-03  1.25898E+02  1.17864E+02  3.54300E+00  1.80359E+02  1.11039E+02  3.97860E+00 -5.79216E-02 -1.64700E-01  3.00000E-01 -1.28800E-02  0.00000E+00  3.00000E-01
     147  2.53145E-03  1.89123E-03  1.33400E+02  1.16630E+02  4.58890E+00  1.90163E+02  1.15629E+02  5.27200E+00  3.05960E-02 -1.63000E-01  3.00000E-01  1.58981E-02  0.00000E+00  3.00000E-01
     148  7.57355E-03  6.41467E-03  1.80133E+02  1.38060E+02  4.37150E+00  1.84215E+02  1.11025E+02  4.52190E+00 -9.53045E-02 -1.92900E-01  3.00000E-01 -2.34386E-02  0.00000E+00  3.00000E-01
     149  1.86381E-02  2.00702E-02  1.18167E+02  1.84203E+02  4.12540E+00  1.17498E+02  8.31491E+01  4.92460E+00 -9.32045E-02 -2.57400E-01  3.00000E-01  4.84651E-02  0.00000E+00  3.00000E-01
     150  1.36023E-02  1.26115E-02  1.54449E+02  1.49848E+02  3.14210E+00  1.61090E+02  9.61340E+01  3.36050E+00 -6.84800E-02 -2.09400E-01  3.00000E-01  2.52768E-02  0.00000E+00  3.00000E-01
     151  1.70417E-02  1.87137E-02  7.50985E+01  1.40762E+02  4.94690E+00  1.13739E+02  8.62257E+01  5.18530E+00 -5.29830E-02 -1.96700E-01  3.00000E-01  3.40917E-02  0.00000E+00  3.00000E-01
     152  2.83714E-02  2.37292E-02  8.09632E+01  2.05386E+02  3.59980E+00  1.13821E+02  6.31672E+01  4.93640E+00  7.11419E-02 -2.87000E-01  3.00000E-01 -1.33260E-02  0.00000E+00  3.00000E-01
