 -5.31393E+17  1.25965E+16 -4.40897E+15  3.06752E+15  4.59147E+04
 -5.08947E+17  2.36878E+16  2.36998E+15  3.06190E+15  4.68363E+04
 -3.03838E+17 -7.20346E+15 -8.21764E+15  3.03586E+15  4.45851E+04
  3.36767E+15  2.37610E+16  3.36824E+17  3.10230E+15  4.48882E+04
  1.02233E+16  1.50242E+16  2.71531E+17  3.09464E+15  4.49910E+04
 -6.99758E+14  4.30281E+15  7.79474E+14  3.06015E+15  4.46771E+04
  5.30892E+15  3.78935E+15  5.48240E+17  3.14605E+15  4.56701E+04
 -4.45308E+15  8.23519E+15  4.64045E+17  3.14091E+15  4.56173E+04
 -1.88904E+15  1.17816E+15 -3.68678E+15  3.10060E+15  4.49389E+04
 -1.58799E+15  2.68510E+15  6.66670E+17  3.17439E+15  4.61303E+04
 -9.63855E+14  3.67033E+14  5.78420E+17  3.17133E+15  4.56895E+04
 -1.38696E+14  8.72169E+14 -5.42669E+15  3.11358E+15  4.57072E+04
 -2.16672E+18  7.66984E+14  2.96959E+15  8.87268E+15  7.36288E+04
 -1.96745E+18  1.10904E+17 -2.51122E+15  9.23977E+15  7.57008E+04
 -9.09541E+17  2.10105E+16 -5.79251E+14  1.04557E+16  6.68593E+04
  6.44526E+16  9.27422E+16  1.20952E+18  8.92753E+15  7.20673E+04
  3.85111E+16  8.51445E+16  1.04858E+18  9.44910E+15  7.02936E+04
  8.06499E+15  3.99054E+15  3.37045E+17  1.05840E+16  6.50367E+04
  2.79429E+16  3.51884E+16  1.98229E+18  9.00555E+15  7.22921E+04
 -1.45856E+15 -6.55094E+13  1.73367E+18  9.50918E+15  7.20981E+04
 -3.04223E+14  1.05107E+16  5.57117E+17  1.08255E+16  6.42523E+04
 -5.57331E+15  1.54655E+16  2.40591E+18  9.06491E+15  7.34061E+04
  2.06225E+15  3.98916E+14  2.11408E+18  9.60242E+15  7.17621E+04
  1.30446E+15  5.29558E+14  6.82501E+17  1.09976E+16  6.42720E+04
 -6.27367E+18  3.18174E+17  2.10508E+16  2.90642E+16  6.36118E+04
 -5.67877E+18 -8.62723E+13 -2.79222E+15  3.02538E+16  6.04786E+04
 -2.69558E+18 -2.25790E+14 -2.77297E+15  3.40622E+16  5.93658E+04
 -4.72672E+16  2.35411E+17  3.65570E+18  2.94222E+16  6.04373E+04
  9.87827E+16  7.99114E+16  3.10025E+18  3.05197E+16  5.99147E+04
 -1.76814E+16  2.52932E+16  9.70717E+17  3.46161E+16  5.91572E+04
 -4.66460E+16  4.38513E+16  5.97706E+18  3.00121E+16  6.09019E+04
  3.52776E+16  2.74050E+16  5.13707E+18  3.15210E+16  5.93080E+04
  2.99135E+15  3.77215E+15  1.68458E+18  3.58198E+16  5.83855E+04
  8.95428E+15  3.60286E+15  7.31700E+18  3.04791E+16  6.03317E+04
  7.42768E+15  2.90456E+15  6.38664E+18  3.20800E+16  5.90886E+04
  2.03456E+15  2.42645E+15  2.13217E+18  3.65130E+16  5.79317E+04
 -1.94769E+19  6.47484E+17  1.37526E+17  1.01717E+17  4.73879E+04
 -1.75192E+19  4.47649E+16 -5.21944E+16  1.04345E+17  4.65433E+04
 -7.77473E+18 -1.03649E+15  5.93338E+15  1.15556E+17  4.81549E+04
  1.94829E+17  7.84907E+17  1.09373E+19  1.02602E+17  4.53416E+04
  2.39151E+16  6.99980E+17  9.42906E+18  1.05347E+17  4.59503E+04
  4.34979E+16  9.72437E+16  3.09355E+18  1.16958E+17  4.80619E+04
 -8.13873E+16  2.75451E+17  1.80538E+19  1.03846E+17  4.63567E+04
  6.84293E+16  2.12369E+17  1.57539E+19  1.06936E+17  4.66323E+04
 -1.40587E+16  4.30883E+16  5.27920E+18  1.19389E+17  4.83932E+04
 -3.39691E+16  2.84529E+16  2.22195E+19  1.04784E+17  4.71935E+04
 -1.30581E+16  3.50174E+15  1.95108E+19  1.08408E+17  4.75244E+04
  4.74996E+15  9.42089E+15  6.65186E+18  1.21157E+17  4.85727E+04
 -7.56446E+19  3.42591E+18  1.92533E+18  3.63827E+17  5.30490E+04
 -6.61615E+19  7.93868E+18  5.10906E+17  3.70303E+17  5.59457E+04
 -2.56047E+19  4.36751E+16  7.20179E+16  3.98643E+17  5.21989E+04
  5.76858E+18  9.67057E+18  3.95847E+19  3.63593E+17  4.76495E+04
 -3.84485E+18  2.95079E+18  3.53769E+19  3.70464E+17  5.24203E+04
 -5.71209E+17  7.16141E+17  1.24074E+19  3.99136E+17  5.25315E+04
  7.46485E+17  1.83174E+17  6.63431E+19  3.62944E+17  5.06473E+04
  3.12231E+17  4.25349E+16  5.86573E+19  3.70274E+17  5.11925E+04
 -5.24620E+16  3.94697E+17  2.04502E+19  4.00372E+17  5.21134E+04
 -9.85248E+16  2.33898E+16  8.04315E+19  3.61855E+17  5.17656E+04
 -2.21218E+17  4.73555E+17  7.09122E+19  3.70614E+17  5.17199E+04
 -3.49192E+16  2.04455E+16  2.46412E+19  4.01382E+17  5.30119E+04
