        1121
     1   9.999999E-01   9.999999E-01   5.134246E-08
     2   4.138433E-04   4.353129E-04   4.138433E-06
     3   4.138339E-04   4.325987E-04   4.138339E-06
     4   4.138177E-04   4.367414E-04   4.138177E-06
     5   4.137989E-04   4.352150E-04   4.137989E-06
     6   4.137826E-04   4.639334E-04   4.137826E-06
     7   4.137732E-04   4.172543E-04   4.137732E-06
     8   1.251647E-03   1.016416E-03   1.251647E-05
     9   1.251509E-03   1.039687E-03   1.251509E-05
    10   1.251270E-03   1.038619E-03   1.251270E-05
    11   1.250994E-03   1.063779E-03   1.250994E-05
    12   1.250756E-03   1.209831E-03   1.250756E-05
    13   1.250618E-03   1.124731E-03   1.250618E-05
    14   2.103932E-03   2.209763E-03   2.103932E-05
    15   2.103367E-03   2.179095E-03   2.103367E-05
    16   2.102387E-03   2.182419E-03   2.102387E-05
    17   2.101257E-03   2.130798E-03   2.101257E-05
    18   2.100279E-03   2.366007E-03   2.100279E-05
    19   2.099714E-03   2.298037E-03   2.099714E-05
    20   2.928121E-03   3.103403E-03   2.928121E-05
    21   2.926763E-03   3.031359E-03   2.926763E-05
    22   2.924411E-03   3.216900E-03   2.924411E-05
    23   2.921700E-03   3.209288E-03   2.921700E-05
    24   2.919355E-03   3.166911E-03   2.919355E-05
    25   2.918002E-03   3.121754E-03   2.918002E-05
    26   3.616111E-03   3.622674E-03   3.616111E-05
    27   3.613784E-03   3.526983E-03   3.613784E-05
    28   3.609759E-03   3.654978E-03   3.609759E-05
    29   3.605119E-03   3.683118E-03   3.605119E-05
    30   3.601108E-03   3.452795E-03   3.601108E-05
    31   3.598795E-03   3.356334E-03   3.598795E-05
    32   4.017533E-03   4.174412E-03   4.017533E-05
    33   4.014512E-03   4.037783E-03   4.014512E-05
    34   4.009290E-03   4.136017E-03   4.009290E-05
    35   4.003271E-03   4.260810E-03   4.003271E-05
    36   3.998070E-03   4.216647E-03   3.998070E-05
    37   3.995072E-03   4.201914E-03   3.995072E-05
    38   1.179402E-04   1.300667E-04   1.179402E-06
    39   1.179370E-04   1.292246E-04   1.179370E-06
    40   1.179315E-04   1.342550E-04   1.179315E-06
    41   1.179252E-04   1.227306E-04   1.179252E-06
    42   1.179197E-04   1.197494E-04   1.179197E-06
    43   1.179166E-04   9.368254E-05   1.179166E-06
    44   3.601960E-04   3.463297E-04   3.601960E-06
    45   3.601470E-04   3.260834E-04   3.601470E-06
    46   3.600623E-04   3.323812E-04   3.600623E-06
    47   3.599645E-04   3.096605E-04   3.599645E-06
    48   3.598800E-04   3.674291E-04   3.598800E-06
    49   3.598311E-04   2.799017E-04   3.598311E-06
    50   6.181206E-04   6.417538E-04   6.181206E-06
    51   6.179007E-04   6.271215E-04   6.179007E-06
    52   6.175203E-04   6.190895E-04   6.175203E-06
    53   6.170818E-04   6.014308E-04   6.170818E-06
    54   6.167027E-04   6.368639E-04   6.167027E-06
    55   6.164840E-04   5.721292E-04   6.164840E-06
    56   8.870332E-04   9.383094E-04   8.870332E-06
    57   8.864429E-04   9.855961E-04   8.864429E-06
    58   8.854227E-04   9.783425E-04   8.854227E-06
    59   8.842480E-04   9.402644E-04   8.842480E-06
    60   8.832336E-04   9.683361E-04   8.832336E-06
    61   8.826491E-04   9.144102E-04   8.826491E-06
    62   1.132344E-03   1.123168E-03   1.132344E-05
    63   1.131224E-03   1.083923E-03   1.131224E-05
    64   1.129291E-03   1.071331E-03   1.129291E-05
    65   1.127068E-03   1.040879E-03   1.127068E-05
    66   1.125150E-03   1.103815E-03   1.125150E-05
    67   1.124046E-03   1.045205E-03   1.124046E-05
    68   1.286233E-03   1.348891E-03   1.286233E-05
    69   1.284689E-03   1.314453E-03   1.284689E-05
    70   1.282024E-03   1.290779E-03   1.282024E-05
    71   1.278961E-03   1.237225E-03   1.278961E-05
    72   1.276321E-03   1.288343E-03   1.276321E-05
    73   1.274801E-03   1.309370E-03   1.274801E-05
    74   2.035029E-04   2.020277E-04   2.035029E-06
    75   2.034987E-04   1.965139E-04   2.034987E-06
    76   2.034914E-04   2.384984E-04   2.034914E-06
    77   2.034829E-04   2.000385E-04   2.034829E-06
    78   2.034756E-04   2.394802E-04   2.034756E-06
    79   2.034714E-04   1.793838E-04   2.034714E-06
    80   6.197584E-04   5.118545E-04   6.197584E-06
    81   6.196961E-04   5.004871E-04   6.196961E-06
    82   6.195882E-04   5.604110E-04   6.195882E-06
    83   6.194636E-04   5.445670E-04   6.194636E-06
    84   6.193557E-04   8.278494E-04   6.193557E-06
    85   6.192935E-04   5.799891E-04   6.192935E-06
    86   1.054406E-03   1.046713E-03   1.054406E-05
    87   1.054147E-03   1.086603E-03   1.054147E-05
    88   1.053699E-03   1.068815E-03   1.053699E-05
    89   1.053182E-03   9.720988E-04   1.053182E-05
    90   1.052735E-03   1.184253E-03   1.052735E-05
    91   1.052477E-03   1.060445E-03   1.052477E-05
    92   1.488242E-03   1.465240E-03   1.488242E-05
    93   1.487611E-03   1.505496E-03   1.487611E-05
    94   1.486519E-03   1.572469E-03   1.486519E-05
    95   1.485260E-03   1.507928E-03   1.485260E-05
    96   1.484171E-03   1.577639E-03   1.484171E-05
    97   1.483543E-03   1.439633E-03   1.483543E-05
    98   1.860852E-03   1.852381E-03   1.860852E-05
    99   1.859754E-03   1.951482E-03   1.859754E-05
   100   1.857854E-03   1.839006E-03   1.857854E-05
   101   1.855665E-03   1.763624E-03   1.855665E-05
   102   1.853772E-03   1.877092E-03   1.853772E-05
   103   1.852680E-03   1.796727E-03   1.852680E-05
   104   2.082595E-03   2.184801E-03   2.082595E-05
   105   2.081154E-03   2.154973E-03   2.081154E-05
   106   2.078661E-03   2.136319E-03   2.078661E-05
   107   2.075789E-03   2.015947E-03   2.075789E-05
   108   2.073307E-03   2.165946E-03   2.073307E-05
   109   2.071877E-03   2.145646E-03   2.071877E-05
   110   2.830502E-04   2.033460E-04   2.830502E-06
   111   2.830409E-04   2.016327E-04   2.830409E-06
   112   2.830248E-04   1.910428E-04   2.830248E-06
   113   2.830062E-04   1.855398E-04   2.830062E-06
   114   2.829902E-04   1.942898E-04   2.829902E-06
   115   2.829809E-04   1.747499E-04   2.829809E-06
   116   8.858177E-04   4.248214E-04   8.858177E-06
   117   8.856723E-04   4.413401E-04   8.856723E-06
   118   8.854206E-04   4.351077E-04   8.854206E-06
   119   8.851302E-04   3.498366E-04   8.851302E-06
   120   8.848788E-04   3.762283E-04   8.848788E-06
   121   8.847338E-04   3.960180E-04   8.847338E-06
   122   1.586662E-03   9.786965E-04   1.586662E-05
   123   1.586001E-03   9.844706E-04   1.586001E-05
   124   1.584856E-03   9.895146E-04   1.584856E-05
   125   1.583536E-03   9.623292E-04   1.583536E-05
   126   1.582394E-03   9.906160E-04   1.582394E-05
   127   1.581736E-03   8.815995E-04   1.581736E-05
   128   2.392286E-03   1.847021E-03   2.392286E-05
   129   2.390496E-03   1.735837E-03   2.390496E-05
   130   2.387399E-03   1.737457E-03   2.387399E-05
   131   2.383832E-03   1.812457E-03   2.383832E-05
   132   2.380750E-03   1.722564E-03   2.380750E-05
   133   2.378973E-03   1.697342E-03   2.378973E-05
   134   3.184156E-03   1.861398E-03   3.184156E-05
   135   3.180754E-03   1.921973E-03   3.180754E-05
   136   3.174874E-03   1.858484E-03   3.174874E-05
   137   3.168105E-03   1.835123E-03   3.168105E-05
   138   3.162261E-03   1.864764E-03   3.162261E-05
   139   3.158894E-03   1.812055E-03   3.158894E-05
   140   3.702235E-03   2.947203E-03   3.702235E-05
   141   3.697547E-03   2.949165E-03   3.697547E-05
   142   3.689447E-03   2.993837E-03   3.689447E-05
   143   3.680126E-03   2.795403E-03   3.680126E-05
   144   3.672082E-03   2.973377E-03   3.672082E-05
   145   3.667450E-03   2.874185E-03   3.667450E-05
   146   2.543101E-04   3.709231E-04   2.543101E-06
   147   2.543022E-04   3.649579E-04   2.543022E-06
   148   2.542885E-04   3.498468E-04   2.542885E-06
   149   2.542727E-04   3.295042E-04   2.542727E-06
   150   2.542591E-04   3.523010E-04   2.542591E-06
   151   2.542512E-04   3.432044E-04   2.542512E-06
   152   8.131548E-04   7.655299E-04   8.131548E-06
   153   8.130217E-04   6.906193E-04   8.130217E-06
   154   8.127912E-04   6.650174E-04   8.127912E-06
   155   8.125252E-04   7.395119E-04   8.125252E-06
   156   8.122951E-04   6.574050E-04   8.122951E-06
   157   8.121623E-04   5.316484E-04   8.121623E-06
   158   1.524913E-03   1.393107E-03   1.524913E-05
   159   1.524223E-03   1.400432E-03   1.524223E-05
   160   1.523028E-03   1.394188E-03   1.523028E-05
   161   1.521651E-03   1.352225E-03   1.521651E-05
   162   1.520461E-03   1.343411E-03   1.520461E-05
   163   1.519776E-03   1.252480E-03   1.519776E-05
   164   2.461103E-03   3.094360E-03   2.461103E-05
   165   2.458900E-03   3.337469E-03   2.458900E-05
   166   2.455093E-03   3.253579E-03   2.455093E-05
   167   2.450714E-03   3.057589E-03   2.450714E-05
   168   2.446935E-03   3.276113E-03   2.446935E-05
   169   2.444759E-03   3.276664E-03   2.444759E-05
   170   3.524551E-03   3.603349E-03   3.524551E-05
   171   3.519668E-03   3.628868E-03   3.519668E-05
   172   3.511241E-03   3.515173E-03   3.511241E-05
   173   3.501560E-03   3.559604E-03   3.501560E-05
   174   3.493220E-03   3.504127E-03   3.493220E-05
   175   3.488423E-03   3.484001E-03   3.488423E-05
   176   4.302413E-03   5.006532E-03   4.302413E-05
   177   4.295021E-03   4.641742E-03   4.295021E-05
   178   4.282277E-03   4.787366E-03   4.282277E-05
   179   4.267649E-03   4.667891E-03   4.267649E-05
   180   4.255058E-03   4.681429E-03   4.255058E-05
   181   4.247821E-03   4.515732E-03   4.247821E-05
   182   1.954665E-04   2.081339E-04   1.954665E-06
   183   1.954598E-04   1.916122E-04   1.954598E-06
   184   1.954481E-04   2.148236E-04   1.954481E-06
   185   1.954346E-04   2.351864E-04   1.954346E-06
   186   1.954229E-04   1.775255E-04   1.954229E-06
   187   1.954162E-04   1.869545E-04   1.954162E-06
   188   6.585436E-04   5.735881E-04   6.585436E-06
   189   6.584224E-04   5.808030E-04   6.584224E-06
   190   6.582126E-04   6.946536E-04   6.582126E-06
   191   6.579705E-04   6.733171E-04   6.579705E-06
   192   6.577609E-04   7.628658E-04   6.577609E-06
   193   6.576400E-04   5.414155E-04   6.576400E-06
   194   1.374547E-03   1.708448E-03   1.374547E-05
   195   1.373848E-03   1.649618E-03   1.373848E-05
   196   1.372639E-03   1.585623E-03   1.372639E-05
   197   1.371245E-03   1.697028E-03   1.371245E-05
   198   1.370040E-03   1.774959E-03   1.370040E-05
   199   1.369345E-03   1.523443E-03   1.369345E-05
   200   2.568026E-03   2.918059E-03   2.568026E-05
   201   2.565503E-03   2.912117E-03   2.565503E-05
   202   2.561144E-03   3.330077E-03   2.561144E-05
   203   2.556124E-03   3.063394E-03   2.556124E-05
   204   2.551789E-03   3.132019E-03   2.551789E-05
   205   2.549291E-03   2.787972E-03   2.549291E-05
   206   4.236435E-03   4.388005E-03   4.236435E-05
   207   4.230201E-03   4.444722E-03   4.230201E-05
   208   4.219433E-03   4.457002E-03   4.219433E-05
   209   4.207050E-03   4.268379E-03   4.207050E-05
   210   4.196369E-03   4.472020E-03   4.196369E-05
   211   4.190220E-03   4.198952E-03   4.190220E-05
   212   5.634805E-03   6.317589E-03   5.634805E-05
   213   5.624740E-03   6.078408E-03   5.624740E-05
   214   5.607367E-03   6.244267E-03   5.607367E-05
   215   5.587404E-03   5.861878E-03   5.587404E-05
   216   5.570198E-03   6.412835E-03   5.570198E-05
   217   5.560299E-03   6.197790E-03   5.560299E-05
   218   2.059078E-04   2.274396E-04   2.059078E-06
   219   2.059033E-04   2.324036E-04   2.059033E-06
   220   2.058954E-04   2.509317E-04   2.058954E-06
   221   2.058863E-04   2.022146E-04   2.058863E-06
   222   2.058785E-04   2.034115E-04   2.058785E-06
   223   2.058740E-04   2.028878E-04   2.058740E-06
   224   6.641715E-04   4.111354E-04   6.641715E-06
   225   6.640834E-04   3.956359E-04   6.640834E-06
   226   6.639310E-04   4.181492E-04   6.639310E-06
   227   6.637551E-04   3.015926E-04   6.637551E-06
   228   6.636029E-04   3.358686E-04   6.636029E-06
   229   6.635151E-04   2.477040E-04   6.635151E-06
   230   1.326672E-03   1.181190E-03   1.326672E-05
   231   1.326034E-03   1.230965E-03   1.326034E-05
   232   1.324931E-03   1.174270E-03   1.324931E-05
   233   1.323661E-03   1.157135E-03   1.323661E-05
   234   1.322564E-03   1.102024E-03   1.322564E-05
   235   1.321931E-03   1.114753E-03   1.321931E-05
   236   2.614676E-03   2.315457E-03   2.614676E-05
   237   2.611302E-03   2.310551E-03   2.611302E-05
   238   2.605478E-03   2.368305E-03   2.605478E-05
   239   2.598782E-03   2.329937E-03   2.598782E-05
   240   2.593010E-03   2.378372E-03   2.593010E-05
   241   2.589688E-03   2.330815E-03   2.589688E-05
   242   5.170303E-03   3.265731E-03   5.170303E-05
   243   5.157914E-03   3.189939E-03   5.157914E-05
   244   5.136558E-03   3.297042E-03   5.136558E-05
   245   5.112057E-03   3.151735E-03   5.112057E-05
   246   5.090975E-03   3.225342E-03   5.090975E-05
   247   5.078861E-03   3.019627E-03   5.078861E-05
   248   8.103191E-03   6.250593E-03   8.103191E-05
   249   8.077686E-03   6.020545E-03   8.077686E-05
   250   8.033755E-03   6.175439E-03   8.033755E-05
   251   7.983412E-03   5.948713E-03   7.983412E-05
   252   7.940145E-03   6.312730E-03   7.940145E-05
   253   7.915304E-03   5.778909E-03   7.915304E-05
   254   3.440806E-04   4.411565E-04   3.440806E-06
   255   3.440726E-04   4.429857E-04   3.440726E-06
   256   3.440587E-04   4.724639E-04   3.440587E-06
   257   3.440427E-04   3.720324E-04   3.440427E-06
   258   3.440288E-04   4.043577E-04   3.440288E-06
   259   3.440208E-04   3.954988E-04   3.440208E-06
   260   1.106521E-03   7.878494E-04   1.106521E-05
   261   1.106393E-03   8.264144E-04   1.106393E-05
   262   1.106170E-03   7.867757E-04   1.106170E-05
   263   1.105914E-03   6.488105E-04   1.105914E-05
   264   1.105692E-03   6.550619E-04   1.105692E-05
   265   1.105564E-03   4.634883E-04   1.105564E-05
   266   2.086773E-03   2.284873E-03   2.086773E-05
   267   2.086140E-03   2.323428E-03   2.086140E-05
   268   2.085046E-03   2.412016E-03   2.085046E-05
   269   2.083783E-03   2.201429E-03   2.083783E-05
   270   2.082690E-03   2.215673E-03   2.082690E-05
   271   2.082060E-03   2.129291E-03   2.082060E-05
   272   3.435282E-03   4.466690E-03   3.435282E-05
   273   3.432921E-03   4.427695E-03   3.432921E-05
   274   3.428843E-03   4.349054E-03   3.428843E-05
   275   3.424152E-03   4.377922E-03   3.424152E-05
   276   3.420105E-03   4.341145E-03   3.420105E-05
   277   3.417775E-03   4.196788E-03   3.417775E-05
   278   5.516561E-03   6.216359E-03   5.516561E-05
   279   5.506786E-03   5.944493E-03   5.506786E-05
   280   5.489975E-03   6.243614E-03   5.489975E-05
   281   5.470751E-03   5.687462E-03   5.470751E-05
   282   5.454261E-03   6.120311E-03   5.454261E-05
   283   5.444808E-03   5.528196E-03   5.444808E-05
   284   8.204352E-03   1.039922E-02   8.204352E-05
   285   8.177226E-03   1.004077E-02   8.177226E-05
   286   8.130709E-03   1.036073E-02   8.130709E-05
   287   8.077721E-03   1.014204E-02   8.077721E-05
   288   8.032452E-03   1.072761E-02   8.032452E-05
   289   8.006574E-03   9.962754E-03   8.006574E-05
   290   3.398981E-04   4.014596E-04   3.398981E-06
   291   3.398849E-04   4.558444E-04   3.398849E-06
   292   3.398620E-04   5.318564E-04   3.398620E-06
   293   3.398355E-04   3.384418E-04   3.398355E-06
   294   3.398126E-04   3.986361E-04   3.398126E-06
   295   3.397994E-04   3.681030E-04   3.397994E-06
   296   1.168649E-03   8.059730E-04   1.168649E-05
   297   1.168407E-03   9.008370E-04   1.168407E-05
   298   1.167988E-03   8.696685E-04   1.167988E-05
   299   1.167504E-03   8.264922E-04   1.167504E-05
   300   1.167085E-03   7.561768E-04   1.167085E-05
   301   1.166844E-03   4.437158E-04   1.166844E-05
   302   2.535576E-03   2.526561E-03   2.535576E-05
   303   2.534148E-03   2.853183E-03   2.534148E-05
   304   2.531676E-03   3.144806E-03   2.531676E-05
   305   2.528826E-03   2.518605E-03   2.528826E-05
   306   2.526362E-03   2.646711E-03   2.526362E-05
   307   2.524941E-03   2.560838E-03   2.524941E-05
   308   4.960604E-03   5.512397E-03   4.960604E-05
   309   4.955363E-03   5.782614E-03   4.955363E-05
   310   4.946303E-03   5.593196E-03   4.946303E-05
   311   4.935868E-03   5.573303E-03   4.935868E-05
   312   4.926852E-03   5.931583E-03   4.926852E-05
   313   4.921657E-03   5.672729E-03   4.921657E-05
   314   8.515558E-03   9.395004E-03   8.515558E-05
   315   8.502246E-03   8.259657E-03   8.502246E-05
   316   8.479255E-03   9.509381E-03   8.479255E-05
   317   8.452811E-03   8.273493E-03   8.452811E-05
   318   8.429999E-03   9.148028E-03   8.429999E-05
   319   8.416865E-03   7.814433E-03   8.416865E-05
   320   1.168005E-02   1.298196E-02   1.168005E-04
   321   1.165647E-02   1.238583E-02   1.165647E-04
   322   1.161584E-02   1.317592E-02   1.161584E-04
   323   1.156924E-02   1.242846E-02   1.156924E-04
   324   1.152916E-02   1.398584E-02   1.152916E-04
   325   1.150613E-02   1.183941E-02   1.150613E-04
   326   1.553985E-04   1.452937E-04   1.553985E-06
   327   1.553939E-04   1.640468E-04   1.553939E-06
   328   1.553859E-04   1.411966E-04   1.553859E-06
   329   1.553767E-04   1.694230E-04   1.553767E-06
   330   1.553687E-04   1.536818E-04   1.553687E-06
   331   1.553641E-04   2.053593E-04   1.553641E-06
   332   5.246542E-04   4.841220E-04   5.246542E-06
   333   5.245421E-04   5.868228E-04   5.245421E-06
   334   5.243482E-04   4.801361E-04   5.243482E-06
   335   5.241246E-04   5.604025E-04   5.241246E-06
   336   5.239312E-04   4.253322E-04   5.239312E-06
   337   5.238196E-04   3.035145E-04   5.238196E-06
   338   1.237258E-03   1.275020E-03   1.237258E-05
   339   1.236172E-03   1.211035E-03   1.236172E-05
   340   1.234297E-03   1.300028E-03   1.234297E-05
   341   1.232138E-03   1.414970E-03   1.232138E-05
   342   1.230275E-03   1.064071E-03   1.230275E-05
   343   1.229202E-03   1.155103E-03   1.229202E-05
   344   3.378844E-03   4.259951E-03   3.378844E-05
   345   3.371152E-03   4.322872E-03   3.371152E-05
   346   3.357888E-03   4.133933E-03   3.357888E-05
   347   3.342665E-03   4.398939E-03   3.342665E-05
   348   3.329560E-03   4.175562E-03   3.329560E-05
   349   3.322027E-03   4.189187E-03   3.322027E-05
   350   9.630829E-03   5.537371E-03   9.630829E-05
   351   9.591798E-03   5.534856E-03   9.591798E-05
   352   9.524671E-03   5.521978E-03   9.524671E-05
   353   9.447907E-03   5.767862E-03   9.447907E-05
   354   9.382067E-03   5.257991E-03   9.382067E-05
   355   9.344322E-03   5.215923E-03   9.344322E-05
   356   1.938855E-02   2.243736E-02   1.938855E-04
   357   1.928301E-02   2.228411E-02   1.928301E-04
   358   1.910194E-02   2.239303E-02   1.910194E-04
   359   1.889553E-02   2.232617E-02   1.889553E-04
   360   1.871906E-02   2.209193E-02   1.871906E-04
   361   1.861813E-02   2.201084E-02   1.861813E-04
   362   1.118719E-02   1.040543E-02   2.237438E-04
   363   5.701304E-03   5.477281E-03   1.140261E-04
   364   5.209374E-03   5.037971E-03   1.041875E-04
   365   3.638031E-03   3.304974E-03   7.276062E-05
   366   6.404468E-03   5.966207E-03   1.280894E-04
   367   1.844336E-03   1.972820E-03   3.688672E-05
   368   3.709114E-03   3.773318E-03   7.418228E-05
   369   3.716510E-03   3.336485E-03   7.433019E-05
   370   2.518294E-03   2.851250E-03   5.036589E-05
   371   3.562341E-03   3.476599E-03   7.124682E-05
   372   1.376420E-03   1.532788E-03   2.752839E-05
   373   1.302225E-02   1.210166E-02   2.604449E-04
   374   5.086731E-03   4.539430E-03   1.017346E-04
   375   1.064447E-02   1.042282E-02   2.128894E-04
   376   1.285141E-02   1.278649E-02   2.570282E-04
   377   2.636488E-03   2.713430E-03   5.272977E-05
   378   9.873560E-03   9.486655E-03   1.974712E-04
   379   1.535640E-03   1.431874E-03   3.071280E-05
   380   4.111067E-03   3.624303E-03   8.222135E-05
   381   4.096004E-03   4.087897E-03   8.192007E-05
   382   3.887665E-03   3.386327E-03   7.775329E-05
   383   1.023513E-02   1.000600E-02   2.047025E-04
   384   2.094854E-03   2.086029E-03   4.189708E-05
   385   7.168263E-03   6.877959E-03   1.433653E-04
   386   7.369448E-03   6.373435E-03   1.473890E-04
   387   1.036245E-02   1.012394E-02   2.072489E-04
   388   3.332118E-03   3.259500E-03   6.664236E-05
   389   1.261001E-03   1.351754E-03   2.522003E-05
   390   1.566815E-03   1.739709E-03   3.133630E-05
   391   3.476988E-03   2.946270E-03   6.953975E-05
   392   1.927492E-03   2.072773E-03   3.854983E-05
   393   1.034455E-02   1.023389E-02   2.068910E-04
   394   6.482766E-03   4.962934E-03   1.296553E-04
   395   3.293591E-03   3.102190E-03   6.587182E-05
   396   1.262959E-02   1.211454E-02   2.525917E-04
   397   1.325792E-03   1.463076E-03   2.651585E-05
   398   1.307184E-02   1.505896E-02   2.614368E-04
   399   5.209182E-03   4.090215E-03   1.041836E-04
   400   2.725570E-03   2.963512E-03   5.451141E-05
   401   1.273646E-02   9.781403E-03   2.547293E-04
   402   9.991806E-03   1.080046E-02   1.998361E-04
   403   6.424793E-03   5.921691E-03   1.284959E-04
   404   1.350663E-02   1.660785E-02   2.701326E-04
   405   3.013352E-03   2.273105E-03   6.026705E-05
   406   1.256803E-03   1.371625E-03   2.513607E-05
   407   1.650949E-03   1.804010E-03   3.301898E-05
   408   3.337900E-03   3.099480E-03   6.675800E-05
   409   4.745555E-03   4.719813E-03   9.491110E-05
   410   1.235833E-03   1.380524E-03   2.471667E-05
   411   1.694483E-03   1.855737E-03   3.388966E-05
   412   8.725576E-03   9.437627E-03   1.745115E-04
   413   3.850813E-03   3.537796E-03   7.701626E-05
   414   1.147973E-03   1.304769E-03   2.295945E-05
   415   2.586320E-03   2.439973E-03   5.172641E-05
   416   1.605471E-03   1.756748E-03   3.210943E-05
   417   2.410463E-03   2.296358E-03   4.820925E-05
   418   3.956459E-03   3.610884E-03   7.912919E-05
   419   7.334161E-03   6.934866E-03   1.466832E-04
   420   5.407697E-03   4.997079E-03   1.081539E-04
   421   1.008986E-03   1.115831E-03   2.017972E-05
   422   1.403111E-03   1.492667E-03   2.806223E-05
   423   2.087620E-03   1.941920E-03   4.175239E-05
   424   1.292623E-02   1.288132E-02   2.585247E-04
   425   3.361898E-03   3.012832E-03   6.723796E-05
   426   3.241457E-03   3.331302E-03   6.482913E-05
   427   1.622882E-02   1.548258E-02   3.245764E-04
   428   2.914416E-02   2.944814E-02   5.828833E-04
   429   1.287656E-02   1.248234E-02   2.575312E-04
   430   1.645070E-03   1.549988E-03   3.290140E-05
   431   6.081675E-03   5.456665E-03   1.216335E-04
   432   2.473586E-03   2.156653E-03   4.947173E-05
   433   9.355594E-03   8.478471E-03   1.871119E-04
   434   4.118656E-03   3.732743E-03   8.237313E-05
   435   3.887665E-03   3.404048E-03   7.775329E-05
   436   5.425307E-03   4.731019E-03   1.085061E-04
   437   1.285141E-02   1.284124E-02   2.570282E-04
   438   1.338775E-02   1.294048E-02   2.677550E-04
   439   9.138559E-03   5.843143E-03   1.827712E-04
   440   1.466686E-03   1.486512E-03   2.933372E-05
   441   1.230281E-03   1.217726E-03   2.460562E-05
   442   2.164850E-03   2.170098E-03   4.329701E-05
   443   1.715720E-03   1.557186E-03   3.431440E-05
   444   5.876696E-03   5.363603E-03   1.175339E-04
   445   2.395348E-03   2.086471E-03   4.790695E-05
   446   4.752106E-03   3.914521E-03   9.504212E-05
   447   1.186613E-03   1.135224E-03   2.373226E-05
   448   1.355002E-02   1.279202E-02   2.710003E-04
   449   3.184835E-03   2.775730E-03   6.369669E-05
   450   1.064447E-02   1.035863E-02   2.128894E-04
   451   1.535640E-03   1.434074E-03   3.071280E-05
   452   7.334161E-03   6.919891E-03   1.466832E-04
   453   1.522091E-03   1.536200E-03   3.044183E-05
   454   3.716510E-03   3.330487E-03   7.433019E-05
   455   1.901896E-03   1.755731E-03   3.803792E-05
   456   3.043952E-03   2.765477E-03   6.087904E-05
   457   1.038707E-02   9.686827E-03   2.077415E-04
   458   1.034628E-03   1.061778E-03   2.069256E-05
   459   1.230281E-03   1.196415E-03   2.460562E-05
   460   3.956459E-03   3.578384E-03   7.912919E-05
   461   3.638031E-03   3.282437E-03   7.276062E-05
   462   4.409992E-03   4.173759E-03   8.819983E-05
   463   4.650930E-03   4.252947E-03   9.301859E-05
   464   1.231562E-03   1.247419E-03   2.463124E-05
   465   9.854930E-03   9.296908E-03   1.970986E-04
   466   2.769166E-03   2.860168E-03   5.538331E-05
   467   2.087620E-03   1.997149E-03   4.175239E-05
   468   1.390723E-03   1.449347E-03   2.781447E-05
   469   5.588879E-03   5.375731E-03   1.117776E-04
   470   1.599592E-03   1.637579E-03   3.199184E-05
   471   2.410463E-03   2.337575E-03   4.820925E-05
   472   3.221398E-03   3.003870E-03   6.442796E-05
   473   2.655052E-03   2.749363E-03   5.310104E-05
   474   2.472990E-03   2.423751E-03   4.945980E-05
   475   1.470740E-03   1.590082E-03   2.941479E-05
   476   2.412098E-03   2.581174E-03   4.824195E-05
   477   4.859244E-03   4.278280E-03   9.718487E-05
   478   2.100401E-03   2.126056E-03   4.200802E-05
   479   2.684868E-03   2.882356E-03   5.369737E-05
   480   1.605471E-03   1.733006E-03   3.210943E-05
   481   8.038542E-03   7.390246E-03   1.607708E-04
   482   2.272565E-03   2.315480E-03   4.545130E-05
   483   2.835062E-03   3.214967E-03   5.670125E-05
   484   3.411151E-03   3.699090E-03   6.822303E-05
   485   2.930316E-03   3.223537E-03   5.860633E-05
   486   1.927492E-03   2.120879E-03   3.854983E-05
   487   1.650949E-03   1.834130E-03   3.301898E-05
   488   1.059652E-03   1.226228E-03   2.119304E-05
   489   1.147973E-03   1.314117E-03   2.295945E-05
   490   4.852275E-03   4.458308E-03   9.704551E-05
   491   3.679540E-03   3.244330E-03   7.359079E-05
   492   2.725570E-03   2.981221E-03   5.451141E-05
   493   2.896860E-03   2.829746E-03   5.793720E-05
   494   6.104997E-03   5.998581E-03   1.220999E-04
   495   1.261001E-03   1.329913E-03   2.522003E-05
   496   1.128739E-02   1.156087E-02   2.257477E-04
   497   1.256803E-03   1.374317E-03   2.513607E-05
   498   2.457652E-03   2.580232E-03   4.915305E-05
   499   3.209930E-03   3.215647E-03   6.419859E-05
   500   3.143110E-03   2.729914E-03   6.286221E-05
   501   2.161731E-03   1.996034E-03   4.323462E-05
   502   2.817515E-03   2.426865E-03   5.635030E-05
   503   7.381667E-03   6.564796E-03   1.476333E-04
   504   4.252131E-03   3.297427E-03   8.504262E-05
   505   1.365569E-02   1.479753E-02   2.731138E-04
   506   9.710843E-04   7.888112E-04   1.942169E-05
   507   5.731622E-03   5.070601E-03   1.146324E-04
   508   2.531445E-03   1.895417E-03   5.062890E-05
   509   7.573552E-03   6.683565E-03   1.514710E-04
   510   1.863807E-02   2.008270E-02   3.727614E-04
   511   1.360232E-02   1.294109E-02   2.720463E-04
   512   1.704174E-02   1.921498E-02   3.408349E-04
   513   2.837137E-02   2.444062E-02   5.674274E-04
   514   0.000000E+00   1.100616E-04   8.571999E-05
   515   0.000000E+00  -3.146244E-04   4.928760E-05
   516   0.000000E+00  -2.296209E-04   6.938575E-05
   517   0.000000E+00  -3.850541E-05   3.784845E-05
   518   0.000000E+00   1.348162E-05   5.833195E-05
   519   0.000000E+00  -1.529956E-04   3.567512E-05
   520   0.000000E+00  -1.857603E-04   4.791193E-05
   521   0.000000E+00   4.468470E-05   3.792972E-05
   522   0.000000E+00  -1.615273E-04   4.420725E-05
   523   0.000000E+00  -1.158029E-04   4.893610E-05
   524   0.000000E+00  -3.046032E-05   2.576351E-05
   525   0.000000E+00   3.809529E-04   8.947855E-05
   526   0.000000E+00   1.537290E-04   5.100023E-05
   527   0.000000E+00   1.865254E-04   7.263877E-05
   528   0.000000E+00   1.478228E-04   1.112597E-04
   529   0.000000E+00  -4.952258E-05   5.354117E-05
   530   0.000000E+00  -1.358868E-04   1.905779E-04
   531   0.000000E+00  -1.915519E-07   3.233695E-05
   532   0.000000E+00   2.038032E-05   4.774072E-05
   533   0.000000E+00  -1.106895E-04   7.106440E-05
   534   0.000000E+00   1.052546E-04   5.388827E-05
   535   0.000000E+00  -1.006926E-04   8.743535E-05
   536   0.000000E+00   8.037907E-05   3.275580E-05
   537   0.000000E+00  -1.712791E-04   4.587356E-04
   538   0.000000E+00  -1.722518E-04   3.185521E-04
   539   0.000000E+00   4.410275E-04   5.889728E-04
   540   0.000000E+00   1.044727E-05   7.864687E-05
   541   0.000000E+00  -4.108657E-05   2.646036E-05
   542   0.000000E+00  -1.104280E-04   2.638962E-05
   543   0.000000E+00   2.396799E-04   9.389042E-05
   544   0.000000E+00  -1.388063E-04   3.011639E-05
   545   0.000000E+00  -1.215362E-04   3.532326E-04
   546   0.000000E+00  -2.406939E-04   1.419297E-04
   547   0.000000E+00  -1.031903E-04   6.301965E-05
   548   0.000000E+00   1.536560E-03   3.330377E-04
   549   0.000000E+00  -8.611765E-05   2.572478E-05
   550   0.000000E+00   5.401626E-03   6.532966E-04
   551   0.000000E+00  -1.387844E-04   9.212542E-05
   552   0.000000E+00  -7.239747E-05   4.467353E-05
   553   0.000000E+00   1.099944E-02   8.249259E-04
   554   0.000000E+00   2.778146E-03   3.649289E-04
   555   0.000000E+00  -4.890735E-04   1.539804E-04
   556   0.000000E+00   7.673548E-03   6.346598E-04
   557   0.000000E+00   9.074996E-06   8.178753E-05
   558   0.000000E+00  -2.226554E-05   2.410946E-05
   559   0.000000E+00  -2.769393E-05   2.414284E-05
   560   0.000000E+00   7.404295E-05   6.979279E-05
   561   0.000000E+00  -3.361294E-04   5.179795E-05
   562   0.000000E+00   2.331940E-05   1.919544E-05
   563   0.000000E+00  -2.818900E-05   2.376196E-05
   564   0.000000E+00   2.584112E-04   3.452366E-04
   565   0.000000E+00  -1.608376E-04   3.292312E-05
   566   0.000000E+00  -1.516096E-05   2.041193E-05
   567   0.000000E+00  -1.324700E-05   6.110786E-05
   568   0.000000E+00  -3.389067E-05   2.060922E-05
   569   0.000000E+00  -1.072471E-04   2.815692E-05
   570   0.000000E+00  -2.125515E-04   3.147130E-05
   571   0.000000E+00   6.574819E-06   6.085316E-05
   572   0.000000E+00  -6.698262E-05   1.118133E-04
   573   0.000000E+00  -4.783461E-05   2.366837E-05
   574   0.000000E+00  -3.579290E-05   1.953068E-05
   575   0.000000E+00  -5.841624E-05   2.779137E-05
   576   0.000000E+00  -5.586517E-05   9.873027E-05
   577   0.000000E+00  -1.063044E-04   3.718324E-05
   578   0.000000E+00  -5.480614E-05   7.636247E-05
   579   0.000000E+00  -9.793499E-05   1.113851E-04
   580   0.000000E+00  -1.334537E-03   1.625447E-04
   581   0.000000E+00  -1.587433E-04   6.834563E-04
   582   0.000000E+00  -4.972723E-05   1.925692E-05
   583   0.000000E+00  -1.206613E-04   1.158571E-04
   584   0.000000E+00  -9.049544E-05   3.991710E-05
   585   0.000000E+00   1.484622E-04   7.434996E-05
   586   0.000000E+00   7.126531E-05   3.911121E-05
   587   0.000000E+00  -1.057765E-04   5.388827E-05
   588   0.000000E+00  -1.282497E-04   1.845522E-04
   589   0.000000E+00  -1.759731E-04   1.112597E-04
   590   0.000000E+00   5.802941E-03   8.013370E-04
   591   0.000000E+00   1.085250E-02   6.984900E-04
   592   0.000000E+00  -6.886425E-05   3.666105E-05
   593   0.000000E+00  -7.169692E-05   2.240563E-05
   594   0.000000E+00  -6.706088E-05   4.817192E-05
   595   0.000000E+00   2.297633E-06   3.031923E-05
   596   0.000000E+00  -3.266943E-04   5.235641E-05
   597   0.000000E+00  -1.652117E-05   3.690730E-05
   598   0.000000E+00   1.079382E-04   1.846210E-04
   599   0.000000E+00  -4.013391E-05   2.179130E-05
   600   0.000000E+00  -1.730420E-04   9.428622E-05
   601   0.000000E+00  -1.423548E-04   4.057387E-05
   602   0.000000E+00  -1.953179E-04   7.263877E-05
   603   0.000000E+00   1.358987E-05   3.233695E-05
   604   0.000000E+00  -1.179367E-05   6.085316E-05
   605   0.000000E+00   4.542595E-05   3.886744E-05
   606   0.000000E+00  -3.186845E-05   3.792972E-05
   607   0.000000E+00   1.458688E-05   3.065130E-05
   608   0.000000E+00   1.583330E-04   1.055374E-04
   609   0.000000E+00   1.412185E-04   6.793450E-05
   610   0.000000E+00   1.638994E-05   2.506130E-05
   611   0.000000E+00   5.630049E-05   2.240563E-05
   612   0.000000E+00   1.875019E-04   3.147130E-05
   613   0.000000E+00  -5.742402E-06   3.784845E-05
   614   0.000000E+00   1.206040E-04   5.626829E-05
   615   0.000000E+00  -4.823190E-06   5.365125E-05
   616   0.000000E+00   3.554870E-05   3.100760E-05
   617   0.000000E+00   2.418870E-04   6.214445E-04
   618   0.000000E+00   5.042233E-05   7.379859E-05
   619   0.000000E+00   7.064569E-05   2.779137E-05
   620   0.000000E+00   7.381457E-05   3.134071E-05
   621   0.000000E+00   1.914080E-04   6.665645E-05
   622   0.000000E+00   8.402470E-05   3.974242E-05
   623   0.000000E+00   9.633722E-05   2.815692E-05
   624   0.000000E+00   1.565063E-04   3.335440E-05
   625   0.000000E+00   6.165989E-05   6.736173E-05
   626   0.000000E+00   1.788573E-04   3.504132E-05
   627   0.000000E+00   1.059447E-04   2.657622E-05
   628   0.000000E+00   6.665150E-05   2.873763E-05
   629   0.000000E+00   2.721658E-04   2.415488E-04
   630   0.000000E+00   1.543785E-04   4.024154E-05
   631   0.000000E+00   1.052357E-04   7.362440E-05
   632   0.000000E+00   3.507093E-05   2.060922E-05
   633   0.000000E+00   3.714417E-04   2.758659E-04
   634   0.000000E+00   1.572459E-04   3.847177E-05
   635   0.000000E+00   8.940480E-05   4.285841E-05
   636   0.000000E+00   2.298567E-04   4.331878E-05
   637   0.000000E+00  -1.677026E-05   3.060131E-05
   638   0.000000E+00   1.507435E-04   3.011639E-05
   639   0.000000E+00   8.146539E-06   2.414284E-05
   640   0.000000E+00   7.509414E-05   2.575829E-05
   641   0.000000E+00   1.809325E-05   2.041193E-05
   642   0.000000E+00   2.196275E-05   1.317718E-04
   643   0.000000E+00  -9.998784E-06   1.116361E-04
   644   0.000000E+00   1.096839E-04   4.467353E-05
   645   0.000000E+00  -6.410381E-05   7.097436E-05
   646   0.000000E+00   2.874767E-04   1.717571E-04
   647   0.000000E+00   3.711660E-05   2.646036E-05
   648   0.000000E+00  -4.618863E-04   6.347788E-04
   649   0.000000E+00   5.298075E-06   2.410946E-05
   650   0.000000E+00   1.325964E-04   4.117016E-05
   651   0.000000E+00  -2.727899E-05   6.411905E-05
   652   0.000000E+00  -4.040113E-06   7.552702E-05
   653   0.000000E+00   6.712962E-05   5.065160E-05
   654   0.000000E+00  -9.502565E-05   7.019159E-05
   655   0.000000E+00   6.536755E-05   2.141020E-04
   656   0.000000E+00   4.242723E-05   1.031970E-04
   657   0.000000E+00  -6.667310E-03   8.124586E-04
   658   0.000000E+00   9.536802E-07   2.755854E-05
   659   0.000000E+00   3.739555E-04   1.293177E-04
   660   0.000000E+00   8.565493E-05   7.103876E-05
   661   0.000000E+00   7.784891E-04   2.108601E-04
   662   0.000000E+00  -7.344632E-03   6.538745E-04
   663   0.000000E+00   2.324538E-03   3.143698E-04
   664   0.000000E+00  -5.638918E-03   6.913460E-04
   665   0.000000E+00  -1.004205E-04   1.143279E-03
   666   0.000000E+00   4.410534E-04   8.502500E-05
   667   0.000000E+00   7.803166E-04   5.345402E-05
   668   0.000000E+00   8.380713E-04   7.063079E-05
   669   0.000000E+00   2.744526E-04   3.726087E-05
   670   0.000000E+00  -1.004087E-04   5.548086E-05
   671   0.000000E+00   2.726927E-04   3.610002E-05
   672   0.000000E+00   4.817767E-04   5.109268E-05
   673   0.000000E+00   7.765870E-05   3.979963E-05
   674   0.000000E+00   3.596900E-04   4.782883E-05
   675   0.000000E+00   1.579110E-04   5.004599E-05
   676   0.000000E+00   1.053352E-04   3.485687E-05
   677   0.000000E+00  -7.187537E-04   8.669034E-05
   678   0.000000E+00  -8.400514E-06   5.286713E-05
   679   0.000000E+00  -5.694118E-04   8.780515E-05
   680   0.000000E+00  -1.120072E-03   9.603366E-05
   681   0.000000E+00  -1.037071E-04   5.963232E-05
   682   0.000000E+00   1.006774E-03   1.995973E-04
   683   0.000000E+00   6.361914E-05   3.154722E-05
   684   0.000000E+00   8.955867E-05   4.713132E-05
   685   0.000000E+00  -5.441840E-05   7.136238E-05
   686   0.000000E+00  -2.845768E-05   4.633345E-05
   687   0.000000E+00  -6.348667E-04   8.080342E-05
   688   0.000000E+00   7.470647E-05   3.800434E-05
   689   0.000000E+00   1.040678E-03   4.553733E-04
   690   0.000000E+00   1.361411E-03   3.342714E-04
   691   0.000000E+00   9.567058E-04   5.170341E-04
   692   0.000000E+00   3.718125E-04   8.861092E-05
   693   0.000000E+00   8.135579E-05   2.645064E-05
   694   0.000000E+00   1.286921E-04   2.832537E-05
   695   0.000000E+00   3.337537E-04   1.000823E-04
   696   0.000000E+00   2.332217E-04   3.068300E-05
   697   0.000000E+00   2.300672E-03   3.578252E-04
   698   0.000000E+00   1.124720E-03   1.539400E-04
   699   0.000000E+00   2.186779E-04   6.082881E-05
   700   0.000000E+00   2.846414E-03   3.399691E-04
   701   0.000000E+00   5.505537E-05   2.538879E-05
   702   0.000000E+00   1.685939E-03   7.181558E-04
   703   0.000000E+00   7.608572E-04   1.031984E-04
   704   0.000000E+00   1.295058E-04   4.486014E-05
   705   0.000000E+00   2.904795E-03   9.890900E-04
   706   0.000000E+00   1.567329E-03   4.048614E-04
   707   0.000000E+00   1.619422E-03   1.716064E-04
   708   0.000000E+00   3.198108E-03   8.651080E-04
   709   0.000000E+00   4.791335E-04   8.641357E-05
   710   0.000000E+00   5.127622E-05   2.172030E-05
   711   0.000000E+00   7.378600E-05   2.603586E-05
   712   0.000000E+00   3.691947E-04   7.987421E-05
   713   0.000000E+00   7.098713E-04   5.287223E-05
   714   0.000000E+00   6.367702E-06   1.745297E-05
   715   0.000000E+00   1.089805E-04   2.384431E-05
   716   0.000000E+00   1.758988E-03   3.729572E-04
   717   0.000000E+00   1.114123E-04   3.140260E-05
   718   0.000000E+00   5.856538E-05   2.273269E-05
   719   0.000000E+00   4.440015E-04   5.746233E-05
   720   0.000000E+00   7.729908E-05   2.372358E-05
   721   0.000000E+00   2.166411E-04   3.016024E-05
   722   0.000000E+00   6.211237E-06   3.139118E-05
   723   0.000000E+00  -3.160417E-04   5.136381E-05
   724   0.000000E+00   7.912180E-04   1.259637E-04
   725   0.000000E+00   5.880078E-05   2.901345E-05
   726   0.000000E+00  -9.326402E-06   2.153188E-05
   727   0.000000E+00   1.316152E-04   2.747425E-05
   728   0.000000E+00  -1.070202E-03   9.698348E-05
   729   0.000000E+00   1.924257E-05   3.958268E-05
   730   0.000000E+00   1.534339E-04   7.385422E-05
   731   0.000000E+00  -1.069608E-03   1.024805E-04
   732   0.000000E+00  -2.009056E-03   1.654751E-04
   733   0.000000E+00   1.582212E-03   5.877665E-04
   734   0.000000E+00  -2.711804E-05   2.359301E-05
   735   0.000000E+00   2.007825E-04   1.328803E-04
   736   0.000000E+00   7.336245E-05   3.977570E-05
   737   0.000000E+00  -3.546140E-04   7.343206E-05
   738   0.000000E+00   4.368124E-05   4.408569E-05
   739   0.000000E+00  -4.032669E-05   4.633345E-05
   740   0.000000E+00   9.874856E-04   2.016173E-04
   741   0.000000E+00  -1.114331E-03   9.603366E-05
   742   0.000000E+00   5.064003E-03   1.073694E-03
   743   0.000000E+00   1.194012E-03   1.042696E-03
   744   0.000000E+00   1.173773E-06   3.997074E-05
   745   0.000000E+00   6.731561E-05   2.547163E-05
   746   0.000000E+00   8.577144E-05   5.670562E-05
   747   0.000000E+00   4.627093E-05   3.014662E-05
   748   0.000000E+00  -4.211992E-04   4.845909E-05
   749   0.000000E+00   5.703862E-05   3.622306E-05
   750   0.000000E+00   9.765803E-04   2.223257E-04
   751   0.000000E+00   8.565340E-06   2.507152E-05
   752   0.000000E+00  -3.797229E-04   9.310043E-05
   753   0.000000E+00  -2.188421E-05   4.310329E-05
   754   0.000000E+00  -5.601087E-04   8.780515E-05
   755   0.000000E+00   5.891683E-05   3.154722E-05
   756   0.000000E+00  -3.285868E-04   5.136381E-05
   757   0.000000E+00   2.931429E-05   4.158928E-05
   758   0.000000E+00   9.958702E-05   3.979963E-05
   759   0.000000E+00   4.156043E-05   3.079421E-05
   760   0.000000E+00   7.993967E-05   9.785477E-05
   761   0.000000E+00   1.170336E-04   6.676575E-05
   762   0.000000E+00  -1.993596E-05   2.670224E-05
   763   0.000000E+00   6.331472E-05   2.547163E-05
   764   0.000000E+00   1.125773E-05   3.139118E-05
   765   0.000000E+00   3.009541E-04   3.726087E-05
   766   0.000000E+00   3.654328E-04   5.581810E-05
   767   0.000000E+00   4.061132E-04   5.138683E-05
   768   0.000000E+00  -4.109875E-05   3.623462E-05
   769   0.000000E+00   1.292762E-03   6.309801E-04
   770   0.000000E+00  -8.662868E-05   7.363586E-05
   771   0.000000E+00   1.191452E-04   2.747425E-05
   772   0.000000E+00   2.218826E-05   3.279285E-05
   773   0.000000E+00   7.719260E-04   7.198962E-05
   774   0.000000E+00   5.194327E-05   4.167816E-05
   775   0.000000E+00   2.209595E-04   3.016024E-05
   776   0.000000E+00   4.160090E-04   3.587868E-05
   777   0.000000E+00   1.181969E-04   6.433065E-05
   778   0.000000E+00   3.551353E-04   3.891477E-05
   779   0.000000E+00   1.810162E-04   3.053185E-05
   780   0.000000E+00  -3.033458E-05   3.279801E-05
   781   0.000000E+00   1.124162E-03   2.583525E-04
   782   0.000000E+00   3.736978E-04   3.999934E-05
   783   0.000000E+00   1.769512E-04   7.473856E-05
   784   0.000000E+00   8.505141E-05   2.372358E-05
   785   0.000000E+00   1.491322E-03   2.849040E-04
   786   0.000000E+00   3.394868E-04   3.583350E-05
   787   0.000000E+00   3.047478E-04   5.229974E-05
   788   0.000000E+00   3.788951E-04   4.530177E-05
   789   0.000000E+00   1.012130E-04   2.922159E-05
   790   0.000000E+00   2.151725E-04   3.068300E-05
   791   0.000000E+00   9.388417E-05   2.603586E-05
   792   0.000000E+00   1.531755E-04   2.830580E-05
   793   0.000000E+00   6.881475E-05   2.273269E-05
   794   0.000000E+00   8.417728E-04   1.513282E-04
   795   0.000000E+00   4.547523E-04   1.230757E-04
   796   0.000000E+00   1.369049E-04   4.486014E-05
   797   0.000000E+00   2.439385E-04   7.670949E-05
   798   0.000000E+00   1.499457E-03   1.910509E-04
   799   0.000000E+00   6.543164E-05   2.645064E-05
   800   0.000000E+00   1.344580E-03   5.318033E-04
   801   0.000000E+00   5.066444E-05   2.172030E-05
   802   0.000000E+00   1.415965E-04   4.094920E-05
   803   0.000000E+00   3.014488E-04   7.061205E-05
   804   0.000000E+00   6.316201E-04   7.469525E-05
   805   0.000000E+00   1.523154E-04   4.777532E-05
   806   0.000000E+00   2.116139E-04   7.891373E-05
   807   0.000000E+00   1.515806E-03   2.245348E-04
   808   0.000000E+00   5.920943E-04   1.128870E-04
   809   0.000000E+00   3.222615E-03   8.263193E-04
   810   0.000000E+00   1.035928E-04   2.932472E-05
   811   0.000000E+00   1.336752E-03   1.452169E-04
   812   0.000000E+00   4.157332E-04   8.161353E-05
   813   0.000000E+00   1.777861E-03   2.181146E-04
   814   0.000000E+00   3.707616E-03   7.805474E-04
   815   0.000000E+00   2.799289E-03   3.362209E-04
   816   0.000000E+00   2.066204E-03   7.246632E-04
   817   0.000000E+00   6.504379E-03   1.567776E-03
   818   8.614137E-04   4.958883E-04   3.356157E-03
   819   5.735512E-04   5.947206E-04   1.710391E-03
   820   5.120814E-04   4.003475E-04   1.562812E-03
   821   3.019566E-04   1.132484E-04   1.091409E-03
   822   3.842681E-04   1.911854E-04   1.921340E-03
   823   1.977128E-04   3.655356E-04   5.533008E-04
   824   3.152747E-04   2.635070E-04   1.112734E-03
   825   2.363700E-04  -8.852475E-06   1.114953E-03
   826   2.593843E-04   4.594384E-04   7.554883E-04
   827   2.493639E-04   7.808292E-05   1.068702E-03
   828   1.666844E-04   3.280329E-04   4.129259E-04
   829   4.753119E-04  -9.815600E-06   3.906674E-03
   830   2.650187E-04  -8.636049E-05   1.526019E-03
   831   5.130635E-04   3.150926E-04   3.193341E-03
   832   2.930122E-04   1.710581E-04   3.855424E-03
   833   1.426340E-04   4.027312E-05   7.909465E-04
   834   8.353032E-04   2.302063E-04   2.962068E-03
   835   4.238366E-05  -9.841890E-06   4.606920E-04
   836  -2.425530E-05  -2.570260E-06   1.233320E-03
   837   9.420808E-05   3.511185E-05   1.228801E-03
   838  -1.671696E-05   1.558763E-05   1.166299E-03
   839  -1.064453E-04  -3.341651E-05   3.070538E-03
   840  -2.094854E-07  -5.938644E-06   6.284562E-04
   841   4.064405E-04   4.944311E-05   2.150479E-03
   842   1.473890E-06  -1.402554E-04   2.210834E-03
   843   1.265255E-03   7.476724E-04   3.108734E-03
   844   4.178476E-04   2.385595E-04   9.996354E-04
   845   1.617865E-04   2.772866E-04   3.783004E-04
   846   1.869210E-04   4.105669E-04   4.700445E-04
   847   5.556226E-04   1.411512E-04   1.043096E-03
   848   2.193485E-04   4.435500E-04   5.782475E-04
   849   1.908569E-03   6.918264E-04   3.103364E-03
   850   1.128001E-03  -1.550284E-05   1.944830E-03
   851   4.406825E-04   3.686909E-04   9.880773E-04
   852   2.693891E-03  -1.226687E-04   3.788876E-03
   853   1.674476E-04   3.565144E-04   3.977377E-04
   854   2.955543E-03   1.424589E-03   3.921552E-03
   855   8.136742E-04  -4.369792E-05   1.562754E-03
   856   3.625008E-04   6.634266E-04   8.176711E-04
   857   3.516538E-03   2.323747E-03   3.820939E-03
   858   2.312104E-03   5.615887E-04   2.997542E-03
   859   1.126909E-03   1.553415E-05   1.927438E-03
   860   3.779155E-03   3.564475E-04   4.051989E-03
   861   4.782190E-04   5.425649E-06   9.040057E-04
   862   1.616249E-04   2.900683E-04   3.770410E-04
   863   2.101658E-04   3.807930E-04   4.952847E-04
   864   4.579599E-04   2.001875E-04   1.001370E-03
   865   4.612680E-04   5.803459E-04   1.423667E-03
   866   1.523783E-04   2.432937E-04   3.707500E-04
   867   1.948655E-04   2.969738E-04   5.083449E-04
   868   1.312327E-03   4.793518E-04   2.617673E-03
   869   2.787988E-04   1.927846E-04   1.155244E-03
   870   1.276546E-04   2.126319E-04   3.443918E-04
   871   3.302731E-04   6.705373E-05   7.758961E-04
   872   1.629554E-04   2.001211E-04   4.816414E-04
   873   2.041662E-04   1.516881E-04   7.231388E-04
   874   2.156270E-04   9.039141E-05   1.186938E-03
   875   3.527731E-04   1.517857E-04   2.200248E-03
   876   5.337397E-04   3.354092E-05   1.622309E-03
   877   9.282673E-05   1.135669E-04   3.026959E-04
   878   1.158970E-04   9.185773E-05   4.209334E-04
   879   1.436282E-04   3.036140E-05   6.262859E-04
   880   2.998886E-04   2.653214E-04   3.877870E-03
   881   1.637244E-04  -3.294868E-05   1.008569E-03
   882   2.116671E-04   4.651754E-05   9.724370E-04
   883   2.207120E-04   7.052006E-05   4.868647E-03
   884  -8.043790E-04  -1.733953E-04   8.743249E-03
   885   9.966457E-04   6.086176E-04   3.862968E-03
   886   8.850477E-05   2.283863E-05   4.935210E-04
   887  -1.471765E-04   7.372785E-05   1.824502E-03
   888   6.876570E-05  -3.608873E-05   7.420759E-04
   889  -3.321236E-04  -2.353525E-05   2.806678E-03
   890  -1.836921E-04   4.325445E-05   1.235597E-03
   891   1.671696E-05  -6.667270E-06   1.166299E-03
   892   2.614998E-04  -3.062720E-04   1.627592E-03
   893  -2.930122E-04  -1.574402E-04   3.855424E-03
   894   2.907819E-03   4.469485E-03   4.016324E-03
   895   2.741568E-03   6.778637E-04   2.741568E-03
   896   5.470738E-05   2.180233E-05   4.400057E-04
   897   3.776962E-05   2.481346E-05   3.690843E-04
   898   4.546186E-05   1.299486E-05   6.494551E-04
   899   4.066256E-05  -4.535604E-06   5.147159E-04
   900  -1.939310E-04   5.808667E-05   1.763009E-03
   901  -2.083952E-05   5.071522E-06   7.186043E-04
   902   9.931902E-05   2.893214E-05   1.425632E-03
   903  -9.730228E-06   8.869363E-06   3.559840E-04
   904  -7.086659E-04  -2.331227E-04   4.065005E-03
   905  -1.678408E-04   5.299570E-05   9.554504E-04
   906  -5.130635E-04  -3.083530E-04   3.193341E-03
   907  -4.238366E-05   4.989296E-06   4.606920E-04
   908  -3.527731E-04  -1.554111E-04   2.200248E-03
   909   3.500810E-06   3.981508E-06   4.566274E-04
   910  -2.363700E-04   2.149531E-05   1.114953E-03
   911  -9.775745E-05   1.727543E-06   5.705688E-04
   912  -1.735053E-05   2.296981E-05   9.131856E-04
   913  -7.208630E-04  -4.659600E-04   3.116122E-03
   914  -3.517735E-05  -2.513329E-05   3.103884E-04
   915  -3.776962E-05  -1.914999E-05   3.690843E-04
   916  -2.156270E-04  -1.008010E-04   1.186938E-03
   917  -3.019566E-04  -7.972481E-05   1.091409E-03
   918  -3.430974E-04  -1.180755E-04   1.322998E-03
   919  -4.167233E-04  -2.256619E-04   1.395279E-03
   920  -6.638119E-05  -3.619510E-05   3.694686E-04
   921  -3.173288E-04  -8.247108E-06   2.956479E-03
   922  -1.420582E-04  -4.948932E-05   8.307497E-04
   923  -1.436282E-04  -2.305427E-05   6.262859E-04
   924  -9.456918E-05  -6.886420E-05   4.172170E-04
   925  -5.940978E-04  -5.745434E-04   1.676664E-03
   926  -6.974222E-05  -3.547525E-05   4.798776E-04
   927  -2.041662E-04  -1.123701E-04   7.231388E-04
   928  -3.092542E-04  -2.709110E-04   9.664194E-04
   929  -1.956773E-04  -1.136834E-04   7.965155E-04
   930  -2.228164E-04  -2.250917E-04   7.418970E-04
   931  -1.251599E-04  -1.556861E-04   4.412219E-04
   932  -2.071992E-04  -2.293734E-04   7.236293E-04
   933  -1.482069E-04   3.156667E-04   1.457773E-03
   934  -2.020586E-04  -2.378692E-04   6.301204E-04
   935  -2.223071E-04  -2.377411E-04   8.054605E-04
   936  -1.629554E-04  -1.861880E-04   4.816414E-04
   937  -5.715403E-04   2.691191E-04   2.411563E-03
   938  -2.418009E-04  -3.591794E-04   6.817695E-04
   939  -3.274497E-04  -5.932058E-04   8.505187E-04
   940  -3.892124E-04  -7.722679E-04   1.023345E-03
   941  -3.487076E-04  -5.515074E-04   8.790949E-04
   942  -2.193485E-04  -4.471109E-04   5.782475E-04
   943  -2.101658E-04  -3.831753E-04   4.952847E-04
   944  -1.069189E-04  -1.731286E-04   3.178956E-04
   945  -1.276546E-04  -1.999489E-04   3.443918E-04
   946  -5.788765E-04  -3.327971E-05   1.455683E-03
   947  -2.594075E-04   1.538113E-04   1.103862E-03
   948  -3.625008E-04  -6.860039E-04   8.176711E-04
   949  -3.884689E-04  -2.878694E-04   8.690579E-04
   950  -7.374836E-04   6.841605E-05   1.831499E-03
   951  -1.617865E-04  -2.861485E-04   3.783004E-04
   952  -1.502351E-03  -8.796869E-04   3.386216E-03
   953  -1.616249E-04  -2.737906E-04   3.770410E-04
   954  -3.133507E-04  -5.000291E-04   7.372957E-04
   955  -3.697839E-04  -2.541251E-04   9.629789E-04
   956  -4.346921E-04   6.911830E-05   9.429331E-04
   957  -2.931307E-04  -2.288699E-04   6.485193E-04
   958  -4.147382E-04  -1.849063E-04   8.452545E-04
   959  -1.345678E-03  -3.673788E-04   2.214500E-03
   960  -7.275396E-04  -5.747077E-05   1.275639E-03
   961  -2.727041E-03  -1.666468E-03   4.096707E-03
   962  -1.428465E-04  -8.450676E-06   2.913253E-04
   963  -9.439981E-04  -3.630509E-05   1.719487E-03
   964  -4.126256E-04   8.411154E-05   7.594335E-04
   965  -1.460938E-03   1.495155E-04   2.272066E-03
   966  -4.797439E-03  -1.975438E-03   5.591420E-03
   967  -2.848325E-03  -1.100800E-04   4.080695E-03
   968  -3.352111E-03  -2.025293E-03   5.112523E-03
   969  -8.142583E-03  -3.368989E-03   8.511411E-03
   970   0.000000E+00   1.570917E-04   3.356157E-03
   971   0.000000E+00   7.371768E-05   1.710391E-03
   972   0.000000E+00   2.267565E-04   1.562812E-03
   973   0.000000E+00   1.069157E-04   1.091409E-03
   974   0.000000E+00   5.427041E-05   1.921340E-03
   975   0.000000E+00   5.032873E-05   5.533008E-04
   976   0.000000E+00   9.510930E-05   1.112734E-03
   977   0.000000E+00   1.150724E-04   1.114953E-03
   978   0.000000E+00   1.199888E-04   7.554883E-04
   979   0.000000E+00   1.019653E-04   1.068702E-03
   980   0.000000E+00   8.976404E-05   4.129259E-04
   981   0.000000E+00   3.064859E-04   3.906674E-03
   982   0.000000E+00   2.147514E-04   1.526019E-03
   983   0.000000E+00   8.579292E-06   3.193341E-03
   984   0.000000E+00   1.250100E-05   3.855424E-03
   985   0.000000E+00   1.419060E-04   7.909465E-04
   986   0.000000E+00   1.899664E-04   2.962068E-03
   987   0.000000E+00   5.448514E-05   4.606920E-04
   988   0.000000E+00   1.388614E-04   1.233320E-03
   989   0.000000E+00   1.841870E-04   1.228801E-03
   990   0.000000E+00   1.694356E-04   1.166299E-03
   991   0.000000E+00   3.703092E-05   3.070538E-03
   992   0.000000E+00   2.291825E-05   6.284562E-04
   993   0.000000E+00  -9.416642E-05   2.150479E-03
   994   0.000000E+00   1.422483E-04   2.210834E-03
   995   0.000000E+00   2.383211E-04   3.108734E-03
   996   0.000000E+00   1.574332E-04   9.996354E-04
   997   0.000000E+00   1.190623E-04   3.783004E-04
   998   0.000000E+00   8.497085E-05   4.700445E-04
   999   0.000000E+00   9.701839E-05   1.043096E-03
  1000   0.000000E+00   3.656615E-05   5.782475E-04
  1001   0.000000E+00   3.778703E-04   3.103364E-03
  1002   0.000000E+00  -7.387386E-05   1.944830E-03
  1003   0.000000E+00   2.376701E-04   9.880773E-04
  1004   0.000000E+00   4.912645E-04   3.788876E-03
  1005   0.000000E+00   1.283167E-04   3.977377E-04
  1006   0.000000E+00   2.082561E-03   3.921552E-03
  1007   0.000000E+00   7.448025E-05   1.562754E-03
  1008   0.000000E+00   2.817483E-04   8.176711E-04
  1009   0.000000E+00   3.955566E-03   3.820939E-03
  1010   0.000000E+00   9.549907E-04   2.997542E-03
  1011   0.000000E+00   2.343266E-04   1.927438E-03
  1012   0.000000E+00   2.361675E-03   4.051989E-03
  1013   0.000000E+00  -6.539395E-05   9.040057E-04
  1014   0.000000E+00   1.100017E-04   3.770410E-04
  1015   0.000000E+00   1.091816E-04   4.952847E-04
  1016   0.000000E+00   1.495270E-04   1.001370E-03
  1017   0.000000E+00   6.543713E-05   1.423667E-03
  1018   0.000000E+00   7.390149E-05   3.707500E-04
  1019   0.000000E+00   3.493395E-05   5.083449E-04
  1020   0.000000E+00   7.793668E-04   2.617673E-03
  1021   0.000000E+00  -2.815839E-05   1.155244E-03
  1022   0.000000E+00   5.492114E-05   3.443918E-04
  1023   0.000000E+00   2.216625E-05   7.758961E-04
  1024   0.000000E+00   3.808820E-05   4.816414E-04
  1025   0.000000E+00   1.499807E-05   7.231388E-04
  1026   0.000000E+00   1.258638E-05   1.186938E-03
  1027   0.000000E+00   8.941005E-05   2.200248E-03
  1028   0.000000E+00   2.824659E-05   1.622309E-03
  1029   0.000000E+00   3.377252E-05   3.026959E-04
  1030   0.000000E+00   2.049612E-05   4.209334E-04
  1031   0.000000E+00   4.991315E-05   6.262859E-04
  1032   0.000000E+00  -2.918948E-05   3.877870E-03
  1033   0.000000E+00   1.020820E-04   1.008569E-03
  1034   0.000000E+00   7.347854E-05   9.724370E-04
  1035   0.000000E+00   2.351163E-04   4.868647E-03
  1036   0.000000E+00  -2.570811E-04   8.743249E-03
  1037   0.000000E+00  -2.685864E-04   3.862968E-03
  1038   0.000000E+00   4.979887E-05   4.935210E-04
  1039   0.000000E+00   4.491667E-04   1.824502E-03
  1040   0.000000E+00   8.952839E-05   7.420759E-04
  1041   0.000000E+00   2.499527E-04   2.806678E-03
  1042   0.000000E+00   1.471131E-04   1.235597E-03
  1043   0.000000E+00   1.639168E-04   1.166299E-03
  1044   0.000000E+00   3.762537E-04   1.627592E-03
  1045   0.000000E+00   7.358847E-06   3.855424E-03
  1046   0.000000E+00   3.404207E-03   4.016324E-03
  1047   0.000000E+00   1.529114E-03   2.741568E-03
  1048   0.000000E+00   6.126951E-05   4.400057E-04
  1049   0.000000E+00   1.634466E-05   3.690843E-04
  1050   0.000000E+00   6.237724E-05   6.494551E-04
  1051   0.000000E+00   4.682897E-05   5.147159E-04
  1052   0.000000E+00   1.858332E-04   1.763009E-03
  1053   0.000000E+00   8.757950E-05   7.186043E-04
  1054   0.000000E+00   3.481129E-04   1.425632E-03
  1055   0.000000E+00   2.881474E-05   3.559840E-04
  1056   0.000000E+00   1.624112E-04   4.065005E-03
  1057   0.000000E+00   9.810152E-05   9.554504E-04
  1058   0.000000E+00   1.392534E-05   3.193341E-03
  1059   0.000000E+00   5.197963E-05   4.606920E-04
  1060   0.000000E+00   8.492860E-05   2.200248E-03
  1061   0.000000E+00   4.894443E-05   4.566274E-04
  1062   0.000000E+00   1.213289E-04   1.114953E-03
  1063   0.000000E+00   6.830161E-05   5.705688E-04
  1064   0.000000E+00   2.386269E-04   9.131856E-04
  1065   0.000000E+00  -2.112140E-05   3.116122E-03
  1066   0.000000E+00   3.128933E-05   3.103884E-04
  1067   0.000000E+00   2.710863E-05   3.690843E-04
  1068   0.000000E+00   6.332743E-06   1.186938E-03
  1069   0.000000E+00   1.014909E-04   1.091409E-03
  1070   0.000000E+00   1.165854E-04   1.322998E-03
  1071   0.000000E+00   9.664123E-05   1.395279E-03
  1072   0.000000E+00   4.883407E-05   3.694686E-04
  1073   0.000000E+00  -2.692853E-04   2.956479E-03
  1074   0.000000E+00   1.421247E-04   8.307497E-04
  1075   0.000000E+00   6.695688E-05   6.262859E-04
  1076   0.000000E+00   3.417835E-05   4.172170E-04
  1077   0.000000E+00   1.475915E-04   1.676664E-03
  1078   0.000000E+00   1.782204E-05   4.798776E-04
  1079   0.000000E+00   1.717479E-05   7.231388E-04
  1080   0.000000E+00   5.943524E-05   9.664194E-04
  1081   0.000000E+00   6.287415E-05   7.965155E-04
  1082   0.000000E+00   3.290710E-05   7.418970E-04
  1083   0.000000E+00   4.042753E-05   4.412219E-04
  1084   0.000000E+00   6.019989E-05   7.236293E-04
  1085   0.000000E+00   2.598989E-04   1.457773E-03
  1086   0.000000E+00   8.123046E-05   6.301204E-04
  1087   0.000000E+00   6.821402E-05   8.054605E-04
  1088   0.000000E+00   2.172189E-05   4.816414E-04
  1089   0.000000E+00   2.961437E-04   2.411563E-03
  1090   0.000000E+00   5.189748E-05   6.817695E-04
  1091   0.000000E+00   1.519519E-04   8.505187E-04
  1092   0.000000E+00   1.369492E-04   1.023345E-03
  1093   0.000000E+00   1.376505E-04   8.790949E-04
  1094   0.000000E+00   5.456551E-05   5.782475E-04
  1095   0.000000E+00   9.638252E-05   4.952847E-04
  1096   0.000000E+00   4.032668E-05   3.178956E-04
  1097   0.000000E+00   6.099234E-05   3.443918E-04
  1098   0.000000E+00   9.639827E-05   1.455683E-03
  1099   0.000000E+00   1.086917E-04   1.103862E-03
  1100   0.000000E+00   2.977658E-04   8.176711E-04
  1101   0.000000E+00   1.899406E-04   8.690579E-04
  1102   0.000000E+00   2.562809E-04   1.831499E-03
  1103   0.000000E+00   1.288182E-04   3.783004E-04
  1104   0.000000E+00   4.072001E-04   3.386216E-03
  1105   0.000000E+00   1.173963E-04   3.770410E-04
  1106   0.000000E+00   2.134565E-04   7.372957E-04
  1107   0.000000E+00   1.194895E-04   9.629789E-04
  1108   0.000000E+00  -1.380560E-05   9.429331E-04
  1109   0.000000E+00   1.714263E-04   6.485193E-04
  1110   0.000000E+00   1.258073E-04   8.452545E-04
  1111   0.000000E+00  -6.085176E-05   2.214500E-03
  1112   0.000000E+00   2.701515E-05   1.275639E-03
  1113   0.000000E+00   5.129372E-04   4.096707E-03
  1114   0.000000E+00   3.024337E-05   2.913253E-04
  1115   0.000000E+00  -2.265358E-05   1.719487E-03
  1116   0.000000E+00  -7.956753E-06   7.594335E-04
  1117   0.000000E+00   1.208962E-04   2.272066E-03
  1118   0.000000E+00   2.786118E-03   5.591420E-03
  1119   0.000000E+00   8.491554E-04   4.080695E-03
  1120   0.000000E+00   2.490746E-03   5.112523E-03
  1121   0.000000E+00   6.327920E-03   8.511411E-03
