 smom1,sph1,sth1,slr1
          16           6           6          10
 phi boundaries
  0.00000E+00  2.61799E-01  5.23599E-01  7.85398E-01  1.04720E+00  1.30900E+00  1.57080E+00
 theta boundaries
  0.00000E+00  2.61799E-01  5.23599E-01  7.85398E-01  1.04720E+00  1.30900E+00  1.57080E+00
 radius boundaries in arcsec
  0.00000E+00  1.19639E+00  1.80726E+00  2.73003E+00  4.12397E+00  6.22963E+00  9.41044E+00  1.42153E+01  2.14736E+01  3.24379E+01  9.80009E+03
                                                                              phi,theta,r,mgemass,fitmass,errmass,x,y,z 
                                           (in arcsec),vx,vy,vz,xv2,vy2,vz2,vxvy,vyvz,vzvx,orbit long, orbit short,boxes
       1       1       1  4.13843E-04  4.35313E-04  4.13843E-06  1.09317E-01  1.42556E-02  5.39099E-01  2.71039E+01 -1.63400E+02 -1.49008E+00  4.15311E+04  5.34269E+04  6.18200E+04 -2.53886E+03  3.27245E+03  5.65691E+03  0.00000E+00  3.24558E-04  1.10755E-04
       1       1       2  1.17940E-04  1.30067E-04  1.17940E-06  3.16970E-01  4.23599E-02  1.45548E+00  4.32835E+01 -1.63091E+02  4.90979E+00  3.41219E+04  4.14160E+04  5.22735E+04 -5.05686E+03 -3.39136E+02  5.34133E+03  0.00000E+00  1.12569E-04  1.74981E-05
       1       1       3  2.03503E-04  2.02028E-04  2.03503E-06  4.48296E-01  5.98039E-02  2.09022E+00  1.48540E+01 -7.70892E+01 -3.53988E+00  1.64284E+04  1.45476E+04  2.62857E+04  2.18426E+02  1.76618E+03  2.16774E+03  0.00000E+00  1.73110E-04  2.89178E-05
       1       1       4  2.83050E-04  2.03346E-04  2.83050E-06  7.48562E-01  1.01356E-01  3.60532E+00  4.16503E+01 -1.65932E+02  8.98200E+00  4.81780E+04  6.96822E+04  2.54618E+04 -8.87319E+03 -9.03642E+02  2.29467E+03  0.00000E+00  1.87729E-04  1.56171E-05
       1       1       5  2.54310E-04  3.70923E-04  2.54310E-06  1.10538E+00  1.44377E-01  5.17506E+00  1.83622E+01 -1.17497E+02 -4.53017E+00  1.58732E+04  3.44699E+04  2.51291E+04 -3.19789E+03  6.33708E+01  1.71063E+03  0.00000E+00  3.43995E-04  2.69282E-05
       1       1       6  1.95467E-04  2.08134E-04  1.95467E-06  1.38504E+00  1.85164E-01  6.60184E+00  2.28086E+01 -7.22633E+01  5.01973E+00  8.46746E+03  1.63555E+04  2.56501E+04 -2.72214E+03  1.01635E+03  5.23958E+03  0.00000E+00  1.48400E-04  5.97337E-05
       1       1       7  2.05908E-04  2.27440E-04  2.05908E-06  2.54585E+00  3.33290E-01  1.22395E+01  4.04652E+01 -1.86793E+02  1.70127E+01  2.72122E+04  4.64790E+04  2.92944E+04 -4.82227E+03  7.52274E+02  4.78781E+03  0.00000E+00  1.81513E-04  4.59265E-05
       1       1       8  3.44081E-04  4.41156E-04  3.44081E-06  3.80643E+00  4.87524E-01  1.78116E+01  3.42349E+01 -1.20537E+02  2.59554E+01  1.17130E+04  2.09392E+04  2.16305E+04 -2.84434E+03  5.27947E+01  2.22617E+03  0.00000E+00  3.34869E-04  1.06287E-04
       1       1       9  3.39898E-04  4.01460E-04  3.39898E-06  5.24238E+00  7.34623E-01  2.35959E+01  1.78404E+01 -4.75645E+01  7.54242E+00  3.78545E+03  6.70162E+03  7.74492E+03 -1.07479E+03  1.50161E+02  1.62835E+03  0.00000E+00  1.53356E-04  2.48104E-04
       1       1      10  1.55399E-04  1.45294E-04  1.55399E-06  1.34130E+01  1.91156E+00  6.32038E+01  4.29268E+01 -1.26980E+02  1.76631E+01  1.88442E+04  2.67460E+04  2.01228E+04 -3.52872E+03  1.96241E+02  2.92579E+03  0.00000E+00  1.06177E-04  3.91171E-05
       1       2       1  1.25165E-03  1.01642E-03  1.25165E-05  1.95418E-01  2.64391E-02  4.68101E-01  1.26973E+01 -1.10071E+02  5.97139E-01  5.82102E+04  2.59045E+04  6.22393E+04  4.17631E+03  1.07446E+03  9.13905E+03  0.00000E+00  7.95968E-04  2.20448E-04
       1       2       2  3.60196E-04  3.46330E-04  3.60196E-06  5.64713E-01  7.50971E-02  1.40101E+00  5.60389E+00 -6.20477E+01  2.92209E+00  5.43621E+04  9.30629E+03  5.72440E+04  6.68113E+03  1.28930E+03  1.57174E+04  0.00000E+00  2.39568E-04  1.06761E-04
       1       2       3  6.19758E-04  5.11855E-04  6.19758E-06  8.10897E-01  1.07069E-01  2.06850E+00  9.18255E+00 -1.40473E+01 -3.74840E-01  1.57824E+04  1.69731E+03  3.01636E+04  1.88973E+03  1.38101E+03  1.07000E+04  0.00000E+00  2.29151E-04  2.82704E-04
       1       2       4  8.85818E-04  4.24821E-04  8.85818E-06  1.36673E+00  1.81287E-01  3.30001E+00  3.20123E+00 -1.44668E+02 -8.47782E+00  7.72953E+04  5.44769E+04  5.35251E+04  5.42206E+03  2.86727E+03  1.33980E+04  0.00000E+00  3.42731E-04  8.20900E-05
       1       2       5  8.13155E-04  7.65530E-04  8.13155E-06  2.04273E+00  2.58126E-01  4.81115E+00  1.61617E+01 -5.30486E+01  2.99761E+00  3.96864E+04  9.93890E+03  3.47051E+04  2.91553E+03  1.44265E+02  7.26768E+03  0.00000E+00  6.19248E-04  1.46282E-04
       1       2       6  6.58544E-04  5.73588E-04  6.58544E-06  2.80079E+00  3.70814E-01  6.46661E+00 -6.44119E+00 -2.61364E+01 -2.08516E+00  1.26453E+04  3.73449E+03  2.48408E+04  2.66943E+03  1.60590E+03  8.99869E+03  0.00000E+00  2.33875E-04  3.39713E-04
       1       2       7  6.64172E-04  4.11135E-04  6.64172E-06  4.58611E+00  5.97237E-01  1.13568E+01  9.70165E+00 -7.98507E+01  8.15917E+00  4.78559E+04  1.40705E+04  5.02311E+04  5.70127E+03  1.73695E+03  1.15415E+04  0.00000E+00  2.80054E-04  1.31081E-04
       1       2       8  1.10652E-03  7.87849E-04  1.10652E-05  6.68849E+00  8.94166E-01  1.68371E+01  7.14807E+00 -5.16021E+01 -6.24406E-01  2.38770E+04  5.14708E+03  2.84249E+04  3.09685E+03  9.96564E+02  5.91238E+03  0.00000E+00  5.30964E-04  2.56886E-04
       1       2       9  1.16865E-03  8.05973E-04  1.16865E-05  8.92689E+00  1.26424E+00  2.26974E+01  4.50185E+00 -1.90304E+01  2.21632E+00  7.30275E+03  1.59636E+03  1.16398E+04  9.56608E+02  6.49895E+02  3.63988E+03  0.00000E+00  2.40342E-04  5.65632E-04
       1       2      10  5.24654E-04  4.84122E-04  5.24654E-06  2.73760E+01  4.21061E+00  6.66048E+01  1.24862E+00 -2.22580E+01 -1.18314E+00  1.90500E+04  2.53435E+03  2.85858E+04  2.83800E+03  1.62644E+03  9.87730E+03  0.00000E+00  1.49691E-04  3.34431E-04
       1       3       1  2.10393E-03  2.20976E-03  2.10393E-05  3.69411E-01  4.95782E-02  4.97081E-01  1.39692E+01 -8.47923E+01  3.61693E-01  3.70226E+04  1.94014E+04  3.80427E+04  2.76307E+03  1.75729E+02  1.99902E+03  0.00000E+00  1.91317E-03  2.96589E-04
       1       3       2  6.18121E-04  6.41754E-04  6.18121E-06  9.12005E-01  1.19581E-01  1.21219E+00  8.20077E+00 -9.01160E+01  2.07411E+00  5.08634E+04  1.70558E+04  5.20680E+04  4.86659E+03  1.54653E+03  1.08689E+04  0.00000E+00  5.34887E-04  1.06867E-04
       1       3       3  1.05441E-03  1.04671E-03  1.05441E-05  1.36706E+00  1.85097E-01  1.76391E+00  1.58689E+01 -8.30470E+01  1.01593E+01  1.63597E+04  1.98570E+04  2.53505E+04 -9.91121E+01 -2.64005E+02  8.44084E+03  0.00000E+00  8.36378E-04  2.10335E-04
       1       3       4  1.58666E-03  9.78696E-04  1.58666E-05  2.07525E+00  2.70638E-01  2.71059E+00  3.41614E+01 -2.20768E+02  4.93453E+00  4.90923E+04  8.22024E+04  5.24985E+04 -4.57023E+03  4.86956E+02  1.04333E+04  0.00000E+00  8.20945E-04  1.57752E-04
       1       3       5  1.52491E-03  1.39311E-03  1.52491E-05  3.19172E+00  4.28550E-01  4.16417E+00  2.98479E+00 -9.81807E+01 -1.06764E+01  4.03654E+04  2.06499E+04  3.82063E+04  3.56654E+03  2.24586E+03  9.30722E+03  0.00000E+00  1.07592E-03  3.17189E-04
       1       3       6  1.37455E-03  1.70845E-03  1.37455E-05  4.29213E+00  5.77543E-01  5.63432E+00  1.40365E+01 -7.52733E+01  3.65035E+00  1.47922E+04  1.18206E+04  1.96676E+04  1.93301E+02  4.14832E+02  5.32194E+03  0.00000E+00  9.96918E-04  7.11530E-04
       1       3       7  1.32667E-03  1.18119E-03  1.32667E-05  7.27853E+00  9.63748E-01  9.78871E+00  1.90616E+01 -1.70071E+02 -4.61573E+00  3.28177E+04  4.27853E+04  4.06963E+04 -9.98584E+02  1.06393E+03  5.30628E+03  0.00000E+00  1.09139E-03  8.98020E-05
       1       3       8  2.08677E-03  2.28487E-03  2.08677E-05  1.08995E+01  1.48616E+00  1.44122E+01  1.39112E+01 -1.08593E+02  1.52617E+00  1.93256E+04  1.81519E+04  2.38163E+04  3.26887E+02  1.80852E+02  2.77594E+03  0.00000E+00  2.08666E-03  1.98211E-04
       1       3       9  2.53558E-03  2.52656E-03  2.53558E-05  1.49208E+01  2.07038E+00  1.94817E+01  7.78846E+00 -6.05966E+01  2.96226E+00  7.16014E+03  6.44015E+03  9.50260E+03 -1.42470E+02  2.49214E+01  1.81590E+03  0.00000E+00  2.10248E-03  4.24079E-04
       1       3      10  1.23726E-03  1.27502E-03  1.23726E-05  4.39310E+01  5.85989E+00  5.90193E+01 -2.56076E+00 -4.72999E+01 -4.13677E+00  1.74145E+04  3.82861E+03  2.60564E+04  2.35927E+03  7.18228E+02  4.06771E+03  0.00000E+00  9.31030E-04  3.43990E-04
       1       4       1  2.92812E-03  3.10340E-03  2.92812E-05  4.96600E-01  6.49977E-02  3.52744E-01  1.63816E+01 -1.34809E+02  1.37488E+00  2.87182E+04  5.32361E+04  2.60674E+04 -3.17762E+03 -1.68402E+02  9.53797E+02  0.00000E+00  2.83285E-03  2.70551E-04
       1       4       2  8.87033E-04  9.38309E-04  8.87033E-06  1.22615E+00  1.62620E-01  8.63552E-01  1.39469E+00  4.12154E+00  4.50740E+00  4.80647E+04  4.46850E+04  2.99845E+04 -4.23895E+01 -2.13437E+02  3.36009E+02  0.00000E+00  8.66905E-04  7.14040E-05
       1       4       3  1.48824E-03  1.46524E-03  1.48824E-05  1.73790E+00  2.22890E-01  1.26024E+00  9.08465E+00 -5.85502E+01  5.06321E-01  1.73176E+04  4.05960E+04  2.03080E+04 -3.16968E+03 -1.08311E+02  2.32300E+03  0.00000E+00  1.29799E-03  1.67251E-04
       1       4       4  2.39229E-03  1.84702E-03  2.39229E-05  2.81686E+00  3.62899E-01  2.05952E+00  1.64680E+01 -1.33884E+02 -5.54078E+00  3.93959E+04  9.98837E+04  3.57709E+04 -8.02116E+03  1.61506E+03  1.60482E+02  0.00000E+00  1.75838E-03  8.86429E-05
       1       4       5  2.46110E-03  3.09436E-03  2.46110E-05  4.24542E+00  5.74996E-01  3.00898E+00  1.25779E+01 -9.17496E+01  2.68407E+00  3.61398E+04  3.89910E+04  2.02914E+04 -1.53435E+02  5.11226E+02  3.34516E+03  0.00000E+00  2.91126E-03  1.83105E-04
       1       4       6  2.56803E-03  2.91806E-03  2.56803E-05  5.74868E+00  7.56872E-01  4.02137E+00  1.02334E+01 -5.17201E+01 -1.40777E+00  1.72572E+04  1.66126E+04  1.06246E+04 -3.75676E+02  3.74247E+02  1.40884E+03  0.00000E+00  2.45523E-03  4.62827E-04
       1       4       7  2.61468E-03  2.31546E-03  2.61468E-05  9.85517E+00  1.30994E+00  6.89487E+00  2.77270E+01 -2.14239E+02  1.33900E+00  3.02169E+04  5.97587E+04  2.70748E+04 -3.76625E+03  1.02175E+02  2.00931E+03  0.00000E+00  2.22077E-03  9.46882E-05
       1       4       8  3.43528E-03  4.46669E-03  3.43528E-05  1.48235E+01  1.93874E+00  1.02217E+01  2.00504E+01 -1.30140E+02 -4.94070E-01  2.20430E+04  2.35736E+04  1.58688E+04 -4.65412E+02  7.25996E+02  3.10394E+03  0.00000E+00  4.25201E-03  2.14679E-04
       1       4       9  4.96060E-03  5.51240E-03  4.96060E-05  2.03583E+01  2.67406E+00  1.40171E+01  9.38068E+00 -6.95519E+01 -9.72740E-01  7.10557E+03  7.92778E+03  5.08388E+03 -1.42889E+02  7.62731E+01  7.40331E+02  0.00000E+00  5.05000E-03  4.62397E-04
       1       4      10  3.37884E-03  4.25995E-03  3.37884E-05  5.30025E+01  7.03855E+00  3.54827E+01  2.39191E+01 -1.98391E+02  2.04896E-01  1.15942E+04  4.90629E+04  7.31502E+03 -4.87417E+03 -8.60607E+01  2.88894E+02  0.00000E+00  4.05895E-03  2.01005E-04
       1       5       1  3.61611E-03  3.62267E-03  3.61611E-05  5.33213E-01  7.04887E-02  2.27920E-01  1.71007E+01 -1.32606E+02 -1.55525E-01  2.79402E+04  4.78624E+04  3.10653E+04 -2.84684E+03  1.23056E+02  9.16783E+02  0.00000E+00  3.15782E-03  4.64857E-04
       1       5       2  1.13234E-03  1.12317E-03  1.13234E-05  1.38049E+00  1.84205E-01  5.95514E-01  1.53127E+00 -1.69990E+00  6.48521E+00  5.57981E+04  4.41203E+04  3.28786E+04  1.64578E+03 -1.18492E+03  4.35507E+02  0.00000E+00  1.04410E-03  7.90658E-05
       1       5       3  1.86085E-03  1.85238E-03  1.86085E-05  1.95670E+00  2.59594E-01  8.31988E-01  9.16099E+00 -4.98362E+01  4.80017E+00  3.47332E+04  3.26009E+04  2.50716E+04  6.05518E+01 -1.34896E+03  1.65656E+02  0.00000E+00  1.70528E-03  1.47100E-04
       1       5       4  3.18416E-03  1.86140E-03  3.18416E-05  3.14185E+00  4.12717E-01  1.34758E+00  1.56776E+01 -1.02691E+02 -1.05542E+01  4.64910E+04  6.80789E+04  5.57336E+04 -3.01795E+03  1.30376E+03  1.03949E+02  0.00000E+00  1.78103E-03  8.03675E-05
       1       5       5  3.52455E-03  3.60335E-03  3.52455E-05  4.76429E+00  6.12801E-01  2.06300E+00  1.26883E+01 -7.17644E+01  5.46427E+00  3.89315E+04  3.19704E+04  2.75388E+04  3.05814E+02  8.25924E+01  5.30750E+02  0.00000E+00  3.44918E-03  1.54170E-04
       1       5       6  4.23644E-03  4.38800E-03  4.23644E-05  6.58424E+00  8.70286E-01  2.81887E+00  8.54365E+00 -6.08568E+01 -2.86370E+00  3.28773E+04  1.60397E+04  1.41171E+04  2.19315E+03  4.40992E+02  1.84705E+03  0.00000E+00  3.85627E-03  5.31737E-04
       1       5       7  5.17030E-03  3.26573E-03  5.17030E-05  1.09109E+01  1.45074E+00  4.66748E+00  2.24015E+01 -1.62290E+02 -5.90429E+00  4.77736E+04  3.89192E+04  3.35540E+04  1.55232E+03  2.18936E+03  4.17931E+03  0.00000E+00  2.92925E-03  3.36482E-04
       1       5       8  5.51656E-03  6.21636E-03  5.51656E-05  1.65151E+01  2.23590E+00  7.04872E+00  1.64425E+01 -1.06671E+02  6.38748E+00  2.88860E+04  1.77709E+04  1.61208E+04  1.55082E+03 -1.00790E+03  2.68503E+03  0.00000E+00  5.42341E-03  7.92948E-04
       1       5       9  8.51556E-03  9.39500E-03  8.51556E-05  2.31300E+01  3.15077E+00  9.63170E+00  9.12306E+00 -5.12938E+01 -2.96411E+00  8.63943E+03  5.46867E+03  4.78865E+03  3.93881E+02  5.74398E+02  1.05895E+03  0.00000E+00  6.92074E-03  2.47427E-03
       1       5      10  9.63083E-03  5.53737E-03  9.63083E-05  5.77236E+01  7.43958E+00  2.49897E+01  2.24309E+01 -1.88895E+02  3.56959E-01  1.38348E+04  4.38255E+04  1.25548E+04 -4.04438E+03 -2.74256E+02  3.76900E+02  0.00000E+00  5.17207E-03  3.65299E-04
       1       6       1  4.01753E-03  4.17441E-03  4.01753E-05  5.86987E-01  7.80330E-02  8.02056E-02  1.58604E+01 -1.11288E+02  2.91922E-01  3.76719E+04  3.34973E+04  2.99326E+04  4.02747E+02 -1.14262E+02 -7.21099E+01  0.00000E+00  3.70643E-03  4.67978E-04
       1       6       2  1.28623E-03  1.34889E-03  1.28623E-05  1.48594E+00  1.97576E-01  1.96083E-01 -3.83849E+00  3.05262E+01  9.67608E-01  5.56143E+04  4.42253E+04  2.93155E+04  1.94755E+03 -2.78606E+02 -8.87726E+02  0.00000E+00  1.27821E-03  7.06772E-05
       1       6       3  2.08260E-03  2.18480E-03  2.08260E-05  2.16421E+00  2.81686E-01  2.83410E-01  7.97895E+00 -5.64126E+01  2.66044E+00  3.53404E+04  2.34880E+04  2.40093E+04  1.07338E+03 -8.29198E+02 -4.99863E+02  0.00000E+00  1.97989E-03  2.04913E-04
       1       6       4  3.70224E-03  2.94720E-03  3.70224E-05  3.38591E+00  4.49568E-01  4.58211E-01  1.24704E+01 -1.06535E+02 -1.35784E+00  4.16822E+04  8.87357E+04  4.07549E+04 -5.82208E+03  2.24699E+02 -1.48188E+01  0.00000E+00  2.75141E-03  1.95798E-04
       1       6       5  4.30241E-03  5.00653E-03  4.30241E-05  5.16319E+00  6.81668E-01  6.85040E-01  1.01626E+01 -6.41909E+01  3.27160E+00  3.78439E+04  3.88645E+04  2.08716E+04 -3.36779E-01  2.78459E+01  2.37432E+03  0.00000E+00  4.64377E-03  3.62762E-04
       1       6       6  5.63481E-03  6.31759E-03  5.63481E-05  7.07670E+00  9.36191E-01  9.30034E-01  1.19951E+01 -8.02608E+01 -1.85073E+00  2.31131E+04  3.33394E+04  1.11118E+04 -1.49850E+03  5.24688E+02  2.23338E+03  0.00000E+00  5.70194E-03  6.15646E-04
       1       6       7  8.10319E-03  6.25059E-03  8.10319E-05  1.17274E+01  1.55264E+00  1.62051E+00  2.90312E+01 -2.53476E+02 -2.31267E+00  4.01189E+04  8.33395E+04  1.98565E+04 -4.33433E+03  5.43458E+02  1.01142E+03  0.00000E+00  5.71116E-03  5.39428E-04
       1       6       8  8.20435E-03  1.03992E-02  8.20435E-05  1.77268E+01  2.32762E+00  2.37957E+00  2.10273E+01 -1.59216E+02  1.90496E+00  3.58601E+04  3.44852E+04  9.79723E+03  9.42807E+01 -1.22235E+02  1.16758E+03  0.00000E+00  9.41662E-03  9.82602E-04
       1       6       9  1.16800E-02  1.29820E-02  1.16800E-04  2.43539E+01  3.23851E+00  3.39237E+00  1.27132E+01 -9.37379E+01 -2.10134E+00  2.21448E+04  1.47312E+04  4.26973E+03  8.07489E+02  2.75477E+02  4.70668E+02  0.00000E+00  1.07309E-02  2.25106E-03
       1       6      10  1.93885E-02  2.24374E-02  1.93885E-04  7.19411E+01  9.51611E+00  9.41518E+00  1.07340E+01 -8.99878E+01  2.17820E-01  3.33508E+04  1.21815E+04  4.47066E+03  2.87458E+03  4.13382E+00  1.66394E+02  0.00000E+00  2.19202E-02  5.17162E-04
       2       1       1  4.13834E-04  4.32599E-04  4.13834E-06  1.00119E-01  4.11469E-02  5.47742E-01  6.84446E+01 -1.44275E+02  1.91912E+00  4.68081E+04  5.33666E+04  5.94413E+04 -2.72416E+03  2.22428E+03  6.40579E+03  0.00000E+00  3.15978E-04  1.16620E-04
       2       1       2  1.17937E-04  1.29225E-04  1.17937E-06  2.78335E-01  1.15172E-01  1.45143E+00  1.09287E+02 -1.23814E+02 -1.49889E+01  4.05272E+04  3.76883E+04  5.29801E+04 -5.23221E+03  6.50847E+03  4.97495E+03  0.00000E+00  1.12723E-04  1.65014E-05
       2       1       3  2.03499E-04  1.96514E-04  2.03499E-06  4.03298E-01  1.66178E-01  2.08967E+00  5.01078E+01 -7.21053E+01  3.02758E+00  2.00661E+04  1.27136E+04  2.09416E+04  9.33084E+02 -5.17208E+02  4.53171E+03  0.00000E+00  1.64996E-04  3.15178E-05
       2       1       4  2.83041E-04  2.01633E-04  2.83041E-06  6.63614E-01  2.73614E-01  3.59499E+00  1.06354E+02 -1.49080E+02 -7.68651E+00  5.53547E+04  6.45843E+04  2.38086E+04 -1.74846E+04  2.75412E+03  1.91971E+03  0.00000E+00  1.88778E-04  1.28550E-05
       2       1       5  2.54302E-04  3.64958E-04  2.54302E-06  1.02322E+00  4.25149E-01  5.20256E+00  6.97462E+01 -9.82858E+01  9.52278E+00  2.34884E+04  2.70519E+04  2.15954E+04 -9.36746E+03 -6.62871E+02  1.75516E+03  0.00000E+00  3.47666E-04  1.72922E-05
       2       1       6  1.95460E-04  1.91612E-04  1.95460E-06  1.22182E+00  5.06134E-01  6.57097E+00  4.88291E+01 -6.74386E+01  1.04129E+01  1.12997E+04  1.46489E+04  2.20195E+04 -5.59658E+03  1.61478E+03  2.85569E+03  0.00000E+00  1.46827E-04  4.47850E-05
       2       1       7  2.05903E-04  2.32404E-04  2.05903E-06  2.31901E+00  9.29330E-01  1.22938E+01  1.17454E+02 -1.56339E+02  3.65535E+00  3.47557E+04  3.81218E+04  2.99010E+04 -1.32019E+04  1.91972E+03  3.32384E+03  0.00000E+00  1.83524E-04  4.88792E-05
       2       1       8  3.44073E-04  4.42986E-04  3.44073E-06  3.42154E+00  1.44488E+00  1.78719E+01  7.47412E+01 -9.92157E+01  9.46246E+00  1.52097E+04  1.66894E+04  2.26077E+04 -5.82752E+03  9.79031E+02  3.34314E+03  0.00000E+00  3.27327E-04  1.15659E-04
       2       1       9  3.39885E-04  4.55844E-04  3.39885E-06  4.41796E+00  1.80238E+00  2.38884E+01  2.42492E+01 -3.46360E+01  3.04676E+00  4.14240E+03  4.80703E+03  8.71766E+03 -1.75072E+03  5.15306E+02  1.33669E+03  0.00000E+00  1.47825E-04  3.08019E-04
       2       1      10  1.55394E-04  1.64047E-04  1.55394E-06  1.27247E+01  5.08548E+00  6.58952E+01  7.91546E+01 -8.37682E+01 -6.61973E+00  2.01385E+04  1.80569E+04  2.20891E+04 -5.41722E+03  1.13456E+03  3.26771E+03  0.00000E+00  9.91745E-05  6.48724E-05
       2       2       1  1.25151E-03  1.03969E-03  1.25151E-05  1.78954E-01  7.39226E-02  4.56065E-01  4.20234E+01 -1.07678E+02 -5.66400E+00  5.42320E+04  3.03104E+04  6.20016E+04  1.03917E+04  3.52661E+03  7.75760E+03  0.00000E+00  8.34520E-04  2.05166E-04
       2       2       2  3.60147E-04  3.26083E-04  3.60147E-06  5.33213E-01  2.20926E-01  1.39759E+00  1.04982E+01 -5.79241E+01  7.33199E-01  4.78418E+04  1.63751E+04  6.32775E+04  1.75769E+04  7.08018E+03  1.73566E+04  0.00000E+00  2.01995E-04  1.24089E-04
       2       2       3  6.19696E-04  5.00487E-04  6.19696E-06  7.60199E-01  3.17406E-01  2.06228E+00  1.29581E+01 -1.08013E+01  1.81906E+00  1.62085E+04  4.43937E+03  3.76039E+04  6.40772E+03  5.11781E+03  1.22190E+04  0.00000E+00  1.87822E-04  3.12665E-04
       2       2       4  8.85672E-04  4.41340E-04  8.85672E-06  1.32856E+00  5.48193E-01  3.33221E+00  6.21233E+01 -1.13918E+02  2.78481E+00  7.04313E+04  4.98257E+04  6.06405E+04  9.33282E+03  6.35180E+03  1.49817E+04  0.00000E+00  3.45377E-04  9.59628E-05
       2       2       5  8.13022E-04  6.90619E-04  8.13022E-06  1.81298E+00  7.49864E-01  4.90159E+00  2.71548E+01 -5.28201E+01  5.44627E-01  3.07823E+04  1.68206E+04  3.63193E+04  1.00574E+04  4.48378E+03  6.82740E+03  0.00000E+00  5.24920E-04  1.65699E-04
       2       2       6  6.58422E-04  5.80803E-04  6.58422E-06  2.65783E+00  1.10886E+00  6.42072E+00  1.00140E+01 -1.43329E+01  9.80413E+00  1.18611E+04  4.07813E+03  2.58889E+04  4.43104E+03  2.56015E+03  8.62574E+03  0.00000E+00  2.31777E-04  3.49026E-04
       2       2       7  6.64083E-04  3.95636E-04  6.64083E-06  4.36280E+00  1.81569E+00  1.13737E+01  2.10740E+01 -7.96854E+01 -7.49832E+00  4.03800E+04  2.08213E+04  4.98845E+04  1.43084E+04  4.61656E+03  1.23503E+04  0.00000E+00  2.60518E-04  1.35118E-04
       2       2       8  1.10639E-03  8.26414E-04  1.10639E-05  6.32033E+00  2.60539E+00  1.69136E+01  1.89072E+01 -4.55251E+01 -4.63098E+00  1.86598E+04  7.94118E+03  2.99347E+04  6.78577E+03  2.45574E+03  6.73133E+03  0.00000E+00  5.01801E-04  3.24614E-04
       2       2       9  1.16841E-03  9.00837E-04  1.16841E-05  8.53352E+00  3.45864E+00  2.28103E+01  6.31184E+00 -1.39391E+01  4.89243E-01  5.47741E+03  2.18167E+03  1.21978E+04  2.02766E+03  1.47094E+03  3.93086E+03  0.00000E+00  2.16207E-04  6.84630E-04
       2       2      10  5.24542E-04  5.86823E-04  5.24542E-06  2.57195E+01  1.06708E+01  6.87923E+01  3.94455E+00 -1.86082E+01 -7.33539E+00  1.17793E+04  4.56577E+03  2.95536E+04  4.95436E+03  3.79396E+03  9.59832E+03  0.00000E+00  1.26326E-04  4.60497E-04
       2       3       1  2.10337E-03  2.17910E-03  2.10337E-05  3.44189E-01  1.43125E-01  5.01027E-01  3.64047E+01 -7.66150E+01 -2.56964E-01  3.44678E+04  2.10895E+04  3.79634E+04  6.27229E+03  5.41359E+02  1.79935E+03  0.00000E+00  1.96801E-03  2.11087E-04
       2       3       2  6.17901E-04  6.27122E-04  6.17901E-06  8.58571E-01  3.48581E-01  1.20907E+00  3.40310E+01 -8.75644E+01  5.09775E+00  4.74570E+04  2.24819E+04  5.11185E+04  1.29880E+04  3.60992E+03  8.49648E+03  0.00000E+00  5.25006E-04  1.02116E-04
       2       3       3  1.05415E-03  1.08660E-03  1.05415E-05  1.27112E+00  5.27850E-01  1.77576E+00  2.71594E+01 -7.41283E+01 -5.38966E+00  1.76352E+04  1.81651E+04  2.61025E+04 -2.31837E+02  4.09621E+03  7.99293E+03  0.00000E+00  8.23262E-04  2.63341E-04
       2       3       4  1.58600E-03  9.84471E-04  1.58600E-05  1.89889E+00  7.91352E-01  2.69761E+00  8.87550E+01 -2.15517E+02 -1.00906E+01  5.41453E+04  8.21177E+04  5.31781E+04 -1.36502E+04  5.40301E+03  1.16717E+04  0.00000E+00  8.02413E-04  1.82058E-04
       2       3       5  1.52422E-03  1.40043E-03  1.52422E-05  3.00298E+00  1.23521E+00  4.11336E+00  3.30857E+01 -9.68355E+01  3.38209E+00  4.01111E+04  2.45899E+04  3.75223E+04  8.35991E+03  3.30107E+03  9.83426E+03  0.00000E+00  1.09713E-03  3.03302E-04
       2       3       6  1.37385E-03  1.64962E-03  1.37385E-05  4.05239E+00  1.65438E+00  5.60705E+00  3.11482E+01 -7.56380E+01 -4.46192E+00  1.59610E+04  1.29165E+04  2.11044E+04  1.24403E+03  2.14824E+03  5.26139E+03  0.00000E+00  1.03113E-03  6.18489E-04
       2       3       7  1.32603E-03  1.23097E-03  1.32603E-05  6.81521E+00  2.81897E+00  9.72286E+00  6.95183E+01 -1.53026E+02  1.16073E+01  3.36809E+04  3.98692E+04  4.21821E+04 -3.47414E+03  8.47136E+02  4.93007E+03  0.00000E+00  1.11497E-03  1.15995E-04
       2       3       8  2.08614E-03  2.32343E-03  2.08614E-05  1.01805E+01  4.19471E+00  1.43883E+01  4.30938E+01 -9.87648E+01 -6.80345E-01  1.89089E+04  1.77636E+04  2.48661E+04  2.64134E+02  1.61573E+03  3.58158E+03  0.00000E+00  2.08933E-03  2.34096E-04
       2       3       9  2.53415E-03  2.85318E-03  2.53415E-05  1.38224E+01  5.72838E+00  1.97097E+01  2.11100E+01 -5.22596E+01 -1.61599E+00  5.85656E+03  5.95035E+03  9.12672E+03  2.41847E+02  8.48424E+02  1.24020E+03  0.00000E+00  2.31340E-03  5.39780E-04
       2       3      10  1.23617E-03  1.21103E-03  1.23617E-05  4.24876E+01  1.72160E+01  5.95441E+01  3.10426E+01 -4.14924E+01  1.95318E+01  1.52289E+04  5.07216E+03  2.40153E+04  4.18206E+03  1.04653E+03  5.39118E+03  0.00000E+00  9.72573E-04  2.38462E-04
       2       4       1  2.92676E-03  3.03136E-03  2.92676E-05  4.61679E-01  1.90059E-01  3.50513E-01  5.46826E+01 -1.28058E+02 -1.76180E+00  3.32774E+04  5.02601E+04  2.68015E+04 -8.67846E+03  8.81442E+02  1.87575E+03  0.00000E+00  2.75903E-03  2.72325E-04
       2       4       2  8.86443E-04  9.85596E-04  8.86443E-06  1.14017E+00  4.73138E-01  8.65638E-01  2.47046E+00  2.67797E+00 -3.08036E+00  4.81762E+04  4.43057E+04  3.02849E+04  1.67713E+03  2.78354E+02  1.45761E+03  0.00000E+00  8.86201E-04  9.93948E-05
       2       4       3  1.48761E-03  1.50550E-03  1.48761E-05  1.62284E+00  6.72237E-01  1.25046E+00  2.04643E+01 -5.10826E+01 -4.51056E-01  1.97663E+04  3.49747E+04  1.78841E+04 -8.17856E+03 -3.60157E+02  1.36136E+03  0.00000E+00  1.34762E-03  1.57881E-04
       2       4       4  2.39050E-03  1.73584E-03  2.39050E-05  2.61965E+00  1.08699E+00  2.04676E+00  5.36680E+01 -1.32658E+02  5.62886E+00  4.78019E+04  9.79740E+04  3.23385E+04 -2.33375E+04 -3.67164E+02  2.27632E+03  0.00000E+00  1.66347E-03  7.23663E-05
       2       4       5  2.45890E-03  3.33747E-03  2.45890E-05  3.95601E+00  1.63036E+00  3.01892E+00  3.67575E+01 -7.89239E+01 -6.19850E-02  3.67520E+04  3.57627E+04  2.21534E+04 -4.65749E+02  9.92487E+02  2.68882E+03  0.00000E+00  3.11376E-03  2.23712E-04
       2       4       6  2.56550E-03  2.91212E-03  2.56550E-05  5.43134E+00  2.27072E+00  4.04653E+00  2.15677E+01 -4.69138E+01  5.14855E+00  1.82916E+04  1.67198E+04  9.92569E+03  3.54439E+02  6.76084E+02  2.22292E+03  0.00000E+00  2.29162E-03  6.20499E-04
       2       4       7  2.61130E-03  2.31055E-03  2.61130E-05  9.19724E+00  3.79743E+00  6.90631E+00  8.14407E+01 -1.99243E+02 -6.09882E+00  3.41375E+04  5.55176E+04  2.68678E+04 -1.04702E+04  1.52283E+03  1.68060E+03  0.00000E+00  2.22273E-03  8.78226E-05
       2       4       8  3.43292E-03  4.42769E-03  3.43292E-05  1.37773E+01  5.71640E+00  1.02803E+01  5.35354E+01 -1.23131E+02  6.43637E+00  2.23596E+04  2.37593E+04  1.54988E+04 -9.11823E+02 -5.70935E+02  5.76361E+02  0.00000E+00  4.24423E-03  1.83462E-04
       2       4       9  4.95536E-03  5.78261E-03  4.95536E-05  1.89897E+01  7.88595E+00  1.39337E+01  2.70896E+01 -6.41937E+01  2.13046E+00  7.09873E+03  7.79820E+03  5.11679E+03 -2.50610E+02  2.17196E+02  1.02559E+03  0.00000E+00  5.20871E-03  5.73902E-04
       2       4      10  3.37115E-03  4.32287E-03  3.37115E-05  4.97163E+01  2.03992E+01  3.60734E+01  7.86399E+01 -1.81848E+02  4.15547E+00  1.67544E+04  4.33988E+04  6.62793E+03 -1.39598E+04  2.39686E+02  1.22403E+03  0.00000E+00  4.09138E-03  2.31493E-04
       2       5       1  3.61378E-03  3.52698E-03  3.61378E-05  5.01842E-01  2.06392E-01  2.30519E-01  5.12077E+01 -1.25627E+02  8.55282E-01  3.16354E+04  4.58313E+04  3.06158E+04 -7.56216E+03  3.04312E+02  1.47643E+03  0.00000E+00  3.05315E-03  4.73836E-04
       2       5       2  1.13122E-03  1.08392E-03  1.13122E-05  1.28401E+00  5.38112E-01  5.95676E-01  4.08814E+00  2.76424E+00 -1.54763E+00  5.23628E+04  4.60856E+04  3.14807E+04  3.32681E+03 -9.74317E+02 -1.89741E+03  0.00000E+00  1.03100E-03  5.29234E-05
       2       5       3  1.85975E-03  1.95148E-03  1.85975E-05  1.83187E+00  7.50536E-01  8.38856E-01  1.94257E+01 -4.88904E+01 -1.40195E+00  3.36451E+04  3.37522E+04  2.45876E+04  6.15514E+02  5.66083E+02 -1.91803E+03  0.00000E+00  1.74217E-03  2.09311E-04
       2       5       4  3.18075E-03  1.92197E-03  3.18075E-05  2.93149E+00  1.20826E+00  1.33544E+00  4.11523E+01 -9.78474E+01  5.94232E+00  4.91151E+04  6.60895E+04  5.50020E+04 -8.87329E+03  1.26426E+03  6.06488E+02  0.00000E+00  1.85277E-03  6.92032E-05
       2       5       5  3.51967E-03  3.62887E-03  3.51967E-05  4.45413E+00  1.85227E+00  2.08541E+00  2.84309E+01 -6.79618E+01 -2.15841E+00  3.68262E+04  3.29954E+04  2.72432E+04  2.93320E+03  3.77781E+02  2.04208E+03  0.00000E+00  3.46428E-03  1.64588E-04
       2       5       6  4.23020E-03  4.44472E-03  4.23020E-05  6.13922E+00  2.54789E+00  2.84337E+00  2.71048E+01 -5.44395E+01  1.27012E-01  2.90031E+04  1.73103E+04  1.35000E+04  5.10698E+03  9.75004E+02  2.05591E+03  0.00000E+00  3.85544E-03  5.89279E-04
       2       5       7  5.15791E-03  3.18994E-03  5.15791E-05  1.01511E+01  4.20006E+00  4.65430E+00  6.99711E+01 -1.54982E+02  4.18364E-01  4.60606E+04  4.12899E+04  3.31519E+04  2.01653E+03  1.77953E+03  3.77655E+03  0.00000E+00  2.90058E-03  2.89362E-04
       2       5       8  5.50679E-03  5.94449E-03  5.50679E-05  1.53690E+01  6.32621E+00  7.10149E+00  4.06060E+01 -1.02598E+02  6.36994E+00  2.76349E+04  1.95201E+04  1.60421E+04  3.83702E+03  2.22559E+02  2.95272E+03  0.00000E+00  5.27383E-03  6.70659E-04
       2       5       9  8.50225E-03  8.25966E-03  8.50225E-05  2.14114E+01  8.85300E+00  9.66661E+00  2.19450E+01 -5.28270E+01 -2.74678E+00  8.21178E+03  6.49535E+03  4.87299E+03  9.56955E+02  6.99767E+02  6.30300E+02  0.00000E+00  6.51411E-03  1.74555E-03
       2       5      10  9.59180E-03  5.53486E-03  9.59180E-05  5.42642E+01  2.24363E+01  2.50445E+01  7.53113E+01 -1.75438E+02  3.05151E+00  1.72712E+04  3.96747E+04  1.21310E+04 -1.12559E+04  1.05203E+02  1.12782E+03  0.00000E+00  5.23863E-03  2.96225E-04
       2       6       1  4.01451E-03  4.03778E-03  4.01451E-05  5.47374E-01  2.25715E-01  7.86424E-02  4.27337E+01 -1.08023E+02 -7.08564E-01  3.77054E+04  3.50546E+04  3.09958E+04  6.14157E+02  2.27351E+02 -1.78133E+02  0.00000E+00  3.67669E-03  3.61091E-04
       2       6       2  1.28469E-03  1.31445E-03  1.28469E-05  1.38275E+00  5.73709E-01  1.96977E-01 -1.18000E+01  3.15963E+01  5.53009E-01  5.04509E+04  4.56887E+04  2.89521E+04  1.85113E+03 -5.83871E+02  1.28431E+02  0.00000E+00  1.23897E-03  7.54798E-05
       2       6       3  2.08115E-03  2.15497E-03  2.08115E-05  2.01355E+00  8.28263E-01  2.83382E-01  2.50644E+01 -4.79530E+01  1.29689E+00  3.18913E+04  2.33846E+04  2.39036E+04  3.60122E+03 -1.20261E+02 -1.01407E+03  0.00000E+00  1.95283E-03  2.02141E-04
       2       6       4  3.69755E-03  2.94916E-03  3.69755E-05  3.16190E+00  1.31338E+00  4.57251E-01  4.16365E+01 -9.74155E+01  3.78453E+00  4.60736E+04  8.10971E+04  4.21311E+04 -1.80246E+04  4.71011E+02  1.86669E+03  0.00000E+00  2.75992E-03  1.89241E-04
       2       6       5  4.29502E-03  4.64174E-03  4.29502E-05  4.81692E+00  1.99838E+00  6.89518E-01  2.25590E+01 -6.35090E+01 -5.88370E+00  3.61256E+04  4.06015E+04  1.81055E+04 -2.25159E+03  1.26919E+03  1.75379E+03  0.00000E+00  4.35026E-03  2.91478E-04
       2       6       6  5.62474E-03  6.07841E-03  5.62474E-05  6.54812E+00  2.70384E+00  9.30377E-01  2.97651E+01 -7.78861E+01  2.07806E+00  2.25035E+04  3.31191E+04  1.13506E+04 -4.93159E+03  5.29622E+02  1.23780E+03  0.00000E+00  5.67545E-03  4.02958E-04
       2       6       7  8.07769E-03  6.02054E-03  8.07769E-05  1.09602E+01  4.53521E+00  1.62229E+00  1.02529E+02 -2.43982E+02 -1.70054E-01  4.49528E+04  7.98744E+04  1.93533E+04 -1.75484E+04  6.95609E+02  1.77541E+03  0.00000E+00  5.63128E-03  3.89265E-04
       2       6       8  8.17723E-03  1.00408E-02  8.17723E-05  1.65221E+01  6.84717E+00  2.38746E+00  6.56680E+01 -1.53353E+02  1.53654E+00  3.49143E+04  3.56111E+04  1.00084E+04 -4.02052E+02  1.05637E+02  9.46801E+02  0.00000E+00  9.30107E-03  7.39699E-04
       2       6       9  1.16565E-02  1.23858E-02  1.16565E-04  2.26565E+01  9.30820E+00  3.28671E+00  3.81572E+01 -9.17135E+01 -1.45413E+00  2.16256E+04  1.63808E+04  4.34328E+03  2.46482E+03  2.38899E+02  2.10938E+02  0.00000E+00  1.04922E-02  1.89359E-03
       2       6      10  1.92830E-02  2.22841E-02  1.92830E-04  6.70930E+01  2.77499E+01  9.29810E+00  3.50496E+01 -8.39949E+01  3.63794E-01  3.04631E+04  1.50595E+04  4.37017E+03  7.72976E+03  1.23496E+01  4.82637E+01  0.00000E+00  2.19474E-02  3.36754E-04
       3       1       1  4.13818E-04  4.36741E-04  4.13818E-06  8.58903E-02  6.61408E-02  5.51261E-01  1.00744E+02 -1.24194E+02  3.23093E+00  4.80399E+04  5.03830E+04  6.93903E+04 -5.07597E+03  7.39247E+03  7.54938E+03  0.00000E+00  3.19004E-04  1.17737E-04
       3       1       2  1.17932E-04  1.34255E-04  1.17932E-06  2.31801E-01  1.76615E-01  1.45153E+00  1.24287E+02 -8.64679E+01  1.14760E+01  4.16800E+04  2.83668E+04  6.74143E+04 -2.56066E+03  5.00079E+03  6.68569E+03  0.00000E+00  1.04710E-04  2.95453E-05
       3       1       3  2.03491E-04  2.38498E-04  2.03491E-06  3.40244E-01  2.62824E-01  2.10367E+00  4.81945E+01 -5.14844E+01  4.64715E+00  2.05770E+04  1.47437E+04  2.59740E+04  4.33731E+03  2.59026E+03  3.55880E+03  0.00000E+00  1.61780E-04  7.67183E-05
       3       1       4  2.83025E-04  1.91043E-04  2.83025E-06  5.61784E-01  4.31278E-01  3.61317E+00  1.39355E+02 -1.08263E+02  6.51474E+00  6.61132E+04  5.16711E+04  2.48833E+04 -1.66520E+04  2.68338E+03  2.16233E+03  0.00000E+00  1.77241E-04  1.38015E-05
       3       1       5  2.54289E-04  3.49847E-04  2.54289E-06  8.19607E-01  6.29110E-01  5.17286E+00  1.04820E+02 -6.94168E+01 -1.74097E+00  3.16222E+04  1.89789E+04  2.50560E+04 -1.08405E+04  1.14789E+03  1.24816E+03  0.00000E+00  3.27739E-04  2.21077E-05
       3       1       6  1.95448E-04  2.14824E-04  1.95448E-06  1.07793E+00  8.22906E-01  6.62710E+00  5.20626E+01 -5.50713E+01 -1.16109E+01  1.26521E+04  1.18104E+04  2.78071E+04 -5.08346E+03  2.56293E+03  4.01042E+03  0.00000E+00  1.51547E-04  6.32770E-05
       3       1       7  2.05895E-04  2.50932E-04  2.05895E-06  1.90273E+00  1.45138E+00  1.21648E+01  1.27516E+02 -1.04715E+02 -2.59257E+01  3.58167E+04  2.69687E+04  4.21802E+04 -1.08269E+04  3.87125E+03  5.64286E+03  0.00000E+00  1.68440E-04  8.24916E-05
       3       1       8  3.44059E-04  4.72464E-04  3.44059E-06  2.79396E+00  2.12462E+00  1.77446E+01  8.27824E+01 -6.94918E+01 -3.66785E+01  1.63983E+04  1.16512E+04  2.71953E+04 -5.29294E+03  2.40073E+03  2.42555E+03  0.00000E+00  3.03192E-04  1.69272E-04
       3       1       9  3.39862E-04  5.31856E-04  3.39862E-06  3.98243E+00  3.02220E+00  2.40152E+01  2.70896E+01 -2.65562E+01 -1.57403E+01  4.62401E+03  3.19803E+03  8.07192E+03 -1.41506E+03  9.09320E+02  1.35221E+03  0.00000E+00  1.49836E-04  3.82020E-04
       3       1      10  1.55386E-04  1.41197E-04  1.55386E-06  9.97129E+00  7.18699E+00  6.67635E+01  1.01600E+02 -6.36660E+01 -1.13807E+00  2.29977E+04  1.49675E+04  2.09213E+04 -5.46478E+03  1.77818E+03  1.94618E+03  0.00000E+00  8.58131E-05  5.53836E-05
       3       2       1  1.25127E-03  1.03862E-03  1.25127E-05  1.55875E-01  1.19636E-01  4.64102E-01  6.94528E+01 -9.33816E+01  5.39027E+00  4.89976E+04  3.72367E+04  6.28924E+04  1.59317E+04  5.35024E+03  8.78344E+03  0.00000E+00  8.25611E-04  2.13008E-04
       3       2       2  3.60062E-04  3.32381E-04  3.60062E-06  4.53104E-01  3.42411E-01  1.39919E+00  2.98146E+01 -4.41506E+01  4.61385E+00  3.53946E+04  2.62896E+04  7.19456E+04  2.23976E+04  1.19596E+04  1.76092E+04  0.00000E+00  1.80374E-04  1.52007E-04
       3       2       3  6.19588E-04  5.60411E-04  6.19588E-06  6.56365E-01  5.02541E-01  2.06685E+00  1.52881E+01 -6.81720E+00 -1.35167E+00  1.09977E+04  6.97333E+03  3.47858E+04  7.21358E+03  7.23384E+03  9.76005E+03  0.00000E+00  1.78142E-04  3.82269E-04
       3       2       4  8.85421E-04  4.35108E-04  8.85421E-06  1.12572E+00  8.48355E-01  3.30522E+00  8.90048E+01 -1.10913E+02 -3.30158E+00  6.51974E+04  6.29116E+04  6.33346E+04  9.41840E+03  9.94038E+03  1.34357E+04  0.00000E+00  3.18647E-04  1.16461E-04
       3       2       5  8.12791E-04  6.65017E-04  8.12791E-06  1.61824E+00  1.25247E+00  4.82681E+00  2.80606E+01 -4.59521E+01  5.14245E+00  2.24201E+04  2.22067E+04  4.11842E+04  1.27264E+04  7.89466E+03  1.03595E+04  0.00000E+00  4.77689E-04  1.87329E-04
       3       2       6  6.58213E-04  6.94654E-04  6.58213E-06  2.32289E+00  1.75033E+00  6.53976E+00  1.69583E+01 -6.39933E+00 -5.67261E-01  9.30754E+03  5.29816E+03  2.82756E+04  4.62167E+03  6.35516E+03  7.53480E+03  0.00000E+00  2.12899E-04  4.81754E-04
       3       2       7  6.63931E-04  4.18149E-04  6.63931E-06  3.73287E+00  2.84476E+00  1.12280E+01  4.57814E+01 -6.35345E+01  9.62511E+00  2.88884E+04  2.79003E+04  5.78039E+04  1.37041E+04  1.02899E+04  1.41407E+04  0.00000E+00  2.27927E-04  1.90222E-04
       3       2       8  1.10617E-03  7.86776E-04  1.10617E-05  5.38375E+00  4.17051E+00  1.66958E+01  2.94644E+01 -3.80176E+01  5.02069E+00  1.41870E+04  1.20885E+04  3.22858E+04  8.40997E+03  5.91085E+03  7.67181E+03  0.00000E+00  4.33419E-04  3.53356E-04
       3       2       9  1.16799E-03  8.69669E-04  1.16799E-05  7.15129E+00  5.58411E+00  2.29322E+01  9.73276E+00 -1.25690E+01  5.03119E+00  3.98614E+03  3.42729E+03  1.14323E+04  2.41861E+03  2.27061E+03  2.87117E+03  0.00000E+00  1.96095E-04  6.73574E-04
       3       2      10  5.24348E-04  4.80136E-04  5.24348E-06  2.36209E+01  1.84767E+01  6.67859E+01  1.51914E+01 -1.83060E+01  1.16986E+01  9.33754E+03  9.54940E+03  2.90695E+04  6.64812E+03  6.27607E+03  8.83665E+03  0.00000E+00  1.15108E-04  3.65028E-04
       3       3       1  2.10239E-03  2.18242E-03  2.10239E-05  2.93179E-01  2.25591E-01  4.96438E-01  4.72255E+01 -6.97989E+01  1.21195E+00  3.06834E+04  2.50040E+04  3.82933E+04  9.37957E+03  9.54744E+02  1.66681E+03  0.00000E+00  1.95080E-03  2.31621E-04
       3       3       2  6.17520E-04  6.19089E-04  6.17520E-06  7.29920E-01  5.58731E-01  1.21449E+00  5.79925E+01 -7.55314E+01 -5.21857E+00  4.02083E+04  3.10935E+04  5.71545E+04  1.77993E+04  7.32647E+03  9.21396E+03  0.00000E+00  4.83286E-04  1.35803E-04
       3       3       3  1.05370E-03  1.06882E-03  1.05370E-05  1.09476E+00  8.46556E-01  1.77974E+00  4.90826E+01 -6.06644E+01  3.12132E+00  1.79207E+04  1.82171E+04  2.71627E+04  1.24881E+02  6.29676E+03  9.20293E+03  0.00000E+00  8.11142E-04  2.57673E-04
       3       3       4  1.58486E-03  9.89515E-04  1.58486E-05  1.64439E+00  1.26779E+00  2.70047E+00  1.37330E+02 -1.78823E+02  5.30301E+00  6.21555E+04  7.12575E+04  5.24832E+04 -1.67763E+04  7.98027E+03  1.38108E+04  0.00000E+00  7.87014E-04  2.02501E-04
       3       3       5  1.52303E-03  1.39419E-03  1.52303E-05  2.56392E+00  1.96271E+00  4.13213E+00  7.70159E+01 -6.74138E+01  1.30532E+00  3.82891E+04  2.77822E+04  3.67751E+04  1.12564E+04  6.05644E+03  7.43894E+03  0.00000E+00  1.04100E-03  3.53190E-04
       3       3       6  1.37264E-03  1.58562E-03  1.37264E-05  3.48074E+00  2.66716E+00  5.59205E+00  5.05147E+01 -6.82454E+01  3.11222E+00  1.49290E+04  1.42889E+04  2.16513E+04  1.67886E+03  2.57656E+03  3.71629E+03  0.00000E+00  9.81922E-04  6.03701E-04
       3       3       7  1.32493E-03  1.17427E-03  1.32493E-05  5.83584E+00  4.47056E+00  9.76495E+00  1.07396E+02 -1.37490E+02  1.23240E+00  3.71266E+04  3.92590E+04  4.12536E+04 -5.64020E+03  2.64559E+03  3.21945E+03  0.00000E+00  1.07499E-03  9.92849E-05
       3       3       8  2.08505E-03  2.41202E-03  2.08505E-05  8.74245E+00  6.71213E+00  1.44365E+01  6.63150E+01 -8.43486E+01  3.01378E+00  1.82852E+04  1.76836E+04  2.44907E+04  3.60418E+02  1.12783E+03  2.04768E+03  0.00000E+00  2.12381E-03  2.88204E-04
       3       3       9  2.53168E-03  3.14481E-03  2.53168E-05  1.18932E+01  9.18247E+00  1.97249E+01  3.41200E+01 -4.02166E+01  1.15801E+00  6.27256E+03  5.61255E+03  9.37781E+03  4.31032E+02  8.35011E+02  1.66928E+03  0.00000E+00  2.34916E-03  7.95650E-04
       3       3      10  1.23430E-03  1.30003E-03  1.23430E-05  3.42405E+01  2.72461E+01  5.83928E+01  2.73977E+01 -3.69789E+01 -1.70789E+01  1.22812E+04  9.50816E+03  2.72972E+04  7.12658E+03  4.64502E+03  3.90164E+03  0.00000E+00  8.59523E-04  4.40506E-04
       3       4       1  2.92441E-03  3.21690E-03  2.92441E-05  3.96747E-01  3.06237E-01  3.52715E-01  7.83400E+01 -1.10651E+02  2.26825E+00  3.88604E+04  4.54984E+04  2.68876E+04 -1.05672E+04  1.08300E+03  1.40656E+03  0.00000E+00  2.88647E-03  3.30433E-04
       3       4       2  8.85423E-04  9.78342E-04  8.85423E-06  9.79620E-01  7.56010E-01  8.59044E-01  2.00344E-01 -1.44656E+00  8.07184E-01  5.02223E+04  4.74847E+04  2.83764E+04  3.87203E+03 -1.83389E+00  1.30213E+02  0.00000E+00  8.86243E-04  9.20991E-05
       3       4       3  1.48652E-03  1.57247E-03  1.48652E-05  1.39826E+00  1.07833E+00  1.26470E+00  3.20141E+01 -4.28760E+01 -1.61160E+00  2.18429E+04  2.83133E+04  1.81976E+04 -9.61122E+03  2.41902E+03 -2.57100E+02  0.00000E+00  1.39940E-03  1.73067E-04
       3       4       4  2.38740E-03  1.73746E-03  2.38740E-05  2.25234E+00  1.72749E+00  2.06238E+00  8.95892E+01 -1.08562E+02  1.73224E+00  6.46385E+04  7.93434E+04  3.20516E+04 -3.32623E+04  2.28054E+03  1.87443E+03  0.00000E+00  1.66754E-03  6.99198E-05
       3       4       5  2.45509E-03  3.25358E-03  2.45509E-05  3.38994E+00  2.61263E+00  3.01486E+00  5.56698E+01 -7.24058E+01  4.20627E+00  3.70572E+04  3.78778E+04  2.03607E+04 -6.81015E+02 -1.64256E+02  1.25338E+03  0.00000E+00  3.03416E-03  2.19415E-04
       3       4       6  2.56114E-03  3.33008E-03  2.56114E-05  4.64022E+00  3.58593E+00  4.08753E+00  3.14065E+01 -3.82215E+01 -1.46807E+00  1.66765E+04  1.59451E+04  9.97719E+03  1.08832E+03  2.07738E+03  2.77425E+03  0.00000E+00  2.51248E-03  8.17602E-04
       3       4       7  2.60548E-03  2.36831E-03  2.60548E-05  7.86635E+00  6.04501E+00  6.93309E+00  1.30360E+02 -1.72486E+02  5.82819E+00  4.06017E+04  4.90048E+04  2.74651E+04 -1.43469E+04  2.08336E+02  2.02679E+03  0.00000E+00  2.26779E-03  1.00514E-04
       3       4       8  3.42884E-03  4.34905E-03  3.42884E-05  1.18822E+01  9.10132E+00  1.02377E+01  7.86107E+01 -1.06804E+02 -1.65036E-01  2.25742E+04  2.30081E+04  1.55353E+04 -1.04108E+03  1.97366E+03  2.10869E+03  0.00000E+00  4.14821E-03  2.00841E-04
       3       4       9  4.94630E-03  5.59320E-03  4.94630E-05  1.62884E+01  1.24853E+01  1.40112E+01  4.40582E+01 -5.60579E+01  2.41883E+00  7.56295E+03  7.70295E+03  4.92853E+03 -3.96238E+02  3.55544E+01  1.86430E+02  0.00000E+00  5.19678E-03  3.96420E-04
       3       4      10  3.35789E-03  4.13393E-03  3.35789E-05  4.19294E+01  3.21617E+01  3.51134E+01  1.25686E+02 -1.63590E+02 -5.47430E+00  2.58786E+04  3.63394E+04  7.41802E+03 -1.97102E+04  6.00141E+02  3.89120E+02  0.00000E+00  3.96411E-03  1.69822E-04
       3       5       1  3.60976E-03  3.65498E-03  3.60976E-05  4.27053E-01  3.29303E-01  2.29507E-01  7.79479E+01 -1.06293E+02  7.42032E-01  3.53494E+04  4.04871E+04  3.06610E+04 -9.31991E+03  8.78995E+02  8.30957E+02  0.00000E+00  3.09995E-03  5.55024E-04
       3       5       2  1.12929E-03  1.07133E-03  1.12929E-05  1.10342E+00  8.53923E-01  5.97992E-01  1.24169E+00  1.42454E+00 -1.80745E+00  5.34953E+04  4.95628E+04  3.08831E+04  5.95485E+03 -1.23284E+03 -1.60357E+03  0.00000E+00  9.82076E-04  8.92557E-05
       3       5       3  1.85785E-03  1.83901E-03  1.85785E-05  1.56472E+00  1.20143E+00  8.42177E-01  3.56704E+01 -4.09176E+01 -1.92473E+00  3.70355E+04  3.54136E+04  2.55144E+04  1.29596E+03  1.49388E+02 -1.22483E+03  0.00000E+00  1.67033E-03  1.68681E-04
       3       5       4  3.17487E-03  1.85848E-03  3.17487E-05  2.52011E+00  1.93927E+00  1.34355E+00  6.48506E+01 -8.39016E+01 -4.32250E+00  5.48836E+04  6.13107E+04  5.40270E+04 -1.19421E+04  6.15236E+02  1.24727E+03  0.00000E+00  1.78518E-03  7.33068E-05
       3       5       5  3.51124E-03  3.51517E-03  3.51124E-05  3.82541E+00  2.92326E+00  2.06685E+00  4.05942E+01 -5.87513E+01 -4.63482E-01  3.58074E+04  3.50536E+04  2.72613E+04  3.60093E+03  7.20140E+02  1.57776E+03  0.00000E+00  3.31368E-03  2.01488E-04
       3       5       6  4.21943E-03  4.45700E-03  4.21943E-05  5.27947E+00  4.07706E+00  2.83597E+00  3.50050E+01 -4.58064E+01  7.75554E-01  2.64364E+04  2.19156E+04  1.40162E+04  8.86031E+03  1.84303E+03  2.40006E+03  0.00000E+00  3.70736E-03  7.49639E-04
       3       5       7  5.13656E-03  3.29704E-03  5.13656E-05  8.70060E+00  6.74107E+00  4.64884E+00  9.61725E+01 -1.32735E+02 -1.90683E+00  4.48408E+04  4.37717E+04  3.14820E+04  4.98020E+03  3.69468E+03  3.73854E+03  0.00000E+00  2.85752E-03  4.39518E-04
       3       5       8  5.48998E-03  6.24361E-03  5.48998E-05  1.31641E+01  1.02098E+01  6.98797E+00  6.58828E+01 -8.24549E+01  6.11598E+00  2.51391E+04  2.20302E+04  1.57959E+04  6.33609E+03  1.70683E+03  3.31703E+03  0.00000E+00  5.26692E-03  9.76695E-04
       3       5       9  8.47926E-03  9.50938E-03  8.47926E-05  1.83937E+01  1.43343E+01  9.70020E+00  2.97603E+01 -4.14259E+01  1.31319E+00  7.25083E+03  6.81104E+03  4.69328E+03  1.63197E+03  7.55046E+02  9.54789E+02  0.00000E+00  6.63622E-03  2.87316E-03
       3       5      10  9.52467E-03  5.52198E-03  9.52467E-05  4.64328E+01  3.55377E+01  2.49385E+01  1.13696E+02 -1.52461E+02 -1.82097E+00  2.45745E+04  3.27507E+04  1.24237E+04 -1.49248E+04  3.26543E+02  8.56286E+02  0.00000E+00  5.12260E-03  3.99381E-04
       3       6       1  4.00929E-03  4.13602E-03  4.00929E-05  4.67158E-01  3.60582E-01  8.09159E-02  6.54979E+01 -9.22785E+01 -1.59569E-01  3.61949E+04  3.56041E+04  3.00465E+04  2.27011E+03  6.03050E+02  3.40735E+02  0.00000E+00  3.73908E-03  3.96940E-04
       3       6       2  1.28202E-03  1.29078E-03  1.28202E-05  1.18983E+00  9.15844E-01  1.98243E-01 -2.13273E+01  2.89707E+01 -1.10093E+00  5.05951E+04  4.88833E+04  2.83047E+04  4.38120E+03 -3.66511E+02 -6.65342E+02  0.00000E+00  1.21436E-03  7.64181E-05
       3       6       3  2.07866E-03  2.13632E-03  2.07866E-05  1.73327E+00  1.33851E+00  2.82129E-01  2.98181E+01 -4.33105E+01  1.91293E+00  3.16792E+04  2.95521E+04  2.40517E+04  7.98759E+03 -1.88946E+03 -9.18357E+02  0.00000E+00  1.85598E-03  2.80337E-04
       3       6       4  3.68945E-03  2.99384E-03  3.68945E-05  2.70942E+00  2.09174E+00  4.53013E-01  6.25930E+01 -8.30931E+01 -2.25708E+00  5.92183E+04  7.20574E+04  4.02742E+04 -2.13077E+04  9.18692E+02  5.72863E+02  0.00000E+00  2.73031E-03  2.63525E-04
       3       6       5  4.28228E-03  4.78737E-03  4.28228E-05  4.11527E+00  3.18070E+00  6.84980E-01  4.16307E+01 -5.12774E+01  3.05019E+00  3.97941E+04  4.01380E+04  1.93595E+04  1.75627E+02  1.97277E+03  2.88584E+03  0.00000E+00  4.36736E-03  4.20009E-04
       3       6       6  5.60737E-03  6.24427E-03  5.60737E-05  5.62537E+00  4.33165E+00  9.41419E-01  5.02574E+01 -6.33853E+01 -2.69871E+00  2.72220E+04  3.01973E+04  1.11327E+04 -4.79380E+03  1.82062E+03  1.44810E+03  0.00000E+00  5.69368E-03  5.50583E-04
       3       6       7  8.03375E-03  6.17544E-03  8.03375E-05  9.37700E+00  7.22574E+00  1.63230E+00  1.56736E+02 -2.02149E+02 -1.39528E+00  5.64629E+04  6.78021E+04  1.91313E+04 -2.12823E+04  1.72545E+03  1.69903E+03  0.00000E+00  5.57286E-03  6.02581E-04
       3       6       8  8.13071E-03  1.03607E-02  8.13071E-05  1.41749E+01  1.09223E+01  2.41528E+00  9.73499E+01 -1.27064E+02  2.99925E+00  3.52697E+04  3.52807E+04  9.17098E+03  9.62700E+02  6.37614E+02  1.44685E+03  0.00000E+00  9.20762E-03  1.15311E-03
       3       6       9  1.16158E-02  1.31759E-02  1.16158E-04  1.94972E+01  1.51225E+01  3.42984E+00  5.64014E+01 -7.25121E+01  1.00238E+00  1.92989E+04  1.72409E+04  3.92733E+03  3.87184E+03  5.14499E+02  6.10318E+02  0.00000E+00  1.03452E-02  2.83068E-03
       3       6      10  1.91019E-02  2.23930E-02  1.91019E-04  5.74776E+01  4.41823E+01  9.34879E+00  5.53957E+01 -7.19797E+01 -1.50597E-01  2.56845E+04  2.00789E+04  4.35780E+03  1.06267E+04 -2.98269E+01  2.04395E+01  0.00000E+00  2.18356E-02  5.57428E-04
       4       1       1  4.13799E-04  4.35215E-04  4.13799E-06  6.39794E-02  8.31228E-02  5.43377E-01  1.25748E+02 -9.60746E+01  8.46989E-01  5.24764E+04  5.36337E+04  6.71982E+04 -3.35563E+03  6.79334E+03  5.78052E+03  0.00000E+00  3.10014E-04  1.25201E-04
       4       1       2  1.17925E-04  1.22731E-04  1.17925E-06  1.67561E-01  2.18045E-01  1.44558E+00  1.33752E+02 -5.39360E+01 -7.74078E+00  4.22092E+04  2.89121E+04  6.77383E+04 -2.77291E+03  7.01462E+03  8.29202E+03  0.00000E+00  9.52269E-05  2.75037E-05
       4       1       3  2.03483E-04  2.00038E-04  2.03483E-06  2.41608E-01  3.16223E-01  2.09462E+00  8.19439E+01 -2.18604E+01  5.97064E+00  2.05960E+04  1.67821E+04  2.63320E+04  4.49185E+03  4.50032E+03  2.91453E+03  0.00000E+00  1.56671E-04  4.33677E-05
       4       1       4  2.83006E-04  1.85540E-04  2.83006E-06  4.17246E-01  5.45725E-01  3.64159E+00  1.54738E+02 -7.26193E+01  1.14011E+01  7.33437E+04  4.26287E+04  2.76873E+04 -1.08538E+04  1.61384E+03  2.71013E+03  0.00000E+00  1.70424E-04  1.51155E-05
       4       1       5  2.54273E-04  3.29504E-04  2.54273E-06  5.95388E-01  7.66845E-01  5.22010E+00  1.13171E+02 -5.25510E+01  1.94216E+00  3.33574E+04  1.59775E+04  2.60089E+04 -9.31652E+03  1.92208E+03  1.31856E+02  0.00000E+00  3.04142E-04  2.53623E-05
       4       1       6  1.95435E-04  2.35186E-04  1.95435E-06  8.16505E-01  1.06458E+00  6.69420E+00  5.88050E+01 -3.01813E+01 -6.26522E+00  1.35906E+04  8.36406E+03  2.42587E+04 -2.93223E+03  2.90120E+03  3.50599E+03  0.00000E+00  1.49449E-04  8.57374E-05
       4       1       7  2.05886E-04  2.02215E-04  2.05886E-06  1.42846E+00  1.82897E+00  1.22496E+01  1.70882E+02 -8.45872E+01 -1.89857E+01  4.56890E+04  2.54158E+04  3.26417E+04 -1.00858E+04  4.77868E+03  3.23486E+03  0.00000E+00  1.54362E-04  4.78530E-05
       4       1       8  3.44043E-04  3.72032E-04  3.44043E-06  2.10262E+00  2.70381E+00  1.79147E+01  1.23963E+02 -5.63189E+01  1.44649E+01  2.18461E+04  1.19085E+04  1.99075E+04 -5.30547E+03  2.05806E+03  1.20891E+03  0.00000E+00  2.96153E-04  7.58793E-05
       4       1       9  3.39836E-04  3.38442E-04  3.39836E-06  2.88640E+00  3.73672E+00  2.37197E+01  5.12956E+01 -1.92964E+01  7.09992E+00  7.04399E+03  3.61711E+03  6.97974E+03 -1.69073E+03  1.21107E+03  5.91777E+02  0.00000E+00  1.32741E-04  2.05701E-04
       4       1      10  1.55377E-04  1.69423E-04  1.55377E-06  8.42866E+00  1.18403E+01  7.10563E+01  8.36358E+01 -3.10524E+01  1.63034E+01  1.79778E+04  1.03630E+04  2.07184E+04 -2.95527E+03  3.26875E+03  1.94849E+03  0.00000E+00  7.53097E-05  9.41133E-05
       4       2       1  1.25099E-03  1.06378E-03  1.25099E-05  1.17374E-01  1.53330E-01  4.58619E-01  8.99609E+01 -7.16484E+01  2.23328E+00  4.17078E+04  4.70206E+04  6.67487E+04  1.59654E+04  7.19680E+03  6.22696E+03  0.00000E+00  8.42750E-04  2.21029E-04
       4       2       2  3.59965E-04  3.09661E-04  3.59965E-06  3.40392E-01  4.46586E-01  1.39632E+00  3.95779E+01 -3.37656E+01  7.65002E+00  2.26853E+04  3.47266E+04  7.27628E+04  1.94663E+04  1.79034E+04  1.49260E+04  0.00000E+00  1.54904E-04  1.54757E-04
       4       2       3  6.19464E-04  5.44567E-04  6.19464E-06  4.90621E-01  6.45764E-01  2.07157E+00  1.09268E+01 -9.75712E+00 -2.75954E+00  6.37367E+03  9.94416E+03  3.15168E+04  6.47559E+03  9.11360E+03  6.71478E+03  0.00000E+00  1.54214E-04  3.90353E-04
       4       2       4  8.85130E-04  3.49837E-04  8.85130E-06  8.44878E-01  1.09890E+00  3.26263E+00  1.17575E+02 -1.01524E+02 -1.50758E+01  5.89101E+04  7.12767E+04  6.30423E+04  2.62401E+03  1.51316E+04  9.09160E+03  0.00000E+00  2.53830E-04  9.60066E-05
       4       2       5  8.12525E-04  7.39512E-04  8.12525E-06  1.27670E+00  1.66275E+00  4.80577E+00  4.78963E+01 -3.07666E+01  3.42904E+00  2.03568E+04  2.53950E+04  3.68251E+04  1.13289E+04  6.82161E+03  6.76248E+03  0.00000E+00  5.26371E-04  2.13140E-04
       4       2       6  6.57970E-04  6.73317E-04  6.57970E-06  1.70994E+00  2.28543E+00  6.67823E+00  9.89291E+00 -8.66093E+00 -8.67059E+00  3.65855E+03  5.49066E+03  2.10676E+04  2.28544E+03  6.47701E+03  3.74289E+03  0.00000E+00  1.26376E-04  5.46941E-04
       4       2       7  6.63755E-04  3.01593E-04  6.63755E-06  2.86820E+00  3.72248E+00  1.12747E+01  8.36583E+01 -5.63498E+01  4.01248E-01  2.89360E+04  3.68922E+04  5.09769E+04  1.29759E+04  1.11283E+04  9.23519E+03  0.00000E+00  2.00967E-04  1.00625E-04
       4       2       8  1.10591E-03  6.48811E-04  1.10591E-05  4.18746E+00  5.44564E+00  1.67443E+01  4.39409E+01 -3.64468E+01 -7.26447E+00  1.08053E+04  1.73654E+04  3.04567E+04  7.75869E+03  5.99000E+03  4.69815E+03  0.00000E+00  3.86658E-04  2.62152E-04
       4       2       9  1.16750E-03  8.26492E-04  1.16750E-05  6.06713E+00  7.69722E+00  2.27038E+01  1.01252E+01 -1.47143E+01 -3.93984E-02  2.98298E+03  4.94787E+03  1.27013E+04  2.43312E+03  3.98920E+03  3.25950E+03  0.00000E+00  1.80508E-04  6.45985E-04
       4       2      10  5.24125E-04  5.60402E-04  5.24125E-06  1.82644E+01  2.44623E+01  6.72344E+01  8.66636E+00 -2.11537E+01 -1.16555E+01  5.19828E+03  1.06732E+04  3.10389E+04  4.93249E+03  9.95007E+03  7.60013E+03  0.00000E+00  9.73882E-05  4.63014E-04
       4       3       1  2.10126E-03  2.13080E-03  2.10126E-05  2.23669E-01  2.90916E-01  4.91057E-01  6.76314E+01 -4.80352E+01  2.91523E+00  2.61064E+04  2.86146E+04  3.84689E+04  9.16437E+03  4.93635E+02  5.23755E+02  0.00000E+00  1.97789E-03  1.52905E-04
       4       3       2  6.17082E-04  6.01431E-04  6.17082E-06  5.55807E-01  7.31312E-01  1.21382E+00  8.03215E+01 -5.99460E+01  3.39140E+00  3.06206E+04  4.03330E+04  5.22461E+04  1.65674E+04  8.91690E+03  7.28912E+03  0.00000E+00  4.92776E-04  1.08655E-04
       4       3       3  1.05318E-03  9.72099E-04  1.05318E-05  8.38407E-01  1.08855E+00  1.77248E+00  7.13776E+01 -5.19112E+01 -3.96232E+00  1.95434E+04  1.80280E+04  2.63335E+04 -1.47806E+03  6.74272E+03  4.30808E+03  0.00000E+00  7.96262E-04  1.75837E-04
       4       3       4  1.58354E-03  9.62329E-04  1.58354E-05  1.27744E+00  1.66105E+00  2.71639E+00  1.79212E+02 -1.40451E+02  4.80506E+00  6.95588E+04  6.06772E+04  5.03295E+04 -1.76812E+04  1.01987E+04  7.14335E+03  0.00000E+00  7.83327E-04  1.79002E-04
       4       3       5  1.52165E-03  1.35222E-03  1.52165E-05  1.96953E+00  2.56585E+00  4.15039E+00  8.36024E+01 -6.62616E+01 -2.14511E+01  2.89733E+04  3.26136E+04  3.73922E+04  8.71816E+03  9.04274E+03  4.77652E+03  0.00000E+00  1.00066E-03  3.51569E-04
       4       3       6  1.37125E-03  1.69703E-03  1.37125E-05  2.63140E+00  3.45543E+00  5.63936E+00  6.27580E+01 -4.59207E+01  8.38952E+00  1.30477E+04  1.31194E+04  1.92540E+04  1.06324E+03  3.20029E+03  3.28185E+03  0.00000E+00  9.95189E-04  7.01839E-04
       4       3       7  1.32366E-03  1.15713E-03  1.32366E-05  4.46361E+00  5.79323E+00  9.82453E+00  1.46815E+02 -9.83307E+01  2.86909E+00  3.92853E+04  3.38417E+04  4.25294E+04 -6.71042E+03  3.00628E+03  1.85796E+03  0.00000E+00  1.05891E-03  9.82283E-05
       4       3       8  2.08378E-03  2.20143E-03  2.08378E-05  6.63803E+00  8.61022E+00  1.44974E+01  9.12971E+01 -6.72768E+01  1.14638E+00  1.88591E+04  1.82023E+04  2.59204E+04 -3.12766E+02  2.44781E+03  1.65659E+03  0.00000E+00  1.97860E-03  2.22829E-04
       4       3       9  2.52883E-03  2.51860E-03  2.52883E-05  8.94482E+00  1.16853E+01  1.98166E+01  5.10278E+01 -3.46388E+01 -3.05764E+00  6.55681E+03  6.24831E+03  9.63258E+03 -6.75754E+01  1.12927E+03  2.96681E+02  0.00000E+00  2.13103E-03  3.87570E-04
       4       3      10  1.23214E-03  1.41497E-03  1.23214E-05  2.75245E+01  3.64448E+01  6.06354E+01  3.26235E+01 -2.95547E+01  2.02395E+01  7.24483E+03  1.11007E+04  2.40260E+04  5.64815E+03  3.58126E+03  4.04022E+03  0.00000E+00  9.91342E-04  4.23628E-04
       4       4       1  2.92170E-03  3.20929E-03  2.92170E-05  3.05466E-01  3.97738E-01  3.53811E-01  1.07986E+02 -8.34944E+01 -8.72398E-01  4.48092E+04  3.79729E+04  2.55136E+04 -1.12427E+04  9.48080E+02  1.74655E+02  0.00000E+00  2.98868E-03  2.20610E-04
       4       4       2  8.84248E-04  9.40264E-04  8.84248E-06  7.57556E-01  9.81696E-01  8.61419E-01  2.00876E+00  2.98521E+00 -4.57656E+00  4.83019E+04  4.79574E+04  2.83375E+04  2.49676E+03  3.66339E+02  3.85161E+02  0.00000E+00  8.72432E-04  6.78325E-05
       4       4       3  1.48526E-03  1.50793E-03  1.48526E-05  1.07740E+00  1.39541E+00  1.26238E+00  4.45675E+01 -3.55144E+01  8.60504E+00  3.07564E+04  2.56421E+04  2.01684E+04 -1.01518E+04  8.89388E+02  4.21538E+03  0.00000E+00  1.36165E-03  1.46276E-04
       4       4       4  2.38383E-03  1.81246E-03  2.38383E-05  1.72752E+00  2.25068E+00  2.06012E+00  1.11661E+02 -8.79621E+01 -6.68653E+00  8.09241E+04  6.24471E+04  3.35501E+04 -3.27736E+04  2.16150E+03  9.88449E+02  0.00000E+00  1.73035E-03  8.21123E-05
       4       4       5  2.45071E-03  3.05759E-03  2.45071E-05  2.63088E+00  3.41850E+00  2.99789E+00  7.33613E+01 -5.58115E+01  1.00520E+00  3.89305E+04  3.83479E+04  1.90342E+04 -1.66377E+03  2.17629E+03  1.15709E+03  0.00000E+00  2.85035E-03  2.07236E-04
       4       4       6  2.55612E-03  3.06339E-03  2.55612E-05  3.58259E+00  4.62375E+00  4.02891E+00  3.82919E+01 -3.46460E+01 -1.44345E+00  1.72132E+04  1.81299E+04  1.12546E+04  1.57554E+03  1.90626E+03  1.33626E+03  0.00000E+00  2.51291E-03  5.50488E-04
       4       4       7  2.59878E-03  2.32994E-03  2.59878E-05  6.07156E+00  7.91320E+00  6.87891E+00  1.71515E+02 -1.35226E+02 -5.52947E+00  4.93757E+04  4.15348E+04  2.59453E+04 -1.46743E+04  1.82990E+03  8.93712E+02  0.00000E+00  2.23141E-03  9.85291E-05
       4       4       8  3.42415E-03  4.37792E-03  3.42415E-05  9.09388E+00  1.18337E+01  1.02541E+01  1.08329E+02 -8.03578E+01  1.51682E+00  2.38363E+04  2.24895E+04  1.56283E+04 -8.31101E+02  6.13320E+02  1.12505E+03  0.00000E+00  4.21666E-03  1.61265E-04
       4       4       9  4.93587E-03  5.57330E-03  4.93587E-05  1.25095E+01  1.63270E+01  1.39142E+01  5.65773E+01 -4.74799E+01 -4.09301E+00  7.70362E+03  7.67889E+03  5.03344E+03 -8.81289E+02  7.07907E+02  2.81152E+02  0.00000E+00  5.16299E-03  4.10317E-04
       4       4      10  3.34266E-03  4.39894E-03  3.34266E-05  3.27382E+01  4.25232E+01  3.63014E+01  1.54399E+02 -1.19269E+02  4.74144E+00  3.51815E+04  2.48931E+04  6.59606E+03 -1.79535E+04  9.82162E+02  1.16069E+03  0.00000E+00  4.06031E-03  3.38633E-04
       4       5       1  3.60512E-03  3.68312E-03  3.60512E-05  3.24040E-01  4.24191E-01  2.26231E-01  1.03962E+02 -8.14393E+01 -8.12877E-01  3.92180E+04  3.37673E+04  3.03104E+04 -9.95516E+03  7.39288E+02  4.20903E+02  0.00000E+00  3.23404E-03  4.49079E-04
       4       5       2  1.12707E-03  1.04088E-03  1.12707E-05  8.51114E-01  1.10103E+00  5.97489E-01  9.28073E-01  2.72322E+00 -3.71877E+00  5.06217E+04  5.06062E+04  3.09941E+04  3.58190E+03 -3.44332E+02 -7.30349E+02  0.00000E+00  9.93172E-04  4.77066E-05
       4       5       3  1.85566E-03  1.76362E-03  1.85566E-05  1.20078E+00  1.56584E+00  8.34947E-01  4.09086E+01 -4.01879E+01 -6.50424E+00  3.49476E+04  3.84461E+04  2.56497E+04  6.20449E+02 -6.05434E+01 -1.55453E+03  0.00000E+00  1.65232E-03  1.11308E-04
       4       5       4  3.16811E-03  1.83512E-03  3.16811E-05  1.92192E+00  2.52034E+00  1.34724E+00  8.69994E+01 -6.32413E+01 -8.75136E+00  6.18903E+04  5.49197E+04  5.39859E+04 -1.16709E+04  3.08583E+03  5.80084E+02  0.00000E+00  1.75980E-03  7.53233E-05
       4       5       5  3.50156E-03  3.55960E-03  3.50156E-05  2.91852E+00  3.81280E+00  2.07129E+00  5.71482E+01 -4.83938E+01  1.30712E+01  3.43258E+04  3.76815E+04  2.74110E+04  3.76088E+03  8.76968E+02  2.32474E+03  0.00000E+00  3.38227E-03  1.77330E-04
       4       5       6  4.20705E-03  4.26838E-03  4.20705E-05  4.01970E+00  5.25486E+00  2.84820E+00  4.88971E+01 -3.62259E+01 -4.07328E+00  2.16617E+04  2.52606E+04  1.33746E+04  7.77633E+03  2.06178E+03  1.39231E+03  0.00000E+00  3.75837E-03  5.10010E-04
       4       5       7  5.11206E-03  3.15173E-03  5.11206E-05  6.69465E+00  8.75460E+00  4.68465E+00  1.34173E+02 -1.04336E+02  2.16475E+00  4.26989E+04  4.51331E+04  3.22566E+04  3.46132E+03  1.97143E+03  2.02475E+03  0.00000E+00  2.87351E-03  2.78220E-04
       4       5       8  5.47075E-03  5.68746E-03  5.47075E-05  1.01103E+01  1.31874E+01  7.05236E+00  8.90906E+01 -6.85041E+01 -5.65039E+00  2.26066E+04  2.52570E+04  1.56940E+04  5.46956E+03  1.94564E+03  9.41889E+02  0.00000E+00  5.08608E-03  6.01379E-04
       4       5       9  8.45281E-03  8.27349E-03  8.45281E-05  1.41284E+01  1.83314E+01  9.72490E+00  4.59906E+01 -3.53440E+01  1.56326E+00  7.04044E+03  7.65721E+03  5.04453E+03  1.24910E+03  6.37606E+02  6.77704E+02  0.00000E+00  6.76777E-03  1.50572E-03
       4       5      10  9.44791E-03  5.76786E-03  9.44791E-05  3.63688E+01  4.74265E+01  2.54954E+01  1.42965E+02 -1.08512E+02  3.15048E+00  3.11174E+04  2.40462E+04  1.13637E+04 -1.34535E+04  1.05798E+03  6.86925E+02  0.00000E+00  5.15751E-03  6.10351E-04
       4       6       1  4.00327E-03  4.26081E-03  4.00327E-05  3.58017E-01  4.67203E-01  7.85025E-02  8.76007E+01 -6.78125E+01 -1.16439E+00  3.41439E+04  3.51794E+04  2.84365E+04  2.39118E+03  3.25228E+02  3.38560E+02  0.00000E+00  3.95182E-03  3.08989E-04
       4       6       2  1.27896E-03  1.23722E-03  1.27896E-05  9.13884E-01  1.18908E+00  1.95777E-01 -3.04149E+01  2.15610E+01 -4.42023E+00  4.75839E+04  4.88565E+04  2.76889E+04  1.08308E+03 -1.87390E+02 -3.71611E+02  0.00000E+00  1.19646E-03  4.07600E-05
       4       6       3  2.07579E-03  2.01595E-03  2.07579E-05  1.33037E+00  1.72943E+00  2.85189E-01  4.49229E+01 -3.37228E+01  1.01422E+00  2.67501E+04  2.78593E+04  2.38381E+04  3.51855E+03 -1.01671E+03  1.53879E+03  0.00000E+00  1.88765E-03  1.28294E-04
       4       6       4  3.68013E-03  2.79540E-03  3.68013E-05  2.08648E+00  2.71557E+00  4.61804E-01  8.80409E+01 -6.60316E+01 -2.03300E+00  7.24185E+04  5.74918E+04  3.83586E+04 -2.72838E+04  8.34295E+02  1.04199E+02  0.00000E+00  2.64184E-03  1.53562E-04
       4       6       5  4.26765E-03  4.66789E-03  4.26765E-05  3.16360E+00  4.12700E+00  6.84231E-01  5.40558E+01 -4.06179E+01  5.41699E+00  3.79248E+04  3.63560E+04  2.04437E+04 -3.25994E+03  7.56247E+02  1.78082E+03  0.00000E+00  4.42778E-03  2.40109E-04
       4       6       6  5.58740E-03  5.86188E-03  5.58740E-05  4.33272E+00  5.63659E+00  9.41456E-01  6.72737E+01 -5.10474E+01 -2.27124E+00  2.97943E+04  2.59763E+04  1.04068E+04 -7.60314E+03  9.25434E+02  4.05596E+02  0.00000E+00  5.51691E-03  3.44970E-04
       4       6       7  7.98341E-03  5.94871E-03  7.98341E-05  7.22411E+00  9.38642E+00  1.61053E+00  2.11328E+02 -1.63898E+02  2.52734E+00  6.90159E+04  5.64557E+04  1.87382E+04 -2.45981E+04  6.61822E+02  6.45129E+02  0.00000E+00  5.63325E-03  3.15468E-04
       4       6       8  8.07772E-03  1.01420E-02  8.07772E-05  1.09000E+01  1.41748E+01  2.35160E+00  1.32601E+02 -1.01356E+02 -3.81941E+00  3.54951E+04  3.54732E+04  9.88277E+03 -2.56510E+02  5.47956E+02  1.26105E+02  0.00000E+00  9.47767E-03  6.64368E-04
       4       6       9  1.15692E-02  1.24285E-02  1.15692E-04  1.49232E+01  1.94537E+01  3.20895E+00  7.78839E+01 -6.01452E+01 -7.57772E-01  1.79051E+04  2.00578E+04  4.28663E+03  3.60795E+03  1.50985E+02 -1.55576E+01  0.00000E+00  1.06148E-02  1.81366E-03
       4       6      10  1.88955E-02  2.23262E-02  1.88955E-04  4.42540E+01  5.76648E+01  9.31432E+00  7.21670E+01 -5.58379E+01  5.19866E-01  1.99270E+04  2.54382E+04  4.32220E+03  1.03624E+04  5.14356E+01  1.40211E+02  0.00000E+00  2.19886E-02  3.37529E-04
       5       1       1  4.13783E-04  4.63933E-04  4.13783E-06  4.03407E-02  9.86058E-02  5.53477E-01  1.37668E+02 -5.73983E+01 -3.89145E+00  5.25439E+04  5.25586E+04  8.07717E+04  3.23021E+02  1.61447E+04  5.69666E+03  0.00000E+00  3.02296E-04  1.61637E-04
       5       1       2  1.17920E-04  1.19749E-04  1.17920E-06  1.02936E-01  2.55762E-01  1.44245E+00  1.44093E+02 -4.15008E+01  3.72752E+00  4.30071E+04  2.58416E+04  7.04370E+04 -1.93352E+03  4.34154E+03  1.29284E+03  0.00000E+00  8.75447E-05  3.22047E-05
       5       1       3  2.03476E-04  2.39480E-04  2.03476E-06  1.56375E-01  3.86552E-01  2.12991E+00  6.86309E+01 -1.43979E+01  2.74765E+00  1.37517E+04  1.59128E+04  2.25775E+04  3.27242E+03  3.41851E+03 -3.05089E+02  0.00000E+00  1.60242E-04  7.92383E-05
       5       1       4  2.82990E-04  1.94290E-04  2.82990E-06  2.56306E-01  6.12599E-01  3.62237E+00  1.65267E+02 -4.51004E+01 -6.36173E-01  7.55124E+04  4.21269E+04  2.79365E+04 -6.87786E+03  3.41095E+03  1.87730E+03  0.00000E+00  1.73046E-04  2.12436E-05
       5       1       5  2.54259E-04  3.52301E-04  2.54259E-06  3.74174E-01  9.06280E-01  5.22202E+00  1.09913E+02 -3.46549E+01 -7.72924E+00  3.25289E+04  1.43599E+04  2.88677E+04 -5.62285E+03  2.97417E+03  1.93741E+03  0.00000E+00  3.08337E-04  4.39641E-05
       5       1       6  1.95423E-04  1.77525E-04  1.95423E-06  4.76062E-01  1.12198E+00  6.56599E+00  8.11410E+01 -1.04409E+01 -3.44594E+00  1.93697E+04  7.17421E+03  2.72897E+04 -4.78137E+02  4.54473E+03  1.84814E+03  0.00000E+00  1.35291E-04  4.22348E-05
       5       1       7  2.05878E-04  2.03412E-04  2.05878E-06  8.76747E-01  2.08365E+00  1.22521E+01  1.79440E+02 -4.96239E+01  2.45331E+00  4.63776E+04  2.22822E+04  3.55892E+04 -6.67855E+03  5.67528E+03  1.24337E+03  0.00000E+00  1.49334E-04  5.40780E-05
       5       1       8  3.44029E-04  4.04358E-04  3.44029E-06  1.28930E+00  3.14966E+00  1.78828E+01  1.19076E+02 -2.83538E+01 -4.90834E+00  2.14357E+04  9.48261E+03  2.49209E+04 -2.49036E+03  3.11039E+03  1.55341E+03  0.00000E+00  2.88108E-04  1.16250E-04
       5       1       9  3.39813E-04  3.98636E-04  3.39813E-06  1.68250E+00  4.16343E+00  2.38834E+01  4.23934E+01 -1.08064E+01 -7.81907E-01  6.06821E+03  2.82907E+03  1.13585E+04 -7.84155E+02  2.02060E+03  5.78541E+02  0.00000E+00  1.27210E-04  2.71426E-04
       5       1      10  1.55369E-04  1.53682E-04  1.55369E-06  5.18518E+00  1.30021E+01  6.59572E+01  8.19393E+01 -2.61184E+01 -2.49845E+01  1.84555E+04  9.44664E+03  3.23156E+04 -1.74698E+03  6.29053E+03  2.45429E+03  0.00000E+00  6.53780E-05  8.83039E-05
       5       2       1  1.25076E-03  1.20983E-03  1.25076E-05  7.57154E-02  1.84360E-01  4.74060E-01  9.44049E+01 -4.46420E+01 -2.65265E+00  3.04745E+04  5.46264E+04  7.00830E+04  1.41341E+04  1.22201E+04  5.04962E+03  0.00000E+00  9.17605E-04  2.92226E-04
       5       2       2  3.59880E-04  3.67429E-04  3.59880E-06  2.07306E-01  5.11946E-01  1.40013E+00  3.27785E+01 -2.19210E+01 -1.58869E+01  1.22028E+04  4.08289E+04  7.67241E+04  1.40962E+04  2.50275E+04  9.84361E+03  0.00000E+00  1.28798E-04  2.38631E-04
       5       2       3  6.19356E-04  8.27849E-04  6.19356E-06  3.02611E-01  7.49776E-01  2.09722E+00  9.11485E+00 -1.84345E+00  1.43992E+00  2.21965E+03  8.92846E+03  2.83290E+04  3.15693E+03  9.28655E+03  3.62706E+03  0.00000E+00  1.40695E-04  6.87155E-04
       5       2       4  8.84879E-04  3.76228E-04  8.84879E-06  5.45786E-01  1.31498E+00  3.29372E+00  1.50919E+02 -4.52073E+01  1.68230E+01  6.09835E+04  6.77498E+04  6.38696E+04  2.79304E+03  1.67429E+04  6.76474E+03  0.00000E+00  2.74257E-04  1.01971E-04
       5       2       5  8.12295E-04  6.57405E-04  8.12295E-06  8.04684E-01  1.91202E+00  4.82465E+00  5.55238E+01 -3.40721E+00  1.24509E+01  1.47766E+04  2.80205E+04  4.08232E+04  9.16569E+03  8.31786E+03  4.24629E+03  0.00000E+00  4.22324E-04  2.35081E-04
       5       2       6  6.57761E-04  7.62866E-04  6.57761E-06  1.10783E+00  2.64576E+00  6.62890E+00  1.03090E+01 -1.11223E+01  1.04841E+00  2.07457E+03  8.41254E+03  2.28354E+04  1.24472E+03  8.70737E+03  3.54712E+03  0.00000E+00  1.65180E-04  5.97685E-04
       5       2       7  6.63603E-04  3.35869E-04  6.63603E-06  1.77028E+00  4.31176E+00  1.13203E+01  9.24507E+01 -2.60214E+01  2.33657E+00  2.21840E+04  3.96589E+04  5.47152E+04  7.18750E+03  1.37747E+04  4.77514E+03  0.00000E+00  2.04652E-04  1.31217E-04
       5       2       8  1.10569E-03  6.55062E-04  1.10569E-05  2.55936E+00  6.27478E+00  1.69569E+01  5.34514E+01 -1.37876E+01  1.28016E+01  7.21142E+03  1.81235E+04  3.19850E+04  4.44488E+03  7.55626E+03  3.37968E+03  0.00000E+00  3.72580E-04  2.82482E-04
       5       2       9  1.16709E-03  7.56177E-04  1.16709E-05  3.35604E+00  8.34166E+00  2.31233E+01  1.32622E+01 -2.90919E+00 -4.87962E+00  1.62401E+03  4.65743E+03  1.22327E+04  1.17096E+03  3.79410E+03  1.40668E+03  0.00000E+00  1.41289E-04  6.14888E-04
       5       2      10  5.23931E-04  4.25332E-04  5.23931E-06  1.03979E+01  2.60436E+01  6.87078E+01  2.03415E+01 -1.31571E+01  4.43106E+00  3.60237E+03  1.23530E+04  3.01288E+04  2.54313E+03  1.01107E+04  3.75315E+03  0.00000E+00  8.70277E-05  3.38304E-04
       5       3       1  2.10028E-03  2.36601E-03  2.10028E-05  1.41334E-01  3.41421E-01  5.00439E-01  7.29175E+01 -2.82994E+01 -4.31868E+00  2.00916E+04  3.31407E+04  3.99173E+04  7.71934E+03  2.45940E+03  1.16852E+03  0.00000E+00  2.18111E-03  1.84893E-04
       5       3       2  6.16703E-04  6.36864E-04  6.16703E-06  3.43010E-01  8.43145E-01  1.21207E+00  8.42819E+01 -3.80445E+01 -4.89907E+00  2.25618E+04  5.13413E+04  5.77808E+04  1.39003E+04  1.43444E+04  5.70193E+03  0.00000E+00  4.55625E-04  1.81239E-04
       5       3       3  1.05273E-03  1.18425E-03  1.05273E-05  5.29578E-01  1.26341E+00  1.78035E+00  6.79178E+01 -3.13837E+01  2.38740E-02  1.73885E+04  1.64792E+04  2.63502E+04 -1.04690E+02  8.71616E+03  3.84163E+03  0.00000E+00  8.29410E-04  3.54843E-04
       5       3       4  1.58239E-03  9.90616E-04  1.58239E-05  7.93046E-01  1.90457E+00  2.69511E+00  2.18894E+02 -8.78718E+01  5.00862E+00  8.25712E+04  5.33420E+04  5.04882E+04 -1.59578E+04  1.23910E+04  5.97238E+03  0.00000E+00  7.79368E-04  2.11248E-04
       5       3       5  1.52046E-03  1.34341E-03  1.52046E-05  1.22298E+00  2.98007E+00  4.13135E+00  9.35558E+01 -4.77828E+01 -6.40486E+00  2.31554E+04  3.93685E+04  3.77129E+04  5.50666E+03  1.10520E+04  3.05311E+03  0.00000E+00  9.80122E-04  3.63289E-04
       5       3       6  1.37004E-03  1.77496E-03  1.37004E-05  1.67647E+00  4.09231E+00  5.66036E+00  7.10605E+01 -2.35416E+01  1.51707E+00  1.18081E+04  1.25664E+04  1.77971E+04  7.05817E+02  4.11977E+03  1.73432E+03  0.00000E+00  9.55782E-04  8.19178E-04
       5       3       7  1.32256E-03  1.10202E-03  1.32256E-05  2.76810E+00  6.74327E+00  9.88087E+00  1.71386E+02 -6.92084E+01  1.94157E-01  4.39908E+04  3.22850E+04  3.91068E+04 -5.45135E+03  2.97754E+03  9.02704E+02  0.00000E+00  1.03349E-03  6.85322E-05
       5       3       8  2.08269E-03  2.21567E-03  2.08269E-05  4.20499E+00  1.01095E+01  1.45061E+01  1.08525E+02 -4.32690E+01 -5.89278E+00  1.93639E+04  1.75627E+04  2.36247E+04 -3.62362E+02  2.15446E+03  6.89493E+02  0.00000E+00  2.02180E-03  1.93872E-04
       5       3       9  2.52636E-03  2.64671E-03  2.52636E-05  5.62321E+00  1.37304E+01  1.97880E+01  5.57575E+01 -2.34216E+01  2.79490E+00  6.25565E+03  6.08943E+03  9.11774E+03 -1.61647E+02  1.21209E+03  8.15232E+02  0.00000E+00  2.16497E-03  4.81745E-04
       5       3      10  1.23028E-03  1.06407E-03  1.23028E-05  1.67521E+01  3.99872E+01  5.78776E+01  5.62154E+01 -1.58272E+01 -1.98646E+01  6.91795E+03  1.62096E+04  2.72811E+04  5.16470E+03  3.96791E+03  6.19225E+02  0.00000E+00  8.87270E-04  1.76801E-04
       5       4       1  2.91935E-03  3.16691E-03  2.91935E-05  1.92877E-01  4.64875E-01  3.54570E-01  1.24654E+02 -5.38468E+01 -2.02261E+00  5.00976E+04  3.36987E+04  2.65387E+04 -8.07949E+03  2.10676E+03  8.29906E+02  0.00000E+00  2.89960E-03  2.67312E-04
       5       4       2  8.83234E-04  9.68336E-04  8.83234E-06  4.76765E-01  1.14373E+00  8.64571E-01 -2.16448E+00 -1.63677E-01  6.83954E-01  4.70058E+04  5.17686E+04  2.71481E+04  3.21495E+03  2.05640E+03  1.12815E+03  0.00000E+00  8.58209E-04  1.10127E-04
       5       4       3  1.48417E-03  1.57764E-03  1.48417E-05  6.72945E-01  1.62611E+00  1.27004E+00  4.36220E+01 -2.06180E+01 -8.80699E-01  3.13284E+04  1.94879E+04  1.81163E+04 -6.80879E+03  2.26286E+03  1.21785E+03  0.00000E+00  1.31337E-03  2.64264E-04
       5       4       4  2.38075E-03  1.72256E-03  2.38075E-05  1.09526E+00  2.61365E+00  2.05938E+00  1.31090E+02 -5.53890E+01 -1.52350E+00  9.73067E+04  4.80465E+04  3.17634E+04 -2.39834E+04  1.12917E+03 -3.29816E+02  0.00000E+00  1.63905E-03  8.35158E-05
       5       4       5  2.44693E-03  3.27611E-03  2.44693E-05  1.62773E+00  3.96407E+00  3.00293E+00  8.46359E+01 -3.30492E+01  1.40508E+00  3.89283E+04  3.65376E+04  1.93201E+04 -1.31381E+03  3.75782E+03  1.56397E+03  0.00000E+00  3.03497E-03  2.41139E-04
       5       4       6  2.55179E-03  3.13202E-03  2.55179E-05  2.23895E+00  5.40290E+00  4.08588E+00  4.86177E+01 -1.54845E+01 -1.42986E-01  1.65799E+04  1.76435E+04  1.06044E+04  1.38516E+03  1.41981E+03  6.71479E+02  0.00000E+00  2.39219E-03  7.39833E-04
       5       4       7  2.59301E-03  2.37837E-03  2.59301E-05  3.81524E+00  9.23447E+00  6.90949E+00  2.02929E+02 -8.43047E+01  1.54381E+00  5.61904E+04  3.41322E+04  2.57527E+04 -1.14704E+04  1.21902E+03  1.00526E+03  0.00000E+00  2.26994E-03  1.08432E-04
       5       4       8  3.42011E-03  4.34114E-03  3.42011E-05  5.65224E+00  1.38593E+01  1.01932E+01  1.20867E+02 -5.06268E+01 -6.83896E+00  2.31910E+04  2.25338E+04  1.54548E+04 -5.69207E+02  1.66054E+03 -3.12230E+02  0.00000E+00  4.06900E-03  2.72141E-04
       5       4       9  4.92685E-03  5.93158E-03  4.92685E-05  7.78761E+00  1.90333E+01  1.39683E+01  6.49272E+01 -2.51709E+01 -4.90628E-01  7.88896E+03  7.15520E+03  4.79989E+03 -3.49224E+02  7.05226E+02  2.73593E+02  0.00000E+00  5.22001E-03  7.11572E-04
       5       4      10  3.32956E-03  4.17556E-03  3.32956E-05  2.03220E+01  4.88932E+01  3.54462E+01  1.91257E+02 -7.50771E+01 -3.37156E+00  4.54506E+04  1.62063E+04  7.33838E+03 -1.41094E+04  1.07865E+03  1.97650E+02  0.00000E+00  3.98888E-03  1.86677E-04
       5       5       1  3.60111E-03  3.45280E-03  3.60111E-05  2.05368E-01  4.93073E-01  2.27443E-01  1.28933E+02 -5.40711E+01 -2.04327E+00  4.63784E+04  3.22488E+04  3.19461E+04 -7.29661E+03  7.04076E+02  2.67508E+02  0.00000E+00  3.13613E-03  3.16661E-04
       5       5       2  1.12515E-03  1.10381E-03  1.12515E-05  5.37970E-01  1.28508E+00  5.93775E-01  2.86083E+00  1.69539E+00 -5.98514E-01  4.60255E+04  5.77862E+04  3.15011E+04  6.14103E+03 -3.00824E+02 -2.26769E+02  0.00000E+00  9.92388E-04  1.11426E-04
       5       5       3  1.85377E-03  1.87709E-03  1.85377E-05  7.52553E-01  1.82911E+00  8.39086E-01  4.76947E+01 -2.43316E+01  6.03991E+00  3.47585E+04  3.81941E+04  2.41785E+04  2.38555E+03 -1.10086E+03  1.77372E+03  0.00000E+00  1.65663E-03  2.20464E-04
       5       5       4  3.16226E-03  1.86476E-03  3.16226E-05  1.21825E+00  2.93179E+00  1.34163E+00  9.87977E+01 -4.00169E+01 -4.62575E+00  6.70355E+04  5.33431E+04  5.19682E+04 -6.12398E+03  1.66881E+03 -1.15134E+02  0.00000E+00  1.76120E-03  1.03561E-04
       5       5       5  3.49322E-03  3.50413E-03  3.49322E-05  1.85372E+00  4.45643E+00  2.06400E+00  6.68836E+01 -2.42954E+01  1.14043E+00  3.29502E+04  3.88983E+04  2.69987E+04  3.49242E+03  2.99349E+03  1.36810E+03  0.00000E+00  3.27049E-03  2.33638E-04
       5       5       6  4.19637E-03  4.47202E-03  4.19637E-05  2.57323E+00  6.13097E+00  2.85627E+00  5.35097E+01 -2.23900E+01 -3.82968E+00  1.74255E+04  3.12864E+04  1.40394E+04  6.67136E+03  3.02471E+03  6.62063E+02  0.00000E+00  3.71080E-03  7.61219E-04
       5       5       7  5.09097E-03  3.22534E-03  5.09097E-05  4.16982E+00  1.01666E+01  4.66990E+00  1.50041E+02 -6.07532E+01  2.20440E+00  4.00054E+04  4.86649E+04  3.16944E+04  3.89360E+03  5.12637E+03  3.03807E+03  0.00000E+00  2.79170E-03  4.33640E-04
       5       5       8  5.45426E-03  6.12031E-03  5.45426E-05  6.34760E+00  1.53804E+01  7.04409E+00  9.85596E+01 -3.97029E+01 -1.35198E+00  1.90086E+04  2.81401E+04  1.56305E+04  4.51821E+03  3.88324E+03  7.01662E+02  0.00000E+00  5.22852E-03  8.91796E-04
       5       5       9  8.43000E-03  9.14803E-03  8.43000E-05  8.72430E+00  2.16048E+01  9.71607E+00  4.83242E+01 -1.99461E+01  1.38302E+00  5.89005E+03  8.20580E+03  4.59891E+03  9.81110E+02  9.57917E+02  6.08737E+02  0.00000E+00  6.60466E-03  2.54337E-03
       5       5      10  9.38207E-03  5.25799E-03  9.38207E-05  2.21052E+01  5.36409E+01  2.48390E+01  1.80319E+02 -7.51128E+01 -4.57490E+00  4.03124E+04  1.77170E+04  1.25232E+04 -1.17452E+04  1.13680E+03 -6.27369E+00  0.00000E+00  5.01090E-03  2.47096E-04
       5       6       1  3.99807E-03  4.21665E-03  3.99807E-05  2.25732E-01  5.43304E-01  7.96893E-02  1.03333E+02 -4.47420E+01 -3.03317E-02  3.41232E+04  3.91670E+04  2.94506E+04  2.52644E+03 -3.76362E+01 -6.96799E+01  0.00000E+00  3.95036E-03  2.66285E-04
       5       6       2  1.27632E-03  1.28834E-03  1.27632E-05  5.74099E-01  1.38202E+00  1.97943E-01 -3.22171E+01  1.60778E+01  1.63352E+00  4.70079E+04  5.50351E+04  2.81148E+04  4.07052E+03 -9.13262E+02 -3.00880E+02  0.00000E+00  1.19829E-03  9.00541E-05
       5       6       3  2.07331E-03  2.16595E-03  2.07331E-05  8.31114E-01  2.01860E+00  2.86771E-01  4.95995E+01 -2.22353E+01  1.06568E+00  2.41356E+04  3.59635E+04  2.34376E+04  4.48354E+03 -1.47213E+02 -4.92050E+02  0.00000E+00  1.88847E-03  2.77477E-04
       5       6       4  3.67208E-03  2.97338E-03  3.67208E-05  1.30520E+00  3.17192E+00  4.65064E-01  9.69008E+01 -4.42217E+01 -1.86279E+00  8.15460E+04  5.10812E+04  3.91935E+04 -1.65553E+04  2.29858E+03  8.79017E+02  0.00000E+00  2.72501E-03  2.48370E-04
       5       6       5  4.25506E-03  4.68143E-03  4.25506E-05  1.99480E+00  4.80296E+00  6.84835E-01  6.14053E+01 -2.44076E+01  1.29107E+00  4.01673E+04  4.02824E+04  1.86350E+04 -6.75222E+01  1.93853E+03  6.87015E+02  0.00000E+00  4.27231E-03  4.09115E-04
       5       6       6  5.57020E-03  6.41284E-03  5.57020E-05  2.70888E+00  6.58715E+00  9.25827E-01  7.19717E+01 -3.20399E+01 -2.13323E+00  3.09344E+04  2.57583E+04  1.06248E+04 -3.65915E+03  1.47560E+03  7.38356E+02  0.00000E+00  5.75721E-03  6.55620E-04
       5       6       7  7.94015E-03  6.31273E-03  7.94015E-05  4.49378E+00  1.09607E+01  1.59742E+00  2.35145E+02 -9.70998E+01 -2.49267E+00  7.74219E+04  4.85705E+04  1.79241E+04 -1.51798E+04  2.54246E+03  7.31585E+02  0.00000E+00  5.65245E-03  6.60281E-04
       5       6       8  8.03245E-03  1.07276E-02  8.03245E-05  6.77751E+00  1.65526E+01  2.35599E+00  1.45929E+02 -5.98806E+01  3.33923E+00  3.41649E+04  3.62107E+04  8.80254E+03  9.23598E+02  9.92549E+02  5.47440E+02  0.00000E+00  9.40423E-03  1.32338E-03
       5       6       9  1.15292E-02  1.39858E-02  1.15292E-04  9.31324E+00  2.29625E+01  3.27056E+00  7.99088E+01 -3.39459E+01  1.09661E+00  1.44833E+04  2.02354E+04  3.69628E+03  2.70779E+03  2.00039E+02  3.49187E+02  0.00000E+00  1.05989E-02  3.38697E-03
       5       6      10  1.87191E-02  2.20919E-02  1.87191E-04  2.77555E+01  6.69018E+01  9.36531E+00  8.61559E+01 -3.42373E+01 -3.24207E-01  1.54066E+04  3.03893E+04  4.43993E+03  7.63396E+03  1.96608E+02  6.85389E+01  0.00000E+00  2.19264E-02  1.65570E-04
       6       1       1  4.13773E-04  4.17254E-04  4.13773E-06  1.38598E-02  9.87122E-02  5.34312E-01  1.53192E+02 -1.94186E+01  5.58773E+00  5.41910E+04  5.59281E+04  7.33984E+04  1.65962E+03  6.22625E+03  2.52310E+03  0.00000E+00  2.88345E-04  1.28909E-04
       6       1       2  1.17917E-04  9.36825E-05  1.17917E-06  3.34804E-02  2.47122E-01  1.43043E+00  1.76185E+02 -2.01981E+01 -1.29494E+01  5.24318E+04  4.02609E+04  6.49542E+04 -5.96648E+02  7.57109E+03 -2.49893E+03  0.00000E+00  7.90494E-05  1.46331E-05
       6       1       3  2.03471E-04  1.79384E-04  2.03471E-06  4.82931E-02  3.64428E-01  2.11495E+00  8.53745E+01  6.45520E-01 -7.52080E+00  1.86204E+04  1.68324E+04  3.02235E+04  2.75163E+03  3.00526E+03  1.02090E+03  0.00000E+00  1.58429E-04  2.09550E-05
       6       1       4  2.82981E-04  1.74750E-04  2.82981E-06  8.19735E-02  6.20491E-01  3.57505E+00  1.70049E+02 -2.18271E+01  4.65930E+00  7.67196E+04  3.70293E+04  3.73408E+04 -5.31783E+03  6.16466E+03  8.23636E+02  0.00000E+00  1.48925E-04  2.58253E-05
       6       1       5  2.54251E-04  3.43204E-04  2.54251E-06  1.28201E-01  9.79450E-01  5.17824E+00  1.20298E+02 -1.21650E+01  5.71199E+00  3.53445E+04  1.51259E+04  2.38114E+04 -1.91233E+03  1.80047E+03  1.03112E+03  0.00000E+00  3.19873E-04  2.33310E-05
       6       1       6  1.95416E-04  1.86954E-04  1.95416E-06  1.62741E-01  1.23240E+00  6.68494E+00  7.54162E+01  4.59220E+00  1.50027E+01  1.78498E+04  4.87353E+03  2.61922E+04  4.96984E+02  4.10446E+03 -5.65119E+01  0.00000E+00  1.23230E-04  6.37246E-05
       6       1       7  2.05874E-04  2.02888E-04  2.05874E-06  2.94202E-01  2.21660E+00  1.22470E+01  1.87577E+02 -1.13948E+01 -1.00220E+00  4.85607E+04  2.03618E+04  3.68221E+04 -1.16141E+03  5.12569E+03  5.03155E+02  0.00000E+00  1.50339E-04  5.25486E-05
       6       1       8  3.44021E-04  3.95499E-04  3.44021E-06  4.10993E-01  3.22052E+00  1.78971E+01  1.17917E+02 -8.51548E+00 -6.27901E+00  2.09413E+04  8.62899E+03  2.58811E+04 -6.49766E+02  3.10089E+03  4.23835E+01  0.00000E+00  2.72521E-04  1.22978E-04
       6       1       9  3.39799E-04  3.68103E-04  3.39799E-06  6.58406E-01  4.31995E+00  2.39003E+01  4.85540E+01 -3.65121E+00  2.81764E-01  6.70929E+03  2.61349E+03  9.46124E+03 -2.77970E+02  1.57768E+03  4.35316E+02  0.00000E+00  1.26204E-04  2.41899E-04
       6       1      10  1.55364E-04  2.05359E-04  1.55364E-06  1.61577E+00  1.30028E+01  7.26549E+01  6.01779E+01 -6.96586E+00 -9.65885E+00  1.32243E+04  6.05299E+03  2.73700E+04 -2.98241E+02  4.56677E+03  3.18813E+02  0.00000E+00  6.10909E-05  1.44268E-04
       6       2       1  1.25062E-03  1.12473E-03  1.25062E-05  2.70372E-02  1.88248E-01  4.47331E-01  1.09954E+02 -1.03652E+01 -2.50489E+00  2.74920E+04  5.72952E+04  6.39924E+04  5.18638E+03  7.90785E+03  1.55096E+03  0.00000E+00  9.20145E-04  2.04586E-04
       6       2       2  3.59831E-04  2.79902E-04  3.59831E-06  9.20238E-02  5.58516E-01  1.39115E+00  5.01164E+01 -1.38700E+00  6.96576E+00  8.58184E+03  5.22845E+04  7.46838E+04  5.84959E+03  2.48178E+04  3.33222E+03  0.00000E+00  1.18288E-04  1.61614E-04
       6       2       3  6.19293E-04  5.79989E-04  6.19293E-06  1.46676E-01  8.11346E-01  2.07440E+00  1.37215E+01 -3.22053E+00 -7.64756E+00  1.63131E+03  1.07217E+04  3.21215E+04  1.45784E+03  1.06074E+04  1.26875E+03  0.00000E+00  1.52779E-04  4.27210E-04
       6       2       4  8.84734E-04  3.96018E-04  8.84734E-06  1.90230E-01  1.42151E+00  3.34251E+00  1.49408E+02 -2.81268E+01  4.29191E-01  5.83324E+04  6.41577E+04  6.20085E+04 -4.93817E+02  1.77115E+04  3.82715E+03  0.00000E+00  2.93135E-04  1.02883E-04
       6       2       5  8.12162E-04  5.31648E-04  8.12162E-06  2.82996E-01  1.98000E+00  4.84928E+00  5.36804E+01 -5.40190E+00 -1.18464E+01  1.18093E+04  3.07711E+04  4.01650E+04  3.13119E+03  9.25795E+03  1.99832E+02  0.00000E+00  3.39654E-04  1.91994E-04
       6       2       6  6.57640E-04  5.41415E-04  6.57640E-06  3.64446E-01  2.74357E+00  6.48249E+00  2.00994E+01 -6.75545E+00 -6.19668E-01  2.95222E+03  1.09145E+04  1.82168E+04  3.88461E+02  6.68532E+03  1.78210E+03  0.00000E+00  1.97692E-04  3.43723E-04
       6       2       7  6.63515E-04  2.47704E-04  6.63515E-06  6.06242E-01  4.62554E+00  1.13789E+01  1.26715E+02 -1.52896E+01 -6.60250E+00  2.78514E+04  4.74398E+04  4.13094E+04  2.15053E+03  8.49905E+03  2.39759E+02  0.00000E+00  1.92716E-04  5.49883E-05
       6       2       8  1.10556E-03  4.63488E-04  1.10556E-05  9.13783E-01  6.84101E+00  1.67124E+01  7.27749E+01 -7.77702E+00 -7.00230E+00  7.96040E+03  2.42483E+04  2.56586E+04  2.35471E+03  5.93886E+03  8.63618E+01  0.00000E+00  3.45428E-04  1.18060E-04
       6       2       9  1.16684E-03  4.43716E-04  1.16684E-05  1.22679E+00  8.56646E+00  2.25687E+01  3.01183E+01 -1.80905E+00  1.86162E+00  2.63278E+03  8.19761E+03  1.24783E+04  8.58934E+02  3.51056E+03  3.67967E+02  0.00000E+00  1.63915E-04  2.79801E-04
       6       2      10  5.23820E-04  3.03515E-04  5.23820E-06  3.48625E+00  2.68838E+01  6.55576E+01  3.57275E+01  7.71352E-01  1.38234E+01  4.50134E+03  1.72998E+04  3.10833E+04  8.77650E+02  1.10546E+04  5.75765E+02  0.00000E+00  9.22437E-05  2.11271E-04
       6       3       1  2.09971E-03  2.29804E-03  2.09971E-05  4.99318E-02  3.67515E-01  5.00208E-01  7.85335E+01 -1.40940E+01  2.03827E+00  1.80380E+04  3.39022E+04  3.85612E+04  3.03721E+03  1.27544E+03  3.31747E+02  0.00000E+00  2.18125E-03  1.16783E-04
       6       3       2  6.16484E-04  5.72129E-04  6.16484E-06  1.23781E-01  9.04906E-01  1.21258E+00  1.00185E+02 -1.37656E+01 -7.96937E+00  1.92391E+04  5.12785E+04  5.13426E+04  5.02869E+03  1.15540E+04  1.21724E+03  0.00000E+00  4.52664E-04  1.19465E-04
       6       3       3  1.05248E-03  1.06044E-03  1.05248E-05  1.97365E-01  1.35013E+00  1.77498E+00  8.18579E+01 -4.95580E+00  1.76404E+00  1.82170E+04  1.38318E+04  2.11126E+04 -3.88130E+02  6.48445E+03  6.28033E+02  0.00000E+00  8.25071E-04  2.35374E-04
       6       3       4  1.58174E-03  8.81600E-04  1.58174E-05  2.71282E-01  2.04796E+00  2.68800E+00  2.60971E+02 -3.20930E+01 -4.71866E+00  9.79960E+04  4.41436E+04  4.71135E+04 -7.56160E+03  8.68587E+03  1.36836E+03  0.00000E+00  7.57957E-04  1.23643E-04
       6       3       5  1.51978E-03  1.25248E-03  1.51978E-05  4.19636E-01  3.23488E+00  4.10228E+00  1.15885E+02 -1.62380E+01  6.30740E+00  2.45473E+04  4.30853E+04  3.48899E+04  2.52449E+03  9.05810E+03  1.84186E+03  0.00000E+00  1.02047E-03  2.32006E-04
       6       3       6  1.36935E-03  1.52344E-03  1.36935E-05  5.59247E-01  4.35368E+00  5.60027E+00  8.98852E+01 -1.13360E+01 -4.33265E+00  1.38706E+04  1.52029E+04  2.01447E+04  3.28863E+02  4.08062E+03  2.78811E+02  0.00000E+00  1.00475E-03  5.18696E-04
       6       3       7  1.32193E-03  1.11475E-03  1.32193E-05  9.67749E-01  7.24467E+00  9.83002E+00  1.81133E+02 -2.91033E+01 -7.69119E+00  4.50190E+04  3.04787E+04  3.94692E+04 -2.38182E+03  4.78308E+03  2.35913E+02  0.00000E+00  1.05597E-03  5.87835E-05
       6       3       8  2.08206E-03  2.12929E-03  2.08206E-05  1.40491E+00  1.08375E+01  1.44814E+01  1.18792E+02 -1.41089E+01  7.26854E-01  1.97953E+04  1.81044E+04  2.33631E+04 -7.26749E+01  2.14111E+03  3.34481E+02  0.00000E+00  2.02566E-03  1.03626E-04
       6       3       9  2.52494E-03  2.56084E-03  2.52494E-05  1.98854E+00  1.48063E+01  1.95849E+01  6.36981E+01 -7.25587E+00 -3.42587E+00  6.72365E+03  6.30453E+03  9.08503E+03  2.08595E+02  1.09988E+03 -1.43935E+00  0.00000E+00  2.31664E-03  2.44194E-04
       6       3      10  1.22920E-03  1.15510E-03  1.22920E-05  5.62607E+00  4.45703E+01  6.02298E+01  5.28348E+01 -1.85275E+01  1.40462E+00  4.19052E+03  1.57915E+04  2.43231E+04  8.60036E+02  1.21491E+03  2.84786E+02  0.00000E+00  9.60873E-04  1.94230E-04
       6       4       1  2.91800E-03  3.12175E-03  2.91800E-05  6.59369E-02  4.97284E-01  3.54857E-01  1.36946E+02 -1.89788E+01  1.98489E+00  5.32915E+04  2.58988E+04  2.66979E+04 -3.09103E+03  5.58039E+02 -1.35098E+01  0.00000E+00  3.02854E-03  9.32110E-05
       6       4       2  8.82649E-04  9.14410E-04  8.82649E-06  1.67591E-01  1.22700E+00  8.61115E-01 -2.27977E+00  3.87152E+00 -1.11353E+00  4.81653E+04  4.71950E+04  2.66939E+04  9.62719E+02  2.52696E+03  1.46378E+02  0.00000E+00  8.36683E-04  7.77275E-05
       6       4       3  1.48354E-03  1.43963E-03  1.48354E-05  2.43635E-01  1.73109E+00  1.25558E+00  5.38272E+01 -6.22031E+00 -4.57727E+00  4.00622E+04  1.69154E+04  2.02308E+04 -2.43631E+03  2.95962E+03 -1.41804E+03  0.00000E+00  1.25036E-03  1.89270E-04
       6       4       4  2.37897E-03  1.69734E-03  2.37897E-05  3.73911E-01  2.80444E+00  2.04366E+00  1.48117E+02 -1.89898E+01  1.39662E+00  1.10279E+05  3.93385E+04  3.02443E+04 -8.52949E+03  1.67674E+03  6.99348E+02  0.00000E+00  1.62628E-03  7.10633E-05
       6       4       5  2.44476E-03  3.27666E-03  2.44476E-05  5.67793E-01  4.24504E+00  3.00370E+00  8.87274E+01 -1.50971E+01 -2.27824E+00  3.90292E+04  3.51191E+04  2.00748E+04 -9.21161E+02  1.37121E+03  1.33255E+02  0.00000E+00  3.10885E-03  1.67816E-04
       6       4       6  2.54929E-03  2.78797E-03  2.54929E-05  7.84993E-01  5.84325E+00  4.03145E+00  5.54038E+01 -9.24794E+00 -5.38345E-01  1.74488E+04  1.90826E+04  9.53130E+03  6.84476E+01  1.03861E+03  2.23307E+02  0.00000E+00  2.31734E-03  4.70635E-04
       6       4       7  2.58969E-03  2.33081E-03  2.58969E-05  1.30393E+00  9.88894E+00  6.91375E+00  2.21237E+02 -2.38206E+01 -1.80392E+00  6.10137E+04  3.00200E+04  2.51052E+04 -3.16846E+03  6.43647E+02 -3.35930E+02  0.00000E+00  2.27580E-03  5.50152E-05
       6       4       8  3.41778E-03  4.19679E-03  3.41778E-05  1.95432E+00  1.47944E+01  1.02454E+01  1.36041E+02 -1.43571E+01 -2.58544E-01  2.43894E+04  2.17206E+04  1.51024E+04 -1.85873E+02  1.41248E+03  1.84721E+02  0.00000E+00  4.09101E-03  1.05777E-04
       6       4       9  4.92166E-03  5.67273E-03  4.92166E-05  2.79759E+00  2.03156E+01  1.39355E+01  7.42560E+01 -9.43946E+00  8.52070E-01  8.62323E+03  6.61443E+03  4.78606E+03 -2.26692E+02  2.92309E+02  2.76733E+01  0.00000E+00  5.34686E-03  3.25871E-04
       6       4      10  3.32203E-03  4.18919E-03  3.32203E-05  6.88483E+00  5.28593E+01  3.56615E+01  2.03611E+02 -2.77246E+01  1.65028E-01  5.03044E+04  1.10985E+04  6.57117E+03 -5.12277E+03  1.40986E+02 -1.89960E+02  0.00000E+00  4.04569E-03  1.43494E-04
       6       5       1  3.59880E-03  3.35633E-03  3.59880E-05  6.95746E-02  5.27482E-01  2.25900E-01  1.43368E+02 -2.23750E+01  2.31786E+00  5.10871E+04  2.76433E+04  3.31908E+04 -3.16661E+03  4.65359E+02  3.42794E+02  0.00000E+00  3.27207E-03  8.42601E-05
       6       5       2  1.12405E-03  1.04521E-03  1.12405E-05  1.90442E-01  1.37827E+00  5.93537E-01  1.39338E+00 -2.14566E-02  8.99973E-01  4.55917E+04  5.43811E+04  3.00955E+04  1.91650E+03 -1.45680E+03  6.92803E+01  0.00000E+00  9.76611E-04  6.85942E-05
       6       5       3  1.85268E-03  1.79673E-03  1.85268E-05  2.70903E-01  1.95919E+00  8.36674E-01  5.12585E+01 -9.50483E+00  2.50097E+00  3.32642E+04  3.62534E+04  2.35816E+04 -3.98030E+02 -9.34890E+02  5.03675E+02  0.00000E+00  1.63431E-03  1.62420E-04
       6       5       4  3.15889E-03  1.81205E-03  3.15889E-05  4.26167E-01  3.14888E+00  1.34159E+00  1.05274E+02 -1.82946E+01  6.14886E+00  7.04481E+04  4.72008E+04  5.25027E+04 -3.26835E+03  2.25405E+03  5.67437E+02  0.00000E+00  1.73042E-03  8.16361E-05
       6       5       5  3.48842E-03  3.48400E-03  3.48842E-05  6.25044E-01  4.76849E+00  2.08004E+00  7.44098E+01 -5.50678E+00 -4.52118E+00  3.27385E+04  3.97724E+04  2.59542E+04  1.55137E+03  2.02622E+03  2.99546E+02  0.00000E+00  3.30817E-03  1.75831E-04
       6       5       6  4.19022E-03  4.19895E-03  4.19022E-05  8.78671E-01  6.57246E+00  2.81050E+00  5.83365E+01 -8.50619E+00  3.73083E+00  1.55887E+04  2.98385E+04  1.29529E+04  1.95510E+03  2.08009E+03  3.88928E+02  0.00000E+00  3.62938E-03  5.69568E-04
       6       5       7  5.07886E-03  3.01963E-03  5.07886E-05  1.51588E+00  1.09033E+01  4.67815E+00  1.75089E+02 -2.31325E+01  7.94925E+00  4.22764E+04  4.54009E+04  3.20365E+04  3.66142E+02  2.45306E+03  1.96830E+03  0.00000E+00  2.80647E-03  2.13155E-04
       6       5       8  5.44481E-03  5.52820E-03  5.44481E-05  2.23936E+00  1.64739E+01  7.08702E+00  1.14993E+02 -1.48382E+01 -1.10519E+01  1.90848E+04  2.81997E+04  1.57239E+04  1.33783E+03  1.65457E+03 -1.40735E+03  0.00000E+00  5.03205E-03  4.96147E-04
       6       5       9  8.41687E-03  7.81443E-03  8.41687E-05  3.31693E+00  2.28410E+01  9.77998E+00  6.00497E+01 -5.53281E+00  3.95662E+00  6.44731E+03  8.31052E+03  4.92710E+03  4.80261E+02  7.07797E+02  7.05213E+02  0.00000E+00  6.47570E-03  1.33873E-03
       6       5      10  9.34432E-03  5.21592E-03  9.34432E-05  7.54449E+00  5.78084E+01  2.47514E+01  1.94466E+02 -2.93257E+01 -9.20023E-01  4.52399E+04  1.26698E+04  1.23024E+04 -4.64708E+03 -4.32665E+01 -3.03170E+02  0.00000E+00  5.02847E-03  1.87452E-04
       6       6       1  3.99507E-03  4.20191E-03  3.99507E-05  7.68040E-02  5.83613E-01  7.93388E-02  1.13028E+02 -1.73192E+01 -2.27615E-02  3.34430E+04  3.99110E+04  2.94361E+04  8.74222E+02  4.18987E+02  2.95834E+01  0.00000E+00  4.12531E-03  7.66072E-05
       6       6       2  1.27480E-03  1.30937E-03  1.27480E-05  2.02493E-01  1.48839E+00  1.96958E-01 -3.19664E+01  4.34287E+00  1.70015E+00  4.51413E+04  5.24774E+04  2.73211E+04  1.51416E+03 -4.26781E+02  1.33850E+02  0.00000E+00  1.24838E-03  6.09850E-05
       6       6       3  2.07188E-03  2.14565E-03  2.07188E-05  2.93842E-01  2.16676E+00  2.89437E-01  5.80385E+01 -6.53942E+00 -1.05075E+00  2.41040E+04  3.09840E+04  2.34480E+04  1.84145E+03  5.10873E+02 -4.72801E+02  0.00000E+00  1.96085E-03  1.84798E-04
       6       6       4  3.66745E-03  2.87418E-03  3.66745E-05  4.56504E-01  3.40319E+00  4.62517E-01  1.07328E+02 -1.23932E+01  6.67027E-02  9.00228E+04  3.77641E+04  3.86304E+04 -5.98007E+03  1.39295E+02 -8.12792E+01  0.00000E+00  2.71150E-03  1.62684E-04
       6       6       5  4.24782E-03  4.51573E-03  4.24782E-05  6.96807E-01  5.16619E+00  6.84256E-01  6.87341E+01 -9.75866E+00  1.11587E-01  4.18062E+04  3.56157E+04  1.69610E+04 -3.59253E+02  1.05406E+03  2.89125E+02  0.00000E+00  4.24513E-03  2.70601E-04
       6       6       6  5.56030E-03  6.19779E-03  5.56030E-05  9.64774E-01  7.03730E+00  9.35856E-01  7.96783E+01 -9.96549E+00  1.29251E+00  3.32768E+04  1.91516E+04  1.05456E+04 -1.30346E+03  1.14396E+03  1.91619E+02  0.00000E+00  5.76934E-03  4.28446E-04
       6       6       7  7.91530E-03  5.77891E-03  7.91530E-05  1.58361E+00  1.17374E+01  1.59286E+00  2.69614E+02 -3.71487E+01  3.03203E+00  8.96243E+04  3.71840E+04  1.81042E+04 -6.59050E+03  5.28134E+02  6.32305E+02  0.00000E+00  5.44911E-03  3.29797E-04
       6       6       8  8.00657E-03  9.96275E-03  8.00657E-05  2.43001E+00  1.77334E+01  2.34302E+00  1.68409E+02 -2.25622E+01 -4.35405E+00  3.64658E+04  3.40969E+04  9.39627E+03  1.02680E+02  6.54782E+02 -4.04011E+02  0.00000E+00  9.33492E-03  6.27832E-04
       6       6       9  1.15061E-02  1.18394E-02  1.15061E-04  3.43863E+00  2.42708E+01  3.13326E+00  1.00766E+02 -1.25577E+01  7.88043E-01  1.59432E+04  2.30758E+04  4.02778E+03  1.08343E+03  1.39582E+02  9.48797E+01  0.00000E+00  1.02604E-02  1.57905E-03
       6       6      10  1.86181E-02  2.20108E-02  1.86181E-04  9.44861E+00  7.18189E+01  9.40345E+00  9.19834E+01 -1.20027E+01 -4.41365E-01  1.25699E+04  3.32208E+04  4.38993E+03  2.82213E+03  7.26742E+01 -1.23795E+02  0.00000E+00  2.18931E-02  1.17738E-04
