 smom1,sph1,sth1,slr1
          16           6           6          10
 phi boundaries
  0.00000E+00  2.61799E-01  5.23599E-01  7.85398E-01  1.04720E+00  1.30900E+00  1.57080E+00
 theta boundaries
  0.00000E+00  2.61799E-01  5.23599E-01  7.85398E-01  1.04720E+00  1.30900E+00  1.57080E+00
 radius boundaries in arcsec
  0.00000E+00  1.19639E+00  1.80726E+00  2.73003E+00  4.12397E+00  6.22963E+00  9.41044E+00  1.42153E+01  2.14736E+01  3.24379E+01  9.80009E+03
                                                                              phi,theta,r,mgemass,fitmass,errmass,x,y,z 
                                           (in arcsec),vx,vy,vz,xv2,vy2,vz2,vxvy,vyvz,vzvx,orbit long, orbit short,boxes
       1       1       1  4.16813E-04  4.35759E-04  4.16813E-06  9.09690E-02  1.20999E-02  4.99774E-01 -6.30685E+00 -3.23262E+01 -5.72205E+00  6.76379E+04  5.15014E+04  1.07457E+05  3.70226E+03  2.36052E+03  2.20891E+04  2.52894E-05  9.68544E-05  3.13615E-04
       1       1       2  1.18868E-04  1.26488E-04  1.18868E-06  2.67364E-01  3.86117E-02  1.46908E+00  1.73418E+00  1.47456E+02 -1.24762E+01  4.89082E+04  6.09646E+04  8.23969E+04  1.63583E+03 -2.35618E+03  1.87455E+04  7.50657E-05  0.00000E+00  5.14224E-05
       1       1       3  2.05170E-04  1.80930E-04  2.05170E-06  4.21721E-01  6.29370E-02  2.14481E+00  6.52726E+00  6.41505E+01 -1.05970E+00  6.22970E+04  3.97790E+04  5.35766E+04  2.12103E+03  2.31704E+03  1.16996E+04  5.47777E-05  0.00000E+00  1.26152E-04
       1       1       4  2.88362E-04  2.72341E-04  2.88362E-06  5.94272E-01  8.40637E-02  3.55742E+00  4.49135E-01  3.88621E+00 -4.67172E+00  9.06428E+04  4.37995E+04  4.39337E+04  9.92977E+02 -6.49403E+03  3.10951E+03  2.43034E-04  0.00000E+00  2.93073E-05
       1       1       5  2.63496E-04  4.93417E-04  2.63496E-06  8.72360E-01  1.28348E-01  5.17264E+00 -2.96324E-01  3.01506E+00 -9.03899E-01  3.99097E+04  1.92570E+04  3.25720E+04  3.99045E+02 -7.67388E+02  1.03518E+03  4.64492E-04  0.00000E+00  2.89247E-05
       1       1       6  2.11362E-04  2.85980E-04  2.11362E-06  1.16850E+00  1.53039E-01  6.63916E+00 -1.21420E-01  1.50646E+00 -8.84155E-01  1.95664E+04  1.08227E+04  2.10880E+04 -1.57737E+01 -1.20942E+03  2.67684E+03  2.32828E-04  0.00000E+00  5.31527E-05
       1       1       7  2.15408E-04  2.41597E-04  2.15408E-06  1.96718E+00  2.79665E-01  1.23579E+01 -1.46200E+01 -1.85252E+02  3.36048E+00  4.54353E+04  4.54232E+04  3.88231E+04  2.80526E+03 -3.36729E+03  4.59610E+03  1.97907E-04  0.00000E+00  4.36901E-05
       1       1       8  3.60791E-04  5.14987E-04  3.60791E-06  2.94259E+00  3.98905E-01  1.79627E+01 -7.82289E+00 -1.16397E+02  1.68561E+01  2.06614E+04  1.94510E+04  2.84281E+04  1.35874E+03 -9.32989E+02  2.65674E+03  4.02849E-04  0.00000E+00  1.12138E-04
       1       1       9  3.75374E-04  4.59927E-04  3.75374E-06  4.25434E+00  5.76669E-01  2.38050E+01 -2.98779E+00 -5.05311E+01  1.35301E+01  6.87831E+03  6.69593E+03  1.26395E+04  5.64530E+02 -2.36199E+02  1.98324E+03  2.07207E-04  0.00000E+00  2.52720E-04
       1       1      10  1.69950E-04  1.67423E-04  1.69950E-06  1.54053E+01  2.55108E+00  7.36635E+01 -2.46769E-01  4.69288E-01  6.88645E+00  2.45093E+03  9.94507E+01  5.14722E+04  3.94435E+02  1.88438E+03  1.07850E+04  0.00000E+00  0.00000E+00  1.67423E-04
       1       2       1  1.25936E-03  1.02363E-03  1.25936E-05  1.96219E-01  2.62852E-02  4.68820E-01  1.13996E+01 -8.85656E+01 -1.63145E+00  7.47930E+04  3.64992E+04  8.35973E+04  3.56990E+03  2.71659E+03  2.29083E+04  0.00000E+00  3.85103E-04  6.38526E-04
       1       2       2  3.62627E-04  2.27361E-04  3.62627E-06  5.31664E-01  6.55601E-02  1.41682E+00 -8.64506E+00 -4.01359E+00 -9.42969E+00  5.22154E+04  1.01304E+04  1.48519E+05  5.76506E+03  8.63919E+03  6.31975E+04  0.00000E+00  0.00000E+00  2.27361E-04
       1       2       3  6.23744E-04  6.37666E-04  6.23744E-06  7.91745E-01  1.07980E-01  2.12449E+00  1.65962E+00  2.70917E-01  6.47339E+00  2.63104E+04  2.19694E+03  4.52684E+04  2.29103E+03  2.72106E+03  1.98751E+04  0.00000E+00  0.00000E+00  6.37666E-04
       1       2       4  8.99801E-04  2.58738E-04  8.99801E-06  1.31933E+00  2.16733E-01  3.21761E+00  6.70837E+00 -8.23772E+01 -1.36131E+00  1.06106E+05  5.21689E+04  1.10570E+05  6.46623E+03 -6.44944E+02  4.42661E+04  8.71359E-05  4.41819E-05  1.27420E-04
       1       2       5  8.38478E-04  5.13941E-04  8.38478E-06  1.98620E+00  3.63616E-01  4.82672E+00  1.32688E-01 -2.85823E+00 -4.83270E+00  4.09699E+04  5.78163E+03  7.47623E+04  1.15889E+03  9.24105E+01  2.38187E+04  2.70645E-04  4.90910E-06  2.38387E-04
       1       2       6  7.07868E-04  7.08269E-04  7.07868E-06  3.04262E+00  4.27461E-01  6.77595E+00 -1.89851E+00  1.04933E+00 -3.16109E+00  1.24706E+04  1.29979E+03  5.13733E+04  9.34146E+02  1.66526E+03  1.99136E+04  8.95991E-05  0.00000E+00  6.18670E-04
       1       2       7  6.97894E-04  3.28168E-04  6.97894E-06  4.81167E+00  6.17447E-01  1.08182E+01 -3.12436E+00 -1.35832E+01 -5.29678E+00  2.09279E+04  8.06915E+03  1.21584E+05  1.46842E+03  6.21626E+03  4.75678E+04  0.00000E+00  7.13574E-06  3.21032E-04
       1       2       8  1.15177E-03  6.72573E-04  1.15177E-05  7.18350E+00  9.62806E-01  1.65910E+01 -4.11351E+00 -3.06739E+00 -1.04738E+01  1.09495E+04  5.77096E+02  6.28764E+04  1.50943E+03  3.80167E+03  2.50141E+04  0.00000E+00  0.00000E+00  6.72573E-04
       1       2       9  1.28089E-03  1.43725E-03  1.28089E-05  9.95690E+00  1.40281E+00  2.33674E+01 -3.26602E+00 -2.31695E+00 -5.79193E+00  2.77147E+03  2.26415E+02  1.53916E+04  3.88505E+02  9.66396E+02  6.06074E+03  0.00000E+00  0.00000E+00  1.43725E-03
       1       2      10  5.84890E-04  4.91643E-04  5.84890E-06  2.98901E+01  3.82166E+00  7.00147E+01  1.33277E+00  1.19027E+00  9.49978E-01  8.25442E+03  2.14934E+02  4.29608E+04  9.78968E+02  2.07191E+03  1.83224E+04  0.00000E+00  0.00000E+00  4.91643E-04
       1       3       1  2.11301E-03  2.27971E-03  2.11301E-05  3.54459E-01  4.87564E-02  4.79625E-01  8.15600E+00 -8.25513E+01 -5.38864E-01  4.99570E+04  1.99705E+04  4.72994E+04  3.47554E+03  8.78274E+02  6.04521E+03  0.00000E+00  1.33494E-03  9.44770E-04
       1       3       2  6.20930E-04  5.31268E-04  6.20930E-06  8.98296E-01  1.22840E-01  1.20617E+00  1.19006E+01 -1.06047E+02 -2.82752E+00  7.02272E+04  2.47286E+04  7.83084E+04  6.34114E+03  4.90462E+03  2.66176E+04  0.00000E+00  3.69115E-04  1.62153E-04
       1       3       3  1.05787E-03  1.13077E-03  1.05787E-05  1.35854E+00  1.89564E-01  1.79810E+00  3.96271E-02 -5.13144E+01  6.38507E+00  2.57528E+04  7.98543E+03  3.83381E+04  2.82177E+03  1.59832E+03  1.62244E+04  0.00000E+00  7.81852E-04  3.48919E-04
       1       3       4  1.60280E-03  9.64367E-04  1.60280E-05  2.01674E+00  2.73801E-01  2.79628E+00  3.72062E+01 -2.53170E+02  4.46925E+00  6.41184E+04  1.03571E+05  6.40045E+04 -3.75359E+03  3.29286E+03  3.03553E+04  0.00000E+00  6.42898E-04  3.21469E-04
       1       3       5  1.55708E-03  1.27007E-03  1.55708E-05  3.23418E+00  4.44437E-01  4.06123E+00  1.48844E+01 -1.33987E+02 -3.62662E+00  4.87902E+04  3.21423E+04  5.11813E+04  1.90850E+03  3.26552E+03  2.38960E+04  2.95585E-05  7.74384E-04  4.66129E-04
       1       3       6  1.45379E-03  1.69826E-03  1.45379E-05  4.19683E+00  5.49640E-01  5.72689E+00  1.21693E+01 -9.09412E+01  1.55094E+00  1.55466E+04  1.76462E+04  2.71096E+04 -4.29003E+02  1.28192E+03  1.16675E+04  0.00000E+00  8.26814E-04  8.71442E-04
       1       3       7  1.40285E-03  1.09998E-03  1.40285E-05  7.27912E+00  9.66302E-01  9.74097E+00  3.09537E+01 -1.88814E+02  5.73825E+00  3.30502E+04  5.81839E+04  5.42804E+04 -4.04056E+03  2.55206E+03  1.84151E+04  0.00000E+00  7.86596E-04  3.13379E-04
       1       3       8  2.14523E-03  2.22733E-03  2.14523E-05  1.08494E+01  1.46383E+00  1.44268E+01  2.03620E+01 -1.14328E+02  1.78754E+00  2.00904E+04  2.35126E+04  3.35811E+04 -8.26581E+02  1.32419E+03  1.14344E+04  0.00000E+00  1.47199E-03  7.55338E-04
       1       3       9  2.72297E-03  3.16805E-03  2.72297E-05  1.48730E+01  1.87661E+00  2.01157E+01  8.02334E+00 -4.60314E+01 -2.20996E+00  6.68560E+03  6.23318E+03  1.19898E+04  1.42365E+02  5.08653E+02  4.19461E+03  0.00000E+00  1.42739E-03  1.74066E-03
       1       3      10  1.40559E-03  1.39572E-03  1.40559E-05  4.55002E+01  6.08132E+00  6.05373E+01  4.69720E+00 -4.35981E+01 -4.20667E-01  1.79576E+04  3.97603E+03  3.07397E+04  1.90059E+03  1.25737E+03  9.58827E+03  0.00000E+00  8.38604E-04  5.57117E-04
       1       4       1  2.93412E-03  3.18843E-03  2.93412E-05  4.90720E-01  6.52435E-02  3.48948E-01  1.84465E+01 -1.40715E+02 -8.12683E-01  4.93904E+04  5.79782E+04  3.13061E+04 -2.09757E+03  7.63221E+02  4.29916E+03  0.00000E+00  2.40078E-03  7.87647E-04
       1       4       2  8.88363E-04  9.09518E-04  8.88363E-06  1.22997E+00  1.61280E-01  8.54871E-01  3.51402E+00 -5.09131E+01 -4.16899E+00  7.25495E+04  5.86760E+04  3.21353E+04  2.39118E+03  1.05090E+03  7.64582E+03  0.00000E+00  7.44260E-04  1.65257E-04
       1       4       3  1.48751E-03  1.52992E-03  1.48751E-05  1.77288E+00  2.40888E-01  1.25950E+00  3.59673E+00 -4.92127E+01 -2.09383E+00  2.28778E+04  3.15422E+04  1.76137E+04 -8.77925E+02  8.27797E+02  5.54187E+03  0.00000E+00  1.16810E-03  3.61824E-04
       1       4       4  2.39950E-03  1.59735E-03  2.39950E-05  2.82032E+00  3.75387E-01  2.01089E+00  1.78266E+01 -1.45702E+02  1.34074E+00  4.34342E+04  1.43110E+05  2.87056E+04 -1.26950E+04 -8.16405E+02  4.59455E+03  0.00000E+00  1.48318E-03  1.14177E-04
       1       4       5  2.47925E-03  3.15683E-03  2.47925E-05  4.25140E+00  5.64817E-01  2.99081E+00  1.60624E+01 -9.95650E+01  5.45561E+00  4.41871E+04  4.95343E+04  2.46278E+04 -8.78111E+02  4.92467E+02  5.13174E+03  0.00000E+00  2.77509E-03  3.81742E-04
       1       4       6  2.64188E-03  3.16742E-03  2.64188E-05  5.95741E+00  7.93139E-01  4.07305E+00  4.48301E+00 -4.37779E+01  4.13876E+00  2.42996E+04  2.08720E+04  1.38429E+04  6.07676E+02  1.13112E+03  6.94331E+03  0.00000E+00  2.14204E-03  1.02538E-03
       1       4       7  2.74295E-03  2.38774E-03  2.74295E-05  9.77386E+00  1.28962E+00  6.88222E+00  3.24386E+01 -2.69560E+02 -4.92904E+00  4.18103E+04  9.69182E+04  3.09201E+04 -7.90824E+03  1.19891E+03  7.97844E+03  0.00000E+00  2.08536E-03  3.02373E-04
       1       4       8  3.49072E-03  4.00678E-03  3.49072E-05  1.47661E+01  1.92579E+00  1.01533E+01  1.54994E+01 -1.54080E+02 -1.08399E+00  3.39972E+04  3.41678E+04  2.03758E+04  6.08103E+01  8.43424E+02  6.48348E+03  0.00000E+00  3.36789E-03  6.38882E-04
       1       4       9  5.15096E-03  5.76592E-03  5.15096E-05  2.04733E+01  2.82127E+00  1.41169E+01  1.15969E+01 -7.74366E+01 -5.84656E-01  1.54671E+04  1.16852E+04  8.44632E+03  3.02672E+02  2.79716E+02  2.24224E+03  0.00000E+00  4.20959E-03  1.55632E-03
       1       4      10  3.74836E-03  4.52300E-03  3.74836E-05  6.16681E+01  8.25916E+00  4.15586E+01  9.34097E+00 -6.86017E+01  3.26309E+00  3.41856E+04  6.75718E+03  1.55927E+04  3.73739E+03  3.16049E+02  3.25345E+03  0.00000E+00  4.04433E-03  4.78677E-04
       1       5       1  3.61597E-03  3.52199E-03  3.61597E-05  5.30673E-01  7.17400E-02  2.24932E-01  1.28768E+01 -1.37565E+02  1.07380E+00  4.93013E+04  5.40623E+04  3.50449E+04  4.34712E+02 -2.28386E+02  2.74278E+03  0.00000E+00  2.57833E-03  9.43654E-04
       1       5       2  1.13048E-03  1.06523E-03  1.13048E-05  1.38071E+00  1.85528E-01  5.99502E-01  8.17921E+00 -3.87727E+01  2.04441E+00  8.29570E+04  5.46906E+04  3.38743E+04  5.55161E+03 -1.49532E+03  1.74215E+03  0.00000E+00  8.56114E-04  2.09117E-04
       1       5       3  1.85361E-03  1.95038E-03  1.85361E-05  1.98916E+00  2.75892E-01  8.41554E-01  2.45681E+00 -4.73696E+01  3.01274E+00  4.77339E+04  3.08141E+04  2.17259E+04  3.28616E+03 -1.20737E+03 -5.21505E+02  0.00000E+00  1.36838E-03  5.82002E-04
       1       5       4  3.17232E-03  1.81357E-03  3.17232E-05  3.16942E+00  4.17115E-01  1.35176E+00  1.11306E+01 -1.14971E+02  6.50585E+00  6.01802E+04  9.15285E+04  5.75860E+04 -3.48916E+03 -1.99166E+03  5.94758E+03  0.00000E+00  1.62849E-03  1.85082E-04
       1       5       5  3.50293E-03  3.40470E-03  3.50293E-05  4.78168E+00  6.40316E-01  2.10834E+00  5.83293E+00 -7.80661E+01 -2.53247E+00  4.80212E+04  4.28892E+04  3.03117E+04  1.17062E+03  3.42309E+03  6.20464E+03  0.00000E+00  3.03328E-03  3.71417E-04
       1       5       6  4.22627E-03  3.85610E-03  4.22627E-05  6.54878E+00  8.95158E-01  2.84483E+00  5.69968E+00 -6.14539E+01 -1.24943E+00  4.42369E+04  2.47748E+04  1.86134E+04  2.79517E+03 -1.89120E+02  8.93050E+03  0.00000E+00  2.90141E-03  9.54698E-04
       1       5       7  5.23867E-03  3.30521E-03  5.23867E-05  1.08943E+01  1.46201E+00  4.58804E+00  2.32331E+01 -1.85111E+02 -3.22183E+00  6.84442E+04  5.62451E+04  3.67913E+04  1.95384E+03  1.83153E+03  1.06924E+04  0.00000E+00  2.48678E-03  8.18431E-04
       1       5       8  5.53689E-03  6.02356E-03  5.53689E-05  1.65169E+01  2.23111E+00  6.89782E+00  8.98994E+00 -1.17099E+02  3.65806E+00  4.34445E+04  2.36747E+04  1.87454E+04  2.96189E+03  5.77840E+01  7.32306E+03  0.00000E+00  4.40672E-03  1.61685E-03
       1       5       9  8.53277E-03  9.54050E-03  8.53277E-05  2.32737E+01  3.15932E+00  9.70186E+00  4.20988E+00 -5.41158E+01 -1.65675E+00  1.60873E+04  7.61623E+03  6.37976E+03  1.31476E+03  5.22999E+02  2.13674E+03  0.00000E+00  5.37573E-03  4.16477E-03
       1       5      10  1.00142E-02  5.65036E-03  1.00142E-04  6.89486E+01  9.13881E+00  2.98758E+01  5.49782E+00 -6.41768E+01 -2.25699E+00  3.91627E+04  5.96683E+03  9.06479E+03  4.69066E+03  2.22523E+02  6.27896E+02  0.00000E+00  5.17334E-03  4.77017E-04
       1       6       1  4.01232E-03  4.40866E-03  4.01232E-05  5.85020E-01  7.95723E-02  7.90849E-02  1.02160E+01 -1.03572E+02  5.88919E-01  5.91774E+04  3.53119E+04  3.07621E+04  3.78179E+03  3.24814E+02  1.21266E+03  0.00000E+00  2.98420E-03  1.42445E-03
       1       6       2  1.28147E-03  1.28398E-03  1.28147E-05  1.48570E+00  2.00251E-01  2.00075E-01 -4.69965E+00  2.73182E+01 -1.61424E+00  8.74553E+04  5.38571E+04  2.60886E+04  5.50282E+03  1.07621E+02 -3.07571E+02  0.00000E+00  1.02013E-03  2.63844E-04
       1       6       3  2.07027E-03  2.25075E-03  2.07027E-05  2.19020E+00  3.04713E-01  2.83836E-01  6.67320E+00 -4.19784E+01 -1.06268E+00  5.97879E+04  1.97968E+04  1.95807E+04  6.58502E+03  7.43155E+02  8.84010E+02  0.00000E+00  1.46806E-03  7.82682E-04
       1       6       4  3.67331E-03  2.88590E-03  3.67331E-05  3.39632E+00  4.60045E-01  4.46365E-01  1.20862E+01 -9.26601E+01  9.65819E-01  6.54635E+04  1.03767E+05  4.53742E+04 -3.78745E+03 -1.35674E+02  5.49826E+03  0.00000E+00  2.36535E-03  5.20550E-04
       1       6       5  4.23992E-03  4.47239E-03  4.23992E-05  5.13837E+00  7.05296E-01  6.73073E-01  5.13113E+00 -5.07667E+01 -2.23006E+00  5.93965E+04  4.94535E+04  1.86193E+04  2.06755E+03  1.92616E+03  5.95990E+03  0.00000E+00  3.51312E-03  9.59268E-04
       1       6       6  5.50971E-03  6.35050E-03  5.50971E-05  7.07093E+00  1.00417E+00  9.25425E-01  5.12403E+00 -4.53073E+01 -2.69487E+00  3.39292E+04  2.24972E+04  1.34751E+04  2.05245E+03  9.15423E+02  4.15262E+03  0.00000E+00  4.17625E-03  2.17425E-03
       1       6       7  7.93902E-03  5.96071E-03  7.93902E-05  1.17678E+01  1.57657E+00  1.61870E+00  3.63768E+01 -2.60603E+02 -1.20506E+00  4.48765E+04  8.91580E+04  2.15526E+04 -5.68153E+03  8.54907E+02  4.96169E+03  0.00000E+00  4.98655E-03  9.74165E-04
       1       6       8  8.04669E-03  1.04417E-02  8.04669E-05  1.77501E+01  2.40507E+00  2.46762E+00  2.41244E+01 -1.65548E+02  1.19969E+00  3.50179E+04  3.83599E+04  1.03596E+04 -1.33903E+02  1.65529E+02  2.50880E+03  0.00000E+00  8.52673E-03  1.91493E-03
       1       6       9  1.14359E-02  1.35973E-02  1.14359E-04  2.43567E+01  3.25734E+00  3.54086E+00  1.51304E+01 -8.43767E+01  1.53766E+00  1.41181E+04  1.44850E+04  4.28595E+03 -2.60684E+02  2.15293E+02  9.69674E+02  0.00000E+00  8.52877E-03  5.06854E-03
       1       6      10  1.90821E-02  2.23114E-02  1.90821E-04  6.26502E+01  8.31481E+00  8.04416E+00  3.20591E+01 -2.39759E+02  9.33729E-01  1.22704E+04  6.85626E+04  2.55779E+03 -7.53890E+03 -2.32931E+01  2.66891E+02  0.00000E+00  2.12587E-02  1.05278E-03
       2       1       1  4.16794E-04  4.50144E-04  4.16794E-06  8.54631E-02  3.41563E-02  4.92332E-01  1.83793E+01 -4.19277E+01  8.96976E-01  6.94564E+04  5.04525E+04  1.17018E+05  1.04277E+04  2.94254E+03  2.48897E+04  2.96493E-05  1.03685E-04  3.16809E-04
       2       1       2  1.18861E-04  1.42251E-04  1.18861E-06  2.68875E-01  1.03484E-01  1.45170E+00  5.97553E+00  1.19972E+02 -1.30265E+01  5.70978E+04  6.14356E+04  7.59607E+04  6.38196E+03  4.90032E+03  1.66938E+04  8.62537E-05  0.00000E+00  5.59969E-05
       2       1       3  2.05161E-04  2.02850E-04  2.05161E-06  4.06779E-01  1.54466E-01  2.11997E+00  1.29665E+00  5.56976E+01 -1.54175E+01  5.12923E+04  4.06088E+04  4.88272E+04  8.06784E+03 -7.26909E+02  1.03618E+04  6.56492E-05  0.00000E+00  1.37201E-04
       2       1       4  2.88343E-04  1.91398E-04  2.88343E-06  5.60952E-01  2.26235E-01  3.55026E+00  6.84642E+00  6.81786E-01  1.44930E+01  8.85805E+04  5.12167E+04  5.07177E+04  5.39302E+03 -3.89646E+03  4.60184E+03  1.68954E-04  0.00000E+00  2.24446E-05
       2       1       5  2.63479E-04  3.18793E-04  2.63479E-06  8.19169E-01  3.20710E-01  5.22202E+00  2.91633E+00  2.55886E+00  1.75263E+01  3.21013E+04  2.18914E+04  4.14059E+04  2.07234E+01  1.21165E+03  2.83005E+03  2.73383E-04  0.00000E+00  4.54092E-05
       2       1       6  2.11346E-04  2.56341E-04  2.11346E-06  1.09115E+00  4.63441E-01  6.71436E+00 -1.96415E+00  3.32296E+00 -1.00396E+01  1.59183E+04  8.50461E+03  3.24477E+04  4.54104E+02  1.83851E+03  4.57677E+03  1.71936E-04  0.00000E+00  8.44052E-05
       2       1       7  2.15397E-04  2.74027E-04  2.15397E-06  2.08066E+00  8.16131E-01  1.22986E+01 -1.12867E+01 -1.69572E+02  3.17264E+01  5.19875E+04  3.96604E+04  3.76885E+04  2.44874E+03 -5.42749E+03  4.04195E+03  2.28415E-04  0.00000E+00  4.56120E-05
       2       1       8  3.60774E-04  4.99082E-04  3.60774E-06  3.16033E+00  1.26285E+00  1.78408E+01 -3.06436E+00 -1.04663E+02  2.06711E+01  2.11240E+04  1.73604E+04  3.15773E+04  9.12520E+02 -6.12959E+02  3.62132E+03  3.71154E-04  0.00000E+00  1.27928E-04
       2       1       9  3.75343E-04  4.50432E-04  3.75343E-06  4.11889E+00  1.59487E+00  2.36111E+01  2.98732E-01 -4.86114E+01  1.40335E+01  8.47939E+03  5.94858E+03  1.37862E+04  3.89305E+02 -1.82007E+02  2.35433E+03  2.22054E-04  0.00000E+00  2.28378E-04
       2       1      10  1.69936E-04  2.05325E-04  1.69936E-06  1.18935E+01  4.83094E+00  7.56111E+01 -4.26852E-01 -2.30957E-01  3.94525E-01  1.50009E+03  2.43405E+02  4.86672E+04  5.64674E+02  3.18165E+03  8.13453E+03  0.00000E+00  0.00000E+00  2.05325E-04
       2       2       1  1.25908E-03  1.08156E-03  1.25908E-05  1.89260E-01  7.86250E-02  4.91670E-01  3.17163E+01 -7.51466E+01 -4.35811E+00  7.19733E+04  4.10139E+04  8.59177E+04  1.12908E+04  6.71987E+03  2.01211E+04  2.02006E-05  3.96530E-04  6.64827E-04
       2       2       2  3.62526E-04  3.95263E-04  3.62526E-06  5.03376E-01  2.28607E-01  1.41136E+00  1.54322E+00  7.49951E+01 -4.71635E+01  5.33414E+04  2.23153E+04  8.34778E+04  8.80405E+03  5.91597E+03  2.75217E+04  1.65529E-04  0.00000E+00  2.29734E-04
       2       2       3  6.23617E-04  6.71360E-04  6.23617E-06  7.55955E-01  3.17854E-01  2.09484E+00  3.99039E+00  5.72766E+00 -7.80866E+00  2.27435E+04  6.55353E+03  4.47780E+04  8.95778E+03  6.61148E+03  1.79669E+04  2.61386E-05  0.00000E+00  6.45222E-04
       2       2       4  8.99500E-04  4.48519E-04  8.99500E-06  1.30958E+00  5.02949E-01  3.23784E+00  2.26216E+01 -4.98047E+01 -3.84758E+00  9.30751E+04  4.73719E+04  8.48189E+04  5.81185E+02 -7.20178E+03  2.18446E+04  2.85793E-04  4.80001E-05  1.14726E-04
       2       2       5  8.38193E-04  7.38950E-04  8.38193E-06  1.95827E+00  7.93576E-01  4.84251E+00  4.95338E+00 -1.03330E-01  3.81032E+00  3.92227E+04  1.17379E+04  5.46918E+04  2.19386E+03  8.31048E+02  1.37244E+04  5.00377E-04  4.36365E-06  2.34209E-04
       2       2       6  7.07590E-04  7.94256E-04  7.07590E-06  2.66778E+00  1.05178E+00  6.55659E+00  2.40869E+00  7.01817E-01  1.31428E+00  1.41513E+04  4.18767E+03  3.84822E+04  1.84040E+03  2.77279E+03  1.22464E+04  2.71266E-04  0.00000E+00  5.22991E-04
       2       2       7  6.97677E-04  6.37764E-04  6.97677E-06  4.30371E+00  1.87481E+00  1.12601E+01 -8.39532E+00 -1.00612E+02  6.87507E+01  4.54324E+04  2.06808E+04  7.28831E+04  2.32814E+03 -5.01547E+03  1.83990E+04  3.54048E-04  7.75623E-06  2.75959E-04
       2       2       8  1.15150E-03  1.42347E-03  1.15150E-05  6.43101E+00  2.76894E+00  1.67922E+01 -6.92409E+00 -5.75363E+01  3.79385E+01  2.11851E+04  8.00432E+03  4.09127E+04  2.30709E+03  3.60651E+02  1.11374E+04  7.19032E-04  0.00000E+00  7.04440E-04
       2       2       9  1.28032E-03  2.11667E-03  1.28032E-05  9.03955E+00  3.56090E+00  2.30866E+01 -1.76286E-01 -1.50214E+01  1.05662E+01  4.83836E+03  1.84560E+03  1.26254E+04  6.98234E+02  6.65678E+02  4.29216E+03  3.43217E-04  0.00000E+00  1.77345E-03
       2       2      10  5.84580E-04  5.06392E-04  5.84580E-06  2.74385E+01  1.10101E+01  7.01658E+01 -6.30429E+00 -3.61507E+00 -1.26447E+01  6.88392E+03  1.29639E+03  4.34706E+04  2.86739E+03  7.06253E+03  1.68303E+04  0.00000E+00  0.00000E+00  5.06392E-04
       2       3       1  2.11187E-03  1.98420E-03  2.11187E-05  3.33226E-01  1.36925E-01  4.79397E-01  3.74386E+01 -8.70361E+01 -3.19647E+00  5.70172E+04  2.75300E+04  5.45960E+04  9.03536E+03  2.08501E+03  6.67349E+03  7.14021E-06  1.32627E-03  6.50784E-04
       2       3       2  6.20482E-04  6.44159E-04  6.20482E-06  8.37144E-01  3.60236E-01  1.20684E+00  3.69568E+01 -5.17787E+01 -2.68639E+01  6.51521E+04  2.75563E+04  7.49896E+04  1.39628E+04  3.47033E+03  2.09967E+04  9.59518E-05  3.47548E-04  2.00659E-04
       2       3       3  1.05735E-03  1.24450E-03  1.05735E-05  1.26815E+00  5.22380E-01  1.80485E+00  1.84429E+01 -4.06000E+01 -1.60525E+01  2.32114E+04  7.66901E+03  3.73737E+04  7.65060E+03  7.76657E+03  1.63151E+04  2.64464E-06  8.10345E-04  4.31513E-04
       2       3       4  1.60144E-03  1.29404E-03  1.60144E-05  1.92326E+00  7.64746E-01  2.78882E+00  7.12976E+01 -1.75811E+02 -8.54083E+00  6.81616E+04  7.56907E+04  7.19149E+04 -1.31057E+04  1.03556E+03  2.05738E+04  3.46911E-04  6.37370E-04  3.09758E-04
       2       3       5  1.55563E-03  1.87298E-03  1.55563E-05  3.03223E+00  1.19659E+00  4.11799E+00  3.73828E+01 -8.33414E+01 -2.41730E+00  4.40467E+04  2.49524E+04  4.57751E+04  2.62081E+03  2.31953E+03  1.46621E+04  6.19477E-04  7.70295E-04  4.83208E-04
       2       3       6  1.45224E-03  2.18850E-03  1.45224E-05  3.87796E+00  1.56783E+00  5.68662E+00  2.97569E+01 -6.52691E+01  1.35599E+00  1.69638E+04  1.40037E+04  2.50038E+04 -5.28346E+02  2.40187E+03  9.22737E+03  3.04498E-04  8.26723E-04  1.05728E-03
       2       3       7  1.40132E-03  1.33027E-03  1.40132E-05  6.74235E+00  2.86351E+00  9.77300E+00  7.79040E+01 -1.71817E+02  6.60859E+01  4.27487E+04  4.93095E+04  5.22876E+04 -9.18633E+03 -1.61560E+03  1.16816E+04  2.84443E-04  8.00080E-04  2.45749E-04
       2       3       8  2.14386E-03  2.45517E-03  2.14386E-05  1.00971E+01  4.29462E+00  1.44147E+01  4.41859E+01 -1.09080E+02  4.31023E+01  2.34512E+04  2.12891E+04  3.12512E+04 -2.15668E+03  2.29220E+02  7.04858E+03  5.50488E-04  1.39217E-03  5.12516E-04
       2       3       9  2.71978E-03  2.93998E-03  2.71978E-05  1.37071E+01  5.74915E+00  1.96549E+01  2.28666E+01 -5.02622E+01  1.45463E+01  8.77560E+03  7.36240E+03  1.19887E+04 -1.16203E+02  8.17313E+02  3.50484E+03  2.46905E-04  1.45456E-03  1.23851E-03
       2       3      10  1.40280E-03  1.39215E-03  1.40280E-05  4.20343E+01  1.77929E+01  6.04147E+01  2.53167E+01 -3.69285E+01  6.81004E+00  1.62436E+04  5.80154E+03  3.11264E+04  5.08317E+03  3.58378E+03  8.48227E+03  0.00000E+00  8.46671E-04  5.45478E-04
       2       4       1  2.93139E-03  3.14826E-03  2.93139E-05  4.54994E-01  1.87881E-01  3.46448E-01  5.09055E+01 -1.31192E+02 -9.14104E-01  4.93401E+04  5.53809E+04  3.45392E+04 -5.19052E+03  2.15438E+03  5.57397E+03  3.78518E-06  2.43664E-03  7.07834E-04
       2       4       2  8.87170E-04  9.56899E-04  8.87170E-06  1.13981E+00  4.78254E-01  8.58745E-01  9.70366E+00 -3.11340E+01 -1.44257E+01  6.46663E+04  5.63026E+04  3.75723E+04  3.53704E+03 -2.91845E+01  6.96079E+03  7.09354E-05  7.13706E-04  1.72258E-04
       2       4       3  1.48624E-03  1.54019E-03  1.48624E-05  1.64270E+00  6.72104E-01  1.27239E+00  1.86100E+01 -3.67635E+01 -9.92063E-01  2.37284E+04  2.83545E+04  1.86866E+04 -3.60629E+03  2.70760E+03  6.04606E+03  3.98397E-06  1.09478E-03  4.41429E-04
       2       4       4  2.39586E-03  1.94705E-03  2.39586E-05  2.60813E+00  1.06695E+00  2.03666E+00  4.90621E+01 -1.07235E+02  2.83717E+00  5.65103E+04  1.05228E+05  4.77077E+04 -2.88722E+04 -3.95947E+03  5.25690E+03  3.45742E-04  1.45248E-03  1.48825E-04
       2       4       5  2.47472E-03  3.62499E-03  2.47472E-05  3.94471E+00  1.59383E+00  3.02889E+00  3.74695E+01 -8.04858E+01 -6.09631E+00  4.09163E+04  4.33494E+04  2.79201E+04 -3.18048E+03  7.59806E+02  3.00647E+03  5.23245E-04  2.75835E-03  3.43391E-04
       2       4       6  2.63654E-03  3.15368E-03  2.63654E-05  5.45700E+00  2.18537E+00  4.03365E+00  1.95544E+01 -3.17336E+01 -1.86968E+00  2.20103E+04  2.00201E+04  1.26522E+04 -4.57820E+02  7.18228E+02  3.48433E+03  3.37309E-04  1.78241E-03  1.03396E-03
       2       4       7  2.73536E-03  2.59618E-03  2.73536E-05  9.03737E+00  3.82490E+00  6.88395E+00  9.88895E+01 -2.43876E+02  3.34818E+01  4.73391E+04  8.50638E+04  3.57770E+04 -1.99361E+04 -1.18860E+03  5.15898E+03  2.66342E-04  2.12355E-03  2.06283E-04
       2       4       8  3.48551E-03  4.59040E-03  3.48551E-05  1.37280E+01  5.81800E+00  1.03863E+01  5.88321E+01 -1.37143E+02  1.94000E+01  3.23149E+04  3.14591E+04  2.12930E+04 -3.99770E+02  8.30855E+02  3.86904E+03  4.86866E-04  3.59362E-03  5.09914E-04
       2       4       9  5.13981E-03  5.55932E-03  5.13981E-05  1.90137E+01  7.84932E+00  1.40836E+01  3.16609E+01 -7.37164E+01  9.14057E+00  1.49979E+04  1.19274E+04  9.12863E+03  9.92737E+02  2.09498E+02  2.08035E+03  2.20151E-04  4.13710E-03  1.20207E-03
       2       4      10  3.73033E-03  4.40470E-03  3.73033E-05  5.74523E+01  2.39406E+01  4.17461E+01  2.48152E+01 -6.64437E+01 -3.66463E-01  3.02612E+04  1.05464E+04  1.54467E+04  9.98189E+03  7.17228E+02  2.00573E+03  0.00000E+00  4.04590E-03  3.58802E-04
       2       5       1  3.61131E-03  3.48100E-03  3.61131E-05  4.96339E-01  2.05090E-01  2.26916E-01  5.12179E+01 -1.30634E+02 -3.15997E+00  4.56393E+04  5.26552E+04  3.76359E+04 -3.19440E+03  1.16879E+03  2.88261E+03  3.91991E-06  2.71228E-03  7.64795E-04
       2       5       2  1.12823E-03  1.11565E-03  1.12823E-05  1.28756E+00  5.32528E-01  5.90051E-01  1.01321E+01 -3.15934E+01 -2.05273E+01  7.12257E+04  5.23377E+04  3.88667E+04  6.25296E+03 -9.29717E+02  8.35028E+02  5.90287E-05  8.50340E-04  2.06285E-04
       2       5       3  1.85140E-03  1.81781E-03  1.85140E-05  1.84288E+00  7.66161E-01  8.42027E-01  4.71326E+00 -4.86551E+01 -2.16347E+00  3.94165E+04  3.30727E+04  2.29537E+04  5.51394E+03  4.26160E+02  6.11461E+02  8.11267E-06  1.32928E-03  4.80417E-04
       2       5       4  3.16547E-03  2.10747E-03  3.16547E-05  2.95143E+00  1.19578E+00  1.33247E+00  3.72467E+01 -9.19235E+01  1.63513E+00  5.44537E+04  7.64120E+04  7.39912E+04 -1.17491E+04 -4.26507E+03  2.41199E+03  3.20324E-04  1.61464E-03  1.72514E-04
       2       5       5  3.49308E-03  3.88168E-03  3.49308E-05  4.50282E+00  1.82418E+00  2.08159E+00  2.25475E+01 -6.24865E+01  7.07779E+00  4.15214E+04  3.79171E+04  3.45629E+04  1.45750E+03  5.73133E+02  1.94142E+03  5.33022E-04  2.95256E-03  3.96099E-04
       2       5       6  4.21361E-03  4.24323E-03  4.21361E-05  6.09447E+00  2.50204E+00  2.79901E+00  2.18276E+01 -5.06445E+01  6.40152E+00  3.13937E+04  2.29113E+04  1.81072E+04  3.73199E+03 -5.36444E+00  4.06242E+03  2.84789E-04  2.96380E-03  9.94636E-04
       2       5       7  5.21284E-03  3.14212E-03  5.21284E-05  1.01532E+01  4.26736E+00  4.65591E+00  8.25412E+01 -1.80308E+02  2.92776E+01  5.71571E+04  5.70919E+04  4.67804E+04 -1.74430E+03  2.10791E+03  5.60651E+03  2.54795E-04  2.46880E-03  4.18524E-04
       2       5       8  5.51606E-03  5.70459E-03  5.51606E-05  1.53581E+01  6.43279E+00  7.06184E+00  5.09457E+01 -1.15929E+02  2.26782E+01  3.79622E+04  2.69686E+04  2.19567E+04  5.02836E+03  5.85458E+02  4.56166E+03  4.59673E-04  4.34212E-03  9.02799E-04
       2       5       9  8.50559E-03  8.11823E-03  8.50559E-05  2.15558E+01  8.89387E+00  9.65599E+00  2.66010E+01 -5.75192E+01  3.20740E+00  1.58368E+04  9.80438E+03  8.13548E+03  2.86912E+03  5.89877E+02  1.44726E+03  2.07114E-04  5.29358E-03  2.61753E-03
       2       5      10  9.93091E-03  6.04177E-03  9.93091E-05  6.44314E+01  2.66893E+01  2.94688E+01  2.78010E+01 -5.72021E+01  2.73282E+00  3.49994E+04  1.02341E+04  8.96227E+03  1.21692E+04  5.27993E+02  1.64460E+03  0.00000E+00  5.44804E-03  5.93728E-04
       2       6       1  4.00628E-03  4.13588E-03  4.00628E-05  5.46121E-01  2.23519E-01  7.96724E-02  3.83453E+01 -1.09557E+02  2.19068E-01  5.19694E+04  4.01315E+04  3.58238E+04  6.26274E+03  6.98041E+01  7.10414E+02  5.60435E-06  3.23321E-03  8.97065E-04
       2       6       2  1.27838E-03  1.30169E-03  1.27838E-05  1.38415E+00  5.78170E-01  1.99205E-01 -8.89145E+00  1.87915E+01 -1.70262E+01  6.66856E+04  5.65830E+04  3.32930E+04  5.94149E+03 -7.38860E+02  1.06598E+03  5.25281E-05  1.08994E-03  1.59227E-04
       2       6       3  2.06738E-03  2.12530E-03  2.06738E-05  2.03475E+00  8.32559E-01  2.85980E-01  1.72553E+01 -4.95265E+01  1.73487E+00  3.93248E+04  2.46506E+04  2.00539E+04  8.58031E+03 -1.33504E+03 -3.75518E+02  1.03702E-05  1.59329E-03  5.21638E-04
       2       6       4  3.66392E-03  2.99196E-03  3.66392E-05  3.15698E+00  1.29154E+00  4.57598E-01  3.32439E+01 -8.69020E+01  2.94630E+00  5.31402E+04  9.25090E+04  6.03428E+04 -1.98395E+04  5.80823E+02  2.63140E+03  2.91797E-04  2.43263E-03  2.67533E-04
       2       6       5  4.22517E-03  4.73226E-03  4.22517E-05  4.80491E+00  1.98173E+00  6.75703E-01  1.83695E+01 -4.74930E+01  7.60017E-01  4.33407E+04  4.60367E+04  2.69069E+04 -1.61331E+03  5.31582E+02  2.53157E+03  5.83625E-04  3.68885E-03  4.59783E-04
       2       6       6  5.48974E-03  5.88363E-03  5.48974E-05  6.48497E+00  2.67537E+00  9.02364E-01  1.85942E+01 -4.98441E+01  1.08097E+01  2.47475E+04  2.41558E+04  1.59825E+04  4.85943E+02 -9.63567E+02  2.56363E+03  2.21118E-04  4.69218E-03  9.70337E-04
       2       6       7  7.88834E-03  5.84634E-03  7.88834E-05  1.09772E+01  4.57623E+00  1.59739E+00  9.86865E+01 -2.51310E+02  1.58288E+01  4.34347E+04  8.39859E+04  2.72935E+04 -1.96470E+04  9.11680E+02  2.15428E+03  2.49207E-04  5.03377E-03  5.63358E-04
       2       6       8  7.99263E-03  9.90397E-03  7.99263E-05  1.65265E+01  6.86180E+00  2.37524E+00  6.47524E+01 -1.61599E+02  1.11005E+01  3.21621E+04  3.85288E+04  1.27181E+04 -3.58126E+03  3.29068E+02  1.49384E+03  4.52968E-04  8.29146E-03  1.15955E-03
       2       6       9  1.13891E-02  1.18481E-02  1.13891E-04  2.23749E+01  9.18900E+00  3.33395E+00  3.65984E+01 -9.20744E+01  1.45968E+00  1.33125E+04  1.60517E+04  5.75721E+03 -1.47133E+03  2.80617E+02  6.30902E+02  1.91096E-04  8.63152E-03  3.02550E-03
       2       6      10  1.88719E-02  2.13945E-02  1.88719E-04  5.78810E+01  2.39589E+01  8.10170E+00  9.63488E+01 -2.32534E+02 -1.82122E+00  1.87753E+04  6.32833E+04  2.55815E+03 -2.23275E+04  1.57205E+02  4.33937E+01  0.00000E+00  2.10282E-02  3.66331E-04
       3       1       1  4.16761E-04  4.33335E-04  4.16761E-06  7.36881E-02  5.72010E-02  5.02611E-01  1.61905E+01 -4.24513E+01 -1.48536E+01  6.07671E+04  6.09360E+04  1.16565E+05  9.50366E+03  8.82970E+03  1.71082E+04  2.31115E-05  1.06043E-04  3.04180E-04
       3       1       2  1.18850E-04  1.11350E-04  1.18850E-06  2.21469E-01  1.79547E-01  1.44833E+00  7.74268E+00  1.01506E+02 -2.45603E+01  5.04551E+04  5.57363E+04  9.57841E+04  1.50078E+02  6.97685E+03  2.32415E+04  4.81751E-05  0.00000E+00  6.31748E-05
       3       1       3  2.05146E-04  2.36895E-04  2.05146E-06  3.67907E-01  2.97787E-01  2.16641E+00 -6.67731E+00  4.77714E+01 -3.45291E+00  3.52358E+04  2.30293E+04  3.96544E+04  5.20298E+03  2.29301E+03  6.50520E+03  4.95008E-05  0.00000E+00  1.87394E-04
       3       1       4  2.88310E-04  1.28977E-04  2.88310E-06  4.42529E-01  3.34306E-01  3.54209E+00 -3.47328E+00  6.38122E+00  1.50877E+01  7.43477E+04  5.71216E+04  6.54782E+04  5.38245E+03 -3.18765E+03  3.13449E+03  1.09500E-04  0.00000E+00  1.94772E-05
       3       1       5  2.63449E-04  2.33925E-04  2.63449E-06  6.77221E-01  5.15304E-01  5.17538E+00 -6.96711E-01  4.46054E+00  2.71882E+00  3.48292E+04  1.86023E+04  4.67668E+04  1.06364E+03  3.79318E+03  2.94460E+03  2.05469E-04  0.00000E+00  2.84557E-05
       3       1       6  2.11319E-04  2.62256E-04  2.11319E-06  1.00498E+00  7.69695E-01  7.03767E+00 -2.47371E+00  5.07216E+00 -5.94699E+00  7.78442E+03  7.74814E+03  3.33107E+04  3.28109E+02  3.00380E+03  4.15873E+03  1.35845E-04  0.00000E+00  1.26411E-04
       3       1       7  2.15378E-04  1.85447E-04  2.15378E-06  1.67143E+00  1.28958E+00  1.22166E+01 -8.67158E+00 -1.54794E+02  4.13176E+00  4.32850E+04  3.67823E+04  5.11438E+04  2.00849E+03 -9.80680E+02  6.46282E+03  1.31830E-04  0.00000E+00  5.36167E-05
       3       1       8  3.60744E-04  3.41051E-04  3.60744E-06  2.44211E+00  1.85521E+00  1.78590E+01 -1.09167E+01 -1.02599E+02 -9.93567E+00  2.22525E+04  1.56839E+04  3.28293E+04  1.01957E+03  1.42251E+03  2.30482E+03  2.50127E-04  0.00000E+00  9.09239E-05
       3       1       9  3.75288E-04  3.91058E-04  3.75288E-06  3.69181E+00  2.80889E+00  2.41286E+01 -4.00139E+00 -3.92701E+01 -1.68072E+01  5.08734E+03  4.65534E+03  1.45348E+04  2.15751E+02  1.02667E+03  2.14276E+03  1.27467E-04  0.00000E+00  2.63591E-04
       3       1      10  1.69913E-04  1.58795E-04  1.69913E-06  1.12753E+01  8.99477E+00  7.51268E+01 -5.73573E+00 -4.67186E+00 -3.60730E+01  1.14583E+03  6.73894E+02  4.89461E+04  8.53499E+02  5.28226E+03  7.08645E+03  0.00000E+00  0.00000E+00  1.58795E-04
       3       2       1  1.25860E-03  1.04511E-03  1.25860E-05  1.56811E-01  1.21083E-01  4.65150E-01  4.92898E+01 -6.95891E+01 -2.37691E+00  5.98009E+04  4.77752E+04  7.64552E+04  1.41221E+04  6.24473E+03  1.25967E+04  3.08539E-05  4.46286E-04  5.67968E-04
       3       2       2  3.62353E-04  2.89235E-04  3.62353E-06  4.66262E-01  3.42652E-01  1.38980E+00  1.65573E+00  1.06321E+02 -4.58111E+01  5.08263E+04  4.19653E+04  8.98164E+04  1.21900E+04  8.70758E+03  2.30211E+04  1.47106E-04  0.00000E+00  1.42129E-04
       3       2       3  6.23397E-04  4.57037E-04  6.23397E-06  6.37362E-01  4.81052E-01  2.07886E+00 -5.24536E+00  1.08644E+01 -2.13398E+01  2.45743E+04  1.60939E+04  5.39190E+04  1.44841E+04  1.16984E+04  1.75099E+04  5.23648E-05  0.00000E+00  4.04672E-04
       3       2       4  8.98979E-04  3.23603E-04  8.98979E-06  1.11646E+00  8.49662E-01  3.25845E+00  2.48125E+01 -5.04772E+01  1.23983E+01  7.61442E+04  6.66109E+04  9.88801E+04  9.13552E+03  2.70617E+03  2.20386E+04  1.60367E-04  3.87274E-05  1.24509E-04
       3       2       5  8.37700E-04  4.57403E-04  8.37700E-06  1.56415E+00  1.21130E+00  4.88590E+00 -2.90644E+00 -4.16091E+00 -1.15543E+01  2.27571E+04  2.33166E+04  7.93658E+04  4.89032E+03  1.17764E+04  2.18743E+04  2.20970E-04  4.36365E-06  2.32070E-04
       3       2       6  7.07108E-04  7.90208E-04  7.07108E-06  2.35632E+00  1.79882E+00  6.68755E+00 -6.97051E+00 -3.09233E+00 -1.33830E+01  9.41808E+03  5.95160E+03  4.06482E+04  3.43414E+03  8.11178E+03  1.20954E+04  1.95216E-04  0.00000E+00  5.94993E-04
       3       2       7  6.97300E-04  4.61566E-04  6.97300E-06  3.79125E+00  2.84935E+00  1.12535E+01  5.87501E+00 -1.04189E+02  8.76042E+01  3.29644E+04  2.98626E+04  7.81614E+04  3.12252E+03  1.19389E+03  1.85806E+04  2.31483E-04  7.44598E-06  2.22638E-04
       3       2       8  1.15102E-03  9.21783E-04  1.15102E-05  5.63967E+00  4.29840E+00  1.66624E+01  1.16711E+01 -5.79957E+01  6.51720E+01  1.43402E+04  1.33099E+04  4.62994E+04  2.42779E+03  4.96269E+03  1.17381E+04  4.20582E-04  0.00000E+00  5.01201E-04
       3       2       9  1.27934E-03  1.31112E-03  1.27934E-05  7.91664E+00  6.02019E+00  2.29486E+01  7.98499E-02 -1.71966E+01  1.28581E+01  4.03451E+03  3.28295E+03  1.67089E+04  1.53232E+03  2.71312E+03  4.80319E+03  2.31155E-04  0.00000E+00  1.07996E-03
       3       2      10  5.84044E-04  7.34972E-04  5.84044E-06  2.40524E+01  1.84092E+01  7.04772E+01 -4.15709E+00 -3.25630E+00 -7.92246E+00  4.89806E+03  2.97336E+03  4.23462E+04  3.74663E+03  1.08459E+04  1.39895E+04  0.00000E+00  0.00000E+00  7.34972E-04
       3       3       1  2.10990E-03  2.25786E-03  2.10990E-05  2.82501E-01  2.19761E-01  4.83762E-01  5.67459E+01 -6.07218E+01 -1.15208E+01  4.32786E+04  3.04755E+04  4.98154E+04  1.12411E+04  1.40614E+03  4.05688E+03  3.45315E-05  1.47421E-03  7.49111E-04
       3       3       2  6.19708E-04  7.22610E-04  6.19708E-06  7.33315E-01  5.50404E-01  1.21494E+00  4.87711E+01 -1.29201E+01 -6.44929E+01  4.95596E+04  3.65321E+04  6.78553E+04  1.42765E+04  5.79908E+02  1.13835E+04  2.22573E-04  3.86422E-04  1.13615E-04
       3       3       3  1.05644E-03  1.01110E-03  1.05644E-05  1.06587E+00  8.21744E-01  1.79900E+00  3.51383E+01 -4.03090E+01  2.18079E+01  1.79188E+04  1.40884E+04  3.67679E+04  8.84656E+03  6.18253E+03  9.95958E+03  1.28718E-05  7.86421E-04  2.11806E-04
       3       3       4  1.59910E-03  9.88221E-04  1.59910E-05  1.61011E+00  1.23608E+00  2.79829E+00  1.48659E+02 -2.01965E+02  1.15330E+00  7.62781E+04  8.71052E+04  6.70082E+04 -2.47604E+04  8.33163E+03  2.01322E+04  1.19239E-04  6.37105E-04  2.31877E-04
       3       3       5  1.55312E-03  1.45744E-03  1.55312E-05  2.62395E+00  2.00539E+00  4.06675E+00  7.42352E+01 -9.59682E+01 -8.22790E+00  4.31089E+04  3.53363E+04  4.92797E+04  6.54529E+03  1.05805E+04  1.59414E+04  2.35503E-04  7.94414E-04  4.27519E-04
       3       3       6  1.44957E-03  1.88975E-03  1.44957E-05  3.36637E+00  2.54496E+00  5.71630E+00  4.78908E+01 -6.61668E+01  2.01731E+00  1.75978E+04  1.67203E+04  2.87111E+04  3.59701E+00  6.30471E+03  1.00805E+04  1.70014E-04  8.16413E-04  9.03319E-04
       3       3       7  1.39867E-03  1.31068E-03  1.39867E-05  5.76811E+00  4.39170E+00  9.72951E+00  9.39024E+01 -1.58348E+02  3.29938E+01  4.50746E+04  4.48882E+04  5.58649E+04 -1.05769E+04  3.65570E+03  1.31099E+04  2.30144E-04  7.83904E-04  2.96636E-04
       3       3       8  2.14149E-03  2.43155E-03  2.14149E-05  8.71845E+00  6.65983E+00  1.43954E+01  6.30077E+01 -1.10826E+02  2.00465E+01  2.43628E+04  2.27864E+04  3.00867E+04 -2.21225E+03  1.99976E+03  6.11345E+03  4.78836E-04  1.50279E-03  4.49920E-04
       3       3       9  2.71426E-03  2.38445E-03  2.71426E-05  1.18917E+01  9.07257E+00  1.94932E+01  3.65655E+01 -5.31911E+01  1.04680E+01  9.47834E+03  8.60355E+03  1.42409E+04 -3.43477E+01  1.92633E+03  3.60299E+03  2.20809E-04  1.38639E-03  7.77252E-04
       3       3      10  1.39799E-03  1.53940E-03  1.39799E-05  3.65022E+01  2.80905E+01  5.99446E+01  2.72308E+01 -2.97939E+01  5.64290E+00  1.33189E+04  9.10551E+03  3.12489E+04  7.49733E+03  6.81360E+03  9.02165E+03  0.00000E+00  8.44809E-04  6.94593E-04
       3       4       1  2.92667E-03  3.34164E-03  2.92667E-05  3.90214E-01  3.01412E-01  3.46667E-01  7.90361E+01 -1.03658E+02 -3.39208E+00  4.69330E+04  4.79600E+04  3.04894E+04 -6.12161E+03  1.76145E+03  3.82567E+03  3.55057E-05  2.50481E-03  8.01331E-04
       3       4       2  8.85113E-04  1.04047E-03  8.85113E-06  9.84063E-01  7.47692E-01  8.72709E-01  1.66623E+01  1.08113E+00 -5.33928E+01  5.21891E+04  5.01234E+04  4.11403E+04 -1.49201E+03 -4.76249E+02  6.33855E+03  2.08441E-04  6.84080E-04  1.47954E-04
       3       4       3  1.48404E-03  1.39362E-03  1.48404E-05  1.40381E+00  1.07371E+00  1.25451E+00  2.15245E+01 -3.84678E+01  7.57751E+00  2.93387E+04  3.51205E+04  2.26688E+04 -4.95673E+03  2.35279E+03  6.87549E+03  3.32571E-05  9.62240E-04  3.98127E-04
       3       4       4  2.38959E-03  1.70200E-03  2.38959E-05  2.23607E+00  1.71637E+00  2.01651E+00  8.37887E+01 -1.10274E+02 -2.20483E+00  7.84811E+04  1.02622E+05  3.57289E+04 -4.39990E+04  3.62794E+03  3.03356E+03  8.12019E-05  1.46896E-03  1.51837E-04
       3       4       5  2.46691E-03  3.38024E-03  2.46691E-05  3.37829E+00  2.58674E+00  3.00236E+00  5.72608E+01 -7.23071E+01  5.82357E+00  4.45888E+04  4.42447E+04  2.64125E+04 -5.31712E+03 -4.06567E+02  3.72695E+03  3.61940E-04  2.70832E-03  3.09979E-04
       3       4       6  2.62734E-03  2.27894E-03  2.62734E-05  4.63870E+00  3.52439E+00  4.02284E+00  2.90083E+01 -3.48846E+01 -3.64089E-01  2.82515E+04  2.70695E+04  1.32440E+04 -1.34179E+03  4.15996E+03  5.81223E+03  2.57982E-05  1.47116E-03  7.81985E-04
       3       4       7  2.72230E-03  2.60150E-03  2.72230E-05  7.82146E+00  5.99810E+00  6.93476E+00  1.58027E+02 -2.07556E+02  3.03061E+01  6.05411E+04  7.20590E+04  3.45916E+04 -2.56640E+04  3.99922E+02  4.66230E+03  2.46995E-04  2.12994E-03  2.24566E-04
       3       4       8  3.47653E-03  4.35258E-03  3.47653E-05  1.18004E+01  9.01922E+00  1.02032E+01  8.85226E+01 -1.22078E+02  2.39771E+01  3.34558E+04  3.26320E+04  2.25138E+04 -7.81190E+02  1.16428E+03  3.91020E+03  4.09973E-04  3.39698E-03  5.45624E-04
       3       4       9  5.12057E-03  6.18298E-03  5.12057E-05  1.61968E+01  1.23985E+01  1.43426E+01  4.50439E+01 -6.13817E+01  6.42860E+00  1.38788E+04  1.27741E+04  9.26413E+03  1.89799E+03  9.96794E+02  1.50640E+03  2.60459E-04  4.23878E-03  1.68374E-03
       3       4      10  3.69939E-03  4.95015E-03  3.69939E-05  4.90616E+01  3.78514E+01  4.20207E+01  4.05848E+01 -5.16985E+01  2.59469E+00  2.34555E+04  1.66790E+04  1.61408E+04  1.37570E+04  2.26312E+03  3.08826E+03  0.00000E+00  4.22721E-03  7.22942E-04
       3       5       1  3.60326E-03  3.47153E-03  3.60326E-05  4.32055E-01  3.33402E-01  2.31690E-01  8.26253E+01 -1.13404E+02 -4.70707E+00  4.76356E+04  5.08467E+04  4.03367E+04 -5.36925E+03  6.75911E+02  1.77738E+03  4.96447E-05  2.70580E-03  7.16081E-04
       3       5       2  1.12437E-03  1.12290E-03  1.12437E-05  1.10169E+00  8.42180E-01  5.87050E-01  1.97405E+01 -1.82465E+01 -4.37359E+01  5.96666E+04  5.58137E+04  4.43218E+04  9.59408E+03 -1.22306E+02  1.42719E+03  1.45131E-04  8.23244E-04  1.54526E-04
       3       5       3  1.84759E-03  1.83470E-03  1.84759E-05  1.56593E+00  1.22419E+00  8.31021E-01  2.36543E+01 -3.41782E+01 -7.98769E+00  3.56935E+04  3.39029E+04  2.23708E+04  4.03251E+03 -1.75005E+02  1.25072E+03  8.05830E-05  1.33143E-03  4.22684E-04
       3       5       4  3.15367E-03  1.80562E-03  3.15367E-05  2.54055E+00  1.94780E+00  1.32407E+00  6.12728E+01 -9.01571E+01 -8.91943E+00  6.53848E+04  7.57534E+04  6.55253E+04 -2.18102E+04 -1.00134E+03  2.31835E+03  1.26565E-04  1.52046E-03  1.58591E-04
       3       5       5  3.47614E-03  3.51397E-03  3.47614E-05  3.84929E+00  2.95207E+00  2.09527E+00  4.14385E+01 -6.05311E+01 -6.59610E+00  4.29919E+04  4.34876E+04  3.09798E+04  7.58246E+02  8.93719E+02  9.50445E+02  2.28261E-04  2.93328E-03  3.52430E-04
       3       5       6  4.19180E-03  3.94644E-03  4.19180E-05  5.28611E+00  4.05655E+00  2.75472E+00  3.73012E+01 -4.51126E+01 -7.30588E+00  3.36533E+04  2.82029E+04  1.79881E+04  6.88220E+03  3.05234E+03  2.95978E+03  1.01053E-04  2.84543E-03  9.99950E-04
       3       5       7  5.16852E-03  3.23340E-03  5.16852E-05  8.70614E+00  6.71913E+00  4.62536E+00  1.13345E+02 -1.50518E+02  2.74487E+01  5.93532E+04  5.78136E+04  4.37542E+04  2.24285E+03  4.54567E+03  7.92174E+03  2.34553E-04  2.40323E-03  5.95619E-04
       3       5       8  5.48052E-03  6.10334E-03  5.48052E-05  1.31880E+01  1.01725E+01  6.98834E+00  7.37551E+01 -9.28144E+01  1.87916E+01  3.44330E+04  2.97431E+04  2.19727E+04  8.24936E+03  2.67895E+03  5.14960E+03  3.96361E-04  4.36898E-03  1.33800E-03
       3       5       9  8.45878E-03  9.04962E-03  8.45878E-05  1.84146E+01  1.43551E+01  9.69256E+00  3.48318E+01 -4.53394E+01  4.23107E+00  1.33570E+04  1.10605E+04  7.09747E+03  4.32047E+03  1.44720E+03  1.94410E+03  2.38979E-04  5.30163E-03  3.50901E-03
       3       5      10  9.78878E-03  5.67878E-03  9.78878E-05  5.52209E+01  4.24121E+01  2.98952E+01  3.86671E+01 -4.81516E+01 -4.67090E+00  2.74328E+04  1.75727E+04  9.05406E+03  1.66883E+04  1.99617E+03  2.15731E+03  0.00000E+00  4.95737E-03  7.21410E-04
       3       6       1  3.99586E-03  4.14427E-03  3.99586E-05  4.74709E-01  3.66721E-01  7.89473E-02  6.74165E+01 -9.46607E+01 -5.81357E+00  4.87368E+04  4.46202E+04  3.71835E+04  8.53827E+03  2.79948E+02  1.08010E+03  6.64188E-05  3.27151E-03  8.06341E-04
       3       6       2  1.27308E-03  1.37543E-03  1.27308E-05  1.18314E+00  9.09057E-01  1.97091E-01 -7.81165E+00  7.31018E+00 -2.49189E+01  6.62154E+04  6.15315E+04  3.85612E+04  1.08760E+04  1.01201E+03 -2.90447E+02  9.19506E-05  1.14572E-03  1.37764E-04
       3       6       3  2.06240E-03  2.33844E-03  2.06240E-05  1.73135E+00  1.33078E+00  2.84467E-01  3.25988E+01 -4.34052E+01 -1.27162E+01  3.88314E+04  3.20096E+04  2.33952E+04  1.48371E+04  1.36444E+02  7.66210E+02  1.17170E-04  1.84495E-03  3.76321E-04
       3       6       4  3.64776E-03  3.03136E-03  3.64776E-05  2.71942E+00  2.09201E+00  4.55384E-01  5.97457E+01 -7.48365E+01 -3.18392E+00  7.31436E+04  8.58821E+04  5.11515E+04 -2.05745E+04  4.56370E+02  2.39429E+03  1.53667E-04  2.57579E-03  3.01901E-04
       3       6       5  4.19985E-03  4.48643E-03  4.19985E-05  4.11433E+00  3.17546E+00  6.73451E-01  3.43104E+01 -4.52333E+01 -3.12056E+00  5.20035E+04  5.15668E+04  1.96109E+04  2.71477E+03  3.54598E+03  2.53766E+03  9.47262E-05  3.86387E-03  5.27833E-04
       3       6       6  5.45542E-03  6.61738E-03  5.45542E-05  5.61462E+00  4.35143E+00  9.32016E-01  3.03156E+01 -4.19741E+01 -8.29516E+00  2.65367E+04  2.53927E+04  1.47551E+04  4.35995E+03  2.55052E+03  1.96647E+03  2.10342E-04  5.31700E-03  1.09004E-03
       3       6       7  7.80156E-03  6.03803E-03  7.80156E-05  9.40131E+00  7.23599E+00  1.62034E+00  1.56188E+02 -2.06618E+02  1.57511E+01  5.81919E+04  7.13250E+04  2.53607E+04 -2.28373E+04  1.26349E+03  3.19423E+03  2.21757E-04  4.94358E-03  8.72693E-04
       3       6       8  7.90085E-03  1.07071E-02  7.90085E-05  1.42120E+01  1.09477E+01  2.39292E+00  9.90488E+01 -1.32323E+02  8.77661E+00  3.42446E+04  3.60161E+04  1.25140E+04 -2.63973E+03  1.10479E+03  1.66169E+03  4.14664E-04  8.63294E-03  1.65947E-03
       3       6       9  1.13089E-02  1.27567E-02  1.13089E-04  1.93450E+01  1.50341E+01  3.47187E+00  5.27141E+01 -7.15805E+01  2.61874E+00  1.39469E+04  1.47125E+04  4.51282E+03 -7.70892E+02  5.78985E+02  8.55356E+02  2.09610E-04  8.26848E-03  4.27857E-03
       3       6      10  1.85146E-02  2.18171E-02  1.85146E-04  4.98607E+01  3.83269E+01  8.06938E+00  1.50298E+02 -1.95824E+02  1.04128E+00  3.28802E+04  4.85585E+04  2.56391E+03 -2.92309E+04  1.65627E+01  1.39979E+02  0.00000E+00  2.12197E-02  5.97385E-04
       4       1       1  4.16723E-04  4.67731E-04  4.16723E-06  5.75241E-02  7.52284E-02  5.01296E-01  3.11351E+01 -5.72730E+01  1.03815E+00  4.93189E+04  6.17662E+04  1.21181E+05  7.22648E+03  1.85663E+04  1.61396E+04  2.04968E-05  1.16614E-04  3.30620E-04
       4       1       2  1.18837E-04  1.35611E-04  1.18837E-06  1.87346E-01  2.36850E-01  1.46286E+00 -1.25993E+00  7.24865E+01 -2.57947E+01  3.66372E+04  4.46133E+04  1.07971E+05  1.24968E+03  1.28009E+04  1.85493E+04  4.05603E-05  0.00000E+00  9.50506E-05
       4       1       3  2.05129E-04  2.66533E-04  2.05129E-06  2.89667E-01  3.79180E-01  2.16470E+00  5.26295E-01  1.52816E+01 -1.30935E+01  2.38742E+04  2.14039E+04  4.25318E+04  1.05588E+04  7.55459E+03  3.94120E+03  4.03539E-05  0.00000E+00  2.26179E-04
       4       1       4  2.88271E-04  1.09913E-04  2.88271E-06  3.52333E-01  4.53298E-01  3.55665E+00 -7.94193E+00  2.50056E+00 -7.52092E+00  7.36427E+04  5.22365E+04  7.50011E+04  6.08382E+03 -1.92235E+03  2.96331E+03  9.11062E-05  0.00000E+00  1.88072E-05
       4       1       5  2.63415E-04  1.90093E-04  2.63415E-06  4.84045E-01  6.15551E-01  5.22933E+00 -5.25451E-01  1.47462E+01  4.47578E+01  2.82001E+04  1.86044E+04  5.66556E+04  4.40006E+02  5.75287E+03  2.27522E+03  1.56101E-04  0.00000E+00  3.39922E-05
       4       1       6  2.11287E-04  2.03461E-04  2.11287E-06  7.03632E-01  9.28101E-01  6.93113E+00  1.82799E+00  1.47863E+01  2.28870E+01  9.56382E+03  8.05772E+03  2.82512E+04  3.96397E+02  3.29885E+03  1.11309E+03  1.43188E-04  0.00000E+00  6.02729E-05
       4       1       7  2.15355E-04  1.23212E-04  2.15355E-06  1.18349E+00  1.55089E+00  1.22385E+01 -5.11706E+00 -1.62225E+02  7.75603E+01  4.58515E+04  3.98667E+04  4.72939E+04  2.21608E+03 -2.91006E+03  1.51364E+03  9.56887E-05  0.00000E+00  2.75235E-05
       4       1       8  3.60709E-04  2.57000E-04  3.60709E-06  1.74704E+00  2.27157E+00  1.79790E+01  6.58002E+00 -1.04622E+02  2.56565E+01  2.05163E+04  1.72850E+04  3.29344E+04 -3.99578E+02  1.07320E+03  2.33259E+03  1.89049E-04  0.00000E+00  6.79509E-05
       4       1       9  3.75225E-04  1.94350E-04  3.75225E-06  2.48508E+00  3.09509E+00  2.36143E+01 -3.20654E+00 -5.04274E+01  6.74993E+00  8.46606E+03  6.70766E+03  1.70143E+04  8.24133E+02  1.18714E+03  1.32929E+03  1.00858E-04  0.00000E+00  9.34927E-05
       4       1      10  1.69887E-04  1.57241E-04  1.69887E-06  9.29718E+00  1.37988E+01  7.79886E+01  2.86209E+00  5.46675E+00  1.92401E+01  5.71607E+02  1.26868E+03  4.04716E+04  8.34415E+02  6.84461E+03  4.60859E+03  0.00000E+00  0.00000E+00  1.57241E-04
       4       2       1  1.25804E-03  1.20839E-03  1.25804E-05  1.19543E-01  1.56627E-01  4.56915E-01  6.64422E+01 -5.60968E+01  3.89083E-01  5.20102E+04  5.30850E+04  7.56898E+04  1.63773E+04  7.41074E+03  8.58994E+03  2.29325E-05  5.64488E-04  6.20974E-04
       4       2       2  3.62153E-04  2.50751E-04  3.62153E-06  3.55012E-01  4.58997E-01  1.38401E+00 -2.10063E+00  8.75824E+01 -4.43889E+01  3.70538E+04  5.83580E+04  1.08091E+05  1.97149E+04  2.90303E+04  2.99455E+04  8.35149E-05  0.00000E+00  1.67236E-04
       4       2       3  6.23143E-04  4.99407E-04  6.23143E-06  4.83958E-01  6.48967E-01  2.08565E+00  4.95299E+00  1.73838E+01 -7.69367E+00  1.45778E+04  2.72215E+04  6.20309E+04  1.62319E+04  2.03811E+04  1.62136E+04  3.84273E-05  0.00000E+00  4.60980E-04
       4       2       4  8.98378E-04  2.84338E-04  8.98378E-06  8.34080E-01  1.07800E+00  3.20172E+00  8.18111E+01 -6.22848E+01  1.04408E+01  6.75892E+04  7.97155E+04  1.13459E+05  1.28471E+03  1.73451E+04  2.67317E+04  8.84660E-05  5.83638E-05  1.37508E-04
       4       2       5  8.37133E-04  4.89973E-04  8.37133E-06  1.29289E+00  1.67750E+00  4.77919E+00  1.12045E+01  1.61739E+01  3.13049E+01  1.42568E+04  2.75795E+04  7.37477E+04  5.21742E+03  1.31427E+04  1.28158E+04  2.60197E-04  2.18182E-06  2.27594E-04
       4       2       6  7.06552E-04  6.22941E-04  7.06552E-06  1.75993E+00  2.27970E+00  6.75544E+00  6.74885E+00  1.64290E+01  1.59406E+01  4.20109E+03  7.12221E+03  4.52808E+04  2.69122E+03  1.17692E+04  9.06438E+03  1.58315E-04  0.00000E+00  4.64625E-04
       4       2       7  6.96866E-04  3.59710E-04  6.96866E-06  2.95003E+00  3.78036E+00  1.11421E+01  2.98740E+01 -1.05943E+02  4.90661E+01  2.47056E+04  3.67563E+04  8.65545E+04 -2.58017E+03  9.72822E+03  1.77448E+04  1.41182E-04  1.63256E-05  2.02202E-04
       4       2       8  1.15046E-03  7.45151E-04  1.15046E-05  4.30710E+00  5.49466E+00  1.67592E+01 -9.64681E+00 -6.75966E+01  1.79784E+01  8.31695E+03  1.61305E+04  4.88075E+04  4.11625E+03  8.97651E+03  8.90329E+03  2.86353E-04  0.00000E+00  4.58798E-04
       4       2       9  1.27822E-03  1.25521E-03  1.27822E-05  5.94393E+00  7.75766E+00  2.34041E+01  3.91595E+00 -1.26528E+01  1.26647E+01  1.81190E+03  3.43438E+03  1.43426E+04  6.45426E+02  3.54705E+03  3.51427E+03  1.35385E-04  0.00000E+00  1.11982E-03
       4       2      10  5.83427E-04  5.26417E-04  5.83427E-06  1.91900E+01  2.47009E+01  6.97114E+01  1.18508E+00 -8.14074E-02  8.26844E-01  3.15189E+03  5.09933E+03  4.27552E+04  3.94112E+03  1.43182E+04  1.11568E+04  0.00000E+00  0.00000E+00  5.26417E-04
       4       3       1  2.10762E-03  2.18528E-03  2.10762E-05  2.15937E-01  2.78653E-01  4.77653E-01  6.83717E+01 -5.82281E+01 -2.01636E+00  3.70446E+04  4.11446E+04  5.27423E+04  1.38524E+04  1.78837E+03  2.81772E+03  1.90802E-05  1.64768E-03  5.18524E-04
       4       3       2  6.18818E-04  5.87987E-04  6.18818E-06  5.55965E-01  7.22115E-01  1.21107E+00  7.08365E+01 -1.20644E+01 -3.34059E+01  3.88650E+04  5.03886E+04  7.08760E+04  1.64802E+04  5.43858E+03  1.20077E+04  1.11446E-04  3.49965E-04  1.26577E-04
       4       3       3  1.05539E-03  1.16373E-03  1.05539E-05  8.19773E-01  1.07064E+00  1.82116E+00  3.50992E+01 -2.64445E+01 -1.86693E+01  1.08515E+04  1.54401E+04  3.15349E+04  7.67282E+03  9.41880E+03  5.95561E+03  1.88731E-05  8.34082E-04  3.10770E-04
       4       3       4  1.59639E-03  9.73665E-04  1.59639E-05  1.23840E+00  1.60849E+00  2.81108E+00  2.09335E+02 -1.48238E+02  1.13364E+00  8.66598E+04  7.63768E+04  6.37158E+04 -2.77898E+04  1.14931E+04  1.22395E+04  1.10321E-04  6.45187E-04  2.18157E-04
       4       3       5  1.55024E-03  1.31396E-03  1.55024E-05  1.99438E+00  2.60111E+00  4.10078E+00  1.10116E+02 -7.33327E+01 -1.27521E+00  3.74674E+04  3.95521E+04  4.60469E+04  3.78040E+03  1.20007E+04  1.05334E+04  1.92275E-04  7.89599E-04  3.32086E-04
       4       3       6  1.44649E-03  1.67089E-03  1.44649E-05  2.57800E+00  3.33609E+00  5.69688E+00  7.57821E+01 -4.81267E+01 -5.33520E+00  1.72907E+04  1.72712E+04  2.66636E+04 -8.82783E+02  8.32979E+03  6.58453E+03  1.36721E-04  8.11278E-04  7.22894E-04
       4       3       7  1.39563E-03  1.19824E-03  1.39563E-05  4.44090E+00  5.79971E+00  9.81187E+00  1.46056E+02 -1.24334E+02  3.32126E+01  5.00275E+04  4.43561E+04  5.04160E+04 -1.04319E+04  6.57584E+03  7.92699E+03  1.56660E-04  7.97330E-04  2.44248E-04
       4       3       8  2.13876E-03  2.13075E-03  2.13876E-05  6.54097E+00  8.65175E+00  1.44480E+01  9.99237E+01 -8.01108E+01  2.07107E+01  2.40358E+04  2.23298E+04  3.18491E+04 -3.19117E+03  4.88190E+03  5.82666E+03  2.27175E-04  1.41975E-03  4.83824E-04
       4       3       9  2.70791E-03  2.79653E-03  2.70791E-05  8.96923E+00  1.18717E+01  1.97872E+01  4.29530E+01 -3.67911E+01  6.76926E+00  7.83932E+03  7.94907E+03  1.21239E+04  6.62367E+01  2.28277E+03  1.94428E+03  1.84809E-04  1.48722E-03  1.12450E-03
       4       3      10  1.39248E-03  1.47021E-03  1.39248E-05  2.80026E+01  3.59317E+01  6.07392E+01  3.65191E+01 -2.10918E+01  4.13205E+00  9.11103E+03  1.23601E+04  3.10919E+04  7.03240E+03  8.04224E+03  6.25631E+03  0.00000E+00  8.55978E-04  6.14229E-04
       4       4       1  2.92124E-03  3.17490E-03  2.92124E-05  2.99107E-01  3.85480E-01  3.43201E-01  1.04816E+02 -8.77242E+01  1.94248E+00  5.18270E+04  4.69900E+04  3.34035E+04 -6.72959E+03  1.57829E+03  2.59029E+03  1.83415E-05  2.55629E-03  6.00267E-04
       4       4       2  8.82751E-04  9.29075E-04  8.82751E-06  7.51994E-01  9.82567E-01  8.71359E-01  2.18838E+01 -2.86424E-01 -3.32093E+01  5.64527E+04  5.40410E+04  3.73493E+04 -1.62943E+03  2.32039E+03  5.36295E+03  1.07685E-04  6.68659E-04  1.52731E-04
       4       4       3  1.48151E-03  1.37899E-03  1.48151E-05  1.07184E+00  1.39017E+00  1.25958E+00  3.56098E+01 -1.75123E+01 -2.52724E+00  3.09622E+04  2.70112E+04  1.91634E+04 -3.93587E+03  4.10974E+03  3.42305E+03  1.82315E-05  1.02890E-03  3.31860E-04
       4       4       4  2.38237E-03  1.70257E-03  2.38237E-05  1.72593E+00  2.24317E+00  2.03732E+00  1.05599E+02 -8.36810E+01  1.97323E+00  9.94430E+04  7.81790E+04  3.58251E+04 -4.43766E+04  8.32570E+02  3.44044E+03  1.28489E-04  1.43869E-03  1.35389E-04
       4       4       5  2.45797E-03  3.17486E-03  2.45797E-05  2.60207E+00  3.37649E+00  2.99125E+00  8.20965E+01 -5.78530E+01 -5.33269E+00  4.79086E+04  4.52917E+04  2.35441E+04 -6.04858E+03  2.39792E+03  1.37089E+03  1.07011E-04  2.79149E-03  2.76362E-04
       4       4       6  2.61677E-03  2.25428E-03  2.61677E-05  3.49192E+00  4.59057E+00  3.96990E+00  3.52384E+01 -2.47033E+01 -2.36256E-01  2.80499E+04  2.72504E+04  1.39357E+04 -2.02261E+02  3.90537E+03  4.04956E+03  1.67521E-04  1.46956E-03  6.17198E-04
       4       4       7  2.70736E-03  2.48968E-03  2.70736E-05  5.96801E+00  7.80191E+00  6.86242E+00  2.12063E+02 -1.68065E+02  1.68395E+01  7.53847E+04  6.24343E+04  3.18968E+04 -2.79275E+04  3.08181E+03  3.55127E+03  1.20213E-04  2.12870E-03  2.40769E-04
       4       4       8  3.46626E-03  4.60146E-03  3.46626E-05  9.05916E+00  1.17889E+01  1.03700E+01  1.19740E+02 -9.70388E+01  1.14427E+01  3.25431E+04  3.20113E+04  2.11134E+04 -1.08058E+03  3.04249E+03  2.92751E+03  3.31134E-04  3.70677E-03  5.63560E-04
       4       4       9  5.09846E-03  5.74291E-03  5.09846E-05  1.23919E+01  1.63917E+01  1.41866E+01  6.30807E+01 -4.79271E+01  2.93824E+00  1.33742E+04  1.40747E+04  9.06816E+03  1.93285E+03  1.57612E+03  1.55595E+03  9.25681E-05  4.24826E-03  1.40209E-03
       4       4      10  3.66410E-03  4.79033E-03  3.66410E-05  3.79899E+01  4.95176E+01  4.21905E+01  5.28427E+01 -4.27004E+01 -4.17799E+00  1.61673E+04  2.34446E+04  1.55124E+04  1.32786E+04  2.80159E+03  1.68211E+03  0.00000E+00  4.24019E-03  5.50140E-04
       4       5       1  3.59400E-03  3.40366E-03  3.59400E-05  3.29700E-01  4.25075E-01  2.27966E-01  1.12532E+02 -8.97429E+01 -5.76237E-01  5.13990E+04  4.65449E+04  3.94009E+04 -4.72125E+03  1.10840E+03  1.12670E+03  2.38659E-05  2.82522E-03  5.54569E-04
       4       5       2  1.11993E-03  1.03884E-03  1.11993E-05  8.52898E-01  1.10493E+00  5.87919E-01  3.24911E+01 -1.07341E+01 -2.63477E+01  5.84531E+04  5.97921E+04  3.92163E+04  7.54139E+03  2.93536E+03  2.23802E+03  7.67136E-05  8.35415E-04  1.26710E-04
       4       5       3  1.84321E-03  1.75003E-03  1.84321E-05  1.20799E+00  1.58663E+00  8.35931E-01  3.90156E+01 -2.55466E+01 -5.69115E+00  3.50675E+04  3.71942E+04  2.40512E+04  4.83146E+03  3.71194E+03  1.93811E+03  3.84790E-05  1.29528E-03  4.16277E-04
       4       5       4  3.14012E-03  1.80780E-03  3.14012E-05  1.94983E+00  2.54279E+00  1.32281E+00  9.40460E+01 -5.85518E+01 -1.04176E+01  7.89387E+04  6.86450E+04  6.14329E+04 -1.79537E+04  4.78725E+03  3.78240E+03  1.02284E-04  1.50989E-03  1.95629E-04
       4       5       5  3.45678E-03  3.37758E-03  3.45678E-05  2.94333E+00  3.85229E+00  2.07275E+00  5.62358E+01 -4.57338E+01 -1.09217E+00  4.31671E+04  4.52273E+04  2.98029E+04  1.65047E+03  4.16130E+03  4.47981E+03  1.53359E-04  2.83326E-03  3.90952E-04
       4       5       6  4.16683E-03  3.98214E-03  4.16683E-05  4.02951E+00  5.29454E+00  2.76582E+00  4.35530E+01 -3.01744E+01 -9.04958E+00  2.72136E+04  3.09732E+04  1.70341E+04  7.60598E+03  5.57285E+03  3.56181E+03  1.49907E-04  2.76856E-03  1.06367E-03
       4       5       7  5.11801E-03  2.90033E-03  5.11801E-05  6.67644E+00  8.74500E+00  4.64869E+00  1.58129E+02 -1.29006E+02  1.75491E+01  5.84111E+04  6.00285E+04  4.28007E+04 -1.59081E+03  4.13815E+03  5.52765E+03  1.29313E-04  2.35553E-03  4.15484E-04
       4       5       8  5.44030E-03  5.39227E-03  5.44030E-05  1.00721E+01  1.32205E+01  7.10127E+00  9.77116E+01 -8.39316E+01  1.05167E+01  3.03431E+04  3.54662E+04  2.07008E+04  6.97802E+03  3.13446E+03  2.54660E+03  2.87353E-04  4.18486E-03  9.20053E-04
       4       5       9  8.40517E-03  7.92950E-03  8.40517E-05  1.41008E+01  1.84976E+01  9.78268E+00  5.01338E+01 -3.90585E+01  2.54700E+00  1.14480E+04  1.37209E+04  7.53758E+03  3.97832E+03  1.16500E+03  1.11698E+03  1.05297E-04  5.17138E-03  2.65282E-03
       4       5      10  9.62789E-03  5.66092E-03  9.62789E-05  4.19652E+01  5.51617E+01  2.96755E+01  4.96191E+01 -3.61332E+01  7.29681E-01  1.83290E+04  2.75286E+04  9.16935E+03  1.72435E+04  8.16984E+02  7.89374E+02  0.00000E+00  4.97445E-03  6.86479E-04
       4       6       1  3.98388E-03  4.09384E-03  3.98388E-05  3.62098E-01  4.68182E-01  8.04767E-02  9.24221E+01 -7.47199E+01 -2.73350E+00  4.52923E+04  4.69964E+04  3.63013E+04  8.47099E+03  4.00833E+02  3.79415E+02  3.31840E-05  3.55730E-03  5.03359E-04
       4       6       2  1.26701E-03  1.33350E-03  1.26701E-05  9.11389E-01  1.18653E+00  1.97550E-01 -6.70481E+00  7.38398E+00 -1.86166E+01  6.23563E+04  6.60657E+04  3.45090E+04  1.00400E+04 -6.89881E+02 -8.20109E+02  5.20602E-05  1.15335E-03  1.28084E-04
       4       6       3  2.05667E-03  2.17864E-03  2.05667E-05  1.34101E+00  1.73146E+00  2.86306E-01  4.80226E+01 -3.30894E+01 -4.41508E+00  3.09421E+04  3.67655E+04  2.06027E+04  1.19592E+04  5.98228E+02 -5.40076E+02  5.62408E-05  1.80200E-03  3.20395E-04
       4       6       4  3.62922E-03  2.87519E-03  3.62922E-05  2.08747E+00  2.71927E+00  4.66308E-01  8.00374E+01 -6.34837E+01 -3.38134E-01  8.55468E+04  7.15131E+04  4.79302E+04 -2.70986E+04  5.73951E+02  1.29624E+03  6.88441E-05  2.58433E-03  2.22011E-04
       4       6       5  4.17097E-03  4.49019E-03  4.17097E-05  3.16849E+00  4.12009E+00  6.82854E-01  4.67795E+01 -3.11712E+01 -3.35825E+00  4.82755E+04  4.79251E+04  2.06683E+04 -7.48914E+02  2.89479E+02  3.27420E+02  2.32946E-04  3.84885E-03  4.08395E-04
       4       6       6  5.41616E-03  6.36450E-03  5.41616E-05  4.34340E+00  5.62351E+00  9.26992E-01  4.57591E+01 -3.13604E+01  4.84099E-01  2.37161E+04  2.43251E+04  1.34166E+04  1.03826E+03  1.47815E+03  1.33043E+03  9.03353E-05  5.39393E-03  8.80234E-04
       4       6       7  7.70289E-03  5.64470E-03  7.70289E-05  7.25238E+00  9.45600E+00  1.58049E+00  2.20091E+02 -1.67231E+02  8.83479E+00  7.22228E+04  5.78783E+04  2.45358E+04 -2.84503E+04  1.64280E+03  7.74526E+02  1.59850E-04  4.94653E-03  5.38323E-04
       4       6       8  7.79777E-03  9.45386E-03  7.79777E-05  1.08525E+01  1.41967E+01  2.31788E+00  1.45194E+02 -1.10625E+02  5.64990E+00  3.80808E+04  3.52601E+04  1.09798E+04 -5.29816E+03  9.24282E+02  8.85600E+02  1.83344E-04  8.24869E-03  1.02182E-03
       4       6       9  1.12175E-02  1.12177E-02  1.12175E-04  1.46431E+01  1.92506E+01  3.13646E+00  8.28768E+01 -6.19227E+01  4.80668E+00  1.56735E+04  1.45618E+04  5.66313E+03 -2.23078E+03  3.50100E+02  4.94321E+02  1.72498E-04  8.54074E-03  2.50441E-03
       4       6      10  1.81127E-02  2.16739E-02  1.81127E-04  3.82713E+01  4.98479E+01  8.12615E+00  1.97041E+02 -1.50868E+02  9.95579E-01  4.87498E+04  3.27910E+04  2.49610E+03 -2.95595E+04  1.95088E+02  2.32733E+02  0.00000E+00  2.11071E-02  5.66797E-04
       5       1       1  4.16690E-04  4.97413E-04  4.16690E-06  3.50422E-02  8.29826E-02  4.87706E-01  3.50565E+01 -3.58015E+01 -4.20965E+00  4.89074E+04  6.97849E+04  1.17803E+05  6.30409E+03  2.02539E+04  9.07943E+03  2.20750E-05  1.23605E-04  3.51733E-04
       5       1       2  1.18826E-04  1.33663E-04  1.18826E-06  1.14639E-01  2.63501E-01  1.46125E+00 -2.08385E+01  5.70953E+01 -1.40989E+01  3.04410E+04  5.88530E+04  1.19441E+05  3.08973E+03  1.66211E+04  1.64280E+04  3.96056E-05  0.00000E+00  9.40573E-05
       5       1       3  2.05114E-04  2.93677E-04  2.05114E-06  1.82937E-01  4.21264E-01  2.18599E+00 -5.29988E+00  2.29167E+01 -2.97592E+00  2.34040E+04  3.65522E+04  4.52679E+04  8.92049E+03  5.61414E+03  3.59650E+03  4.03535E-05  0.00000E+00  2.53323E-04
       5       1       4  2.88237E-04  1.10084E-04  2.88237E-06  2.15995E-01  5.20158E-01  3.51578E+00 -5.92380E+00  6.95560E+00 -4.81643E+00  6.31242E+04  5.95941E+04  7.91297E+04  6.62627E+03  4.89010E+03  1.32262E+03  8.74591E-05  0.00000E+00  2.26252E-05
       5       1       5  2.63386E-04  1.82577E-04  2.63386E-06  3.01876E-01  7.50603E-01  5.21001E+00  1.67123E+00  1.18093E+01  4.71232E-01  2.45563E+04  2.09645E+04  5.41408E+04  9.30119E+02  5.00660E+03  8.66244E+01  1.55515E-04  0.00000E+00  2.70615E-05
       5       1       6  2.11260E-04  2.68655E-04  2.11260E-06  4.35256E-01  1.11317E+00  7.12168E+00 -1.51570E+00  2.22510E+01  1.51529E+01  6.67681E+03  4.84020E+03  2.28115E+04 -2.09210E+02  2.84549E+03  2.70403E+02  1.85016E-04  0.00000E+00  8.36384E-05
       5       1       7  2.15336E-04  1.26614E-04  2.15336E-06  7.25674E-01  1.74907E+00  1.21802E+01  1.18883E+01 -1.46355E+02  4.83882E+01  4.47422E+04  3.67402E+04  5.38998E+04 -1.06537E+03  2.57421E+03  3.57992E+03  9.00718E-05  0.00000E+00  3.65421E-05
       5       1       8  3.60679E-04  2.48442E-04  3.60679E-06  1.12708E+00  2.79200E+00  1.78434E+01 -3.81425E+00 -9.89708E+01  3.92549E+01  1.98068E+04  1.75307E+04  3.47877E+04  1.20789E+03  2.97520E+03  9.76539E+02  1.78968E-04  0.00000E+00  6.94739E-05
       5       1       9  3.75170E-04  2.81487E-04  3.75170E-06  1.21175E+00  3.10481E+00  2.45292E+01  1.06507E+00 -2.86548E+01  3.62438E+00  4.47573E+03  3.83969E+03  1.71457E+04 -1.72866E+02  2.19305E+03  1.04074E+03  7.76346E-05  0.00000E+00  2.03852E-04
       5       1      10  1.69864E-04  1.74960E-04  1.69864E-06  5.97090E+00  1.43866E+01  7.26466E+01 -2.29417E+00 -4.22142E+00 -2.39992E+01  4.05379E+02  2.21669E+03  5.36415E+04  8.83875E+02  1.05021E+04  4.20450E+03  0.00000E+00  0.00000E+00  1.74960E-04
       5       2       1  1.25756E-03  1.28134E-03  1.25756E-05  7.47914E-02  1.81820E-01  4.65312E-01  7.57525E+01 -3.87143E+01 -1.25467E+00  4.02741E+04  5.69161E+04  7.55363E+04  1.07710E+04  8.33274E+03  4.84398E+03  1.91020E-05  6.31401E-04  6.30840E-04
       5       2       2  3.61980E-04  2.20260E-04  3.61980E-06  2.15990E-01  5.10818E-01  1.40040E+00 -4.42587E+00  9.36390E+01 -2.90426E+01  2.16267E+04  7.09399E+04  1.25242E+05  1.45817E+04  4.22727E+04  2.02158E+04  6.84754E-05  0.00000E+00  1.51784E-04
       5       2       3  6.22924E-04  4.45556E-04  6.22924E-06  3.27127E-01  7.86402E-01  2.08058E+00  4.45451E+00  2.64622E+01 -1.03493E+00  8.45385E+03  3.82292E+04  6.23830E+04  1.41483E+04  2.36531E+04  1.00497E+04  3.66882E-05  0.00000E+00  4.08868E-04
       5       2       4  8.97858E-04  2.59022E-04  8.97858E-06  5.27529E-01  1.26363E+00  3.19320E+00  7.25012E+01 -2.57353E+01 -2.26945E+01  5.39395E+04  8.49205E+04  1.14755E+05  6.69331E+03  2.46784E+04  1.31456E+04  8.90740E-05  4.20001E-05  1.27948E-04
       5       2       5  8.36642E-04  4.21194E-04  8.36642E-06  7.93892E-01  1.85775E+00  4.81134E+00  3.78707E+00  7.19987E+00 -7.29719E+00  1.27254E+04  2.91664E+04  7.67833E+04  4.09001E+03  1.80885E+04  9.37104E+03  2.19916E-04  4.36365E-06  1.96914E-04
       5       2       6  7.06071E-04  5.95529E-04  7.06071E-06  1.08908E+00  2.60123E+00  6.86331E+00  1.81213E+00  9.82364E+00  2.46499E+00  1.74103E+03  1.16209E+04  5.14620E+04  2.70995E+03  1.69307E+04  6.53972E+03  1.74054E-04  0.00000E+00  4.21475E-04
       5       2       7  6.96491E-04  4.41647E-04  6.96491E-06  1.82153E+00  4.42492E+00  1.10557E+01  3.90965E+01 -8.30709E+01  4.93504E+01  2.47398E+04  3.43971E+04  9.05565E+04 -3.33792E+02  2.05494E+04  1.11449E+04  1.26660E-04  3.88136E-05  2.76174E-04
       5       2       8  1.14998E-03  8.52595E-04  1.14998E-05  2.74570E+00  6.64994E+00  1.66461E+01  9.20423E+00 -3.49748E+01  3.96449E+01  4.44029E+03  1.63474E+04  5.30599E+04  1.66502E+03  1.58343E+04  7.30807E+03  2.06107E-04  2.17175E-06  6.44316E-04
       5       2       9  1.27724E-03  1.56163E-03  1.27724E-05  3.60007E+00  9.15409E+00  2.32027E+01 -1.52374E+00 -8.20792E+00  4.74323E+00  1.02829E+03  3.99188E+03  1.51443E+04  9.68853E+02  4.72880E+03  1.99645E+03  1.39481E-04  0.00000E+00  1.42215E-03
       5       2      10  5.82894E-04  5.46040E-04  5.82894E-06  1.11316E+01  2.70115E+01  7.06296E+01 -1.75257E+00 -4.05381E+00 -1.05061E+01  1.16714E+03  6.43117E+03  4.33449E+04  2.65425E+03  1.62609E+04  6.65368E+03  0.00000E+00  0.00000E+00  5.46040E-04
       5       3       1  2.10566E-03  2.17185E-03  2.10566E-05  1.32328E-01  3.26861E-01  4.79612E-01  7.93623E+01 -3.04856E+01 -7.40897E+00  2.70489E+04  4.80773E+04  5.47230E+04  1.08366E+04  2.76900E+03  7.32811E+02  1.56478E-05  1.80360E-03  3.52601E-04
       5       3       2  6.18049E-04  6.30807E-04  6.18049E-06  3.39029E-01  8.28885E-01  1.21566E+00  8.16244E+01  2.89412E+00 -3.08776E+01  2.76228E+04  6.54744E+04  7.32958E+04  1.47515E+04  4.60238E+03  3.73018E+03  8.83810E-05  3.91660E-04  1.50765E-04
       5       3       3  1.05449E-03  1.04082E-03  1.05449E-05  5.04292E-01  1.23231E+00  1.80390E+00  4.76408E+01 -1.31318E+01  3.71504E+00  7.25581E+03  2.09352E+04  3.24522E+04  6.41876E+03  9.76952E+03  4.44926E+03  1.64060E-05  8.05138E-04  2.19279E-04
       5       3       4  1.59406E-03  9.50803E-04  1.59406E-05  7.72726E-01  1.87077E+00  2.81384E+00  2.44561E+02 -9.20147E+01  2.37433E+00  1.01276E+05  6.72076E+04  6.11417E+04 -1.76509E+04  1.65446E+04  9.65662E+03  9.83536E-05  6.38253E-04  2.14196E-04
       5       3       5  1.54776E-03  1.36011E-03  1.54776E-05  1.25979E+00  3.02247E+00  4.10433E+00  1.23134E+02 -5.27303E+01 -1.62435E+01  3.34138E+04  4.40423E+04  4.54835E+04  3.85319E+03  1.43926E+04  5.95593E+03  1.72889E-04  8.21585E-04  3.65636E-04
       5       3       6  1.44384E-03  1.67329E-03  1.44384E-05  1.61563E+00  3.88709E+00  5.69895E+00  8.21878E+01 -3.42601E+01 -7.03776E+00  1.77032E+04  1.68360E+04  2.83005E+04 -5.32781E+01  1.08745E+04  5.12731E+03  1.34421E-04  7.94468E-04  7.44400E-04
       5       3       7  1.39302E-03  1.17733E-03  1.39302E-05  2.78440E+00  6.69056E+00  9.76507E+00  1.58846E+02 -8.49922E+01  9.75335E+00  5.00194E+04  3.79586E+04  5.59903E+04 -6.91069E+03  1.22298E+04  7.00308E+03  1.06465E-04  7.57458E-04  3.13406E-04
       5       3       8  2.13640E-03  2.35612E-03  2.13640E-05  4.16327E+00  9.99912E+00  1.45579E+01  1.00836E+02 -6.36116E+01  7.70126E+00  2.29982E+04  2.17402E+04  3.16772E+04 -1.19115E+03  6.19532E+03  3.41619E+03  2.78198E-04  1.50444E-03  5.73483E-04
       5       3       9  2.70242E-03  2.95156E-03  2.70242E-05  5.69794E+00  1.37421E+01  1.99892E+01  4.59946E+01 -2.05372E+01 -1.50206E+00  7.03959E+03  7.22006E+03  1.24820E+04  3.54947E+02  3.47467E+03  1.63150E+03  7.13468E-05  1.48056E-03  1.39965E-03
       5       3      10  1.38774E-03  1.48275E-03  1.38774E-05  1.76183E+01  4.19691E+01  6.01865E+01  3.75891E+01 -1.88233E+01 -4.07682E+00  5.87314E+03  1.63137E+04  3.17771E+04  5.47136E+03  9.37884E+03  4.06918E+03  0.00000E+00  8.41086E-04  6.41662E-04
       5       4       1  2.91654E-03  3.31397E-03  2.91654E-05  1.88279E-01  4.60050E-01  3.52271E-01  1.25792E+02 -5.79950E+01 -5.08651E+00  5.37233E+04  4.82982E+04  3.34033E+04 -4.39266E+03  1.54730E+03  6.11513E+02  1.43131E-05  2.95238E-03  3.47274E-04
       5       4       2  8.80717E-04  1.00879E-03  8.80717E-06  4.70041E-01  1.14997E+00  8.64694E-01  3.51398E+01  8.18751E+00 -2.30344E+01  5.64823E+04  6.78407E+04  3.67651E+04  5.33003E+03 -2.38178E+02  1.24303E+03  8.58000E-05  7.45486E-04  1.77507E-04
       5       4       3  1.47932E-03  1.52941E-03  1.47932E-05  6.72306E-01  1.64905E+00  1.26662E+00  4.07570E+01 -1.23381E+01  1.03896E+00  3.06663E+04  2.39603E+04  1.89136E+04 -3.99466E+03  4.37483E+03  1.41729E+03  1.45858E-05  1.10569E-03  4.09136E-04
       5       4       4  2.37615E-03  1.72561E-03  2.37615E-05  1.08959E+00  2.60684E+00  2.04360E+00  1.26172E+02 -5.30104E+01 -1.72234E+00  1.20793E+05  6.04497E+04  3.42432E+04 -3.24722E+04  2.45622E+03  7.65680E+02  1.12736E-04  1.46492E-03  1.47961E-04
       5       4       5  2.45028E-03  3.43285E-03  2.45028E-05  1.62704E+00  3.96491E+00  2.99224E+00  8.72845E+01 -3.64360E+01 -1.56982E-01  4.89062E+04  4.40592E+04  2.42477E+04 -2.65922E+03  5.70671E+03  2.80103E+03  1.11132E-04  2.93479E-03  3.86922E-04
       5       4       6  2.60767E-03  3.02289E-03  2.60767E-05  2.24222E+00  5.47603E+00  4.10494E+00  3.60357E+01 -1.26880E+01 -2.98856E+00  2.07726E+04  2.40332E+04  1.45795E+04  1.63347E+03  6.28783E+03  2.79321E+03  1.44318E-04  1.77729E-03  1.10128E-03
       5       4       7  2.69453E-03  2.56754E-03  2.69453E-05  3.74866E+00  9.08740E+00  6.90222E+00  2.44848E+02 -1.10648E+02  1.55226E+01  8.78800E+04  4.81802E+04  3.28442E+04 -2.01667E+04  3.03322E+03  2.59391E+03  1.38551E-04  2.18975E-03  2.39245E-04
       5       4       8  3.45744E-03  4.31217E-03  3.45744E-05  5.69078E+00  1.37401E+01  1.02160E+01  1.45234E+02 -6.08203E+01  7.52969E+00  3.48096E+04  3.34283E+04  2.03212E+04 -5.19899E+02  3.71866E+03  1.68390E+03  1.55664E-04  3.62140E-03  5.35103E-04
       5       4       9  5.07941E-03  5.90162E-03  5.07941E-05  7.97787E+00  1.89888E+01  1.42250E+01  7.33830E+01 -3.06458E+01  3.16839E+00  1.20737E+04  1.41934E+04  8.73655E+03  1.10664E+03  1.30892E+03  5.71958E+02  1.53857E-04  4.36777E-03  1.37999E-03
       5       4      10  3.63393E-03  4.68295E-03  3.63393E-05  2.37851E+01  5.73328E+01  4.22614E+01  6.52141E+01 -2.51644E+01  1.34416E+00  1.03417E+04  2.96974E+04  1.57939E+04  9.81068E+03  2.13472E+03  1.01455E+03  0.00000E+00  4.24596E-03  4.36986E-04
       5       5       1  3.58601E-03  3.35040E-03  3.58601E-05  2.02982E-01  4.93415E-01  2.27153E-01  1.37065E+02 -5.58687E+01 -4.66226E+00  5.46705E+04  4.83466E+04  3.99486E+04 -1.85357E+03  1.21783E+03  2.45697E+01  1.83233E-05  3.03255E-03  2.99526E-04
       5       5       2  1.11613E-03  1.09932E-03  1.11613E-05  5.24903E-01  1.28827E+00  5.90457E-01  3.29550E+01 -1.00601E+01 -2.29932E+01  5.44542E+04  7.98357E+04  3.90123E+04  1.30898E+04  4.38964E+03  2.31549E+03  6.02685E-05  8.25544E-04  2.13509E-04
       5       5       3  1.83943E-03  1.86846E-03  1.83943E-05  7.46204E-01  1.85352E+00  8.45821E-01  4.45650E+01 -7.08213E+00 -1.07927E+01  3.32305E+04  5.41671E+04  2.29205E+04  1.06010E+04  5.84726E+03  1.91844E+03  3.14460E-05  1.28731E-03  5.49707E-04
       5       5       4  3.12846E-03  1.90420E-03  3.12846E-05  1.22904E+00  2.95848E+00  1.32912E+00  1.00828E+02 -3.68970E+01 -2.10869E+00  8.31723E+04  6.52287E+04  6.12123E+04 -8.63302E+03  8.67292E+03  2.07172E+03  8.74723E-05  1.57487E-03  2.41859E-04
       5       5       5  3.44019E-03  3.57352E-03  3.44019E-05  1.86441E+00  4.47094E+00  2.08103E+00  6.65220E+01 -2.53737E+01  6.82613E+00  4.07179E+04  4.99860E+04  3.11943E+04  3.39505E+03  6.31917E+03  5.13493E+03  1.31430E-04  2.91935E-03  5.22742E-04
       5       5       6  4.14538E-03  4.42777E-03  4.14538E-05  2.59385E+00  6.18275E+00  2.81183E+00  4.66376E+01 -1.38959E+01  1.69349E-01  2.20789E+04  3.83882E+04  1.67915E+04  8.48908E+03  8.11035E+03  2.56781E+03  1.16389E-04  2.87428E-03  1.43711E-03
       5       5       7  5.07485E-03  3.40045E-03  5.07485E-05  4.19577E+00  1.01676E+01  4.63034E+00  1.60103E+02 -6.79808E+01  1.13858E+01  5.48720E+04  6.62821E+04  3.90327E+04  5.55428E+03  1.10814E+04  4.57490E+03  1.21408E-04  2.35385E-03  9.25195E-04
       5       5       8  5.40615E-03  6.20478E-03  5.40615E-05  6.35269E+00  1.53696E+01  6.99836E+00  1.01921E+02 -4.24998E+01  3.49885E+00  2.50261E+04  4.10951E+04  1.98118E+04  7.53177E+03  7.65073E+03  2.80015E+03  1.76094E-04  4.18605E-03  1.84264E-03
       5       5       9  8.35910E-03  9.74243E-03  8.35910E-05  8.92235E+00  2.16464E+01  9.90197E+00  4.48375E+01 -2.02275E+01  5.12497E+00  8.17979E+03  1.52460E+04  6.57144E+03  3.37054E+03  2.25407E+03  1.31995E+03  1.32427E-04  4.94319E-03  4.66681E-03
       5       5      10  9.49129E-03  5.75764E-03  9.49129E-05  2.64956E+01  6.43448E+01  2.91807E+01  5.89500E+01 -2.33078E+01  2.89906E+00  1.03393E+04  3.54406E+04  9.03635E+03  1.24627E+04  1.52525E+03  7.95580E+02  0.00000E+00  5.21437E-03  5.43266E-04
       5       6       1  3.97355E-03  4.15908E-03  3.97355E-05  2.25286E-01  5.46097E-01  7.95383E-02  1.08975E+02 -4.15334E+01 -3.38571E+00  4.13365E+04  5.40664E+04  3.63581E+04  8.87383E+03  5.22102E+02  8.45248E+00  2.66119E-05  3.85899E-03  2.73481E-04
       5       6       2  1.26180E-03  1.27985E-03  1.26180E-05  5.72151E-01  1.38358E+00  2.02237E-01 -1.90722E+01  3.71185E+00 -9.97016E+00  5.82394E+04  7.34305E+04  3.24796E+04  9.33193E+03  9.00536E+02  1.86591E+03  3.90680E-05  1.08487E-03  1.55911E-04
       5       6       3  2.05173E-03  2.22636E-03  2.05173E-05  8.36409E-01  2.03638E+00  2.84829E-01  4.93122E+01 -1.60608E+01 -5.27408E+00  2.47943E+04  4.59966E+04  2.23434E+04  1.03486E+04  1.65397E+02  6.84559E+02  4.51478E-05  1.69397E-03  4.87247E-04
       5       6       4  3.61328E-03  2.94475E-03  3.61328E-05  1.31764E+00  3.17436E+00  4.75989E-01  8.86878E+01 -3.36868E+01 -1.58080E+00  9.68680E+04  6.74198E+04  4.76339E+04 -1.49705E+04  9.31099E+02 -1.05717E+03  6.48407E-05  2.47194E-03  4.07970E-04
       5       6       5  4.14626E-03  4.41296E-03  4.14626E-05  1.99626E+00  4.79009E+00  6.79687E-01  4.83495E+01 -2.06196E+01  3.39552E+00  4.92769E+04  5.34653E+04  2.05451E+04  1.73046E+03  1.43296E+03  2.97384E+03  1.87444E-04  3.56984E-03  6.55676E-04
       5       6       6  5.38249E-03  6.19744E-03  5.38249E-05  2.73574E+00  6.53359E+00  9.21502E-01  4.61789E+01 -1.85995E+01 -2.86170E-01  2.38455E+04  3.04523E+04  1.33998E+04  2.92657E+03  2.89720E+03  1.29581E+03  8.01748E-05  4.78937E-03  1.32789E-03
       5       6       7  7.61875E-03  5.97107E-03  7.61875E-05  4.53220E+00  1.09966E+01  1.59875E+00  2.43177E+02 -1.03442E+02  6.16337E+00  8.28064E+04  4.94840E+04  2.22978E+04 -1.77687E+04  2.94278E+03  1.20386E+03  9.44487E-05  4.98404E-03  8.92580E-04
       5       6       8  7.71091E-03  1.05806E-02  7.71091E-05  6.83782E+00  1.65779E+01  2.38452E+00  1.52717E+02 -6.17065E+01  5.42592E+00  3.69825E+04  3.44160E+04  1.09786E+04 -1.62211E+03  1.49153E+03  4.87548E+02  2.57593E-04  8.45958E-03  1.86343E-03
       5       6       9  1.11394E-02  1.33926E-02  1.11394E-04  9.18952E+00  2.27755E+01  3.22336E+00  7.92310E+01 -3.31238E+01 -1.91219E-01  1.42541E+04  1.34961E+04  4.00029E+03 -6.17464E+02  5.14913E+02  1.02301E+02  6.14087E-05  8.36724E-03  4.96394E-03
       5       6      10  1.77735E-02  2.13721E-02  1.77735E-04  2.40179E+01  5.79013E+01  8.23709E+00  2.32153E+02 -9.62705E+01 -1.55930E+00  6.32504E+04  1.86119E+04  2.42280E+03 -2.22500E+04  1.89214E+02 -6.43627E+01  0.00000E+00  2.09296E-02  4.42448E-04
       6       1       1  4.16671E-04  3.80232E-04  4.16671E-06  1.14524E-02  8.12155E-02  4.55867E-01  6.61556E+01 -3.54498E+00  6.17130E+00  5.44082E+04  7.56340E+04  1.14522E+05  3.05606E+03  1.20997E+03  3.25105E+03  1.96674E-05  1.19792E-04  2.40773E-04
       6       1       2  1.18819E-04  8.25174E-05  1.18819E-06  3.21560E-02  2.46492E-01  1.42816E+00  1.03294E+01  1.50516E+02 -3.75270E+01  4.55289E+04  1.26968E+05  1.10096E+05  3.70650E+03  1.41113E+04  2.20618E+03  4.16394E-05  0.00000E+00  4.08780E-05
       6       1       3  2.05106E-04  1.50890E-04  2.05106E-06  5.52647E-02  4.14617E-01  2.17882E+00 -1.85826E+01  3.50567E+01 -1.33721E+01  3.31721E+04  7.34633E+04  5.79938E+04  9.99205E+03  1.06669E+04  5.06638E+02  3.89533E-05  0.00000E+00  1.11937E-04
       6       1       4  2.88218E-04  9.45634E-05  2.88218E-06  7.05355E-02  5.16667E-01  3.49081E+00  5.38701E+00  2.01895E+01  2.39504E+01  6.45845E+04  6.13610E+04  7.94546E+04  2.14939E+03  6.43052E+03  1.63836E+03  7.86699E-05  0.00000E+00  1.58935E-05
       6       1       5  2.63368E-04  2.06982E-04  2.63368E-06  1.14413E-01  8.89932E-01  5.19059E+00 -1.18005E-01  8.53359E+00 -5.05141E+00  2.32993E+04  2.06545E+04  5.79470E+04 -2.15853E+02  7.35372E+03 -2.65024E+01  1.62476E-04  0.00000E+00  4.45064E-05
       6       1       6  2.11244E-04  2.96338E-04  2.11244E-06  1.77481E-01  1.25920E+00  7.19016E+00 -2.72594E+00  1.40955E+01 -1.11578E+01  5.07181E+03  3.60646E+03  2.95362E+04 -1.93926E+01  3.80776E+03  7.19862E+02  1.42913E-04  0.00000E+00  1.53425E-04
       6       1       7  2.15325E-04  1.27283E-04  2.15325E-06  2.47519E-01  1.94431E+00  1.22183E+01  1.58241E+00 -1.43081E+02  1.80217E+00  3.78351E+04  3.40297E+04  6.46630E+04  3.41755E+00  3.09898E+03  1.90563E+03  8.16346E-05  0.00000E+00  4.56486E-05
       6       1       8  3.60661E-04  2.73224E-04  3.60661E-06  3.75439E-01  2.78285E+00  1.79479E+01 -5.40619E+00 -8.31003E+01 -2.27545E+01  1.54877E+04  1.34258E+04  4.35226E+04  1.04487E+03  4.82949E+03  4.17106E+02  1.50072E-04  0.00000E+00  1.23152E-04
       6       1       9  3.75138E-04  3.57940E-04  3.75138E-06  5.69364E-01  4.20783E+00  2.43972E+01  1.40459E+00 -2.36977E+01  6.06856E+00  3.94490E+03  3.86689E+03  1.56617E+04 -2.30330E+02  2.03342E+03  4.35348E+02  9.05340E-05  0.00000E+00  2.67406E-04
       6       1      10  1.69850E-04  1.98475E-04  1.69850E-06  2.74767E+00  1.53561E+01  7.68418E+01  1.69203E+00  6.21511E+00  2.50103E+01  9.34273E+01  1.85396E+03  4.36553E+04  3.59137E+02  8.56742E+03  1.62269E+03  0.00000E+00  0.00000E+00  1.98475E-04
       6       2       1  1.25728E-03  1.08343E-03  1.25728E-05  2.52065E-02  1.82999E-01  4.11852E-01  1.06122E+02 -1.10043E+01 -1.43650E+01  4.44869E+04  7.78926E+04  8.44988E+04  7.16178E+03  3.39042E+03 -2.73919E+02  2.46674E-05  8.10704E-04  2.48059E-04
       6       2       2  3.61880E-04  1.71636E-04  3.61880E-06  7.56987E-02  5.55401E-01  1.36920E+00  7.56525E+00  1.26961E+02 -3.67073E+01  2.07500E+04  1.40069E+05  1.18891E+05  1.36460E+04  3.12826E+04  4.45648E+03  7.33415E-05  0.00000E+00  9.82945E-05
       6       2       3  6.22797E-04  2.56440E-04  6.22797E-06  1.22515E-01  8.42708E-01  2.06723E+00 -1.66464E-01  1.84952E+01 -1.45878E+01  6.45518E+03  8.62544E+04  9.46863E+04  1.06172E+04  4.65574E+04  6.86300E+03  4.42961E-05  0.00000E+00  2.12144E-04
       6       2       4  8.97558E-04  2.83359E-04  8.97558E-06  1.86611E-01  1.40858E+00  3.25865E+00  1.00654E+02 -4.47660E+00 -4.68045E+00  5.92712E+04  8.86640E+04  1.08946E+05  5.41004E+01  2.23151E+04  4.19272E+03  1.23994E-04  5.56365E-05  1.03728E-04
       6       2       5  8.36359E-04  3.99321E-04  8.36359E-06  2.63540E-01  1.99715E+00  4.85650E+00  6.97944E+00  6.04484E+00 -2.18023E+01  7.16359E+03  2.99059E+04  9.35714E+04  9.60837E+02  3.09173E+04  2.77082E+03  1.73906E-04  6.00001E-06  2.19415E-04
       6       2       6  7.05794E-04  7.54617E-04  7.05794E-06  3.42672E-01  2.85199E+00  6.75703E+00 -9.28195E-01  9.77048E+00 -6.29340E+00  1.21839E+03  1.23383E+04  4.52665E+04  8.01123E+02  1.53155E+04  1.47635E+03  2.53392E-04  0.00000E+00  5.01226E-04
       6       2       7  6.96275E-04  4.30402E-04  6.96275E-06  5.91788E-01  4.94817E+00  1.10166E+01  4.85318E+01 -7.03757E+01  3.04463E+01  2.76465E+04  3.29977E+04  8.55658E+04 -9.17881E+02  2.18442E+04  2.98868E+03  1.06369E-04  5.63377E-05  2.67696E-04
       6       2       8  1.14970E-03  8.31037E-04  1.14970E-05  8.72074E-01  7.03382E+00  1.66521E+01  5.97219E+00 -4.79594E+01  1.41473E+01  3.90367E+03  1.70121E+04  5.29305E+04 -8.22686E+01  1.54435E+04  2.78569E+03  2.21846E-04  3.10249E-06  6.06089E-04
       6       2       9  1.27668E-03  1.61836E-03  1.27668E-05  1.32376E+00  9.92156E+00  2.34218E+01  5.34248E-01 -1.09743E+01 -2.81175E+00  4.03315E+02  3.31888E+03  1.38424E+04  4.30104E+02  4.46617E+03  5.67057E+02  9.59536E-05  0.00000E+00  1.52241E-03
       6       2      10  5.82587E-04  4.60552E-04  5.82587E-06  3.06990E+00  2.67432E+01  7.10439E+01  3.00962E-01  2.94991E+00  2.16435E+00  1.34898E+02  6.70391E+03  4.51526E+04  7.80866E+02  1.67996E+04  1.96597E+03  0.00000E+00  0.00000E+00  4.60552E-04
       6       3       1  2.10452E-03  2.30028E-03  2.10452E-05  4.51739E-02  3.45194E-01  4.79606E-01  7.90596E+01 -9.47299E+00 -2.12749E+00  1.90750E+04  4.93066E+04  5.04468E+04  4.29753E+03 -4.63080E+02  4.66319E+02  2.07231E-05  2.10881E-03  1.70748E-04
       6       3       2  6.17607E-04  5.54712E-04  6.17607E-06  1.21603E-01  8.91790E-01  1.21822E+00  9.51331E+01  3.17526E+01 -2.58651E+01  2.39026E+04  7.62082E+04  7.68019E+04  6.48007E+03  1.12450E+04  2.07597E+03  8.92247E-05  3.64061E-04  1.01427E-04
       6       3       3  1.05396E-03  1.04358E-03  1.05396E-05  1.73715E-01  1.32163E+00  1.82742E+00  5.34068E+01 -2.24481E+00 -6.06536E+00  5.67426E+03  2.62648E+04  3.62376E+04  1.79379E+03  1.17689E+04  8.94573E+02  2.99405E-05  8.52988E-04  1.60653E-04
       6       3       4  1.59271E-03  9.40264E-04  1.59271E-05  2.59950E-01  1.98448E+00  2.81051E+00  2.57098E+02 -2.67462E+01 -1.14560E+00  1.07368E+05  6.21132E+04  6.20089E+04 -5.62953E+03  1.99901E+04  2.14472E+03  9.83840E-05  6.22384E-04  2.19496E-04
       6       3       5  1.54633E-03  1.32740E-03  1.54633E-05  4.15100E-01  3.24214E+00  4.07847E+00  1.34013E+02 -1.32224E+01 -3.75323E+00  3.17927E+04  4.59722E+04  4.75632E+04  1.17278E+03  1.53617E+04  2.09059E+03  2.07875E-04  8.07226E-04  3.12300E-04
       6       3       6  1.44231E-03  1.67654E-03  1.44231E-05  5.39649E-01  4.12124E+00  5.77661E+00  8.81529E+01 -7.64568E+00 -2.96885E+00  1.70554E+04  1.65054E+04  3.02993E+04 -3.39525E+02  1.17320E+04  1.58243E+03  2.01521E-04  7.91605E-04  6.83412E-04
       6       3       7  1.39151E-03  1.20256E-03  1.39151E-05  9.53212E-01  7.13811E+00  9.86574E+00  1.62122E+02 -4.35447E+01  9.86938E+00  4.94750E+04  3.67910E+04  5.60374E+04 -1.86855E+03  1.41677E+04  2.12529E+03  1.13242E-04  7.45651E-04  3.43672E-04
       6       3       8  2.13504E-03  2.41327E-03  2.13504E-05  1.41592E+00  1.06184E+01  1.45875E+01  1.02407E+02 -2.52170E+01  7.08218E+00  2.17093E+04  2.07571E+04  3.29263E+04  1.62848E+02  9.32755E+03  1.19468E+03  1.86729E-04  1.44572E-03  7.80812E-04
       6       3       9  2.69926E-03  3.60938E-03  2.69926E-05  1.94822E+00  1.49706E+01  1.99540E+01  4.07235E+01 -1.20326E+01  3.89383E+00  5.69098E+03  6.84983E+03  1.06435E+04 -1.95569E+02  3.27745E+03  5.36834E+02  1.22950E-04  1.48741E-03  1.99902E-03
       6       3      10  1.38502E-03  1.16860E-03  1.38502E-05  6.19731E+00  4.41633E+01  6.09911E+01  5.19591E+01 -8.44976E+00 -2.90892E+00  4.62892E+03  1.75925E+04  3.13267E+04  1.79417E+03  6.92209E+03  9.03005E+02  0.00000E+00  8.46671E-04  3.21925E-04
       6       4       1  2.91384E-03  3.26305E-03  2.91384E-05  6.48592E-02  4.92767E-01  3.51710E-01  1.44695E+02 -2.05201E+01 -2.15474E+00  5.84551E+04  4.34013E+04  3.21755E+04 -2.30464E+03 -6.26917E+01  2.34960E+01  2.00266E-05  3.10073E-03  1.42293E-04
       6       4       2  8.79547E-04  9.77454E-04  8.79547E-06  1.65773E-01  1.22661E+00  8.60785E-01  4.70459E+01  7.15967E+00 -2.51853E+01  5.86770E+04  6.72059E+04  3.39046E+04  2.10696E+03  6.19793E+02  2.92584E+02  8.30129E-05  8.01609E-04  9.28320E-05
       6       4       3  1.47805E-03  1.47795E-03  1.47805E-05  2.37322E-01  1.75445E+00  1.25415E+00  4.74854E+01 -5.89699E+00 -5.64824E+00  3.33726E+04  2.76542E+04  1.88140E+04 -1.29715E+03  3.35025E+03  9.54360E+02  2.39460E-05  1.26418E-03  1.89827E-04
       6       4       4  2.37257E-03  1.63935E-03  2.37257E-05  3.68570E-01  2.79333E+00  2.03149E+00  1.39514E+02 -1.48872E+01 -3.50122E+00  1.35842E+05  4.64615E+04  3.31671E+04 -1.25176E+04  3.95572E+03  1.27586E+03  7.79529E-05  1.43327E-03  1.28132E-04
       6       4       5  2.44586E-03  3.68478E-03  2.44586E-05  5.56090E-01  4.23980E+00  2.98771E+00  9.03031E+01 -1.02985E+01 -9.25321E-01  4.71560E+04  4.26056E+04  2.52345E+04 -1.23675E+03  4.36588E+03  6.22030E+02  2.78771E-04  3.07688E-03  3.29130E-04
       6       4       6  2.60244E-03  3.09380E-03  2.60244E-05  7.56607E-01  5.92608E+00  4.06913E+00  4.45156E+01 -5.70739E+00  1.81989E+00  1.96141E+04  2.51027E+04  1.27118E+04  4.09742E+02  6.93058E+03  1.10084E+03  1.29031E-04  2.22008E-03  7.44688E-04
       6       4       7  2.68718E-03  2.57323E-03  2.68718E-05  1.26387E+00  9.75132E+00  6.86904E+00  2.55388E+02 -4.16028E+01  1.01207E+01  9.25606E+04  4.16923E+04  3.25794E+04 -7.34140E+03  6.95524E+03  4.07885E+02  9.40310E-05  2.15815E-03  3.21052E-04
       6       4       8  3.45238E-03  4.70561E-03  3.45238E-05  1.96434E+00  1.47186E+01  1.03333E+01  1.46512E+02 -2.95270E+01  6.12535E+00  3.26280E+04  3.24613E+04  2.15426E+04 -2.05858E+02  3.88306E+03  5.46466E+02  2.25994E-04  3.75134E-03  7.28280E-04
       6       4       9  5.06846E-03  5.92102E-03  5.06846E-05  2.67419E+00  2.03637E+01  1.42442E+01  7.48858E+01 -9.69603E+00  1.30387E+00  1.13658E+04  1.48673E+04  8.80833E+03  5.75282E+02  1.90636E+03  2.02111E+02  7.93743E-05  4.22535E-03  1.61629E-03
       6       4      10  3.61666E-03  4.82628E-03  3.61666E-05  8.16576E+00  6.19295E+01  4.22860E+01  6.99546E+01 -8.20868E+00  1.07878E+00  6.67876E+03  3.26959E+04  1.53846E+04  3.56303E+03  1.16850E+03  2.25474E+02  0.00000E+00  4.45941E-03  3.66877E-04
       6       5       1  3.58141E-03  3.27693E-03  3.58141E-05  6.79522E-02  5.18171E-01  2.22227E-01  1.48319E+02 -2.10722E+01 -4.49277E+00  5.66601E+04  3.91360E+04  3.94814E+04 -7.04879E+02  8.05446E+02 -2.30878E+02  2.40864E-05  3.12593E-03  1.26916E-04
       6       5       2  1.11394E-03  9.28733E-04  1.11394E-05  1.85160E-01  1.37540E+00  6.01492E-01  4.01592E+01 -1.15609E+00 -1.73657E+01  5.73527E+04  6.53950E+04  3.97688E+04  1.08123E+03  3.04987E+03  2.63138E+03  5.68696E-05  8.02947E-04  6.89159E-05
       6       5       3  1.83725E-03  1.57236E-03  1.83725E-05  2.71299E-01  1.95393E+00  8.50453E-01  5.65574E+01  4.29494E+00 -2.94817E+00  3.58561E+04  5.63858E+04  2.76357E+04  3.34469E+03  3.91592E+03  1.32081E+03  3.73856E-05  1.29662E-03  2.38352E-04
       6       5       4  3.12175E-03  1.97692E-03  3.12175E-05  4.21563E-01  3.16724E+00  1.35239E+00  1.09793E+02 -3.90746E+00 -1.52626E+00  8.59092E+04  6.72259E+04  6.06269E+04 -1.63291E+03  6.74336E+03 -1.65959E+03  1.05452E-04  1.65863E-03  2.12832E-04
       6       5       5  3.43069E-03  3.40293E-03  3.43069E-05  6.34603E-01  4.79006E+00  2.11779E+00  7.49924E+01 -3.65721E+00  2.56283E+00  4.16233E+04  4.80287E+04  3.08943E+04  8.80417E+02  4.14922E+03  3.62840E+03  1.92909E-04  2.91723E-03  2.92791E-04
       6       5       6  4.13307E-03  3.67744E-03  4.13307E-05  8.74601E-01  6.54649E+00  2.81030E+00  5.95862E+01  1.06822E+00 -3.72055E+00  2.38706E+04  4.27438E+04  1.89855E+04  2.60313E+03  6.21846E+03 -4.73758E+02  2.11595E-04  2.74111E-03  7.24735E-04
       6       5       7  5.05016E-03  2.98487E-03  5.05016E-05  1.42490E+00  1.08799E+01  4.67037E+00  1.95655E+02 -2.29388E+01  1.43974E+01  5.99521E+04  6.13501E+04  4.03194E+04  1.05335E+03  7.26467E+03  2.01498E+03  1.01686E-04  2.34270E-03  5.40484E-04
       6       5       8  5.38672E-03  5.32248E-03  5.38672E-05  2.11431E+00  1.64873E+01  7.09704E+00  1.23785E+02 -1.94404E+01  2.73458E+00  2.49371E+04  4.10149E+04  1.99800E+04  1.76675E+03  4.62568E+03 -5.29773E+02  2.03949E-04  4.09789E-03  1.02063E-03
       6       5       9  8.33267E-03  7.65649E-03  8.33267E-05  2.98255E+00  2.30165E+01  9.80448E+00  6.29951E+01 -9.37638E+00  1.62387E+00  8.71995E+03  1.67772E+04  7.22652E+03  1.07181E+03  1.64716E+03  3.31091E+02  8.44059E-05  5.14456E-03  2.42752E-03
       6       5      10  9.41355E-03  4.97925E-03  9.41355E-05  9.12834E+00  6.84160E+01  2.96349E+01  6.60990E+01 -6.50401E+00 -3.26931E+00  6.23434E+03  4.01658E+04  9.34456E+03  4.87812E+03  2.02903E+03  1.13205E+02  0.00000E+00  4.64765E-03  3.31598E-04
       6       6       1  3.96760E-03  4.24719E-03  3.96760E-05  7.52338E-02  5.78080E-01  7.95762E-02  1.11224E+02 -1.79691E+01 -1.87083E+00  3.54192E+04  4.97639E+04  3.27179E+04  2.47585E+03  3.20526E+02  3.12970E+02  3.10501E-05  4.12181E-03  9.43273E-05
       6       6       2  1.25881E-03  1.13256E-03  1.25881E-05  1.99276E-01  1.48762E+00  2.00732E-01 -3.07039E+01  5.77701E+00 -1.19739E+01  5.92344E+04  6.06511E+04  3.40416E+04  6.34847E+02  2.00619E+03  6.54658E+02  3.29293E-05  1.02973E-03  6.98953E-05
       6       6       3  2.04889E-03  1.67858E-03  2.04889E-05  2.97520E-01  2.15938E+00  2.86578E-01  5.75737E+01 -2.99977E+00 -7.19664E+00  2.45133E+04  3.33354E+04  2.37536E+04  1.70447E+03 -2.63974E+01  1.29837E+02  5.18900E-05  1.48497E-03  1.41721E-04
       6       6       4  3.60412E-03  2.67204E-03  3.60412E-05  4.49146E-01  3.41883E+00  4.66935E-01  1.02833E+02 -1.28834E+01 -2.79135E+00  1.12915E+05  3.73787E+04  5.16183E+04 -1.08031E+04  1.99725E+02 -6.31424E+02  1.19125E-04  2.42008E-03  1.32833E-04
       6       6       5  4.13212E-03  3.78176E-03  4.13212E-05  6.80341E-01  5.15004E+00  6.92285E-01  5.68093E+01 -7.56287E+00 -1.68491E+00  5.52919E+04  4.26119E+04  1.95930E+04 -1.71436E+03  1.31618E+03  6.51003E+02  1.14777E-04  3.36111E-03  3.05867E-04
       6       6       6  5.36319E-03  5.21327E-03  5.36319E-05  9.16978E-01  6.87164E+00  9.31306E-01  5.44944E+01 -6.57078E+00 -3.68555E+00  2.69727E+04  2.39605E+04  1.58833E+04 -2.72104E+02  7.76370E+02 -6.23375E+02  2.71536E-04  4.29554E-03  6.46201E-04
       6       6       7  7.57072E-03  5.56958E-03  7.57072E-05  1.55583E+00  1.18313E+01  1.61415E+00  2.77703E+02 -3.92848E+01  8.07552E+00  9.45545E+04  3.60737E+04  2.27935E+04 -8.09435E+03  6.68031E+02  6.17918E+02  1.10363E-04  4.95724E-03  5.01975E-04
       6       6       8  7.66176E-03  9.52231E-03  7.66176E-05  2.32348E+00  1.77550E+01  2.33486E+00  1.77312E+02 -2.44815E+01  3.13009E+00  4.10889E+04  3.15916E+04  1.06041E+04 -1.26602E+03  5.60900E+02  1.16282E+02  1.52842E-04  8.27074E-03  1.09873E-03
       6       6       9  1.10948E-02  1.16596E-02  1.10948E-04  3.20831E+00  2.40885E+01  3.05853E+00  9.83166E+01 -1.42957E+01  2.00332E+00  1.67096E+04  1.26805E+04  5.08152E+03 -6.64669E+02  1.79035E+02  9.83378E+01  1.15979E-04  8.48916E-03  3.05448E-03
       6       6      10  1.75813E-02  2.15139E-02  1.75813E-04  8.23411E+00  6.21859E+01  8.17364E+00  2.48147E+02 -3.20366E+01  7.24226E-01  7.08886E+04  1.08555E+04  2.44230E+03 -7.96253E+03  4.89470E+01  7.08838E+01  0.00000E+00  2.11928E-02  3.21087E-04
