        1121
     1   9.999999E-01   9.999999E-01   5.134255E-08
     2   4.180987E-04   4.539142E-04   4.180987E-06
     3   4.180700E-04   4.165842E-04   4.180700E-06
     4   4.180204E-04   4.257100E-04   4.180204E-06
     5   4.179631E-04   3.752703E-04   4.179631E-06
     6   4.179135E-04   5.066243E-04   4.179135E-06
     7   4.178849E-04   4.045258E-04   4.178849E-06
     8   1.263214E-03   1.129358E-03   1.263214E-05
     9   1.262795E-03   1.042723E-03   1.262795E-05
    10   1.262068E-03   1.076264E-03   1.262068E-05
    11   1.261230E-03   1.033177E-03   1.261230E-05
    12   1.260504E-03   1.299388E-03   1.260504E-05
    13   1.260086E-03   1.031624E-03   1.260086E-05
    14   2.119403E-03   2.130078E-03   2.119403E-05
    15   2.117686E-03   2.099489E-03   2.117686E-05
    16   2.114717E-03   2.141486E-03   2.114717E-05
    17   2.111297E-03   2.120207E-03   2.111297E-05
    18   2.108342E-03   2.144035E-03   2.108342E-05
    19   2.106640E-03   2.046415E-03   2.106640E-05
    20   2.942855E-03   3.106670E-03   2.942855E-05
    21   2.938748E-03   3.069946E-03   2.938748E-05
    22   2.931656E-03   3.135284E-03   2.931656E-05
    23   2.923498E-03   3.200641E-03   2.923498E-05
    24   2.916462E-03   3.421694E-03   2.916462E-05
    25   2.912412E-03   3.239230E-03   2.912412E-05
    26   3.626585E-03   3.243174E-03   3.626585E-05
    27   3.619576E-03   3.210772E-03   3.619576E-05
    28   3.607485E-03   3.250725E-03   3.607485E-05
    29   3.593598E-03   3.349080E-03   3.593598E-05
    30   3.581638E-03   3.532550E-03   3.581638E-05
    31   3.574760E-03   3.188920E-03   3.574760E-05
    32   4.023997E-03   3.921565E-03   4.023997E-05
    33   4.014921E-03   3.903781E-03   4.014921E-05
    34   3.999272E-03   4.050865E-03   3.999272E-05
    35   3.981315E-03   4.117703E-03   3.981315E-05
    36   3.965861E-03   4.344861E-03   3.965861E-05
    37   3.956980E-03   4.161291E-03   3.956980E-05
    38   1.194147E-04   9.710262E-05   1.194147E-06
    39   1.194049E-04   1.535558E-04   1.194049E-06
    40   1.193879E-04   1.181465E-04   1.193879E-06
    41   1.193683E-04   1.333448E-04   1.193683E-06
    42   1.193513E-04   1.484919E-04   1.193513E-06
    43   1.193415E-04   1.090719E-04   1.193415E-06
    44   3.642763E-04   2.329116E-04   3.642763E-06
    45   3.641250E-04   2.028548E-04   3.641250E-06
    46   3.638636E-04   3.560463E-04   3.638636E-06
    47   3.635623E-04   2.717503E-04   3.635623E-06
    48   3.633019E-04   2.125265E-04   3.633019E-06
    49   3.631518E-04   2.065775E-04   3.631518E-06
    50   6.236911E-04   5.442014E-04   6.236911E-06
    51   6.230163E-04   5.653942E-04   6.230163E-06
    52   6.218517E-04   6.296969E-04   6.218517E-06
    53   6.205138E-04   6.813945E-04   6.205138E-06
    54   6.193608E-04   5.857340E-04   6.193608E-06
    55   6.186976E-04   5.796855E-04   6.186976E-06
    56   8.921911E-04   9.535657E-04   8.921911E-06
    57   8.903951E-04   8.875563E-04   8.903951E-06
    58   8.873036E-04   9.576200E-04   8.873036E-06
    59   8.837641E-04   1.060089E-03   8.837641E-06
    60   8.807247E-04   1.046345E-03   8.807247E-06
    61   8.789808E-04   1.024240E-03   8.789808E-06
    62   1.135194E-03   1.086080E-03   1.135194E-05
    63   1.131814E-03   1.051853E-03   1.131814E-05
    64   1.126012E-03   1.222782E-03   1.126012E-05
    65   1.119390E-03   1.113931E-03   1.119390E-05
    66   1.113722E-03   1.125614E-03   1.113722E-05
    67   1.110477E-03   9.603775E-04   1.110477E-05
    68   1.286701E-03   1.247821E-03   1.286701E-05
    69   1.282062E-03   1.249130E-03   1.282062E-05
    70   1.274107E-03   1.391450E-03   1.274107E-05
    71   1.265047E-03   1.359040E-03   1.265047E-05
    72   1.257307E-03   1.363792E-03   1.257307E-05
    73   1.252883E-03   1.245627E-03   1.252883E-05
    74   2.062102E-04   1.382843E-04   2.062102E-06
    75   2.061971E-04   2.763506E-04   2.061971E-06
    76   2.061745E-04   2.091727E-04   2.061745E-06
    77   2.061484E-04   2.761495E-04   2.061484E-06
    78   2.061257E-04   2.911251E-04   2.061257E-06
    79   2.061127E-04   1.762579E-04   2.061127E-06
    80   6.269113E-04   5.834686E-04   6.269113E-06
    81   6.267187E-04   5.369515E-04   6.267187E-06
    82   6.263854E-04   5.289303E-04   6.263854E-06
    83   6.260008E-04   4.232301E-04   6.260008E-06
    84   6.256681E-04   4.097614E-04   6.256681E-06
    85   6.254761E-04   3.091231E-04   6.254761E-06
    86   1.063254E-03   1.119108E-03   1.063254E-05
    87   1.062459E-03   1.029879E-03   1.062459E-05
    88   1.061082E-03   1.117282E-03   1.061082E-05
    89   1.059497E-03   1.066312E-03   1.059497E-05
    90   1.058127E-03   1.161248E-03   1.058127E-05
    91   1.057337E-03   1.100734E-03   1.057337E-05
    92   1.495090E-03   1.490746E-03   1.495090E-05
    93   1.493160E-03   1.403290E-03   1.493160E-05
    94   1.489827E-03   1.507343E-03   1.489827E-05
    95   1.485993E-03   1.416179E-03   1.485993E-05
    96   1.482684E-03   1.488963E-03   1.482684E-05
    97   1.480780E-03   1.390845E-03   1.480780E-05
    98   1.863046E-03   1.782735E-03   1.863046E-05
    99   1.859704E-03   1.672643E-03   1.859704E-05
   100   1.853938E-03   1.757902E-03   1.853938E-05
   101   1.847316E-03   1.794440E-03   1.847316E-05
   102   1.841611E-03   1.761186E-03   1.841611E-05
   103   1.838330E-03   1.529645E-03   1.838330E-05
   104   2.080803E-03   2.062508E-03   2.080803E-05
   105   2.076431E-03   1.982989E-03   2.076431E-05
   106   2.068894E-03   2.232080E-03   2.068894E-05
   107   2.060245E-03   2.208960E-03   2.060245E-05
   108   2.052803E-03   2.095352E-03   2.052803E-05
   109   2.048525E-03   1.828167E-03   2.048525E-05
   110   2.898869E-04   1.606343E-04   2.898869E-06
   111   2.898575E-04   2.273529E-04   2.898575E-06
   112   2.898066E-04   1.755517E-04   2.898066E-06
   113   2.897478E-04   1.526219E-04   2.897478E-06
   114   2.896970E-04   1.309122E-04   2.896970E-06
   115   2.896676E-04   1.123411E-04   2.896676E-06
   116   9.045875E-04   1.619821E-04   9.045875E-06
   117   9.041303E-04   1.858253E-04   9.041303E-06
   118   9.033393E-04   5.409084E-04   9.033393E-06
   119   9.024276E-04   3.612920E-04   9.024276E-06
   120   9.016395E-04   4.017343E-04   9.016395E-06
   121   9.011851E-04   4.275069E-04   9.011851E-06
   122   1.611395E-03   1.061363E-03   1.611395E-05
   123   1.609334E-03   9.677254E-04   1.609334E-05
   124   1.605774E-03   1.228131E-03   1.605774E-05
   125   1.601681E-03   1.115219E-03   1.601681E-05
   126   1.598151E-03   9.676177E-04   1.598151E-05
   127   1.596118E-03   8.301201E-04   1.596118E-05
   128   2.412427E-03   1.668548E-03   2.412427E-05
   129   2.406911E-03   1.657581E-03   2.406911E-05
   130   2.397403E-03   1.852123E-03   2.397403E-05
   131   2.386499E-03   1.762001E-03   2.386499E-05
   132   2.377119E-03   1.669864E-03   2.377119E-05
   133   2.371730E-03   1.643315E-03   2.371730E-05
   134   3.189411E-03   1.754629E-03   3.189411E-05
   135   3.179033E-03   1.736014E-03   3.179033E-05
   136   3.161177E-03   2.061528E-03   3.161177E-05
   137   3.140744E-03   1.982390E-03   3.140744E-05
   138   3.123209E-03   1.919623E-03   3.123209E-05
   139   3.113153E-03   1.887307E-03   3.113153E-05
   140   3.693078E-03   2.920367E-03   3.693078E-05
   141   3.678857E-03   2.752524E-03   3.678857E-05
   142   3.654415E-03   3.188653E-03   3.654415E-05
   143   3.626485E-03   3.072162E-03   3.626485E-05
   144   3.602548E-03   3.188163E-03   3.602548E-05
   145   3.588834E-03   3.022132E-03   3.588834E-05
   146   2.652410E-04   3.311423E-04   2.652410E-06
   147   2.652150E-04   4.142340E-04   2.652150E-06
   148   2.651699E-04   3.195669E-04   2.651699E-06
   149   2.651178E-04   2.686883E-04   2.651178E-06
   150   2.650727E-04   2.368476E-04   2.650727E-06
   151   2.650467E-04   2.140707E-04   2.650467E-06
   152   8.441252E-04   2.648661E-04   8.441252E-06
   153   8.436908E-04   3.701857E-04   8.436908E-06
   154   8.429400E-04   1.021648E-03   8.429400E-06
   155   8.420753E-04   6.206459E-04   8.420753E-06
   156   8.413284E-04   5.223346E-04   8.413284E-06
   157   8.408980E-04   4.916128E-04   8.408980E-06
   158   1.567795E-03   1.441134E-03   1.567795E-05
   159   1.565585E-03   1.352636E-03   1.565585E-05
   160   1.561775E-03   1.953018E-03   1.561775E-05
   161   1.557403E-03   1.757103E-03   1.557403E-05
   162   1.553641E-03   1.590307E-03   1.553641E-05
   163   1.551479E-03   1.552238E-03   1.551479E-05
   164   2.496533E-03   2.763527E-03   2.496533E-05
   165   2.489642E-03   2.771691E-03   2.489642E-05
   166   2.477802E-03   3.392569E-03   2.477802E-05
   167   2.464281E-03   3.664444E-03   2.464281E-05
   168   2.452700E-03   3.745419E-03   2.452700E-05
   169   2.446068E-03   3.826886E-03   2.446068E-05
   170   3.527340E-03   3.462317E-03   3.527340E-05
   171   3.512369E-03   3.332834E-03   3.512369E-05
   172   3.486734E-03   3.805690E-03   3.486734E-05
   173   3.457591E-03   3.537275E-03   3.457591E-05
   174   3.432742E-03   3.497365E-03   3.432742E-05
   175   3.418558E-03   3.291707E-03   3.418558E-05
   176   4.269307E-03   4.664317E-03   4.269307E-05
   177   4.246914E-03   4.486805E-03   4.246914E-05
   178   4.208646E-03   4.960718E-03   4.208646E-05
   179   4.165263E-03   4.480328E-03   4.165263E-05
   180   4.128374E-03   4.232363E-03   4.128374E-05
   181   4.107359E-03   3.888559E-03   4.107359E-05
   182   2.132310E-04   2.378368E-04   2.132310E-06
   183   2.132066E-04   2.817831E-04   2.132066E-06
   184   2.131644E-04   2.537779E-04   2.131644E-06
   185   2.131157E-04   2.118931E-04   2.131157E-06
   186   2.130735E-04   2.345318E-04   2.130735E-06
   187   2.130492E-04   2.313391E-04   2.130492E-06
   188   7.142292E-04   5.762876E-04   7.142292E-06
   189   7.138007E-04   8.127744E-04   7.138007E-06
   190   7.130597E-04   1.026579E-03   7.130597E-06
   191   7.122058E-04   8.265136E-04   7.122058E-06
   192   7.114678E-04   7.638613E-04   7.114678E-06
   193   7.110423E-04   5.857644E-04   7.110423E-06
   194   1.467151E-03   1.838017E-03   1.467151E-05
   195   1.464774E-03   1.701523E-03   1.464774E-05
   196   1.460670E-03   1.781717E-03   1.460670E-05
   197   1.455954E-03   1.718460E-03   1.455954E-05
   198   1.451889E-03   1.656415E-03   1.451889E-05
   199   1.449551E-03   1.527186E-03   1.449551E-05
   200   2.666579E-03   3.594810E-03   2.666579E-05
   201   2.658386E-03   2.960540E-03   2.658386E-05
   202   2.644284E-03   3.153901E-03   2.644284E-05
   203   2.628138E-03   2.531536E-03   2.628138E-05
   204   2.614273E-03   2.801370E-03   2.614273E-05
   205   2.606318E-03   2.674990E-03   2.606318E-05
   206   4.266048E-03   4.503337E-03   4.266048E-05
   207   4.246621E-03   4.139273E-03   4.246621E-05
   208   4.213273E-03   4.226526E-03   4.213273E-05
   209   4.175234E-03   3.951245E-03   4.175234E-05
   210   4.142690E-03   3.953778E-03   4.142690E-05
   211   4.124066E-03   3.755228E-03   4.124066E-05
   212   5.561585E-03   5.840397E-03   5.561585E-05
   213   5.530979E-03   5.678606E-03   5.530979E-05
   214   5.478537E-03   6.563534E-03   5.478537E-05
   215   5.418864E-03   6.534803E-03   5.418864E-05
   216   5.367933E-03   6.841674E-03   5.367933E-05
   217   5.338839E-03   6.073673E-03   5.338839E-05
   218   2.173181E-04   2.185684E-04   2.173181E-06
   219   2.173009E-04   2.251956E-04   2.173009E-06
   220   2.172710E-04   2.122818E-04   2.172710E-06
   221   2.172365E-04   1.982488E-04   2.172365E-06
   222   2.172067E-04   1.699507E-04   2.172067E-06
   223   2.171895E-04   1.520540E-04   2.171895E-06
   224   7.041606E-04   3.193025E-04   7.041606E-06
   225   7.038258E-04   2.540804E-04   7.038258E-06
   226   7.032471E-04   5.684452E-04   7.032471E-06
   227   7.025808E-04   4.995802E-04   7.025808E-06
   228   7.020055E-04   4.234429E-04   7.020055E-06
   229   7.016740E-04   4.858996E-04   7.016740E-06
   230   1.415728E-03   1.183560E-03   1.415728E-05
   231   1.413371E-03   1.129127E-03   1.413371E-05
   232   1.409311E-03   1.392248E-03   1.409311E-05
   233   1.404659E-03   1.360792E-03   1.404659E-05
   234   1.400661E-03   1.232737E-03   1.400661E-05
   235   1.398366E-03   1.143962E-03   1.398366E-05
   236   2.768641E-03   2.202853E-03   2.768641E-05
   237   2.756979E-03   2.181753E-03   2.756979E-05
   238   2.736987E-03   2.596366E-03   2.736987E-05
   239   2.714225E-03   2.720200E-03   2.714225E-05
   240   2.694787E-03   2.580605E-03   2.694787E-05
   241   2.683680E-03   2.571071E-03   2.683680E-05
   242   5.288072E-03   3.122684E-03   5.288072E-05
   243   5.248424E-03   2.853564E-03   5.248424E-05
   244   5.180750E-03   3.149263E-03   5.180750E-05
   245   5.104157E-03   3.059452E-03   5.104157E-05
   246   5.039140E-03   2.989515E-03   5.039140E-05
   247   5.002148E-03   2.771698E-03   5.002148E-05
   248   8.013772E-03   5.744498E-03   8.013772E-05
   249   7.936041E-03   5.309986E-03   7.936041E-05
   250   7.803706E-03   5.867339E-03   7.803706E-05
   251   7.654451E-03   5.655184E-03   7.654451E-05
   252   7.528194E-03   6.049271E-03   7.528194E-05
   253   7.456543E-03   5.498442E-03   7.456543E-05
   254   3.637369E-04   3.936900E-04   3.637369E-06
   255   3.637100E-04   4.778806E-04   3.637100E-06
   256   3.636635E-04   4.433349E-04   3.636635E-06
   257   3.636098E-04   3.851424E-04   3.636098E-06
   258   3.635633E-04   3.166436E-04   3.635633E-06
   259   3.635365E-04   3.095157E-04   3.635365E-06
   260   1.161358E-03   7.311170E-04   1.161358E-05
   261   1.160931E-03   5.714308E-04   1.160931E-05
   262   1.160192E-03   1.144890E-03   1.160192E-05
   263   1.159339E-03   8.558889E-04   1.159339E-05
   264   1.158601E-03   6.482271E-04   1.158601E-05
   265   1.158175E-03   7.874067E-04   1.158175E-05
   266   2.163615E-03   2.255272E-03   2.163615E-05
   267   2.161506E-03   2.038645E-03   2.161506E-05
   268   2.157863E-03   2.848991E-03   2.157863E-05
   269   2.153672E-03   2.686916E-03   2.153672E-05
   270   2.150055E-03   2.581052E-03   2.150055E-05
   271   2.147973E-03   2.403311E-03   2.147973E-05
   272   3.521530E-03   4.048409E-03   3.521530E-05
   273   3.513520E-03   3.877107E-03   3.513520E-05
   274   3.499778E-03   4.648867E-03   3.499778E-05
   275   3.484115E-03   4.845039E-03   3.484115E-05
   276   3.470724E-03   4.652016E-03   3.470724E-05
   277   3.463065E-03   4.541792E-03   3.463065E-05
   278   5.586554E-03   5.943433E-03   5.586554E-05
   279   5.554643E-03   5.242880E-03   5.554643E-05
   280   5.500596E-03   6.015835E-03   5.500596E-05
   281   5.440051E-03   5.770616E-03   5.440051E-05
   282   5.389168E-03   5.789264E-03   5.389168E-05
   283   5.360423E-03   5.305384E-03   5.360423E-05
   284   8.118720E-03   9.692254E-03   8.118720E-05
   285   8.035999E-03   8.979351E-03   8.035999E-05
   286   7.897061E-03   9.872705E-03   7.897061E-05
   287   7.743192E-03   9.383901E-03   7.743192E-05
   288   7.615354E-03   1.017004E-02   7.615354E-05
   289   7.543742E-03   9.146697E-03   7.543742E-05
   290   3.779027E-04   4.576623E-04   3.779027E-06
   291   3.778540E-04   4.159523E-04   3.778540E-06
   292   3.777697E-04   5.671109E-04   3.777697E-06
   293   3.776724E-04   5.118010E-04   3.776724E-06
   294   3.775881E-04   3.828604E-04   3.775881E-06
   295   3.775395E-04   3.836338E-04   3.775395E-06
   296   1.290115E-03   1.646747E-03   1.290115E-05
   297   1.289245E-03   1.252213E-03   1.289245E-05
   298   1.287742E-03   1.404341E-03   1.287742E-05
   299   1.286010E-03   1.070124E-03   1.286010E-05
   300   1.284513E-03   8.032643E-04   1.284513E-05
   301   1.283650E-03   1.205758E-03   1.283650E-05
   302   2.744504E-03   2.862275E-03   2.744504E-05
   303   2.739592E-03   2.370050E-03   2.739592E-05
   304   2.731112E-03   3.253071E-03   2.731112E-05
   305   2.721365E-03   2.847532E-03   2.721365E-05
   306   2.712963E-03   3.104963E-03   2.712963E-05
   307   2.708128E-03   2.863372E-03   2.708128E-05
   308   5.194885E-03   5.967691E-03   5.194885E-05
   309   5.177742E-03   5.248302E-03   5.177742E-05
   310   5.148218E-03   6.191477E-03   5.148218E-05
   311   5.114387E-03   6.709688E-03   5.114387E-05
   312   5.085313E-03   6.294476E-03   5.085313E-05
   313   5.068622E-03   6.214192E-03   5.068622E-05
   314   8.608728E-03   9.757918E-03   8.608728E-05
   315   8.566960E-03   7.936341E-03   8.566960E-05
   316   8.495267E-03   1.012522E-02   8.495267E-05
   317   8.413489E-03   8.934666E-03   8.413489E-05
   318   8.343517E-03   9.855706E-03   8.343517E-05
   319   8.303472E-03   8.441391E-03   8.303472E-05
   320   1.153921E-02   1.399333E-02   1.153921E-04
   321   1.146742E-02   1.230406E-02   1.146742E-04
   322   1.134499E-02   1.422047E-02   1.134499E-04
   323   1.120648E-02   1.199205E-02   1.120648E-04
   324   1.108890E-02   1.456617E-02   1.108890E-04
   325   1.102197E-02   1.214937E-02   1.102197E-04
   326   1.704690E-04   1.844627E-04   1.704690E-06
   327   1.704484E-04   1.857908E-04   1.704484E-06
   328   1.704129E-04   1.652753E-04   1.704129E-06
   329   1.703718E-04   1.584744E-04   1.703718E-06
   330   1.703363E-04   1.458441E-04   1.703363E-06
   331   1.703158E-04   1.581373E-04   1.703158E-06
   332   5.872799E-04   4.525279E-04   5.872799E-06
   333   5.868029E-04   5.973419E-04   5.868029E-06
   334   5.859793E-04   7.578813E-04   5.859793E-06
   335   5.850324E-04   5.565685E-04   5.850324E-06
   336   5.842158E-04   5.301413E-04   5.842158E-06
   337   5.837459E-04   6.589070E-04   5.837459E-06
   338   1.414072E-03   1.439711E-03   1.414072E-05
   339   1.409788E-03   1.363063E-03   1.409788E-05
   340   1.402423E-03   1.690748E-03   1.402423E-05
   341   1.394005E-03   1.432463E-03   1.394005E-05
   342   1.386790E-03   1.624865E-03   1.386790E-05
   343   1.382655E-03   8.235990E-04   1.382655E-05
   344   3.777827E-03   4.213763E-03   3.777827E-05
   345   3.750155E-03   4.628172E-03   3.750155E-05
   346   3.702890E-03   4.519217E-03   3.702890E-05
   347   3.649340E-03   4.789945E-03   3.649340E-05
   348   3.603836E-03   4.765298E-03   3.603836E-05
   349   3.577926E-03   4.526276E-03   3.577926E-05
   350   1.010091E-02   6.324809E-03   1.010091E-04
   351   9.973308E-03   5.131120E-03   9.973308E-05
   352   9.757142E-03   6.491492E-03   9.757142E-05
   353   9.514939E-03   6.115595E-03   9.514939E-05
   354   9.311376E-03   5.457958E-03   9.311376E-05
   355   9.196388E-03   5.451154E-03   9.196388E-05
   356   1.924983E-02   2.249741E-02   1.924983E-04
   357   1.892803E-02   2.177620E-02   1.892803E-04
   358   1.838664E-02   2.084049E-02   1.838664E-04
   359   1.778569E-02   2.077839E-02   1.778569E-04
   360   1.728524E-02   2.125905E-02   1.728524E-04
   361   1.700442E-02   2.012370E-02   1.700442E-04
   362   1.118719E-02   1.044587E-02   2.237438E-04
   363   5.701304E-03   5.618648E-03   1.140261E-04
   364   5.209374E-03   5.064882E-03   1.041875E-04
   365   3.638031E-03   3.294352E-03   7.276062E-05
   366   6.404468E-03   5.946324E-03   1.280894E-04
   367   1.844336E-03   2.008254E-03   3.688672E-05
   368   3.709114E-03   3.661007E-03   7.418228E-05
   369   3.716510E-03   3.260705E-03   7.433019E-05
   370   2.518294E-03   2.777817E-03   5.036589E-05
   371   3.562341E-03   3.381796E-03   7.124682E-05
   372   1.376420E-03   1.550535E-03   2.752839E-05
   373   1.302225E-02   1.186307E-02   2.604449E-04
   374   5.086731E-03   4.468156E-03   1.017346E-04
   375   1.064447E-02   1.037757E-02   2.128894E-04
   376   1.285141E-02   1.259153E-02   2.570282E-04
   377   2.636488E-03   2.598784E-03   5.272977E-05
   378   9.873560E-03   9.094023E-03   1.974712E-04
   379   1.535640E-03   1.372219E-03   3.071280E-05
   380   4.111067E-03   3.491021E-03   8.222135E-05
   381   4.096004E-03   3.937848E-03   8.192007E-05
   382   3.887665E-03   3.341404E-03   7.775329E-05
   383   1.023513E-02   9.822583E-03   2.047025E-04
   384   2.094854E-03   1.945740E-03   4.189708E-05
   385   7.168263E-03   7.246406E-03   1.433653E-04
   386   7.369448E-03   6.674044E-03   1.473890E-04
   387   1.036245E-02   1.048745E-02   2.072489E-04
   388   3.332118E-03   3.200558E-03   6.664236E-05
   389   1.261001E-03   1.378725E-03   2.522003E-05
   390   1.566815E-03   1.791376E-03   3.133630E-05
   391   3.476988E-03   3.094825E-03   6.953975E-05
   392   1.927492E-03   2.147182E-03   3.854983E-05
   393   1.034455E-02   9.815634E-03   2.068910E-04
   394   6.482766E-03   5.265454E-03   1.296553E-04
   395   3.293591E-03   3.051047E-03   6.587182E-05
   396   1.262959E-02   1.135216E-02   2.525917E-04
   397   1.325792E-03   1.467414E-03   2.651585E-05
   398   1.307184E-02   1.469431E-02   2.614368E-04
   399   5.209182E-03   4.075341E-03   1.041836E-04
   400   2.725570E-03   2.991569E-03   5.451141E-05
   401   1.273646E-02   1.165638E-02   2.547293E-04
   402   9.991806E-03   1.061686E-02   1.998361E-04
   403   6.424793E-03   5.622977E-03   1.284959E-04
   404   1.350663E-02   1.533138E-02   2.701326E-04
   405   3.013352E-03   2.355086E-03   6.026705E-05
   406   1.256803E-03   1.354887E-03   2.513607E-05
   407   1.650949E-03   1.816925E-03   3.301898E-05
   408   3.337900E-03   3.067146E-03   6.675800E-05
   409   4.745555E-03   4.722647E-03   9.491110E-05
   410   1.235833E-03   1.394916E-03   2.471667E-05
   411   1.694483E-03   1.843525E-03   3.388966E-05
   412   8.725576E-03   9.334157E-03   1.745115E-04
   413   3.850813E-03   3.534550E-03   7.701626E-05
   414   1.147973E-03   1.266385E-03   2.295945E-05
   415   2.586320E-03   2.377377E-03   5.172641E-05
   416   1.605471E-03   1.705420E-03   3.210943E-05
   417   2.410463E-03   2.349177E-03   4.820925E-05
   418   3.956459E-03   3.589122E-03   7.912919E-05
   419   7.334161E-03   6.875538E-03   1.466832E-04
   420   5.407697E-03   4.843844E-03   1.081539E-04
   421   1.008986E-03   1.068635E-03   2.017972E-05
   422   1.403111E-03   1.455662E-03   2.806223E-05
   423   2.087620E-03   1.999089E-03   4.175239E-05
   424   1.292623E-02   1.269850E-02   2.585247E-04
   425   3.361898E-03   2.974962E-03   6.723796E-05
   426   3.241457E-03   3.245449E-03   6.482913E-05
   427   1.622882E-02   1.519252E-02   3.245764E-04
   428   2.914416E-02   2.898343E-02   5.828833E-04
   429   1.287656E-02   1.289553E-02   2.575312E-04
   430   1.645070E-03   1.498847E-03   3.290140E-05
   431   6.081675E-03   5.438136E-03   1.216335E-04
   432   2.473586E-03   2.135953E-03   4.947173E-05
   433   9.355594E-03   8.359156E-03   1.871119E-04
   434   4.118656E-03   3.665327E-03   8.237313E-05
   435   3.887665E-03   3.325806E-03   7.775329E-05
   436   5.425307E-03   4.901790E-03   1.085061E-04
   437   1.285141E-02   1.260845E-02   2.570282E-04
   438   1.338775E-02   1.243746E-02   2.677550E-04
   439   9.138559E-03   6.461951E-03   1.827712E-04
   440   1.466686E-03   1.430412E-03   2.933372E-05
   441   1.230281E-03   1.124401E-03   2.460562E-05
   442   2.164850E-03   2.090647E-03   4.329701E-05
   443   1.715720E-03   1.493993E-03   3.431440E-05
   444   5.876696E-03   5.288019E-03   1.175339E-04
   445   2.395348E-03   2.013439E-03   4.790695E-05
   446   4.752106E-03   4.159788E-03   9.504212E-05
   447   1.186613E-03   1.067225E-03   2.373226E-05
   448   1.355002E-02   1.259414E-02   2.710003E-04
   449   3.184835E-03   2.716881E-03   6.369669E-05
   450   1.064447E-02   1.033830E-02   2.128894E-04
   451   1.535640E-03   1.358417E-03   3.071280E-05
   452   7.334161E-03   6.823288E-03   1.466832E-04
   453   1.522091E-03   1.484592E-03   3.044183E-05
   454   3.716510E-03   3.281371E-03   7.433019E-05
   455   1.901896E-03   1.670556E-03   3.803792E-05
   456   3.043952E-03   2.740347E-03   6.087904E-05
   457   1.038707E-02   9.718422E-03   2.077415E-04
   458   1.034628E-03   9.933724E-04   2.069256E-05
   459   1.230281E-03   1.137796E-03   2.460562E-05
   460   3.956459E-03   3.594859E-03   7.912919E-05
   461   3.638031E-03   3.284748E-03   7.276062E-05
   462   4.409992E-03   4.175867E-03   8.819983E-05
   463   4.650930E-03   4.286210E-03   9.301859E-05
   464   1.231562E-03   1.192058E-03   2.463124E-05
   465   9.854930E-03   9.474470E-03   1.970986E-04
   466   2.769166E-03   2.783954E-03   5.538331E-05
   467   2.087620E-03   1.967342E-03   4.175239E-05
   468   1.390723E-03   1.360565E-03   2.781447E-05
   469   5.588879E-03   5.429876E-03   1.117776E-04
   470   1.599592E-03   1.583888E-03   3.199184E-05
   471   2.410463E-03   2.334498E-03   4.820925E-05
   472   3.221398E-03   3.055035E-03   6.442796E-05
   473   2.655052E-03   2.639350E-03   5.310104E-05
   474   2.472990E-03   2.438459E-03   4.945980E-05
   475   1.470740E-03   1.544235E-03   2.941479E-05
   476   2.412098E-03   2.484739E-03   4.824195E-05
   477   4.859244E-03   4.621087E-03   9.718487E-05
   478   2.100401E-03   2.119655E-03   4.200802E-05
   479   2.684868E-03   2.676316E-03   5.369737E-05
   480   1.605471E-03   1.734127E-03   3.210943E-05
   481   8.038542E-03   7.675118E-03   1.607708E-04
   482   2.272565E-03   2.336245E-03   4.545130E-05
   483   2.835062E-03   3.094941E-03   5.670125E-05
   484   3.411151E-03   3.827711E-03   6.822303E-05
   485   2.930316E-03   3.248022E-03   5.860633E-05
   486   1.927492E-03   2.136024E-03   3.854983E-05
   487   1.650949E-03   1.831043E-03   3.301898E-05
   488   1.059652E-03   1.153941E-03   2.119304E-05
   489   1.147973E-03   1.299076E-03   2.295945E-05
   490   4.852275E-03   4.350992E-03   9.704551E-05
   491   3.679540E-03   3.260890E-03   7.359079E-05
   492   2.725570E-03   2.956803E-03   5.451141E-05
   493   2.896860E-03   2.901989E-03   5.793720E-05
   494   6.104997E-03   6.050343E-03   1.220999E-04
   495   1.261001E-03   1.369249E-03   2.522003E-05
   496   1.128739E-02   1.162914E-02   2.257477E-04
   497   1.256803E-03   1.363496E-03   2.513607E-05
   498   2.457652E-03   2.524067E-03   4.915305E-05
   499   3.209930E-03   3.190591E-03   6.419859E-05
   500   3.143110E-03   2.673230E-03   6.286221E-05
   501   2.161731E-03   1.973673E-03   4.323462E-05
   502   2.817515E-03   2.460313E-03   5.635030E-05
   503   7.381667E-03   6.370114E-03   1.476333E-04
   504   4.252131E-03   3.600941E-03   8.504262E-05
   505   1.365569E-02   1.399923E-02   2.731138E-04
   506   9.710843E-04   7.617022E-04   1.942169E-05
   507   5.731622E-03   4.823161E-03   1.146324E-04
   508   2.531445E-03   1.835729E-03   5.062890E-05
   509   7.573552E-03   6.564171E-03   1.514710E-04
   510   1.863807E-02   2.069666E-02   3.727614E-04
   511   1.360232E-02   1.272811E-02   2.720463E-04
   512   1.704174E-02   1.823688E-02   3.408349E-04
   513   2.837137E-02   2.504535E-02   5.674274E-04
   514   0.000000E+00   4.267264E-04   8.571999E-05
   515   0.000000E+00  -6.919871E-05   4.928760E-05
   516   0.000000E+00  -4.682680E-05   6.938575E-05
   517   0.000000E+00   1.055937E-04   3.784845E-05
   518   0.000000E+00   2.282685E-04   5.833195E-05
   519   0.000000E+00  -2.874748E-06   3.567512E-05
   520   0.000000E+00  -2.369719E-05   4.791193E-05
   521   0.000000E+00   1.700205E-04   3.792972E-05
   522   0.000000E+00   5.674149E-05   4.420725E-05
   523   0.000000E+00   5.795823E-05   4.893610E-05
   524   0.000000E+00   1.107517E-04   2.576351E-05
   525   0.000000E+00   6.611221E-04   8.947855E-05
   526   0.000000E+00   2.782407E-04   5.100023E-05
   527   0.000000E+00   6.791366E-04   7.263877E-05
   528   0.000000E+00   4.501984E-04   1.112597E-04
   529   0.000000E+00   1.013955E-04   5.354117E-05
   530   0.000000E+00   7.661529E-04   1.905779E-04
   531   0.000000E+00   1.627788E-05   3.233695E-05
   532   0.000000E+00  -1.185856E-04   4.774072E-05
   533   0.000000E+00   5.453585E-05   7.106440E-05
   534   0.000000E+00  -4.343862E-05   5.388827E-05
   535   0.000000E+00  -4.082222E-04   8.743535E-05
   536   0.000000E+00   3.368981E-06   3.275580E-05
   537   0.000000E+00   1.199281E-03   4.587356E-04
   538   0.000000E+00   7.412404E-04   3.185521E-04
   539   0.000000E+00   2.394803E-03   5.889728E-04
   540   0.000000E+00   4.819518E-04   7.864687E-05
   541   0.000000E+00   9.438123E-05   2.646036E-05
   542   0.000000E+00   4.541291E-05   2.638962E-05
   543   0.000000E+00   6.948307E-04   9.389042E-05
   544   0.000000E+00  -8.472734E-06   3.011639E-05
   545   0.000000E+00   1.442942E-03   3.532326E-04
   546   0.000000E+00   5.370383E-04   1.419297E-04
   547   0.000000E+00   1.766565E-04   6.301965E-05
   548   0.000000E+00   3.422321E-03   3.330377E-04
   549   0.000000E+00   5.157935E-05   2.572478E-05
   550   0.000000E+00   8.178521E-03   6.532966E-04
   551   0.000000E+00   2.628240E-04   9.212542E-05
   552   0.000000E+00   2.363093E-04   4.467353E-05
   553   0.000000E+00   5.416354E-03   8.249259E-04
   554   0.000000E+00   4.791915E-03   3.649289E-04
   555   0.000000E+00   3.872917E-04   1.539804E-04
   556   0.000000E+00   8.160097E-03   6.346598E-04
   557   0.000000E+00   3.221076E-04   8.178753E-05
   558   0.000000E+00   1.489411E-04   2.410946E-05
   559   0.000000E+00   1.595112E-04   2.414284E-05
   560   0.000000E+00   5.301269E-04   6.979279E-05
   561   0.000000E+00  -1.285458E-04   5.179795E-05
   562   0.000000E+00   1.890976E-04   1.919544E-05
   563   0.000000E+00   1.103000E-04   2.376196E-05
   564   0.000000E+00   1.516815E-03   3.452366E-04
   565   0.000000E+00  -8.989714E-05   3.292312E-05
   566   0.000000E+00   1.288049E-04   2.041193E-05
   567   0.000000E+00   2.996268E-04   6.110786E-05
   568   0.000000E+00   8.033277E-05   2.060922E-05
   569   0.000000E+00  -1.777904E-05   2.815692E-05
   570   0.000000E+00  -5.470062E-05   3.147130E-05
   571   0.000000E+00   3.705528E-04   6.085316E-05
   572   0.000000E+00   2.968136E-04   1.118133E-04
   573   0.000000E+00   6.185100E-05   2.366837E-05
   574   0.000000E+00   7.482474E-05   1.953068E-05
   575   0.000000E+00   1.085391E-05   2.779137E-05
   576   0.000000E+00   4.691653E-04   9.873027E-05
   577   0.000000E+00   9.979150E-05   3.718324E-05
   578   0.000000E+00   1.316986E-04   7.636247E-05
   579   0.000000E+00   5.091345E-04   1.113851E-04
   580   0.000000E+00  -2.245175E-03   1.625447E-04
   581   0.000000E+00   4.546734E-04   6.834563E-04
   582   0.000000E+00   5.181080E-05   1.925692E-05
   583   0.000000E+00  -2.036652E-04   1.158571E-04
   584   0.000000E+00   5.823678E-05   3.991710E-05
   585   0.000000E+00  -3.691307E-04   7.434996E-05
   586   0.000000E+00  -1.687699E-04   3.911121E-05
   587   0.000000E+00   4.061403E-05   5.388827E-05
   588   0.000000E+00  -2.802660E-04   1.845522E-04
   589   0.000000E+00  -4.319791E-04   1.112597E-04
   590   0.000000E+00   6.467065E-03   8.013370E-04
   591   0.000000E+00   1.622189E-02   6.984900E-04
   592   0.000000E+00   2.383914E-05   3.666105E-05
   593   0.000000E+00   4.059621E-05   2.240563E-05
   594   0.000000E+00   6.460681E-05   4.817192E-05
   595   0.000000E+00   8.330689E-05   3.031923E-05
   596   0.000000E+00  -3.622117E-04   5.235641E-05
   597   0.000000E+00   2.227548E-05   3.690730E-05
   598   0.000000E+00  -1.798560E-04   1.846210E-04
   599   0.000000E+00  -5.709926E-06   2.179130E-05
   600   0.000000E+00  -6.017198E-04   9.428622E-05
   601   0.000000E+00  -2.490903E-04   4.057387E-05
   602   0.000000E+00  -6.758388E-04   7.263877E-05
   603   0.000000E+00  -2.118508E-05   3.233695E-05
   604   0.000000E+00  -3.739078E-04   6.085316E-05
   605   0.000000E+00   5.516341E-05   3.886744E-05
   606   0.000000E+00  -1.844569E-04   3.792972E-05
   607   0.000000E+00  -6.345143E-05   3.065130E-05
   608   0.000000E+00  -5.302158E-06   1.055374E-04
   609   0.000000E+00  -1.845561E-04   6.793450E-05
   610   0.000000E+00  -1.167297E-05   2.506130E-05
   611   0.000000E+00  -1.738749E-05   2.240563E-05
   612   0.000000E+00   4.056470E-05   3.147130E-05
   613   0.000000E+00  -1.137807E-04   3.784845E-05
   614   0.000000E+00  -4.113198E-05   5.626829E-05
   615   0.000000E+00  -1.413267E-04   5.365125E-05
   616   0.000000E+00  -2.297630E-05   3.100760E-05
   617   0.000000E+00  -1.723926E-03   6.214445E-04
   618   0.000000E+00  -1.578506E-04   7.379859E-05
   619   0.000000E+00  -3.044438E-05   2.779137E-05
   620   0.000000E+00  -3.253072E-06   3.134071E-05
   621   0.000000E+00  -5.501766E-05   6.665645E-05
   622   0.000000E+00  -7.594700E-06   3.974242E-05
   623   0.000000E+00  -8.630482E-06   2.815692E-05
   624   0.000000E+00   5.890146E-05   3.335440E-05
   625   0.000000E+00  -1.529740E-04   6.736173E-05
   626   0.000000E+00   8.466006E-05   3.504132E-05
   627   0.000000E+00   7.163716E-06   2.657622E-05
   628   0.000000E+00  -1.363456E-04   2.873763E-05
   629   0.000000E+00   7.131946E-04   2.415488E-04
   630   0.000000E+00   4.917058E-05   4.024154E-05
   631   0.000000E+00  -1.183046E-04   7.362440E-05
   632   0.000000E+00  -9.469855E-05   2.060922E-05
   633   0.000000E+00  -3.705710E-04   2.758659E-04
   634   0.000000E+00   5.499601E-05   3.847177E-05
   635   0.000000E+00  -1.710335E-04   4.285841E-05
   636   0.000000E+00  -4.124481E-05   4.331878E-05
   637   0.000000E+00  -3.026626E-04   3.060131E-05
   638   0.000000E+00   3.959073E-06   3.011639E-05
   639   0.000000E+00  -1.536298E-04   2.414284E-05
   640   0.000000E+00  -1.347910E-05   2.575829E-05
   641   0.000000E+00  -1.191893E-04   2.041193E-05
   642   0.000000E+00  -5.479298E-04   1.317718E-04
   643   0.000000E+00  -8.445612E-05   1.116361E-04
   644   0.000000E+00  -2.355787E-04   4.467353E-05
   645   0.000000E+00  -4.573292E-04   7.097436E-05
   646   0.000000E+00  -9.177683E-05   1.717571E-04
   647   0.000000E+00  -1.077021E-04   2.646036E-05
   648   0.000000E+00  -2.531565E-03   6.347788E-04
   649   0.000000E+00  -1.480451E-04   2.410946E-05
   650   0.000000E+00  -9.190552E-05   4.117016E-05
   651   0.000000E+00  -4.411807E-04   6.411905E-05
   652   0.000000E+00  -3.502449E-04   7.552702E-05
   653   0.000000E+00  -1.340458E-04   5.065160E-05
   654   0.000000E+00  -4.541407E-04   7.019159E-05
   655   0.000000E+00  -1.091404E-03   2.141020E-04
   656   0.000000E+00  -4.871625E-04   1.031970E-04
   657   0.000000E+00  -8.835873E-03   8.124586E-04
   658   0.000000E+00  -7.090143E-05   2.755854E-05
   659   0.000000E+00  -3.339178E-04   1.293177E-04
   660   0.000000E+00  -8.731060E-05   7.103876E-05
   661   0.000000E+00  -1.804538E-04   2.108601E-04
   662   0.000000E+00  -1.049096E-02   6.538745E-04
   663   0.000000E+00  -1.953670E-04   3.143698E-04
   664   0.000000E+00  -9.339322E-03   6.913460E-04
   665   0.000000E+00   6.223989E-03   1.143279E-03
   666   0.000000E+00  -6.703906E-04   8.502500E-05
   667   0.000000E+00   8.621636E-05   5.345402E-05
   668   0.000000E+00   2.798520E-04   7.063079E-05
   669   0.000000E+00  -7.186659E-05   3.726087E-05
   670   0.000000E+00  -8.159419E-04   5.548086E-05
   671   0.000000E+00  -1.979670E-06   3.610002E-05
   672   0.000000E+00   1.910965E-05   5.109268E-05
   673   0.000000E+00  -2.781910E-04   3.979963E-05
   674   0.000000E+00   2.461365E-05   4.782883E-05
   675   0.000000E+00  -2.017927E-04   5.004599E-05
   676   0.000000E+00  -7.909752E-05   3.485687E-05
   677   0.000000E+00  -2.242235E-03   8.669034E-05
   678   0.000000E+00  -4.256626E-04   5.286713E-05
   679   0.000000E+00  -1.895011E-03   8.780515E-05
   680   0.000000E+00  -2.963994E-03   9.603366E-05
   681   0.000000E+00  -2.911211E-04   5.963232E-05
   682   0.000000E+00   6.183610E-04   1.995973E-04
   683   0.000000E+00  -6.235100E-05   3.154722E-05
   684   0.000000E+00  -2.212975E-04   4.713132E-05
   685   0.000000E+00  -3.615983E-04   7.136238E-05
   686   0.000000E+00  -3.935864E-04   4.633345E-05
   687   0.000000E+00  -2.057879E-03   8.080342E-05
   688   0.000000E+00  -1.089017E-04   3.800434E-05
   689   0.000000E+00   6.577158E-04   4.553733E-04
   690   0.000000E+00   9.574575E-04   3.342714E-04
   691   0.000000E+00   8.100821E-04   5.170341E-04
   692   0.000000E+00   1.086346E-04   8.861092E-05
   693   0.000000E+00  -5.422529E-05   2.645064E-05
   694   0.000000E+00  -7.500613E-05   2.832537E-05
   695   0.000000E+00   1.996202E-04   1.000823E-04
   696   0.000000E+00  -6.241423E-05   3.068300E-05
   697   0.000000E+00   1.384104E-03   3.578252E-04
   698   0.000000E+00   7.621743E-04   1.539400E-04
   699   0.000000E+00   5.312263E-06   6.082881E-05
   700   0.000000E+00   1.586661E-03   3.399691E-04
   701   0.000000E+00  -8.020110E-05   2.538879E-05
   702   0.000000E+00   4.061281E-03   7.181558E-04
   703   0.000000E+00   4.304605E-04   1.031984E-04
   704   0.000000E+00  -1.818373E-04   4.486014E-05
   705   0.000000E+00   4.016613E-03   9.890900E-04
   706   0.000000E+00   2.599440E-03   4.048614E-04
   707   0.000000E+00   7.762318E-04   1.716064E-04
   708   0.000000E+00   6.914146E-03   8.651080E-04
   709   0.000000E+00   2.673270E-04   8.641357E-05
   710   0.000000E+00  -1.191729E-04   2.172030E-05
   711   0.000000E+00  -1.857580E-04   2.603586E-05
   712   0.000000E+00   8.638191E-05   7.987421E-05
   713   0.000000E+00   7.461920E-05   5.287223E-05
   714   0.000000E+00  -2.031838E-04   1.745297E-05
   715   0.000000E+00  -1.932338E-04   2.384431E-05
   716   0.000000E+00   8.499203E-04   3.729572E-04
   717   0.000000E+00  -3.652268E-04   3.140260E-05
   718   0.000000E+00  -9.425815E-05   2.273269E-05
   719   0.000000E+00   2.017268E-04   5.746233E-05
   720   0.000000E+00  -1.391911E-04   2.372358E-05
   721   0.000000E+00  -6.601622E-05   3.016024E-05
   722   0.000000E+00  -4.527521E-04   3.139118E-05
   723   0.000000E+00  -1.118188E-03   5.136381E-05
   724   0.000000E+00   4.314457E-04   1.259637E-04
   725   0.000000E+00  -4.720197E-05   2.901345E-05
   726   0.000000E+00  -1.810892E-04   2.153188E-05
   727   0.000000E+00  -3.580297E-05   2.747425E-05
   728   0.000000E+00  -2.899938E-03   9.698348E-05
   729   0.000000E+00  -3.204152E-04   3.958268E-05
   730   0.000000E+00  -6.358748E-05   7.385422E-05
   731   0.000000E+00  -3.139670E-03   1.024805E-04
   732   0.000000E+00  -6.205593E-03   1.654751E-04
   733   0.000000E+00  -2.125817E-04   5.877665E-04
   734   0.000000E+00  -1.334227E-04   2.359301E-05
   735   0.000000E+00  -7.147382E-05   1.328803E-04
   736   0.000000E+00  -1.182704E-04   3.977570E-05
   737   0.000000E+00  -1.312204E-03   7.343206E-05
   738   0.000000E+00  -2.498756E-04   4.408569E-05
   739   0.000000E+00  -4.093542E-04   4.633345E-05
   740   0.000000E+00   8.686059E-04   2.016173E-04
   741   0.000000E+00  -2.930882E-03   9.603366E-05
   742   0.000000E+00   6.675578E-03   1.073694E-03
   743   0.000000E+00   8.876417E-04   1.042696E-03
   744   0.000000E+00  -9.463852E-05   3.997074E-05
   745   0.000000E+00  -2.218969E-05   2.547163E-05
   746   0.000000E+00  -7.084155E-05   5.670562E-05
   747   0.000000E+00  -8.377947E-05   3.014662E-05
   748   0.000000E+00  -1.125878E-03   4.845909E-05
   749   0.000000E+00  -1.376841E-04   3.622306E-05
   750   0.000000E+00   8.335107E-04   2.223257E-04
   751   0.000000E+00  -5.286055E-05   2.507152E-05
   752   0.000000E+00  -1.967850E-03   9.310043E-05
   753   0.000000E+00  -3.584941E-04   4.310329E-05
   754   0.000000E+00  -1.844160E-03   8.780515E-05
   755   0.000000E+00  -6.058651E-05   3.154722E-05
   756   0.000000E+00  -1.143035E-03   5.136381E-05
   757   0.000000E+00  -7.048908E-05   4.158928E-05
   758   0.000000E+00  -2.872987E-04   3.979963E-05
   759   0.000000E+00  -1.152471E-04   3.079421E-05
   760   0.000000E+00  -9.298171E-05   9.785477E-05
   761   0.000000E+00  -1.073114E-03   6.676575E-05
   762   0.000000E+00  -1.143154E-04   2.670224E-05
   763   0.000000E+00  -2.375001E-05   2.547163E-05
   764   0.000000E+00  -4.509606E-04   3.139118E-05
   765   0.000000E+00  -5.308627E-05   3.726087E-05
   766   0.000000E+00  -5.931181E-05   5.581810E-05
   767   0.000000E+00  -6.520555E-05   5.138683E-05
   768   0.000000E+00  -1.279360E-04   3.623462E-05
   769   0.000000E+00   6.138636E-04   6.309801E-04
   770   0.000000E+00  -2.520608E-04   7.363586E-05
   771   0.000000E+00  -5.508380E-05   2.747425E-05
   772   0.000000E+00  -1.222311E-04   3.279285E-05
   773   0.000000E+00   9.487101E-05   7.198962E-05
   774   0.000000E+00  -4.762592E-05   4.167816E-05
   775   0.000000E+00  -5.725820E-05   3.016024E-05
   776   0.000000E+00   6.172248E-05   3.587868E-05
   777   0.000000E+00  -3.130207E-05   6.433065E-05
   778   0.000000E+00   1.329386E-05   3.891477E-05
   779   0.000000E+00  -1.618182E-06   3.053185E-05
   780   0.000000E+00  -2.667065E-04   3.279801E-05
   781   0.000000E+00   8.658634E-04   2.583525E-04
   782   0.000000E+00   1.249569E-04   3.999934E-05
   783   0.000000E+00  -2.343400E-05   7.473856E-05
   784   0.000000E+00  -1.508879E-04   2.372358E-05
   785   0.000000E+00   1.376686E-03   2.849040E-04
   786   0.000000E+00   3.935884E-06   3.583350E-05
   787   0.000000E+00  -1.196937E-04   5.229974E-05
   788   0.000000E+00  -7.886035E-05   4.530177E-05
   789   0.000000E+00  -3.688368E-04   2.922159E-05
   790   0.000000E+00  -6.998124E-05   3.068300E-05
   791   0.000000E+00  -1.704047E-04   2.603586E-05
   792   0.000000E+00   1.535261E-05   2.830580E-05
   793   0.000000E+00  -9.643847E-05   2.273269E-05
   794   0.000000E+00   5.676483E-04   1.513282E-04
   795   0.000000E+00   2.978763E-04   1.230757E-04
   796   0.000000E+00  -1.842171E-04   4.486014E-05
   797   0.000000E+00   2.538901E-05   7.670949E-05
   798   0.000000E+00   9.695232E-04   1.910509E-04
   799   0.000000E+00  -5.570170E-05   2.645064E-05
   800   0.000000E+00   1.144950E-03   5.318033E-04
   801   0.000000E+00  -1.273830E-04   2.172030E-05
   802   0.000000E+00  -9.939623E-05   4.094920E-05
   803   0.000000E+00   2.930878E-05   7.061205E-05
   804   0.000000E+00   3.324573E-04   7.469525E-05
   805   0.000000E+00   2.352757E-05   4.777532E-05
   806   0.000000E+00   4.965724E-05   7.891373E-05
   807   0.000000E+00   9.032476E-04   2.245348E-04
   808   0.000000E+00   4.134949E-04   1.128870E-04
   809   0.000000E+00   4.896763E-03   8.263193E-04
   810   0.000000E+00   5.480561E-05   2.932472E-05
   811   0.000000E+00   5.912672E-04   1.452169E-04
   812   0.000000E+00   2.731955E-04   8.161353E-05
   813   0.000000E+00   9.847722E-04   2.181146E-04
   814   0.000000E+00   7.511367E-03   7.805474E-04
   815   0.000000E+00   1.889493E-03   3.362209E-04
   816   0.000000E+00   3.439623E-03   7.246632E-04
   817   0.000000E+00   8.997895E-03   1.567776E-03
   818   8.614137E-04   3.684340E-04   3.356157E-03
   819   5.735512E-04   7.823939E-04   1.710391E-03
   820   5.120814E-04   6.189867E-04   1.562812E-03
   821   3.019566E-04   1.207081E-04   1.091409E-03
   822   3.842681E-04   1.807593E-05   1.921340E-03
   823   1.977128E-04   3.895072E-04   5.533008E-04
   824   3.152747E-04   3.098169E-04   1.112734E-03
   825   2.363700E-04  -3.888644E-05   1.114953E-03
   826   2.593843E-04   4.609455E-04   7.554883E-04
   827   2.493639E-04   1.285432E-04   1.068702E-03
   828   1.666844E-04   2.745112E-04   4.129259E-04
   829   4.753119E-04  -2.796874E-04   3.906674E-03
   830   2.650187E-04  -4.980406E-05   1.526019E-03
   831   5.130635E-04  -1.477424E-04   3.193341E-03
   832   2.930122E-04  -1.869954E-04   3.855424E-03
   833   1.426340E-04   9.882303E-05   7.909465E-04
   834   8.353032E-04   6.454559E-04   2.962068E-03
   835   4.238366E-05   1.729382E-05   4.606920E-04
   836  -2.425530E-05   2.888781E-05   1.233320E-03
   837   9.420808E-05   9.852419E-05   1.228801E-03
   838  -1.671696E-05   6.940936E-05   1.166299E-03
   839  -1.064453E-04   2.229171E-04   3.070538E-03
   840  -2.094854E-07  -9.038970E-06   6.284562E-04
   841   4.064405E-04   3.373586E-04   2.150479E-03
   842   1.473890E-06   3.103766E-04   2.210834E-03
   843   1.265255E-03   8.284658E-04   3.108734E-03
   844   4.178476E-04   2.845858E-04   9.996354E-04
   845   1.617865E-04   2.863757E-04   3.783004E-04
   846   1.869210E-04   3.996257E-04   4.700445E-04
   847   5.556226E-04   2.463944E-04   1.043096E-03
   848   2.193485E-04   4.547032E-04   5.782475E-04
   849   1.908569E-03   1.523005E-03   3.103364E-03
   850   1.128001E-03   4.693807E-04   1.944830E-03
   851   4.406825E-04   4.386498E-04   9.880773E-04
   852   2.693891E-03   9.680120E-04   3.788876E-03
   853   1.674476E-04   3.350266E-04   3.977377E-04
   854   2.955543E-03   7.750714E-04   3.921552E-03
   855   8.136742E-04   2.700566E-04   1.562754E-03
   856   3.625008E-04   6.047816E-04   8.176711E-04
   857   3.516538E-03   4.149429E-03   3.820939E-03
   858   2.312104E-03   6.043945E-04   2.997542E-03
   859   1.126909E-03   7.264427E-04   1.927438E-03
   860   3.779155E-03   2.660311E-03   4.051989E-03
   861   4.782190E-04   1.722293E-04   9.040057E-04
   862   1.616249E-04   2.155232E-04   3.770410E-04
   863   2.101658E-04   3.142702E-04   4.952847E-04
   864   4.579599E-04   2.205599E-04   1.001370E-03
   865   4.612680E-04   7.191127E-04   1.423667E-03
   866   1.523783E-04   1.575571E-04   3.707500E-04
   867   1.948655E-04   2.560836E-04   5.083449E-04
   868   1.312327E-03   8.474079E-04   2.617673E-03
   869   2.787988E-04   2.479085E-04   1.155244E-03
   870   1.276546E-04   1.519500E-04   3.443918E-04
   871   3.302731E-04   1.970627E-04   7.758961E-04
   872   1.629554E-04   1.809510E-04   4.816414E-04
   873   2.041662E-04   1.918518E-04   7.231388E-04
   874   2.156270E-04   7.529138E-05   1.186938E-03
   875   3.527731E-04  -1.318872E-04   2.200248E-03
   876   5.337397E-04   3.690305E-04   1.622309E-03
   877   9.282673E-05   1.211816E-04   3.026959E-04
   878   1.158970E-04   8.914031E-05   4.209334E-04
   879   1.436282E-04   7.186835E-05   6.262859E-04
   880   2.998886E-04  -2.413963E-04   3.877870E-03
   881   1.637244E-04  -5.280043E-05   1.008569E-03
   882   2.116671E-04   2.082146E-04   9.724370E-04
   883   2.207120E-04  -3.235636E-04   4.868647E-03
   884  -8.043790E-04   7.602846E-04   8.743249E-03
   885   9.966457E-04   5.723072E-04   3.862968E-03
   886   8.850477E-05   2.141881E-05   4.935210E-04
   887  -1.471765E-04   2.512671E-05   1.824502E-03
   888   6.876570E-05  -4.636670E-05   7.420759E-04
   889  -3.321236E-04   2.449312E-04   2.806678E-03
   890  -1.836921E-04   5.608438E-05   1.235597E-03
   891   1.671696E-05  -6.268565E-05   1.166299E-03
   892   2.614998E-04  -3.365034E-05   1.627592E-03
   893  -2.930122E-04   1.698453E-04   3.855424E-03
   894   2.907819E-03   4.855207E-03   4.016324E-03
   895   2.741568E-03   1.299063E-03   2.741568E-03
   896   5.470738E-05   5.504637E-05   4.400057E-04
   897   3.776962E-05   1.944491E-05   3.690843E-04
   898   4.546186E-05   4.556594E-05   6.494551E-04
   899   4.066256E-05  -1.316022E-05   5.147159E-04
   900  -1.939310E-04   1.172582E-04   1.763009E-03
   901  -2.083952E-05  -1.117987E-05   7.186043E-04
   902   9.931902E-05  -1.446831E-04   1.425632E-03
   903  -9.730228E-06  -1.027687E-05   3.559840E-04
   904  -7.086659E-04   1.239017E-04   4.065005E-03
   905  -1.678408E-04   8.224804E-05   9.554504E-04
   906  -5.130635E-04   1.635758E-04   3.193341E-03
   907  -4.238366E-05  -1.151324E-05   4.606920E-04
   908  -3.527731E-04   1.444167E-04   2.200248E-03
   909   3.500810E-06  -2.821195E-05   4.566274E-04
   910  -2.363700E-04   4.510962E-05   1.114953E-03
   911  -9.775745E-05  -1.482487E-05   5.705688E-04
   912  -1.735053E-05  -2.218627E-05   9.131856E-04
   913  -7.208630E-04  -3.130387E-04   3.116122E-03
   914  -3.517735E-05  -3.633420E-05   3.103884E-04
   915  -3.776962E-05  -3.016099E-05   3.690843E-04
   916  -2.156270E-04  -6.546359E-05   1.186938E-03
   917  -3.019566E-04  -1.350577E-04   1.091409E-03
   918  -3.430974E-04  -1.971397E-04   1.322998E-03
   919  -4.167233E-04  -2.745724E-04   1.395279E-03
   920  -6.638119E-05  -4.966147E-05   3.694686E-04
   921  -3.173288E-04  -4.804450E-04   2.956479E-03
   922  -1.420582E-04  -1.104568E-04   8.307497E-04
   923  -1.436282E-04  -6.433671E-05   6.262859E-04
   924  -9.456918E-05  -8.446201E-05   4.172170E-04
   925  -5.940978E-04  -7.190559E-04   1.676664E-03
   926  -6.974222E-05  -9.393163E-05   4.798776E-04
   927  -2.041662E-04  -1.792493E-04   7.231388E-04
   928  -3.092542E-04  -3.557651E-04   9.664194E-04
   929  -1.956773E-04  -1.834193E-04   7.965155E-04
   930  -2.228164E-04  -3.249188E-04   7.418970E-04
   931  -1.251599E-04  -1.571392E-04   4.412219E-04
   932  -2.071992E-04  -1.918607E-04   7.236293E-04
   933  -1.482069E-04   1.684941E-04   1.457773E-03
   934  -2.020586E-04  -3.167289E-04   6.301204E-04
   935  -2.223071E-04  -2.730851E-04   8.054605E-04
   936  -1.629554E-04  -1.837889E-04   4.816414E-04
   937  -5.715403E-04  -4.948219E-04   2.411563E-03
   938  -2.418009E-04  -4.301912E-04   6.817695E-04
   939  -3.274497E-04  -5.268096E-04   8.505187E-04
   940  -3.892124E-04  -8.057806E-04   1.023345E-03
   941  -3.487076E-04  -4.175141E-04   8.790949E-04
   942  -2.193485E-04  -4.574088E-04   5.782475E-04
   943  -2.101658E-04  -3.197166E-04   4.952847E-04
   944  -1.069189E-04  -1.989616E-04   3.178956E-04
   945  -1.276546E-04  -1.675023E-04   3.443918E-04
   946  -5.788765E-04  -2.876775E-04   1.455683E-03
   947  -2.594075E-04  -1.038128E-04   1.103862E-03
   948  -3.625008E-04  -5.830083E-04   8.176711E-04
   949  -3.884689E-04  -3.417694E-04   8.690579E-04
   950  -7.374836E-04  -7.023983E-04   1.831499E-03
   951  -1.617865E-04  -2.622343E-04   3.783004E-04
   952  -1.502351E-03  -1.161051E-03   3.386216E-03
   953  -1.616249E-04  -2.146226E-04   3.770410E-04
   954  -3.133507E-04  -5.089950E-04   7.372957E-04
   955  -3.697839E-04  -2.627619E-04   9.629789E-04
   956  -4.346921E-04  -1.747786E-04   9.429331E-04
   957  -2.931307E-04  -2.659711E-04   6.485193E-04
   958  -4.147382E-04  -1.639779E-04   8.452545E-04
   959  -1.345678E-03  -8.975718E-04   2.214500E-03
   960  -7.275396E-04  -3.334319E-04   1.275639E-03
   961  -2.727041E-03  -1.181097E-03   4.096707E-03
   962  -1.428465E-04  -4.996446E-05   2.913253E-04
   963  -9.439981E-04  -5.698504E-04   1.719487E-03
   964  -4.126256E-04  -1.027046E-04   7.594335E-04
   965  -1.460938E-03  -6.621048E-04   2.272066E-03
   966  -4.797439E-03  -3.328924E-03   5.591420E-03
   967  -2.848325E-03  -9.639985E-04   4.080695E-03
   968  -3.352111E-03  -5.065684E-04   5.112523E-03
   969  -8.142583E-03  -7.377888E-03   8.511411E-03
   970   0.000000E+00  -3.703801E-04   3.356157E-03
   971   0.000000E+00  -1.632816E-04   1.710391E-03
   972   0.000000E+00  -6.299650E-05   1.562812E-03
   973   0.000000E+00  -1.067705E-04   1.091409E-03
   974   0.000000E+00  -4.614281E-05   1.921340E-03
   975   0.000000E+00   6.707705E-05   5.533008E-04
   976   0.000000E+00   7.599573E-06   1.112734E-03
   977   0.000000E+00  -7.819568E-06   1.114953E-03
   978   0.000000E+00   1.291113E-04   7.554883E-04
   979   0.000000E+00   2.975690E-05   1.068702E-03
   980   0.000000E+00   1.393365E-04   4.129259E-04
   981   0.000000E+00   5.350805E-04   3.906674E-03
   982   0.000000E+00   7.017153E-05   1.526019E-03
   983   0.000000E+00   1.035963E-04   3.193341E-03
   984   0.000000E+00   5.753939E-04   3.855424E-03
   985   0.000000E+00   1.103587E-04   7.909465E-04
   986   0.000000E+00  -1.125289E-05   2.962068E-03
   987   0.000000E+00   4.526281E-06   4.606920E-04
   988   0.000000E+00   2.000890E-05   1.233320E-03
   989   0.000000E+00   1.180096E-04   1.228801E-03
   990   0.000000E+00   1.377224E-04   1.166299E-03
   991   0.000000E+00   4.365413E-04   3.070538E-03
   992   0.000000E+00   2.500027E-06   6.284562E-04
   993   0.000000E+00   5.246637E-05   2.150479E-03
   994   0.000000E+00  -2.202994E-04   2.210834E-03
   995   0.000000E+00   4.681093E-04   3.108734E-03
   996   0.000000E+00   1.766020E-04   9.996354E-04
   997   0.000000E+00   1.827504E-04   3.783004E-04
   998   0.000000E+00   1.471424E-04   4.700445E-04
   999   0.000000E+00   2.718473E-04   1.043096E-03
  1000   0.000000E+00   8.486929E-05   5.782475E-04
  1001   0.000000E+00   9.685396E-04   3.103364E-03
  1002   0.000000E+00   2.031344E-04   1.944830E-03
  1003   0.000000E+00   3.721234E-04   9.880773E-04
  1004   0.000000E+00   6.001912E-04   3.788876E-03
  1005   0.000000E+00   1.883901E-04   3.977377E-04
  1006   0.000000E+00   1.547351E-03   3.921552E-03
  1007   0.000000E+00   2.732743E-04   1.562754E-03
  1008   0.000000E+00   4.112717E-04   8.176711E-04
  1009   0.000000E+00   4.242623E-03   3.820939E-03
  1010   0.000000E+00   9.479656E-04   2.997542E-03
  1011   0.000000E+00   3.867296E-04   1.927438E-03
  1012   0.000000E+00   1.032621E-03   4.051989E-03
  1013   0.000000E+00   8.021573E-05   9.040057E-04
  1014   0.000000E+00   1.725610E-04   3.770410E-04
  1015   0.000000E+00   1.707528E-04   4.952847E-04
  1016   0.000000E+00   1.921301E-04   1.001370E-03
  1017   0.000000E+00  -6.399399E-05   1.423667E-03
  1018   0.000000E+00   1.415759E-04   3.707500E-04
  1019   0.000000E+00   9.347366E-05   5.083449E-04
  1020   0.000000E+00   9.662460E-04   2.617673E-03
  1021   0.000000E+00  -1.187707E-04   1.155244E-03
  1022   0.000000E+00   7.951816E-05   3.443918E-04
  1023   0.000000E+00   3.559270E-05   7.758961E-04
  1024   0.000000E+00   5.123012E-05   4.816414E-04
  1025   0.000000E+00  -5.479091E-05   7.231388E-04
  1026   0.000000E+00  -7.567024E-05   1.186938E-03
  1027   0.000000E+00   3.907239E-05   2.200248E-03
  1028   0.000000E+00  -3.941551E-05   1.622309E-03
  1029   0.000000E+00   4.005870E-05   3.026959E-04
  1030   0.000000E+00   3.664085E-05   4.209334E-04
  1031   0.000000E+00  -4.264396E-05   6.262859E-04
  1032   0.000000E+00   4.972923E-04   3.877870E-03
  1033   0.000000E+00   2.031412E-06   1.008569E-03
  1034   0.000000E+00   8.460711E-05   9.724370E-04
  1035   0.000000E+00   6.966124E-04   4.868647E-03
  1036   0.000000E+00   9.114502E-04   8.743249E-03
  1037   0.000000E+00   1.596412E-04   3.862968E-03
  1038   0.000000E+00   4.208404E-06   4.935210E-04
  1039   0.000000E+00   2.306217E-04   1.824502E-03
  1040   0.000000E+00   1.628495E-05   7.420759E-04
  1041   0.000000E+00   2.004267E-04   2.806678E-03
  1042   0.000000E+00   2.202290E-05   1.235597E-03
  1043   0.000000E+00   1.399219E-04   1.166299E-03
  1044   0.000000E+00  -8.905604E-05   1.627592E-03
  1045   0.000000E+00   5.704676E-04   3.855424E-03
  1046   0.000000E+00   3.558846E-03   4.016324E-03
  1047   0.000000E+00   1.321986E-03   2.741568E-03
  1048   0.000000E+00   4.996740E-05   4.400057E-04
  1049   0.000000E+00   8.022884E-07   3.690843E-04
  1050   0.000000E+00   5.951375E-05   6.494551E-04
  1051   0.000000E+00  -3.008272E-06   5.147159E-04
  1052   0.000000E+00   3.466404E-04   1.763009E-03
  1053   0.000000E+00   2.861811E-05   7.186043E-04
  1054   0.000000E+00   3.349923E-05   1.425632E-03
  1055   0.000000E+00  -1.418746E-05   3.559840E-04
  1056   0.000000E+00   1.099804E-04   4.065005E-03
  1057   0.000000E+00   8.963610E-05   9.554504E-04
  1058   0.000000E+00   8.430283E-05   3.193341E-03
  1059   0.000000E+00   4.019928E-06   4.606920E-04
  1060   0.000000E+00   5.368310E-05   2.200248E-03
  1061   0.000000E+00   1.362555E-05   4.566274E-04
  1062   0.000000E+00   6.582200E-07   1.114953E-03
  1063   0.000000E+00   6.365237E-06   5.705688E-04
  1064   0.000000E+00   1.115574E-04   9.131856E-04
  1065   0.000000E+00  -2.727157E-04   3.116122E-03
  1066   0.000000E+00   2.203758E-05   3.103884E-04
  1067   0.000000E+00   3.642484E-06   3.690843E-04
  1068   0.000000E+00  -5.869870E-05   1.186938E-03
  1069   0.000000E+00  -9.254397E-05   1.091409E-03
  1070   0.000000E+00  -4.796716E-05   1.322998E-03
  1071   0.000000E+00  -1.659500E-04   1.395279E-03
  1072   0.000000E+00   3.391654E-05   3.694686E-04
  1073   0.000000E+00   2.929242E-05   2.956479E-03
  1074   0.000000E+00   1.115050E-04   8.307497E-04
  1075   0.000000E+00  -3.613782E-05   6.262859E-04
  1076   0.000000E+00   3.432520E-05   4.172170E-04
  1077   0.000000E+00  -8.260846E-05   1.676664E-03
  1078   0.000000E+00   2.555189E-05   4.798776E-04
  1079   0.000000E+00  -5.970313E-05   7.231388E-04
  1080   0.000000E+00  -1.097270E-04   9.664194E-04
  1081   0.000000E+00   5.892993E-05   7.965155E-04
  1082   0.000000E+00  -5.185582E-05   7.418970E-04
  1083   0.000000E+00   2.382652E-05   4.412219E-04
  1084   0.000000E+00   8.373624E-05   7.236293E-04
  1085   0.000000E+00  -1.219643E-04   1.457773E-03
  1086   0.000000E+00   1.087128E-05   6.301204E-04
  1087   0.000000E+00   7.631140E-05   8.054605E-04
  1088   0.000000E+00   4.968153E-05   4.816414E-04
  1089   0.000000E+00  -2.131356E-04   2.411563E-03
  1090   0.000000E+00   3.837796E-05   6.817695E-04
  1091   0.000000E+00   2.193917E-04   8.505187E-04
  1092   0.000000E+00   2.203370E-04   1.023345E-03
  1093   0.000000E+00   2.341058E-04   8.790949E-04
  1094   0.000000E+00   9.179859E-05   5.782475E-04
  1095   0.000000E+00   1.582723E-04   4.952847E-04
  1096   0.000000E+00   5.735796E-05   3.178956E-04
  1097   0.000000E+00   9.053251E-05   3.443918E-04
  1098   0.000000E+00  -1.397528E-05   1.455683E-03
  1099   0.000000E+00  -2.001218E-05   1.103862E-03
  1100   0.000000E+00   4.034125E-04   8.176711E-04
  1101   0.000000E+00   2.940514E-04   8.690579E-04
  1102   0.000000E+00   6.768059E-05   1.831499E-03
  1103   0.000000E+00   1.832392E-04   3.783004E-04
  1104   0.000000E+00   6.382907E-04   3.386216E-03
  1105   0.000000E+00   1.761958E-04   3.770410E-04
  1106   0.000000E+00   3.070645E-04   7.372957E-04
  1107   0.000000E+00   1.435973E-04   9.629789E-04
  1108   0.000000E+00  -2.994602E-05   9.429331E-04
  1109   0.000000E+00   2.437021E-04   6.485193E-04
  1110   0.000000E+00   2.214386E-04   8.452545E-04
  1111   0.000000E+00   3.518104E-04   2.214500E-03
  1112   0.000000E+00   2.674838E-04   1.275639E-03
  1113   0.000000E+00   1.138343E-04   4.096707E-03
  1114   0.000000E+00   6.657421E-05   2.913253E-04
  1115   0.000000E+00   1.710656E-04   1.719487E-03
  1116   0.000000E+00   4.942912E-05   7.594335E-04
  1117   0.000000E+00   1.864322E-04   2.272066E-03
  1118   0.000000E+00   2.601253E-03   5.591420E-03
  1119   0.000000E+00   1.093811E-03   4.080695E-03
  1120   0.000000E+00   1.929646E-03   5.112523E-03
  1121   0.000000E+00   6.101148E-03   8.511411E-03
