 smom1,sph1,sth1,slr1
          16           6           6          10
 phi boundaries
  0.00000E+00  2.61799E-01  5.23599E-01  7.85398E-01  1.04720E+00  1.30900E+00  1.57080E+00
 theta boundaries
  0.00000E+00  2.61799E-01  5.23599E-01  7.85398E-01  1.04720E+00  1.30900E+00  1.57080E+00
 radius boundaries in arcsec
  0.00000E+00  1.19639E+00  1.80726E+00  2.73003E+00  4.12397E+00  6.22963E+00  9.41044E+00  1.42153E+01  2.14736E+01  3.24379E+01  9.80009E+03
                                                                              phi,theta,r,mgemass,fitmass,errmass,x,y,z 
                                           (in arcsec),vx,vy,vz,xv2,vy2,vz2,vxvy,vyvz,vzvx,orbit long, orbit short,boxes
       1       1       1  4.18099E-04  4.53914E-04  4.18099E-06  9.51573E-02  1.24803E-02  5.39267E-01 -1.11396E+00  3.41898E+00 -3.16487E+00  2.70828E+04  1.73407E+04  4.94055E+04  7.63320E+02  4.34293E+02  9.18493E+03  1.07645E-04  0.00000E+00  3.46269E-04
       1       1       2  1.19415E-04  9.71026E-05  1.19415E-06  2.68348E-01  4.15328E-02  1.48182E+00  1.80948E+00  1.14916E+02 -1.84292E+01  2.96751E+04  3.62195E+04  4.74932E+04 -3.94116E+03  1.94633E+03  1.04762E+04  5.54943E-05  0.00000E+00  4.16083E-05
       1       1       3  2.06210E-04  1.38284E-04  2.06210E-06  3.90823E-01  6.58190E-02  2.16388E+00 -6.50832E+00  4.26179E+01 -2.56880E+01  3.60605E+04  2.06227E+04  3.46332E+04  2.63912E+03 -2.68715E+02  8.92422E+03  4.87341E-05  0.00000E+00  8.95502E-05
       1       1       4  2.89887E-04  1.60634E-04  2.89887E-06  5.35098E-01  7.30850E-02  3.58192E+00  3.38282E-02  2.24318E+01  8.37759E+00  2.72748E+04  4.57603E+04  3.04238E+04  1.34326E+03 -1.92798E+03  4.66342E+03  1.24822E-04  0.00000E+00  3.58119E-05
       1       1       5  2.65241E-04  3.31142E-04  2.65241E-06  8.26037E-01  1.11880E-01  5.19806E+00  6.41554E-01  1.66037E+01  6.84071E+00  9.37192E+03  1.97407E+04  2.36204E+04  2.41449E+02 -6.05038E+02  2.87386E+03  2.65419E-04  0.00000E+00  6.57234E-05
       1       1       6  2.13231E-04  2.37837E-04  2.13231E-06  1.13045E+00  1.55917E-01  6.86673E+00 -1.56896E-02  9.31314E+00 -6.05283E+00  4.22079E+03  8.43854E+03  2.03951E+04  1.13879E+02  1.01725E+02  3.47706E+03  1.27223E-04  0.00000E+00  1.10614E-04
       1       1       7  2.17318E-04  2.18568E-04  2.17318E-06  1.98596E+00  2.63763E-01  1.22565E+01  4.59476E+00 -1.35264E+02  2.11985E+01  1.09042E+04  2.90127E+04  2.89542E+04 -9.31048E+01 -5.70563E+02  4.83896E+03  1.42025E-04  0.00000E+00  7.65431E-05
       1       1       8  3.63737E-04  3.93690E-04  3.63737E-06  3.10277E+00  3.99311E-01  1.79303E+01  3.26415E-01 -9.09219E+01  1.27867E+00  4.76261E+03  1.34256E+04  1.78418E+04  1.15823E+02 -8.76185E+01  2.47162E+03  2.52211E-04  0.00000E+00  1.41479E-04
       1       1       9  3.77903E-04  4.57662E-04  3.77903E-06  4.65464E+00  4.44421E-01  2.41856E+01  8.19564E-01 -3.01542E+01  2.92393E+00  1.45904E+03  3.66508E+03  6.07556E+03 -4.24726E+01 -1.35825E+02  1.17839E+03  1.25927E-04  0.00000E+00  3.31736E-04
       1       1      10  1.70469E-04  1.84463E-04  1.70469E-06  1.23477E+01  1.54669E+00  7.02504E+01 -7.35059E-01 -7.45128E+01  9.95100E+00  3.64820E+03  1.47082E+04  1.49077E+04  8.22200E+02 -1.63654E+02  2.79826E+03  7.10233E-05  0.00000E+00  1.13439E-04
       1       2       1  1.26321E-03  1.12936E-03  1.26321E-05  2.28124E-01  2.85057E-02  5.54008E-01 -7.16537E+00  5.40572E+01 -5.93462E-01  2.61002E+04  2.13492E+04  3.88820E+04  3.22192E+01  9.61972E+02  9.41652E+03  0.00000E+00  2.75054E-04  8.54304E-04
       1       2       2  3.64276E-04  2.32912E-04  3.64276E-06  5.51568E-01  7.10085E-02  1.40313E+00  4.21135E+00 -3.39298E+00 -6.40312E+00  3.63385E+04  5.99180E+03  7.49076E+04  1.68009E+03  1.94401E+03  2.99862E+04  0.00000E+00  1.85191E-06  2.31060E-04
       1       2       3  6.26911E-04  5.83469E-04  6.26911E-06  8.02807E-01  1.00199E-01  2.11134E+00  1.69457E+00  2.13446E+00  7.89381E-01  1.88518E+04  2.54123E+03  3.02233E+04  2.09789E+03  1.39095E+03  1.30626E+04  0.00000E+00  0.00000E+00  5.83469E-04
       1       2       4  9.04588E-04  1.61982E-04  9.04588E-06  1.34351E+00  1.76532E-01  3.10173E+00 -1.06393E+01 -3.32206E+01 -2.88647E+01  4.70639E+04  1.40909E+04  9.15717E+04  5.91049E+03  8.02654E+03  4.12132E+04  0.00000E+00  1.26917E-05  1.49290E-04
       1       2       5  8.44125E-04  2.64866E-04  8.44125E-06  2.07930E+00  2.98318E-01  4.78237E+00 -9.44594E-01 -4.43138E+00 -2.21920E+00  1.28909E+04  1.48095E+03  6.93006E+04  1.62627E+03  4.26534E+03  2.67429E+04  0.00000E+00  1.03305E-06  2.63833E-04
       1       2       6  7.14229E-04  5.76288E-04  7.14229E-06  3.04542E+00  4.44541E-01  6.88382E+00  2.13674E+00  3.16861E-01  2.73808E+00  5.25208E+03  4.98403E+02  3.15637E+04  5.79451E+02  1.27206E+03  1.20026E+04  0.00000E+00  0.00000E+00  5.76288E-04
       1       2       7  7.04161E-04  3.19302E-04  7.04161E-06  4.53943E+00  5.06938E-01  1.09765E+01  8.33838E-01 -6.55267E-01 -8.35140E+00  1.05682E+04  1.38040E+03  6.46137E+04  8.18317E+02  2.34342E+03  2.48058E+04  0.00000E+00  1.81878E-06  3.17484E-04
       1       2       8  1.16136E-03  7.31117E-04  1.16136E-05  6.96411E+00  7.57817E-01  1.66877E+01  4.41236E+00  1.69795E+00  8.95660E+00  5.30788E+03  2.28282E+02  3.31081E+04  5.94196E+02  1.42521E+03  1.26800E+04  0.00000E+00  0.00000E+00  7.31117E-04
       1       2       9  1.29011E-03  1.64675E-03  1.29011E-05  9.83040E+00  1.04679E+00  2.35236E+01  6.62194E-01  2.15974E-01  1.87812E+00  1.26484E+03  9.00844E+01  7.41990E+03  1.31189E+02  3.00531E+02  2.84231E+03  0.00000E+00  0.00000E+00  1.64675E-03
       1       2      10  5.87280E-04  4.52528E-04  5.87280E-06  3.06668E+01  3.98974E+00  7.11794E+01 -3.71318E+00 -1.56813E+00 -7.91895E+00  3.92045E+03  9.87950E+01  2.15947E+04  4.68319E+02  1.04671E+03  9.00386E+03  0.00000E+00  0.00000E+00  4.52528E-04
       1       3       1  2.11940E-03  2.13008E-03  2.11940E-05  3.48490E-01  4.54965E-02  4.72756E-01 -1.34728E+01  1.08547E+02  6.44991E-01  2.13654E+04  2.23550E+04  2.48665E+04 -6.31350E+02  1.52931E+02  1.13027E+03  0.00000E+00  1.69025E-03  4.39829E-04
       1       3       2  6.23691E-04  5.44201E-04  6.23691E-06  9.08920E-01  1.12241E-01  1.19464E+00 -1.95430E+01  8.17581E+01 -1.17925E+00  4.07163E+04  1.68571E+04  4.28195E+04  2.69944E+03  2.55006E+03  1.43499E+04  0.00000E+00  3.73993E-04  1.70208E-04
       1       3       3  1.06325E-03  1.11911E-03  1.06325E-05  1.35588E+00  1.82881E-01  1.79950E+00 -1.39625E+00  2.63738E+01 -1.41913E+00  1.89747E+04  3.83839E+03  2.29915E+04  2.05737E+03  1.39561E+03  1.11974E+04  0.00000E+00  7.32438E-04  3.86669E-04
       1       3       4  1.61139E-03  1.06136E-03  1.61139E-05  2.02724E+00  2.68197E-01  2.80112E+00  2.52812E+01 -1.36498E+02  3.29558E+00  3.20883E+04  5.42493E+04  3.13826E+04 -4.70578E+03  1.72105E+03  1.63097E+04  0.00000E+00  7.00262E-04  3.61100E-04
       1       3       5  1.56780E-03  1.44113E-03  1.56780E-05  3.25843E+00  4.40187E-01  4.06846E+00  1.24506E+01 -6.83328E+01  1.75050E+00  2.13688E+04  1.62903E+04  2.24122E+04  3.62917E+02  1.34508E+03  1.15390E+04  0.00000E+00  9.16152E-04  5.24982E-04
       1       3       6  1.46715E-03  1.83802E-03  1.46715E-05  4.13828E+00  5.20679E-01  5.76430E+00  6.02917E+00 -4.30804E+01  4.14155E-01  6.56248E+03  8.75689E+03  1.29346E+04 -4.28588E+02  6.67606E+02  6.80195E+03  0.00000E+00  8.32283E-04  1.00573E-03
       1       3       7  1.41573E-03  1.18356E-03  1.41573E-05  7.26187E+00  9.33650E-01  9.81409E+00  1.99432E+01 -1.52295E+02  1.91331E-01  1.62066E+04  3.42620E+04  2.53293E+04 -2.74203E+03  9.63238E+02  1.04618E+04  0.00000E+00  8.41576E-04  3.41984E-04
       1       3       8  2.16362E-03  2.25527E-03  2.16362E-05  1.09086E+01  1.40192E+00  1.44213E+01  1.24286E+01 -9.46804E+01 -3.01079E+00  1.01001E+04  1.44980E+04  1.59377E+04 -8.61182E+02  8.64134E+02  6.62580E+03  0.00000E+00  1.48530E-03  7.69972E-04
       1       3       9  2.74450E-03  2.86227E-03  2.74450E-05  1.47904E+01  1.88569E+00  1.98985E+01  4.89821E+00 -3.46555E+01 -1.82569E+00  3.85312E+03  4.06748E+03  6.47175E+03 -4.50541E+01  3.50820E+02  3.27719E+03  0.00000E+00  9.71092E-04  1.89118E-03
       1       3      10  1.41407E-03  1.43971E-03  1.41407E-05  4.65097E+01  6.45226E+00  5.97150E+01 -5.39870E-01 -1.76664E+01 -3.64818E+00  1.01965E+04  1.26002E+03  1.65737E+04  1.28316E+03  1.18952E+03  8.71694E+03  0.00000E+00  4.73545E-04  9.66167E-04
       1       4       1  2.94286E-03  3.10667E-03  2.94286E-05  4.94413E-01  6.53364E-02  3.50177E-01  1.29938E+00 -6.49794E+00  2.18144E-01  1.91782E+04  3.74436E+04  1.86479E+04 -2.90619E+03  4.88416E+01  1.82410E+03  0.00000E+00  2.67215E-03  4.34520E-04
       1       4       2  8.92191E-04  9.53566E-04  8.92191E-06  1.22612E+00  1.65313E-01  8.53052E-01  7.00447E+00 -3.96378E+01 -1.72490E+00  3.73794E+04  3.18181E+04  1.81667E+04  1.55016E+03  4.29951E+02  2.36385E+03  0.00000E+00  7.68355E-04  1.85211E-04
       1       4       3  1.49509E-03  1.49075E-03  1.49509E-05  1.76323E+00  2.27438E-01  1.24947E+00 -3.15012E+00 -3.92782E+01  9.56564E-01  1.23911E+04  2.06103E+04  9.35679E+03 -3.99024E+02  4.14872E+02  2.46241E+03  0.00000E+00  1.10805E-03  3.82697E-04
       1       4       4  2.41243E-03  1.66855E-03  2.41243E-05  2.82586E+00  3.70585E-01  2.02190E+00  1.94210E+01 -1.34652E+02  2.72325E-02  2.83834E+04  7.21692E+04  1.57705E+04 -6.91603E+03  8.61420E+02  3.17725E+03  0.00000E+00  1.52647E-03  1.42077E-04
       1       4       5  2.49653E-03  2.76353E-03  2.49653E-05  4.19605E+00  5.53963E-01  3.01728E+00  1.04458E+01 -7.62233E+01  9.19853E-01  2.83181E+04  2.24182E+04  1.58535E+04  1.08511E+03  5.09794E+02  5.02670E+03  0.00000E+00  2.27681E-03  4.86720E-04
       1       4       6  2.66658E-03  3.59481E-03  2.66658E-05  5.96873E+00  7.82437E-01  4.07346E+00  5.85786E+00 -4.13237E+01  2.48548E+00  1.20276E+04  1.09788E+04  6.22139E+03 -2.18619E+02 -1.41879E+02  3.93960E+03  0.00000E+00  2.28328E-03  1.31153E-03
       1       4       7  2.76864E-03  2.20285E-03  2.76864E-05  9.74761E+00  1.29119E+00  6.88620E+00  2.40633E+01 -1.82334E+02  1.80589E+00  2.34068E+04  4.63925E+04  1.82234E+04 -2.98410E+03  6.49430E+02  5.60348E+03  0.00000E+00  1.85605E-03  3.46805E-04
       1       4       8  3.52153E-03  4.04841E-03  3.52153E-05  1.48018E+01  1.96791E+00  1.02923E+01  1.44496E+01 -1.03909E+02 -1.57468E+00  1.75950E+04  1.62429E+04  1.13806E+04  2.73918E+02  6.88611E+02  3.80945E+03  0.00000E+00  3.30096E-03  7.47444E-04
       1       4       9  5.19488E-03  5.96769E-03  5.19488E-05  2.06658E+01  2.53281E+00  1.42551E+01  7.41417E+00 -4.89601E+01 -3.94413E-01  7.52212E+03  5.02872E+03  4.31873E+03  2.77129E+02  2.29213E+02  1.64065E+03  0.00000E+00  4.13515E-03  1.83254E-03
       1       4      10  3.77783E-03  4.21376E-03  3.77783E-05  6.09294E+01  8.02966E+00  4.10061E+01  6.71651E+00 -6.22440E+01  5.12461E+00  1.66928E+04  6.90947E+03  7.66531E+03  1.49038E+03  8.80309E+01  2.63506E+03  0.00000E+00  3.66793E-03  5.45831E-04
       1       5       1  3.62658E-03  3.24317E-03  3.62658E-05  5.38267E-01  7.11845E-02  2.32764E-01  3.93422E+00 -1.69926E+01  3.42583E-01  1.64275E+04  3.41318E+04  2.32859E+04 -1.76782E+03 -6.86546E+01  8.38883E+02  0.00000E+00  2.81698E-03  4.26194E-04
       1       5       2  1.13519E-03  1.08608E-03  1.13519E-05  1.37923E+00  1.87552E-01  5.95625E-01  1.28290E+01 -6.16823E+01 -6.10800E-01  4.40684E+04  3.14294E+04  1.89656E+04  1.06975E+03 -3.18112E+02 -1.07992E+03  0.00000E+00  9.05353E-04  1.80726E-04
       1       5       3  1.86305E-03  1.78274E-03  1.86305E-05  1.96661E+00  2.66125E-01  8.48205E-01  3.55622E+00 -5.54257E+01 -1.48510E+00  2.64460E+04  1.88893E+04  1.23030E+04  1.66430E+03 -8.55815E+02 -2.43836E+01  0.00000E+00  1.32788E-03  4.54859E-04
       1       5       4  3.18941E-03  1.75463E-03  3.18941E-05  3.13338E+00  4.15046E-01  1.32494E+00  2.12209E+01 -1.08838E+02 -3.94716E+00  3.32954E+04  4.78295E+04  3.21839E+04 -3.36638E+03  2.89768E+03  1.64672E+03  0.00000E+00  1.61576E-03  1.38870E-04
       1       5       5  3.52734E-03  3.46232E-03  3.52734E-05  4.81806E+00  6.34611E-01  2.08879E+00  1.99496E+00 -7.10192E+01  4.64250E+00  2.64003E+04  2.12511E+04  1.61867E+04  1.43853E+03 -2.68148E+03  3.06948E+03  0.00000E+00  3.08328E-03  3.79034E-04
       1       5       6  4.26605E-03  4.50334E-03  4.26605E-05  6.58384E+00  8.77820E-01  2.87570E+00  7.62829E+00 -5.05199E+01 -3.30133E+00  2.06725E+04  1.13560E+04  9.16407E+03  1.45021E+03  1.65185E+03  2.54107E+03  0.00000E+00  3.30114E-03  1.20220E-03
       1       5       7  5.28807E-03  3.12268E-03  5.28807E-05  1.08882E+01  1.43843E+00  4.61419E+00  2.09078E+01 -1.26476E+02 -1.60477E+00  3.77741E+04  2.64564E+04  2.01693E+04  1.16045E+03  9.39763E+02  5.51890E+03  0.00000E+00  2.39850E-03  7.24179E-04
       1       5       8  5.58655E-03  5.94343E-03  5.58655E-05  1.65347E+01  2.20687E+00  6.86439E+00  1.24061E+01 -7.95171E+01  5.46500E+00  2.41944E+04  1.12272E+04  1.01386E+04  1.73480E+03 -5.17802E+01  3.62317E+03  0.00000E+00  4.38498E-03  1.55845E-03
       1       5       9  8.60873E-03  9.75792E-03  8.60873E-05  2.35762E+01  3.22750E+00  9.30642E+00  6.33552E+00 -3.59583E+01 -7.67236E-01  8.88013E+03  3.46562E+03  3.24779E+03  5.43957E+02  2.65820E+02  1.02736E+03  0.00000E+00  5.33029E-03  4.42763E-03
       1       5      10  1.01009E-02  6.32481E-03  1.01009E-04  6.81091E+01  8.74981E+00  2.86896E+01  8.55300E+00 -5.33312E+01 -4.53347E+00  2.01532E+04  5.41610E+03  4.99769E+03  1.72343E+03  1.16672E+02 -1.03917E+02  0.00000E+00  5.36252E-03  9.62292E-04
       1       6       1  4.02400E-03  3.92156E-03  4.02400E-05  5.79811E-01  7.66569E-02  7.75825E-02  9.93818E+00 -7.92795E+01  2.77667E-01  1.24693E+04  3.75599E+04  2.10609E+04 -3.13031E+03 -5.64606E+01  4.52445E+02  0.00000E+00  3.58724E-03  3.34325E-04
       1       6       2  1.28670E-03  1.24782E-03  1.28670E-05  1.48588E+00  1.97723E-01  2.01284E-01  1.34786E+01 -9.34513E+01 -3.05021E+00  3.58796E+04  3.25383E+04  1.67235E+04  2.12533E+02  1.62196E+02 -2.19421E+03  0.00000E+00  1.09674E-03  1.51086E-04
       1       6       3  2.08080E-03  2.06251E-03  2.08080E-05  2.10216E+00  2.80299E-01  2.72827E-01  6.19859E+00 -6.59524E+01  3.02650E+00  2.87232E+04  1.97474E+04  1.24205E+04  1.69402E+03 -7.51171E+02 -2.62038E+03  0.00000E+00  1.56244E-03  5.00066E-04
       1       6       4  3.69308E-03  2.92037E-03  3.69308E-05  3.37359E+00  4.47373E-01  4.44184E-01  1.23825E+01 -9.50783E+01 -3.65106E+00  3.32193E+04  5.79275E+04  2.46279E+04 -2.88489E+03  1.10259E+03  2.42941E+03  0.00000E+00  2.48524E-03  4.35124E-04
       1       6       5  4.26931E-03  4.66432E-03  4.26931E-05  5.14260E+00  6.75738E-01  6.75295E-01  8.93684E+00 -6.29625E+01  2.89429E+00  2.95620E+04  2.79325E+04  1.03164E+04  2.97522E+02 -3.22176E+02  4.35193E+03  0.00000E+00  3.99849E-03  6.65824E-04
       1       6       6  5.56159E-03  5.84040E-03  5.56159E-05  7.07409E+00  9.65087E-01  9.67033E-01  6.47374E+00 -7.01051E+01 -3.10311E+00  2.14208E+04  2.39612E+04  7.88768E+03 -2.29192E+02  1.18461E+03  2.89563E+03  0.00000E+00  4.79783E-03  1.04256E-03
       1       6       7  8.01377E-03  5.74450E-03  8.01377E-05  1.16812E+01  1.56430E+00  1.64624E+00  2.25240E+01 -1.87435E+02  4.66107E-01  3.39021E+04  5.01545E+04  1.22621E+04 -1.35594E+03  4.13055E+02  3.43876E+03  0.00000E+00  4.67237E-03  1.07213E-03
       1       6       8  8.11872E-03  9.69225E-03  8.11872E-05  1.76897E+01  2.38484E+00  2.51752E+00  1.46832E+01 -1.15804E+02 -3.42649E-02  2.82111E+04  2.04704E+04  5.93261E+03  1.23457E+03  1.95802E+02  1.73275E+03  0.00000E+00  7.63202E-03  2.06024E-03
       1       6       9  1.15392E-02  1.39933E-02  1.15392E-04  2.47618E+01  3.44604E+00  3.77642E+00  7.66034E+00 -6.01946E+01  1.01682E+00  1.59861E+04  7.70099E+03  2.36884E+03  1.24441E+03 -3.66353E+00  7.17816E+02  0.00000E+00  8.90739E-03  5.08594E-03
       1       6      10  1.92498E-02  2.24974E-02  1.92498E-04  7.39083E+01  9.92215E+00  9.06696E+00  6.25093E+00 -5.20823E+01  2.81687E+00  2.44411E+04  4.19869E+03  1.16433E+03  2.82169E+03 -5.43411E+01  6.19440E+02  0.00000E+00  1.99457E-02  2.55166E-03
       2       1       1  4.18070E-04  4.16584E-04  4.18070E-06  1.00213E-01  4.07916E-02  5.88902E-01  1.39876E+00  5.58555E+00  1.10664E+01  3.10391E+04  2.31412E+04  6.16432E+04  3.48525E+03  1.22169E+03  1.00607E+04  1.18936E-04  0.00000E+00  2.97648E-04
       2       1       2  1.19405E-04  1.53556E-04  1.19405E-06  2.78552E-01  1.15265E-01  1.47225E+00  4.56094E+00  9.01813E+01  6.03896E-01  1.86751E+04  3.08394E+04  4.53802E+04  4.05372E+02 -1.22736E+03  9.63659E+03  7.09021E-05  0.00000E+00  8.26537E-05
       2       1       3  2.06197E-04  2.76351E-04  2.06197E-06  4.28613E-01  1.70878E-01  2.15495E+00 -1.92313E+00  2.59790E+01 -5.89695E+00  1.89309E+04  1.32550E+04  1.84289E+04  2.21015E+03  1.78062E+03  4.56777E+03  6.68419E-05  0.00000E+00  2.09509E-04
       2       1       4  2.89857E-04  2.27353E-04  2.89857E-06  5.88541E-01  2.50108E-01  3.58538E+00 -1.68507E+00  2.50670E+01 -6.67323E+00  2.91145E+04  4.61315E+04  2.17220E+04  2.88495E+03 -6.00860E+03  2.78637E+03  1.96149E-04  0.00000E+00  3.12035E-05
       2       1       5  2.65215E-04  4.14234E-04  2.65215E-06  8.79627E-01  3.67699E-01  5.20345E+00 -1.69361E+00  1.64904E+01 -6.87666E+00  1.09608E+04  1.99974E+04  1.81805E+04 -3.23215E+02 -1.62214E+03  1.45052E+03  3.62808E-04  0.00000E+00  5.14262E-05
       2       1       6  2.13207E-04  2.81783E-04  2.13207E-06  1.16352E+00  4.90970E-01  6.71508E+00  2.52288E+00  1.04641E+01  6.35563E+00  4.91945E+03  8.50197E+03  1.46326E+04  6.43368E+02 -6.33951E+02  2.21478E+03  1.64601E-04  0.00000E+00  1.17182E-04
       2       1       7  2.17301E-04  2.25196E-04  2.17301E-06  2.03895E+00  8.81157E-01  1.22741E+01  3.03185E+00 -1.64533E+02  2.68116E+01  1.33912E+04  3.47974E+04  1.94302E+04 -4.10763E+02 -4.53401E+03  2.07524E+03  1.79231E-04  0.00000E+00  4.59646E-05
       2       1       8  3.63710E-04  4.77881E-04  3.63710E-06  3.04931E+00  1.29821E+00  1.79330E+01 -1.28720E+00 -1.00431E+02  1.08041E+01  5.92897E+03  1.45600E+04  1.53604E+04  2.04762E+02 -4.58983E+02  1.61365E+03  3.47372E-04  0.00000E+00  1.30509E-04
       2       1       9  3.77854E-04  4.15952E-04  3.77854E-06  4.05446E+00  1.67790E+00  2.36792E+01 -1.09583E+00 -4.34053E+01  4.16522E+00  2.05439E+03  4.92942E+03  6.64147E+03  2.88258E+01 -4.29712E+02  9.52115E+02  1.63490E-04  0.00000E+00  2.52462E-04
       2       1      10  1.70448E-04  1.85791E-04  1.70448E-06  1.09486E+01  4.31854E+00  6.66448E+01 -6.64664E+00 -9.58659E+01  2.17931E+00  4.53752E+03  1.84988E+04  1.50066E+04  9.44053E+02 -1.04741E+03  2.32345E+03  9.15385E-05  0.00000E+00  9.42523E-05
       2       2       1  1.26279E-03  1.04272E-03  1.26279E-05  2.13451E-01  8.76171E-02  5.38504E-01 -2.26108E+01  6.02421E+01  2.93136E+00  2.80767E+04  2.33233E+04  3.84494E+04  6.36382E+02  1.96170E+03  8.87139E+03  1.21574E-04  2.91880E-04  6.29268E-04
       2       2       2  3.64125E-04  2.02855E-04  3.64125E-06  5.04923E-01  2.10870E-01  1.39996E+00  7.95560E+00  2.37609E+00  1.31589E+00  3.55395E+04  9.33177E+03  7.47559E+04  7.74735E+03  9.35213E+03  3.01392E+04  3.51293E-06  2.20930E-06  1.97133E-04
       2       2       3  6.26719E-04  5.36951E-04  6.26719E-06  7.57795E-01  3.12076E-01  2.11654E+00 -3.24510E+00 -1.01867E+00 -6.76232E+00  1.57442E+04  4.85992E+03  2.77146E+04  5.90799E+03  4.65547E+03  1.11592E+04  5.00427E-06  0.00000E+00  5.31947E-04
       2       2       4  9.04130E-04  1.85825E-04  9.04130E-06  1.24773E+00  5.31112E-01  3.17135E+00  1.51586E+01 -2.02802E+01 -1.79110E+00  4.10250E+04  2.27906E+04  8.28851E+04  1.18634E+04  1.27894E+04  3.49756E+04  2.02322E-05  1.44626E-05  1.51130E-04
       2       2       5  8.43691E-04  3.70186E-04  8.43691E-06  1.87462E+00  7.92040E-01  4.84586E+00 -4.16277E+00  1.08998E+00 -1.45971E+01  1.02508E+04  6.27851E+03  4.94237E+04  3.11845E+03  6.58591E+03  1.76301E+04  7.37275E-05  8.85468E-07  2.95573E-04
       2       2       6  7.13801E-04  8.12774E-04  7.13801E-06  2.73079E+00  1.11256E+00  6.82410E+00 -2.04216E+00 -2.81023E+00 -7.14344E+00  3.33303E+03  1.49361E+03  1.92149E+04  1.28232E+03  2.77176E+03  6.77457E+03  3.73781E-05  0.00000E+00  7.75396E-04
       2       2       7  7.03826E-04  2.54080E-04  7.03826E-06  4.30280E+00  1.87272E+00  1.09672E+01  2.88830E+00 -1.19960E+01  1.06661E+01  9.92218E+03  6.33048E+03  6.38396E+04  3.12516E+03  1.02423E+04  2.27170E+04  3.93521E-06  5.78703E-06  2.44358E-04
       2       2       8  1.16093E-03  5.71431E-04  1.16093E-05  6.31310E+00  2.75093E+00  1.66327E+01 -9.98079E-03 -5.43467E+00  3.02904E+00  5.19823E+03  2.04622E+03  3.39027E+04  2.15740E+03  5.11229E+03  1.21351E+04  2.64732E-05  0.00000E+00  5.44958E-04
       2       2       9  1.28925E-03  1.25221E-03  1.28925E-05  8.92677E+00  3.73506E+00  2.36757E+01  6.97548E-01 -6.22431E-01  3.69000E+00  1.34979E+03  4.81471E+02  8.40902E+03  5.52053E+02  1.19247E+03  3.03846E+03  1.46676E-05  0.00000E+00  1.23755E-03
       2       2      10  5.86803E-04  5.97342E-04  5.86803E-06  2.78106E+01  1.22883E+01  6.94088E+01  5.60473E+00  1.61468E+00  9.44898E+00  3.90070E+03  7.79923E+02  2.35786E+04  1.66841E+03  4.14594E+03  9.37587E+03  0.00000E+00  0.00000E+00  5.97342E-04
       2       3       1  2.11769E-03  2.09949E-03  2.11769E-05  3.21574E-01  1.31972E-01  4.69289E-01 -4.27271E+01  1.00794E+02 -1.12174E+00  2.12550E+04  2.15128E+04  2.41984E+04 -1.45724E+03 -5.16861E+02  4.93850E+02  7.40651E-05  1.67592E-03  3.49507E-04
       2       3       2  6.23016E-04  5.65394E-04  6.23016E-06  8.35748E-01  3.49228E-01  1.21850E+00 -3.32043E+01  7.81978E+01 -2.07992E-02  3.33076E+04  1.85082E+04  4.06557E+04  6.60242E+03  4.09801E+03  1.09498E+04  0.00000E+00  4.10632E-04  1.54763E-04
       2       3       3  1.06246E-03  1.02988E-03  1.06246E-05  1.27766E+00  5.20213E-01  1.81528E+00 -1.10637E+01  1.96636E+01  3.00619E+00  1.58473E+04  7.21399E+03  2.05658E+04  4.22767E+03  3.94807E+03  9.94943E+03  0.00000E+00  7.17711E-04  3.12168E-04
       2       3       4  1.60933E-03  9.67725E-04  1.60933E-05  1.87950E+00  7.67450E-01  2.81716E+00  5.35357E+01 -1.37415E+02 -3.05124E+00  3.11478E+04  5.38302E+04  3.07044E+04 -1.09058E+04  5.09338E+03  1.31578E+04  0.00000E+00  6.86050E-04  2.81675E-04
       2       3       5  1.56559E-03  1.35264E-03  1.56559E-05  3.05601E+00  1.25926E+00  4.05998E+00  3.09416E+01 -6.58226E+01 -2.14930E+00  2.05954E+04  1.70182E+04  2.21345E+04  5.25696E+02  3.95385E+03  9.83961E+03  0.00000E+00  9.02785E-04  4.49852E-04
       2       3       6  1.46477E-03  1.70152E-03  1.46477E-05  3.80199E+00  1.57886E+00  5.75825E+00  1.76906E+01 -4.26432E+01  2.48538E+00  7.05326E+03  8.85851E+03  1.31776E+04 -1.16897E+03  2.49182E+03  6.41009E+03  0.00000E+00  8.23741E-04  8.77782E-04
       2       3       7  1.41337E-03  1.12913E-03  1.41337E-05  6.72668E+00  2.76191E+00  9.85070E+00  6.74455E+01 -1.43863E+02 -3.56736E-02  1.94435E+04  3.20713E+04  2.37558E+04 -8.12609E+03  3.70086E+03  9.08397E+03  0.00000E+00  8.34125E-04  2.95002E-04
       2       3       8  2.16151E-03  2.03864E-03  2.16151E-05  1.01013E+01  4.13837E+00  1.44707E+01  4.48444E+01 -9.44392E+01 -1.23055E+00  1.11189E+04  1.45571E+04  1.47084E+04 -2.84574E+03  1.90989E+03  5.22806E+03  0.00000E+00  1.46504E-03  5.73602E-04
       2       3       9  2.73959E-03  2.37005E-03  2.73959E-05  1.37549E+01  5.59978E+00  1.96761E+01  1.80696E+01 -3.81311E+01  4.09899E-01  4.28830E+03  4.68132E+03  6.74444E+03 -4.59213E+02  1.27130E+03  3.00239E+03  0.00000E+00  9.36247E-04  1.43380E-03
       2       3      10  1.40979E-03  1.36306E-03  1.40979E-05  4.21683E+01  1.75826E+01  6.07441E+01  7.97101E+00 -1.43168E+01  8.91099E-01  8.54742E+03  2.34118E+03  1.70324E+04  3.11700E+03  3.45643E+03  8.32550E+03  0.00000E+00  4.16997E-04  9.46066E-04
       2       4       1  2.93875E-03  3.06995E-03  2.93875E-05  4.56998E-01  1.88604E-01  3.46897E-01  3.28065E+00 -6.10367E+00 -4.25314E-01  2.05841E+04  3.44760E+04  1.82557E+04 -7.79259E+03 -6.15082E+00  7.62010E+02  5.90271E-05  2.66631E-03  3.44606E-04
       2       4       2  8.90395E-04  8.87556E-04  8.90395E-06  1.14790E+00  4.75742E-01  8.52331E-01  1.08212E+01 -4.63559E+01  5.32057E-01  3.39430E+04  3.39915E+04  1.67868E+04 -4.57826E+02 -2.49349E+00  1.22463E+03  0.00000E+00  7.46276E-04  1.41280E-04
       2       4       3  1.49316E-03  1.40329E-03  1.49316E-05  1.63935E+00  6.78793E-01  1.26231E+00  1.93213E+01 -3.87238E+01 -2.69250E+00  1.41246E+04  2.06029E+04  1.00156E+04 -2.87458E+03  5.84478E+02  2.46818E+03  0.00000E+00  1.06749E-03  3.35796E-04
       2       4       4  2.40691E-03  1.65758E-03  2.40691E-05  2.61392E+00  1.08114E+00  2.01555E+00  5.95565E+01 -1.21757E+02  6.40829E-01  3.61995E+04  6.47831E+04  1.68807E+04 -1.61503E+04  2.18887E+03  3.72158E+03  0.00000E+00  1.47265E-03  1.84934E-04
       2       4       5  2.48964E-03  2.77169E-03  2.48964E-05  3.90403E+00  1.64107E+00  2.98399E+00  3.00213E+01 -7.68445E+01  6.82340E-01  2.58605E+04  2.54831E+04  1.46457E+04  1.80141E+03  1.70246E+03  3.97426E+03  0.00000E+00  2.43189E-03  3.39798E-04
       2       4       6  2.65839E-03  2.96054E-03  2.65839E-05  5.52789E+00  2.22566E+00  4.02566E+00  2.56134E+01 -3.62648E+01  5.60192E-02  1.22126E+04  1.11709E+04  6.17374E+03 -1.04500E+03  1.44765E+03  3.36790E+03  0.00000E+00  2.02969E-03  9.30846E-04
       2       4       7  2.75698E-03  2.18175E-03  2.75698E-05  9.07924E+00  3.75658E+00  6.85137E+00  7.61620E+01 -1.74695E+02 -8.15458E-01  2.70298E+04  4.47476E+04  1.81725E+04 -9.41906E+03  1.30413E+03  4.26061E+03  0.00000E+00  1.91094E-03  2.70812E-04
       2       4       8  3.51352E-03  3.87711E-03  3.51352E-05  1.36750E+01  5.68166E+00  1.02506E+01  4.40852E+01 -1.03052E+02  3.13945E+00  1.77459E+04  1.73005E+04  1.15056E+04  1.17295E+01  7.50256E+02  2.41688E+03  0.00000E+00  3.36467E-03  5.12434E-04
       2       4       9  5.17774E-03  5.24830E-03  5.17774E-05  1.90840E+01  7.73288E+00  1.42229E+01  2.36552E+01 -5.25211E+01  1.33065E+00  7.73579E+03  6.21606E+03  4.57519E+03  6.87470E+02  3.23002E+02  1.23369E+03  0.00000E+00  4.01973E-03  1.22858E-03
       2       4      10  3.75016E-03  4.62817E-03  3.75016E-05  5.69944E+01  2.35842E+01  4.10853E+01  2.37322E+01 -5.67044E+01 -4.15897E-01  1.55402E+04  7.83641E+03  7.55353E+03  3.63554E+03  3.37605E+02  1.20692E+03  0.00000E+00  4.07448E-03  5.53687E-04
       2       5       1  3.61958E-03  3.21077E-03  3.61958E-05  5.00866E-01  2.07361E-01  2.32510E-01  4.85783E+00 -1.54877E+01  2.58601E-01  1.76307E+04  3.18443E+04  2.30885E+04 -6.68941E+03 -2.01119E+02  1.11074E+03  5.06471E-05  2.84451E-03  3.15616E-04
       2       5       2  1.13181E-03  1.05185E-03  1.13181E-05  1.29106E+00  5.26171E-01  5.94972E-01  2.61223E+01 -5.68389E+01 -7.57559E+00  3.84591E+04  3.13546E+04  1.89015E+04  1.80371E+03  6.03369E+02  3.27732E+02  0.00000E+00  9.16455E-04  1.35398E-04
       2       5       3  1.85970E-03  1.67264E-03  1.85970E-05  1.81423E+00  7.53056E-01  8.29340E-01  2.73401E+01 -5.48399E+01  1.66965E+00  2.30036E+04  2.18876E+04  1.23323E+04  5.11889E+02 -2.43786E+01  2.95414E+02  0.00000E+00  1.34596E-03  3.26679E-04
       2       5       4  3.17903E-03  1.73601E-03  3.17903E-05  2.94620E+00  1.21606E+00  1.34264E+00  4.00846E+01 -1.03585E+02 -1.32528E+00  3.34979E+04  4.57314E+04  3.03437E+04 -6.82099E+03  1.81468E+03  5.30691E+02  0.00000E+00  1.64704E-03  8.89774E-05
       2       5       5  3.51237E-03  3.33283E-03  3.51237E-05  4.46459E+00  1.83941E+00  2.08852E+00  2.98637E+01 -6.85020E+01  9.43208E+00  2.54497E+04  2.25990E+04  1.54763E+04  1.79679E+03 -1.61481E+03  3.31018E+03  0.00000E+00  3.05397E-03  2.78861E-04
       2       5       6  4.24662E-03  4.13927E-03  4.24662E-05  6.18964E+00  2.55370E+00  2.87698E+00  2.27670E+01 -5.10547E+01 -3.22363E+00  1.83878E+04  1.32753E+04  8.74609E+03  2.49794E+03  1.25660E+03  7.86979E+02  0.00000E+00  3.33509E-03  8.04178E-04
       2       5       7  5.24842E-03  2.85356E-03  5.24842E-05  1.01752E+01  4.21365E+00  4.58997E+00  5.39459E+01 -1.29855E+02 -2.17323E-01  3.32902E+04  2.99900E+04  2.13469E+04  2.00031E+03  1.83028E+03  3.79168E+03  0.00000E+00  2.39341E-03  4.60157E-04
       2       5       8  5.55464E-03  5.24288E-03  5.55464E-05  1.54177E+01  6.40671E+00  6.96493E+00  3.16268E+01 -8.15423E+01 -3.37897E+00  2.12552E+04  1.37608E+04  1.01657E+04  4.10953E+03  1.23296E+03  2.79113E+03  0.00000E+00  4.22527E-03  1.01761E-03
       2       5       9  8.56696E-03  7.93634E-03  8.56696E-05  2.16679E+01  8.97540E+00  9.73378E+00  1.59591E+01 -4.05350E+01 -1.13238E+00  7.81505E+03  4.55551E+03  3.41098E+03  1.58724E+03  4.05750E+02  9.48473E+02  0.00000E+00  5.53990E-03  2.39644E-03
       2       5      10  9.97331E-03  5.13112E-03  9.97331E-05  6.30360E+01  2.59346E+01  3.02853E+01  2.59179E+01 -4.90211E+01  8.22854E+00  1.74355E+04  7.74769E+03  5.09073E+03  4.83215E+03  5.08242E+02  1.98760E+03  0.00000E+00  4.12805E-03  1.00307E-03
       2       6       1  4.01492E-03  3.90378E-03  4.01492E-05  5.40127E-01  2.23757E-01  7.72593E-02  2.99431E+01 -7.41026E+01  3.82122E-01  1.49698E+04  3.46415E+04  2.09289E+04 -9.04841E+03 -8.25386E+01  4.13674E+02  4.74559E-05  3.62172E-03  2.34609E-04
       2       6       2  1.28206E-03  1.24913E-03  1.28206E-05  1.38587E+00  5.73489E-01  1.99802E-01  3.92311E+01 -8.98275E+01 -4.63604E-01  3.24054E+04  3.30844E+04  1.75480E+04 -5.66641E+02 -4.38579E+02 -1.66210E+02  0.00000E+00  1.13585E-03  1.13280E-04
       2       6       3  2.07643E-03  1.98299E-03  2.07643E-05  1.96110E+00  8.13209E-01  2.72624E-01  2.75357E+01 -5.97826E+01 -1.12584E+00  2.25887E+04  2.04821E+04  1.14131E+04  1.32038E+03 -1.71905E+03 -2.02644E+03  0.00000E+00  1.64700E-03  3.35994E-04
       2       6       4  3.67886E-03  2.75252E-03  3.67886E-05  3.14670E+00  1.30344E+00  4.54584E-01  3.62056E+01 -9.47649E+01 -2.82445E+00  3.08907E+04  5.66825E+04  2.45789E+04 -1.20496E+04  1.96947E+03  2.26109E+02  0.00000E+00  2.48736E-03  2.65160E-04
       2       6       5  4.24691E-03  4.48681E-03  4.24691E-05  4.80453E+00  1.99482E+00  6.72337E-01  2.41796E+01 -6.19286E+01  4.29764E+00  2.68619E+04  2.81866E+04  9.90986E+03 -9.62450E+02 -1.15207E+02  3.20907E+03  0.00000E+00  4.04363E-03  4.43171E-04
       2       6       6  5.53098E-03  5.67861E-03  5.53098E-05  6.51170E+00  2.71090E+00  9.59723E-01  2.65999E+01 -6.83682E+01  1.67639E+00  1.81690E+04  2.34817E+04  7.88264E+03 -2.23572E+03  3.36782E+02  1.93366E+03  0.00000E+00  4.93126E-03  7.47346E-04
       2       6       7  7.93604E-03  5.30999E-03  7.93604E-05  1.09007E+01  4.51528E+00  1.66430E+00  7.75502E+01 -1.88853E+02 -4.20991E-01  3.38373E+04  5.08276E+04  1.22570E+04 -8.60986E+03  7.11510E+02  1.85232E+03  0.00000E+00  4.63987E-03  6.70119E-04
       2       6       8  8.03600E-03  8.97935E-03  8.03600E-05  1.65134E+01  6.82243E+00  2.44727E+00  4.90385E+01 -1.16402E+02  1.32219E+00  2.63217E+04  2.25001E+04  6.18324E+03  1.69092E+03  4.63623E+02  1.20549E+03  0.00000E+00  7.66781E-03  1.31154E-03
       2       6       9  1.14674E-02  1.23041E-02  1.14674E-04  2.29941E+01  9.46334E+00  3.61804E+00  2.68429E+01 -6.34083E+01 -3.95355E+00  1.53917E+04  9.63684E+03  2.62530E+03  2.67586E+03  4.76532E+02  3.43264E+02  0.00000E+00  8.85285E-03  3.45121E-03
       2       6      10  1.89280E-02  2.17762E-02  1.89280E-04  6.88923E+01  2.85340E+01  1.02289E+01  2.08527E+01 -5.20989E+01 -5.19082E+00  2.15020E+04  6.99714E+03  1.29316E+03  7.24457E+03  2.92458E+02  4.13167E+01  0.00000E+00  2.10164E-02  7.59772E-04
       3       1       1  4.18020E-04  4.25710E-04  4.18020E-06  8.32223E-02  6.47127E-02  5.74300E-01 -5.44248E+00  5.92780E+00  4.82584E-01  2.43440E+04  2.13820E+04  5.50414E+04  3.98197E+03  4.77187E+03  8.27094E+03  8.25847E-05  0.00000E+00  3.43125E-04
       3       1       2  1.19388E-04  1.18146E-04  1.19388E-06  2.27546E-01  1.75192E-01  1.46752E+00  6.80752E+00  8.85320E+01 -9.27072E+00  1.94232E+04  2.97653E+04  5.60592E+04  4.89391E+03  1.81506E+03  1.20197E+04  5.35438E-05  0.00000E+00  6.46027E-05
       3       1       3  2.06174E-04  2.09173E-04  2.06174E-06  3.49656E-01  2.79963E-01  2.17190E+00  1.92844E+00  2.82504E+01  9.48454E-02  1.81591E+04  1.71240E+04  2.74667E+04  7.47733E+03  3.41374E+03  5.41184E+03  4.55886E-05  0.00000E+00  1.63584E-04
       3       1       4  2.89807E-04  1.75552E-04  2.89807E-06  5.04067E-01  3.83086E-01  3.55671E+00 -3.71778E+00  1.83926E+01 -1.32330E+01  2.91761E+04  4.09928E+04  3.13299E+04  2.98671E+03 -4.38890E+03  2.60537E+03  1.34767E-04  0.00000E+00  4.07847E-05
       3       1       5  2.65170E-04  3.19567E-04  2.65170E-06  7.43204E-01  5.67930E-01  5.19260E+00 -2.19083E-01  1.16268E+01 -1.86771E+01  1.11379E+04  1.58326E+04  2.48944E+04  1.13947E+03  1.11043E+02  2.35272E+03  2.40386E-04  0.00000E+00  7.91810E-05
       3       1       6  2.13164E-04  2.53778E-04  2.13164E-06  9.56847E-01  7.50961E-01  6.88956E+00 -6.21105E+00  2.68651E+00 -1.88756E+01  4.28085E+03  5.79043E+03  1.97772E+04 -3.47869E+02  1.10122E+03  2.58936E+03  1.06648E-04  0.00000E+00  1.47130E-04
       3       1       7  2.17271E-04  2.12282E-04  2.17271E-06  1.74267E+00  1.32663E+00  1.21531E+01 -6.00960E+00 -1.28368E+02  7.40367E+00  1.34314E+04  2.63154E+04  2.95336E+04  1.36156E+03 -1.74639E+03  3.03016E+03  1.38090E-04  0.00000E+00  7.41917E-05
       3       1       8  3.63664E-04  4.43335E-04  3.63664E-06  2.51610E+00  1.94194E+00  1.79500E+01  8.00846E-01 -7.97410E+01  1.15010E+01  6.37714E+03  1.09844E+04  1.82942E+04  1.84388E+02  4.11329E+01  1.66372E+03  2.74749E-04  0.00000E+00  1.68586E-04
       3       1       9  3.77770E-04  5.67111E-04  3.77770E-06  3.16895E+00  2.58844E+00  2.45148E+01 -6.55887E-01 -2.20026E+01 -5.51796E+00  1.21141E+03  2.33437E+03  5.70302E+03  1.53508E+02  3.86133E+02  6.68495E+02  1.08039E-04  0.00000E+00  4.59071E-04
       3       1      10  1.70413E-04  1.65275E-04  1.70413E-06  1.05956E+01  7.88627E+00  6.67203E+01 -5.46618E+00 -1.02160E+02  2.72792E+00  6.22992E+03  1.88366E+04  1.23046E+04  9.46539E+02 -1.32429E+03  1.81244E+03  8.95590E-05  0.00000E+00  7.57163E-05
       3       2       1  1.26207E-03  1.07626E-03  1.26207E-05  1.88224E-01  1.43930E-01  5.52866E-01 -3.95124E+01  5.64667E+01 -3.73147E+00  2.53405E+04  2.65757E+04  4.07217E+04 -6.20186E+02  7.71985E+02  6.02171E+03  1.53139E-04  3.21180E-04  6.01945E-04
       3       2       2  3.63864E-04  3.56046E-04  3.63864E-06  4.38354E-01  3.47685E-01  1.40386E+00  1.41612E+00  7.33737E+01 -3.77935E+01  2.58626E+04  2.41542E+04  4.84777E+04  9.10401E+03  2.76679E+03  1.13447E+04  1.72268E-04  2.56669E-06  1.81211E-04
       3       2       3  6.26385E-04  5.28930E-04  6.26385E-06  6.57957E-01  4.91922E-01  2.04931E+00 -5.48793E+00  1.35789E+01 -8.45896E+00  1.30431E+04  9.54258E+03  2.68006E+04  7.34782E+03  4.88507E+03  8.45555E+03  8.10202E-05  1.47578E-07  4.47763E-04
       3       2       4  9.03339E-04  5.40908E-04  9.03339E-06  1.09112E+00  8.42264E-01  3.28242E+00  8.49362E+00  1.20101E+01 -5.60467E+00  3.11756E+04  3.47476E+04  4.36464E+04  6.53626E+03 -7.28375E+03  9.26829E+03  3.73781E-04  1.35772E-05  1.53550E-04
       3       2       5  8.42940E-04  1.02165E-03  8.42940E-06  1.62627E+00  1.24146E+00  4.86730E+00  2.92525E+00  1.26147E+01 -8.15838E-01  1.23259E+04  1.47750E+04  2.65340E+04  1.68540E+03 -9.17536E+02  4.99587E+03  7.44476E-04  2.12283E-06  2.75049E-04
       3       2       6  7.13060E-04  1.02658E-03  7.13060E-06  2.27769E+00  1.74447E+00  6.58512E+00  1.32057E+00  3.85157E+00  5.99761E-01  4.27448E+03  4.67014E+03  1.67144E+04  1.18116E+03  1.91757E+03  4.74336E+03  3.04855E-04  3.89877E-07  7.21335E-04
       3       2       7  7.03247E-04  5.68445E-04  7.03247E-06  3.64998E+00  2.92424E+00  1.13077E+01  6.43618E+00 -1.16428E+02  6.15478E+01  1.61251E+04  2.36205E+04  3.33813E+04  3.79507E+02 -5.16511E+03  7.63300E+03  3.51665E-04  1.69757E-05  1.99805E-04
       3       2       8  1.16019E-03  1.14489E-03  1.16019E-05  5.42886E+00  4.27188E+00  1.68280E+01  2.08875E+00 -7.40993E+01  3.68871E+01  7.27035E+03  1.08441E+04  1.99122E+04  1.01203E+03 -4.16024E+02  4.43381E+03  6.99037E-04  3.30688E-07  4.45523E-04
       3       2       9  1.28774E-03  1.40434E-03  1.28774E-05  7.41674E+00  5.69888E+00  2.29382E+01  5.70454E-01 -1.99662E+01  1.27883E+01  2.05653E+03  2.72507E+03  7.97028E+03  6.62883E+02  6.27006E+02  2.26092E+03  3.05873E-04  0.00000E+00  1.09847E-03
       3       2      10  5.85979E-04  7.57881E-04  5.85979E-06  2.32967E+01  1.72982E+01  6.84526E+01 -2.58827E-01 -2.59434E+01  1.16871E+01  3.62317E+03  6.13431E+03  2.00210E+04  1.91918E+03  3.21612E+03  6.64651E+03  1.08634E-04  0.00000E+00  6.49247E-04
       3       3       1  2.11472E-03  2.14149E-03  2.11472E-05  2.80722E-01  2.16612E-01  4.81661E-01 -6.40194E+01  8.15606E+01 -1.52967E-01  2.19238E+04  2.22172E+04  2.57122E+04 -1.94415E+03 -8.33688E+02  1.25234E+03  1.23635E-04  1.69119E-03  3.26657E-04
       3       3       2  6.21852E-04  6.29697E-04  6.21852E-06  7.16047E-01  5.66054E-01  1.20009E+00 -4.75270E+01  7.48450E+01 -2.38286E+01  2.78805E+04  2.27586E+04  3.46609E+04  7.75158E+03  2.21090E+03  6.84422E+03  1.10425E-04  3.62744E-04  1.56528E-04
       3       3       3  1.06108E-03  1.11728E-03  1.06108E-05  1.05077E+00  8.15849E-01  1.78870E+00 -1.91494E+01  2.38383E+01 -4.32045E+00  1.04412E+04  8.09389E+03  1.80930E+04  5.89016E+03  3.03319E+03  5.37997E+03  5.24082E-05  7.61559E-04  3.03315E-04
       3       3       4  1.60577E-03  1.22813E-03  1.60577E-05  1.61643E+00  1.26298E+00  2.82307E+00  7.65149E+01 -8.97618E+01 -5.83206E+00  3.80971E+04  4.38305E+04  3.23181E+04 -1.26120E+04 -1.31177E+03  6.69983E+03  3.02454E-04  6.96292E-04  2.29385E-04
       3       3       5  1.56178E-03  1.95302E-03  1.56178E-05  2.57908E+00  2.02180E+00  4.12562E+00  3.49016E+01 -3.40109E+01 -3.92904E+00  1.90021E+04  1.67698E+04  2.11461E+04  1.13967E+03  9.73239E+02  5.73246E+03  6.28913E-04  9.34364E-04  3.89742E-04
       3       3       6  1.46067E-03  1.78172E-03  1.46067E-05  3.21062E+00  2.49178E+00  5.62321E+00  2.70208E+01 -3.35439E+01 -2.68510E+00  8.47291E+03  8.80549E+03  1.29279E+04 -1.27756E+03  2.63580E+03  5.00742E+03  2.55131E-04  8.09077E-04  7.17508E-04
       3       3       7  1.40931E-03  1.39225E-03  1.40931E-05  5.72626E+00  4.55027E+00  9.86425E+00  7.94298E+01 -1.21546E+02  2.25842E+01  2.32839E+04  2.50514E+04  2.61827E+04 -7.41095E+03  1.84814E+03  6.97137E+03  2.44699E-04  8.09124E-04  3.38425E-04
       3       3       8  2.15786E-03  2.84899E-03  2.15786E-05  8.59368E+00  6.80892E+00  1.44797E+01  4.89547E+01 -7.52379E+01  1.56201E+01  1.19467E+04  1.19696E+04  1.58804E+04 -1.60060E+03  2.16944E+03  4.71829E+03  4.69006E-04  1.51603E-03  8.63957E-04
       3       3       9  2.73111E-03  3.25307E-03  2.73111E-05  1.18639E+01  9.33653E+00  1.95772E+01  2.00803E+01 -2.79207E+01  5.87918E+00  4.32763E+03  3.90557E+03  6.66911E+03  1.12340E+02  1.54444E+03  2.54677E+03  2.10355E-04  9.82477E-04  2.06024E-03
       3       3      10  1.40242E-03  1.69075E-03  1.40242E-05  3.66992E+01  2.81786E+01  6.04970E+01  9.15332E+00 -1.23839E+01 -1.80155E+00  6.72947E+03  4.24494E+03  1.67311E+04  4.34773E+03  5.52380E+03  7.21715E+03  0.00000E+00  5.01984E-04  1.18876E-03
       3       4       1  2.93166E-03  3.13528E-03  2.93166E-05  3.96621E-01  3.05572E-01  3.51323E-01  6.37300E+00 -6.49535E+00 -5.83790E-01  2.57828E+04  3.02044E+04  1.92499E+04 -1.00473E+04  6.35677E+02  1.39477E+03  1.00069E-04  2.69924E-03  3.35974E-04
       3       4       2  8.87304E-04  9.57620E-04  8.87304E-06  9.70149E-01  7.60695E-01  8.65456E-01  2.87797E+01 -2.36652E+01 -1.78004E+01  3.08774E+04  2.98944E+04  1.93276E+04 -2.34832E+03  3.12739E+02  2.47428E+03  8.79805E-05  7.19328E-04  1.50311E-04
       3       4       3  1.48983E-03  1.50734E-03  1.48983E-05  1.39638E+00  1.07828E+00  1.25943E+00  2.31833E+01 -3.15677E+01 -2.01175E+00  1.60777E+04  1.61125E+04  1.10283E+04 -2.67269E+03  1.84780E+03  3.31896E+03  3.49262E-05  1.00094E-03  4.71475E-04
       3       4       4  2.39740E-03  1.85212E-03  2.39740E-05  2.20510E+00  1.71814E+00  2.02750E+00  6.77205E+01 -9.38392E+01 -3.36199E+00  4.11019E+04  5.02978E+04  2.54904E+04 -1.80125E+04 -3.26432E+03  2.72683E+03  2.84965E-04  1.40631E-03  1.60846E-04
       3       4       5  2.47780E-03  3.39257E-03  2.47780E-05  3.33339E+00  2.60332E+00  3.02600E+00  4.25835E+01 -5.39190E+01 -1.64054E+00  2.34142E+04  2.45432E+04  1.68671E+04  5.09509E+02  7.39987E+02  3.63787E+03  5.44897E-04  2.50366E-03  3.44006E-04
       3       4       6  2.64428E-03  3.15390E-03  2.64428E-05  4.68873E+00  3.65243E+00  4.07350E+00  2.56010E+01 -3.19551E+01 -3.69172E+00  1.40621E+04  1.15826E+04  8.37449E+03  1.38510E+03  2.17547E+03  3.36506E+03  2.20497E-04  2.05322E-03  8.80184E-04
       3       4       7  2.73699E-03  2.59637E-03  2.73699E-05  7.71574E+00  6.00429E+00  6.92341E+00  1.00413E+02 -1.36235E+02  1.42583E+01  3.07698E+04  3.51531E+04  2.12881E+04 -9.14587E+03  2.64173E+03  4.62134E+03  2.03200E-04  1.98173E-03  4.11436E-04
       3       4       8  3.49978E-03  4.64887E-03  3.49978E-05  1.16026E+01  9.11178E+00  1.03631E+01  5.86152E+01 -7.92661E+01  1.29275E+01  1.66425E+04  1.57165E+04  1.26582E+04  1.10309E+03  1.53295E+03  2.64546E+03  4.06758E-04  3.42121E-03  8.20903E-04
       3       4       9  5.14822E-03  6.19148E-03  5.14822E-05  1.60431E+01  1.27178E+01  1.43217E+01  3.01566E+01 -4.32087E+01  3.66631E+00  6.75158E+03  6.10084E+03  4.73987E+03  1.04242E+03  6.20164E+02  1.02113E+03  1.53831E-04  4.28501E-03  1.75263E-03
       3       4      10  3.70289E-03  4.51922E-03  3.70289E-05  4.88672E+01  3.72724E+01  4.15250E+01  3.85815E+01 -4.54571E+01  1.36954E+00  1.32265E+04  9.94401E+03  7.70943E+03  4.86257E+03  7.25719E+02  1.03301E+03  0.00000E+00  3.73705E-03  7.82163E-04
       3       5       1  3.60748E-03  3.25072E-03  3.60748E-05  4.33997E-01  3.33841E-01  2.33773E-01  9.97379E+00 -1.07232E+01 -8.62389E-01  2.20418E+04  2.71896E+04  2.37145E+04 -8.36212E+03  8.40094E+01  8.76913E+02  9.18358E-05  2.80691E-03  3.51983E-04
       3       5       2  1.12601E-03  1.22278E-03  1.12601E-05  1.09771E+00  8.58082E-01  5.93443E-01  2.78031E+01 -3.92884E+01 -4.75005E+00  3.59867E+04  3.24807E+04  2.02905E+04  6.28207E+03 -9.68027E+02 -1.94726E+02  6.88227E-05  9.52558E-04  2.01402E-04
       3       5       3  1.85394E-03  1.75790E-03  1.85394E-05  1.56694E+00  1.20557E+00  8.41050E-01  3.25131E+01 -4.15017E+01  2.96355E+00  2.07346E+04  2.11241E+04  1.30364E+04  2.23762E+03  4.47957E+02  5.82899E+01  3.10640E-05  1.30409E-03  4.22747E-04
       3       5       4  3.16118E-03  2.06153E-03  3.16118E-05  2.50337E+00  1.95214E+00  1.33830E+00  5.83524E+01 -7.41151E+01 -6.41484E+00  3.44410E+04  3.64530E+04  3.86616E+04 -7.43775E+03 -1.06870E+03 -2.63055E+02  2.70906E-04  1.66283E-03  1.27792E-04
       3       5       5  3.48673E-03  3.80569E-03  3.48673E-05  3.83646E+00  2.98278E+00  2.10269E+00  3.80238E+01 -4.90360E+01 -1.93837E+00  2.14613E+04  2.13949E+04  1.85949E+04  2.57377E+03 -6.61036E+02  2.00711E+03  4.96203E-04  2.97938E-03  3.30108E-04
       3       5       6  4.21327E-03  4.22653E-03  4.21327E-05  5.28958E+00  4.06558E+00  2.79041E+00  3.07632E+01 -3.84035E+01 -1.61244E+00  1.71875E+04  1.37074E+04  9.52235E+03  4.55081E+03  1.01834E+03  1.52883E+03  2.05065E-04  3.09952E-03  9.21936E-04
       3       5       7  5.18075E-03  3.14926E-03  5.18075E-05  8.67113E+00  6.79492E+00  4.56679E+00  7.54784E+01 -1.03237E+02  2.03177E+01  3.11731E+04  3.01915E+04  2.30361E+04  4.38227E+03  1.54080E+03  3.98432E+03  1.89248E-04  2.31479E-03  6.45228E-04
       3       5       8  5.50060E-03  6.01583E-03  5.50060E-05  1.31848E+01  1.03119E+01  6.83868E+00  4.55218E+01 -6.26310E+01  1.22128E+01  1.86125E+04  1.57367E+04  1.09882E+04  6.43168E+03  1.62493E+03  2.97966E+03  3.43079E-04  4.09073E-03  1.58203E-03
       3       5       9  8.49527E-03  1.01252E-02  8.49527E-05  1.88553E+01  1.45423E+01  9.29351E+00  1.96509E+01 -2.76567E+01  1.45499E+00  6.66371E+03  5.47613E+03  3.38182E+03  2.86584E+03  8.98184E+02  1.19694E+03  1.51685E-04  5.27185E-03  4.70168E-03
       3       5      10  9.75714E-03  6.49149E-03  9.75714E-05  5.43662E+01  4.21438E+01  2.87023E+01  3.13955E+01 -4.19658E+01 -3.54232E+00  1.45380E+04  1.08391E+04  4.98353E+03  7.52712E+03  2.02350E+03  2.32721E+03  0.00000E+00  5.42831E-03  1.06318E-03
       3       6       1  3.99927E-03  4.05087E-03  3.99927E-05  4.68815E-01  3.60641E-01  7.88008E-02  4.63103E+01 -6.07409E+01 -7.15213E-01  2.12785E+04  2.84806E+04  2.16354E+04 -1.15023E+04  1.81783E+02  5.19615E+02  8.79488E-05  3.68777E-03  2.75149E-04
       3       6       2  1.27411E-03  1.39145E-03  1.27411E-05  1.18066E+00  9.22120E-01  2.02431E-01  5.49018E+01 -6.85988E+01 -4.54623E+00  3.41828E+04  3.27634E+04  1.90088E+04  2.83170E+03 -4.39167E+02 -1.08253E+03  4.35846E-05  1.20092E-03  1.46945E-04
       3       6       3  2.06889E-03  2.23208E-03  2.06889E-05  1.68298E+00  1.29383E+00  2.75614E-01  3.03240E+01 -4.75306E+01 -3.36929E+00  2.41732E+04  2.16844E+04  1.13652E+04  5.28702E+03 -1.64360E+03 -1.96010E+03  5.25618E-05  1.68265E-03  4.96863E-04
       3       6       4  3.65441E-03  3.18865E-03  3.65441E-05  2.69639E+00  2.08958E+00  4.47934E-01  5.47553E+01 -7.03442E+01 -2.27398E+00  3.80457E+04  4.51208E+04  2.99745E+04 -1.17663E+04 -3.64721E+02  2.30070E+02  2.67476E-04  2.57186E-03  3.49315E-04
       3       6       5  4.20865E-03  4.96072E-03  4.20865E-05  4.09968E+00  3.19559E+00  6.75472E-01  3.41416E+01 -4.74154E+01 -1.71736E+00  2.67346E+04  2.65090E+04  1.29841E+04  1.04556E+03  1.53743E+03  2.76025E+03  4.70827E-04  3.92209E-03  5.67806E-04
       3       6       6  5.47854E-03  6.56353E-03  5.47854E-05  5.62354E+00  4.34636E+00  9.50079E-01  3.94673E+01 -5.01225E+01 -2.66806E+00  1.93211E+04  2.06901E+04  8.39535E+03 -6.40356E+02  1.71839E+03  1.70769E+03  1.98893E-04  5.30198E-03  1.06266E-03
       3       6       7  7.80371E-03  5.86734E-03  7.80371E-05  9.30296E+00  7.22872E+00  1.68685E+00  1.12887E+02 -1.46773E+02  7.93462E+00  3.86375E+04  4.32608E+04  1.37811E+04 -8.16337E+03  1.61096E+03  2.04868E+03  1.82808E-04  4.61749E-03  1.06704E-03
       3       6       8  7.89706E-03  9.87270E-03  7.89706E-05  1.40927E+01  1.09801E+01  2.54249E+00  7.03221E+01 -8.92582E+01  7.28929E+00  2.41406E+04  2.20779E+04  6.77428E+03  3.33106E+03  5.78079E+02  1.25813E+03  3.20183E-04  7.59782E-03  1.95470E-03
       3       6       9  1.13450E-02  1.42205E-02  1.13450E-04  1.96718E+01  1.53878E+01  3.92554E+00  3.66027E+01 -4.69724E+01  2.94007E+00  1.21660E+04  1.03175E+04  2.50049E+03  3.72444E+03  3.01559E+02  5.06234E+02  1.44530E-04  8.83276E-03  5.24318E-03
       3       6      10  1.83866E-02  2.08405E-02  1.83866E-04  5.91257E+01  4.54079E+01  1.04566E+01  3.51585E+01 -4.34909E+01  3.39448E+00  1.70144E+04  1.15623E+04  1.16258E+03  9.88308E+03 -7.13648E+01  1.91934E+02  0.00000E+00  1.97893E-02  1.05115E-03
       4       1       1  4.17963E-04  3.75270E-04  4.17963E-06  6.30307E-02  8.12409E-02  5.74458E-01 -2.16971E+00  1.70823E+01  3.42771E-01  2.51303E+04  3.25040E+04  6.88150E+04  4.05071E+03  6.60576E+03  7.98648E+03  6.19137E-05  0.00000E+00  3.13357E-04
       4       1       2  1.19368E-04  1.33345E-04  1.19368E-06  1.71819E-01  2.22515E-01  1.47716E+00  3.31654E+00  6.67944E+01 -8.34246E+00  2.34195E+04  3.20263E+04  6.26822E+04  5.45233E+03  6.71446E+03  6.93019E+03  4.67737E-05  0.00000E+00  8.65711E-05
       4       1       3  2.06148E-04  2.76150E-04  2.06148E-06  2.79882E-01  3.63348E-01  2.19457E+00  3.81227E+00  1.20960E+01 -1.83688E+00  1.39716E+04  1.51164E+04  2.77345E+04  5.00008E+03  3.76790E+03  3.93022E+03  3.23135E-05  0.00000E+00  2.43836E-04
       4       1       4  2.89748E-04  1.52622E-04  2.89748E-06  3.60878E-01  4.66311E-01  3.53371E+00  2.15739E+00  1.97507E+01 -1.27286E+01  2.67556E+04  3.62579E+04  4.31962E+04  3.32597E+03  5.18820E+02  4.57339E+03  1.05619E-04  0.00000E+00  4.70030E-05
       4       1       5  2.65118E-04  2.68688E-04  2.65118E-06  5.43419E-01  6.99867E-01  5.19705E+00 -7.54788E-01  1.16699E+01 -9.45790E+00  1.13787E+04  1.47357E+04  2.89739E+04  8.07195E+02  1.72748E+03  2.33965E+03  1.92377E-04  0.00000E+00  7.63110E-05
       4       1       6  2.13116E-04  2.11893E-04  2.13116E-06  6.91650E-01  9.09245E-01  6.92543E+00 -2.84806E+00  2.56397E+00 -1.32493E+01  4.18969E+03  5.78642E+03  2.48216E+04  8.42935E+01  2.40614E+03  2.29174E+03  8.77871E-05  0.00000E+00  1.24106E-04
       4       1       7  2.17237E-04  1.98249E-04  2.17237E-06  1.27474E+00  1.64728E+00  1.22290E+01 -4.41329E+00 -1.09815E+02  1.71389E+01  1.29345E+04  2.16321E+04  3.42079E+04  7.23183E+02  5.91820E+02  2.94583E+03  1.12332E-04  0.00000E+00  8.59164E-05
       4       1       8  3.63610E-04  3.85142E-04  3.63610E-06  1.78545E+00  2.29161E+00  1.77729E+01  2.47431E+00 -6.07381E+01  1.39279E+01  5.36887E+03  8.60730E+03  2.27477E+04  3.86802E+01  1.62851E+03  2.06347E+03  1.81735E-04  0.00000E+00  2.03407E-04
       4       1       9  3.77672E-04  5.11801E-04  3.77672E-06  2.50375E+00  3.20083E+00  2.43908E+01  1.14061E+00 -2.04039E+01  1.15367E+01  1.49696E+03  2.33223E+03  6.47551E+03  1.36549E+02  4.39619E+02  6.75458E+02  1.05535E-04  0.00000E+00  4.06266E-04
       4       1      10  1.70372E-04  1.58474E-04  1.70372E-06  8.19616E+00  1.12224E+01  6.98157E+01 -2.98790E+00 -7.52006E+01  5.71663E+00  5.75542E+03  1.35752E+04  1.38399E+04  6.53425E+02  2.08694E+02  1.58413E+03  6.54446E-05  0.00000E+00  9.30297E-05
       4       2       1  1.26123E-03  1.03318E-03  1.26123E-05  1.44119E-01  1.90014E-01  5.40363E-01 -6.24749E+01  4.70138E+01 -1.29070E+00  2.66354E+04  2.83069E+04  3.86563E+04  9.88528E+02  1.00820E+03  4.53616E+03  9.81913E-05  3.69942E-04  5.65044E-04
       4       2       2  3.63562E-04  2.71750E-04  3.63562E-06  3.51375E-01  4.60459E-01  1.39456E+00  7.77593E+00  7.16476E+01 -3.64211E+01  1.83900E+04  3.11233E+04  5.39978E+04  1.11048E+04  8.59769E+03  1.10689E+04  1.16150E-04  2.72914E-06  1.52871E-04
       4       2       3  6.26001E-04  4.23230E-04  6.26001E-06  5.04517E-01  6.61166E-01  2.07340E+00 -1.84745E+00  1.87354E+01 -7.53426E+00  1.35837E+04  1.72392E+04  3.43298E+04  1.23975E+04  9.94261E+03  8.06023E+03  5.04034E-05  3.24897E-08  3.72794E-04
       4       2       4  9.02428E-04  3.61292E-04  9.02428E-06  8.51874E-01  1.11388E+00  3.21610E+00  1.35800E+01 -2.42156E+00 -9.78026E+00  2.42704E+04  4.21392E+04  4.95193E+04  8.07764E+03  1.04590E+03  1.03795E+04  1.85862E-04  2.73316E-05  1.48099E-04
       4       2       5  8.42075E-04  6.20646E-04  8.42075E-06  1.26039E+00  1.64363E+00  4.84126E+00  2.76196E+00  1.28818E+01  4.92152E+00  7.95530E+03  1.67203E+04  3.08143E+04  1.46226E+03  2.95151E+03  5.72664E+03  3.70352E-04  2.95269E-06  2.47341E-04
       4       2       6  7.12206E-04  8.26514E-04  7.12206E-06  1.81822E+00  2.34208E+00  6.64868E+00  1.86062E+00  5.82703E+00  5.83046E+00  2.51629E+03  4.84156E+03  1.80946E+04  1.59477E+03  3.99311E+03  3.98982E+03  1.61515E-04  1.81942E-06  6.63180E-04
       4       2       7  7.02581E-04  4.99580E-04  7.02581E-06  3.01300E+00  3.85682E+00  1.10949E+01  3.68314E+01 -1.05331E+02  5.21445E+01  1.66196E+04  2.29816E+04  3.53123E+04 -3.06028E+03 -6.13169E+02  6.56102E+03  2.26096E-04  7.16555E-05  2.01829E-04
       4       2       8  1.15934E-03  8.55889E-04  1.15934E-05  4.36817E+00  5.51891E+00  1.66798E+01 -1.09134E+00 -6.53470E+01  3.06080E+01  4.85588E+03  1.10659E+04  2.22355E+04  1.48436E+03  1.93291E+03  3.85355E+03  4.28938E-04  2.14947E-06  4.24801E-04
       4       2       9  1.28601E-03  1.07012E-03  1.28601E-05  6.01797E+00  7.51545E+00  2.29124E+01  2.22067E+00 -1.63733E+01  9.39885E+00  1.24275E+03  2.82415E+03  7.68773E+03  4.55990E+02  1.13001E+03  1.73435E+03  1.93899E-04  0.00000E+00  8.76225E-04
       4       2      10  5.85032E-04  5.56568E-04  5.85032E-06  1.67184E+01  2.09554E+01  6.44988E+01 -2.88115E+00 -6.86810E+01  3.10302E+01  4.67420E+03  1.32837E+04  1.73108E+04  1.51675E+03 -7.26985E+02  3.55473E+03  2.16429E-04  0.00000E+00  3.40139E-04
       4       3       1  2.11130E-03  2.12021E-03  2.11130E-05  2.14957E-01  2.80381E-01  4.77705E-01 -8.17422E+01  6.54868E+01 -4.53042E+00  2.24010E+04  2.11331E+04  2.53565E+04 -9.83343E+02 -9.35417E+02  9.26052E+02  9.46109E-05  1.64657E-03  3.79024E-04
       4       3       2  6.20514E-04  6.81395E-04  6.20514E-06  5.44791E-01  7.00951E-01  1.22893E+00 -6.10714E+01  6.87505E+01 -3.33589E+01  2.20832E+04  2.59772E+04  3.62077E+04  7.04754E+03  1.00791E+03  3.80604E+03  1.42564E-04  4.27796E-04  1.11035E-04
       4       3       3  1.05950E-03  1.06631E-03  1.05950E-05  8.21134E-01  1.07512E+00  1.82112E+00 -2.02133E+01  2.57136E+01  9.44060E-01  7.96674E+03  1.25507E+04  1.76811E+04  7.56247E+03  5.34210E+03  4.24681E+03  6.45409E-05  7.42985E-04  2.58787E-04
       4       3       4  1.60168E-03  1.11522E-03  1.60168E-05  1.24739E+00  1.60715E+00  2.82823E+00  1.04448E+02 -6.75825E+01 -1.84730E-01  4.53499E+04  3.79268E+04  3.32243E+04 -1.15910E+04  2.51369E+03  6.98642E+03  2.09523E-04  6.67539E-04  2.38157E-04
       4       3       5  1.55740E-03  1.75710E-03  1.55740E-05  2.00173E+00  2.57976E+00  4.12232E+00  4.81231E+01 -3.02788E+01 -7.78635E+00  1.76117E+04  1.85733E+04  2.18918E+04  1.44653E+03  3.71581E+03  5.07608E+03  4.07387E-04  9.48175E-04  4.01541E-04
       4       3       6  1.45595E-03  1.71846E-03  1.45595E-05  2.50033E+00  3.22823E+00  5.67820E+00  3.63986E+01 -2.42097E+01 -2.82058E+00  8.98922E+03  8.41308E+03  1.32495E+04 -8.40449E+02  4.41270E+03  4.18018E+03  1.61858E-04  8.02679E-04  7.53924E-04
       4       3       7  1.40466E-03  1.36079E-03  1.40466E-05  4.48318E+00  5.77380E+00  9.83776E+00  1.02491E+02 -9.45665E+01  3.56031E+01  2.52602E+04  2.23303E+04  2.60555E+04 -6.14393E+03  2.02140E+03  4.91829E+03  2.62586E-04  7.81582E-04  3.16624E-04
       4       3       8  2.15367E-03  2.68692E-03  2.15367E-05  6.64563E+00  8.56134E+00  1.45393E+01  6.85171E+01 -6.29987E+01  2.25923E+01  1.26059E+04  1.15959E+04  1.49075E+04 -1.94091E+03  1.96348E+03  2.91357E+03  5.37693E-04  1.48759E-03  6.61634E-04
       4       3       9  2.72137E-03  2.84753E-03  2.72137E-05  9.21588E+00  1.16602E+01  1.95741E+01  2.96983E+01 -2.43164E+01  6.78390E+00  4.33954E+03  4.06577E+03  6.15155E+03 -2.05558E+02  1.58007E+03  1.72686E+03  1.94972E-04  1.00459E-03  1.64797E-03
       4       3      10  1.39401E-03  1.43246E-03  1.39401E-05  2.64561E+01  3.46263E+01  5.83996E+01  1.32227E+01 -3.66826E+01  2.56760E+01  5.17853E+03  9.42106E+03  1.71549E+04  3.38811E+03  1.56221E+03  3.92963E+03  2.77615E-04  4.33201E-04  7.21647E-04
       4       4       1  2.92350E-03  3.20064E-03  2.92350E-05  3.04333E-01  3.96197E-01  3.51867E-01  8.05126E+00 -3.41428E+00 -3.31727E+00  2.97910E+04  2.40952E+04  1.79989E+04 -9.65692E+03  5.45851E+02  1.14112E+03  9.02945E-05  2.71983E-03  3.90519E-04
       4       4       2  8.83764E-04  1.06009E-03  8.83764E-06  7.59227E-01  9.82368E-01  8.65404E-01  3.81909E+01 -1.17274E+01 -2.63242E+01  3.08416E+04  2.92092E+04  2.11271E+04 -1.84248E+03 -8.90168E+01  2.34846E+03  1.44629E-04  7.84809E-04  1.30651E-04
       4       4       3  1.48599E-03  1.41618E-03  1.48599E-05  1.06850E+00  1.37907E+00  1.25658E+00  3.69184E+01 -2.89616E+01 -1.23715E+01  1.87454E+04  1.79735E+04  1.18255E+04 -3.94942E+03  3.23272E+03  1.94449E+03  6.51956E-05  1.01807E-03  3.32916E-04
       4       4       4  2.38650E-03  1.76200E-03  2.38650E-05  1.70281E+00  2.20192E+00  2.01535E+00  9.43270E+01 -7.41319E+01 -5.73514E+00  5.23436E+04  4.32644E+04  2.35258E+04 -1.77555E+04 -1.49879E+03  1.76054E+03  2.13295E-04  1.36351E-03  1.85194E-04
       4       4       5  2.46428E-03  3.66444E-03  2.46428E-05  2.60481E+00  3.39038E+00  3.00648E+00  5.88201E+01 -4.19326E+01 -2.65426E+00  2.32525E+04  2.41628E+04  1.55239E+04 -4.40987E+02  1.83243E+03  2.20681E+03  3.99843E-04  2.95531E-03  3.09295E-04
       4       4       6  2.62814E-03  2.53154E-03  2.62814E-05  3.55568E+00  4.62747E+00  3.98281E+00  3.91261E+01 -2.69382E+01  1.62866E+00  1.50865E+04  1.48798E+04  1.03396E+04  2.72396E+03  3.47872E+03  3.36679E+03  1.62543E-04  1.74707E-03  6.21925E-04
       4       4       7  2.71422E-03  2.72020E-03  2.71422E-05  6.00203E+00  7.74464E+00  6.98014E+00  1.27480E+02 -1.11392E+02  2.46310E+01  3.53437E+04  3.07215E+04  2.09636E+04 -9.34559E+03  2.08185E+03  3.65676E+03  2.90490E-04  2.02046E-03  4.09254E-04
       4       4       8  3.48412E-03  4.84504E-03  3.48412E-05  9.07038E+00  1.16989E+01  1.04300E+01  7.10316E+01 -6.99864E+01  8.10600E+00  1.54594E+04  1.68406E+04  1.21559E+04  9.35125E+02  1.88712E+03  1.96614E+03  4.79380E-04  3.56949E-03  7.96171E-04
       4       4       9  5.11439E-03  6.70969E-03  5.11439E-05  1.25781E+01  1.63487E+01  1.44044E+01  3.61608E+01 -3.18231E+01  1.09739E+00  5.58775E+03  6.43799E+03  4.42864E+03  1.17918E+03  7.94384E+02  7.73493E+02  2.42552E-04  4.43929E-03  2.02785E-03
       4       4      10  3.64934E-03  4.78995E-03  3.64934E-05  3.67425E+01  4.81126E+01  4.10572E+01  4.74125E+01 -4.47701E+01  8.34727E+00  1.00949E+04  1.31760E+04  8.84101E+03  4.56398E+03  9.95799E+02  1.35613E+03  2.63518E-04  4.17446E-03  3.51971E-04
       4       5       1  3.59360E-03  3.34908E-03  3.59360E-05  3.38788E-01  4.39730E-01  2.36963E-01  1.03942E+01 -6.66990E+00 -4.12103E+00  2.69499E+04  2.23844E+04  2.36297E+04 -7.42044E+03 -2.75997E+02  2.98961E+02  9.19511E-05  2.85438E-03  4.02752E-04
       4       5       2  1.11939E-03  1.11393E-03  1.11939E-05  8.51974E-01  1.09719E+00  5.92551E-01  4.31226E+01 -2.78705E+01 -2.67292E+01  3.14722E+04  3.26008E+04  2.38936E+04  3.55737E+03 -4.49783E+02  1.94419E+02  1.31873E-04  8.48340E-04  1.33718E-04
       4       5       3  1.84732E-03  1.79444E-03  1.84732E-05  1.22093E+00  1.56764E+00  8.39006E-01  4.23770E+01 -2.77376E+01 -8.02187E+00  1.98850E+04  2.03379E+04  1.28653E+04  1.23769E+03  1.08981E+03  3.49951E+02  7.14262E-05  1.38791E-03  3.35102E-04
       4       5       4  3.14074E-03  1.98239E-03  3.14074E-05  1.94128E+00  2.53040E+00  1.31984E+00  7.80084E+01 -5.93028E+01 -3.96207E+00  3.91356E+04  3.49532E+04  3.63960E+04 -7.63073E+03 -1.28448E+03  1.05743E+03  2.13638E-04  1.62958E-03  1.39169E-04
       4       5       5  3.45759E-03  3.53727E-03  3.45759E-05  2.95420E+00  3.84452E+00  2.10479E+00  4.98383E+01 -4.02286E+01 -4.55312E+00  2.06526E+04  2.43896E+04  1.79462E+04  2.62858E+03 -4.95943E+01  3.11103E+02  3.78582E-04  2.85353E-03  3.05165E-04
       4       5       6  4.17523E-03  3.95125E-03  4.17523E-05  4.04004E+00  5.30253E+00  2.78366E+00  4.30628E+01 -2.80065E+01  1.45759E+00  1.51865E+04  1.55838E+04  8.66495E+03  4.64458E+03  6.97843E+02  1.22592E+03  1.58085E-04  3.08363E-03  7.09532E-04
       4       5       7  5.10416E-03  3.05945E-03  5.10416E-05  6.70623E+00  8.72929E+00  4.56453E+00  9.83551E+01 -8.06112E+01  2.33682E+01  2.89965E+04  3.06320E+04  2.40686E+04  3.55074E+03  1.67211E+03  2.71811E+03  2.81547E-04  2.23156E-03  5.46349E-04
       4       5       8  5.44005E-03  5.77062E-03  5.44005E-05  1.01603E+01  1.32508E+01  6.88487E+00  6.30544E+01 -4.68165E+01  1.88221E+01  1.53529E+04  1.75658E+04  1.20972E+04  5.59961E+03  1.59980E+03  2.18827E+03  5.11578E-04  3.96327E-03  1.29577E-03
       4       5       9  8.41349E-03  8.93467E-03  8.41349E-05  1.42365E+01  1.86790E+01  9.52284E+00  3.18351E+01 -2.20418E+01  3.33215E+00  5.64155E+03  6.64291E+03  3.84023E+03  2.54981E+03  5.95433E+02  5.04640E+02  2.09639E-04  5.10901E-03  3.61601E-03
       4       5      10  9.51494E-03  6.11559E-03  9.51494E-05  4.17849E+01  5.39036E+01  2.82853E+01  4.24641E+01 -3.02238E+01  7.85549E+00  1.08669E+04  1.40345E+04  6.37798E+03  7.23303E+03 -1.21414E+03 -4.41305E+02  2.61239E-04  4.73738E-03  1.11697E-03
       4       6       1  3.98132E-03  4.11770E-03  3.98132E-05  3.62561E-01  4.71979E-01  7.87185E-02  5.84995E+01 -4.62393E+01 -4.05108E+00  2.74808E+04  2.18320E+04  2.13430E+04 -1.13878E+04 -2.86473E+02 -3.33941E+02  9.28690E-05  3.73447E-03  2.90359E-04
       4       6       2  1.26505E-03  1.35904E-03  1.26505E-05  9.13224E-01  1.18519E+00  1.98767E-01  7.26850E+01 -5.53255E+01 -1.91983E+01  3.10598E+04  3.10520E+04  2.11236E+04  6.96103E+01 -1.57954E+03 -3.89265E+02  1.08904E-04  1.13281E-03  1.17326E-04
       4       6       3  2.06025E-03  2.20896E-03  2.06025E-05  1.29886E+00  1.68274E+00  2.76713E-01  4.52253E+01 -3.85805E+01 -8.56539E+00  1.90170E+04  2.07732E+04  1.19936E+04  1.21299E+03  5.14759E+01 -1.23712E+03  9.54243E-05  1.77871E-03  3.34821E-04
       4       6       4  3.62648E-03  3.07216E-03  3.62648E-05  2.09350E+00  2.72016E+00  4.61721E-01  7.65957E+01 -5.72484E+01 -3.88291E+00  4.47433E+04  3.69609E+04  2.82475E+04 -1.56446E+04  3.14998E+02  6.28905E+02  2.07809E-04  2.64833E-03  2.16019E-04
       4       6       5  4.16526E-03  4.48033E-03  4.16526E-05  3.16460E+00  4.12042E+00  6.82087E-01  4.88535E+01 -3.69594E+01 -1.50646E+00  2.64958E+04  2.59800E+04  1.17899E+04 -5.79113E+02  1.68158E+03  1.55875E+03  3.68294E-04  3.69715E-03  4.14888E-04
       4       6       6  5.41886E-03  6.53480E-03  5.41886E-05  4.33276E+00  5.61343E+00  9.57386E-01  5.39142E+01 -3.98470E+01 -7.51702E-01  1.94346E+04  1.88862E+04  8.26109E+03 -2.96969E+03  1.22645E+03  1.00138E+03  1.57400E-04  5.52411E-03  8.53293E-04
       4       6       7  7.65445E-03  5.65518E-03  7.65445E-05  7.19920E+00  9.34095E+00  1.62808E+00  1.53792E+02 -1.17105E+02  1.41994E+01  4.33126E+04  3.76817E+04  1.51421E+04 -1.09114E+04  1.36424E+03  1.51019E+03  2.77611E-04  4.63265E-03  7.44922E-04
       4       6       8  7.74319E-03  9.38390E-03  7.74319E-05  1.08879E+01  1.41518E+01  2.44443E+00  9.32416E+01 -7.44142E+01  9.83924E+00  2.22534E+04  2.40830E+04  7.38646E+03  2.29930E+03  7.42695E+02  6.57727E+02  5.00487E-04  7.50593E-03  1.37748E-03
       4       6       9  1.12065E-02  1.19921E-02  1.12065E-04  1.50925E+01  1.96028E+01  3.49893E+00  5.52830E+01 -4.27625E+01  4.51427E+00  1.15361E+04  1.35274E+04  2.89462E+03  3.69955E+03  2.66936E+02  4.73193E+02  2.05347E-04  8.74290E-03  3.04381E-03
       4       6      10  1.77857E-02  2.07784E-02  1.77857E-04  4.52123E+01  5.88480E+01  8.86830E+00  4.43080E+01 -3.48874E+01  4.25880E+00  1.16085E+04  1.67950E+04  1.77123E+03  9.82696E+03  1.96762E+02  3.11984E+02  2.58059E-04  1.99654E-02  5.54880E-04
       5       1       1  4.17914E-04  5.06624E-04  4.17914E-06  3.80498E-02  9.68127E-02  5.53619E-01  2.27694E+00  5.18676E+00 -2.64207E+00  1.59215E+04  2.65815E+04  6.11529E+04  4.48667E+03  9.59631E+03  5.60493E+03  5.41831E-05  0.00000E+00  4.52441E-04
       5       1       2  1.19351E-04  1.48492E-04  1.19351E-06  1.13113E-01  2.77561E-01  1.48052E+00  4.80179E+00  3.59485E+01 -4.49495E+00  1.79835E+04  2.45064E+04  6.15914E+04  2.14682E+03  1.01727E+04  7.57198E+03  3.97161E-05  0.00000E+00  1.08776E-04
       5       1       3  2.06126E-04  2.91125E-04  2.06126E-06  1.71843E-01  4.24776E-01  2.19090E+00 -7.18349E-01 -1.16859E-01 -5.25268E+00  1.17695E+04  1.92757E+04  1.81132E+04  3.82900E+03  2.99460E+03  2.30330E+03  2.78489E-05  0.00000E+00  2.63276E-04
       5       1       4  2.89697E-04  1.30912E-04  2.89697E-06  2.41434E-01  5.73216E-01  3.55050E+00  2.35838E-01  1.10763E+01 -9.69456E+00  2.59326E+04  3.85661E+04  3.84775E+04  3.07367E+03  7.27983E+02  2.33034E+03  8.91588E-05  0.00000E+00  4.17534E-05
       5       1       5  2.65073E-04  2.36848E-04  2.65073E-06  3.46006E-01  8.21838E-01  5.18262E+00 -1.03242E+00  1.34173E+01  2.09824E+00  1.07075E+04  1.46859E+04  2.69366E+04  1.78422E+02  1.80180E+03  8.09082E+02  1.66658E-04  0.00000E+00  7.01892E-05
       5       1       6  2.13074E-04  2.34532E-04  2.13074E-06  4.70077E-01  1.13468E+00  7.01422E+00  1.31489E+00  5.12890E+00 -2.41667E+00  3.52745E+03  4.97094E+03  1.99483E+04  1.04638E+02  2.54121E+03  1.08953E+03  8.02429E-05  0.00000E+00  1.54289E-04
       5       1       7  2.17207E-04  1.69951E-04  2.17207E-06  7.93028E-01  1.91818E+00  1.21626E+01  1.98495E+00 -1.10924E+02  2.70191E+01  1.37490E+04  2.25438E+04  3.36160E+04  1.38154E+02  9.23715E+02  2.15300E+03  1.00885E-04  0.00000E+00  6.90662E-05
       5       1       8  3.63563E-04  3.16644E-04  3.63563E-06  1.15379E+00  2.82150E+00  1.79396E+01 -3.38146E+00 -6.69674E+01  4.52873E+00  5.65893E+03  9.18875E+03  2.16588E+04  5.77078E+02  2.05388E+03  1.04662E+03  1.63490E-04  0.00000E+00  1.53153E-04
       5       1       9  3.77588E-04  3.82860E-04  3.77588E-06  1.67192E+00  4.12719E+00  2.41132E+01 -2.51686E-01 -2.76255E+01 -7.06470E+00  1.64192E+03  2.73341E+03  7.79681E+03 -5.56412E+01  8.28062E+02  5.24814E+02  9.01521E-05  0.00000E+00  2.92708E-04
       5       1      10  1.70336E-04  1.45844E-04  1.70336E-06  5.17531E+00  1.17350E+01  6.77504E+01 -4.85543E+00 -7.69712E+01 -1.25402E+01  5.96529E+03  1.32640E+04  1.73307E+04  7.94687E+02  1.16104E+03  1.51481E+03  5.92661E-05  0.00000E+00  8.65780E-05
       5       2       1  1.26050E-03  1.29939E-03  1.26050E-05  8.69291E-02  2.15833E-01  5.41717E-01 -6.08625E+01  3.02556E+01 -4.89361E+00  2.27639E+04  2.44005E+04  3.64591E+04  3.40509E+02  4.54808E+03  3.39825E+03  7.86542E-05  4.17012E-04  8.03722E-04
       5       2       2  3.63302E-04  2.12527E-04  3.63302E-06  2.21316E-01  5.34928E-01  1.39080E+00  2.95633E+00  6.56350E+01 -3.58284E+01  1.56367E+04  3.89229E+04  5.55093E+04  1.11722E+04  1.73091E+04  8.97818E+03  7.45513E-05  3.83044E-06  1.34145E-04
       5       2       3  6.25668E-04  4.09761E-04  6.25668E-06  3.09376E-01  7.67168E-01  2.08122E+00  1.20479E-01  1.36405E+01 -9.16882E+00  5.60993E+03  2.21889E+04  2.91434E+04  8.66582E+03  8.86618E+03  3.96173E+03  4.71829E-05  6.82284E-07  3.61896E-04
       5       2       4  9.01639E-04  4.01734E-04  9.01639E-06  5.78645E-01  1.40990E+00  3.24284E+00  6.82738E+01 -1.17409E+01 -1.46936E+00  3.29865E+04  3.45374E+04  3.79471E+04 -3.85738E+03  1.68844E+03  4.18290E+03  1.40597E-04  1.42495E-04  1.18643E-04
       5       2       5  8.41328E-04  5.22335E-04  8.41328E-06  8.11188E-01  1.91036E+00  4.81741E+00  1.94849E+00  1.51507E+01  1.07791E+00  5.45900E+03  1.78189E+04  3.12503E+04  1.82603E+03  5.32209E+03  3.57669E+03  2.79821E-04  2.50058E-06  2.40013E-04
       5       2       6  7.11468E-04  7.63861E-04  7.11468E-06  1.11854E+00  2.66756E+00  6.71414E+00 -1.66639E+00  6.66366E-01 -3.77162E+00  1.25146E+03  4.62672E+03  1.45300E+04  7.79399E+02  3.68223E+03  1.79964E+03  1.22765E-04  1.23136E-05  6.28783E-04
       5       2       7  7.02005E-04  4.23443E-04  7.02005E-06  1.94661E+00  4.77605E+00  1.10709E+01  7.45281E+01 -1.01319E+02  3.92363E+01  2.44270E+04  2.10306E+04  2.82136E+04 -4.72398E+03  3.27579E+02  2.53228E+03  1.57408E-04  1.30702E-04  1.35332E-04
       5       2       8  1.15860E-03  6.48227E-04  1.15860E-05  2.62694E+00  6.46311E+00  1.66170E+01  1.18631E+01 -7.22541E+01  3.26124E+01  5.32341E+03  1.27052E+04  2.18817E+04  1.50774E+02  2.56959E+03  2.19615E+03  3.24834E-04  3.25907E-05  2.90803E-04
       5       2       9  1.28451E-03  8.03264E-04  1.28451E-05  3.64393E+00  8.73661E+00  2.31093E+01 -5.56504E-01 -2.16912E+01  6.32068E+00  9.30669E+02  3.39679E+03  8.62738E+03  5.32644E+02  1.86851E+03  9.68168E+02  1.31293E-04  5.45635E-06  6.66515E-04
       5       2      10  5.84216E-04  5.30141E-04  5.84216E-06  1.07592E+01  2.66281E+01  6.74339E+01  2.90246E+00 -4.05039E+01  1.78406E+01  2.67112E+03  9.84110E+03  1.84154E+04  1.20333E+03  2.68206E+03  2.19438E+03  1.18832E-04  3.37301E-05  3.77579E-04
       5       3       1  2.10834E-03  2.14403E-03  2.10834E-05  1.34914E-01  3.25271E-01  4.79772E-01 -8.94285E+01  4.02545E+01 -1.36386E+00  2.20811E+04  2.12105E+04  2.53286E+04 -6.65597E+01  2.92452E+02  2.79213E+02  6.56540E-05  1.63625E-03  4.42127E-04
       5       3       2  6.19361E-04  5.85734E-04  6.19361E-06  3.42382E-01  8.32309E-01  1.20761E+00 -6.90936E+01  5.52471E+01 -1.97507E+01  1.87591E+04  3.30061E+04  3.54076E+04  6.54774E+03  3.19163E+03  2.88791E+03  8.82407E-05  3.79279E-04  1.18214E-04
       5       3       3  1.05813E-03  1.16125E-03  1.05813E-05  5.05370E-01  1.21418E+00  1.81409E+00 -2.73924E+01  9.48219E+00 -7.97130E+00  5.03821E+03  1.62615E+04  1.98127E+04  5.67365E+03  7.48698E+03  3.23688E+03  4.11827E-05  8.12539E-04  3.07526E-04
       5       3       4  1.59815E-03  9.67618E-04  1.59815E-05  7.88813E-01  1.87792E+00  2.77570E+00  1.23071E+02 -5.02279E+01 -5.56618E+00  5.07578E+04  3.75325E+04  3.43931E+04 -9.05500E+03  6.42109E+03  5.09895E+03  1.44712E-04  5.76337E-04  2.46569E-04
       5       3       5  1.55364E-03  1.59031E-03  1.55364E-05  1.26397E+00  3.02062E+00  4.11659E+00  6.20165E+01 -1.87475E+01  3.99092E-01  1.68670E+04  2.04628E+04  2.20408E+04  1.15902E+03  5.60858E+03  3.26704E+03  2.92852E-04  9.50791E-04  3.46664E-04
       5       3       6  1.45189E-03  1.65641E-03  1.45189E-05  1.57584E+00  3.78804E+00  5.69323E+00  4.46050E+01 -1.10554E+01  2.01081E+00  9.25520E+03  8.56139E+03  1.45128E+04 -4.80455E+02  6.49387E+03  3.14997E+03  1.17278E-04  7.91425E-04  7.47711E-04
       5       3       7  1.40066E-03  1.23274E-03  1.40066E-05  2.85276E+00  6.74941E+00  9.84327E+00  1.08559E+02 -6.49377E+01  2.56333E+01  2.51713E+04  2.08753E+04  2.83087E+04 -3.38701E+03  6.53386E+03  4.68393E+03  1.78158E-04  6.85606E-04  3.68974E-04
       5       3       8  2.15006E-03  2.58105E-03  2.15006E-05  4.20486E+00  9.92232E+00  1.45676E+01  7.74381E+01 -4.15410E+01  1.50072E+01  1.27988E+04  1.10958E+04  1.59173E+04 -8.93372E+02  4.41943E+03  2.47989E+03  3.04800E-04  1.47453E-03  8.01719E-04
       5       3       9  2.71296E-03  3.10496E-03  2.71296E-05  5.68567E+00  1.35959E+01  1.99024E+01  2.93788E+01 -1.70696E+01  6.47433E+00  3.82259E+03  3.91166E+03  6.47596E+03  8.17752E+00  2.49801E+03  1.17314E+03  1.62417E-04  9.70296E-04  1.97225E-03
       5       3      10  1.38679E-03  1.62487E-03  1.38679E-05  1.73564E+01  4.04609E+01  6.08108E+01  1.27675E+01 -1.83724E+01  1.15216E+01  2.49437E+03  9.17177E+03  1.73611E+04  2.70465E+03  5.94144E+03  3.29725E+03  1.38148E-04  4.30390E-04  1.05633E-03
       5       4       1  2.91646E-03  3.42169E-03  2.91646E-05  1.89724E-01  4.62040E-01  3.52071E-01  9.09747E+00 -1.50980E+00 -7.66424E-01  3.33616E+04  2.24302E+04  1.82729E+04 -5.17604E+03  1.19239E+03  4.99710E+02  6.34793E-05  2.78897E-03  5.69245E-04
       5       4       2  8.80725E-04  1.04635E-03  8.80725E-06  4.67977E-01  1.13922E+00  8.64686E-01  4.22025E+01 -8.63190E+00 -1.62842E+01  3.14497E+04  3.08910E+04  1.97488E+04 -1.13377E+02  2.95841E+03  1.44733E+03  8.30007E-05  7.97203E-04  1.66142E-04
       5       4       3  1.48268E-03  1.48896E-03  1.48268E-05  6.58257E-01  1.61920E+00  1.24329E+00  3.74718E+01 -1.12417E+01  1.72286E+00  1.77828E+04  1.41817E+04  1.00848E+04 -3.06316E+03  3.22214E+03  1.09611E+03  4.30332E-05  1.10087E-03  3.45063E-04
       5       4       4  2.37712E-03  1.66986E-03  2.37712E-05  1.06623E+00  2.54742E+00  2.01623E+00  1.21439E+02 -4.30104E+01 -1.00225E+00  6.40623E+04  3.67051E+04  2.19205E+04 -1.18533E+04 -2.29991E+02  1.69800E+03  1.49512E-04  1.33103E-03  1.89318E-04
       5       4       5  2.45270E-03  3.74542E-03  2.45270E-05  1.62346E+00  3.95700E+00  3.00290E+00  6.84036E+01 -3.16113E+01 -5.17065E+00  2.38868E+04  2.41736E+04  1.42412E+04 -1.75204E+03  2.54238E+03  9.02605E+02  2.68162E-04  3.11913E-03  3.58122E-04
       5       4       6  2.61427E-03  2.80137E-03  2.61427E-05  2.33977E+00  5.56796E+00  4.10407E+00  4.12968E+01 -9.76627E+00 -7.38998E-01  1.08869E+04  1.49171E+04  8.59004E+03  2.72116E+03  3.84426E+03  1.34000E+03  1.16592E-04  1.85857E-03  8.26210E-04
       5       4       7  2.69479E-03  2.58061E-03  2.69479E-05  3.72309E+00  9.03962E+00  6.96220E+00  1.56887E+02 -6.82205E+01  1.95609E+01  4.03810E+04  2.71623E+04  1.94561E+04 -7.01405E+03  2.79271E+03  2.10089E+03  1.67068E-04  2.00571E-03  4.07827E-04
       5       4       8  3.47072E-03  4.65202E-03  3.47072E-05  5.66193E+00  1.37063E+01  1.04511E+01  9.10917E+01 -3.86215E+01  1.65802E+01  1.56400E+04  1.72121E+04  1.21594E+04  7.54144E+02  1.66657E+03  1.50468E+03  3.65617E-04  3.49901E-03  7.87386E-04
       5       4       9  5.08531E-03  6.29448E-03  5.08531E-05  7.95529E+00  1.88881E+01  1.44871E+01  4.73625E+01 -1.82203E+01  2.49254E+00  5.49498E+03  7.19304E+03  4.56613E+03  8.76636E+02  7.64322E+02  4.64305E+02  1.09828E-04  4.35691E-03  1.82774E-03
       5       4      10  3.60384E-03  4.76530E-03  3.60384E-05  2.32667E+01  5.67051E+01  4.07787E+01  6.06158E+01 -2.72245E+01  3.90405E+00  8.21273E+03  1.52777E+04  8.05652E+03  3.36373E+03 -4.65112E+02  9.01214E+01  1.40307E-04  4.45773E-03  1.67260E-04
       5       5       1  3.58164E-03  3.53255E-03  3.58164E-05  2.08066E-01  5.07435E-01  2.34315E-01  1.17607E+01 -3.48894E+00 -1.35676E+00  2.81616E+04  1.94320E+04  2.23560E+04 -4.49344E+03  2.43669E+02 -1.86962E+02  6.19023E-05  2.82327E-03  6.47377E-04
       5       5       2  1.11372E-03  1.12561E-03  1.11372E-05  5.39627E-01  1.28580E+00  5.89118E-01  4.97109E+01 -1.51560E+01 -1.32801E+01  3.00746E+04  3.81918E+04  2.17508E+04  4.96110E+03 -1.28079E+03  2.90626E+02  7.62938E-05  9.02256E-04  1.47064E-04
       5       5       3  1.84161E-03  1.76119E-03  1.84161E-05  7.40043E-01  1.84927E+00  8.47865E-01  5.33688E+01 -1.64265E+01 -5.49339E+00  2.01334E+04  2.21930E+04  1.31463E+04  1.31071E+03  1.13913E+03  4.54078E+02  4.34171E-05  1.29479E-03  4.22976E-04
       5       5       4  3.12321E-03  1.91962E-03  3.12321E-05  1.23120E+00  2.93637E+00  1.34608E+00  9.23843E+01 -3.67474E+01  1.91412E+00  4.14929E+04  3.38958E+04  3.34555E+04 -4.74520E+03 -5.84102E+02  2.18424E+03  1.38539E-04  1.63572E-03  1.45361E-04
       5       5       5  3.43274E-03  3.49737E-03  3.43274E-05  1.86679E+00  4.48353E+00  2.11069E+00  6.07487E+01 -2.63225E+01 -5.10182E+00  2.00684E+04  2.61824E+04  1.64474E+04  1.89792E+03  1.31564E+03 -9.95255E+02  2.57532E-04  2.92768E-03  3.12157E-04
       5       5       6  4.14269E-03  3.95378E-03  4.14269E-05  2.55836E+00  6.12879E+00  2.78875E+00  4.95052E+01 -1.33088E+01  2.71975E+00  1.28239E+04  1.74424E+04  8.23844E+03  3.82537E+03  3.01054E+02  1.30178E+03  1.10763E-04  3.06598E-03  7.77033E-04
       5       5       7  5.03914E-03  2.98951E-03  5.03914E-05  4.21854E+00  1.01992E+01  4.54258E+00  1.17494E+02 -5.35468E+01  8.11185E+00  2.78583E+04  3.31008E+04  2.31241E+04  2.31354E+03  3.76207E+03  1.26822E+03  1.70645E-04  2.27713E-03  5.41736E-04
       5       5       8  5.38917E-03  5.78926E-03  5.38917E-05  6.35250E+00  1.54510E+01  6.90137E+00  6.86692E+01 -3.33027E+01  2.34591E+00  1.19111E+04  2.13134E+04  1.08373E+04  4.17178E+03  3.31203E+03  7.56904E+02  3.11955E-04  4.02479E-03  1.45252E-03
       5       5       9  8.34352E-03  9.85571E-03  8.34352E-05  8.85568E+00  2.20244E+01  9.50892E+00  3.03863E+01 -1.24088E+01  5.35623E+00  3.65306E+03  7.17032E+03  3.19407E+03  1.71218E+03  1.18219E+03  6.31050E+02  1.38090E-04  5.07259E-03  4.64503E-03
       5       5      10  9.31138E-03  5.45796E-03  9.31138E-05  2.60631E+01  6.32914E+01  2.97732E+01  4.28115E+01 -2.08223E+01  9.48934E+00  6.95453E+03  1.72744E+04  5.80938E+03  4.97758E+03  2.26016E+03  1.15234E+03  1.39647E-04  3.77945E-03  1.53886E-03
       5       6       1  3.96586E-03  4.34486E-03  3.96586E-05  2.25576E-01  5.47404E-01  7.91196E-02  6.62103E+01 -2.80512E+01 -1.41924E+00  3.13829E+04  1.65687E+04  2.06855E+04 -7.37401E+03  1.14141E+02  1.38814E+02  5.64382E-05  3.80078E-03  4.87647E-04
       5       6       2  1.25731E-03  1.36379E-03  1.25731E-05  5.74081E-01  1.38383E+00  2.03568E-01  7.91401E+01 -3.27611E+01 -1.52192E+01  3.14652E+04  3.66941E+04  1.86578E+04  3.19739E+03 -1.98683E+03 -4.40214E+02  7.61136E-05  1.12808E-03  1.59596E-04
       5       6       3  2.05280E-03  2.09535E-03  2.05280E-05  8.02495E-01  1.95569E+00  2.68147E-01  5.72228E+01 -2.22214E+01 -1.43091E+00  1.90861E+04  2.86756E+04  1.15392E+04  3.78356E+03 -3.48801E+03 -3.41517E+01  4.65713E-05  1.61701E-03  4.31774E-04
       5       6       4  3.60255E-03  3.18816E-03  3.60255E-05  1.31281E+00  3.18612E+00  4.48426E-01  8.85682E+01 -3.43535E+01 -2.09967E+00  5.25788E+04  3.47570E+04  2.60932E+04 -8.83716E+03  1.79250E+03  9.16319E+02  1.40254E-04  2.70157E-03  3.46341E-04
       5       6       5  4.12837E-03  4.23236E-03  4.12837E-05  1.98229E+00  4.78282E+00  6.86955E-01  5.44512E+01 -2.46053E+01 -3.05807E+00  2.73759E+04  3.13034E+04  1.10319E+04  1.52123E+03  3.45575E+03  5.92557E+02  2.51702E-04  3.36090E-03  6.19756E-04
       5       6       6  5.36793E-03  6.84167E-03  5.36793E-05  2.70712E+00  6.57686E+00  9.78538E-01  5.62975E+01 -2.58442E+01  1.97483E+00  2.00670E+04  2.10848E+04  7.87291E+03 -5.28001E+02  2.09566E+03  1.76417E+03  1.02533E-04  5.47670E-03  1.26244E-03
       5       6       7  7.52819E-03  6.04927E-03  7.52819E-05  4.46512E+00  1.09049E+01  1.71194E+00  1.65321E+02 -7.08302E+01  7.20458E+00  4.58095E+04  3.66174E+04  1.26747E+04 -5.51974E+03  3.32254E+03  1.03972E+03  1.81377E-04  4.58248E-03  1.28541E-03
       5       6       8  7.61535E-03  1.01700E-02  7.61535E-05  6.75069E+00  1.65155E+01  2.52960E+00  1.02041E+02 -4.40505E+01  6.56962E+00  2.01886E+04  2.66854E+04  6.34113E+03  2.65824E+03  1.89622E+03  7.21606E+02  2.91563E-04  7.55496E-03  2.32351E-03
       5       6       9  1.10889E-02  1.45662E-02  1.10889E-04  9.43596E+00  2.31557E+01  3.66911E+00  5.31284E+01 -2.25442E+01 -2.48758E+00  8.33633E+03  1.39557E+04  2.38067E+03  2.82381E+03  6.96308E+02 -2.30609E+01  1.39879E-04  8.84797E-03  5.57832E-03
       5       6      10  1.72852E-02  2.12590E-02  1.72852E-04  2.84398E+01  6.87351E+01  9.18106E+00  5.24149E+01 -2.12895E+01 -3.43873E+00  7.00461E+03  2.13695E+04  1.53784E+03  7.21022E+03  1.96646E+02 -1.78416E+02  1.40307E-04  2.07877E-02  3.31026E-04
       6       1       1  4.17885E-04  4.04526E-04  4.17885E-06  1.32038E-02  8.49994E-02  5.04252E-01  2.35034E+00  1.05650E+01  1.75546E+00  1.71721E+04  3.34934E+04  6.26135E+04  1.81654E+03  7.73679E+03  2.46702E+03  5.20543E-05  0.00000E+00  3.52472E-04
       6       1       2  1.19342E-04  1.09072E-04  1.19342E-06  3.97471E-02  2.68766E-01  1.47424E+00  1.13494E+01  4.38006E+01  2.44303E+00  2.43308E+04  4.64731E+04  6.32921E+04  2.82837E+02  1.37298E+04  1.39670E+03  3.66081E-05  0.00000E+00  7.24638E-05
       6       1       3  2.06113E-04  1.76258E-04  2.06113E-06  6.01362E-02  4.12085E-01  2.14850E+00  8.55625E-01  3.83325E+01  1.16173E+01  1.60583E+04  3.89257E+04  2.42973E+04  2.70073E+03  2.11970E+03  2.81790E+03  2.93932E-05  0.00000E+00  1.46865E-04
       6       1       4  2.89668E-04  1.12341E-04  2.89668E-06  8.03420E-02  5.76541E-01  3.56669E+00 -3.06342E-01  2.44285E+01 -6.43013E+00  2.82070E+04  3.98826E+04  3.30051E+04 -5.07476E+02 -2.22245E+03  1.79562E+03  8.74442E-05  0.00000E+00  2.48969E-05
       6       1       5  2.65047E-04  2.14071E-04  2.65047E-06  1.16228E-01  8.62520E-01  5.22410E+00 -2.21487E+00  1.39229E+01 -1.56995E+00  1.16185E+04  1.55705E+04  2.64176E+04 -3.48596E+01  1.52843E+03 -7.40194E+00  1.62886E-04  0.00000E+00  5.11844E-05
       6       1       6  2.13049E-04  2.31339E-04  2.13049E-06  1.33087E-01  1.11002E+00  7.09650E+00  3.33760E+00  6.40256E+00  6.27684E+00  3.33908E+03  4.62118E+03  2.21448E+04  2.13353E+02  2.81861E+03  2.88596E+02  7.30416E-05  0.00000E+00  1.58297E-04
       6       1       7  2.17189E-04  1.52054E-04  2.17189E-06  2.69062E-01  2.05036E+00  1.21483E+01 -2.13071E+00 -1.08857E+02  1.41987E+01  1.37621E+04  2.19088E+04  3.52117E+04  3.92992E+02  1.91852E+03  8.90916E+02  8.76479E-05  0.00000E+00  6.44061E-05
       6       1       8  3.63537E-04  3.09516E-04  3.63537E-06  4.39016E-01  3.14842E+00  1.79263E+01 -4.07691E+00 -7.37342E+01  6.29447E+00  6.21381E+03  9.99440E+03  2.03945E+04  3.04776E+02  2.11572E+03  2.33509E+02  1.76727E-04  0.00000E+00  1.32789E-04
       6       1       9  3.77539E-04  3.83634E-04  3.77539E-06  5.08497E-01  4.02818E+00  2.47191E+01  2.19441E+00 -1.60921E+01  6.58354E+00  1.18627E+03  2.00247E+03  6.74299E+03 -1.29799E+02  8.75296E+02  2.65429E+01  6.43944E-05  0.00000E+00  3.19239E-04
       6       1      10  1.70316E-04  1.58137E-04  1.70316E-06  1.43422E+00  1.33101E+01  6.96335E+01 -3.44218E-01 -6.35314E+01  1.15337E+01  5.22437E+03  1.18945E+04  1.68097E+04  1.40747E+02  1.38323E+03  2.71095E+02  5.73465E-05  0.00000E+00  1.00791E-04
       6       2       1  1.26009E-03  1.03162E-03  1.26009E-05  3.31251E-02  2.27682E-01  5.08239E-01 -8.28581E+01  1.33968E+01  2.79284E+00  2.80023E+04  3.04414E+04  3.96640E+04  5.02313E+02  2.30848E+03  1.02982E+03  7.06229E-05  4.43050E-04  5.17952E-04
       6       2       2  3.63152E-04  2.06577E-04  3.63152E-06  8.33540E-02  5.84336E-01  1.37724E+00  2.39325E+00  5.10163E+01 -2.44713E+01  1.13271E+04  5.73549E+04  5.85413E+04  7.54090E+03  1.84355E+04  2.71833E+03  6.10207E-05  8.20895E-06  1.37348E-04
       6       2       3  6.25476E-04  3.09123E-04  6.25476E-06  1.14845E-01  8.20688E-01  2.06503E+00  1.42618E+00  1.99064E+01 -1.00838E+01  2.85323E+03  3.73437E+04  3.31207E+04  4.99121E+03  1.19607E+04  1.82843E+03  4.89963E-05  1.98187E-06  2.58145E-04
       6       2       4  9.01185E-04  4.27507E-04  9.01185E-06  2.02748E-01  1.55670E+00  3.25361E+00  8.25729E+01 -3.20381E+00 -1.14164E+01  3.77528E+04  3.05043E+04  3.42374E+04 -1.00058E+03  2.50340E+03  1.37519E+03  1.33738E-04  1.83580E-04  1.10189E-04
       6       2       5  8.40898E-04  4.91613E-04  8.40898E-06  2.91109E-01  2.03660E+00  4.85239E+00  8.43502E-03  8.17796E+00 -1.15976E+01  4.29411E+03  1.78903E+04  3.09037E+04  1.10685E+03  5.14851E+03  1.15251E+03  2.51359E-04  1.06489E-05  2.29605E-04
       6       2       6  7.11042E-04  5.85764E-04  7.11042E-06  3.52207E-01  2.73401E+00  6.70696E+00  1.26717E+00  4.38015E+00  2.62686E-01  1.11077E+03  5.64063E+03  1.70417E+04  2.84216E+02  4.66513E+03  7.09462E+02  1.09734E-04  1.54976E-05  4.60533E-04
       6       2       7  7.01674E-04  4.85900E-04  7.01674E-06  6.96846E-01  5.24213E+00  1.10936E+01  9.83354E+01 -7.04798E+01  4.02347E+01  2.90318E+04  1.80209E+04  2.70376E+04 -2.60931E+03  2.32489E+03  7.23117E+02  1.51327E-04  1.85921E-04  1.48652E-04
       6       2       8  1.15818E-03  7.87407E-04  1.15818E-05  1.01531E+00  7.38250E+00  1.63800E+01  2.56340E+01 -5.03921E+01  2.47061E+01  6.48974E+03  1.11150E+04  2.27364E+04 -1.54034E+02  5.26726E+03  1.22880E+03  2.72603E-04  1.05306E-04  4.09497E-04
       6       2       9  1.28365E-03  1.20576E-03  1.28365E-05  1.53738E+00  1.00583E+01  2.30557E+01  9.71696E-01 -1.21790E+01  3.47985E+00  6.22624E+02  2.86220E+03  8.44314E+03  2.18196E+02  2.40216E+03  4.77857E+02  1.35228E-04  8.59788E-06  1.06193E-03
       6       2      10  5.83746E-04  6.58907E-04  5.83746E-06  3.70914E+00  2.86381E+01  6.81384E+01  5.61977E+00 -2.50408E+01  1.27982E+01  1.67687E+03  8.28642E+03  2.02374E+04  4.98973E+02  4.87679E+03  7.27447E+02  9.56176E-05  6.84523E-05  4.94837E-04
       6       3       1  2.10664E-03  2.04641E-03  2.10664E-05  4.70744E-02  3.43080E-01  4.72284E-01 -9.83336E+01  1.52164E+01 -2.05447E+00  2.31343E+04  2.35016E+04  2.54341E+04  2.60770E+03 -3.00867E+02 -4.19067E+01  5.72404E-05  1.57979E-03  4.09385E-04
       6       3       2  6.18698E-04  5.79686E-04  6.18698E-06  1.19979E-01  8.77648E-01  1.22176E+00 -7.94196E+01  2.74743E+01 -1.74141E+01  1.56611E+04  3.32310E+04  3.76879E+04  2.63767E+03  4.57558E+03  8.26728E+02  7.40585E-05  4.12369E-04  9.32579E-05
       6       3       3  1.05734E-03  1.10073E-03  1.05734E-05  1.73066E-01  1.30970E+00  1.83433E+00 -2.87956E+01  9.47291E+00 -8.18298E-01  2.03545E+03  1.76109E+04  1.77240E+04  1.68259E+03  7.14655E+03  7.87543E+02  3.82755E-05  7.87328E-04  2.75130E-04
       6       3       4  1.59612E-03  8.30120E-04  1.59612E-05  2.58403E-01  2.01976E+00  2.76613E+00  1.37780E+02 -1.03524E+01 -8.00857E-01  5.53403E+04  3.33973E+04  3.39013E+04 -3.69187E+03  7.12828E+03  1.13441E+03  1.24822E-04  5.11389E-04  1.93909E-04
       6       3       5  1.55148E-03  1.55224E-03  1.55148E-05  4.27806E-01  3.24686E+00  4.10559E+00  6.64842E+01 -5.17848E+00 -2.46319E+00  1.63930E+04  2.12977E+04  2.12250E+04  3.41700E+02  6.65609E+03  1.20521E+03  2.54103E-04  9.50936E-04  3.47199E-04
       6       3       6  1.44955E-03  1.52719E-03  1.44955E-05  5.38115E-01  3.96631E+00  5.71784E+00  4.69753E+01 -5.51069E+00 -2.30640E+00  9.78313E+03  7.67960E+03  1.46634E+04 -3.17179E+02  6.85149E+03  1.08419E+03  1.00818E-04  7.69675E-04  6.56693E-04
       6       3       7  1.39837E-03  1.14396E-03  1.39837E-05  9.80222E-01  7.23387E+00  9.82796E+00  1.13745E+02 -3.90751E+01  1.32948E+01  2.57646E+04  1.90176E+04  2.84973E+04 -7.43350E+02  6.84583E+03  1.65226E+03  1.46318E-04  6.36936E-04  3.60708E-04
       6       3       8  2.14797E-03  2.40331E-03  2.14797E-05  1.41296E+00  1.06717E+01  1.46469E+01  7.90382E+01 -2.53645E+01  1.06312E+01  1.24376E+04  1.05253E+04  1.51829E+04 -2.52605E+02  4.09866E+03  6.36443E+02  2.99792E-04  1.37371E-03  7.29805E-04
       6       3       9  2.70813E-03  2.86337E-03  2.70813E-05  1.89033E+00  1.46091E+01  1.98508E+01  3.44808E+01 -7.33113E+00  2.96753E+00  4.03495E+03  3.32004E+03  5.20431E+03 -9.59144E+01  1.82899E+03  3.42880E+02  1.13048E-04  9.95773E-04  1.75455E-03
       6       3      10  1.38266E-03  8.23599E-04  1.38266E-05  5.81781E+00  4.40028E+01  5.95848E+01  2.42146E+01 -2.33478E+01  1.11385E+01  2.03992E+03  1.13145E+04  1.65282E+04  9.24376E+02  2.64154E+03  7.94749E+02  9.84369E-05  3.82771E-04  3.42391E-04
       6       4       1  2.91241E-03  3.23923E-03  2.91241E-05  6.74504E-02  4.97395E-01  3.55582E-01  9.98845E+00  1.06180E+00 -1.30217E+00  3.78796E+04  1.81701E+04  1.81514E+04 -2.03454E+03  9.95860E+00 -6.22824E+01  5.73080E-05  2.85459E-03  3.27334E-04
       6       4       2  8.78981E-04  1.02424E-03  8.78981E-06  1.62802E-01  1.22517E+00  8.66940E-01  4.84831E+01  7.13616E+00 -1.35505E+01  3.26495E+04  2.99640E+04  1.82463E+04 -3.39385E+02  1.68790E+03  7.28960E+02  7.11045E-05  8.40598E-04  1.12538E-04
       6       4       3  1.48078E-03  1.39085E-03  1.48078E-05  2.37639E-01  1.73153E+00  1.24719E+00  4.10565E+01 -8.88239E+00 -6.10253E+00  2.12253E+04  1.17690E+04  9.48491E+03 -5.89496E+02  2.07335E+03  1.01097E+03  3.19859E-05  1.19277E-03  1.66091E-04
       6       4       4  2.37173E-03  1.64332E-03  2.37173E-05  3.63448E-01  2.73023E+00  2.01543E+00  1.36427E+02 -1.46710E+01 -1.49470E+00  7.12357E+04  3.27070E+04  1.99579E+04 -4.20373E+03  4.47587E+02  3.35217E+02  1.17278E-04  1.37391E-03  1.52123E-04
       6       4       5  2.44607E-03  3.82689E-03  2.44607E-05  5.62204E-01  4.25566E+00  3.00195E+00  7.62958E+01 -8.22584E+00 -2.46984E+00  2.49083E+04  2.22460E+04  1.37780E+04 -6.00011E+02  1.89328E+03  4.27288E+02  2.50331E-04  3.29797E-03  2.78587E-04
       6       4       6  2.60632E-03  2.67499E-03  2.60632E-05  7.55194E-01  6.01035E+00  4.15073E+00  4.11592E+01 -7.19331E+00 -3.64148E+00  8.40191E+03  1.51874E+04  8.37209E+03  6.08514E+02  3.74990E+03  2.10248E+02  8.40150E-05  1.87566E-03  7.15313E-04
       6       4       7  2.68368E-03  2.57107E-03  2.68368E-05  1.23577E+00  9.70894E+00  6.94851E+00  1.72942E+02 -2.88532E+01  8.38435E+00  4.48930E+04  2.41976E+04  1.92109E+04 -1.86970E+03  2.81547E+03  1.75825E+01  1.54189E-04  2.08793E-03  3.28955E-04
       6       4       8  3.46307E-03  4.54179E-03  3.46307E-05  1.87732E+00  1.46365E+01  1.03580E+01  9.95050E+01 -1.67098E+01  5.49852E+00  1.53639E+04  1.78942E+04  1.14074E+04  4.28511E+02  1.44133E+03  2.08465E+02  2.56147E-04  3.63154E-03  6.54108E-04
       6       4       9  5.06862E-03  6.21419E-03  5.06862E-05  2.57646E+00  2.04996E+01  1.41616E+01  5.22325E+01 -6.80936E+00  2.83639E+00  5.41522E+03  7.35166E+03  4.22733E+03  4.04960E+02  6.57273E+02  3.84982E+01  1.25211E-04  4.52364E-03  1.56534E-03
       6       4      10  3.57793E-03  4.52628E-03  3.57793E-05  8.37824E+00  6.03248E+01  4.15197E+01  6.45368E+01 -8.82227E+00  1.74601E+00  7.13786E+03  1.61995E+04  8.06717E+03  1.42701E+03 -1.11326E+03 -3.26400E+02  1.02096E-04  4.13054E-03  2.93636E-04
       6       5       1  3.57476E-03  3.18892E-03  3.57476E-05  7.34774E-02  5.37156E-01  2.31269E-01  1.36040E+01 -3.52430E-01 -2.48920E+00  3.31354E+04  1.58623E+04  2.33095E+04 -1.20232E+03 -5.39365E+02 -5.05092E+02  5.24594E-05  2.85356E-03  2.82896E-04
       6       5       2  1.11048E-03  9.60378E-04  1.11048E-05  1.82305E-01  1.38047E+00  5.96129E-01  6.44731E+01 -3.83600E+00 -1.43137E+01  3.14760E+04  3.65540E+04  2.18109E+04  1.48650E+03 -3.03751E+03  5.69695E+00  5.97380E-05  8.47967E-04  5.26724E-05
       6       5       3  1.83833E-03  1.52964E-03  1.83833E-05  2.72739E-01  1.94925E+00  8.42470E-01  6.08669E+01 -1.29102E+01 -5.58082E+00  2.09579E+04  2.37221E+04  1.31592E+04 -7.56596E+02 -6.96013E+02 -6.97912E+02  4.13850E-05  1.26323E-03  2.25028E-04
       6       5       4  3.11315E-03  1.88731E-03  3.11315E-05  4.25160E-01  3.17208E+00  1.33797E+00  1.02655E+02 -8.65927E+00 -2.85006E+00  4.42368E+04  3.14869E+04  3.35792E+04 -1.81470E+03 -2.49152E+02  2.32816E+03  1.23451E-04  1.68049E-03  8.33646E-05
       6       5       5  3.41856E-03  3.29171E-03  3.41856E-05  6.24204E-01  4.77058E+00  2.13471E+00  6.94720E+01 -1.28858E+01 -8.88242E+00  2.06454E+04  2.52065E+04  1.70668E+04  1.85044E+02  1.22465E+03 -3.20432E+03  2.18782E-04  2.85204E-03  2.20883E-04
       6       5       6  4.12407E-03  3.75523E-03  4.12407E-05  8.79907E-01  6.57253E+00  2.77717E+00  5.35279E+01 -2.49396E+00  2.20082E+00  1.15036E+04  1.99041E+04  8.40364E+03  1.56767E+03  7.04498E+02  1.24357E+03  9.08734E-05  3.07785E-03  5.86508E-04
       6       5       7  5.00215E-03  2.77170E-03  5.00215E-05  1.50335E+00  1.09567E+01  4.54236E+00  1.30561E+02 -2.37317E+01  1.95881E+01  2.74526E+04  3.38964E+04  2.21929E+04 -1.04439E+02  2.21479E+03  1.24867E+03  1.47749E-04  2.16158E-03  4.62369E-04
       6       5       8  5.36042E-03  5.30538E-03  5.36042E-05  2.37789E+00  1.65765E+01  6.84416E+00  7.87138E+01 -1.58206E+01  8.30642E+00  1.12467E+04  2.27256E+04  1.09707E+04  1.40543E+03  3.23474E+03  4.15244E+02  2.61513E-04  3.80029E-03  1.24359E-03
       6       5       9  8.30347E-03  8.44139E-03  8.30347E-05  3.53935E+00  2.32929E+01  9.51819E+00  3.70857E+01 -8.85340E+00  4.18440E-01  3.51697E+03  8.63967E+03  3.65635E+03  5.45144E+02  1.42748E+03  3.09738E+02  1.07324E-04  5.05242E-03  3.28164E-03
       6       5      10  9.19639E-03  5.45115E-03  9.19639E-05  8.41874E+00  6.75930E+01  2.84372E+01  5.65957E+01 -1.27895E+01  1.87253E+00  5.68154E+03  1.99100E+04  5.70097E+03  1.56388E+03  2.98952E+03  4.70078E+02  1.02996E-04  4.90852E-03  4.39636E-04
       6       6       1  3.95698E-03  4.16129E-03  3.95698E-05  7.74740E-02  5.82181E-01  7.85947E-02  7.42625E+01 -9.14142E+00 -2.20720E+00  3.53921E+04  1.16671E+04  1.95665E+04 -3.15308E+03 -1.73070E+02 -1.62197E+02  4.82390E-05  3.89631E-03  2.16740E-04
       6       6       2  1.25288E-03  1.24563E-03  1.25288E-05  2.04363E-01  1.48296E+00  1.99803E-01  9.36905E+01 -9.27591E+00 -9.96501E+00  3.23407E+04  3.12712E+04  1.83044E+04  1.31807E+03 -1.36781E+03 -2.00995E+02  6.64033E-05  1.08377E-03  9.54486E-05
       6       6       3  2.04853E-03  1.82817E-03  2.04853E-05  2.91045E-01  2.07560E+00  2.74960E-01  7.22319E+01 -1.05514E+01 -8.12779E+00  2.12153E+04  2.18988E+04  1.15596E+04  9.68561E+02 -1.75582E+03 -1.57368E+03  3.12675E-05  1.58003E-03  2.16870E-04
       6       6       4  3.58883E-03  3.02213E-03  3.58883E-05  4.59934E-01  3.42400E+00  4.59940E-01  9.82327E+01 -9.20893E+00  1.48970E+00  5.87923E+04  2.38486E+04  2.63858E+04 -3.42661E+03  2.36473E+02  1.34936E+03  1.26194E-04  2.67392E-03  2.22020E-04
       6       6       5  4.10736E-03  3.88856E-03  4.10736E-05  7.14459E-01  5.13997E+00  6.90965E-01  6.35450E+01 -5.45337E+00 -5.72595E+00  2.84947E+04  2.75550E+04  9.95635E+03  6.72399E+02  1.45580E+03 -9.44593E+02  2.01293E-04  3.29878E-03  3.88490E-04
       6       6       6  5.33884E-03  6.07367E-03  5.33884E-05  9.36923E-01  6.93778E+00  9.43570E-01  6.81599E+01 -1.21782E+01  2.22542E-02  2.30671E+04  1.60480E+04  8.27722E+03 -5.94617E+02  1.50087E+03  1.37307E+02  1.00818E-04  5.30361E-03  6.69250E-04
       6       6       7  7.45654E-03  5.49844E-03  7.45654E-05  1.63395E+00  1.16708E+01  1.68184E+00  1.97949E+02 -2.52300E+01  6.72457E+00  5.36212E+04  2.98513E+04  1.32264E+04 -1.98654E+03  2.32108E+03  5.27777E+02  1.38448E-04  4.65245E-03  7.07542E-04
       6       6       8  7.54374E-03  9.14670E-03  7.54374E-05  2.46012E+00  1.76794E+01  2.51960E+00  1.22403E+02 -1.61039E+01  3.66501E+00  2.15084E+04  2.57039E+04  6.44290E+03  8.63605E+02  5.81771E+02  1.52550E+02  2.61155E-04  7.64115E-03  1.24439E-03
       6       6       9  1.10220E-02  1.21494E-02  1.10220E-04  3.68022E+00  2.45200E+01  3.66898E+00  6.80975E+01 -7.33040E+00  3.63961E+00  8.70088E+03  1.58500E+04  2.53576E+03  1.25144E+03  1.43128E+02  2.41902E+02  1.04462E-04  8.73091E-03  3.31399E-03
       6       6      10  1.70044E-02  2.01237E-02  1.70044E-04  9.77230E+00  7.36874E+01  1.07015E+01  5.68565E+01 -6.16350E+00  3.83150E+00  4.45867E+03  2.40404E+04  1.40174E+03  2.71143E+03 -2.87808E+01  1.50817E+02  1.03236E-04  1.97343E-02  2.86160E-04
