         152           4
       1  1.11872E-02  1.04459E-02 -4.62498E+01 -5.51457E+01  2.09680E+00  1.79268E+02  1.93500E+02  2.07980E+00  3.77060E-02  7.70000E-02  3.00000E-01 -4.78188E-02  0.00000E+00  3.00000E-01
       2  5.70130E-03  5.61865E-03 -7.43709E+01 -7.20331E+01  2.11870E+00  1.76292E+02  1.73297E+02  2.29780E+00  1.38509E-01  1.00600E-01  3.00000E-01 -2.54194E-02  0.00000E+00  3.00000E-01
       3  5.20937E-03  5.06488E-03 -6.98057E+01 -7.03214E+01  2.97040E+00  1.70466E+02  1.57694E+02  3.02370E+00  1.18965E-01  9.83000E-02  3.00000E-01 -1.86486E-02  0.00000E+00  3.00000E-01
       4  3.63803E-03  3.29435E-03 -5.19856E+01 -5.93916E+01  2.64100E+00  1.74866E+02  1.79503E+02  2.60000E+00  3.53487E-02  8.30000E-02  3.00000E-01 -3.59371E-02  0.00000E+00  3.00000E-01
       5  6.40447E-03  5.94632E-03 -3.47869E+01 -4.29252E+01  2.62700E+00  1.72693E+02  2.03949E+02  2.49860E+00  9.29564E-03  6.00000E-02  3.00000E-01 -3.97249E-02  0.00000E+00  3.00000E-01
       6  1.84434E-03  2.00825E-03 -7.71373E+01 -7.66923E+01  4.18970E+00  1.52761E+02  1.53159E+02  4.23960E+00  1.94258E-01  1.07200E-01  3.00000E-01  3.50114E-02  0.00000E+00  3.00000E-01
       7  3.70911E-03  3.66101E-03 -6.21360E+01 -6.08558E+01  2.81680E+00  1.55149E+02  1.54194E+02  3.00380E+00  8.43190E-02  8.50000E-02  3.00000E-01  3.36660E-03  0.00000E+00  3.00000E-01
       8  3.71651E-03  3.26071E-03 -3.37582E+01 -4.55340E+01  2.66940E+00  1.64838E+02  1.84950E+02  2.80100E+00 -1.09303E-02  6.36000E-02  3.00000E-01 -6.88469E-03  0.00000E+00  3.00000E-01
       9  2.51829E-03  2.77782E-03 -6.86761E+01 -7.37064E+01  3.32630E+00  1.37433E+02  1.33986E+02  3.59880E+00  1.63786E-01  1.03000E-01  3.00000E-01  3.05546E-02  0.00000E+00  3.00000E-01
      10  3.56234E-03  3.38180E-03 -4.73339E+01 -5.00778E+01  3.24950E+00  1.54199E+02  1.67266E+02  3.32320E+00  4.03649E-02  7.00000E-02  3.00000E-01  7.18509E-03  0.00000E+00  3.00000E-01
      11  1.37642E-03  1.55054E-03 -7.57862E+01 -8.66754E+01  3.87500E+00  1.37773E+02  1.46387E+02  5.24270E+00  2.02694E-01  1.21100E-01  3.00000E-01  5.93236E-02  0.00000E+00  3.00000E-01
      12  1.30222E-02  1.18631E-02 -1.41391E+01 -2.61590E+01  1.95760E+00  1.56839E+02  2.01454E+02  1.89660E+00 -9.53398E-03  3.65000E-02  3.00000E-01 -3.46241E-03  0.00000E+00  3.00000E-01
      13  5.08673E-03  4.46816E-03 -2.40985E+01 -3.72943E+01  2.53240E+00  1.56185E+02  1.78601E+02  2.62510E+00 -4.23633E-03  5.21000E-02  3.00000E-01  1.12212E-02  0.00000E+00  3.00000E-01
      14  1.06445E-02  1.03776E-02 -2.05685E+01 -3.44990E+01  2.01780E+00  1.68023E+02  2.09083E+02  2.43910E+00  2.33137E-03  4.82000E-02  3.00000E-01 -5.44586E-02  0.00000E+00  3.00000E-01
      15  1.28514E-02  1.25915E-02 -8.73058E+00 -1.63027E+01  2.61890E+00  1.61182E+02  2.13903E+02  2.26050E+00 -3.21646E-03  2.28000E-02  3.00000E-01 -4.86816E-02  0.00000E+00  3.00000E-01
      16  2.63649E-03  2.59878E-03 -3.36586E+01 -3.87077E+01  4.33610E+00  1.28787E+02  1.50981E+02  4.82940E+00  5.38442E-02  5.41000E-02  3.00000E-01  2.86334E-02  0.00000E+00  3.00000E-01
      17  9.87356E-03  9.09402E-03 -4.16449E+01 -6.05436E+01  3.43570E+00  1.39531E+02  1.25864E+02  3.59830E+00  5.25772E-02  8.46000E-02  3.00000E-01 -2.46333E-02  0.00000E+00  3.00000E-01
      18  1.53564E-03  1.37222E-03 -1.75110E+01 -1.97254E+01  4.73350E+00  1.49345E+02  1.58949E+02  4.61790E+00  1.38207E-02  2.76000E-02  3.00000E-01  2.03616E-03  0.00000E+00  3.00000E-01
      19  4.11107E-03  3.49102E-03 -2.98119E+00  4.25290E+00  2.76540E+00  1.54195E+02  1.68387E+02  2.73010E+00  4.01506E-03 -5.90000E-03  3.00000E-01  3.39192E-03  0.00000E+00  3.00000E-01
      20  4.09600E-03  3.93785E-03 -1.49157E+01 -1.64615E+01  3.52970E+00  1.26294E+02  1.43857E+02  3.54450E+00  3.15772E-02  2.30000E-02  3.00000E-01  2.36607E-02  0.00000E+00  3.00000E-01
      21  3.88766E-03  3.34140E-03 -3.80592E-01  3.07820E+00  3.50300E+00  1.50818E+02  1.78698E+02  3.01190E+00  1.83419E-02 -4.30000E-03  3.00000E-01  2.89903E-02  0.00000E+00  3.00000E-01
      22  1.02351E-02  9.82258E-03 -1.75136E+00  7.42610E+00  2.47200E+00  1.57197E+02  2.04616E+02  2.28450E+00  1.12624E-02 -1.04000E-02  3.00000E-01 -2.91172E-02  0.00000E+00  3.00000E-01
      23  2.09485E-03  1.94574E-03  4.90635E-01  6.42000E-02  3.23530E+00  1.35617E+02  1.46307E+02  3.75370E+00 -7.68447E-03 -1.00000E-04  3.00000E-01 -3.37494E-03  0.00000E+00  3.00000E-01
      24  7.16826E-03  7.24641E-03 -9.04387E+00 -4.05902E+01  1.00825E+01  1.24140E+02  1.11405E+02  1.00086E+01  5.98197E-03  5.67000E-02  3.00000E-01 -2.63326E-02  0.00000E+00  3.00000E-01
      25  7.36945E-03  6.67404E-03  2.35939E+01 -1.27600E-01  6.76040E+00  1.32677E+02  1.10589E+02  7.09400E+00 -1.01198E-02  2.00000E-04  3.00000E-01 -5.91418E-02  0.00000E+00  3.00000E-01
      26  1.03624E-02  1.04875E-02 -4.79455E+01 -8.73687E+01  8.21170E+00  1.11805E+02  1.02161E+02  7.20870E+00  4.19838E-02  1.22100E-01  3.00000E-01 -2.74670E-02  0.00000E+00  3.00000E-01
      27  3.33212E-03  3.20056E-03 -5.96383E+01 -8.97611E+01  4.07440E+00  1.30630E+02  1.22064E+02  4.59060E+00  9.07619E-02  1.25400E-01  3.00000E-01  1.77194E-02  0.00000E+00  3.00000E-01
      28  1.26100E-03  1.37872E-03 -8.10724E+01 -9.18239E+01  4.08350E+00  1.32136E+02  1.37606E+02  4.08200E+00  2.32292E-01  1.28300E-01  3.00000E-01  9.50080E-02  0.00000E+00  3.00000E-01
      29  1.56682E-03  1.79138E-03 -8.44620E+01 -8.53951E+01  3.61540E+00  1.41383E+02  1.51784E+02  3.88060E+00  2.42797E-01  1.19300E-01  3.00000E-01  8.76815E-02  0.00000E+00  3.00000E-01
      30  3.47699E-03  3.09482E-03 -6.61092E+01 -1.14358E+02  4.66580E+00  1.35827E+02  1.22178E+02  4.97350E+00  8.46494E-02  1.59800E-01  3.00000E-01  3.41283E-02  0.00000E+00  3.00000E-01
      31  1.92749E-03  2.14718E-03 -8.55803E+01 -8.14300E+01  3.54520E+00  1.51458E+02  1.60441E+02  3.61190E+00  2.22058E-01  1.13800E-01  3.00000E-01  6.09415E-02  0.00000E+00  3.00000E-01
      32  1.03445E-02  9.81563E-03 -8.82910E+01 -1.32051E+02  4.99940E+00  1.40300E+02  1.03527E+02  5.06440E+00  9.74320E-02  1.84500E-01  3.00000E-01 -2.61725E-02  0.00000E+00  3.00000E-01
      33  6.48277E-03  5.26545E-03 -9.37945E+01 -1.24535E+02  3.79810E+00  1.57833E+02  1.22670E+02  4.11950E+00  4.33715E-02  1.74000E-01  3.00000E-01 -1.99198E-03  0.00000E+00  3.00000E-01
      34  3.29359E-03  3.05105E-03 -8.32443E+01 -9.57580E+01  3.50070E+00  1.33707E+02  1.29370E+02  3.37900E+00  1.52679E-01  1.33800E-01  3.00000E-01  8.81524E-02  0.00000E+00  3.00000E-01
      35  1.26296E-02  1.13522E-02 -1.22534E+02 -1.52696E+02  3.72370E+00  1.32244E+02  9.98517E+01  3.80120E+00  8.33788E-02  2.13300E-01  3.00000E-01  2.99356E-02  0.00000E+00  3.00000E-01
      36  1.32579E-03  1.46741E-03 -9.06653E+01 -9.03990E+01  3.94300E+00  1.27599E+02  1.43693E+02  3.89150E+00  2.56277E-01  1.26300E-01  3.00000E-01  1.45157E-01  0.00000E+00  3.00000E-01
      37  1.30718E-02  1.46943E-02 -6.94464E+01 -1.61801E+02  6.01230E+00  8.97584E+01  8.50652E+01  6.60920E+00  1.22212E-01  2.26100E-01  3.00000E-01  3.22402E-02  0.00000E+00  3.00000E-01
      38  5.20918E-03  4.07534E-03 -9.33183E+01 -1.11794E+02  2.99430E+00  1.48223E+02  1.19721E+02  3.35420E+00  4.84456E-02  1.56200E-01  3.00000E-01  5.49688E-02  0.00000E+00  3.00000E-01
      39  2.72557E-03  2.99157E-03 -8.50451E+01 -9.52033E+01  3.35160E+00  1.32485E+02  1.44592E+02  3.36560E+00  2.41950E-01  1.33000E-01  3.00000E-01  1.07648E-01  0.00000E+00  3.00000E-01
      40  1.27365E-02  1.16564E-02 -1.49872E+01 -1.97637E+02  6.00790E+00  3.89976E+01  6.55906E+01  7.20350E+00 -8.53134E-02  2.76100E-01  3.00000E-01  1.47169E-01  0.00000E+00  3.00000E-01
      41  9.99181E-03  1.06169E-02 -8.02011E+01 -1.65616E+02  4.30430E+00  9.98048E+01  8.33342E+01  4.77530E+00  1.06976E-01  2.31400E-01  3.00000E-01  9.60566E-02  0.00000E+00  3.00000E-01
      42  6.42479E-03  5.62298E-03 -1.00951E+02 -1.25516E+02  3.53720E+00  1.39398E+02  1.04361E+02  3.94210E+00  1.07406E-01  1.75400E-01  3.00000E-01  1.78387E-03  0.00000E+00  3.00000E-01
      43  1.35066E-02  1.53314E-02 -8.83553E+01 -2.00253E+02  4.68790E+00  8.19004E+01  7.05455E+01  6.39010E+00  1.53100E-01  2.79800E-01  3.00000E-01  6.12759E-02  0.00000E+00  3.00000E-01
      44  3.01335E-03  2.35509E-03 -7.95515E+01 -1.13573E+02  4.52250E+00  1.43320E+02  1.17822E+02  4.77830E+00  4.99750E-02  1.58700E-01  3.00000E-01  2.63050E-02  0.00000E+00  3.00000E-01
      45  1.25680E-03  1.35489E-03 -7.81590E+01 -9.20753E+01  3.96280E+00  1.28339E+02  1.46072E+02  3.57010E+00  2.15045E-01  1.28600E-01  3.00000E-01  8.91533E-02  0.00000E+00  3.00000E-01
      46  1.65095E-03  1.81692E-03 -8.18943E+01 -9.10898E+01  3.34400E+00  1.39067E+02  1.61695E+02  3.60620E+00  2.27182E-01  1.27300E-01  3.00000E-01  7.77238E-02  0.00000E+00  3.00000E-01
      47  3.33790E-03  3.06715E-03 -6.49740E+01 -9.81729E+01  3.58330E+00  1.27451E+02  1.21180E+02  4.10090E+00  8.31088E-02  1.37200E-01  3.00000E-01  3.38494E-02  0.00000E+00  3.00000E-01
      48  4.74556E-03  4.72265E-03 -7.54902E+01 -6.95816E+01  2.54100E+00  1.66606E+02  1.64613E+02  2.59370E+00  1.51813E-01  9.72000E-02  3.00000E-01 -1.81939E-03  0.00000E+00  3.00000E-01
      49  1.23583E-03  1.39492E-03 -7.27231E+01 -8.82302E+01  3.46790E+00  1.28089E+02  1.57875E+02  3.15310E+00  1.97755E-01  1.23300E-01  3.00000E-01  5.64430E-02  0.00000E+00  3.00000E-01
      50  1.69448E-03  1.84352E-03 -7.65256E+01 -8.23289E+01  3.31840E+00  1.44635E+02  1.67328E+02  3.32990E+00  1.78202E-01  1.15000E-01  3.00000E-01  4.01098E-02  0.00000E+00  3.00000E-01
      51  8.72558E-03  9.33416E-03 -7.58366E+01 -1.07611E+02  5.32290E+00  1.13876E+02  9.51285E+01  5.75030E+00  7.55775E-02  1.50400E-01  3.00000E-01  2.24437E-02  0.00000E+00  3.00000E-01
      52  3.85081E-03  3.53455E-03 -6.05660E+01 -5.18417E+01  2.48570E+00  1.80786E+02  2.05582E+02  2.37090E+00  7.35013E-02  7.24000E-02  3.00000E-01 -4.27737E-02  0.00000E+00  3.00000E-01
      53  1.14797E-03  1.26639E-03 -6.42520E+01 -7.95708E+01  3.64480E+00  1.32190E+02  1.44946E+02  4.05920E+00  1.53558E-01  1.11200E-01  3.00000E-01  2.25322E-02  0.00000E+00  3.00000E-01
      54  2.58632E-03  2.37738E-03 -6.32206E+01 -9.13735E+01  3.94420E+00  1.35317E+02  1.18040E+02  3.70890E+00  6.28180E-02  1.27700E-01  3.00000E-01 -8.48920E-03  0.00000E+00  3.00000E-01
      55  1.60547E-03  1.70542E-03 -6.65422E+01 -7.26749E+01  2.99110E+00  1.47724E+02  1.64762E+02  3.44310E+00  1.27149E-01  1.01500E-01  3.00000E-01  1.97940E-02  0.00000E+00  3.00000E-01
      56  2.41046E-03  2.34918E-03 -6.32624E+01 -6.05916E+01  2.90940E+00  1.69439E+02  1.76118E+02  3.11640E+00  8.31522E-02  8.47000E-02  3.00000E-01 -2.07310E-02  0.00000E+00  3.00000E-01
      57  3.95646E-03  3.58912E-03 -4.32978E+01 -3.90104E+01  2.31750E+00  1.77104E+02  2.06014E+02  2.31160E+00  1.65895E-02  5.45000E-02  3.00000E-01 -4.23076E-02  0.00000E+00  3.00000E-01
      58  7.33416E-03  6.87554E-03 -2.21288E+01 -3.44129E+01  2.42660E+00  1.69223E+02  2.06800E+02  2.04820E+00 -1.10766E-02  4.81000E-02  3.00000E-01 -3.63389E-02  0.00000E+00  3.00000E-01
      59  5.40770E-03  4.84384E-03 -5.55444E+01 -7.06768E+01  3.54790E+00  1.39102E+02  1.21332E+02  3.99690E+00  5.96198E-02  9.87000E-02  3.00000E-01 -2.39091E-02  0.00000E+00  3.00000E-01
      60  1.00899E-03  1.06864E-03 -5.68336E+01 -6.58570E+01  4.59500E+00  1.31328E+02  1.38512E+02  5.63270E+00  1.27510E-01  9.20000E-02  3.00000E-01  1.52828E-02  0.00000E+00  3.00000E-01
      61  1.40311E-03  1.45566E-03 -5.23883E+01 -5.91339E+01  3.37190E+00  1.45500E+02  1.71291E+02  3.71740E+00  8.79075E-02  8.26000E-02  3.00000E-01  6.40755E-03  0.00000E+00  3.00000E-01
      62  2.08762E-03  1.99909E-03 -4.82478E+01 -4.92578E+01  3.20750E+00  1.66469E+02  1.70370E+02  3.17090E+00  3.59353E-02  6.88000E-02  3.00000E-01 -2.13341E-02  0.00000E+00  3.00000E-01
      63  1.29262E-02  1.26985E-02 -8.38568E+00 -1.66150E+01  2.31170E+00  1.62822E+02  2.14012E+02  2.27080E+00 -8.53306E-03  2.32000E-02  3.00000E-01 -5.13842E-02  0.00000E+00  3.00000E-01
      64  3.36190E-03  2.97496E-03 -2.67858E+01 -3.48226E+01  3.01100E+00  1.67099E+02  1.92501E+02  3.20530E+00 -1.83293E-02  4.87000E-02  3.00000E-01 -6.75509E-03  0.00000E+00  3.00000E-01
      65  3.24146E-03  3.24545E-03 -3.98516E+01 -4.67406E+01  4.32920E+00  1.26833E+02  1.29943E+02  4.18700E+00  6.82039E-02  6.53000E-02  3.00000E-01  1.64634E-02  0.00000E+00  3.00000E-01
      66  1.62288E-02  1.51925E-02 -2.03416E+00 -9.71960E+00  1.98640E+00  1.57278E+02  2.04650E+02  1.82760E+00 -1.34989E-02  1.36000E-02  3.00000E-01 -1.92148E-02  0.00000E+00  3.00000E-01
      67  2.91442E-02  2.89834E-02  3.50476E+00  1.97364E+01  1.65850E+00  1.62278E+02  2.10271E+02  1.68840E+00  3.05198E-03 -2.76000E-02  3.00000E-01 -5.51031E-02  0.00000E+00  3.00000E-01
      68  1.28766E-02  1.28955E-02 -5.07043E+01 -5.53930E+01  7.43740E+00  9.70055E+01  9.90821E+01  6.39610E+00  4.74938E-02  7.74000E-02  3.00000E-01  3.68774E-03  0.00000E+00  3.00000E-01
      69  1.64507E-03  1.49885E-03 -3.19610E+01 -3.85227E+01  2.88670E+00  1.55089E+02  1.74375E+02  3.53670E+00  2.06270E-02  5.38000E-02  3.00000E-01 -3.55584E-03  0.00000E+00  3.00000E-01
      70  6.08167E-03  5.43814E-03  1.09368E+01  1.72862E+01  3.27700E+00  1.18893E+02  1.21636E+02  3.75850E+00  1.16113E-03 -2.42000E-02  3.00000E-01  4.57645E-02  0.00000E+00  3.00000E-01
      71  2.47359E-03  2.13595E-03 -1.35813E+01 -1.98976E+01  3.89570E+00  1.57742E+02  1.70702E+02  3.88190E+00 -2.12361E-02  2.78000E-02  3.00000E-01  9.81532E-03  0.00000E+00  3.00000E-01
      72  9.35559E-03  8.35916E-03  1.48167E+01  2.54342E+01  2.23560E+00  1.61556E+02  1.98916E+02  2.20800E+00  2.53675E-02 -3.55000E-02  3.00000E-01 -2.99205E-04  0.00000E+00  3.00000E-01
      73  4.11866E-03  3.66533E-03  2.18401E+01  3.19210E+01  2.31940E+00  1.56854E+02  1.72709E+02  2.61440E+00  1.16426E-02 -4.46000E-02  3.00000E-01  7.52737E-03  0.00000E+00  3.00000E-01
      74  3.88766E-03  3.32581E-03  1.62834E-01 -3.07820E+00  3.50300E+00  1.49748E+02  1.78698E+02  3.01190E+00 -1.74845E-02  4.30000E-03  3.00000E-01  3.03204E-02  0.00000E+00  3.00000E-01
      75  5.42531E-03  4.90179E-03 -4.61278E+01 -3.44652E+01  5.16830E+00  1.37269E+02  1.07433E+02  5.64620E+00  3.53565E-02  4.82000E-02  3.00000E-01 -4.95916E-02  0.00000E+00  3.00000E-01
      76  1.28514E-02  1.26085E-02  9.08291E+00  1.63027E+01  2.61890E+00  1.61644E+02  2.13903E+02  2.26050E+00  1.98165E-03 -2.28000E-02  3.00000E-01 -4.78305E-02  0.00000E+00  3.00000E-01
      77  1.33877E-02  1.24375E-02 -3.23220E+01 -1.55468E+02  5.77590E+00  5.59856E+01  6.82334E+01  7.73900E+00 -1.45448E-01  2.17200E-01  3.00000E-01  8.58952E-02  0.00000E+00  3.00000E-01
      78  9.13856E-03  6.46195E-03 -1.44268E+01 -2.14718E+02  6.11990E+00  2.78529E+01  5.66170E+01  9.13570E+00 -7.91977E-03  3.00000E-01  3.00000E-01  2.88786E-03  0.00000E+00  3.00000E-01
      79  1.46669E-03  1.43041E-03 -2.47542E+01 -2.66730E+01  4.69660E+00  1.20631E+02  1.32862E+02  5.12060E+00  4.44997E-02  3.73000E-02  3.00000E-01  2.58888E-02  0.00000E+00  3.00000E-01
      80  1.23028E-03  1.12440E-03 -1.49651E+01 -2.19635E+01  3.75400E+00  1.41873E+02  1.45756E+02  4.26770E+00  2.01916E-02  3.07000E-02  3.00000E-01 -3.28831E-03  0.00000E+00  3.00000E-01
      81  2.16485E-03  2.09065E-03 -1.00303E+01 -1.50469E+01  4.04570E+00  1.22343E+02  1.28562E+02  4.76240E+00  2.72772E-02  2.10000E-02  3.00000E-01  2.48032E-02  0.00000E+00  3.00000E-01
      82  1.71572E-03  1.49399E-03 -5.34373E+00 -1.69529E+01  4.11020E+00  1.52027E+02  1.64466E+02  4.08680E+00 -2.87944E-03  2.37000E-02  3.00000E-01 -4.38118E-03  0.00000E+00  3.00000E-01
      83  5.87670E-03  5.28802E-03  9.89243E+00  2.36044E+01  2.54170E+00  1.51147E+02  2.01731E+02  2.35250E+00  2.53784E-03 -3.30000E-02  3.00000E-01  8.06106E-03  0.00000E+00  3.00000E-01
      84  2.39535E-03  2.01344E-03  8.69109E+00  6.25090E+00  3.73800E+00  1.55917E+02  1.71546E+02  3.66870E+00 -2.61418E-03 -8.70000E-03  3.00000E-01  1.21050E-02  0.00000E+00  3.00000E-01
      85  4.75211E-03  4.15979E-03 -2.60516E+01 -1.49436E+01  5.71080E+00  1.39678E+02  1.03941E+02  6.87710E+00  7.96021E-03  2.09000E-02  3.00000E-01 -5.58609E-02  0.00000E+00  3.00000E-01
      86  1.18661E-03  1.06723E-03  4.99603E+00  5.89020E+00  3.99590E+00  1.44204E+02  1.53860E+02  4.59740E+00 -9.51566E-03 -8.20000E-03  3.00000E-01 -1.60022E-02  0.00000E+00  3.00000E-01
      87  1.35500E-02  1.25941E-02  2.70264E+01  3.74109E+01  1.99580E+00  1.66980E+02  2.02812E+02  1.97070E+00  1.96274E-03 -5.23000E-02  3.00000E-01 -3.04765E-02  0.00000E+00  3.00000E-01
      88  3.18483E-03  2.71688E-03  1.82285E+01  3.76838E+01  3.34130E+00  1.52846E+02  1.85456E+02  3.54960E+00  1.55225E-02 -5.27000E-02  3.00000E-01  2.39784E-02  0.00000E+00  3.00000E-01
      89  1.06445E-02  1.03383E-02  2.03850E+01  3.44990E+01  2.01780E+00  1.68752E+02  2.09083E+02  2.43910E+00 -4.02579E-04 -4.82000E-02  3.00000E-01 -5.32255E-02  0.00000E+00  3.00000E-01
      90  1.53564E-03  1.35842E-03  1.66803E+01  1.97254E+01  4.73350E+00  1.49507E+02  1.58949E+02  4.61790E+00 -9.98802E-03 -2.76000E-02  3.00000E-01  2.28567E-03  0.00000E+00  3.00000E-01
      91  7.33416E-03  6.82329E-03  2.19389E+01  3.44129E+01  2.42660E+00  1.68215E+02  2.06800E+02  2.04820E+00  1.19655E-02 -4.81000E-02  3.00000E-01 -3.65007E-02  0.00000E+00  3.00000E-01
      92  1.52209E-03  1.48459E-03  5.02689E+00 -1.66190E+00  4.87370E+00  1.25938E+02  1.34958E+02  5.21500E+00 -1.56122E-02  2.30000E-03  3.00000E-01  6.42007E-03  0.00000E+00  3.00000E-01
      93  3.71651E-03  3.28137E-03  3.28665E+01  4.55340E+01  2.66940E+00  1.64178E+02  1.84950E+02  2.80100E+00  1.16203E-02 -6.36000E-02  3.00000E-01 -5.40453E-03  0.00000E+00  3.00000E-01
      94  1.90190E-03  1.67056E-03  2.90924E+01  3.67685E+01  3.88200E+00  1.55112E+02  1.70325E+02  3.90010E+00 -1.11499E-02 -5.14000E-02  3.00000E-01  1.78577E-03  0.00000E+00  3.00000E-01
      95  3.04395E-03  2.74035E-03  3.86355E+00  4.09800E+00  6.29160E+00  1.21711E+02  1.28315E+02  5.83360E+00 -8.82686E-03 -5.70000E-03  3.00000E-01  4.57938E-02  0.00000E+00  3.00000E-01
      96  1.03871E-02  9.71842E-03  4.65860E+01  4.96517E+01  1.89490E+00  1.79837E+02  2.04868E+02  1.86230E+00 -3.66972E-02 -6.94000E-02  3.00000E-01 -4.96671E-02  0.00000E+00  3.00000E-01
      97  1.03463E-03  9.93372E-04  2.38079E+01  2.43638E+01  5.29040E+00  1.32236E+02  1.54438E+02  5.63680E+00 -4.92969E-02 -3.40000E-02  3.00000E-01  5.08170E-03  0.00000E+00  3.00000E-01
      98  1.23028E-03  1.13780E-03  1.91418E+01  2.19635E+01  3.75400E+00  1.41661E+02  1.45756E+02  4.26770E+00 -2.82473E-02 -3.07000E-02  3.00000E-01  1.76037E-03  0.00000E+00  3.00000E-01
      99  3.95646E-03  3.59486E-03  4.22900E+01  3.90104E+01  2.31750E+00  1.76936E+02  2.06014E+02  2.31160E+00 -1.37581E-02 -5.45000E-02  3.00000E-01 -3.54244E-02  0.00000E+00  3.00000E-01
     100  3.63803E-03  3.28475E-03  5.12201E+01  5.93916E+01  2.64100E+00  1.76151E+02  1.79503E+02  2.60000E+00 -3.99490E-02 -8.30000E-02  3.00000E-01 -3.17096E-02  0.00000E+00  3.00000E-01
     101  4.40999E-03  4.17587E-03  5.36716E+01  5.56762E+01  3.02470E+00  1.64588E+02  1.67626E+02  3.00050E+00 -4.72356E-02 -7.78000E-02  3.00000E-01 -1.20528E-02  0.00000E+00  3.00000E-01
     102  4.65093E-03  4.28621E-03  5.62266E+01  6.41298E+01  3.00430E+00  1.81288E+02  1.84157E+02  2.87750E+00 -6.25147E-02 -8.96000E-02  3.00000E-01 -4.49550E-02  0.00000E+00  3.00000E-01
     103  1.23156E-03  1.19206E-03  3.67373E+01  3.85853E+01  5.73760E+00  1.38897E+02  1.61140E+02  6.70480E+00 -5.51473E-02 -5.39000E-02  3.00000E-01  1.83355E-02  0.00000E+00  3.00000E-01
     104  9.85493E-03  9.47447E-03 -8.43138E+00  2.30641E+01  9.59970E+00  1.15416E+02  1.07645E+02  9.74700E+00 -1.89703E-02 -3.22000E-02  3.00000E-01 -3.03560E-02  0.00000E+00  3.00000E-01
     105  2.76917E-03  2.78395E-03  2.86333E+01  3.67031E+01  5.26070E+00  1.22708E+02  1.39582E+02  5.24910E+00 -5.37852E-02 -5.13000E-02  3.00000E-01  2.84703E-02  0.00000E+00  3.00000E-01
     106  2.08762E-03  1.96734E-03  4.61021E+01  4.92578E+01  3.20750E+00  1.64362E+02  1.70370E+02  3.17090E+00 -3.33004E-02 -6.88000E-02  3.00000E-01 -1.99034E-02  0.00000E+00  3.00000E-01
     107  1.39072E-03  1.36056E-03  5.02235E+01  4.86514E+01  5.14740E+00  1.42089E+02  1.61512E+02  5.38590E+00 -6.83746E-02 -6.80000E-02  3.00000E-01  2.39580E-02  0.00000E+00  3.00000E-01
     108  5.58888E-03  5.42988E-03  7.24903E+01  7.60691E+01  2.84590E+00  1.73522E+02  1.68728E+02  3.07360E+00 -1.29436E-01 -1.06300E-01  3.00000E-01 -2.20636E-02  0.00000E+00  3.00000E-01
     109  1.59959E-03  1.58389E-03  3.09572E+01  3.12237E+01  4.52500E+00  1.23330E+02  1.28783E+02  4.74540E+00 -6.18479E-02 -4.36000E-02  3.00000E-01  1.21708E-02  0.00000E+00  3.00000E-01
     110  2.41046E-03  2.33450E-03  6.04323E+01  6.05916E+01  2.90940E+00  1.70645E+02  1.76118E+02  3.11640E+00 -7.78789E-02 -8.47000E-02  3.00000E-01 -2.58531E-02  0.00000E+00  3.00000E-01
     111  3.22140E-03  3.05503E-03  7.28507E+01  6.87448E+01  2.57530E+00  1.79735E+02  1.75875E+02  2.77020E+00 -1.16987E-01 -9.60000E-02  3.00000E-01 -3.09600E-02  0.00000E+00  3.00000E-01
     112  2.65505E-03  2.63935E-03  4.22243E+01  5.27820E+01  4.76920E+00  1.31531E+02  1.32920E+02  4.55460E+00 -7.28785E-02 -7.37000E-02  3.00000E-01  8.28675E-03  0.00000E+00  3.00000E-01
     113  2.47299E-03  2.43846E-03  7.28904E+01  6.44952E+01  3.38250E+00  1.67973E+02  1.68797E+02  3.75640E+00 -1.34720E-01 -9.01000E-02  3.00000E-01 -5.86156E-03  0.00000E+00  3.00000E-01
     114  1.47074E-03  1.54424E-03  6.19544E+01  6.09376E+01  3.68380E+00  1.43740E+02  1.44153E+02  4.23210E+00 -1.01847E-01 -8.51000E-02  3.00000E-01  1.72749E-02  0.00000E+00  3.00000E-01
     115  2.41210E-03  2.48474E-03  5.44965E+01  6.14871E+01  2.71850E+00  1.39689E+02  1.61346E+02  3.10260E+00 -1.06140E-01 -8.59000E-02  3.00000E-01  1.57686E-02  0.00000E+00  3.00000E-01
     116  4.85924E-03  4.62109E-03  5.44508E+01  2.17985E+01  7.38860E+00  1.31125E+02  1.05102E+02  7.90260E+00 -4.79635E-02 -3.05000E-02  3.00000E-01 -5.28257E-02  0.00000E+00  3.00000E-01
     117  2.10040E-03  2.11966E-03  7.08522E+01  6.88558E+01  4.02080E+00  1.61300E+02  1.48397E+02  3.99660E+00 -1.44731E-01 -9.62000E-02  3.00000E-01  9.99687E-04  0.00000E+00  3.00000E-01
     118  2.68487E-03  2.67632E-03  5.11983E+01  5.92784E+01  5.08820E+00  1.30756E+02  1.31205E+02  5.16520E+00 -1.04612E-01 -8.28000E-02  3.00000E-01  1.32097E-02  0.00000E+00  3.00000E-01
     119  1.60547E-03  1.73413E-03  6.53277E+01  7.26749E+01  2.99110E+00  1.47016E+02  1.64762E+02  3.44310E+00 -1.30694E-01 -1.01500E-01  3.00000E-01  1.40019E-02  0.00000E+00  3.00000E-01
     120  8.03854E-03  7.67512E-03  3.62339E+01  5.09015E+01  5.64670E+00  1.49099E+02  1.16348E+02  5.83170E+00 -2.31123E-02 -7.11000E-02  3.00000E-01 -7.32968E-02  0.00000E+00  3.00000E-01
     121  2.27257E-03  2.33624E-03  8.20397E+01  7.61701E+01  3.84970E+00  1.59104E+02  1.60800E+02  3.58570E+00 -1.84159E-01 -1.06400E-01  3.00000E-01  3.28569E-02  0.00000E+00  3.00000E-01
     122  2.83506E-03  3.09494E-03  7.39056E+01  8.27018E+01  3.09000E+00  1.38368E+02  1.44534E+02  3.77070E+00 -1.85923E-01 -1.15500E-01  3.00000E-01  4.66444E-02  0.00000E+00  3.00000E-01
     123  3.41115E-03  3.82771E-03  8.12407E+01  8.16806E+01  2.73720E+00  1.47504E+02  1.52411E+02  2.86250E+00 -2.18123E-01 -1.14100E-01  3.00000E-01  5.99298E-02  0.00000E+00  3.00000E-01
     124  2.93032E-03  3.24802E-03  7.37515E+01  8.51497E+01  2.39760E+00  1.38768E+02  1.62344E+02  2.28950E+00 -1.79996E-01 -1.19000E-01  3.00000E-01  4.67332E-02  0.00000E+00  3.00000E-01
     125  1.92749E-03  2.13602E-03  8.55454E+01  8.14300E+01  3.54520E+00  1.50467E+02  1.60441E+02  3.61190E+00 -2.26174E-01 -1.13800E-01  3.00000E-01  6.54445E-02  0.00000E+00  3.00000E-01
     126  1.65095E-03  1.83104E-03  8.14171E+01  9.10898E+01  3.34400E+00  1.41792E+02  1.61695E+02  3.60620E+00 -2.23641E-01 -1.27300E-01  3.00000E-01  6.67605E-02  0.00000E+00  3.00000E-01
     127  1.05965E-03  1.15394E-03  6.88004E+01  7.22056E+01  4.37510E+00  1.31188E+02  1.27268E+02  4.80780E+00 -1.69164E-01 -1.00900E-01  3.00000E-01  3.77770E-02  0.00000E+00  3.00000E-01
     128  1.14797E-03  1.29908E-03  6.63023E+01  7.95708E+01  3.64480E+00  1.31859E+02  1.44946E+02  4.05920E+00 -1.64455E-01 -1.11200E-01  3.00000E-01  3.35076E-02  0.00000E+00  3.00000E-01
     129  4.85228E-03  4.35099E-03  5.54010E+01  8.53516E+01  4.42960E+00  1.39760E+02  1.15338E+02  5.08700E+00 -3.18190E-02 -1.19300E-01  3.00000E-01 -2.13151E-02  0.00000E+00  3.00000E-01
     130  3.67954E-03  3.26089E-03  4.40848E+01  5.04692E+01  5.06090E+00  1.35089E+02  1.17951E+02  5.57950E+00 -3.43656E-02 -7.05000E-02  3.00000E-01 -1.44074E-02  0.00000E+00  3.00000E-01
     131  2.72557E-03  2.95680E-03  8.50515E+01  9.52033E+01  3.35160E+00  1.31993E+02  1.44592E+02  3.36560E+00 -2.36746E-01 -1.33000E-01  3.00000E-01  1.07879E-01  0.00000E+00  3.00000E-01
     132  2.89686E-03  2.90199E-03  6.46959E+01  9.59976E+01  4.33880E+00  1.31456E+02  1.25222E+02  4.68940E+00 -1.34230E-01 -1.34100E-01  3.00000E-01  3.61865E-02  0.00000E+00  3.00000E-01
     133  6.10500E-03  6.05034E-03  7.62161E+01  8.64738E+01  4.31310E+00  1.39982E+02  1.08404E+02  4.79760E+00 -8.40299E-02 -1.20800E-01  3.00000E-01 -4.10981E-02  0.00000E+00  3.00000E-01
     134  1.26100E-03  1.36925E-03  7.90410E+01  9.18239E+01  4.08350E+00  1.32157E+02  1.37606E+02  4.08200E+00 -2.18094E-01 -1.28300E-01  3.00000E-01  9.24942E-02  0.00000E+00  3.00000E-01
     135  1.12874E-02  1.16291E-02  5.44772E+01  9.52826E+01  8.11970E+00  1.16690E+02  1.02093E+02  6.80250E+00 -4.51719E-02 -1.33100E-01  3.00000E-01 -3.56849E-02  0.00000E+00  3.00000E-01
     136  1.25680E-03  1.36350E-03  7.91736E+01  9.20753E+01  3.96280E+00  1.26632E+02  1.46072E+02  3.57010E+00 -2.17144E-01 -1.28600E-01  3.00000E-01  9.38791E-02  0.00000E+00  3.00000E-01
     137  2.45765E-03  2.52407E-03  8.77684E+01  9.12632E+01  3.29800E+00  1.30204E+02  1.39211E+02  3.28030E+00 -2.22305E-01 -1.27500E-01  3.00000E-01  1.13368E-01  0.00000E+00  3.00000E-01
     138  3.20993E-03  3.19059E-03  5.63694E+01  8.24222E+01  3.56590E+00  1.29427E+02  1.26230E+02  3.92700E+00 -8.69376E-02 -1.15200E-01  3.00000E-01  1.02595E-02  0.00000E+00  3.00000E-01
     139  3.14311E-03  2.67323E-03  6.86382E+01  9.89743E+01  3.80460E+00  1.35274E+02  1.11957E+02  3.76270E+00 -4.32702E-02 -1.38300E-01  3.00000E-01 -1.63143E-03  0.00000E+00  3.00000E-01
     140  2.16173E-03  1.97367E-03  8.14448E+01  9.70276E+01  4.30390E+00  1.37338E+02  1.29884E+02  4.05950E+00 -1.40929E-01 -1.35600E-01  3.00000E-01  8.06296E-02  0.00000E+00  3.00000E-01
     141  2.81751E-03  2.46031E-03  6.91255E+01  1.05362E+02  4.43740E+00  1.30865E+02  1.25949E+02  4.98880E+00 -9.02990E-02 -1.47200E-01  3.00000E-01  5.42144E-02  0.00000E+00  3.00000E-01
     142  7.38167E-03  6.37011E-03  8.33003E+01  1.30449E+02  4.55590E+00  1.43847E+02  1.11069E+02  4.77790E+00 -7.75143E-02 -1.82300E-01  3.00000E-01 -2.25755E-02  0.00000E+00  3.00000E-01
     143  4.25213E-03  3.60094E-03  8.54670E+01  1.22448E+02  4.22050E+00  1.52547E+02  1.22967E+02  4.61680E+00 -5.62144E-02 -1.71100E-01  3.00000E-01  1.75599E-02  0.00000E+00  3.00000E-01
     144  1.36557E-02  1.39992E-02  4.71077E+01  1.42943E+02  7.38560E+00  7.60356E+01  8.77775E+01  7.51160E+00  4.69158E-02 -1.99700E-01  3.00000E-01 -1.01662E-02  0.00000E+00  3.00000E-01
     145  9.71084E-04  7.61702E-04  8.23329E+01  1.05273E+02  4.89950E+00  1.42290E+02  1.22078E+02  5.21350E+00 -5.69942E-02 -1.47100E-01  3.00000E-01  7.10575E-02  0.00000E+00  3.00000E-01
     146  5.73162E-03  4.82316E-03  9.62809E+01  1.17864E+02  3.54300E+00  1.39948E+02  1.11039E+02  3.97860E+00 -9.16739E-02 -1.64700E-01  3.00000E-01  2.93685E-03  0.00000E+00  3.00000E-01
     147  2.53145E-03  1.83573E-03  1.01230E+02  1.16630E+02  4.58890E+00  1.52802E+02  1.15629E+02  5.27200E+00 -2.97544E-02 -1.63000E-01  3.00000E-01  3.88312E-02  0.00000E+00  3.00000E-01
     148  7.57355E-03  6.56417E-03  1.24208E+02  1.38060E+02  4.37150E+00  1.45900E+02  1.11025E+02  4.52190E+00 -9.29116E-02 -1.92900E-01  3.00000E-01  2.72948E-03  0.00000E+00  3.00000E-01
     149  1.86381E-02  2.06967E-02  7.10569E+01  1.84203E+02  4.12540E+00  9.80170E+01  8.31491E+01  4.92460E+00 -5.35985E-02 -2.57400E-01  3.00000E-01  2.97562E-02  0.00000E+00  3.00000E-01
     150  1.36023E-02  1.27281E-02  1.04730E+02  1.49848E+02  3.14210E+00  1.30375E+02  9.61340E+01  3.36050E+00 -7.57936E-02 -2.09400E-01  3.00000E-01  4.52130E-02  0.00000E+00  3.00000E-01
     151  1.70417E-02  1.82369E-02  6.60941E+01  1.40762E+02  4.94690E+00  8.66928E+01  8.62257E+01  5.18530E+00 -9.38900E-02 -1.96700E-01  3.00000E-01  2.62631E-02  0.00000E+00  3.00000E-01
     152  2.83714E-02  2.50453E-02  4.42716E+01  2.05386E+02  3.59980E+00  8.24013E+01  6.31672E+01  4.93640E+00  1.22887E-01 -2.87000E-01  3.00000E-01  5.09778E-02  0.00000E+00  3.00000E-01
