         152           4
       1  1.11872E-02  1.05113E-02 -5.16321E+01 -5.51457E+01  2.09680E+00  1.97411E+02  1.93500E+02  2.07980E+00  4.28566E-02  7.70000E-02  3.00000E-01 -1.35194E-02  0.00000E+00  3.00000E-01
       2  5.70130E-03  5.63979E-03 -7.79809E+01 -7.20331E+01  2.11870E+00  1.97725E+02  1.73297E+02  2.29780E+00  1.25720E-01  1.00600E-01  3.00000E-01 -1.14383E-02  0.00000E+00  3.00000E-01
       3  5.20937E-03  5.09047E-03 -7.56583E+01 -7.03214E+01  2.97040E+00  1.90663E+02  1.57694E+02  3.02370E+00  1.12108E-01  9.83000E-02  3.00000E-01 -1.61617E-03  0.00000E+00  3.00000E-01
       4  3.63803E-03  3.31171E-03 -5.88686E+01 -5.93916E+01  2.64100E+00  1.93569E+02  1.79503E+02  2.60000E+00  4.02769E-02  8.30000E-02  3.00000E-01 -6.36090E-03  0.00000E+00  3.00000E-01
       5  6.40447E-03  5.97776E-03 -4.18973E+01 -4.29252E+01  2.62700E+00  1.91505E+02  2.03949E+02  2.49860E+00  2.46855E-02  6.00000E-02  3.00000E-01 -1.30274E-02  0.00000E+00  3.00000E-01
       6  1.84434E-03  2.00683E-03 -8.26873E+01 -7.66923E+01  4.18970E+00  1.73756E+02  1.53159E+02  4.23960E+00  1.87450E-01  1.07200E-01  3.00000E-01  2.32639E-02  0.00000E+00  3.00000E-01
       7  3.70911E-03  3.67951E-03 -7.09731E+01 -6.08558E+01  2.81680E+00  1.72813E+02  1.54194E+02  3.00380E+00  8.61282E-02  8.50000E-02  3.00000E-01  1.38928E-02  0.00000E+00  3.00000E-01
       8  3.71651E-03  3.28370E-03 -4.25865E+01 -4.55340E+01  2.66940E+00  1.84138E+02  1.84950E+02  2.80100E+00  4.30648E-03  6.36000E-02  3.00000E-01  1.33742E-02  0.00000E+00  3.00000E-01
       9  2.51829E-03  2.79429E-03 -7.61333E+01 -7.37064E+01  3.32630E+00  1.54462E+02  1.33986E+02  3.59880E+00  1.60096E-01  1.03000E-01  3.00000E-01  2.42838E-02  0.00000E+00  3.00000E-01
      10  3.56234E-03  3.40953E-03 -5.75543E+01 -5.00778E+01  3.24950E+00  1.70837E+02  1.67266E+02  3.32320E+00  4.35697E-02  7.00000E-02  3.00000E-01  1.76403E-02  0.00000E+00  3.00000E-01
      11  1.37642E-03  1.55210E-03 -8.23405E+01 -8.66754E+01  3.87500E+00  1.55544E+02  1.46387E+02  5.24270E+00  1.99321E-01  1.21100E-01  3.00000E-01  4.52859E-02  0.00000E+00  3.00000E-01
      12  1.30222E-02  1.19428E-02 -1.96939E+01 -2.61590E+01  1.95760E+00  1.78448E+02  2.01454E+02  1.89660E+00  5.29322E-03  3.65000E-02  3.00000E-01  2.24216E-03  0.00000E+00  3.00000E-01
      13  5.08673E-03  4.50829E-03 -3.14727E+01 -3.72943E+01  2.53240E+00  1.75799E+02  1.78601E+02  2.62510E+00  4.16818E-03  5.21000E-02  3.00000E-01  1.84852E-02  0.00000E+00  3.00000E-01
      14  1.06445E-02  1.04663E-02 -2.89288E+01 -3.44990E+01  2.01780E+00  1.89539E+02  2.09083E+02  2.43910E+00  2.27995E-02  4.82000E-02  3.00000E-01 -4.15006E-02  0.00000E+00  3.00000E-01
      15  1.28514E-02  1.27116E-02 -1.36603E+01 -1.63027E+01  2.61890E+00  1.85281E+02  2.13903E+02  2.26050E+00  9.75151E-03  2.28000E-02  3.00000E-01 -4.58646E-02  0.00000E+00  3.00000E-01
      16  2.63649E-03  2.62962E-03 -4.42787E+01 -3.87077E+01  4.33610E+00  1.41190E+02  1.50981E+02  4.82940E+00  6.04417E-02  5.41000E-02  3.00000E-01  2.76849E-02  0.00000E+00  3.00000E-01
      17  9.87356E-03  9.14604E-03 -5.23437E+01 -6.05436E+01  3.43570E+00  1.52190E+02  1.25864E+02  3.59830E+00  6.09680E-02  8.46000E-02  3.00000E-01 -2.36122E-02  0.00000E+00  3.00000E-01
      18  1.53564E-03  1.38735E-03 -2.24738E+01 -1.97254E+01  4.73350E+00  1.67673E+02  1.58949E+02  4.61790E+00  1.64032E-02  2.76000E-02  3.00000E-01  2.86490E-03  0.00000E+00  3.00000E-01
      19  4.11107E-03  3.53229E-03 -3.06473E+00  4.25290E+00  2.76540E+00  1.74574E+02  1.68387E+02  2.73010E+00  3.27944E-03 -5.90000E-03  3.00000E-01  5.11065E-03  0.00000E+00  3.00000E-01
      20  4.09600E-03  3.97951E-03 -2.08727E+01 -1.64615E+01  3.52970E+00  1.40132E+02  1.43857E+02  3.54450E+00  3.88904E-02  2.30000E-02  3.00000E-01  1.80171E-02  0.00000E+00  3.00000E-01
      21  3.88766E-03  3.36783E-03  1.53272E+00  3.07820E+00  3.50300E+00  1.72225E+02  1.78698E+02  3.01190E+00  9.72474E-03 -4.30000E-03  3.00000E-01  3.04155E-02  0.00000E+00  3.00000E-01
      22  1.02351E-02  9.91243E-03 -1.07518E-01  7.42610E+00  2.47200E+00  1.81351E+02  2.04616E+02  2.28450E+00  5.51733E-03 -1.04000E-02  3.00000E-01 -2.85615E-02  0.00000E+00  3.00000E-01
      23  2.09485E-03  1.97110E-03  1.46679E+00  6.42000E-02  3.23530E+00  1.52401E+02  1.46307E+02  3.75370E+00 -1.34692E-02 -1.00000E-04  3.00000E-01 -8.79828E-03  0.00000E+00  3.00000E-01
      24  7.16826E-03  7.22698E-03 -1.34475E+01 -4.05902E+01  1.00825E+01  1.38399E+02  1.11405E+02  1.00086E+01  1.51980E-02  5.67000E-02  3.00000E-01 -4.12404E-02  0.00000E+00  3.00000E-01
      25  7.36945E-03  6.71359E-03  2.41006E+01 -1.27600E-01  6.76040E+00  1.46835E+02  1.10589E+02  7.09400E+00  4.44765E-03  2.00000E-04  3.00000E-01 -7.20087E-02  0.00000E+00  3.00000E-01
      26  1.03624E-02  1.04951E-02 -6.05164E+01 -8.73687E+01  8.21170E+00  1.24695E+02  1.02161E+02  7.20870E+00  5.77488E-02  1.22100E-01  3.00000E-01 -4.43211E-02  0.00000E+00  3.00000E-01
      27  3.33212E-03  3.24109E-03 -6.74296E+01 -8.97611E+01  4.07440E+00  1.43712E+02  1.22064E+02  4.59060E+00  8.19987E-02  1.25400E-01  3.00000E-01  1.70035E-02  0.00000E+00  3.00000E-01
      28  1.26100E-03  1.38091E-03 -8.94084E+01 -9.18239E+01  4.08350E+00  1.47891E+02  1.37606E+02  4.08200E+00  2.28970E-01  1.28300E-01  3.00000E-01  7.88737E-02  0.00000E+00  3.00000E-01
      29  1.56682E-03  1.79176E-03 -9.12581E+01 -8.53951E+01  3.61540E+00  1.60651E+02  1.51784E+02  3.88060E+00  2.42530E-01  1.19300E-01  3.00000E-01  6.60645E-02  0.00000E+00  3.00000E-01
      30  3.47699E-03  3.11095E-03 -7.62935E+01 -1.14358E+02  4.66580E+00  1.46397E+02  1.22178E+02  4.97350E+00  7.66595E-02  1.59800E-01  3.00000E-01  2.64864E-02  0.00000E+00  3.00000E-01
      31  1.92749E-03  2.15372E-03 -9.07320E+01 -8.14300E+01  3.54520E+00  1.73756E+02  1.60441E+02  3.61190E+00  2.17270E-01  1.13800E-01  3.00000E-01  4.15730E-02  0.00000E+00  3.00000E-01
      32  1.03445E-02  9.93354E-03 -1.10287E+02 -1.32051E+02  4.99940E+00  1.53425E+02  1.03527E+02  5.06440E+00  1.14405E-01  1.84500E-01  3.00000E-01 -3.25047E-02  0.00000E+00  3.00000E-01
      33  6.48277E-03  5.26525E-03 -1.12370E+02 -1.24535E+02  3.79810E+00  1.69553E+02  1.22670E+02  4.11950E+00  5.40335E-02  1.74000E-01  3.00000E-01 -2.54820E-02  0.00000E+00  3.00000E-01
      34  3.29359E-03  3.07881E-03 -9.22250E+01 -9.57580E+01  3.50070E+00  1.45427E+02  1.29370E+02  3.37900E+00  1.44079E-01  1.33800E-01  3.00000E-01  6.19446E-02  0.00000E+00  3.00000E-01
      35  1.26296E-02  1.16863E-02 -1.48833E+02 -1.52696E+02  3.72370E+00  1.42278E+02  9.98517E+01  3.80120E+00  8.96813E-02  2.13300E-01  3.00000E-01  5.87233E-03  0.00000E+00  3.00000E-01
      36  1.32579E-03  1.47689E-03 -9.90416E+01 -9.03990E+01  3.94300E+00  1.44045E+02  1.43693E+02  3.89150E+00  2.53134E-01  1.26300E-01  3.00000E-01  1.15027E-01  0.00000E+00  3.00000E-01
      37  1.30718E-02  1.48302E-02 -9.02808E+01 -1.61801E+02  6.01230E+00  9.92990E+01  8.50652E+01  6.60920E+00  1.55429E-01  2.26100E-01  3.00000E-01  3.19743E-02  0.00000E+00  3.00000E-01
      38  5.20918E-03  4.13654E-03 -1.06157E+02 -1.11794E+02  2.99430E+00  1.57688E+02  1.19721E+02  3.35420E+00  5.09192E-02  1.56200E-01  3.00000E-01  1.95780E-02  0.00000E+00  3.00000E-01
      39  2.72557E-03  3.01440E-03 -9.26762E+01 -9.52033E+01  3.35160E+00  1.50237E+02  1.44592E+02  3.36560E+00  2.39495E-01  1.33000E-01  3.00000E-01  8.11888E-02  0.00000E+00  3.00000E-01
      40  1.27365E-02  1.12990E-02 -1.52597E+01 -1.97637E+02  6.00790E+00  4.36871E+01  6.55906E+01  7.20350E+00 -1.07503E-01  2.76100E-01  3.00000E-01  1.50849E-01  0.00000E+00  3.00000E-01
      41  9.99181E-03  1.07533E-02 -1.02528E+02 -1.65616E+02  4.30430E+00  1.07436E+02  8.33342E+01  4.77530E+00  1.17332E-01  2.31400E-01  3.00000E-01  9.60405E-02  0.00000E+00  3.00000E-01
      42  6.42479E-03  5.73159E-03 -1.25032E+02 -1.25516E+02  3.53720E+00  1.52499E+02  1.04361E+02  3.94210E+00  1.17807E-01  1.75400E-01  3.00000E-01 -1.35887E-02  0.00000E+00  3.00000E-01
      43  1.35066E-02  1.58165E-02 -1.16773E+02 -2.00253E+02  4.68790E+00  8.35237E+01  7.05455E+01  6.39010E+00  2.14331E-01  2.79800E-01  3.00000E-01  9.90795E-02  0.00000E+00  3.00000E-01
      44  3.01335E-03  2.36995E-03 -9.31950E+01 -1.13573E+02  4.52250E+00  1.54540E+02  1.17822E+02  4.77830E+00  4.43118E-02  1.58700E-01  3.00000E-01 -1.54990E-03  0.00000E+00  3.00000E-01
      45  1.25680E-03  1.36338E-03 -8.56633E+01 -9.20753E+01  3.96280E+00  1.44729E+02  1.46072E+02  3.57010E+00  2.09873E-01  1.28600E-01  3.00000E-01  6.98974E-02  0.00000E+00  3.00000E-01
      46  1.65095E-03  1.82614E-03 -8.77904E+01 -9.10898E+01  3.34400E+00  1.59895E+02  1.61695E+02  3.60620E+00  2.21384E-01  1.27300E-01  3.00000E-01  5.55627E-02  0.00000E+00  3.00000E-01
      47  3.33790E-03  3.09756E-03 -7.38082E+01 -9.81729E+01  3.58330E+00  1.39582E+02  1.21180E+02  4.10090E+00  7.05565E-02  1.37200E-01  3.00000E-01  2.91200E-02  0.00000E+00  3.00000E-01
      48  4.74556E-03  4.75036E-03 -8.02744E+01 -6.95816E+01  2.54100E+00  1.88528E+02  1.64613E+02  2.59370E+00  1.43041E-01  9.72000E-02  3.00000E-01  2.59333E-03  0.00000E+00  3.00000E-01
      49  1.23583E-03  1.39930E-03 -7.90826E+01 -8.82302E+01  3.46790E+00  1.46241E+02  1.57875E+02  3.15310E+00  1.91544E-01  1.23300E-01  3.00000E-01  4.02240E-02  0.00000E+00  3.00000E-01
      50  1.69448E-03  1.84626E-03 -8.29946E+01 -8.23289E+01  3.31840E+00  1.65011E+02  1.67328E+02  3.32990E+00  1.75421E-01  1.15000E-01  3.00000E-01  2.99051E-02  0.00000E+00  3.00000E-01
      51  8.72558E-03  9.41200E-03 -9.44023E+01 -1.07611E+02  5.32290E+00  1.26086E+02  9.51285E+01  5.75030E+00  8.50060E-02  1.50400E-01  3.00000E-01  1.80498E-02  0.00000E+00  3.00000E-01
      52  3.85081E-03  3.55949E-03 -6.51162E+01 -5.18417E+01  2.48570E+00  1.99919E+02  2.05582E+02  2.37090E+00  6.85347E-02  7.24000E-02  3.00000E-01 -9.61335E-03  0.00000E+00  3.00000E-01
      53  1.14797E-03  1.27411E-03 -7.22801E+01 -7.95708E+01  3.64480E+00  1.48898E+02  1.44946E+02  4.05920E+00  1.49179E-01  1.11200E-01  3.00000E-01  1.42001E-02  0.00000E+00  3.00000E-01
      54  2.58632E-03  2.41032E-03 -7.40124E+01 -9.13735E+01  3.94420E+00  1.49312E+02  1.18040E+02  3.70890E+00  5.53595E-02  1.27700E-01  3.00000E-01 -1.30440E-02  0.00000E+00  3.00000E-01
      55  1.60547E-03  1.70972E-03 -7.45525E+01 -7.26749E+01  2.99110E+00  1.65444E+02  1.64762E+02  3.44310E+00  1.28098E-01  1.01500E-01  3.00000E-01  2.33500E-02  0.00000E+00  3.00000E-01
      56  2.41046E-03  2.35491E-03 -7.03367E+01 -6.05916E+01  2.90940E+00  1.89807E+02  1.76118E+02  3.11640E+00  8.09711E-02  8.47000E-02  3.00000E-01 -4.14855E-03  0.00000E+00  3.00000E-01
      57  3.95646E-03  3.61246E-03 -5.00364E+01 -3.90104E+01  2.31750E+00  1.96137E+02  2.06014E+02  2.31160E+00  2.60321E-02  5.45000E-02  3.00000E-01 -1.05476E-02  0.00000E+00  3.00000E-01
      58  7.33416E-03  6.92678E-03 -3.03153E+01 -3.44129E+01  2.42660E+00  1.89588E+02  2.06800E+02  2.04820E+00  1.16112E-02  4.81000E-02  3.00000E-01 -1.86003E-02  0.00000E+00  3.00000E-01
      59  5.40770E-03  4.86996E-03 -6.71249E+01 -7.06768E+01  3.54790E+00  1.51797E+02  1.21332E+02  3.99690E+00  6.20538E-02  9.87000E-02  3.00000E-01 -3.09410E-02  0.00000E+00  3.00000E-01
      60  1.00899E-03  1.07863E-03 -6.81122E+01 -6.58570E+01  4.59500E+00  1.45226E+02  1.38512E+02  5.63270E+00  1.28676E-01  9.20000E-02  3.00000E-01  1.20151E-02  0.00000E+00  3.00000E-01
      61  1.40311E-03  1.46383E-03 -6.31272E+01 -5.91339E+01  3.37190E+00  1.61294E+02  1.71291E+02  3.71740E+00  9.28951E-02  8.26000E-02  3.00000E-01  1.14515E-02  0.00000E+00  3.00000E-01
      62  2.08762E-03  2.00832E-03 -5.72646E+01 -4.92578E+01  3.20750E+00  1.85808E+02  1.70370E+02  3.17090E+00  3.97759E-02  6.88000E-02  3.00000E-01 -7.79711E-03  0.00000E+00  3.00000E-01
      63  1.29262E-02  1.28284E-02 -1.43102E+01 -1.66150E+01  2.31170E+00  1.86712E+02  2.14012E+02  2.27080E+00  8.03197E-03  2.32000E-02  3.00000E-01 -4.76617E-02  0.00000E+00  3.00000E-01
      64  3.36190E-03  2.99263E-03 -3.40020E+01 -3.48226E+01  3.01100E+00  1.86619E+02  1.92501E+02  3.20530E+00 -2.82095E-03  4.87000E-02  3.00000E-01  1.05507E-02  0.00000E+00  3.00000E-01
      65  3.24146E-03  3.27797E-03 -5.16012E+01 -4.67406E+01  4.32920E+00  1.39522E+02  1.29943E+02  4.18700E+00  7.58407E-02  6.53000E-02  3.00000E-01  7.22868E-03  0.00000E+00  3.00000E-01
      66  1.62288E-02  1.53145E-02 -5.02873E+00 -9.71960E+00  1.98640E+00  1.80720E+02  2.04650E+02  1.82760E+00 -2.85453E-03  1.36000E-02  3.00000E-01 -1.73764E-02  0.00000E+00  3.00000E-01
      67  2.91442E-02  2.93030E-02  6.20515E+00  1.97364E+01  1.65850E+00  1.87201E+02  2.10271E+02  1.68840E+00 -4.43344E-03 -2.76000E-02  3.00000E-01 -5.36121E-02  0.00000E+00  3.00000E-01
      68  1.28766E-02  1.29228E-02 -5.97758E+01 -5.53930E+01  7.43740E+00  1.09536E+02  9.90821E+01  6.39610E+00  5.92443E-02  7.74000E-02  3.00000E-01 -2.40276E-02  0.00000E+00  3.00000E-01
      69  1.64507E-03  1.51200E-03 -4.09213E+01 -3.85227E+01  2.88670E+00  1.73307E+02  1.74375E+02  3.53670E+00  2.78461E-02  5.38000E-02  3.00000E-01  3.18186E-03  0.00000E+00  3.00000E-01
      70  6.08167E-03  5.49402E-03  1.32892E+01  1.72862E+01  3.27700E+00  1.31586E+02  1.21636E+02  3.75850E+00  1.27863E-04 -2.42000E-02  3.00000E-01  3.65683E-02  0.00000E+00  3.00000E-01
      71  2.47359E-03  2.15287E-03 -1.97822E+01 -1.98976E+01  3.89570E+00  1.78396E+02  1.70702E+02  3.88190E+00 -1.02008E-02  2.78000E-02  3.00000E-01  1.45586E-02  0.00000E+00  3.00000E-01
      72  9.35559E-03  8.41724E-03  2.15934E+01  2.54342E+01  2.23560E+00  1.82640E+02  1.98916E+02  2.20800E+00  5.27475E-03 -3.55000E-02  3.00000E-01  9.42635E-03  0.00000E+00  3.00000E-01
      73  4.11866E-03  3.69759E-03  2.86350E+01  3.19210E+01  2.31940E+00  1.76173E+02  1.72709E+02  2.61440E+00  2.56183E-03 -4.46000E-02  3.00000E-01  1.41296E-02  0.00000E+00  3.00000E-01
      74  3.88766E-03  3.34929E-03 -1.82301E+00 -3.07820E+00  3.50300E+00  1.71298E+02  1.78698E+02  3.01190E+00 -1.00905E-02  4.30000E-03  3.00000E-01  3.14104E-02  0.00000E+00  3.00000E-01
      75  5.42531E-03  4.93042E-03 -5.35015E+01 -3.44652E+01  5.16830E+00  1.51300E+02  1.07433E+02  5.64620E+00  2.90565E-02  4.82000E-02  3.00000E-01 -6.00620E-02  0.00000E+00  3.00000E-01
      76  1.28514E-02  1.27353E-02  1.38254E+01  1.63027E+01  2.61890E+00  1.85852E+02  2.13903E+02  2.26050E+00 -9.76752E-03 -2.28000E-02  3.00000E-01 -4.51375E-02  0.00000E+00  3.00000E-01
      77  1.33877E-02  1.23851E-02 -4.32734E+01 -1.55468E+02  5.77590E+00  7.34182E+01  6.82334E+01  7.73900E+00 -1.70481E-01  2.17200E-01  3.00000E-01  3.31572E-02  0.00000E+00  3.00000E-01
      78  9.13856E-03  6.16867E-03 -1.37414E+01 -2.14718E+02  6.11990E+00  3.12534E+01  5.66170E+01  9.13570E+00 -3.74822E-02  3.00000E-01  3.00000E-01  2.05157E-03  0.00000E+00  3.00000E-01
      79  1.46669E-03  1.44746E-03 -3.32968E+01 -2.66730E+01  4.69660E+00  1.33843E+02  1.32862E+02  5.12060E+00  5.26124E-02  3.73000E-02  3.00000E-01  1.52967E-02  0.00000E+00  3.00000E-01
      80  1.23028E-03  1.14233E-03 -2.07226E+01 -2.19635E+01  3.75400E+00  1.58680E+02  1.45756E+02  4.26770E+00  2.92788E-02  3.07000E-02  3.00000E-01  1.25724E-04  0.00000E+00  3.00000E-01
      81  2.16485E-03  2.11488E-03 -1.36258E+01 -1.50469E+01  4.04570E+00  1.36634E+02  1.28562E+02  4.76240E+00  3.57145E-02  2.10000E-02  3.00000E-01  1.71248E-02  0.00000E+00  3.00000E-01
      82  1.71572E-03  1.51530E-03 -7.93483E+00 -1.69529E+01  4.11020E+00  1.71400E+02  1.64466E+02  4.08680E+00  3.53200E-03  2.37000E-02  3.00000E-01 -2.28489E-03  0.00000E+00  3.00000E-01
      83  5.87670E-03  5.32751E-03  1.33630E+01  2.36044E+01  2.54170E+00  1.73213E+02  2.01731E+02  2.35250E+00 -4.36795E-03 -3.30000E-02  3.00000E-01  1.02094E-02  0.00000E+00  3.00000E-01
      84  2.39535E-03  2.03396E-03  1.03858E+01  6.25090E+00  3.73800E+00  1.76666E+02  1.71546E+02  3.66870E+00 -2.05553E-03 -8.70000E-03  3.00000E-01  1.35964E-02  0.00000E+00  3.00000E-01
      85  4.75211E-03  4.18571E-03 -2.79059E+01 -1.49436E+01  5.71080E+00  1.53890E+02  1.03941E+02  6.87710E+00 -3.84656E-03  2.09000E-02  3.00000E-01 -6.48304E-02  0.00000E+00  3.00000E-01
      86  1.18661E-03  1.08209E-03  6.11610E+00  5.89020E+00  3.99590E+00  1.61867E+02  1.53860E+02  4.59740E+00 -9.48543E-03 -8.20000E-03  3.00000E-01 -1.38093E-02  0.00000E+00  3.00000E-01
      87  1.35500E-02  1.26847E-02  3.41053E+01  3.74109E+01  1.99580E+00  1.86956E+02  2.02812E+02  1.97070E+00 -1.61334E-02 -5.23000E-02  3.00000E-01 -1.20709E-02  0.00000E+00  3.00000E-01
      88  3.18483E-03  2.73859E-03  2.48360E+01  3.76838E+01  3.34130E+00  1.72519E+02  1.85456E+02  3.54960E+00  5.82972E-03 -5.27000E-02  3.00000E-01  3.01479E-02  0.00000E+00  3.00000E-01
      89  1.06445E-02  1.04222E-02  2.83108E+01  3.44990E+01  2.01780E+00  1.90212E+02  2.09083E+02  2.43910E+00 -2.07818E-02 -4.82000E-02  3.00000E-01 -4.06484E-02  0.00000E+00  3.00000E-01
      90  1.53564E-03  1.37364E-03  2.19459E+01  1.97254E+01  4.73350E+00  1.67744E+02  1.58949E+02  4.61790E+00 -1.44301E-02 -2.76000E-02  3.00000E-01  3.20964E-03  0.00000E+00  3.00000E-01
      91  7.33416E-03  6.87616E-03  3.01924E+01  3.44129E+01  2.42660E+00  1.88277E+02  2.06800E+02  2.04820E+00 -1.11704E-02 -4.81000E-02  3.00000E-01 -1.83519E-02  0.00000E+00  3.00000E-01
      92  1.52209E-03  1.49981E-03  7.17286E+00 -1.66190E+00  4.87370E+00  1.41279E+02  1.34958E+02  5.21500E+00 -1.61275E-02  2.30000E-03  3.00000E-01 -5.42120E-03  0.00000E+00  3.00000E-01
      93  3.71651E-03  3.29973E-03  4.14268E+01  4.55340E+01  2.66940E+00  1.83212E+02  1.84950E+02  2.80100E+00 -3.72252E-03 -6.36000E-02  3.00000E-01  1.32833E-02  0.00000E+00  3.00000E-01
      94  1.90190E-03  1.68887E-03  3.73345E+01  3.67685E+01  3.88200E+00  1.74167E+02  1.70325E+02  3.90010E+00 -1.76230E-02 -5.14000E-02  3.00000E-01  7.42751E-03  0.00000E+00  3.00000E-01
      95  3.04395E-03  2.76317E-03  6.95436E+00  4.09800E+00  6.29160E+00  1.33780E+02  1.28315E+02  5.83360E+00 -1.36784E-02 -5.70000E-03  3.00000E-01  4.06803E-02  0.00000E+00  3.00000E-01
      96  1.03871E-02  9.78405E-03  5.20477E+01  4.96517E+01  1.89490E+00  1.98399E+02  2.04868E+02  1.86230E+00 -4.25962E-02 -6.94000E-02  3.00000E-01 -1.56695E-02  0.00000E+00  3.00000E-01
      97  1.03463E-03  1.00954E-03  3.20054E+01  2.43638E+01  5.29040E+00  1.47139E+02  1.54438E+02  5.63680E+00 -6.22551E-02 -3.40000E-02  3.00000E-01  5.88244E-03  0.00000E+00  3.00000E-01
      98  1.23028E-03  1.15477E-03  2.53752E+01  2.19635E+01  3.75400E+00  1.58910E+02  1.45756E+02  4.26770E+00 -3.54843E-02 -3.07000E-02  3.00000E-01  4.47640E-03  0.00000E+00  3.00000E-01
      99  3.95646E-03  3.61514E-03  4.93082E+01  3.90104E+01  2.31750E+00  1.95403E+02  2.06014E+02  2.31160E+00 -2.54273E-02 -5.45000E-02  3.00000E-01 -2.92407E-03  0.00000E+00  3.00000E-01
     100  3.63803E-03  3.29572E-03  5.83508E+01  5.93916E+01  2.64100E+00  1.94726E+02  1.79503E+02  2.60000E+00 -4.40910E-02 -8.30000E-02  3.00000E-01 -1.63165E-03  0.00000E+00  3.00000E-01
     101  4.40999E-03  4.19765E-03  6.18725E+01  5.56762E+01  3.02470E+00  1.83575E+02  1.67626E+02  3.00050E+00 -4.92302E-02 -7.78000E-02  3.00000E-01  3.19862E-03  0.00000E+00  3.00000E-01
     102  4.65093E-03  4.31782E-03  5.98810E+01  6.41298E+01  3.00430E+00  2.00062E+02  1.84157E+02  2.87750E+00 -5.68204E-02 -8.96000E-02  3.00000E-01 -1.09361E-02  0.00000E+00  3.00000E-01
     103  1.23156E-03  1.20748E-03  4.76314E+01  3.85853E+01  5.73760E+00  1.53176E+02  1.61140E+02  6.70480E+00 -6.49460E-02 -5.39000E-02  3.00000E-01  2.33021E-02  0.00000E+00  3.00000E-01
     104  9.85493E-03  9.49328E-03 -6.80418E+00  2.30641E+01  9.59970E+00  1.29118E+02  1.07645E+02  9.74700E+00 -2.58144E-02 -3.22000E-02  3.00000E-01 -5.42949E-02  0.00000E+00  3.00000E-01
     105  2.76917E-03  2.81466E-03  3.87991E+01  3.67031E+01  5.26070E+00  1.34678E+02  1.39582E+02  5.24910E+00 -5.75483E-02 -5.13000E-02  3.00000E-01  2.30150E-02  0.00000E+00  3.00000E-01
     106  2.08762E-03  1.98019E-03  5.50131E+01  4.92578E+01  3.20750E+00  1.83473E+02  1.70370E+02  3.17090E+00 -3.68499E-02 -6.88000E-02  3.00000E-01 -5.53147E-03  0.00000E+00  3.00000E-01
     107  1.39072E-03  1.37563E-03  6.19958E+01  4.86514E+01  5.14740E+00  1.56821E+02  1.61512E+02  5.38590E+00 -7.15367E-02 -6.80000E-02  3.00000E-01  2.80231E-02  0.00000E+00  3.00000E-01
     108  5.58888E-03  5.44997E-03  7.76665E+01  7.60691E+01  2.84590E+00  1.94197E+02  1.68728E+02  3.07360E+00 -1.20061E-01 -1.06300E-01  3.00000E-01 -4.93367E-03  0.00000E+00  3.00000E-01
     109  1.59959E-03  1.60446E-03  4.14600E+01  3.12237E+01  4.52500E+00  1.36536E+02  1.28783E+02  4.74540E+00 -7.20098E-02 -4.36000E-02  3.00000E-01  5.78185E-03  0.00000E+00  3.00000E-01
     110  2.41046E-03  2.34072E-03  6.80291E+01  6.05916E+01  2.90940E+00  1.90469E+02  1.76118E+02  3.11640E+00 -7.77062E-02 -8.47000E-02  3.00000E-01 -6.09935E-03  0.00000E+00  3.00000E-01
     111  3.22140E-03  3.07290E-03  7.57153E+01  6.87448E+01  2.57530E+00  2.00968E+02  1.75875E+02  2.77020E+00 -1.03636E-01 -9.60000E-02  3.00000E-01 -9.97784E-03  0.00000E+00  3.00000E-01
     112  2.65505E-03  2.66295E-03  5.43495E+01  5.27820E+01  4.76920E+00  1.44233E+02  1.32920E+02  4.55460E+00 -8.04326E-02 -7.37000E-02  3.00000E-01  3.39677E-03  0.00000E+00  3.00000E-01
     113  2.47299E-03  2.45031E-03  7.91165E+01  6.44952E+01  3.38250E+00  1.88800E+02  1.68797E+02  3.75640E+00 -1.29940E-01 -9.01000E-02  3.00000E-01  6.65840E-03  0.00000E+00  3.00000E-01
     114  1.47074E-03  1.55356E-03  7.08938E+01  6.09376E+01  3.68380E+00  1.60505E+02  1.44153E+02  4.23210E+00 -1.03450E-01 -8.51000E-02  3.00000E-01  1.65556E-02  0.00000E+00  3.00000E-01
     115  2.41210E-03  2.50321E-03  6.53627E+01  6.14871E+01  2.71850E+00  1.54300E+02  1.61346E+02  3.10260E+00 -1.11281E-01 -8.59000E-02  3.00000E-01  1.82695E-02  0.00000E+00  3.00000E-01
     116  4.85924E-03  4.64022E-03  6.16268E+01  2.17985E+01  7.38860E+00  1.45563E+02  1.05102E+02  7.90260E+00 -3.97058E-02 -3.05000E-02  3.00000E-01 -6.67634E-02  0.00000E+00  3.00000E-01
     117  2.10040E-03  2.12245E-03  7.75423E+01  6.88558E+01  4.02080E+00  1.81317E+02  1.48397E+02  3.99660E+00 -1.39962E-01 -9.62000E-02  3.00000E-01  8.33922E-03  0.00000E+00  3.00000E-01
     118  2.68487E-03  2.69970E-03  6.31233E+01  5.92784E+01  5.08820E+00  1.43357E+02  1.31205E+02  5.16520E+00 -1.08955E-01 -8.28000E-02  3.00000E-01  8.62445E-03  0.00000E+00  3.00000E-01
     119  1.60547E-03  1.73887E-03  7.30472E+01  7.26749E+01  2.99110E+00  1.65738E+02  1.64762E+02  3.44310E+00 -1.30115E-01 -1.01500E-01  3.00000E-01  1.31505E-02  0.00000E+00  3.00000E-01
     120  8.03854E-03  7.66282E-03  4.61262E+01  5.09015E+01  5.64670E+00  1.64171E+02  1.16348E+02  5.83170E+00 -3.64486E-02 -7.11000E-02  3.00000E-01 -7.25502E-02  0.00000E+00  3.00000E-01
     121  2.27257E-03  2.34703E-03  8.67262E+01  7.61701E+01  3.84970E+00  1.81525E+02  1.60800E+02  3.58570E+00 -1.76020E-01 -1.06400E-01  3.00000E-01  2.50655E-02  0.00000E+00  3.00000E-01
     122  2.83506E-03  3.11276E-03  8.12262E+01  8.27018E+01  3.09000E+00  1.56251E+02  1.44534E+02  3.77070E+00 -1.82756E-01 -1.15500E-01  3.00000E-01  3.70722E-02  0.00000E+00  3.00000E-01
     123  3.41115E-03  3.82565E-03  8.76342E+01  8.16806E+01  2.73720E+00  1.67392E+02  1.52411E+02  2.86250E+00 -2.14196E-01 -1.14100E-01  3.00000E-01  4.58636E-02  0.00000E+00  3.00000E-01
     124  2.93032E-03  3.25720E-03  8.05388E+01  8.51497E+01  2.39760E+00  1.57848E+02  1.62344E+02  2.28950E+00 -1.77170E-01 -1.19000E-01  3.00000E-01  3.62321E-02  0.00000E+00  3.00000E-01
     125  1.92749E-03  2.14158E-03  9.05947E+01  8.14300E+01  3.54520E+00  1.72656E+02  1.60441E+02  3.61190E+00 -2.20084E-01 -1.13800E-01  3.00000E-01  4.48362E-02  0.00000E+00  3.00000E-01
     126  1.65095E-03  1.83940E-03  8.74572E+01  9.10898E+01  3.34400E+00  1.62620E+02  1.61695E+02  3.60620E+00 -2.18870E-01 -1.27300E-01  3.00000E-01  4.63227E-02  0.00000E+00  3.00000E-01
     127  1.05965E-03  1.16397E-03  7.57685E+01  7.22056E+01  4.37510E+00  1.47553E+02  1.27268E+02  4.80780E+00 -1.63288E-01 -1.00900E-01  3.00000E-01  2.62123E-02  0.00000E+00  3.00000E-01
     128  1.14797E-03  1.30330E-03  7.37519E+01  7.95708E+01  3.64480E+00  1.48900E+02  1.44946E+02  4.05920E+00 -1.62126E-01 -1.11200E-01  3.00000E-01  2.13490E-02  0.00000E+00  3.00000E-01
     129  4.85228E-03  4.40114E-03  6.60821E+01  8.53516E+01  4.42960E+00  1.53017E+02  1.15338E+02  5.08700E+00 -3.16300E-02 -1.19300E-01  3.00000E-01 -2.58036E-02  0.00000E+00  3.00000E-01
     130  3.67954E-03  3.28116E-03  5.36198E+01  5.04692E+01  5.06090E+00  1.47473E+02  1.17951E+02  5.57950E+00 -3.30337E-02 -7.05000E-02  3.00000E-01 -2.33705E-02  0.00000E+00  3.00000E-01
     131  2.72557E-03  2.98578E-03  9.27520E+01  9.52033E+01  3.35160E+00  1.48893E+02  1.44592E+02  3.36560E+00 -2.33701E-01 -1.33000E-01  3.00000E-01  8.26435E-02  0.00000E+00  3.00000E-01
     132  2.89686E-03  2.91666E-03  7.24724E+01  9.59976E+01  4.33880E+00  1.44350E+02  1.25222E+02  4.68940E+00 -1.24844E-01 -1.34100E-01  3.00000E-01  3.21240E-02  0.00000E+00  3.00000E-01
     133  6.10500E-03  6.07792E-03  9.30396E+01  8.64738E+01  4.31310E+00  1.54196E+02  1.08404E+02  4.79760E+00 -9.27051E-02 -1.20800E-01  3.00000E-01 -4.76308E-02  0.00000E+00  3.00000E-01
     134  1.26100E-03  1.36731E-03  8.69236E+01  9.18239E+01  4.08350E+00  1.47458E+02  1.37606E+02  4.08200E+00 -2.13957E-01 -1.28300E-01  3.00000E-01  7.61222E-02  0.00000E+00  3.00000E-01
     135  1.12874E-02  1.16753E-02  6.81293E+01  9.52826E+01  8.11970E+00  1.30180E+02  1.02093E+02  6.80250E+00 -5.94472E-02 -1.33100E-01  3.00000E-01 -4.59708E-02  0.00000E+00  3.00000E-01
     136  1.25680E-03  1.37173E-03  8.68320E+01  9.20753E+01  3.96280E+00  1.42876E+02  1.46072E+02  3.57010E+00 -2.14561E-01 -1.28600E-01  3.00000E-01  7.64072E-02  0.00000E+00  3.00000E-01
     137  2.45765E-03  2.55458E-03  9.62260E+01  9.12632E+01  3.29800E+00  1.45780E+02  1.39211E+02  3.28030E+00 -2.17008E-01 -1.27500E-01  3.00000E-01  8.38488E-02  0.00000E+00  3.00000E-01
     138  3.20993E-03  3.21661E-03  6.46646E+01  8.24222E+01  3.56590E+00  1.42711E+02  1.26230E+02  3.92700E+00 -8.09863E-02 -1.15200E-01  3.00000E-01  7.64480E-03  0.00000E+00  3.00000E-01
     139  3.14311E-03  2.70402E-03  8.03169E+01  9.89743E+01  3.80460E+00  1.48151E+02  1.11957E+02  3.76270E+00 -3.27000E-02 -1.38300E-01  3.00000E-01 -1.51487E-02  0.00000E+00  3.00000E-01
     140  2.16173E-03  1.98464E-03  9.05215E+01  9.70276E+01  4.30390E+00  1.47456E+02  1.29884E+02  4.05950E+00 -1.37926E-01 -1.35600E-01  3.00000E-01  6.09447E-02  0.00000E+00  3.00000E-01
     141  2.81751E-03  2.48976E-03  7.76926E+01  1.05362E+02  4.43740E+00  1.41796E+02  1.25949E+02  4.98880E+00 -7.39198E-02 -1.47200E-01  3.00000E-01  4.10050E-02  0.00000E+00  3.00000E-01
     142  7.38167E-03  6.45255E-03  1.02347E+02  1.30449E+02  4.55590E+00  1.57878E+02  1.11069E+02  4.77790E+00 -8.29919E-02 -1.82300E-01  3.00000E-01 -3.86435E-02  0.00000E+00  3.00000E-01
     143  4.25213E-03  3.59839E-03  1.02639E+02  1.22448E+02  4.22050E+00  1.63763E+02  1.22967E+02  4.61680E+00 -6.47223E-02 -1.71100E-01  3.00000E-01 -3.98236E-03  0.00000E+00  3.00000E-01
     144  1.36557E-02  1.40344E-02  6.19616E+01  1.42943E+02  7.38560E+00  9.21208E+01  8.77775E+01  7.51160E+00  3.30013E-02 -1.99700E-01  3.00000E-01 -6.00340E-02  0.00000E+00  3.00000E-01
     145  9.71084E-04  7.71146E-04  9.17160E+01  1.05273E+02  4.89950E+00  1.49582E+02  1.22078E+02  5.21350E+00 -5.56976E-02 -1.47100E-01  3.00000E-01  3.79456E-02  0.00000E+00  3.00000E-01
     146  5.73162E-03  4.89062E-03  1.16825E+02  1.17864E+02  3.54300E+00  1.53454E+02  1.11039E+02  3.97860E+00 -9.73709E-02 -1.64700E-01  3.00000E-01 -2.31869E-02  0.00000E+00  3.00000E-01
     147  2.53145E-03  1.86741E-03  1.14580E+02  1.16630E+02  4.58890E+00  1.62279E+02  1.15629E+02  5.27200E+00 -3.09405E-02 -1.63000E-01  3.00000E-01 -5.64578E-03  0.00000E+00  3.00000E-01
     148  7.57355E-03  6.70142E-03  1.50514E+02  1.38060E+02  4.37150E+00  1.57324E+02  1.11025E+02  4.52190E+00 -1.06565E-01 -1.92900E-01  3.00000E-01 -2.13004E-02  0.00000E+00  3.00000E-01
     149  1.86381E-02  2.08451E-02  9.34255E+01  1.84203E+02  4.12540E+00  1.08186E+02  8.31491E+01  4.92460E+00 -9.06611E-02 -2.57400E-01  3.00000E-01  5.19231E-03  0.00000E+00  3.00000E-01
     150  1.36023E-02  1.30027E-02  1.29743E+02  1.49848E+02  3.14210E+00  1.39603E+02  9.61340E+01  3.36050E+00 -8.32995E-02 -2.09400E-01  3.00000E-01  3.10247E-02  0.00000E+00  3.00000E-01
     151  1.70417E-02  1.84083E-02  8.38827E+01  1.40762E+02  4.94690E+00  9.79995E+01  8.62257E+01  5.18530E+00 -1.14833E-01 -1.96700E-01  3.00000E-01  1.77517E-02  0.00000E+00  3.00000E-01
     152  2.83714E-02  2.49299E-02  6.35411E+01  2.05386E+02  3.59980E+00  1.01815E+02  6.31672E+01  4.93640E+00  1.05369E-01 -2.87000E-01  3.00000E-01 -5.15698E-02  0.00000E+00  3.00000E-01
