 -4.98885E+17  1.79690E+16  5.13689E+15  3.06914E+15  4.67158E+04
 -4.85360E+17  2.16956E+16 -3.71194E+15  3.06199E+15  4.59122E+04
 -2.94114E+17  6.87563E+15 -8.96577E+14  3.03204E+15  4.51496E+04
  1.12501E+16  1.21309E+16  3.40769E+17  3.10461E+15  4.52090E+04
  5.48008E+15  2.16590E+15  2.76816E+17  3.09685E+15  4.54545E+04
 -1.72425E+15  3.32014E+15  1.31211E+15  3.06422E+15  4.61883E+04
  4.86460E+14  5.31265E+13  5.49289E+17  3.14808E+15  4.60947E+04
  2.31231E+13  1.07366E+16  4.66708E+17  3.14309E+15  4.50009E+04
 -2.08976E+15  2.06800E+15 -5.35515E+15  3.09829E+15  4.56113E+04
  7.01055E+13  3.60124E+15  6.67296E+17  3.17766E+15  4.59059E+04
 -1.56657E+15  2.03896E+15  5.80736E+17  3.17517E+15  4.56570E+04
 -8.39012E+14  1.28953E+15  1.60989E+15  3.11194E+15  4.44422E+04
 -2.11007E+18  1.59050E+17 -1.97857E+16  8.87690E+15  7.65981E+04
 -1.90802E+18  2.38573E+15 -5.15553E+15  9.24539E+15  7.23911E+04
 -8.92254E+17  9.13988E+15  2.53647E+15  1.04379E+16  6.63484E+04
  4.30330E+16  1.82690E+16  1.23389E+18  8.93170E+15  7.29167E+04
  2.81898E+16  1.37004E+16  1.07119E+18  9.45166E+15  7.13231E+04
  1.44608E+15 -1.81436E+15  3.52859E+17  1.05917E+16  6.55250E+04
  2.06987E+16  9.93974E+15  1.98908E+18  9.01097E+15  7.29130E+04
 -1.91135E+16  1.24896E+16  1.74022E+18  9.51391E+15  7.22462E+04
  2.30772E+15  9.72176E+15  5.70953E+17  1.08227E+16  6.40739E+04
  1.60577E+15  1.70886E+16  2.40604E+18  9.06765E+15  7.30804E+04
 -4.32711E+15  1.82999E+15  2.11321E+18  9.61336E+15  7.18959E+04
  6.63775E+14  1.92645E+14  6.96224E+17  1.09682E+16  6.44783E+04
 -6.01427E+18  1.66547E+17 -5.15214E+16  2.90913E+16  6.17358E+04
 -5.47614E+18  2.13976E+17  3.85313E+16  3.02802E+16  6.21342E+04
 -2.60861E+18  4.21017E+16 -3.94703E+15  3.39785E+16  5.97968E+04
  8.95141E+16  1.88307E+17  3.71596E+18  2.94559E+16  6.00672E+04
 -8.78227E+16  5.20093E+16  3.15392E+18  3.06933E+16  6.05967E+04
 -1.67644E+16  7.52649E+15  1.00102E+18  3.46649E+16  5.91027E+04
 -2.30952E+16  9.08885E+16  5.99100E+18  3.00279E+16  6.02300E+04
  2.50023E+15  4.46305E+14  5.15724E+18  3.15390E+16  5.94989E+04
  5.60512E+15  8.66802E+15  1.70971E+18  3.58868E+16  5.82638E+04
 -5.91744E+15  1.53698E+15  7.31910E+18  3.05103E+16  6.03433E+04
 -5.79423E+15  1.68245E+15  6.38953E+18  3.20744E+16  5.91690E+04
  1.14050E+15  8.04178E+14  2.15522E+18  3.64733E+16  5.80095E+04
 -1.88993E+19  7.29387E+17 -1.65251E+17  1.01821E+17  4.67694E+04
 -1.70259E+19  4.97720E+17  1.26012E+17  1.04501E+17  4.76453E+04
 -7.60881E+18  5.74036E+16  1.62381E+16  1.15572E+17  4.83823E+04
  3.40971E+17  2.45683E+17  1.11496E+19  1.02691E+17  4.58493E+04
  4.13991E+17  1.86227E+17  9.62792E+18  1.05256E+17  4.62464E+04
  5.23044E+16  6.85971E+16  3.22978E+18  1.16963E+17  4.79602E+04
  9.40610E+16  2.56374E+17  1.81229E+19  1.03931E+17  4.60418E+04
  9.80977E+16  6.63888E+16  1.58151E+19  1.07055E+17  4.68262E+04
  1.87932E+16  3.91085E+16  5.35730E+18  1.19427E+17  4.82537E+04
 -2.32398E+15  7.27747E+16  2.22278E+19  1.04839E+17  4.69732E+04
 -2.50591E+16  4.18009E+16  1.95376E+19  1.08499E+17  4.74001E+04
  6.38294E+15  7.45372E+15  6.71043E+18  1.21289E+17  4.85513E+04
 -7.42767E+19  3.26087E+17  7.24101E+17  3.63817E+17  5.08394E+04
 -6.48999E+19  5.84311E+18  1.68094E+18  3.70379E+17  5.50047E+04
 -2.50651E+19  1.46317E+18 -5.93040E+16  3.98376E+17  5.40804E+04
  5.69092E+18  5.10431E+18  4.07746E+19  3.63665E+17  4.87769E+04
 -3.94181E+18  5.64951E+18  3.63282E+19  3.70435E+17  5.16338E+04
  3.29874E+16  1.24979E+18  1.28027E+19  3.99190E+17  5.09475E+04
 -3.95906E+17  5.81925E+16  6.67290E+19  3.62967E+17  5.12745E+04
 -4.71749E+17  1.02600E+17  5.89512E+19  3.70521E+17  5.16653E+04
  1.40954E+17  3.26327E+17  2.06082E+19  4.00351E+17  5.19943E+04
 -3.31363E+17  2.47598E+17  8.04715E+19  3.61862E+17  5.17971E+04
 -3.17311E+16  5.74591E+17  7.09912E+19  3.70681E+17  5.15068E+04
 -3.46574E+16  7.57949E+16  2.47578E+19  4.01077E+17  5.28774E+04
