 smom1,sph1,sth1,slr1
          16           6           6          10
 phi boundaries
  0.00000E+00  2.61799E-01  5.23599E-01  7.85398E-01  1.04720E+00  1.30900E+00  1.57080E+00
 theta boundaries
  0.00000E+00  2.61799E-01  5.23599E-01  7.85398E-01  1.04720E+00  1.30900E+00  1.57080E+00
 radius boundaries in arcsec
  0.00000E+00  1.19639E+00  1.80726E+00  2.73003E+00  4.12397E+00  6.22963E+00  9.41044E+00  1.42153E+01  2.14736E+01  3.24379E+01  9.80009E+03
                                                                              phi,theta,r,mgemass,fitmass,errmass,x,y,z 
                                           (in arcsec),vx,vy,vz,xv2,vy2,vz2,vxvy,vyvz,vzvx,orbit long, orbit short,boxes
       1       1       1  4.16076E-04  4.38129E-04  4.16076E-06  9.56825E-02  1.32974E-02  5.24896E-01  1.67166E-01  2.68462E+00  5.03214E+00  5.22180E+04  2.74067E+04  9.42403E+04  1.73647E+03  1.57520E+03  1.69355E+04  7.65540E-05  8.70752E-07  3.60704E-04
       1       1       2  1.18469E-04  8.31810E-05  1.18469E-06  2.47271E-01  3.56725E-02  1.46402E+00  5.67555E-01  1.83879E+02  7.08707E+00  5.24176E+04  7.76564E+04  7.97919E+04  2.79719E+03  4.04108E+03  8.11205E+03  5.36627E-05  0.00000E+00  2.95184E-05
       1       1       3  2.04362E-04  1.34372E-04  2.04362E-06  3.86945E-01  6.24108E-02  2.20834E+00  7.57850E+00  4.60448E+01 -2.80593E+01  5.94381E+04  3.57456E+04  7.75007E+04  7.68308E+03 -1.45780E+03  1.32762E+04  5.62670E-05  0.00000E+00  7.81053E-05
       1       1       4  2.87990E-04  1.88544E-04  2.87990E-06  5.41384E-01  7.63534E-02  3.51903E+00  3.07184E+00  5.13034E+01 -1.41618E+01  6.70074E+04  7.89623E+04  5.93004E+04  5.25492E+03 -2.03559E+03  9.40403E+03  1.28245E-04  0.00000E+00  6.02986E-05
       1       1       5  2.63849E-04  3.27835E-04  2.63849E-06  8.30909E-01  1.16541E-01  5.22094E+00 -1.19343E+00  3.80594E+01 -6.93128E+00  1.78406E+04  3.66606E+04  4.00975E+04  1.69993E+02 -9.12078E+02  5.90462E+03  2.58841E-04  0.00000E+00  6.89947E-05
       1       1       6  2.13513E-04  3.43731E-04  2.13513E-06  1.21881E+00  1.56938E-01  6.96914E+00  2.05337E+00  1.51180E+01  2.88051E+00  6.49053E+03  1.09678E+04  1.91327E+04 -2.64677E+01 -4.41616E+02  4.41494E+03  1.26567E-04  0.00000E+00  2.17165E-04
       1       1       7  2.15901E-04  1.76965E-04  2.15901E-06  1.91640E+00  2.77116E-01  1.23474E+01  3.52264E+00 -2.22161E+02  1.78419E+01  2.19222E+04  6.58060E+04  3.99753E+04  5.01122E+01 -2.26457E+03  5.64020E+03  1.33907E-04  0.00000E+00  4.30581E-05
       1       1       8  3.61585E-04  4.38302E-04  3.61585E-06  3.11732E+00  4.27421E-01  1.80737E+01  5.27094E-01 -1.17815E+02  1.03757E+01  9.16824E+03  2.36000E+04  3.30783E+04  1.45748E+02 -5.48794E+02  4.65991E+03  2.67444E-04  0.00000E+00  1.70858E-04
       1       1       9  3.82219E-04  5.55583E-04  3.82219E-06  4.69826E+00  6.07466E-01  2.42822E+01  3.01243E+00 -3.34591E+01  9.89004E+00  2.31870E+03  5.59844E+03  1.07125E+04 -4.05966E-01 -2.53351E+01  1.97710E+03  1.23521E-04  0.00000E+00  4.32062E-04
       1       1      10  1.73909E-04  1.77549E-04  1.73909E-06  1.19364E+01  1.51666E+00  6.71843E+01 -5.29835E+00 -1.51790E+02 -4.70629E+00  8.36408E+03  3.97667E+04  2.34892E+04  8.53672E+02 -7.38414E+02  3.32947E+03  1.09641E-04  0.00000E+00  6.79082E-05
       1       2       1  1.25764E-03  1.16671E-03  1.25764E-05  2.27230E-01  3.02762E-02  5.49207E-01  1.08500E+01 -8.18611E+01 -4.27568E+00  4.57952E+04  3.58628E+04  7.20678E+04  1.31334E+03  2.72904E+03  1.76884E+04  1.92616E-08  2.88523E-04  8.78169E-04
       1       2       2  3.61624E-04  2.39323E-04  3.61624E-06  5.60416E-01  7.81126E-02  1.39278E+00 -7.25118E-01 -5.64480E+00 -1.45503E+00  6.12333E+04  1.29652E+04  1.38006E+05  3.84446E+03  4.59480E+03  4.75137E+04  0.00000E+00  4.92316E-06  2.34399E-04
       1       2       3  6.21358E-04  6.07737E-04  6.21358E-06  8.39050E-01  1.18055E-01  2.10124E+00  5.74445E+00 -4.81913E-02  9.47253E+00  2.88528E+04  3.85446E+03  5.36687E+04  4.15937E+03  2.37876E+03  2.09925E+04  0.00000E+00  0.00000E+00  6.07737E-04
       1       2       4  8.98786E-04  2.17207E-04  8.98786E-06  1.37540E+00  1.85723E-01  3.15602E+00  1.27165E+01 -1.10965E+02  2.52467E+00  1.06063E+05  6.42136E+04  1.45058E+05  1.12636E+04  9.37511E+03  6.69881E+04  0.00000E+00  4.92892E-05  1.67918E-04
       1       2       5  8.39267E-04  2.99830E-04  8.39267E-06  2.06246E+00  2.52667E-01  4.78331E+00  4.81229E+00 -4.86547E+00  7.05170E+00  2.85936E+04  3.21425E+03  1.18572E+05  3.74819E+03  8.28810E+03  4.83133E+04  0.00000E+00  1.58997E-06  2.98240E-04
       1       2       6  7.14505E-04  6.29634E-04  7.14505E-06  2.93335E+00  3.71883E-01  6.90133E+00  4.86256E-01  2.49318E+00  5.46510E+00  9.53132E+03  8.22146E+02  5.03410E+04  1.26969E+03  2.39243E+03  1.86756E+04  0.00000E+00  0.00000E+00  6.29634E-04
       1       2       7  7.00894E-04  3.09126E-04  7.00894E-06  4.61509E+00  6.19643E-01  1.09351E+01 -1.04723E+00 -3.60944E-02 -7.22669E+00  2.08364E+04  4.63328E+03  1.23376E+05  1.33317E+03  4.50040E+03  4.64440E+04  0.00000E+00  3.37084E-06  3.05755E-04
       1       2       8  1.15275E-03  6.72428E-04  1.15275E-05  7.02545E+00  9.93577E-01  1.66144E+01 -2.94806E+00  9.97240E-01 -2.55813E+00  1.08317E+04  6.02357E+02  6.49976E+04  1.32721E+03  3.11745E+03  2.49424E+04  0.00000E+00  0.00000E+00  6.72428E-04
       1       2       9  1.30228E-03  1.63112E-03  1.30228E-05  1.01163E+01  1.30328E+00  2.35028E+01  1.32760E+00 -1.37977E+00 -6.15685E-01  2.71051E+03  2.61638E+02  1.44941E+04  3.04742E+02  6.19764E+02  5.65016E+03  0.00000E+00  0.00000E+00  1.63112E-03
       1       2      10  6.01498E-04  5.77955E-04  6.01498E-06  3.08834E+01  4.31968E+00  7.02968E+01  7.58370E+00  2.00379E+00  2.03903E+01  8.01251E+03  2.75985E+02  4.13303E+04  1.12668E+03  2.50081E+03  1.78378E+04  0.00000E+00  0.00000E+00  5.77955E-04
       1       3       1  2.11170E-03  2.26409E-03  2.11170E-05  3.46864E-01  4.64691E-02  4.70666E-01  2.25325E+01 -1.65823E+02 -7.56309E-02  4.01800E+04  4.50807E+04  4.67263E+04 -1.39611E+03 -2.36457E+02  2.82876E+03  0.00000E+00  1.76267E-03  5.01411E-04
       1       3       2  6.19953E-04  5.72487E-04  6.19953E-06  9.04620E-01  1.13075E-01  1.20179E+00  2.31037E+01 -1.29371E+02  1.04192E+00  6.51257E+04  3.40671E+04  7.03847E+04  2.32632E+03  2.50902E+03  2.32481E+04  0.00000E+00  4.00663E-04  1.71824E-04
       1       3       3  1.05406E-03  1.13919E-03  1.05406E-05  1.35904E+00  1.81592E-01  1.79956E+00  2.35710E+00 -5.49241E+01 -1.58471E+00  2.55331E+04  1.07050E+04  3.47306E+04  2.04389E+03  1.43671E+03  1.22191E+04  0.00000E+00  7.24391E-04  4.14795E-04
       1       3       4  1.60157E-03  9.83702E-04  1.60157E-05  2.02161E+00  2.65061E-01  2.82484E+00  3.61400E+01 -2.16467E+02  4.45769E+00  5.17453E+04  1.13083E+05  5.77084E+04 -1.05412E+04  2.90411E+03  2.25545E+04  0.00000E+00  7.52097E-04  2.31606E-04
       1       3       5  1.55767E-03  1.47504E-03  1.55767E-05  3.27864E+00  4.32380E-01  4.07868E+00  1.33039E+01 -1.08881E+02 -6.92966E+00  4.50258E+04  3.35764E+04  4.45082E+04  4.24475E+02  2.84172E+03  1.80209E+04  0.00000E+00  1.03675E-03  4.38290E-04
       1       3       6  1.46404E-03  2.11025E-03  1.46404E-05  4.19163E+00  5.42778E-01  5.77539E+00  4.71456E+00 -6.36298E+01 -1.46089E+00  1.45552E+04  1.60657E+04  2.45903E+04 -3.10303E+02  1.19741E+03  1.00235E+04  0.00000E+00  1.04008E-03  1.07017E-03
       1       3       7  1.41450E-03  1.17796E-03  1.41450E-05  7.23190E+00  9.55056E-01  9.74300E+00  3.26154E+01 -2.04630E+02 -4.05662E-01  3.38528E+04  6.27796E+04  5.04761E+04 -4.87688E+03  1.88810E+03  1.58490E+04  0.00000E+00  8.95348E-04  2.82615E-04
       1       3       8  2.14291E-03  2.26402E-03  2.14291E-05  1.07973E+01  1.42307E+00  1.44369E+01  2.21332E+01 -1.26281E+02  4.76063E+00  1.99809E+04  2.60432E+04  3.24149E+04 -1.19054E+03  1.49170E+03  1.04262E+04  0.00000E+00  1.61150E-03  6.52519E-04
       1       3       9  2.75797E-03  2.78845E-03  2.75797E-05  1.47579E+01  1.95655E+00  1.98771E+01  9.13981E+00 -5.36042E+01  1.65728E+00  7.83065E+03  7.77674E+03  1.32789E+04 -1.35010E+02  4.93021E+02  5.19850E+03  0.00000E+00  1.41816E-03  1.37029E-03
       1       3      10  1.45482E-03  1.69968E-03  1.45482E-05  4.56747E+01  6.08432E+00  6.05931E+01  7.90889E+00 -3.52375E+01 -3.25006E+00  1.81818E+04  3.26535E+03  3.08382E+04  1.83788E+03  1.67980E+03  1.24478E+04  0.00000E+00  8.46081E-04  8.53594E-04
       1       4       1  2.93494E-03  3.23662E-03  2.93494E-05  4.85267E-01  6.39737E-02  3.44840E-01  2.12554E+01 -1.68302E+02  2.71059E+00  3.93755E+04  6.81720E+04  3.48570E+04 -3.40889E+03 -3.72675E+02  3.37552E+03  0.00000E+00  2.69017E-03  5.46455E-04
       1       4       2  8.88458E-04  8.57063E-04  8.88458E-06  1.22486E+00  1.62386E-01  8.59076E-01 -9.42167E-01 -8.91449E+00 -3.38486E+00  6.87142E+04  5.70798E+04  3.44521E+04  1.31251E+02  1.60380E+03  9.06547E+03  0.00000E+00  6.71860E-04  1.85203E-04
       1       4       3  1.48261E-03  1.57353E-03  1.48261E-05  1.78542E+00  2.37267E-01  1.27648E+00  1.33134E+01 -2.96847E+01  3.12865E+00  2.64167E+04  3.34619E+04  2.02010E+04 -2.54476E+03 -1.58136E+02  5.22594E+03  0.00000E+00  1.05276E-03  5.20772E-04
       1       4       4  2.39895E-03  1.60079E-03  2.39895E-05  2.81093E+00  3.70097E-01  2.01354E+00  2.64169E+01 -1.88540E+02  5.64843E-01  5.06797E+04  1.34043E+05  3.40863E+04 -1.32788E+04  9.32881E+02  5.52201E+03  0.00000E+00  1.45806E-03  1.42730E-04
       1       4       5  2.47945E-03  2.61761E-03  2.47945E-05  4.18440E+00  5.51188E-01  3.00320E+00  1.39263E+01 -1.14075E+02  2.71565E+00  4.97459E+04  4.40334E+04  3.05029E+04  1.80031E+03  3.73928E+02  6.81190E+03  0.00000E+00  2.31711E-03  3.00503E-04
       1       4       6  2.64977E-03  2.85975E-03  2.64977E-05  5.95306E+00  8.19564E-01  4.01310E+00  9.70681E+00 -6.61544E+01  7.41163E+00  2.33623E+04  2.16853E+04  1.28226E+04 -1.45270E+02 -8.84813E+01  6.13921E+03  0.00000E+00  2.27428E-03  5.85471E-04
       1       4       7  2.77420E-03  2.29254E-03  2.77420E-05  9.85595E+00  1.30243E+00  6.89445E+00  3.47821E+01 -2.51609E+02  2.28328E+00  3.90846E+04  8.18895E+04  3.03693E+04 -5.78394E+03  8.38435E+02  6.99472E+03  0.00000E+00  2.05855E-03  2.33988E-04
       1       4       8  3.48722E-03  4.12673E-03  3.48722E-05  1.48179E+01  1.97570E+00  1.01984E+01  1.81992E+01 -1.46341E+02 -3.46710E+00  3.02232E+04  3.03803E+04  1.87876E+04 -1.52876E+02  6.86849E+02  4.16580E+03  0.00000E+00  3.59061E-03  5.36117E-04
       1       4       9  5.18610E-03  5.76130E-03  5.18610E-05  2.04118E+01  2.79025E+00  1.40373E+01  8.92784E+00 -7.49163E+01  1.88913E+00  1.08942E+04  1.03491E+04  6.66527E+03  4.16197E+01  1.70005E+02  1.63885E+03  0.00000E+00  4.43654E-03  1.32476E-03
       1       4      10  3.88160E-03  4.59436E-03  3.88160E-05  5.55289E+01  7.35088E+00  3.74328E+01  2.33976E+01 -1.76344E+02  1.75398E+00  1.97686E+04  4.55733E+04  1.02062E+04 -3.81136E+03 -2.05660E+01  2.17919E+03  0.00000E+00  4.13326E-03  4.61101E-04
       1       5       1  3.61998E-03  3.41530E-03  3.61998E-05  5.21278E-01  6.85695E-02  2.23888E-01  1.94458E+01 -1.65493E+02  2.37377E+00  3.81802E+04  6.23243E+04  4.32887E+04 -3.45886E+03 -4.52442E+02  1.92880E+03  0.00000E+00  2.87426E-03  5.41033E-04
       1       5       2  1.13257E-03  1.11159E-03  1.13257E-05  1.37979E+00  1.85312E-01  5.93374E-01  4.76334E+00 -1.70261E+01  5.00686E+00  9.09104E+04  5.36924E+04  3.85476E+04  4.93726E+03  6.92754E+02  5.85460E+03  0.00000E+00  9.03750E-04  2.07842E-04
       1       5       3  1.84808E-03  1.96162E-03  1.84808E-05  2.00276E+00  2.68288E-01  8.49317E-01 -5.43764E+00 -4.23412E+01 -5.76690E-01  5.33789E+04  3.16663E+04  2.53385E+04  5.43819E+03  8.10186E+02  1.42011E+03  0.00000E+00  1.45903E-03  5.02588E-04
       1       5       4  3.17340E-03  1.82237E-03  3.17340E-05  3.13809E+00  4.11767E-01  1.31673E+00  3.82794E+01 -1.44633E+02 -5.01308E+00  7.04317E+04  8.11452E+04  5.89722E+04 -3.66644E+03  5.10682E+03  3.37387E+02  0.00000E+00  1.66972E-03  1.52653E-04
       1       5       5  3.50381E-03  3.52667E-03  3.50381E-05  4.81139E+00  6.22975E-01  2.07586E+00  1.45805E+01 -9.79474E+01  5.87246E+00  5.21836E+04  3.73226E+04  2.99048E+04  2.22151E+03 -4.54905E+03  4.86990E+03  0.00000E+00  3.25538E-03  2.71295E-04
       1       5       6  4.22006E-03  4.49064E-03  4.22006E-05  6.62256E+00  8.29551E-01  2.82857E+00  1.69365E+01 -7.27211E+01 -4.20321E+00  3.83616E+04  1.87088E+04  1.53424E+04  2.11772E+03  2.49158E+03  2.93155E+03  0.00000E+00  3.88659E-03  6.04059E-04
       1       5       7  5.28933E-03  3.12503E-03  5.28933E-05  1.09144E+01  1.44748E+00  4.59910E+00  2.39142E+01 -1.83616E+02 -1.97161E+00  6.35591E+04  5.12766E+04  3.67848E+04  1.81580E+03  1.58367E+03  8.31853E+03  0.00000E+00  2.54235E-03  5.82681E-04
       1       5       8  5.55870E-03  5.86440E-03  5.55870E-05  1.65505E+01  2.22304E+00  6.87524E+00  1.49684E+01 -1.18129E+02  5.01601E+00  3.94769E+04  2.26543E+04  1.81164E+04  2.55023E+03  2.94978E+02  5.75191E+03  0.00000E+00  4.60219E-03  1.26221E-03
       1       5       9  8.54071E-03  9.51633E-03  8.54071E-05  2.33561E+01  3.16211E+00  9.44069E+00  7.55007E+00 -5.31013E+01 -3.36102E+00  1.25634E+04  6.78486E+03  5.70718E+03  8.90071E+02  5.75760E+02  2.40714E+03  0.00000E+00  5.95939E-03  3.55695E-03
       1       5      10  1.03150E-02  6.04345E-03  1.03150E-04  6.10657E+01  7.99454E+00  2.63398E+01  2.48139E+01 -1.66784E+02  3.93913E+00  2.35405E+04  4.02000E+04  1.32847E+04 -2.33413E+03 -6.34730E+02  2.37148E+03  0.00000E+00  5.39695E-03  6.46506E-04
       1       6       1  4.01876E-03  4.23994E-03  4.01876E-05  5.74635E-01  7.67771E-02  7.60710E-02  9.83945E+00 -1.13203E+02 -5.39763E-01  4.98125E+04  4.03757E+04  3.85577E+04  1.95067E+03  5.03552E+02  1.85238E+03  0.00000E+00  2.72170E-03  1.51824E-03
       1       6       2  1.28529E-03  1.29676E-03  1.28529E-05  1.48521E+00  1.93875E-01  1.98628E-01 -5.20078E+00  3.60275E+01  9.83590E-01  7.75692E+04  5.36730E+04  3.37459E+04  1.60474E+03  6.44550E+02 -1.71087E+03  0.00000E+00  1.13730E-03  1.59456E-04
       1       6       3  2.06454E-03  2.19954E-03  2.06454E-05  2.18209E+00  2.93126E-01  2.87686E-01  4.41092E+00 -4.76304E+01 -1.62183E+00  5.34833E+04  2.34490E+04  2.35114E+04  4.22222E+03 -1.75017E+02 -3.63077E+03  0.00000E+00  1.69174E-03  5.07800E-04
       1       6       4  3.67594E-03  2.79326E-03  3.67594E-05  3.38029E+00  4.49939E-01  4.55371E-01  1.17023E+01 -8.27934E+01 -1.54286E+00  6.03943E+04  1.07916E+05  4.69849E+04 -5.88898E+03  1.57387E+03  4.50776E+03  0.00000E+00  2.52344E-03  2.69823E-04
       1       6       5  4.24237E-03  4.53168E-03  4.24237E-05  5.15120E+00  6.76106E-01  6.78381E-01  5.91842E+00 -5.24147E+01  2.08880E+00  5.60667E+04  5.07565E+04  1.82919E+04  9.82088E+02 -7.96087E+02  3.94840E+03  0.00000E+00  4.03961E-03  4.92073E-04
       1       6       6  5.48603E-03  6.41140E-03  5.48603E-05  7.08627E+00  9.76292E-01  9.51802E-01 -3.02473E-01 -4.27886E+01 -4.99595E+00  3.31906E+04  2.04861E+04  1.32206E+04  2.27457E+03  1.51151E+03  3.64674E+03  0.00000E+00  5.34836E-03  1.06304E-03
       1       6       7  7.98819E-03  5.88526E-03  7.98819E-05  1.17500E+01  1.57041E+00  1.64273E+00  3.28947E+01 -2.58469E+02  5.93126E-01  4.43689E+04  8.69860E+04  2.17730E+04 -5.08953E+03  7.31854E+02  4.55355E+03  0.00000E+00  5.02464E-03  8.60627E-04
       1       6       8  8.11683E-03  1.03360E-02  8.11683E-05  1.77309E+01  2.37537E+00  2.47696E+00  2.08769E+01 -1.66850E+02 -1.69488E+00  3.38734E+04  3.79940E+04  1.06934E+04 -3.47326E+02  5.74781E+02  2.64620E+03  0.00000E+00  8.70219E-03  1.63383E-03
       1       6       9  1.14154E-02  1.26875E-02  1.14154E-04  2.41786E+01  3.32266E+00  3.58397E+00  1.02794E+01 -8.83121E+01  1.33020E+00  1.29775E+04  1.47772E+04  4.47029E+03 -1.15152E+02  7.82781E+01  1.08662E+03  0.00000E+00  8.71659E-03  3.97094E-03
       1       6      10  1.95684E-02  2.32484E-02  1.95684E-04  6.19559E+01  8.28331E+00  7.97107E+00  3.16686E+01 -2.42757E+02  5.18097E-01  1.06719E+04  6.96518E+04  5.16312E+03 -7.79395E+03  2.27762E+01  6.70515E+02  0.00000E+00  2.09225E-02  2.32587E-03
       2       1       1  4.16047E-04  3.97528E-04  4.16047E-06  9.55589E-02  3.87197E-02  5.58903E-01  5.51880E+00  1.21621E+01  1.00268E+01  5.75293E+04  3.61956E+04  1.23604E+05  7.91895E+03  3.92563E+03  2.49611E+04  7.86348E-05  3.16637E-07  3.18576E-04
       2       1       2  1.18459E-04  1.50389E-04  1.18459E-06  2.71499E-01  1.13626E-01  1.47342E+00  1.58377E+01  1.23136E+02 -1.56641E+01  4.18963E+04  4.86115E+04  9.71157E+04  2.66834E+03 -1.07590E+03  1.15526E+04  6.92189E-05  0.00000E+00  8.11703E-05
       2       1       3  2.04349E-04  2.44393E-04  2.04349E-06  4.16721E-01  1.66971E-01  2.17154E+00 -8.76385E+00  3.33284E+01 -8.58162E+00  3.17034E+04  2.30775E+04  4.65545E+04  3.47088E+03  9.17552E+02  1.01535E+04  7.42306E-05  0.00000E+00  1.70162E-04
       2       1       4  2.87961E-04  2.31584E-04  2.87961E-06  5.86908E-01  2.49470E-01  3.57243E+00  3.51005E+00  5.79831E+01 -5.30647E+00  5.48760E+04  8.21046E+04  4.67647E+04  3.27670E+03 -1.10599E+04  5.15247E+03  1.84311E-04  0.00000E+00  4.72732E-05
       2       1       5  2.63823E-04  4.17867E-04  2.63823E-06  8.87210E-01  3.67984E-01  5.19403E+00 -1.64047E+00  3.84230E+01 -8.55461E+00  2.00594E+04  3.59229E+04  3.52099E+04 -6.11407E+02 -2.66532E+03  3.41594E+03  3.49821E-04  0.00000E+00  6.80466E-05
       2       1       6  2.13489E-04  3.41981E-04  2.13489E-06  1.11528E+00  4.69600E-01  6.88216E+00  1.36572E-01  1.74411E+01 -1.03827E+01  7.47120E+03  1.32191E+04  2.95316E+04  1.03995E+03 -1.00578E+02  3.50890E+03  1.61817E-04  0.00000E+00  1.80164E-04
       2       1       7  2.15884E-04  2.39255E-04  2.15884E-06  1.99990E+00  8.52566E-01  1.22316E+01  3.71874E+00 -2.24607E+02  2.52494E+01  2.59400E+04  6.52065E+04  3.64365E+04 -1.49547E+02 -7.28495E+03  4.75140E+03  1.89547E-04  0.00000E+00  4.97079E-05
       2       1       8  3.61559E-04  4.75005E-04  3.61559E-06  3.05307E+00  1.28952E+00  1.78512E+01 -8.84098E+00 -1.50268E+02  5.66393E+00  1.25300E+04  2.92405E+04  2.53111E+04  1.36764E+03 -2.70694E+03  2.16272E+03  3.76498E-04  0.00000E+00  9.85070E-05
       2       1       9  3.82170E-04  4.19765E-04  3.82170E-06  4.21182E+00  1.70502E+00  2.38389E+01 -1.48675E+00 -5.75984E+01 -8.19074E+00  3.68776E+03  9.28100E+03  7.99694E+03 -4.60444E+02 -4.43278E+02  1.10455E+03  1.59873E-04  0.00000E+00  2.59892E-04
       2       1      10  1.73887E-04  1.50513E-04  1.73887E-06  1.09370E+01  4.82507E+00  6.26455E+01 -2.72139E+00 -2.28557E+02  2.73838E+01  1.26612E+04  5.94104E+04  1.08753E+04  6.39148E+02 -5.84803E+03  4.76780E+01  1.41863E-04  0.00000E+00  8.64951E-06
       2       2       1  1.25722E-03  1.18893E-03  1.25722E-05  2.09088E-01  8.55814E-02  5.34389E-01  3.16849E+01 -8.47115E+01  7.50668E+00  4.43888E+04  3.53854E+04  6.48416E+04 -2.03752E+02  2.38928E+03  1.17921E+04  9.15929E-05  3.11108E-04  7.86232E-04
       2       2       2  3.61471E-04  2.20531E-04  3.61471E-06  4.91554E-01  2.00226E-01  1.41406E+00 -1.83988E+00 -3.29571E+00 -3.21709E+00  5.06443E+04  1.85140E+04  1.32584E+05  1.40606E+04  1.64233E+04  4.44291E+04  3.64009E-06  5.46023E-06  2.11431E-04
       2       2       3  6.21167E-04  5.59191E-04  6.21167E-06  7.44580E-01  3.01138E-01  2.11504E+00  2.27559E+00  2.23786E+00 -6.21999E+00  2.35333E+04  6.78523E+03  4.61810E+04  8.58654E+03  6.78694E+03  1.74747E+04  5.26885E-06  0.00000E+00  5.53922E-04
       2       2       4  8.98331E-04  1.94261E-04  8.98331E-06  1.24389E+00  5.35838E-01  3.19404E+00  7.02147E+01 -9.31686E+01  2.13291E+01  9.83674E+04  7.38663E+04  1.16319E+05  1.22300E+04  2.18510E+04  4.42575E+04  1.81289E-05  4.34593E-05  1.32673E-04
       2       2       5  8.38836E-04  2.97283E-04  8.38836E-06  1.76104E+00  7.61688E-01  4.88340E+00  1.03099E+01  1.13251E+01  1.77009E+01  2.48860E+04  1.37257E+04  8.73342E+04  5.43869E+03  9.60311E+03  3.25626E+04  7.28514E-05  3.17995E-06  2.21252E-04
       2       2       6  7.14080E-04  5.25708E-04  7.14080E-06  2.72968E+00  1.12640E+00  6.82651E+00 -4.73090E+00  1.88083E+00 -1.28107E+01  1.00135E+04  3.64864E+03  4.96645E+04  3.15505E+03  6.01169E+03  1.87283E+04  3.65936E-05  0.00000E+00  4.89115E-04
       2       2       7  7.00555E-04  2.07387E-04  7.00555E-06  4.45852E+00  1.82959E+00  1.08006E+01  1.41830E+01 -2.64924E+01  3.31680E+01  2.28835E+04  1.56655E+04  1.19853E+05  1.69418E+03  1.52966E+04  4.51565E+04  3.70934E-06  8.58032E-06  1.95098E-04
       2       2       8  1.15233E-03  4.31651E-04  1.15233E-05  6.76250E+00  2.84494E+00  1.66779E+01 -2.15599E+00 -1.14866E+01  2.76714E+00  1.09160E+04  3.33473E+03  6.26811E+04  3.29458E+03  8.10695E+03  2.40159E+04  2.15142E-05  0.00000E+00  4.10137E-04
       2       2       9  1.30141E-03  1.08133E-03  1.30141E-05  9.69467E+00  3.90126E+00  2.33050E+01 -2.60612E+00 -4.67883E+00 -4.06924E+00  3.08795E+03  9.72716E+02  1.66091E+04  1.04971E+03  2.21972E+03  6.42239E+03  1.85467E-05  0.00000E+00  1.06278E-03
       2       2      10  6.01001E-04  6.09319E-04  6.01001E-06  2.87958E+01  1.21282E+01  7.02347E+01 -2.81341E+00 -1.14188E+00 -7.27394E+00  6.94305E+03  1.28877E+03  4.18069E+04  2.84244E+03  7.00415E+03  1.66458E+04  0.00000E+00  0.00000E+00  6.09319E-04
       2       3       1  2.10997E-03  2.25877E-03  2.10997E-05  3.19863E-01  1.32212E-01  4.65579E-01  6.09202E+01 -1.53414E+02  8.30739E+00  3.79077E+04  4.24395E+04  4.44917E+04 -2.19056E+03 -4.81991E+02  2.03245E+03  6.45649E-05  1.74519E-03  4.49013E-04
       2       3       2  6.19272E-04  5.60542E-04  6.19272E-06  8.38186E-01  3.50999E-01  1.21399E+00  5.54065E+01 -1.24097E+02  5.26084E+00  5.58966E+04  3.74131E+04  7.10400E+04  8.24510E+03  5.09389E+03  1.34986E+04  0.00000E+00  4.25449E-04  1.35093E-04
       2       3       3  1.05327E-03  9.97254E-04  1.05327E-05  1.26755E+00  5.18955E-01  1.81197E+00  2.46593E+01 -4.85783E+01 -4.34353E+00  2.37225E+04  1.13854E+04  3.38669E+04  5.68424E+03  5.43169E+03  1.30840E+04  0.00000E+00  7.04893E-04  2.92361E-04
       2       3       4  1.59952E-03  9.55016E-04  1.59952E-05  1.88125E+00  7.78889E-01  2.82479E+00  7.94364E+01 -2.06825E+02 -1.01570E+01  6.01049E+04  1.07687E+05  5.68567E+04 -2.04737E+04  7.92482E+03  1.83364E+04  0.00000E+00  7.40970E-04  2.14046E-04
       2       3       5  1.55547E-03  1.39708E-03  1.55547E-05  3.05659E+00  1.25769E+00  4.06915E+00  5.48717E+01 -1.05993E+02  1.22322E+00  4.46125E+04  3.66837E+04  4.18618E+04  1.83806E+03  5.35050E+03  1.49375E+04  0.00000E+00  1.06377E-03  3.33313E-04
       2       3       6  1.46169E-03  1.73890E-03  1.46169E-05  3.84707E+00  1.56825E+00  5.74316E+00  3.20515E+01 -6.77677E+01 -1.60666E+00  1.67939E+04  1.82393E+04  2.74732E+04 -1.43728E+03  4.16284E+03  1.11165E+04  0.00000E+00  1.00671E-03  7.32192E-04
       2       3       7  1.41211E-03  1.17693E-03  1.41211E-05  6.74008E+00  2.77054E+00  9.77427E+00  8.20204E+01 -1.84290E+02 -1.78183E+01  3.94660E+04  5.52753E+04  5.04029E+04 -1.16432E+04  7.18684E+03  1.53600E+04  0.00000E+00  8.82750E-04  2.94177E-04
       2       3       8  2.14084E-03  2.24304E-03  2.14084E-05  1.01033E+01  4.20113E+00  1.44026E+01  5.33921E+01 -1.16683E+02 -3.42980E+00  2.21114E+04  2.47209E+04  3.06230E+04 -2.68477E+03  3.82870E+03  9.63262E+03  0.00000E+00  1.60445E-03  6.38594E-04
       2       3       9  2.75312E-03  2.94655E-03  2.75312E-05  1.39930E+01  5.85972E+00  1.98117E+01  2.17242E+01 -4.93564E+01  4.32271E-02  7.79221E+03  7.26847E+03  1.20437E+04 -1.58861E+02  1.80212E+03  3.85849E+03  0.00000E+00  1.49434E-03  1.45220E-03
       2       3      10  1.45040E-03  1.45739E-03  1.45040E-05  4.17409E+01  1.73615E+01  5.99507E+01  1.71104E+01 -3.73963E+01 -3.61143E-01  1.66275E+04  5.75362E+03  3.25744E+04  5.39929E+03  3.94439E+03  9.56454E+03  0.00000E+00  8.42404E-04  6.14982E-04
       2       4       1  2.93080E-03  3.12470E-03  2.93080E-05  4.46024E-01  1.85989E-01  3.40614E-01  6.34047E+01 -1.65515E+02  2.92590E+00  4.03835E+04  6.69478E+04  3.61860E+04 -1.27009E+04 -3.46266E+02  4.90943E+02  5.19293E-05  2.63607E-03  4.36704E-04
       2       4       2  8.86637E-04  9.20111E-04  8.86637E-06  1.14313E+00  4.75994E-01  8.51866E-01  1.41704E+01 -2.06796E+01  2.13475E+00  6.85145E+04  5.89456E+04  3.54936E+04  3.28952E+03 -8.61851E+02  6.83590E+02  0.00000E+00  7.86000E-04  1.34111E-04
       2       4       3  1.48069E-03  1.31772E-03  1.48069E-05  1.63544E+00  6.77257E-01  1.25773E+00  7.23150E+00 -3.00984E+01 -5.57307E+00  2.73993E+04  3.61475E+04  2.40722E+04 -2.85814E+03  2.44067E+03  2.26312E+03  0.00000E+00  9.75665E-04  3.42054E-04
       2       4       4  2.39345E-03  1.53130E-03  2.39345E-05  2.61414E+00  1.07345E+00  2.01539E+00  7.54341E+01 -1.76512E+02 -7.18691E+00  6.64695E+04  1.22164E+05  3.33702E+04 -3.15544E+04  3.27848E+03  2.11951E+03  0.00000E+00  1.39974E-03  1.31556E-04
       2       4       5  2.47257E-03  2.83136E-03  2.47257E-05  3.92315E+00  1.65157E+00  2.98843E+00  4.23993E+01 -1.04470E+02 -2.52981E+00  4.79892E+04  4.45200E+04  2.88585E+04  3.54271E+03  2.55708E+03  5.22722E+03  0.00000E+00  2.54939E-03  2.81967E-04
       2       4       6  2.64172E-03  2.96348E-03  2.64172E-05  5.53413E+00  2.26597E+00  3.99342E+00  3.33391E+01 -6.12008E+01  1.22832E+00  2.65706E+04  2.10786E+04  1.23936E+04  6.10131E+02  1.23735E+03  4.60788E+03  0.00000E+00  2.41563E-03  5.47851E-04
       2       4       7  2.76250E-03  2.39716E-03  2.76250E-05  9.16996E+00  3.80093E+00  6.88836E+00  9.40703E+01 -2.28439E+02  1.32171E+00  4.66848E+04  7.48825E+04  3.02241E+04 -1.34882E+04  3.38029E+03  8.16263E+03  0.00000E+00  2.09637E-03  3.00791E-04
       2       4       8  3.47921E-03  4.16117E-03  3.47921E-05  1.37793E+01  5.69554E+00  1.02383E+01  5.62813E+01 -1.37755E+02  5.86864E+00  2.96923E+04  3.06752E+04  1.88067E+04 -3.75870E+02  1.28518E+03  3.82546E+03  0.00000E+00  3.58701E-03  5.74161E-04
       2       4       9  5.16931E-03  5.90077E-03  5.16931E-05  1.89261E+01  7.82171E+00  1.41817E+01  3.12340E+01 -6.74038E+01  3.45564E+00  1.06403E+04  1.00513E+04  6.72091E+03 -4.42297E+00  4.22837E+02  1.89145E+03  0.00000E+00  4.50763E-03  1.39315E-03
       2       4      10  3.85335E-03  4.49147E-03  3.85335E-05  5.16578E+01  2.15248E+01  3.73296E+01  7.37093E+01 -1.69544E+02  2.16991E+00  2.32642E+04  4.29147E+04  9.68414E+03 -1.08711E+04  3.12783E+02  1.57267E+03  0.00000E+00  4.18110E-03  3.10372E-04
       2       5       1  3.61289E-03  3.36114E-03  3.61289E-05  4.87023E-01  2.00480E-01  2.24255E-01  6.34950E+01 -1.55712E+02  1.46550E+00  3.76353E+04  5.82198E+04  4.44204E+04 -1.13897E+04 -4.44172E+02  5.33833E+02  4.46677E-05  2.89763E-03  4.18841E-04
       2       5       2  1.12913E-03  1.01736E-03  1.12913E-05  1.29118E+00  5.29642E-01  5.99398E-01  6.18348E+00 -1.24353E+01 -1.51568E+00  7.67837E+04  5.79036E+04  3.78219E+04  7.74351E+03  2.17261E+03  1.55361E+03  0.00000E+00  8.96173E-04  1.21191E-04
       2       5       3  1.84476E-03  1.74861E-03  1.84476E-05  1.84009E+00  7.64279E-01  8.44225E-01  1.90183E+01 -4.33970E+01  5.77126E+00  4.68852E+04  3.81064E+04  2.49943E+04  5.06276E+03 -1.66372E+03  3.00418E+03  0.00000E+00  1.40024E-03  3.48365E-04
       2       5       4  3.16305E-03  1.83333E-03  3.16305E-05  2.94573E+00  1.20957E+00  1.33935E+00  6.23042E+01 -1.35496E+02 -2.83790E+00  7.00902E+04  7.81785E+04  5.90578E+04 -8.72606E+03  3.07555E+03  2.07980E+03  0.00000E+00  1.73817E-03  9.51612E-05
       2       5       5  3.48881E-03  3.34032E-03  3.48881E-05  4.44744E+00  1.83167E+00  2.10939E+00  3.86837E+01 -9.72703E+01  1.34199E+01  4.94775E+04  4.09622E+04  2.97846E+04  4.88484E+03 -3.68529E+03  3.47970E+03  0.00000E+00  3.14277E-03  1.97543E-04
       2       5       6  4.20106E-03  4.01072E-03  4.20106E-05  6.22627E+00  2.56856E+00  2.86713E+00  3.39091E+01 -6.41588E+01 -4.72929E+00  3.39927E+04  2.07002E+04  1.50270E+04  5.76412E+03  2.09528E+03  4.59766E+02  0.00000E+00  3.43233E-03  5.78395E-04
       2       5       7  5.25000E-03  2.93050E-03  5.25000E-05  1.01640E+01  4.22329E+00  4.63182E+00  7.60171E+01 -1.79023E+02  2.29215E+00  5.89836E+04  5.46475E+04  3.78068E+04  2.36405E+03  2.29300E+03  5.91493E+03  0.00000E+00  2.50157E-03  4.28934E-04
       2       5       8  5.52637E-03  5.54947E-03  5.52637E-05  1.53858E+01  6.40692E+00  6.98603E+00  5.22041E+01 -1.12938E+02 -3.96174E+00  3.62102E+04  2.53359E+04  1.88740E+04  5.32056E+03  2.40689E+03  4.57664E+03  0.00000E+00  4.58124E-03  9.68227E-04
       2       5       9  8.49993E-03  8.59847E-03  8.49993E-05  2.16045E+01  8.96091E+00  9.59889E+00  2.25728E+01 -5.37525E+01  1.30396E+00  1.18413E+04  8.08043E+03  6.11171E+03  2.01103E+03  6.28536E+02  1.70943E+03  0.00000E+00  5.88092E-03  2.71755E-03
       2       5      10  1.01858E-02  6.25676E-03  1.01858E-04  5.75321E+01  2.39041E+01  2.63863E+01  6.18582E+01 -1.46192E+02  1.94914E+00  2.62550E+04  3.59939E+04  1.29450E+04 -4.86834E+03  4.89575E+02  2.31122E+03  0.00000E+00  5.36340E-03  8.93362E-04
       2       6       1  4.00958E-03  4.00724E-03  4.00958E-05  5.32082E-01  2.19910E-01  7.41202E-02  4.77277E+01 -1.14445E+02  2.88853E+00  4.72346E+04  4.26026E+04  4.14673E+04  5.25012E+02 -3.42291E+02  5.61907E+02  4.15473E-05  2.79802E-03  1.16767E-03
       2       6       2  1.28057E-03  1.21923E-03  1.28057E-05  1.38334E+00  5.75630E-01  1.95697E-01 -1.67383E+01  3.69734E+01 -1.64092E+00  7.03597E+04  5.78032E+04  3.54677E+04  5.43852E+03 -5.81022E+01 -1.30425E+02  0.00000E+00  1.08512E-03  1.34112E-04
       2       6       3  2.06019E-03  2.11792E-03  2.06019E-05  2.04937E+00  8.39319E-01  2.88195E-01  1.95189E+01 -3.96340E+01  6.43571E+00  4.53903E+04  2.32495E+04  2.10826E+04  9.49395E+03 -1.97428E+03 -2.91758E+03  0.00000E+00  1.74811E-03  3.69809E-04
       2       6       4  3.66174E-03  2.74577E-03  3.66174E-05  3.15416E+00  1.30140E+00  4.51463E-01  3.27124E+01 -7.77356E+01 -3.80066E+00  5.99865E+04  1.02617E+05  4.60914E+04 -1.99252E+04  2.33557E+03 -1.23470E+03  0.00000E+00  2.54815E-03  1.97627E-04
       2       6       5  4.21990E-03  4.46387E-03  4.21990E-05  4.81251E+00  1.99217E+00  6.67809E-01  2.04166E+01 -4.86292E+01  5.16149E+00  5.20075E+04  5.07801E+04  1.80621E+04  1.51027E+02 -2.01537E+02  5.53872E+03  0.00000E+00  4.06087E-03  4.03003E-04
       2       6       6  5.45615E-03  5.92607E-03  5.45615E-05  6.52197E+00  2.66424E+00  9.01407E-01  2.10009E+01 -4.08126E+01  2.47867E+00  3.02167E+04  2.34139E+04  1.43420E+04  3.24231E+03  1.79821E+03  2.90935E+03  0.00000E+00  5.15149E-03  7.74582E-04
       2       6       7  7.91167E-03  5.69519E-03  7.91167E-05  1.09653E+01  4.53022E+00  1.63335E+00  1.04905E+02 -2.49055E+02 -7.09044E-01  4.63421E+04  8.34047E+04  2.21581E+04 -1.84688E+04  1.30901E+03  3.21520E+03  0.00000E+00  5.04155E-03  6.53634E-04
       2       6       8  8.03314E-03  9.91543E-03  8.03314E-05  1.65413E+01  6.83030E+00  2.44565E+00  6.66259E+01 -1.60782E+02  4.72955E-01  3.24368E+04  3.81922E+04  1.07228E+04 -2.93275E+03  5.08500E+02  1.73099E+03  0.00000E+00  8.63326E-03  1.28217E-03
       2       6       9  1.13449E-02  1.17849E-02  1.13449E-04  2.24365E+01  9.21731E+00  3.59261E+00  3.70296E+01 -8.83250E+01 -8.65339E-01  1.19074E+04  1.51426E+04  4.64681E+03 -1.67670E+03  4.61016E+02  9.31879E+02  0.00000E+00  8.68599E-03  3.09891E-03
       2       6      10  1.92439E-02  2.18346E-02  1.92439E-04  5.68195E+01  2.35077E+01  7.88956E+00  9.99852E+01 -2.41731E+02 -4.60320E-01  1.70326E+04  6.54716E+04  5.35641E+03 -2.42890E+04  8.08544E+01  2.60073E+02  0.00000E+00  2.08833E-02  9.51373E-04
       3       1       1  4.15997E-04  4.80115E-04  4.15997E-06  8.22605E-02  6.46036E-02  5.41228E-01 -4.12936E+00  7.97858E+00  7.11271E+00  4.80354E+04  3.31027E+04  1.16868E+05  1.07390E+04  1.21326E+04  2.05760E+04  5.72078E-05  7.91593E-08  4.22828E-04
       3       1       2  1.18442E-04  1.25442E-04  1.18442E-06  2.28543E-01  1.71731E-01  1.47843E+00 -4.54029E-01  1.03055E+02 -1.55024E+01  4.17379E+04  5.14076E+04  1.06150E+05  2.95729E+03  6.26225E+03  1.65571E+04  5.35299E-05  0.00000E+00  7.19122E-05
       3       1       3  2.04327E-04  2.25386E-04  2.04327E-06  3.68569E-01  2.76091E-01  2.17538E+00 -1.45256E+00  1.68639E+01 -5.83968E+00  3.08766E+04  2.31796E+04  4.83554E+04  3.10321E+03  3.72466E+03  7.22393E+03  4.87476E-05  0.00000E+00  1.76639E-04
       3       1       4  2.87910E-04  1.75141E-04  2.87910E-06  4.98489E-01  3.79615E-01  3.55044E+00 -1.25202E+00  4.89838E+01 -1.60784E+00  5.77820E+04  7.60741E+04  5.46907E+04  3.41468E+03 -8.55652E+03  4.96611E+03  1.36638E-04  0.00000E+00  3.85022E-05
       3       1       5  2.63778E-04  3.15323E-04  2.63778E-06  7.16544E-01  5.42124E-01  5.19341E+00  1.47986E-01  3.19182E+01 -7.64094E+00  2.08936E+04  2.97553E+04  4.48898E+04  1.85619E+03 -4.19614E+02  3.22924E+03  2.37690E-04  0.00000E+00  7.76323E-05
       3       1       6  2.13446E-04  2.67916E-04  2.13446E-06  9.41932E-01  7.27224E-01  6.90772E+00 -3.93612E+00  1.20118E+01 -1.06463E+01  7.70777E+03  1.05812E+04  3.38430E+04 -6.24950E+02  1.78757E+03  3.92517E+03  1.07431E-04  0.00000E+00  1.60486E-04
       3       1       7  2.15854E-04  2.28385E-04  2.15854E-06  1.79580E+00  1.35858E+00  1.22973E+01 -4.01395E+00 -1.92461E+02  1.44373E+00  2.81550E+04  5.21391E+04  4.68177E+04  7.18523E+02 -4.28652E+03  5.45405E+03  1.64324E-04  0.00000E+00  6.40609E-05
       3       1       8  3.61513E-04  3.57336E-04  3.61513E-06  2.65127E+00  2.00130E+00  1.78612E+01 -2.43614E+00 -1.12791E+02 -2.85797E+01  1.09359E+04  2.16453E+04  3.47598E+04 -3.11931E+02  1.52534E+03  3.86471E+03  2.13287E-04  0.00000E+00  1.44048E-04
       3       1       9  3.82086E-04  4.57104E-04  3.82086E-06  3.47954E+00  2.72656E+00  2.38029E+01 -4.95088E+00 -5.32092E+01 -2.14167E+01  4.74612E+03  7.31329E+03  9.66783E+03  3.51089E+02 -9.91017E+01  1.83595E+03  1.62098E-04  0.00000E+00  2.95006E-04
       3       1      10  1.73850E-04  1.83966E-04  1.73850E-06  1.10649E+01  8.43735E+00  6.62061E+01 -7.14027E+00 -1.56866E+02 -1.01447E+00  1.21973E+04  3.87289E+04  2.20897E+04  9.35113E+02 -2.46147E+03  2.66423E+03  1.21767E-04  0.00000E+00  6.21998E-05
       3       2       1  1.25649E-03  1.24396E-03  1.25649E-05  1.82472E-01  1.40370E-01  5.58651E-01  5.21529E+01 -5.88468E+01 -1.01380E+01  4.00572E+04  3.90360E+04  6.61654E+04  8.13638E+02  3.85315E+03  1.23049E+04  9.08771E-05  3.28926E-04  8.24155E-04
       3       2       2  3.61208E-04  3.92607E-04  3.61208E-06  4.32812E-01  3.45768E-01  1.40608E+00  1.12024E+01  8.95150E+01 -3.88169E+01  3.28560E+04  3.89581E+04  8.70773E+04  1.09437E+04  8.66896E+03  2.28896E+04  1.77904E-04  6.98193E-06  2.07721E-04
       3       2       3  6.20837E-04  6.98426E-04  6.20837E-06  6.28343E-01  4.79131E-01  2.09141E+00 -7.54801E-01  1.52992E+01 -9.31996E+00  1.87394E+04  1.24664E+04  4.12670E+04  1.05260E+04  9.20471E+03  1.17377E+04  8.28780E-05  8.95120E-08  6.15458E-04
       3       2       4  8.97545E-04  5.27269E-04  8.97545E-06  1.09692E+00  8.39348E-01  3.28509E+00  2.71060E+01  2.15320E+00 -2.34797E+01  6.73347E+04  7.46689E+04  7.43140E+04  2.44317E+03 -1.91974E+04  1.65470E+04  3.60564E-04  5.08792E-05  1.15826E-04
       3       2       5  8.38090E-04  9.28387E-04  8.38090E-06  1.62799E+00  1.23306E+00  4.86779E+00  3.37940E+00  3.34583E+01 -1.52817E+01  2.53557E+04  2.93449E+04  4.62735E+04  3.05505E+03 -3.76038E+03  8.61549E+03  7.25157E-04  3.53800E-06  1.99693E-04
       3       2       6  7.13344E-04  7.37332E-04  7.13344E-06  2.17966E+00  1.66974E+00  6.48208E+00  1.38814E+00  1.53263E+01 -9.18787E+00  1.04273E+04  1.14167E+04  3.64816E+04  2.61722E+03  3.26261E+03  1.01515E+04  3.02820E-04  3.04341E-06  4.31469E-04
       3       2       7  6.99968E-04  6.24114E-04  6.99968E-06  3.65529E+00  2.90446E+00  1.13057E+01  6.83367E+00 -1.57286E+02  8.38954E+01  3.04124E+04  4.44407E+04  6.44657E+04  6.43729E+02 -8.83776E+03  1.38599E+04  3.68709E-04  2.14339E-05  2.33972E-04
       3       2       8  1.15161E-03  1.14519E-03  1.15161E-05  5.43128E+00  4.29568E+00  1.67154E+01  5.72880E+00 -1.04131E+02  5.90918E+01  1.39433E+04  2.09464E+04  3.66795E+04  1.55549E+03 -7.05773E+02  8.24865E+03  7.11823E-04  3.06440E-07  4.33063E-04
       3       2       9  1.29992E-03  1.30418E-03  1.29992E-05  7.74939E+00  6.22138E+00  2.26788E+01 -2.32314E+00 -3.42215E+01  2.27033E+01  4.10509E+03  5.71496E+03  1.32781E+04  1.29254E+03  5.73605E+02  3.51405E+03  3.33841E-04  0.00000E+00  9.70343E-04
       3       2      10  6.00141E-04  5.47621E-04  6.00141E-06  2.07284E+01  1.64050E+01  6.56504E+01  1.23698E+00 -7.76599E+01  3.68722E+01  8.73304E+03  2.08318E+04  3.56051E+04  2.63793E+03  1.05551E+03  9.73712E+03  1.87907E-04  0.00000E+00  3.59714E-04
       3       3       1  2.10697E-03  2.20914E-03  2.10697E-05  2.78526E-01  2.15039E-01  4.77064E-01  1.01067E+02 -1.29832E+02 -2.72521E+00  3.90523E+04  4.14272E+04  4.58488E+04 -4.81844E+03  1.77166E+02  1.98618E+03  6.82701E-05  1.74010E-03  4.00772E-04
       3       3       2  6.18095E-04  6.13564E-04  6.18095E-06  7.11277E-01  5.64553E-01  1.20371E+00  8.26488E+01 -5.51931E+01 -3.47186E+01  4.83837E+04  4.19601E+04  6.20857E+04  8.02082E+03  3.97338E+03  1.11104E+04  1.00783E-04  3.88393E-04  1.24389E-04
       3       3       3  1.05191E-03  1.13899E-03  1.05191E-05  1.05379E+00  8.27903E-01  1.79965E+00  2.90034E+01 -3.26707E+01 -4.68684E-01  1.74153E+04  1.35763E+04  3.37115E+04  7.59467E+03  5.57871E+03  8.62230E+03  6.46309E-05  7.42123E-04  3.32238E-04
       3       3       4  1.59598E-03  1.23920E-03  1.59598E-05  1.60325E+00  1.25555E+00  2.83046E+00  1.06474E+02 -1.31769E+02 -1.84876E+01  7.07068E+04  8.37049E+04  6.51509E+04 -2.60228E+04 -4.62108E+03  1.10231E+04  3.01477E-04  7.56830E-04  1.80889E-04
       3       3       5  1.55168E-03  1.96949E-03  1.55168E-05  2.56629E+00  2.01245E+00  4.13036E+00  5.71119E+01 -5.01683E+01 -9.11993E+00  3.84179E+04  3.28111E+04  4.18953E+04  1.36017E+03  7.21623E+02  9.03185E+03  6.12354E-04  1.06565E-03  2.91491E-04
       3       3       6  1.45764E-03  1.91517E-03  1.45764E-05  3.22040E+00  2.49832E+00  5.65661E+00  4.39682E+01 -4.74858E+01 -1.59465E+00  1.86005E+04  1.79149E+04  2.78431E+04 -8.88589E+02  4.82119E+03  9.14809E+03  2.56155E-04  1.00963E-03  6.49384E-04
       3       3       7  1.40801E-03  1.38758E-03  1.40801E-05  5.69240E+00  4.51667E+00  9.77924E+00  1.13960E+02 -1.60202E+02  4.94506E+01  4.42849E+04  4.72566E+04  5.17884E+04 -1.18296E+04  1.04648E+03  1.12344E+04  2.41107E-04  8.78971E-04  2.67504E-04
       3       3       8  2.13726E-03  2.69016E-03  2.13726E-05  8.54019E+00  6.81280E+00  1.44847E+01  7.27724E+01 -1.06318E+02  3.36246E+01  2.32430E+04  2.28669E+04  2.99991E+04 -2.82384E+03  1.03218E+03  5.78709E+03  5.30065E-04  1.64188E-03  5.18218E-04
       3       3       9  2.74474E-03  2.84006E-03  2.74474E-05  1.16422E+01  9.11646E+00  1.96690E+01  4.01192E+01 -4.70346E+01  1.16676E+01  8.71583E+03  8.15846E+03  1.30661E+04 -2.18622E+02  1.61096E+03  3.26690E+03  1.86209E-04  1.50881E-03  1.14504E-03
       3       3      10  1.44279E-03  1.64915E-03  1.44279E-05  3.57349E+01  2.77823E+01  6.09517E+01  2.57518E+01 -2.66844E+01  5.46123E+00  1.26106E+04  8.43052E+03  3.18080E+04  7.17074E+03  6.64036E+03  9.08406E+03  0.00000E+00  8.50984E-04  7.98166E-04
       3       4       1  2.92364E-03  3.39278E-03  2.92364E-05  3.94510E-01  3.04171E-01  3.53004E-01  1.02027E+02 -1.38806E+02  6.31872E-01  5.00969E+04  5.82244E+04  3.32427E+04 -1.43630E+04  1.33098E+03  1.97211E+03  5.36833E-05  2.89559E-03  4.43512E-04
       3       4       2  8.83502E-04  9.31257E-04  8.83502E-06  9.65943E-01  7.62504E-01  8.64600E-01  2.52154E+00  3.85291E+00 -2.34560E+01  5.86805E+04  5.72616E+04  3.49904E+04 -5.00459E+02  1.93711E+03  5.38218E+03  8.53992E-05  7.06408E-04  1.39449E-04
       3       4       3  1.47738E-03  1.67150E-03  1.47738E-05  1.42940E+00  1.11622E+00  1.27553E+00  1.84736E+01 -2.47060E+01  4.06367E+00  2.38873E+04  2.80267E+04  1.82944E+04 -5.51344E+03  9.64993E+02  3.33292E+03  3.60184E-05  1.20933E-03  4.26152E-04
       3       4       4  2.38398E-03  1.73272E-03  2.38398E-05  2.21171E+00  1.71210E+00  2.02278E+00  1.03106E+02 -1.29603E+02 -6.70583E+00  7.78102E+04  9.41358E+04  4.79145E+04 -3.72126E+04 -8.95554E+03  2.30627E+03  2.73948E-04  1.36499E-03  9.37861E-05
       3       4       5  2.46074E-03  3.27437E-03  2.46074E-05  3.34141E+00  2.60245E+00  3.03000E+00  6.10853E+01 -7.69434E+01 -2.59880E+00  4.25591E+04  4.49783E+04  3.20526E+04 -2.20246E+02 -5.14873E+02  5.58629E+03  5.33796E-04  2.54279E-03  1.97783E-04
       3       4       6  2.62788E-03  3.38089E-03  2.62788E-05  4.80552E+00  3.70340E+00  4.07007E+00  3.76990E+01 -4.94949E+01 -8.14688E+00  2.15831E+04  1.83515E+04  1.22940E+04  1.45637E+03  1.53330E+03  2.46342E+03  2.21911E-04  2.77157E-03  3.87416E-04
       3       4       7  2.74244E-03  2.56996E-03  2.74244E-05  7.80095E+00  6.08415E+00  6.93844E+00  1.39978E+02 -1.95191E+02  2.22446E+01  5.25879E+04  6.22393E+04  3.52128E+04 -1.87321E+04  1.12139E+03  5.18757E+03  2.21448E-04  2.10497E-03  2.43545E-04
       3       4       8  3.46548E-03  4.65045E-03  3.46548E-05  1.17493E+01  9.15126E+00  1.03022E+01  8.43308E+01 -1.18734E+02  1.50043E+01  2.87950E+04  2.93653E+04  2.05835E+04 -8.34969E+02  4.03923E+02  2.35927E+03  4.01722E-04  3.74772E-03  5.01013E-04
       3       4       9  5.14038E-03  6.11788E-03  5.14038E-05  1.60718E+01  1.24781E+01  1.42085E+01  4.75118E+01 -5.86460E+01  3.19045E+00  1.04094E+04  1.00741E+04  7.31693E+03  1.70072E+01  8.81301E+02  1.29970E+03  1.81387E-04  4.71384E-03  1.22265E-03
       3       4      10  3.80507E-03  4.64603E-03  3.80507E-05  4.42002E+01  3.40284E+01  3.74287E+01  1.15218E+02 -1.46208E+02 -4.86067E+00  3.01943E+04  3.62742E+04  9.57440E+03 -1.46128E+04  1.09558E+03  1.14046E+03  0.00000E+00  4.38836E-03  2.57666E-04
       3       5       1  3.60068E-03  3.41439E-03  3.60068E-05  4.18322E-01  3.23087E-01  2.25584E-01  9.81380E+01 -1.37800E+02  5.19756E+00  4.67148E+04  5.38494E+04  4.41248E+04 -1.32824E+04 -1.89842E+02  2.14038E+03  4.94659E-05  2.91201E-03  4.52915E-04
       3       5       2  1.12323E-03  1.12872E-03  1.12323E-05  1.09484E+00  8.55562E-01  5.95968E-01  1.28089E+01 -1.19032E+00 -2.08468E+01  7.64425E+04  6.36068E+04  4.10223E+04  1.58594E+04 -1.75186E+03 -4.40032E+01  7.06636E-05  8.79209E-04  1.78847E-04
       3       5       3  1.83903E-03  1.91293E-03  1.83903E-05  1.58849E+00  1.24161E+00  8.68369E-01  2.95329E+01 -3.50993E+01 -1.69684E+01  4.27009E+04  3.82611E+04  2.43450E+04  8.82380E+03  3.22257E+03  7.48220E+02  2.70125E-05  1.46154E-03  4.24378E-04
       3       5       4  3.14523E-03  2.21083E-03  3.14523E-05  2.49639E+00  1.94298E+00  1.34564E+00  8.23339E+01 -1.02255E+02 -1.50853E+01  6.61390E+04  6.67915E+04  7.05622E+04 -6.61622E+03 -2.12511E+03 -2.29049E+03  2.66898E-04  1.87548E-03  6.84533E-05
       3       5       5  3.46314E-03  3.88939E-03  3.46314E-05  3.82685E+00  2.97488E+00  2.10353E+00  5.07735E+01 -7.23379E+01 -4.36611E+00  4.01767E+04  4.00304E+04  3.37755E+04  6.99955E+03 -2.59496E+03  1.83625E+03  4.84781E-04  3.25272E-03  1.51898E-04
       3       5       6  4.16845E-03  4.28326E-03  4.16845E-05  5.27714E+00  4.09099E+00  2.80229E+00  4.81969E+01 -5.24097E+01 -1.36423E+00  3.00052E+04  2.30339E+04  1.60384E+04  8.13648E+03  2.65969E+02  1.34583E+03  2.00425E-04  3.66256E-03  4.20281E-04
       3       5       7  5.18287E-03  3.16188E-03  5.18287E-05  8.71776E+00  6.79322E+00  4.57317E+00  1.08368E+02 -1.43605E+02  2.36549E+01  5.49971E+04  5.27088E+04  4.25940E+04  4.73396E+03  2.62350E+03  5.82170E+03  1.96595E-04  2.45667E-03  5.08616E-04
       3       5       8  5.47161E-03  6.08479E-03  5.47161E-05  1.31828E+01  1.02796E+01  6.88930E+00  6.63710E+01 -9.18908E+01  1.52494E+01  3.16372E+04  2.78456E+04  1.99994E+04  8.47373E+03  2.69300E+03  4.51961E+03  3.52017E-04  4.44508E-03  1.28770E-03
       3       5       9  8.42994E-03  9.76155E-03  8.42994E-05  1.86130E+01  1.44282E+01  9.40225E+00  2.94117E+01 -4.10826E+01  2.38802E+00  1.01471E+04  8.56268E+03  5.86731E+03  2.96619E+03  1.18632E+03  1.70873E+03  1.60615E-04  5.50735E-03  4.09359E-03
       3       5      10  9.96689E-03  5.84866E-03  9.96689E-05  4.91712E+01  3.78186E+01  2.63985E+01  1.02873E+02 -1.26943E+02  4.19585E+00  2.96249E+04  3.32542E+04  1.29172E+04 -7.71594E+03  1.09805E+03  2.00308E+03  0.00000E+00  5.04754E-03  8.01126E-04
       3       6       1  3.99376E-03  4.36465E-03  3.99376E-05  4.56077E-01  3.56080E-01  7.53080E-02  6.28963E+01 -8.80545E+01  1.12098E+00  4.57835E+04  4.09585E+04  3.56104E+04  5.56951E+03  7.32778E+02  1.83196E+03  5.04931E-05  2.68464E-03  1.62952E-03
       3       6       2  1.27246E-03  1.30996E-03  1.27246E-05  1.18324E+00  9.20263E-01  1.99003E-01 -2.16777E+01  3.41311E+01 -1.40444E+01  6.74303E+04  6.01538E+04  3.41162E+04  1.22470E+04 -1.06586E+02 -1.76063E+03  4.07016E-05  1.10621E-03  1.63051E-04
       3       6       3  2.05270E-03  2.12557E-03  2.05270E-05  1.73284E+00  1.35172E+00  2.86826E-01  2.62815E+01 -3.38082E+01 -4.93294E+00  4.14848E+04  3.52023E+04  2.20133E+04  1.55589E+04 -1.84665E+03 -2.02427E+03  5.45732E-05  1.56402E-03  5.06976E-04
       3       6       4  3.63734E-03  2.96940E-03  3.63734E-05  2.69720E+00  2.08843E+00  4.52331E-01  4.42146E+01 -5.94346E+01 -8.61364E+00  7.03432E+04  8.54009E+04  5.80768E+04 -2.32373E+04 -8.03406E+02  5.10577E+02  2.61862E-04  2.43608E-03  2.71454E-04
       3       6       5  4.18150E-03  4.60544E-03  4.18150E-05  4.10939E+00  3.19349E+00  6.75321E-01  2.53603E+01 -3.60088E+01 -6.43290E+00  5.08013E+04  4.95912E+04  2.48406E+04  1.86286E+03  2.67503E+03  4.91106E+03  4.55909E-04  3.66964E-03  4.79891E-04
       3       6       6  5.40496E-03  6.17092E-03  5.40496E-05  5.58267E+00  4.27740E+00  9.77804E-01  2.41737E+01 -3.33128E+01 -4.92961E+00  2.91434E+04  2.75670E+04  1.60216E+04  6.96473E+03  3.12103E+03  2.84151E+03  2.00425E-04  5.00945E-03  9.61045E-04
       3       6       7  7.78136E-03  6.12720E-03  7.78136E-05  9.36585E+00  7.28698E+00  1.67340E+00  1.52654E+02 -1.99113E+02  1.40379E+01  5.71478E+04  7.00259E+04  2.45098E+04 -1.98074E+04  3.12129E+03  4.62679E+03  1.91773E-04  4.99832E-03  9.37107E-04
       3       6       8  7.89253E-03  1.05887E-02  7.89253E-05  1.41234E+01  1.09892E+01  2.49023E+00  9.92722E+01 -1.29101E+02  8.03557E+00  3.37460E+04  3.56488E+04  1.20638E+04 -2.02546E+03  1.61175E+03  2.16809E+03  3.33099E-04  8.58832E-03  1.66728E-03
       3       6       9  1.12248E-02  1.26928E-02  1.12248E-04  1.91616E+01  1.49980E+01  3.68917E+00  5.49009E+01 -7.00186E+01  2.32663E+00  1.26071E+04  1.39267E+04  4.81406E+03 -1.44678E+03  8.38046E+02  1.08222E+03  1.49487E-04  8.63740E-03  3.90594E-03
       3       6      10  1.86978E-02  2.24877E-02  1.86978E-04  4.90921E+01  3.78999E+01  7.98610E+00  1.54324E+02 -2.00543E+02  4.31681E-01  3.22383E+04  4.91143E+04  5.10921E+03 -3.13025E+04  2.79401E+02  4.13457E+02  0.00000E+00  2.08836E-02  1.60412E-03
       4       1       1  4.15939E-04  3.65097E-04  4.15939E-06  5.63703E-02  7.13881E-02  5.09115E-01  4.84125E+00  1.73245E+01  9.05557E+00  4.56320E+04  5.05038E+04  1.20072E+05  1.34896E+04  1.49121E+04  1.69377E+04  4.17292E-05  0.00000E+00  3.23368E-04
       4       1       2  1.18422E-04  1.00588E-04  1.18422E-06  1.72783E-01  2.24364E-01  1.47475E+00  5.92907E+00  1.20938E+02 -3.04180E+01  4.96195E+04  5.54869E+04  1.18601E+05  1.02351E+04  1.04379E+04  2.36988E+04  4.91898E-05  0.00000E+00  5.13985E-05
       4       1       3  2.04301E-04  1.31504E-04  2.04301E-06  2.50178E-01  3.35945E-01  2.16630E+00 -1.83896E+01  2.40831E+01  3.49638E-01  4.44356E+04  5.29662E+04  7.71554E+04  1.00834E+04  1.35868E+04  1.60273E+04  3.27527E-05  0.00000E+00  9.87518E-05
       4       1       4  2.87852E-04  1.49352E-04  2.87852E-06  3.69767E-01  4.82230E-01  3.53168E+00 -3.51422E+00  4.25406E+01 -1.31353E+01  5.37876E+04  6.90560E+04  7.32860E+04  7.63098E+03 -1.13479E+03  7.51108E+03  1.01723E-04  0.00000E+00  4.76285E-05
       4       1       5  2.63726E-04  2.68494E-04  2.63726E-06  5.37948E-01  6.94818E-01  5.20418E+00  2.60933E+00  3.10053E+01 -3.27738E+00  2.04089E+04  2.72185E+04  4.99521E+04  1.71218E+03  1.64574E+03  2.85334E+03  1.86996E-04  0.00000E+00  8.14975E-05
       4       1       6  2.13398E-04  2.53522E-04  2.13398E-06  7.75237E-01  9.91703E-01  6.92634E+00  5.56314E-01  1.13373E+01  1.00977E+01  6.64302E+03  9.09077E+03  3.24124E+04  2.39876E+02  2.81370E+03  2.94666E+03  8.69516E-05  0.00000E+00  1.66570E-04
       4       1       7  2.15819E-04  1.57866E-04  2.15819E-06  1.26062E+00  1.60438E+00  1.21534E+01 -1.94231E+01 -1.79867E+02  1.33322E+01  2.82545E+04  4.95672E+04  5.24955E+04  3.05091E+03 -2.79948E+03  3.75723E+03  1.04974E-04  0.00000E+00  5.28913E-05
       4       1       8  3.61461E-04  4.14829E-04  3.61461E-06  1.95030E+00  2.47334E+00  1.78470E+01  1.20330E+01 -9.44198E+01  1.77318E+01  1.16255E+04  1.77712E+04  3.89009E+04 -1.20622E+03  2.59141E+03  3.43003E+03  2.23673E-04  0.00000E+00  1.91155E-04
       4       1       9  3.81989E-04  6.08419E-04  3.81989E-06  2.83462E+00  3.67443E+00  2.46873E+01 -3.55542E+00 -1.85470E+01  9.88766E+00  1.88964E+03  3.14107E+03  1.16673E+04  7.52410E+02  1.16286E+03  9.52777E+02  8.30893E-05  0.00000E+00  5.25329E-04
       4       1      10  1.73807E-04  1.97312E-04  1.73807E-06  8.37128E+00  1.12269E+01  6.93303E+01 -1.26539E+00 -9.93021E+01  2.82614E+01  1.02565E+04  2.49321E+04  2.99958E+04  7.40094E+02  1.32164E+03  3.07600E+03  8.86114E-05  0.00000E+00  1.08700E-04
       4       2       1  1.25565E-03  1.19307E-03  1.25565E-05  1.39769E-01  1.83521E-01  5.33464E-01  7.88921E+01 -5.93671E+01 -5.37090E+00  4.22205E+04  4.14070E+04  6.81831E+04 -7.34026E+02  5.57788E+03  9.12825E+03  6.74937E-05  4.04709E-04  7.20871E-04
       4       2       2  3.60905E-04  2.90185E-04  3.60905E-06  3.51835E-01  4.49752E-01  1.40013E+00  1.21640E+01  8.37175E+01 -4.28619E+01  3.31544E+04  5.32711E+04  9.63750E+04  1.72108E+04  1.89224E+04  1.91892E+04  1.17936E-04  8.32461E-06  1.63924E-04
       4       2       3  6.20456E-04  5.33592E-04  6.20456E-06  5.00319E-01  6.56302E-01  2.08614E+00  5.66563E+00  1.99751E+01 -1.26924E+00  1.47031E+04  2.32016E+04  4.57381E+04  1.51889E+04  1.57793E+04  1.31544E+04  5.04557E-05  1.79024E-07  4.82957E-04
       4       2       4  8.96638E-04  3.51305E-04  8.96638E-06  8.56663E-01  1.12474E+00  3.26603E+00  5.91928E+01 -1.84610E+01 -4.10027E+01  5.89357E+04  8.35109E+04  8.91865E+04  5.42539E+02 -2.67858E+03  1.16236E+04  1.80953E-04  6.07972E-05  1.09555E-04
       4       2       5  8.37231E-04  5.69017E-04  8.37231E-06  1.24505E+00  1.60034E+00  4.81444E+00  1.03529E+00  2.41247E+01 -2.39062E+01  1.81936E+04  3.39077E+04  6.11466E+04  3.49190E+03  4.66888E+03  1.13749E+04  3.58550E-04  1.02984E-05  2.00169E-04
       4       2       6  7.12497E-04  5.95221E-04  7.12497E-06  1.71150E+00  2.21803E+00  6.63944E+00  1.88273E+00  1.14409E+01 -2.45025E+00  6.16520E+03  1.19711E+04  4.21355E+04  3.71341E+03  8.77897E+03  9.29814E+03  1.64503E-04  6.35535E-06  4.24363E-04
       4       2       7  6.99292E-04  5.42427E-04  6.99292E-06  3.05740E+00  3.97119E+00  1.10899E+01  5.32022E+01 -1.38018E+02  6.87716E+01  3.18037E+04  4.23581E+04  6.76075E+04 -6.30397E+03  1.49349E+03  1.35170E+04  2.34060E-04  6.97334E-05  2.38634E-04
       4       2       8  1.15078E-03  1.05740E-03  1.15078E-05  4.40226E+00  5.64840E+00  1.66765E+01 -6.93106E+00 -7.62337E+01  4.01531E+01  8.69614E+03  1.89250E+04  4.35846E+04  4.22934E+03  5.88113E+03  7.52898E+03  4.58846E-04  5.51592E-06  5.93038E-04
       4       2       9  1.29819E-03  1.55218E-03  1.29819E-05  6.02889E+00  8.06943E+00  2.29812E+01  3.75732E+00 -1.75488E+01  8.19440E+00  1.82118E+03  4.14646E+03  1.30225E+04  4.91028E+02  3.00114E+03  3.24790E+03  1.79532E-04  1.22576E-06  1.37142E-03
       4       2      10  5.99152E-04  5.74121E-04  5.99152E-06  1.64856E+01  2.14225E+01  6.33170E+01 -1.81164E-01 -1.07562E+02  4.76783E+01  8.78958E+03  2.85222E+04  3.27295E+04  2.29946E+03 -1.91487E+03  5.73609E+03  2.79656E-04  0.00000E+00  2.94465E-04
       4       3       1  2.10353E-03  2.23931E-03  2.10353E-05  2.13067E-01  2.77753E-01  4.74141E-01  1.24023E+02 -9.48210E+01 -1.62990E+00  4.19812E+04  3.77633E+04  4.33428E+04 -2.83007E+03 -6.70169E+02  1.40103E+03  6.87554E-05  1.71656E-03  4.53996E-04
       4       3       2  6.16743E-04  6.69013E-04  6.16743E-06  5.46622E-01  7.03605E-01  1.22781E+00  9.36878E+01 -2.14570E+01 -3.95535E+01  3.94996E+04  4.38657E+04  6.63702E+04  6.55045E+03  1.01507E+03  6.76966E+03  1.31884E-04  4.36165E-04  1.00964E-04
       4       3       3  1.05034E-03  1.05067E-03  1.05034E-05  8.26372E-01  1.06586E+00  1.82276E+00  3.95764E+01 -1.78384E+01 -1.19449E+01  1.33396E+04  1.82739E+04  3.12516E+04  9.56849E+03  7.03881E+03  6.99371E+03  7.56662E-05  7.34623E-04  2.40381E-04
       4       3       4  1.59190E-03  1.11833E-03  1.59190E-05  1.24302E+00  1.60347E+00  2.82369E+00  1.59668E+02 -1.05830E+02 -1.96256E+01  8.84908E+04  7.54844E+04  6.05883E+04 -2.74456E+04  2.76728E+03  8.03987E+03  2.07140E-04  7.45539E-04  1.65650E-04
       4       3       5  1.54733E-03  1.72253E-03  1.54733E-05  2.00082E+00  2.59344E+00  4.12048E+00  8.20347E+01 -4.63418E+01 -9.65165E+00  3.65416E+04  3.78180E+04  4.12796E+04  1.91845E+03  3.99659E+03  6.58017E+03  3.96486E-04  1.10378E-03  2.22268E-04
       4       3       6  1.45298E-03  1.58617E-03  1.45298E-05  2.44053E+00  3.18330E+00  5.68606E+00  6.60166E+01 -4.08561E+01  7.76381E-01  1.99562E+04  1.88071E+04  3.04931E+04 -1.67807E+03  7.29140E+03  6.89298E+03  1.62489E-04  9.99335E-04  4.24342E-04
       4       3       7  1.40330E-03  1.41141E-03  1.40330E-05  4.45113E+00  5.74547E+00  9.85052E+00  1.30681E+02 -1.24316E+02  5.79073E+01  4.50578E+04  4.18004E+04  5.35429E+04 -8.18360E+03  7.05627E+02  7.48417E+03  2.99344E-04  8.20607E-04  2.91459E-04
       4       3       8  2.13315E-03  2.67293E-03  2.13315E-05  6.62889E+00  8.52965E+00  1.45367E+01  9.38393E+01 -8.16559E+01  2.66368E+01  2.31964E+04  2.13123E+04  2.97636E+04 -2.74354E+03  3.18766E+03  4.88839E+03  4.50314E-04  1.62694E-03  5.95675E-04
       4       3       9  2.73511E-03  3.22663E-03  2.73511E-05  9.13606E+00  1.18160E+01  1.96302E+01  4.28133E+01 -3.52695E+01  8.08804E+00  7.63179E+03  7.52603E+03  1.10749E+04 -3.74254E+01  1.28225E+03  1.68193E+03  2.89700E-04  1.59836E-03  1.33857E-03
       4       3      10  1.43410E-03  1.50310E-03  1.43410E-05  2.63726E+01  3.36328E+01  5.78337E+01  3.41905E+01 -6.61517E+01  3.82254E+01  1.14832E+04  1.87347E+04  3.25250E+04  5.16416E+03 -2.68393E+03  3.13702E+03  3.60551E-04  8.45162E-04  2.97391E-04
       4       4       1  2.91541E-03  3.18053E-03  2.91541E-05  2.99891E-01  3.89905E-01  3.47151E-01  1.39684E+02 -1.11558E+02 -9.59646E+00  6.07388E+04  4.96119E+04  3.49872E+04 -1.84753E+04 -5.20754E+01  1.37869E+02  6.49872E-05  2.73103E-03  3.84509E-04
       4       4       2  8.79913E-04  1.07739E-03  8.79913E-06  7.53604E-01  9.80176E-01  8.60040E-01  1.74022E+01  1.02300E+01 -3.57576E+01  5.87265E+04  5.91152E+04  3.77951E+04  2.95989E+03  2.80351E+02  4.47817E+03  1.39556E-04  8.50460E-04  8.73755E-05
       4       4       3  1.47358E-03  1.34874E-03  1.47358E-05  1.07179E+00  1.37957E+00  1.25419E+00  2.36012E+01 -1.01991E+01 -1.67227E+01  3.08429E+04  2.78322E+04  2.00937E+04 -7.70489E+03  3.14067E+03  9.93984E+00  6.87439E-05  1.05814E-03  2.21852E-04
       4       4       4  2.37311E-03  1.63054E-03  2.37311E-05  1.69693E+00  2.19745E+00  2.01727E+00  1.43792E+02 -9.84444E+01 -5.37483E+00  1.00541E+05  7.79448E+04  4.54866E+04 -3.71250E+04 -6.81542E+03  2.68561E+03  2.10161E-04  1.31945E-03  1.00924E-04
       4       4       5  2.44724E-03  3.69967E-03  2.44724E-05  2.61036E+00  3.40773E+00  2.99856E+00  8.58188E+01 -5.48357E+01 -3.94067E+00  4.25039E+04  4.44890E+04  2.87972E+04  6.67913E+02  1.31789E+03  2.40372E+03  3.79364E-04  3.11913E-03  2.01176E-04
       4       4       6  2.61202E-03  2.84730E-03  2.61202E-05  3.58553E+00  4.71141E+00  3.95182E+00  5.57639E+01 -3.92786E+01  3.73374E+00  2.40382E+04  2.42613E+04  1.50076E+04  5.07142E+03  2.41546E+03  3.15623E+03  1.63160E-04  2.28449E-03  3.99651E-04
       4       4       7  2.71960E-03  2.62500E-03  2.71960E-05  6.02423E+00  7.79927E+00  6.94905E+00  1.76849E+02 -1.58615E+02  2.80639E+01  6.14052E+04  5.19845E+04  3.66553E+04 -1.86560E+04  6.23610E+02  4.54427E+03  2.71153E-04  2.13599E-03  2.17857E-04
       4       4       8  3.44984E-03  4.88119E-03  3.44984E-05  9.04344E+00  1.17611E+01  1.03810E+01  1.08038E+02 -9.81721E+01  1.83201E+01  2.85159E+04  2.82528E+04  2.12335E+04 -1.69481E+03 -8.72995E+02  1.06709E+03  5.92753E-04  3.84298E-03  4.45453E-04
       4       4       9  5.10722E-03  5.82610E-03  5.10722E-05  1.24965E+01  1.61142E+01  1.41139E+01  6.07332E+01 -4.90713E+01  2.70397E+00  1.06383E+04  1.01147E+04  7.28960E+03 -1.24899E+02  4.13560E+02  7.53738E+02  1.84354E-04  4.68975E-03  9.51991E-04
       4       4      10  3.75037E-03  5.09517E-03  3.75037E-05  3.34216E+01  4.36018E+01  3.74600E+01  1.40262E+02 -1.14144E+02  1.37202E+01  3.65284E+04  2.83442E+04  1.28735E+04 -1.34623E+04 -7.47004E+02  7.95317E+02  3.34434E-04  4.44657E-03  3.14167E-04
       4       5       1  3.58665E-03  3.40072E-03  3.58665E-05  3.20790E-01  4.17619E-01  2.22803E-01  1.28557E+02 -1.04845E+02 -1.22364E+01  5.27666E+04  4.34484E+04  4.34521E+04 -1.37771E+04 -1.70581E+02  5.33302E+02  6.77030E-05  2.93391E-03  3.99110E-04
       4       5       2  1.11649E-03  1.12604E-03  1.11649E-05  8.51462E-01  1.09970E+00  5.97896E-01  1.14070E+01 -4.13138E+00 -3.55242E+01  6.03977E+04  6.44254E+04  4.56810E+04  1.13441E+04 -3.72782E+03  6.85179E+01  1.33152E-04  8.98388E-04  9.44991E-05
       4       5       3  1.83245E-03  1.66075E-03  1.83245E-05  1.21019E+00  1.56608E+00  8.43050E-01  4.28062E+01 -2.68680E+01 -1.58389E+00  4.23242E+04  4.76954E+04  2.81228E+04  7.87365E+03 -7.57474E+02  2.42354E+03  6.56986E-05  1.38582E-03  2.09232E-04
       4       5       4  3.12485E-03  2.05167E-03  3.12485E-05  1.94483E+00  2.52305E+00  1.33178E+00  1.10424E+02 -7.90355E+01 -1.34831E+01  7.10522E+04  6.75538E+04  6.57614E+04 -7.26475E+03 -3.28965E+03 -8.30232E+02  2.09154E-04  1.78176E-03  6.07505E-05
       4       5       5  3.43395E-03  3.62059E-03  3.43395E-05  2.96112E+00  3.82811E+00  2.10929E+00  7.58160E+01 -5.10569E+01 -1.19093E+01  3.79318E+04  4.32615E+04  3.34999E+04  5.23205E+03 -6.86301E+02 -1.78751E+02  3.71307E-04  3.09798E-03  1.51297E-04
       4       5       6  4.13125E-03  4.31499E-03  4.13125E-05  4.09628E+00  5.29205E+00  2.85013E+00  5.97014E+01 -3.56204E+01 -5.03157E+00  2.40808E+04  2.56580E+04  1.44178E+04  8.27713E+03  5.00189E+02  1.18206E+03  1.60139E-04  3.77036E-03  3.84489E-04
       4       5       7  5.10685E-03  3.04798E-03  5.10685E-05  6.72582E+00  8.74300E+00  4.61571E+00  1.42897E+02 -1.21461E+02  3.03197E+01  5.21310E+04  5.36188E+04  4.49850E+04  1.17975E+03  3.46820E+02  2.04169E+03  2.80055E-04  2.41256E-03  3.55357E-04
       4       5       8  5.41027E-03  5.80643E-03  5.41027E-05  1.01654E+01  1.32564E+01  6.96290E+00  8.63633E+01 -8.17098E+01  2.18108E+01  2.65375E+04  3.11764E+04  2.14440E+04  6.49027E+03  2.68022E+03  3.10004E+03  5.45274E-04  4.39204E-03  8.69123E-04
       4       5       9  8.35011E-03  8.01274E-03  8.35011E-05  1.40977E+01  1.85222E+01  9.46716E+00  4.45189E+01 -3.89812E+01  5.99716E+00  9.14869E+03  1.07341E+04  6.76191E+03  2.57173E+03  1.40325E+03  1.46740E+03  2.00676E-04  5.39345E-03  2.41861E-03
       4       5      10  9.72155E-03  5.85735E-03  9.72155E-05  3.77125E+01  4.85416E+01  2.61423E+01  1.26595E+02 -1.01030E+02  1.23919E+01  3.27013E+04  2.83071E+04  1.63265E+04 -7.90469E+03  4.17678E+02  8.00948E+02  3.23665E-04  4.96206E-03  5.71629E-04
       4       6       1  3.97561E-03  4.01137E-03  3.97561E-05  3.53121E-01  4.53694E-01  7.57385E-02  9.37779E+01 -7.74648E+01 -7.71036E+00  4.38148E+04  4.38919E+04  4.13278E+04  2.97794E+03  2.33656E+02 -2.12898E+02  6.85686E-05  2.96254E-03  9.80262E-04
       4       6       2  1.26322E-03  1.24736E-03  1.26322E-05  9.12060E-01  1.18194E+00  2.00202E-01 -3.37267E+01  3.30682E+01 -3.27508E+01  5.58582E+04  5.95913E+04  4.01955E+04  4.40563E+03 -4.21205E+03 -1.64243E+03  1.09906E-04  1.05162E-03  8.58307E-05
       4       6       3  2.04409E-03  1.99827E-03  2.04409E-05  1.33839E+00  1.74289E+00  2.85808E-01  3.37468E+01 -3.03649E+01 -1.06458E+01  2.88357E+04  3.35889E+04  2.17942E+04  8.07089E+03 -8.22885E+02 -1.83712E+03  9.37568E-05  1.66935E-03  2.35160E-04
       4       6       4  3.60945E-03  2.84506E-03  3.60945E-05  2.09161E+00  2.72142E+00  4.62778E-01  6.09475E+01 -5.29650E+01 -6.91278E+00  8.21700E+04  6.69916E+04  5.59189E+04 -3.26665E+04 -4.05040E+02  1.82172E+03  2.05797E-04  2.49283E-03  1.46435E-04
       4       6       5  4.13797E-03  4.14524E-03  4.13797E-05  3.15730E+00  4.12429E+00  7.00801E-01  3.52593E+01 -3.07217E+01 -7.39991E+00  4.89534E+04  4.74688E+04  2.25884E+04 -3.17230E+03  2.67316E+03  2.40047E+03  3.57542E-04  3.52188E-03  2.65812E-04
       4       6       6  5.34672E-03  5.74982E-03  5.34672E-05  4.23479E+00  5.53963E+00  9.27965E-01  3.30059E+01 -2.99006E+01 -2.86817E+00  2.36278E+04  2.56996E+04  1.53765E+04  9.29506E+02  6.60431E+02  1.16872E+03  1.58460E-04  5.02581E-03  5.65549E-04
       4       6       7  7.63432E-03  5.72996E-03  7.63432E-05  7.24459E+00  9.43594E+00  1.63552E+00  2.12815E+02 -1.62024E+02  1.92269E+01  6.84818E+04  5.47231E+04  2.70322E+04 -2.76901E+04  1.35858E+03  1.68566E+03  3.02312E-04  4.95208E-03  4.75575E-04
       4       6       8  7.73678E-03  9.81164E-03  7.73678E-05  1.09334E+01  1.41818E+01  2.40123E+00  1.39731E+02 -1.04466E+02  1.07467E+01  3.53171E+04  3.22561E+04  1.28133E+04 -5.71291E+03  6.55918E+02  5.02861E+02  4.64039E-04  8.47054E-03  8.77054E-04
       4       6       9  1.10889E-02  1.12567E-02  1.10889E-04  1.46520E+01  1.91408E+01  3.31154E+00  8.10310E+01 -6.04083E+01  7.75516E+00  1.42203E+04  1.23210E+04  5.46262E+03 -3.30722E+03  8.89475E+01  3.52997E+02  2.60767E-04  8.78836E-03  2.20759E-03
       4       6      10  1.80916E-02  2.14385E-02  1.80916E-04  3.72587E+01  4.84031E+01  7.99661E+00  2.10130E+02 -1.61422E+02  3.68085E+00  5.04828E+04  3.19034E+04  6.28214E+03 -3.41661E+04  4.73802E+01  1.19094E+02  3.19086E-04  2.07091E-02  4.10260E-04
       5       1       1  4.15890E-04  4.91423E-04  4.15890E-06  3.72145E-02  9.54488E-02  5.22063E-01  6.16088E-01  5.53853E+00 -6.08614E+00  2.63138E+04  4.61114E+04  1.27222E+05  9.81596E+03  1.94677E+04  1.16855E+04  3.58817E-05  0.00000E+00  4.55542E-04
       5       1       2  1.18405E-04  1.40990E-04  1.18405E-06  1.10113E-01  2.85581E-01  1.47804E+00 -2.84343E+00  6.61118E+01 -1.91248E+01  2.70616E+04  3.90294E+04  1.11853E+05  8.19034E+03  1.58648E+04  1.35467E+04  4.39100E-05  0.00000E+00  9.70802E-05
       5       1       3  2.04278E-04  2.77283E-04  2.04278E-06  1.68217E-01  4.53327E-01  2.18006E+00  4.40538E+00  1.35861E+01  6.48131E+00  2.29277E+04  3.04789E+04  4.11519E+04  8.22287E+03  5.76976E+03  6.84368E+03  2.76923E-05  0.00000E+00  2.49591E-04
       5       1       4  2.87801E-04  1.37081E-04  2.87801E-06  2.22420E-01  5.35469E-01  3.54605E+00 -1.61114E+00  4.48907E+01 -2.25201E+01  5.75462E+04  6.99173E+04  7.03081E+04  3.15085E+03  2.77148E+02  5.58378E+03  9.43375E-05  0.00000E+00  4.27434E-05
       5       1       5  2.63682E-04  2.29340E-04  2.63682E-06  3.24571E-01  7.87319E-01  5.19296E+00  1.28425E+00  3.20934E+01  1.53907E+00  2.12839E+04  2.79487E+04  4.84606E+04 -2.67775E+02  2.52230E+03  9.86092E+02  1.67189E-04  0.00000E+00  6.21511E-05
       5       1       6  2.13356E-04  1.96748E-04  2.13356E-06  4.68760E-01  1.11703E+00  6.97081E+00 -2.32719E+00  1.05432E+01 -2.24191E+01  7.80838E+03  1.03936E+04  3.40689E+04  4.41938E+02  3.60254E+03  1.56247E+03  7.92301E-05  0.00000E+00  1.17518E-04
       5       1       7  2.15789E-04  1.57726E-04  2.15789E-06  8.08802E-01  1.86508E+00  1.20791E+01  8.92959E+00 -1.51885E+02  7.06089E+01  2.73003E+04  4.32298E+04  6.30159E+04 -1.93064E+03  1.71669E+03  3.49984E+03  9.38464E-05  0.00000E+00  6.38792E-05
       5       1       8  3.61416E-04  2.72399E-04  3.61416E-06  1.16227E+00  2.80628E+00  1.79801E+01 -1.35612E+01 -1.30811E+02  1.91043E+01  1.47678E+04  2.39048E+04  3.01112E+04  2.42198E+03  4.59894E+02  6.43717E+02  2.00305E-04  0.00000E+00  7.20944E-05
       5       1       9  3.81905E-04  2.65304E-04  3.81905E-06  1.44271E+00  3.43262E+00  2.39912E+01  1.01314E+01 -3.67321E+01  1.30136E+00  3.71846E+03  5.49729E+03  1.66792E+04 -9.60472E+02  2.07137E+03  1.36435E+03  6.71391E-05  0.00000E+00  1.98165E-04
       5       1      10  1.73769E-04  1.80595E-04  1.73769E-06  5.26650E+00  1.26266E+01  6.80287E+01 -1.48655E+00 -8.75407E+01  3.47420E+00  9.86462E+03  2.14365E+04  3.74579E+04  5.96816E+02  3.38911E+03  2.78590E+03  7.27546E-05  0.00000E+00  1.07840E-04
       5       2       1  1.25492E-03  1.21299E-03  1.25492E-05  8.92173E-02  2.14896E-01  5.34057E-01  9.69764E+01 -3.34416E+01 -9.00193E-01  4.44121E+04  4.89183E+04  7.97387E+04  2.54334E+03  1.01339E+04  7.04756E+03  5.37506E-05  4.32307E-04  7.26933E-04
       5       2       2  3.60642E-04  2.90225E-04  3.60642E-06  2.16839E-01  5.27601E-01  1.39493E+00  1.56438E+01  5.78254E+01 -2.77818E+01  1.93132E+04  5.63882E+04  9.77482E+04  1.29505E+04  2.36277E+04  1.18835E+04  7.47259E-05  1.10879E-05  2.04412E-04
       5       2       3  6.20127E-04  6.21567E-04  6.20127E-06  3.11923E-01  7.74615E-01  2.08912E+00  1.08278E+00  1.13829E+01 -3.99716E+00  5.42552E+03  2.42278E+04  4.36007E+04  8.70396E+03  1.62236E+04  7.06084E+03  5.10953E-05  2.77487E-06  5.67697E-04
       5       2       4  8.95854E-04  4.14973E-04  8.95854E-06  5.71196E-01  1.40376E+00  3.24967E+00  1.26627E+02 -1.73406E+01 -6.86927E+00  7.86422E+04  7.19910E+04  6.86890E+04 -1.02534E+04  2.75505E+03  7.74730E+03  1.40331E-04  1.71589E-04  1.03053E-04
       5       2       5  8.36489E-04  4.60217E-04  8.36489E-06  7.99433E-01  1.91340E+00  4.83419E+00  9.92321E+00  3.69745E+01 -1.15905E+01  1.33871E+04  3.80066E+04  6.35483E+04  4.39311E+03  9.51721E+03  6.59041E+03  2.75627E-04  1.85406E-05  1.66049E-04
       5       2       6  7.11764E-04  5.62494E-04  7.11764E-06  1.11276E+00  2.74168E+00  6.65811E+00  4.46252E+00  8.53680E+00 -1.17396E+01  3.18097E+03  1.23439E+04  4.04216E+04  2.16683E+03  1.06712E+04  5.22949E+03  1.21531E-04  2.88229E-05  4.12140E-04
       5       2       7  6.98709E-04  4.89502E-04  6.98709E-06  1.91800E+00  4.70537E+00  1.11050E+01  8.52957E+01 -1.37001E+02  1.74251E+01  4.41562E+04  3.86255E+04  6.08715E+04 -7.49425E+03  4.02942E+03  6.15996E+03  1.72855E-04  1.34337E-04  1.82309E-04
       5       2       8  1.15006E-03  7.89835E-04  1.15006E-05  2.67018E+00  6.75678E+00  1.66450E+01  1.09193E+01 -7.72185E+01  4.26897E+00  6.77469E+03  2.00717E+04  4.80574E+04  2.30665E+02  9.64866E+03  6.11603E+03  2.83394E-04  1.83317E-05  4.88110E-04
       5       2       9  1.29670E-03  1.33635E-03  1.29670E-05  3.47480E+00  8.75838E+00  2.32959E+01 -3.12751E+00 -2.30589E+01 -1.57713E-02  1.66444E+03  5.10065E+03  1.52470E+04  1.07787E+03  3.07971E+03  1.69738E+03  1.78049E-04  1.13383E-05  1.14696E-03
       5       2      10  5.98300E-04  5.45383E-04  5.98300E-06  1.10000E+01  2.51033E+01  6.52652E+01  6.74713E+00 -7.10937E+01  2.85618E+01  5.78580E+03  2.25958E+04  3.72313E+04  2.32831E+03  4.23158E+03  4.29934E+03  1.72729E-04  3.89179E-05  3.33736E-04
       5       3       1  2.10055E-03  2.21663E-03  2.10055E-05  1.33456E-01  3.23212E-01  4.76178E-01  1.45085E+02 -5.86559E+01 -7.27951E+00  4.21260E+04  3.84297E+04  4.78311E+04 -7.45058E+02  1.83445E+03  6.75563E+02  4.63016E-05  1.70282E-03  4.67516E-04
       5       3       2  6.15579E-04  6.50585E-04  6.15579E-06  3.41276E-01  8.30814E-01  1.21080E+00  1.04506E+02 -9.79537E+00 -2.18834E+01  3.39039E+04  5.39375E+04  6.69931E+04  8.10051E+03  7.63788E+03  6.16610E+03  8.60359E-05  4.04755E-04  1.59795E-04
       5       3       3  1.04898E-03  1.19776E-03  1.04898E-05  5.07795E-01  1.22023E+00  1.80838E+00  3.98673E+01 -7.85161E+00 -2.48067E+00  7.51953E+03  1.89287E+04  3.16086E+04  6.04601E+03  8.73523E+03  4.08897E+03  4.28343E-05  7.61165E-04  3.93757E-04
       5       3       4  1.58839E-03  9.29237E-04  1.58839E-05  7.81435E-01  1.87373E+00  2.80738E+00  1.78557E+02 -6.75658E+01 -1.05950E+01  9.53014E+04  6.56722E+04  6.34413E+04 -2.06748E+04  4.61587E+03  8.69967E+03  1.41674E-04  6.11923E-04  1.75641E-04
       5       3       5  1.54358E-03  1.65533E-03  1.54358E-05  1.24335E+00  3.00511E+00  4.12308E+00  9.51218E+01 -2.88508E+01 -1.09303E+01  3.39019E+04  4.01177E+04  4.03828E+04  2.27193E+03  6.78382E+03  4.52346E+03  2.80662E-04  1.08376E-03  2.90909E-04
       5       3       6  1.44897E-03  1.53550E-03  1.44897E-05  1.52400E+00  3.65240E+00  5.69790E+00  7.36772E+01 -2.94397E+01 -8.22487E+00  1.99232E+04  1.61740E+04  2.61009E+04 -2.52067E+03  7.56606E+03  3.74761E+03  1.16831E-04  9.77969E-04  4.40702E-04
       5       3       7  1.39925E-03  1.12751E-03  1.39925E-05  2.80323E+00  6.68519E+00  9.78713E+00  1.63638E+02 -9.47368E+01  2.29415E+01  5.02830E+04  3.98793E+04  5.16134E+04 -7.28391E+03  5.35240E+03  4.26972E+03  1.57647E-04  7.56861E-04  2.12997E-04
       5       3       8  2.12960E-03  2.45426E-03  2.12960E-05  4.15308E+00  9.89780E+00  1.46097E+01  1.06577E+02 -6.73128E+01  2.31415E+01  2.38690E+04  2.16903E+04  2.84548E+04 -1.69853E+03  2.41239E+03  2.40867E+03  4.23607E-04  1.61090E-03  4.19761E-04
       5       3       9  2.72681E-03  2.85865E-03  2.72681E-05  5.68014E+00  1.37753E+01  1.98231E+01  5.29666E+01 -2.40573E+01  3.86906E+00  7.78693E+03  6.93847E+03  1.03586E+04 -3.18109E+02  2.06533E+03  9.42720E+02  7.19613E-05  1.62814E-03  1.15855E-03
       5       3      10  1.42664E-03  1.30510E-03  1.42664E-05  1.69359E+01  4.02914E+01  6.01070E+01  4.24132E+01 -4.33469E+01  2.53811E+01  6.47991E+03  1.93580E+04  3.03753E+04  3.91471E+03 -1.28471E+03  1.51685E+03  1.98591E-04  8.30146E-04  2.76361E-04
       5       4       1  2.90831E-03  3.45040E-03  2.90831E-05  1.88718E-01  4.58503E-01  3.53660E-01  1.61890E+02 -6.89380E+01  1.19223E+00  6.59640E+04  4.27981E+04  3.44913E+04 -1.13504E+04  1.53093E+03  1.01522E+03  4.40633E-05  2.98756E-03  4.18777E-04
       5       4       2  8.76832E-04  9.53624E-04  8.76832E-06  4.67068E-01  1.13234E+00  8.67739E-01  2.67404E+00  9.23713E+00 -2.19315E+01  5.74878E+04  5.91134E+04  3.56578E+04 -1.07577E+03 -9.77953E+02  3.96737E+02  8.21917E-05  7.29400E-04  1.42032E-04
       5       4       3  1.47030E-03  1.63783E-03  1.47030E-05  6.74279E-01  1.65415E+00  1.28062E+00  1.84864E+01 -1.37794E+01 -1.07300E+01  2.86409E+04  2.16246E+04  1.75013E+04 -5.13306E+03  2.37210E+03  7.53347E+02  4.35747E-05  1.18123E-03  4.13018E-04
       5       4       4  2.36376E-03  1.54844E-03  2.36376E-05  1.06342E+00  2.55095E+00  2.01656E+00  1.75710E+02 -7.18070E+01 -1.49656E+01  1.22717E+05  6.29271E+04  4.03317E+04 -3.01958E+04 -2.48863E+03 -9.59101E+02  1.43353E-04  1.32269E-03  8.23882E-05
       5       4       5  2.43568E-03  3.50573E-03  2.43568E-05  1.62338E+00  3.95354E+00  2.99946E+00  1.00621E+02 -4.12453E+01 -6.49596E+00  4.49612E+04  4.50367E+04  2.60650E+04 -3.16079E+03  1.11266E+03  4.02540E+02  2.58505E-04  3.07564E-03  1.71583E-04
       5       4       6  2.59841E-03  3.03665E-03  2.59841E-05  2.36988E+00  5.63188E+00  4.11139E+00  6.37449E+01 -8.99253E+00 -3.45865E+00  1.80309E+04  2.28624E+04  1.24640E+04  4.06252E+03  1.55975E+03  3.26812E+02  1.15152E-04  2.45275E-03  4.68742E-04
       5       4       7  2.70009E-03  2.58980E-03  2.70009E-05  3.79811E+00  9.14375E+00  6.93608E+00  2.18969E+02 -9.70168E+01  3.98596E+01  7.04866E+04  4.40265E+04  3.44329E+04 -1.39337E+04  3.45151E+01  2.86910E+03  2.18109E-04  2.19186E-03  1.79835E-04
       5       4       8  3.43647E-03  4.51722E-03  3.43647E-05  5.70126E+00  1.37368E+01  1.03668E+01  1.37311E+02 -6.24556E+01  1.86964E+01  3.05409E+04  2.76214E+04  1.93540E+04 -1.70743E+03  1.14220E+03  1.18471E+03  2.47413E-04  3.88244E-03  3.87369E-04
       5       4       9  5.07873E-03  5.74904E-03  5.07873E-05  7.85134E+00  1.86749E+01  1.42190E+01  7.29320E+01 -3.16548E+01  8.23584E+00  1.05509E+04  9.78445E+03  7.38963E+03 -2.58181E+02  7.51759E+02  6.80961E+02  2.12916E-04  4.65534E-03  8.80782E-04
       5       4      10  3.70388E-03  4.88486E-03  3.70388E-05  2.09989E+01  5.07726E+01  3.77001E+01  1.71485E+02 -7.43279E+01  8.87849E+00  4.39583E+04  2.21913E+04  1.11920E+04 -1.05701E+04  2.15958E+02  4.44813E+02  1.99609E-04  4.46094E-03  2.24311E-04
       5       5       1  3.57457E-03  3.34884E-03  3.57457E-05  1.99863E-01  4.84901E-01  2.23383E-01  1.53441E+02 -6.83648E+01  5.43139E-01  5.80631E+04  4.08259E+04  4.35152E+04 -9.04032E+03 -1.18102E+03 -5.69947E+02  4.54133E-05  2.90323E-03  4.00203E-04
       5       5       2  1.11073E-03  1.07533E-03  1.11073E-05  5.35015E-01  1.28724E+00  5.89228E-01  1.42056E+01  4.42055E+00 -2.41410E+01  5.42973E+04  7.38594E+04  3.97342E+04  1.12542E+04 -2.29464E+03  9.81508E+02  7.48964E-05  8.58289E-04  1.42142E-04
       5       5       3  1.82678E-03  1.84488E-03  1.82678E-05  7.59804E-01  1.86312E+00  8.66032E-01  4.14185E+01 -2.43359E+01  4.18286E+00  3.49273E+04  4.76283E+04  2.56728E+04  5.42888E+03  1.97642E+01  1.56606E+03  4.33603E-05  1.42040E-03  3.81119E-04
       5       5       4  3.10735E-03  1.90718E-03  3.10735E-05  1.22977E+00  2.92291E+00  1.35041E+00  1.31800E+02 -5.60414E+01  4.81496E+00  7.52863E+04  6.42612E+04  6.48985E+04 -7.87999E+03 -4.68700E+03  4.11971E+03  1.38988E-04  1.72284E-03  4.53579E-05
       5       5       5  3.40907E-03  3.34120E-03  3.40907E-05  1.85659E+00  4.49273E+00  2.11113E+00  8.41838E+01 -4.33099E+01 -3.59808E+00  3.61634E+04  4.61428E+04  3.22126E+04  1.83145E+03  1.17014E+03 -1.55523E+03  2.41719E-04  2.94788E-03  1.51604E-04
       5       5       6  4.09943E-03  3.69884E-03  4.09943E-05  2.51808E+00  6.10788E+00  2.77668E+00  6.84817E+01 -2.56410E+01  6.29878E+00  2.25574E+04  3.47126E+04  1.64881E+04  7.75281E+03  3.36763E+02  2.02311E+03  1.06088E-04  3.15506E-03  4.37695E-04
       5       5       7  5.04231E-03  2.89906E-03  5.04231E-05  4.22383E+00  1.02101E+01  4.62744E+00  1.72030E+02 -7.56673E+01  1.93640E+01  5.22596E+04  5.58076E+04  4.20655E+04  1.13917E+03  2.40988E+03  1.75032E+03  1.96966E-04  2.34259E-03  3.59497E-04
       5       5       8  5.35873E-03  5.45653E-03  5.35873E-05  6.37623E+00  1.54318E+01  6.93142E+00  1.14134E+02 -4.35394E+01  3.58757E+00  2.47745E+04  3.54536E+04  1.92225E+04  5.00149E+03  2.84976E+03  7.34699E+02  2.77088E-04  4.31753E-03  8.61912E-04
       5       5       9  8.28181E-03  8.12084E-03  8.28181E-05  8.90641E+00  2.16444E+01  9.21970E+00  5.40502E+01 -2.00275E+01  4.70107E+00  7.91817E+03  1.18097E+04  6.13438E+03  1.91904E+03  8.37811E+02  6.47880E+02  1.82871E-04  5.35509E-03  2.58288E-03
       5       5      10  9.51531E-03  5.41594E-03  9.51531E-05  2.34412E+01  5.65165E+01  2.59658E+01  1.57576E+02 -6.94153E+01  7.10168E+00  3.82057E+04  2.46790E+04  1.51822E+04 -6.79117E+03 -3.19084E+02 -4.92184E+02  1.94860E-04  4.99267E-03  2.28416E-04
       5       6       1  3.95999E-03  4.22454E-03  3.95999E-05  2.18891E-01  5.37629E-01  7.66799E-02  1.04534E+02 -4.63885E+01 -1.98930E-01  4.03537E+04  4.97054E+04  3.76527E+04  4.33848E+03  2.51309E+02 -6.59281E+01  4.00469E-05  3.07603E-03  1.10846E-03
       5       6       2  1.25534E-03  1.34218E-03  1.25534E-05  5.65217E-01  1.38705E+00  2.02350E-01 -3.40100E+01  9.80531E+00 -1.11983E+01  5.35780E+04  7.67368E+04  3.67619E+04  9.56512E+03 -1.70206E+03  6.66552E+02  7.57246E-05  1.11585E-03  1.50603E-04
       5       6       3  2.03669E-03  2.20672E-03  2.03669E-05  8.40059E-01  2.03932E+00  2.82377E-01  4.54153E+01 -1.23678E+01 -6.65530E+00  2.55340E+04  5.12908E+04  2.08491E+04  1.15280E+04 -3.76630E+03 -1.37257E+03  4.24921E-05  1.72985E-03  4.34376E-04
       5       6       4  3.58556E-03  3.10020E-03  3.58556E-05  1.30990E+00  3.18434E+00  4.51123E-01  7.53385E+01 -2.77495E+01  1.77328E+00  9.49338E+04  6.58750E+04  4.87997E+04 -1.52933E+04  2.15135E+03  3.65252E+03  1.35631E-04  2.69794E-03  2.66630E-04
       5       6       5  4.10096E-03  4.12346E-03  4.10096E-05  1.96709E+00  4.78462E+00  6.76132E-01  4.26963E+01 -1.55319E+01 -6.01477E+00  5.00742E+04  5.59548E+04  2.03904E+04  2.16147E+03  6.22966E+03  9.04157E+02  2.47090E-04  3.46962E-03  4.06744E-04
       5       6       6  5.29702E-03  6.56905E-03  5.29702E-05  2.68347E+00  6.54905E+00  9.02867E-01  4.05733E+01 -1.73746E+01  4.09903E+00  2.21413E+04  3.09598E+04  1.34758E+04  2.96517E+03  2.95015E+03  2.08724E+03  9.56804E-05  5.75809E-03  7.15276E-04
       5       6       7  7.50989E-03  6.03213E-03  7.50989E-05  4.51855E+00  1.10039E+01  1.68289E+00  2.31602E+02 -9.93009E+01  8.41587E+00  7.79962E+04  4.92152E+04  2.21585E+04 -1.57024E+04  4.03097E+03  1.18863E+03  1.52454E-04  4.95431E-03  9.25375E-04
       5       6       8  7.60733E-03  1.06906E-02  7.60733E-05  6.77024E+00  1.65621E+01  2.47988E+00  1.46506E+02 -6.41159E+01  1.16505E+01  3.51641E+04  3.30321E+04  1.14850E+04 -1.99941E+03  1.77984E+03  1.11955E+03  3.94674E-04  8.50013E-03  1.79584E-03
       5       6       9  1.09737E-02  1.31420E-02  1.09737E-04  9.09850E+00  2.26553E+01  3.66717E+00  7.90670E+01 -3.35849E+01 -1.94274E+00  1.36309E+04  1.09267E+04  4.13063E+03 -1.54242E+03  1.08636E+03  2.70705E+02  8.04928E-05  8.70301E-03  4.35847E-03
       5       6      10  1.75866E-02  2.10066E-02  1.75866E-04  2.33364E+01  5.62583E+01  8.08203E+00  2.49253E+02 -1.03392E+02  2.56178E+00  6.74143E+04  1.58072E+04  5.71045E+03 -2.57646E+04  9.76206E+01  3.10309E+01  1.91893E-04  2.06181E-02  1.96550E-04
       6       1       1  4.15861E-04  3.98077E-04  4.15861E-06  1.28709E-02  9.23079E-02  5.16923E-01  5.97110E-01  1.68799E+01  2.63368E+01  3.15349E+04  6.07655E+04  1.42507E+05  4.49158E+03  2.04737E+04  3.77150E+03  3.43002E-05  0.00000E+00  3.63777E-04
       6       1       2  1.18395E-04  1.24331E-04  1.18395E-06  3.82679E-02  2.93154E-01  1.47121E+00  6.64226E+00  7.26036E+01 -3.16456E+01  2.79812E+04  4.95881E+04  1.14685E+05  2.68850E+03  1.99390E+04  1.52434E+03  3.89992E-05  0.00000E+00  8.53319E-05
       6       1       3  2.04265E-04  2.35486E-04  2.04265E-06  5.53261E-02  4.68176E-01  2.18093E+00 -7.74020E+00  1.88828E+01  8.51606E+00  1.82610E+04  4.15083E+04  5.03487E+04  2.95721E+03  8.94801E+03  1.82110E+00  2.88840E-05  0.00000E+00  2.06602E-04
       6       1       4  2.87772E-04  1.13994E-04  2.87772E-06  7.45257E-02  5.91773E-01  3.55055E+00  1.59281E+00  5.22374E+01  4.61738E+00  5.20520E+04  6.58259E+04  7.83682E+04  9.10937E+02  6.43012E+02  9.43979E+02  8.09087E-05  0.00000E+00  3.30851E-05
       6       1       5  2.63656E-04  2.20777E-04  2.63656E-06  1.07406E-01  8.50771E-01  5.19231E+00  4.00051E-01  3.30793E+01 -1.12392E+01  2.09342E+04  2.85754E+04  5.37544E+04 -5.02659E+02  4.87457E+03  1.49589E+03  1.57789E-04  0.00000E+00  6.29878E-05
       6       1       6  2.13332E-04  1.77617E-04  2.13332E-06  1.46422E-01  1.17748E+00  6.95042E+00  1.67239E+00  2.13093E+01  2.46779E+00  7.92734E+03  1.12272E+04  4.28728E+04  6.20850E+02  6.15102E+03  1.16327E+03  7.21799E-05  0.00000E+00  1.05437E-04
       6       1       7  2.15771E-04  1.56331E-04  2.15771E-06  2.65692E-01  2.07158E+00  1.22742E+01  3.17675E+00 -1.65785E+02  2.67707E+01  2.82980E+04  4.43041E+04  5.83492E+04 -2.65029E+02  1.35533E+03  6.87915E+02  9.90395E-05  0.00000E+00  5.72917E-05
       6       1       8  3.61389E-04  3.06504E-04  3.61389E-06  4.28832E-01  2.99361E+00  1.78470E+01 -7.35150E+00 -8.92629E+01  2.91036E+01  1.10288E+04  1.76869E+04  4.18200E+04  1.15973E+03  5.10424E+03  2.87088E+02  1.59873E-04  0.00000E+00  1.46631E-04
       6       1       9  3.81856E-04  2.91501E-04  3.81856E-06  5.51380E-01  4.22257E+00  2.40437E+01  4.24304E+00 -4.24338E+01  1.27896E+01  4.06557E+03  6.54976E+03  1.45190E+04 -3.98226E+02  1.57924E+03  5.09169E+02  8.90243E-05  0.00000E+00  2.02477E-04
       6       1      10  1.73748E-04  2.08509E-04  1.73748E-06  1.97812E+00  1.47665E+01  7.14375E+01 -5.74360E-01 -7.88806E+01 -5.43646E+00  8.62798E+03  1.85704E+04  3.23493E+04 -1.74593E+02  3.82078E+03  5.92647E+02  7.02108E-05  0.00000E+00  1.38298E-04
       6       2       1  1.25449E-03  9.30273E-04  1.25449E-05  3.15368E-02  2.33491E-01  5.18967E-01  1.35944E+02 -1.08130E+01 -7.45486E+00  5.85102E+04  5.61913E+04  9.32909E+04  6.94596E+02  6.85074E+03  1.90326E+03  4.95628E-05  4.57511E-04  4.23199E-04
       6       2       2  3.60491E-04  2.32806E-04  3.60491E-06  7.19342E-02  5.56245E-01  1.38507E+00  2.24808E+01  7.27668E+01 -2.71427E+01  1.99636E+04  7.06578E+04  1.05696E+05  8.44258E+03  2.72023E+04  4.58099E+03  5.87048E-05  1.87597E-05  1.55342E-04
       6       2       3  6.19937E-04  5.26597E-04  6.19937E-06  1.05557E-01  8.15805E-01  2.10508E+00  3.07509E+00  1.54031E+01 -1.27685E+01  2.80153E+03  3.09340E+04  4.32549E+04  4.20358E+03  1.37161E+04  8.33617E+02  5.53312E-05  5.19169E-06  4.66074E-04
       6       2       4  8.95403E-04  4.44433E-04  8.95403E-06  2.04536E-01  1.56356E+00  3.26734E+00  1.55082E+02  1.52499E+00 -1.49229E+01  8.70483E+04  5.98261E+04  6.55908E+04 -5.12248E+03  4.63177E+03  2.92509E+03  1.29252E-04  2.27308E-04  8.78722E-05
       6       2       5  8.36061E-04  4.37089E-04  8.36061E-06  2.69884E-01  2.04620E+00  4.84440E+00  9.13906E+00  2.35375E+01 -9.65916E+00  9.89726E+03  3.94963E+04  6.61857E+04  1.69907E+03  1.27475E+04  2.35083E+03  2.39033E-04  2.24650E-05  1.75591E-04
       6       2       6  7.11342E-04  5.99743E-04  7.11342E-06  3.77139E-01  2.89232E+00  6.70734E+00  4.60302E+00  8.33326E+00  1.61785E+01  2.19776E+03  1.35488E+04  4.63866E+04  1.03637E+03  1.46118E+04  2.56514E+03  1.08773E-04  4.92316E-05  4.41738E-04
       6       2       7  6.98373E-04  5.61898E-04  6.98373E-06  6.82701E-01  5.02697E+00  1.10221E+01  1.08806E+02 -7.33177E+01  7.07082E+01  4.65600E+04  3.24843E+04  6.45240E+04 -2.52252E+03  1.05908E+04  2.97202E+03  1.48374E-04  1.68037E-04  2.45487E-04
       6       2       8  1.14964E-03  9.44791E-04  1.14964E-05  9.05694E-01  6.94034E+00  1.65323E+01  3.01848E+01 -5.68582E+01  5.15069E+01  1.03426E+04  1.95824E+04  4.49859E+04 -3.53951E+02  1.01752E+04  2.53053E+03  3.22342E-04  8.60962E-05  5.36353E-04
       6       2       9  1.29584E-03  1.29213E-03  1.29584E-05  1.20058E+00  9.45307E+00  2.33954E+01  1.50077E+00 -9.03900E+00  1.24033E+01  1.04812E+03  4.72173E+03  1.40591E+04  6.35446E+02  3.51796E+03  7.07113E+02  1.09797E-04  1.37898E-05  1.16855E-03
       6       2      10  5.97809E-04  5.49582E-04  5.97809E-06  4.14765E+00  2.78501E+01  6.56896E+01  1.81436E+01 -5.89840E+01  1.90402E+01  5.24315E+03  2.06265E+04  3.73111E+04  1.02325E+03  2.26441E+03  2.45368E+02  1.41778E-04  1.27785E-04  2.80018E-04
       6       3       1  2.09884E-03  2.00339E-03  2.09884E-05  4.62705E-02  3.47284E-01  4.77681E-01  1.71721E+02 -2.01315E+01  6.13861E-01  4.86898E+04  3.87584E+04  4.55243E+04 -5.76917E+02 -1.08662E+02  1.02436E+03  3.80256E-05  1.69120E-03  2.74169E-04
       6       3       2  6.14909E-04  6.26051E-04  6.14909E-06  1.17706E-01  8.79556E-01  1.22673E+00  1.15223E+02  1.74746E+01 -2.36753E+01  3.03288E+04  5.34666E+04  6.59923E+04  2.65568E+03  9.04739E+03  1.91460E+03  7.71116E-05  4.24111E-04  1.24828E-04
       6       3       3  1.04819E-03  1.05967E-03  1.04819E-05  1.68500E-01  1.30401E+00  1.82066E+00  4.55264E+01 -2.61479E+00 -9.02178E+00  4.93058E+03  2.11776E+04  2.95731E+04  1.93413E+03  7.29019E+03  1.35140E+03  3.59131E-05  7.68300E-04  2.55455E-04
       6       3       4  1.58636E-03  8.45507E-04  1.58636E-05  2.68769E-01  2.00572E+00  2.78481E+00  2.08612E+02 -1.65788E+01 -9.64340E-01  1.11401E+05  6.10136E+04  6.10759E+04 -9.60437E+03  5.45667E+03  3.03707E+03  1.19181E-04  5.70806E-04  1.55520E-04
       6       3       5  1.54143E-03  1.54372E-03  1.54143E-05  4.24165E-01  3.23130E+00  4.12617E+00  1.06279E+02 -2.99926E+00 -6.17687E+00  3.40555E+04  4.15622E+04  3.80746E+04  7.82653E+02  6.16405E+03  1.37472E+03  2.47762E-04  1.06354E-03  2.32413E-04
       6       3       6  1.44666E-03  1.51995E-03  1.44666E-05  5.13954E-01  3.94453E+00  5.71574E+00  7.82028E+01 -9.08592E+00 -5.68628E+00  2.03053E+04  1.49579E+04  2.54491E+04 -8.11041E+02  7.90256E+03  1.40939E+03  9.93733E-05  9.34396E-04  4.86185E-04
       6       3       7  1.39693E-03  1.08829E-03  1.39693E-05  9.69090E-01  7.22271E+00  9.84589E+00  1.65496E+02 -6.54294E+01  2.48333E+01  4.96947E+04  3.85182E+04  5.23587E+04 -2.40021E+03  4.63269E+03  2.10946E+03  1.66179E-04  7.17904E-04  2.04204E-04
       6       3       8  2.12756E-03  2.20084E-03  2.12756E-05  1.44911E+00  1.06535E+01  1.46294E+01  1.14908E+02 -4.05551E+01  1.04894E+01  2.43200E+04  2.10058E+04  2.81864E+04 -1.79700E+02  3.91154E+03  5.44562E+02  2.58170E-04  1.53545E-03  4.07214E-04
       6       3       9  2.72203E-03  2.67936E-03  2.72203E-05  1.83364E+00  1.45070E+01  1.97415E+01  5.96362E+01 -1.68879E+01  5.16243E+00  8.20990E+03  7.53055E+03  1.05732E+04 -4.57112E+02  1.56561E+03  3.20466E+02  1.58389E-04  1.59022E-03  9.30747E-04
       6       3      10  1.42237E-03  1.17465E-03  1.42237E-05  6.09559E+00  4.33726E+01  5.92174E+01  4.30438E+01 -3.02228E+01  2.13310E+01  4.82338E+03  2.17591E+04  3.16104E+04  2.02414E+03  2.67168E+03  9.12908E+02  1.70948E-04  7.20441E-04  2.83266E-04
       6       4       1  2.90422E-03  3.19124E-03  2.90422E-05  6.59691E-02  4.85833E-01  3.46300E-01  1.82254E+02 -2.61309E+01 -4.19354E+00  7.41761E+04  3.61444E+04  3.34502E+04 -3.31415E+03  1.09960E+03 -1.16678E+02  4.14556E-05  2.89294E-03  2.56840E-04
       6       4       2  8.75064E-04  9.11588E-04  8.75064E-06  1.62046E-01  1.22389E+00  8.64570E-01  2.37919E+00  5.41387E+00 -1.76931E+01  5.92929E+04  5.63650E+04  3.36241E+04 -1.96848E+03  3.72539E+03  1.12991E+03  6.79389E-05  7.66092E-04  7.75571E-05
       6       4       3  1.46841E-03  1.34252E-03  1.46841E-05  2.42186E-01  1.73994E+00  1.26634E+00  2.47670E+01  1.19967E+01  1.40070E+00  3.69484E+04  2.12390E+04  1.83039E+04 -3.02598E+03  4.13384E+03  4.58821E+02  3.61392E-05  1.06314E-03  2.43232E-04
       6       4       4  2.35839E-03  1.50995E-03  2.35839E-05  3.54647E-01  2.72606E+00  2.01135E+00  1.94260E+02 -2.25190E+01 -1.06275E+01  1.36316E+05  5.33666E+04  3.98860E+04 -9.71849E+03 -2.91832E+03 -1.36988E+03  1.16831E-04  1.30320E-03  8.99158E-05
       6       4       5  2.42906E-03  3.55482E-03  2.42906E-05  5.61646E-01  4.25230E+00  3.00182E+00  1.07243E+02 -6.03008E+00 -1.49615E+00  4.66736E+04  4.05323E+04  2.58221E+04 -2.88179E+02  1.13482E+03  1.04536E+03  2.44740E-04  3.11059E-03  1.99495E-04
       6       4       6  2.59059E-03  2.48122E-03  2.59059E-05  8.17926E-01  5.99669E+00  4.09436E+00  6.38173E+01 -1.20717E+01 -7.48330E+00  1.73266E+04  3.09114E+04  1.53009E+04  1.38941E+03  3.02663E+03  3.17558E+01  8.56088E-05  1.94540E-03  4.50210E-04
       6       4       7  2.68894E-03  2.50599E-03  2.68894E-05  1.29398E+00  9.77518E+00  6.93292E+00  2.38642E+02 -3.73867E+01  1.72732E+01  7.79860E+04  3.96747E+04  3.24268E+04 -4.97302E+03  2.11776E+03  4.58064E+02  1.36875E-04  2.17584E-03  1.93275E-04
       6       4       8  3.42882E-03  4.61739E-03  3.42882E-05  1.92561E+00  1.47024E+01  1.03409E+01  1.49172E+02 -2.57357E+01  1.09465E+01  3.11576E+04  2.72719E+04  1.96273E+04 -8.59380E+02  1.48779E+03  2.94488E+02  3.20116E-04  3.93855E-03  3.58717E-04
       6       4       9  5.06237E-03  5.71214E-03  5.06237E-05  2.74959E+00  2.01954E+01  1.42226E+01  7.72490E+01 -1.11365E+01  4.19039E+00  1.06265E+04  9.98242E+03  6.93600E+03  1.95373E+01  1.14978E+03  9.08851E+01  9.05080E-05  4.70372E-03  9.17910E-04
       6       4      10  3.67741E-03  4.96475E-03  3.67741E-05  7.05234E+00  5.42887E+01  3.73666E+01  1.85627E+02 -2.85091E+01  9.33587E+00  4.81744E+04  1.88465E+04  1.12194E+04 -3.85874E+03 -6.66695E+02 -8.65804E+01  1.82056E-04  4.57812E-03  2.04580E-04
       6       5       1  3.56762E-03  3.31183E-03  3.56762E-05  6.84727E-02  5.13604E-01  2.19780E-01  1.70807E+02 -2.61925E+01 -2.58976E+00  6.24444E+04  3.99017E+04  4.18158E+04 -2.39626E+03  7.61759E+02 -3.98887E+02  3.81432E-05  3.02373E-03  2.49961E-04
       6       5       2  1.10743E-03  1.00824E-03  1.10743E-05  1.78551E-01  1.38289E+00  5.90585E-01  2.17722E+01  1.05354E+01 -1.67191E+01  5.24631E+04  7.97512E+04  4.16388E+04  5.42355E+03 -8.97741E+02 -5.70461E+02  5.75272E-05  8.59206E-04  9.15037E-05
       6       5       3  1.82352E-03  1.64920E-03  1.82352E-05  2.64654E-01  1.97583E+00  8.46602E-01  4.84236E+01 -1.27622E+01 -4.17209E+00  3.50760E+04  5.18567E+04  2.64848E+04 -3.83543E+02 -2.19825E+03  2.55784E+01  4.44240E-05  1.40420E-03  2.00583E-04
       6       5       4  3.09732E-03  1.94875E-03  3.09732E-05  4.22111E-01  3.17311E+00  1.32412E+00  1.38955E+02 -1.03341E+01 -9.14171E+00  7.59810E+04  6.61134E+04  6.18945E+04 -2.00903E+02 -1.27230E+03  2.87834E+03  1.21531E-04  1.75654E-03  7.06785E-05
       6       5       5  3.39486E-03  3.45167E-03  3.39486E-05  6.28415E-01  4.76688E+00  2.12424E+00  9.38565E+01 -2.66990E+01 -1.45905E+01  3.54257E+04  4.87549E+04  3.16354E+04  8.85750E+01  1.37143E+03 -5.22325E+03  2.16876E-04  3.08551E-03  1.49283E-04
       6       5       6  4.08122E-03  4.27906E-03  4.08122E-05  8.22214E-01  6.68341E+00  2.79832E+00  6.82079E+01 -8.31963E+00  3.38933E+00  1.69483E+04  3.30152E+04  1.41065E+04  2.55186E+03  1.11379E+03  1.99310E+03  8.96374E-05  3.76909E-03  4.20334E-04
       6       5       7  5.00558E-03  2.83076E-03  5.00558E-05  1.50126E+00  1.09471E+01  4.62215E+00  1.88369E+02 -2.54884E+01  2.28969E+01  5.30204E+04  5.63158E+04  4.03829E+04  1.36560E+03  2.81300E+03  1.11708E+03  1.44664E-04  2.35346E-03  3.32640E-04
       6       5       8  5.32961E-03  5.39503E-03  5.32961E-05  2.31355E+00  1.65287E+01  6.96732E+00  1.18041E+02 -1.84642E+01  1.29339E+01  2.25164E+04  3.69198E+04  1.96916E+04  2.33774E+03  2.70175E+03  4.94866E+02  2.89329E-04  4.26817E-03  8.37532E-04
       6       5       9  8.24272E-03  7.71403E-03  8.24272E-05  3.47510E+00  2.30390E+01  9.43817E+00  5.77755E+01 -8.28600E+00  4.92235E+00  7.39542E+03  1.22322E+04  6.09694E+03  8.83576E+02  1.10822E+03  4.08517E+02  9.90395E-05  5.21146E-03  2.40354E-03
       6       5      10  9.39879E-03  5.17790E-03  9.39879E-05  8.15173E+00  6.03664E+01  2.58793E+01  1.73059E+02 -2.45938E+01  3.52973E+00  4.16552E+04  2.17529E+04  1.54059E+04 -2.53825E+03  6.73057E+02 -7.84761E+02  1.87653E-04  4.77596E-03  2.14287E-04
       6       6       1  3.95101E-03  4.18970E-03  3.95101E-05  7.51978E-02  5.74020E-01  7.89585E-02  1.16896E+02 -1.84244E+01 -1.77589E+00  3.95379E+04  5.03708E+04  3.71220E+04  1.76483E+03  8.42334E+02  1.08100E+02  3.39912E-05  3.82117E-03  3.34531E-04
       6       6       2  1.25083E-03  1.26866E-03  1.25083E-05  2.02938E-01  1.48076E+00  1.99391E-01 -3.37041E+01  9.63013E+00 -2.19046E+01  5.40198E+04  6.89057E+04  3.61074E+04  4.04415E+03 -3.68255E+03 -3.62427E+02  6.82895E-05  1.12477E-03  7.56027E-05
       6       6       3  2.03244E-03  2.07506E-03  2.03244E-05  2.89471E-01  2.18922E+00  2.90326E-01  4.92538E+01 -1.34811E+01 -1.81248E+00  2.30278E+04  4.21666E+04  2.04947E+04  3.28232E+03 -2.92901E+03 -1.07102E+03  2.95012E-05  1.80755E-03  2.38003E-04
       6       6       4  3.57186E-03  2.97296E-03  3.57186E-05  4.60838E-01  3.42258E+00  4.68308E-01  8.47845E+01 -8.12687E+00 -5.33435E-01  1.06366E+05  4.59788E+04  5.06652E+04 -7.18350E+03  3.16483E+01  2.38032E+03  1.22874E-04  2.69690E-03  1.53183E-04
       6       6       5  4.07988E-03  3.94295E-03  4.07988E-05  7.07013E-01  5.15138E+00  6.93012E-01  4.60731E+01 -3.38086E+00 -7.98041E+00  5.01668E+04  4.95654E+04  1.86675E+04  1.05506E+03  1.61533E+03 -1.77208E+03  1.96732E-04  3.47747E-03  2.68743E-04
       6       6       6  5.26863E-03  6.35550E-03  5.26863E-05  9.22085E-01  6.93819E+00  9.39529E-01  4.54684E+01 -1.02672E+01 -6.54112E-01  2.23571E+04  2.41718E+04  1.36312E+04  5.08160E+02  1.71273E+03  7.51994E+02  9.90376E-05  5.76710E-03  4.89361E-04
       6       6       7  7.43926E-03  5.59220E-03  7.43926E-05  1.62025E+00  1.18168E+01  1.65593E+00  2.71209E+02 -3.98580E+01  9.89336E+00  9.10808E+04  3.43547E+04  2.35906E+04 -7.25012E+03  2.69177E+03  6.25860E+02  1.57647E-04  4.98394E-03  4.50608E-04
       6       6       8  7.53481E-03  9.55921E-03  7.53481E-05  2.43571E+00  1.77489E+01  2.43235E+00  1.76629E+02 -2.51927E+01  5.58384E+00  4.04780E+04  2.81312E+04  1.09725E+04 -1.22598E+03  1.10396E+03  2.16346E+02  2.26270E-04  8.49254E-03  8.40403E-04
       6       6       9  1.09081E-02  1.11168E-02  1.09081E-04  3.40438E+00  2.38590E+01  3.40426E+00  1.01125E+02 -1.48213E+01  1.56689E+00  1.67688E+04  9.63168E+03  5.01249E+03 -8.22853E+02  3.29586E+02  1.04390E+02  1.40213E-04  8.87680E-03  2.09978E-03
       6       6      10  1.73032E-02  2.10484E-02  1.73032E-04  7.94760E+00  6.04534E+01  8.10630E+00  2.67086E+02 -3.57252E+01  1.67539E+00  7.66752E+04  6.44454E+03  5.60550E+03 -9.47323E+03  7.80683E+01 -1.26670E+02  1.89518E-04  2.06571E-02  2.01771E-04
