
 error exit tests 

 test   status
    3       -3
   15      -15

 basic tests of storage formats 

        storage prec fact  new   status residual
       DIAGONAL    1    1    2        0     tiny
       DIAGONAL    1    1    1        0     tiny
       DIAGONAL    1    1    0        0     tiny
          DENSE    1    1    2        0     tiny
          DENSE    1    1    1        0     tiny
          DENSE    1    1    0        0     tiny
 SPARSE_BY_ROWS    1    1    2        0     tiny
 SPARSE_BY_ROWS    1    1    1        0     tiny
 SPARSE_BY_ROWS    1    1    0        0     tiny
     COORDINATE    1    1    2        0     tiny
     COORDINATE    1    1    1        0     tiny
     COORDINATE    1    1    0        0     tiny
       DIAGONAL    1    2    2        0     tiny
       DIAGONAL    1    2    1        0     tiny
       DIAGONAL    1    2    0        0     tiny
          DENSE    1    2    2        0     tiny
          DENSE    1    2    1        0     tiny
          DENSE    1    2    0        0     tiny
 SPARSE_BY_ROWS    1    2    2        0     tiny
 SPARSE_BY_ROWS    1    2    1        0     tiny
 SPARSE_BY_ROWS    1    2    0        0     tiny
     COORDINATE    1    2    2        0     tiny
     COORDINATE    1    2    1        0     tiny
     COORDINATE    1    2    0        0     tiny

        storage prec fact  new   status residual
       DIAGONAL    2    1    2        0     tiny
       DIAGONAL    2    1    1        0     tiny
       DIAGONAL    2    1    0        0     tiny
          DENSE    2    1    2        0     tiny
          DENSE    2    1    1        0     tiny
          DENSE    2    1    0        0     tiny
 SPARSE_BY_ROWS    2    1    2        0     tiny
 SPARSE_BY_ROWS    2    1    1        0     tiny
 SPARSE_BY_ROWS    2    1    0        0     tiny
     COORDINATE    2    1    2        0     tiny
     COORDINATE    2    1    1        0     tiny
     COORDINATE    2    1    0        0     tiny
       DIAGONAL    2    2    2        0     tiny
       DIAGONAL    2    2    1        0     tiny
       DIAGONAL    2    2    0        0     tiny
          DENSE    2    2    2        0     tiny
          DENSE    2    2    1        0     tiny
          DENSE    2    2    0        0     tiny
 SPARSE_BY_ROWS    2    2    2        0     tiny
 SPARSE_BY_ROWS    2    2    1        0     tiny
 SPARSE_BY_ROWS    2    2    0        0     tiny
     COORDINATE    2    2    2        0     tiny
     COORDINATE    2    2    1        0     tiny
     COORDINATE    2    2    0        0     tiny

        storage prec fact  new   status residual
       DIAGONAL    3    1    2        0     tiny
       DIAGONAL    3    1    1        0     tiny
       DIAGONAL    3    1    0        0     tiny
          DENSE    3    1    2        0     tiny
          DENSE    3    1    1        0     tiny
          DENSE    3    1    0        0     tiny
 SPARSE_BY_ROWS    3    1    2        0     tiny
 SPARSE_BY_ROWS    3    1    1        0     tiny
 SPARSE_BY_ROWS    3    1    0        0     tiny
     COORDINATE    3    1    2        0     tiny
     COORDINATE    3    1    1        0     tiny
     COORDINATE    3    1    0        0     tiny
       DIAGONAL    3    2    2        0     tiny
       DIAGONAL    3    2    1        0     tiny
       DIAGONAL    3    2    0        0     tiny
          DENSE    3    2    2        0     tiny
          DENSE    3    2    1        0     tiny
          DENSE    3    2    0        0     tiny
 SPARSE_BY_ROWS    3    2    2        0     tiny
 SPARSE_BY_ROWS    3    2    1        0     tiny
 SPARSE_BY_ROWS    3    2    0        0     tiny
     COORDINATE    3    2    2        0     tiny
     COORDINATE    3    2    1        0     tiny
     COORDINATE    3    2    0        0     tiny

        storage prec fact  new   status residual
       DIAGONAL    4    1    2        0     tiny
       DIAGONAL    4    1    1        0     tiny
       DIAGONAL    4    1    0        0     tiny
          DENSE    4    1    2        0     tiny
          DENSE    4    1    1        0     tiny
          DENSE    4    1    0        0     tiny
 SPARSE_BY_ROWS    4    1    2        0     tiny
 SPARSE_BY_ROWS    4    1    1        0     tiny
 SPARSE_BY_ROWS    4    1    0        0     tiny
     COORDINATE    4    1    2        0     tiny
     COORDINATE    4    1    1        0     tiny
     COORDINATE    4    1    0        0     tiny
       DIAGONAL    4    2    2        0     tiny
       DIAGONAL    4    2    1        0     tiny
       DIAGONAL    4    2    0        0     tiny
          DENSE    4    2    2        0     tiny
          DENSE    4    2    1        0     tiny
          DENSE    4    2    0        0     tiny
 SPARSE_BY_ROWS    4    2    2        0     tiny
 SPARSE_BY_ROWS    4    2    1        0     tiny
 SPARSE_BY_ROWS    4    2    0        0     tiny
     COORDINATE    4    2    2        0     tiny
     COORDINATE    4    2    1        0     tiny
     COORDINATE    4    2    0        0     tiny

        storage prec fact  new   status residual
       DIAGONAL   11    1    2        0     tiny
       DIAGONAL   11    1    1        0     tiny
       DIAGONAL   11    1    0        0     tiny
          DENSE   11    1    2        0     tiny
          DENSE   11    1    1        0     tiny
          DENSE   11    1    0        0     tiny
 SPARSE_BY_ROWS   11    1    2        0     tiny
 SPARSE_BY_ROWS   11    1    1        0     tiny
 SPARSE_BY_ROWS   11    1    0        0     tiny
     COORDINATE   11    1    2        0     tiny
     COORDINATE   11    1    1        0     tiny
     COORDINATE   11    1    0        0     tiny
       DIAGONAL   11    2    2        0     tiny
       DIAGONAL   11    2    1        0     tiny
       DIAGONAL   11    2    0        0     tiny
          DENSE   11    2    2        0     tiny
          DENSE   11    2    1        0     tiny
          DENSE   11    2    0        0     tiny
 SPARSE_BY_ROWS   11    2    2        0     tiny
 SPARSE_BY_ROWS   11    2    1        0     tiny
 SPARSE_BY_ROWS   11    2    0        0     tiny
     COORDINATE   11    2    2        0     tiny
     COORDINATE   11    2    1        0     tiny
     COORDINATE   11    2    0        0     tiny

        storage prec fact  new   status residual
       DIAGONAL   12    1    2        0     tiny
       DIAGONAL   12    1    1        0     tiny
       DIAGONAL   12    1    0        0     tiny
          DENSE   12    1    2        0     tiny
          DENSE   12    1    1        0     tiny
          DENSE   12    1    0        0     tiny
 SPARSE_BY_ROWS   12    1    2        0     tiny
 SPARSE_BY_ROWS   12    1    1        0     tiny
 SPARSE_BY_ROWS   12    1    0        0     tiny
     COORDINATE   12    1    2        0     tiny
     COORDINATE   12    1    1        0     tiny
     COORDINATE   12    1    0        0     tiny
       DIAGONAL   12    2    2        0     tiny
       DIAGONAL   12    2    1        0     tiny
       DIAGONAL   12    2    0        0     tiny
          DENSE   12    2    2        0     tiny
          DENSE   12    2    1        0     tiny
          DENSE   12    2    0        0     tiny
 SPARSE_BY_ROWS   12    2    2        0     tiny
 SPARSE_BY_ROWS   12    2    1        0     tiny
 SPARSE_BY_ROWS   12    2    0        0     tiny
     COORDINATE   12    2    2        0     tiny
     COORDINATE   12    2    1        0     tiny
     COORDINATE   12    2    0        0     tiny

        storage prec fact  new   status residual
       DIAGONAL   -1    1    2        0     tiny
       DIAGONAL   -1    1    1        0     tiny
       DIAGONAL   -1    1    0        0     tiny
          DENSE   -1    1    2        0     tiny
          DENSE   -1    1    1        0     tiny
          DENSE   -1    1    0        0     tiny
 SPARSE_BY_ROWS   -1    1    2        0     tiny
 SPARSE_BY_ROWS   -1    1    1        0     tiny
 SPARSE_BY_ROWS   -1    1    0        0     tiny
     COORDINATE   -1    1    2        0     tiny
     COORDINATE   -1    1    1        0     tiny
     COORDINATE   -1    1    0        0     tiny
       DIAGONAL   -1    2    2        0     tiny
       DIAGONAL   -1    2    1        0     tiny
       DIAGONAL   -1    2    0        0     tiny
          DENSE   -1    2    2        0     tiny
          DENSE   -1    2    1        0     tiny
          DENSE   -1    2    0        0     tiny
 SPARSE_BY_ROWS   -1    2    2        0     tiny
 SPARSE_BY_ROWS   -1    2    1        0     tiny
 SPARSE_BY_ROWS   -1    2    0        0     tiny
     COORDINATE   -1    2    2        0     tiny
     COORDINATE   -1    2    1        0     tiny
     COORDINATE   -1    2    0        0     tiny

        storage prec fact  new   status residual
       DIAGONAL   -2    1    2        0     tiny
       DIAGONAL   -2    1    1        0     tiny
       DIAGONAL   -2    1    0        0     tiny
          DENSE   -2    1    2        0     tiny
          DENSE   -2    1    1        0     tiny
          DENSE   -2    1    0        0     tiny
 SPARSE_BY_ROWS   -2    1    2        0     tiny
 SPARSE_BY_ROWS   -2    1    1        0     tiny
 SPARSE_BY_ROWS   -2    1    0        0     tiny
     COORDINATE   -2    1    2        0     tiny
     COORDINATE   -2    1    1        0     tiny
     COORDINATE   -2    1    0        0     tiny
       DIAGONAL   -2    2    2        0     tiny
       DIAGONAL   -2    2    1        0     tiny
       DIAGONAL   -2    2    0        0     tiny
          DENSE   -2    2    2        0     tiny
          DENSE   -2    2    1        0     tiny
          DENSE   -2    2    0        0     tiny
 SPARSE_BY_ROWS   -2    2    2        0     tiny
 SPARSE_BY_ROWS   -2    2    1        0     tiny
 SPARSE_BY_ROWS   -2    2    0        0     tiny
     COORDINATE   -2    2    2        0     tiny
     COORDINATE   -2    2    1        0     tiny
     COORDINATE   -2    2    0        0     tiny

 basic tests of options 

 test   status residual
    0        0     tiny
    1        0     tiny
    2        0     tiny
    3        0     tiny
    4        0     tiny
    5        0     tiny
    6        0     tiny
    7        0     tiny
    8        0     tiny
    9        0     tiny
   10        0     tiny
   11        0     tiny
   12        0     tiny
   13        0     tiny
   14        0     tiny
   15        0     tiny
   16        0     tiny
   17        0     tiny
   18        0     tiny
   19        0     tiny
   20        0     tiny
   21        0     tiny
   22        0     tiny

 full test of generic problems 

 test   status residual
    1        0     tiny
    2        0     tiny
    3        0     tiny

 end of tests
