        1121
     1   9.999999E-01   9.999999E-01   5.134274E-08
     2   4.147855E-04   4.322985E-04   4.147855E-06
     3   4.147574E-04   4.091753E-04   4.147574E-06
     4   4.147087E-04   4.287355E-04   4.147087E-06
     5   4.146525E-04   4.597148E-04   4.146525E-06
     6   4.146038E-04   4.492406E-04   4.146038E-06
     7   4.145758E-04   4.112248E-04   4.145758E-06
     8   1.255640E-03   1.225784E-03   1.255640E-05
     9   1.255227E-03   1.158304E-03   1.255227E-05
    10   1.254511E-03   1.171409E-03   1.254511E-05
    11   1.253686E-03   1.176806E-03   1.253686E-05
    12   1.252972E-03   9.884019E-04   1.252972E-05
    13   1.252560E-03   9.793795E-04   1.252560E-05
    14   2.114156E-03   2.189713E-03   2.114156E-05
    15   2.112455E-03   2.191708E-03   2.112455E-05
    16   2.109515E-03   2.208055E-03   2.109515E-05
    17   2.106128E-03   2.304261E-03   2.106128E-05
    18   2.103203E-03   2.305182E-03   2.103203E-05
    19   2.101516E-03   1.964092E-03   2.101516E-05
    20   2.948404E-03   3.256754E-03   2.948404E-05
    21   2.944309E-03   3.314776E-03   2.944309E-05
    22   2.937236E-03   3.251892E-03   2.937236E-05
    23   2.929102E-03   3.347976E-03   2.929102E-05
    24   2.922086E-03   3.397628E-03   2.922086E-05
    25   2.918047E-03   3.295854E-03   2.918047E-05
    26   3.648097E-03   3.523039E-03   3.648097E-05
    27   3.641065E-03   3.366992E-03   3.641065E-05
    28   3.628933E-03   3.363715E-03   3.628933E-05
    29   3.615000E-03   3.349056E-03   3.615000E-05
    30   3.603000E-03   3.348453E-03   3.603000E-05
    31   3.596098E-03   3.260563E-03   3.596098E-05
    32   4.057742E-03   4.152411E-03   4.057742E-05
    33   4.048602E-03   4.084318E-03   4.048602E-05
    34   4.032844E-03   4.284427E-03   4.032844E-05
    35   4.014761E-03   4.099698E-03   4.014761E-05
    36   3.999198E-03   4.207478E-03   3.999198E-05
    37   3.990254E-03   4.337127E-03   3.990254E-05
    38   1.186930E-04   1.235873E-04   1.186930E-06
    39   1.186836E-04   1.071717E-04   1.186836E-06
    40   1.186673E-04   1.286070E-04   1.186673E-06
    41   1.186486E-04   1.089300E-04   1.186486E-06
    42   1.186323E-04   1.264601E-04   1.186323E-06
    43   1.186229E-04   1.398858E-04   1.186229E-06
    44   3.628298E-04   2.786009E-04   3.628298E-06
    45   3.626841E-04   2.914736E-04   3.626841E-06
    46   3.624321E-04   4.144491E-04   3.624321E-06
    47   3.621417E-04   3.177378E-04   3.621417E-06
    48   3.618907E-04   2.814876E-04   3.618907E-06
    49   3.617461E-04   2.137474E-04   3.617461E-06
    50   6.237752E-04   6.009886E-04   6.237752E-06
    51   6.231179E-04   5.286302E-04   6.231179E-06
    52   6.219834E-04   6.802135E-04   6.219834E-06
    53   6.206799E-04   6.700158E-04   6.206799E-06
    54   6.195566E-04   6.640229E-04   6.195566E-06
    55   6.189104E-04   6.147600E-04   6.189104E-06
    56   8.974158E-04   8.275683E-04   8.974158E-06
    57   8.956422E-04   8.169800E-04   8.956422E-06
    58   8.925892E-04   9.166850E-04   8.925892E-06
    59   8.890937E-04   9.516120E-04   8.890937E-06
    60   8.860919E-04   9.110888E-04   8.860919E-06
    61   8.843694E-04   8.733545E-04   8.843694E-06
    62   1.148628E-03   1.202467E-03   1.148628E-05
    63   1.145248E-03   1.161895E-03   1.145248E-05
    64   1.139444E-03   1.197456E-03   1.139444E-05
    65   1.132820E-03   1.178551E-03   1.132820E-05
    66   1.127150E-03   1.193487E-03   1.127150E-05
    67   1.123904E-03   1.124765E-03   1.123904E-05
    68   1.307009E-03   1.289564E-03   1.307009E-05
    69   1.302333E-03   1.262737E-03   1.302333E-05
    70   1.294314E-03   1.350544E-03   1.294314E-05
    71   1.285180E-03   1.337890E-03   1.285180E-05
    72   1.277377E-03   1.329614E-03   1.277377E-05
    73   1.272917E-03   1.277651E-03   1.272917E-05
    74   2.049317E-04   2.308429E-04   2.049317E-06
    75   2.049189E-04   1.548527E-04   2.049189E-06
    76   2.048967E-04   2.296581E-04   2.048967E-06
    77   2.048711E-04   1.869933E-04   2.048711E-06
    78   2.048489E-04   1.981879E-04   2.048489E-06
    79   2.048361E-04   2.709720E-04   2.048361E-06
    80   6.252367E-04   6.680325E-04   6.252367E-06
    81   6.250467E-04   5.921128E-04   6.250467E-06
    82   6.247180E-04   6.314784E-04   6.247180E-06
    83   6.243387E-04   5.850896E-04   6.243387E-06
    84   6.240106E-04   6.173744E-04   6.240106E-06
    85   6.238213E-04   5.296847E-04   6.238213E-06
    86   1.067149E-03   1.135293E-03   1.067149E-05
    87   1.066357E-03   1.075071E-03   1.066357E-05
    88   1.064989E-03   1.093358E-03   1.064989E-05
    89   1.063412E-03   1.101680E-03   1.063412E-05
    90   1.062050E-03   1.039185E-03   1.062050E-05
    91   1.061264E-03   9.652586E-04   1.061264E-05
    92   1.512036E-03   1.595341E-03   1.512036E-05
    93   1.510098E-03   1.663535E-03   1.510098E-05
    94   1.506751E-03   1.557902E-03   1.506751E-05
    95   1.502900E-03   1.639750E-03   1.502900E-05
    96   1.499578E-03   1.683518E-03   1.499578E-05
    97   1.497665E-03   1.631221E-03   1.497665E-05
    98   1.897149E-03   1.974048E-03   1.897149E-05
    99   1.893763E-03   1.795069E-03   1.893763E-05
   100   1.887921E-03   1.850418E-03   1.887921E-05
   101   1.881212E-03   1.689886E-03   1.881212E-05
   102   1.875431E-03   1.749772E-03   1.875431E-05
   103   1.872107E-03   1.568495E-03   1.872107E-05
   104   2.127576E-03   2.233782E-03   2.127576E-05
   105   2.123123E-03   1.989708E-03   2.123123E-05
   106   2.115445E-03   2.326778E-03   2.115445E-05
   107   2.106636E-03   2.075998E-03   2.106636E-05
   108   2.099055E-03   2.358850E-03   2.099055E-05
   109   2.094698E-03   2.049375E-03   2.094698E-05
   110   2.821148E-04   1.658776E-04   2.821148E-06
   111   2.820870E-04   2.262358E-04   2.820870E-06
   112   2.820390E-04   1.716037E-04   2.820390E-06
   113   2.819835E-04   1.516626E-04   2.819835E-06
   114   2.819354E-04   1.377486E-04   2.819354E-06
   115   2.819077E-04   1.218470E-04   2.819077E-06
   116   8.856802E-04   1.924653E-04   8.856802E-06
   117   8.852437E-04   2.549062E-04   8.852437E-06
   118   8.844887E-04   5.757752E-04   8.844887E-06
   119   8.836185E-04   3.804268E-04   8.836185E-06
   120   8.828662E-04   3.546355E-04   8.828662E-06
   121   8.824325E-04   3.523806E-04   8.824325E-06
   122   1.595796E-03   9.645433E-04   1.595796E-05
   123   1.593794E-03   9.498325E-04   1.593794E-05
   124   1.590336E-03   1.290400E-03   1.590336E-05
   125   1.586360E-03   1.088589E-03   1.586360E-05
   126   1.582930E-03   1.034794E-03   1.582930E-05
   127   1.580955E-03   9.497375E-04   1.580955E-05
   128   2.424058E-03   1.478999E-03   2.424058E-05
   129   2.418588E-03   1.425846E-03   2.418588E-05
   130   2.409160E-03   1.775162E-03   2.409160E-05
   131   2.398346E-03   1.596395E-03   2.398346E-05
   132   2.389044E-03   1.491364E-03   2.389044E-05
   133   2.383700E-03   1.505750E-03   2.383700E-05
   134   3.249016E-03   1.915610E-03   3.249016E-05
   135   3.238538E-03   1.823970E-03   3.238538E-05
   136   3.220509E-03   2.117701E-03   3.220509E-05
   137   3.199878E-03   1.956552E-03   3.199878E-05
   138   3.182172E-03   1.978988E-03   3.182172E-05
   139   3.172017E-03   1.974924E-03   3.172017E-05
   140   3.793646E-03   2.976549E-03   3.793646E-05
   141   3.779137E-03   2.859782E-03   3.779137E-05
   142   3.754198E-03   3.276672E-03   3.754198E-05
   143   3.725699E-03   3.047160E-03   3.725699E-05
   144   3.701275E-03   3.130780E-03   3.701275E-05
   145   3.687281E-03   2.892071E-03   3.687281E-05
   146   2.495146E-04   3.146309E-04   2.495146E-06
   147   2.494916E-04   4.182533E-04   2.494916E-06
   148   2.494518E-04   2.874644E-04   2.494518E-06
   149   2.494058E-04   2.512173E-04   2.494058E-06
   150   2.493660E-04   2.266448E-04   2.493660E-06
   151   2.493430E-04   2.515436E-04   2.493430E-06
   152   8.022047E-04   3.189759E-04   8.022047E-06
   153   8.018129E-04   4.873364E-04   8.018129E-06
   154   8.011355E-04   1.011548E-03   8.011355E-06
   155   8.003554E-04   6.089481E-04   8.003554E-06
   156   7.996816E-04   5.760415E-04   7.996816E-06
   157   7.992933E-04   5.802874E-04   7.992933E-06
   158   1.521090E-03   1.043044E-03   1.521090E-05
   159   1.519025E-03   1.007940E-03   1.519025E-05
   160   1.515465E-03   1.889506E-03   1.515465E-05
   161   1.511381E-03   1.438164E-03   1.511381E-05
   162   1.507865E-03   1.389814E-03   1.507865E-05
   163   1.505845E-03   1.275019E-03   1.505845E-05
   164   2.492100E-03   2.978841E-03   2.492100E-05
   165   2.485395E-03   2.974430E-03   2.485395E-05
   166   2.473875E-03   3.696376E-03   2.473875E-05
   167   2.460717E-03   3.479015E-03   2.460717E-05
   168   2.449445E-03   3.464669E-03   2.449445E-05
   169   2.442989E-03   3.566113E-03   2.442989E-05
   170   3.621823E-03   3.763152E-03   3.621823E-05
   171   3.606729E-03   3.519306E-03   3.606729E-05
   172   3.580880E-03   4.074789E-03   3.580880E-05
   173   3.551488E-03   3.597252E-03   3.551488E-05
   174   3.526422E-03   3.592087E-03   3.526422E-05
   175   3.512111E-03   3.342746E-03   3.512111E-05
   176   4.461508E-03   4.765792E-03   4.461508E-05
   177   4.438456E-03   4.694628E-03   4.438456E-05
   178   4.399057E-03   5.121474E-03   4.399057E-05
   179   4.354382E-03   4.845497E-03   4.354382E-05
   180   4.316387E-03   4.732199E-03   4.316387E-05
   181   4.294739E-03   4.354912E-03   4.294739E-05
   182   1.848678E-04   1.665406E-04   1.848678E-06
   183   1.848495E-04   2.011357E-04   1.848495E-06
   184   1.848178E-04   1.428741E-04   1.848178E-06
   185   1.847813E-04   1.983134E-04   1.847813E-06
   186   1.847497E-04   2.453219E-04   1.847497E-06
   187   1.847314E-04   1.681455E-04   1.847314E-06
   188   6.261383E-04   7.258850E-04   6.261383E-06
   189   6.258024E-04   6.658760E-04   6.258024E-06
   190   6.252214E-04   7.766487E-04   6.252214E-06
   191   6.245519E-04   5.609346E-04   6.245519E-06
   192   6.239732E-04   6.749231E-04   6.239732E-06
   193   6.236396E-04   8.145397E-04   6.236396E-06
   194   1.328129E-03   1.591312E-03   1.328129E-05
   195   1.326115E-03   1.452825E-03   1.326115E-05
   196   1.322638E-03   1.683091E-03   1.322638E-05
   197   1.318642E-03   1.746724E-03   1.318642E-05
   198   1.315199E-03   1.452290E-03   1.315199E-05
   199   1.313217E-03   1.531352E-03   1.313217E-05
   200   2.555832E-03   2.989781E-03   2.555832E-05
   201   2.548206E-03   2.624272E-03   2.548206E-05
   202   2.535079E-03   3.044397E-03   2.535079E-05
   203   2.520047E-03   2.747247E-03   2.520047E-05
   204   2.507139E-03   2.955380E-03   2.507139E-05
   205   2.499732E-03   2.653379E-03   2.499732E-05
   206   4.361748E-03   5.124507E-03   4.361748E-05
   207   4.342079E-03   4.631314E-03   4.342079E-05
   208   4.308313E-03   4.706123E-03   4.308313E-05
   209   4.269792E-03   4.337776E-03   4.269792E-05
   210   4.236831E-03   4.302411E-03   4.236831E-05
   211   4.217967E-03   4.161025E-03   4.217967E-05
   212   5.932414E-03   6.753662E-03   5.932414E-05
   213   5.899872E-03   6.620233E-03   5.899872E-05
   214   5.844106E-03   6.508725E-03   5.844106E-05
   215   5.780640E-03   6.740276E-03   5.780640E-05
   216   5.726461E-03   6.596167E-03   5.726461E-05
   217   5.695507E-03   6.266068E-03   5.695507E-05
   218   2.026968E-04   1.743412E-04   2.026968E-06
   219   2.026849E-04   2.345155E-04   2.026849E-06
   220   2.026642E-04   1.870496E-04   2.026642E-06
   221   2.026403E-04   1.714800E-04   2.026403E-06
   222   2.026196E-04   1.295426E-04   2.026196E-06
   223   2.026077E-04   1.252139E-04   2.026077E-06
   224   6.512769E-04   2.207534E-04   6.512769E-06
   225   6.510467E-04   3.165234E-04   6.510467E-06
   226   6.506487E-04   6.547793E-04   6.506487E-06
   227   6.501902E-04   5.002683E-04   6.501902E-06
   228   6.497941E-04   5.350671E-04   6.497941E-06
   229   6.495658E-04   4.940515E-04   6.495658E-06
   230   1.291252E-03   1.146623E-03   1.291252E-05
   231   1.289558E-03   1.069766E-03   1.289558E-05
   232   1.286639E-03   1.339800E-03   1.286639E-05
   233   1.283291E-03   1.201627E-03   1.283291E-05
   234   1.280412E-03   1.094497E-03   1.280412E-05
   235   1.278758E-03   1.064344E-03   1.278758E-05
   236   2.556323E-03   2.302848E-03   2.556323E-05
   237   2.546776E-03   2.251779E-03   2.546776E-05
   238   2.530403E-03   2.547489E-03   2.530403E-05
   239   2.511753E-03   2.367881E-03   2.511753E-05
   240   2.495820E-03   2.196514E-03   2.495820E-05
   241   2.486712E-03   2.102250E-03   2.486712E-05
   242   5.235400E-03   3.334200E-03   5.235400E-05
   243   5.197414E-03   2.974904E-03   5.197414E-05
   244   5.132570E-03   3.106288E-03   5.132570E-05
   245   5.059169E-03   2.912356E-03   5.059169E-05
   246   4.996852E-03   3.076530E-03   4.996852E-05
   247   4.961391E-03   2.712020E-03   4.961391E-05
   248   8.511416E-03   6.174758E-03   8.511416E-05
   249   8.429033E-03   6.047966E-03   8.429033E-05
   250   8.288777E-03   6.567207E-03   8.288777E-05
   251   8.130583E-03   6.233449E-03   8.130583E-05
   252   7.996763E-03   6.623185E-03   7.996763E-05
   253   7.920817E-03   5.976317E-03   7.920817E-05
   254   3.340253E-04   3.517391E-04   3.340253E-06
   255   3.340016E-04   4.512586E-04   3.340016E-06
   256   3.339606E-04   3.868329E-04   3.339606E-06
   257   3.339132E-04   3.237319E-04   3.339132E-06
   258   3.338722E-04   2.567798E-04   3.338722E-06
   259   3.338485E-04   2.559544E-04   3.338485E-06
   260   1.083599E-03   5.513254E-04   1.083599E-05
   261   1.083216E-03   6.163303E-04   1.083216E-05
   262   1.082554E-03   1.268386E-03   1.082554E-05
   263   1.081789E-03   9.468931E-04   1.081789E-05
   264   1.081128E-03   8.534574E-04   1.081128E-05
   265   1.080746E-03   8.654040E-04   1.080746E-05
   266   2.075017E-03   2.288279E-03   2.075017E-05
   267   2.073123E-03   2.072663E-03   2.073123E-05
   268   2.069850E-03   2.680586E-03   2.069850E-05
   269   2.066081E-03   2.556760E-03   2.066081E-05
   270   2.062826E-03   2.314369E-03   2.062826E-05
   271   2.060951E-03   2.277923E-03   2.060951E-05
   272   3.467435E-03   3.313823E-03   3.467435E-05
   273   3.460525E-03   3.315151E-03   3.460525E-05
   274   3.448646E-03   4.137087E-03   3.448646E-05
   275   3.435070E-03   4.539876E-03   3.435070E-05
   276   3.423430E-03   4.660155E-03   3.423430E-05
   277   3.416758E-03   4.957598E-03   3.416758E-05
   278   5.642925E-03   5.506713E-03   5.642925E-05
   279   5.613693E-03   5.255554E-03   5.613693E-05
   280   5.564119E-03   5.907843E-03   5.564119E-05
   281   5.508486E-03   5.448950E-03   5.508486E-05
   282   5.461646E-03   6.296107E-03   5.461646E-05
   283   5.435151E-03   5.054636E-03   5.435151E-05
   284   8.597710E-03   1.187759E-02   8.597710E-05
   285   8.511083E-03   1.127594E-02   8.511083E-05
   286   8.365560E-03   1.149635E-02   8.365560E-05
   287   8.204363E-03   1.036115E-02   8.204363E-05
   288   8.070405E-03   1.011315E-02   8.070405E-05
   289   7.995351E-03   8.879227E-03   7.995351E-05
   290   3.116651E-04   2.828048E-04   3.116651E-06
   291   3.116300E-04   3.343033E-04   3.116300E-06
   292   3.115692E-04   3.910894E-04   3.115692E-06
   293   3.114990E-04   2.895982E-04   3.114990E-06
   294   3.114383E-04   3.245704E-04   3.114383E-06
   295   3.114033E-04   3.212728E-04   3.114033E-06
   296   1.080110E-03   1.394837E-03   1.080110E-05
   297   1.079450E-03   1.062862E-03   1.079450E-05
   298   1.078307E-03   1.453092E-03   1.078307E-05
   299   1.076991E-03   1.374819E-03   1.076991E-05
   300   1.075853E-03   1.123865E-03   1.075853E-05
   301   1.075197E-03   1.382024E-03   1.075197E-05
   302   2.396823E-03   2.923939E-03   2.396823E-05
   303   2.392744E-03   2.345778E-03   2.392744E-05
   304   2.385702E-03   2.663724E-03   2.385702E-05
   305   2.377608E-03   2.564111E-03   2.377608E-05
   306   2.370630E-03   2.432678E-03   2.370630E-05
   307   2.366614E-03   2.324386E-03   2.366614E-05
   308   4.871776E-03   6.633666E-03   4.871776E-05
   309   4.855983E-03   5.768804E-03   4.855983E-05
   310   4.828781E-03   5.958587E-03   4.828781E-05
   311   4.797608E-03   5.595934E-03   4.797608E-05
   312   4.770815E-03   5.645529E-03   4.770815E-05
   313   4.755432E-03   5.754082E-03   4.755432E-05
   314   8.711203E-03   1.012245E-02   8.711203E-05
   315   8.669264E-03   9.490073E-03   8.669264E-05
   316   8.597247E-03   9.245509E-03   8.597247E-05
   317   8.515052E-03   6.930441E-03   8.515052E-05
   318   8.444687E-03   9.328764E-03   8.444687E-05
   319   8.404402E-03   4.964538E-03   8.404402E-05
   320   1.226637E-02   1.316941E-02   1.226637E-04
   321   1.219003E-02   1.261990E-02   1.219003E-04
   322   1.205978E-02   1.416612E-02   1.205978E-04
   323   1.191239E-02   1.315290E-02   1.191239E-04
   324   1.178722E-02   1.423479E-02   1.178722E-04
   325   1.171595E-02   1.234807E-02   1.171595E-04
   326   1.448957E-04   1.370227E-04   1.448957E-06
   327   1.448857E-04   1.237497E-04   1.448857E-06
   328   1.448685E-04   1.767266E-04   1.448685E-06
   329   1.448486E-04   1.276776E-04   1.448486E-06
   330   1.448313E-04   1.307029E-04   1.448313E-06
   331   1.448214E-04   1.577339E-04   1.448214E-06
   332   4.797514E-04   3.753248E-04   4.797514E-06
   333   4.794974E-04   4.591004E-04   4.794974E-06
   334   4.790587E-04   5.407584E-04   4.790587E-06
   335   4.785543E-04   6.037336E-04   4.785543E-06
   336   4.781192E-04   3.989056E-04   4.781192E-06
   337   4.778688E-04   4.504892E-04   4.778688E-06
   338   1.106012E-03   1.218077E-03   1.106012E-05
   339   1.103347E-03   1.151335E-03   1.103347E-05
   340   1.098765E-03   1.288283E-03   1.098765E-05
   341   1.093526E-03   1.042401E-03   1.093526E-05
   342   1.089033E-03   1.031011E-03   1.089033E-05
   343   1.086458E-03   8.920068E-04   1.086458E-05
   344   3.090143E-03   3.488747E-03   3.090143E-05
   345   3.069343E-03   3.544965E-03   3.069343E-05
   346   3.033795E-03   3.627419E-03   3.033795E-05
   347   2.993488E-03   4.029609E-03   2.993488E-05
   348   2.959210E-03   3.934323E-03   2.959210E-05
   349   2.939681E-03   4.024337E-03   2.939681E-05
   350   9.456065E-03   5.286622E-03   9.456065E-05
   351   9.339713E-03   4.864065E-03   9.339713E-05
   352   9.142482E-03   4.736440E-03   9.142482E-05
   353   8.921319E-03   5.110614E-03   8.921319E-05
   354   8.735293E-03   4.539151E-03   8.735293E-05
   355   8.630152E-03   4.225563E-03   8.630152E-05
   356   2.022699E-02   2.351817E-02   2.022699E-04
   357   1.988950E-02   2.240234E-02   1.988950E-04
   358   1.932160E-02   2.301414E-02   1.932160E-04
   359   1.869110E-02   2.192112E-02   1.869110E-04
   360   1.816594E-02   2.170962E-02   1.816594E-04
   361   1.787120E-02   2.169684E-02   1.787120E-04
   362   1.118719E-02   1.028459E-02   2.237438E-04
   363   5.701304E-03   5.423178E-03   1.140261E-04
   364   5.209374E-03   5.138495E-03   1.041875E-04
   365   3.638031E-03   3.329368E-03   7.276062E-05
   366   6.404468E-03   5.984879E-03   1.280894E-04
   367   1.844336E-03   1.961896E-03   3.688672E-05
   368   3.709114E-03   3.707917E-03   7.418228E-05
   369   3.716510E-03   3.312593E-03   7.433019E-05
   370   2.518294E-03   2.805679E-03   5.036589E-05
   371   3.562341E-03   3.408355E-03   7.124682E-05
   372   1.376420E-03   1.569362E-03   2.752839E-05
   373   1.302225E-02   1.206825E-02   2.604449E-04
   374   5.086731E-03   4.462734E-03   1.017346E-04
   375   1.064447E-02   1.034966E-02   2.128894E-04
   376   1.285141E-02   1.275316E-02   2.570282E-04
   377   2.636488E-03   2.680189E-03   5.272977E-05
   378   9.873560E-03   9.120021E-03   1.974712E-04
   379   1.535640E-03   1.418870E-03   3.071280E-05
   380   4.111067E-03   3.600580E-03   8.222135E-05
   381   4.096004E-03   4.073882E-03   8.192007E-05
   382   3.887665E-03   3.387316E-03   7.775329E-05
   383   1.023513E-02   9.976021E-03   2.047025E-04
   384   2.094854E-03   2.114013E-03   4.189708E-05
   385   7.168263E-03   7.120676E-03   1.433653E-04
   386   7.369448E-03   6.571778E-03   1.473890E-04
   387   1.036245E-02   1.001296E-02   2.072489E-04
   388   3.332118E-03   3.304048E-03   6.664236E-05
   389   1.261001E-03   1.377356E-03   2.522003E-05
   390   1.566815E-03   1.751998E-03   3.133630E-05
   391   3.476988E-03   3.119460E-03   6.953975E-05
   392   1.927492E-03   2.041995E-03   3.854983E-05
   393   1.034455E-02   1.002442E-02   2.068910E-04
   394   6.482766E-03   5.112654E-03   1.296553E-04
   395   3.293591E-03   3.060639E-03   6.587182E-05
   396   1.262959E-02   1.186252E-02   2.525917E-04
   397   1.325792E-03   1.459898E-03   2.651585E-05
   398   1.307184E-02   1.453865E-02   2.614368E-04
   399   5.209182E-03   4.134234E-03   1.041836E-04
   400   2.725570E-03   2.961774E-03   5.451141E-05
   401   1.273646E-02   9.911154E-03   2.547293E-04
   402   9.991806E-03   1.068906E-02   1.998361E-04
   403   6.424793E-03   5.698748E-03   1.284959E-04
   404   1.350663E-02   1.659443E-02   2.701326E-04
   405   3.013352E-03   2.397603E-03   6.026705E-05
   406   1.256803E-03   1.394519E-03   2.513607E-05
   407   1.650949E-03   1.833468E-03   3.301898E-05
   408   3.337900E-03   3.183623E-03   6.675800E-05
   409   4.745555E-03   4.771573E-03   9.491110E-05
   410   1.235833E-03   1.425341E-03   2.471667E-05
   411   1.694483E-03   1.852517E-03   3.388966E-05
   412   8.725576E-03   8.842347E-03   1.745115E-04
   413   3.850813E-03   3.504936E-03   7.701626E-05
   414   1.147973E-03   1.269049E-03   2.295945E-05
   415   2.586320E-03   2.471838E-03   5.172641E-05
   416   1.605471E-03   1.708336E-03   3.210943E-05
   417   2.410463E-03   2.324536E-03   4.820925E-05
   418   3.956459E-03   3.584933E-03   7.912919E-05
   419   7.334161E-03   6.910802E-03   1.466832E-04
   420   5.407697E-03   4.785757E-03   1.081539E-04
   421   1.008986E-03   1.100203E-03   2.017972E-05
   422   1.403111E-03   1.450358E-03   2.806223E-05
   423   2.087620E-03   1.953905E-03   4.175239E-05
   424   1.292623E-02   1.282395E-02   2.585247E-04
   425   3.361898E-03   2.969664E-03   6.723796E-05
   426   3.241457E-03   3.298672E-03   6.482913E-05
   427   1.622882E-02   1.542903E-02   3.245764E-04
   428   2.914416E-02   2.925991E-02   5.828833E-04
   429   1.287656E-02   1.285145E-02   2.575312E-04
   430   1.645070E-03   1.548260E-03   3.290140E-05
   431   6.081675E-03   5.510946E-03   1.216335E-04
   432   2.473586E-03   2.150837E-03   4.947173E-05
   433   9.355594E-03   8.488714E-03   1.871119E-04
   434   4.118656E-03   3.697619E-03   8.237313E-05
   435   3.887665E-03   3.392194E-03   7.775329E-05
   436   5.425307E-03   4.763339E-03   1.085061E-04
   437   1.285141E-02   1.280970E-02   2.570282E-04
   438   1.338775E-02   1.334288E-02   2.677550E-04
   439   9.138559E-03   5.858405E-03   1.827712E-04
   440   1.466686E-03   1.470783E-03   2.933372E-05
   441   1.230281E-03   1.199706E-03   2.460562E-05
   442   2.164850E-03   2.189702E-03   4.329701E-05
   443   1.715720E-03   1.531670E-03   3.431440E-05
   444   5.876696E-03   5.366145E-03   1.175339E-04
   445   2.395348E-03   2.024373E-03   4.790695E-05
   446   4.752106E-03   4.123568E-03   9.504212E-05
   447   1.186613E-03   1.179929E-03   2.373226E-05
   448   1.355002E-02   1.272208E-02   2.710003E-04
   449   3.184835E-03   2.759788E-03   6.369669E-05
   450   1.064447E-02   1.037197E-02   2.128894E-04
   451   1.535640E-03   1.435935E-03   3.071280E-05
   452   7.334161E-03   6.861583E-03   1.466832E-04
   453   1.522091E-03   1.571744E-03   3.044183E-05
   454   3.716510E-03   3.348049E-03   7.433019E-05
   455   1.901896E-03   1.720878E-03   3.803792E-05
   456   3.043952E-03   2.736001E-03   6.087904E-05
   457   1.038707E-02   9.585183E-03   2.077415E-04
   458   1.034628E-03   1.055197E-03   2.069256E-05
   459   1.230281E-03   1.219236E-03   2.460562E-05
   460   3.956459E-03   3.620481E-03   7.912919E-05
   461   3.638031E-03   3.348870E-03   7.276062E-05
   462   4.409992E-03   4.164199E-03   8.819983E-05
   463   4.650930E-03   4.235717E-03   9.301859E-05
   464   1.231562E-03   1.220810E-03   2.463124E-05
   465   9.854930E-03   9.642843E-03   1.970986E-04
   466   2.769166E-03   2.847504E-03   5.538331E-05
   467   2.087620E-03   1.929904E-03   4.175239E-05
   468   1.390723E-03   1.400424E-03   2.781447E-05
   469   5.588879E-03   5.366753E-03   1.117776E-04
   470   1.599592E-03   1.638767E-03   3.199184E-05
   471   2.410463E-03   2.318064E-03   4.820925E-05
   472   3.221398E-03   2.991088E-03   6.442796E-05
   473   2.655052E-03   2.705490E-03   5.310104E-05
   474   2.472990E-03   2.433865E-03   4.945980E-05
   475   1.470740E-03   1.544041E-03   2.941479E-05
   476   2.412098E-03   2.554043E-03   4.824195E-05
   477   4.859244E-03   4.499275E-03   9.718487E-05
   478   2.100401E-03   2.148186E-03   4.200802E-05
   479   2.684868E-03   2.816575E-03   5.369737E-05
   480   1.605471E-03   1.708064E-03   3.210943E-05
   481   8.038542E-03   7.205600E-03   1.607708E-04
   482   2.272565E-03   2.289793E-03   4.545130E-05
   483   2.835062E-03   3.183357E-03   5.670125E-05
   484   3.411151E-03   3.774292E-03   6.822303E-05
   485   2.930316E-03   3.282967E-03   5.860633E-05
   486   1.927492E-03   2.043785E-03   3.854983E-05
   487   1.650949E-03   1.832038E-03   3.301898E-05
   488   1.059652E-03   1.171712E-03   2.119304E-05
   489   1.147973E-03   1.282768E-03   2.295945E-05
   490   4.852275E-03   4.359150E-03   9.704551E-05
   491   3.679540E-03   3.178799E-03   7.359079E-05
   492   2.725570E-03   2.957974E-03   5.451141E-05
   493   2.896860E-03   2.912261E-03   5.793720E-05
   494   6.104997E-03   5.743066E-03   1.220999E-04
   495   1.261001E-03   1.407571E-03   2.522003E-05
   496   1.128739E-02   1.138879E-02   2.257477E-04
   497   1.256803E-03   1.381091E-03   2.513607E-05
   498   2.457652E-03   2.528225E-03   4.915305E-05
   499   3.209930E-03   3.225436E-03   6.419859E-05
   500   3.143110E-03   2.799153E-03   6.286221E-05
   501   2.161731E-03   2.010793E-03   4.323462E-05
   502   2.817515E-03   2.547208E-03   5.635030E-05
   503   7.381667E-03   6.584040E-03   1.476333E-04
   504   4.252131E-03   3.456718E-03   8.504262E-05
   505   1.365569E-02   1.454352E-02   2.731138E-04
   506   9.710843E-04   8.056893E-04   1.942169E-05
   507   5.731622E-03   5.026618E-03   1.146324E-04
   508   2.531445E-03   1.918679E-03   5.062890E-05
   509   7.573552E-03   6.517582E-03   1.514710E-04
   510   1.863807E-02   2.036572E-02   3.727614E-04
   511   1.360232E-02   1.269845E-02   2.720463E-04
   512   1.704174E-02   1.838811E-02   3.408349E-04
   513   2.837137E-02   2.452782E-02   5.674274E-04
   514   0.000000E+00   8.883299E-05   8.571999E-05
   515   0.000000E+00  -3.274271E-04   4.928760E-05
   516   0.000000E+00  -3.238600E-04   6.938575E-05
   517   0.000000E+00  -5.772238E-05   3.784845E-05
   518   0.000000E+00  -5.821132E-06   5.833195E-05
   519   0.000000E+00  -1.568327E-04   3.567512E-05
   520   0.000000E+00  -2.380881E-04   4.791193E-05
   521   0.000000E+00   3.116191E-05   3.792972E-05
   522   0.000000E+00  -2.758857E-04   4.420725E-05
   523   0.000000E+00  -7.809150E-05   4.893610E-05
   524   0.000000E+00  -5.698760E-05   2.576351E-05
   525   0.000000E+00   1.922225E-04   8.947855E-05
   526   0.000000E+00   1.364535E-04   5.100023E-05
   527   0.000000E+00   1.355435E-04   7.263877E-05
   528   0.000000E+00   3.966269E-05   1.112597E-04
   529   0.000000E+00   4.534213E-05   5.354117E-05
   530   0.000000E+00   5.677795E-05   1.905779E-04
   531   0.000000E+00  -7.567142E-06   3.233695E-05
   532   0.000000E+00  -8.305791E-05   4.774072E-05
   533   0.000000E+00  -1.982371E-06   7.106440E-05
   534   0.000000E+00  -7.065921E-06   5.388827E-05
   535   0.000000E+00  -2.588194E-04   8.743535E-05
   536   0.000000E+00  -1.669056E-05   3.275580E-05
   537   0.000000E+00   5.676079E-04   4.587356E-04
   538   0.000000E+00   5.983126E-04   3.185521E-04
   539   0.000000E+00   8.394818E-04   5.889728E-04
   540   0.000000E+00   7.485050E-05   7.864687E-05
   541   0.000000E+00  -4.215763E-05   2.646036E-05
   542   0.000000E+00  -1.024242E-04   2.638962E-05
   543   0.000000E+00   4.269231E-04   9.389042E-05
   544   0.000000E+00  -1.233958E-04   3.011639E-05
   545   0.000000E+00   1.212045E-04   3.532326E-04
   546   0.000000E+00  -1.635585E-05   1.419297E-04
   547   0.000000E+00   2.868780E-05   6.301965E-05
   548   0.000000E+00   4.773434E-03   3.330377E-04
   549   0.000000E+00  -4.622458E-05   2.572478E-05
   550   0.000000E+00   5.248569E-03   6.532966E-04
   551   0.000000E+00   1.178938E-04   9.212542E-05
   552   0.000000E+00  -1.406166E-05   4.467353E-05
   553   0.000000E+00   9.125627E-03   8.249259E-04
   554   0.000000E+00   3.075422E-03   3.649289E-04
   555   0.000000E+00  -4.481202E-04   1.539804E-04
   556   0.000000E+00   8.849061E-03   6.346598E-04
   557   0.000000E+00   1.757571E-04   8.178753E-05
   558   0.000000E+00   1.025911E-05   2.410946E-05
   559   0.000000E+00  -2.071442E-05   2.414284E-05
   560   0.000000E+00   1.729059E-04   6.979279E-05
   561   0.000000E+00  -4.036281E-04   5.179795E-05
   562   0.000000E+00  -1.701324E-05   1.919544E-05
   563   0.000000E+00  -8.478157E-05   2.376196E-05
   564   0.000000E+00   6.297509E-04   3.452366E-04
   565   0.000000E+00  -1.731623E-04   3.292312E-05
   566   0.000000E+00  -4.047978E-05   2.041193E-05
   567   0.000000E+00  -1.912780E-05   6.110786E-05
   568   0.000000E+00  -8.079089E-05   2.060922E-05
   569   0.000000E+00  -1.189038E-04   2.815692E-05
   570   0.000000E+00  -1.692900E-04   3.147130E-05
   571   0.000000E+00   7.028727E-05   6.085316E-05
   572   0.000000E+00  -5.445686E-05   1.118133E-04
   573   0.000000E+00  -4.463832E-05   2.366837E-05
   574   0.000000E+00  -3.154291E-05   1.953068E-05
   575   0.000000E+00  -5.034512E-05   2.779137E-05
   576   0.000000E+00  -2.413169E-05   9.873027E-05
   577   0.000000E+00   3.695763E-06   3.718324E-05
   578   0.000000E+00  -3.614859E-05   7.636247E-05
   579   0.000000E+00   1.845921E-04   1.113851E-04
   580   0.000000E+00  -1.355166E-03   1.625447E-04
   581   0.000000E+00  -6.665060E-04   6.834563E-04
   582   0.000000E+00   3.409986E-05   1.925692E-05
   583   0.000000E+00  -1.184543E-04   1.158571E-04
   584   0.000000E+00   6.275513E-07   3.991710E-05
   585   0.000000E+00  -5.541337E-05   7.434996E-05
   586   0.000000E+00  -1.025047E-04   3.911121E-05
   587   0.000000E+00   8.231630E-06   5.388827E-05
   588   0.000000E+00  -4.059829E-04   1.845522E-04
   589   0.000000E+00  -1.879820E-05   1.112597E-04
   590   0.000000E+00   6.077226E-03   8.013370E-04
   591   0.000000E+00   1.943486E-02   6.984900E-04
   592   0.000000E+00  -3.348028E-05   3.666105E-05
   593   0.000000E+00   2.833753E-05   2.240563E-05
   594   0.000000E+00   1.770752E-05   4.817192E-05
   595   0.000000E+00   6.253150E-05   3.031923E-05
   596   0.000000E+00  -2.038119E-04   5.235641E-05
   597   0.000000E+00   3.058939E-05   3.690730E-05
   598   0.000000E+00  -1.491215E-04   1.846210E-04
   599   0.000000E+00   3.652237E-06   2.179130E-05
   600   0.000000E+00  -6.877398E-05   9.428622E-05
   601   0.000000E+00  -1.183363E-04   4.057387E-05
   602   0.000000E+00  -1.546831E-04   7.263877E-05
   603   0.000000E+00   4.966336E-06   3.233695E-05
   604   0.000000E+00  -7.285850E-05   6.085316E-05
   605   0.000000E+00   6.820556E-05   3.886744E-05
   606   0.000000E+00  -2.635592E-05   3.792972E-05
   607   0.000000E+00  -1.368711E-05   3.065130E-05
   608   0.000000E+00   8.018623E-05   1.055374E-04
   609   0.000000E+00   1.181561E-04   6.793450E-05
   610   0.000000E+00  -1.349356E-06   2.506130E-05
   611   0.000000E+00  -3.921446E-06   2.240563E-05
   612   0.000000E+00   1.748099E-04   3.147130E-05
   613   0.000000E+00   3.697952E-05   3.784845E-05
   614   0.000000E+00   1.594119E-04   5.626829E-05
   615   0.000000E+00  -4.673496E-05   5.365125E-05
   616   0.000000E+00  -7.639680E-06   3.100760E-05
   617   0.000000E+00  -1.209215E-03   6.214445E-04
   618   0.000000E+00  -4.923535E-05   7.379859E-05
   619   0.000000E+00   3.644165E-05   2.779137E-05
   620   0.000000E+00   6.252473E-05   3.134071E-05
   621   0.000000E+00   2.249559E-04   6.665645E-05
   622   0.000000E+00   3.685173E-05   3.974242E-05
   623   0.000000E+00   1.359114E-04   2.815692E-05
   624   0.000000E+00   1.565041E-04   3.335440E-05
   625   0.000000E+00   2.663842E-05   6.736173E-05
   626   0.000000E+00   2.345802E-04   3.504132E-05
   627   0.000000E+00   1.168492E-04   2.657622E-05
   628   0.000000E+00   9.001262E-05   2.873763E-05
   629   0.000000E+00   6.833105E-04   2.415488E-04
   630   0.000000E+00   1.919996E-04   4.024154E-05
   631   0.000000E+00   1.163301E-04   7.362440E-05
   632   0.000000E+00   9.447902E-05   2.060922E-05
   633   0.000000E+00   6.547585E-05   2.758659E-04
   634   0.000000E+00   1.722214E-04   3.847177E-05
   635   0.000000E+00   1.650544E-04   4.285841E-05
   636   0.000000E+00   2.416698E-04   4.331878E-05
   637   0.000000E+00   1.127579E-04   3.060131E-05
   638   0.000000E+00   1.432336E-04   3.011639E-05
   639   0.000000E+00   1.962590E-05   2.414284E-05
   640   0.000000E+00   1.140676E-04   2.575829E-05
   641   0.000000E+00   6.154880E-05   2.041193E-05
   642   0.000000E+00  -8.064331E-05   1.317718E-04
   643   0.000000E+00   8.899373E-05   1.116361E-04
   644   0.000000E+00   8.346914E-06   4.467353E-05
   645   0.000000E+00  -1.693253E-04   7.097436E-05
   646   0.000000E+00   3.308264E-04   1.717571E-04
   647   0.000000E+00   2.598778E-05   2.646036E-05
   648   0.000000E+00  -9.097916E-04   6.347788E-04
   649   0.000000E+00   2.552365E-07   2.410946E-05
   650   0.000000E+00   6.440496E-05   4.117016E-05
   651   0.000000E+00  -3.293874E-06   6.411905E-05
   652   0.000000E+00  -6.113001E-05   7.552702E-05
   653   0.000000E+00  -8.209623E-05   5.065160E-05
   654   0.000000E+00  -2.696501E-04   7.019159E-05
   655   0.000000E+00  -1.840911E-04   2.141020E-04
   656   0.000000E+00  -1.358653E-04   1.031970E-04
   657   0.000000E+00  -7.367549E-03   8.124586E-04
   658   0.000000E+00  -5.752432E-05   2.755854E-05
   659   0.000000E+00   2.326344E-04   1.293177E-04
   660   0.000000E+00  -5.396367E-06   7.103876E-05
   661   0.000000E+00   6.496367E-04   2.108601E-04
   662   0.000000E+00  -6.980153E-03   6.538745E-04
   663   0.000000E+00   5.148798E-03   3.143698E-04
   664   0.000000E+00  -6.551644E-03   6.913460E-04
   665   0.000000E+00   6.683469E-03   1.143279E-03
   666   0.000000E+00   4.532012E-04   8.502500E-05
   667   0.000000E+00   7.028884E-04   5.345402E-05
   668   0.000000E+00   7.425661E-04   7.063079E-05
   669   0.000000E+00   2.714775E-04   3.726087E-05
   670   0.000000E+00  -1.089306E-04   5.548086E-05
   671   0.000000E+00   2.122571E-04   3.610002E-05
   672   0.000000E+00   4.039423E-04   5.109268E-05
   673   0.000000E+00   6.726228E-05   3.979963E-05
   674   0.000000E+00   2.557928E-04   4.782883E-05
   675   0.000000E+00   1.910364E-04   5.004599E-05
   676   0.000000E+00   4.609132E-05   3.485687E-05
   677   0.000000E+00  -7.380015E-04   8.669034E-05
   678   0.000000E+00   3.979633E-05   5.286713E-05
   679   0.000000E+00  -4.769957E-04   8.780515E-05
   680   0.000000E+00  -1.007852E-03   9.603366E-05
   681   0.000000E+00   7.289912E-05   5.963232E-05
   682   0.000000E+00   1.214819E-03   1.995973E-04
   683   0.000000E+00   9.933985E-05   3.154722E-05
   684   0.000000E+00   1.543190E-04   4.713132E-05
   685   0.000000E+00   1.011419E-04   7.136238E-05
   686   0.000000E+00   2.927913E-06   4.633345E-05
   687   0.000000E+00  -5.692074E-04   8.080342E-05
   688   0.000000E+00   1.689256E-04   3.800434E-05
   689   0.000000E+00   1.606775E-03   4.553733E-04
   690   0.000000E+00   1.760348E-03   3.342714E-04
   691   0.000000E+00   1.720344E-03   5.170341E-04
   692   0.000000E+00   2.554338E-04   8.861092E-05
   693   0.000000E+00   5.097009E-05   2.645064E-05
   694   0.000000E+00   1.147403E-04   2.832537E-05
   695   0.000000E+00   3.737201E-04   1.000823E-04
   696   0.000000E+00   2.178623E-04   3.068300E-05
   697   0.000000E+00   2.260778E-03   3.578252E-04
   698   0.000000E+00   1.290776E-03   1.539400E-04
   699   0.000000E+00   2.772111E-04   6.082881E-05
   700   0.000000E+00   3.123916E-03   3.399691E-04
   701   0.000000E+00   8.593104E-05   2.538879E-05
   702   0.000000E+00   2.344644E-03   7.181558E-04
   703   0.000000E+00   8.725145E-04   1.031984E-04
   704   0.000000E+00   1.426130E-04   4.486014E-05
   705   0.000000E+00   2.811613E-03   9.890900E-04
   706   0.000000E+00   1.707778E-03   4.048614E-04
   707   0.000000E+00   1.563796E-03   1.716064E-04
   708   0.000000E+00   2.270923E-03   8.651080E-04
   709   0.000000E+00   4.672933E-04   8.641357E-05
   710   0.000000E+00  -1.272944E-05   2.172030E-05
   711   0.000000E+00   3.120115E-05   2.603586E-05
   712   0.000000E+00   2.677475E-04   7.987421E-05
   713   0.000000E+00   6.221767E-04   5.287223E-05
   714   0.000000E+00  -7.506421E-05   1.745297E-05
   715   0.000000E+00   2.594576E-05   2.384431E-05
   716   0.000000E+00   1.657902E-03   3.729572E-04
   717   0.000000E+00   7.689614E-05   3.140260E-05
   718   0.000000E+00   3.091320E-05   2.273269E-05
   719   0.000000E+00   3.553116E-04   5.746233E-05
   720   0.000000E+00   6.688810E-05   2.372358E-05
   721   0.000000E+00   1.888486E-04   3.016024E-05
   722   0.000000E+00  -7.551790E-06   3.139118E-05
   723   0.000000E+00  -2.660453E-04   5.136381E-05
   724   0.000000E+00   8.043570E-04   1.259637E-04
   725   0.000000E+00   9.192124E-05   2.901345E-05
   726   0.000000E+00   1.786043E-05   2.153188E-05
   727   0.000000E+00   1.613926E-04   2.747425E-05
   728   0.000000E+00  -8.963557E-04   9.698348E-05
   729   0.000000E+00  -1.431377E-05   3.958268E-05
   730   0.000000E+00   4.091092E-04   7.385422E-05
   731   0.000000E+00  -9.434524E-04   1.024805E-04
   732   0.000000E+00  -1.570703E-03   1.654751E-04
   733   0.000000E+00   2.118799E-03   5.877665E-04
   734   0.000000E+00   3.940988E-05   2.359301E-05
   735   0.000000E+00   4.580782E-04   1.328803E-04
   736   0.000000E+00   9.887254E-05   3.977570E-05
   737   0.000000E+00  -3.067819E-04   7.343206E-05
   738   0.000000E+00   1.521623E-04   4.408569E-05
   739   0.000000E+00  -1.253067E-05   4.633345E-05
   740   0.000000E+00   1.126741E-03   2.016173E-04
   741   0.000000E+00  -1.010676E-03   9.603366E-05
   742   0.000000E+00   5.464613E-03   1.073694E-03
   743   0.000000E+00   9.524951E-04   1.042696E-03
   744   0.000000E+00   1.044452E-04   3.997074E-05
   745   0.000000E+00   1.162086E-04   2.547163E-05
   746   0.000000E+00   1.959120E-04   5.670562E-05
   747   0.000000E+00   9.715711E-05   3.014662E-05
   748   0.000000E+00  -4.015852E-04   4.845909E-05
   749   0.000000E+00   6.017596E-05   3.622306E-05
   750   0.000000E+00   1.037427E-03   2.223257E-04
   751   0.000000E+00   6.892699E-05   2.507152E-05
   752   0.000000E+00  -4.043239E-04   9.310043E-05
   753   0.000000E+00  -4.500643E-05   4.310329E-05
   754   0.000000E+00  -4.518024E-04   8.780515E-05
   755   0.000000E+00   1.262491E-04   3.154722E-05
   756   0.000000E+00  -2.912028E-04   5.136381E-05
   757   0.000000E+00   1.040657E-04   4.158928E-05
   758   0.000000E+00   3.339489E-05   3.979963E-05
   759   0.000000E+00   8.749509E-05   3.079421E-05
   760   0.000000E+00   1.598269E-04   9.785477E-05
   761   0.000000E+00   7.272139E-05   6.676575E-05
   762   0.000000E+00   3.610014E-05   2.670224E-05
   763   0.000000E+00   1.354601E-04   2.547163E-05
   764   0.000000E+00  -3.858985E-05   3.139118E-05
   765   0.000000E+00   2.658167E-04   3.726087E-05
   766   0.000000E+00   3.742758E-04   5.581810E-05
   767   0.000000E+00   3.741836E-04   5.138683E-05
   768   0.000000E+00   3.958404E-05   3.623462E-05
   769   0.000000E+00   2.175806E-03   6.309801E-04
   770   0.000000E+00   1.070154E-04   7.363586E-05
   771   0.000000E+00   1.372935E-04   2.747425E-05
   772   0.000000E+00   6.188336E-05   3.279285E-05
   773   0.000000E+00   6.476583E-04   7.198962E-05
   774   0.000000E+00   1.954689E-04   4.167816E-05
   775   0.000000E+00   1.855266E-04   3.016024E-05
   776   0.000000E+00   4.066926E-04   3.587868E-05
   777   0.000000E+00   3.227416E-04   6.433065E-05
   778   0.000000E+00   3.018873E-04   3.891477E-05
   779   0.000000E+00   1.958651E-04   3.053185E-05
   780   0.000000E+00   5.325926E-05   3.279801E-05
   781   0.000000E+00   1.264670E-03   2.583525E-04
   782   0.000000E+00   3.162767E-04   3.999934E-05
   783   0.000000E+00   2.746446E-04   7.473856E-05
   784   0.000000E+00   6.472934E-05   2.372358E-05
   785   0.000000E+00   1.651323E-03   2.849040E-04
   786   0.000000E+00   3.095947E-04   3.583350E-05
   787   0.000000E+00   1.851267E-04   5.229974E-05
   788   0.000000E+00   3.418326E-04   4.530177E-05
   789   0.000000E+00  -3.392433E-05   2.922159E-05
   790   0.000000E+00   2.111945E-04   3.068300E-05
   791   0.000000E+00   3.526521E-05   2.603586E-05
   792   0.000000E+00   1.045657E-04   2.830580E-05
   793   0.000000E+00   3.377955E-05   2.273269E-05
   794   0.000000E+00   7.356192E-04   1.513282E-04
   795   0.000000E+00   5.106130E-04   1.230757E-04
   796   0.000000E+00   1.446633E-04   4.486014E-05
   797   0.000000E+00   1.589857E-04   7.670949E-05
   798   0.000000E+00   1.501522E-03   1.910509E-04
   799   0.000000E+00   5.203242E-05   2.645064E-05
   800   0.000000E+00   2.139449E-03   5.318033E-04
   801   0.000000E+00  -1.580015E-05   2.172030E-05
   802   0.000000E+00   1.776941E-04   4.094920E-05
   803   0.000000E+00   1.918688E-04   7.061205E-05
   804   0.000000E+00   5.446693E-04   7.469525E-05
   805   0.000000E+00   1.654073E-04   4.777532E-05
   806   0.000000E+00   1.868522E-04   7.891373E-05
   807   0.000000E+00   1.518790E-03   2.245348E-04
   808   0.000000E+00   6.955084E-04   1.128870E-04
   809   0.000000E+00   4.272592E-03   8.263193E-04
   810   0.000000E+00   1.308637E-04   2.932472E-05
   811   0.000000E+00   1.341050E-03   1.452169E-04
   812   0.000000E+00   5.265258E-04   8.161353E-05
   813   0.000000E+00   1.934934E-03   2.181146E-04
   814   0.000000E+00   3.325148E-03   7.805474E-04
   815   0.000000E+00   2.848274E-03   3.362209E-04
   816   0.000000E+00   2.537569E-03   7.246632E-04
   817   0.000000E+00   5.535455E-03   1.567776E-03
   818   8.614137E-04   5.120306E-04   3.356157E-03
   819   5.735512E-04   5.967743E-04   1.710391E-03
   820   5.120814E-04   3.530187E-04   1.562812E-03
   821   3.019566E-04   8.715111E-05   1.091409E-03
   822   3.842681E-04   1.969782E-04   1.921340E-03
   823   1.977128E-04   3.219411E-04   5.533008E-04
   824   3.152747E-04   2.256866E-04   1.112734E-03
   825   2.363700E-04   1.697861E-05   1.114953E-03
   826   2.593843E-04   4.193548E-04   7.554883E-04
   827   2.493639E-04   1.162063E-04   1.068702E-03
   828   1.666844E-04   2.788265E-04   4.129259E-04
   829   4.753119E-04   1.458053E-04   3.906674E-03
   830   2.650187E-04   4.266152E-06   1.526019E-03
   831   5.130635E-04   4.275757E-04   3.193341E-03
   832   2.930122E-04   2.390379E-04   3.855424E-03
   833   1.426340E-04   1.487942E-04   7.909465E-04
   834   8.353032E-04   4.144656E-04   2.962068E-03
   835   4.238366E-05   2.159677E-05   4.606920E-04
   836  -2.425530E-05  -1.575485E-05   1.233320E-03
   837   9.420808E-05   9.813487E-05   1.228801E-03
   838  -1.671696E-05   1.518020E-05   1.166299E-03
   839  -1.064453E-04   8.220486E-06   3.070538E-03
   840  -2.094854E-07  -1.362902E-05   6.284562E-04
   841   4.064405E-04   5.819497E-04   2.150479E-03
   842   1.473890E-06   4.133183E-04   2.210834E-03
   843   1.265255E-03   1.020598E-03   3.108734E-03
   844   4.178476E-04   1.253639E-04   9.996354E-04
   845   1.617865E-04   2.761273E-04   3.783004E-04
   846   1.869210E-04   3.937612E-04   4.700445E-04
   847   5.556226E-04   1.916619E-05   1.043096E-03
   848   2.193485E-04   4.051886E-04   5.782475E-04
   849   1.908569E-03   7.447147E-04   3.103364E-03
   850   1.128001E-03  -1.025452E-04   1.944830E-03
   851   4.406825E-04   2.944115E-04   9.880773E-04
   852   2.693891E-03   1.371046E-04   3.788876E-03
   853   1.674476E-04   3.241134E-04   3.977377E-04
   854   2.955543E-03   1.567237E-03   3.921552E-03
   855   8.136742E-04  -1.747479E-04   1.562754E-03
   856   3.625008E-04   6.366128E-04   8.176711E-04
   857   3.516538E-03   2.580307E-03   3.820939E-03
   858   2.312104E-03   2.015106E-04   2.997542E-03
   859   1.126909E-03  -2.371849E-04   1.927438E-03
   860   3.779155E-03   2.407560E-04   4.051989E-03
   861   4.782190E-04  -1.065160E-04   9.040057E-04
   862   1.616249E-04   2.357255E-04   3.770410E-04
   863   2.101658E-04   3.619081E-04   4.952847E-04
   864   4.579599E-04   1.820058E-05   1.001370E-03
   865   4.612680E-04   5.394185E-04   1.423667E-03
   866   1.523783E-04   2.254741E-04   3.707500E-04
   867   1.948655E-04   2.972820E-04   5.083449E-04
   868   1.312327E-03  -7.561067E-05   2.617673E-03
   869   2.787988E-04   1.900365E-04   1.155244E-03
   870   1.276546E-04   1.947738E-04   3.443918E-04
   871   3.302731E-04   2.738678E-05   7.758961E-04
   872   1.629554E-04   1.980844E-04   4.816414E-04
   873   2.041662E-04   1.210708E-04   7.231388E-04
   874   2.156270E-04   8.070002E-05   1.186938E-03
   875   3.527731E-04   1.538313E-04   2.200248E-03
   876   5.337397E-04   2.020850E-05   1.622309E-03
   877   9.282673E-05   1.475408E-04   3.026959E-04
   878   1.158970E-04   1.331742E-04   4.209334E-04
   879   1.436282E-04   5.385090E-05   6.262859E-04
   880   2.998886E-04   3.134064E-04   3.877870E-03
   881   1.637244E-04  -3.482253E-05   1.008569E-03
   882   2.116671E-04   2.644463E-04   9.724370E-04
   883   2.207120E-04   2.565807E-05   4.868647E-03
   884  -8.043790E-04  -2.980544E-04   8.743249E-03
   885   9.966457E-04   6.331598E-04   3.862968E-03
   886   8.850477E-05   4.060875E-05   4.935210E-04
   887  -1.471765E-04  -6.670847E-06   1.824502E-03
   888   6.876570E-05  -1.111809E-06   7.420759E-04
   889  -3.321236E-04  -1.740675E-07   2.806678E-03
   890  -1.836921E-04  -3.928763E-05   1.235597E-03
   891   1.671696E-05  -1.268639E-05   1.166299E-03
   892   2.614998E-04  -2.948213E-04   1.627592E-03
   893  -2.930122E-04  -2.562030E-04   3.855424E-03
   894   2.907819E-03   4.643562E-03   4.016324E-03
   895   2.741568E-03   7.162104E-04   2.741568E-03
   896   5.470738E-05   8.053902E-05   4.400057E-04
   897   3.776962E-05   3.999348E-05   3.690843E-04
   898   4.546186E-05   7.016618E-05   6.494551E-04
   899   4.066256E-05   1.824150E-05   5.147159E-04
   900  -1.939310E-04   1.861548E-05   1.763009E-03
   901  -2.083952E-05  -9.010903E-06   7.186043E-04
   902   9.931902E-05  -2.260953E-04   1.425632E-03
   903  -9.730228E-06   4.859400E-06   3.559840E-04
   904  -7.086659E-04  -3.567397E-04   4.065005E-03
   905  -1.678408E-04   2.602004E-05   9.554504E-04
   906  -5.130635E-04  -3.948536E-04   3.193341E-03
   907  -4.238366E-05  -2.269729E-05   4.606920E-04
   908  -3.527731E-04  -1.619891E-04   2.200248E-03
   909   3.500810E-06  -1.232144E-05   4.566274E-04
   910  -2.363700E-04  -9.954752E-06   1.114953E-03
   911  -9.775745E-05  -3.684534E-05   5.705688E-04
   912  -1.735053E-05  -3.711824E-05   9.131856E-04
   913  -7.208630E-04  -4.288183E-04   3.116122E-03
   914  -3.517735E-05  -4.472217E-05   3.103884E-04
   915  -3.776962E-05  -4.430336E-05   3.690843E-04
   916  -2.156270E-04  -7.832879E-05   1.186938E-03
   917  -3.019566E-04  -9.272993E-05   1.091409E-03
   918  -3.430974E-04  -1.383650E-04   1.322998E-03
   919  -4.167233E-04  -2.164895E-04   1.395279E-03
   920  -6.638119E-05  -6.051062E-05   3.694686E-04
   921  -3.173288E-04  -7.953036E-04   2.956479E-03
   922  -1.420582E-04  -1.695160E-04   8.307497E-04
   923  -1.436282E-04  -5.399345E-05   6.262859E-04
   924  -9.456918E-05  -1.147271E-04   4.172170E-04
   925  -5.940978E-04  -5.111204E-04   1.676664E-03
   926  -6.974222E-05  -1.045940E-04   4.798776E-04
   927  -2.041662E-04  -1.247048E-04   7.231388E-04
   928  -3.092542E-04  -2.569327E-04   9.664194E-04
   929  -1.956773E-04  -2.608776E-04   7.965155E-04
   930  -2.228164E-04  -2.119052E-04   7.418970E-04
   931  -1.251599E-04  -1.477527E-04   4.412219E-04
   932  -2.071992E-04  -2.921381E-04   7.236293E-04
   933  -1.482069E-04   4.109773E-04   1.457773E-03
   934  -2.020586E-04  -1.850518E-04   6.301204E-04
   935  -2.223071E-04  -3.272848E-04   8.054605E-04
   936  -1.629554E-04  -2.229614E-04   4.816414E-04
   937  -5.715403E-04  -7.193190E-05   2.411563E-03
   938  -2.418009E-04  -3.136718E-04   6.817695E-04
   939  -3.274497E-04  -5.220393E-04   8.505187E-04
   940  -3.892124E-04  -7.505138E-04   1.023345E-03
   941  -3.487076E-04  -5.249914E-04   8.790949E-04
   942  -2.193485E-04  -4.206659E-04   5.782475E-04
   943  -2.101658E-04  -3.563458E-04   4.952847E-04
   944  -1.069189E-04  -1.598406E-04   3.178956E-04
   945  -1.276546E-04  -2.063393E-04   3.443918E-04
   946  -5.788765E-04   1.195276E-05   1.455683E-03
   947  -2.594075E-04   7.214837E-05   1.103862E-03
   948  -3.625008E-04  -6.043328E-04   8.176711E-04
   949  -3.884689E-04  -1.688940E-04   8.690579E-04
   950  -7.374836E-04   1.970422E-04   1.831499E-03
   951  -1.617865E-04  -2.699500E-04   3.783004E-04
   952  -1.502351E-03  -1.109491E-03   3.386216E-03
   953  -1.616249E-04  -2.408495E-04   3.770410E-04
   954  -3.133507E-04  -4.735728E-04   7.372957E-04
   955  -3.697839E-04  -2.238854E-04   9.629789E-04
   956  -4.346921E-04   1.234645E-04   9.429331E-04
   957  -2.931307E-04  -1.557863E-04   6.485193E-04
   958  -4.147382E-04  -5.249430E-05   8.452545E-04
   959  -1.345678E-03  -2.486850E-04   2.214500E-03
   960  -7.275396E-04  -9.855674E-06   1.275639E-03
   961  -2.727041E-03  -1.746062E-03   4.096707E-03
   962  -1.428465E-04   9.974639E-06   2.913253E-04
   963  -9.439981E-04   2.098417E-04   1.719487E-03
   964  -4.126256E-04   1.505547E-04   7.594335E-04
   965  -1.460938E-03   1.263959E-04   2.272066E-03
   966  -4.797439E-03  -2.722168E-03   5.591420E-03
   967  -2.848325E-03   8.832361E-05   4.080695E-03
   968  -3.352111E-03  -1.015313E-03   5.112523E-03
   969  -8.142583E-03  -3.051619E-03   8.511411E-03
   970   0.000000E+00   7.244614E-05   3.356157E-03
   971   0.000000E+00   3.175247E-05   1.710391E-03
   972   0.000000E+00   1.578054E-04   1.562812E-03
   973   0.000000E+00   8.071155E-05   1.091409E-03
   974   0.000000E+00   3.667742E-05   1.921340E-03
   975   0.000000E+00   3.865604E-06   5.533008E-04
   976   0.000000E+00   8.346622E-05   1.112734E-03
   977   0.000000E+00   1.247558E-04   1.114953E-03
   978   0.000000E+00   3.121499E-05   7.554883E-04
   979   0.000000E+00   5.696328E-05   1.068702E-03
   980   0.000000E+00   5.324283E-05   4.129259E-04
   981   0.000000E+00   2.823072E-04   3.906674E-03
   982   0.000000E+00   1.473515E-04   1.526019E-03
   983   0.000000E+00  -1.078136E-04   3.193341E-03
   984   0.000000E+00  -1.852835E-04   3.855424E-03
   985   0.000000E+00   4.713129E-05   7.909465E-04
   986   0.000000E+00   2.265681E-04   2.962068E-03
   987   0.000000E+00   1.207887E-05   4.606920E-04
   988   0.000000E+00   9.694127E-05   1.233320E-03
   989   0.000000E+00   4.023795E-05   1.228801E-03
   990   0.000000E+00   1.553292E-04   1.166299E-03
   991   0.000000E+00  -8.638080E-05   3.070538E-03
   992   0.000000E+00  -3.228393E-05   6.284562E-04
   993   0.000000E+00   1.248995E-04   2.150479E-03
   994   0.000000E+00   7.999617E-05   2.210834E-03
   995   0.000000E+00   5.268830E-04   3.108734E-03
   996   0.000000E+00   1.177310E-04   9.996354E-04
   997   0.000000E+00   7.942895E-05   3.783004E-04
   998   0.000000E+00   5.424532E-05   4.700445E-04
   999   0.000000E+00   6.170813E-07   1.043096E-03
  1000   0.000000E+00   8.564406E-06   5.782475E-04
  1001   0.000000E+00   2.031109E-04   3.103364E-03
  1002   0.000000E+00  -1.602955E-04   1.944830E-03
  1003   0.000000E+00   1.279839E-04   9.880773E-04
  1004   0.000000E+00   5.413928E-04   3.788876E-03
  1005   0.000000E+00   7.660661E-05   3.977377E-04
  1006   0.000000E+00   1.664662E-03   3.921552E-03
  1007   0.000000E+00  -5.835281E-06   1.562754E-03
  1008   0.000000E+00   1.962242E-04   8.176711E-04
  1009   0.000000E+00   3.930747E-03   3.820939E-03
  1010   0.000000E+00   5.657093E-04   2.997542E-03
  1011   0.000000E+00   1.452212E-04   1.927438E-03
  1012   0.000000E+00   2.652342E-03   4.051989E-03
  1013   0.000000E+00  -9.656619E-05   9.040057E-04
  1014   0.000000E+00   8.467386E-05   3.770410E-04
  1015   0.000000E+00   6.281643E-05   4.952847E-04
  1016   0.000000E+00   3.193328E-05   1.001370E-03
  1017   0.000000E+00  -6.213432E-06   1.423667E-03
  1018   0.000000E+00   6.613937E-05   3.707500E-04
  1019   0.000000E+00   2.425398E-05   5.083449E-04
  1020   0.000000E+00   8.802030E-04   2.617673E-03
  1021   0.000000E+00  -4.973647E-05   1.155244E-03
  1022   0.000000E+00   3.550523E-05   3.443918E-04
  1023   0.000000E+00  -2.377331E-05   7.758961E-04
  1024   0.000000E+00  -9.340046E-06   4.816414E-04
  1025   0.000000E+00  -6.915864E-06   7.231388E-04
  1026   0.000000E+00  -8.552517E-06   1.186938E-03
  1027   0.000000E+00   4.393396E-05   2.200248E-03
  1028   0.000000E+00  -4.785248E-05   1.622309E-03
  1029   0.000000E+00  -3.190276E-07   3.026959E-04
  1030   0.000000E+00  -1.810321E-05   4.209334E-04
  1031   0.000000E+00   2.618968E-05   6.262859E-04
  1032   0.000000E+00  -2.636687E-04   3.877870E-03
  1033   0.000000E+00   1.002472E-04   1.008569E-03
  1034   0.000000E+00  -1.997882E-05   9.724370E-04
  1035   0.000000E+00   7.364802E-05   4.868647E-03
  1036   0.000000E+00  -8.660926E-04   8.743249E-03
  1037   0.000000E+00  -3.640846E-04   3.862968E-03
  1038   0.000000E+00   1.162922E-05   4.935210E-04
  1039   0.000000E+00   2.479706E-04   1.824502E-03
  1040   0.000000E+00   8.205364E-05   7.420759E-04
  1041   0.000000E+00   1.988263E-04   2.806678E-03
  1042   0.000000E+00   8.579705E-05   1.235597E-03
  1043   0.000000E+00   1.544015E-04   1.166299E-03
  1044   0.000000E+00   3.798156E-04   1.627592E-03
  1045   0.000000E+00  -1.756891E-04   3.855424E-03
  1046   0.000000E+00   4.035711E-03   4.016324E-03
  1047   0.000000E+00   1.302869E-03   2.741568E-03
  1048   0.000000E+00   5.537231E-06   4.400057E-04
  1049   0.000000E+00  -4.818362E-07   3.690843E-04
  1050   0.000000E+00  -6.916615E-06   6.494551E-04
  1051   0.000000E+00   1.518486E-05   5.147159E-04
  1052   0.000000E+00   1.659664E-04   1.763009E-03
  1053   0.000000E+00   6.648650E-05   7.186043E-04
  1054   0.000000E+00   3.632352E-04   1.425632E-03
  1055   0.000000E+00  -1.994680E-05   3.559840E-04
  1056   0.000000E+00   1.386692E-04   4.065005E-03
  1057   0.000000E+00   1.194601E-04   9.554504E-04
  1058   0.000000E+00  -1.446680E-04   3.193341E-03
  1059   0.000000E+00   1.895167E-05   4.606920E-04
  1060   0.000000E+00   2.405013E-05   2.200248E-03
  1061   0.000000E+00  -1.680544E-05   4.566274E-04
  1062   0.000000E+00   1.314929E-04   1.114953E-03
  1063   0.000000E+00   3.100542E-05   5.705688E-04
  1064   0.000000E+00   1.490357E-04   9.131856E-04
  1065   0.000000E+00  -3.699041E-05   3.116122E-03
  1066   0.000000E+00  -1.784190E-05   3.103884E-04
  1067   0.000000E+00  -1.396277E-05   3.690843E-04
  1068   0.000000E+00   1.122318E-05   1.186938E-03
  1069   0.000000E+00   8.195478E-05   1.091409E-03
  1070   0.000000E+00   6.472346E-05   1.322998E-03
  1071   0.000000E+00   8.927696E-05   1.395279E-03
  1072   0.000000E+00   2.132281E-06   3.694686E-04
  1073   0.000000E+00  -1.942948E-04   2.956479E-03
  1074   0.000000E+00   3.240776E-05   8.307497E-04
  1075   0.000000E+00   2.331941E-05   6.262859E-04
  1076   0.000000E+00   9.308188E-06   4.172170E-04
  1077   0.000000E+00   1.028786E-04   1.676664E-03
  1078   0.000000E+00  -2.540566E-05   4.798776E-04
  1079   0.000000E+00  -5.465985E-06   7.231388E-04
  1080   0.000000E+00   3.329004E-05   9.664194E-04
  1081   0.000000E+00  -6.803821E-06   7.965155E-04
  1082   0.000000E+00  -1.458451E-05   7.418970E-04
  1083   0.000000E+00  -3.195821E-06   4.412219E-04
  1084   0.000000E+00  -7.587840E-06   7.236293E-04
  1085   0.000000E+00   3.272009E-04   1.457773E-03
  1086   0.000000E+00   5.362478E-05   6.301204E-04
  1087   0.000000E+00   1.531128E-05   8.054605E-04
  1088   0.000000E+00  -8.531381E-06   4.816414E-04
  1089   0.000000E+00   4.765626E-04   2.411563E-03
  1090   0.000000E+00   1.171990E-05   6.817695E-04
  1091   0.000000E+00   7.814861E-05   8.505187E-04
  1092   0.000000E+00   5.943621E-05   1.023345E-03
  1093   0.000000E+00   9.853291E-05   8.790949E-04
  1094   0.000000E+00   1.934318E-05   5.782475E-04
  1095   0.000000E+00   6.077459E-05   4.952847E-04
  1096   0.000000E+00   9.399600E-06   3.178956E-04
  1097   0.000000E+00   2.287423E-05   3.443918E-04
  1098   0.000000E+00   1.058252E-04   1.455683E-03
  1099   0.000000E+00   9.188602E-05   1.103862E-03
  1100   0.000000E+00   2.094217E-04   8.176711E-04
  1101   0.000000E+00   1.048986E-04   8.690579E-04
  1102   0.000000E+00   6.429351E-05   1.831499E-03
  1103   0.000000E+00   8.111589E-05   3.783004E-04
  1104   0.000000E+00   6.196253E-04   3.386216E-03
  1105   0.000000E+00   8.761399E-05   3.770410E-04
  1106   0.000000E+00   1.418489E-04   7.372957E-04
  1107   0.000000E+00   8.021702E-05   9.629789E-04
  1108   0.000000E+00  -6.866670E-05   9.429331E-04
  1109   0.000000E+00   9.766877E-05   6.485193E-04
  1110   0.000000E+00   3.363619E-05   8.452545E-04
  1111   0.000000E+00  -1.512396E-04   2.214500E-03
  1112   0.000000E+00  -5.185343E-05   1.275639E-03
  1113   0.000000E+00   5.465312E-04   4.096707E-03
  1114   0.000000E+00   4.799123E-06   2.913253E-04
  1115   0.000000E+00  -1.321858E-04   1.719487E-03
  1116   0.000000E+00  -4.509074E-05   7.594335E-04
  1117   0.000000E+00   1.391979E-04   2.272066E-03
  1118   0.000000E+00   2.908811E-03   5.591420E-03
  1119   0.000000E+00   6.475113E-04   4.080695E-03
  1120   0.000000E+00   2.492047E-03   5.112523E-03
  1121   0.000000E+00   6.136910E-03   8.511411E-03
