 -2.66495E+15 -2.58733E+16  1.50253E+14  3.00995E+15  4.48949E+04
 -4.94392E+15  9.50411E+15 -7.56937E+14  3.02490E+15  4.40824E+04
 -6.86696E+15 -1.99154E+15 -3.28327E+15  3.02085E+15  4.53738E+04
  1.79855E+15  8.38888E+15 -8.02745E+14  3.06143E+15  4.56089E+04
 -1.74123E+15  7.12174E+15 -3.17891E+15  3.06045E+15  4.26783E+04
 -4.30523E+15 -1.30551E+15 -2.26684E+15  3.05838E+15  4.34379E+04
 -1.27327E+15  1.21719E+15 -3.28532E+15  3.10590E+15  4.44861E+04
 -1.77729E+15  4.51915E+15 -4.05468E+15  3.09878E+15  4.16520E+04
 -2.96425E+15  5.52528E+14 -6.07485E+14  3.10048E+15  4.30409E+04
  6.34001E+13 -2.15443E+15 -1.22126E+15  3.10596E+15  4.37269E+04
 -1.27573E+14 -6.07464E+13  1.55429E+14  3.11033E+15  4.41964E+04
 -5.78266E+14  1.21914E+14  6.36108E+14  3.10576E+15  4.28237E+04
 -4.48222E+15  4.34282E+15  1.44259E+14  1.05158E+16  6.56926E+04
 -1.69749E+16  3.95712E+14 -6.16800E+13  1.05117E+16  6.55308E+04
 -1.07939E+16  5.91487E+15 -1.06381E+16  1.05009E+16  6.41853E+04
 -1.69482E+15  2.50572E+14 -5.58050E+14  1.06546E+16  6.41410E+04
 -1.43131E+15  1.61262E+15 -4.67528E+14  1.06713E+16  6.38654E+04
 -2.52371E+14 -2.32845E+14 -7.80811E+13  1.06905E+16  6.51218E+04
 -9.10262E+14  1.81134E+15 -2.13394E+15  1.09239E+16  6.38294E+04
 -7.91019E+14  4.72659E+15 -6.37012E+15  1.09373E+16  6.24705E+04
 -4.47415E+15  1.81267E+15 -3.30794E+15  1.09181E+16  6.57214E+04
  4.96755E+13  2.21339E+15 -3.00407E+15  1.11115E+16  6.33442E+04
 -3.77015E+14  1.37323E+15 -8.20173E+15  1.11069E+16  6.19025E+04
 -5.94423E+14 -1.54659E+14 -5.84943E+14  1.10887E+16  6.39391E+04
  2.87538E+17  1.67966E+16  3.44160E+16  3.45770E+16  5.83398E+04
 -1.50193E+17  8.08553E+16 -1.29824E+17  3.48161E+16  5.94277E+04
 -4.39694E+17 -7.94343E+16  1.10355E+17  3.41722E+16  5.78360E+04
  2.27875E+15  1.55303E+16 -1.59383E+15  3.47518E+16  5.85584E+04
  2.42019E+15 -6.83520E+15  2.09077E+16  3.49964E+16  5.71401E+04
 -1.69914E+16 -6.52304E+14 -9.86618E+16  3.47744E+16  5.81903E+04
  1.60631E+15  6.84723E+15 -5.69562E+15  3.61732E+16  5.78545E+04
 -2.15135E+15  5.27696E+14 -2.77799E+15  3.66541E+16  5.84865E+04
 -8.47089E+15 -3.38454E+15 -1.05029E+16  3.59624E+16  5.71024E+04
 -5.15649E+14  1.98471E+15  2.57816E+14  3.73559E+16  5.66432E+04
 -9.00290E+14 -3.94973E+13 -1.19827E+16  3.74972E+16  5.66223E+04
 -1.59830E+15 -2.69979E+14 -1.28486E+16  3.74307E+16  5.51440E+04
  7.68377E+16  1.36397E+16 -6.27678E+15  1.18842E+17  4.81844E+04
  3.65983E+17 -5.83374E+16 -4.01164E+15  1.17748E+17  4.80211E+04
 -5.28050E+16 -3.24883E+16  3.12014E+17  1.17398E+17  4.77652E+04
 -7.20214E+15  1.82763E+16 -1.30391E+14  1.20776E+17  4.83587E+04
 -6.85184E+15  1.30178E+16 -5.68871E+15  1.20612E+17  4.79181E+04
  5.01782E+16 -5.24759E+16 -8.78544E+16  1.18848E+17  4.80986E+04
 -1.60980E+14  2.21012E+16 -3.26248E+15  1.22444E+17  4.83927E+04
 -6.01491E+15  2.50049E+16 -9.87318E+15  1.21645E+17  4.90620E+04
 -2.49634E+15 -1.31503E+16 -4.21692E+15  1.22669E+17  4.89956E+04
 -9.57487E+15  6.25300E+16  4.15133E+13  1.22178E+17  4.84658E+04
 -1.26774E+16  3.25521E+15 -1.67480E+16  1.22619E+17  4.88610E+04
  6.79197E+14  3.51809E+16 -1.00247E+15  1.22993E+17  4.84260E+04
 -6.22955E+17  3.55243E+16  8.56116E+16  4.07783E+17  5.21530E+04
  1.22154E+16  2.16037E+16  7.21294E+16  4.09412E+17  5.30082E+04
 -9.85126E+16 -9.42806E+16 -1.08924E+17  4.07926E+17  5.24993E+04
 -1.05005E+16  4.79272E+16 -2.12313E+15  4.09276E+17  5.25418E+04
  2.92861E+15  5.62808E+15  2.74905E+15  4.09879E+17  5.31287E+04
 -5.79863E+16  5.29925E+15  5.26308E+16  4.08669E+17  5.21725E+04
 -5.18100E+15 -1.42340E+15 -9.29824E+15  4.10584E+17  5.31838E+04
 -7.34940E+15  2.07875E+15 -5.45858E+15  4.09239E+17  5.26977E+04
 -5.68220E+15  1.99024E+15 -4.30476E+16  4.09027E+17  5.36690E+04
 -5.08371E+14 -1.19932E+14 -8.44519E+15  4.10143E+17  5.34800E+04
 -8.41571E+14  8.23817E+14 -2.11001E+16  4.09085E+17  5.28581E+04
 -1.55230E+15  8.47056E+14 -1.29273E+16  4.08659E+17  5.25021E+04
