 -4.08955E+17  6.02842E+16  6.44711E+15  3.06806E+15  4.74155E+04
 -4.29203E+17  8.62207E+15 -3.30719E+15  3.06316E+15  4.54104E+04
 -2.67820E+17  6.13767E+16  3.16107E+15  3.02254E+15  4.49107E+04
  3.86106E+15  7.63293E+14  3.44274E+17  3.10597E+15  4.57591E+04
 -6.50736E+15  2.33674E+15  2.82110E+17  3.09928E+15  4.57977E+04
 -4.69396E+15  5.66577E+15 -3.10722E+15  3.06084E+15  4.50445E+04
 -4.72392E+15  2.80832E+15  5.50314E+17  3.15077E+15  4.62021E+04
  4.57490E+15  7.17673E+15  4.69022E+17  3.14595E+15  4.48877E+04
  2.58150E+15  2.62680E+15  6.44361E+15  3.09891E+15  4.58312E+04
  1.62121E+15  2.40307E+15  6.67571E+17  3.18010E+15  4.58251E+04
 -5.21722E+14  3.27812E+15  5.82545E+17  3.17715E+15  4.54125E+04
 -4.48692E+14  4.79308E+14  1.07648E+17  3.10881E+15  4.39884E+04
 -1.99735E+18  6.02567E+16  2.62871E+16  8.88137E+15  7.53745E+04
 -1.79503E+18  2.10604E+17  8.90923E+15  9.24700E+15  7.77815E+04
 -8.31347E+17  5.50694E+15 -2.04489E+15  1.04533E+16  6.59449E+04
 -1.44613E+16  2.00412E+15  1.25970E+18  8.93691E+15  7.37341E+04
 -4.01844E+16  1.75400E+16  1.09407E+18  9.47154E+15  7.24268E+04
 -9.48677E+15  5.13212E+15  3.65794E+17  1.06053E+16  6.56690E+04
  2.47406E+15  3.02945E+14  1.99562E+18  9.01436E+15  7.34372E+04
 -2.00189E+16  2.92550E+16  1.74619E+18  9.52455E+15  7.17450E+04
  2.01785E+15  1.03918E+16  5.84624E+17  1.08200E+16  6.41862E+04
  6.35172E+15  1.36582E+16  2.40710E+18  9.07363E+15  7.29631E+04
 -6.26462E+15  6.14170E+15  2.11498E+18  9.60745E+15  7.17367E+04
  4.38967E+14  1.45878E+14  7.10230E+17  1.09940E+16  6.39547E+04
 -5.50388E+18  6.42740E+14 -2.08007E+15  2.91191E+16  6.11055E+04
 -5.05310E+18  4.74140E+17  2.27019E+16  3.02933E+16  6.34026E+04
 -2.47025E+18  1.59460E+16 -4.52068E+15  3.40480E+16  5.92368E+04
  8.83950E+16  4.82083E+16  3.76752E+18  2.94801E+16  6.05690E+04
  6.11655E+16  1.63788E+17  3.20749E+18  3.08313E+16  5.90543E+04
 -1.69116E+16  9.43513E+15  1.03772E+18  3.46820E+16  5.91269E+04
  2.01258E+16  9.07508E+16  6.00825E+18  3.00742E+16  5.97840E+04
 -3.37488E+16  2.51702E+16  5.17052E+18  3.15727E+16  5.96487E+04
  2.90757E+15  4.60712E+15  1.73854E+18  3.59027E+16  5.82781E+04
 -1.32201E+16  1.25537E+16  7.32058E+18  3.05371E+16  6.02205E+04
 -1.10701E+16  1.13158E+16  6.39506E+18  3.21011E+16  5.90130E+04
 -5.94343E+14  4.18030E+14  2.17873E+18  3.65731E+16  5.76433E+04
 -1.77382E+19  2.55851E+16  4.52254E+16  1.01867E+17  4.60926E+04
 -1.59857E+19  1.39075E+18  2.91945E+16  1.04510E+17  4.88716E+04
 -7.27875E+18  5.22458E+16  1.64390E+16  1.15589E+17  4.82482E+04
 -1.44042E+17  3.22819E+16  1.13649E+19  1.02774E+17  4.63024E+04
 -3.88921E+16 -4.32956E+15  9.81901E+18  1.05401E+17  4.66984E+04
 -1.24073E+16  5.15567E+15  3.32556E+18  1.17070E+17  4.80896E+04
  1.03994E+17  4.99382E+16  1.81866E+19  1.04034E+17  4.62974E+04
 -4.21827E+16  1.01609E+16  1.58942E+19  1.07141E+17  4.71027E+04
 -4.92581E+15  2.58174E+15  5.43865E+18  1.19381E+17  4.84105E+04
  2.87965E+16  1.68008E+16  2.22330E+19  1.04917E+17  4.70127E+04
  2.50081E+16  4.01636E+16  1.95325E+19  1.08596E+17  4.71924E+04
 -3.67447E+15  2.09533E+15  6.75393E+18  1.21309E+17  4.84074E+04
 -7.07232E+19  2.60095E+18 -1.87859E+18  3.63829E+17  5.04197E+04
 -6.29579E+19  5.19951E+17  7.52388E+17  3.70566E+17  5.14910E+04
 -2.40353E+19  1.26644E+17 -1.21222E+17  3.98458E+17  5.18704E+04
  3.85847E+18  1.67052E+18  4.19823E+19  3.63647E+17  4.94451E+04
 -2.41452E+18  7.63401E+18  3.72886E+19  3.70564E+17  4.95691E+04
  5.43981E+17  5.28688E+17  1.31638E+19  3.98758E+17  5.14109E+04
 -1.34513E+18  6.75433E+17  6.70632E+19  3.62972E+17  5.16258E+04
 -1.07987E+18  6.62802E+17  5.92696E+19  3.70430E+17  5.18383E+04
  1.76164E+17  1.29661E+17  2.07863E+19  4.00337E+17  5.22671E+04
 -2.97453E+17  5.70690E+17  8.05137E+19  3.61890E+17  5.15588E+04
  1.95127E+17  4.70226E+17  7.10356E+19  3.70572E+17  5.13949E+04
  1.94058E+16  8.40700E+16  2.48577E+19  4.01033E+17  5.27164E+04
