
 error exit tests 

 3: EQP_solve exit status =     -3
 5: EQP_solve exit status =     -5
 5: EQP_solve exit status =     -5

 basic tests of storage formats 

I0P 1F1:     1 iterations. Optimal objective value =   -1.0 status =      0
I1P 1F1:     1 iterations. Optimal objective value =   -1.0 status =      0
I2P 1F1:     1 iterations. Optimal objective value =   -1.0 status =      0
I0P 1F2:     1 iterations. Optimal objective value =   -1.0 status =      0
I1P 1F2:     1 iterations. Optimal objective value =   -1.0 status =      0
I2P 1F2:     1 iterations. Optimal objective value =   -1.0 status =      0
I0P 2F1:     1 iterations. Optimal objective value =   -1.0 status =      0
I1P 2F1:     1 iterations. Optimal objective value =   -1.0 status =      0
I2P 2F1:     1 iterations. Optimal objective value =   -1.0 status =      0
I0P 2F2:     1 iterations. Optimal objective value =   -1.0 status =      0
I1P 2F2:     1 iterations. Optimal objective value =   -1.0 status =      0
I2P 2F2:     1 iterations. Optimal objective value =   -1.0 status =      0
I0P 3F1:     1 iterations. Optimal objective value =   -1.0 status =      0
I1P 3F1:     1 iterations. Optimal objective value =   -1.0 status =      0
I2P 3F1:     1 iterations. Optimal objective value =   -1.0 status =      0
I0P 3F2:     1 iterations. Optimal objective value =   -1.0 status =      0
I1P 3F2:     1 iterations. Optimal objective value =   -1.0 status =      0
I2P 3F2:     1 iterations. Optimal objective value =   -1.0 status =      0
I0P 4F1:     1 iterations. Optimal objective value =   -1.0 status =      0
I1P 4F1:     1 iterations. Optimal objective value =   -1.0 status =      0
I2P 4F1:     1 iterations. Optimal objective value =   -1.0 status =      0
I0P 4F2:     1 iterations. Optimal objective value =   -1.0 status =      0
I1P 4F2:     1 iterations. Optimal objective value =   -1.0 status =      0
I2P 4F2:     1 iterations. Optimal objective value =   -1.0 status =      0
I0P11F1:     1 iterations. Optimal objective value =   -1.0 status =      0
I1P11F1:     1 iterations. Optimal objective value =   -1.0 status =      0
I2P11F1:     1 iterations. Optimal objective value =   -1.0 status =      0
I0P11F2:     1 iterations. Optimal objective value =   -1.0 status =      0
I1P11F2:     1 iterations. Optimal objective value =   -1.0 status =      0
I2P11F2:     1 iterations. Optimal objective value =   -1.0 status =      0
I0P12F1:     1 iterations. Optimal objective value =   -1.0 status =      0
I1P12F1:     1 iterations. Optimal objective value =   -1.0 status =      0
I2P12F1:     1 iterations. Optimal objective value =   -1.0 status =      0
I0P12F2:     1 iterations. Optimal objective value =   -1.0 status =      0
I1P12F2:     1 iterations. Optimal objective value =   -1.0 status =      0
I2P12F2:     1 iterations. Optimal objective value =   -1.0 status =      0
I0P-1F1:     1 iterations. Optimal objective value =   -1.0 status =      0
I1P-1F1:     1 iterations. Optimal objective value =   -1.0 status =      0
I2P-1F1:     1 iterations. Optimal objective value =   -1.0 status =      0
I0P-1F2:     1 iterations. Optimal objective value =   -1.0 status =      0
I1P-1F2:     1 iterations. Optimal objective value =   -1.0 status =      0
I2P-1F2:     1 iterations. Optimal objective value =   -1.0 status =      0
I0P-2F1:     1 iterations. Optimal objective value =   -1.0 status =      0
I1P-2F1:     1 iterations. Optimal objective value =   -1.0 status =      0
I2P-2F1:     1 iterations. Optimal objective value =   -1.0 status =      0
I0P-2F2:     1 iterations. Optimal objective value =   -1.0 status =      0
I1P-2F2:     1 iterations. Optimal objective value =   -1.0 status =      0
I2P-2F2:     1 iterations. Optimal objective value =   -1.0 status =      0

 basic tests of options 

 0:     0 iterations. Optimal objective value =    0.3 status =      0
 1:     0 iterations. Optimal objective value =    0.3 status =      0
 2:     0 iterations. Optimal objective value =    0.3 status =      0
 3:     0 iterations. Optimal objective value =    0.3 status =      0
 4:     0 iterations. Optimal objective value =    0.3 status =      0
 5:     0 iterations. Optimal objective value =    0.3 status =      0
 6:     0 iterations. Optimal objective value =    0.3 status =      0
 7:     0 iterations. Optimal objective value =    0.3 status =      0
 8:     0 iterations. Optimal objective value =    0.3 status =      0
 9:     1 iterations. Optimal objective value =    0.3 status =      0
10:     1 iterations. Optimal objective value =    0.3 status =      0
11:     1 iterations. Optimal objective value =    0.3 status =      0
12:     1 iterations. Optimal objective value =    0.3 status =      0
13:     1 iterations. Optimal objective value =    0.3 status =      0
14:     1 iterations. Optimal objective value =    0.3 status =      0
15:     1 iterations. Optimal objective value =    0.3 status =      0
16:     1 iterations. Optimal objective value =    0.3 status =      0
17:     1 iterations. Optimal objective value =    0.3 status =      0
18:     1 iterations. Optimal objective value =    0.3 status =      0
19:     1 iterations. Optimal objective value =    0.3 status =      0
20:     1 iterations. Optimal objective value =    0.3 status =      0
21:     1 iterations. Optimal objective value =    0.3 status =      0
22:     1 iterations. Optimal objective value =    0.3 status =      0
23:     0 iterations. Optimal objective value =    0.3 status =      0
24:     0 iterations. Optimal objective value =    0.3 status =      0

 full test of generic problems 

 1:     2 iterations. Optimal objective value =   60.0 status =      0
 2:     4 iterations. Optimal objective value =    4.4 status =      0
 3:     2 iterations. Optimal objective value =    6.8 status =      0
