        1121
     1   9.999999E-01   9.999999E-01   5.163346E-08
     2   4.155284E-04   4.276505E-04   4.155284E-06
     3   4.155189E-04   4.333914E-04   4.155189E-06
     4   4.155025E-04   4.458122E-04   4.155025E-06
     5   4.154836E-04   4.295276E-04   4.154836E-06
     6   4.154671E-04   3.834820E-04   4.154671E-06
     7   4.154577E-04   4.033723E-04   4.154577E-06
     8   1.255503E-03   1.032354E-03   1.255503E-05
     9   1.255363E-03   9.930864E-04   1.255363E-05
    10   1.255123E-03   1.041213E-03   1.255123E-05
    11   1.254845E-03   1.066848E-03   1.254845E-05
    12   1.254604E-03   9.891324E-04   1.254604E-05
    13   1.254466E-03   1.023738E-03   1.254466E-05
    14   2.106625E-03   1.888686E-03   2.106625E-05
    15   2.106056E-03   1.839307E-03   2.106056E-05
    16   2.105072E-03   1.913393E-03   2.105072E-05
    17   2.103936E-03   1.988599E-03   2.103936E-05
    18   2.102953E-03   2.024117E-03   2.102953E-05
    19   2.102386E-03   2.048934E-03   2.102386E-05
    20   2.925383E-03   2.621659E-03   2.925383E-05
    21   2.924022E-03   2.710968E-03   2.924022E-05
    22   2.921667E-03   2.678315E-03   2.921667E-05
    23   2.918952E-03   2.704520E-03   2.918952E-05
    24   2.916603E-03   2.787714E-03   2.916603E-05
    25   2.915249E-03   2.739712E-03   2.915249E-05
    26   3.605353E-03   2.784844E-03   3.605353E-05
    27   3.603030E-03   2.885157E-03   3.603030E-05
    28   3.599011E-03   2.849165E-03   3.599011E-05
    29   3.594379E-03   2.872268E-03   3.594379E-05
    30   3.590375E-03   2.936153E-03   3.590375E-05
    31   3.588066E-03   2.896840E-03   3.588066E-05
    32   4.000638E-03   3.217597E-03   4.000638E-05
    33   3.997628E-03   3.331129E-03   3.997628E-05
    34   3.992424E-03   3.361231E-03   3.992424E-05
    35   3.986427E-03   3.425904E-03   3.986427E-05
    36   3.981244E-03   3.567761E-03   3.981244E-05
    37   3.978256E-03   3.528495E-03   3.978256E-05
    38   1.183250E-04   1.432076E-04   1.183250E-06
    39   1.183218E-04   1.486440E-04   1.183218E-06
    40   1.183162E-04   1.344527E-04   1.183162E-06
    41   1.183097E-04   1.173005E-04   1.183097E-06
    42   1.183041E-04   1.104335E-04   1.183041E-06
    43   1.183009E-04   1.137618E-04   1.183009E-06
    44   3.609891E-04   3.100287E-04   3.609891E-06
    45   3.609392E-04   2.882079E-04   3.609392E-06
    46   3.608529E-04   2.878518E-04   3.608529E-06
    47   3.607533E-04   2.459126E-04   3.607533E-06
    48   3.606671E-04   2.017851E-04   3.606671E-06
    49   3.606173E-04   1.943589E-04   3.606173E-06
    50   6.181876E-04   6.630577E-04   6.181876E-06
    51   6.179648E-04   5.978292E-04   6.179648E-06
    52   6.175793E-04   6.220476E-04   6.175793E-06
    53   6.171348E-04   5.849615E-04   6.171348E-06
    54   6.167506E-04   5.866424E-04   6.167506E-06
    55   6.165290E-04   5.785831E-04   6.165290E-06
    56   8.845601E-04   8.962987E-04   8.845601E-06
    57   8.839660E-04   8.644474E-04   8.839660E-06
    58   8.829392E-04   8.707466E-04   8.829392E-06
    59   8.817570E-04   8.720063E-04   8.817570E-06
    60   8.807360E-04   9.296595E-04   8.807360E-06
    61   8.801478E-04   8.579723E-04   8.801478E-06
    62   1.125791E-03   1.177767E-03   1.125791E-05
    63   1.124672E-03   1.098927E-03   1.124672E-05
    64   1.122739E-03   1.144410E-03   1.122739E-05
    65   1.120516E-03   1.113754E-03   1.120516E-05
    66   1.118598E-03   1.099666E-03   1.118598E-05
    67   1.117494E-03   1.095802E-03   1.117494E-05
    68   1.276265E-03   1.227666E-03   1.276265E-05
    69   1.274727E-03   1.252114E-03   1.274727E-05
    70   1.272073E-03   1.269937E-03   1.272073E-05
    71   1.269022E-03   1.209408E-03   1.269022E-05
    72   1.266392E-03   1.253743E-03   1.266392E-05
    73   1.264879E-03   1.182556E-03   1.264879E-05
    74   2.041399E-04   2.483033E-04   2.041399E-06
    75   2.041356E-04   2.459866E-04   2.041356E-06
    76   2.041283E-04   2.597936E-04   2.041283E-06
    77   2.041197E-04   2.046579E-04   2.041197E-06
    78   2.041124E-04   2.167159E-04   2.041124E-06
    79   2.041081E-04   2.388340E-04   2.041081E-06
    80   6.206070E-04   3.830721E-04   6.206070E-06
    81   6.205443E-04   3.541507E-04   6.205443E-06
    82   6.204356E-04   3.445597E-04   6.204356E-06
    83   6.203101E-04   2.922871E-04   6.203101E-06
    84   6.202015E-04   2.894909E-04   6.202015E-06
    85   6.201388E-04   3.093752E-04   6.201388E-06
    86   1.052540E-03   8.987256E-04   1.052540E-05
    87   1.052280E-03   9.437872E-04   1.052280E-05
    88   1.051831E-03   9.884899E-04   1.051831E-05
    89   1.051313E-03   9.463151E-04   1.051313E-05
    90   1.050864E-03   1.087495E-03   1.050864E-05
    91   1.050606E-03   9.169553E-04   1.050606E-05
    92   1.480006E-03   1.387057E-03   1.480006E-05
    93   1.479377E-03   1.423129E-03   1.479377E-05
    94   1.478287E-03   1.440390E-03   1.478287E-05
    95   1.477031E-03   1.445677E-03   1.477031E-05
    96   1.475944E-03   1.492420E-03   1.475944E-05
    97   1.475317E-03   1.324817E-03   1.475317E-05
    98   1.844254E-03   1.591615E-03   1.844254E-05
    99   1.843163E-03   1.475682E-03   1.843163E-05
   100   1.841276E-03   1.545282E-03   1.841276E-05
   101   1.839100E-03   1.518735E-03   1.839100E-05
   102   1.837219E-03   1.634484E-03   1.837219E-05
   103   1.836135E-03   1.486999E-03   1.836135E-05
   104   2.059829E-03   1.919070E-03   2.059829E-05
   105   2.058401E-03   1.983733E-03   2.058401E-05
   106   2.055932E-03   1.952494E-03   2.055932E-05
   107   2.053086E-03   1.865539E-03   2.053086E-05
   108   2.050627E-03   2.155388E-03   2.050627E-05
   109   2.049209E-03   1.823695E-03   2.049209E-05
   110   2.868581E-04   1.882681E-04   2.868581E-06
   111   2.868485E-04   1.956067E-04   2.868485E-06
   112   2.868320E-04   1.912719E-04   2.868320E-06
   113   2.868129E-04   1.873346E-04   2.868129E-06
   114   2.867963E-04   1.826195E-04   2.867963E-06
   115   2.867868E-04   1.684956E-04   2.867868E-06
   116   8.950768E-04   3.729681E-04   8.950768E-06
   117   8.949280E-04   3.918453E-04   8.949280E-06
   118   8.946704E-04   3.586274E-04   8.946704E-06
   119   8.943731E-04   3.328751E-04   8.943731E-06
   120   8.941159E-04   3.372096E-04   8.941159E-06
   121   8.939674E-04   3.411092E-04   8.939674E-06
   122   1.594316E-03   1.001102E-03   1.594316E-05
   123   1.593644E-03   9.855230E-04   1.593644E-05
   124   1.592483E-03   1.002723E-03   1.592483E-05
   125   1.591144E-03   9.600867E-04   1.591144E-05
   126   1.589985E-03   9.581054E-04   1.589985E-05
   127   1.589317E-03   9.919943E-04   1.589317E-05
   128   2.386729E-03   1.749669E-03   2.386729E-05
   129   2.384931E-03   1.654742E-03   2.384931E-05
   130   2.381821E-03   1.683641E-03   2.381821E-05
   131   2.378239E-03   1.640499E-03   2.378239E-05
   132   2.375144E-03   1.674558E-03   2.375144E-05
   133   2.373359E-03   1.702765E-03   2.373359E-05
   134   3.155412E-03   1.694013E-03   3.155412E-05
   135   3.152026E-03   1.636427E-03   3.152026E-05
   136   3.146175E-03   1.625273E-03   3.146175E-05
   137   3.139438E-03   1.581717E-03   3.139438E-05
   138   3.133622E-03   1.649121E-03   3.133622E-05
   139   3.130271E-03   1.632551E-03   3.130271E-05
   140   3.653750E-03   2.490169E-03   3.653750E-05
   141   3.649109E-03   2.582836E-03   3.649109E-05
   142   3.641089E-03   2.649042E-03   3.641089E-05
   143   3.631862E-03   2.517808E-03   3.631862E-05
   144   3.623898E-03   2.588965E-03   3.623898E-05
   145   3.619311E-03   2.437838E-03   3.619311E-05
   146   2.617829E-04   3.612957E-04   2.617829E-06
   147   2.617745E-04   3.573662E-04   2.617745E-06
   148   2.617600E-04   3.474870E-04   2.617600E-06
   149   2.617432E-04   3.579167E-04   2.617432E-06
   150   2.617287E-04   3.351151E-04   2.617287E-06
   151   2.617203E-04   3.288507E-04   2.617203E-06
   152   8.329336E-04   7.689951E-04   8.329336E-06
   153   8.327935E-04   7.112622E-04   8.327935E-06
   154   8.325511E-04   6.700926E-04   8.325511E-06
   155   8.322714E-04   6.762344E-04   8.322714E-06
   156   8.320295E-04   6.384686E-04   8.320295E-06
   157   8.318898E-04   6.373739E-04   8.318898E-06
   158   1.546549E-03   1.351467E-03   1.546549E-05
   159   1.545835E-03   1.296334E-03   1.545835E-05
   160   1.544600E-03   1.372265E-03   1.544600E-05
   161   1.543176E-03   1.115995E-03   1.543176E-05
   162   1.541946E-03   1.260368E-03   1.541946E-05
   163   1.541237E-03   1.263574E-03   1.541237E-05
   164   2.462260E-03   2.929684E-03   2.462260E-05
   165   2.460026E-03   3.025844E-03   2.460026E-05
   166   2.456168E-03   2.933339E-03   2.456168E-05
   167   2.451728E-03   2.889873E-03   2.451728E-05
   168   2.447898E-03   3.035648E-03   2.447898E-05
   169   2.445693E-03   3.184846E-03   2.445693E-05
   170   3.478923E-03   3.219246E-03   3.478923E-05
   171   3.474058E-03   2.958686E-03   3.474058E-05
   172   3.465664E-03   3.159986E-03   3.465664E-05
   173   3.456022E-03   2.981536E-03   3.456022E-05
   174   3.447714E-03   2.934580E-03   3.447714E-05
   175   3.442936E-03   3.062748E-03   3.442936E-05
   176   4.211003E-03   3.946478E-03   4.211003E-05
   177   4.203716E-03   3.928017E-03   4.203716E-05
   178   4.191151E-03   4.016365E-03   4.191151E-05
   179   4.176730E-03   3.862383E-03   4.176730E-05
   180   4.164317E-03   3.888993E-03   4.164317E-05
   181   4.157182E-03   3.546028E-03   4.157182E-05
   182   2.095306E-04   2.142944E-04   2.095306E-06
   183   2.095228E-04   1.932795E-04   2.095228E-06
   184   2.095094E-04   1.751367E-04   2.095094E-06
   185   2.094940E-04   1.871088E-04   2.094940E-06
   186   2.094806E-04   2.426601E-04   2.094806E-06
   187   2.094729E-04   2.962657E-04   2.094729E-06
   188   7.016351E-04   6.842599E-04   7.016351E-06
   189   7.014992E-04   7.037208E-04   7.014992E-06
   190   7.012639E-04   6.945146E-04   7.012639E-06
   191   7.009923E-04   8.349331E-04   7.009923E-06
   192   7.007573E-04   7.161681E-04   7.007573E-06
   193   7.006217E-04   8.453551E-04   7.006217E-06
   194   1.440692E-03   1.661613E-03   1.440692E-05
   195   1.439937E-03   1.552507E-03   1.439937E-05
   196   1.438631E-03   1.828308E-03   1.438631E-05
   197   1.437124E-03   1.518672E-03   1.437124E-05
   198   1.435822E-03   1.529901E-03   1.435822E-05
   199   1.435071E-03   1.692540E-03   1.435071E-05
   200   2.617661E-03   2.433391E-03   2.617661E-05
   201   2.615055E-03   2.533271E-03   2.615055E-05
   202   2.610549E-03   2.346832E-03   2.610549E-05
   203   2.605361E-03   2.252123E-03   2.605361E-05
   204   2.600881E-03   2.581838E-03   2.600881E-05
   205   2.598300E-03   2.722079E-03   2.598300E-05
   206   4.187258E-03   3.925652E-03   4.187258E-05
   207   4.181066E-03   3.578729E-03   4.181066E-05
   208   4.170373E-03   4.115922E-03   4.170373E-05
   209   4.158076E-03   3.818478E-03   4.158076E-05
   210   4.147468E-03   3.485036E-03   4.147468E-05
   211   4.141362E-03   3.918127E-03   4.141362E-05
   212   5.458818E-03   5.030411E-03   5.458818E-05
   213   5.449051E-03   5.340235E-03   5.449051E-05
   214   5.432194E-03   5.617634E-03   5.432194E-05
   215   5.412823E-03   5.449736E-03   5.412823E-05
   216   5.396128E-03   5.529707E-03   5.396128E-05
   217   5.386524E-03   4.966387E-03   5.386524E-05
   218   2.135368E-04   2.628290E-04   2.135368E-06
   219   2.135313E-04   2.494844E-04   2.135313E-06
   220   2.135219E-04   2.384805E-04   2.135219E-06
   221   2.135110E-04   2.154802E-04   2.135110E-06
   222   2.135015E-04   2.053247E-04   2.135015E-06
   223   2.134960E-04   2.203969E-04   2.134960E-06
   224   6.917537E-04   5.176692E-04   6.917537E-06
   225   6.916476E-04   4.451708E-04   6.916476E-06
   226   6.914639E-04   4.287712E-04   6.914639E-06
   227   6.912520E-04   4.545747E-04   6.912520E-06
   228   6.910687E-04   4.091244E-04   6.910687E-06
   229   6.909629E-04   4.735854E-04   6.909629E-06
   230   1.390234E-03   1.178074E-03   1.390234E-05
   231   1.389486E-03   1.162500E-03   1.389486E-05
   232   1.388193E-03   1.220363E-03   1.388193E-05
   233   1.386703E-03   1.146853E-03   1.386703E-05
   234   1.385416E-03   1.152627E-03   1.385416E-05
   235   1.384674E-03   1.350949E-03   1.384674E-05
   236   2.717767E-03   2.319008E-03   2.717767E-05
   237   2.714058E-03   2.212807E-03   2.714058E-05
   238   2.707657E-03   2.268617E-03   2.707657E-05
   239   2.700299E-03   2.247294E-03   2.700299E-05
   240   2.693956E-03   2.337139E-03   2.693956E-05
   241   2.690306E-03   2.406335E-03   2.690306E-05
   242   5.190200E-03   3.268068E-03   5.190200E-05
   243   5.177572E-03   3.043084E-03   5.177572E-05
   244   5.155803E-03   3.324656E-03   5.155803E-05
   245   5.130830E-03   3.157499E-03   5.130830E-05
   246   5.109342E-03   3.110067E-03   5.109342E-05
   247   5.096994E-03   3.218396E-03   5.096994E-05
   248   7.865635E-03   4.504928E-03   7.865635E-05
   249   7.840854E-03   4.647383E-03   7.840854E-05
   250   7.798171E-03   4.656051E-03   7.798171E-05
   251   7.749259E-03   4.501096E-03   7.749259E-05
   252   7.707221E-03   4.763071E-03   7.707221E-05
   253   7.683086E-03   4.326753E-03   7.683086E-05
   254   3.579052E-04   4.650343E-04   3.579052E-06
   255   3.578967E-04   4.416652E-04   3.578967E-06
   256   3.578819E-04   4.272897E-04   3.578819E-06
   257   3.578649E-04   4.070564E-04   3.578649E-06
   258   3.578502E-04   4.022575E-04   3.578502E-06
   259   3.578417E-04   3.826167E-04   3.578417E-06
   260   1.142383E-03   1.026977E-03   1.142383E-05
   261   1.142248E-03   9.944684E-04   1.142248E-05
   262   1.142014E-03   8.547276E-04   1.142014E-05
   263   1.141743E-03   9.082745E-04   1.141743E-05
   264   1.141509E-03   9.201008E-04   1.141509E-05
   265   1.141374E-03   9.339341E-04   1.141374E-05
   266   2.127211E-03   2.274217E-03   2.127211E-05
   267   2.126542E-03   2.188839E-03   2.126542E-05
   268   2.125385E-03   2.289173E-03   2.125385E-05
   269   2.124050E-03   2.306169E-03   2.124050E-05
   270   2.122896E-03   2.313183E-03   2.122896E-05
   271   2.122230E-03   2.696533E-03   2.122230E-05
   272   3.460527E-03   4.298354E-03   3.460527E-05
   273   3.457980E-03   3.951086E-03   3.457980E-05
   274   3.453583E-03   4.263316E-03   3.453583E-05
   275   3.448528E-03   4.158703E-03   3.448528E-05
   276   3.444168E-03   4.155487E-03   3.444168E-05
   277   3.441659E-03   4.500462E-03   3.441659E-05
   278   5.488169E-03   5.759425E-03   5.488169E-05
   279   5.477975E-03   5.929911E-03   5.477975E-05
   280   5.460448E-03   5.822666E-03   5.460448E-05
   281   5.440409E-03   5.498258E-03   5.440409E-05
   282   5.423225E-03   5.980870E-03   5.423225E-05
   283   5.413376E-03   5.407619E-03   5.413376E-05
   284   7.975985E-03   8.339154E-03   7.975985E-05
   285   7.949477E-03   7.829184E-03   7.949477E-05
   286   7.904019E-03   8.421044E-03   7.904019E-05
   287   7.852241E-03   8.058086E-03   7.852241E-05
   288   7.808007E-03   8.454296E-03   7.808007E-05
   289   7.782721E-03   7.970708E-03   7.782721E-05
   290   3.728971E-04   3.951438E-04   3.728971E-06
   291   3.728816E-04   3.698295E-04   3.728816E-06
   292   3.728549E-04   3.968638E-04   3.728549E-06
   293   3.728241E-04   2.958069E-04   3.728241E-06
   294   3.727974E-04   3.072731E-04   3.727974E-06
   295   3.727819E-04   2.964432E-04   3.727819E-06
   296   1.271844E-03   1.276779E-03   1.271844E-05
   297   1.271568E-03   1.292089E-03   1.271568E-05
   298   1.271092E-03   9.416908E-04   1.271092E-05
   299   1.270541E-03   1.264215E-03   1.270541E-05
   300   1.270065E-03   1.626393E-03   1.270065E-05
   301   1.269790E-03   1.385860E-03   1.269790E-05
   302   2.701869E-03   2.622643E-03   2.701869E-05
   303   2.700311E-03   2.370632E-03   2.700311E-05
   304   2.697616E-03   3.252017E-03   2.697616E-05
   305   2.694508E-03   3.104242E-03   2.694508E-05
   306   2.691821E-03   3.103622E-03   2.691821E-05
   307   2.690271E-03   4.068075E-03   2.690271E-05
   308   5.107890E-03   6.680921E-03   5.107890E-05
   309   5.102449E-03   6.623742E-03   5.102449E-05
   310   5.093042E-03   6.734511E-03   5.093042E-05
   311   5.082207E-03   6.438874E-03   5.082207E-05
   312   5.072847E-03   7.078881E-03   5.072847E-05
   313   5.067452E-03   7.819334E-03   5.067452E-05
   314   8.458280E-03   9.919941E-03   8.458280E-05
   315   8.445006E-03   9.570964E-03   8.445006E-05
   316   8.422081E-03   1.037576E-02   8.422081E-05
   317   8.395716E-03   9.409452E-03   8.395716E-05
   318   8.372975E-03   1.007671E-02   8.372975E-05
   319   8.359883E-03   9.448042E-03   8.359883E-05
   320   1.133446E-02   1.549878E-02   1.133446E-04
   321   1.131159E-02   1.520035E-02   1.131159E-04
   322   1.127217E-02   1.709400E-02   1.127217E-04
   323   1.122697E-02   1.518227E-02   1.122697E-04
   324   1.118809E-02   1.714908E-02   1.118809E-04
   325   1.116576E-02   1.553569E-02   1.116576E-04
   326   1.694411E-04   2.031681E-04   1.694411E-06
   327   1.694346E-04   2.064185E-04   1.694346E-06
   328   1.694233E-04   1.794311E-04   1.694233E-06
   329   1.694103E-04   1.745640E-04   1.694103E-06
   330   1.693990E-04   1.521652E-04   1.693990E-06
   331   1.693925E-04   1.919689E-04   1.693925E-06
   332   5.825480E-04   6.560663E-04   5.825480E-06
   333   5.823967E-04   6.534439E-04   5.823967E-06
   334   5.821350E-04   3.847624E-04   5.821350E-06
   335   5.818332E-04   2.304707E-04   5.818332E-06
   336   5.815722E-04   2.278816E-04   5.815722E-06
   337   5.814216E-04   1.876535E-04   5.814216E-06
   338   1.397266E-03   1.583837E-03   1.397266E-05
   339   1.395905E-03   1.666054E-03   1.395905E-05
   340   1.393554E-03   1.190904E-03   1.393554E-05
   341   1.390848E-03   1.478725E-03   1.390848E-05
   342   1.388512E-03   1.156213E-03   1.388512E-05
   343   1.387166E-03   1.251076E-03   1.387166E-05
   344   3.719433E-03   5.118581E-03   3.719433E-05
   345   3.710621E-03   5.171814E-03   3.710621E-05
   346   3.695429E-03   4.905991E-03   3.695429E-05
   347   3.677995E-03   5.025281E-03   3.677995E-05
   348   3.662989E-03   4.737207E-03   3.662989E-05
   349   3.654364E-03   4.894896E-03   3.654364E-05
   350   9.928978E-03   6.186389E-03   9.928978E-05
   351   9.888222E-03   6.455992E-03   9.888222E-05
   352   9.818137E-03   5.784118E-03   9.818137E-05
   353   9.738000E-03   6.154478E-03   9.738000E-05
   354   9.669276E-03   6.079435E-03   9.669276E-05
   355   9.629881E-03   5.830309E-03   9.629881E-05
   356   1.891732E-02   2.553360E-02   1.891732E-04
   357   1.881426E-02   2.542205E-02   1.881426E-04
   358   1.863744E-02   2.539957E-02   1.863744E-04
   359   1.843589E-02   2.579797E-02   1.843589E-04
   360   1.826357E-02   2.678372E-02   1.826357E-04
   361   1.816502E-02   2.489698E-02   1.816502E-04
   362   1.118719E-02   9.171327E-03   2.237438E-04
   363   5.701304E-03   4.795655E-03   1.140261E-04
   364   5.209374E-03   4.449673E-03   1.041875E-04
   365   3.638031E-03   2.962830E-03   7.276062E-05
   366   6.404468E-03   5.329589E-03   1.280894E-04
   367   1.844336E-03   1.700246E-03   3.688672E-05
   368   3.709114E-03   3.348078E-03   7.418228E-05
   369   3.716510E-03   2.968826E-03   7.433019E-05
   370   2.518294E-03   2.504438E-03   5.036589E-05
   371   3.562341E-03   3.176724E-03   7.124682E-05
   372   1.376420E-03   1.368420E-03   2.752839E-05
   373   1.302225E-02   1.079450E-02   2.604449E-04
   374   5.086731E-03   4.183117E-03   1.017346E-04
   375   1.064447E-02   9.178980E-03   2.128894E-04
   376   1.285141E-02   1.127177E-02   2.570282E-04
   377   2.636488E-03   2.526412E-03   5.272977E-05
   378   9.873560E-03   8.774230E-03   1.974712E-04
   379   1.535640E-03   1.329444E-03   3.071280E-05
   380   4.111067E-03   3.400670E-03   8.222135E-05
   381   4.096004E-03   4.110219E-03   8.192007E-05
   382   3.887665E-03   3.114716E-03   7.775329E-05
   383   1.023513E-02   8.791056E-03   2.047025E-04
   384   2.094854E-03   2.039996E-03   4.189708E-05
   385   7.168263E-03   7.416945E-03   1.433653E-04
   386   7.369448E-03   7.558220E-03   1.473890E-04
   387   1.036245E-02   1.055815E-02   2.072489E-04
   388   3.332118E-03   2.936980E-03   6.664236E-05
   389   1.261001E-03   1.159776E-03   2.522003E-05
   390   1.566815E-03   1.504298E-03   3.133630E-05
   391   3.476988E-03   2.707880E-03   6.953975E-05
   392   1.927492E-03   1.785807E-03   3.854983E-05
   393   1.034455E-02   9.823798E-03   2.068910E-04
   394   6.482766E-03   4.631382E-03   1.296553E-04
   395   3.293591E-03   2.743458E-03   6.587182E-05
   396   1.262959E-02   1.058896E-02   2.525917E-04
   397   1.325792E-03   1.275973E-03   2.651585E-05
   398   1.307184E-02   1.523724E-02   2.614368E-04
   399   5.209182E-03   3.738241E-03   1.041836E-04
   400   2.725570E-03   2.623000E-03   5.451141E-05
   401   1.273646E-02   1.259887E-02   2.547293E-04
   402   9.991806E-03   1.052560E-02   1.998361E-04
   403   6.424793E-03   5.421294E-03   1.284959E-04
   404   1.350663E-02   1.600592E-02   2.701326E-04
   405   3.013352E-03   2.119790E-03   6.026705E-05
   406   1.256803E-03   1.189238E-03   2.513607E-05
   407   1.650949E-03   1.635290E-03   3.301898E-05
   408   3.337900E-03   2.805398E-03   6.675800E-05
   409   4.745555E-03   4.199307E-03   9.491110E-05
   410   1.235833E-03   1.249557E-03   2.471667E-05
   411   1.694483E-03   1.645647E-03   3.388966E-05
   412   8.725576E-03   9.539949E-03   1.745115E-04
   413   3.850813E-03   3.129938E-03   7.701626E-05
   414   1.147973E-03   1.180563E-03   2.295945E-05
   415   2.586320E-03   2.256961E-03   5.172641E-05
   416   1.605471E-03   1.558819E-03   3.210943E-05
   417   2.410463E-03   2.066977E-03   4.820925E-05
   418   3.956459E-03   3.166399E-03   7.912919E-05
   419   7.334161E-03   6.158477E-03   1.466832E-04
   420   5.407697E-03   4.678716E-03   1.081539E-04
   421   1.008986E-03   9.777983E-04   2.017972E-05
   422   1.403111E-03   1.326834E-03   2.806223E-05
   423   2.087620E-03   1.788484E-03   4.175239E-05
   424   1.292623E-02   1.140028E-02   2.585247E-04
   425   3.361898E-03   2.697717E-03   6.723796E-05
   426   3.241457E-03   3.133152E-03   6.482913E-05
   427   1.622882E-02   1.367882E-02   3.245764E-04
   428   2.914416E-02   2.577563E-02   5.828833E-04
   429   1.287656E-02   1.325066E-02   2.575312E-04
   430   1.645070E-03   1.438841E-03   3.290140E-05
   431   6.081675E-03   5.860207E-03   1.216335E-04
   432   2.473586E-03   2.025055E-03   4.947173E-05
   433   9.355594E-03   7.664703E-03   1.871119E-04
   434   4.118656E-03   3.439158E-03   8.237313E-05
   435   3.887665E-03   3.104708E-03   7.775329E-05
   436   5.425307E-03   5.125723E-03   1.085061E-04
   437   1.285141E-02   1.131822E-02   2.570282E-04
   438   1.338775E-02   1.479528E-02   2.677550E-04
   439   9.138559E-03   8.975148E-03   1.827712E-04
   440   1.466686E-03   1.443792E-03   2.933372E-05
   441   1.230281E-03   1.142922E-03   2.460562E-05
   442   2.164850E-03   2.204315E-03   4.329701E-05
   443   1.715720E-03   1.428708E-03   3.431440E-05
   444   5.876696E-03   4.804039E-03   1.175339E-04
   445   2.395348E-03   1.940003E-03   4.790695E-05
   446   4.752106E-03   4.655753E-03   9.504212E-05
   447   1.186613E-03   1.129502E-03   2.373226E-05
   448   1.355002E-02   1.135092E-02   2.710003E-04
   449   3.184835E-03   2.538059E-03   6.369669E-05
   450   1.064447E-02   9.186275E-03   2.128894E-04
   451   1.535640E-03   1.332873E-03   3.071280E-05
   452   7.334161E-03   6.153873E-03   1.466832E-04
   453   1.522091E-03   1.583566E-03   3.044183E-05
   454   3.716510E-03   2.995721E-03   7.433019E-05
   455   1.901896E-03   1.616744E-03   3.803792E-05
   456   3.043952E-03   2.934147E-03   6.087904E-05
   457   1.038707E-02   8.556084E-03   2.077415E-04
   458   1.034628E-03   1.034454E-03   2.069256E-05
   459   1.230281E-03   1.128839E-03   2.460562E-05
   460   3.956459E-03   3.210522E-03   7.912919E-05
   461   3.638031E-03   2.918996E-03   7.276062E-05
   462   4.409992E-03   3.797774E-03   8.819983E-05
   463   4.650930E-03   3.785691E-03   9.301859E-05
   464   1.231562E-03   1.126634E-03   2.463124E-05
   465   9.854930E-03   1.044642E-02   1.970986E-04
   466   2.769166E-03   2.770514E-03   5.538331E-05
   467   2.087620E-03   1.765867E-03   4.175239E-05
   468   1.390723E-03   1.304826E-03   2.781447E-05
   469   5.588879E-03   4.717250E-03   1.117776E-04
   470   1.599592E-03   1.596141E-03   3.199184E-05
   471   2.410463E-03   2.061503E-03   4.820925E-05
   472   3.221398E-03   2.656253E-03   6.442796E-05
   473   2.655052E-03   2.513932E-03   5.310104E-05
   474   2.472990E-03   2.141511E-03   4.945980E-05
   475   1.470740E-03   1.432697E-03   2.941479E-05
   476   2.412098E-03   2.316545E-03   4.824195E-05
   477   4.859244E-03   5.003904E-03   9.718487E-05
   478   2.100401E-03   1.890978E-03   4.200802E-05
   479   2.684868E-03   2.560345E-03   5.369737E-05
   480   1.605471E-03   1.560897E-03   3.210943E-05
   481   8.038542E-03   7.529847E-03   1.607708E-04
   482   2.272565E-03   2.003958E-03   4.545130E-05
   483   2.835062E-03   2.785076E-03   5.670125E-05
   484   3.411151E-03   3.245015E-03   6.822303E-05
   485   2.930316E-03   2.914376E-03   5.860633E-05
   486   1.927492E-03   1.825663E-03   3.854983E-05
   487   1.650949E-03   1.583882E-03   3.301898E-05
   488   1.059652E-03   1.072576E-03   2.119304E-05
   489   1.147973E-03   1.170972E-03   2.295945E-05
   490   4.852275E-03   4.103611E-03   9.704551E-05
   491   3.679540E-03   3.241538E-03   7.359079E-05
   492   2.725570E-03   2.613112E-03   5.451141E-05
   493   2.896860E-03   2.536729E-03   5.793720E-05
   494   6.104997E-03   5.870795E-03   1.220999E-04
   495   1.261001E-03   1.172173E-03   2.522003E-05
   496   1.128739E-02   1.181197E-02   2.257477E-04
   497   1.256803E-03   1.235133E-03   2.513607E-05
   498   2.457652E-03   2.245659E-03   4.915305E-05
   499   3.209930E-03   2.865861E-03   6.419859E-05
   500   3.143110E-03   2.538124E-03   6.286221E-05
   501   2.161731E-03   1.729285E-03   4.323462E-05
   502   2.817515E-03   2.227814E-03   5.635030E-05
   503   7.381667E-03   6.129870E-03   1.476333E-04
   504   4.252131E-03   3.125412E-03   8.504262E-05
   505   1.365569E-02   1.593775E-02   2.731138E-04
   506   9.710843E-04   7.053550E-04   1.942169E-05
   507   5.731622E-03   4.684943E-03   1.146324E-04
   508   2.531445E-03   1.745690E-03   5.062890E-05
   509   7.573552E-03   5.934440E-03   1.514710E-04
   510   1.863807E-02   2.011830E-02   3.727614E-04
   511   1.360232E-02   1.191277E-02   2.720463E-04
   512   1.704174E-02   1.967910E-02   3.408349E-04
   513   2.837137E-02   2.960448E-02   5.674274E-04
   514   0.000000E+00   2.956612E-03   8.571999E-05
   515   0.000000E+00   1.497631E-03   4.928760E-05
   516   0.000000E+00   1.426447E-03   6.938575E-05
   517   0.000000E+00   9.136231E-04   3.784845E-05
   518   0.000000E+00   1.438651E-03   5.833195E-05
   519   0.000000E+00   6.214179E-04   3.567512E-05
   520   0.000000E+00   9.762489E-04   4.791193E-05
   521   0.000000E+00   8.080008E-04   3.792972E-05
   522   0.000000E+00   1.016182E-03   4.420725E-05
   523   0.000000E+00   8.357963E-04   4.893610E-05
   524   0.000000E+00   6.590872E-04   2.576351E-05
   525   0.000000E+00   2.062519E-03   8.947855E-05
   526   0.000000E+00   1.027241E-03   5.100023E-05
   527   0.000000E+00   2.292377E-03   7.263877E-05
   528   0.000000E+00   1.393263E-03   1.112597E-04
   529   0.000000E+00   7.160446E-04   5.354117E-05
   530   0.000000E+00   3.394452E-03   1.905779E-04
   531   0.000000E+00   1.838494E-04   3.233695E-05
   532   0.000000E+00  -9.049306E-05   4.774072E-05
   533   0.000000E+00   5.391961E-04   7.106440E-05
   534   0.000000E+00  -3.226658E-05   5.388827E-05
   535   0.000000E+00  -5.014597E-04   8.743535E-05
   536   0.000000E+00  -4.916523E-06   3.275580E-05
   537   0.000000E+00   2.211189E-03   4.587356E-04
   538   0.000000E+00  -3.116948E-04   3.185521E-04
   539   0.000000E+00   7.438903E-03   5.889728E-04
   540   0.000000E+00   1.575588E-03   7.864687E-05
   541   0.000000E+00   5.957834E-04   2.646036E-05
   542   0.000000E+00   6.628600E-04   2.638962E-05
   543   0.000000E+00   1.690278E-03   9.389042E-05
   544   0.000000E+00   7.001741E-04   3.011639E-05
   545   0.000000E+00   7.288378E-03   3.532326E-04
   546   0.000000E+00   2.778357E-03   1.419297E-04
   547   0.000000E+00   1.361711E-03   6.301965E-05
   548   0.000000E+00   7.802857E-03   3.330377E-04
   549   0.000000E+00   6.067209E-04   2.572478E-05
   550   0.000000E+00   1.178420E-02   6.532966E-04
   551   0.000000E+00   1.877630E-03   9.212542E-05
   552   0.000000E+00   1.335928E-03   4.467353E-05
   553   0.000000E+00   7.423851E-03   8.249259E-04
   554   0.000000E+00   7.376289E-03   3.649289E-04
   555   0.000000E+00   3.712626E-03   1.539804E-04
   556   0.000000E+00   5.280204E-03   6.346598E-04
   557   0.000000E+00   1.209048E-03   8.178753E-05
   558   0.000000E+00   6.249335E-04   2.410946E-05
   559   0.000000E+00   7.968610E-04   2.414284E-05
   560   0.000000E+00   1.629723E-03   6.979279E-05
   561   0.000000E+00   1.215162E-03   5.179795E-05
   562   0.000000E+00   6.349546E-04   1.919544E-05
   563   0.000000E+00   6.896279E-04   2.376196E-05
   564   0.000000E+00   6.928539E-03   3.452366E-04
   565   0.000000E+00   6.770521E-04   3.292312E-05
   566   0.000000E+00   5.616627E-04   2.041193E-05
   567   0.000000E+00   1.199554E-03   6.110786E-05
   568   0.000000E+00   5.832782E-04   2.060922E-05
   569   0.000000E+00   5.504086E-04   2.815692E-05
   570   0.000000E+00   5.236102E-04   3.147130E-05
   571   0.000000E+00   1.399571E-03   6.085316E-05
   572   0.000000E+00   2.015118E-03   1.118133E-04
   573   0.000000E+00   4.161478E-04   2.366837E-05
   574   0.000000E+00   4.339099E-04   1.953068E-05
   575   0.000000E+00   4.190931E-04   2.779137E-05
   576   0.000000E+00   1.437903E-03   9.873027E-05
   577   0.000000E+00   4.748589E-04   3.718324E-05
   578   0.000000E+00   1.035170E-03   7.636247E-05
   579   0.000000E+00   9.551332E-04   1.113851E-04
   580   0.000000E+00  -3.856797E-03   1.625447E-04
   581   0.000000E+00   6.442663E-03   6.834563E-04
   582   0.000000E+00   3.134820E-04   1.925692E-05
   583   0.000000E+00  -9.286073E-04   1.158571E-04
   584   0.000000E+00   1.759572E-04   3.991710E-05
   585   0.000000E+00  -1.144997E-03   7.434996E-05
   586   0.000000E+00  -6.300659E-04   3.911121E-05
   587   0.000000E+00   6.166841E-05   5.388827E-05
   588   0.000000E+00   1.011168E-03   1.845522E-04
   589   0.000000E+00  -1.451402E-03   1.112597E-04
   590   0.000000E+00   8.128425E-03   8.013370E-04
   591   0.000000E+00   2.153964E-02   6.984900E-04
   592   0.000000E+00   2.949910E-04   3.666105E-05
   593   0.000000E+00   1.946285E-04   2.240563E-05
   594   0.000000E+00   3.060784E-04   4.817192E-05
   595   0.000000E+00   1.589450E-04   3.031923E-05
   596   0.000000E+00  -8.581853E-04   5.235641E-05
   597   0.000000E+00  -9.627389E-05   3.690730E-05
   598   0.000000E+00   6.045199E-04   1.846210E-04
   599   0.000000E+00  -6.879638E-05   2.179130E-05
   600   0.000000E+00  -2.836599E-03   9.428622E-05
   601   0.000000E+00  -6.569501E-04   4.057387E-05
   602   0.000000E+00  -2.324916E-03   7.263877E-05
   603   0.000000E+00  -1.969740E-04   3.233695E-05
   604   0.000000E+00  -1.456672E-03   6.085316E-05
   605   0.000000E+00   3.711312E-05   3.886744E-05
   606   0.000000E+00  -7.951839E-04   3.792972E-05
   607   0.000000E+00  -3.531044E-04   3.065130E-05
   608   0.000000E+00  -7.896135E-06   1.055374E-04
   609   0.000000E+00  -2.243014E-03   6.793450E-05
   610   0.000000E+00  -2.012762E-04   2.506130E-05
   611   0.000000E+00  -1.903959E-04   2.240563E-05
   612   0.000000E+00  -5.374473E-04   3.147130E-05
   613   0.000000E+00  -8.910067E-04   3.784845E-05
   614   0.000000E+00  -9.933130E-04   5.626829E-05
   615   0.000000E+00  -1.305467E-03   5.365125E-05
   616   0.000000E+00  -3.065221E-04   3.100760E-05
   617   0.000000E+00  -1.682032E-03   6.214445E-04
   618   0.000000E+00  -7.647570E-04   7.379859E-05
   619   0.000000E+00  -4.218287E-04   2.779137E-05
   620   0.000000E+00  -3.305175E-04   3.134071E-05
   621   0.000000E+00  -1.635449E-03   6.665645E-05
   622   0.000000E+00  -3.886828E-04   3.974242E-05
   623   0.000000E+00  -5.303738E-04   2.815692E-05
   624   0.000000E+00  -7.750051E-04   3.335440E-05
   625   0.000000E+00  -8.863808E-04   6.736173E-05
   626   0.000000E+00  -5.676906E-04   3.504132E-05
   627   0.000000E+00  -4.411533E-04   2.657622E-05
   628   0.000000E+00  -8.337652E-04   2.873763E-05
   629   0.000000E+00  -3.666751E-04   2.415488E-04
   630   0.000000E+00  -5.849914E-04   4.024154E-05
   631   0.000000E+00  -1.002414E-03   7.362440E-05
   632   0.000000E+00  -5.735727E-04   2.060922E-05
   633   0.000000E+00  -2.186547E-03   2.758659E-04
   634   0.000000E+00  -6.857767E-04   3.847177E-05
   635   0.000000E+00  -1.262538E-03   4.285841E-05
   636   0.000000E+00  -1.332093E-03   4.331878E-05
   637   0.000000E+00  -1.353712E-03   3.060131E-05
   638   0.000000E+00  -6.901373E-04   3.011639E-05
   639   0.000000E+00  -7.617290E-04   2.414284E-05
   640   0.000000E+00  -4.455912E-04   2.575829E-05
   641   0.000000E+00  -5.245297E-04   2.041193E-05
   642   0.000000E+00  -2.023407E-03   1.317718E-04
   643   0.000000E+00  -1.091711E-03   1.116361E-04
   644   0.000000E+00  -1.358045E-03   4.467353E-05
   645   0.000000E+00  -1.434915E-03   7.097436E-05
   646   0.000000E+00  -2.956172E-03   1.717571E-04
   647   0.000000E+00  -6.003433E-04   2.646036E-05
   648   0.000000E+00  -8.627764E-03   6.347788E-04
   649   0.000000E+00  -6.372026E-04   2.410946E-05
   650   0.000000E+00  -1.060539E-03   4.117016E-05
   651   0.000000E+00  -1.494273E-03   6.411905E-05
   652   0.000000E+00  -1.411392E-03   7.552702E-05
   653   0.000000E+00  -8.731227E-04   5.065160E-05
   654   0.000000E+00  -1.271879E-03   7.019159E-05
   655   0.000000E+00  -4.333298E-03   2.141020E-04
   656   0.000000E+00  -1.905325E-03   1.031970E-04
   657   0.000000E+00  -1.447277E-02   8.124586E-04
   658   0.000000E+00  -3.475621E-04   2.755854E-05
   659   0.000000E+00  -2.973348E-03   1.293177E-04
   660   0.000000E+00  -8.670620E-04   7.103876E-05
   661   0.000000E+00  -4.054006E-03   2.108601E-04
   662   0.000000E+00  -1.199041E-02   6.538745E-04
   663   0.000000E+00  -8.913825E-03   3.143698E-04
   664   0.000000E+00  -1.703473E-02   6.913460E-04
   665   0.000000E+00   1.648523E-02   1.143279E-03
   666   0.000000E+00  -4.084175E-03   8.502500E-05
   667   0.000000E+00  -1.827745E-03   5.345402E-05
   668   0.000000E+00  -1.396944E-03   7.063079E-05
   669   0.000000E+00  -1.167171E-03   3.726087E-05
   670   0.000000E+00  -2.812610E-03   5.548086E-05
   671   0.000000E+00  -5.862483E-04   3.610002E-05
   672   0.000000E+00  -1.192871E-03   5.109268E-05
   673   0.000000E+00  -1.350262E-03   3.979963E-05
   674   0.000000E+00  -6.893005E-04   4.782883E-05
   675   0.000000E+00  -1.375911E-03   5.004599E-05
   676   0.000000E+00  -4.007495E-04   3.485687E-05
   677   0.000000E+00  -6.313402E-03   8.669034E-05
   678   0.000000E+00  -1.975052E-03   5.286713E-05
   679   0.000000E+00  -5.421501E-03   8.780515E-05
   680   0.000000E+00  -7.418534E-03   9.603366E-05
   681   0.000000E+00  -1.183693E-03   5.963232E-05
   682   0.000000E+00  -2.323901E-03   1.995973E-04
   683   0.000000E+00  -6.253483E-04   3.154722E-05
   684   0.000000E+00  -1.685342E-03   4.713132E-05
   685   0.000000E+00  -2.040095E-03   7.136238E-05
   686   0.000000E+00  -1.630200E-03   4.633345E-05
   687   0.000000E+00  -5.638862E-03   8.080342E-05
   688   0.000000E+00  -1.006977E-03   3.800434E-05
   689   0.000000E+00  -2.900596E-03   4.553733E-04
   690   0.000000E+00  -2.865689E-03   3.342714E-04
   691   0.000000E+00  -3.802786E-04   5.170341E-04
   692   0.000000E+00  -3.652739E-04   8.861092E-05
   693   0.000000E+00  -2.605840E-04   2.645064E-05
   694   0.000000E+00  -5.067059E-04   2.832537E-05
   695   0.000000E+00   6.510328E-05   1.000823E-04
   696   0.000000E+00  -6.393237E-04   3.068300E-05
   697   0.000000E+00   2.406467E-03   3.578252E-04
   698   0.000000E+00   3.709044E-04   1.539400E-04
   699   0.000000E+00  -3.809902E-04   6.082881E-05
   700   0.000000E+00   4.396991E-03   3.399691E-04
   701   0.000000E+00  -3.498790E-04   2.538879E-05
   702   0.000000E+00   1.190029E-02   7.181558E-04
   703   0.000000E+00   7.504769E-05   1.031984E-04
   704   0.000000E+00  -6.661605E-04   4.486014E-05
   705   0.000000E+00   4.543098E-03   9.890900E-04
   706   0.000000E+00   7.341263E-03   4.048614E-04
   707   0.000000E+00   9.032720E-04   1.716064E-04
   708   0.000000E+00   7.658453E-03   8.651080E-04
   709   0.000000E+00   1.282814E-04   8.641357E-05
   710   0.000000E+00  -3.292040E-04   2.172030E-05
   711   0.000000E+00  -5.515728E-04   2.603586E-05
   712   0.000000E+00  -1.972937E-04   7.987421E-05
   713   0.000000E+00  -1.577707E-03   5.287223E-05
   714   0.000000E+00  -4.435465E-04   1.745297E-05
   715   0.000000E+00  -6.485310E-04   2.384431E-05
   716   0.000000E+00   1.617872E-03   3.729572E-04
   717   0.000000E+00  -1.622012E-03   3.140260E-05
   718   0.000000E+00  -3.609706E-04   2.273269E-05
   719   0.000000E+00  -1.730802E-04   5.746233E-05
   720   0.000000E+00  -6.396191E-04   2.372358E-05
   721   0.000000E+00  -8.875828E-04   3.016024E-05
   722   0.000000E+00  -1.713873E-03   3.139118E-05
   723   0.000000E+00  -3.527238E-03   5.136381E-05
   724   0.000000E+00  -9.014229E-04   1.259637E-04
   725   0.000000E+00  -3.219657E-04   2.901345E-05
   726   0.000000E+00  -6.334719E-04   2.153188E-05
   727   0.000000E+00  -7.791248E-04   2.747425E-05
   728   0.000000E+00  -7.482805E-03   9.698348E-05
   729   0.000000E+00  -1.394037E-03   3.958268E-05
   730   0.000000E+00  -1.106431E-03   7.385422E-05
   731   0.000000E+00  -8.615884E-03   1.024805E-04
   732   0.000000E+00  -1.672952E-02   1.654751E-04
   733   0.000000E+00  -3.900460E-03   5.877665E-04
   734   0.000000E+00  -7.288582E-04   2.359301E-05
   735   0.000000E+00  -2.289010E-03   1.328803E-04
   736   0.000000E+00  -9.529477E-04   3.977570E-05
   737   0.000000E+00  -4.322733E-03   7.343206E-05
   738   0.000000E+00  -1.645936E-03   4.408569E-05
   739   0.000000E+00  -1.638532E-03   4.633345E-05
   740   0.000000E+00  -1.263124E-03   2.016173E-04
   741   0.000000E+00  -7.449864E-03   9.603366E-05
   742   0.000000E+00   1.104515E-02   1.073694E-03
   743   0.000000E+00   1.534472E-03   1.042696E-03
   744   0.000000E+00  -6.271619E-04   3.997074E-05
   745   0.000000E+00  -4.937910E-04   2.547163E-05
   746   0.000000E+00  -9.465618E-04   5.670562E-05
   747   0.000000E+00  -7.054551E-04   3.014662E-05
   748   0.000000E+00  -2.835100E-03   4.845909E-05
   749   0.000000E+00  -9.562500E-04   3.622306E-05
   750   0.000000E+00  -1.052547E-03   2.223257E-04
   751   0.000000E+00  -5.421812E-04   2.507152E-05
   752   0.000000E+00  -6.245572E-03   9.310043E-05
   753   0.000000E+00  -1.238308E-03   4.310329E-05
   754   0.000000E+00  -5.416813E-03   8.780515E-05
   755   0.000000E+00  -6.297685E-04   3.154722E-05
   756   0.000000E+00  -3.514014E-03   5.136381E-05
   757   0.000000E+00  -7.665145E-04   4.158928E-05
   758   0.000000E+00  -1.380809E-03   3.979963E-05
   759   0.000000E+00  -7.420076E-04   3.079421E-05
   760   0.000000E+00  -1.313393E-03   9.785477E-05
   761   0.000000E+00  -4.366927E-03   6.676575E-05
   762   0.000000E+00  -5.035037E-04   2.670224E-05
   763   0.000000E+00  -4.975943E-04   2.547163E-05
   764   0.000000E+00  -1.742698E-03   3.139118E-05
   765   0.000000E+00  -1.137370E-03   3.726087E-05
   766   0.000000E+00  -1.518786E-03   5.581810E-05
   767   0.000000E+00  -1.429513E-03   5.138683E-05
   768   0.000000E+00  -5.531228E-04   3.623462E-05
   769   0.000000E+00  -4.829869E-03   6.309801E-04
   770   0.000000E+00  -1.267765E-03   7.363586E-05
   771   0.000000E+00  -7.730127E-04   2.747425E-05
   772   0.000000E+00  -5.895041E-04   3.279285E-05
   773   0.000000E+00  -1.612660E-03   7.198962E-05
   774   0.000000E+00  -6.650950E-04   4.167816E-05
   775   0.000000E+00  -8.832208E-04   3.016024E-05
   776   0.000000E+00  -9.896860E-04   3.587868E-05
   777   0.000000E+00  -8.449602E-04   6.433065E-05
   778   0.000000E+00  -8.593342E-04   3.891477E-05
   779   0.000000E+00  -4.875420E-04   3.053185E-05
   780   0.000000E+00  -1.015769E-03   3.279801E-05
   781   0.000000E+00  -1.540171E-03   2.583525E-04
   782   0.000000E+00  -5.851848E-04   3.999934E-05
   783   0.000000E+00  -8.063034E-04   7.473856E-05
   784   0.000000E+00  -6.468169E-04   2.372358E-05
   785   0.000000E+00  -1.920265E-03   2.849040E-04
   786   0.000000E+00  -7.021341E-04   3.583350E-05
   787   0.000000E+00  -8.301852E-04   5.229974E-05
   788   0.000000E+00  -1.078345E-03   4.530177E-05
   789   0.000000E+00  -1.102216E-03   2.922159E-05
   790   0.000000E+00  -6.699595E-04   3.068300E-05
   791   0.000000E+00  -5.481162E-04   2.603586E-05
   792   0.000000E+00  -2.645297E-04   2.830580E-05
   793   0.000000E+00  -3.817354E-04   2.273269E-05
   794   0.000000E+00  -3.252560E-04   1.513282E-04
   795   0.000000E+00  -8.662498E-04   1.230757E-04
   796   0.000000E+00  -6.289428E-04   4.486014E-05
   797   0.000000E+00  -2.913268E-04   7.670949E-05
   798   0.000000E+00  -4.067600E-04   1.910509E-04
   799   0.000000E+00  -2.664843E-04   2.645064E-05
   800   0.000000E+00   4.477042E-04   5.318033E-04
   801   0.000000E+00  -3.337694E-04   2.172030E-05
   802   0.000000E+00  -5.321453E-04   4.094920E-05
   803   0.000000E+00  -4.801118E-04   7.061205E-05
   804   0.000000E+00  -1.444848E-05   7.469525E-05
   805   0.000000E+00  -2.216098E-04   4.777532E-05
   806   0.000000E+00  -1.693529E-04   7.891373E-05
   807   0.000000E+00   1.029618E-03   2.245348E-04
   808   0.000000E+00   1.692053E-04   1.128870E-04
   809   0.000000E+00   1.236928E-02   8.263193E-04
   810   0.000000E+00  -1.113846E-05   2.932472E-05
   811   0.000000E+00   3.585121E-04   1.452169E-04
   812   0.000000E+00   1.252733E-04   8.161353E-05
   813   0.000000E+00   1.315151E-03   2.181146E-04
   814   0.000000E+00   1.451406E-02   7.805474E-04
   815   0.000000E+00   5.400438E-03   3.362209E-04
   816   0.000000E+00   1.321254E-02   7.246632E-04
   817   0.000000E+00   8.788476E-03   1.567776E-03
   818   8.614137E-04  -2.196417E-03   3.356157E-03
   819   5.735512E-04  -7.529080E-04   1.710391E-03
   820   5.120814E-04  -6.134912E-04   1.562812E-03
   821   3.019566E-04  -5.996927E-04   1.091409E-03
   822   3.842681E-04  -1.220895E-03   1.921340E-03
   823   1.977128E-04  -2.750944E-04   5.533008E-04
   824   3.152747E-04  -4.978195E-04   1.112734E-03
   825   2.363700E-04  -6.165658E-04   1.114953E-03
   826   2.593843E-04  -4.182943E-04   7.554883E-04
   827   2.493639E-04  -5.562781E-04   1.068702E-03
   828   1.666844E-04  -3.223077E-04   4.129259E-04
   829   4.753119E-04  -1.820875E-03   3.906674E-03
   830   2.650187E-04  -7.645214E-04   1.526019E-03
   831   5.130635E-04  -2.048357E-03   3.193341E-03
   832   2.930122E-04  -1.299926E-03   3.855424E-03
   833   1.426340E-04  -5.025482E-04   7.909465E-04
   834   8.353032E-04  -1.580891E-03   2.962068E-03
   835   4.238366E-05  -1.299434E-04   4.606920E-04
   836  -2.425530E-05   6.478414E-05   1.233320E-03
   837   9.420808E-05  -3.922982E-04   1.228801E-03
   838  -1.671696E-05   5.453112E-05   1.166299E-03
   839  -1.064453E-04   4.600412E-04   3.070538E-03
   840  -2.094854E-07   8.332501E-06   6.284562E-04
   841   4.064405E-04  -1.385489E-03   2.150479E-03
   842   1.473890E-06   1.605216E-04   2.210834E-03
   843   1.265255E-03  -3.369594E-03   3.108734E-03
   844   4.178476E-04  -5.463188E-04   9.996354E-04
   845   1.617865E-04  -2.626196E-04   3.783004E-04
   846   1.869210E-04  -3.314941E-04   4.700445E-04
   847   5.556226E-04  -4.454875E-04   1.043096E-03
   848   2.193485E-04  -3.403863E-04   5.782475E-04
   849   1.908569E-03  -6.334731E-04   3.103364E-03
   850   1.128001E-03  -5.013139E-04   1.944830E-03
   851   4.406825E-04  -4.786929E-04   9.880773E-04
   852   2.693891E-03   1.037257E-03   3.788876E-03
   853   1.674476E-04  -2.845470E-04   3.977377E-04
   854   2.955543E-03   7.169752E-03   3.921552E-03
   855   8.136742E-04  -3.799601E-04   1.562754E-03
   856   3.625008E-04  -6.141051E-04   8.176711E-04
   857   3.516538E-03   6.283558E-03   3.820939E-03
   858   2.312104E-03   4.850715E-03   2.997542E-03
   859   1.126909E-03  -4.416054E-04   1.927438E-03
   860   3.779155E-03   9.720233E-03   4.051989E-03
   861   4.782190E-04  -2.185084E-04   9.040057E-04
   862   1.616249E-04  -3.247721E-04   3.770410E-04
   863   2.101658E-04  -4.425096E-04   4.952847E-04
   864   4.579599E-04  -5.341699E-04   1.001370E-03
   865   4.612680E-04  -5.516466E-04   1.423667E-03
   866   1.523783E-04  -3.814581E-04   3.707500E-04
   867   1.948655E-04  -4.083459E-04   5.083449E-04
   868   1.312327E-03  -1.322587E-03   2.617673E-03
   869   2.787988E-04  -5.087939E-04   1.155244E-03
   870   1.276546E-04  -2.895031E-04   3.443918E-04
   871   3.302731E-04  -3.388547E-04   7.758961E-04
   872   1.629554E-04  -3.460904E-04   4.816414E-04
   873   2.041662E-04  -3.352723E-04   7.231388E-04
   874   2.156270E-04  -4.501133E-04   1.186938E-03
   875   3.527731E-04  -1.253588E-03   2.200248E-03
   876   5.337397E-04  -7.861637E-04   1.622309E-03
   877   9.282673E-05  -2.332555E-04   3.026959E-04
   878   1.158970E-04  -2.995737E-04   4.209334E-04
   879   1.436282E-04  -2.704326E-04   6.262859E-04
   880   2.998886E-04  -1.356359E-03   3.877870E-03
   881   1.637244E-04  -3.971875E-04   1.008569E-03
   882   2.116671E-04  -6.127799E-04   9.724370E-04
   883   2.207120E-04  -9.202949E-04   4.868647E-03
   884  -8.043790E-04   3.456498E-03   8.743249E-03
   885   9.966457E-04  -3.869973E-03   3.862968E-03
   886   8.850477E-05  -2.409000E-04   4.935210E-04
   887  -1.471765E-04   5.152843E-04   1.824502E-03
   888   6.876570E-05  -1.505851E-04   7.420759E-04
   889  -3.321236E-04   1.033121E-03   2.806678E-03
   890  -1.836921E-04   4.635887E-04   1.235597E-03
   891   1.671696E-05  -6.662861E-05   1.166299E-03
   892   2.614998E-04  -3.222271E-04   1.627592E-03
   893  -2.930122E-04   1.340529E-03   3.855424E-03
   894   2.907819E-03   1.135822E-02   4.016324E-03
   895   2.741568E-03   1.832298E-03   2.741568E-03
   896   5.470738E-05  -1.892728E-04   4.400057E-04
   897   3.776962E-05  -1.311104E-04   3.690843E-04
   898   4.546186E-05  -1.873693E-04   6.494551E-04
   899   4.066256E-05  -1.125607E-04   5.147159E-04
   900  -1.939310E-04   7.259712E-04   1.763009E-03
   901  -2.083952E-05   6.708771E-05   7.186043E-04
   902   9.931902E-05  -1.641680E-04   1.425632E-03
   903  -9.730228E-06   4.713904E-05   3.559840E-04
   904  -7.086659E-04   2.465511E-03   4.065005E-03
   905  -1.678408E-04   4.987812E-04   9.554504E-04
   906  -5.130635E-04   2.071942E-03   3.193341E-03
   907  -4.238366E-05   1.438924E-04   4.606920E-04
   908  -3.527731E-04   1.300014E-03   2.200248E-03
   909   3.500810E-06  -2.658201E-05   4.566274E-04
   910  -2.363700E-04   6.180227E-04   1.114953E-03
   911  -9.775745E-05   2.484065E-04   5.705688E-04
   912  -1.735053E-05   9.667538E-06   9.131856E-04
   913  -7.208630E-04   1.806385E-03   3.116122E-03
   914  -3.517735E-05   1.429673E-04   3.103884E-04
   915  -3.776962E-05   1.237512E-04   3.690843E-04
   916  -2.156270E-04   4.557258E-04   1.186938E-03
   917  -3.019566E-04   5.818247E-04   1.091409E-03
   918  -3.430974E-04   5.937239E-04   1.322998E-03
   919  -4.167233E-04   8.382388E-04   1.395279E-03
   920  -6.638119E-05   2.201740E-04   3.694686E-04
   921  -3.173288E-04   1.135087E-03   2.956479E-03
   922  -1.420582E-04   5.216770E-04   8.307497E-04
   923  -1.436282E-04   2.786409E-04   6.262859E-04
   924  -9.456918E-05   2.186061E-04   4.172170E-04
   925  -5.940978E-04   7.886698E-04   1.676664E-03
   926  -6.974222E-05   2.354471E-04   4.798776E-04
   927  -2.041662E-04   3.199811E-04   7.231388E-04
   928  -3.092542E-04   3.944325E-04   9.664194E-04
   929  -1.956773E-04   5.085025E-04   7.965155E-04
   930  -2.228164E-04   2.883310E-04   7.418970E-04
   931  -1.251599E-04   2.075886E-04   4.412219E-04
   932  -2.071992E-04   5.463680E-04   7.236293E-04
   933  -1.482069E-04   1.746371E-04   1.457773E-03
   934  -2.020586E-04   2.185118E-04   6.301204E-04
   935  -2.223071E-04   5.303426E-04   8.054605E-04
   936  -1.629554E-04   3.410940E-04   4.816414E-04
   937  -5.715403E-04   8.273517E-04   2.411563E-03
   938  -2.418009E-04   2.980213E-04   6.817695E-04
   939  -3.274497E-04   6.056171E-04   8.505187E-04
   940  -3.892124E-04   6.304852E-04   1.023345E-03
   941  -3.487076E-04   8.175409E-04   8.790949E-04
   942  -2.193485E-04   3.448967E-04   5.782475E-04
   943  -2.101658E-04   4.290895E-04   4.952847E-04
   944  -1.069189E-04   1.724587E-04   3.178956E-04
   945  -1.276546E-04   2.795608E-04   3.443918E-04
   946  -5.788765E-04   5.423534E-04   1.455683E-03
   947  -2.594075E-04   4.886161E-04   1.103862E-03
   948  -3.625008E-04   6.229049E-04   8.176711E-04
   949  -3.884689E-04   5.135075E-04   8.690579E-04
   950  -7.374836E-04   7.123005E-04   1.831499E-03
   951  -1.617865E-04   2.619153E-04   3.783004E-04
   952  -1.502351E-03   3.285820E-03   3.386216E-03
   953  -1.616249E-04   3.204066E-04   3.770410E-04
   954  -3.133507E-04   4.601407E-04   7.372957E-04
   955  -3.697839E-04   6.044845E-04   9.629789E-04
   956  -4.346921E-04   3.020066E-04   9.429331E-04
   957  -2.931307E-04   3.249775E-04   6.485193E-04
   958  -4.147382E-04   4.400921E-04   8.452545E-04
   959  -1.345678E-03   6.105001E-04   2.214500E-03
   960  -7.275396E-04   4.305260E-04   1.275639E-03
   961  -2.727041E-03  -4.195874E-03   4.096707E-03
   962  -1.428465E-04   9.105500E-05   2.913253E-04
   963  -9.439981E-04   5.554339E-04   1.719487E-03
   964  -4.126256E-04   9.520589E-05   7.594335E-04
   965  -1.460938E-03   2.807162E-04   2.272066E-03
   966  -4.797439E-03  -1.314767E-02   5.591420E-03
   967  -2.848325E-03  -1.416185E-03   4.080695E-03
   968  -3.352111E-03  -3.960451E-03   5.112523E-03
   969  -8.142583E-03  -1.189333E-02   8.511411E-03
   970   0.000000E+00   1.487295E-03   3.356157E-03
   971   0.000000E+00   6.109731E-04   1.710391E-03
   972   0.000000E+00   3.548943E-04   1.562812E-03
   973   0.000000E+00   3.497732E-04   1.091409E-03
   974   0.000000E+00   1.320924E-03   1.921340E-03
   975   0.000000E+00   2.143281E-04   5.533008E-04
   976   0.000000E+00   3.641090E-04   1.112734E-03
   977   0.000000E+00   5.306988E-04   1.114953E-03
   978   0.000000E+00   2.155884E-04   7.554883E-04
   979   0.000000E+00   5.316040E-04   1.068702E-03
   980   0.000000E+00   1.328768E-04   4.129259E-04
   981   0.000000E+00   3.484702E-03   3.906674E-03
   982   0.000000E+00   8.567166E-04   1.526019E-03
   983   0.000000E+00   2.956949E-03   3.193341E-03
   984   0.000000E+00   4.558417E-03   3.855424E-03
   985   0.000000E+00   5.276707E-04   7.909465E-04
   986   0.000000E+00   5.015619E-04   2.962068E-03
   987   0.000000E+00   2.690367E-04   4.606920E-04
   988   0.000000E+00   7.829971E-04   1.233320E-03
   989   0.000000E+00   9.524046E-04   1.228801E-03
   990   0.000000E+00   8.335617E-04   1.166299E-03
   991   0.000000E+00   3.415227E-03   3.070538E-03
   992   0.000000E+00   4.679334E-04   6.284562E-04
   993   0.000000E+00   1.091643E-03   2.150479E-03
   994   0.000000E+00   9.024830E-04   2.210834E-03
   995   0.000000E+00  -9.842673E-04   3.108734E-03
   996   0.000000E+00   2.619197E-05   9.996354E-04
   997   0.000000E+00   7.412812E-05   3.783004E-04
   998   0.000000E+00   1.930385E-04   4.700445E-04
   999   0.000000E+00  -1.375505E-04   1.043096E-03
  1000   0.000000E+00   2.387357E-04   5.782475E-04
  1001   0.000000E+00  -6.383085E-04   3.103364E-03
  1002   0.000000E+00  -3.349302E-04   1.944830E-03
  1003   0.000000E+00   6.116926E-05   9.880773E-04
  1004   0.000000E+00  -6.198928E-04   3.788876E-03
  1005   0.000000E+00   1.154705E-04   3.977377E-04
  1006   0.000000E+00   4.926292E-04   3.921552E-03
  1007   0.000000E+00  -1.750458E-04   1.562754E-03
  1008   0.000000E+00   2.166750E-04   8.176711E-04
  1009   0.000000E+00   8.182685E-03   3.820939E-03
  1010   0.000000E+00   1.233986E-03   2.997542E-03
  1011   0.000000E+00  -1.935658E-04   1.927438E-03
  1012   0.000000E+00   1.051461E-02   4.051989E-03
  1013   0.000000E+00  -1.216835E-04   9.040057E-04
  1014   0.000000E+00   1.003167E-04   3.770410E-04
  1015   0.000000E+00   1.958052E-04   4.952847E-04
  1016   0.000000E+00  -4.472213E-05   1.001370E-03
  1017   0.000000E+00   5.428599E-04   1.423667E-03
  1018   0.000000E+00   1.626291E-04   3.707500E-04
  1019   0.000000E+00   2.530066E-04   5.083449E-04
  1020   0.000000E+00  -9.524797E-04   2.617673E-03
  1021   0.000000E+00   7.297126E-04   1.155244E-03
  1022   0.000000E+00   1.125394E-04   3.443918E-04
  1023   0.000000E+00  -2.566716E-05   7.758961E-04
  1024   0.000000E+00   2.521557E-04   4.816414E-04
  1025   0.000000E+00   3.272880E-04   7.231388E-04
  1026   0.000000E+00   8.172956E-04   1.186938E-03
  1027   0.000000E+00   1.852326E-03   2.200248E-03
  1028   0.000000E+00   9.201581E-05   1.622309E-03
  1029   0.000000E+00   9.876045E-05   3.026959E-04
  1030   0.000000E+00   2.809601E-04   4.209334E-04
  1031   0.000000E+00   2.966908E-04   6.262859E-04
  1032   0.000000E+00   4.579587E-03   3.877870E-03
  1033   0.000000E+00   6.510623E-04   1.008569E-03
  1034   0.000000E+00   3.737697E-04   9.724370E-04
  1035   0.000000E+00   5.130418E-03   4.868647E-03
  1036   0.000000E+00   1.016618E-02   8.743249E-03
  1037   0.000000E+00   1.119371E-03   3.862968E-03
  1038   0.000000E+00   3.371978E-04   4.935210E-04
  1039   0.000000E+00   8.373649E-04   1.824502E-03
  1040   0.000000E+00   4.159010E-04   7.420759E-04
  1041   0.000000E+00   2.267025E-03   2.806678E-03
  1042   0.000000E+00   7.224879E-04   1.235597E-03
  1043   0.000000E+00   8.429401E-04   1.166299E-03
  1044   0.000000E+00   1.442849E-04   1.627592E-03
  1045   0.000000E+00   4.581369E-03   3.855424E-03
  1046   0.000000E+00   7.562873E-03   4.016324E-03
  1047   0.000000E+00   2.284473E-03   2.741568E-03
  1048   0.000000E+00   2.669523E-04   4.400057E-04
  1049   0.000000E+00   1.987447E-04   3.690843E-04
  1050   0.000000E+00   3.907267E-04   6.494551E-04
  1051   0.000000E+00   3.285640E-04   5.147159E-04
  1052   0.000000E+00   1.599615E-03   1.763009E-03
  1053   0.000000E+00   4.484486E-04   7.186043E-04
  1054   0.000000E+00  -2.566782E-05   1.425632E-03
  1055   0.000000E+00   2.366806E-04   3.559840E-04
  1056   0.000000E+00   3.137737E-03   4.065005E-03
  1057   0.000000E+00   5.631639E-04   9.554504E-04
  1058   0.000000E+00   2.953103E-03   3.193341E-03
  1059   0.000000E+00   2.762134E-04   4.606920E-04
  1060   0.000000E+00   1.835423E-03   2.200248E-03
  1061   0.000000E+00   3.532599E-04   4.566274E-04
  1062   0.000000E+00   5.529294E-04   1.114953E-03
  1063   0.000000E+00   3.069621E-04   5.705688E-04
  1064   0.000000E+00   5.392499E-04   9.131856E-04
  1065   0.000000E+00   1.932758E-03   3.116122E-03
  1066   0.000000E+00   2.311622E-04   3.103884E-04
  1067   0.000000E+00   2.060325E-04   3.690843E-04
  1068   0.000000E+00   8.369324E-04   1.186938E-03
  1069   0.000000E+00   3.356721E-04   1.091409E-03
  1070   0.000000E+00   5.060306E-04   1.322998E-03
  1071   0.000000E+00   3.808905E-04   1.395279E-03
  1072   0.000000E+00   2.554975E-04   3.694686E-04
  1073   0.000000E+00   2.261626E-03   2.956479E-03
  1074   0.000000E+00   5.630495E-04   8.307497E-04
  1075   0.000000E+00   2.962094E-04   6.262859E-04
  1076   0.000000E+00   2.443898E-04   4.172170E-04
  1077   0.000000E+00   4.666137E-04   1.676664E-03
  1078   0.000000E+00   2.789070E-04   4.798776E-04
  1079   0.000000E+00   3.261191E-04   7.231388E-04
  1080   0.000000E+00   2.932128E-04   9.664194E-04
  1081   0.000000E+00   2.611788E-04   7.965155E-04
  1082   0.000000E+00   3.061647E-04   7.418970E-04
  1083   0.000000E+00   1.532334E-04   4.412219E-04
  1084   0.000000E+00   4.184015E-04   7.236293E-04
  1085   0.000000E+00   3.164494E-04   1.457773E-03
  1086   0.000000E+00   1.677073E-04   6.301204E-04
  1087   0.000000E+00   2.410576E-04   8.054605E-04
  1088   0.000000E+00   2.577187E-04   4.816414E-04
  1089   0.000000E+00   3.200539E-04   2.411563E-03
  1090   0.000000E+00   2.443567E-04   6.817695E-04
  1091   0.000000E+00   2.740995E-04   8.505187E-04
  1092   0.000000E+00   3.932137E-04   1.023345E-03
  1093   0.000000E+00   4.183475E-04   8.790949E-04
  1094   0.000000E+00   2.540217E-04   5.782475E-04
  1095   0.000000E+00   1.965290E-04   4.952847E-04
  1096   0.000000E+00   7.374867E-05   3.178956E-04
  1097   0.000000E+00   1.264232E-04   3.443918E-04
  1098   0.000000E+00  -5.694403E-05   1.455683E-03
  1099   0.000000E+00   1.702963E-04   1.103862E-03
  1100   0.000000E+00   1.863477E-04   8.176711E-04
  1101   0.000000E+00   1.974584E-05   8.690579E-04
  1102   0.000000E+00  -3.824270E-05   1.831499E-03
  1103   0.000000E+00   7.963680E-05   3.783004E-04
  1104   0.000000E+00  -1.431367E-03   3.386216E-03
  1105   0.000000E+00   9.876631E-05   3.770410E-04
  1106   0.000000E+00   1.549946E-04   7.372957E-04
  1107   0.000000E+00   3.539106E-05   9.629789E-04
  1108   0.000000E+00  -4.623838E-05   9.429331E-04
  1109   0.000000E+00   1.201149E-05   6.485193E-04
  1110   0.000000E+00  -3.269056E-05   8.452545E-04
  1111   0.000000E+00  -3.187868E-04   2.214500E-03
  1112   0.000000E+00  -2.182611E-04   1.275639E-03
  1113   0.000000E+00  -4.045588E-03   4.096707E-03
  1114   0.000000E+00  -3.467321E-05   2.913253E-04
  1115   0.000000E+00  -1.397291E-04   1.719487E-03
  1116   0.000000E+00  -8.375765E-05   7.594335E-04
  1117   0.000000E+00  -4.748694E-04   2.272066E-03
  1118   0.000000E+00   7.633331E-03   5.591420E-03
  1119   0.000000E+00  -7.650604E-04   4.080695E-03
  1120   0.000000E+00  -3.563250E-03   5.112523E-03
  1121   0.000000E+00   1.580296E-02   8.511411E-03
