 smom1,sph1,sth1,slr1
          16           6           6          10
 phi boundaries
  0.00000E+00  2.61799E-01  5.23599E-01  7.85398E-01  1.04720E+00  1.30900E+00  1.57080E+00
 theta boundaries
  0.00000E+00  2.61799E-01  5.23599E-01  7.85398E-01  1.04720E+00  1.30900E+00  1.57080E+00
 radius boundaries in arcsec
  0.00000E+00  1.19639E+00  1.80726E+00  2.73003E+00  4.12397E+00  6.22963E+00  9.41044E+00  1.42153E+01  2.14736E+01  3.24379E+01  9.80009E+03
                                                                              phi,theta,r,mgemass,fitmass,errmass,x,y,z 
                                           (in arcsec),vx,vy,vz,xv2,vy2,vz2,vxvy,vyvz,vzvx,orbit long, orbit short,boxes
       1       1       1  4.15528E-04  4.27650E-04  4.15528E-06  1.16316E-01  1.54598E-02  5.70352E-01 -1.35272E+01  6.65874E+01  2.33277E+00  7.09282E+03  1.03865E+04  9.64003E+03 -6.45110E+02 -4.37018E+02  7.65603E+02  0.00000E+00  3.67605E-04  6.00460E-05
       1       1       2  1.18325E-04  1.43208E-04  1.18325E-06  3.08739E-01  3.99973E-02  1.44988E+00 -1.58535E+01  6.37106E+01 -1.88459E-01  7.61110E+03  8.99873E+03  9.85246E+03 -1.25599E+03 -9.15581E+01  3.78556E+02  0.00000E+00  1.24254E-04  1.89537E-05
       1       1       3  2.04140E-04  2.48303E-04  2.04140E-06  4.30358E-01  5.73852E-02  2.10386E+00 -3.09550E+00  3.34608E+01  7.36555E+00  6.83805E+03  5.34864E+03  3.99967E+03 -3.11252E+02  2.23302E+02  7.32020E+02  0.00000E+00  1.97451E-04  5.08524E-05
       1       1       4  2.86858E-04  1.88268E-04  2.86858E-06  7.48818E-01  9.62690E-02  3.60733E+00 -1.14605E+01  5.89583E+01  7.14960E-01  8.77968E+03  1.34376E+04  4.15533E+03 -1.58942E+03 -6.38860E+01  6.78555E+02  0.00000E+00  1.81695E-04  6.57264E-06
       1       1       5  2.61783E-04  3.61296E-04  2.61783E-06  1.12695E+00  1.48639E-01  5.17633E+00 -7.26166E+00  3.82103E+01  4.66422E+00  3.39731E+03  6.15575E+03  4.43012E+03 -7.71350E+02 -1.53595E+02  2.69596E+02  0.00000E+00  3.52584E-04  8.71174E-06
       1       1       6  2.09531E-04  2.14294E-04  2.09531E-06  1.43636E+00  1.78702E-01  6.59737E+00 -6.99951E+00  2.11351E+01  9.00454E+00  1.46342E+03  2.97183E+03  3.87138E+03 -5.16996E+02 -1.42518E+02  5.15474E+02  0.00000E+00  1.95250E-04  1.90446E-05
       1       1       7  2.13537E-04  2.62829E-04  2.13537E-06  2.52294E+00  3.34884E-01  1.22238E+01  2.20175E+01 -8.39657E+01  3.06010E-01  5.96312E+03  9.05023E+03  5.28686E+03 -1.19134E+03  1.41001E+01  5.61818E+02  0.00000E+00  2.26577E-04  3.62520E-05
       1       1       8  3.57905E-04  4.65034E-04  3.57905E-06  3.68459E+00  4.91979E-01  1.78039E+01  1.53165E+01 -5.55051E+01 -6.79928E-01  2.51812E+03  4.12384E+03  4.20174E+03 -6.31577E+02  1.00781E+02  2.96843E+02  0.00000E+00  3.78953E-04  8.60814E-05
       1       1       9  3.72897E-04  3.95144E-04  3.72897E-06  4.65470E+00  6.11928E-01  2.35429E+01  7.56659E+00 -2.87248E+01  4.39661E-01  9.63561E+02  1.63410E+03  2.05738E+03 -2.64401E+02 -2.95599E+01  2.22797E+02  0.00000E+00  2.27012E-04  1.68131E-04
       1       1      10  1.69441E-04  2.03168E-04  1.69441E-06  1.53076E+01  2.22628E+00  7.33998E+01  5.13355E+00 -1.57025E+01  1.96619E+00  6.45829E+02  4.48640E+02  7.19216E+03 -2.62078E+01  8.07009E+01  4.30201E+02  0.00000E+00  1.39161E-04  6.40075E-05
       1       2       1  1.25550E-03  1.03235E-03  1.25550E-05  2.02003E-01  2.62443E-02  4.81381E-01 -5.67402E+00  4.67136E+01  4.79561E-02  9.69162E+03  5.27788E+03  1.06337E+04  5.86584E+02  4.47066E+02  3.82318E+02  0.00000E+00  8.85522E-04  1.46831E-04
       1       2       2  3.60989E-04  3.10029E-04  3.60989E-06  5.67177E-01  7.31136E-02  1.39773E+00 -2.89635E+00  2.70701E+01 -4.79694E-01  1.22362E+04  2.29732E+03  1.03461E+04  1.33963E+03  1.32406E+02  8.89801E+02  0.00000E+00  2.79100E-04  3.09292E-05
       1       2       3  6.20607E-04  3.83072E-04  6.20607E-06  8.07060E-01  1.07600E-01  2.04810E+00 -1.13866E+01  4.35053E+00 -2.17939E+00  8.11855E+03  1.01179E+03  8.88209E+03  1.34404E+03  8.85304E+02  2.79579E+03  0.00000E+00  2.83981E-04  9.90907E-05
       1       2       4  8.95077E-04  3.72968E-04  8.95077E-06  1.34074E+00  1.76265E-01  3.30894E+00 -1.64438E+00  1.33667E+01  5.89840E+00  1.44748E+04  3.77615E+03  1.16875E+04  1.44913E+03  8.00054E-01  1.72948E+03  0.00000E+00  3.38688E-04  3.42799E-05
       1       2       5  8.32934E-04  7.68995E-04  8.32934E-06  1.98923E+00  2.56664E-01  4.84774E+00 -1.05888E+00  1.35216E+01  6.95802E+00  6.98588E+03  1.41354E+03  7.18620E+03  6.61591E+02 -1.00883E+02  8.72040E+02  0.00000E+00  7.06903E-04  6.20925E-05
       1       2       6  7.01635E-04  6.84260E-04  7.01635E-06  2.76785E+00  3.93167E-01  6.53768E+00  4.18623E+00  3.91615E+00  1.16340E+01  2.74365E+03  5.42326E+02  5.39398E+03  3.36263E+02  1.31489E+02  1.62039E+03  0.00000E+00  5.43180E-04  1.41080E-04
       1       2       7  6.91754E-04  5.17669E-04  6.91754E-06  4.71912E+00  5.86646E-01  1.12892E+01  1.18352E+01 -3.09942E+01  1.65959E+01  9.67963E+03  2.22045E+03  9.44177E+03  1.18229E+03  4.69786E+02  2.70052E+03  0.00000E+00  3.48088E-04  1.69581E-04
       1       2       8  1.14238E-03  1.02698E-03  1.14238E-05  6.94781E+00  9.86589E-01  1.67656E+01  6.72047E+00 -1.97153E+01  1.00463E+01  4.61657E+03  8.82140E+02  5.61533E+03  6.31696E+02  2.69500E+02  1.30436E+03  0.00000E+00  6.74296E-04  3.52681E-04
       1       2       9  1.27184E-03  1.27678E-03  1.27184E-05  1.00334E+01  1.60679E+00  2.26490E+01  3.15796E+00 -6.20862E+00  5.62736E+00  1.31039E+03  2.40141E+02  2.30954E+03  1.70918E+02  1.52197E+02  7.12949E+02  0.00000E+00  3.53983E-04  9.22796E-04
       1       2      10  5.82548E-04  6.56066E-04  5.82548E-06  2.77144E+01  4.11872E+00  7.08502E+01 -2.03013E-01 -3.51933E+00 -1.55932E+00  1.31918E+03  8.14500E+01  6.43774E+03  2.00151E+02  2.72289E+02  1.71277E+03  0.00000E+00  2.17396E-04  4.38670E-04
       1       3       1  2.10663E-03  1.88869E-03  2.10663E-05  3.70125E-01  4.85317E-02  5.02231E-01 -1.98704E+00  3.09734E+01 -4.25383E-01  6.64695E+03  2.72378E+03  7.76717E+03  4.01849E+02 -1.82697E+01  4.33690E+02  0.00000E+00  1.80121E-03  8.74739E-05
       1       3       2  6.18188E-04  6.63058E-04  6.18188E-06  9.15400E-01  1.20770E-01  1.21866E+00 -2.21597E+00  2.78851E+01 -6.23907E-01  1.06080E+04  2.25681E+03  1.05334E+04  1.02515E+03  1.42543E+01  1.18546E+03  0.00000E+00  6.11715E-04  5.13425E-05
       1       3       3  1.05254E-03  8.98726E-04  1.05254E-05  1.32207E+00  1.69291E-01  1.76554E+00 -2.36367E+00  1.87828E+01 -1.31335E+00  5.33547E+03  1.12223E+03  5.08184E+03  5.08733E+02  1.19689E+02  9.19251E+02  0.00000E+00  7.48306E-04  1.50420E-04
       1       3       4  1.59432E-03  1.00110E-03  1.59432E-05  2.06767E+00  2.74128E-01  2.71700E+00  1.00728E+01 -7.33162E+01 -1.96441E+00  9.73547E+03  1.57536E+04  9.15330E+03 -9.80094E+02  1.49227E+02  1.80636E+03  0.00000E+00  8.93842E-04  1.07260E-04
       1       3       5  1.54655E-03  1.35147E-03  1.54655E-05  3.23008E+00  4.33387E-01  4.12905E+00  2.35092E+00 -1.99539E+01 -1.50540E+00  6.52781E+03  2.96981E+03  7.11509E+03  5.14235E+02  2.74484E+02  1.69419E+03  0.00000E+00  1.21441E-03  1.37057E-04
       1       3       6  1.44069E-03  1.66161E-03  1.44069E-05  4.17250E+00  5.42017E-01  5.68195E+00  2.47981E+00 -2.22853E+01 -1.39913E+00  2.21029E+03  1.97690E+03  3.86747E+03  3.18010E+01  2.11973E+02  1.57174E+03  0.00000E+00  1.45016E-03  2.11451E-04
       1       3       7  1.39023E-03  1.17807E-03  1.39023E-05  7.28665E+00  9.47623E-01  9.75202E+00  1.25687E+01 -6.45934E+01  5.61250E+00  6.34256E+03  7.80319E+03  8.26906E+03 -2.24015E+02  2.79906E+02  2.49898E+03  0.00000E+00  8.79517E-04  2.98557E-04
       1       3       8  2.12721E-03  2.27422E-03  2.12721E-05  1.08650E+01  1.41585E+00  1.44487E+01  7.10450E+00 -3.95449E+01  2.55388E+00  3.68034E+03  3.18373E+03  4.79299E+03  1.29380E+02  1.99609E+02  1.44606E+03  0.00000E+00  1.58702E-03  6.87192E-04
       1       3       9  2.70187E-03  2.62264E-03  2.70187E-05  1.48375E+01  1.88657E+00  1.96636E+01  5.59144E+00 -1.60128E+01 -7.42151E-02  1.51885E+03  9.84677E+02  2.09573E+03 -5.09784E+01  8.83367E+01  7.04751E+02  0.00000E+00  1.02313E-03  1.59951E-03
       1       3      10  1.39727E-03  1.58384E-03  1.39727E-05  4.51469E+01  6.50329E+00  5.94175E+01 -6.78308E+00 -2.09176E+01  1.15638E+00  2.90740E+03  7.51114E+02  4.72940E+03  5.34882E+02  1.08347E+02  1.00550E+03  0.00000E+00  1.21225E-03  3.71589E-04
       1       4       1  2.92538E-03  2.62166E-03  2.92538E-05  5.09316E-01  6.73829E-02  3.60406E-01  1.48388E+00 -2.62154E+00  2.98661E-01  4.96965E+03  1.04535E+04  5.34595E+03 -7.53242E+02  4.95780E+01  6.51664E+01  0.00000E+00  2.54580E-03  7.58589E-05
       1       4       2  8.84560E-04  8.96299E-04  8.84560E-06  1.23763E+00  1.63497E-01  8.53461E-01 -1.10063E+01  7.12316E+01 -1.51409E+00  7.72610E+03  9.20195E+03  5.53672E+03 -2.48053E+02  1.00621E+02  4.49620E+02  0.00000E+00  8.44610E-04  5.16888E-05
       1       4       3  1.48001E-03  1.38706E-03  1.48001E-05  1.74398E+00  2.29295E-01  1.27739E+00 -3.03976E+00  2.32224E+01  1.89173E+00  3.32077E+03  7.55013E+03  3.46796E+03 -4.82119E+02 -4.66733E+01  3.92537E+02  0.00000E+00  1.29169E-03  9.53657E-05
       1       4       4  2.38673E-03  1.74967E-03  2.38673E-05  2.77362E+00  3.58684E-01  2.04612E+00  8.84737E+00 -6.99386E+01  5.00610E-01  1.03894E+04  1.95135E+04  6.99339E+03 -1.10363E+03  1.57985E+02  6.23260E+02  0.00000E+00  1.65153E-03  9.81378E-05
       1       4       5  2.46226E-03  2.92968E-03  2.46226E-05  4.21899E+00  5.51018E-01  3.01552E+00  3.94991E+00 -3.86279E+01  4.59950E-02  8.36844E+03  6.80525E+03  4.42301E+03  3.10295E+02  9.61000E+01  7.14281E+02  0.00000E+00  2.76785E-03  1.61839E-04
       1       4       6  2.61766E-03  2.43339E-03  2.61766E-05  5.88283E+00  7.74784E-01  3.98042E+00  1.53600E+00 -2.23618E+01 -6.16578E-01  4.76190E+03  3.26273E+03  2.45379E+03  2.41428E+02  2.27239E+02  1.13939E+03  0.00000E+00  2.12105E-03  3.12337E-04
       1       4       7  2.71777E-03  2.31901E-03  2.71777E-05  9.75888E+00  1.28820E+00  6.86625E+00  1.42350E+01 -8.49168E+01 -4.07878E+00  7.91064E+03  1.16301E+04  6.81777E+03 -8.13327E+02  3.26745E+02  1.26118E+03  0.00000E+00  2.01816E-03  3.00844E-04
       1       4       8  3.46053E-03  4.29835E-03  3.46053E-05  1.47448E+01  1.96699E+00  1.02925E+01  5.41833E+00 -4.55516E+01 -2.66381E-01  5.95914E+03  3.53737E+03  3.91518E+03  3.03174E+02  9.85043E+01  8.70620E+02  0.00000E+00  3.68297E-03  6.15389E-04
       1       4       9  5.10789E-03  6.68092E-03  5.10789E-05  2.07587E+01  2.80794E+00  1.41887E+01  1.48588E+00 -2.63429E+01  3.22926E-01  2.38667E+03  1.26579E+03  1.34118E+03  1.77327E+02  2.56805E+01  2.79133E+02  0.00000E+00  5.37149E-03  1.30943E-03
       1       4      10  3.71943E-03  5.11858E-03  3.71943E-05  6.20487E+01  8.23336E+00  4.16609E+01  2.11342E+00 -2.70775E+01  2.31191E+00  5.00708E+03  1.01718E+03  2.38532E+03  5.59283E+02 -1.97304E+01  3.78050E+02  0.00000E+00  4.78930E-03  3.29282E-04
       1       5       1  3.60535E-03  2.78484E-03  3.60535E-05  5.45899E-01  7.19493E-02  2.34423E-01  3.22224E+00 -1.15022E+01 -1.79406E-01  4.26347E+03  9.70019E+03  6.55222E+03 -8.15019E+02  3.38457E+01 -1.12705E+02  0.00000E+00  2.71652E-03  6.83209E-05
       1       5       2  1.12579E-03  1.17777E-03  1.12579E-05  1.37996E+00  1.82653E-01  5.96223E-01 -9.32572E+00  6.25557E+01 -1.20879E+00  9.23594E+03  8.05636E+03  6.49370E+03  2.75144E+02  5.67220E+02  1.79514E+01  0.00000E+00  1.13644E-03  4.13257E-05
       1       5       3  1.84425E-03  1.59161E-03  1.84425E-05  1.93211E+00  2.55477E-01  8.17783E-01 -1.68336E+00  4.18053E+00 -2.93852E+00  5.87485E+03  1.08114E+04  4.38040E+03 -7.47828E+02  2.46468E+01 -7.38963E+01  0.00000E+00  1.47069E-03  1.20928E-04
       1       5       4  3.15541E-03  1.69401E-03  3.15541E-05  3.14611E+00  4.08492E-01  1.34237E+00  8.61521E+00 -5.23796E+01 -2.62704E+00  8.77561E+03  1.32755E+04  1.08821E+04 -6.61632E+02  1.72027E+02  3.39839E+02  0.00000E+00  1.66210E-03  3.19117E-05
       1       5       5  3.47892E-03  3.21925E-03  3.47892E-05  4.79152E+00  6.36686E-01  2.08199E+00  4.31752E+00 -3.54519E+01 -2.57495E+00  8.45923E+03  6.04264E+03  5.36400E+03  4.56219E+02  4.73927E+01  1.58308E+02  0.00000E+00  3.12032E-03  9.89248E-05
       1       5       6  4.18726E-03  3.92565E-03  4.18726E-05  6.61140E+00  8.73683E-01  2.88833E+00  5.55965E+00 -3.20077E+01 -3.11793E+00  7.91568E+03  3.61163E+03  3.16772E+03  5.10357E+02  1.18211E+02  3.24996E+02  0.00000E+00  3.64569E-03  2.79959E-04
       1       5       7  5.19020E-03  3.26807E-03  5.19020E-05  1.07919E+01  1.40055E+00  4.59938E+00  2.72434E+00 -6.34786E+01 -8.96068E-01  1.16362E+04  6.63181E+03  6.65590E+03  8.80198E+02  1.68728E+02  9.65329E+02  0.00000E+00  2.85016E-03  4.17912E-04
       1       5       8  5.48817E-03  5.75942E-03  5.48817E-05  1.64366E+01  2.20043E+00  7.03275E+00  5.22630E+00 -3.92926E+01 -4.45030E-01  7.24458E+03  2.70498E+03  3.33011E+03  5.79262E+02  2.11371E+01  4.68961E+02  0.00000E+00  4.91301E-03  8.46416E-04
       1       5       9  8.45828E-03  9.91994E-03  8.45828E-05  2.33880E+01  3.04013E+00  9.91870E+00  3.83633E+00 -2.20286E+01 -8.68702E-01  2.58775E+03  9.24047E+02  1.02587E+03  1.79881E+02  3.65505E+01  1.51490E+02  0.00000E+00  7.90984E-03  2.01010E-03
       1       5      10  9.92898E-03  6.18639E-03  9.92898E-05  6.82569E+01  9.28695E+00  2.96080E+01 -3.23008E-01 -2.64129E+01 -9.82080E-01  6.07130E+03  9.63998E+02  1.47192E+03  7.81182E+02  4.38014E+01  1.07615E+02  0.00000E+00  5.96679E-03  2.19596E-04
       1       6       1  4.00064E-03  3.21760E-03  4.00064E-05  6.17424E-01  8.12268E-02  8.67810E-02  8.95903E-01 -2.61722E+01  3.02961E-01  4.70890E+03  8.43359E+03  6.49494E+03 -3.56555E+02  5.79636E+01 -3.71036E+01  0.00000E+00  3.16144E-03  5.61611E-05
       1       6       2  1.27626E-03  1.22767E-03  1.27626E-05  1.48238E+00  1.95190E-01  1.97842E-01  2.83156E-01 -3.58376E+00 -7.37598E-01  6.21357E+03  1.06618E+04  5.22949E+03 -5.22466E+02  9.65455E+01 -2.62952E+02  0.00000E+00  1.18399E-03  4.36780E-05
       1       6       3  2.05983E-03  1.91907E-03  2.05983E-05  2.06293E+00  2.69672E-01  2.71883E-01  9.41859E-01 -2.42183E+01 -8.02279E-02  4.72790E+03  9.90938E+03  4.10132E+03 -4.00859E+02 -3.66801E+01  1.10443E+02  0.00000E+00  1.79926E-03  1.19808E-04
       1       6       4  3.65375E-03  2.49017E-03  3.65375E-05  3.37423E+00  4.47601E-01  4.54798E-01  7.80260E+00 -6.28753E+01 -3.02910E-01  8.52753E+03  1.74703E+04  8.85874E+03 -1.18541E+03  3.90886E+01  1.36325E+02  0.00000E+00  2.37258E-03  1.17585E-04
       1       6       5  4.21100E-03  3.94648E-03  4.21100E-05  5.15384E+00  6.82987E-01  6.86226E-01  4.86195E+00 -3.99575E+01 -2.62112E-01  8.80161E+03  8.14156E+03  4.17942E+03  1.22157E+02 -7.62035E+01  4.36030E+02  0.00000E+00  3.76637E-03  1.80104E-04
       1       6       6  5.45882E-03  5.03041E-03  5.45882E-05  7.13511E+00  9.38402E-01  9.63025E-01  8.23551E+00 -4.96046E+01 -1.85239E+00  7.63724E+03  8.30708E+03  2.66440E+03 -1.65513E+02  7.91884E+01  2.42702E+02  0.00000E+00  4.75928E-03  2.71128E-04
       1       6       7  7.86564E-03  4.50493E-03  7.86564E-05  1.15945E+01  1.53894E+00  1.54476E+00  1.17065E+01 -8.38275E+01 -1.24177E+00  1.40065E+04  1.16185E+04  4.66219E+03  2.29808E+02  1.57343E+02  5.38182E+02  0.00000E+00  4.02751E-03  4.77419E-04
       1       6       8  7.97599E-03  8.33915E-03  7.97599E-05  1.76954E+01  2.33718E+00  2.37681E+00  5.74253E+00 -4.78608E+01  6.02647E-01  1.06876E+04  4.07710E+03  2.16376E+03  9.72320E+02  2.26286E+01  3.15514E+02  0.00000E+00  7.35314E-03  9.86014E-04
       1       6       9  1.13345E-02  1.54988E-02  1.13345E-04  2.55361E+01  3.38438E+00  3.49487E+00  4.02179E+00 -2.63415E+01  5.26683E-01  4.85415E+03  1.38979E+03  6.55743E+02  4.59759E+02 -2.74863E+00  2.28077E+01  0.00000E+00  1.27699E-02  2.72887E-03
       1       6      10  1.89173E-02  2.55336E-02  1.89173E-04  7.41943E+01  9.81193E+00  9.59791E+00  3.24618E+00 -2.88546E+01  2.04795E-01  6.99610E+03  1.12511E+03  2.95091E+02  7.85566E+02  5.21990E+00  6.05508E+01  0.00000E+00  2.46713E-02  8.62349E-04
       2       1       1  4.15519E-04  4.33391E-04  4.15519E-06  1.05427E-01  4.37206E-02  5.74274E-01 -2.93409E+01  5.59003E+01 -1.56999E+00  7.66642E+03  1.00937E+04  9.74881E+03 -1.39927E+03  6.55709E+02  5.77758E+02  0.00000E+00  3.67921E-04  6.54703E-05
       2       1       2  1.18322E-04  1.48644E-04  1.18322E-06  2.76049E-01  1.13368E-01  1.45566E+00 -4.69671E+01  4.07695E+01  5.96778E-01  7.93666E+03  7.42967E+03  1.02866E+04 -1.41955E+03  5.70665E+02 -3.24885E+02  0.00000E+00  1.29115E-04  1.95293E-05
       2       1       3  2.04136E-04  2.45987E-04  2.04136E-06  3.92055E-01  1.61824E-01  2.09484E+00 -1.60644E+01  2.15337E+01 -1.81740E+00  6.54400E+03  4.44027E+03  4.23458E+03  3.70173E+02  2.95196E+02  1.43283E+02  0.00000E+00  1.95844E-04  5.01429E-05
       2       1       4  2.86849E-04  1.95607E-04  2.86849E-06  6.76931E-01  2.77159E-01  3.60882E+00 -3.47911E+01  4.88967E+01  3.54502E+00  1.05956E+04  1.09847E+04  4.54859E+03 -3.44303E+03  1.14310E+02  2.69631E+02  0.00000E+00  1.88982E-04  6.62469E-06
       2       1       5  2.61775E-04  3.57366E-04  2.61775E-06  1.01017E+00  4.16860E-01  5.15334E+00 -2.50055E+01  3.35098E+01  1.36771E+00  4.82327E+03  5.21594E+03  3.93585E+03 -1.84270E+03 -5.51480E+01  1.73828E+02  0.00000E+00  3.51588E-04  5.77804E-06
       2       1       6  2.09523E-04  1.93279E-04  2.09523E-06  1.28664E+00  5.23544E-01  6.58663E+00 -1.59288E+01  2.18272E+01 -4.18319E-01  2.23605E+03  2.74718E+03  3.34406E+03 -1.10160E+03  7.82397E+01  4.59398E+02  0.00000E+00  1.77196E-04  1.60835E-05
       2       1       7  2.13531E-04  2.49484E-04  2.13531E-06  2.26368E+00  9.28587E-01  1.22676E+01  5.81124E+01 -7.11245E+01  1.73014E+00  7.69784E+03  7.68467E+03  5.13299E+03 -2.64677E+03  1.38477E+02  2.76980E+02  0.00000E+00  2.19606E-04  2.98780E-05
       2       1       8  3.57897E-04  4.41665E-04  3.57897E-06  3.33945E+00  1.38053E+00  1.78147E+01  3.95175E+01 -4.76095E+01  1.03923E+00  3.51392E+03  3.46827E+03  3.83586E+03 -1.29287E+03  7.73346E+01  2.68310E+02  0.00000E+00  3.82426E-04  5.92389E-05
       2       1       9  3.72882E-04  3.69829E-04  3.72882E-06  4.09493E+00  1.65346E+00  2.35623E+01  1.99672E+01 -2.42758E+01 -2.47203E-02  1.30576E+03  1.38074E+03  2.13608E+03 -5.22789E+02  2.12806E+01  1.42953E+02  0.00000E+00  2.21132E-04  1.48698E-04
       2       1      10  1.69435E-04  2.06418E-04  1.69435E-06  1.37925E+01  5.64335E+00  7.37213E+01  1.21451E+01 -1.11784E+01  3.15860E+00  6.38763E+02  3.59484E+02  7.21450E+03 -2.39587E+01  1.90574E+02  5.11010E+02  0.00000E+00  1.30168E-04  7.62505E-05
       2       2       1  1.25536E-03  9.93086E-04  1.25536E-05  1.88108E-01  7.78107E-02  4.80895E-01 -1.70055E+01  4.35274E+01 -4.88027E-02  9.36279E+03  5.79580E+03  1.06211E+04  1.83462E+03  2.35442E+02  5.89124E+02  0.00000E+00  8.62443E-04  1.30643E-04
       2       2       2  3.60939E-04  2.88208E-04  3.60939E-06  5.30502E-01  2.19626E-01  1.39471E+00 -6.97815E+00  2.68135E+01  1.20247E+00  1.06524E+04  4.72929E+03  1.13342E+04  4.19911E+03  4.25614E+02  1.04282E+03  0.00000E+00  2.54081E-04  3.41265E-05
       2       2       3  6.20544E-04  3.54151E-04  6.20544E-06  7.54222E-01  3.12393E-01  2.03213E+00 -4.74296E+00  8.50138E+00  5.03950E+00  7.90383E+03  2.06795E+03  9.08486E+03  2.93153E+03  4.78753E+02  1.58874E+03  0.00000E+00  2.54524E-04  9.96271E-05
       2       2       4  8.94928E-04  3.91845E-04  8.94928E-06  1.26909E+00  5.21497E-01  3.28224E+00 -1.06625E+01  9.34519E+00 -6.57648E+00  1.28510E+04  5.66450E+03  1.22767E+04  4.31231E+03  7.15032E+02  1.90335E+03  0.00000E+00  3.46468E-04  4.53778E-05
       2       2       5  8.32794E-04  7.11262E-04  8.32794E-06  1.86360E+00  7.66325E-01  4.87117E+00 -1.12095E+01  9.82659E+00 -9.85563E+00  5.85170E+03  2.28807E+03  7.07283E+03  1.92638E+03  4.83678E+02  9.55726E+02  0.00000E+00  6.56062E-04  5.52001E-05
       2       2       6  7.01499E-04  7.03721E-04  7.01499E-06  2.56571E+00  1.06136E+00  6.47897E+00 -5.46003E+00  2.10116E-01 -8.52825E+00  2.13232E+03  8.12775E+02  4.05406E+03  7.44675E+02  3.95304E+02  1.01852E+03  0.00000E+00  5.94875E-04  1.08846E-04
       2       2       7  6.91648E-04  4.45171E-04  6.91648E-06  4.43503E+00  1.82682E+00  1.13622E+01  1.28778E+01 -3.58062E+01 -8.36870E+00  8.51488E+03  4.11305E+03  8.99023E+03  2.80897E+03  7.97534E+02  2.12803E+03  0.00000E+00  3.18417E-04  1.26754E-04
       2       2       8  1.14225E-03  9.94468E-04  1.14225E-05  6.55356E+00  2.65608E+00  1.67591E+01  6.77489E+00 -1.85994E+01 -5.37565E+00  3.65978E+03  1.42716E+03  5.99024E+03  1.31585E+03  5.11236E+02  1.45869E+03  0.00000E+00  6.02923E-04  3.91545E-04
       2       2       9  1.27157E-03  1.29209E-03  1.27157E-05  9.18944E+00  3.61803E+00  2.28510E+01  1.34782E+00 -4.31029E+00 -3.85145E+00  1.02491E+03  3.77321E+02  2.35897E+03  3.73360E+02  2.45902E+02  6.88004E+02  0.00000E+00  3.11475E-04  9.80614E-04
       2       2      10  5.82397E-04  6.53444E-04  5.82397E-06  2.68638E+01  1.07423E+01  7.05032E+01  1.37965E+00 -3.02184E+00  1.09978E+00  1.18156E+03  2.53918E+02  6.38533E+03  4.72564E+02  6.93890E+02  1.77240E+03  0.00000E+00  1.88058E-04  4.65386E-04
       2       3       1  2.10606E-03  1.83931E-03  2.10606E-05  3.43901E-01  1.42063E-01  4.98353E-01 -1.24767E+01  2.79447E+01 -3.08090E-01  6.17099E+03  3.24295E+03  8.00634E+03  1.24737E+03  1.60501E+02  1.98157E+02  0.00000E+00  1.74082E-03  9.84843E-05
       2       3       2  6.17965E-04  5.97829E-04  6.17965E-06  8.46280E-01  3.49573E-01  1.21939E+00 -1.34072E+01  2.68315E+01  6.18753E-01  9.29826E+03  3.58158E+03  1.08683E+04  3.07380E+03  4.54640E+02  1.01657E+03  0.00000E+00  5.48126E-04  4.97036E-05
       2       3       3  1.05228E-03  9.43787E-04  1.05228E-05  1.24289E+00  5.11738E-01  1.77581E+00 -7.23808E+00  1.64249E+01 -7.79207E-01  4.60031E+03  1.71666E+03  5.12480E+03  1.30494E+03  3.93960E+02  1.12107E+03  0.00000E+00  7.82804E-04  1.60983E-04
       2       3       4  1.59364E-03  9.85523E-04  1.59364E-05  1.91661E+00  7.92609E-01  2.73422E+00  3.19383E+01 -6.68784E+01 -2.60874E-03  1.03803E+04  1.45598E+04  9.04129E+03 -2.69426E+03  3.87716E+02  1.28629E+03  0.00000E+00  8.88095E-04  9.74277E-05
       2       3       5  1.54584E-03  1.29633E-03  1.54584E-05  2.99391E+00  1.22999E+00  4.12215E+00  9.66145E+00 -1.74318E+01 -1.04008E+00  6.07528E+03  3.43738E+03  7.28657E+03  1.27822E+03  4.50819E+02  1.30707E+03  0.00000E+00  1.15518E-03  1.41151E-04
       2       3       6  1.43994E-03  1.55251E-03  1.43994E-05  3.88201E+00  1.61849E+00  5.68284E+00  9.55848E+00 -2.15105E+01  1.24815E+00  2.11784E+03  2.11829E+03  4.00074E+03  6.44918E+00  5.64945E+02  1.31208E+03  0.00000E+00  1.33312E-03  2.19383E-04
       2       3       7  1.38949E-03  1.16250E-03  1.38949E-05  6.72558E+00  2.74501E+00  9.81587E+00  2.65865E+01 -6.05262E+01 -1.65297E-01  6.27460E+03  7.55282E+03  8.43717E+03 -7.40134E+02  9.22743E+02  2.35902E+03  0.00000E+00  8.50463E-04  3.12037E-04
       2       3       8  2.12654E-03  2.18884E-03  2.12654E-05  1.01549E+01  4.14413E+00  1.44762E+01  1.88801E+01 -3.82527E+01  2.55938E+00  3.74919E+03  3.38182E+03  4.83719E+03  9.03759E+01  5.49837E+02  1.33053E+03  0.00000E+00  1.59189E-03  5.96953E-04
       2       3       9  2.70031E-03  2.37063E-03  2.70031E-05  1.38301E+01  5.49281E+00  1.96514E+01  6.18641E+00 -1.62525E+01  7.91916E-01  1.34603E+03  1.18313E+03  2.07724E+03  1.74784E+02  2.17290E+02  6.36805E+02  0.00000E+00  9.46877E-04  1.42376E-03
       2       3      10  1.39591E-03  1.66605E-03  1.39591E-05  4.42130E+01  1.79526E+01  6.12958E+01  1.36381E+01 -1.50300E+01 -3.21264E+00  2.39205E+03  7.54235E+02  4.11128E+03  5.95865E+02  3.05550E+02  5.30867E+02  0.00000E+00  1.32804E-03  3.38011E-04
       2       4       1  2.92402E-03  2.71097E-03  2.92402E-05  4.72126E-01  1.94868E-01  3.59744E-01  1.62776E+00 -2.41239E+00 -1.71810E+00  5.73376E+03  9.47446E+03  5.43447E+03 -1.91537E+03  5.17837E+01  8.76609E+01  0.00000E+00  2.61584E-03  9.51259E-05
       2       4       2  8.83966E-04  8.64447E-04  8.83966E-06  1.14560E+00  4.70743E-01  8.52540E-01 -2.83058E+01  6.71854E+01  1.22168E+00  8.20919E+03  9.32593E+03  5.65953E+03 -5.10361E+02  2.90675E+02  8.64817E+02  0.00000E+00  8.05204E-04  5.92438E-05
       2       4       3  1.47938E-03  1.42313E-03  1.47938E-05  1.61876E+00  6.71723E-01  1.28036E+00 -8.81224E+00  2.14277E+01 -3.71714E+00  3.46273E+03  7.39888E+03  3.23750E+03 -1.69217E+03  5.50889E+02  1.44696E+01  0.00000E+00  1.32007E-03  1.03059E-04
       2       4       4  2.38493E-03  1.65474E-03  2.38493E-05  2.57956E+00  1.06644E+00  2.03798E+00  2.56800E+01 -6.86544E+01  7.24853E-01  1.10753E+04  1.90873E+04  6.52597E+03 -3.81399E+03 -1.03933E+01  2.76708E+02  0.00000E+00  1.58266E-03  7.20821E-05
       2       4       5  2.46003E-03  3.02584E-03  2.46003E-05  3.93006E+00  1.63707E+00  3.01533E+00  1.58711E+01 -3.63672E+01  1.32164E-01  8.17150E+03  7.10152E+03  4.45020E+03  5.33659E+02  2.89703E+02  7.71042E+02  0.00000E+00  2.86394E-03  1.61908E-04
       2       4       6  2.61505E-03  2.53327E-03  2.61505E-05  5.54674E+00  2.30110E+00  4.05154E+00  6.60230E+00 -2.08852E+01 -1.35467E+00  4.39698E+03  3.31553E+03  2.35917E+03  5.34149E+02  4.98929E+02  1.07525E+03  0.00000E+00  2.21213E-03  3.21137E-04
       2       4       7  2.71406E-03  2.21281E-03  2.71406E-05  9.00583E+00  3.73431E+00  6.77101E+00  3.42637E+01 -8.32711E+01  1.18078E+00  8.68589E+03  1.17728E+04  6.32022E+03 -1.53538E+03  2.74843E+02  1.16601E+03  0.00000E+00  1.96959E-03  2.43219E-04
       2       4       8  3.45798E-03  3.95109E-03  3.45798E-05  1.37981E+01  5.70002E+00  1.02131E+01  1.82052E+01 -4.56466E+01 -1.78487E+00  5.57555E+03  4.06456E+03  3.84931E+03  7.36156E+02  3.11668E+02  5.20756E+02  0.00000E+00  3.52785E-03  4.23234E-04
       2       4       9  5.10245E-03  6.62374E-03  5.10245E-05  1.96790E+01  8.09541E+00  1.40994E+01  1.00370E+01 -2.53702E+01 -4.28525E-01  2.10699E+03  1.42385E+03  1.29466E+03  3.69973E+02  8.68943E+01  2.16096E+02  0.00000E+00  5.67797E-03  9.45774E-04
       2       4      10  3.71062E-03  5.17181E-03  3.71062E-05  5.78424E+01  2.39175E+01  4.22529E+01  1.13155E+01 -2.43129E+01  6.29481E-01  4.54107E+03  1.52463E+03  2.17770E+03  1.48160E+03  1.73845E+01  1.76355E+02  0.00000E+00  4.83285E-03  3.38963E-04
       2       5       1  3.60303E-03  2.88516E-03  3.60303E-05  5.05743E-01  2.09644E-01  2.33067E-01  3.07677E+00 -1.13249E+01 -1.60616E+00  4.86767E+03  8.83633E+03  6.46222E+03 -1.84262E+03 -3.15539E+01 -5.15962E+01  0.00000E+00  2.80754E-03  7.76147E-05
       2       5       2  1.12467E-03  1.09893E-03  1.12467E-05  1.29030E+00  5.33654E-01  5.95664E-01 -2.63253E+01  6.38396E+01 -7.70352E-01  8.38147E+03  8.12456E+03  5.98094E+03  7.74874E+01  1.57912E+01 -1.00782E+02  0.00000E+00  1.06644E-03  3.24832E-05
       2       5       3  1.84316E-03  1.47568E-03  1.84316E-05  1.78571E+00  7.41536E-01  8.14245E-01 -7.58895E+00  1.26655E+01  1.93100E-01  5.95397E+03  9.30849E+03  3.97553E+03 -1.34982E+03  2.93659E+02  4.68816E+02  0.00000E+00  1.35822E-03  1.17464E-04
       2       5       4  3.15203E-03  1.63643E-03  3.15203E-05  2.92784E+00  1.21655E+00  1.34821E+00  2.01461E+01 -5.21381E+01 -2.04510E+00  9.47089E+03  1.30556E+04  1.09127E+04 -1.94880E+03  2.91423E+02  4.24017E+02  0.00000E+00  1.60807E-03  2.83544E-05
       2       5       5  3.47406E-03  2.95869E-03  3.47406E-05  4.47108E+00  1.84783E+00  2.07985E+00  1.27080E+01 -3.37230E+01  4.53479E-01  7.85330E+03  6.52507E+03  5.34054E+03  6.34869E+02  1.67743E+02  2.36561E+02  0.00000E+00  2.87488E-03  8.38056E-05
       2       5       6  4.18107E-03  3.57873E-03  4.18107E-05  6.12566E+00  2.57093E+00  2.84984E+00  1.34436E+01 -3.05417E+01 -2.82120E-01  7.57442E+03  4.48821E+03  3.19084E+03  1.58818E+03  1.33504E+01  2.50559E+02  0.00000E+00  3.35701E-03  2.21721E-04
       2       5       7  5.17757E-03  3.04308E-03  5.17757E-05  1.01138E+01  4.17112E+00  4.72116E+00  2.47272E+01 -6.05240E+01  1.44075E+00  1.04724E+04  7.45598E+03  6.81634E+03  1.58956E+03  2.51968E+02  7.87276E+02  0.00000E+00  2.72208E-03  3.21004E-04
       2       5       8  5.47798E-03  5.92991E-03  5.47798E-05  1.53581E+01  6.39201E+00  6.95890E+00  1.55206E+01 -3.68506E+01  8.76905E-01  6.70032E+03  3.34434E+03  3.23613E+03  1.75726E+03  1.34475E+02  4.51866E+02  0.00000E+00  5.13006E-03  7.99847E-04
       2       5       9  8.44501E-03  9.57096E-03  8.44501E-05  2.17035E+01  9.02700E+00  9.88367E+00  8.71949E+00 -2.03739E+01  1.09817E+00  2.40807E+03  1.17402E+03  1.10836E+03  6.03964E+02  6.45738E+01  1.99667E+02  0.00000E+00  7.30810E-03  2.26286E-03
       2       5      10  9.88822E-03  6.45599E-03  9.88822E-05  6.43417E+01  2.64698E+01  2.95571E+01  1.14897E+01 -2.29904E+01 -5.37355E-01  5.34306E+03  1.56860E+03  1.34404E+03  1.83193E+03  3.10887E+01  4.62418E+01  0.00000E+00  6.21594E-03  2.40054E-04
       2       6       1  3.99763E-03  3.33113E-03  3.99763E-05  5.74987E-01  2.39153E-01  7.53832E-02  8.81949E+00 -2.21924E+01 -1.49360E+00  5.18356E+03  7.66783E+03  6.76054E+03 -1.17599E+03  1.29153E+01 -1.87598E+01  0.00000E+00  3.26019E-03  7.09402E-05
       2       6       2  1.27473E-03  1.25211E-03  1.27473E-05  1.38365E+00  5.73057E-01  2.01543E-01  1.65240E+00 -5.72946E+00 -4.94279E-01  7.03565E+03  1.01789E+04  5.19987E+03 -1.47796E+03 -4.76957E+01 -3.82730E+02  0.00000E+00  1.20821E-03  4.39019E-05
       2       6       3  2.05840E-03  1.98373E-03  2.05840E-05  1.93439E+00  8.08744E-01  2.65084E-01  1.10180E+01 -2.42190E+01 -6.85048E-01  5.90562E+03  9.41329E+03  4.08871E+03 -1.72714E+03 -7.06003E+01 -7.82582E+01  0.00000E+00  1.86664E-03  1.17091E-04
       2       6       4  3.64911E-03  2.58284E-03  3.64911E-05  3.15250E+00  1.31353E+00  4.61553E-01  2.42303E+01 -5.85872E+01  1.38548E+00  1.00321E+04  1.61005E+04  8.42940E+03 -2.77125E+03 -3.11872E+02 -1.31693E+02  0.00000E+00  2.47394E-03  1.08898E-04
       2       6       5  4.20372E-03  3.92802E-03  4.20372E-05  4.79579E+00  1.98827E+00  6.68652E-01  1.67582E+01 -3.74606E+01 -1.79545E+00  9.15990E+03  8.14341E+03  3.83976E+03  3.17145E+02  2.80846E+02  1.24327E+02  0.00000E+00  3.74814E-03  1.79877E-04
       2       6       6  5.44905E-03  5.34023E-03  5.44905E-05  6.62655E+00  2.77754E+00  9.14953E-01  1.76637E+01 -4.41185E+01 -9.93975E-02  7.18101E+03  7.57373E+03  2.61264E+03 -1.32359E+02  7.63304E+01  2.83566E+02  0.00000E+00  5.06471E-03  2.75521E-04
       2       6       7  7.84085E-03  4.64738E-03  7.84085E-05  1.08013E+01  4.48147E+00  1.59943E+00  3.15477E+01 -7.90164E+01 -1.04625E+00  1.36003E+04  1.20719E+04  4.62808E+03  9.77106E+02  2.16100E+02  3.63218E+02  0.00000E+00  4.19918E-03  4.48200E-04
       2       6       8  7.94948E-03  7.82918E-03  7.94948E-05  1.64925E+01  6.88861E+00  2.34647E+00  1.89749E+01 -4.57989E+01 -1.38500E+00  9.81966E+03  5.02990E+03  2.20495E+03  2.40984E+03  1.14612E+02  1.58116E+02  0.00000E+00  7.04565E-03  7.83533E-04
       2       6       9  1.13116E-02  1.52004E-02  1.13116E-04  2.36767E+01  9.85923E+00  3.48145E+00  1.02336E+01 -2.61734E+01 -1.25069E-01  4.49008E+03  1.96326E+03  6.67055E+02  1.32372E+03  3.82532E+01  4.95440E+01  0.00000E+00  1.31650E-02  2.03531E-03
       2       6      10  1.88143E-02  2.54220E-02  1.88143E-04  6.92550E+01  2.86621E+01  9.56044E+00  1.22145E+01 -2.62131E+01 -1.73758E-01  6.19616E+03  1.88124E+03  2.78776E+02  2.11646E+03  1.92682E+01  4.36166E+01  0.00000E+00  2.45080E-02  9.14023E-04
       3       1       1  4.15503E-04  4.45812E-04  4.15503E-06  8.84048E-02  6.85693E-02  5.69247E-01 -4.50699E+01  4.60193E+01 -3.56037E-01  7.92967E+03  8.79311E+03  1.03512E+04 -1.23074E+03  6.27151E+02  5.90303E+02  0.00000E+00  3.62972E-04  8.28399E-05
       3       1       2  1.18316E-04  1.34453E-04  1.18316E-06  2.27118E-01  1.75039E-01  1.45401E+00 -5.33378E+01  3.18588E+01  4.04411E+00  8.07023E+03  4.32093E+03  1.09484E+04 -1.21443E+03  4.02647E+00  1.59982E+01  0.00000E+00  1.11581E-04  2.28719E-05
       3       1       3  2.04128E-04  2.59794E-04  2.04128E-06  3.32592E-01  2.58047E-01  2.09180E+00 -2.56020E+01  1.53150E+01 -6.82522E+00  5.34763E+03  3.58979E+03  4.10921E+03  3.85530E+02  2.69806E+02  8.36342E+02  0.00000E+00  1.86991E-04  7.28024E-05
       3       1       4  2.86832E-04  1.91272E-04  2.86832E-06  5.55747E-01  4.24600E-01  3.61267E+00 -5.00658E+01  3.40455E+01 -5.53450E+00  1.26954E+04  8.97566E+03  4.50847E+03 -3.25765E+03  2.52298E+02  1.02294E+02  0.00000E+00  1.85020E-04  6.25159E-06
       3       1       5  2.61760E-04  3.47487E-04  2.61760E-06  8.27081E-01  6.31450E-01  5.18993E+00 -3.42124E+01  2.37795E+01  1.95544E+00  5.80862E+03  3.82017E+03  4.22934E+03 -1.84440E+03  4.22380E+01  2.80070E+01  0.00000E+00  3.39655E-04  7.83168E-06
       3       1       6  2.09509E-04  1.75137E-04  2.09509E-06  1.01861E+00  7.82971E-01  6.41007E+00 -2.50543E+01  1.84841E+01 -1.30285E+00  3.30754E+03  2.29272E+03  3.04467E+03 -1.16468E+03  2.11943E+02  2.52148E+02  0.00000E+00  1.64186E-04  1.09506E-05
       3       1       7  2.13522E-04  2.38481E-04  2.13522E-06  1.84463E+00  1.41126E+00  1.23443E+01  7.67451E+01 -5.36072E+01 -5.11775E+00  9.24343E+03  6.15794E+03  4.79038E+03 -2.60963E+03  2.82593E+02  4.79529E+02  0.00000E+00  2.09418E-04  2.90625E-05
       3       1       8  3.57882E-04  4.27290E-04  3.57882E-06  2.70270E+00  2.05673E+00  1.78523E+01  5.14054E+01 -3.47997E+01 -5.86581E+00  4.20518E+03  2.58968E+03  4.07055E+03 -1.25628E+03  1.93604E+02  9.53345E+01  0.00000E+00  3.61597E-04  6.56932E-05
       3       1       9  3.72855E-04  3.96864E-04  3.72855E-06  3.17881E+00  2.41837E+00  2.37646E+01  2.44584E+01 -1.57710E+01  5.35501E-01  1.51116E+03  9.63450E+02  2.02391E+03 -4.32315E+02  7.17454E+01  1.72759E+02  0.00000E+00  2.14453E-04  1.82411E-04
       3       1      10  1.69423E-04  1.79431E-04  1.69423E-06  1.11549E+01  8.39619E+00  7.29264E+01  1.41974E+01 -9.17976E+00 -3.16434E+00  6.54272E+02  3.71637E+02  7.55917E+03  2.03465E+01  2.91299E+02  4.20521E+02  0.00000E+00  1.18365E-04  6.10659E-05
       3       2       1  1.25512E-03  1.04121E-03  1.25512E-05  1.60605E-01  1.24057E-01  4.80685E-01 -2.74292E+01  3.72200E+01 -4.68557E-01  8.42422E+03  6.96216E+03  1.13196E+04  2.60157E+03  7.17723E+02  9.33640E+02  0.00000E+00  8.66076E-04  1.75137E-04
       3       2       2  3.60853E-04  2.87852E-04  3.60853E-06  4.58479E-01  3.54802E-01  1.39019E+00 -1.33097E+01  2.12160E+01 -4.99709E-01  9.28251E+03  7.28434E+03  1.31290E+04  5.41513E+03  1.14106E+03  1.35372E+03  0.00000E+00  2.33056E-04  5.47957E-05
       3       2       3  6.20436E-04  3.44560E-04  6.20436E-06  6.42431E-01  4.98117E-01  2.04299E+00 -3.20586E+00  7.84251E+00 -3.04048E+00  5.27650E+03  3.30238E+03  9.07700E+03  3.46456E+03  9.51096E+02  1.25721E+03  0.00000E+00  2.27006E-04  1.17554E-04
       3       2       4  8.94670E-04  3.58627E-04  8.94670E-06  1.09417E+00  8.44268E-01  3.28201E+00 -7.87273E+00  1.15925E+01 -2.62898E+00  9.59693E+03  7.70343E+03  1.30704E+04  4.91896E+03  8.96932E+02  1.35152E+03  0.00000E+00  3.19015E-04  3.96123E-05
       3       2       5  8.32551E-04  6.70093E-04  8.32551E-06  1.62338E+00  1.25106E+00  4.84006E+00 -8.77548E+00  1.11427E+01 -3.86378E+00  4.26847E+03  3.53474E+03  8.16156E+03  2.37922E+03  9.11770E+02  1.22590E+03  0.00000E+00  5.97008E-04  7.30842E-05
       3       2       6  7.01264E-04  6.94515E-04  7.01264E-06  2.38973E+00  1.78801E+00  6.51759E+00 -3.49075E+00  1.04826E+00 -3.08314E+00  1.61065E+03  1.18275E+03  4.78829E+03  9.17961E+02  8.85563E+02  1.10814E+03  0.00000E+00  5.25681E-04  1.68834E-04
       3       2       7  6.91464E-04  4.28771E-04  6.91464E-06  3.75504E+00  2.88521E+00  1.12605E+01  2.37941E+01 -2.94536E+01 -6.08788E+00  6.30985E+03  5.63320E+03  9.72710E+03  2.82861E+03  1.59611E+03  2.10702E+03  0.00000E+00  2.71402E-04  1.57369E-04
       3       2       8  1.14201E-03  8.54728E-04  1.14201E-05  5.60306E+00  4.35691E+00  1.66354E+01  1.32167E+01 -1.85956E+01 -7.16184E+00  2.87966E+03  2.36977E+03  5.71583E+03  1.68282E+03  1.09204E+03  1.29987E+03  0.00000E+00  5.12426E-04  3.42301E-04
       3       2       9  1.27109E-03  9.41691E-04  1.27109E-05  8.00771E+00  6.06403E+00  2.25296E+01  2.93964E+00 -8.41564E+00 -7.43426E+00  8.61966E+02  7.34020E+02  2.20100E+03  5.18078E+02  3.96877E+02  5.15427E+02  0.00000E+00  2.71260E-04  6.70431E-04
       3       2      10  5.82135E-04  3.84762E-04  5.82135E-06  2.19041E+01  1.69418E+01  7.06617E+01  1.41270E+00 -5.30712E+00 -2.96131E+00  8.50407E+02  5.98874E+02  6.46527E+03  6.27423E+02  9.66948E+02  1.25416E+03  0.00000E+00  1.47142E-04  2.37621E-04
       3       3       1  2.10507E-03  1.91339E-03  2.10507E-05  2.95200E-01  2.27675E-01  5.00828E-01 -1.71586E+01  2.26005E+01 -1.63598E-01  5.48491E+03  4.34674E+03  8.00426E+03  1.97302E+03  2.53244E+02  3.55662E+02  0.00000E+00  1.79579E-03  1.17607E-04
       3       3       2  6.17579E-04  6.22048E-04  6.17579E-06  7.25842E-01  5.56549E-01  1.21548E+00 -1.75927E+01  2.43100E+01 -6.08584E-01  7.73529E+03  5.72133E+03  1.14138E+04  4.31359E+03  8.10827E+02  1.19235E+03  0.00000E+00  5.43564E-04  7.84834E-05
       3       3       3  1.05183E-03  9.88490E-04  1.05183E-05  1.05736E+00  8.15196E-01  1.77795E+00 -1.00072E+01  1.31926E+01  1.86635E+00  3.80526E+03  2.55071E+03  5.58259E+03  1.94124E+03  1.07735E+03  1.20472E+03  0.00000E+00  7.62774E-04  2.25716E-04
       3       3       4  1.59248E-03  1.00272E-03  1.59248E-05  1.64615E+00  1.26904E+00  2.72706E+00  4.73412E+01 -5.60654E+01 -1.29473E+00  1.22601E+04  1.33958E+04  9.33245E+03 -2.70813E+03  1.45286E+03  1.52293E+03  0.00000E+00  8.44494E-04  1.58230E-04
       3       3       5  1.54460E-03  1.37227E-03  1.54460E-05  2.58102E+00  1.99543E+00  4.11910E+00  1.65799E+01 -1.35303E+01 -1.05548E+00  5.17995E+03  4.16794E+03  7.09129E+03  1.72158E+03  1.15974E+03  1.43440E+03  0.00000E+00  1.17996E-03  1.92305E-04
       3       3       6  1.43863E-03  1.82831E-03  1.43863E-05  3.36821E+00  2.58692E+00  5.73476E+00  1.42958E+01 -1.44825E+01 -3.45307E+00  2.04202E+03  1.94680E+03  4.00350E+03  2.16877E+02  1.03011E+03  1.28495E+03  0.00000E+00  1.48682E-03  3.41490E-04
       3       3       7  1.38819E-03  1.22036E-03  1.38819E-05  5.78275E+00  4.45734E+00  9.79012E+00  3.79718E+01 -5.18673E+01 -3.98773E+00  6.72586E+03  6.98534E+03  8.47715E+03 -6.97257E+02  1.89949E+03  2.37646E+03  0.00000E+00  8.38367E-04  3.81996E-04
       3       3       8  2.12539E-03  2.28917E-03  2.12539E-05  8.62836E+00  6.62337E+00  1.44811E+01  2.06552E+01 -3.28113E+01 -4.48726E+00  3.34590E+03  3.23513E+03  4.82591E+03  2.02276E+02  1.07381E+03  1.42697E+03  0.00000E+00  1.45101E-03  8.38159E-04
       3       3       9  2.69762E-03  3.25202E-03  2.69762E-05  1.20886E+01  9.24508E+00  1.99148E+01  7.00941E+00 -1.17351E+01 -1.68718E+00  1.15456E+03  9.58012E+02  1.85360E+03  2.03930E+02  4.41919E+02  5.01833E+02  0.00000E+00  9.83029E-04  2.26899E-03
       3       3      10  1.39355E-03  1.19090E-03  1.39355E-05  3.34046E+01  2.58019E+01  5.70430E+01  1.27825E+01 -2.26121E+01  9.04081E+00  2.47026E+03  2.01020E+03  5.55063E+03  1.31183E+03  1.78234E+02  5.99065E+02  0.00000E+00  1.04399E-03  1.46912E-04
       3       4       1  2.92167E-03  2.67831E-03  2.92167E-05  4.05261E-01  3.11203E-01  3.59221E-01 -9.55527E-01 -2.86432E+00 -2.26141E-01  7.04741E+03  8.16679E+03  5.32081E+03 -2.45070E+03 -1.42867E+01  6.22855E+01  0.00000E+00  2.57613E-03  1.02180E-04
       3       4       2  8.82939E-04  8.70747E-04  8.82939E-06  9.88132E-01  7.52423E-01  8.52385E-01 -4.47847E+01  5.95013E+01 -1.32381E-01  8.65527E+03  8.72966E+03  5.90565E+03 -3.93139E+02  4.51584E+02  6.62635E+02  0.00000E+00  7.93009E-04  7.77376E-05
       3       4       3  1.47829E-03  1.44039E-03  1.47829E-05  1.38843E+00  1.06961E+00  1.26757E+00 -1.55472E+01  2.22231E+01  1.21101E+00  4.87207E+03  5.61486E+03  3.36632E+03 -1.58183E+03 -3.23603E+02  7.05784E+02  0.00000E+00  1.30815E-03  1.32236E-04
       3       4       4  2.38182E-03  1.68364E-03  2.38182E-05  2.20932E+00  1.69334E+00  2.04269E+00  4.11463E+01 -6.10575E+01 -1.00052E+00  1.34015E+04  1.69655E+04  6.58366E+03 -5.00915E+03  6.33415E+02  5.68097E+02  0.00000E+00  1.59130E-03  9.23414E-05
       3       4       5  2.45617E-03  2.93334E-03  2.45617E-05  3.39071E+00  2.59363E+00  2.99841E+00  2.15069E+01 -3.25831E+01  2.16430E+00  8.11033E+03  7.59333E+03  4.37209E+03  8.12503E+02  4.40715E+02  7.10500E+02  0.00000E+00  2.71971E-03  2.13632E-04
       3       4       6  2.61055E-03  2.34683E-03  2.61055E-05  4.67779E+00  3.60722E+00  4.08346E+00  1.70524E+01 -1.32622E+01  4.28285E+00  4.56372E+03  3.59711E+03  2.52918E+03  7.17531E+02  6.59151E+02  8.73914E+02  0.00000E+00  1.89180E-03  4.55030E-04
       3       4       7  2.70766E-03  2.26862E-03  2.70766E-05  7.79784E+00  5.97193E+00  6.82287E+00  5.40483E+01 -7.20650E+01  2.59957E+00  9.36264E+03  1.11305E+04  6.54282E+03 -2.23082E+03  8.61870E+02  1.20522E+03  0.00000E+00  1.96843E-03  3.00190E-04
       3       4       8  3.45358E-03  4.26332E-03  3.45358E-05  1.17634E+01  9.08858E+00  1.02891E+01  2.94534E+01 -3.62941E+01  4.06064E+00  4.89664E+03  4.48242E+03  3.86547E+03  1.09301E+03  4.46958E+02  6.90762E+02  0.00000E+00  3.57731E-03  6.86007E-04
       3       4       9  5.09304E-03  6.73451E-03  5.09304E-05  1.66327E+01  1.27341E+01  1.42662E+01  1.90694E+01 -1.81252E+01  1.72078E+00  2.04187E+03  1.58815E+03  1.29082E+03  5.62251E+02  1.00386E+02  1.49477E+02  0.00000E+00  5.40017E-03  1.33434E-03
       3       4      10  3.69543E-03  4.90599E-03  3.69543E-05  4.91625E+01  3.77773E+01  4.11160E+01  1.72620E+01 -2.28150E+01  1.91091E+00  3.64078E+03  2.53537E+03  2.57581E+03  2.00598E+03  8.70650E+01  1.78375E+02  0.00000E+00  4.69661E-03  2.09382E-04
       3       5       1  3.59901E-03  2.84917E-03  3.59901E-05  4.36604E-01  3.35904E-01  2.34572E-01  6.42175E+00 -8.83579E+00  9.81113E-01  6.27290E+03  7.75517E+03  6.56607E+03 -2.53754E+03 -2.54235E+02 -4.30762E+01  0.00000E+00  2.76049E-03  8.86780E-05
       3       5       2  1.12274E-03  1.14441E-03  1.12274E-05  1.10592E+00  8.44093E-01  5.95124E-01 -4.14138E+01  4.91387E+01  1.21088E+00  9.27804E+03  8.59275E+03  6.30980E+03  1.03501E+03 -4.44708E+02  1.24365E+02  0.00000E+00  1.08694E-03  5.74714E-05
       3       5       3  1.84128E-03  1.54528E-03  1.84128E-05  1.54181E+00  1.18688E+00  8.12562E-01 -5.58959E+00  8.26227E+00  2.91180E+00  7.27425E+03  8.95992E+03  4.27919E+03 -2.17340E+03 -7.09580E+01  2.80486E+02  0.00000E+00  1.38643E-03  1.58853E-04
       3       5       4  3.14617E-03  1.62527E-03  3.14617E-05  2.52088E+00  1.93413E+00  1.33072E+00  3.38989E+01 -4.26108E+01  4.78243E+00  1.10647E+04  1.15079E+04  1.06406E+04 -2.74650E+03 -2.66414E+02  3.16477E+02  0.00000E+00  1.58579E-03  3.94819E-05
       3       5       5  3.46566E-03  3.15999E-03  3.46566E-05  3.82482E+00  2.94714E+00  2.07797E+00  2.15781E+01 -2.98498E+01  3.08298E+00  7.61110E+03  7.12367E+03  5.32071E+03  1.23435E+03 -5.12554E+01  2.21862E+02  0.00000E+00  3.04185E-03  1.18140E-04
       3       5       6  4.17037E-03  4.11592E-03  4.17037E-05  5.32123E+00  4.12581E+00  2.87021E+00  1.63451E+01 -2.76930E+01  3.14520E+00  6.16214E+03  5.28130E+03  3.12359E+03  2.04067E+03  3.28090E+02  6.78880E+02  0.00000E+00  3.69485E-03  4.21069E-04
       3       5       7  5.15580E-03  3.32466E-03  5.15580E-05  8.67341E+00  6.68359E+00  4.59621E+00  3.81296E+01 -4.70425E+01 -2.90266E-01  9.95178E+03  8.27614E+03  6.20344E+03  2.93856E+03  5.95126E+02  6.39208E+02  0.00000E+00  2.80264E-03  5.22014E-04
       3       5       8  5.46045E-03  5.82267E-03  5.46045E-05  1.31928E+01  1.01437E+01  6.95811E+00  2.45192E+01 -3.00750E+01 -6.50476E-01  5.58613E+03  4.34419E+03  3.14899E+03  2.28652E+03  4.86992E+02  6.22191E+02  0.00000E+00  4.74684E-03  1.07583E-03
       3       5       9  8.42208E-03  1.03758E-02  8.42208E-05  1.86675E+01  1.45341E+01  9.80866E+00  1.31515E+01 -1.63165E+01 -3.41994E-01  1.98265E+03  1.52264E+03  9.48408E+02  8.66659E+02  1.11403E+02  1.29088E+02  0.00000E+00  7.66740E-03  2.70836E-03
       3       5      10  9.81814E-03  5.78412E-03  9.81814E-05  5.41128E+01  4.15601E+01  2.95470E+01  1.48195E+01 -2.29547E+01 -9.73046E-03  4.22490E+03  2.92909E+03  1.59748E+03  2.61604E+03  1.44085E+02  1.48648E+02  0.00000E+00  5.68182E-03  1.02302E-04
       3       6       1  3.99242E-03  3.36123E-03  3.99242E-05  4.88706E-01  3.75899E-01  9.11506E-02  1.52369E+01 -2.06940E+01  6.48817E-01  6.21287E+03  7.06118E+03  6.46303E+03 -1.49823E+03 -1.27558E+02 -4.52680E+01  0.00000E+00  3.28913E-03  7.21002E-05
       3       6       2  1.27207E-03  1.26994E-03  1.27207E-05  1.18956E+00  9.16658E-01  2.01010E-01  4.46029E+00 -7.60011E+00  2.01546E+00  8.42559E+03  9.53185E+03  5.10808E+03 -1.72809E+03 -2.84808E+02 -1.02838E+02  0.00000E+00  1.20613E-03  6.38108E-05
       3       6       3  2.05593E-03  1.95249E-03  2.05593E-05  1.65456E+00  1.28526E+00  2.70419E-01  1.49432E+01 -1.82516E+01  4.31505E-01  7.49054E+03  8.66087E+03  4.12273E+03 -1.53777E+03 -2.94531E+02 -3.88253E+02  0.00000E+00  1.76405E-03  1.88445E-04
       3       6       4  3.64109E-03  2.64904E-03  3.64109E-05  2.70265E+00  2.08101E+00  4.55821E-01  3.93696E+01 -4.88941E+01  6.69041E-01  1.27986E+04  1.44258E+04  8.22188E+03 -3.20915E+03  2.04489E+02  2.35103E+02  0.00000E+00  2.45513E-03  1.93910E-04
       3       6       5  4.19115E-03  4.01636E-03  4.19115E-05  4.11976E+00  3.16600E+00  6.87874E-01  2.52886E+01 -3.09276E+01  2.25423E+00  9.12823E+03  8.64638E+03  3.85255E+03  1.07128E+03  2.28588E+02  5.02718E+02  0.00000E+00  3.72495E-03  2.91415E-04
       3       6       6  5.43219E-03  5.61763E-03  5.43219E-05  5.72451E+00  4.41274E+00  9.52477E-01  2.73072E+01 -3.58926E+01 -1.18123E-01  7.28977E+03  7.45646E+03  2.44742E+03  2.24357E+02  3.08245E+02  3.12738E+02  0.00000E+00  5.24211E-03  3.75524E-04
       3       6       7  7.79817E-03  4.65605E-03  7.79817E-05  9.27800E+00  7.15467E+00  1.58209E+00  5.04576E+01 -6.60200E+01  5.63023E-01  1.31866E+04  1.25791E+04  4.41779E+03  1.41988E+03  2.76929E+02  3.15421E+02  0.00000E+00  4.01772E-03  6.38327E-04
       3       6       8  7.90402E-03  8.42104E-03  7.90402E-05  1.41303E+01  1.08921E+01  2.40609E+00  2.81362E+01 -3.65655E+01  1.26982E+00  8.26868E+03  6.38000E+03  1.98304E+03  3.44576E+03  7.79914E+01  1.63199E+02  0.00000E+00  7.10100E-03  1.32004E-03
       3       6       9  1.12722E-02  1.70940E-02  1.12722E-04  2.03815E+01  1.57488E+01  3.53478E+00  1.47378E+01 -2.00498E+01 -5.64707E-01  3.45091E+03  2.52615E+03  6.07389E+02  1.69239E+03  9.00264E+01  1.16273E+02  0.00000E+00  1.33777E-02  3.71626E-03
       3       6      10  1.86374E-02  2.53996E-02  1.86374E-04  5.91653E+01  4.54475E+01  9.41106E+00  1.72614E+01 -2.35604E+01  3.75893E-01  4.88698E+03  3.32405E+03  3.05388E+02  2.97504E+03  1.06171E+01  3.03238E+01  0.00000E+00  2.45321E-02  8.67518E-04
       4       1       1  4.15484E-04  4.29528E-04  4.15484E-06  6.50665E-02  8.38324E-02  5.55586E-01 -5.25989E+01  3.57154E+01  1.89681E+00  8.90137E+03  8.35890E+03  9.02548E+03 -1.11416E+03  1.82482E+02  3.57142E+02  0.00000E+00  3.52470E-04  7.70578E-05
       4       1       2  1.18310E-04  1.17300E-04  1.18310E-06  1.59953E-01  2.07620E-01  1.44371E+00 -7.40231E+01  3.05826E+01 -9.71558E+00  9.93256E+03  6.78738E+03  1.11334E+04 -1.55479E+03 -7.86570E+02  1.61706E+03  0.00000E+00  1.04658E-04  1.26425E-05
       4       1       3  2.04120E-04  2.04658E-04  2.04120E-06  2.29997E-01  2.98472E-01  2.09213E+00 -3.58511E+01  1.26528E+01 -5.15011E+00  5.58995E+03  5.96181E+03  3.56693E+03  9.28121E+02 -3.81460E+02  5.69757E+02  0.00000E+00  1.76691E-04  2.79671E-05
       4       1       4  2.86813E-04  1.87335E-04  2.86813E-06  4.17436E-01  5.38854E-01  3.62074E+00 -5.63485E+01  2.37330E+01  1.93117E+00  1.39170E+04  7.39788E+03  4.84864E+03 -2.45655E+03  2.58571E+02  3.03172E+02  0.00000E+00  1.80631E-04  6.70381E-06
       4       1       5  2.61743E-04  3.57917E-04  2.61743E-06  6.12266E-01  7.92599E-01  5.18137E+00 -3.71815E+01  1.40033E+01 -1.49190E+00  6.11610E+03  3.03027E+03  4.96379E+03 -1.34788E+03  1.39713E+02 -6.52556E+01  0.00000E+00  3.47168E-04  1.07485E-05
       4       1       6  2.09494E-04  1.87109E-04  2.09494E-06  7.62803E-01  1.00551E+00  6.52062E+00 -2.63888E+01  9.63639E+00  2.10836E+00  3.39600E+03  1.66832E+03  3.39465E+03 -7.81703E+02  1.15188E+02  2.17218E+02  0.00000E+00  1.72997E-04  1.41115E-05
       4       1       7  2.13511E-04  2.15480E-04  2.13511E-06  1.35618E+00  1.76775E+00  1.23370E+01  9.04117E+01 -3.91852E+01 -1.28862E+00  1.05436E+04  5.45611E+03  4.19540E+03 -2.20090E+03  2.18894E+02  1.33287E+02  0.00000E+00  1.95000E-04  2.04799E-05
       4       1       8  3.57865E-04  4.07056E-04  3.57865E-06  1.97531E+00  2.57942E+00  1.79429E+01  5.79890E+01 -2.41208E+01  5.80282E-02  4.54661E+03  2.18928E+03  3.85550E+03 -9.36017E+02  6.04942E+01  1.35137E+02  0.00000E+00  3.51172E-04  5.58846E-05
       4       1       9  3.72824E-04  2.95807E-04  3.72824E-06  2.48228E+00  3.21159E+00  2.33768E+01  3.37018E+01 -1.37040E+01 -2.08184E-01  2.01784E+03  9.66964E+02  1.97390E+03 -4.35821E+02  1.51416E+02  8.64834E+01  0.00000E+00  1.91610E-04  1.04197E-04
       4       1      10  1.69410E-04  1.74564E-04  1.69410E-06  7.90331E+00  1.00827E+01  7.52885E+01  1.50440E+01 -5.32240E+00  1.31437E+00  5.42271E+02  3.61322E+02  6.82911E+03  2.82669E+01  3.37508E+02  2.83228E+02  0.00000E+00  1.06113E-04  6.84513E-05
       4       2       1  1.25484E-03  1.06685E-03  1.25484E-05  1.22109E-01  1.57683E-01  4.64926E-01 -3.67666E+01  3.16903E+01  5.24869E-01  7.37952E+03  7.99858E+03  1.08504E+04  2.51026E+03  3.45844E+02  3.46779E+02  0.00000E+00  9.08323E-04  1.58525E-04
       4       2       2  3.60753E-04  2.45913E-04  3.60753E-06  3.59201E-01  4.61353E-01  1.38455E+00 -1.97816E+01  1.24046E+01  3.75170E+00  7.88979E+03  1.02964E+04  1.48918E+04  5.83401E+03 -3.95703E+01  6.86376E+02  0.00000E+00  2.12075E-04  3.38379E-05
       4       2       3  6.20310E-04  2.92287E-04  6.20310E-06  5.25540E-01  6.52356E-01  2.01620E+00 -7.26962E+00  6.14414E+00 -6.58215E+00  5.74183E+03  7.80517E+03  1.12605E+04  5.81196E+03  1.98188E+03  1.86616E+03  0.00000E+00  2.07926E-04  8.43612E-05
       4       2       4  8.94373E-04  3.32875E-04  8.94373E-06  8.58753E-01  1.10330E+00  3.25730E+00 -1.39939E+01  1.97010E-01  5.64018E+00  7.09211E+03  1.06183E+04  1.41217E+04  4.45108E+03  2.14277E+03  1.33470E+03  0.00000E+00  2.85994E-04  4.68809E-05
       4       2       5  8.32271E-04  6.76234E-04  8.32271E-06  1.28064E+00  1.67536E+00  4.83389E+00 -1.16885E+01  5.51600E+00 -2.25239E-01  2.84615E+03  4.42812E+03  7.92026E+03  2.10760E+03  8.90750E+02  7.51824E+02  0.00000E+00  6.36146E-04  4.00886E-05
       4       2       6  7.00992E-04  8.34933E-04  7.00992E-06  1.73124E+00  2.32271E+00  6.66522E+00 -1.33496E+00  3.14402E-01 -6.48149E-01  9.07039E+02  1.42661E+03  5.07103E+03  7.55580E+02  1.31650E+03  8.93638E+02  0.00000E+00  7.26345E-04  1.08588E-04
       4       2       7  6.91252E-04  4.54575E-04  6.91252E-06  2.92156E+00  3.89854E+00  1.11242E+01  2.70532E+01 -2.12522E+01 -1.58627E+01  4.68409E+03  6.35533E+03  1.06969E+04  2.20691E+03  3.06619E+03  1.94478E+03  0.00000E+00  2.42578E-04  2.11996E-04
       4       2       8  1.14174E-03  9.08275E-04  1.14174E-05  4.29829E+00  5.71374E+00  1.66781E+01  1.39444E+01 -1.33182E+01 -8.15114E+00  1.72096E+03  2.81751E+03  6.16308E+03  1.32105E+03  1.46564E+03  1.09323E+03  0.00000E+00  4.43964E-04  4.64311E-04
       4       2       9  1.27054E-03  1.26421E-03  1.27054E-05  6.03789E+00  7.74809E+00  2.29018E+01  4.44632E+00 -3.64680E+00 -2.95878E+00  4.62563E+02  6.77499E+02  1.97834E+03  3.50222E+02  5.54714E+02  3.94940E+02  0.00000E+00  2.36201E-04  1.02801E-03
       4       2      10  5.81833E-04  2.30471E-04  5.81833E-06  1.73445E+01  2.26465E+01  6.91299E+01  6.89898E+00 -4.61575E+00  1.46611E+00  6.32094E+02  1.12675E+03  6.56966E+03  6.98508E+02  1.02488E+03  7.90102E+02  0.00000E+00  1.31854E-04  9.86166E-05
       4       3       1  2.10394E-03  1.98860E-03  2.10394E-05  2.24476E-01  2.92668E-01  4.98011E-01 -2.18540E+01  1.56188E+01  6.02372E-01  4.53925E+03  5.06331E+03  7.73412E+03  1.99983E+03  1.95103E+02  2.25316E+02  0.00000E+00  1.86420E-03  1.24399E-04
       4       3       2  6.17135E-04  5.84962E-04  6.17135E-06  5.56278E-01  7.26499E-01  1.21968E+00 -2.52493E+01  1.95577E+01  1.11871E+00  5.65192E+03  7.93842E+03  1.08484E+04  4.09394E+03  8.43195E+02  5.52670E+02  0.00000E+00  5.27970E-04  5.69920E-05
       4       3       3  1.05131E-03  9.46315E-04  1.05131E-05  8.17954E-01  1.04839E+00  1.78280E+00 -1.70663E+01  7.39005E+00  2.11420E+00  2.80288E+03  3.70729E+03  5.35737E+03  2.23243E+03  1.00401E+03  8.40531E+02  0.00000E+00  7.73955E-04  1.72360E-04
       4       3       4  1.59114E-03  9.60087E-04  1.59114E-05  1.26972E+00  1.63882E+00  2.71704E+00  6.53654E+01 -5.08628E+01 -1.27823E-01  1.46184E+04  1.26831E+04  8.44969E+03 -3.90940E+03  1.25112E+03  1.00308E+03  0.00000E+00  8.76915E-04  8.31713E-05
       4       3       5  1.54318E-03  1.11599E-03  1.54318E-05  1.98011E+00  2.58503E+00  4.10386E+00  1.78470E+01 -1.51369E+01  4.21981E-01  4.66835E+03  5.65877E+03  7.21223E+03  1.72220E+03  1.56970E+03  1.07539E+03  0.00000E+00  1.00432E-03  1.11677E-04
       4       3       6  1.43712E-03  1.51867E-03  1.43712E-05  2.57700E+00  3.41743E+00  5.65093E+00  1.96830E+01 -1.41414E+01 -1.78405E+00  2.17583E+03  2.25425E+03  4.18907E+03  8.17599E+01  1.37233E+03  1.04684E+03  0.00000E+00  1.33339E-03  1.85281E-04
       4       3       7  1.38670E-03  1.14685E-03  1.38670E-05  4.43970E+00  5.78607E+00  9.79323E+00  5.12067E+01 -4.31639E+01 -2.41997E+00  7.05463E+03  6.47665E+03  8.31136E+03 -1.07332E+03  2.30726E+03  1.77991E+03  0.00000E+00  7.82177E-04  3.64676E-04
       4       3       8  2.12405E-03  2.30617E-03  2.12405E-05  6.62479E+00  8.57932E+00  1.45012E+01  3.23348E+01 -2.54866E+01 -7.08447E-01  3.35559E+03  3.34882E+03  5.15431E+03  1.09848E+02  1.36899E+03  1.06243E+03  0.00000E+00  1.46173E-03  8.44438E-04
       4       3       9  2.69451E-03  3.10424E-03  2.69451E-05  9.14454E+00  1.16499E+01  2.01739E+01  1.10895E+01 -8.36198E+00  1.45117E+00  9.42728E+02  9.43387E+02  1.71772E+03  9.83521E+01  4.51658E+02  4.09520E+02  0.00000E+00  9.12658E-04  2.19158E-03
       4       3      10  1.39085E-03  1.47873E-03  1.39085E-05  2.92864E+01  3.84496E+01  6.28018E+01  1.64133E+01 -1.39867E+01 -6.98785E+00  1.16686E+03  1.63344E+03  3.79411E+03  7.45937E+02  3.78675E+02  8.57169E+01  0.00000E+00  1.34231E-03  1.36411E-04
       4       4       1  2.91895E-03  2.70452E-03  2.91895E-05  3.10819E-01  4.05087E-01  3.59335E-01  1.68433E+00 -1.09013E+00  9.42072E-02  8.09920E+03  6.86604E+03  5.25590E+03 -2.43702E+03  1.60428E+02  1.81327E+02  0.00000E+00  2.60118E-03  1.03338E-04
       4       4       2  8.81757E-04  8.72006E-04  8.81757E-06  7.61860E-01  9.94576E-01  8.56734E-01 -5.97908E+01  4.69572E+01  2.28090E+00  8.83431E+03  8.18676E+03  5.70253E+03 -4.70477E+02  1.88006E+02  2.56128E+02  0.00000E+00  7.99451E-04  7.25555E-05
       4       4       3  1.47703E-03  1.44568E-03  1.47703E-05  1.07098E+00  1.39858E+00  1.27493E+00 -1.85028E+01  1.77478E+01 -2.74151E+00  5.55346E+03  4.58654E+03  3.40213E+03 -1.77059E+03  6.35575E+02  6.87010E+00  0.00000E+00  1.29372E-03  1.51957E-04
       4       4       4  2.37824E-03  1.64050E-03  2.37824E-05  1.71174E+00  2.21816E+00  2.04547E+00  5.63888E+01 -4.45824E+01  8.62222E-01  1.69236E+04  1.35313E+04  6.48040E+03 -4.79450E+03  2.94948E+02  4.79210E+02  0.00000E+00  1.54587E-03  9.46293E-05
       4       4       5  2.45173E-03  2.88987E-03  2.45173E-05  2.59375E+00  3.38413E+00  3.01435E+00  3.05870E+01 -2.71829E+01 -1.29206E+00  7.42779E+03  8.15879E+03  4.12870E+03  5.11554E+02  5.66625E+02  4.09964E+02  0.00000E+00  2.73480E-03  1.55069E-04
       4       4       6  2.60536E-03  2.25212E-03  2.60536E-05  3.55573E+00  4.70854E+00  4.02508E+00  1.48501E+01 -1.67195E+01  3.78760E-01  3.96541E+03  4.64165E+03  2.73427E+03  9.13938E+02  6.02289E+02  5.96875E+02  0.00000E+00  2.04134E-03  2.10782E-04
       4       4       7  2.70030E-03  2.24729E-03  2.70030E-05  5.98117E+00  7.80035E+00  6.84973E+00  7.44833E+01 -4.99722E+01 -1.02017E+00  1.08614E+04  9.29336E+03  6.48310E+03 -2.15046E+03  1.07239E+03  6.54872E+02  0.00000E+00  1.96472E-03  2.82574E-04
       4       4       8  3.44853E-03  4.15870E-03  3.44853E-05  9.07229E+00  1.18533E+01  1.02471E+01  4.07882E+01 -2.74797E+01 -8.93836E-01  4.73600E+03  5.10160E+03  3.63035E+03  1.11248E+03  6.14090E+02  4.00054E+02  0.00000E+00  3.62443E-03  5.34278E-04
       4       4       9  5.08221E-03  6.43887E-03  5.08221E-05  1.26807E+01  1.67211E+01  1.41555E+01  2.01634E+01 -1.80788E+01  9.75051E-01  1.61422E+03  1.96461E+03  1.38622E+03  4.94222E+02  1.70162E+02  1.49900E+02  0.00000E+00  5.31911E-03  1.11977E-03
       4       4      10  3.67799E-03  5.02528E-03  3.67799E-05  3.84563E+01  5.00475E+01  4.21298E+01  2.30919E+01 -1.63435E+01 -2.38566E+00  2.53421E+03  3.52877E+03  2.01167E+03  2.01683E+03  9.00812E+01 -8.71164E+00  0.00000E+00  4.96873E-03  5.65481E-05
       4       5       1  3.59438E-03  2.87227E-03  3.59438E-05  3.31091E-01  4.31892E-01  2.32112E-01  1.00214E+01 -6.76766E+00  6.68025E-01  7.72244E+03  6.29919E+03  6.23275E+03 -2.46423E+03  6.59891E+01  1.03426E+02  0.00000E+00  2.78365E-03  8.86174E-05
       4       5       2  1.12052E-03  1.11375E-03  1.12052E-05  8.49931E-01  1.10103E+00  5.95694E-01 -5.26464E+01  3.92696E+01  2.13429E+00  8.43590E+03  8.73913E+03  5.95728E+03  5.17499E+02 -5.33872E+02  3.37265E+02  0.00000E+00  1.07036E-03  4.33950E-05
       4       5       3  1.83910E-03  1.51873E-03  1.83910E-05  1.17931E+00  1.54124E+00  8.15774E-01 -9.12179E+00  5.44217E+00  1.41327E+00  8.46081E+03  7.41249E+03  4.13817E+03 -2.31758E+03 -3.67501E+02 -3.44548E+02  0.00000E+00  1.36687E-03  1.51866E-04
       4       5       4  3.13944E-03  1.58172E-03  3.13944E-05  1.93027E+00  2.52148E+00  1.33010E+00  4.72876E+01 -3.08969E+01  3.64428E+00  1.24064E+04  1.01820E+04  1.04421E+04 -2.74807E+03 -1.50248E+02  9.66258E+01  0.00000E+00  1.55973E-03  2.19863E-05
       4       5       5  3.45602E-03  2.98154E-03  3.45602E-05  2.93641E+00  3.82644E+00  2.08494E+00  2.91435E+01 -2.32131E+01  6.22168E-01  7.40423E+03  7.80915E+03  5.18618E+03  1.21980E+03 -1.08072E+01  2.55664E+02  0.00000E+00  2.88238E-03  9.91576E-05
       4       5       6  4.15808E-03  3.81848E-03  4.15808E-05  4.08787E+00  5.31077E+00  2.86744E+00  2.55642E+01 -1.89078E+01  5.08537E+00  5.22605E+03  6.25532E+03  3.00366E+03  2.23324E+03  2.97353E+02  2.56925E+02  0.00000E+00  3.59815E-03  2.20330E-04
       4       5       7  5.13083E-03  3.15750E-03  5.13083E-05  6.62475E+00  8.68742E+00  4.59386E+00  5.09189E+01 -4.11253E+01  1.77194E+00  8.57591E+03  9.97989E+03  6.27549E+03  2.45066E+03  4.25877E+02  4.37213E+02  0.00000E+00  2.76401E-03  3.93488E-04
       4       5       8  5.44041E-03  5.49826E-03  5.44041E-05  1.00677E+01  1.31941E+01  7.04521E+00  3.31726E+01 -2.45048E+01  2.70104E+00  4.36902E+03  5.67662E+03  3.22752E+03  2.20534E+03  3.26263E+02  3.05990E+02  0.00000E+00  4.72999E-03  7.68267E-04
       4       5       9  8.39572E-03  9.40945E-03  8.39572E-05  1.42759E+01  1.87093E+01  9.97928E+00  1.83087E+01 -1.33581E+01  7.88936E-02  1.50970E+03  1.89811E+03  1.02085E+03  7.71192E+02  9.36103E+01  8.51433E+01  0.00000E+00  7.60658E-03  1.80288E-03
       4       5      10  9.73800E-03  6.15448E-03  9.73800E-05  4.26431E+01  5.58265E+01  3.00143E+01  1.98658E+01 -1.64125E+01 -5.81876E-01  2.61809E+03  4.02535E+03  1.25947E+03  2.40667E+03 -1.54664E+01 -8.34507E+00  0.00000E+00  6.03531E-03  1.19166E-04
       4       6       1  3.98643E-03  3.42590E-03  3.98643E-05  3.78419E-01  4.93566E-01  7.65899E-02  1.82559E+01 -1.58673E+01  4.08466E-02  6.80438E+03  6.03930E+03  6.20067E+03 -1.53713E+03  2.45774E+01  1.01843E+02  0.00000E+00  3.34396E-03  8.19408E-05
       4       6       2  1.26902E-03  1.20941E-03  1.26902E-05  9.09527E-01  1.18869E+00  1.99027E-01  8.12351E+00 -6.72377E+00  4.68210E-01  9.48340E+03  8.30531E+03  4.90958E+03 -2.23462E+03  9.52439E+01  3.93521E+02  0.00000E+00  1.15770E-03  5.17043E-05
       4       6       3  2.05309E-03  1.86554E-03  2.05309E-05  1.27236E+00  1.64923E+00  2.75704E-01  1.71891E+01 -1.60659E+01  1.09868E+00  8.03293E+03  6.76206E+03  4.08111E+03 -2.49649E+03 -2.80736E+02 -1.06650E+02  0.00000E+00  1.73464E-03  1.30900E-04
       4       6       4  3.63186E-03  2.51781E-03  3.63186E-05  2.08019E+00  2.70879E+00  4.62956E-01  5.09119E+01 -4.13147E+01 -1.06126E+00  1.40597E+04  1.23454E+04  8.10552E+03 -4.47428E+03  4.53023E+02  9.89224E+01  0.00000E+00  2.43844E-03  7.93676E-05
       4       6       5  4.17673E-03  3.86238E-03  4.17673E-05  3.15529E+00  4.12306E+00  6.84637E-01  3.49002E+01 -2.32989E+01  1.78505E+00  8.48790E+03  8.92401E+03  3.82684E+03  5.46680E+02  1.56526E+01  2.13646E+02  0.00000E+00  3.73166E-03  1.30721E-04
       4       6       6  5.41282E-03  5.44974E-03  5.41282E-05  4.39398E+00  5.73990E+00  9.51726E-01  3.90306E+01 -2.82096E+01  2.25822E+00  7.47208E+03  7.40973E+03  2.41777E+03 -2.13826E+02  1.02707E+02  4.42411E+01  0.00000E+00  5.20227E-03  2.47461E-04
       4       6       7  7.74926E-03  4.50110E-03  7.74926E-05  7.08967E+00  9.28367E+00  1.54608E+00  6.91994E+01 -5.38501E+01 -5.25406E-01  1.29452E+04  1.34644E+04  4.26068E+03  9.96492E+02  5.10698E+02  3.70742E+02  0.00000E+00  4.05886E-03  4.42231E-04
       4       6       8  7.85224E-03  8.05809E-03  7.85224E-05  1.08473E+01  1.41323E+01  2.35266E+00  3.87205E+01 -3.03276E+01 -5.68551E-03  6.67110E+03  8.41868E+03  2.10993E+03  3.45490E+03  3.03008E+02  2.27367E+02  0.00000E+00  7.17031E-03  8.87773E-04
       4       6       9  1.12270E-02  1.51823E-02  1.12270E-04  1.56674E+01  2.04235E+01  3.45658E+00  2.21906E+01 -1.60006E+01 -6.76580E-02  2.72035E+03  3.64406E+03  6.22709E+02  1.75051E+03  1.98747E+01  2.85778E+01  0.00000E+00  1.28107E-02  2.37156E-03
       4       6      10  1.84359E-02  2.57980E-02  1.84359E-04  4.56903E+01  5.95643E+01  9.64408E+00  2.27933E+01 -1.71877E+01 -5.24453E-02  3.24962E+03  4.78372E+03  2.75007E+02  2.91519E+03  4.91040E+01  3.76722E+01  0.00000E+00  2.47307E-02  1.06729E-03
       5       1       1  4.15467E-04  3.83482E-04  4.15467E-06  4.11090E-02  9.86857E-02  5.74283E-01 -6.48475E+01  2.42870E+01  2.38976E+00  1.05939E+04  8.90765E+03  8.87703E+03 -7.08579E+02 -2.12381E+02 -3.20282E+01  0.00000E+00  3.49278E-04  3.42039E-05
       5       1       2  1.18304E-04  1.10433E-04  1.18304E-06  9.78731E-02  2.33367E-01  1.44872E+00 -6.77429E+01  1.17677E+01  1.22396E+00  1.08826E+04  6.54744E+03  1.25288E+04 -1.01416E+03  2.75131E+02 -9.22947E+02  0.00000E+00  9.62029E-05  1.42305E-05
       5       1       3  2.04112E-04  2.16716E-04  2.04112E-06  1.39115E-01  3.38216E-01  2.11250E+00 -3.09264E+01 -2.95862E+00  6.83060E-01  6.03677E+03  9.59905E+03  4.53449E+03  1.72550E+03  7.34020E+02 -3.13632E+02  0.00000E+00  1.70490E-04  4.62255E-05
       5       1       4  2.86796E-04  1.82620E-04  2.86796E-06  2.51156E-01  6.08044E-01  3.61787E+00 -5.78306E+01  1.47475E+01  4.85018E+00  1.46691E+04  6.56880E+03  5.96728E+03 -1.12811E+03  5.94205E+02  2.98577E+02  0.00000E+00  1.69985E-04  1.26349E-05
       5       1       5  2.61729E-04  3.35115E-04  2.61729E-06  3.72707E-01  8.98412E-01  5.18705E+00 -3.96075E+01  9.42628E+00 -3.36405E+00  6.47376E+03  2.77504E+03  4.85408E+03 -9.33451E+02  6.39335E+01  1.82731E+02  0.00000E+00  3.24808E-04  1.03074E-05
       5       1       6  2.09481E-04  2.42660E-04  2.09481E-06  5.25526E-01  1.25759E+00  6.70049E+00 -1.87682E+01  1.79898E+00 -2.93644E+00  2.79586E+03  1.09362E+03  3.10808E+03 -3.04834E+02  3.10727E+02  4.58511E+01  0.00000E+00  2.29194E-04  1.34658E-05
       5       1       7  2.13501E-04  2.05325E-04  2.13501E-06  8.29636E-01  2.01365E+00  1.23736E+01  9.30234E+01 -1.86954E+01  1.20674E+00  1.06984E+04  4.53759E+03  4.72460E+03 -1.02995E+03  3.00047E+02  6.11444E+01  0.00000E+00  1.77880E-04  2.74443E-05
       5       1       8  3.57850E-04  4.02257E-04  3.57850E-06  1.22766E+00  2.96855E+00  1.79236E+01  6.09098E+01 -1.28380E+01  5.38993E+00  4.72494E+03  1.95268E+03  4.01270E+03 -5.08316E+02  3.16277E+02  2.26934E+02  0.00000E+00  3.42631E-04  5.96269E-05
       5       1       9  3.72797E-04  3.07273E-04  3.72797E-06  1.58661E+00  3.80548E+00  2.34232E+01  3.23788E+01 -6.56815E+00  9.89770E-01  1.95111E+03  7.92073E+02  1.96730E+03 -2.21746E+02  1.69254E+02  2.52849E+01  0.00000E+00  1.80090E-04  1.27183E-04
       5       1      10  1.69399E-04  1.52165E-04  1.69399E-06  5.05378E+00  1.20643E+01  7.52300E+01  1.64244E+01 -4.14942E+00 -4.02665E-01  5.34017E+02  4.11118E+02  6.84422E+03  2.08964E+01  3.31002E+02  1.78755E+02  0.00000E+00  9.97055E-05  5.24597E-05
       5       2       1  1.25460E-03  9.89132E-04  1.25460E-05  7.50160E-02  1.82207E-01  4.54445E-01 -4.82679E+01  1.97601E+01  5.75701E-01  6.57134E+03  1.05949E+04  1.14568E+04  2.22986E+03  6.19482E+02  1.97253E+02  0.00000E+00  9.31475E-04  5.76579E-05
       5       2       2  3.60667E-04  2.01785E-04  3.60667E-06  2.27321E-01  5.37480E-01  1.38124E+00 -1.86611E+01  1.47469E+01 -9.10388E+00  5.28374E+03  1.32347E+04  1.60213E+04  4.28154E+03  1.34749E+03 -1.61247E+02  0.00000E+00  1.75914E-04  2.58712E-05
       5       2       3  6.20202E-04  2.89491E-04  6.20202E-06  3.16899E-01  7.74940E-01  2.00537E+00 -6.80581E+00  1.29587E+01  7.10968E+00  2.57805E+03  1.16318E+04  1.27468E+04  4.29907E+03  2.34620E+03  7.30990E+02  0.00000E+00  2.27188E-04  6.23024E-05
       5       2       4  8.94116E-04  3.37210E-04  8.94116E-06  5.24566E-01  1.26384E+00  3.25361E+00 -8.76848E+00  9.80221E+00 -2.20231E+00  5.11268E+03  1.16161E+04  1.49491E+04  2.95444E+03  2.24375E+03  7.12635E+02  0.00000E+00  2.91860E-04  4.53495E-05
       5       2       5  8.32029E-04  6.38469E-04  8.32029E-06  7.77736E-01  1.85805E+00  4.84242E+00 -1.13907E+01  6.41186E+00 -2.87513E+00  2.13747E+03  5.03618E+03  9.10030E+03  1.51583E+03  1.47216E+03  5.46320E+02  0.00000E+00  5.81216E-04  5.72522E-05
       5       2       6  7.00757E-04  7.16168E-04  7.00757E-06  1.08122E+00  2.61575E+00  6.68071E+00 -7.88191E-01  2.85000E+00 -2.90846E+00  6.05855E+02  1.73155E+03  5.34449E+03  5.12685E+02  1.48311E+03  6.02422E+02  0.00000E+00  6.16836E-04  9.93317E-05
       5       2       7  6.91069E-04  4.09124E-04  6.91069E-06  1.82731E+00  4.40011E+00  1.11904E+01  3.74506E+01 -7.93271E+00  1.18475E+01  3.79440E+03  6.90691E+03  1.08196E+04  1.39877E+03  3.13266E+03  1.46070E+03  0.00000E+00  2.18648E-04  1.90477E-04
       5       2       8  1.14151E-03  9.20101E-04  1.14151E-05  2.75552E+00  6.67392E+00  1.66718E+01  1.91108E+01 -1.32092E+00  9.41215E+00  1.17211E+03  3.05839E+03  6.36023E+03  9.26470E+02  1.91950E+03  8.45625E+02  0.00000E+00  3.97964E-04  5.22137E-04
       5       2       9  1.27007E-03  1.62639E-03  1.27007E-05  3.95220E+00  9.24928E+00  2.30788E+01  5.06244E+00 -3.76649E-01  3.66386E+00  2.36086E+02  6.64044E+02  1.74380E+03  2.02297E+02  5.58211E+02  2.59798E+02  0.00000E+00  2.16396E-04  1.41000E-03
       5       2      10  5.81572E-04  2.27882E-04  5.81572E-06  1.13165E+01  2.57706E+01  7.06098E+01  7.28931E+00 -2.29110E+00 -4.58726E-01  3.19701E+02  1.23964E+03  6.26088E+03  4.51933E+02  1.12909E+03  4.98879E+02  0.00000E+00  1.14431E-04  1.13451E-04
       5       3       1  2.10295E-03  2.02412E-03  2.10295E-05  1.42017E-01  3.43990E-01  5.01635E-01 -2.51559E+01  1.03067E+01  1.71205E-01  3.24604E+03  6.37665E+03  7.93931E+03  1.68093E+03  4.44261E+02  2.24070E+02  0.00000E+00  1.92242E-03  1.01695E-04
       5       3       2  6.16751E-04  5.86642E-04  6.16751E-06  3.43458E-01  8.40289E-01  1.22201E+00 -2.81715E+01  1.40270E+01 -1.56901E+00  3.70098E+03  9.60650E+03  1.12784E+04  2.88715E+03  1.15615E+03  4.47043E+02  0.00000E+00  5.11111E-04  7.55317E-05
       5       3       3  1.05086E-03  1.08750E-03  1.05086E-05  5.05108E-01  1.24353E+00  1.78018E+00 -1.48938E+01  5.88657E+00 -8.10889E-01  1.46959E+03  4.47541E+03  4.91654E+03  1.56535E+03  8.89254E+02  3.03844E+02  0.00000E+00  8.18052E-04  2.69443E-04
       5       3       4  1.58999E-03  9.58105E-04  1.58999E-05  7.84867E-01  1.91005E+00  2.73211E+00  6.99256E+01 -3.39153E+01 -1.03826E+00  1.54318E+04  1.05766E+04  8.97362E+03 -2.57295E+03  1.73007E+03  5.44755E+02  0.00000E+00  8.72773E-04  8.53319E-05
       5       3       5  1.54195E-03  1.26037E-03  1.54195E-05  1.24212E+00  3.01451E+00  4.11558E+00  2.20372E+01 -8.53118E+00  8.31758E-01  3.67236E+03  5.88340E+03  7.06162E+03  1.14402E+03  1.45050E+03  5.34950E+02  0.00000E+00  1.16717E-03  9.31951E-05
       5       3       6  1.43582E-03  1.52990E-03  1.43582E-05  1.60627E+00  3.91984E+00  5.63793E+00  2.14583E+01 -9.57592E+00  8.87724E-01  2.09813E+03  2.16749E+03  3.98077E+03  5.03427E+01  1.46100E+03  5.80505E+02  0.00000E+00  1.37089E-03  1.59008E-04
       5       3       7  1.38542E-03  1.15263E-03  1.38542E-05  2.79173E+00  6.81760E+00  9.76230E+00  6.14330E+01 -2.68505E+01 -6.07411E+00  7.68782E+03  5.96787E+03  8.41291E+03 -7.35876E+02  2.77553E+03  1.14558E+03  0.00000E+00  7.81117E-04  3.71510E-04
       5       3       8  2.12290E-03  2.31318E-03  2.12290E-05  4.16694E+00  1.01553E+01  1.44878E+01  3.61885E+01 -1.60019E+01 -2.52053E+00  3.15580E+03  3.19697E+03  4.92456E+03  5.11500E+01  1.68615E+03  6.98375E+02  0.00000E+00  1.41598E-03  8.97207E-04
       5       3       9  2.69182E-03  3.10362E-03  2.69182E-05  5.66947E+00  1.37962E+01  2.01389E+01  1.25477E+01 -6.59810E+00 -1.93673E+00  8.57042E+02  1.11415E+03  1.84304E+03  7.16445E+01  5.69650E+02  1.82280E+02  0.00000E+00  8.93763E-04  2.20986E-03
       5       3      10  1.38851E-03  1.15621E-03  1.38851E-05  1.63722E+01  3.89502E+01  5.79568E+01  2.78465E+01 -2.24373E+00  5.97427E+00  1.45321E+03  2.84388E+03  5.42442E+03  1.03360E+03  1.14400E+02  2.17315E+02  0.00000E+00  1.04147E-03  1.14746E-04
       5       4       1  2.91660E-03  2.78771E-03  2.91660E-05  1.94531E-01  4.72654E-01  3.60512E-01  2.19874E+00 -1.51734E+00 -9.77948E-02  9.30101E+03  6.15067E+03  5.16710E+03 -1.68269E+03  5.16337E+02  8.00909E+01  0.00000E+00  2.68609E-03  1.01620E-04
       5       4       2  8.80736E-04  9.29659E-04  8.80736E-06  4.73603E-01  1.15583E+00  8.57034E-01 -6.55181E+01  2.72080E+01  1.14343E+00  8.92261E+03  8.56645E+03  5.21212E+03 -2.30665E+02  7.48993E+02  2.11870E+02  0.00000E+00  8.07765E-04  1.21895E-04
       5       4       3  1.47594E-03  1.49242E-03  1.47594E-05  6.62511E-01  1.63053E+00  1.28335E+00 -2.06568E+01  7.95372E+00 -9.21022E-01  6.66353E+03  4.12017E+03  3.26002E+03 -1.34278E+03  4.77128E+02  3.87230E+02  0.00000E+00  1.24455E-03  2.47868E-04
       5       4       4  2.37514E-03  1.67456E-03  2.37514E-05  1.06221E+00  2.55018E+00  2.04496E+00  7.01425E+01 -2.55373E+01  1.76955E-01  1.92776E+04  1.19445E+04  6.57716E+03 -3.47921E+03  9.03110E+02  4.72655E+02  0.00000E+00  1.56948E-03  1.05078E-04
       5       4       5  2.44790E-03  3.03565E-03  2.44790E-05  1.62501E+00  3.94546E+00  2.99178E+00  3.80478E+01 -1.48381E+01  9.76541E-01  7.39346E+03  8.60489E+03  4.31912E+03  4.03127E+02  7.09002E+02  3.20855E+02  0.00000E+00  2.85520E-03  1.80450E-04
       5       4       6  2.60088E-03  2.58184E-03  2.60088E-05  2.27729E+00  5.53907E+00  4.08789E+00  2.18010E+01 -3.77464E+00 -8.49072E-02  3.36071E+03  5.03456E+03  3.05208E+03  9.59645E+02  1.15095E+03  4.43557E+02  0.00000E+00  2.31555E-03  2.66292E-04
       5       4       7  2.69396E-03  2.33714E-03  2.69396E-05  3.71726E+00  9.02694E+00  6.76456E+00  8.12385E+01 -3.15608E+01  3.25208E+00  1.14421E+04  8.96095E+03  6.26476E+03 -1.23865E+03  1.25653E+03  4.89693E+02  0.00000E+00  1.98211E-03  3.55034E-04
       5       4       8  3.44417E-03  4.15549E-03  3.44417E-05  5.65436E+00  1.37628E+01  1.02375E+01  4.56256E+01 -1.80831E+01  6.98308E-01  4.06813E+03  5.46786E+03  3.76967E+03  7.18708E+02  7.45454E+02  3.53480E+02  0.00000E+00  3.54489E-03  6.10596E-04
       5       4       9  5.07285E-03  7.07888E-03  5.07285E-05  8.03991E+00  1.96002E+01  1.43041E+01  2.28873E+01 -1.04024E+01 -1.24777E+00  1.30828E+03  2.11407E+03  1.17266E+03  3.82234E+02  2.17404E+02  4.69724E+01  0.00000E+00  5.60603E-03  1.47285E-03
       5       4      10  3.66299E-03  4.73721E-03  3.66299E-05  2.38205E+01  5.70779E+01  4.10376E+01  2.82222E+01 -9.15791E+00  9.24161E-02  1.68817E+03  4.57684E+03  2.56096E+03  1.50997E+03  5.63870E+01  2.40577E+00  0.00000E+00  4.66146E-03  7.57431E-05
       5       5       1  3.59038E-03  2.93615E-03  3.59038E-05  2.08800E-01  5.05755E-01  2.32478E-01  1.00410E+01 -5.88904E+00  2.41192E-01  8.63545E+03  5.60223E+03  6.51399E+03 -1.60237E+03  2.29370E+02  1.85799E+01  0.00000E+00  2.83082E-03  1.05335E-04
       5       5       2  1.11860E-03  1.09967E-03  1.11860E-05  5.32617E-01  1.29160E+00  5.92614E-01 -6.25257E+01  2.52292E+01  1.88122E+00  8.11580E+03  9.32070E+03  5.78144E+03  4.91304E+02 -2.94277E+02 -9.38823E+01  0.00000E+00  1.03287E-03  6.68007E-05
       5       5       3  1.83722E-03  1.63448E-03  1.83722E-05  7.39645E-01  1.82063E+00  8.25029E-01 -8.94430E+00  3.67131E+00  5.13200E-01  8.85204E+03  5.84249E+03  3.81940E+03 -1.35893E+03 -2.19837E+02  9.08358E+01  0.00000E+00  1.32814E-03  3.06346E-04
       5       5       4  3.13362E-03  1.64912E-03  3.13362E-05  1.21120E+00  2.93153E+00  1.34894E+00  5.51435E+01 -2.02347E+01 -5.03767E-01  1.37333E+04  1.02284E+04  1.05318E+04 -1.62697E+03 -8.59874E+02 -1.50061E+02  0.00000E+00  1.59625E-03  5.28720E-05
       5       5       5  3.44771E-03  2.93458E-03  3.44771E-05  1.84306E+00  4.45586E+00  2.09066E+00  3.42874E+01 -1.24049E+01 -3.27195E-01  6.54229E+03  8.19193E+03  5.22079E+03  7.23843E+02  5.04521E+01 -7.57377E+01  0.00000E+00  2.84636E-03  8.82182E-05
       5       5       6  4.14747E-03  3.48504E-03  4.14747E-05  2.54916E+00  6.18715E+00  2.83712E+00  3.10835E+01 -1.20939E+01 -1.72086E+00  4.59340E+03  8.16181E+03  3.19772E+03  1.83016E+03  3.51693E+02  8.18610E+01  0.00000E+00  3.26026E-03  2.24772E-04
       5       5       7  5.10934E-03  3.11007E-03  5.10934E-05  4.15534E+00  1.01505E+01  4.64560E+00  5.95019E+01 -2.01016E+01  6.81993E-01  7.19976E+03  1.10988E+04  6.29537E+03  1.85636E+03  9.56973E+02  4.05819E+02  0.00000E+00  2.57058E-03  5.39486E-04
       5       5       8  5.42323E-03  5.98087E-03  5.42323E-05  6.25256E+00  1.53677E+01  6.93223E+00  3.61197E+01 -1.28417E+01 -5.65822E-01  3.19768E+03  6.93107E+03  3.00060E+03  1.75068E+03  6.33645E+02  1.71571E+02  0.00000E+00  4.87365E-03  1.10722E-03
       5       5       9  8.37297E-03  1.00767E-02  8.37297E-05  8.85071E+00  2.19801E+01  9.80810E+00  1.92461E+01 -7.00388E+00  3.15317E-01  1.09400E+03  2.37834E+03  9.72573E+02  6.11570E+02  1.92670E+02  7.79575E+01  0.00000E+00  7.19958E-03  2.87713E-03
       5       5      10  9.66928E-03  6.07943E-03  9.66928E-05  2.64745E+01  6.34186E+01  2.90490E+01  2.59610E+01 -8.03174E+00  2.02119E+00  1.72291E+03  5.41738E+03  1.51555E+03  1.96559E+03 -2.78853E+01  4.23007E+01  0.00000E+00  5.97200E-03  1.07430E-04
       5       6       1  3.98124E-03  3.56776E-03  3.98124E-05  2.35083E-01  5.71113E-01  8.65876E-02  2.23008E+01 -7.91344E+00  1.32212E-01  7.37460E+03  5.80352E+03  6.05976E+03 -6.83236E+02  1.95768E+02  8.86792E+01  0.00000E+00  3.47445E-03  9.33164E-05
       5       6       2  1.26639E-03  1.25374E-03  1.26639E-05  5.70464E-01  1.38123E+00  1.99339E-01  7.43096E+00 -2.60398E+00 -2.36635E+00  1.03461E+04  8.44497E+03  4.74395E+03 -9.10312E+02 -2.37024E+02 -9.62307E+00  0.00000E+00  1.15690E-03  9.68459E-05
       5       6       3  2.05063E-03  2.15539E-03  2.05063E-05  8.03385E-01  1.95757E+00  2.67845E-01  2.29548E+01 -8.05218E+00 -1.93985E-01  9.01375E+03  7.21691E+03  3.94562E+03 -1.27824E+03 -2.54605E+02 -2.33022E+02  0.00000E+00  1.89114E-03  2.64250E-04
       5       6       4  3.62390E-03  2.58896E-03  3.62390E-05  1.30146E+00  3.16197E+00  4.52009E-01  5.88202E+01 -2.33417E+01 -4.38581E-01  1.61790E+04  1.12907E+04  7.88623E+03 -2.52646E+03  4.20033E+02  1.64847E+02  0.00000E+00  2.43068E-03  1.58280E-04
       5       6       5  4.16432E-03  3.88899E-03  4.16432E-05  1.98044E+00  4.79980E+00  6.73439E-01  3.75060E+01 -1.54062E+01 -1.81959E+00  8.34197E+03  1.01164E+04  3.65483E+03  9.63733E+02  8.67329E+02  1.07011E+02  0.00000E+00  3.62823E-03  2.60763E-04
       5       6       6  5.39613E-03  5.52971E-03  5.39613E-05  2.73267E+00  6.68002E+00  9.22840E-01  4.33441E+01 -1.79940E+01  1.17658E+00  7.60691E+03  7.97229E+03  2.37573E+03  1.25535E+01  4.07517E+02  2.42961E+02  0.00000E+00  5.11688E-03  4.12829E-04
       5       6       7  7.70722E-03  4.76307E-03  7.70722E-05  4.41985E+00  1.08257E+01  1.59737E+00  7.62841E+01 -3.10825E+01  7.71952E-01  1.18565E+04  1.44046E+04  4.12486E+03  1.25697E+03  7.75159E+02  3.57272E+02  0.00000E+00  4.07952E-03  6.83547E-04
       5       6       8  7.80801E-03  8.45430E-03  7.80801E-05  6.79072E+00  1.65192E+01  2.43927E+00  4.13515E+01 -1.95023E+01 -1.52056E+00  4.75136E+03  1.03316E+04  1.85466E+03  2.56247E+03  4.01031E+02  9.30289E+01  0.00000E+00  6.94219E-03  1.51211E-03
       5       6       9  1.11881E-02  1.71491E-02  1.11881E-04  9.73557E+00  2.37962E+01  3.58427E+00  2.25416E+01 -9.88010E+00 -6.27932E-01  1.75781E+03  4.46072E+03  5.99973E+02  1.30721E+03  9.74102E+01  1.48111E+01  0.00000E+00  1.30601E-02  4.08897E-03
       5       6      10  1.82636E-02  2.67837E-02  1.82636E-04  2.82916E+01  6.90838E+01  9.52899E+00  2.54240E+01 -9.66347E+00 -3.28820E-01  1.87073E+03  6.33823E+03  2.84020E+02  2.20665E+03  9.43822E+01  2.24492E+01  0.00000E+00  2.40294E-02  2.75433E-03
       6       1       1  4.15458E-04  4.03372E-04  4.15458E-06  1.42544E-02  1.08795E-01  5.81381E-01 -6.35695E+01  8.07351E+00 -2.80821E+00  1.08762E+04  1.05427E+04  1.08239E+04 -1.77788E+02 -3.67840E+01  3.21734E+02  0.00000E+00  3.61509E-04  4.18630E-05
       6       1       2  1.18301E-04  1.13762E-04  1.18301E-06  3.18713E-02  2.51359E-01  1.44989E+00 -5.77960E+01 -8.42043E+00 -1.14794E+00  1.00458E+04  1.24166E+04  1.18177E+04  4.40801E+02  6.20620E+01  1.43756E+03  0.00000E+00  9.19465E-05  2.18153E-05
       6       1       3  2.04108E-04  2.38834E-04  2.04108E-06  4.57480E-02  3.54534E-01  2.11035E+00 -3.21391E+01  3.55153E+00 -9.19346E-01  5.82481E+03  1.31205E+04  5.65880E+03  4.59781E+02  1.47106E+03  7.79511E+01  0.00000E+00  1.74789E-04  6.40453E-05
       6       1       4  2.86787E-04  1.68496E-04  2.86787E-06  8.38333E-02  6.38500E-01  3.61831E+00 -5.98993E+01  4.90724E+00 -3.86220E+00  1.46796E+04  6.31244E+03  5.38625E+03 -3.64456E+02  1.81785E+02 -4.33451E+01  0.00000E+00  1.61834E-04  6.66157E-06
       6       1       5  2.61720E-04  3.28851E-04  2.61720E-06  1.27170E-01  9.61220E-01  5.19374E+00 -4.00636E+01  4.36290E+00  6.02513E-01  6.65451E+03  2.66561E+03  4.98336E+03 -2.83617E+02  2.78775E+02 -1.36339E+02  0.00000E+00  3.16526E-04  1.23246E-05
       6       1       6  2.09473E-04  2.96266E-04  2.09473E-06  1.69564E-01  1.37344E+00  6.86599E+00 -1.31462E+01 -6.10777E-01  2.81169E+00  2.29989E+03  8.37584E+02  3.41374E+03 -8.51654E+01  3.43366E+02  1.52906E+01  0.00000E+00  2.75998E-04  2.02678E-05
       6       1       7  2.13496E-04  2.20397E-04  2.13496E-06  2.92009E-01  2.17956E+00  1.22732E+01  8.78543E+01 -3.70660E+00  6.33378E+00  1.00074E+04  4.12976E+03  5.90290E+03 -1.59012E+02  6.85101E+02  2.10736E+02  0.00000E+00  1.74949E-04  4.54480E-05
       6       1       8  3.57842E-04  3.82617E-04  3.57842E-06  3.93502E-01  3.13720E+00  1.78762E+01  6.12482E+01 -4.75416E+00 -5.92738E-01  4.75858E+03  1.86939E+03  4.24708E+03 -1.67895E+02  3.35271E+02 -4.54534E+01  0.00000E+00  3.23211E-04  5.94053E-05
       6       1       9  3.72782E-04  2.96443E-04  3.72782E-06  4.54498E-01  4.29059E+00  2.33584E+01  3.33877E+01 -2.44787E+00 -9.57712E-01  2.01745E+03  7.89881E+02  2.26018E+03 -8.88866E+01  1.97423E+02  8.35982E+00  0.00000E+00  1.76621E-04  1.19822E-04
       6       1      10  1.69392E-04  1.91969E-04  1.69392E-06  1.41642E+00  1.16083E+01  7.52128E+01  1.33355E+01 -3.61593E-01 -5.11571E-01  4.09990E+02  3.69149E+02  7.12386E+03  1.18413E+01  5.20891E+02  3.28818E+01  0.00000E+00  9.83566E-05  9.36122E-05
       6       2       1  1.25447E-03  1.02374E-03  1.25447E-05  2.61549E-02  1.99807E-01  4.59460E-01 -5.03345E+01  1.00060E+01  4.26607E+00  5.60613E+03  1.19914E+04  1.23567E+04  1.04062E+03  1.11632E+03  2.38535E+02  0.00000E+00  9.60023E-04  6.37158E-05
       6       2       2  3.60617E-04  1.94359E-04  3.60617E-06  7.64641E-02  5.66203E-01  1.35875E+00 -2.07753E+01  9.09352E+00 -5.58673E+00  3.84451E+03  1.78735E+04  1.77054E+04  1.89552E+03  1.88201E+03  3.91203E+02  0.00000E+00  1.59946E-04  3.44125E-05
       6       2       3  6.20139E-04  3.09375E-04  6.20139E-06  1.06998E-01  8.28510E-01  2.01742E+00 -1.11530E+01  7.31929E+00  8.06369E+00  1.13806E+03  1.62547E+04  1.31190E+04  2.12473E+03  4.18055E+03  5.09510E+02  0.00000E+00  2.17547E-04  9.18282E-05
       6       2       4  8.93967E-04  3.41109E-04  8.93967E-06  1.79099E-01  1.37334E+00  3.25795E+00 -1.12155E+01  1.13609E+00  5.35745E+00  3.90699E+03  1.22057E+04  1.69703E+04  1.00078E+03  3.67068E+03  3.32239E+02  0.00000E+00  2.77186E-04  6.39237E-05
       6       2       5  8.31890E-04  6.37374E-04  8.31890E-06  2.60463E-01  1.99772E+00  4.85379E+00 -1.28437E+01 -2.67595E+00  6.58147E+00  1.51806E+03  5.39529E+03  9.98038E+03  5.37311E+02  1.83304E+03  1.67539E+02  0.00000E+00  5.65545E-04  7.18286E-05
       6       2       6  7.00622E-04  8.45355E-04  7.00622E-06  3.92817E-01  2.92629E+00  6.68905E+00 -9.35414E-01  9.59317E-01  4.11451E+00  3.63546E+02  1.99106E+03  6.15109E+03  2.14212E+02  2.14345E+03  3.47182E+02  0.00000E+00  6.98096E-04  1.47259E-04
       6       2       7  6.90963E-04  4.73585E-04  6.90963E-06  6.46002E-01  4.74095E+00  1.11353E+01  3.21462E+01 -4.22162E+00  2.15494E+00  3.06386E+03  6.83643E+03  1.16463E+04  4.17752E+02  3.92206E+03  5.29992E+02  0.00000E+00  2.18917E-04  2.54669E-04
       6       2       8  1.14137E-03  9.33934E-04  1.14137E-05  9.20356E-01  7.06399E+00  1.66242E+01  1.70454E+01 -4.38945E+00 -4.10745E+00  8.41880E+02  3.32733E+03  6.44876E+03  3.33620E+02  2.22692E+03  2.66955E+02  0.00000E+00  3.84326E-04  5.49608E-04
       6       2       9  1.26979E-03  1.38586E-03  1.26979E-05  1.31421E+00  9.97600E+00  2.30578E+01  5.18993E+00 -3.11280E+00 -2.62358E+00  1.81239E+02  8.04995E+02  1.69032E+03  6.04967E+01  6.03354E+02  6.30878E+01  0.00000E+00  2.10026E-04  1.17583E-03
       6       2      10  5.81422E-04  1.87653E-04  5.81422E-06  3.45765E+00  2.75543E+01  6.92292E+01  9.44235E+00  9.26230E-02  3.14529E+00  1.90563E+02  1.58015E+03  6.56149E+03  1.76678E+02  9.36138E+02  9.52884E+01  0.00000E+00  1.12295E-04  7.53583E-05
       6       3       1  2.10239E-03  2.04893E-03  2.10239E-05  4.79843E-02  3.63702E-01  4.96448E-01 -2.68648E+01  2.79737E+00  5.51308E-01  2.54963E+03  6.48019E+03  7.40107E+03  6.35628E+02  4.29762E+02  8.20428E+01  0.00000E+00  1.99635E-03  5.25880E-05
       6       3       2  6.16529E-04  5.78583E-04  6.16529E-06  1.22948E-01  9.02169E-01  1.22621E+00 -3.35227E+01  4.24269E-01  1.99465E+00  2.70689E+03  1.24770E+04  1.20179E+04  1.27763E+03  5.65183E+02 -3.29895E+01  0.00000E+00  5.20534E-04  5.80491E-05
       6       3       3  1.05061E-03  9.16955E-04  1.05061E-05  1.77466E-01  1.31048E+00  1.78435E+00 -1.89890E+01  2.09104E+00 -1.32609E+00  1.01059E+03  6.92525E+03  5.96168E+03  6.68670E+02  1.45668E+03  1.27253E+02  0.00000E+00  7.74918E-04  1.42037E-04
       6       3       4  1.58932E-03  9.91994E-04  1.58932E-05  2.58484E-01  2.05237E+00  2.70918E+00  7.58629E+01 -1.18387E+01  3.00120E-01  1.61697E+04  1.10786E+04  9.24312E+03 -1.12333E+03  2.12891E+03  1.93075E+02  0.00000E+00  8.64754E-04  1.27240E-04
       6       3       5  1.54124E-03  1.26357E-03  1.54124E-05  4.00463E-01  3.23627E+00  4.09496E+00  2.20164E+01 -3.11178E+00 -7.13302E-01  3.14351E+03  6.69896E+03  8.09477E+03  3.69698E+02  2.12556E+03  2.33475E+02  0.00000E+00  1.12008E-03  1.43495E-04
       6       3       6  1.43507E-03  1.69254E-03  1.43507E-05  5.20859E-01  4.18759E+00  5.73934E+00  2.09565E+01 -1.70327E+00  2.04480E+00  1.88786E+03  2.57571E+03  4.77907E+03  7.42870E+01  2.10156E+03  2.14378E+02  0.00000E+00  1.44162E-03  2.50925E-04
       6       3       7  1.38467E-03  1.35095E-03  1.38467E-05  9.09325E-01  7.26424E+00  9.71835E+00  5.73305E+01 -2.62463E+00  7.20073E+00  6.74490E+03  5.82395E+03  9.16480E+03 -1.46728E+02  4.08900E+03  4.70465E+02  0.00000E+00  7.70681E-04  5.80268E-04
       6       3       8  2.12223E-03  2.69653E-03  2.12223E-05  1.28757E+00  1.07918E+01  1.44433E+01  3.46120E+01 -8.10370E-01  5.06063E+00  2.72724E+03  3.39385E+03  5.40370E+03  1.78357E+01  2.27605E+03  2.42123E+02  0.00000E+00  1.39312E-03  1.30341E-03
       6       3       9  2.69027E-03  4.06808E-03  2.69027E-05  1.70822E+00  1.47637E+01  2.03073E+01  1.11586E+01  1.74032E+00  1.23963E+00  6.72445E+02  9.50728E+02  1.66904E+03  8.34291E+01  6.91518E+02  8.68503E+01  0.00000E+00  9.09166E-04  3.15891E-03
       6       3      10  1.38717E-03  1.25108E-03  1.38717E-05  5.42320E+00  4.59902E+01  6.10549E+01  2.34162E+01 -1.52350E+01 -3.52999E+00  7.24913E+02  2.60083E+03  4.30877E+03 -6.31495E+01  3.35831E+02 -2.87618E+01  0.00000E+00  1.22297E-03  2.81057E-05
       6       4       1  2.91525E-03  2.73971E-03  2.91525E-05  6.70782E-02  5.04436E-01  3.60131E-01  3.08836E+00 -9.59744E-01 -1.39736E+00  9.90004E+03  5.06032E+03  5.48614E+03 -4.93712E+02  3.23699E+02  7.98118E+01  0.00000E+00  2.68043E-03  5.92777E-05
       6       4       2  8.80148E-04  8.57972E-04  8.80148E-06  1.68183E-01  1.23415E+00  8.52131E-01 -7.77805E+01  6.98113E+00 -2.33239E+00  9.81027E+03  8.04005E+03  5.30121E+03 -3.03424E+02  2.70927E+02 -2.38792E+01  0.00000E+00  8.09545E-04  4.84276E-05
       6       4       3  1.47532E-03  1.32482E-03  1.47532E-05  2.32455E-01  1.73338E+00  1.26454E+00 -3.03156E+01  4.15323E+00  4.84285E-01  6.89394E+03  3.84981E+03  4.10619E+03 -1.20508E+02  7.32664E+02  1.06283E+01  0.00000E+00  1.21635E-03  1.08472E-04
       6       4       4  2.37336E-03  1.70276E-03  2.37336E-05  3.57752E-01  2.74419E+00  2.04597E+00  7.32653E+01 -6.78725E+00  1.47240E+00  2.01662E+04  1.19538E+04  6.58401E+03 -1.01194E+03  1.31494E+03 -4.88380E+01  0.00000E+00  1.54698E-03  1.55785E-04
       6       4       5  2.44569E-03  3.18485E-03  2.44569E-05  5.53485E-01  4.23678E+00  2.99087E+00  3.93794E+01 -2.34612E+00 -5.41580E-01  7.13848E+03  9.12431E+03  4.34676E+03  3.27194E+02  9.40292E+02  2.60818E+01  0.00000E+00  2.94285E-03  2.42000E-04
       6       4       6  2.59830E-03  2.72208E-03  2.59830E-05  7.79048E-01  5.94035E+00  4.13723E+00  2.04033E+01 -2.69704E+00 -1.70316E+00  2.82299E+03  5.82805E+03  3.32455E+03  4.81643E+02  1.59702E+03  1.33339E+02  0.00000E+00  2.36596E-03  3.56116E-04
       6       4       7  2.69031E-03  2.40633E-03  2.69031E-05  1.24984E+00  9.68712E+00  6.85591E+00  8.17662E+01 -1.75416E+01 -4.96932E+00  1.14479E+04  8.38602E+03  6.43481E+03 -5.53465E+02  1.83935E+03  1.21091E+02  0.00000E+00  1.93067E-03  4.75664E-04
       6       4       8  3.44166E-03  4.50046E-03  3.44166E-05  1.86790E+00  1.47896E+01  1.03019E+01  4.54144E+01 -9.09507E+00 -2.48237E+00  3.60374E+03  5.93385E+03  3.65583E+03  2.32770E+02  8.42542E+02  3.73103E+01  0.00000E+00  3.66375E-03  8.36710E-04
       6       4       9  5.06745E-03  7.81933E-03  5.06745E-05  2.55631E+00  2.07413E+01  1.45287E+01  2.26565E+01 -5.53582E-01 -4.09750E-03  1.07071E+03  2.11034E+03  1.27837E+03  1.88212E+02  2.38842E+02  3.97977E+01  0.00000E+00  5.52394E-03  2.29539E-03
       6       4      10  3.65436E-03  4.89490E-03  3.65436E-05  8.05035E+00  6.19011E+01  4.17167E+01  2.83052E+01 -6.41204E+00 -8.24869E-01  1.05481E+03  5.14406E+03  2.24796E+03  4.93384E+02  4.14124E+01 -1.91021E+01  0.00000E+00  4.83181E-03  6.30834E-05
       6       5       1  3.58807E-03  2.89684E-03  3.58807E-05  7.10925E-02  5.35654E-01  2.30081E-01  1.26764E+01 -5.38581E-01 -1.78804E-01  9.38855E+03  4.46439E+03  6.48217E+03 -5.78900E+02  1.17620E+02 -8.25743E+01  0.00000E+00  2.84816E-03  4.86825E-05
       6       5       2  1.11749E-03  1.09580E-03  1.11749E-05  1.85097E-01  1.38053E+00  5.97349E-01 -6.57621E+01  9.95208E+00 -4.17692E+00  8.29302E+03  9.23662E+03  6.28690E+03  1.57093E+02 -2.17396E+02 -3.71294E+02  0.00000E+00  1.06641E-03  2.93931E-05
       6       5       3  1.83614E-03  1.48700E-03  1.83614E-05  2.65781E-01  1.92646E+00  8.16719E-01 -7.39054E+00  1.33206E+00 -1.34976E+00  1.06071E+04  6.40203E+03  4.46074E+03 -6.23814E+02 -3.42490E+02 -5.11902E+02  0.00000E+00  1.36721E-03  1.19785E-04
       6       5       4  3.13027E-03  1.63255E-03  3.13027E-05  4.05335E-01  3.15220E+00  1.34179E+00  5.33553E+01 -8.01498E+00 -4.16729E+00  1.33210E+04  9.60418E+03  1.04101E+04 -7.12195E+02 -9.05779E+01 -2.48734E+02  0.00000E+00  1.57106E-03  6.14946E-05
       6       5       5  3.44294E-03  3.06275E-03  3.44294E-05  6.12625E-01  4.77168E+00  2.09780E+00  3.60013E+01 -4.65200E+00 -1.02689E+00  6.12080E+03  9.19646E+03  5.17473E+03  2.98890E+02  4.17740E+02 -8.37879E+01  0.00000E+00  2.93154E-03  1.31204E-04
       6       5       6  4.14136E-03  3.91813E-03  4.14136E-05  8.29961E-01  6.66487E+00  2.90095E+00  3.07870E+01 -4.94673E+00 -3.75427E+00  3.55239E+03  8.05234E+03  2.90878E+03  5.19352E+02  5.21802E+02 -1.59867E+01  0.00000E+00  3.65386E-03  2.64266E-04
       6       5       7  5.09699E-03  3.21840E-03  5.09699E-05  1.36390E+00  1.07935E+01  4.60141E+00  6.14900E+01 -6.33454E+00  2.75916E-01  6.44027E+03  1.20751E+04  6.06605E+03  7.48964E+02  1.05146E+03  9.22816E+01  0.00000E+00  2.68866E-03  5.29737E-04
       6       5       8  5.41338E-03  5.40762E-03  5.41338E-05  2.08809E+00  1.63818E+01  7.13088E+00  4.03289E+01 -7.65913E+00 -1.01229E+00  2.81888E+03  7.27193E+03  3.19774E+03  6.19671E+02  6.69467E+02  3.61491E+01  0.00000E+00  4.57310E-03  8.34521E-04
       6       5       9  8.35988E-03  9.44804E-03  8.35988E-05  2.92637E+00  2.33801E+01  9.92982E+00  2.17692E+01 -2.85100E+00 -2.69416E-01  9.42951E+02  2.53041E+03  9.69045E+02  2.57729E+02  1.58513E+02  5.79551E+00  0.00000E+00  7.38002E-03  2.06802E-03
       6       5      10  9.62988E-03  5.83031E-03  9.62988E-05  8.95068E+00  6.89810E+01  2.99652E+01  2.59249E+01 -6.59481E+00  3.98229E-01  9.09808E+02  5.90096E+03  1.35638E+03  5.84368E+02  1.56073E+02  4.48049E+01  0.00000E+00  5.79010E-03  4.02141E-05
       6       6       1  3.97826E-03  3.52850E-03  3.97826E-05  8.03715E-02  6.12186E-01  8.18655E-02  2.37143E+01 -4.92910E+00  8.31331E-01  7.77673E+03  5.07613E+03  6.06223E+03 -3.73972E+02  8.95812E+01 -8.98050E+01  0.00000E+00  3.48375E-03  4.47450E-05
       6       6       2  1.26488E-03  1.18256E-03  1.26488E-05  1.99675E-01  1.48685E+00  2.01124E-01  4.07084E+00  1.21658E+00  3.46234E-01  1.10675E+04  5.75803E+03  4.79821E+03 -5.84996E+02 -4.56244E+01 -1.75344E+02  0.00000E+00  1.14510E-03  3.74524E-05
       6       6       3  2.04921E-03  1.82370E-03  2.04921E-05  2.70448E-01  2.06761E+00  2.68822E-01  2.46839E+01 -1.01981E+00  8.66184E-01  1.01831E+04  3.93675E+03  4.22046E+03 -8.50171E+02  2.89613E+02  1.13280E+02  0.00000E+00  1.74549E-03  7.82062E-05
       6       6       4  3.61931E-03  2.43784E-03  3.61931E-05  4.45849E-01  3.39374E+00  4.69209E-01  6.58147E+01 -8.62716E+00 -1.31527E+00  1.81434E+04  7.86060E+03  8.23481E+03 -1.15815E+03  8.84124E+01 -2.20771E+02  0.00000E+00  2.38804E-03  4.98008E-05
       6       6       5  4.15718E-03  3.54603E-03  4.15718E-05  6.70619E-01  5.14253E+00  6.95279E-01  4.32648E+01 -6.70675E+00  1.15275E-02  8.67225E+03  8.78060E+03  3.76289E+03  1.01817E+01  5.79292E+01  9.19386E+01  0.00000E+00  3.45394E-03  9.20898E-05
       6       6       6  5.38652E-03  4.96639E-03  5.38652E-05  9.20069E-01  7.09409E+00  9.49893E-01  4.90857E+01 -5.81998E+00 -1.59548E+00  8.06393E+03  7.13239E+03  2.61984E+03 -7.34782E+01  1.72431E+02 -7.72940E+01  0.00000E+00  4.76480E-03  2.01592E-04
       6       6       7  7.68309E-03  4.32675E-03  7.68309E-05  1.52096E+00  1.16295E+01  1.51356E+00  8.83985E+01 -1.09661E+01  1.84224E+00  1.23570E+04  1.39086E+04  4.31806E+03  2.75709E+02 -9.71659E+01  1.47794E+02  0.00000E+00  3.95522E-03  3.71528E-04
       6       6       8  7.78272E-03  7.97071E-03  7.78272E-05  2.27141E+00  1.77454E+01  2.38070E+00  4.78505E+01 -3.90642E+00  5.98039E-01  3.99889E+03  1.08407E+04  1.93020E+03  8.99362E+02  5.62153E+01  2.87449E+01  0.00000E+00  6.95068E-03  1.02003E-03
       6       6       9  1.11658E-02  1.55357E-02  1.11658E-04  3.30266E+00  2.55328E+01  3.28564E+00  2.65798E+01 -3.90003E+00  8.52580E-01  1.38591E+03  4.76148E+03  6.23500E+02  4.45471E+02  6.25075E+01  2.09899E+01  0.00000E+00  1.29476E-02  2.58807E-03
       6       6      10  1.81650E-02  2.48970E-02  1.81650E-04  9.77335E+00  7.42330E+01  9.62223E+00  2.91378E+01 -5.37006E+00  1.34861E-01  1.13325E+03  6.95262E+03  2.88104E+02  7.61418E+02  4.00965E+01  1.31305E+01  0.00000E+00  2.46593E-02  2.37715E-04
