 -4.01933E+17  6.12469E+16  6.31490E+15  3.06794E+15  4.71501E+04
 -4.24923E+17  5.84038E+15 -2.68099E+15  3.06007E+15  4.51677E+04
 -2.64984E+17  5.61620E+16  5.33294E+15  3.02267E+15  4.46743E+04
 -5.38167E+15  1.53343E+15  3.43085E+17  3.10596E+15  4.58934E+04
 -1.02082E+16  1.03051E+16  2.80411E+17  3.09770E+15  4.55507E+04
 -4.76683E+15  6.13993E+15 -1.93961E+15  3.06024E+15  4.46220E+04
 -4.36398E+15  8.70574E+15  5.48959E+17  3.15121E+15  4.55543E+04
  3.69414E+15  1.73952E+15  4.67890E+17  3.14661E+15  4.49886E+04
  2.58114E+15  2.36021E+15  5.84959E+15  3.09676E+15  4.63941E+04
  1.08031E+15  3.93581E+14  6.65732E+17  3.18050E+15  4.57340E+04
  1.25216E+15  2.57621E+15  5.81138E+17  3.17792E+15  4.50236E+04
  4.33947E+14  1.25047E+15  9.91133E+16  3.10842E+15  4.53087E+04
 -1.99409E+18  7.17620E+16  2.77399E+16  8.87742E+15  7.54571E+04
 -1.79513E+18  2.10779E+17  6.99851E+15  9.24795E+15  7.75001E+04
 -8.31335E+17  4.08434E+15 -1.74760E+15  1.04540E+16  6.56236E+04
 -2.61445E+16  6.36397E+15  1.25767E+18  8.93224E+15  7.38060E+04
 -4.45783E+16  2.56840E+16  1.09183E+18  9.47407E+15  7.22401E+04
 -9.29032E+15  4.91459E+15  3.64937E+17  1.05852E+16  6.55642E+04
 -7.37438E+15  1.25010E+15  1.99240E+18  9.00843E+15  7.35845E+04
 -1.63914E+16  3.55461E+16  1.74294E+18  9.50607E+15  7.12698E+04
  3.89002E+15  8.60893E+15  5.82824E+17  1.08353E+16  6.43302E+04
  7.88063E+15  9.93639E+15  2.40363E+18  9.06706E+15  7.29588E+04
 -5.91462E+15  8.58287E+15  2.11310E+18  9.60236E+15  7.14790E+04
  1.78411E+14  1.22181E+14  7.09641E+17  1.09712E+16  6.38242E+04
 -5.49819E+18  1.72906E+15 -5.52295E+15  2.91232E+16  6.07794E+04
 -5.03943E+18  4.62438E+17  2.65856E+16  3.03116E+16  6.30560E+04
 -2.46289E+18  2.52283E+16 -5.96940E+15  3.41584E+16  5.89424E+04
  1.06190E+17  8.84980E+16  3.76061E+18  2.94822E+16  6.01504E+04
  3.51384E+16  1.81809E+17  3.20314E+18  3.08244E+16  5.86350E+04
 -2.41386E+15  3.70620E+15  1.03699E+18  3.45885E+16  5.88484E+04
 -6.74322E+15  9.53803E+16  5.99377E+18  3.00575E+16  5.96974E+04
 -1.66965E+16  5.32979E+15  5.15919E+18  3.15845E+16  5.92856E+04
  6.42785E+15  1.29403E+16  1.73223E+18  3.58862E+16  5.77603E+04
 -9.40230E+15  4.16035E+15  7.30141E+18  3.05105E+16  5.99898E+04
 -6.24476E+15  2.23418E+15  6.38418E+18  3.21135E+16  5.87872E+04
  7.85381E+14  3.87568E+15  2.17546E+18  3.65071E+16  5.73838E+04
 -1.77217E+19  2.29421E+16  4.25085E+16  1.01892E+17  4.59482E+04
 -1.59418E+19  1.38363E+18  3.73515E+16  1.04566E+17  4.87170E+04
 -7.25705E+18  3.83626E+16  1.49017E+16  1.15716E+17  4.81584E+04
 -9.67001E+16  1.45681E+16  1.13432E+19  1.02806E+17  4.61016E+04
  6.32104E+15 -1.28246E+17  9.80223E+18  1.05452E+17  4.65450E+04
 -5.24430E+14  3.94762E+15  3.32059E+18  1.17086E+17  4.79449E+04
  1.06869E+17  5.31960E+16  1.81527E+19  1.04057E+17  4.61393E+04
 -1.32676E+16  8.18404E+14  1.58557E+19  1.07111E+17  4.68632E+04
  9.66505E+15  5.90186E+15  5.42390E+18  1.19296E+17  4.81781E+04
  2.19946E+16  8.70412E+15  2.22018E+19  1.04934E+17  4.68919E+04
  2.17225E+16  4.69854E+16  1.95029E+19  1.08591E+17  4.70353E+04
  3.88886E+15  1.17171E+15  6.74966E+18  1.21190E+17  4.82224E+04
 -7.07087E+19  2.11803E+18 -1.70567E+18  3.63801E+17  5.02666E+04
 -6.29590E+19  7.21899E+17  8.60126E+17  3.70467E+17  5.15823E+04
 -2.40362E+19  8.22699E+16 -9.88792E+16  3.98258E+17  5.17509E+04
  3.02521E+18  9.85355E+17  4.19962E+19  3.63663E+17  4.96377E+04
 -1.95735E+18  7.90317E+18  3.73066E+19  3.70584E+17  4.91064E+04
  5.18026E+17  4.26280E+17  1.31636E+19  3.98591E+17  5.14310E+04
 -1.67112E+18  1.38210E+18  6.70481E+19  3.63020E+17  5.15420E+04
 -1.22045E+18  1.11352E+18  5.92406E+19  3.70472E+17  5.17051E+04
  1.49457E+17  7.54028E+16  2.07742E+19  4.00214E+17  5.21346E+04
 -8.10424E+16  7.22422E+17  8.05354E+19  3.62022E+17  5.13129E+04
  2.57980E+17  3.39755E+17  7.10261E+19  3.70665E+17  5.15191E+04
  2.93458E+16  7.89320E+16  2.48497E+19  4.01441E+17  5.26635E+04
