        1121
     1   9.999999E-01   9.999999E-01   5.134286E-08
     2   4.122270E-04   4.141716E-04   4.122270E-06
     3   4.122177E-04   4.276685E-04   4.122177E-06
     4   4.122016E-04   4.737373E-04   4.122016E-06
     5   4.121830E-04   4.299134E-04   4.121830E-06
     6   4.121669E-04   4.351175E-04   4.121669E-06
     7   4.121575E-04   4.449368E-04   4.121575E-06
     8   1.247949E-03   1.046345E-03   1.247949E-05
     9   1.247813E-03   1.099559E-03   1.247813E-05
    10   1.247576E-03   1.151729E-03   1.247576E-05
    11   1.247302E-03   1.063424E-03   1.247302E-05
    12   1.247065E-03   1.094206E-03   1.247065E-05
    13   1.246929E-03   1.082900E-03   1.246929E-05
    14   2.101370E-03   2.098645E-03   2.101370E-05
    15   2.100807E-03   2.117921E-03   2.100807E-05
    16   2.099832E-03   2.125889E-03   2.099832E-05
    17   2.098708E-03   2.149077E-03   2.098708E-05
    18   2.097734E-03   2.350276E-03   2.097734E-05
    19   2.097173E-03   2.271530E-03   2.097173E-05
    20   2.930851E-03   3.123561E-03   2.930851E-05
    21   2.929494E-03   3.074053E-03   2.929494E-05
    22   2.927146E-03   3.117127E-03   2.927146E-05
    23   2.924438E-03   3.220101E-03   2.924438E-05
    24   2.922096E-03   3.313714E-03   2.922096E-05
    25   2.920746E-03   3.216695E-03   2.920746E-05
    26   3.626687E-03   3.466445E-03   3.626687E-05
    27   3.624356E-03   3.415778E-03   3.624356E-05
    28   3.620324E-03   3.441929E-03   3.620324E-05
    29   3.615677E-03   3.517167E-03   3.615677E-05
    30   3.611659E-03   3.740289E-03   3.611659E-05
    31   3.609343E-03   3.324340E-03   3.609343E-05
    32   4.034135E-03   4.187779E-03   4.034135E-05
    33   4.031104E-03   4.090674E-03   4.031104E-05
    34   4.025863E-03   4.158194E-03   4.025863E-05
    35   4.019824E-03   4.188328E-03   4.019824E-05
    36   4.014605E-03   4.369130E-03   4.014605E-05
    37   4.011596E-03   4.076625E-03   4.011596E-05
    38   1.175980E-04   1.334121E-04   1.175980E-06
    39   1.175949E-04   1.260063E-04   1.175949E-06
    40   1.175895E-04   1.449888E-04   1.175895E-06
    41   1.175833E-04   1.052211E-04   1.175833E-06
    42   1.175780E-04   1.218270E-04   1.175780E-06
    43   1.175749E-04   1.502121E-04   1.175749E-06
    44   3.595194E-04   3.655682E-04   3.595194E-06
    45   3.594713E-04   2.980439E-04   3.594713E-06
    46   3.593881E-04   2.285484E-04   3.593881E-06
    47   3.592922E-04   2.572787E-04   3.592922E-06
    48   3.592091E-04   2.250852E-04   3.592091E-06
    49   3.591612E-04   2.262582E-04   3.591612E-06
    50   6.182104E-04   6.690063E-04   6.182104E-06
    51   6.179933E-04   5.990971E-04   6.179933E-06
    52   6.176178E-04   6.644847E-04   6.176178E-06
    53   6.171850E-04   5.504324E-04   6.171850E-06
    54   6.168107E-04   6.360828E-04   6.168107E-06
    55   6.165949E-04   6.106949E-04   6.165949E-06
    56   8.896600E-04   9.753398E-04   8.896600E-06
    57   8.890734E-04   9.761606E-04   8.890734E-06
    58   8.880596E-04   9.278667E-04   8.880596E-06
    59   8.868922E-04   9.588525E-04   8.868922E-06
    60   8.858841E-04   9.479221E-04   8.858841E-06
    61   8.853032E-04   9.668260E-04   8.853032E-06
    62   1.139025E-03   1.120247E-03   1.139025E-05
    63   1.137906E-03   1.083762E-03   1.137906E-05
    64   1.135973E-03   1.067077E-03   1.135973E-05
    65   1.133749E-03   1.068382E-03   1.133749E-05
    66   1.131831E-03   1.025728E-03   1.131831E-05
    67   1.130727E-03   1.062324E-03   1.130727E-05
    68   1.296318E-03   1.340132E-03   1.296318E-05
    69   1.294768E-03   1.306173E-03   1.294768E-05
    70   1.292092E-03   1.389765E-03   1.292092E-05
    71   1.289017E-03   1.252171E-03   1.289017E-05
    72   1.286366E-03   1.325272E-03   1.286366E-05
    73   1.284840E-03   1.250013E-03   1.284840E-05
    74   2.028628E-04   2.323970E-04   2.028628E-06
    75   2.028586E-04   1.907527E-04   2.028586E-06
    76   2.028514E-04   2.733954E-04   2.028514E-06
    77   2.028431E-04   1.676747E-04   2.028431E-06
    78   2.028358E-04   2.466575E-04   2.028358E-06
    79   2.028316E-04   2.883591E-04   2.028316E-06
    80   6.189096E-04   4.794051E-04   6.189096E-06
    81   6.188477E-04   3.764299E-04   6.188477E-06
    82   6.187405E-04   3.027054E-04   6.187405E-06
    83   6.186168E-04   4.068650E-04   6.186168E-06
    84   6.185097E-04   3.044763E-04   6.185097E-06
    85   6.184479E-04   4.080923E-04   6.184479E-06
    86   1.056315E-03   1.056819E-03   1.056315E-05
    87   1.056057E-03   1.050200E-03   1.056057E-05
    88   1.055610E-03   1.012455E-03   1.055610E-05
    89   1.055095E-03   1.058175E-03   1.055095E-05
    90   1.054649E-03   1.061866E-03   1.054649E-05
    91   1.054392E-03   1.065572E-03   1.054392E-05
    92   1.496651E-03   1.538979E-03   1.496651E-05
    93   1.496019E-03   1.603025E-03   1.496019E-05
    94   1.494925E-03   1.461330E-03   1.494925E-05
    95   1.493664E-03   1.544681E-03   1.493664E-05
    96   1.492572E-03   1.527727E-03   1.492572E-05
    97   1.491943E-03   1.604392E-03   1.491943E-05
    98   1.877836E-03   1.856579E-03   1.877836E-05
    99   1.876730E-03   1.925212E-03   1.876730E-05
   100   1.874818E-03   1.863573E-03   1.874818E-05
   101   1.872614E-03   1.901029E-03   1.872614E-05
   102   1.870709E-03   1.763339E-03   1.870709E-05
   103   1.869611E-03   1.781515E-03   1.869611E-05
   104   2.105925E-03   2.196124E-03   2.105925E-05
   105   2.104471E-03   2.042123E-03   2.104471E-05
   106   2.101955E-03   2.301304E-03   2.101955E-05
   107   2.099057E-03   2.011874E-03   2.099057E-05
   108   2.096552E-03   2.263182E-03   2.096552E-05
   109   2.095108E-03   2.084181E-03   2.095108E-05
   110   2.791661E-04   1.945437E-04   2.791661E-06
   111   2.791571E-04   1.834962E-04   2.791571E-06
   112   2.791415E-04   1.774921E-04   2.791415E-06
   113   2.791234E-04   1.657905E-04   2.791234E-06
   114   2.791078E-04   1.772379E-04   2.791078E-06
   115   2.790988E-04   1.683057E-04   2.790988E-06
   116   8.763400E-04   3.884973E-04   8.763400E-06
   117   8.761980E-04   3.609592E-04   8.761980E-06
   118   8.759522E-04   3.433709E-04   8.759522E-06
   119   8.756685E-04   3.560759E-04   8.756685E-06
   120   8.754230E-04   3.207364E-04   8.754230E-06
   121   8.752813E-04   3.122121E-04   8.752813E-06
   122   1.578764E-03   1.100562E-03   1.578764E-05
   123   1.578113E-03   1.077611E-03   1.578113E-05
   124   1.576984E-03   1.136394E-03   1.576984E-05
   125   1.575683E-03   1.017826E-03   1.575683E-05
   126   1.574558E-03   1.150021E-03   1.574558E-05
   127   1.573909E-03   1.102017E-03   1.573909E-05
   128   2.397965E-03   2.057663E-03   2.397965E-05
   129   2.396182E-03   2.080262E-03   2.396182E-05
   130   2.393099E-03   2.071982E-03   2.393099E-05
   131   2.389547E-03   2.039496E-03   2.389547E-05
   132   2.386477E-03   2.063219E-03   2.386477E-05
   133   2.384708E-03   2.086232E-03   2.384708E-05
   134   3.213939E-03   1.844409E-03   3.213939E-05
   135   3.210521E-03   1.883745E-03   3.210521E-05
   136   3.204614E-03   1.885695E-03   3.204614E-05
   137   3.197813E-03   1.814943E-03   3.197813E-05
   138   3.191940E-03   1.803332E-03   3.191940E-05
   139   3.188558E-03   1.748806E-03   3.188558E-05
   140   3.752691E-03   2.859166E-03   3.752691E-05
   141   3.747956E-03   2.871273E-03   3.747956E-05
   142   3.739775E-03   2.941071E-03   3.739775E-05
   143   3.730361E-03   2.857901E-03   3.730361E-05
   144   3.722236E-03   2.883800E-03   3.722236E-05
   145   3.717557E-03   2.821444E-03   3.717557E-05
   146   2.463279E-04   3.328082E-04   2.463279E-06
   147   2.463205E-04   3.744755E-04   2.463205E-06
   148   2.463077E-04   3.324443E-04   2.463077E-06
   149   2.462929E-04   3.213957E-04   2.462929E-06
   150   2.462800E-04   3.216868E-04   2.462800E-06
   151   2.462726E-04   3.098606E-04   2.462726E-06
   152   7.917110E-04   7.305215E-04   7.917110E-06
   153   7.915847E-04   6.748752E-04   7.915847E-06
   154   7.913661E-04   6.496974E-04   7.913661E-06
   155   7.911139E-04   6.032164E-04   7.911139E-06
   156   7.908957E-04   6.024800E-04   7.908957E-06
   157   7.907697E-04   6.041458E-04   7.907697E-06
   158   1.500532E-03   1.613849E-03   1.500532E-05
   159   1.499865E-03   1.646515E-03   1.499865E-05
   160   1.498712E-03   1.631914E-03   1.498712E-05
   161   1.497382E-03   1.580453E-03   1.497382E-05
   162   1.496233E-03   1.672933E-03   1.496233E-05
   163   1.495571E-03   1.655628E-03   1.495571E-05
   164   2.457646E-03   2.869274E-03   2.457646E-05
   165   2.455473E-03   2.867831E-03   2.455473E-05
   166   2.451721E-03   2.979859E-03   2.451721E-05
   167   2.447403E-03   2.972922E-03   2.447403E-05
   168   2.443677E-03   3.044199E-03   2.443677E-05
   169   2.441532E-03   2.993423E-03   2.441532E-05
   170   3.571446E-03   3.600709E-03   3.571446E-05
   171   3.566543E-03   3.680108E-03   3.566543E-05
   172   3.558083E-03   3.713153E-03   3.558083E-05
   173   3.548364E-03   3.468299E-03   3.548364E-05
   174   3.539990E-03   3.465314E-03   3.539990E-05
   175   3.535173E-03   3.373835E-03   3.535173E-05
   176   4.399599E-03   5.093037E-03   4.399599E-05
   177   4.392100E-03   5.105583E-03   4.392100E-05
   178   4.379169E-03   5.158850E-03   4.379169E-05
   179   4.364328E-03   4.933361E-03   4.364328E-05
   180   4.351552E-03   5.038826E-03   4.351552E-05
   181   4.344209E-03   4.951706E-03   4.344209E-05
   182   1.817376E-04   2.251308E-04   1.817376E-06
   183   1.817318E-04   1.962425E-04   1.817318E-06
   184   1.817217E-04   1.995867E-04   1.817217E-06
   185   1.817101E-04   1.892269E-04   1.817101E-06
   186   1.817001E-04   1.825801E-04   1.817001E-06
   187   1.816943E-04   1.754047E-04   1.816943E-06
   188   6.153050E-04   6.260921E-04   6.153050E-06
   189   6.151985E-04   5.243156E-04   6.151985E-06
   190   6.150140E-04   6.538016E-04   6.150140E-06
   191   6.148011E-04   5.738049E-04   6.148011E-06
   192   6.146168E-04   7.231413E-04   6.146168E-06
   193   6.145105E-04   5.763753E-04   6.145105E-06
   194   1.304416E-03   1.290168E-03   1.304416E-05
   195   1.303777E-03   1.383440E-03   1.303777E-05
   196   1.302670E-03   1.441524E-03   1.302670E-05
   197   1.301394E-03   1.156452E-03   1.301394E-05
   198   1.300290E-03   1.598623E-03   1.300290E-05
   199   1.299654E-03   1.553766E-03   1.299654E-05
   200   2.509051E-03   2.983777E-03   2.509051E-05
   201   2.506625E-03   3.042645E-03   2.506625E-05
   202   2.502432E-03   3.124784E-03   2.502432E-05
   203   2.497603E-03   2.989003E-03   2.497603E-05
   204   2.493432E-03   3.144554E-03   2.493432E-05
   205   2.491030E-03   3.373055E-03   2.491030E-05
   206   4.281028E-03   4.400602E-03   4.281028E-05
   207   4.274760E-03   4.403847E-03   4.274760E-05
   208   4.263935E-03   4.516038E-03   4.263935E-05
   209   4.251485E-03   4.097759E-03   4.251485E-05
   210   4.240746E-03   4.285342E-03   4.240746E-05
   211   4.234564E-03   4.316813E-03   4.234564E-05
   212   5.822398E-03   6.389975E-03   5.822398E-05
   213   5.812016E-03   6.367351E-03   5.812016E-05
   214   5.794096E-03   6.714611E-03   5.794096E-05
   215   5.773502E-03   6.293692E-03   5.773502E-05
   216   5.755753E-03   6.277641E-03   5.755753E-05
   217   5.745541E-03   6.025337E-03   5.745541E-05
   218   1.992103E-04   2.184452E-04   1.992103E-06
   219   1.992065E-04   2.237755E-04   1.992065E-06
   220   1.991999E-04   2.236576E-04   1.991999E-06
   221   1.991924E-04   1.955574E-04   1.991924E-06
   222   1.991858E-04   1.705519E-04   1.991858E-06
   223   1.991820E-04   2.025928E-04   1.991820E-06
   224   6.399262E-04   4.635392E-04   6.399262E-06
   225   6.398532E-04   4.213001E-04   6.398532E-06
   226   6.397269E-04   3.781134E-04   6.397269E-06
   227   6.395812E-04   3.660349E-04   6.395812E-06
   228   6.394551E-04   3.467559E-04   6.394551E-06
   229   6.393824E-04   2.538478E-04   6.393824E-06
   230   1.268195E-03   1.202984E-03   1.268195E-05
   231   1.267658E-03   1.163455E-03   1.267658E-05
   232   1.266728E-03   1.199374E-03   1.266728E-05
   233   1.265657E-03   1.161876E-03   1.265657E-05
   234   1.264732E-03   1.189841E-03   1.264732E-05
   235   1.264198E-03   1.027576E-03   1.264198E-05
   236   2.509490E-03   2.273820E-03   2.509490E-05
   237   2.506454E-03   2.225558E-03   2.506454E-05
   238   2.501214E-03   2.190097E-03   2.501214E-05
   239   2.495189E-03   2.135821E-03   2.495189E-05
   240   2.489994E-03   1.996544E-03   2.489994E-05
   241   2.487005E-03   1.678317E-03   2.487005E-05
   242   5.138396E-03   2.938860E-03   5.138396E-05
   243   5.126298E-03   2.945236E-03   5.126298E-05
   244   5.105442E-03   3.216420E-03   5.105442E-05
   245   5.081514E-03   3.169089E-03   5.081514E-05
   246   5.060925E-03   3.070485E-03   5.060925E-05
   247   5.049094E-03   2.604583E-03   5.049094E-05
   248   8.353773E-03   6.111419E-03   8.353773E-05
   249   8.327509E-03   6.124269E-03   8.327509E-05
   250   8.282272E-03   6.251601E-03   8.282272E-05
   251   8.230432E-03   6.280241E-03   8.230432E-05
   252   8.185878E-03   6.600574E-03   8.185878E-05
   253   8.160298E-03   6.232307E-03   8.160298E-05
   254   3.287935E-04   4.393795E-04   3.287935E-06
   255   3.287860E-04   4.118829E-04   3.287860E-06
   256   3.287730E-04   4.162176E-04   3.287730E-06
   257   3.287580E-04   3.847625E-04   3.287580E-06
   258   3.287450E-04   3.476470E-04   3.287450E-06
   259   3.287375E-04   3.752426E-04   3.287375E-06
   260   1.066190E-03   1.007109E-03   1.066190E-05
   261   1.066069E-03   8.431901E-04   1.066069E-05
   262   1.065859E-03   8.220546E-04   1.065859E-05
   263   1.065616E-03   7.436526E-04   1.065616E-05
   264   1.065406E-03   7.139028E-04   1.065406E-05
   265   1.065285E-03   4.836676E-04   1.065285E-05
   266   2.040377E-03   2.299989E-03   2.040377E-05
   267   2.039777E-03   2.263094E-03   2.039777E-05
   268   2.038738E-03   2.387147E-03   2.038738E-05
   269   2.037539E-03   2.311736E-03   2.037539E-05
   270   2.036502E-03   2.483271E-03   2.036502E-05
   271   2.035904E-03   2.016931E-03   2.035904E-05
   272   3.407394E-03   3.468254E-03   3.407394E-05
   273   3.405199E-03   3.491040E-03   3.405199E-05
   274   3.401407E-03   3.792693E-03   3.401407E-05
   275   3.397043E-03   4.334664E-03   3.397043E-05
   276   3.393276E-03   4.740687E-03   3.393276E-05
   277   3.391106E-03   4.768345E-03   3.391106E-05
   278   5.543083E-03   5.539572E-03   5.543083E-05
   279   5.533750E-03   5.504562E-03   5.533750E-05
   280   5.517695E-03   5.264454E-03   5.517695E-05
   281   5.499329E-03   5.396799E-03   5.499329E-05
   282   5.483571E-03   5.622612E-03   5.483571E-05
   283   5.474535E-03   5.093251E-03   5.474535E-05
   284   8.445760E-03   1.137373E-02   8.445760E-05
   285   8.418001E-03   1.108334E-02   8.418001E-05
   286   8.370398E-03   1.104017E-02   8.370398E-05
   287   8.316172E-03   1.033331E-02   8.316172E-05
   288   8.269842E-03   1.053146E-02   8.269842E-05
   289   8.243357E-03   9.255478E-03   8.243357E-05
   290   3.079959E-04   3.989822E-04   3.079959E-06
   291   3.079848E-04   4.203650E-04   3.079848E-06
   292   3.079656E-04   2.943486E-04   3.079656E-06
   293   3.079433E-04   3.378515E-04   3.079433E-06
   294   3.079241E-04   3.157282E-04   3.079241E-06
   295   3.079130E-04   2.741677E-04   3.079130E-06
   296   1.066058E-03   1.106088E-03   1.066058E-05
   297   1.065848E-03   1.033223E-03   1.065848E-05
   298   1.065486E-03   1.065654E-03   1.065486E-05
   299   1.065068E-03   1.059643E-03   1.065068E-05
   300   1.064706E-03   9.060787E-04   1.064706E-05
   301   1.064497E-03   5.928413E-04   1.064497E-05
   302   2.361114E-03   2.377118E-03   2.361114E-05
   303   2.359821E-03   2.163872E-03   2.359821E-05
   304   2.357583E-03   2.633880E-03   2.357583E-05
   305   2.355002E-03   2.529482E-03   2.355002E-05
   306   2.352770E-03   2.890276E-03   2.352770E-05
   307   2.351483E-03   1.906461E-03   2.351483E-05
   308   4.791150E-03   6.538553E-03   4.791150E-05
   309   4.786138E-03   6.796397E-03   4.786138E-05
   310   4.777471E-03   6.314673E-03   4.777471E-05
   311   4.767489E-03   6.559100E-03   4.767489E-05
   312   4.758865E-03   6.016159E-03   4.758865E-05
   313   4.753895E-03   4.835634E-03   4.753895E-05
   314   8.558704E-03   8.740795E-03   8.558704E-05
   315   8.545378E-03   8.795170E-03   8.545378E-05
   316   8.522360E-03   8.824492E-03   8.522360E-05
   317   8.495883E-03   8.744613E-03   8.495883E-05
   318   8.473040E-03   9.255347E-03   8.473040E-05
   319   8.459888E-03   7.416965E-03   8.459888E-05
   320   1.204747E-02   1.283988E-02   1.204747E-04
   321   1.202315E-02   1.266375E-02   1.202315E-04
   322   1.198123E-02   1.355990E-02   1.198123E-04
   323   1.193316E-02   1.345759E-02   1.193316E-04
   324   1.189180E-02   1.513738E-02   1.189180E-04
   325   1.186804E-02   1.275012E-02   1.186804E-04
   326   1.443831E-04   1.315456E-04   1.443831E-06
   327   1.443800E-04   1.560157E-04   1.443800E-06
   328   1.443745E-04   1.315709E-04   1.443745E-06
   329   1.443682E-04   1.472114E-04   1.443682E-06
   330   1.443627E-04   1.615667E-04   1.443627E-06
   331   1.443596E-04   1.410585E-04   1.443596E-06
   332   4.771655E-04   5.544471E-04   4.771655E-06
   333   4.770850E-04   4.837923E-04   4.770850E-06
   334   4.769456E-04   4.854969E-04   4.769456E-06
   335   4.767849E-04   4.059275E-04   4.767849E-06
   336   4.766458E-04   5.189765E-04   4.766458E-06
   337   4.765657E-04   3.921415E-04   4.765657E-06
   338   1.095239E-03   1.176605E-03   1.095239E-05
   339   1.094393E-03   1.029961E-03   1.094393E-05
   340   1.092930E-03   1.066758E-03   1.092930E-05
   341   1.091247E-03   1.148482E-03   1.091247E-05
   342   1.089794E-03   1.082978E-03   1.089794E-05
   343   1.088957E-03   1.047310E-03   1.088957E-05
   344   3.044833E-03   3.658900E-03   3.044833E-05
   345   3.038212E-03   3.662356E-03   3.038212E-05
   346   3.026793E-03   3.704959E-03   3.026793E-05
   347   3.013685E-03   3.929762E-03   3.013685E-05
   348   3.002400E-03   3.925394E-03   3.002400E-05
   349   2.995913E-03   4.144247E-03   2.995913E-05
   350   9.295834E-03   5.329554E-03   9.295834E-05
   351   9.258679E-03   5.041342E-03   9.258679E-05
   352   9.194773E-03   4.908394E-03   9.194773E-05
   353   9.121683E-03   4.949439E-03   9.121683E-05
   354   9.058985E-03   4.899421E-03   9.058985E-05
   355   9.023038E-03   4.524725E-03   9.023038E-05
   356   1.987659E-02   2.314384E-02   1.987659E-04
   357   1.976851E-02   2.280367E-02   1.976851E-04
   358   1.958307E-02   2.290774E-02   1.958307E-04
   359   1.937167E-02   2.296323E-02   1.937167E-04
   360   1.919092E-02   2.286444E-02   1.919092E-04
   361   1.908754E-02   2.292330E-02   1.908754E-04
   362   1.118719E-02   1.027826E-02   2.237438E-04
   363   5.701304E-03   5.380900E-03   1.140261E-04
   364   5.209374E-03   5.103203E-03   1.041875E-04
   365   3.638031E-03   3.345272E-03   7.276062E-05
   366   6.404468E-03   5.995957E-03   1.280894E-04
   367   1.844336E-03   2.017146E-03   3.688672E-05
   368   3.709114E-03   3.784279E-03   7.418228E-05
   369   3.716510E-03   3.330226E-03   7.433019E-05
   370   2.518294E-03   2.876816E-03   5.036589E-05
   371   3.562341E-03   3.473252E-03   7.124682E-05
   372   1.376420E-03   1.553627E-03   2.752839E-05
   373   1.302225E-02   1.203203E-02   2.604449E-04
   374   5.086731E-03   4.525303E-03   1.017346E-04
   375   1.064447E-02   1.030443E-02   2.128894E-04
   376   1.285141E-02   1.271198E-02   2.570282E-04
   377   2.636488E-03   2.670940E-03   5.272977E-05
   378   9.873560E-03   9.183431E-03   1.974712E-04
   379   1.535640E-03   1.435408E-03   3.071280E-05
   380   4.111067E-03   3.674490E-03   8.222135E-05
   381   4.096004E-03   4.092182E-03   8.192007E-05
   382   3.887665E-03   3.388931E-03   7.775329E-05
   383   1.023513E-02   9.885055E-03   2.047025E-04
   384   2.094854E-03   2.128527E-03   4.189708E-05
   385   7.168263E-03   6.974613E-03   1.433653E-04
   386   7.369448E-03   6.218623E-03   1.473890E-04
   387   1.036245E-02   1.003051E-02   2.072489E-04
   388   3.332118E-03   3.324623E-03   6.664236E-05
   389   1.261001E-03   1.329479E-03   2.522003E-05
   390   1.566815E-03   1.708409E-03   3.133630E-05
   391   3.476988E-03   2.967733E-03   6.953975E-05
   392   1.927492E-03   2.066769E-03   3.854983E-05
   393   1.034455E-02   1.004328E-02   2.068910E-04
   394   6.482766E-03   4.846203E-03   1.296553E-04
   395   3.293591E-03   2.945312E-03   6.587182E-05
   396   1.262959E-02   1.161094E-02   2.525917E-04
   397   1.325792E-03   1.414744E-03   2.651585E-05
   398   1.307184E-02   1.463715E-02   2.614368E-04
   399   5.209182E-03   3.978896E-03   1.041836E-04
   400   2.725570E-03   2.867892E-03   5.451141E-05
   401   1.273646E-02   9.539604E-03   2.547293E-04
   402   9.991806E-03   1.061794E-02   1.998361E-04
   403   6.424793E-03   5.906717E-03   1.284959E-04
   404   1.350663E-02   1.640968E-02   2.701326E-04
   405   3.013352E-03   2.267579E-03   6.026705E-05
   406   1.256803E-03   1.375296E-03   2.513607E-05
   407   1.650949E-03   1.814071E-03   3.301898E-05
   408   3.337900E-03   3.043391E-03   6.675800E-05
   409   4.745555E-03   4.720965E-03   9.491110E-05
   410   1.235833E-03   1.430131E-03   2.471667E-05
   411   1.694483E-03   1.850951E-03   3.388966E-05
   412   8.725576E-03   9.064993E-03   1.745115E-04
   413   3.850813E-03   3.513080E-03   7.701626E-05
   414   1.147973E-03   1.304092E-03   2.295945E-05
   415   2.586320E-03   2.420716E-03   5.172641E-05
   416   1.605471E-03   1.727867E-03   3.210943E-05
   417   2.410463E-03   2.357510E-03   4.820925E-05
   418   3.956459E-03   3.598973E-03   7.912919E-05
   419   7.334161E-03   6.864408E-03   1.466832E-04
   420   5.407697E-03   4.787310E-03   1.081539E-04
   421   1.008986E-03   1.112587E-03   2.017972E-05
   422   1.403111E-03   1.493636E-03   2.806223E-05
   423   2.087620E-03   1.955330E-03   4.175239E-05
   424   1.292623E-02   1.277820E-02   2.585247E-04
   425   3.361898E-03   3.019947E-03   6.723796E-05
   426   3.241457E-03   3.283375E-03   6.482913E-05
   427   1.622882E-02   1.542063E-02   3.245764E-04
   428   2.914416E-02   2.927099E-02   5.828833E-04
   429   1.287656E-02   1.267125E-02   2.575312E-04
   430   1.645070E-03   1.577666E-03   3.290140E-05
   431   6.081675E-03   5.428963E-03   1.216335E-04
   432   2.473586E-03   2.173638E-03   4.947173E-05
   433   9.355594E-03   8.509431E-03   1.871119E-04
   434   4.118656E-03   3.753678E-03   8.237313E-05
   435   3.887665E-03   3.416038E-03   7.775329E-05
   436   5.425307E-03   4.727652E-03   1.085061E-04
   437   1.285141E-02   1.275174E-02   2.570282E-04
   438   1.338775E-02   1.323095E-02   2.677550E-04
   439   9.138559E-03   5.724423E-03   1.827712E-04
   440   1.466686E-03   1.488759E-03   2.933372E-05
   441   1.230281E-03   1.232419E-03   2.460562E-05
   442   2.164850E-03   2.165781E-03   4.329701E-05
   443   1.715720E-03   1.586626E-03   3.431440E-05
   444   5.876696E-03   5.363336E-03   1.175339E-04
   445   2.395348E-03   2.085745E-03   4.790695E-05
   446   4.752106E-03   3.848580E-03   9.504212E-05
   447   1.186613E-03   1.197168E-03   2.373226E-05
   448   1.355002E-02   1.262950E-02   2.710003E-04
   449   3.184835E-03   2.785644E-03   6.369669E-05
   450   1.064447E-02   1.035830E-02   2.128894E-04
   451   1.535640E-03   1.464811E-03   3.071280E-05
   452   7.334161E-03   6.877055E-03   1.466832E-04
   453   1.522091E-03   1.589477E-03   3.044183E-05
   454   3.716510E-03   3.330336E-03   7.433019E-05
   455   1.901896E-03   1.757512E-03   3.803792E-05
   456   3.043952E-03   2.741279E-03   6.087904E-05
   457   1.038707E-02   9.522714E-03   2.077415E-04
   458   1.034628E-03   1.056939E-03   2.069256E-05
   459   1.230281E-03   1.247123E-03   2.460562E-05
   460   3.956459E-03   3.602929E-03   7.912919E-05
   461   3.638031E-03   3.355795E-03   7.276062E-05
   462   4.409992E-03   4.220345E-03   8.819983E-05
   463   4.650930E-03   4.183154E-03   9.301859E-05
   464   1.231562E-03   1.246667E-03   2.463124E-05
   465   9.854930E-03   9.350521E-03   1.970986E-04
   466   2.769166E-03   2.772434E-03   5.538331E-05
   467   2.087620E-03   1.989183E-03   4.175239E-05
   468   1.390723E-03   1.419782E-03   2.781447E-05
   469   5.588879E-03   5.321445E-03   1.117776E-04
   470   1.599592E-03   1.645983E-03   3.199184E-05
   471   2.410463E-03   2.341155E-03   4.820925E-05
   472   3.221398E-03   2.959797E-03   6.442796E-05
   473   2.655052E-03   2.733590E-03   5.310104E-05
   474   2.472990E-03   2.426866E-03   4.945980E-05
   475   1.470740E-03   1.586806E-03   2.941479E-05
   476   2.412098E-03   2.574226E-03   4.824195E-05
   477   4.859244E-03   4.409515E-03   9.718487E-05
   478   2.100401E-03   2.176276E-03   4.200802E-05
   479   2.684868E-03   2.889736E-03   5.369737E-05
   480   1.605471E-03   1.760905E-03   3.210943E-05
   481   8.038542E-03   7.232172E-03   1.607708E-04
   482   2.272565E-03   2.280721E-03   4.545130E-05
   483   2.835062E-03   3.237755E-03   5.670125E-05
   484   3.411151E-03   3.707094E-03   6.822303E-05
   485   2.930316E-03   3.276391E-03   5.860633E-05
   486   1.927492E-03   2.034876E-03   3.854983E-05
   487   1.650949E-03   1.805259E-03   3.301898E-05
   488   1.059652E-03   1.177833E-03   2.119304E-05
   489   1.147973E-03   1.317358E-03   2.295945E-05
   490   4.852275E-03   4.402710E-03   9.704551E-05
   491   3.679540E-03   3.138774E-03   7.359079E-05
   492   2.725570E-03   2.868330E-03   5.451141E-05
   493   2.896860E-03   2.908274E-03   5.793720E-05
   494   6.104997E-03   5.681830E-03   1.220999E-04
   495   1.261001E-03   1.339319E-03   2.522003E-05
   496   1.128739E-02   1.137427E-02   2.257477E-04
   497   1.256803E-03   1.359725E-03   2.513607E-05
   498   2.457652E-03   2.456021E-03   4.915305E-05
   499   3.209930E-03   3.238387E-03   6.419859E-05
   500   3.143110E-03   2.671595E-03   6.286221E-05
   501   2.161731E-03   1.901002E-03   4.323462E-05
   502   2.817515E-03   2.426624E-03   5.635030E-05
   503   7.381667E-03   6.431192E-03   1.476333E-04
   504   4.252131E-03   3.290357E-03   8.504262E-05
   505   1.365569E-02   1.453714E-02   2.731138E-04
   506   9.710843E-04   7.416179E-04   1.942169E-05
   507   5.731622E-03   5.077380E-03   1.146324E-04
   508   2.531445E-03   1.859214E-03   5.062890E-05
   509   7.573552E-03   6.334849E-03   1.514710E-04
   510   1.863807E-02   2.008794E-02   3.727614E-04
   511   1.360232E-02   1.257955E-02   2.720463E-04
   512   1.704174E-02   1.874736E-02   3.408349E-04
   513   2.837137E-02   2.391691E-02   5.674274E-04
   514   0.000000E+00   1.169225E-04   8.571999E-05
   515   0.000000E+00  -2.522289E-04   4.928760E-05
   516   0.000000E+00  -2.072742E-04   6.938575E-05
   517   0.000000E+00   1.307576E-05   3.784845E-05
   518   0.000000E+00   7.423893E-05   5.833195E-05
   519   0.000000E+00  -1.319691E-04   3.567512E-05
   520   0.000000E+00  -1.617968E-04   4.791193E-05
   521   0.000000E+00   8.079853E-05   3.792972E-05
   522   0.000000E+00  -1.248864E-04   4.420725E-05
   523   0.000000E+00  -1.025163E-04   4.893610E-05
   524   0.000000E+00   8.485399E-06   2.576351E-05
   525   0.000000E+00   5.377708E-04   8.947855E-05
   526   0.000000E+00   2.104245E-04   5.100023E-05
   527   0.000000E+00   3.145718E-04   7.263877E-05
   528   0.000000E+00   2.172545E-04   1.112597E-04
   529   0.000000E+00   1.720936E-06   5.354117E-05
   530   0.000000E+00   1.624331E-04   1.905779E-04
   531   0.000000E+00   2.178271E-05   3.233695E-05
   532   0.000000E+00  -1.279180E-05   4.774072E-05
   533   0.000000E+00  -4.262267E-05   7.106440E-05
   534   0.000000E+00   5.472000E-05   5.388827E-05
   535   0.000000E+00  -1.679058E-04   8.743535E-05
   536   0.000000E+00   5.401626E-05   3.275580E-05
   537   0.000000E+00  -7.005149E-05   4.587356E-04
   538   0.000000E+00  -1.747664E-04   3.185521E-04
   539   0.000000E+00   1.222571E-03   5.889728E-04
   540   0.000000E+00   1.343869E-05   7.864687E-05
   541   0.000000E+00   1.614688E-05   2.646036E-05
   542   0.000000E+00  -7.072901E-05   2.638962E-05
   543   0.000000E+00   2.581619E-04   9.389042E-05
   544   0.000000E+00  -1.107443E-04   3.011639E-05
   545   0.000000E+00   4.925808E-04   3.532326E-04
   546   0.000000E+00  -1.463143E-04   1.419297E-04
   547   0.000000E+00   1.734506E-05   6.301965E-05
   548   0.000000E+00   1.248226E-03   3.330377E-04
   549   0.000000E+00  -4.025362E-05   2.572478E-05
   550   0.000000E+00   6.939018E-03   6.532966E-04
   551   0.000000E+00   5.693242E-05   9.212542E-05
   552   0.000000E+00  -4.185539E-06   4.467353E-05
   553   0.000000E+00   6.348490E-03   8.249259E-04
   554   0.000000E+00   3.180923E-03   3.649289E-04
   555   0.000000E+00  -1.102126E-04   1.539804E-04
   556   0.000000E+00   8.142538E-03   6.346598E-04
   557   0.000000E+00   7.483526E-05   8.178753E-05
   558   0.000000E+00   2.761620E-05   2.410946E-05
   559   0.000000E+00   1.108909E-05   2.414284E-05
   560   0.000000E+00   1.037815E-04   6.979279E-05
   561   0.000000E+00  -3.199750E-04   5.179795E-05
   562   0.000000E+00   4.443315E-05   1.919544E-05
   563   0.000000E+00   2.122723E-05   2.376196E-05
   564   0.000000E+00   1.037278E-03   3.452366E-04
   565   0.000000E+00  -1.741379E-04   3.292312E-05
   566   0.000000E+00  -7.519721E-06   2.041193E-05
   567   0.000000E+00  -1.569566E-05   6.110786E-05
   568   0.000000E+00  -1.491542E-05   2.060922E-05
   569   0.000000E+00  -1.207900E-04   2.815692E-05
   570   0.000000E+00  -1.670824E-04   3.147130E-05
   571   0.000000E+00   8.555145E-05   6.085316E-05
   572   0.000000E+00   5.854764E-05   1.118133E-04
   573   0.000000E+00  -4.178931E-05   2.366837E-05
   574   0.000000E+00  -2.628429E-05   1.953068E-05
   575   0.000000E+00  -6.868116E-05   2.779137E-05
   576   0.000000E+00   6.102120E-05   9.873027E-05
   577   0.000000E+00  -6.416138E-05   3.718324E-05
   578   0.000000E+00  -1.426822E-05   7.636247E-05
   579   0.000000E+00   5.694597E-06   1.113851E-04
   580   0.000000E+00  -1.497942E-03   1.625447E-04
   581   0.000000E+00   4.481863E-04   6.834563E-04
   582   0.000000E+00  -4.274902E-05   1.925692E-05
   583   0.000000E+00  -2.459286E-04   1.158571E-04
   584   0.000000E+00  -7.956703E-05   3.991710E-05
   585   0.000000E+00   6.873475E-05   7.434996E-05
   586   0.000000E+00   2.358093E-05   3.911121E-05
   587   0.000000E+00  -8.345755E-05   5.388827E-05
   588   0.000000E+00  -9.187286E-05   1.845522E-04
   589   0.000000E+00  -2.475984E-04   1.112597E-04
   590   0.000000E+00   6.720891E-03   8.013370E-04
   591   0.000000E+00   4.209187E-03   6.984900E-04
   592   0.000000E+00   6.444296E-06   3.666105E-05
   593   0.000000E+00  -2.675126E-05   2.240563E-05
   594   0.000000E+00   1.439360E-05   4.817192E-05
   595   0.000000E+00   4.577928E-05   3.031923E-05
   596   0.000000E+00  -3.603755E-04   5.235641E-05
   597   0.000000E+00  -2.101031E-05   3.690730E-05
   598   0.000000E+00   1.494916E-04   1.846210E-04
   599   0.000000E+00  -4.144269E-05   2.179130E-05
   600   0.000000E+00  -3.788042E-04   9.428622E-05
   601   0.000000E+00  -1.819812E-04   4.057387E-05
   602   0.000000E+00  -3.191659E-04   7.263877E-05
   603   0.000000E+00  -5.486683E-06   3.233695E-05
   604   0.000000E+00  -8.511991E-05   6.085316E-05
   605   0.000000E+00   4.530662E-05   3.886744E-05
   606   0.000000E+00  -9.745197E-05   3.792972E-05
   607   0.000000E+00  -3.492625E-06   3.065130E-05
   608   0.000000E+00   8.817741E-05   1.055374E-04
   609   0.000000E+00   7.750206E-05   6.793450E-05
   610   0.000000E+00  -1.560171E-05   2.506130E-05
   611   0.000000E+00   1.178277E-05   2.240563E-05
   612   0.000000E+00   1.767460E-04   3.147130E-05
   613   0.000000E+00   1.012202E-05   3.784845E-05
   614   0.000000E+00   9.962573E-05   5.626829E-05
   615   0.000000E+00  -3.838247E-05   5.365125E-05
   616   0.000000E+00   1.520234E-05   3.100760E-05
   617   0.000000E+00   1.268351E-04   6.214445E-04
   618   0.000000E+00  -4.498679E-05   7.379859E-05
   619   0.000000E+00   8.445215E-05   2.779137E-05
   620   0.000000E+00   6.894276E-05   3.134071E-05
   621   0.000000E+00   1.845902E-04   6.665645E-05
   622   0.000000E+00   3.673143E-05   3.974242E-05
   623   0.000000E+00   9.362086E-05   2.815692E-05
   624   0.000000E+00   1.402411E-04   3.335440E-05
   625   0.000000E+00   2.833281E-05   6.736173E-05
   626   0.000000E+00   1.713788E-04   3.504132E-05
   627   0.000000E+00   9.586116E-05   2.657622E-05
   628   0.000000E+00   6.597207E-05   2.873763E-05
   629   0.000000E+00   3.444122E-04   2.415488E-04
   630   0.000000E+00   1.401755E-04   4.024154E-05
   631   0.000000E+00   9.431327E-05   7.362440E-05
   632   0.000000E+00   1.624566E-05   2.060922E-05
   633   0.000000E+00   1.797830E-04   2.758659E-04
   634   0.000000E+00   1.351765E-04   3.847177E-05
   635   0.000000E+00   5.480834E-05   4.285841E-05
   636   0.000000E+00   1.394727E-04   4.331878E-05
   637   0.000000E+00  -5.285920E-05   3.060131E-05
   638   0.000000E+00   1.131729E-04   3.011639E-05
   639   0.000000E+00  -1.744877E-05   2.414284E-05
   640   0.000000E+00   5.575761E-05   2.575829E-05
   641   0.000000E+00   1.181834E-05   2.041193E-05
   642   0.000000E+00  -3.592458E-05   1.317718E-04
   643   0.000000E+00  -5.991245E-05   1.116361E-04
   644   0.000000E+00  -7.958586E-06   4.467353E-05
   645   0.000000E+00  -1.162025E-04   7.097436E-05
   646   0.000000E+00   3.218664E-05   1.717571E-04
   647   0.000000E+00   2.802103E-06   2.646036E-05
   648   0.000000E+00  -1.400365E-03   6.347788E-04
   649   0.000000E+00  -2.559479E-05   2.410946E-05
   650   0.000000E+00   6.237226E-05   4.117016E-05
   651   0.000000E+00   3.585415E-05   6.411905E-05
   652   0.000000E+00  -3.552615E-05   7.552702E-05
   653   0.000000E+00  -3.865957E-05   5.065160E-05
   654   0.000000E+00  -1.907137E-04   7.019159E-05
   655   0.000000E+00  -8.960483E-05   2.141020E-04
   656   0.000000E+00  -9.336404E-05   1.031970E-04
   657   0.000000E+00  -8.630891E-03   8.124586E-04
   658   0.000000E+00  -6.009159E-05   2.755854E-05
   659   0.000000E+00   7.843826E-05   1.293177E-04
   660   0.000000E+00   1.306288E-05   7.103876E-05
   661   0.000000E+00   6.532257E-04   2.108601E-04
   662   0.000000E+00  -8.192527E-03   6.538745E-04
   663   0.000000E+00   1.367650E-03   3.143698E-04
   664   0.000000E+00  -7.610683E-03   6.913460E-04
   665   0.000000E+00  -3.988090E-03   1.143279E-03
   666   0.000000E+00   2.038004E-04   8.502500E-05
   667   0.000000E+00   5.363323E-04   5.345402E-05
   668   0.000000E+00   7.614973E-04   7.063079E-05
   669   0.000000E+00   2.493935E-04   3.726087E-05
   670   0.000000E+00  -2.733006E-04   5.548086E-05
   671   0.000000E+00   1.953985E-04   3.610002E-05
   672   0.000000E+00   4.078709E-04   5.109268E-05
   673   0.000000E+00  -6.867553E-06   3.979963E-05
   674   0.000000E+00   3.109014E-04   4.782883E-05
   675   0.000000E+00   9.831493E-05   5.004599E-05
   676   0.000000E+00   4.035403E-05   3.485687E-05
   677   0.000000E+00  -1.073523E-03   8.669034E-05
   678   0.000000E+00  -8.693308E-05   5.286713E-05
   679   0.000000E+00  -9.552699E-04   8.780515E-05
   680   0.000000E+00  -1.646479E-03   9.603366E-05
   681   0.000000E+00  -4.696664E-05   5.963232E-05
   682   0.000000E+00   1.168389E-03   1.995973E-04
   683   0.000000E+00   4.648464E-06   3.154722E-05
   684   0.000000E+00  -1.861815E-05   4.713132E-05
   685   0.000000E+00  -6.174814E-05   7.136238E-05
   686   0.000000E+00  -1.175414E-04   4.633345E-05
   687   0.000000E+00  -1.026266E-03   8.080342E-05
   688   0.000000E+00  -1.401090E-06   3.800434E-05
   689   0.000000E+00   1.335685E-03   4.553733E-04
   690   0.000000E+00   1.498784E-03   3.342714E-04
   691   0.000000E+00   1.264966E-03   5.170341E-04
   692   0.000000E+00   3.618146E-04   8.861092E-05
   693   0.000000E+00   3.042268E-05   2.645064E-05
   694   0.000000E+00   4.581482E-05   2.832537E-05
   695   0.000000E+00   3.100026E-04   1.000823E-04
   696   0.000000E+00   1.056383E-04   3.068300E-05
   697   0.000000E+00   2.215291E-03   3.578252E-04
   698   0.000000E+00   1.027758E-03   1.539400E-04
   699   0.000000E+00   1.134069E-04   6.082881E-05
   700   0.000000E+00   2.590669E-03   3.399691E-04
   701   0.000000E+00  -1.968646E-07   2.538879E-05
   702   0.000000E+00   3.101225E-03   7.181558E-04
   703   0.000000E+00   6.779112E-04   1.031984E-04
   704   0.000000E+00   2.786850E-05   4.486014E-05
   705   0.000000E+00   3.178196E-03   9.890900E-04
   706   0.000000E+00   1.919154E-03   4.048614E-04
   707   0.000000E+00   1.302614E-03   1.716064E-04
   708   0.000000E+00   3.979675E-03   8.651080E-04
   709   0.000000E+00   4.589502E-04   8.641357E-05
   710   0.000000E+00   2.112509E-05   2.172030E-05
   711   0.000000E+00   6.335025E-06   2.603586E-05
   712   0.000000E+00   3.819476E-04   7.987421E-05
   713   0.000000E+00   5.598624E-04   5.287223E-05
   714   0.000000E+00  -1.295145E-05   1.745297E-05
   715   0.000000E+00   2.399218E-05   2.384431E-05
   716   0.000000E+00   1.757423E-03   3.729572E-04
   717   0.000000E+00   5.162510E-07   3.140260E-05
   718   0.000000E+00   2.945449E-05   2.273269E-05
   719   0.000000E+00   4.001921E-04   5.746233E-05
   720   0.000000E+00   3.844797E-05   2.372358E-05
   721   0.000000E+00   1.697566E-04   3.016024E-05
   722   0.000000E+00  -1.011774E-04   3.139118E-05
   723   0.000000E+00  -5.624692E-04   5.136381E-05
   724   0.000000E+00   7.368693E-04   1.259637E-04
   725   0.000000E+00   2.809899E-05   2.901345E-05
   726   0.000000E+00  -6.167850E-05   2.153188E-05
   727   0.000000E+00   6.891198E-05   2.747425E-05
   728   0.000000E+00  -1.597323E-03   9.698348E-05
   729   0.000000E+00  -8.741330E-05   3.958268E-05
   730   0.000000E+00   1.404568E-04   7.385422E-05
   731   0.000000E+00  -1.622113E-03   1.024805E-04
   732   0.000000E+00  -3.154985E-03   1.654751E-04
   733   0.000000E+00   1.940925E-03   5.877665E-04
   734   0.000000E+00  -6.101195E-05   2.359301E-05
   735   0.000000E+00   2.170628E-04   1.328803E-04
   736   0.000000E+00   1.574135E-06   3.977570E-05
   737   0.000000E+00  -6.344798E-04   7.343206E-05
   738   0.000000E+00  -2.684226E-05   4.408569E-05
   739   0.000000E+00  -1.064456E-04   4.633345E-05
   740   0.000000E+00   9.824596E-04   2.016173E-04
   741   0.000000E+00  -1.633255E-03   9.603366E-05
   742   0.000000E+00   6.720600E-03   1.073694E-03
   743   0.000000E+00   1.175678E-03   1.042696E-03
   744   0.000000E+00  -1.971022E-06   3.997074E-05
   745   0.000000E+00   1.914446E-05   2.547163E-05
   746   0.000000E+00   6.326020E-05   5.670562E-05
   747   0.000000E+00   1.429001E-06   3.014662E-05
   748   0.000000E+00  -5.868580E-04   4.845909E-05
   749   0.000000E+00  -1.384461E-05   3.622306E-05
   750   0.000000E+00   9.164495E-04   2.223257E-04
   751   0.000000E+00  -1.725133E-05   2.507152E-05
   752   0.000000E+00  -8.090688E-04   9.310043E-05
   753   0.000000E+00  -1.092658E-04   4.310329E-05
   754   0.000000E+00  -9.706535E-04   8.780515E-05
   755   0.000000E+00   2.307735E-05   3.154722E-05
   756   0.000000E+00  -5.386419E-04   5.136381E-05
   757   0.000000E+00   1.210908E-05   4.158928E-05
   758   0.000000E+00   1.026806E-05   3.979963E-05
   759   0.000000E+00  -4.006754E-06   3.079421E-05
   760   0.000000E+00   1.360169E-04   9.785477E-05
   761   0.000000E+00  -2.361995E-04   6.676575E-05
   762   0.000000E+00  -4.462487E-05   2.670224E-05
   763   0.000000E+00   1.709251E-05   2.547163E-05
   764   0.000000E+00  -1.089265E-04   3.139118E-05
   765   0.000000E+00   2.616245E-04   3.726087E-05
   766   0.000000E+00   3.109583E-04   5.581810E-05
   767   0.000000E+00   2.896853E-04   5.138683E-05
   768   0.000000E+00  -3.482712E-05   3.623462E-05
   769   0.000000E+00   1.655948E-03   6.309801E-04
   770   0.000000E+00   1.474500E-06   7.363586E-05
   771   0.000000E+00   1.010170E-04   2.747425E-05
   772   0.000000E+00   8.957163E-06   3.279285E-05
   773   0.000000E+00   6.090625E-04   7.198962E-05
   774   0.000000E+00   5.118021E-05   4.167816E-05
   775   0.000000E+00   1.613355E-04   3.016024E-05
   776   0.000000E+00   3.160172E-04   3.587868E-05
   777   0.000000E+00   1.010867E-04   6.433065E-05
   778   0.000000E+00   2.884250E-04   3.891477E-05
   779   0.000000E+00   1.674025E-04   3.053185E-05
   780   0.000000E+00  -7.380081E-05   3.279801E-05
   781   0.000000E+00   1.170535E-03   2.583525E-04
   782   0.000000E+00   3.512717E-04   3.999934E-05
   783   0.000000E+00   2.008936E-04   7.473856E-05
   784   0.000000E+00   5.483842E-05   2.372358E-05
   785   0.000000E+00   1.608238E-03   2.849040E-04
   786   0.000000E+00   2.437671E-04   3.583350E-05
   787   0.000000E+00   2.128263E-04   5.229974E-05
   788   0.000000E+00   2.405072E-04   4.530177E-05
   789   0.000000E+00   4.473835E-05   2.922159E-05
   790   0.000000E+00   1.132115E-04   3.068300E-05
   791   0.000000E+00  -4.569238E-06   2.603586E-05
   792   0.000000E+00   1.061146E-04   2.830580E-05
   793   0.000000E+00   3.940375E-05   2.273269E-05
   794   0.000000E+00   7.761132E-04   1.513282E-04
   795   0.000000E+00   4.302600E-04   1.230757E-04
   796   0.000000E+00   1.042478E-05   4.486014E-05
   797   0.000000E+00   2.139751E-04   7.670949E-05
   798   0.000000E+00   1.432132E-03   1.910509E-04
   799   0.000000E+00   4.899772E-05   2.645064E-05
   800   0.000000E+00   1.659375E-03   5.318033E-04
   801   0.000000E+00   1.824285E-06   2.172030E-05
   802   0.000000E+00   2.044467E-05   4.094920E-05
   803   0.000000E+00   2.844856E-04   7.061205E-05
   804   0.000000E+00   6.059259E-04   7.469525E-05
   805   0.000000E+00   7.501101E-05   4.777532E-05
   806   0.000000E+00   1.960073E-04   7.891373E-05
   807   0.000000E+00   1.279926E-03   2.245348E-04
   808   0.000000E+00   5.440221E-04   1.128870E-04
   809   0.000000E+00   4.565956E-03   8.263193E-04
   810   0.000000E+00   7.796358E-05   2.932472E-05
   811   0.000000E+00   1.113518E-03   1.452169E-04
   812   0.000000E+00   4.344030E-04   8.161353E-05
   813   0.000000E+00   1.696685E-03   2.181146E-04
   814   0.000000E+00   4.226606E-03   7.805474E-04
   815   0.000000E+00   2.409279E-03   3.362209E-04
   816   0.000000E+00   3.725275E-03   7.246632E-04
   817   0.000000E+00   7.239858E-03   1.567776E-03
   818   8.614137E-04   3.927554E-04   3.356157E-03
   819   5.735512E-04   6.317178E-04   1.710391E-03
   820   5.120814E-04   4.875401E-04   1.562812E-03
   821   3.019566E-04   9.329588E-05   1.091409E-03
   822   3.842681E-04   1.116021E-04   1.921340E-03
   823   1.977128E-04   3.757039E-04   5.533008E-04
   824   3.152747E-04   3.279356E-04   1.112734E-03
   825   2.363700E-04  -2.460019E-05   1.114953E-03
   826   2.593843E-04   4.938929E-04   7.554883E-04
   827   2.493639E-04   9.809840E-05   1.068702E-03
   828   1.666844E-04   3.153728E-04   4.129259E-04
   829   4.753119E-04  -1.131041E-04   3.906674E-03
   830   2.650187E-04  -8.096801E-05   1.526019E-03
   831   5.130635E-04   1.903755E-04   3.193341E-03
   832   2.930122E-04   8.239048E-05   3.855424E-03
   833   1.426340E-04   7.040970E-05   7.909465E-04
   834   8.353032E-04   4.091914E-04   2.962068E-03
   835   4.238366E-05  -7.810696E-06   4.606920E-04
   836  -2.425530E-05   2.379683E-05   1.233320E-03
   837   9.420808E-05   2.827651E-05   1.228801E-03
   838  -1.671696E-05   2.900756E-05   1.166299E-03
   839  -1.064453E-04   1.266638E-05   3.070538E-03
   840  -2.094854E-07   1.119384E-05   6.284562E-04
   841   4.064405E-04   6.353193E-05   2.150479E-03
   842   1.473890E-06  -2.034847E-04   2.210834E-03
   843   1.265255E-03   6.074539E-04   3.108734E-03
   844   4.178476E-04   4.212961E-04   9.996354E-04
   845   1.617865E-04   2.731935E-04   3.783004E-04
   846   1.869210E-04   3.905411E-04   4.700445E-04
   847   5.556226E-04   2.369657E-04   1.043096E-03
   848   2.193485E-04   4.294370E-04   5.782475E-04
   849   1.908569E-03   9.805108E-04   3.103364E-03
   850   1.128001E-03   1.256908E-04   1.944830E-03
   851   4.406825E-04   3.114027E-04   9.880773E-04
   852   2.693891E-03   2.927001E-04   3.788876E-03
   853   1.674476E-04   3.129547E-04   3.977377E-04
   854   2.955543E-03   5.700306E-04   3.921552E-03
   855   8.136742E-04  -4.538612E-05   1.562754E-03
   856   3.625008E-04   6.124498E-04   8.176711E-04
   857   3.516538E-03   2.498693E-03   3.820939E-03
   858   2.312104E-03   8.199375E-04   2.997542E-03
   859   1.126909E-03   2.988588E-04   1.927438E-03
   860   3.779155E-03   4.102534E-04   4.051989E-03
   861   4.782190E-04   1.051259E-04   9.040057E-04
   862   1.616249E-04   2.831364E-04   3.770410E-04
   863   2.101658E-04   3.393801E-04   4.952847E-04
   864   4.579599E-04   3.068515E-04   1.001370E-03
   865   4.612680E-04   6.033329E-04   1.423667E-03
   866   1.523783E-04   2.475481E-04   3.707500E-04
   867   1.948655E-04   2.876125E-04   5.083449E-04
   868   1.312327E-03   6.881828E-04   2.617673E-03
   869   2.787988E-04   1.907275E-04   1.155244E-03
   870   1.276546E-04   2.229898E-04   3.443918E-04
   871   3.302731E-04   2.284575E-04   7.758961E-04
   872   1.629554E-04   1.984558E-04   4.816414E-04
   873   2.041662E-04   1.549168E-04   7.231388E-04
   874   2.156270E-04   7.942138E-05   1.186938E-03
   875   3.527731E-04   4.455691E-05   2.200248E-03
   876   5.337397E-04   1.713842E-04   1.622309E-03
   877   9.282673E-05   1.407451E-04   3.026959E-04
   878   1.158970E-04   1.186461E-04   4.209334E-04
   879   1.436282E-04   3.657745E-05   6.262859E-04
   880   2.998886E-04   1.485588E-04   3.877870E-03
   881   1.637244E-04  -2.957948E-05   1.008569E-03
   882   2.116671E-04   1.215787E-04   9.724370E-04
   883   2.207120E-04  -2.050995E-05   4.868647E-03
   884  -8.043790E-04   2.952668E-05   8.743249E-03
   885   9.966457E-04   6.805233E-04   3.862968E-03
   886   8.850477E-05   1.817325E-05   4.935210E-04
   887  -1.471765E-04   1.682461E-04   1.824502E-03
   888   6.876570E-05  -2.626734E-05   7.420759E-04
   889  -3.321236E-04   6.818482E-05   2.806678E-03
   890  -1.836921E-04   3.577793E-05   1.235597E-03
   891   1.671696E-05  -3.206799E-05   1.166299E-03
   892   2.614998E-04  -1.455747E-04   1.627592E-03
   893  -2.930122E-04  -3.149040E-05   3.855424E-03
   894   2.907819E-03   4.560385E-03   4.016324E-03
   895   2.741568E-03   9.690188E-04   2.741568E-03
   896   5.470738E-05  -3.088934E-05   4.400057E-04
   897   3.776962E-05   5.488696E-06   3.690843E-04
   898   4.546186E-05  -2.988837E-05   6.494551E-04
   899   4.066256E-05  -2.680642E-05   5.147159E-04
   900  -1.939310E-04   7.629673E-05   1.763009E-03
   901  -2.083952E-05   1.430535E-05   7.186043E-04
   902   9.931902E-05   1.391927E-05   1.425632E-03
   903  -9.730228E-06   1.979196E-06   3.559840E-04
   904  -7.086659E-04  -5.815447E-05   4.065005E-03
   905  -1.678408E-04   7.257985E-05   9.554504E-04
   906  -5.130635E-04  -1.875772E-04   3.193341E-03
   907  -4.238366E-05  -1.014901E-05   4.606920E-04
   908  -3.527731E-04  -4.518742E-05   2.200248E-03
   909   3.500810E-06  -2.109137E-05   4.566274E-04
   910  -2.363700E-04   2.917874E-05   1.114953E-03
   911  -9.775745E-05  -7.222367E-06   5.705688E-04
   912  -1.735053E-05   2.308263E-05   9.131856E-04
   913  -7.208630E-04  -3.783334E-04   3.116122E-03
   914  -3.517735E-05   4.476810E-07   3.103884E-04
   915  -3.776962E-05  -1.579357E-06   3.690843E-04
   916  -2.156270E-04  -7.393349E-05   1.186938E-03
   917  -3.019566E-04  -1.262431E-04   1.091409E-03
   918  -3.430974E-04  -1.734024E-04   1.322998E-03
   919  -4.167233E-04  -2.191934E-04   1.395279E-03
   920  -6.638119E-05  -1.027151E-05   3.694686E-04
   921  -3.173288E-04   1.002347E-04   2.956479E-03
   922  -1.420582E-04  -8.023902E-07   8.307497E-04
   923  -1.436282E-04  -4.983203E-05   6.262859E-04
   924  -9.456918E-05  -8.385339E-05   4.172170E-04
   925  -5.940978E-04  -6.008334E-04   1.676664E-03
   926  -6.974222E-05  -2.231587E-05   4.798776E-04
   927  -2.041662E-04  -1.555857E-04   7.231388E-04
   928  -3.092542E-04  -3.027706E-04   9.664194E-04
   929  -1.956773E-04  -1.371770E-04   7.965155E-04
   930  -2.228164E-04  -2.618083E-04   7.418970E-04
   931  -1.251599E-04  -1.799398E-04   4.412219E-04
   932  -2.071992E-04  -2.171114E-04   7.236293E-04
   933  -1.482069E-04   1.553145E-04   1.457773E-03
   934  -2.020586E-04  -2.561461E-04   6.301204E-04
   935  -2.223071E-04  -2.859051E-04   8.054605E-04
   936  -1.629554E-04  -2.148884E-04   4.816414E-04
   937  -5.715403E-04   2.562617E-05   2.411563E-03
   938  -2.418009E-04  -3.527587E-04   6.817695E-04
   939  -3.274497E-04  -6.175000E-04   8.505187E-04
   940  -3.892124E-04  -7.660375E-04   1.023345E-03
   941  -3.487076E-04  -5.315993E-04   8.790949E-04
   942  -2.193485E-04  -4.173186E-04   5.782475E-04
   943  -2.101658E-04  -3.689270E-04   4.952847E-04
   944  -1.069189E-04  -2.095429E-04   3.178956E-04
   945  -1.276546E-04  -2.261651E-04   3.443918E-04
   946  -5.788765E-04  -3.170420E-04   1.455683E-03
   947  -2.594075E-04   6.798724E-05   1.103862E-03
   948  -3.625008E-04  -6.079419E-04   8.176711E-04
   949  -3.884689E-04  -3.744497E-04   8.690579E-04
   950  -7.374836E-04  -3.141624E-04   1.831499E-03
   951  -1.617865E-04  -2.743087E-04   3.783004E-04
   952  -1.502351E-03  -6.871739E-04   3.386216E-03
   953  -1.616249E-04  -2.727463E-04   3.770410E-04
   954  -3.133507E-04  -4.484994E-04   7.372957E-04
   955  -3.697839E-04  -4.345541E-04   9.629789E-04
   956  -4.346921E-04  -1.524820E-04   9.429331E-04
   957  -2.931307E-04  -1.574117E-04   6.485193E-04
   958  -4.147382E-04  -2.029419E-04   8.452545E-04
   959  -1.345678E-03  -6.943774E-04   2.214500E-03
   960  -7.275396E-04  -1.001298E-04   1.275639E-03
   961  -2.727041E-03  -4.994077E-04   4.096707E-03
   962  -1.428465E-04   1.399063E-05   2.913253E-04
   963  -9.439981E-04  -2.985562E-04   1.719487E-03
   964  -4.126256E-04   8.425930E-05   7.594335E-04
   965  -1.460938E-03  -6.987436E-05   2.272066E-03
   966  -4.797439E-03  -1.718514E-03   5.591420E-03
   967  -2.848325E-03  -4.763294E-04   4.080695E-03
   968  -3.352111E-03  -1.499683E-03   5.112523E-03
   969  -8.142583E-03  -4.279084E-03   8.511411E-03
   970   0.000000E+00  -1.927118E-04   3.356157E-03
   971   0.000000E+00  -5.758894E-05   1.710391E-03
   972   0.000000E+00   9.867413E-05   1.562812E-03
   973   0.000000E+00   1.139782E-05   1.091409E-03
   974   0.000000E+00  -5.545555E-05   1.921340E-03
   975   0.000000E+00   1.865771E-05   5.533008E-04
   976   0.000000E+00   6.077314E-05   1.112734E-03
   977   0.000000E+00   7.164430E-05   1.114953E-03
   978   0.000000E+00   1.339489E-04   7.554883E-04
   979   0.000000E+00   8.253154E-05   1.068702E-03
   980   0.000000E+00   1.309279E-04   4.129259E-04
   981   0.000000E+00   2.319592E-04   3.906674E-03
   982   0.000000E+00   1.515312E-04   1.526019E-03
   983   0.000000E+00  -6.416438E-05   3.193341E-03
   984   0.000000E+00   4.566611E-05   3.855424E-03
   985   0.000000E+00   9.827422E-05   7.909465E-04
   986   0.000000E+00   1.096796E-04   2.962068E-03
   987   0.000000E+00   3.158569E-05   4.606920E-04
   988   0.000000E+00   1.291709E-04   1.233320E-03
   989   0.000000E+00   2.212559E-04   1.228801E-03
   990   0.000000E+00   1.345853E-04   1.166299E-03
   991   0.000000E+00   6.057383E-05   3.070538E-03
   992   0.000000E+00   5.452597E-05   6.284562E-04
   993   0.000000E+00  -2.009732E-04   2.150479E-03
   994   0.000000E+00   8.119906E-05   2.210834E-03
   995   0.000000E+00   5.276307E-04   3.108734E-03
   996   0.000000E+00   2.011762E-04   9.996354E-04
   997   0.000000E+00   1.235756E-04   3.783004E-04
   998   0.000000E+00   7.746226E-05   4.700445E-04
   999   0.000000E+00   1.375213E-04   1.043096E-03
  1000   0.000000E+00   3.064345E-05   5.782475E-04
  1001   0.000000E+00   3.589800E-04   3.103364E-03
  1002   0.000000E+00  -7.407117E-05   1.944830E-03
  1003   0.000000E+00   2.514532E-04   9.880773E-04
  1004   0.000000E+00   3.241669E-04   3.788876E-03
  1005   0.000000E+00   1.114611E-04   3.977377E-04
  1006   0.000000E+00   1.827362E-03   3.921552E-03
  1007   0.000000E+00   6.510299E-05   1.562754E-03
  1008   0.000000E+00   2.504823E-04   8.176711E-04
  1009   0.000000E+00   3.702762E-03   3.820939E-03
  1010   0.000000E+00   1.054273E-03   2.997542E-03
  1011   0.000000E+00   2.297396E-04   1.927438E-03
  1012   0.000000E+00   2.121857E-03   4.051989E-03
  1013   0.000000E+00  -3.011083E-05   9.040057E-04
  1014   0.000000E+00   1.074336E-04   3.770410E-04
  1015   0.000000E+00   1.021318E-04   4.952847E-04
  1016   0.000000E+00   1.491765E-04   1.001370E-03
  1017   0.000000E+00  -2.933199E-05   1.423667E-03
  1018   0.000000E+00   8.012281E-05   3.707500E-04
  1019   0.000000E+00   4.478127E-05   5.083449E-04
  1020   0.000000E+00   6.784186E-04   2.617673E-03
  1021   0.000000E+00  -1.250203E-04   1.155244E-03
  1022   0.000000E+00   6.577606E-05   3.443918E-04
  1023   0.000000E+00   8.294542E-05   7.758961E-04
  1024   0.000000E+00   4.532925E-05   4.816414E-04
  1025   0.000000E+00  -1.484726E-05   7.231388E-04
  1026   0.000000E+00  -3.087509E-05   1.186938E-03
  1027   0.000000E+00   2.529756E-05   2.200248E-03
  1028   0.000000E+00   9.260204E-05   1.622309E-03
  1029   0.000000E+00   4.560454E-05   3.026959E-04
  1030   0.000000E+00   5.032160E-05   4.209334E-04
  1031   0.000000E+00   4.387646E-05   6.262859E-04
  1032   0.000000E+00  -2.086525E-05   3.877870E-03
  1033   0.000000E+00   8.076652E-05   1.008569E-03
  1034   0.000000E+00   1.261976E-04   9.724370E-04
  1035   0.000000E+00   2.309294E-04   4.868647E-03
  1036   0.000000E+00  -2.876010E-04   8.743249E-03
  1037   0.000000E+00  -2.709701E-04   3.862968E-03
  1038   0.000000E+00   4.896108E-05   4.935210E-04
  1039   0.000000E+00   5.331680E-04   1.824502E-03
  1040   0.000000E+00   9.659219E-05   7.420759E-04
  1041   0.000000E+00   2.082943E-04   2.806678E-03
  1042   0.000000E+00   1.194477E-04   1.235597E-03
  1043   0.000000E+00   1.402311E-04   1.166299E-03
  1044   0.000000E+00   4.877767E-04   1.627592E-03
  1045   0.000000E+00   2.940626E-05   3.855424E-03
  1046   0.000000E+00   3.297415E-03   4.016324E-03
  1047   0.000000E+00   1.465579E-03   2.741568E-03
  1048   0.000000E+00   7.565225E-05   4.400057E-04
  1049   0.000000E+00   4.092358E-05   3.690843E-04
  1050   0.000000E+00   8.468572E-05   6.494551E-04
  1051   0.000000E+00   4.550508E-05   5.147159E-04
  1052   0.000000E+00   2.179910E-04   1.763009E-03
  1053   0.000000E+00   7.246244E-05   7.186043E-04
  1054   0.000000E+00   3.534932E-04   1.425632E-03
  1055   0.000000E+00   2.070572E-05   3.559840E-04
  1056   0.000000E+00   2.719227E-05   4.065005E-03
  1057   0.000000E+00   8.574963E-05   9.554504E-04
  1058   0.000000E+00  -7.430088E-05   3.193341E-03
  1059   0.000000E+00   3.777902E-05   4.606920E-04
  1060   0.000000E+00   1.278429E-06   2.200248E-03
  1061   0.000000E+00   6.030318E-05   4.566274E-04
  1062   0.000000E+00   6.631279E-05   1.114953E-03
  1063   0.000000E+00   3.673703E-05   5.705688E-04
  1064   0.000000E+00   2.687074E-04   9.131856E-04
  1065   0.000000E+00  -2.169270E-04   3.116122E-03
  1066   0.000000E+00   3.496796E-05   3.103884E-04
  1067   0.000000E+00   3.988771E-05   3.690843E-04
  1068   0.000000E+00  -2.051007E-05   1.186938E-03
  1069   0.000000E+00   6.291969E-06   1.091409E-03
  1070   0.000000E+00   6.138401E-05   1.322998E-03
  1071   0.000000E+00  -4.019340E-05   1.395279E-03
  1072   0.000000E+00   3.640433E-05   3.694686E-04
  1073   0.000000E+00  -3.812102E-04   2.956479E-03
  1074   0.000000E+00   1.072501E-04   8.307497E-04
  1075   0.000000E+00   2.669458E-05   6.262859E-04
  1076   0.000000E+00   1.495674E-05   4.172170E-04
  1077   0.000000E+00   3.141277E-07   1.676664E-03
  1078   0.000000E+00   6.444849E-05   4.798776E-04
  1079   0.000000E+00   7.137713E-06   7.231388E-04
  1080   0.000000E+00  -4.894828E-05   9.664194E-04
  1081   0.000000E+00   8.911552E-05   7.965155E-04
  1082   0.000000E+00  -2.037104E-05   7.418970E-04
  1083   0.000000E+00   1.888998E-05   4.412219E-04
  1084   0.000000E+00   9.046306E-05   7.236293E-04
  1085   0.000000E+00   2.543774E-04   1.457773E-03
  1086   0.000000E+00   4.823462E-05   6.301204E-04
  1087   0.000000E+00   4.287838E-05   8.054605E-04
  1088   0.000000E+00   2.525085E-05   4.816414E-04
  1089   0.000000E+00   2.318145E-04   2.411563E-03
  1090   0.000000E+00   1.080223E-05   6.817695E-04
  1091   0.000000E+00   1.776056E-04   8.505187E-04
  1092   0.000000E+00   1.292520E-04   1.023345E-03
  1093   0.000000E+00   1.060241E-04   8.790949E-04
  1094   0.000000E+00   2.679768E-05   5.782475E-04
  1095   0.000000E+00   9.158831E-05   4.952847E-04
  1096   0.000000E+00   6.507946E-05   3.178956E-04
  1097   0.000000E+00   8.710471E-05   3.443918E-04
  1098   0.000000E+00   6.113679E-05   1.455683E-03
  1099   0.000000E+00   1.800591E-04   1.103862E-03
  1100   0.000000E+00   2.685908E-04   8.176711E-04
  1101   0.000000E+00   2.342625E-04   8.690579E-04
  1102   0.000000E+00   1.063633E-04   1.831499E-03
  1103   0.000000E+00   1.121963E-04   3.783004E-04
  1104   0.000000E+00   6.873487E-04   3.386216E-03
  1105   0.000000E+00   1.138355E-04   3.770410E-04
  1106   0.000000E+00   1.998449E-04   7.372957E-04
  1107   0.000000E+00   1.922013E-04   9.629789E-04
  1108   0.000000E+00  -1.042497E-05   9.429331E-04
  1109   0.000000E+00   1.464320E-04   6.485193E-04
  1110   0.000000E+00   1.412162E-04   8.452545E-04
  1111   0.000000E+00   7.792564E-05   2.214500E-03
  1112   0.000000E+00   2.580330E-05   1.275639E-03
  1113   0.000000E+00   3.238528E-04   4.096707E-03
  1114   0.000000E+00   2.530134E-05   2.913253E-04
  1115   0.000000E+00   2.203512E-05   1.719487E-03
  1116   0.000000E+00  -2.502073E-05   7.594335E-04
  1117   0.000000E+00  -3.628590E-05   2.272066E-03
  1118   0.000000E+00   2.777446E-03   5.591420E-03
  1119   0.000000E+00   8.645807E-04   4.080695E-03
  1120   0.000000E+00   2.176593E-03   5.112523E-03
  1121   0.000000E+00   6.253110E-03   8.511411E-03
