 -3.88030E+17  3.41593E+16  6.62535E+15  3.06327E+15  4.69183E+04
 -4.16274E+17  1.42603E+16 -3.92779E+15  3.05837E+15  4.55397E+04
 -2.58400E+17  6.12694E+16  6.44791E+15  3.01781E+15  4.49524E+04
 -1.03097E+16  1.30475E+16  3.44211E+17  3.10307E+15  4.60619E+04
 -3.01523E+15  1.94208E+16  2.81324E+17  3.09725E+15  4.50545E+04
  3.99802E+15  7.84626E+15 -3.91868E+15  3.05949E+15  4.61651E+04
  3.13720E+15  9.71138E+15  5.50427E+17  3.14923E+15  4.53741E+04
 -3.37467E+15  1.73624E+15  4.68681E+17  3.14394E+15  4.59169E+04
 -1.53418E+15  3.91779E+15  5.81846E+15  3.09430E+15  4.56509E+04
 -1.46788E+15  8.99059E+14  6.68161E+17  3.17985E+15  4.62188E+04
  5.81405E+14  1.15094E+14  5.83000E+17  3.17639E+15  4.56443E+04
  5.48158E+14  1.12413E+15  1.06189E+17  3.10774E+15  4.39345E+04
 -1.97414E+18  7.81792E+16  2.80778E+16  8.86998E+15  7.58970E+04
 -1.78681E+18  2.18865E+17  3.14184E+15  9.23040E+15  7.80087E+04
 -8.28371E+17  1.57280E+15  2.86058E+14  1.04112E+16  6.63336E+04
 -5.96956E+16  7.22668E+16  1.26075E+18  8.92742E+15  7.41974E+04
 -2.68782E+16  9.11199E+16  1.09340E+18  9.47338E+15  7.07882E+04
  7.10111E+15  1.90784E+16  3.65828E+17  1.05706E+16  6.50070E+04
 -2.19483E+16  4.23597E+16  1.99631E+18  9.00964E+15  7.32972E+04
  1.98942E+16  2.49523E+16  1.74698E+18  9.51224E+15  7.09493E+04
 -3.30866E+15  7.99281E+15  5.84468E+17  1.07798E+16  6.47702E+04
 -3.35971E+15  8.57098E+14  2.40889E+18  9.07208E+15  7.37894E+04
  6.03459E+15  6.68643E+15  2.11773E+18  9.61191E+15  7.14775E+04
  1.22475E+15  1.23674E+15  7.11246E+17  1.10182E+16  6.41074E+04
 -5.36345E+18  4.96894E+14  9.82484E+14  2.90111E+16  6.14382E+04
 -4.96506E+18  5.01480E+17  1.43425E+16  3.01534E+16  6.37673E+04
 -2.48772E+18  3.83520E+15 -9.18283E+14  3.39770E+16  5.93028E+04
 -6.43210E+16  1.90946E+17  3.76622E+18  2.94038E+16  6.07901E+04
  9.24062E+15  1.69816E+17  3.20059E+18  3.08837E+16  5.92795E+04
  1.97990E+16  2.26637E+16  1.02934E+18  3.45751E+16  5.89093E+04
  3.43593E+15  8.94389E+16  6.00773E+18  3.00222E+16  6.01496E+04
  3.62457E+15 -1.78269E+14  5.19579E+18  3.14328E+16  5.97402E+04
  5.31694E+15  8.32922E+15  1.73692E+18  3.57623E+16  5.82947E+04
 -2.51605E+15  2.56031E+16  7.33215E+18  3.05283E+16  6.02076E+04
  4.36132E+15  2.07350E+16  6.41675E+18  3.21089E+16  5.89464E+04
 -8.84217E+14  3.77817E+14  2.18150E+18  3.64826E+16  5.80418E+04
 -1.75110E+19  9.61173E+16  8.67853E+16  1.01643E+17  4.64202E+04
 -1.58359E+19  1.41223E+18 -1.63630E+16  1.04275E+17  4.89083E+04
 -7.26391E+18  1.36666E+17  1.82692E+16  1.15181E+17  4.86512E+04
  5.23244E+16  7.19459E+17  1.13640E+19  1.02531E+17  4.54499E+04
 -1.15269E+17  5.28833E+17  9.80563E+18  1.05293E+17  4.63238E+04
  5.24143E+16  4.54592E+16  3.30947E+18  1.16815E+17  4.81237E+04
  1.30024E+17  1.29473E+17  1.81818E+19  1.03914E+17  4.63398E+04
 -6.75414E+16  2.64639E+16  1.58583E+19  1.07084E+17  4.72847E+04
 -6.52225E+15  1.25574E+15  5.41806E+18  1.19450E+17  4.84853E+04
 -1.43162E+16  6.28346E+16  2.22694E+19  1.04898E+17  4.71493E+04
  2.85148E+15  5.39356E+16  1.95681E+19  1.08507E+17  4.74158E+04
  1.21863E+15  1.19307E+16  6.75330E+18  1.21144E+17  4.85495E+04
 -7.04348E+19  2.46140E+18 -1.82037E+18  3.63835E+17  5.03654E+04
 -6.27023E+19  6.60321E+17  8.32979E+17  3.70507E+17  5.14917E+04
 -2.39748E+19  6.49362E+16 -8.58733E+16  3.98361E+17  5.18316E+04
  2.34224E+18  5.65254E+17  4.20842E+19  3.63640E+17  4.98158E+04
 -8.32263E+17  8.20896E+18  3.74011E+19  3.70241E+17  4.83387E+04
  6.91251E+16  8.98325E+15  1.31878E+19  3.98822E+17  5.20333E+04
 -1.65471E+18  2.21651E+18  6.70520E+19  3.62949E+17  5.11486E+04
 -7.86241E+17  2.21831E+18  5.92661E+19  3.70581E+17  5.07130E+04
 -2.35622E+16  3.70389E+17  2.07926E+19  3.99931E+17  5.21058E+04
  3.03391E+17  2.16094E+17  8.05400E+19  3.61805E+17  5.14599E+04
 -2.46581E+17  2.20840E+17  7.10923E+19  3.70468E+17  5.20033E+04
  8.53498E+14  8.42217E+14  2.48837E+19  4.01118E+17  5.30978E+04
