  1.99528E+16  5.10615E+14 -3.53744E+14  3.03113E+15  4.38380E+04
 -2.18673E+15 -8.00533E+15 -1.90390E+15  3.03460E+15  4.45666E+04
  4.73708E+14 -6.66417E+15  1.56250E+16  3.02792E+15  4.34843E+04
 -3.20493E+14  3.37621E+14 -9.40803E+14  3.06221E+15  4.42782E+04
 -5.55705E+15  2.81509E+15 -4.94158E+15  3.06584E+15  4.41108E+04
 -3.27853E+15  1.09495E+15  3.39187E+14  3.06533E+15  4.51973E+04
 -1.11527E+15  1.40264E+14 -1.38189E+15  3.09962E+15  4.38585E+04
 -1.91046E+15 -5.94382E+13 -6.25672E+15  3.10082E+15  4.30160E+04
 -3.73114E+15  7.11219E+14 -5.67709E+14  3.09804E+15  4.43933E+04
  1.69489E+14  4.79627E+14  1.18491E+15  3.10817E+15  4.31390E+04
 -1.78567E+15  1.07273E+15 -2.91314E+15  3.11341E+15  4.24397E+04
 -5.44849E+14 -3.45412E+13 -1.50532E+16  3.10543E+15  4.50132E+04
  4.37112E+15  6.59879E+15 -1.98784E+14  1.05365E+16  6.52325E+04
 -5.92978E+15 -2.39616E+16 -1.40950E+15  1.05574E+16  6.43127E+04
 -2.30819E+16 -2.75179E+16  4.86134E+15  1.05274E+16  6.51603E+04
 -2.41551E+14 -4.91232E+14 -3.62664E+14  1.07161E+16  6.46726E+04
 -1.46884E+15  4.03789E+15 -4.02738E+15  1.06892E+16  6.40389E+04
 -9.60680E+15  1.52123E+15 -7.43148E+15  1.06870E+16  6.51277E+04
 -1.64397E+15  5.49287E+15 -1.24674E+15  1.09535E+16  6.41087E+04
 -4.09149E+15  3.56126E+15 -1.71640E+15  1.09420E+16  6.30876E+04
 -6.52648E+14 -6.40693E+14 -1.88332E+15  1.09252E+16  6.52085E+04
 -8.43712E+13  1.83462E+15 -2.23028E+15  1.11325E+16  6.37135E+04
 -1.29100E+15  1.16006E+15 -4.86047E+14  1.11237E+16  6.34926E+04
 -2.20778E+14 -4.84867E+14 -3.20845E+15  1.10734E+16  6.45217E+04
 -1.94252E+17 -1.60009E+17  3.46056E+16  3.48651E+16  5.87146E+04
  1.56352E+17 -9.21530E+16  6.86282E+16  3.44382E+16  5.87226E+04
  1.04338E+18 -2.03102E+16 -1.19273E+16  3.43829E+16  5.90353E+04
 -4.80598E+17  1.93117E+16 -1.49048E+16  3.48007E+16  5.87241E+04
  3.58460E+17 -8.83337E+16 -7.88322E+16  3.45356E+16  5.90192E+04
 -1.86698E+15  1.99190E+16 -4.50761E+17  3.48271E+16  5.95828E+04
 -1.67746E+17 -2.64504E+16 -1.90255E+16  3.52487E+16  5.85518E+04
  3.64749E+17  1.56858E+17 -1.07941E+17  3.45622E+16  5.92001E+04
 -3.00868E+15  2.81664E+15 -9.96607E+16  3.61833E+16  5.85084E+04
 -2.78703E+14  2.80499E+14 -8.97943E+14  3.73363E+16  5.68808E+04
 -1.31680E+15  9.51579E+14 -1.09636E+16  3.72549E+16  5.63567E+04
 -6.80796E+14 -7.39043E+13 -9.80654E+15  3.73276E+16  5.58515E+04
 -3.52051E+17  2.16123E+16  1.19721E+16  1.19380E+17  4.82784E+04
 -1.88532E+17 -3.53445E+16 -1.09714E+17  1.19582E+17  4.86648E+04
  3.89524E+17 -8.36583E+16 -1.03720E+15  1.18737E+17  4.79022E+04
 -1.45423E+16  2.00971E+16 -8.77363E+13  1.20832E+17  4.83027E+04
 -1.32195E+16  8.19042E+15 -3.69961E+15  1.21079E+17  4.83343E+04
 -5.08158E+15 -6.89939E+16  5.07060E+17  1.18712E+17  4.78601E+04
 -1.26522E+16  1.01797E+16 -1.24635E+15  1.22270E+17  4.81943E+04
 -6.16152E+16 -1.12598E+17 -2.01224E+17  1.19365E+17  4.86129E+04
 -1.09690E+16 -3.22688E+15  2.18382E+16  1.23101E+17  4.89123E+04
 -9.20035E+14  1.66089E+15 -2.31194E+15  1.22891E+17  4.83787E+04
  8.97007E+15 -1.36972E+16 -2.62500E+14  1.23758E+17  4.85587E+04
  1.80046E+15  3.86199E+15 -2.86765E+16  1.22918E+17  4.87087E+04
 -1.54640E+17  8.61386E+16 -2.44318E+17  4.07053E+17  5.26850E+04
 -1.12318E+18 -1.11996E+17 -3.94775E+17  4.08650E+17  5.27616E+04
 -5.07635E+16 -1.13190E+17  9.79273E+15  4.07689E+17  5.21820E+04
 -2.54022E+15  4.03836E+16 -3.46297E+15  4.08262E+17  5.26285E+04
 -3.51239E+16  2.88351E+16 -1.57364E+15  4.08986E+17  5.25452E+04
 -2.25393E+16  1.12928E+17  8.36725E+17  4.08542E+17  5.22039E+04
 -3.05201E+15 -1.95169E+15 -6.54490E+15  4.09876E+17  5.33523E+04
  2.01081E+15  7.06582E+15 -2.61704E+16  4.10319E+17  5.38052E+04
 -2.42349E+15  2.91705E+15 -6.26952E+15  4.08852E+17  5.36641E+04
 -2.19187E+14  4.63050E+13 -1.33202E+15  4.09827E+17  5.36346E+04
 -8.41910E+14 -2.17128E+14 -1.69163E+16  4.09824E+17  5.30245E+04
 -1.50461E+14  1.89722E+14  8.58364E+13  4.08447E+17  5.33064E+04
