
 error exit tests 

 3: QPC_solve exit status =     -3
 4: QPC_solve exit status =     -4
 5: QPC_solve exit status =     -5
17: QPC_solve exit status =    -17
18: QPC_solve exit status =    -18
19: QPC_solve exit status =    -19
23: QPC_solve exit status =    -23
 7: QPC_solve exit status =     -7

 basic tests of storage formats 

I1:     7     8 iterations. Optimal objective value =    5.5 status =      0
I2:     7     8 iterations. Optimal objective value =    5.5 status =      0
D1:     4    19 iterations. Optimal objective value =    5.4 status =      0
D2:     4    19 iterations. Optimal objective value =    5.4 status =      0
R1:     4    19 iterations. Optimal objective value =    5.4 status =      0
R2:     4    19 iterations. Optimal objective value =    5.4 status =      0
C1:     4    19 iterations. Optimal objective value =    5.4 status =      0
C2:     4    19 iterations. Optimal objective value =    5.4 status =      0

 basic tests of options 

 0:     4     5 iterations. Optimal objective value =    0.3 status =      0
 1:     4     5 iterations. Optimal objective value =    0.3 status =      0
 2:     4     5 iterations. Optimal objective value =    0.3 status =      0
 3:     4     5 iterations. Optimal objective value =    0.3 status =      0
 4:     4     5 iterations. Optimal objective value =    0.3 status =      0
 5:     4     5 iterations. Optimal objective value =    0.3 status =      0
 6:     4     5 iterations. Optimal objective value =    0.3 status =      0
 7:     4     5 iterations. Optimal objective value =    0.3 status =      0
 8:     4     5 iterations. Optimal objective value =    0.3 status =      0
 9:     4     5 iterations. Optimal objective value =    0.3 status =      0
10:     4     5 iterations. Optimal objective value =    0.3 status =      0
11:     4     5 iterations. Optimal objective value =    0.3 status =      0
12:     4     5 iterations. Optimal objective value =    0.3 status =      0
13:     4     5 iterations. Optimal objective value =    0.3 status =      0
14:     4     5 iterations. Optimal objective value =    0.3 status =      0
15:     4     5 iterations. Optimal objective value =    0.3 status =      0
16:     4     5 iterations. Optimal objective value =    0.3 status =      0
17:     4     5 iterations. Optimal objective value =    0.3 status =      0
18:     4     5 iterations. Optimal objective value =    0.3 status =      0
19:     4     5 iterations. Optimal objective value =    0.3 status =      0
20:     4     5 iterations. Optimal objective value =    0.3 status =      0
21:     5     5 iterations. Optimal objective value =    0.3 status =      0
22:     5     5 iterations. Optimal objective value =    0.3 status =      0
23:     5     5 iterations. Optimal objective value =    0.3 status =      0
24:     0     5 iterations. Optimal objective value =    0.3 status =      0
25:     7     0 iterations. Optimal objective value =    0.3 status =      0
26:     4     1 iterations. Optimal objective value =    0.3 status =      0
27:     0     0 iterations. Optimal objective value =    0.3 status =      0

 full test of generic problems 

 1:     6    26 iterations. Optimal objective value = -137.7 status =      0
 2:     7    10 iterations. Optimal objective value =   44.3 status =      0
 3:     7    10 iterations. Optimal objective value =   44.3 status =      0
