 -2.66567E+15 -2.58730E+16  1.50191E+14  3.00995E+15  4.48948E+04
 -4.94393E+15  9.50410E+15 -7.56938E+14  3.02490E+15  4.40824E+04
 -6.86628E+15 -1.99084E+15 -3.28334E+15  3.02084E+15  4.53738E+04
  1.79875E+15  8.39137E+15 -8.03159E+14  3.06142E+15  4.56088E+04
 -1.74144E+15  7.12420E+15 -3.17947E+15  3.06047E+15  4.26781E+04
 -4.30253E+15 -1.30845E+15 -2.26724E+15  3.05840E+15  4.34364E+04
 -1.27338E+15  1.21685E+15 -3.28535E+15  3.10590E+15  4.44864E+04
 -1.77763E+15  4.51978E+15 -4.05524E+15  3.09878E+15  4.16520E+04
 -2.96399E+15  5.52386E+14 -6.07525E+14  3.10049E+15  4.30407E+04
  6.34007E+13 -2.15444E+15 -1.22126E+15  3.10596E+15  4.37269E+04
 -1.28110E+14 -6.01929E+13  1.55494E+14  3.11034E+15  4.41958E+04
 -5.78000E+14  1.21803E+14  6.36181E+14  3.10576E+15  4.28239E+04
 -4.48110E+15  4.33987E+15  1.44262E+14  1.05158E+16  6.56916E+04
 -1.69675E+16  3.87886E+14 -6.17879E+13  1.05118E+16  6.55298E+04
 -1.07802E+16  5.90813E+15 -1.06379E+16  1.05009E+16  6.41856E+04
 -1.69507E+15  2.52106E+14 -5.57930E+14  1.06546E+16  6.41414E+04
 -1.42932E+15  1.61003E+15 -4.67433E+14  1.06713E+16  6.38667E+04
 -2.53030E+14 -2.32444E+14 -7.81846E+13  1.06905E+16  6.51222E+04
 -9.11736E+14  1.79997E+15 -2.13415E+15  1.09238E+16  6.38303E+04
 -7.90043E+14  4.72787E+15 -6.36984E+15  1.09373E+16  6.24705E+04
 -4.46868E+15  1.80370E+15 -3.30974E+15  1.09179E+16  6.57239E+04
  4.96930E+13  2.21346E+15 -3.00408E+15  1.11115E+16  6.33442E+04
 -3.77515E+14  1.37265E+15 -8.20197E+15  1.11069E+16  6.19024E+04
 -5.92590E+14 -1.55398E+14 -5.85422E+14  1.10886E+16  6.39416E+04
  2.87540E+17  1.67984E+16  3.44154E+16  3.45770E+16  5.83396E+04
 -1.50190E+17  8.08554E+16 -1.29824E+17  3.48161E+16  5.94275E+04
 -4.39711E+17 -7.94388E+16  1.10357E+17  3.41722E+16  5.78361E+04
  2.28033E+15  1.55358E+16 -1.59371E+15  3.47518E+16  5.85584E+04
  2.41972E+15 -6.82931E+15  2.09041E+16  3.49968E+16  5.71356E+04
 -1.69762E+16 -6.28215E+14 -9.86604E+16  3.47744E+16  5.81903E+04
  1.60625E+15  6.84719E+15 -5.69562E+15  3.61732E+16  5.78545E+04
 -2.14786E+15  5.21157E+14 -2.77998E+15  3.66541E+16  5.84864E+04
 -8.47161E+15 -3.38456E+15 -1.05024E+16  3.59624E+16  5.71024E+04
 -5.14553E+14  1.97990E+15  2.57374E+14  3.73559E+16  5.66433E+04
 -9.03786E+14 -4.31057E+13 -1.19825E+16  3.74970E+16  5.66223E+04
 -1.60233E+15 -2.83074E+14 -1.28568E+16  3.74311E+16  5.51433E+04
  7.68578E+16  1.36700E+16 -6.27818E+15  1.18842E+17  4.81887E+04
  3.65990E+17 -5.83386E+16 -4.01207E+15  1.17747E+17  4.80213E+04
 -5.28469E+16 -3.24628E+16  3.12017E+17  1.17398E+17  4.77667E+04
 -7.20171E+15  1.82747E+16 -1.30385E+14  1.20776E+17  4.83590E+04
 -6.85392E+15  1.30575E+16 -5.69271E+15  1.20613E+17  4.79133E+04
  5.01813E+16 -5.24720E+16 -8.78544E+16  1.18848E+17  4.80983E+04
 -1.62302E+14  2.20867E+16 -3.26434E+15  1.22444E+17  4.83848E+04
 -6.02538E+15  2.49693E+16 -9.86714E+15  1.21646E+17  4.90598E+04
 -2.49637E+15 -1.31503E+16 -4.21685E+15  1.22669E+17  4.89961E+04
 -9.56677E+15  6.25028E+16  4.11933E+13  1.22179E+17  4.84639E+04
 -1.27092E+16  3.21488E+15 -1.67514E+16  1.22618E+17  4.88681E+04
  6.78270E+14  3.51812E+16 -1.00246E+15  1.22993E+17  4.84260E+04
 -6.22958E+17  3.55232E+16  8.56107E+16  4.07783E+17  5.21561E+04
  1.22119E+16  2.16221E+16  7.21311E+16  4.09412E+17  5.30234E+04
 -9.85129E+16 -9.42806E+16 -1.08924E+17  4.07926E+17  5.24995E+04
 -1.05100E+16  4.79528E+16 -2.12642E+15  4.09280E+17  5.25302E+04
  2.93651E+15  5.61887E+15  2.74963E+15  4.09879E+17  5.31401E+04
 -5.79644E+16  5.31626E+15  5.26332E+16  4.08667E+17  5.21403E+04
 -5.18085E+15 -1.42378E+15 -9.29827E+15  4.10584E+17  5.31823E+04
 -7.34169E+15  2.06732E+15 -5.46034E+15  4.09239E+17  5.26915E+04
 -5.71961E+15  1.97145E+15 -4.30439E+16  4.09026E+17  5.36901E+04
 -5.08861E+14 -1.08500E+14 -8.44546E+15  4.10145E+17  5.34610E+04
 -8.18003E+14  8.60965E+14 -2.10886E+16  4.09077E+17  5.28507E+04
 -1.55171E+15  8.46566E+14 -1.29280E+16  4.08659E+17  5.24964E+04
