        1121
     1   9.999999E-01   9.999999E-01   5.163346E-08
     2   4.155284E-04   4.491699E-04   4.155284E-06
     3   4.155189E-04   4.559892E-04   4.155189E-06
     4   4.155025E-04   4.642281E-04   4.155025E-06
     5   4.154836E-04   4.459181E-04   4.154836E-06
     6   4.154671E-04   3.924649E-04   4.154671E-06
     7   4.154577E-04   4.101291E-04   4.154577E-06
     8   1.255503E-03   1.162236E-03   1.255503E-05
     9   1.255363E-03   1.108459E-03   1.255363E-05
    10   1.255123E-03   1.151083E-03   1.255123E-05
    11   1.254845E-03   1.180320E-03   1.254845E-05
    12   1.254604E-03   1.083087E-03   1.254604E-05
    13   1.254466E-03   1.117715E-03   1.254466E-05
    14   2.106625E-03   2.226722E-03   2.106625E-05
    15   2.106056E-03   2.136159E-03   2.106056E-05
    16   2.105072E-03   2.216988E-03   2.105072E-05
    17   2.103936E-03   2.290713E-03   2.103936E-05
    18   2.102953E-03   2.310525E-03   2.102953E-05
    19   2.102386E-03   2.349699E-03   2.102386E-05
    20   2.925383E-03   3.299657E-03   2.925383E-05
    21   2.924022E-03   3.199874E-03   2.924022E-05
    22   2.921667E-03   3.325285E-03   2.921667E-05
    23   2.918952E-03   3.193918E-03   2.918952E-05
    24   2.916603E-03   3.300116E-03   2.916603E-05
    25   2.915249E-03   3.188381E-03   2.915249E-05
    26   3.605353E-03   3.460914E-03   3.605353E-05
    27   3.603030E-03   3.313580E-03   3.603030E-05
    28   3.599011E-03   3.316443E-03   3.599011E-05
    29   3.594379E-03   3.284818E-03   3.594379E-05
    30   3.590375E-03   3.247870E-03   3.590375E-05
    31   3.588066E-03   3.288888E-03   3.588066E-05
    32   4.000638E-03   4.345781E-03   4.000638E-05
    33   3.997628E-03   4.221175E-03   3.997628E-05
    34   3.992424E-03   4.412051E-03   3.992424E-05
    35   3.986427E-03   4.124670E-03   3.986427E-05
    36   3.981244E-03   4.070666E-03   3.981244E-05
    37   3.978256E-03   4.087899E-03   3.978256E-05
    38   1.183250E-04   1.483371E-04   1.183250E-06
    39   1.183218E-04   1.515528E-04   1.183218E-06
    40   1.183162E-04   1.366418E-04   1.183162E-06
    41   1.183097E-04   1.184190E-04   1.183097E-06
    42   1.183041E-04   1.120903E-04   1.183041E-06
    43   1.183009E-04   1.156356E-04   1.183009E-06
    44   3.609891E-04   3.293019E-04   3.609891E-06
    45   3.609392E-04   3.026837E-04   3.609392E-06
    46   3.608529E-04   2.974887E-04   3.608529E-06
    47   3.607533E-04   2.518649E-04   3.607533E-06
    48   3.606671E-04   2.037119E-04   3.606671E-06
    49   3.606173E-04   1.937928E-04   3.606173E-06
    50   6.181876E-04   7.066957E-04   6.181876E-06
    51   6.179648E-04   6.207384E-04   6.179648E-06
    52   6.175793E-04   6.545212E-04   6.175793E-06
    53   6.171348E-04   5.939915E-04   6.171348E-06
    54   6.167506E-04   5.843133E-04   6.167506E-06
    55   6.165290E-04   5.786884E-04   6.165290E-06
    56   8.845601E-04   8.679139E-04   8.845601E-06
    57   8.839660E-04   8.536603E-04   8.839660E-06
    58   8.829392E-04   9.185476E-04   8.829392E-06
    59   8.817570E-04   8.915643E-04   8.817570E-06
    60   8.807360E-04   9.241113E-04   8.807360E-06
    61   8.801478E-04   7.747705E-04   8.801478E-06
    62   1.125791E-03   1.244691E-03   1.125791E-05
    63   1.124672E-03   1.082093E-03   1.124672E-05
    64   1.122739E-03   1.184232E-03   1.122739E-05
    65   1.120516E-03   1.136960E-03   1.120516E-05
    66   1.118598E-03   1.084992E-03   1.118598E-05
    67   1.117494E-03   1.157649E-03   1.117494E-05
    68   1.276265E-03   1.357132E-03   1.276265E-05
    69   1.274727E-03   1.305245E-03   1.274727E-05
    70   1.272073E-03   1.266901E-03   1.272073E-05
    71   1.269022E-03   1.204191E-03   1.269022E-05
    72   1.266392E-03   1.314462E-03   1.266392E-05
    73   1.264879E-03   1.234535E-03   1.264879E-05
    74   2.041399E-04   2.550514E-04   2.041399E-06
    75   2.041356E-04   2.540162E-04   2.041356E-06
    76   2.041283E-04   2.693472E-04   2.041283E-06
    77   2.041197E-04   2.102485E-04   2.041197E-06
    78   2.041124E-04   2.206910E-04   2.041124E-06
    79   2.041081E-04   2.423990E-04   2.041081E-06
    80   6.206070E-04   3.838427E-04   6.206070E-06
    81   6.205443E-04   3.549433E-04   6.205443E-06
    82   6.204356E-04   3.494271E-04   6.204356E-06
    83   6.203101E-04   2.937174E-04   6.203101E-06
    84   6.202015E-04   2.887414E-04   6.202015E-06
    85   6.201388E-04   3.107032E-04   6.201388E-06
    86   1.052540E-03   1.036954E-03   1.052540E-05
    87   1.052280E-03   1.034102E-03   1.052280E-05
    88   1.051831E-03   1.108912E-03   1.051831E-05
    89   1.051313E-03   1.010251E-03   1.051313E-05
    90   1.050864E-03   1.158874E-03   1.050864E-05
    91   1.050606E-03   9.803040E-04   1.050606E-05
    92   1.480006E-03   1.441343E-03   1.480006E-05
    93   1.479377E-03   1.593070E-03   1.479377E-05
    94   1.478287E-03   1.735262E-03   1.478287E-05
    95   1.477031E-03   1.727465E-03   1.477031E-05
    96   1.475944E-03   1.670417E-03   1.475944E-05
    97   1.475317E-03   1.312301E-03   1.475317E-05
    98   1.844254E-03   1.983584E-03   1.844254E-05
    99   1.843163E-03   1.577853E-03   1.843163E-05
   100   1.841276E-03   1.724195E-03   1.841276E-05
   101   1.839100E-03   1.688734E-03   1.839100E-05
   102   1.837219E-03   1.755351E-03   1.837219E-05
   103   1.836135E-03   1.734998E-03   1.836135E-05
   104   2.059829E-03   2.265399E-03   2.059829E-05
   105   2.058401E-03   2.235079E-03   2.058401E-05
   106   2.055932E-03   2.017162E-03   2.055932E-05
   107   2.053086E-03   1.829197E-03   2.053086E-05
   108   2.050627E-03   2.349707E-03   2.050627E-05
   109   2.049209E-03   2.034211E-03   2.049209E-05
   110   2.868581E-04   1.958761E-04   2.868581E-06
   111   2.868485E-04   2.033823E-04   2.868485E-06
   112   2.868320E-04   1.986723E-04   2.868320E-06
   113   2.868129E-04   1.942654E-04   2.868129E-06
   114   2.867963E-04   1.891939E-04   2.867963E-06
   115   2.867868E-04   1.743431E-04   2.867868E-06
   116   8.950768E-04   3.736240E-04   8.950768E-06
   117   8.949280E-04   3.916330E-04   8.949280E-06
   118   8.946704E-04   3.572544E-04   8.946704E-06
   119   8.943731E-04   3.276708E-04   8.943731E-06
   120   8.941159E-04   3.313645E-04   8.941159E-06
   121   8.939674E-04   3.360506E-04   8.939674E-06
   122   1.594316E-03   1.098530E-03   1.594316E-05
   123   1.593644E-03   1.084901E-03   1.593644E-05
   124   1.592483E-03   1.097244E-03   1.592483E-05
   125   1.591144E-03   1.040342E-03   1.591144E-05
   126   1.589985E-03   1.044360E-03   1.589985E-05
   127   1.589317E-03   1.084233E-03   1.589317E-05
   128   2.386729E-03   1.695285E-03   2.386729E-05
   129   2.384931E-03   1.603355E-03   2.384931E-05
   130   2.381821E-03   1.621834E-03   2.381821E-05
   131   2.378239E-03   1.579755E-03   2.378239E-05
   132   2.375144E-03   1.603747E-03   2.375144E-05
   133   2.373359E-03   1.626166E-03   2.373359E-05
   134   3.155412E-03   2.011406E-03   3.155412E-05
   135   3.152026E-03   1.884122E-03   3.152026E-05
   136   3.146175E-03   1.883518E-03   3.146175E-05
   137   3.139438E-03   1.841547E-03   3.139438E-05
   138   3.133622E-03   1.866067E-03   3.133622E-05
   139   3.130271E-03   1.927885E-03   3.130271E-05
   140   3.653750E-03   2.873070E-03   3.653750E-05
   141   3.649109E-03   2.894984E-03   3.649109E-05
   142   3.641089E-03   2.932568E-03   3.641089E-05
   143   3.631862E-03   2.835822E-03   3.631862E-05
   144   3.623898E-03   2.888744E-03   3.623898E-05
   145   3.619311E-03   2.656021E-03   3.619311E-05
   146   2.617829E-04   3.748546E-04   2.617829E-06
   147   2.617745E-04   3.717273E-04   2.617745E-06
   148   2.617600E-04   3.608628E-04   2.617600E-06
   149   2.617432E-04   3.703715E-04   2.617432E-06
   150   2.617287E-04   3.469847E-04   2.617287E-06
   151   2.617203E-04   3.401657E-04   2.617203E-06
   152   8.329336E-04   7.888109E-04   8.329336E-06
   153   8.327935E-04   7.275822E-04   8.327935E-06
   154   8.325511E-04   6.828451E-04   8.325511E-06
   155   8.322714E-04   6.857331E-04   8.322714E-06
   156   8.320295E-04   6.472851E-04   8.320295E-06
   157   8.318898E-04   6.442062E-04   8.318898E-06
   158   1.546549E-03   1.474353E-03   1.546549E-05
   159   1.545835E-03   1.407035E-03   1.545835E-05
   160   1.544600E-03   1.490715E-03   1.544600E-05
   161   1.543176E-03   1.210181E-03   1.543176E-05
   162   1.541946E-03   1.367655E-03   1.541946E-05
   163   1.541237E-03   1.374807E-03   1.541237E-05
   164   2.462260E-03   3.242145E-03   2.462260E-05
   165   2.460026E-03   3.333039E-03   2.460026E-05
   166   2.456168E-03   3.160015E-03   2.456168E-05
   167   2.451728E-03   3.152928E-03   2.451728E-05
   168   2.447898E-03   3.327574E-03   2.447898E-05
   169   2.445693E-03   3.499156E-03   2.445693E-05
   170   3.478923E-03   3.726948E-03   3.478923E-05
   171   3.474058E-03   3.305360E-03   3.474058E-05
   172   3.465664E-03   3.605860E-03   3.465664E-05
   173   3.456022E-03   3.382552E-03   3.456022E-05
   174   3.447714E-03   3.299568E-03   3.447714E-05
   175   3.442936E-03   3.503049E-03   3.442936E-05
   176   4.211003E-03   4.579619E-03   4.211003E-05
   177   4.203716E-03   4.410350E-03   4.203716E-05
   178   4.191151E-03   4.524024E-03   4.191151E-05
   179   4.176730E-03   4.346994E-03   4.176730E-05
   180   4.164317E-03   4.339431E-03   4.164317E-05
   181   4.157182E-03   3.848139E-03   4.157182E-05
   182   2.095306E-04   2.192416E-04   2.095306E-06
   183   2.095228E-04   1.988164E-04   2.095228E-06
   184   2.095094E-04   1.815845E-04   2.095094E-06
   185   2.094940E-04   1.923362E-04   2.094940E-06
   186   2.094806E-04   2.457314E-04   2.094806E-06
   187   2.094729E-04   2.971642E-04   2.094729E-06
   188   7.016351E-04   6.839189E-04   7.016351E-06
   189   7.014992E-04   7.012470E-04   7.014992E-06
   190   7.012639E-04   6.905204E-04   7.012639E-06
   191   7.009923E-04   8.252686E-04   7.009923E-06
   192   7.007573E-04   7.083697E-04   7.007573E-06
   193   7.006217E-04   8.351341E-04   7.006217E-06
   194   1.440692E-03   1.765331E-03   1.440692E-05
   195   1.439937E-03   1.673238E-03   1.439937E-05
   196   1.438631E-03   1.912807E-03   1.438631E-05
   197   1.437124E-03   1.593728E-03   1.437124E-05
   198   1.435822E-03   1.583864E-03   1.435822E-05
   199   1.435071E-03   1.758930E-03   1.435071E-05
   200   2.617661E-03   2.920062E-03   2.617661E-05
   201   2.615055E-03   2.948315E-03   2.615055E-05
   202   2.610549E-03   2.483034E-03   2.610549E-05
   203   2.605361E-03   2.422354E-03   2.605361E-05
   204   2.600881E-03   3.030568E-03   2.600881E-05
   205   2.598300E-03   3.214996E-03   2.598300E-05
   206   4.187258E-03   4.616337E-03   4.187258E-05
   207   4.181066E-03   3.819453E-03   4.181066E-05
   208   4.170373E-03   4.779600E-03   4.170373E-05
   209   4.158076E-03   4.530149E-03   4.158076E-05
   210   4.147468E-03   3.718953E-03   4.147468E-05
   211   4.141362E-03   4.588056E-03   4.141362E-05
   212   5.458818E-03   6.156013E-03   5.458818E-05
   213   5.449051E-03   6.134632E-03   5.449051E-05
   214   5.432194E-03   6.432881E-03   5.432194E-05
   215   5.412823E-03   6.269268E-03   5.412823E-05
   216   5.396128E-03   6.178054E-03   5.396128E-05
   217   5.386524E-03   5.241015E-03   5.386524E-05
   218   2.135368E-04   2.616302E-04   2.135368E-06
   219   2.135313E-04   2.483846E-04   2.135313E-06
   220   2.135219E-04   2.382206E-04   2.135219E-06
   221   2.135110E-04   2.144346E-04   2.135110E-06
   222   2.135015E-04   2.049154E-04   2.135015E-06
   223   2.134960E-04   2.189004E-04   2.134960E-06
   224   6.917537E-04   5.184769E-04   6.917537E-06
   225   6.916476E-04   4.435045E-04   6.916476E-06
   226   6.914639E-04   4.286338E-04   6.914639E-06
   227   6.912520E-04   4.525845E-04   6.912520E-06
   228   6.910687E-04   4.058633E-04   6.910687E-06
   229   6.909629E-04   4.696628E-04   6.909629E-06
   230   1.390234E-03   1.191350E-03   1.390234E-05
   231   1.389486E-03   1.153818E-03   1.389486E-05
   232   1.388193E-03   1.207181E-03   1.388193E-05
   233   1.386703E-03   1.130660E-03   1.386703E-05
   234   1.385416E-03   1.136147E-03   1.385416E-05
   235   1.384674E-03   1.332851E-03   1.384674E-05
   236   2.717767E-03   2.547492E-03   2.717767E-05
   237   2.714058E-03   2.422753E-03   2.714058E-05
   238   2.707657E-03   2.465837E-03   2.707657E-05
   239   2.700299E-03   2.422383E-03   2.700299E-05
   240   2.693956E-03   2.473393E-03   2.693956E-05
   241   2.690306E-03   2.564597E-03   2.690306E-05
   242   5.190200E-03   3.339823E-03   5.190200E-05
   243   5.177572E-03   3.065441E-03   5.177572E-05
   244   5.155803E-03   3.312702E-03   5.155803E-05
   245   5.130830E-03   3.134039E-03   5.130830E-05
   246   5.109342E-03   3.078022E-03   5.109342E-05
   247   5.096994E-03   3.158856E-03   5.096994E-05
   248   7.865635E-03   5.950198E-03   7.865635E-05
   249   7.840854E-03   5.851332E-03   7.840854E-05
   250   7.798171E-03   5.967719E-03   7.798171E-05
   251   7.749259E-03   5.703561E-03   7.749259E-05
   252   7.707221E-03   5.863606E-03   7.707221E-05
   253   7.683086E-03   5.600749E-03   7.683086E-05
   254   3.579052E-04   4.643759E-04   3.579052E-06
   255   3.578967E-04   4.417881E-04   3.578967E-06
   256   3.578819E-04   4.274930E-04   3.578819E-06
   257   3.578649E-04   4.045257E-04   3.578649E-06
   258   3.578502E-04   3.992062E-04   3.578502E-06
   259   3.578417E-04   3.777510E-04   3.578417E-06
   260   1.142383E-03   1.030639E-03   1.142383E-05
   261   1.142248E-03   9.915202E-04   1.142248E-05
   262   1.142014E-03   8.550583E-04   1.142014E-05
   263   1.141743E-03   9.074455E-04   1.141743E-05
   264   1.141509E-03   9.149418E-04   1.141509E-05
   265   1.141374E-03   9.282717E-04   1.141374E-05
   266   2.127211E-03   2.294442E-03   2.127211E-05
   267   2.126542E-03   2.167033E-03   2.126542E-05
   268   2.125385E-03   2.262145E-03   2.125385E-05
   269   2.124050E-03   2.266354E-03   2.124050E-05
   270   2.122896E-03   2.277922E-03   2.122896E-05
   271   2.122230E-03   2.654356E-03   2.122230E-05
   272   3.460527E-03   4.508650E-03   3.460527E-05
   273   3.457980E-03   4.198840E-03   3.457980E-05
   274   3.453583E-03   4.540912E-03   3.453583E-05
   275   3.448528E-03   4.387439E-03   3.448528E-05
   276   3.444168E-03   4.367847E-03   3.444168E-05
   277   3.441659E-03   4.693765E-03   3.441659E-05
   278   5.488169E-03   6.078049E-03   5.488169E-05
   279   5.477975E-03   5.918162E-03   5.477975E-05
   280   5.460448E-03   5.928206E-03   5.460448E-05
   281   5.440409E-03   5.596490E-03   5.440409E-05
   282   5.423225E-03   5.828869E-03   5.423225E-05
   283   5.413376E-03   5.429634E-03   5.413376E-05
   284   7.975985E-03   1.061273E-02   7.975985E-05
   285   7.949477E-03   9.927444E-03   7.949477E-05
   286   7.904019E-03   1.047048E-02   7.904019E-05
   287   7.852241E-03   1.008504E-02   7.852241E-05
   288   7.808007E-03   1.023136E-02   7.808007E-05
   289   7.782721E-03   9.869127E-03   7.782721E-05
   290   3.728971E-04   3.913943E-04   3.728971E-06
   291   3.728816E-04   3.650039E-04   3.728816E-06
   292   3.728549E-04   3.917305E-04   3.728549E-06
   293   3.728241E-04   2.927629E-04   3.728241E-06
   294   3.727974E-04   3.009106E-04   3.727974E-06
   295   3.727819E-04   2.904382E-04   3.727819E-06
   296   1.271844E-03   1.295917E-03   1.271844E-05
   297   1.271568E-03   1.289812E-03   1.271568E-05
   298   1.271092E-03   9.423667E-04   1.271092E-05
   299   1.270541E-03   1.261881E-03   1.270541E-05
   300   1.270065E-03   1.610114E-03   1.270065E-05
   301   1.269790E-03   1.372475E-03   1.269790E-05
   302   2.701869E-03   2.575047E-03   2.701869E-05
   303   2.700311E-03   2.253399E-03   2.700311E-05
   304   2.697616E-03   3.102794E-03   2.697616E-05
   305   2.694508E-03   2.940283E-03   2.694508E-05
   306   2.691821E-03   2.937700E-03   2.691821E-05
   307   2.690271E-03   3.887755E-03   2.690271E-05
   308   5.107890E-03   5.927445E-03   5.107890E-05
   309   5.102449E-03   5.668536E-03   5.102449E-05
   310   5.093042E-03   5.949850E-03   5.093042E-05
   311   5.082207E-03   5.521321E-03   5.082207E-05
   312   5.072847E-03   5.863889E-03   5.072847E-05
   313   5.067452E-03   6.602815E-03   5.067452E-05
   314   8.458280E-03   9.142208E-03   8.458280E-05
   315   8.445006E-03   8.175016E-03   8.445006E-05
   316   8.422081E-03   8.850287E-03   8.422081E-05
   317   8.395716E-03   7.927547E-03   8.395716E-05
   318   8.372975E-03   8.344476E-03   8.372975E-05
   319   8.359883E-03   7.824826E-03   8.359883E-05
   320   1.133446E-02   1.250571E-02   1.133446E-04
   321   1.131159E-02   1.131750E-02   1.131159E-04
   322   1.127217E-02   1.318352E-02   1.127217E-04
   323   1.122697E-02   1.146971E-02   1.122697E-04
   324   1.118809E-02   1.286312E-02   1.118809E-04
   325   1.116576E-02   1.154088E-02   1.116576E-04
   326   1.694411E-04   2.024065E-04   1.694411E-06
   327   1.694346E-04   2.081845E-04   1.694346E-06
   328   1.694233E-04   1.796411E-04   1.694233E-06
   329   1.694103E-04   1.742153E-04   1.694103E-06
   330   1.693990E-04   1.518601E-04   1.693990E-06
   331   1.693925E-04   1.902662E-04   1.693925E-06
   332   5.825480E-04   6.502762E-04   5.825480E-06
   333   5.823967E-04   6.489931E-04   5.823967E-06
   334   5.821350E-04   3.848639E-04   5.821350E-06
   335   5.818332E-04   2.301802E-04   5.818332E-06
   336   5.815722E-04   2.265395E-04   5.815722E-06
   337   5.814216E-04   1.878200E-04   5.814216E-06
   338   1.397266E-03   1.578611E-03   1.397266E-05
   339   1.395905E-03   1.651542E-03   1.395905E-05
   340   1.393554E-03   1.202248E-03   1.393554E-05
   341   1.390848E-03   1.458051E-03   1.390848E-05
   342   1.388512E-03   1.160148E-03   1.388512E-05
   343   1.387166E-03   1.238300E-03   1.387166E-05
   344   3.719433E-03   4.796768E-03   3.719433E-05
   345   3.710621E-03   4.876345E-03   3.710621E-05
   346   3.695429E-03   4.635343E-03   3.695429E-05
   347   3.677995E-03   4.768235E-03   3.677995E-05
   348   3.662989E-03   4.599479E-03   3.662989E-05
   349   3.654364E-03   4.743680E-03   3.654364E-05
   350   9.928978E-03   5.963587E-03   9.928978E-05
   351   9.888222E-03   6.144392E-03   9.888222E-05
   352   9.818137E-03   5.631009E-03   9.818137E-05
   353   9.738000E-03   5.887476E-03   9.738000E-05
   354   9.669276E-03   5.695631E-03   9.669276E-05
   355   9.629881E-03   5.550357E-03   9.629881E-05
   356   1.891732E-02   2.244839E-02   1.891732E-04
   357   1.881426E-02   2.247910E-02   1.881426E-04
   358   1.863744E-02   2.209498E-02   1.863744E-04
   359   1.843589E-02   2.224078E-02   1.843589E-04
   360   1.826357E-02   2.182379E-02   1.826357E-04
   361   1.816502E-02   2.206968E-02   1.816502E-04
   362   1.118719E-02   1.029720E-02   2.237438E-04
   363   5.701304E-03   5.459690E-03   1.140261E-04
   364   5.209374E-03   5.011618E-03   1.041875E-04
   365   3.638031E-03   3.300233E-03   7.276062E-05
   366   6.404468E-03   5.925101E-03   1.280894E-04
   367   1.844336E-03   1.933132E-03   3.688672E-05
   368   3.709114E-03   3.685242E-03   7.418228E-05
   369   3.716510E-03   3.258624E-03   7.433019E-05
   370   2.518294E-03   2.786128E-03   5.036589E-05
   371   3.562341E-03   3.455980E-03   7.124682E-05
   372   1.376420E-03   1.524174E-03   2.752839E-05
   373   1.302225E-02   1.191489E-02   2.604449E-04
   374   5.086731E-03   4.537461E-03   1.017346E-04
   375   1.064447E-02   1.028564E-02   2.128894E-04
   376   1.285141E-02   1.268836E-02   2.570282E-04
   377   2.636488E-03   2.642979E-03   5.272977E-05
   378   9.873560E-03   8.929916E-03   1.974712E-04
   379   1.535640E-03   1.432409E-03   3.071280E-05
   380   4.111067E-03   3.671591E-03   8.222135E-05
   381   4.096004E-03   4.187889E-03   8.192007E-05
   382   3.887665E-03   3.391176E-03   7.775329E-05
   383   1.023513E-02   9.827581E-03   2.047025E-04
   384   2.094854E-03   2.160828E-03   4.189708E-05
   385   7.168263E-03   7.046734E-03   1.433653E-04
   386   7.369448E-03   7.238746E-03   1.473890E-04
   387   1.036245E-02   1.000570E-02   2.072489E-04
   388   3.332118E-03   3.236349E-03   6.664236E-05
   389   1.261001E-03   1.323731E-03   2.522003E-05
   390   1.566815E-03   1.750593E-03   3.133630E-05
   391   3.476988E-03   2.968882E-03   6.953975E-05
   392   1.927492E-03   2.046617E-03   3.854983E-05
   393   1.034455E-02   1.015768E-02   2.068910E-04
   394   6.482766E-03   5.096743E-03   1.296553E-04
   395   3.293591E-03   3.131171E-03   6.587182E-05
   396   1.262959E-02   1.218083E-02   2.525917E-04
   397   1.325792E-03   1.467905E-03   2.651585E-05
   398   1.307184E-02   1.492157E-02   2.614368E-04
   399   5.209182E-03   4.138722E-03   1.041836E-04
   400   2.725570E-03   2.971439E-03   5.451141E-05
   401   1.273646E-02   9.857032E-03   2.547293E-04
   402   9.991806E-03   1.081507E-02   1.998361E-04
   403   6.424793E-03   5.822454E-03   1.284959E-04
   404   1.350663E-02   1.680528E-02   2.701326E-04
   405   3.013352E-03   2.297047E-03   6.026705E-05
   406   1.256803E-03   1.354938E-03   2.513607E-05
   407   1.650949E-03   1.853839E-03   3.301898E-05
   408   3.337900E-03   3.096495E-03   6.675800E-05
   409   4.745555E-03   4.764717E-03   9.491110E-05
   410   1.235833E-03   1.393855E-03   2.471667E-05
   411   1.694483E-03   1.833385E-03   3.388966E-05
   412   8.725576E-03   9.235999E-03   1.745115E-04
   413   3.850813E-03   3.525135E-03   7.701626E-05
   414   1.147973E-03   1.294006E-03   2.295945E-05
   415   2.586320E-03   2.397033E-03   5.172641E-05
   416   1.605471E-03   1.715781E-03   3.210943E-05
   417   2.410463E-03   2.287326E-03   4.820925E-05
   418   3.956459E-03   3.511082E-03   7.912919E-05
   419   7.334161E-03   6.828501E-03   1.466832E-04
   420   5.407697E-03   4.697915E-03   1.081539E-04
   421   1.008986E-03   1.070815E-03   2.017972E-05
   422   1.403111E-03   1.454200E-03   2.806223E-05
   423   2.087620E-03   1.951965E-03   4.175239E-05
   424   1.292623E-02   1.285891E-02   2.585247E-04
   425   3.361898E-03   2.946750E-03   6.723796E-05
   426   3.241457E-03   3.287088E-03   6.482913E-05
   427   1.622882E-02   1.516102E-02   3.245764E-04
   428   2.914416E-02   2.915222E-02   5.828833E-04
   429   1.287656E-02   1.271578E-02   2.575312E-04
   430   1.645070E-03   1.559095E-03   3.290140E-05
   431   6.081675E-03   5.744746E-03   1.216335E-04
   432   2.473586E-03   2.184876E-03   4.947173E-05
   433   9.355594E-03   8.412389E-03   1.871119E-04
   434   4.118656E-03   3.731124E-03   8.237313E-05
   435   3.887665E-03   3.380367E-03   7.775329E-05
   436   5.425307E-03   4.854683E-03   1.085061E-04
   437   1.285141E-02   1.270792E-02   2.570282E-04
   438   1.338775E-02   1.291368E-02   2.677550E-04
   439   9.138559E-03   5.435042E-03   1.827712E-04
   440   1.466686E-03   1.489478E-03   2.933372E-05
   441   1.230281E-03   1.219184E-03   2.460562E-05
   442   2.164850E-03   2.266532E-03   4.329701E-05
   443   1.715720E-03   1.566020E-03   3.431440E-05
   444   5.876696E-03   5.277122E-03   1.175339E-04
   445   2.395348E-03   2.094438E-03   4.790695E-05
   446   4.752106E-03   4.427956E-03   9.504212E-05
   447   1.186613E-03   1.206478E-03   2.373226E-05
   448   1.355002E-02   1.258198E-02   2.710003E-04
   449   3.184835E-03   2.760317E-03   6.369669E-05
   450   1.064447E-02   1.028865E-02   2.128894E-04
   451   1.535640E-03   1.448014E-03   3.071280E-05
   452   7.334161E-03   6.815469E-03   1.466832E-04
   453   1.522091E-03   1.637283E-03   3.044183E-05
   454   3.716510E-03   3.274754E-03   7.433019E-05
   455   1.901896E-03   1.746913E-03   3.803792E-05
   456   3.043952E-03   2.839353E-03   6.087904E-05
   457   1.038707E-02   9.583151E-03   2.077415E-04
   458   1.034628E-03   1.091085E-03   2.069256E-05
   459   1.230281E-03   1.223077E-03   2.460562E-05
   460   3.956459E-03   3.545795E-03   7.912919E-05
   461   3.638031E-03   3.252174E-03   7.276062E-05
   462   4.409992E-03   4.173942E-03   8.819983E-05
   463   4.650930E-03   4.287534E-03   9.301859E-05
   464   1.231562E-03   1.213838E-03   2.463124E-05
   465   9.854930E-03   1.010758E-02   1.970986E-04
   466   2.769166E-03   2.849034E-03   5.538331E-05
   467   2.087620E-03   1.924771E-03   4.175239E-05
   468   1.390723E-03   1.419107E-03   2.781447E-05
   469   5.588879E-03   5.354238E-03   1.117776E-04
   470   1.599592E-03   1.668035E-03   3.199184E-05
   471   2.410463E-03   2.290130E-03   4.820925E-05
   472   3.221398E-03   3.016429E-03   6.442796E-05
   473   2.655052E-03   2.662047E-03   5.310104E-05
   474   2.472990E-03   2.411157E-03   4.945980E-05
   475   1.470740E-03   1.568387E-03   2.941479E-05
   476   2.412098E-03   2.520505E-03   4.824195E-05
   477   4.859244E-03   4.760068E-03   9.718487E-05
   478   2.100401E-03   2.109315E-03   4.200802E-05
   479   2.684868E-03   2.733772E-03   5.369737E-05
   480   1.605471E-03   1.720157E-03   3.210943E-05
   481   8.038542E-03   7.209921E-03   1.607708E-04
   482   2.272565E-03   2.296141E-03   4.545130E-05
   483   2.835062E-03   3.106837E-03   5.670125E-05
   484   3.411151E-03   3.698867E-03   6.822303E-05
   485   2.930316E-03   3.257837E-03   5.860633E-05
   486   1.927492E-03   2.092349E-03   3.854983E-05
   487   1.650949E-03   1.816086E-03   3.301898E-05
   488   1.059652E-03   1.182517E-03   2.119304E-05
   489   1.147973E-03   1.282730E-03   2.295945E-05
   490   4.852275E-03   4.321651E-03   9.704551E-05
   491   3.679540E-03   3.146844E-03   7.359079E-05
   492   2.725570E-03   2.989113E-03   5.451141E-05
   493   2.896860E-03   2.841567E-03   5.793720E-05
   494   6.104997E-03   5.742529E-03   1.220999E-04
   495   1.261001E-03   1.340170E-03   2.522003E-05
   496   1.128739E-02   1.126976E-02   2.257477E-04
   497   1.256803E-03   1.377131E-03   2.513607E-05
   498   2.457652E-03   2.571804E-03   4.915305E-05
   499   3.209930E-03   3.106819E-03   6.419859E-05
   500   3.143110E-03   2.689660E-03   6.286221E-05
   501   2.161731E-03   1.963296E-03   4.323462E-05
   502   2.817515E-03   2.503322E-03   5.635030E-05
   503   7.381667E-03   6.450122E-03   1.476333E-04
   504   4.252131E-03   3.477643E-03   8.504262E-05
   505   1.365569E-02   1.445397E-02   2.731138E-04
   506   9.710843E-04   7.962884E-04   1.942169E-05
   507   5.731622E-03   4.910787E-03   1.146324E-04
   508   2.531445E-03   1.908120E-03   5.062890E-05
   509   7.573552E-03   6.789041E-03   1.514710E-04
   510   1.863807E-02   2.056083E-02   3.727614E-04
   511   1.360232E-02   1.335526E-02   2.720463E-04
   512   1.704174E-02   1.868920E-02   3.408349E-04
   513   2.837137E-02   2.412283E-02   5.674274E-04
   514   0.000000E+00   5.290793E-06   8.571999E-05
   515   0.000000E+00  -1.670563E-04   4.928760E-05
   516   0.000000E+00  -2.349141E-04   6.938575E-05
   517   0.000000E+00  -6.010498E-05   3.784845E-05
   518   0.000000E+00  -9.015474E-05   5.833195E-05
   519   0.000000E+00  -1.710740E-04   3.567512E-05
   520   0.000000E+00  -2.886554E-04   4.791193E-05
   521   0.000000E+00  -1.515422E-05   3.792972E-05
   522   0.000000E+00  -3.108941E-04   4.420725E-05
   523   0.000000E+00  -2.172998E-04   4.893610E-05
   524   0.000000E+00  -1.327534E-04   2.576351E-05
   525   0.000000E+00   6.393505E-05   8.947855E-05
   526   0.000000E+00  -2.153145E-06   5.100023E-05
   527   0.000000E+00  -7.213283E-05   7.263877E-05
   528   0.000000E+00  -4.272223E-05   1.112597E-04
   529   0.000000E+00  -1.813832E-04   5.354117E-05
   530   0.000000E+00  -4.472083E-04   1.905779E-04
   531   0.000000E+00  -2.316371E-05   3.233695E-05
   532   0.000000E+00   2.755208E-05   4.774072E-05
   533   0.000000E+00  -3.147874E-04   7.106440E-05
   534   0.000000E+00   9.840308E-05   5.388827E-05
   535   0.000000E+00  -4.214845E-05   8.743535E-05
   536   0.000000E+00   9.924095E-05   3.275580E-05
   537   0.000000E+00  -1.571229E-04   4.587356E-04
   538   0.000000E+00  -1.955089E-04   3.185521E-04
   539   0.000000E+00   1.569815E-04   5.889728E-04
   540   0.000000E+00  -7.841615E-06   7.864687E-05
   541   0.000000E+00  -8.230709E-05   2.646036E-05
   542   0.000000E+00  -1.323160E-04   2.638962E-05
   543   0.000000E+00   2.003587E-04   9.389042E-05
   544   0.000000E+00  -8.962941E-05   3.011639E-05
   545   0.000000E+00  -3.335376E-04   3.532326E-04
   546   0.000000E+00  -9.414262E-05   1.419297E-04
   547   0.000000E+00  -1.145382E-04   6.301965E-05
   548   0.000000E+00   6.810786E-03   3.330377E-04
   549   0.000000E+00  -1.160950E-04   2.572478E-05
   550   0.000000E+00   2.536983E-03   6.532966E-04
   551   0.000000E+00   1.434615E-05   9.212542E-05
   552   0.000000E+00  -1.817854E-04   4.467353E-05
   553   0.000000E+00   6.292349E-03   8.249259E-04
   554   0.000000E+00   1.233223E-03   3.649289E-04
   555   0.000000E+00  -2.957914E-04   1.539804E-04
   556   0.000000E+00   3.569081E-03   6.346598E-04
   557   0.000000E+00   1.087679E-04   8.178753E-05
   558   0.000000E+00  -8.422797E-05   2.410946E-05
   559   0.000000E+00  -7.580312E-05   2.414284E-05
   560   0.000000E+00   6.397193E-05   6.979279E-05
   561   0.000000E+00  -3.157831E-04   5.179795E-05
   562   0.000000E+00  -1.012040E-04   1.919544E-05
   563   0.000000E+00  -1.176968E-04   2.376196E-05
   564   0.000000E+00  -4.315953E-04   3.452366E-04
   565   0.000000E+00  -1.634562E-04   3.292312E-05
   566   0.000000E+00  -1.016240E-04   2.041193E-05
   567   0.000000E+00   3.665689E-05   6.110786E-05
   568   0.000000E+00  -1.463986E-04   2.060922E-05
   569   0.000000E+00  -1.269505E-04   2.815692E-05
   570   0.000000E+00  -2.241615E-04   3.147130E-05
   571   0.000000E+00  -1.396863E-04   6.085316E-05
   572   0.000000E+00  -1.416308E-04   1.118133E-04
   573   0.000000E+00  -8.322217E-05   2.366837E-05
   574   0.000000E+00  -9.972504E-05   1.953068E-05
   575   0.000000E+00  -1.235525E-04   2.779137E-05
   576   0.000000E+00  -1.867373E-04   9.873027E-05
   577   0.000000E+00  -1.466506E-04   3.718324E-05
   578   0.000000E+00  -2.283259E-04   7.636247E-05
   579   0.000000E+00  -2.250998E-04   1.113851E-04
   580   0.000000E+00  -7.934410E-04   1.625447E-04
   581   0.000000E+00  -1.067201E-04   6.834563E-04
   582   0.000000E+00  -1.001933E-04   1.925692E-05
   583   0.000000E+00   5.776791E-05   1.158571E-04
   584   0.000000E+00  -1.241752E-04   3.991710E-05
   585   0.000000E+00   3.233119E-04   7.434996E-05
   586   0.000000E+00   1.668405E-04   3.911121E-05
   587   0.000000E+00  -9.943867E-05   5.388827E-05
   588   0.000000E+00  -1.467081E-04   1.845522E-04
   589   0.000000E+00   5.291712E-05   1.112597E-04
   590   0.000000E+00   4.804285E-03   8.013370E-04
   591   0.000000E+00   2.244354E-02   6.984900E-04
   592   0.000000E+00  -1.458444E-04   3.666105E-05
   593   0.000000E+00  -8.971874E-05   2.240563E-05
   594   0.000000E+00  -1.709648E-04   4.817192E-05
   595   0.000000E+00  -3.424071E-05   3.031923E-05
   596   0.000000E+00  -1.938078E-04   5.235641E-05
   597   0.000000E+00  -2.093461E-05   3.690730E-05
   598   0.000000E+00   6.084369E-05   1.846210E-04
   599   0.000000E+00  -4.471251E-05   2.179130E-05
   600   0.000000E+00   1.080888E-04   9.428622E-05
   601   0.000000E+00  -5.820363E-05   4.057387E-05
   602   0.000000E+00   4.080382E-05   7.263877E-05
   603   0.000000E+00   2.130571E-05   3.233695E-05
   604   0.000000E+00   1.281449E-04   6.085316E-05
   605   0.000000E+00   5.785345E-05   3.886744E-05
   606   0.000000E+00   2.470995E-05   3.792972E-05
   607   0.000000E+00   7.731727E-05   3.065130E-05
   608   0.000000E+00   1.936936E-04   1.055374E-04
   609   0.000000E+00   2.247229E-04   6.793450E-05
   610   0.000000E+00   8.958064E-05   2.506130E-05
   611   0.000000E+00   8.464153E-05   2.240563E-05
   612   0.000000E+00   2.235893E-04   3.147130E-05
   613   0.000000E+00   4.545342E-05   3.784845E-05
   614   0.000000E+00   2.376834E-04   5.626829E-05
   615   0.000000E+00  -2.279862E-05   5.365125E-05
   616   0.000000E+00   8.338555E-05   3.100760E-05
   617   0.000000E+00   3.604427E-04   6.214445E-04
   618   0.000000E+00   2.126299E-04   7.379859E-05
   619   0.000000E+00   1.209298E-04   2.779137E-05
   620   0.000000E+00   1.202247E-04   3.134071E-05
   621   0.000000E+00   1.339436E-04   6.665645E-05
   622   0.000000E+00   1.689693E-04   3.974242E-05
   623   0.000000E+00   1.498855E-04   2.815692E-05
   624   0.000000E+00   6.437130E-05   3.335440E-05
   625   0.000000E+00   1.883178E-04   6.736173E-05
   626   0.000000E+00   1.582941E-04   3.504132E-05
   627   0.000000E+00   1.546922E-04   2.657622E-05
   628   0.000000E+00   2.040274E-04   2.873763E-05
   629   0.000000E+00   2.188393E-04   2.415488E-04
   630   0.000000E+00   1.710792E-04   4.024154E-05
   631   0.000000E+00   2.178508E-04   7.362440E-05
   632   0.000000E+00   1.428421E-04   2.060922E-05
   633   0.000000E+00   4.064393E-04   2.758659E-04
   634   0.000000E+00   1.319013E-04   3.847177E-05
   635   0.000000E+00   3.043550E-04   4.285841E-05
   636   0.000000E+00   2.970144E-04   4.331878E-05
   637   0.000000E+00   1.812462E-04   3.060131E-05
   638   0.000000E+00   1.302605E-04   3.011639E-05
   639   0.000000E+00   7.574531E-05   2.414284E-05
   640   0.000000E+00   1.164713E-04   2.575829E-05
   641   0.000000E+00   1.096106E-04   2.041193E-05
   642   0.000000E+00   1.783428E-05   1.317718E-04
   643   0.000000E+00   5.214298E-05   1.116361E-04
   644   0.000000E+00   1.588872E-04   4.467353E-05
   645   0.000000E+00  -4.572375E-06   7.097436E-05
   646   0.000000E+00   3.118817E-04   1.717571E-04
   647   0.000000E+00   8.931391E-05   2.646036E-05
   648   0.000000E+00  -1.424138E-04   6.347788E-04
   649   0.000000E+00   9.087468E-05   2.410946E-05
   650   0.000000E+00   1.711210E-04   4.117016E-05
   651   0.000000E+00   4.143945E-05   6.411905E-05
   652   0.000000E+00  -1.289873E-04   7.552702E-05
   653   0.000000E+00   2.074150E-05   5.065160E-05
   654   0.000000E+00  -3.861373E-05   7.019159E-05
   655   0.000000E+00  -5.003479E-05   2.141020E-04
   656   0.000000E+00   1.878351E-05   1.031970E-04
   657   0.000000E+00  -4.325512E-03   8.124586E-04
   658   0.000000E+00  -1.868130E-05   2.755854E-05
   659   0.000000E+00   1.759036E-04   1.293177E-04
   660   0.000000E+00  -3.128625E-05   7.103876E-05
   661   0.000000E+00   5.347616E-04   2.108601E-04
   662   0.000000E+00  -3.867545E-03   6.538745E-04
   663   0.000000E+00   7.747087E-03   3.143698E-04
   664   0.000000E+00  -2.457983E-03   6.913460E-04
   665   0.000000E+00   1.364806E-02   1.143279E-03
   666   0.000000E+00   8.080426E-04   8.502500E-05
   667   0.000000E+00   1.004453E-03   5.345402E-05
   668   0.000000E+00   9.848567E-04   7.063079E-05
   669   0.000000E+00   4.169224E-04   3.726087E-05
   670   0.000000E+00   2.772750E-04   5.548086E-05
   671   0.000000E+00   4.249392E-04   3.610002E-05
   672   0.000000E+00   6.973752E-04   5.109268E-05
   673   0.000000E+00   2.970332E-04   3.979963E-05
   674   0.000000E+00   5.638391E-04   4.782883E-05
   675   0.000000E+00   4.656882E-04   5.004599E-05
   676   0.000000E+00   2.537533E-04   3.485687E-05
   677   0.000000E+00   7.041298E-04   8.669034E-05
   678   0.000000E+00   5.062250E-04   5.286713E-05
   679   0.000000E+00   5.504711E-04   8.780515E-05
   680   0.000000E+00   7.457212E-04   9.603366E-05
   681   0.000000E+00   2.806197E-04   5.963232E-05
   682   0.000000E+00   1.779879E-03   1.995973E-04
   683   0.000000E+00   2.258341E-04   3.154722E-05
   684   0.000000E+00   5.227259E-04   4.713132E-05
   685   0.000000E+00   4.897183E-04   7.136238E-05
   686   0.000000E+00   3.933769E-04   4.633345E-05
   687   0.000000E+00   7.913756E-04   8.080342E-05
   688   0.000000E+00   3.161321E-04   3.800434E-05
   689   0.000000E+00   1.376083E-03   4.553733E-04
   690   0.000000E+00   2.033580E-03   3.342714E-04
   691   0.000000E+00   1.590022E-03   5.170341E-04
   692   0.000000E+00   4.997927E-04   8.861092E-05
   693   0.000000E+00   2.027600E-04   2.645064E-05
   694   0.000000E+00   3.529551E-04   2.832537E-05
   695   0.000000E+00   5.711473E-04   1.000823E-04
   696   0.000000E+00   4.416699E-04   3.068300E-05
   697   0.000000E+00   2.952621E-03   3.578252E-04
   698   0.000000E+00   1.461854E-03   1.539400E-04
   699   0.000000E+00   4.714416E-04   6.082881E-05
   700   0.000000E+00   3.477257E-03   3.399691E-04
   701   0.000000E+00   2.535750E-04   2.538879E-05
   702   0.000000E+00   1.919316E-03   7.181558E-04
   703   0.000000E+00   9.610250E-04   1.031984E-04
   704   0.000000E+00   4.888572E-04   4.486014E-05
   705   0.000000E+00   1.779580E-03   9.890900E-04
   706   0.000000E+00   2.065779E-03   4.048614E-04
   707   0.000000E+00   1.633315E-03   1.716064E-04
   708   0.000000E+00   1.409930E-03   8.651080E-04
   709   0.000000E+00   5.306921E-04   8.641357E-05
   710   0.000000E+00   1.938795E-04   2.172030E-05
   711   0.000000E+00   3.063998E-04   2.603586E-05
   712   0.000000E+00   5.042648E-04   7.987421E-05
   713   0.000000E+00   1.002123E-03   5.287223E-05
   714   0.000000E+00   1.359423E-04   1.745297E-05
   715   0.000000E+00   2.925027E-04   2.384431E-05
   716   0.000000E+00   2.210680E-03   3.729572E-04
   717   0.000000E+00   3.158938E-04   3.140260E-05
   718   0.000000E+00   2.103316E-04   2.273269E-05
   719   0.000000E+00   4.873539E-04   5.746233E-05
   720   0.000000E+00   2.881574E-04   2.372358E-05
   721   0.000000E+00   3.870414E-04   3.016024E-05
   722   0.000000E+00   2.308158E-04   3.139118E-05
   723   0.000000E+00   3.212125E-04   5.136381E-05
   724   0.000000E+00   1.067986E-03   1.259637E-04
   725   0.000000E+00   1.803168E-04   2.901345E-05
   726   0.000000E+00   1.521683E-04   2.153188E-05
   727   0.000000E+00   2.815694E-04   2.747425E-05
   728   0.000000E+00   7.282397E-04   9.698348E-05
   729   0.000000E+00   2.426624E-04   3.958268E-05
   730   0.000000E+00   5.907836E-04   7.385422E-05
   731   0.000000E+00   1.057682E-03   1.024805E-04
   732   0.000000E+00   2.196923E-03   1.654751E-04
   733   0.000000E+00   2.009615E-03   5.877665E-04
   734   0.000000E+00   1.664630E-04   2.359301E-05
   735   0.000000E+00   9.228273E-04   1.328803E-04
   736   0.000000E+00   3.023599E-04   3.977570E-05
   737   0.000000E+00   5.721374E-04   7.343206E-05
   738   0.000000E+00   4.563606E-04   4.408569E-05
   739   0.000000E+00   3.730400E-04   4.633345E-05
   740   0.000000E+00   1.252619E-03   2.016173E-04
   741   0.000000E+00   7.358842E-04   9.603366E-05
   742   0.000000E+00   4.625272E-03   1.073694E-03
   743   0.000000E+00   1.383783E-03   1.042696E-03
   744   0.000000E+00   2.035708E-04   3.997074E-05
   745   0.000000E+00   1.951700E-04   2.547163E-05
   746   0.000000E+00   3.379339E-04   5.670562E-05
   747   0.000000E+00   2.106389E-04   3.014662E-05
   748   0.000000E+00   3.127132E-04   4.845909E-05
   749   0.000000E+00   2.894993E-04   3.622306E-05
   750   0.000000E+00   1.310961E-03   2.223257E-04
   751   0.000000E+00   1.877561E-04   2.507152E-05
   752   0.000000E+00   6.673211E-04   9.310043E-05
   753   0.000000E+00   2.814898E-04   4.310329E-05
   754   0.000000E+00   5.246924E-04   8.780515E-05
   755   0.000000E+00   2.044355E-04   3.154722E-05
   756   0.000000E+00   3.263638E-04   5.136381E-05
   757   0.000000E+00   2.143065E-04   4.158928E-05
   758   0.000000E+00   2.954564E-04   3.979963E-05
   759   0.000000E+00   2.400357E-04   3.079421E-05
   760   0.000000E+00   4.420057E-04   9.785477E-05
   761   0.000000E+00   5.874997E-04   6.676575E-05
   762   0.000000E+00   1.260230E-04   2.670224E-05
   763   0.000000E+00   1.822814E-04   2.547163E-05
   764   0.000000E+00   2.403308E-04   3.139118E-05
   765   0.000000E+00   3.775954E-04   3.726087E-05
   766   0.000000E+00   6.880926E-04   5.581810E-05
   767   0.000000E+00   4.390315E-04   5.138683E-05
   768   0.000000E+00   1.367363E-04   3.623462E-05
   769   0.000000E+00   1.803343E-03   6.309801E-04
   770   0.000000E+00   2.920072E-04   7.363586E-05
   771   0.000000E+00   2.739133E-04   2.747425E-05
   772   0.000000E+00   1.919129E-04   3.279285E-05
   773   0.000000E+00   1.025868E-03   7.198962E-05
   774   0.000000E+00   2.761926E-04   4.167816E-05
   775   0.000000E+00   3.681856E-04   3.016024E-05
   776   0.000000E+00   5.146134E-04   3.587868E-05
   777   0.000000E+00   4.587623E-04   6.433065E-05
   778   0.000000E+00   4.735908E-04   3.891477E-05
   779   0.000000E+00   3.285350E-04   3.053185E-05
   780   0.000000E+00   3.283403E-04   3.279801E-05
   781   0.000000E+00   1.287673E-03   2.583525E-04
   782   0.000000E+00   4.750183E-04   3.999934E-05
   783   0.000000E+00   4.981688E-04   7.473856E-05
   784   0.000000E+00   2.871959E-04   2.372358E-05
   785   0.000000E+00   1.889234E-03   2.849040E-04
   786   0.000000E+00   5.218905E-04   3.583350E-05
   787   0.000000E+00   5.810385E-04   5.229974E-05
   788   0.000000E+00   7.831500E-04   4.530177E-05
   789   0.000000E+00   4.325366E-04   2.922159E-05
   790   0.000000E+00   4.601320E-04   3.068300E-05
   791   0.000000E+00   2.945086E-04   2.603586E-05
   792   0.000000E+00   2.251207E-04   2.830580E-05
   793   0.000000E+00   2.152961E-04   2.273269E-05
   794   0.000000E+00   9.267194E-04   1.513282E-04
   795   0.000000E+00   6.628413E-04   1.230757E-04
   796   0.000000E+00   4.841469E-04   4.486014E-05
   797   0.000000E+00   3.777800E-04   7.670949E-05
   798   0.000000E+00   1.615575E-03   1.910509E-04
   799   0.000000E+00   2.261816E-04   2.645064E-05
   800   0.000000E+00   2.112897E-03   5.318033E-04
   801   0.000000E+00   1.776732E-04   2.172030E-05
   802   0.000000E+00   4.108990E-04   4.094920E-05
   803   0.000000E+00   4.889745E-04   7.061205E-05
   804   0.000000E+00   5.846493E-04   7.469525E-05
   805   0.000000E+00   2.877877E-04   4.777532E-05
   806   0.000000E+00   3.624980E-04   7.891373E-05
   807   0.000000E+00   1.999324E-03   2.245348E-04
   808   0.000000E+00   8.782076E-04   1.128870E-04
   809   0.000000E+00   2.985862E-03   8.263193E-04
   810   0.000000E+00   1.483117E-04   2.932472E-05
   811   0.000000E+00   1.380246E-03   1.452169E-04
   812   0.000000E+00   5.105860E-04   8.161353E-05
   813   0.000000E+00   2.050306E-03   2.181146E-04
   814   0.000000E+00   3.611421E-03   7.805474E-04
   815   0.000000E+00   3.474057E-03   3.362209E-04
   816   0.000000E+00   3.013075E-03   7.246632E-04
   817   0.000000E+00   3.622601E-03   1.567776E-03
   818   8.614137E-04   2.590974E-04   3.356157E-03
   819   5.735512E-04   2.780571E-04   1.710391E-03
   820   5.120814E-04   7.854316E-05   1.562812E-03
   821   3.019566E-04   2.656195E-06   1.091409E-03
   822   3.842681E-04   1.700754E-04   1.921340E-03
   823   1.977128E-04   2.195867E-04   5.533008E-04
   824   3.152747E-04   9.167894E-05   1.112734E-03
   825   2.363700E-04  -3.595242E-05   1.114953E-03
   826   2.593843E-04   1.584419E-04   7.554883E-04
   827   2.493639E-04   5.895706E-05   1.068702E-03
   828   1.666844E-04   1.843168E-04   4.129259E-04
   829   4.753119E-04   1.978076E-04   3.906674E-03
   830   2.650187E-04  -2.762517E-05   1.526019E-03
   831   5.130635E-04   4.292875E-04   3.193341E-03
   832   2.930122E-04   2.416145E-04   3.855424E-03
   833   1.426340E-04   6.062620E-05   7.909465E-04
   834   8.353032E-04  -4.147980E-04   2.962068E-03
   835   4.238366E-05  -2.520588E-05   4.606920E-04
   836  -2.425530E-05   1.460930E-05   1.233320E-03
   837   9.420808E-05  -4.612503E-06   1.228801E-03
   838  -1.671696E-05   5.588827E-06   1.166299E-03
   839  -1.064453E-04  -4.239243E-05   3.070538E-03
   840  -2.094854E-07   1.803989E-05   6.284562E-04
   841   4.064405E-04   6.906686E-05   2.150479E-03
   842   1.473890E-06  -1.484014E-04   2.210834E-03
   843   1.265255E-03   2.856492E-04   3.108734E-03
   844   4.178476E-04  -3.089691E-04   9.996354E-04
   845   1.617865E-04   1.267700E-04   3.783004E-04
   846   1.869210E-04   2.890379E-04   4.700445E-04
   847   5.556226E-04  -4.301847E-04   1.043096E-03
   848   2.193485E-04   3.142549E-04   5.782475E-04
   849   1.908569E-03  -1.144506E-03   3.103364E-03
   850   1.128001E-03  -1.239176E-03   1.944830E-03
   851   4.406825E-04  -1.279202E-04   9.880773E-04
   852   2.693891E-03  -2.531097E-03   3.788876E-03
   853   1.674476E-04   2.098272E-04   3.977377E-04
   854   2.955543E-03   1.128382E-03   3.921552E-03
   855   8.136742E-04  -9.958702E-04   1.562754E-03
   856   3.625008E-04   4.308395E-04   8.176711E-04
   857   3.516538E-03   2.637844E-03   3.820939E-03
   858   2.312104E-03  -4.635162E-04   2.997542E-03
   859   1.126909E-03  -1.107819E-03   1.927438E-03
   860   3.779155E-03   2.196296E-03   4.051989E-03
   861   4.782190E-04  -5.478716E-04   9.040057E-04
   862   1.616249E-04   1.821660E-04   3.770410E-04
   863   2.101658E-04   3.103505E-04   4.952847E-04
   864   4.579599E-04  -3.741961E-04   1.001370E-03
   865   4.612680E-04   2.747693E-04   1.423667E-03
   866   1.523783E-04   1.878661E-04   3.707500E-04
   867   1.948655E-04   2.309780E-04   5.083449E-04
   868   1.312327E-03  -1.077809E-04   2.617673E-03
   869   2.787988E-04   9.422197E-05   1.155244E-03
   870   1.276546E-04   1.074524E-04   3.443918E-04
   871   3.302731E-04  -3.424145E-04   7.758961E-04
   872   1.629554E-04   1.539772E-04   4.816414E-04
   873   2.041662E-04   3.836106E-05   7.231388E-04
   874   2.156270E-04   4.662093E-05   1.186938E-03
   875   3.527731E-04   1.816298E-04   2.200248E-03
   876   5.337397E-04  -4.297147E-04   1.622309E-03
   877   9.282673E-05   5.687154E-05   3.026959E-04
   878   1.158970E-04   7.589874E-05   4.209334E-04
   879   1.436282E-04  -1.543810E-06   6.262859E-04
   880   2.998886E-04   3.057570E-04   3.877870E-03
   881   1.637244E-04  -2.016150E-05   1.008569E-03
   882   2.116671E-04   4.334793E-05   9.724370E-04
   883   2.207120E-04   1.508207E-04   4.868647E-03
   884  -8.043790E-04  -4.545430E-04   8.743249E-03
   885   9.966457E-04   3.750755E-04   3.862968E-03
   886   8.850477E-05  -2.733533E-06   4.935210E-04
   887  -1.471765E-04   1.525623E-04   1.824502E-03
   888   6.876570E-05  -5.102516E-05   7.420759E-04
   889  -3.321236E-04  -4.829475E-05   2.806678E-03
   890  -1.836921E-04   3.798965E-05   1.235597E-03
   891   1.671696E-05  -7.629899E-06   1.166299E-03
   892   2.614998E-04  -3.372292E-04   1.627592E-03
   893  -2.930122E-04  -2.645706E-04   3.855424E-03
   894   2.907819E-03   3.658833E-03   4.016324E-03
   895   2.741568E-03   8.786930E-04   2.741568E-03
   896   5.470738E-05  -2.577077E-05   4.400057E-04
   897   3.776962E-05   1.371067E-06   3.690843E-04
   898   4.546186E-05  -6.613000E-05   6.494551E-04
   899   4.066256E-05  -1.243430E-05   5.147159E-04
   900  -1.939310E-04  -3.305188E-05   1.763009E-03
   901  -2.083952E-05   3.938624E-06   7.186043E-04
   902   9.931902E-05   4.091053E-05   1.425632E-03
   903  -9.730228E-06  -4.664749E-06   3.559840E-04
   904  -7.086659E-04  -3.283906E-04   4.065005E-03
   905  -1.678408E-04   3.013369E-06   9.554504E-04
   906  -5.130635E-04  -4.295086E-04   3.193341E-03
   907  -4.238366E-05   1.763757E-05   4.606920E-04
   908  -3.527731E-04  -2.042378E-04   2.200248E-03
   909   3.500810E-06   1.063196E-05   4.566274E-04
   910  -2.363700E-04   4.641143E-05   1.114953E-03
   911  -9.775745E-05   1.229805E-05   5.705688E-04
   912  -1.735053E-05   5.874237E-05   9.131856E-04
   913  -7.208630E-04  -3.293016E-04   3.116122E-03
   914  -3.517735E-05  -1.709848E-05   3.103884E-04
   915  -3.776962E-05   1.414997E-05   3.690843E-04
   916  -2.156270E-04  -4.538523E-05   1.186938E-03
   917  -3.019566E-04   2.223492E-05   1.091409E-03
   918  -3.430974E-04   1.479397E-05   1.322998E-03
   919  -4.167233E-04  -4.943320E-05   1.395279E-03
   920  -6.638119E-05  -3.349092E-05   3.694686E-04
   921  -3.173288E-04  -1.537924E-04   2.956479E-03
   922  -1.420582E-04   8.652312E-06   8.307497E-04
   923  -1.436282E-04  -8.561403E-06   6.262859E-04
   924  -9.456918E-05  -5.178076E-05   4.172170E-04
   925  -5.940978E-04  -2.201182E-04   1.676664E-03
   926  -6.974222E-05   2.029865E-05   4.798776E-04
   927  -2.041662E-04  -2.634099E-05   7.231388E-04
   928  -3.092542E-04  -8.951226E-05   9.664194E-04
   929  -1.956773E-04  -4.738393E-05   7.965155E-04
   930  -2.228164E-04  -1.062848E-04   7.418970E-04
   931  -1.251599E-04  -7.122932E-05   4.412219E-04
   932  -2.071992E-04  -1.984860E-04   7.236293E-04
   933  -1.482069E-04   1.925510E-04   1.457773E-03
   934  -2.020586E-04  -5.600384E-05   6.301204E-04
   935  -2.223071E-04  -7.798854E-05   8.054605E-04
   936  -1.629554E-04  -1.448136E-04   4.816414E-04
   937  -5.715403E-04   5.392311E-04   2.411563E-03
   938  -2.418009E-04  -2.101109E-04   6.817695E-04
   939  -3.274497E-04  -3.551096E-04   8.505187E-04
   940  -3.892124E-04  -5.286697E-04   1.023345E-03
   941  -3.487076E-04  -3.931126E-04   8.790949E-04
   942  -2.193485E-04  -3.283856E-04   5.782475E-04
   943  -2.101658E-04  -3.020651E-04   4.952847E-04
   944  -1.069189E-04  -3.558378E-06   3.178956E-04
   945  -1.276546E-04  -9.764401E-05   3.443918E-04
   946  -5.788765E-04   5.973987E-04   1.455683E-03
   947  -2.594075E-04   3.022664E-04   1.103862E-03
   948  -3.625008E-04  -4.332808E-04   8.176711E-04
   949  -3.884689E-04   1.792933E-04   8.690579E-04
   950  -7.374836E-04   5.363207E-04   1.831499E-03
   951  -1.617865E-04  -1.395880E-04   3.783004E-04
   952  -1.502351E-03  -1.796970E-04   3.386216E-03
   953  -1.616249E-04  -1.873739E-04   3.770410E-04
   954  -3.133507E-04  -2.262254E-04   7.372957E-04
   955  -3.697839E-04   1.461705E-04   9.629789E-04
   956  -4.346921E-04   5.637109E-04   9.429331E-04
   957  -2.931307E-04   1.179323E-04   6.485193E-04
   958  -4.147382E-04   2.953384E-04   8.452545E-04
   959  -1.345678E-03   1.016140E-03   2.214500E-03
   960  -7.275396E-04   7.402829E-04   1.275639E-03
   961  -2.727041E-03  -1.769377E-03   4.096707E-03
   962  -1.428465E-04   1.489437E-04   2.913253E-04
   963  -9.439981E-04   9.882873E-04   1.719487E-03
   964  -4.126256E-04   5.658562E-04   7.594335E-04
   965  -1.460938E-03   1.732781E-03   2.272066E-03
   966  -4.797439E-03  -1.607494E-03   5.591420E-03
   967  -2.848325E-03   2.265338E-03   4.080695E-03
   968  -3.352111E-03  -1.790361E-03   5.112523E-03
   969  -8.142583E-03  -4.133992E-03   8.511411E-03
   970   0.000000E+00   1.286331E-03   3.356157E-03
   971   0.000000E+00   5.392291E-04   1.710391E-03
   972   0.000000E+00   5.166790E-04   1.562812E-03
   973   0.000000E+00   4.142448E-04   1.091409E-03
   974   0.000000E+00   5.920824E-04   1.921340E-03
   975   0.000000E+00   1.264640E-04   5.533008E-04
   976   0.000000E+00   2.633690E-04   1.112734E-03
   977   0.000000E+00   3.797519E-04   1.114953E-03
   978   0.000000E+00   1.734117E-04   7.554883E-04
   979   0.000000E+00   2.111264E-04   1.068702E-03
   980   0.000000E+00   9.028522E-05   4.129259E-04
   981   0.000000E+00   7.361428E-04   3.906674E-03
   982   0.000000E+00   3.924239E-04   1.526019E-03
   983   0.000000E+00   4.859579E-04   3.193341E-03
   984   0.000000E+00   1.550915E-04   3.855424E-03
   985   0.000000E+00   9.123016E-05   7.909465E-04
   986   0.000000E+00   8.789723E-04   2.962068E-03
   987   0.000000E+00   9.888587E-05   4.606920E-04
   988   0.000000E+00   2.797460E-04   1.233320E-03
   989   0.000000E+00   3.106577E-04   1.228801E-03
   990   0.000000E+00   2.682999E-04   1.166299E-03
   991   0.000000E+00   1.920787E-04   3.070538E-03
   992   0.000000E+00   1.331490E-04   6.284562E-04
   993   0.000000E+00   4.277314E-04   2.150479E-03
   994   0.000000E+00   5.736040E-04   2.210834E-03
   995   0.000000E+00   9.623265E-04   3.108734E-03
   996   0.000000E+00   3.175925E-04   9.996354E-04
   997   0.000000E+00   1.127985E-04   3.783004E-04
   998   0.000000E+00   9.848210E-05   4.700445E-04
   999   0.000000E+00   7.566060E-05   1.043096E-03
  1000   0.000000E+00   1.061936E-04   5.782475E-04
  1001   0.000000E+00   1.174774E-03   3.103364E-03
  1002   0.000000E+00   4.386936E-04   1.944830E-03
  1003   0.000000E+00   3.403370E-04   9.880773E-04
  1004   0.000000E+00   1.616099E-03   3.788876E-03
  1005   0.000000E+00   1.185596E-04   3.977377E-04
  1006   0.000000E+00   1.491941E-03   3.921552E-03
  1007   0.000000E+00   3.969368E-04   1.562754E-03
  1008   0.000000E+00   2.554041E-04   8.176711E-04
  1009   0.000000E+00   3.286809E-03   3.820939E-03
  1010   0.000000E+00   8.084633E-04   2.997542E-03
  1011   0.000000E+00   8.399766E-04   1.927438E-03
  1012   0.000000E+00   1.674520E-03   4.051989E-03
  1013   0.000000E+00   1.754882E-04   9.040057E-04
  1014   0.000000E+00   7.962890E-05   3.770410E-04
  1015   0.000000E+00   9.899118E-05   4.952847E-04
  1016   0.000000E+00   2.676088E-04   1.001370E-03
  1017   0.000000E+00   3.675660E-04   1.423667E-03
  1018   0.000000E+00   7.842892E-05   3.707500E-04
  1019   0.000000E+00   5.911806E-05   5.083449E-04
  1020   0.000000E+00   1.515733E-03   2.617673E-03
  1021   0.000000E+00   3.604634E-04   1.155244E-03
  1022   0.000000E+00   4.728380E-05   3.443918E-04
  1023   0.000000E+00   2.599102E-04   7.758961E-04
  1024   0.000000E+00   2.962976E-05   4.816414E-04
  1025   0.000000E+00   1.615523E-04   7.231388E-04
  1026   0.000000E+00   3.683314E-04   1.186938E-03
  1027   0.000000E+00   4.955731E-04   2.200248E-03
  1028   0.000000E+00   5.483878E-04   1.622309E-03
  1029   0.000000E+00   2.180138E-05   3.026959E-04
  1030   0.000000E+00   3.847525E-05   4.209334E-04
  1031   0.000000E+00   1.541076E-04   6.262859E-04
  1032   0.000000E+00   2.026228E-04   3.877870E-03
  1033   0.000000E+00   2.856594E-04   1.008569E-03
  1034   0.000000E+00   8.096330E-05   9.724370E-04
  1035   0.000000E+00   5.493500E-04   4.868647E-03
  1036   0.000000E+00   2.171001E-04   8.743249E-03
  1037   0.000000E+00   8.609948E-04   3.862968E-03
  1038   0.000000E+00   7.025415E-05   4.935210E-04
  1039   0.000000E+00   8.578053E-04   1.824502E-03
  1040   0.000000E+00   1.882881E-04   7.420759E-04
  1041   0.000000E+00   6.734286E-04   2.806678E-03
  1042   0.000000E+00   2.815152E-04   1.235597E-03
  1043   0.000000E+00   2.891688E-04   1.166299E-03
  1044   0.000000E+00   9.315966E-04   1.627592E-03
  1045   0.000000E+00   1.606442E-04   3.855424E-03
  1046   0.000000E+00   1.498269E-03   4.016324E-03
  1047   0.000000E+00   1.095149E-03   2.741568E-03
  1048   0.000000E+00   7.592648E-05   4.400057E-04
  1049   0.000000E+00   5.104156E-05   3.690843E-04
  1050   0.000000E+00   1.975790E-04   6.494551E-04
  1051   0.000000E+00   1.088559E-04   5.147159E-04
  1052   0.000000E+00   3.211088E-04   1.763009E-03
  1053   0.000000E+00   1.851386E-04   7.186043E-04
  1054   0.000000E+00   8.898588E-04   1.425632E-03
  1055   0.000000E+00   8.627397E-05   3.559840E-04
  1056   0.000000E+00   1.030243E-03   4.065005E-03
  1057   0.000000E+00   2.262559E-04   9.554504E-04
  1058   0.000000E+00   4.880182E-04   3.193341E-03
  1059   0.000000E+00   9.603105E-05   4.606920E-04
  1060   0.000000E+00   4.969079E-04   2.200248E-03
  1061   0.000000E+00   1.572216E-04   4.566274E-04
  1062   0.000000E+00   3.707437E-04   1.114953E-03
  1063   0.000000E+00   1.253463E-04   5.705688E-04
  1064   0.000000E+00   4.033381E-04   9.131856E-04
  1065   0.000000E+00   1.039538E-03   3.116122E-03
  1066   0.000000E+00   4.418248E-05   3.103884E-04
  1067   0.000000E+00   6.985142E-05   3.690843E-04
  1068   0.000000E+00   3.694690E-04   1.186938E-03
  1069   0.000000E+00   4.148130E-04   1.091409E-03
  1070   0.000000E+00   3.649043E-04   1.322998E-03
  1071   0.000000E+00   6.171425E-04   1.395279E-03
  1072   0.000000E+00   1.843581E-05   3.694686E-04
  1073   0.000000E+00   2.568618E-04   2.956479E-03
  1074   0.000000E+00   1.490462E-04   8.307497E-04
  1075   0.000000E+00   1.496077E-04   6.262859E-04
  1076   0.000000E+00   3.713048E-05   4.172170E-04
  1077   0.000000E+00   5.095136E-04   1.676664E-03
  1078   0.000000E+00   4.236030E-05   4.798776E-04
  1079   0.000000E+00   1.812351E-04   7.231388E-04
  1080   0.000000E+00   3.698238E-04   9.664194E-04
  1081   0.000000E+00   6.820791E-05   7.965155E-04
  1082   0.000000E+00   1.897375E-04   7.418970E-04
  1083   0.000000E+00   8.047735E-05   4.412219E-04
  1084   0.000000E+00   3.529756E-05   7.236293E-04
  1085   0.000000E+00   7.026060E-04   1.457773E-03
  1086   0.000000E+00   1.906063E-04   6.301204E-04
  1087   0.000000E+00   8.235353E-05   8.054605E-04
  1088   0.000000E+00   4.540266E-05   4.816414E-04
  1089   0.000000E+00   1.293962E-03   2.411563E-03
  1090   0.000000E+00   1.658256E-04   6.817695E-04
  1091   0.000000E+00   1.569384E-04   8.505187E-04
  1092   0.000000E+00   1.999259E-04   1.023345E-03
  1093   0.000000E+00   1.181812E-04   8.790949E-04
  1094   0.000000E+00   9.302483E-05   5.782475E-04
  1095   0.000000E+00   9.083583E-05   4.952847E-04
  1096   0.000000E+00   1.006520E-04   3.178956E-04
  1097   0.000000E+00   3.612844E-05   3.443918E-04
  1098   0.000000E+00   5.383908E-04   1.455683E-03
  1099   0.000000E+00   4.842237E-04   1.103862E-03
  1100   0.000000E+00   2.577232E-04   8.176711E-04
  1101   0.000000E+00   2.536128E-04   8.690579E-04
  1102   0.000000E+00   1.101099E-03   1.831499E-03
  1103   0.000000E+00   9.938014E-05   3.783004E-04
  1104   0.000000E+00   1.330405E-03   3.386216E-03
  1105   0.000000E+00   1.139733E-04   3.770410E-04
  1106   0.000000E+00   2.465554E-04   7.372957E-04
  1107   0.000000E+00   2.410694E-04   9.629789E-04
  1108   0.000000E+00   2.962173E-04   9.429331E-04
  1109   0.000000E+00   1.928210E-04   6.485193E-04
  1110   0.000000E+00   1.927066E-04   8.452545E-04
  1111   0.000000E+00   2.693931E-04   2.214500E-03
  1112   0.000000E+00   2.638884E-04   1.275639E-03
  1113   0.000000E+00   2.553700E-04   4.096707E-03
  1114   0.000000E+00   5.967104E-05   2.913253E-04
  1115   0.000000E+00   5.844991E-04   1.719487E-03
  1116   0.000000E+00   1.868032E-04   7.594335E-04
  1117   0.000000E+00   1.107822E-03   2.272066E-03
  1118   0.000000E+00   1.278570E-03   5.591420E-03
  1119   0.000000E+00   1.630782E-03   4.080695E-03
  1120   0.000000E+00   1.818172E-03   5.112523E-03
  1121   0.000000E+00   5.370284E-03   8.511411E-03
