 smom1,sph1,sth1,slr1
          16           6           6          10
 phi boundaries
  0.00000E+00  2.61799E-01  5.23599E-01  7.85398E-01  1.04720E+00  1.30900E+00  1.57080E+00
 theta boundaries
  0.00000E+00  2.61799E-01  5.23599E-01  7.85398E-01  1.04720E+00  1.30900E+00  1.57080E+00
 radius boundaries in arcsec
  0.00000E+00  1.19639E+00  1.80726E+00  2.73003E+00  4.12397E+00  6.22963E+00  9.41044E+00  1.42153E+01  2.14736E+01  3.24379E+01  9.80009E+03
                                                                              phi,theta,r,mgemass,fitmass,errmass,x,y,z 
                                           (in arcsec),vx,vy,vz,xv2,vy2,vz2,vxvy,vyvz,vzvx,orbit long, orbit short,boxes
       1       1       1  4.15528E-04  4.49170E-04  4.15528E-06  1.13395E-01  1.50985E-02  5.57878E-01  3.28219E+01 -2.37952E+02  1.55156E+01  6.68940E+04  8.80273E+04  8.01099E+04 -4.70339E+03 -3.52742E+03  7.12376E+03  0.00000E+00  3.66588E-04  8.25822E-05
       1       1       2  1.18325E-04  1.48337E-04  1.18325E-06  3.08749E-01  3.97796E-02  1.44625E+00  5.70574E+01 -2.04994E+02  1.09334E+01  6.76409E+04  7.82345E+04  7.95031E+04 -1.02763E+04 -5.47384E+02  3.08876E+03  0.00000E+00  1.28616E-04  1.97209E-05
       1       1       3  2.04140E-04  2.55051E-04  2.04140E-06  4.26836E-01  5.70495E-02  2.08879E+00  4.18551E+01 -9.81670E+01 -1.00963E+01  6.01678E+04  4.67273E+04  3.31576E+04 -2.79775E+03  1.74299E+03  6.24077E+03  0.00000E+00  2.02176E-04  5.28749E-05
       1       1       4  2.86858E-04  1.95876E-04  2.86858E-06  7.49285E-01  9.63306E-02  3.60781E+00  7.76933E+01 -3.19700E+02  9.26592E+00  7.41862E+04  1.14234E+05  3.45435E+04 -1.35965E+04 -5.58117E+02  5.64689E+03  0.00000E+00  1.89210E-04  6.66648E-06
       1       1       5  2.61783E-04  3.74855E-04  2.61783E-06  1.12684E+00  1.48668E-01  5.17683E+00  5.02392E+01 -2.14790E+02  1.80378E+01  2.86639E+04  5.24414E+04  3.69066E+04 -6.54701E+03 -1.27222E+03  2.24177E+03  0.00000E+00  3.65849E-04  9.00599E-06
       1       1       6  2.09531E-04  2.19242E-04  2.09531E-06  1.43232E+00  1.78444E-01  6.58267E+00  3.37059E+01 -1.38452E+02  2.96000E+01  1.26283E+04  2.57264E+04  3.18948E+04 -4.48827E+03 -1.12344E+03  4.34414E+03  0.00000E+00  1.99978E-04  1.92641E-05
       1       1       7  2.13537E-04  2.61630E-04  2.13537E-06  2.52365E+00  3.34547E-01  1.22277E+01  6.44252E+01 -2.45791E+02  1.38724E+00  5.09968E+04  7.74123E+04  4.42316E+04 -1.01770E+04  9.99237E+01  4.83767E+03  0.00000E+00  2.25223E-04  3.64070E-05
       1       1       8  3.57905E-04  4.64376E-04  3.57905E-06  3.68977E+00  4.92675E-01  1.78059E+01  4.48020E+01 -1.62188E+02 -1.22449E+00  2.14654E+04  3.51609E+04  3.55619E+04 -5.39081E+03  8.42053E+02  2.52127E+03  0.00000E+00  3.78640E-04  8.57358E-05
       1       1       9  3.72897E-04  3.91394E-04  3.72897E-06  4.62658E+00  6.06937E-01  2.35272E+01  2.19635E+01 -8.39518E+01  1.07397E+00  8.28539E+03  1.40280E+04  1.75485E+04 -2.26597E+03 -2.46394E+02  1.86905E+03  0.00000E+00  2.21172E-04  1.70223E-04
       1       1      10  1.69441E-04  2.02406E-04  1.69441E-06  1.53617E+01  2.22785E+00  7.33286E+01  1.54554E+01 -4.71554E+01  5.94806E+00  5.59020E+03  3.92555E+03  6.11074E+04 -2.40202E+02  6.52482E+02  3.43576E+03  0.00000E+00  1.42805E-04  5.96016E-05
       1       2       1  1.25550E-03  1.16224E-03  1.25550E-05  1.93481E-01  2.52581E-02  4.58920E-01  2.26053E+01 -1.56997E+02 -2.05888E+00  8.70289E+04  4.81795E+04  8.64508E+04  4.77516E+03  3.74115E+03  4.77545E+03  0.00000E+00  9.54279E-04  2.07957E-04
       1       2       2  3.60989E-04  3.29302E-04  3.60989E-06  5.68434E-01  7.31933E-02  1.39998E+00  4.73953E+00 -1.01013E+02  9.25450E-01  1.06289E+05  1.80367E+04  8.37446E+04  1.31968E+04  1.23930E+03  7.62410E+03  0.00000E+00  2.95436E-04  3.38663E-05
       1       2       3  6.20607E-04  3.83843E-04  6.20607E-06  8.02354E-01  1.07303E-01  2.03878E+00 -1.00155E+01 -4.58359E+01 -3.34440E+01  7.36747E+04  8.95714E+03  7.47956E+04  1.19449E+04  7.49630E+03  2.36924E+04  0.00000E+00  2.79104E-04  1.04739E-04
       1       2       4  8.95077E-04  3.73624E-04  8.95077E-06  1.33741E+00  1.76194E-01  3.31093E+00  3.41326E+01 -1.29564E+02  2.98191E+01  1.25114E+05  2.41234E+04  9.80922E+04  1.32809E+04 -1.23326E+02  1.46086E+04  0.00000E+00  3.39249E-04  3.43755E-05
       1       2       5  8.32934E-04  7.88811E-04  8.32934E-06  1.98864E+00  2.56582E-01  4.85025E+00  3.08361E+01 -9.01231E+01  2.85917E+01  5.94240E+04  1.19227E+04  5.98419E+04  5.57083E+03 -8.69971E+02  7.18026E+03  0.00000E+00  7.27314E-04  6.14969E-05
       1       2       6  7.01635E-04  6.83919E-04  7.01635E-06  2.75816E+00  3.90975E-01  6.52210E+00  1.98838E+01 -4.40848E+01  3.51259E+01  2.37780E+04  4.76451E+03  4.55073E+04  2.91454E+03  1.11459E+03  1.38410E+04  0.00000E+00  5.44575E-04  1.39344E-04
       1       2       7  6.91754E-04  5.18477E-04  6.91754E-06  4.72178E+00  5.87423E-01  1.12892E+01  3.44260E+01 -8.96883E+01  4.84131E+01  8.23040E+04  1.85118E+04  8.03150E+04  1.01300E+04  4.01517E+03  2.31317E+04  0.00000E+00  3.46760E-04  1.71717E-04
       1       2       8  1.14238E-03  1.03064E-03  1.14238E-05  6.96570E+00  9.90404E-01  1.67600E+01  1.96886E+01 -5.71975E+01  2.95786E+01  3.92190E+04  7.48052E+03  4.76918E+04  5.36876E+03  2.31911E+03  1.12611E+04  0.00000E+00  6.70347E-04  3.60292E-04
       1       2       9  1.27184E-03  1.29592E-03  1.27184E-05  1.00710E+01  1.61586E+00  2.26512E+01  9.17321E+00 -1.77765E+01  1.65420E+01  1.10005E+04  2.01281E+03  1.94289E+04  1.43595E+03  1.28332E+03  6.03607E+03  0.00000E+00  3.47618E-04  9.48299E-04
       1       2      10  5.82548E-04  6.50276E-04  5.82548E-06  2.77082E+01  4.11781E+00  7.08342E+01 -5.54604E-01 -1.06054E+01 -4.54216E+00  1.13040E+04  7.08326E+02  5.46669E+04  1.71651E+03  2.28341E+03  1.43085E+04  0.00000E+00  2.23089E-04  4.27187E-04
       1       3       1  2.10663E-03  2.22672E-03  2.10663E-05  3.54003E-01  4.66550E-02  4.78100E-01  8.60020E+00 -1.14161E+02 -3.36637E+00  6.54764E+04  3.28797E+04  6.41986E+04  3.85565E+03  2.98580E+02  5.62927E+03  0.00000E+00  2.03773E-03  1.88991E-04
       1       3       2  6.18188E-04  7.06696E-04  6.18188E-06  9.14959E-01  1.21669E-01  1.22081E+00  1.60371E+01 -6.86119E+01 -3.82915E+00  8.90400E+04  1.07951E+04  9.15256E+04  9.62885E+03  3.82867E+02  1.23877E+04  0.00000E+00  6.27586E-04  7.91096E-05
       1       3       3  1.05254E-03  1.03695E-03  1.05254E-05  1.33269E+00  1.73232E-01  1.78469E+00  7.43302E+00 -5.04970E+01  4.46139E+00  4.11142E+04  5.10724E+03  3.78674E+04  4.48821E+03  1.30093E+03  8.39804E+03  0.00000E+00  7.87711E-04  2.49243E-04
       1       3       4  1.59432E-03  1.09853E-03  1.59432E-05  2.06585E+00  2.71487E-01  2.75308E+00  2.94807E+01 -2.07182E+02  9.15924E-01  7.68730E+04  1.25724E+05  7.26537E+04 -7.28886E+03  1.03561E+03  1.45155E+04  0.00000E+00  9.87796E-04  1.10734E-04
       1       3       5  1.54655E-03  1.47435E-03  1.54655E-05  3.25226E+00  4.39596E-01  4.11252E+00  1.06945E+01 -8.91169E+01 -1.01047E+01  5.23738E+04  2.88592E+04  5.57500E+04  3.61111E+03  2.32564E+03  1.43437E+04  0.00000E+00  1.33155E-03  1.42799E-04
       1       3       6  1.44069E-03  1.76533E-03  1.44069E-05  4.12907E+00  5.40026E-01  5.59747E+00  1.17141E+01 -6.91423E+01  7.84842E-01  1.69794E+04  2.07806E+04  3.09890E+04 -4.83966E+02  1.80748E+03  1.35832E+04  0.00000E+00  1.54179E-03  2.23545E-04
       1       3       7  1.39023E-03  1.19135E-03  1.39023E-05  7.29080E+00  9.53374E-01  9.76402E+00  3.62410E+01 -1.88077E+02  1.61329E+01  5.28164E+04  6.66368E+04  6.92460E+04 -2.04416E+03  2.68523E+03  2.28396E+04  0.00000E+00  8.64506E-04  3.26844E-04
       1       3       8  2.12721E-03  2.29444E-03  2.12721E-05  1.08561E+01  1.41855E+00  1.44534E+01  2.07380E+01 -1.15951E+02  7.40621E+00  3.07206E+04  2.75645E+04  4.00441E+04  9.15163E+02  1.82912E+03  1.31683E+04  0.00000E+00  1.55264E-03  7.41805E-04
       1       3       9  2.70187E-03  2.57505E-03  2.70187E-05  1.47967E+01  1.88962E+00  1.96451E+01  1.57146E+01 -4.47652E+01 -5.60089E-01  1.26926E+04  8.50852E+03  1.74633E+04 -4.08287E+02  8.13746E+02  6.39190E+03  0.00000E+00  8.56138E-04  1.71891E-03
       1       3      10  1.39727E-03  1.57861E-03  1.39727E-05  4.46525E+01  6.38894E+00  5.87241E+01 -1.52445E+01 -7.47476E+01  3.00507E+00  2.39972E+04  1.17305E+04  3.80826E+04  3.52198E+03  8.79198E+02  8.25491E+03  0.00000E+00  1.21576E-03  3.62847E-04
       1       4       1  2.92538E-03  3.29966E-03  2.92538E-05  4.66241E-01  6.23201E-02  3.34316E-01  2.29018E+01 -1.87885E+02 -3.44906E+00  7.12227E+04  6.35359E+04  4.66484E+04  1.00348E+03  1.38471E+03  3.80321E+03  0.00000E+00  2.85853E-03  4.41131E-04
       1       4       2  8.84560E-04  8.67914E-04  8.84560E-06  1.22745E+00  1.66380E-01  8.52766E-01  1.08187E-03  4.42744E+01 -1.63600E+00  9.13849E+04  5.77285E+04  5.39486E+04  4.37266E+03  2.32953E+03  1.03504E+04  0.00000E+00  7.57371E-04  1.10543E-04
       1       4       3  1.48001E-03  1.44134E-03  1.48001E-05  1.83909E+00  2.51000E-01  1.34385E+00  5.22042E+00 -8.04474E+01 -3.51152E+00  3.26814E+04  2.65801E+04  2.87232E+04  1.21326E+03  4.00811E+02  5.31495E+03  0.00000E+00  1.22825E-03  2.13091E-04
       1       4       4  2.38673E-03  1.69528E-03  2.38673E-05  2.77293E+00  3.59488E-01  2.03520E+00  2.41140E+01 -1.82981E+02  4.97916E-01  7.89530E+04  1.54672E+05  6.22013E+04 -9.77536E+03  1.24627E+03  5.96235E+03  0.00000E+00  1.58574E-03  1.09542E-04
       1       4       5  2.46226E-03  3.24214E-03  2.46226E-05  4.22771E+00  5.50233E-01  3.03712E+00  1.15667E+01 -1.06083E+02 -8.54860E-01  6.10737E+04  5.33138E+04  3.82016E+04  1.67434E+03  1.07122E+03  7.19357E+03  0.00000E+00  3.06819E-03  1.73955E-04
       1       4       6  2.61766E-03  2.92006E-03  2.61766E-05  5.96809E+00  7.89139E-01  3.98903E+00  5.37418E+00 -6.46717E+01 -5.95530E+00  3.13983E+04  2.29854E+04  1.75266E+04  1.36195E+03  2.03773E+03  9.81147E+03  0.00000E+00  2.59522E-03  3.24840E-04
       1       4       7  2.71777E-03  2.54749E-03  2.71777E-05  9.85069E+00  1.30493E+00  6.91780E+00  3.78815E+01 -2.62821E+02 -8.74119E+00  5.10920E+04  9.93599E+04  4.88345E+04 -7.62196E+03  2.31463E+03  1.11992E+04  0.00000E+00  2.20872E-03  3.38768E-04
       1       4       8  3.46053E-03  4.50865E-03  3.46053E-05  1.47411E+01  1.96292E+00  1.03041E+01  1.87267E+01 -1.51197E+02 -1.56746E+00  3.98781E+04  3.59282E+04  2.85202E+04  3.56766E+02  8.68903E+02  7.76663E+03  0.00000E+00  3.78951E-03  7.19137E-04
       1       4       9  5.10789E-03  5.92745E-03  5.10789E-05  2.03547E+01  2.74743E+00  1.40629E+01  7.24248E+00 -8.41554E+01  5.57545E-01  1.56679E+04  1.34947E+04  9.84864E+03  3.27093E+02  2.45508E+02  2.84840E+03  0.00000E+00  4.32317E-03  1.60427E-03
       1       4      10  3.71943E-03  4.79677E-03  3.71943E-05  5.66653E+01  7.54748E+00  3.82974E+01  1.91491E+01 -1.79766E+02  5.28530E+00  2.59557E+04  5.01997E+04  1.42956E+04 -2.95473E+03 -2.81437E+02  2.92081E+03  0.00000E+00  4.47377E-03  3.22998E-04
       1       5       1  3.60535E-03  3.46091E-03  3.60535E-05  5.07043E-01  6.80172E-02  2.16514E-01  2.78197E+01 -1.84038E+02 -2.69407E-01  6.84937E+04  5.73365E+04  5.06635E+04  3.33913E+02  8.96209E+02  3.73656E+02  0.00000E+00  2.95364E-03  5.07272E-04
       1       5       2  1.12579E-03  1.24469E-03  1.12579E-05  1.37504E+00  1.80141E-01  5.94767E-01 -5.11798E+00  1.12065E+01 -2.15223E+01  1.13701E+05  5.43202E+04  5.68275E+04  8.65095E+03  6.83856E+03  9.15452E+02  0.00000E+00  1.16901E-03  7.56825E-05
       1       5       3  1.84425E-03  1.98358E-03  1.84425E-05  2.06589E+00  2.71569E-01  8.85088E-01  1.44358E+01 -9.93983E+01 -1.34425E+01  6.78992E+04  2.94085E+04  2.91483E+04  5.45348E+03  2.97500E+03  1.06882E+03  0.00000E+00  1.69839E-03  2.85193E-04
       1       5       4  3.15541E-03  2.01141E-03  3.15541E-05  3.14401E+00  4.06805E-01  1.34745E+00  2.39902E+01 -1.42123E+02 -1.76628E+01  8.27640E+04  9.45900E+04  8.81565E+04 -2.49996E+03  2.94887E+03  4.60266E+03  0.00000E+00  1.96463E-03  4.67719E-05
       1       5       5  3.47892E-03  3.72695E-03  3.47892E-05  4.78070E+00  6.32842E-01  2.08109E+00  1.66374E+01 -9.59682E+01 -6.22295E+00  6.66935E+04  4.41116E+04  4.30999E+04  3.49892E+03  8.42985E+02  2.26432E+03  0.00000E+00  3.60652E-03  1.20433E-04
       1       5       6  4.18726E-03  4.61634E-03  4.18726E-05  6.62612E+00  8.62013E-01  2.87246E+00  1.32424E+01 -7.68660E+01 -1.57347E+01  4.98863E+04  2.28538E+04  2.12860E+04  3.09072E+03  1.32587E+03  3.58201E+03  0.00000E+00  4.27753E-03  3.38809E-04
       1       5       7  5.19020E-03  3.33982E-03  5.19020E-05  1.08861E+01  1.43065E+00  4.61410E+00  1.44163E+01 -2.04362E+02 -3.93511E+00  7.94631E+04  6.50852E+04  5.46274E+04  3.17486E+03  1.82464E+03  1.02031E+04  0.00000E+00  2.78292E-03  5.56907E-04
       1       5       8  5.48817E-03  6.07805E-03  5.48817E-05  1.64938E+01  2.22031E+00  6.99895E+00  1.48160E+01 -1.31024E+02 -7.41334E-02  5.00738E+04  2.84873E+04  2.66035E+04  2.93294E+03  3.90149E+02  6.00800E+03  0.00000E+00  4.90640E-03  1.17165E-03
       1       5       9  8.45828E-03  9.14221E-03  8.45828E-05  2.31459E+01  3.10088E+00  9.68044E+00  9.98785E+00 -6.63125E+01 -2.82246E+00  1.76044E+04  9.51871E+03  8.32067E+03  7.88184E+02  5.23734E+02  2.13904E+03  0.00000E+00  6.18013E-03  2.96207E-03
       1       5      10  9.92898E-03  5.96359E-03  9.92898E-05  6.18169E+01  8.39234E+00  2.66916E+01  1.49392E+01 -1.81833E+02  1.41274E+00  2.96850E+04  4.76679E+04  1.63501E+04 -1.92731E+03 -5.34467E+02  1.30972E+03  0.00000E+00  5.75087E-03  2.12714E-04
       1       6       1  4.00064E-03  4.34578E-03  4.00064E-05  5.69673E-01  7.62090E-02  8.11364E-02  1.23155E+01 -1.41499E+02 -4.96203E-01  7.65617E+04  4.01817E+04  4.40202E+04  6.59629E+03  6.57980E+02  5.92643E+02  0.00000E+00  3.54361E-03  8.02168E-04
       1       6       2  1.27626E-03  1.35713E-03  1.27626E-05  1.47882E+00  1.99015E-01  1.98261E-01 -1.84398E+01  1.22102E+02 -1.00832E+01  9.13767E+04  7.70159E+04  3.75384E+04  4.11948E+03  1.14863E+03 -1.77187E+03  0.00000E+00  1.23440E-03  1.22732E-04
       1       6       3  2.05983E-03  2.26540E-03  2.05983E-05  2.23257E+00  2.94187E-01  2.89626E-01  7.79893E+00 -7.67457E+01 -8.55490E-01  6.38083E+04  1.97666E+04  2.39152E+04  7.87196E+03  6.85901E+01  8.91578E+02  0.00000E+00  1.95678E-03  3.08622E-04
       1       6       4  3.65375E-03  2.87307E-03  3.65375E-05  3.38016E+00  4.56264E-01  4.46926E-01  2.99034E+00 -5.41536E+01 -4.19210E+00  6.78972E+04  1.30206E+05  7.10201E+04 -7.13699E+03  1.41450E+03  2.28129E+03  0.00000E+00  2.60671E-03  2.66363E-04
       1       6       5  4.21100E-03  4.57962E-03  4.21100E-05  5.15779E+00  6.97483E-01  6.89801E-01  3.43401E+00 -3.01875E+01 -3.41247E+00  6.24159E+04  6.06311E+04  3.05467E+04  7.12719E+02  5.42923E+02  4.91718E+03  0.00000E+00  4.09902E-03  4.80600E-04
       1       6       6  5.45882E-03  6.15601E-03  5.45882E-05  7.04911E+00  9.63146E-01  9.56800E-01  6.29039E+00 -3.38465E+01 -7.08724E+00  3.67630E+04  2.75143E+04  1.73591E+04  1.51864E+03  8.12132E+02  3.57053E+03  0.00000E+00  5.05890E-03  1.09711E-03
       1       6       7  7.86564E-03  5.95020E-03  7.86564E-05  1.17933E+01  1.56936E+00  1.62022E+00  3.99004E+01 -2.99891E+02 -6.66219E-01  4.77696E+04  1.14855E+05  3.22580E+04 -8.54434E+03  5.74403E+02  3.36339E+03  0.00000E+00  5.28902E-03  6.61181E-04
       1       6       8  7.97599E-03  1.06127E-02  7.97599E-05  1.77613E+01  2.36915E+00  2.41253E+00  2.68488E+01 -1.92011E+02  2.88334E-01  3.91073E+04  4.97179E+04  1.55861E+04 -1.18622E+03  1.99138E+01  2.23844E+03  0.00000E+00  9.30120E-03  1.31153E-03
       1       6       9  1.13345E-02  1.25057E-02  1.13345E-04  2.41575E+01  3.23501E+00  3.44845E+00  1.76346E+01 -1.05637E+02  5.22689E-01  1.41009E+04  2.01822E+04  6.20467E+03 -1.03076E+03  2.48449E+02  7.89821E+02  0.00000E+00  8.96139E-03  3.54432E-03
       1       6      10  1.89173E-02  2.24484E-02  1.89173E-04  6.09412E+01  8.07678E+00  7.86686E+00  3.65459E+01 -2.97632E+02  9.58203E-01  9.25697E+03  9.64477E+04  6.51347E+03 -1.15823E+04 -1.44874E+02  2.38250E+02  0.00000E+00  2.21558E-02  2.92616E-04
       2       1       1  4.15519E-04  4.55989E-04  4.15519E-06  1.02517E-01  4.24764E-02  5.60320E-01  1.01015E+02 -2.17920E+02 -6.46738E+00  7.23200E+04  8.52464E+04  8.10747E+04 -1.10017E+04  5.55058E+03  5.60992E+03  0.00000E+00  3.67156E-04  8.88328E-05
       2       1       2  1.18322E-04  1.51553E-04  1.18322E-06  2.75544E-01  1.13050E-01  1.45065E+00  1.35240E+02 -1.65655E+02 -5.81316E+00  7.13779E+04  6.46023E+04  8.30424E+04 -1.27356E+04  5.09858E+03 -2.39535E+03  0.00000E+00  1.31261E-04  2.02921E-05
       2       1       3  2.04136E-04  2.54016E-04  2.04136E-06  3.88852E-01  1.60526E-01  2.08058E+00  7.74942E+01 -1.01916E+02  1.38663E+01  5.75718E+04  3.88851E+04  3.46370E+04  2.83667E+03  2.36615E+03  1.12183E+03  0.00000E+00  2.01558E-04  5.24578E-05
       2       1       4  2.86849E-04  2.03382E-04  2.86849E-06  6.77071E-01  2.77221E-01  3.60950E+00  2.00473E+02 -2.64635E+02  4.91935E+00  8.98639E+04  9.34952E+04  3.78352E+04 -2.94594E+04  1.01117E+03  2.15461E+03  0.00000E+00  1.96661E-04  6.72169E-06
       2       1       5  2.61775E-04  3.71727E-04  2.61775E-06  1.01078E+00  4.17107E-01  5.15539E+00  1.40818E+02 -1.84663E+02  9.99725E+00  4.07180E+04  4.42495E+04  3.27933E+04 -1.57628E+04 -4.77790E+02  1.47893E+03  0.00000E+00  3.65778E-04  5.94975E-06
       2       1       6  2.09523E-04  1.98816E-04  2.09523E-06  1.28347E+00  5.22546E-01  6.56868E+00  9.29329E+01 -1.29719E+02  9.94836E-01  1.92149E+04  2.36433E+04  2.71014E+04 -9.49488E+03  6.95784E+02  3.75723E+03  0.00000E+00  1.82786E-04  1.60303E-05
       2       1       7  2.13531E-04  2.48385E-04  2.13531E-06  2.26573E+00  9.28919E-01  1.22711E+01  1.70096E+02 -2.08258E+02  5.58841E+00  6.58583E+04  6.57589E+04  4.28925E+04 -2.26341E+04  1.20609E+03  2.47299E+03  0.00000E+00  2.18374E-04  3.00111E-05
       2       1       8  3.57897E-04  4.41788E-04  3.57897E-06  3.34079E+00  1.38039E+00  1.78159E+01  1.15381E+02 -1.38797E+02  3.43471E+00  2.99187E+04  2.95106E+04  3.25544E+04 -1.10040E+04  6.40692E+02  2.29344E+03  0.00000E+00  3.81979E-04  5.98090E-05
       2       1       9  3.72882E-04  3.65004E-04  3.72882E-06  4.09781E+00  1.65547E+00  2.35335E+01  5.84529E+01 -7.12920E+01 -4.57400E-01  1.12548E+04  1.19034E+04  1.83298E+04 -4.49279E+03  1.81881E+02  1.19572E+03  0.00000E+00  2.15522E-04  1.49482E-04
       2       1      10  1.69435E-04  2.08185E-04  1.69435E-06  1.37974E+01  5.64471E+00  7.37001E+01  3.59724E+01 -3.31634E+01  9.27659E+00  5.48595E+03  3.10258E+03  6.12745E+04 -2.21922E+02  1.56954E+03  4.22005E+03  0.00000E+00  1.33577E-04  7.46077E-05
       2       2       1  1.25536E-03  1.10846E-03  1.25536E-05  1.80351E-01  7.45593E-02  4.59325E-01  6.16228E+01 -1.51629E+02 -7.62919E-01  8.28062E+04  5.23328E+04  8.64888E+04  1.44576E+04  2.09185E+03  5.42405E+03  0.00000E+00  9.29462E-04  1.78997E-04
       2       2       2  3.60939E-04  3.02684E-04  3.60939E-06  5.32236E-01  2.20195E-01  1.39747E+00  4.52759E+01 -9.35558E+01  7.55185E+00  9.15022E+04  3.81965E+04  9.10171E+04  3.76628E+04  3.28154E+03  8.59271E+03  0.00000E+00  2.66576E-04  3.61077E-05
       2       2       3  6.20544E-04  3.54943E-04  6.20544E-06  7.49033E-01  3.10238E-01  2.02415E+00  2.26231E+01 -3.32513E+01  1.98887E+01  6.90766E+04  1.81660E+04  7.64523E+04  2.54728E+04  4.09427E+03  1.35223E+04  0.00000E+00  2.51322E-04  1.03621E-04
       2       2       4  8.94928E-04  3.91633E-04  8.94928E-06  1.26457E+00  5.19352E-01  3.28509E+00  5.18259E+01 -1.23006E+02 -5.61056E+00  1.09109E+05  4.24538E+04  1.03236E+05  4.01528E+04  5.89940E+03  1.60533E+04  0.00000E+00  3.46198E-04  4.54349E-05
       2       2       5  8.32794E-04  7.27582E-04  8.32794E-06  1.86156E+00  7.65617E-01  4.87380E+00  4.09188E+01 -8.75116E+01 -2.86616E+01  4.97210E+04  1.94066E+04  5.89736E+04  1.64778E+04  3.98133E+03  7.87187E+03  0.00000E+00  6.72983E-04  5.45989E-05
       2       2       6  7.01499E-04  7.01247E-04  7.01499E-06  2.55695E+00  1.05758E+00  6.46380E+00  1.13110E+01 -4.78820E+01 -1.63894E+01  1.85584E+04  7.11419E+03  3.40754E+04  6.45256E+03  3.32847E+03  8.66364E+03  0.00000E+00  5.94860E-04  1.06387E-04
       2       2       7  6.91648E-04  4.43505E-04  6.91648E-06  4.43327E+00  1.82613E+00  1.13669E+01  3.75510E+01 -1.03837E+02 -2.44081E+01  7.26366E+04  3.45276E+04  7.62068E+04  2.42083E+04  6.80015E+03  1.80710E+04  0.00000E+00  3.16961E-04  1.26543E-04
       2       2       8  1.14225E-03  9.91520E-04  1.14225E-05  6.55486E+00  2.65782E+00  1.67586E+01  1.98235E+01 -5.43112E+01 -1.57321E+01  3.11970E+04  1.21759E+04  5.07852E+04  1.12208E+04  4.35713E+03  1.24160E+04  0.00000E+00  5.99480E-04  3.92040E-04
       2       2       9  1.27157E-03  1.28981E-03  1.27157E-05  9.18719E+00  3.62003E+00  2.28518E+01  3.97018E+00 -1.24778E+01 -1.10785E+01  8.71104E+03  3.21142E+03  2.00215E+04  3.17227E+03  2.08219E+03  5.83514E+03  0.00000E+00  3.06071E-04  9.83741E-04
       2       2      10  5.82397E-04  6.48993E-04  5.82397E-06  2.68483E+01  1.07389E+01  7.04932E+01  4.15160E+00 -9.10378E+00  3.26749E+00  1.00953E+04  2.18547E+03  5.42359E+04  4.04069E+03  5.81651E+03  1.48646E+04  0.00000E+00  1.92983E-04  4.56010E-04
       2       3       1  2.10606E-03  2.13616E-03  2.10606E-05  3.29792E-01  1.36146E-01  4.75924E-01  4.68661E+01 -1.10394E+02 -9.03050E-01  5.93074E+04  3.76979E+04  6.57341E+04  9.18471E+03  1.59579E+03  2.31791E+03  0.00000E+00  1.98264E-03  1.53517E-04
       2       3       2  6.17965E-04  6.20738E-04  6.17965E-06  8.47389E-01  3.49887E-01  1.22073E+00  1.50494E+01 -7.35445E+01 -5.58511E-01  7.90779E+04  2.32792E+04  9.41911E+04  2.98265E+04  4.41166E+03  9.88287E+03  0.00000E+00  5.58759E-04  6.19791E-05
       2       3       3  1.05228E-03  1.03410E-03  1.05228E-05  1.24919E+00  5.13833E-01  1.79130E+00  2.39455E+01 -4.82780E+01  1.23775E+00  3.51365E+04  1.01135E+04  3.89993E+04  1.14044E+04  3.03268E+03  8.98117E+03  0.00000E+00  8.32048E-04  2.02054E-04
       2       3       4  1.59364E-03  1.08490E-03  1.59364E-05  1.91482E+00  7.90713E-01  2.76867E+00  9.32436E+01 -1.88023E+02 -3.40759E+00  8.10736E+04  1.17581E+05  7.09793E+04 -2.16371E+04  3.08515E+03  9.44410E+03  0.00000E+00  9.88107E-04  9.67946E-05
       2       3       5  1.54584E-03  1.40703E-03  1.54584E-05  3.01638E+00  1.23719E+00  4.10683E+00  3.94932E+01 -8.07139E+01  1.20440E+01  4.89206E+04  3.17953E+04  5.62071E+04  8.06807E+03  3.45318E+03  1.03714E+04  0.00000E+00  1.26744E-03  1.39598E-04
       2       3       6  1.43994E-03  1.67324E-03  1.43994E-05  3.84557E+00  1.60093E+00  5.59094E+00  3.22085E+01 -6.62068E+01 -1.16505E+00  1.63771E+04  2.10759E+04  3.04522E+04 -2.37371E+03  4.56727E+03  1.06701E+04  0.00000E+00  1.45428E-03  2.18962E-04
       2       3       7  1.38949E-03  1.15382E-03  1.38949E-05  6.73414E+00  2.74785E+00  9.83754E+00  7.86715E+01 -1.79834E+02 -1.14298E+00  5.25801E+04  6.54631E+04  6.96143E+04 -7.31973E+03  8.09184E+03  2.06416E+04  0.00000E+00  8.35564E-04  3.18254E-04
       2       3       8  2.12654E-03  2.16703E-03  2.12654E-05  1.01597E+01  4.14196E+00  1.44808E+01  5.60457E+01 -1.13956E+02  7.01101E+00  3.14866E+04  2.95229E+04  3.98477E+04  1.71893E+02  4.83365E+03  1.17473E+04  0.00000E+00  1.55098E-03  6.16053E-04
       2       3       9  2.70031E-03  2.25340E-03  2.70031E-05  1.38064E+01  5.45648E+00  1.95880E+01  1.79382E+01 -4.67926E+01  2.34254E+00  1.15765E+04  1.04278E+04  1.75375E+04  1.31935E+03  2.03753E+03  5.85099E+03  0.00000E+00  7.81129E-04  1.47227E-03
       2       3      10  1.39591E-03  1.65154E-03  1.39591E-05  4.35459E+01  1.77185E+01  6.04447E+01  4.34590E+01 -5.75557E+01 -8.50757E+00  2.06503E+04  1.10167E+04  3.34140E+04  3.06456E+03  2.55364E+03  4.61993E+03  0.00000E+00  1.31942E-03  3.32119E-04
       2       4       1  2.92402E-03  3.19987E-03  2.92402E-05  4.36115E-01  1.80012E-01  3.37358E-01  7.25234E+01 -1.87961E+02  3.23298E+00  7.04211E+04  6.76629E+04  4.90148E+04  6.82905E+02  4.91711E+02  1.43358E+03  0.00000E+00  2.97711E-03  2.22764E-04
       2       4       2  8.83966E-04  8.53660E-04  8.83966E-06  1.14270E+00  4.71742E-01  8.54592E-01 -9.62018E+00  4.01804E+01  6.64343E+00  8.80120E+04  6.46199E+04  5.40402E+04  1.25764E+04  4.54824E+03  1.35648E+04  0.00000E+00  7.67652E-04  8.60082E-05
       2       4       3  1.47938E-03  1.59307E-03  1.47938E-05  1.72044E+00  7.17900E-01  1.34434E+00  2.84868E+01 -8.16986E+01  2.26557E+00  2.69888E+04  2.78758E+04  2.43571E+04  1.14273E+03  3.08765E+03  1.81614E+03  0.00000E+00  1.43583E-03  1.57243E-04
       2       4       4  2.38493E-03  1.60336E-03  2.38493E-05  2.58132E+00  1.06749E+00  2.02564E+00  6.92429E+01 -1.78766E+02  5.48899E+00  8.34671E+04  1.51097E+05  5.79060E+04 -3.26206E+04  3.35812E+02  3.20432E+03  0.00000E+00  1.52698E-03  7.63731E-05
       2       4       5  2.46003E-03  3.33304E-03  2.46003E-05  3.93779E+00  1.64038E+00  3.03979E+00  4.62605E+01 -9.82216E+01  1.83555E+00  5.95426E+04  5.49018E+04  3.78484E+04  2.39756E+03  2.94313E+03  7.50347E+03  0.00000E+00  3.16718E-03  1.65859E-04
       2       4       6  2.61505E-03  2.94832E-03  2.61505E-05  5.60121E+00  2.31288E+00  4.03308E+00  2.05489E+01 -5.87712E+01 -1.14748E+00  2.91694E+04  2.31641E+04  1.63816E+04  2.68072E+03  4.00945E+03  9.81778E+03  0.00000E+00  2.62778E-03  3.20534E-04
       2       4       7  2.71406E-03  2.42275E-03  2.71406E-05  9.13611E+00  3.78899E+00  6.85687E+00  1.05308E+02 -2.56318E+02  1.40958E+00  5.87886E+04  9.68643E+04  4.50853E+04 -1.97304E+04  2.90721E+03  9.15285E+03  0.00000E+00  2.15899E-03  2.63764E-04
       2       4       8  3.45798E-03  4.19884E-03  3.45798E-05  1.38077E+01  5.70536E+00  1.01977E+01  6.11224E+01 -1.53380E+02 -3.90121E+00  3.87634E+04  3.90673E+04  2.72536E+04 -1.30966E+02  2.59266E+03  5.05841E+03  0.00000E+00  3.70399E-03  4.94853E-04
       2       4       9  5.10245E-03  5.66854E-03  5.10245E-05  1.92478E+01  7.92719E+00  1.38903E+01  3.37076E+01 -8.27621E+01 -2.34865E-01  1.45875E+04  1.42005E+04  9.65135E+03  3.49217E+02  7.74259E+02  2.20743E+03  0.00000E+00  4.50767E-03  1.16086E-03
       2       4      10  3.71062E-03  4.87635E-03  3.71062E-05  5.31080E+01  2.19743E+01  3.89733E+01  7.25461E+01 -1.63006E+02 -1.66831E-01  2.97442E+04  4.59151E+04  1.24230E+04 -8.84931E+03  4.01347E+02  1.65037E+03  0.00000E+00  4.54328E-03  3.33069E-04
       2       5       1  3.60303E-03  3.31358E-03  3.60303E-05  4.63296E-01  1.91907E-01  2.11575E-01  7.19135E+01 -1.80548E+02 -9.10706E-03  6.02353E+04  5.98477E+04  5.18574E+04 -2.96683E+01 -1.07829E+02 -9.02229E+02  0.00000E+00  3.03856E-03  2.75024E-04
       2       5       2  1.12467E-03  1.08209E-03  1.12467E-05  1.28846E+00  5.31197E-01  5.96679E-01 -8.14734E+00  3.55656E+01 -7.30852E+00  9.35674E+04  5.95499E+04  5.30227E+04  1.59268E+04  1.21954E+03  2.34310E+03  0.00000E+00  1.03648E-03  4.56132E-05
       2       5       3  1.84316E-03  1.57785E-03  1.84316E-05  1.91739E+00  7.93078E-01  8.84180E-01  3.95125E+01 -9.15800E+01 -5.31574E+00  6.47660E+04  3.54961E+04  2.91718E+04  1.67700E+04  4.29769E+03  7.86299E+03  0.00000E+00  1.37983E-03  1.98020E-04
       2       5       4  3.15203E-03  1.88412E-03  3.15203E-05  2.92373E+00  1.21280E+00  1.35016E+00  5.27196E+01 -1.40809E+02  3.89106E+00  8.16480E+04  9.74251E+04  9.00625E+04 -8.63251E+03  3.76914E+03  8.54449E+03  0.00000E+00  1.84195E-03  4.21705E-05
       2       5       5  3.47406E-03  3.30536E-03  3.47406E-05  4.45569E+00  1.83716E+00  2.08028E+00  3.41728E+01 -9.29132E+01 -7.78763E+00  6.07981E+04  4.99330E+04  4.32278E+04  5.69483E+03  2.32734E+03  3.93486E+03  0.00000E+00  3.20214E-03  1.03216E-04
       2       5       6  4.18107E-03  3.81945E-03  4.18107E-05  6.09908E+00  2.55986E+00  2.82345E+00  3.01348E+01 -7.53927E+01  1.90746E+00  4.82244E+04  3.04082E+04  2.26446E+04  9.62303E+03  9.08839E+02  2.91002E+03  0.00000E+00  3.56590E-03  2.53551E-04
       2       5       7  5.17757E-03  3.06544E-03  5.17757E-05  1.01705E+01  4.21019E+00  4.71954E+00  8.41385E+01 -2.01274E+02  4.34746E+00  7.18070E+04  7.02724E+04  5.59898E+04  1.50752E+03  2.17998E+03  7.67982E+03  0.00000E+00  2.69326E-03  3.72182E-04
       2       5       8  5.47798E-03  5.91816E-03  5.47798E-05  1.53907E+01  6.40323E+00  6.99267E+00  5.33198E+01 -1.27909E+02  1.58549E+00  4.66274E+04  3.24611E+04  2.65782E+04  7.67982E+03  1.55344E+03  4.47234E+03  0.00000E+00  5.04695E-03  8.71211E-04
       2       5       9  8.44501E-03  8.17502E-03  8.44501E-05  2.13660E+01  8.88192E+00  9.73945E+00  2.77545E+01 -6.70738E+01  2.51545E+00  1.65793E+04  1.15173E+04  9.33464E+03  2.56548E+03  7.96963E+02  2.03900E+03  0.00000E+00  5.76274E-03  2.41227E-03
       2       5      10  9.88822E-03  6.14439E-03  9.88822E-05  5.84560E+01  2.40606E+01  2.69150E+01  7.42254E+01 -1.61705E+02  7.78592E-01  3.20994E+04  4.35786E+04  1.50863E+04 -6.58709E+03 -3.53180E+02  5.65160E+02  0.00000E+00  5.90956E-03  2.34832E-04
       2       6       1  3.99763E-03  4.22118E-03  3.99763E-05  5.31764E-01  2.20502E-01  6.91925E-02  5.70999E+01 -1.34200E+02 -1.96967E+00  6.71149E+04  4.44736E+04  4.78211E+04  1.11422E+04  4.32403E+02  6.29252E+01  0.00000E+00  3.69518E-03  5.25992E-04
       2       6       2  1.27473E-03  1.30525E-03  1.27473E-05  1.37607E+00  5.68675E-01  1.98574E-01 -4.66853E+01  1.11524E+02 -2.31270E+00  8.23888E+04  8.21098E+04  4.01842E+04  1.12614E+03 -8.10608E+02 -3.11525E+03  0.00000E+00  1.23968E-03  6.55630E-05
       2       6       3  2.05840E-03  2.23508E-03  2.05840E-05  2.08312E+00  8.65103E-01  2.80384E-01  3.03267E+01 -8.23853E+01 -4.05976E-01  5.39413E+04  2.76540E+04  2.50064E+04  1.36960E+04 -8.26750E+02 -2.03578E+03  0.00000E+00  2.05722E-03  1.77857E-04
       2       6       4  3.64911E-03  2.89498E-03  3.64911E-05  3.15947E+00  1.31729E+00  4.58405E-01  2.42989E+01 -5.69547E+01 -1.88175E+00  7.19972E+04  1.21941E+05  6.94581E+04 -2.29148E+04 -1.49344E+03 -1.95079E+03  0.00000E+00  2.78568E-03  1.09307E-04
       2       6       5  4.20372E-03  4.41035E-03  4.20372E-05  4.80452E+00  1.99207E+00  6.72797E-01  1.27394E+01 -3.30574E+01 -2.33424E+00  5.97141E+04  6.13684E+04  2.85650E+04 -9.89496E+02  1.11539E+03  3.86210E+02  0.00000E+00  4.22197E-03  1.88384E-04
       2       6       6  5.44905E-03  6.13463E-03  5.44905E-05  6.52371E+00  2.73493E+00  8.84057E-01  1.52605E+01 -4.00593E+01 -1.61008E+00  3.12478E+04  2.88933E+04  1.80563E+04  1.52776E+03  9.18473E+02  1.63935E+03  0.00000E+00  5.83053E-03  3.04098E-04
       2       6       7  7.84085E-03  5.85133E-03  7.84085E-05  1.09975E+01  4.55268E+00  1.63077E+00  1.18912E+02 -2.86308E+02 -1.55234E+00  5.46927E+04  1.07375E+05  3.26481E+04 -2.58133E+04  1.45024E+03  2.50367E+03  0.00000E+00  5.38220E-03  4.69131E-04
       2       6       8  7.94948E-03  9.92744E-03  7.94948E-05  1.65355E+01  6.88036E+00  2.36167E+00  7.92663E+01 -1.90051E+02  2.58117E+00  3.85161E+04  5.07291E+04  1.59650E+04 -5.94695E+03  3.18298E+02  1.49798E+03  0.00000E+00  9.08593E-03  8.41519E-04
       2       6       9  1.13116E-02  1.13175E-02  1.13116E-04  2.22214E+01  9.28587E+00  3.38962E+00  4.54683E+01 -1.11252E+02 -1.12482E+00  1.47641E+04  2.14896E+04  6.69554E+03 -3.10607E+03  3.50291E+02  4.56568E+02  0.00000E+00  9.11154E-03  2.20596E-03
       2       6      10  1.88143E-02  2.24791E-02  1.88143E-04  5.70681E+01  2.36201E+01  7.93541E+00  1.16857E+02 -2.75227E+02 -7.69936E-03  2.04673E+04  8.43545E+04  6.32665E+03 -3.21485E+04 -1.15759E+02  1.33340E+02  0.00000E+00  2.21886E-02  2.90508E-04
       3       1       1  4.15503E-04  4.64228E-04  4.15503E-06  8.66822E-02  6.72826E-02  5.60084E-01  1.41672E+02 -1.80286E+02 -9.63793E+00  7.25749E+04  7.55226E+04  8.69703E+04 -1.02573E+04  5.33274E+03  5.43763E+03  0.00000E+00  3.62615E-04  1.01613E-04
       3       1       2  1.18316E-04  1.36642E-04  1.18316E-06  2.26406E-01  1.74455E-01  1.44836E+00  1.75202E+02 -1.03855E+02 -1.58756E+01  7.32407E+04  3.87199E+04  8.97969E+04 -1.02139E+04  2.61715E+02  1.55939E+02  0.00000E+00  1.12038E-04  2.46038E-05
       3       1       3  2.04128E-04  2.69347E-04  2.04128E-06  3.30668E-01  2.56606E-01  2.08047E+00  8.13108E+01 -6.47053E+01  2.72692E+01  4.70137E+04  3.12533E+04  3.34842E+04  3.11017E+03  2.43903E+03  6.97666E+03  0.00000E+00  1.92724E-04  7.66236E-05
       3       1       4  2.86832E-04  1.98672E-04  2.86832E-06  5.56033E-01  4.24743E-01  3.61336E+00  2.61324E+02 -2.03397E+02 -1.38662E+01  1.08039E+05  7.62255E+04  3.73669E+04 -2.78590E+04  2.00307E+03  9.32396E+02  0.00000E+00  1.92229E-04  6.44360E-06
       3       1       5  2.61760E-04  3.60863E-04  2.61760E-06  8.27103E-01  6.31418E-01  5.19040E+00  1.88455E+02 -1.33563E+02  9.05086E-01  4.93029E+04  3.24577E+04  3.51592E+04 -1.58160E+04  4.22681E+02  1.83196E+02  0.00000E+00  3.52992E-04  7.87028E-06
       3       1       6  2.09509E-04  1.81585E-04  2.09509E-06  1.01799E+00  7.82750E-01  6.40423E+00  1.40498E+02 -1.05040E+02 -2.27806E+00  2.82109E+04  1.95568E+04  2.47829E+04 -9.96073E+03  1.72896E+03  2.04410E+03  0.00000E+00  1.70322E-04  1.12628E-05
       3       1       7  2.13522E-04  2.38221E-04  2.13522E-06  1.84641E+00  1.41210E+00  1.23452E+01  2.24050E+02 -1.56597E+02 -1.41478E+01  7.88141E+04  5.25490E+04  4.04152E+04 -2.22598E+04  2.49862E+03  4.18354E+03  0.00000E+00  2.08573E-04  2.96476E-05
       3       1       8  3.57882E-04  4.27493E-04  3.57882E-06  2.70205E+00  2.05498E+00  1.78526E+01  1.50121E+02 -1.01211E+02 -1.68088E+01  3.57909E+04  2.20202E+04  3.45825E+04 -1.06932E+04  1.65520E+03  8.12534E+02  0.00000E+00  3.60500E-04  6.69926E-05
       3       1       9  3.72855E-04  3.91731E-04  3.72855E-06  3.18583E+00  2.42539E+00  2.37397E+01  7.17938E+01 -4.64345E+01  9.74336E-01  1.30107E+04  8.31382E+03  1.72921E+04 -3.72211E+03  6.03138E+02  1.45662E+03  0.00000E+00  2.09727E-04  1.82003E-04
       3       1      10  1.69423E-04  1.79641E-04  1.69423E-06  1.11563E+01  8.39376E+00  7.29111E+01  4.24467E+01 -2.74106E+01 -8.98521E+00  5.65921E+03  3.21381E+03  6.41446E+04  1.46820E+02  2.34999E+03  3.41641E+03  0.00000E+00  1.21465E-04  5.81762E-05
       3       2       1  1.25512E-03  1.15108E-03  1.25512E-05  1.55258E-01  1.20021E-01  4.62801E-01  9.17628E+01 -1.28037E+02  3.05385E+00  7.32826E+04  6.16869E+04  9.24752E+04  1.98641E+04  6.06774E+03  8.11446E+03  0.00000E+00  9.40178E-04  2.10904E-04
       3       2       2  3.60853E-04  2.97489E-04  3.60853E-06  4.59880E-01  3.55740E-01  1.39172E+00  4.35398E+01 -8.13011E+01  6.44034E+00  7.87619E+04  6.09151E+04  1.07399E+05  4.91008E+04  9.63661E+03  1.15263E+04  0.00000E+00  2.39241E-04  5.82480E-05
       3       2       3  6.20436E-04  3.49427E-04  6.20436E-06  6.37972E-01  4.94842E-01  2.03427E+00  4.68322E+01 -1.83280E+01  1.88254E+01  4.56104E+04  2.85798E+04  7.55379E+04  2.97110E+04  7.97778E+03  1.05034E+04  0.00000E+00  2.26294E-04  1.23134E-04
       3       2       4  8.94670E-04  3.57254E-04  8.94670E-06  1.09095E+00  8.41681E-01  3.28451E+00  9.81335E+01 -8.47553E+01 -1.01120E+00  8.02733E+04  6.14059E+04  1.09925E+05  4.56480E+04  7.47579E+03  1.12978E+04  0.00000E+00  3.17715E-04  3.95392E-05
       3       2       5  8.32551E-04  6.82845E-04  8.32551E-06  1.62068E+00  1.24864E+00  4.84427E+00  6.03677E+01 -7.07853E+01 -9.24693E+00  3.60994E+04  3.02880E+04  6.79938E+04  2.03702E+04  7.56447E+03  1.01512E+04  0.00000E+00  6.10649E-04  7.21962E-05
       3       2       6  7.01264E-04  6.90520E-04  7.01264E-06  2.37851E+00  1.78024E+00  6.50532E+00  2.79669E+01 -3.12051E+01 -1.03155E+01  1.40669E+04  1.03396E+04  4.07429E+04  7.96498E+03  7.56609E+03  9.47334E+03  0.00000E+00  5.25065E-04  1.65456E-04
       3       2       7  6.91464E-04  4.28634E-04  6.91464E-06  3.75486E+00  2.88495E+00  1.12641E+01  6.82590E+01 -8.49227E+01 -1.86501E+01  5.33229E+04  4.73435E+04  8.28942E+04  2.45647E+04  1.36752E+04  1.80545E+04  0.00000E+00  2.69601E-04  1.59033E-04
       3       2       8  1.14201E-03  8.55058E-04  1.14201E-05  5.60619E+00  4.35971E+00  1.66334E+01  3.82519E+01 -5.43605E+01 -2.16234E+01  2.45017E+04  2.01611E+04  4.85514E+04  1.43213E+04  9.33256E+03  1.11148E+04  0.00000E+00  5.09790E-04  3.45269E-04
       3       2       9  1.27109E-03  9.42367E-04  1.27109E-05  8.01856E+00  6.07028E+00  2.25284E+01  8.52392E+00 -2.44323E+01 -2.20264E+01  7.32525E+03  6.23400E+03  1.86908E+04  4.40023E+03  3.37914E+03  4.39137E+03  0.00000E+00  2.66020E-04  6.76347E-04
       3       2      10  5.82135E-04  3.84864E-04  5.82135E-06  2.19155E+01  1.69476E+01  7.06424E+01  4.40414E+00 -1.57237E+01 -8.37267E+00  7.27886E+03  5.13885E+03  5.48886E+04  5.36579E+03  8.09063E+03  1.04973E+04  0.00000E+00  1.50995E-04  2.33869E-04
       3       3       1  2.10507E-03  2.21699E-03  2.10507E-05  2.84527E-01  2.19796E-01  4.80597E-01  6.89244E+01 -9.22442E+01  3.55391E+00  5.33135E+04  4.58321E+04  6.57809E+04  1.43670E+04  3.04230E+03  3.73194E+03  0.00000E+00  2.04199E-03  1.74999E-04
       3       3       2  6.17579E-04  6.54521E-04  6.17579E-06  7.25705E-01  5.56924E-01  1.21702E+00  3.84224E+01 -6.62469E+01  1.09227E+01  6.34643E+04  4.36006E+04  9.85070E+04  4.17662E+04  7.44966E+03  1.06581E+04  0.00000E+00  5.54433E-04  1.00088E-04
       3       3       3  1.05183E-03  1.10891E-03  1.05183E-05  1.06175E+00  8.22865E-01  1.79273E+00  3.29541E+01 -3.91015E+01 -8.96763E+00  2.81617E+04  1.75870E+04  4.23320E+04  1.68081E+04  8.39130E+03  9.48595E+03  0.00000E+00  8.11307E-04  2.97606E-04
       3       3       4  1.59248E-03  1.09724E-03  1.59248E-05  1.64479E+00  1.26606E+00  2.76173E+00  1.29534E+02 -1.61062E+02 -2.43954E+00  9.63453E+04  1.07180E+05  7.34393E+04 -2.31744E+04  1.08035E+04  1.20782E+04  0.00000E+00  9.41911E-04  1.55333E-04
       3       3       5  1.54460E-03  1.49071E-03  1.54460E-05  2.60230E+00  2.01108E+00  4.10250E+00  6.87164E+01 -5.89568E+01 -1.59935E+00  4.31762E+04  3.66214E+04  5.48143E+04  1.09843E+04  8.83442E+03  1.11593E+04  0.00000E+00  1.30196E-03  1.88752E-04
       3       3       6  1.43863E-03  1.91281E-03  1.43863E-05  3.33051E+00  2.55541E+00  5.65563E+00  4.09260E+01 -4.94816E+01 -8.36592E+00  1.72912E+04  1.81708E+04  3.13562E+04 -1.18344E+03  8.38263E+03  1.05295E+04  0.00000E+00  1.57571E-03  3.37101E-04
       3       3       7  1.38819E-03  1.20718E-03  1.38819E-05  5.78282E+00  4.46019E+00  9.81134E+00  1.13162E+02 -1.54203E+02 -1.20473E+01  5.70433E+04  6.00530E+04  6.99428E+04 -7.44700E+03  1.64051E+04  2.04985E+04  0.00000E+00  8.21600E-04  3.85580E-04
       3       3       8  2.12539E-03  2.26214E-03  2.12539E-05  8.62468E+00  6.62143E+00  1.44897E+01  6.19180E+01 -9.83035E+01 -1.34307E+01  2.85537E+04  2.80002E+04  3.99154E+04  9.40132E+02  9.29202E+03  1.23330E+04  0.00000E+00  1.41647E-03  8.45675E-04
       3       3       9  2.69762E-03  3.10279E-03  2.69762E-05  1.20605E+01  9.22286E+00  1.98764E+01  1.97247E+01 -3.41107E+01 -4.87749E+00  9.86522E+03  8.33319E+03  1.55542E+04  1.55124E+03  3.92309E+03  4.52022E+03  0.00000E+00  8.14715E-04  2.28808E-03
       3       3      10  1.39355E-03  1.20225E-03  1.39355E-05  3.31397E+01  2.55756E+01  5.63536E+01  4.95192E+01 -7.91368E+01  2.37944E+01  2.28034E+04  2.07540E+04  4.36887E+04  6.92525E+03  1.54038E+03  4.80233E+03  0.00000E+00  1.05957E-03  1.42676E-04
       3       4       1  2.92167E-03  3.32529E-03  2.92167E-05  3.75382E-01  2.88765E-01  3.36911E-01  1.17702E+02 -1.51038E+02 -1.41764E+00  6.98518E+04  6.50650E+04  4.71010E+04  4.76297E+03  7.77273E+02  1.94432E+03  0.00000E+00  3.04429E-03  2.80996E-04
       3       4       2  8.82939E-04  9.18548E-04  8.82939E-06  9.87237E-01  7.53833E-01  8.51438E-01 -2.06314E+01  3.60201E+01 -7.51301E-01  7.81738E+04  6.76750E+04  5.52510E+04  2.06990E+04  5.75725E+03  8.27342E+03  0.00000E+00  8.01075E-04  1.17473E-04
       3       4       3  1.47829E-03  1.73526E-03  1.47829E-05  1.47803E+00  1.13987E+00  1.32500E+00  4.40655E+01 -6.34703E+01  3.89127E+00  2.82403E+04  2.48463E+04  2.48936E+04  6.19531E+03 -8.42223E+02  4.13008E+03  0.00000E+00  1.52359E-03  2.11676E-04
       3       4       4  2.38182E-03  1.62183E-03  2.38182E-05  2.21053E+00  1.69418E+00  2.03112E+00  1.10095E+02 -1.57461E+02 -1.13652E+00  1.04669E+05  1.32120E+05  5.80480E+04 -4.29661E+04  5.20245E+03  5.02829E+03  0.00000E+00  1.52533E-03  9.65040E-05
       3       4       5  2.45617E-03  3.16002E-03  2.45617E-05  3.38777E+00  2.58968E+00  3.02171E+00  6.07835E+01 -8.82077E+01  7.46061E+00  6.04408E+04  5.82659E+04  3.74309E+04  3.20086E+03  3.38158E+03  6.19547E+03  0.00000E+00  2.94364E-03  2.16374E-04
       3       4       6  2.61055E-03  2.48303E-03  2.61055E-05  4.70685E+00  3.61109E+00  4.05638E+00  4.54553E+01 -3.92417E+01  1.55259E+01  3.23389E+04  2.66249E+04  1.85830E+04  3.87732E+03  5.85197E+03  8.28159E+03  0.00000E+00  2.03235E-03  4.50683E-04
       3       4       7  2.70766E-03  2.46584E-03  2.70766E-05  7.88487E+00  6.04337E+00  6.88633E+00  1.69098E+02 -2.16658E+02  5.63314E+00  6.94141E+04  8.57145E+04  4.64929E+04 -2.65531E+04  7.23208E+03  9.33908E+03  0.00000E+00  2.13967E-03  3.26166E-04
       3       4       8  3.45358E-03  4.54091E-03  3.45358E-05  1.17878E+01  9.09584E+00  1.02882E+01  9.86968E+01 -1.20736E+02  9.89378E+00  3.73469E+04  3.78138E+04  2.76136E+04  7.65501E+02  4.35758E+03  6.43701E+03  0.00000E+00  3.74814E-03  7.92775E-04
       3       4       9  5.09304E-03  5.94985E-03  5.09304E-05  1.63193E+01  1.25364E+01  1.41119E+01  5.86919E+01 -5.86832E+01  4.88070E+00  1.53436E+04  1.34909E+04  9.35200E+03  1.25129E+03  1.38544E+03  1.81836E+03  0.00000E+00  4.28292E-03  1.66693E-03
       3       4      10  3.69543E-03  4.63534E-03  3.69543E-05  4.46469E+01  3.42716E+01  3.75307E+01  1.16917E+02 -1.52910E+02  4.39933E+00  3.60863E+04  4.29116E+04  1.53301E+04 -1.42340E+04  8.98240E+02  1.48745E+03  0.00000E+00  4.43070E-03  2.04639E-04
       3       5       1  3.59901E-03  3.31644E-03  3.59901E-05  3.99968E-01  3.08768E-01  2.13960E-01  1.12698E+02 -1.56181E+02  5.81535E+00  6.16754E+04  6.15926E+04  5.17111E+04  2.22039E+03 -1.65080E+03  9.22546E+02  0.00000E+00  2.97336E-03  3.43088E-04
       3       5       2  1.12274E-03  1.18423E-03  1.12274E-05  1.10454E+00  8.44029E-01  5.96654E-01 -1.21592E+01  1.59597E+01  2.29446E+01  9.23301E+04  7.43074E+04  5.46891E+04  2.99498E+04 -3.92541E+03  6.59416E+03  0.00000E+00  1.10943E-03  7.47985E-05
       3       5       3  1.84128E-03  1.72419E-03  1.84128E-05  1.63953E+00  1.27161E+00  8.87715E-01  6.00520E+01 -7.58413E+01  2.10284E+01  5.42543E+04  4.54259E+04  3.01861E+04  2.23671E+04 -4.00245E+01  6.70829E+03  0.00000E+00  1.45345E-03  2.70745E-04
       3       5       4  3.14617E-03  1.88352E-03  3.14617E-05  2.52418E+00  1.93855E+00  1.32673E+00  8.51928E+01 -1.16951E+02  2.04984E+01  8.91319E+04  9.24790E+04  8.68343E+04 -9.47554E+03 -6.85283E+02  6.07286E+03  0.00000E+00  1.82248E-03  6.10425E-05
       3       5       5  3.46566E-03  3.60586E-03  3.46566E-05  3.82494E+00  2.95239E+00  2.07000E+00  5.27358E+01 -8.39983E+01  1.52323E+01  5.75313E+04  5.46178E+04  4.31348E+04  1.10590E+04  6.54309E+02  4.10297E+03  0.00000E+00  3.45814E-03  1.47720E-04
       3       5       6  4.17037E-03  4.77960E-03  4.17037E-05  5.31602E+00  4.13770E+00  2.84426E+00  3.91823E+01 -6.52217E+01  1.28797E+01  3.87352E+04  3.29878E+04  2.10033E+04  1.30678E+04  3.04857E+03  5.69422E+03  0.00000E+00  4.31924E-03  4.60356E-04
       3       5       7  5.15580E-03  3.31270E-03  5.15580E-05  8.71967E+00  6.72024E+00  4.63695E+00  1.25743E+02 -1.58559E+02 -4.45142E-01  7.53957E+04  6.98773E+04  5.20175E+04  8.87769E+03  6.31336E+03  7.16038E+03  0.00000E+00  2.72487E-03  5.87835E-04
       3       5       8  5.46045E-03  5.92821E-03  5.46045E-05  1.31914E+01  1.01635E+01  6.97655E+00  8.45176E+01 -1.04520E+02 -2.46795E-01  4.17600E+04  3.69429E+04  2.55551E+04  1.03018E+04  4.02170E+03  5.31652E+03  0.00000E+00  4.76723E-03  1.16098E-03
       3       5       9  8.42208E-03  8.85029E-03  8.42208E-05  1.84116E+01  1.43360E+01  9.64551E+00  4.33381E+01 -5.24083E+01 -8.22260E-01  1.49681E+04  1.27311E+04  7.95529E+03  4.10477E+03  1.17561E+03  1.37908E+03  0.00000E+00  5.99098E-03  2.85931E-03
       3       5      10  9.81814E-03  5.63101E-03  9.81814E-05  4.87346E+01  3.74467E+01  2.64598E+01  1.13613E+02 -1.53486E+02  2.72722E+00  3.70051E+04  4.23203E+04  1.74308E+04 -1.02821E+04  4.32720E+02  1.13671E+03  0.00000E+00  5.53160E-03  9.94106E-05
       3       6       1  3.99242E-03  4.41205E-03  3.99242E-05  4.48101E-01  3.46602E-01  8.56833E-02  8.63566E+01 -1.13008E+02  3.39155E+00  6.04334E+04  5.14244E+04  4.33062E+04  1.61311E+04 -1.38993E+03  8.85502E+01  0.00000E+00  3.65962E-03  7.52433E-04
       3       6       2  1.27207E-03  1.26690E-03  1.27207E-05  1.18387E+00  9.09603E-01  2.00366E-01 -8.08901E+01  9.96258E+01  9.60162E+00  8.64731E+04  8.58457E+04  4.11805E+04  1.79637E+03 -4.74832E+03 -8.62686E+02  0.00000E+00  1.16675E-03  1.00153E-04
       3       6       3  2.05593E-03  2.01716E-03  2.05593E-05  1.78513E+00  1.38507E+00  2.92545E-01  4.91920E+01 -6.78141E+01  8.76110E+00  5.23760E+04  4.08121E+04  2.70216E+04  2.40597E+04 -2.69212E+03 -2.34974E+03  0.00000E+00  1.72965E-03  2.87509E-04
       3       6       4  3.64109E-03  2.93257E-03  3.64109E-05  2.70768E+00  2.08154E+00  4.55310E-01  3.94792E+01 -4.65887E+01  6.74559E+00  9.33441E+04  1.08627E+05  6.79815E+04 -2.81948E+04 -4.99301E+01  1.20104E+03  0.00000E+00  2.74318E-03  1.89383E-04
       3       6       5  4.19115E-03  4.52402E-03  4.19115E-05  4.12570E+00  3.16998E+00  6.96491E-01  2.42384E+01 -2.64278E+01  5.38668E+00  6.38876E+04  6.25213E+04  2.84431E+04  2.98453E+03  1.49636E+03  3.40051E+03  0.00000E+00  4.23013E-03  2.93890E-04
       3       6       6  5.43219E-03  6.43288E-03  5.43219E-05  5.64146E+00  4.34567E+00  9.33076E-01  2.52151E+01 -3.27701E+01  6.13125E+00  3.20062E+04  3.10065E+04  1.67774E+04  4.50002E+03  1.22891E+03  2.14412E+03  0.00000E+00  6.04658E-03  3.86305E-04
       3       6       7  7.79817E-03  5.96772E-03  7.79817E-05  9.43731E+00  7.26641E+00  1.62988E+00  1.82969E+02 -2.43326E+02  2.14268E+00  7.22794E+04  9.15818E+04  3.09419E+04 -3.32549E+04  2.21719E+03  3.01571E+03  0.00000E+00  5.29758E-03  6.70136E-04
       3       6       8  7.90402E-03  1.04705E-02  7.90402E-05  1.41847E+01  1.09239E+01  2.41635E+00  1.17103E+02 -1.55248E+02  5.59147E-01  4.31733E+04  4.63418E+04  1.45092E+04 -5.22115E+03  9.18280E+02  9.81796E+02  0.00000E+00  9.07270E-03  1.39778E-03
       3       6       9  1.12722E-02  1.31835E-02  1.12722E-04  1.93111E+01  1.49716E+01  3.43506E+00  6.08372E+01 -8.23942E+01 -1.80517E+00  1.61161E+04  1.75526E+04  5.91559E+03 -2.43800E+03  5.70603E+02  6.99002E+02  0.00000E+00  9.20472E-03  3.97880E-03
       3       6      10  1.86374E-02  2.20950E-02  1.86374E-04  4.84457E+01  3.71903E+01  7.81592E+00  1.84175E+02 -2.41589E+02  1.22011E+00  4.16860E+04  6.53830E+04  6.47451E+03 -4.41598E+04 -1.69118E+02  2.03064E+02  0.00000E+00  2.19519E-02  1.43112E-04
       4       1       1  4.15484E-04  4.45918E-04  4.15484E-06  6.37764E-02  8.20834E-02  5.45020E-01  1.83659E+02 -1.34865E+02 -6.21565E-02  8.06149E+04  7.19706E+04  7.57591E+04 -8.66402E+03  1.86537E+03  3.73836E+03  0.00000E+00  3.50050E-04  9.58683E-05
       4       1       2  1.18310E-04  1.18419E-04  1.18310E-06  1.58986E-01  2.06237E-01  1.43683E+00  1.85228E+02 -5.06955E+01 -3.13691E+01  8.96470E+04  5.97030E+04  9.04452E+04 -1.32393E+04 -6.90042E+03  1.37449E+04  0.00000E+00  1.05256E-04  1.31629E-05
       4       1       3  2.04120E-04  2.10248E-04  2.04120E-06  2.27892E-01  2.95649E-01  2.07658E+00  1.04142E+02 -5.71916E+01  1.07132E+01  5.02694E+04  5.10320E+04  2.86683E+04  7.41072E+03 -3.12459E+03  4.60697E+03  0.00000E+00  1.81699E-04  2.85495E-05
       4       1       4  2.86813E-04  1.94265E-04  2.86813E-06  4.17478E-01  5.38937E-01  3.62194E+00  3.08659E+02 -1.33827E+02  7.79635E+00  1.18603E+05  6.28165E+04  3.95812E+04 -2.11010E+04  2.10263E+03  2.51087E+03  0.00000E+00  1.87749E-04  6.51668E-06
       4       1       5  2.61743E-04  3.70371E-04  2.61743E-06  6.12144E-01  7.92183E-01  5.18354E+00  2.01002E+02 -9.33442E+01 -1.04985E+01  5.22169E+04  2.57543E+04  4.09696E+04 -1.15911E+04  1.16300E+03 -5.53814E+02  0.00000E+00  3.59735E-04  1.06363E-05
       4       1       6  2.09494E-04  1.92336E-04  2.09494E-06  7.61801E-01  1.00340E+00  6.50627E+00  1.45450E+02 -6.97243E+01  8.87485E+00  2.92282E+04  1.43128E+04  2.71259E+04 -6.74704E+03  9.32094E+02  1.74738E+03  0.00000E+00  1.78497E-04  1.38394E-05
       4       1       7  2.13511E-04  2.14435E-04  2.13511E-06  1.35750E+00  1.76906E+00  1.23422E+01  2.65116E+02 -1.14996E+02 -3.67852E+00  9.02690E+04  4.67272E+04  3.47783E+04 -1.88595E+04  1.88747E+03  1.11527E+03  0.00000E+00  1.94547E-04  1.98871E-05
       4       1       8  3.57865E-04  4.04526E-04  3.57865E-06  1.97644E+00  2.58050E+00  1.79453E+01  1.70159E+02 -7.04346E+01  1.06099E+00  3.89379E+04  1.87331E+04  3.24061E+04 -8.00711E+03  5.21276E+02  1.15219E+03  0.00000E+00  3.49306E-04  5.52202E-05
       4       1       9  3.72824E-04  2.92763E-04  3.72824E-06  2.49087E+00  3.22288E+00  2.33587E+01  9.88381E+01 -4.02387E+01  3.82430E-01  1.73254E+04  8.32057E+03  1.68088E+04 -3.75390E+03  1.26828E+03  7.30551E+02  0.00000E+00  1.87888E-04  1.04875E-04
       4       1      10  1.69410E-04  1.74215E-04  1.69410E-06  7.90242E+00  1.00889E+01  7.52157E+01  4.50516E+01 -1.60445E+01  3.49101E+00  4.71981E+03  3.12563E+03  5.81142E+04  2.22564E+02  2.73687E+03  2.31314E+03  0.00000E+00  1.08892E-04  6.53236E-05
       4       2       1  1.25484E-03  1.18032E-03  1.25484E-05  1.18509E-01  1.52984E-01  4.49062E-01  1.21154E+02 -9.99230E+01  2.41027E+00  6.53798E+04  6.95706E+04  8.88161E+04  1.92256E+04  2.95644E+03  3.05101E+03  0.00000E+00  9.87733E-04  1.92587E-04
       4       2       2  3.60753E-04  2.51865E-04  3.60753E-06  3.60162E-01  4.62092E-01  1.38617E+00  7.29053E+01 -7.63377E+01  6.47183E+00  6.63577E+04  8.77484E+04  1.21793E+05  5.36236E+04 -2.38053E+02  5.72384E+03  0.00000E+00  2.15535E-04  3.63296E-05
       4       2       3  6.20310E-04  2.93717E-04  6.20310E-06  5.22596E-01  6.48438E-01  2.00718E+00  4.44916E+01 -2.17204E+01  7.24203E+00  4.92834E+04  6.69369E+04  9.42568E+04  4.94500E+04  1.66210E+04  1.56148E+04  0.00000E+00  2.07605E-04  8.61121E-05
       4       2       4  8.94373E-04  3.27671E-04  8.94373E-06  8.55020E-01  1.09871E+00  3.25932E+00  8.82202E+01 -8.80170E+01  6.88748E+00  5.50589E+04  8.78307E+04  1.19629E+05  4.36964E+04  1.82353E+04  1.16536E+04  0.00000E+00  2.80623E-04  4.70481E-05
       4       2       5  8.32271E-04  6.85733E-04  8.32271E-06  1.27894E+00  1.67279E+00  4.83761E+00  6.86397E+01 -5.30417E+01  4.64052E+00  2.41065E+04  3.77950E+04  6.61404E+04  1.80212E+04  7.45257E+03  6.20521E+03  0.00000E+00  6.45465E-04  4.02679E-05
       4       2       6  7.00992E-04  8.25269E-04  7.00992E-06  1.72786E+00  2.31666E+00  6.65492E+00  2.86316E+01 -1.80996E+01 -6.37232E+00  7.94218E+03  1.24364E+04  4.31959E+04  6.53849E+03  1.13117E+04  7.67400E+03  0.00000E+00  7.16546E-04  1.08723E-04
       4       2       7  6.91252E-04  4.52585E-04  6.91252E-06  2.92153E+00  3.89788E+00  1.11292E+01  7.76281E+01 -6.12928E+01 -4.62257E+01  3.91855E+04  5.38877E+04  9.08968E+04  1.93510E+04  2.61593E+04  1.66574E+04  0.00000E+00  2.40549E-04  2.12036E-04
       4       2       8  1.14174E-03  9.07446E-04  1.14174E-05  4.29903E+00  5.71370E+00  1.66766E+01  4.06414E+01 -3.89127E+01 -2.35180E+01  1.46511E+04  2.39967E+04  5.23370E+04  1.12461E+04  1.24854E+04  9.32328E+03  0.00000E+00  4.42223E-04  4.65223E-04
       4       2       9  1.27054E-03  1.26188E-03  1.27054E-05  6.03816E+00  7.74629E+00  2.29016E+01  1.29613E+01 -1.05810E+01 -8.49651E+00  3.94217E+03  5.76540E+03  1.68186E+04  2.98209E+03  4.71905E+03  3.36164E+03  0.00000E+00  2.31789E-04  1.03009E-03
       4       2      10  5.81833E-04  2.30180E-04  5.81833E-06  1.73310E+01  2.26200E+01  6.91162E+01  2.05978E+01 -1.38332E+01  4.27806E+00  5.41481E+03  9.65494E+03  5.57793E+04  5.96286E+03  8.42195E+03  6.50141E+03  0.00000E+00  1.35307E-04  9.48731E-05
       4       3       1  2.10394E-03  2.29071E-03  2.10394E-05  2.16252E-01  2.81808E-01  4.77212E-01  8.90907E+01 -7.03606E+01  5.52516E-01  4.71080E+04  4.94848E+04  6.27557E+04  1.41246E+04  1.80744E+03  2.01868E+03  0.00000E+00  2.12967E-03  1.61045E-04
       4       3       2  6.17135E-04  5.93991E-04  6.17135E-06  5.56697E-01  7.26361E-01  1.22021E+00  6.10676E+01 -5.27721E+01  3.81973E+00  4.21625E+04  6.43186E+04  9.44065E+04  4.01194E+04  6.75587E+03  4.50745E+03  0.00000E+00  5.31162E-04  6.28291E-05
       4       3       3  1.05131E-03  1.01025E-03  1.05131E-05  8.22366E-01  1.04990E+00  1.79601E+00  4.38742E+01 -3.11808E+01  5.81071E+00  2.00043E+04  2.78584E+04  4.13213E+04  1.89585E+04  7.73612E+03  6.67362E+03  0.00000E+00  8.21508E-04  1.88743E-04
       4       3       4  1.59114E-03  1.04034E-03  1.59114E-05  1.26558E+00  1.63666E+00  2.75953E+00  1.79886E+02 -1.40171E+02  5.68964E+00  1.14554E+05  9.85453E+04  6.67504E+04 -3.12632E+04  9.18749E+03  7.33884E+03  0.00000E+00  9.58180E-04  8.21616E-05
       4       3       5  1.54318E-03  1.21018E-03  1.54318E-05  1.99246E+00  2.60070E+00  4.09050E+00  7.95483E+01 -6.22097E+01 -7.01255E+00  4.06296E+04  4.69131E+04  5.46325E+04  1.01884E+04  1.18319E+04  8.33065E+03  0.00000E+00  1.09957E-03  1.10609E-04
       4       3       6  1.43712E-03  1.59373E-03  1.43712E-05  2.53924E+00  3.36044E+00  5.56192E+00  5.99441E+01 -4.63532E+01 -9.74288E-01  2.03409E+04  1.91423E+04  3.20094E+04 -2.91980E+03  1.08875E+04  8.34501E+03  0.00000E+00  1.41006E-03  1.83665E-04
       4       3       7  1.38670E-03  1.13066E-03  1.38670E-05  4.44497E+00  5.79243E+00  9.81492E+00  1.53423E+02 -1.29201E+02 -7.37400E+00  6.10785E+04  5.50890E+04  6.81205E+04 -1.08192E+04  1.98437E+04  1.52647E+04  0.00000E+00  7.68015E-04  3.62645E-04
       4       3       8  2.12405E-03  2.26635E-03  2.12405E-05  6.62863E+00  8.57786E+00  1.45022E+01  9.70953E+01 -7.65738E+01 -1.97307E+00  2.90970E+04  2.84977E+04  4.24309E+04  8.22387E+01  1.17728E+04  9.17027E+03  0.00000E+00  1.42592E-03  8.40435E-04
       4       3       9  2.69451E-03  2.94028E-03  2.69451E-05  9.13796E+00  1.16102E+01  2.01357E+01  3.21934E+01 -2.46347E+01  4.16890E+00  8.25737E+03  8.15292E+03  1.44562E+04  6.31314E+02  4.03966E+03  3.63132E+03  0.00000E+00  7.56271E-04  2.18401E-03
       4       3      10  1.39085E-03  1.45805E-03  1.39085E-05  2.87648E+01  3.77585E+01  6.17813E+01  6.07300E+01 -4.98130E+01 -1.87982E+01  1.36710E+04  1.57847E+04  3.07442E+04  3.34545E+03  3.20019E+03  7.96506E+02  0.00000E+00  1.32466E-03  1.33388E-04
       4       4       1  2.91895E-03  3.19392E-03  2.91895E-05  2.87310E-01  3.73774E-01  3.36436E-01  1.56627E+02 -1.22988E+02  4.01890E+00  6.77492E+04  6.93445E+04  4.84842E+04  3.56893E+03  1.83994E+03  1.97277E+03  0.00000E+00  3.03634E-03  1.57576E-04
       4       4       2  8.81757E-04  8.91564E-04  8.81757E-06  7.58634E-01  9.89619E-01  8.53251E-01 -2.51254E+01  3.89707E+01  2.74213E+00  6.96640E+04  7.41357E+04  5.43188E+04  1.88298E+04  2.60075E+03  2.79999E+03  0.00000E+00  7.99954E-04  9.16102E-05
       4       4       3  1.47703E-03  1.72747E-03  1.47703E-05  1.13834E+00  1.48550E+00  1.32772E+00  5.93286E+01 -5.27518E+01 -3.01061E+00  2.41044E+04  2.63841E+04  2.47058E+04  4.16649E+03  4.34825E+03  1.11791E+03  0.00000E+00  1.53580E-03  1.91665E-04
       4       4       4  2.37824E-03  1.57975E-03  2.37824E-05  1.71064E+00  2.21986E+00  2.03327E+00  1.47483E+02 -1.20591E+02 -1.35168E+00  1.32908E+05  1.05501E+05  5.65316E+04 -4.19602E+04  3.45264E+03  4.31293E+03  0.00000E+00  1.48359E-03  9.61662E-05
       4       4       5  2.45173E-03  3.15293E-03  2.45173E-05  2.59127E+00  3.38175E+00  3.04025E+00  8.20776E+01 -7.47230E+01  6.60166E-01  5.70421E+04  6.08367E+04  3.52070E+04  9.18209E+02  3.85608E+03  2.79338E+03  0.00000E+00  2.99634E-03  1.56592E-04
       4       4       6  2.60536E-03  2.42235E-03  2.60536E-05  3.57191E+00  4.74942E+00  4.00998E+00  4.27638E+01 -4.73326E+01  2.20036E+00  2.86909E+04  3.21681E+04  1.96759E+04  4.57746E+03  4.68079E+03  4.59373E+03  0.00000E+00  2.20912E-03  2.13235E-04
       4       4       7  2.70030E-03  2.42238E-03  2.70030E-05  6.04271E+00  7.86796E+00  6.90212E+00  2.26920E+02 -1.59638E+02 -3.44904E-01  8.55854E+04  6.86717E+04  4.59359E+04 -2.71341E+04  8.48640E+03  5.94852E+03  0.00000E+00  2.12560E-03  2.96784E-04
       4       4       8  3.44853E-03  4.38744E-03  3.44853E-05  9.08131E+00  1.18467E+01  1.02414E+01  1.34676E+02 -9.68257E+01 -1.90331E+00  3.99756E+04  3.88736E+04  2.57706E+04  1.43955E+01  5.07501E+03  3.56930E+03  0.00000E+00  3.80009E-03  5.87348E-04
       4       4       9  5.08221E-03  5.52132E-03  5.08221E-05  1.24885E+01  1.63584E+01  1.39625E+01  6.71870E+01 -5.71174E+01  3.12757E+00  1.40652E+04  1.45118E+04  1.00518E+04  3.01935E+02  1.77378E+03  1.51416E+03  0.00000E+00  4.21605E-03  1.30527E-03
       4       4      10  3.67799E-03  4.76824E-03  3.67799E-05  3.49617E+01  4.55818E+01  3.85294E+01  1.53328E+02 -1.15077E+02 -5.88090E+00  4.33365E+04  3.47523E+04  1.05702E+04 -1.40115E+04  7.82619E+02 -7.04186E+01  0.00000E+00  4.71324E-03  5.49933E-05
       4       5       1  3.59438E-03  3.28482E-03  3.59438E-05  3.04050E-01  3.94359E-01  2.10417E-01  1.57634E+02 -1.20611E+02  5.01006E+00  6.29671E+04  6.08830E+04  5.00381E+04  2.10171E+03  5.35780E+02  2.44065E+03  0.00000E+00  3.06690E-03  2.17914E-04
       4       5       2  1.12052E-03  1.13696E-03  1.12052E-05  8.47230E-01  1.09521E+00  5.97964E-01 -1.43712E+01  1.28126E+01  2.94399E+01  7.48530E+04  8.86558E+04  5.21861E+04  2.67615E+04 -8.19790E+03  3.61836E+03  0.00000E+00  1.08190E-03  5.50620E-05
       4       5       3  1.83910E-03  1.68873E-03  1.83910E-05  1.26818E+00  1.64118E+00  8.89691E-01  8.38540E+01 -6.01109E+01  2.27920E+01  4.49642E+04  5.53155E+04  2.93965E+04  1.94048E+04 -6.97995E+03 -1.52390E+03  0.00000E+00  1.47668E-03  2.12058E-04
       4       5       4  3.13944E-03  1.84155E-03  3.13944E-05  1.93770E+00  2.52097E+00  1.32636E+00  1.26626E+02 -8.12970E+01  1.55860E+01  9.53711E+04  8.44617E+04  8.58048E+04 -1.12136E+04 -4.86968E+03  6.85515E+01  0.00000E+00  1.80681E-03  3.47416E-05
       4       5       5  3.45602E-03  3.38255E-03  3.45602E-05  2.94406E+00  3.82757E+00  2.07638E+00  8.16549E+01 -5.82883E+01  1.46780E+01  5.61529E+04  5.90323E+04  4.15856E+04  1.05791E+04 -1.11773E+03  1.85177E+03  0.00000E+00  3.26735E-03  1.15201E-04
       4       5       6  4.15808E-03  4.53015E-03  4.15808E-05  4.11481E+00  5.31606E+00  2.84496E+00  6.35655E+01 -4.25664E+01  1.70641E+01  3.25207E+04  3.77555E+04  1.97342E+04  1.31646E+04  1.82348E+03  2.62339E+03  0.00000E+00  4.28314E-03  2.47004E-04
       4       5       7  5.13083E-03  3.13404E-03  5.13083E-05  6.68771E+00  8.73587E+00  4.62614E+00  1.70274E+02 -1.34644E+02  2.81655E+00  7.16289E+04  7.45795E+04  5.20623E+04  4.41554E+03  5.36895E+03  4.02428E+03  0.00000E+00  2.69241E-03  4.41628E-04
       4       5       8  5.44041E-03  5.59649E-03  5.44041E-05  1.01084E+01  1.32029E+01  7.05603E+00  1.15407E+02 -8.45790E+01  6.80763E+00  3.69960E+04  4.21858E+04  2.61949E+04  8.83619E+03  3.52102E+03  3.02725E+03  0.00000E+00  4.74522E-03  8.51271E-04
       4       5       9  8.39572E-03  7.92755E-03  8.39572E-05  1.40855E+01  1.83860E+01  9.79525E+00  6.05073E+01 -4.37662E+01 -2.00175E-01  1.29661E+04  1.42609E+04  8.81759E+03  3.14020E+03  1.18188E+03  1.07699E+03  0.00000E+00  5.92531E-03  2.00224E-03
       4       5      10  9.73800E-03  5.88748E-03  9.73800E-05  3.85799E+01  5.04127E+01  2.70852E+01  1.43474E+02 -1.10732E+02 -1.83201E+00  4.00657E+04  3.47251E+04  1.46435E+04 -9.75693E+03  2.26752E+02  1.38449E+02  0.00000E+00  5.77049E-03  1.16983E-04
       4       6       1  3.98643E-03  4.12467E-03  3.98643E-05  3.48801E-01  4.51220E-01  6.96719E-02  1.14994E+02 -9.85263E+01  2.00512E+00  5.13450E+04  5.90208E+04  4.52978E+04  1.30755E+04  1.05743E+03  2.12318E+03  0.00000E+00  3.81532E-03  3.09345E-04
       4       6       2  1.26902E-03  1.20419E-03  1.26902E-05  9.05225E-01  1.18611E+00  2.00043E-01 -1.11554E+02  7.89583E+01  1.14331E+01  8.53916E+04  8.41811E+04  3.95125E+04 -3.31512E+03  2.37668E+03  5.83413E+03  0.00000E+00  1.14128E-03  6.29105E-05
       4       6       3  2.05309E-03  1.82920E-03  2.05309E-05  1.37201E+00  1.78772E+00  2.95225E-01  7.19457E+01 -5.73261E+01  6.80323E+00  3.80317E+04  4.85020E+04  2.71929E+04  1.89516E+04 -1.73231E+03  9.40772E+02  0.00000E+00  1.66519E-03  1.64011E-04
       4       6       4  3.63186E-03  2.83582E-03  3.63186E-05  2.08619E+00  2.71949E+00  4.60300E-01  4.95242E+01 -3.97532E+01  2.25744E+00  1.05736E+05  8.92722E+04  6.68498E+04 -3.60948E+04  3.36775E+03  2.19726E+03  0.00000E+00  2.75676E-03  7.90598E-05
       4       6       5  4.17673E-03  4.34699E-03  4.17673E-05  3.16318E+00  4.12775E+00  6.93063E-01  3.25584E+01 -1.75425E+01  6.86111E+00  6.05579E+04  6.01796E+04  2.81947E+04 -1.57700E+03  1.09606E+03  2.36747E+03  0.00000E+00  4.20910E-03  1.37896E-04
       4       6       6  5.41282E-03  6.26927E-03  5.41282E-05  4.31849E+00  5.64176E+00  9.31520E-01  3.56220E+01 -2.44063E+01  1.09798E+01  2.92744E+04  2.99624E+04  1.67073E+04  1.77127E+03  7.27690E+02  1.58640E+03  0.00000E+00  6.01046E-03  2.58808E-04
       4       6       7  7.74926E-03  5.70356E-03  7.74926E-05  7.25162E+00  9.45236E+00  1.60684E+00  2.49527E+02 -1.94012E+02 -8.92991E-01  9.18701E+04  7.19123E+04  3.03576E+04 -3.76333E+04  1.76967E+03  1.15282E+03  0.00000E+00  5.23873E-03  4.64834E-04
       4       6       8  7.85224E-03  1.00850E-02  7.85224E-05  1.09097E+01  1.41791E+01  2.37794E+00  1.59095E+02 -1.27142E+02 -2.46430E+00  4.70232E+04  4.31199E+04  1.51384E+04 -7.05448E+03  1.37523E+03  7.18029E+02  0.00000E+00  9.14362E-03  9.41420E-04
       4       6       9  1.12270E-02  1.14697E-02  1.12270E-04  1.47668E+01  1.91741E+01  3.31075E+00  9.32760E+01 -7.13916E+01  1.34553E+00  1.88890E+04  1.65058E+04  6.15032E+03 -4.44996E+03  2.16863E+02  5.16532E+02  0.00000E+00  8.95484E-03  2.51487E-03
       4       6      10  1.84359E-02  2.22408E-02  1.84359E-04  3.76275E+01  4.90396E+01  7.92664E+00  2.38063E+02 -1.83542E+02  9.93777E-02  6.42642E+04  4.05160E+04  6.09650E+03 -4.43126E+04  5.17517E+01  1.34378E+02  0.00000E+00  2.21636E-02  7.71862E-05
       5       1       1  4.15467E-04  3.92465E-04  4.15467E-06  4.02960E-02  9.67381E-02  5.64045E-01  2.31406E+02 -1.00943E+02  6.70451E+00  9.52345E+04  7.67204E+04  7.40496E+04 -5.84259E+03 -1.75884E+03  3.03568E+01  0.00000E+00  3.46928E-04  4.55371E-05
       5       1       2  1.18304E-04  1.12090E-04  1.18304E-06  9.71087E-02  2.31289E-01  1.44081E+00  2.19950E+02 -5.67267E+01  2.32909E-01  9.90979E+04  5.74640E+04  1.01432E+05 -7.05655E+03  2.26973E+03 -7.80611E+03  0.00000E+00  9.72417E-05  1.48486E-05
       5       1       3  2.04112E-04  2.20691E-04  2.04112E-06  1.37996E-01  3.35394E-01  2.09691E+00  1.09897E+02 -6.08439E+01 -4.93183E+00  5.34474E+04  8.08973E+04  3.66309E+04  1.39050E+04  5.93925E+03 -2.61584E+03  0.00000E+00  1.74619E-04  4.60717E-05
       5       1       4  2.86796E-04  1.89194E-04  2.86796E-06  2.51141E-01  6.07926E-01  3.61937E+00  3.23185E+02 -6.76621E+01  5.37105E+00  1.25122E+05  5.55718E+04  4.89347E+04 -9.89594E+03  4.90996E+03  2.26358E+03  0.00000E+00  1.76742E-04  1.24522E-05
       5       1       5  2.61729E-04  3.46985E-04  2.61729E-06  3.72465E-01  8.97667E-01  5.18785E+00  2.15296E+02 -6.11385E+01 -6.52155E+00  5.52989E+04  2.35538E+04  4.00824E+04 -8.05554E+03  5.18791E+02  1.50235E+03  0.00000E+00  3.36899E-04  1.00859E-05
       5       1       6  2.09481E-04  2.45731E-04  2.09481E-06  5.22199E-01  1.24967E+00  6.68233E+00  1.27060E+02 -3.28029E+01 -8.92441E+00  2.43972E+04  9.45624E+03  2.50415E+04 -2.67536E+03  2.50189E+03  3.50283E+02  0.00000E+00  2.32614E-04  1.31174E-05
       5       1       7  2.13501E-04  2.04915E-04  2.13501E-06  8.28159E-01  2.01091E+00  1.23757E+01  2.71899E+02 -5.49398E+01  2.63583E+00  9.13218E+04  3.87160E+04  3.97133E+04 -8.80650E+03  2.51863E+03  4.78891E+02  0.00000E+00  1.77580E-04  2.73352E-05
       5       1       8  3.57850E-04  3.99206E-04  3.57850E-06  1.22753E+00  2.96849E+00  1.79222E+01  1.78656E+02 -3.78039E+01  1.42928E+01  4.05159E+04  1.67238E+04  3.37271E+04 -4.35433E+03  2.66573E+03  1.89780E+03  0.00000E+00  3.40534E-04  5.86722E-05
       5       1       9  3.72797E-04  3.00911E-04  3.72797E-06  1.58634E+00  3.80233E+00  2.33983E+01  9.57214E+01 -2.00745E+01  2.02952E+00  1.69382E+04  6.85879E+03  1.66743E+04 -1.94156E+03  1.39617E+03  2.16885E+02  0.00000E+00  1.77031E-04  1.23880E-04
       5       1      10  1.69399E-04  1.51860E-04  1.69399E-06  5.05555E+00  1.20457E+01  7.52167E+01  4.92371E+01 -1.24889E+01 -1.72946E+00  4.65875E+03  3.54269E+03  5.80625E+04  1.62940E+02  2.61665E+03  1.45061E+03  0.00000E+00  1.02317E-04  4.95434E-05
       5       2       1  1.25460E-03  1.08309E-03  1.25460E-05  7.29213E-02  1.77120E-01  4.38565E-01  1.58293E+02 -7.51887E+01 -4.28970E+00  5.95227E+04  8.92358E+04  9.37989E+04  1.62704E+04  5.05267E+03  1.38394E+03  0.00000E+00  1.01561E-03  6.74768E-05
       5       2       2  3.60667E-04  2.03712E-04  3.60667E-06  2.28615E-01  5.40516E-01  1.38412E+00  1.14806E+02 -3.28137E+01 -1.92023E+01  3.81705E+04  1.11561E+05  1.32319E+05  3.72770E+04  1.09484E+04 -1.28607E+03  0.00000E+00  1.77904E-04  2.58075E-05
       5       2       3  6.20202E-04  2.88741E-04  6.20202E-06  3.14637E-01  7.69484E-01  1.99535E+00  6.02057E+01  8.35375E+00  6.56669E+00  2.24159E+04  9.90654E+04  1.06770E+05  3.63407E+04  1.97853E+04  6.08372E+03  0.00000E+00  2.27000E-04  6.17411E-05
       5       2       4  8.94116E-04  3.31365E-04  8.94116E-06  5.21828E-01  1.25801E+00  3.25381E+00  1.19776E+02 -3.37684E+01 -1.96153E+01  3.62923E+04  9.88736E+04  1.26269E+05  2.80799E+04  1.92683E+04  5.89528E+03  0.00000E+00  2.86523E-04  4.48418E-05
       5       2       5  8.32029E-04  6.47285E-04  8.32029E-06  7.77786E-01  1.85808E+00  4.84564E+00  9.00872E+01 -1.73333E+01 -1.13992E+01  1.81254E+04  4.30336E+04  7.57895E+04  1.28690E+04  1.21792E+04  4.50912E+03  0.00000E+00  5.90407E-04  5.68785E-05
       5       2       6  7.00757E-04  7.08370E-04  7.00757E-06  1.07870E+00  2.60971E+00  6.66851E+00  3.56586E+01 -9.19767E+00 -1.26977E+01  5.32515E+03  1.50777E+04  4.52735E+04  4.41046E+03  1.26821E+04  5.13671E+03  0.00000E+00  6.09742E-04  9.86279E-05
       5       2       7  6.91069E-04  4.05863E-04  6.91069E-06  1.82771E+00  4.40056E+00  1.11947E+01  1.08605E+02 -2.27600E+01  3.46316E+01  3.16152E+04  5.89781E+04  9.17302E+04  1.22714E+04  2.66343E+04  1.23745E+04  0.00000E+00  2.16874E-04  1.88990E-04
       5       2       8  1.14151E-03  9.14942E-04  1.14151E-05  2.75485E+00  6.67540E+00  1.66722E+01  5.59953E+01 -3.97340E+00  2.75287E+01  1.00141E+04  2.60980E+04  5.39124E+04  7.89210E+03  1.62792E+04  7.17632E+03  0.00000E+00  3.96435E-04  5.18506E-04
       5       2       9  1.27007E-03  1.61011E-03  1.27007E-05  3.95116E+00  9.25680E+00  2.30713E+01  1.48409E+01 -1.13447E+00  1.06226E+01  2.02316E+03  5.68243E+03  1.48290E+04  1.72784E+03  4.75075E+03  2.20978E+03  0.00000E+00  2.12090E-04  1.39802E-03
       5       2      10  5.81572E-04  2.26540E-04  5.81572E-06  1.12906E+01  2.57545E+01  7.05947E+01  2.18829E+01 -6.96276E+00 -1.41631E+00  2.75377E+03  1.06302E+04  5.31381E+04  3.85538E+03  9.26161E+03  4.08406E+03  0.00000E+00  1.17428E-04  1.09112E-04
       5       3       1  2.10295E-03  2.31053E-03  2.10295E-05  1.36801E-01  3.31066E-01  4.81001E-01  9.85278E+01 -4.25515E+01  3.11327E-01  3.60124E+04  5.75304E+04  6.43730E+04  1.20051E+04  3.64294E+03  1.73929E+03  0.00000E+00  2.19358E-03  1.16946E-04
       5       3       2  6.16751E-04  5.84313E-04  6.16751E-06  3.43061E-01  8.40114E-01  1.22152E+00  7.14347E+01 -2.72673E+01 -5.40154E-01  2.25898E+04  7.99584E+04  9.88232E+04  2.77413E+04  1.03378E+04  4.29311E+03  0.00000E+00  5.05632E-04  7.86813E-05
       5       3       3  1.05086E-03  1.15887E-03  1.05086E-05  5.07108E-01  1.24701E+00  1.79195E+00  4.77010E+01 -1.29479E+01 -3.72225E+00  9.39325E+03  3.47348E+04  3.83146E+04  1.30822E+04  7.43357E+03  2.68442E+03  0.00000E+00  8.78261E-04  2.80613E-04
       5       3       4  1.58999E-03  1.04436E-03  1.58999E-05  7.85124E-01  1.90693E+00  2.76928E+00  1.96854E+02 -9.03573E+01 -4.64716E+00  1.23139E+05  8.27826E+04  7.00650E+04 -2.12019E+04  1.36019E+04  4.28408E+03  0.00000E+00  9.60262E-04  8.40975E-05
       5       3       5  1.54195E-03  1.36766E-03  1.54195E-05  1.25327E+00  3.03763E+00  4.09853E+00  8.79058E+01 -4.12817E+01  3.05513E+00  3.43330E+04  4.70905E+04  5.37591E+04  6.86469E+03  1.13860E+04  4.00349E+03  0.00000E+00  1.27566E-03  9.19955E-05
       5       3       6  1.43582E-03  1.58386E-03  1.43582E-05  1.57714E+00  3.85021E+00  5.55317E+00  6.88538E+01 -2.68732E+01  2.23088E+00  2.15408E+04  1.67924E+04  3.06112E+04 -2.21410E+03  1.18283E+04  4.73128E+03  0.00000E+00  1.42653E-03  1.57336E-04
       5       3       7  1.38542E-03  1.13615E-03  1.38542E-05  2.79353E+00  6.82240E+00  9.78526E+00  1.83984E+02 -8.02798E+01 -1.77262E+01  6.71273E+04  4.98596E+04  6.90439E+04 -7.59513E+03  2.37692E+04  9.79482E+03  0.00000E+00  7.66969E-04  3.69178E-04
       5       3       8  2.12290E-03  2.27792E-03  2.12290E-05  4.16679E+00  1.01582E+01  1.44958E+01  1.09023E+02 -4.79019E+01 -7.43760E+00  2.78107E+04  2.69374E+04  4.05698E+04 -1.71938E+02  1.44827E+04  5.96803E+03  0.00000E+00  1.38390E-03  8.94026E-04
       5       3       9  2.69182E-03  2.93770E-03  2.69182E-05  5.65167E+00  1.37599E+01  2.01014E+01  3.66148E+01 -1.91038E+01 -5.61424E+00  7.62833E+03  9.43550E+03  1.54833E+04  4.59528E+02  5.11869E+03  1.68239E+03  0.00000E+00  7.33670E-04  2.20403E-03
       5       3      10  1.38851E-03  1.16015E-03  1.38851E-05  1.61798E+01  3.85760E+01  5.72093E+01  9.71844E+01 -1.55162E+01  1.56195E+01  1.81680E+04  2.40365E+04  4.27238E+04  5.68505E+03  1.06346E+03  1.72165E+03  0.00000E+00  1.05060E-03  1.09546E-04
       5       4       1  2.91660E-03  3.30012E-03  2.91660E-05  1.80184E-01  4.39146E-01  3.39706E-01  1.80727E+02 -7.86536E+01 -1.95879E+00  6.55859E+04  7.17328E+04  4.68601E+04  1.98312E+03  4.42420E+03  9.77478E+02  0.00000E+00  3.17477E-03  1.25351E-04
       5       4       2  8.80736E-04  9.24111E-04  8.80736E-06  4.71061E-01  1.14967E+00  8.53271E-01 -3.05490E+01  2.06154E+01  2.44279E+00  6.35939E+04  8.93610E+04  4.98305E+04  1.50701E+04  4.97194E+03  1.84272E+03  0.00000E+00  7.77498E-04  1.46613E-04
       5       4       3  1.47594E-03  1.67042E-03  1.47594E-05  7.05384E-01  1.72255E+00  1.34006E+00  7.04802E+01 -3.31557E+01 -2.66778E-01  2.45973E+04  3.09402E+04  2.46884E+04  2.31698E+03  3.96742E+03  2.45116E+03  0.00000E+00  1.36396E-03  3.06456E-04
       5       4       4  2.37514E-03  1.60375E-03  2.37514E-05  1.06319E+00  2.55558E+00  2.03413E+00  1.84835E+02 -6.59704E+01  1.26797E+00  1.53233E+05  9.00931E+04  5.75684E+04 -3.01672E+04  8.12281E+03  3.60228E+03  0.00000E+00  1.49940E-03  1.04344E-04
       5       4       5  2.44790E-03  3.32757E-03  2.44790E-05  1.62734E+00  3.95782E+00  3.01363E+00  1.02982E+02 -3.94605E+01  1.64466E+00  5.72049E+04  6.27330E+04  3.62830E+04  1.18077E+03  3.90662E+03  2.04647E+03  0.00000E+00  3.14792E-03  1.79652E-04
       5       4       6  2.60088E-03  3.03057E-03  2.60088E-05  2.29064E+00  5.59482E+00  4.07078E+00  6.10596E+01 -1.43053E+01  2.50694E+00  2.31701E+04  3.28255E+04  2.07782E+04  5.46738E+03  6.20637E+03  2.60700E+03  0.00000E+00  2.76600E-03  2.64569E-04
       5       4       7  2.69396E-03  2.47339E-03  2.69396E-05  3.76681E+00  9.13163E+00  6.85825E+00  2.53741E+02 -9.87769E+01  6.91637E+00  9.60658E+04  6.03591E+04  4.46821E+04 -1.75810E+04  1.01618E+04  4.04373E+03  0.00000E+00  2.12167E-03  3.51723E-04
       5       4       8  3.44417E-03  4.36785E-03  3.44417E-05  5.66541E+00  1.37750E+01  1.02270E+01  1.56573E+02 -6.31251E+01  6.51856E-01  3.96644E+04  3.77978E+04  2.59606E+04 -1.09056E+03  6.04246E+03  2.51992E+03  0.00000E+00  3.76427E-03  6.03574E-04
       5       4       9  5.07285E-03  5.86389E-03  5.07285E-05  7.85896E+00  1.91846E+01  1.41187E+01  7.68776E+01 -3.49908E+01 -3.03747E+00  1.33686E+04  1.49780E+04  8.68184E+03  6.14960E+02  2.09009E+03  5.64166E+02  0.00000E+00  4.41310E-03  1.45079E-03
       5       4      10  3.66299E-03  4.59948E-03  3.66299E-05  2.14910E+01  5.16194E+01  3.72248E+01  1.89765E+02 -7.12426E+01  8.22050E-01  5.30480E+04  2.83216E+04  1.44314E+04 -1.13131E+04  4.12084E+02 -1.26144E+02  0.00000E+00  4.52749E-03  7.19873E-05
       5       5       1  3.59038E-03  3.24787E-03  3.59038E-05  1.92622E-01  4.66749E-01  2.14268E-01  1.79163E+02 -8.51412E+01 -8.36379E-01  6.06397E+04  6.36287E+04  5.39165E+04 -1.38475E+02  3.86500E+03  1.43499E+03  0.00000E+00  3.12547E-03  1.22399E-04
       5       5       2  1.11860E-03  1.08499E-03  1.11860E-05  5.32012E-01  1.28811E+00  5.92584E-01 -3.02981E+01  1.28450E+01 -1.13250E+01  6.00523E+04  1.00243E+05  5.13187E+04  1.89894E+04 -1.76826E+03 -2.85929E+03  0.00000E+00  1.00430E-03  8.06944E-05
       5       5       3  1.83722E-03  1.75535E-03  1.83722E-05  7.80161E-01  1.93221E+00  8.90112E-01  8.26607E+01 -3.48695E+01 -4.50665E+00  3.19305E+04  5.89152E+04  2.73855E+04  1.49322E+04 -4.36693E+03 -1.84172E+03  0.00000E+00  1.36969E-03  3.85663E-04
       5       5       4  3.13362E-03  1.86607E-03  3.13362E-05  1.20960E+00  2.92894E+00  1.35430E+00  1.46115E+02 -5.24720E+01 -2.48695E+00  1.01223E+05  8.47383E+04  8.69928E+04 -7.09845E+03 -9.81171E+03 -3.69406E+03  0.00000E+00  1.81341E-03  5.26593E-05
       5       5       5  3.44771E-03  3.29957E-03  3.44771E-05  1.83957E+00  4.44202E+00  2.09186E+00  9.60308E+01 -2.95807E+01 -2.95972E+00  4.98407E+04  6.16001E+04  4.25404E+04  5.70014E+03 -1.42817E+03 -1.28542E+03  0.00000E+00  3.21228E-03  8.72861E-05
       5       5       6  4.14747E-03  3.71895E-03  4.14747E-05  2.53859E+00  6.14694E+00  2.80850E+00  7.66770E+01 -2.68874E+01 -5.67326E+00  3.08067E+04  5.10115E+04  2.20975E+04  1.07473E+04  2.88116E+03  4.82825E+02  0.00000E+00  3.49970E-03  2.19250E-04
       5       5       7  5.10934E-03  3.07802E-03  5.10934E-05  4.18706E+00  1.02126E+01  4.65524E+00  2.02271E+02 -7.13731E+01  4.76087E+00  6.91734E+04  7.65645E+04  5.15261E+04  3.16091E+03  7.42686E+03  3.92330E+03  0.00000E+00  2.56150E-03  5.16524E-04
       5       5       8  5.42323E-03  5.82887E-03  5.42323E-05  6.26628E+00  1.53943E+01  6.97198E+00  1.27896E+02 -4.63890E+01 -9.44482E-01  3.16095E+04  4.83730E+04  2.46911E+04  7.57808E+03  5.22239E+03  1.54252E+03  0.00000E+00  4.78134E-03  1.04753E-03
       5       5       9  8.37297E-03  8.34448E-03  8.37297E-05  8.69400E+00  2.16591E+01  9.66320E+00  6.45759E+01 -2.33131E+01  4.84090E-01  1.08225E+04  1.68031E+04  8.16189E+03  2.71608E+03  1.95481E+03  7.54406E+02  0.00000E+00  5.62773E-03  2.71674E-03
       5       5      10  9.66928E-03  5.69563E-03  9.66928E-05  2.39245E+01  5.72661E+01  2.63962E+01  1.74808E+02 -6.48109E+01  1.69881E+00  4.63841E+04  3.19420E+04  1.67225E+04 -6.14385E+03  1.76270E+02 -3.45877E+02  0.00000E+00  5.59408E-03  1.01555E-04
       5       6       1  3.98124E-03  4.07067E-03  3.98124E-05  2.17253E-01  5.27262E-01  8.13509E-02  1.45282E+02 -5.60899E+01  2.65797E-01  4.66485E+04  7.02105E+04  4.66367E+04  1.24519E+04  1.90900E+03  4.29874E+02  0.00000E+00  3.99154E-03  7.91233E-05
       5       6       2  1.26639E-03  1.31446E-03  1.26639E-05  5.67131E-01  1.37779E+00  1.98563E-01 -1.09334E+02  4.68907E+01 -6.84038E+00  8.29215E+04  8.92903E+04  3.65938E+04  3.99084E+03  1.65586E+03 -1.28128E+03  0.00000E+00  1.21007E-03  1.04395E-04
       5       6       3  2.05063E-03  2.34971E-03  2.05063E-05  8.54223E-01  2.09649E+00  2.83466E-01  7.56988E+01 -3.05416E+01 -3.63651E+00  2.54211E+04  5.94416E+04  2.49262E+04  1.53065E+04 -8.16577E+02 -1.06810E+03  0.00000E+00  2.05457E-03  2.95136E-04
       5       6       4  3.62390E-03  2.88874E-03  3.62390E-05  1.30896E+00  3.16636E+00  4.52722E-01  5.86222E+01 -2.06837E+01 -2.37156E+00  1.23405E+05  7.79844E+04  6.51646E+04 -2.25961E+04  3.85563E+03  1.35402E+03  0.00000E+00  2.75672E-03  1.32021E-04
       5       6       5  4.16432E-03  4.33943E-03  4.16432E-05  1.98806E+00  4.80734E+00  6.77380E-01  3.13813E+01 -1.45371E+01 -1.39757E+00  6.17702E+04  6.39853E+04  2.71876E+04  9.25302E+02  5.99255E+03  1.29465E+03  0.00000E+00  4.12250E-03  2.16930E-04
       5       6       6  5.39613E-03  6.17805E-03  5.39613E-05  2.70065E+00  6.55187E+00  8.93117E-01  3.81323E+01 -1.54141E+01 -2.47100E+00  2.83772E+04  3.36632E+04  1.66928E+04  1.77416E+03  3.35853E+03  6.40317E+02  0.00000E+00  5.83358E-03  3.44478E-04
       5       6       7  7.70722E-03  5.86361E-03  7.70722E-05  4.52643E+00  1.10189E+01  1.64611E+00  2.85671E+02 -1.20599E+02  1.77165E-01  1.07278E+05  5.71696E+04  2.97909E+04 -2.63132E+04  4.08281E+03  1.76041E+03  0.00000E+00  5.28639E-03  5.77216E-04
       5       6       8  7.80801E-03  1.02314E-02  7.80801E-05  6.83226E+00  1.65781E+01  2.43749E+00  1.81330E+02 -7.75534E+01  5.91622E-01  4.89602E+04  4.05301E+04  1.38390E+04 -4.61658E+03  1.75812E+03  7.15440E+02  0.00000E+00  8.90620E-03  1.32517E-03
       5       6       9  1.11881E-02  1.28631E-02  1.11881E-04  9.21838E+00  2.25141E+01  3.48712E+00  9.77055E+01 -4.16959E+01 -1.70506E+00  1.89793E+04  1.52263E+04  5.92813E+03 -2.28727E+03  3.96070E+02  8.53161E+01  0.00000E+00  9.16781E-03  3.69531E-03
       5       6      10  1.82636E-02  2.18238E-02  1.82636E-04  2.33426E+01  5.63024E+01  7.84045E+00  2.84464E+02 -1.15080E+02 -5.87473E-01  8.68643E+04  2.06717E+04  6.25694E+03 -3.28927E+04  1.16029E+02 -1.40488E+02  0.00000E+00  2.17528E-02  7.09821E-05
       6       1       1  4.15458E-04  4.10129E-04  4.15458E-06  1.39452E-02  1.06557E-01  5.70396E-01  2.46763E+02 -2.43773E+01 -6.30835E+00  9.77179E+04  8.98738E+04  8.98092E+04 -8.71719E+02 -3.43913E+02  2.68961E+03  0.00000E+00  3.58319E-04  5.18099E-05
       6       1       2  1.18301E-04  1.15636E-04  1.18301E-06  3.16707E-02  2.49345E-01  1.44238E+00  2.28395E+02 -5.87925E+01  1.31691E+01  9.09593E+04  1.05939E+05  9.59791E+04  4.41728E+03  7.92725E+01  1.14760E+04  0.00000E+00  9.33862E-05  2.22493E-05
       6       1       3  2.04108E-04  2.42399E-04  2.04108E-06  4.54193E-02  3.51754E-01  2.09575E+00  9.21381E+01 -6.84490E+00 -3.59877E+01  5.19636E+04  1.10427E+05  4.60747E+04  3.83897E+03  1.23292E+04  6.88243E+02  0.00000E+00  1.78423E-04  6.39759E-05
       6       1       4  2.86787E-04  1.74343E-04  2.86787E-06  8.38323E-02  6.38609E-01  3.61981E+00  3.35797E+02 -2.20048E+01 -1.20461E+01  1.25411E+05  5.36471E+04  4.34430E+04 -3.16643E+03  1.32609E+03 -3.21749E+02  0.00000E+00  1.67994E-04  6.34899E-06
       6       1       5  2.61720E-04  3.40166E-04  2.61720E-06  1.27031E-01  9.60407E-01  5.19466E+00  2.24117E+02 -1.65091E+01 -5.62777E+00  5.68800E+04  2.25656E+04  4.07595E+04 -2.48359E+03  2.15981E+03 -1.18374E+03  0.00000E+00  3.28466E-04  1.17002E-05
       6       1       6  2.09473E-04  2.97164E-04  2.09473E-06  1.68948E-01  1.36453E+00  6.84561E+00  1.10289E+02 -1.15973E+01  5.46727E+00  2.02476E+04  7.26428E+03  2.77136E+04 -7.53969E+02  2.77198E+03  1.22965E+02  0.00000E+00  2.77557E-04  1.96072E-05
       6       1       7  2.13496E-04  2.18900E-04  2.13496E-06  2.92364E-01  2.17643E+00  1.22771E+01  2.58233E+02 -1.09174E+01  1.79418E+01  8.58176E+04  3.53545E+04  4.91904E+04 -1.38100E+03  5.62527E+03  1.75399E+03  0.00000E+00  1.74808E-04  4.40920E-05
       6       1       8  3.57842E-04  3.77751E-04  3.57842E-06  3.94464E-01  3.13659E+00  1.78744E+01  1.80587E+02 -1.40072E+01 -2.53117E+00  4.10038E+04  1.60795E+04  3.54549E+04 -1.44513E+03  2.75462E+03 -4.38364E+02  0.00000E+00  3.20740E-04  5.70105E-05
       6       1       9  3.72782E-04  2.90438E-04  3.72782E-06  4.55792E-01  4.26101E+00  2.33360E+01  9.90583E+01 -7.15588E+00 -2.20903E+00  1.75154E+04  6.81552E+03  1.91293E+04 -7.77804E+02  1.61689E+03  7.68381E+01  0.00000E+00  1.73865E-04  1.16573E-04
       6       1      10  1.69392E-04  1.90266E-04  1.69392E-06  1.41831E+00  1.16192E+01  7.51905E+01  4.02787E+01 -1.08804E+00 -1.27271E+00  3.60684E+03  3.19158E+03  6.04492E+04  9.81135E+01  4.25781E+03  2.53547E+02  0.00000E+00  1.00932E-04  8.93338E-05
       6       2       1  1.25447E-03  1.11772E-03  1.25447E-05  2.55261E-02  1.94916E-01  4.45124E-01  1.70595E+02 -1.83021E+01  6.54109E+00  5.27071E+04  9.91135E+04  1.01133E+05  7.77665E+03  8.98093E+03  1.89043E+03  0.00000E+00  1.04555E-03  7.21694E-05
       6       2       2  3.60617E-04  1.93793E-04  3.60617E-06  7.69006E-02  5.68548E-01  1.36153E+00  1.08463E+02  2.12617E+00 -1.15710E+01  2.44621E+04  1.51192E+05  1.47213E+05  1.67031E+04  1.54685E+04  3.28322E+03  0.00000E+00  1.59509E-04  3.42842E-05
       6       2       3  6.20139E-04  3.10703E-04  6.20139E-06  1.06171E-01  8.23125E-01  2.00672E+00  5.15868E+01  7.07042E+00 -1.14030E+01  1.02715E+04  1.38097E+05  1.09926E+05  1.79806E+04  3.53375E+04  4.24776E+03  0.00000E+00  2.19126E-04  9.15767E-05
       6       2       4  8.93967E-04  3.36051E-04  8.93967E-06  1.79052E-01  1.36937E+00  3.25990E+00  1.17986E+02 -6.97550E+00  2.85331E+00  2.52992E+04  1.04931E+05  1.43784E+05  1.02112E+04  3.15627E+04  2.41785E+03  0.00000E+00  2.72424E-04  6.36262E-05
       6       2       5  8.31890E-04  6.44206E-04  8.31890E-06  2.60492E-01  1.99687E+00  4.85743E+00  8.29616E+01 -1.71435E+01  1.02854E+01  1.29228E+04  4.59733E+04  8.33519E+04  4.59498E+03  1.53356E+04  1.43284E+03  0.00000E+00  5.72655E-04  7.15507E-05
       6       2       6  7.00622E-04  8.35134E-04  7.00622E-06  3.91889E-01  2.92005E+00  6.67929E+00  3.18544E+01 -2.43817E+00  1.17044E+01  3.23108E+03  1.72890E+04  5.23560E+04  1.84206E+03  1.83364E+04  2.97253E+03  0.00000E+00  6.88544E-04  1.46590E-04
       6       2       7  6.90963E-04  4.69663E-04  6.90963E-06  6.46404E-01  4.74150E+00  1.11400E+01  9.27906E+01 -1.18740E+01  6.63134E+00  2.52126E+04  5.84252E+04  9.87977E+04  3.78562E+03  3.33695E+04  4.54002E+03  0.00000E+00  2.16715E-04  2.52948E-04
       6       2       8  1.14137E-03  9.28272E-04  1.14137E-05  9.20323E-01  7.06370E+00  1.66238E+01  5.00243E+01 -1.28562E+01 -1.19910E+01  7.20812E+03  2.84011E+04  5.46814E+04  2.84498E+03  1.89137E+04  2.26206E+03  0.00000E+00  3.83246E-04  5.45026E-04
       6       2       9  1.26979E-03  1.37248E-03  1.26979E-05  1.31490E+00  9.98817E+00  2.30512E+01  1.52184E+01 -9.23995E+00 -7.72927E+00  1.55648E+03  6.89843E+03  1.43607E+04  5.18091E+02  5.13420E+03  5.35116E+02  0.00000E+00  2.05606E-04  1.16687E-03
       6       2      10  5.81422E-04  1.87820E-04  5.81422E-06  3.45234E+00  2.75378E+01  6.91865E+01  2.81986E+01  1.83274E-01  9.25665E+00  1.65454E+03  1.35475E+04  5.57467E+04  1.50873E+03  7.60939E+03  7.61389E+02  0.00000E+00  1.15236E-04  7.25840E-05
       6       3       1  2.10239E-03  2.34970E-03  2.10239E-05  4.60983E-02  3.50275E-01  4.75884E-01  1.07597E+02 -1.31413E+01 -2.52991E+00  3.23099E+04  5.78824E+04  5.97538E+04  4.51470E+03  3.37268E+03  7.59315E+02  0.00000E+00  2.28979E-03  5.99040E-05
       6       3       2  6.16529E-04  5.78688E-04  6.16529E-06  1.23568E-01  9.02553E-01  1.22588E+00  7.99924E+01 -2.08828E+01 -7.49299E+00  1.33272E+04  1.06792E+05  1.05182E+05  1.21729E+04  4.59276E+03 -2.70704E+01  0.00000E+00  5.19740E-04  5.89485E-05
       6       3       3  1.05061E-03  9.80304E-04  1.05061E-05  1.77437E-01  1.31472E+00  1.79771E+00  5.41872E+01 -1.31948E+01 -1.79644E+00  5.15156E+03  5.47723E+04  4.67669E+04  5.62497E+03  1.17361E+04  1.12066E+03  0.00000E+00  8.34903E-04  1.45401E-04
       6       3       4  1.58932E-03  1.08423E-03  1.58932E-05  2.60995E-01  2.04880E+00  2.74635E+00  2.09914E+02 -2.97020E+01 -7.05942E+00  1.28855E+05  8.57817E+04  7.30257E+04 -8.18322E+03  1.67521E+04  1.23315E+03  0.00000E+00  9.57682E-04  1.26551E-04
       6       3       5  1.54124E-03  1.37481E-03  1.54124E-05  4.03604E-01  3.25930E+00  4.07880E+00  9.15057E+01 -1.74853E+01 -4.83522E+00  3.07340E+04  5.28570E+04  6.21093E+04  2.08837E+03  1.66436E+04  1.63208E+03  0.00000E+00  1.23214E-03  1.42666E-04
       6       3       6  1.43507E-03  1.75893E-03  1.43507E-05  5.13857E-01  4.13134E+00  5.65476E+00  6.71011E+01 -4.02892E+00  1.62274E+00  2.01920E+04  1.94564E+04  3.72598E+04 -2.75441E+02  1.72172E+04  1.70338E+03  0.00000E+00  1.50929E-03  2.49636E-04
       6       3       7  1.38467E-03  1.33285E-03  1.38467E-05  9.08535E-01  7.26790E+00  9.73915E+00  1.71513E+02 -7.77850E+00  2.17820E+01  5.92732E+04  4.84268E+04  7.57981E+04 -1.64196E+03  3.51241E+04  4.05922E+03  0.00000E+00  7.54940E-04  5.77911E-04
       6       3       8  2.12223E-03  2.65436E-03  2.12223E-05  1.28432E+00  1.07885E+01  1.44469E+01  1.03863E+02 -2.15790E+00  1.51544E+01  2.41731E+04  2.83529E+04  4.48703E+04  2.69993E+00  1.96607E+04  2.10089E+03  0.00000E+00  1.35510E-03  1.29925E-03
       6       3       9  2.69027E-03  3.88776E-03  2.69027E-05  1.69170E+00  1.47321E+01  2.02869E+01  3.21867E+01  5.28129E+00  3.78116E+00  5.95004E+03  8.02901E+03  1.40536E+04  6.28205E+02  6.09923E+03  7.53717E+02  0.00000E+00  7.40772E-04  3.14698E-03
       6       3      10  1.38717E-03  1.23830E-03  1.38717E-05  5.37598E+00  4.51925E+01  6.00564E+01  8.63340E+01 -4.33579E+01 -9.71962E+00  1.29371E+04  2.14537E+04  3.43767E+04 -1.22787E+03  2.62063E+03 -2.17538E+02  0.00000E+00  1.21277E-03  2.55322E-05
       6       4       1  2.91525E-03  3.18838E-03  2.91525E-05  6.28095E-02  4.66786E-01  3.37898E-01  1.95260E+02 -1.96061E+01 -6.19807E+00  6.43374E+04  6.57939E+04  4.92583E+04  1.93018E+03  2.99541E+03  3.89565E+02  0.00000E+00  3.12139E-03  6.69902E-05
       6       4       2  8.80148E-04  7.74770E-04  8.80148E-06  1.73065E-01  1.22963E+00  8.50248E-01 -5.49905E+01 -8.01148E+00 -8.03161E+00  6.55286E+04  9.25094E+04  5.21345E+04  3.33720E+03 -1.22671E+03 -5.82305E+02  0.00000E+00  7.19805E-04  5.49655E-05
       6       4       3  1.47532E-03  1.31230E-03  1.47532E-05  2.55995E-01  1.84591E+00  1.34357E+00  7.76082E+01 -8.66532E+00  2.59897E+00  2.25471E+04  3.47511E+04  3.43908E+04  3.02781E+03  5.71936E+03  1.61838E+02  0.00000E+00  1.18904E-03  1.23263E-04
       6       4       4  2.37336E-03  1.62617E-03  2.37336E-05  3.56539E-01  2.74536E+00  2.03559E+00  1.91346E+02 -1.70199E+01  1.24356E+00  1.61762E+05  9.03016E+04  5.71072E+04 -9.29007E+03  1.14386E+04  4.79499E+01  0.00000E+00  1.47072E-03  1.55446E-04
       6       4       5  2.44569E-03  3.49916E-03  2.44569E-05  5.55816E-01  4.24399E+00  3.01198E+00  1.07942E+02 -5.81859E+00 -6.30201E+00  5.60632E+04  6.63542E+04  3.66884E+04  1.54223E+03  6.32121E+03 -4.15727E+02  0.00000E+00  3.25777E-03  2.41385E-04
       6       4       6  2.59830E-03  3.21500E-03  2.59830E-05  7.88463E-01  6.00498E+00  4.12146E+00  5.80400E+01 -8.75689E+00 -8.42149E+00  1.99150E+04  3.77811E+04  2.28930E+04  2.70378E+03  1.05798E+04  5.45652E+02  0.00000E+00  2.85960E-03  3.55401E-04
       6       4       7  2.69031E-03  2.56460E-03  2.69031E-05  1.26274E+00  9.77625E+00  6.91480E+00  2.57321E+02 -4.91836E+01 -1.24214E+01  9.88966E+04  5.45056E+04  4.58812E+04 -6.80197E+03  1.49252E+04  1.01149E+03  0.00000E+00  2.09052E-03  4.74080E-04
       6       4       8  3.44166E-03  4.69376E-03  3.44166E-05  1.87330E+00  1.47895E+01  1.02978E+01  1.56940E+02 -2.74689E+01 -5.66787E+00  3.79652E+04  3.90890E+04  2.59083E+04 -4.11476E+02  7.12326E+03  5.61870E+02  0.00000E+00  3.86017E-03  8.33591E-04
       6       4       9  5.06745E-03  6.60282E-03  5.06745E-05  2.47857E+00  2.03785E+01  1.44242E+01  7.35476E+01 -3.41582E+00 -5.50228E-01  1.16020E+04  1.38860E+04  9.50478E+03  7.24544E+02  2.55964E+03  3.28379E+02  0.00000E+00  4.31395E-03  2.28886E-03
       6       4      10  3.65436E-03  4.74368E-03  3.65436E-05  7.29766E+00  5.61247E+01  3.80119E+01  1.96333E+02 -3.25650E+01 -1.60066E+00  5.56213E+04  2.45271E+04  1.20407E+04 -4.52787E+03  5.81104E+02 -5.77044E+01  0.00000E+00  4.68400E-03  5.96849E-05
       6       5       1  3.58807E-03  3.28889E-03  3.58807E-05  6.57686E-02  4.99177E-01  2.13698E-01  2.00812E+02 -2.45462E+01 -3.75768E+00  6.18121E+04  6.22216E+04  5.33447E+04 -1.04214E+01  1.16140E+03 -1.57902E+03  0.00000E+00  3.23429E-03  5.45971E-05
       6       5       2  1.11749E-03  1.15765E-03  1.11749E-05  1.83838E-01  1.37907E+00  5.96673E-01 -1.08627E+01  7.45115E+00 -1.76623E+01  5.56166E+04  1.11150E+05  5.37951E+04  8.75692E+03 -1.29839E+03 -7.39235E+03  0.00000E+00  1.12442E-03  3.32318E-05
       6       5       3  1.83614E-03  1.73500E-03  1.83614E-05  2.79785E-01  2.05766E+00  8.82357E-01  1.08705E+02 -2.02549E+01 -1.37406E+01  3.12224E+04  7.52858E+04  3.08380E+04  5.04247E+03 -3.72495E+03 -4.90631E+03  0.00000E+00  1.59032E-03  1.44675E-04
       6       5       4  3.13027E-03  1.92789E-03  3.13027E-05  4.06376E-01  3.14803E+00  1.35211E+00  1.44706E+02 -2.36988E+01 -1.50223E+01  9.56565E+04  8.59379E+04  8.48837E+04 -3.25632E+03 -2.47689E+03 -3.50576E+03  0.00000E+00  1.86661E-03  6.12715E-05
       6       5       5  3.44294E-03  3.50305E-03  3.44294E-05  6.06944E-01  4.76625E+00  2.09971E+00  9.83145E+01 -1.43814E+01 -1.37430E+01  4.52538E+04  7.03905E+04  4.13424E+04  2.16293E+03  2.78142E+03 -1.08792E+03  0.00000E+00  3.37217E-03  1.30880E-04
       6       5       6  4.14136E-03  4.58806E-03  4.14136E-05  8.22923E-01  6.66776E+00  2.89170E+00  7.40519E+01 -1.22441E+01 -1.16235E+01  2.21229E+04  4.88570E+04  1.87765E+04  2.98454E+03  3.94504E+03 -3.02684E+02  0.00000E+00  4.32493E-03  2.63126E-04
       6       5       7  5.09699E-03  3.15886E-03  5.09699E-05  1.38003E+00  1.08842E+01  4.63387E+00  2.08504E+02 -2.54261E+01  1.66795E-01  6.66381E+04  8.03102E+04  5.06565E+04  1.65443E+03  8.81485E+03  8.68741E+02  0.00000E+00  2.63073E-03  5.28122E-04
       6       5       8  5.41338E-03  5.42963E-03  5.41338E-05  2.09626E+00  1.64238E+01  7.14671E+00  1.41575E+02 -2.68852E+01 -4.14421E+00  3.09682E+04  4.84891E+04  2.58517E+04  2.12455E+03  5.11107E+03  5.16792E+01  0.00000E+00  4.59785E-03  8.31787E-04
       6       5       9  8.35988E-03  7.82483E-03  8.35988E-05  2.84098E+00  2.30238E+01  9.73024E+00  7.30758E+01 -1.08697E+01  3.74059E-01  1.06892E+04  1.71343E+04  8.25378E+03  1.07928E+03  1.38191E+03  2.22221E+02  0.00000E+00  5.76359E-03  2.06123E-03
       6       5      10  9.62988E-03  5.55036E-03  9.62988E-05  8.03992E+00  6.22671E+01  2.69391E+01  1.83500E+02 -3.18632E+01 -3.52065E+00  4.82324E+04  2.81047E+04  1.54588E+04 -3.21704E+03  1.20171E+03 -8.49971E+02  0.00000E+00  5.51158E-03  3.87802E-05
       6       6       1  3.97826E-03  4.08790E-03  3.97826E-05  7.36666E-02  5.64247E-01  7.55499E-02  1.53251E+02 -2.88908E+01 -1.99793E+00  4.21476E+04  7.19178E+04  4.59797E+04  3.63499E+03  4.20476E+02 -6.57966E+02  0.00000E+00  4.04388E-03  4.40211E-05
       6       6       2  1.26488E-03  1.23454E-03  1.26488E-05  2.00197E-01  1.48013E+00  2.00997E-01 -1.33785E+02  2.54934E+01 -6.11061E+00  8.35039E+04  7.42995E+04  3.40596E+04  4.42194E+02  6.44534E+02 -2.43800E+03  0.00000E+00  1.19295E-03  4.15835E-05
       6       6       3  2.04921E-03  2.03421E-03  2.04921E-05  2.96755E-01  2.24269E+00  2.90972E-01  8.64393E+01 -1.17163E+01 -2.42749E+00  2.16358E+04  4.57042E+04  2.41703E+04  4.30003E+03  2.34374E+03  3.57633E+02  0.00000E+00  1.94205E-03  9.21651E-05
       6       6       4  3.61931E-03  2.65602E-03  3.61931E-05  4.51869E-01  3.40137E+00  4.65611E-01  6.01343E+01 -1.00781E+01 -3.44171E+00  1.41070E+05  4.96505E+04  6.89152E+04 -1.14077E+04  9.85634E+02 -1.21611E+03  0.00000E+00  2.60702E-03  4.90040E-05
       6       6       5  4.15718E-03  3.84814E-03  4.15718E-05  6.76013E-01  5.15567E+00  7.02211E-01  3.10391E+01 -6.16538E+00 -6.49679E+00  6.85172E+04  5.16524E+04  2.79609E+04 -2.14732E+03  9.62314E+02  1.45674E+02  0.00000E+00  3.75713E-03  9.10056E-05
       6       6       6  5.38652E-03  5.24101E-03  5.38652E-05  9.15082E-01  6.91121E+00  9.35330E-01  4.06756E+01 -4.29773E+00 -7.78549E+00  3.26484E+04  2.96828E+04  1.91527E+04 -5.42229E+02  7.27094E+02 -4.83387E+02  0.00000E+00  5.04221E-03  1.98801E-04
       6       6       7  7.68309E-03  5.60075E-03  7.68309E-05  1.55246E+00  1.18554E+01  1.59362E+00  3.20977E+02 -3.93440E+01  6.11785E-01  1.22321E+05  4.13218E+04  3.00302E+04 -1.07989E+04  1.23627E+03  2.40576E+02  0.00000E+00  5.23586E-03  3.64891E-04
       6       6       8  7.78272E-03  9.86913E-03  7.78272E-05  2.29772E+00  1.77821E+01  2.38956E+00  2.02493E+02 -2.22744E+01 -1.68860E+00  5.22566E+04  3.77396E+04  1.40469E+04 -2.25897E+03  4.57802E+02 -1.15674E+02  0.00000E+00  8.86243E-03  1.00670E-03
       6       6       9  1.11658E-02  1.15409E-02  1.11658E-04  3.07743E+00  2.40105E+01  3.09176E+00  1.16362E+02 -1.57634E+01  2.82520E+00  2.21037E+04  1.33301E+04  6.33306E+03 -1.11508E+03  1.56700E+02 -1.69628E+01  0.00000E+00  8.98230E-03  2.55858E-03
       6       6      10  1.81650E-02  2.20697E-02  1.81650E-04  7.97027E+00  6.09475E+01  7.89242E+00  3.00058E+02 -4.28867E+01 -1.53808E+00  9.74844E+04  8.40870E+03  6.10087E+03 -1.20718E+04  2.08022E+02 -4.13633E+02  0.00000E+00  2.20227E-02  4.70185E-05
