         152           4
       1  1.11872E-02  1.02972E-02 -5.26891E+01 -5.51457E+01  2.09680E+00  2.29872E+02  1.93500E+02  2.07980E+00  3.58372E-02  7.70000E-02  3.00000E-01  8.53138E-02  0.00000E+00  3.00000E-01
       2  5.70130E-03  5.45969E-03 -7.16171E+01 -7.20331E+01  2.11870E+00  2.49783E+02  1.73297E+02  2.29780E+00  9.00801E-02  1.00600E-01  3.00000E-01  1.03794E-02  0.00000E+00  3.00000E-01
       3  5.20937E-03  5.01162E-03 -8.06987E+01 -7.03214E+01  2.97040E+00  2.37406E+02  1.57694E+02  3.02370E+00  7.11153E-02  9.83000E-02  3.00000E-01  2.60741E-02  0.00000E+00  3.00000E-01
       4  3.63803E-03  3.30023E-03 -6.48371E+01 -5.93916E+01  2.64100E+00  2.36615E+02  1.79503E+02  2.60000E+00  2.14004E-02  8.30000E-02  3.00000E-01  6.08188E-02  0.00000E+00  3.00000E-01
       5  6.40447E-03  5.92510E-03 -4.70101E+01 -4.29252E+01  2.62700E+00  2.23608E+02  2.03949E+02  2.49860E+00  2.75373E-02  6.00000E-02  3.00000E-01  8.45796E-02  0.00000E+00  3.00000E-01
       6  1.84434E-03  1.93313E-03 -8.72717E+01 -7.66923E+01  4.18970E+00  2.26094E+02  1.53159E+02  4.23960E+00  1.47978E-01  1.07200E-01  3.00000E-01  1.37658E-03  0.00000E+00  3.00000E-01
       7  3.70911E-03  3.68524E-03 -8.33007E+01 -6.08558E+01  2.81680E+00  2.19225E+02  1.54194E+02  3.00380E+00  6.19552E-02  8.50000E-02  3.00000E-01  3.31091E-02  0.00000E+00  3.00000E-01
       8  3.71651E-03  3.25862E-03 -4.77999E+01 -4.55340E+01  2.66940E+00  2.25465E+02  1.84950E+02  2.80100E+00 -4.42213E-03  6.36000E-02  3.00000E-01  8.01176E-02  0.00000E+00  3.00000E-01
       9  2.51829E-03  2.78613E-03 -9.76152E+01 -7.37064E+01  3.32630E+00  1.90586E+02  1.33986E+02  3.59880E+00  1.24831E-01  1.03000E-01  3.00000E-01  4.70781E-02  0.00000E+00  3.00000E-01
      10  3.56234E-03  3.45598E-03 -6.92666E+01 -5.00778E+01  3.24950E+00  2.12970E+02  1.67266E+02  3.32320E+00  3.16052E-02  7.00000E-02  3.00000E-01  4.36958E-02  0.00000E+00  3.00000E-01
      11  1.37642E-03  1.52417E-03 -9.89899E+01 -8.66754E+01  3.87500E+00  1.94645E+02  1.46387E+02  5.24270E+00  1.62761E-01  1.21100E-01  3.00000E-01  3.95635E-02  0.00000E+00  3.00000E-01
      12  1.30222E-02  1.19149E-02 -2.36423E+01 -2.61590E+01  1.95760E+00  2.24099E+02  2.01454E+02  1.89660E+00  1.48953E-02  3.65000E-02  3.00000E-01  5.31807E-02  0.00000E+00  3.00000E-01
      13  5.08673E-03  4.53746E-03 -3.77282E+01 -3.72943E+01  2.53240E+00  2.22768E+02  1.78601E+02  2.62510E+00  2.02411E-04  5.21000E-02  3.00000E-01  5.45963E-02  0.00000E+00  3.00000E-01
      14  1.06445E-02  1.02856E-02 -3.54208E+01 -3.44990E+01  2.01780E+00  2.28809E+02  2.09083E+02  2.43910E+00  3.79290E-02  4.82000E-02  3.00000E-01  3.95239E-02  0.00000E+00  3.00000E-01
      15  1.28514E-02  1.26884E-02 -1.68019E+01 -1.63027E+01  2.61890E+00  2.34133E+02  2.13903E+02  2.26050E+00  1.66393E-02  2.28000E-02  3.00000E-01  1.07660E-02  0.00000E+00  3.00000E-01
      16  2.63649E-03  2.64298E-03 -5.61363E+01 -3.87077E+01  4.33610E+00  1.78816E+02  1.50981E+02  4.82940E+00  4.12243E-02  5.41000E-02  3.00000E-01  3.63507E-02  0.00000E+00  3.00000E-01
      17  9.87356E-03  8.92992E-03 -7.60433E+01 -6.05436E+01  3.43570E+00  1.85669E+02  1.25864E+02  3.59830E+00  4.48688E-02  8.46000E-02  3.00000E-01  9.61337E-03  0.00000E+00  3.00000E-01
      18  1.53564E-03  1.43241E-03 -2.68807E+01 -1.97254E+01  4.73350E+00  2.13655E+02  1.58949E+02  4.61790E+00 -5.85461E-03  2.76000E-02  3.00000E-01  2.22432E-02  0.00000E+00  3.00000E-01
      19  4.11107E-03  3.67159E-03  7.25294E+00  4.25290E+00  2.76540E+00  2.21549E+02  1.68387E+02  2.73010E+00  9.55420E-04 -5.90000E-03  3.00000E-01  3.55798E-02  0.00000E+00  3.00000E-01
      20  4.09600E-03  4.18789E-03 -3.68567E+01 -1.64615E+01  3.52970E+00  1.76938E+02  1.43857E+02  3.54450E+00  2.13505E-02  2.30000E-02  3.00000E-01  4.42159E-02  0.00000E+00  3.00000E-01
      21  3.88766E-03  3.39118E-03  1.37254E+01  3.07820E+00  3.50300E+00  2.24532E+02  1.78698E+02  3.01190E+00  2.19876E-03 -4.30000E-03  3.00000E-01  5.55617E-02  0.00000E+00  3.00000E-01
      22  1.02351E-02  9.82758E-03  5.71054E+00  7.42610E+00  2.47200E+00  2.32685E+02  2.04616E+02  2.28450E+00 -2.74048E-03 -1.04000E-02  3.00000E-01  1.51757E-02  0.00000E+00  3.00000E-01
      23  2.09485E-03  2.16083E-03  1.42282E+01  6.42000E-02  3.23530E+00  1.90873E+02  1.46307E+02  3.75370E+00 -9.79907E-03 -1.00000E-04  3.00000E-01  2.83409E-02  0.00000E+00  3.00000E-01
      24  7.16826E-03  7.04673E-03 -4.64328E+01 -4.05902E+01  1.00825E+01  1.57284E+02  1.11405E+02  1.00086E+01 -7.12358E-03  5.67000E-02  3.00000E-01 -1.04396E-02  0.00000E+00  3.00000E-01
      25  7.36945E-03  7.23875E-03 -1.17599E+01 -1.27600E-01  6.76040E+00  1.81733E+02  1.10589E+02  7.09400E+00 -8.29259E-04  2.00000E-04  3.00000E-01 -5.63889E-02  0.00000E+00  3.00000E-01
      26  1.03624E-02  1.00057E-02 -8.16124E+01 -8.73687E+01  8.21170E+00  1.39968E+02  1.02161E+02  7.20870E+00  1.73948E-02  1.22100E-01  3.00000E-01  2.14524E-02  0.00000E+00  3.00000E-01
      27  3.33212E-03  3.23635E-03 -9.39333E+01 -8.97611E+01  4.07440E+00  1.71405E+02  1.22064E+02  4.59060E+00  2.58594E-02  1.25400E-01  3.00000E-01  5.69575E-02  0.00000E+00  3.00000E-01
      28  1.26100E-03  1.32373E-03 -9.57388E+01 -9.18239E+01  4.08350E+00  1.87362E+02  1.37606E+02  4.08200E+00  1.64670E-01  1.28300E-01  3.00000E-01  5.34666E-02  0.00000E+00  3.00000E-01
      29  1.56682E-03  1.75059E-03 -8.58390E+01 -8.53951E+01  3.61540E+00  2.15965E+02  1.51784E+02  3.88060E+00  1.81157E-01  1.19300E-01  3.00000E-01 -1.61392E-02  0.00000E+00  3.00000E-01
      30  3.47699E-03  2.96888E-03 -1.03540E+02 -1.14358E+02  4.66580E+00  1.74561E+02  1.22178E+02  4.97350E+00 -7.87796E-03  1.59800E-01  3.00000E-01  4.46656E-02  0.00000E+00  3.00000E-01
      31  1.92749E-03  2.04662E-03 -7.07971E+01 -8.14300E+01  3.54520E+00  2.35979E+02  1.60441E+02  3.61190E+00  1.45501E-01  1.13800E-01  3.00000E-01 -4.02892E-02  0.00000E+00  3.00000E-01
      32  1.03445E-02  1.01577E-02 -1.52549E+02 -1.32051E+02  4.99940E+00  1.88128E+02  1.03527E+02  5.06440E+00  5.48313E-02  1.84500E-01  3.00000E-01 -4.80053E-02  0.00000E+00  3.00000E-01
      33  6.48277E-03  5.09674E-03 -1.58648E+02 -1.24535E+02  3.79810E+00  2.04951E+02  1.22670E+02  4.11950E+00  1.99890E-02  1.74000E-01  3.00000E-01 -9.15680E-02  0.00000E+00  3.00000E-01
      34  3.29359E-03  3.13117E-03 -1.02996E+02 -9.57580E+01  3.50070E+00  1.79393E+02  1.29370E+02  3.37900E+00  9.24510E-02  1.33800E-01  3.00000E-01  5.91503E-02  0.00000E+00  3.00000E-01
      35  1.26296E-02  1.21808E-02 -1.98074E+02 -1.52696E+02  3.72370E+00  1.78051E+02  9.98517E+01  3.80120E+00  4.66898E-02  2.13300E-01  3.00000E-01 -8.23291E-02  0.00000E+00  3.00000E-01
      36  1.32579E-03  1.46790E-03 -9.40171E+01 -9.03990E+01  3.94300E+00  1.98937E+02  1.43693E+02  3.89150E+00  1.97565E-01  1.26300E-01  3.00000E-01  2.35378E-02  0.00000E+00  3.00000E-01
      37  1.30718E-02  1.49216E-02 -1.23599E+02 -1.61801E+02  6.01230E+00  1.15411E+02  8.50652E+01  6.60920E+00  1.08006E-01  2.26100E-01  3.00000E-01  5.27217E-02  0.00000E+00  3.00000E-01
      38  5.20918E-03  4.13872E-03 -1.35374E+02 -1.11794E+02  2.99430E+00  1.92366E+02  1.19721E+02  3.35420E+00 -1.43291E-02  1.56200E-01  3.00000E-01 -4.15404E-02  0.00000E+00  3.00000E-01
      39  2.72557E-03  2.97144E-03 -9.26870E+01 -9.52033E+01  3.35160E+00  2.01672E+02  1.44592E+02  3.36560E+00  1.91539E-01  1.33000E-01  3.00000E-01  2.31629E-02  0.00000E+00  3.00000E-01
      40  1.27365E-02  9.85703E-03 -8.77913E+01 -1.97637E+02  6.00790E+00  1.06732E+02  6.55906E+01  7.20350E+00 -5.80191E-02  2.76100E-01  3.00000E-01 -1.63950E-01  0.00000E+00  3.00000E-01
      41  9.99181E-03  1.08151E-02 -1.40493E+02 -1.65616E+02  4.30430E+00  1.28608E+02  8.33342E+01  4.77530E+00  4.10361E-02  2.31400E-01  3.00000E-01  8.79720E-02  0.00000E+00  3.00000E-01
      42  6.42479E-03  5.82245E-03 -1.68538E+02 -1.25516E+02  3.53720E+00  1.91653E+02  1.04361E+02  3.94210E+00  5.08232E-02  1.75400E-01  3.00000E-01 -6.30533E-02  0.00000E+00  3.00000E-01
      43  1.35066E-02  1.68053E-02 -1.62686E+02 -2.00253E+02  4.68790E+00  9.09777E+01  7.05455E+01  6.39010E+00  1.72432E-01  2.79800E-01  3.00000E-01  7.48364E-02  0.00000E+00  3.00000E-01
      44  3.01335E-03  2.29705E-03 -1.22152E+02 -1.13573E+02  4.52250E+00  1.86747E+02  1.17822E+02  4.77830E+00 -3.65773E-02  1.58700E-01  3.00000E-01 -1.76393E-02  0.00000E+00  3.00000E-01
      45  1.25680E-03  1.35494E-03 -9.64780E+01 -9.20753E+01  3.96280E+00  1.88716E+02  1.46072E+02  3.57010E+00  1.73273E-01  1.28600E-01  3.00000E-01  3.83950E-02  0.00000E+00  3.00000E-01
      46  1.65095E-03  1.85384E-03 -8.44299E+01 -9.10898E+01  3.34400E+00  2.18274E+02  1.61695E+02  3.60620E+00  1.63464E-01  1.27300E-01  3.00000E-01 -7.30704E-03  0.00000E+00  3.00000E-01
      47  3.33790E-03  3.09650E-03 -9.84028E+01 -9.81729E+01  3.58330E+00  1.71971E+02  1.21180E+02  4.10090E+00  9.43725E-03  1.37200E-01  3.00000E-01  5.28044E-02  0.00000E+00  3.00000E-01
      48  4.74556E-03  4.76472E-03 -8.14280E+01 -6.95816E+01  2.54100E+00  2.42741E+02  1.64613E+02  2.59370E+00  1.03715E-01  9.72000E-02  3.00000E-01  5.08838E-03  0.00000E+00  3.00000E-01
      49  1.23583E-03  1.39385E-03 -1.01765E+02 -8.82302E+01  3.46790E+00  1.83173E+02  1.57875E+02  3.15310E+00  1.48467E-01  1.23300E-01  3.00000E-01  6.22045E-02  0.00000E+00  3.00000E-01
      50  1.69448E-03  1.83338E-03 -9.09846E+01 -8.23289E+01  3.31840E+00  2.16451E+02  1.67328E+02  3.32990E+00  1.31403E-01  1.15000E-01  3.00000E-01  1.25901E-02  0.00000E+00  3.00000E-01
      51  8.72558E-03  9.23600E-03 -1.18600E+02 -1.07611E+02  5.32290E+00  1.68950E+02  9.51285E+01  5.75030E+00  4.35407E-02  1.50400E-01  3.00000E-01 -1.05727E-02  0.00000E+00  3.00000E-01
      52  3.85081E-03  3.52514E-03 -6.66133E+01 -5.18417E+01  2.48570E+00  2.42636E+02  2.05582E+02  2.37090E+00  4.09536E-02  7.24000E-02  3.00000E-01  5.64935E-02  0.00000E+00  3.00000E-01
      53  1.14797E-03  1.29401E-03 -9.37808E+01 -7.95708E+01  3.64480E+00  1.88835E+02  1.44946E+02  4.05920E+00  1.21499E-01  1.11200E-01  3.00000E-01  3.08761E-02  0.00000E+00  3.00000E-01
      54  2.58632E-03  2.39703E-03 -9.82616E+01 -9.13735E+01  3.94420E+00  1.85665E+02  1.18040E+02  3.70890E+00 -1.97064E-03  1.27700E-01  3.00000E-01  1.84349E-02  0.00000E+00  3.00000E-01
      55  1.60547E-03  1.71578E-03 -9.19722E+01 -7.26749E+01  2.99110E+00  2.12319E+02  1.64762E+02  3.44310E+00  1.07075E-01  1.01500E-01  3.00000E-01  1.61686E-02  0.00000E+00  3.00000E-01
      56  2.41046E-03  2.28733E-03 -7.78413E+01 -6.05916E+01  2.90940E+00  2.38419E+02  1.76118E+02  3.11640E+00  4.67865E-02  8.47000E-02  3.00000E-01  1.69797E-02  0.00000E+00  3.00000E-01
      57  3.95646E-03  3.51108E-03 -6.09448E+01 -3.90104E+01  2.31750E+00  2.32734E+02  2.06014E+02  2.31160E+00  1.27883E-02  5.45000E-02  3.00000E-01  7.68807E-02  0.00000E+00  3.00000E-01
      58  7.33416E-03  6.82850E-03 -4.04695E+01 -3.44129E+01  2.42660E+00  2.24938E+02  2.06800E+02  2.04820E+00  2.36636E-02  4.81000E-02  3.00000E-01  6.37529E-02  0.00000E+00  3.00000E-01
      59  5.40770E-03  4.69791E-03 -8.57858E+01 -7.06768E+01  3.54790E+00  1.92489E+02  1.21332E+02  3.99690E+00  3.05013E-02  9.87000E-02  3.00000E-01 -1.40449E-02  0.00000E+00  3.00000E-01
      60  1.00899E-03  1.07082E-03 -8.19979E+01 -6.58570E+01  4.59500E+00  1.81042E+02  1.38512E+02  5.63270E+00  9.20343E-02  9.20000E-02  3.00000E-01  2.42796E-02  0.00000E+00  3.00000E-01
      61  1.40311E-03  1.45420E-03 -7.70783E+01 -5.91339E+01  3.37190E+00  2.00418E+02  1.71291E+02  3.71740E+00  6.38580E-02  8.26000E-02  3.00000E-01  2.95850E-02  0.00000E+00  3.00000E-01
      62  2.08762E-03  1.95197E-03 -7.09194E+01 -4.92578E+01  3.20750E+00  2.23072E+02  1.70370E+02  3.17090E+00  2.32723E-02  6.88000E-02  3.00000E-01  3.94486E-02  0.00000E+00  3.00000E-01
      63  1.29262E-02  1.28589E-02 -2.08563E+01 -1.66150E+01  2.31170E+00  2.33444E+02  2.14012E+02  2.27080E+00  2.12249E-02  2.32000E-02  3.00000E-01  1.46712E-02  0.00000E+00  3.00000E-01
      64  3.36190E-03  2.94675E-03 -5.26186E+01 -3.48226E+01  3.01100E+00  2.26234E+02  1.92501E+02  3.20530E+00 -3.32842E-03  4.87000E-02  3.00000E-01  6.84997E-02  0.00000E+00  3.00000E-01
      65  3.24146E-03  3.28709E-03 -6.33140E+01 -4.67406E+01  4.32920E+00  1.75309E+02  1.29943E+02  4.18700E+00  5.70735E-02  6.53000E-02  3.00000E-01  2.06524E-02  0.00000E+00  3.00000E-01
      66  1.62288E-02  1.51610E-02 -1.44627E+01 -9.71960E+00  1.98640E+00  2.29734E+02  2.04650E+02  1.82760E+00  8.35741E-03  1.36000E-02  3.00000E-01  3.07126E-02  0.00000E+00  3.00000E-01
      67  2.91442E-02  2.91522E-02  9.41491E+00  1.97364E+01  1.65850E+00  2.35944E+02  2.10271E+02  1.68840E+00 -9.60164E-03 -2.76000E-02  3.00000E-01  3.26431E-03  0.00000E+00  3.00000E-01
      68  1.28766E-02  1.27158E-02 -5.55970E+01 -5.53930E+01  7.43740E+00  1.31657E+02  9.90821E+01  6.39610E+00  1.39017E-02  7.74000E-02  3.00000E-01  6.70861E-03  0.00000E+00  3.00000E-01
      69  1.64507E-03  1.55909E-03 -5.91725E+01 -3.85227E+01  2.88670E+00  2.08411E+02  1.74375E+02  3.53670E+00  9.50864E-03  5.38000E-02  3.00000E-01  3.24281E-02  0.00000E+00  3.00000E-01
      70  6.08167E-03  5.74475E-03  2.09313E+01  1.72862E+01  3.27700E+00  1.76363E+02  1.21636E+02  3.75850E+00 -1.37867E-02 -2.42000E-02  3.00000E-01  4.06857E-02  0.00000E+00  3.00000E-01
      71  2.47359E-03  2.18488E-03 -4.28552E+01 -1.98976E+01  3.89570E+00  2.24659E+02  1.70702E+02  3.88190E+00 -1.21972E-02  2.78000E-02  3.00000E-01  4.50257E-02  0.00000E+00  3.00000E-01
      72  9.35559E-03  8.41239E-03  3.84733E+01  2.54342E+01  2.23560E+00  2.25711E+02  1.98916E+02  2.20800E+00 -3.81975E-03 -3.55000E-02  3.00000E-01  6.47346E-02  0.00000E+00  3.00000E-01
      73  4.11866E-03  3.73112E-03  4.79083E+01  3.19210E+01  2.31940E+00  2.17618E+02  1.72709E+02  2.61440E+00 -1.29775E-03 -4.46000E-02  3.00000E-01  4.38547E-02  0.00000E+00  3.00000E-01
      74  3.88766E-03  3.38037E-03 -1.36197E+01 -3.07820E+00  3.50300E+00  2.22624E+02  1.78698E+02  3.01190E+00  9.44392E-04  4.30000E-03  3.00000E-01  5.90239E-02  0.00000E+00  3.00000E-01
      75  5.42531E-03  4.85468E-03 -5.35989E+01 -3.44652E+01  5.16830E+00  1.96911E+02  1.07433E+02  5.64620E+00  1.50588E-02  4.82000E-02  3.00000E-01 -4.51690E-02  0.00000E+00  3.00000E-01
      76  1.28514E-02  1.27079E-02  1.70171E+01  1.63027E+01  2.61890E+00  2.33820E+02  2.13903E+02  2.26050E+00 -1.87438E-02 -2.28000E-02  3.00000E-01  1.11513E-02  0.00000E+00  3.00000E-01
      77  1.33877E-02  1.29137E-02 -6.90608E+01 -1.55468E+02  5.77590E+00  8.91241E+01  6.82334E+01  7.73900E+00 -1.01004E-01  2.17200E-01  3.00000E-01 -7.34047E-03  0.00000E+00  3.00000E-01
      78  9.13856E-03  5.43504E-03 -6.83547E+01 -2.14718E+02  6.11990E+00  8.97571E+01  5.66170E+01  9.13570E+00 -1.68400E-01  3.00000E-01  3.00000E-01 -1.29332E-01  0.00000E+00  3.00000E-01
      79  1.46669E-03  1.48948E-03 -5.27721E+01 -2.66730E+01  4.69660E+00  1.66690E+02  1.32862E+02  5.12060E+00  2.69685E-02  3.73000E-02  3.00000E-01  3.34840E-02  0.00000E+00  3.00000E-01
      80  1.23028E-03  1.21918E-03 -4.41375E+01 -2.19635E+01  3.75400E+00  1.92949E+02  1.45756E+02  4.26770E+00  2.31215E-02  3.07000E-02  3.00000E-01  3.35494E-02  0.00000E+00  3.00000E-01
      81  2.16485E-03  2.26653E-03 -3.70124E+01 -1.50469E+01  4.04570E+00  1.71259E+02  1.28562E+02  4.76240E+00  1.52307E-02  2.10000E-02  3.00000E-01  4.18123E-02  0.00000E+00  3.00000E-01
      82  1.71572E-03  1.56602E-03 -2.49730E+01 -1.69529E+01  4.11020E+00  2.12156E+02  1.64466E+02  4.08680E+00 -1.89662E-03  2.37000E-02  3.00000E-01  3.72544E-02  0.00000E+00  3.00000E-01
      83  5.87670E-03  5.27712E-03  1.07862E+01  2.36044E+01  2.54170E+00  2.24185E+02  2.01731E+02  2.35250E+00 -5.79279E-03 -3.30000E-02  3.00000E-01  5.42680E-02  0.00000E+00  3.00000E-01
      84  2.39535E-03  2.09444E-03  2.84921E+00  6.25090E+00  3.73800E+00  2.26323E+02  1.71546E+02  3.66870E+00  2.84480E-03 -8.70000E-03  3.00000E-01  4.46381E-02  0.00000E+00  3.00000E-01
      85  4.75211E-03  4.42796E-03 -5.63964E+00 -1.49436E+01  5.71080E+00  2.04604E+02  1.03941E+02  6.87710E+00 -2.17877E-03  2.09000E-02  3.00000E-01 -7.72701E-02  0.00000E+00  3.00000E-01
      86  1.18661E-03  1.20648E-03 -6.59984E+00  5.89020E+00  3.99590E+00  2.05896E+02  1.53860E+02  4.59740E+00  4.43836E-03 -8.20000E-03  3.00000E-01  2.62037E-02  0.00000E+00  3.00000E-01
      87  1.35500E-02  1.25820E-02  3.92952E+01  3.74109E+01  1.99580E+00  2.24131E+02  2.02812E+02  1.97070E+00 -2.43489E-02 -5.23000E-02  3.00000E-01  6.90516E-02  0.00000E+00  3.00000E-01
      88  3.18483E-03  2.76032E-03  3.02069E+01  3.76838E+01  3.34130E+00  2.25960E+02  1.85456E+02  3.54960E+00 -2.14557E-04 -5.27000E-02  3.00000E-01  5.51730E-02  0.00000E+00  3.00000E-01
      89  1.06445E-02  1.02886E-02  3.44344E+01  3.44990E+01  2.01780E+00  2.27930E+02  2.09083E+02  2.43910E+00 -3.81520E-02 -4.82000E-02  3.00000E-01  4.02368E-02  0.00000E+00  3.00000E-01
      90  1.53564E-03  1.44801E-03  2.55301E+01  1.97254E+01  4.73350E+00  2.07580E+02  1.58949E+02  4.61790E+00  3.51511E-03 -2.76000E-02  3.00000E-01  3.51031E-02  0.00000E+00  3.00000E-01
      91  7.33416E-03  6.81547E-03  3.97920E+01  3.44129E+01  2.42660E+00  2.25311E+02  2.06800E+02  2.04820E+00 -2.65650E-02 -4.81000E-02  3.00000E-01  6.34582E-02  0.00000E+00  3.00000E-01
      92  1.52209E-03  1.63728E-03  8.52748E+00 -1.66190E+00  4.87370E+00  1.75529E+02  1.34958E+02  5.21500E+00 -2.46615E-03  2.30000E-03  3.00000E-01  4.90210E-02  0.00000E+00  3.00000E-01
      93  3.71651E-03  3.27475E-03  4.90642E+01  4.55340E+01  2.66940E+00  2.24504E+02  1.84950E+02  2.80100E+00  8.00235E-03 -6.36000E-02  3.00000E-01  7.83312E-02  0.00000E+00  3.00000E-01
      94  1.90190E-03  1.74691E-03  5.24618E+01  3.67685E+01  3.88200E+00  2.20297E+02  1.70325E+02  3.90010E+00 -8.15141E-03 -5.14000E-02  3.00000E-01  3.67701E-02  0.00000E+00  3.00000E-01
      95  3.04395E-03  2.83935E-03  2.49103E+01  4.09800E+00  6.29160E+00  1.77962E+02  1.28315E+02  5.83360E+00 -1.02641E-02 -5.70000E-03  3.00000E-01  3.12451E-02  0.00000E+00  3.00000E-01
      96  1.03871E-02  9.58315E-03  5.60695E+01  4.96517E+01  1.89490E+00  2.31368E+02  2.04868E+02  1.86230E+00 -3.65092E-02 -6.94000E-02  3.00000E-01  8.21109E-02  0.00000E+00  3.00000E-01
      97  1.03463E-03  1.09108E-03  4.69065E+01  2.43638E+01  5.29040E+00  1.85993E+02  1.54438E+02  5.63680E+00 -3.49988E-02 -3.40000E-02  3.00000E-01  3.88263E-02  0.00000E+00  3.00000E-01
      98  1.23028E-03  1.22308E-03  4.35889E+01  2.19635E+01  3.75400E+00  1.91203E+02  1.45756E+02  4.26770E+00 -1.25285E-02 -3.07000E-02  3.00000E-01  3.82641E-02  0.00000E+00  3.00000E-01
      99  3.95646E-03  3.54580E-03  6.07501E+01  3.90104E+01  2.31750E+00  2.33658E+02  2.06014E+02  2.31160E+00 -1.33929E-02 -5.45000E-02  3.00000E-01  7.54813E-02  0.00000E+00  3.00000E-01
     100  3.63803E-03  3.25217E-03  6.40884E+01  5.93916E+01  2.64100E+00  2.32981E+02  1.79503E+02  2.60000E+00 -1.42347E-02 -8.30000E-02  3.00000E-01  7.23554E-02  0.00000E+00  3.00000E-01
     101  4.40999E-03  4.17394E-03  7.56218E+01  5.56762E+01  3.02470E+00  2.30320E+02  1.67626E+02  3.00050E+00 -2.86505E-02 -7.78000E-02  3.00000E-01  3.20459E-02  0.00000E+00  3.00000E-01
     102  4.65093E-03  4.28753E-03  5.94238E+01  6.41298E+01  3.00430E+00  2.34722E+02  1.84157E+02  2.87750E+00 -3.67288E-02 -8.96000E-02  3.00000E-01  8.35683E-02  0.00000E+00  3.00000E-01
     103  1.23156E-03  1.21384E-03  5.69710E+01  3.85853E+01  5.73760E+00  1.90968E+02  1.61140E+02  6.70480E+00 -4.34414E-02 -5.39000E-02  3.00000E-01  1.95970E-02  0.00000E+00  3.00000E-01
     104  9.85493E-03  1.01076E-02  3.06876E+01  2.30641E+01  9.59970E+00  1.43887E+02  1.07645E+02  9.74700E+00 -6.64437E-03 -3.22000E-02  3.00000E-01 -1.18385E-02  0.00000E+00  3.00000E-01
     105  2.76917E-03  2.84903E-03  5.54379E+01  3.67031E+01  5.26070E+00  1.65455E+02  1.39582E+02  5.24910E+00 -2.69308E-02 -5.13000E-02  3.00000E-01  3.96398E-02  0.00000E+00  3.00000E-01
     106  2.08762E-03  1.92477E-03  7.01613E+01  4.92578E+01  3.20750E+00  2.22085E+02  1.70370E+02  3.17090E+00 -2.62777E-02 -6.88000E-02  3.00000E-01  4.14219E-02  0.00000E+00  3.00000E-01
     107  1.39072E-03  1.41911E-03  7.21976E+01  4.86514E+01  5.14740E+00  1.99453E+02  1.61512E+02  5.38590E+00 -5.16702E-02 -6.80000E-02  3.00000E-01  3.26914E-02  0.00000E+00  3.00000E-01
     108  5.58888E-03  5.35424E-03  7.42480E+01  7.60691E+01  2.84590E+00  2.48244E+02  1.68728E+02  3.07360E+00 -8.17315E-02 -1.06300E-01  3.00000E-01  1.11501E-02  0.00000E+00  3.00000E-01
     109  1.59959E-03  1.66803E-03  5.77401E+01  3.12237E+01  4.52500E+00  1.66723E+02  1.28783E+02  4.74540E+00 -4.52878E-02 -4.36000E-02  3.00000E-01  1.74749E-02  0.00000E+00  3.00000E-01
     110  2.41046E-03  2.29013E-03  8.19559E+01  6.05916E+01  2.90940E+00  2.36075E+02  1.76118E+02  3.11640E+00 -4.67026E-02 -8.47000E-02  3.00000E-01  2.86427E-02  0.00000E+00  3.00000E-01
     111  3.22140E-03  3.01643E-03  6.77618E+01  6.87448E+01  2.57530E+00  2.53086E+02  1.75875E+02  2.77020E+00 -7.44378E-02 -9.60000E-02  3.00000E-01  2.48233E-02  0.00000E+00  3.00000E-01
     112  2.65505E-03  2.66205E-03  6.98568E+01  5.27820E+01  4.76920E+00  1.77347E+02  1.32920E+02  4.55460E+00 -5.53760E-02 -7.37000E-02  3.00000E-01  2.60751E-02  0.00000E+00  3.00000E-01
     113  2.47299E-03  2.41116E-03  8.00281E+01  6.44952E+01  3.38250E+00  2.41546E+02  1.68797E+02  3.75640E+00 -8.48778E-02 -9.01000E-02  3.00000E-01  1.07968E-02  0.00000E+00  3.00000E-01
     114  1.47074E-03  1.56839E-03  8.62635E+01  6.09376E+01  3.68380E+00  2.07123E+02  1.44153E+02  4.23210E+00 -8.40612E-02 -8.51000E-02  3.00000E-01  2.76903E-02  0.00000E+00  3.00000E-01
     115  2.41210E-03  2.52051E-03  8.05420E+01  6.14871E+01  2.71850E+00  1.94922E+02  1.61346E+02  3.10260E+00 -9.22301E-02 -8.59000E-02  3.00000E-01  2.51347E-02  0.00000E+00  3.00000E-01
     116  4.85924E-03  4.76007E-03  4.63863E+01  2.17985E+01  7.38860E+00  1.86786E+02  1.05102E+02  7.90260E+00  1.40595E-02 -3.05000E-02  3.00000E-01 -4.78376E-02  0.00000E+00  3.00000E-01
     117  2.10040E-03  2.10931E-03  8.86253E+01  6.88558E+01  4.02080E+00  2.30223E+02  1.48397E+02  3.99660E+00 -9.79810E-02 -9.62000E-02  3.00000E-01  1.67249E-02  0.00000E+00  3.00000E-01
     118  2.68487E-03  2.73377E-03  7.68805E+01  5.92784E+01  5.08820E+00  1.77537E+02  1.31205E+02  5.16520E+00 -8.23277E-02 -8.28000E-02  3.00000E-01  2.66203E-02  0.00000E+00  3.00000E-01
     119  1.60547E-03  1.72016E-03  9.16804E+01  7.26749E+01  2.99110E+00  2.13082E+02  1.64762E+02  3.44310E+00 -1.01632E-01 -1.01500E-01  3.00000E-01  1.63597E-02  0.00000E+00  3.00000E-01
     120  8.03854E-03  7.20992E-03  7.77248E+01  5.09015E+01  5.64670E+00  2.02017E+02  1.16348E+02  5.83170E+00 -3.44576E-02 -7.11000E-02  3.00000E-01 -5.16748E-02  0.00000E+00  3.00000E-01
     121  2.27257E-03  2.29614E-03  7.68029E+01  7.61701E+01  3.84970E+00  2.45263E+02  1.60800E+02  3.58570E+00 -1.25442E-01 -1.06400E-01  3.00000E-01 -1.74931E-02  0.00000E+00  3.00000E-01
     122  2.83506E-03  3.10684E-03  9.84518E+01  8.27018E+01  3.09000E+00  1.98207E+02  1.44534E+02  3.77070E+00 -1.52698E-01 -1.15500E-01  3.00000E-01  3.66815E-02  0.00000E+00  3.00000E-01
     123  3.41115E-03  3.69887E-03  8.59224E+01  8.16806E+01  2.73720E+00  2.20209E+02  1.52411E+02  2.86250E+00 -1.65580E-01 -1.14100E-01  3.00000E-01 -9.41376E-03  0.00000E+00  3.00000E-01
     124  2.93032E-03  3.25784E-03  9.25535E+01  8.51497E+01  2.39760E+00  2.01299E+02  1.62344E+02  2.28950E+00 -1.31635E-01 -1.19000E-01  3.00000E-01  2.40894E-02  0.00000E+00  3.00000E-01
     125  1.92749E-03  2.09235E-03  7.73506E+01  8.14300E+01  3.54520E+00  2.34826E+02  1.60441E+02  3.61190E+00 -1.56552E-01 -1.13800E-01  3.00000E-01 -3.37825E-02  0.00000E+00  3.00000E-01
     126  1.65095E-03  1.81609E-03  8.58035E+01  9.10898E+01  3.34400E+00  2.16060E+02  1.61695E+02  3.60620E+00 -1.60718E-01 -1.27300E-01  3.00000E-01 -5.19518E-03  0.00000E+00  3.00000E-01
     127  1.05965E-03  1.18252E-03  9.53879E+01  7.22056E+01  4.37510E+00  1.80758E+02  1.27268E+02  4.80780E+00 -1.03629E-01 -1.00900E-01  3.00000E-01  4.49486E-02  0.00000E+00  3.00000E-01
     128  1.14797E-03  1.28273E-03  9.66154E+01  7.95708E+01  3.64480E+00  1.88807E+02  1.44946E+02  4.05920E+00 -1.15190E-01 -1.11200E-01  3.00000E-01  2.75446E-02  0.00000E+00  3.00000E-01
     129  4.85228E-03  4.32165E-03  9.81241E+01  8.53516E+01  4.42960E+00  1.87811E+02  1.15338E+02  5.08700E+00 -1.04547E-02 -1.19300E-01  3.00000E-01  7.09847E-03  0.00000E+00  3.00000E-01
     130  3.67954E-03  3.14684E-03  6.29942E+01  5.04692E+01  5.06090E+00  1.87815E+02  1.17951E+02  5.57950E+00 -1.11973E-02 -7.05000E-02  3.00000E-01 -8.69456E-03  0.00000E+00  3.00000E-01
     131  2.72557E-03  2.98911E-03  9.03315E+01  9.52033E+01  3.35160E+00  2.01694E+02  1.44592E+02  3.36560E+00 -1.86882E-01 -1.33000E-01  3.00000E-01  2.04828E-02  0.00000E+00  3.00000E-01
     132  2.89686E-03  2.84157E-03  9.62935E+01  9.59976E+01  4.33880E+00  1.67844E+02  1.25222E+02  4.68940E+00 -4.10892E-02 -1.34100E-01  3.00000E-01  7.61634E-02  0.00000E+00  3.00000E-01
     133  6.10500E-03  5.74253E-03  1.16467E+02  8.64738E+01  4.31310E+00  2.03410E+02  1.08404E+02  4.79760E+00 -4.70675E-02 -1.20800E-01  3.00000E-01 -6.15137E-02  0.00000E+00  3.00000E-01
     134  1.26100E-03  1.34017E-03  9.52450E+01  9.18239E+01  4.08350E+00  1.90658E+02  1.37606E+02  4.08200E+00 -1.73183E-01 -1.28300E-01  3.00000E-01  3.53418E-02  0.00000E+00  3.00000E-01
     135  1.12874E-02  1.12698E-02  9.03552E+01  9.52826E+01  8.11970E+00  1.51147E+02  1.02093E+02  6.80250E+00 -5.67951E-03 -1.33100E-01  3.00000E-01  1.22697E-02  0.00000E+00  3.00000E-01
     136  1.25680E-03  1.37713E-03  9.83427E+01  9.20753E+01  3.96280E+00  1.86103E+02  1.46072E+02  3.57010E+00 -1.72108E-01 -1.28600E-01  3.00000E-01  6.02420E-02  0.00000E+00  3.00000E-01
     137  2.45765E-03  2.57180E-03  9.62492E+01  9.12632E+01  3.29800E+00  1.91158E+02  1.39211E+02  3.28030E+00 -1.69145E-01 -1.27500E-01  3.00000E-01  4.20687E-02  0.00000E+00  3.00000E-01
     138  3.20993E-03  3.10682E-03  8.60547E+01  8.24222E+01  3.56590E+00  1.74299E+02  1.26230E+02  3.92700E+00 -4.30549E-02 -1.15200E-01  3.00000E-01  4.85393E-02  0.00000E+00  3.00000E-01
     139  3.14311E-03  2.68966E-03  1.05828E+02  9.89743E+01  3.80460E+00  1.83189E+02  1.11957E+02  3.76270E+00  3.14357E-02 -1.38300E-01  3.00000E-01  6.83979E-03  0.00000E+00  3.00000E-01
     140  2.16173E-03  1.96330E-03  9.89127E+01  9.70276E+01  4.30390E+00  1.78353E+02  1.29884E+02  4.05950E+00 -7.10487E-02 -1.35600E-01  3.00000E-01  5.80527E-02  0.00000E+00  3.00000E-01
     141  2.81751E-03  2.50332E-03  1.06060E+02  1.05362E+02  4.43740E+00  1.70224E+02  1.25949E+02  4.98880E+00 -1.08569E-02 -1.47200E-01  3.00000E-01  5.82627E-02  0.00000E+00  3.00000E-01
     142  7.38167E-03  6.45012E-03  1.43611E+02  1.30449E+02  4.55590E+00  1.92402E+02  1.11069E+02  4.77790E+00 -2.46423E-02 -1.82300E-01  3.00000E-01 -6.08342E-02  0.00000E+00  3.00000E-01
     143  4.25213E-03  3.47764E-03  1.44904E+02  1.22448E+02  4.22050E+00  1.96168E+02  1.22967E+02  4.61680E+00 -1.82564E-03 -1.71100E-01  3.00000E-01 -5.69450E-02  0.00000E+00  3.00000E-01
     144  1.36557E-02  1.44540E-02  8.57192E+01  1.42943E+02  7.38560E+00  1.07105E+02  8.77775E+01  7.51160E+00  2.06090E-02 -1.99700E-01  3.00000E-01 -3.86036E-02  0.00000E+00  3.00000E-01
     145  9.71084E-04  7.96288E-04  1.11773E+02  1.05273E+02  4.89950E+00  1.78370E+02  1.22078E+02  5.21350E+00  2.08086E-02 -1.47100E-01  3.00000E-01  1.78941E-02  0.00000E+00  3.00000E-01
     146  5.73162E-03  4.91079E-03  1.53477E+02  1.17864E+02  3.54300E+00  1.93915E+02  1.11039E+02  3.97860E+00 -3.57684E-02 -1.64700E-01  3.00000E-01 -6.71844E-02  0.00000E+00  3.00000E-01
     147  2.53145E-03  1.90812E-03  1.49911E+02  1.16630E+02  4.58890E+00  1.97030E+02  1.15629E+02  5.27200E+00  2.37169E-02 -1.63000E-01  3.00000E-01 -9.06979E-02  0.00000E+00  3.00000E-01
     148  7.57355E-03  6.78904E-03  2.02509E+02  1.38060E+02  4.37150E+00  1.96218E+02  1.11025E+02  4.52190E+00 -7.58669E-02 -1.92900E-01  3.00000E-01 -1.13785E-01  0.00000E+00  3.00000E-01
     149  1.86381E-02  2.05608E-02  1.41203E+02  1.84203E+02  4.12540E+00  1.16558E+02  8.31491E+01  4.92460E+00 -7.26894E-02 -2.57400E-01  3.00000E-01  4.27796E-02  0.00000E+00  3.00000E-01
     150  1.36023E-02  1.33553E-02  1.75925E+02  1.49848E+02  3.14210E+00  1.71508E+02  9.61340E+01  3.36050E+00 -1.81961E-02 -2.09400E-01  3.00000E-01 -4.17883E-02  0.00000E+00  3.00000E-01
     151  1.70417E-02  1.86892E-02  1.05745E+02  1.40762E+02  4.94690E+00  1.23238E+02  8.62257E+01  5.18530E+00 -7.47987E-02 -1.96700E-01  3.00000E-01  1.76844E-02  0.00000E+00  3.00000E-01
     152  2.83714E-02  2.41228E-02  1.16515E+02  2.05386E+02  3.59980E+00  1.09521E+02  6.31672E+01  4.93640E+00 -9.52078E-02 -2.87000E-01  3.00000E-01 -1.15891E-01  0.00000E+00  3.00000E-01
