        1121
     1   9.999999E-01   9.999999E-01   5.134255E-08
     2   4.180987E-04   4.604492E-04   4.180987E-06
     3   4.180700E-04   4.219576E-04   4.180700E-06
     4   4.180204E-04   4.299406E-04   4.180204E-06
     5   4.179631E-04   3.839457E-04   4.179631E-06
     6   4.179135E-04   5.170485E-04   4.179135E-06
     7   4.178849E-04   4.141866E-04   4.178849E-06
     8   1.263214E-03   1.194309E-03   1.263214E-05
     9   1.262795E-03   1.108705E-03   1.262795E-05
    10   1.262068E-03   1.085286E-03   1.262068E-05
    11   1.261230E-03   1.068718E-03   1.261230E-05
    12   1.260504E-03   1.335843E-03   1.260504E-05
    13   1.260086E-03   1.066955E-03   1.260086E-05
    14   2.119403E-03   2.282193E-03   2.119403E-05
    15   2.117686E-03   2.245735E-03   2.117686E-05
    16   2.114717E-03   2.255523E-03   2.114717E-05
    17   2.111297E-03   2.240382E-03   2.111297E-05
    18   2.108342E-03   2.221887E-03   2.108342E-05
    19   2.106640E-03   2.101204E-03   2.106640E-05
    20   2.942855E-03   3.407389E-03   2.942855E-05
    21   2.938748E-03   3.225651E-03   2.938748E-05
    22   2.931656E-03   3.280703E-03   2.931656E-05
    23   2.923498E-03   3.146221E-03   2.923498E-05
    24   2.916462E-03   3.349189E-03   2.916462E-05
    25   2.912412E-03   2.991968E-03   2.912412E-05
    26   3.626585E-03   3.577836E-03   3.626585E-05
    27   3.619576E-03   3.378227E-03   3.619576E-05
    28   3.607485E-03   3.448201E-03   3.607485E-05
    29   3.593598E-03   3.399140E-03   3.593598E-05
    30   3.581638E-03   3.688067E-03   3.581638E-05
    31   3.574760E-03   3.036404E-03   3.574760E-05
    32   4.023997E-03   4.335784E-03   4.023997E-05
    33   4.014921E-03   3.859362E-03   4.014921E-05
    34   3.999272E-03   4.494073E-03   3.999272E-05
    35   3.981315E-03   3.912404E-03   3.981315E-05
    36   3.965861E-03   4.208625E-03   3.965861E-05
    37   3.956980E-03   4.237189E-03   3.956980E-05
    38   1.194147E-04   9.426365E-05   1.194147E-06
    39   1.194049E-04   1.529358E-04   1.194049E-06
    40   1.193879E-04   1.203337E-04   1.193879E-06
    41   1.193683E-04   1.388791E-04   1.193683E-06
    42   1.193513E-04   1.543187E-04   1.193513E-06
    43   1.193415E-04   1.118983E-04   1.193415E-06
    44   3.642763E-04   2.418272E-04   3.642763E-06
    45   3.641250E-04   2.098192E-04   3.641250E-06
    46   3.638636E-04   3.592010E-04   3.638636E-06
    47   3.635623E-04   2.651121E-04   3.635623E-06
    48   3.633019E-04   2.072625E-04   3.633019E-06
    49   3.631518E-04   2.020472E-04   3.631518E-06
    50   6.236911E-04   5.770662E-04   6.236911E-06
    51   6.230163E-04   5.975532E-04   6.230163E-06
    52   6.218517E-04   6.326800E-04   6.218517E-06
    53   6.205138E-04   6.786231E-04   6.205138E-06
    54   6.193608E-04   6.043769E-04   6.193608E-06
    55   6.186976E-04   6.080018E-04   6.186976E-06
    56   8.921911E-04   9.707479E-04   8.921911E-06
    57   8.903951E-04   8.658547E-04   8.903951E-06
    58   8.873036E-04   9.206049E-04   8.873036E-06
    59   8.837641E-04   9.972507E-04   8.837641E-06
    60   8.807247E-04   1.021570E-03   8.807247E-06
    61   8.789808E-04   9.739489E-04   8.789808E-06
    62   1.135194E-03   1.076678E-03   1.135194E-05
    63   1.131814E-03   1.040141E-03   1.131814E-05
    64   1.126012E-03   1.232711E-03   1.126012E-05
    65   1.119390E-03   1.073293E-03   1.119390E-05
    66   1.113722E-03   1.093927E-03   1.113722E-05
    67   1.110477E-03   9.157054E-04   1.110477E-05
    68   1.286701E-03   1.264823E-03   1.286701E-05
    69   1.282062E-03   1.214072E-03   1.282062E-05
    70   1.274107E-03   1.372959E-03   1.274107E-05
    71   1.265047E-03   1.307683E-03   1.265047E-05
    72   1.257307E-03   1.323471E-03   1.257307E-05
    73   1.252883E-03   1.200367E-03   1.252883E-05
    74   2.062102E-04   1.368349E-04   2.062102E-06
    75   2.061971E-04   2.776628E-04   2.061971E-06
    76   2.061745E-04   2.080068E-04   2.061745E-06
    77   2.061484E-04   2.755675E-04   2.061484E-06
    78   2.061257E-04   2.898306E-04   2.061257E-06
    79   2.061127E-04   1.725780E-04   2.061127E-06
    80   6.269113E-04   6.100542E-04   6.269113E-06
    81   6.267187E-04   5.603253E-04   6.267187E-06
    82   6.263854E-04   5.182701E-04   6.263854E-06
    83   6.260008E-04   4.239060E-04   6.260008E-06
    84   6.256681E-04   4.162794E-04   6.256681E-06
    85   6.254761E-04   3.086926E-04   6.254761E-06
    86   1.063254E-03   1.150290E-03   1.063254E-05
    87   1.062459E-03   1.052273E-03   1.062459E-05
    88   1.061082E-03   1.146296E-03   1.061082E-05
    89   1.059497E-03   1.082628E-03   1.059497E-05
    90   1.058127E-03   1.175009E-03   1.058127E-05
    91   1.057337E-03   1.106941E-03   1.057337E-05
    92   1.495090E-03   1.586775E-03   1.495090E-05
    93   1.493160E-03   1.437145E-03   1.493160E-05
    94   1.489827E-03   1.554161E-03   1.489827E-05
    95   1.485993E-03   1.377641E-03   1.485993E-05
    96   1.482684E-03   1.478122E-03   1.482684E-05
    97   1.480780E-03   1.360689E-03   1.480780E-05
    98   1.863046E-03   1.951879E-03   1.863046E-05
    99   1.859704E-03   1.764581E-03   1.859704E-05
   100   1.853938E-03   1.889202E-03   1.853938E-05
   101   1.847316E-03   1.879673E-03   1.847316E-05
   102   1.841611E-03   1.860860E-03   1.841611E-05
   103   1.838330E-03   1.539034E-03   1.838330E-05
   104   2.080803E-03   2.235408E-03   2.080803E-05
   105   2.076431E-03   2.035061E-03   2.076431E-05
   106   2.068894E-03   2.366982E-03   2.068894E-05
   107   2.060245E-03   2.299241E-03   2.060245E-05
   108   2.052803E-03   2.135309E-03   2.052803E-05
   109   2.048525E-03   1.793772E-03   2.048525E-05
   110   2.898869E-04   1.611868E-04   2.898869E-06
   111   2.898575E-04   2.280476E-04   2.898575E-06
   112   2.898066E-04   1.760695E-04   2.898066E-06
   113   2.897478E-04   1.532234E-04   2.897478E-06
   114   2.896970E-04   1.314963E-04   2.896970E-06
   115   2.896676E-04   1.127320E-04   2.896676E-06
   116   9.045875E-04   1.582747E-04   9.045875E-06
   117   9.041303E-04   1.822799E-04   9.041303E-06
   118   9.033393E-04   5.358144E-04   9.033393E-06
   119   9.024276E-04   3.558173E-04   9.024276E-06
   120   9.016395E-04   4.040938E-04   9.016395E-06
   121   9.011851E-04   4.339348E-04   9.011851E-06
   122   1.611395E-03   1.096801E-03   1.611395E-05
   123   1.609334E-03   9.981916E-04   1.609334E-05
   124   1.605774E-03   1.251473E-03   1.605774E-05
   125   1.601681E-03   1.136347E-03   1.601681E-05
   126   1.598151E-03   9.761636E-04   1.598151E-05
   127   1.596118E-03   8.396178E-04   1.596118E-05
   128   2.412427E-03   1.494188E-03   2.412427E-05
   129   2.406911E-03   1.487297E-03   2.406911E-05
   130   2.397403E-03   1.689115E-03   2.397403E-05
   131   2.386499E-03   1.601089E-03   2.386499E-05
   132   2.377119E-03   1.515324E-03   2.377119E-05
   133   2.371730E-03   1.485206E-03   2.371730E-05
   134   3.189411E-03   1.787351E-03   3.189411E-05
   135   3.179033E-03   1.759631E-03   3.179033E-05
   136   3.161177E-03   2.069982E-03   3.161177E-05
   137   3.140744E-03   1.956803E-03   3.140744E-05
   138   3.123209E-03   1.942124E-03   3.123209E-05
   139   3.113153E-03   1.930366E-03   3.113153E-05
   140   3.693078E-03   2.969147E-03   3.693078E-05
   141   3.678857E-03   2.664435E-03   3.678857E-05
   142   3.654415E-03   3.116803E-03   3.654415E-05
   143   3.626485E-03   2.970635E-03   3.626485E-05
   144   3.602548E-03   3.033536E-03   3.602548E-05
   145   3.588834E-03   2.869254E-03   3.588834E-05
   146   2.652410E-04   3.322012E-04   2.652410E-06
   147   2.652150E-04   4.156585E-04   2.652150E-06
   148   2.651699E-04   3.205240E-04   2.651699E-06
   149   2.651178E-04   2.697662E-04   2.651178E-06
   150   2.650727E-04   2.380861E-04   2.650727E-06
   151   2.650467E-04   2.149821E-04   2.650467E-06
   152   8.441252E-04   2.671228E-04   8.441252E-06
   153   8.436908E-04   3.759734E-04   8.436908E-06
   154   8.429400E-04   1.019282E-03   8.429400E-06
   155   8.420753E-04   6.163513E-04   8.420753E-06
   156   8.413284E-04   5.184064E-04   8.413284E-06
   157   8.408980E-04   4.824113E-04   8.408980E-06
   158   1.567795E-03   1.503216E-03   1.567795E-05
   159   1.565585E-03   1.407838E-03   1.565585E-05
   160   1.561775E-03   1.996774E-03   1.561775E-05
   161   1.557403E-03   1.798010E-03   1.557403E-05
   162   1.553641E-03   1.636583E-03   1.553641E-05
   163   1.551479E-03   1.603298E-03   1.551479E-05
   164   2.496533E-03   2.754694E-03   2.496533E-05
   165   2.489642E-03   2.742940E-03   2.489642E-05
   166   2.477802E-03   3.267752E-03   2.477802E-05
   167   2.464281E-03   3.586942E-03   2.464281E-05
   168   2.452700E-03   3.586522E-03   2.452700E-05
   169   2.446068E-03   3.701141E-03   2.446068E-05
   170   3.527340E-03   3.490650E-03   3.527340E-05
   171   3.512369E-03   3.329574E-03   3.512369E-05
   172   3.486734E-03   3.786207E-03   3.486734E-05
   173   3.457591E-03   3.493866E-03   3.457591E-05
   174   3.432742E-03   3.482801E-03   3.432742E-05
   175   3.418558E-03   3.288675E-03   3.418558E-05
   176   4.269307E-03   4.686842E-03   4.269307E-05
   177   4.246914E-03   4.291889E-03   4.246914E-05
   178   4.208646E-03   4.802540E-03   4.208646E-05
   179   4.165263E-03   4.325993E-03   4.165263E-05
   180   4.128374E-03   4.010185E-03   4.128374E-05
   181   4.107359E-03   3.728962E-03   4.107359E-05
   182   2.132310E-04   2.386843E-04   2.132310E-06
   183   2.132066E-04   2.829373E-04   2.132066E-06
   184   2.131644E-04   2.547516E-04   2.131644E-06
   185   2.131157E-04   2.132634E-04   2.131157E-06
   186   2.130735E-04   2.365304E-04   2.130735E-06
   187   2.130492E-04   2.333401E-04   2.130492E-06
   188   7.142292E-04   5.875089E-04   7.142292E-06
   189   7.138007E-04   8.323733E-04   7.138007E-06
   190   7.130597E-04   1.019081E-03   7.130597E-06
   191   7.122058E-04   8.144939E-04   7.122058E-06
   192   7.114678E-04   7.465351E-04   7.114678E-06
   193   7.110423E-04   5.689837E-04   7.110423E-06
   194   1.467151E-03   1.887030E-03   1.467151E-05
   195   1.464774E-03   1.721121E-03   1.464774E-05
   196   1.460670E-03   1.785210E-03   1.460670E-05
   197   1.455954E-03   1.713785E-03   1.455954E-05
   198   1.451889E-03   1.655788E-03   1.451889E-05
   199   1.449551E-03   1.540285E-03   1.449551E-05
   200   2.666579E-03   3.725255E-03   2.666579E-05
   201   2.658386E-03   3.006614E-03   2.658386E-05
   202   2.644284E-03   3.216510E-03   2.644284E-05
   203   2.628138E-03   2.530510E-03   2.628138E-05
   204   2.614273E-03   2.930791E-03   2.614273E-05
   205   2.606318E-03   2.921264E-03   2.606318E-05
   206   4.266048E-03   4.691491E-03   4.266048E-05
   207   4.246621E-03   4.279425E-03   4.246621E-05
   208   4.213273E-03   4.298112E-03   4.213273E-05
   209   4.175234E-03   4.080410E-03   4.175234E-05
   210   4.142690E-03   4.099262E-03   4.142690E-05
   211   4.124066E-03   3.897793E-03   4.124066E-05
   212   5.561585E-03   6.437235E-03   5.561585E-05
   213   5.530979E-03   5.535286E-03   5.530979E-05
   214   5.478537E-03   6.539311E-03   5.478537E-05
   215   5.418864E-03   6.394502E-03   5.418864E-05
   216   5.367933E-03   6.566666E-03   5.367933E-05
   217   5.338839E-03   5.749682E-03   5.338839E-05
   218   2.173181E-04   2.191518E-04   2.173181E-06
   219   2.173009E-04   2.257439E-04   2.173009E-06
   220   2.172710E-04   2.125258E-04   2.172710E-06
   221   2.172365E-04   1.984201E-04   2.172365E-06
   222   2.172067E-04   1.700453E-04   2.172067E-06
   223   2.171895E-04   1.522623E-04   2.171895E-06
   224   7.041606E-04   3.194345E-04   7.041606E-06
   225   7.038258E-04   2.544938E-04   7.038258E-06
   226   7.032471E-04   5.705462E-04   7.032471E-06
   227   7.025808E-04   5.026295E-04   7.025808E-06
   228   7.020055E-04   4.287516E-04   7.020055E-06
   229   7.016740E-04   4.933811E-04   7.016740E-06
   230   1.415728E-03   1.190269E-03   1.415728E-05
   231   1.413371E-03   1.136178E-03   1.413371E-05
   232   1.409311E-03   1.401236E-03   1.409311E-05
   233   1.404659E-03   1.366730E-03   1.404659E-05
   234   1.400661E-03   1.236269E-03   1.400661E-05
   235   1.398366E-03   1.151461E-03   1.398366E-05
   236   2.768641E-03   2.270896E-03   2.768641E-05
   237   2.756979E-03   2.201790E-03   2.756979E-05
   238   2.736987E-03   2.611770E-03   2.736987E-05
   239   2.714225E-03   2.740277E-03   2.714225E-05
   240   2.694787E-03   2.616757E-03   2.694787E-05
   241   2.683680E-03   2.561733E-03   2.683680E-05
   242   5.288072E-03   3.232396E-03   5.288072E-05
   243   5.248424E-03   2.890596E-03   5.248424E-05
   244   5.180750E-03   3.190670E-03   5.180750E-05
   245   5.104157E-03   3.053039E-03   5.104157E-05
   246   5.039140E-03   2.951435E-03   5.039140E-05
   247   5.002148E-03   2.771719E-03   5.002148E-05
   248   8.013772E-03   6.077437E-03   8.013772E-05
   249   7.936041E-03   5.533748E-03   7.936041E-05
   250   7.803706E-03   6.068164E-03   7.803706E-05
   251   7.654451E-03   5.798531E-03   7.654451E-05
   252   7.528194E-03   6.082110E-03   7.528194E-05
   253   7.456543E-03   5.601319E-03   7.456543E-05
   254   3.637369E-04   3.948412E-04   3.637369E-06
   255   3.637100E-04   4.789995E-04   3.637100E-06
   256   3.636635E-04   4.439464E-04   3.636635E-06
   257   3.636098E-04   3.850933E-04   3.636098E-06
   258   3.635633E-04   3.166315E-04   3.635633E-06
   259   3.635365E-04   3.100506E-04   3.635365E-06
   260   1.161358E-03   7.308832E-04   1.161358E-05
   261   1.160931E-03   5.724538E-04   1.160931E-05
   262   1.160192E-03   1.147478E-03   1.160192E-05
   263   1.159339E-03   8.574953E-04   1.159339E-05
   264   1.158601E-03   6.513999E-04   1.158601E-05
   265   1.158175E-03   7.954458E-04   1.158175E-05
   266   2.163615E-03   2.262152E-03   2.163615E-05
   267   2.161506E-03   2.047684E-03   2.161506E-05
   268   2.157863E-03   2.857812E-03   2.157863E-05
   269   2.153672E-03   2.691760E-03   2.153672E-05
   270   2.150055E-03   2.591679E-03   2.150055E-05
   271   2.147973E-03   2.413147E-03   2.147973E-05
   272   3.521530E-03   4.280714E-03   3.521530E-05
   273   3.513520E-03   4.004874E-03   3.513520E-05
   274   3.499778E-03   4.759223E-03   3.499778E-05
   275   3.484115E-03   4.970906E-03   3.484115E-05
   276   3.470724E-03   4.768069E-03   3.470724E-05
   277   3.463065E-03   4.658810E-03   3.463065E-05
   278   5.586554E-03   6.165553E-03   5.586554E-05
   279   5.554643E-03   5.343974E-03   5.554643E-05
   280   5.500596E-03   6.120628E-03   5.500596E-05
   281   5.440051E-03   5.763012E-03   5.440051E-05
   282   5.389168E-03   5.763284E-03   5.389168E-05
   283   5.360423E-03   5.304199E-03   5.360423E-05
   284   8.118720E-03   1.051040E-02   8.118720E-05
   285   8.035999E-03   9.587208E-03   8.035999E-05
   286   7.897061E-03   1.053966E-02   7.897061E-05
   287   7.743192E-03   9.916611E-03   7.743192E-05
   288   7.615354E-03   1.050005E-02   7.615354E-05
   289   7.543742E-03   9.676935E-03   7.543742E-05
   290   3.779027E-04   4.589642E-04   3.779027E-06
   291   3.778540E-04   4.172062E-04   3.778540E-06
   292   3.777697E-04   5.670569E-04   3.777697E-06
   293   3.776724E-04   5.107967E-04   3.776724E-06
   294   3.775881E-04   3.817251E-04   3.775881E-06
   295   3.775395E-04   3.837370E-04   3.775395E-06
   296   1.290115E-03   1.646025E-03   1.290115E-05
   297   1.289245E-03   1.254898E-03   1.289245E-05
   298   1.287742E-03   1.406077E-03   1.287742E-05
   299   1.286010E-03   1.071776E-03   1.286010E-05
   300   1.284513E-03   8.080640E-04   1.284513E-05
   301   1.283650E-03   1.217266E-03   1.283650E-05
   302   2.744504E-03   2.813834E-03   2.744504E-05
   303   2.739592E-03   2.332022E-03   2.739592E-05
   304   2.731112E-03   3.196417E-03   2.731112E-05
   305   2.721365E-03   2.791647E-03   2.721365E-05
   306   2.712963E-03   3.059878E-03   2.712963E-05
   307   2.708128E-03   2.819176E-03   2.708128E-05
   308   5.194885E-03   5.905985E-03   5.194885E-05
   309   5.177742E-03   4.960722E-03   5.177742E-05
   310   5.148218E-03   5.876265E-03   5.148218E-05
   311   5.114387E-03   6.326228E-03   5.114387E-05
   312   5.085313E-03   5.916995E-03   5.085313E-05
   313   5.068622E-03   5.887679E-03   5.068622E-05
   314   8.608728E-03   9.588061E-03   8.608728E-05
   315   8.566960E-03   7.453007E-03   8.566960E-05
   316   8.495267E-03   9.578573E-03   8.495267E-05
   317   8.413489E-03   8.234833E-03   8.413489E-05
   318   8.343517E-03   9.002166E-03   8.343517E-05
   319   8.303472E-03   7.684970E-03   8.303472E-05
   320   1.153921E-02   1.373037E-02   1.153921E-04
   321   1.146742E-02   1.155160E-02   1.146742E-04
   322   1.134499E-02   1.350232E-02   1.134499E-04
   323   1.120648E-02   1.095771E-02   1.120648E-04
   324   1.108890E-02   1.304350E-02   1.108890E-04
   325   1.102197E-02   1.103497E-02   1.102197E-04
   326   1.704690E-04   1.844937E-04   1.704690E-06
   327   1.704484E-04   1.868186E-04   1.704484E-06
   328   1.704129E-04   1.658755E-04   1.704129E-06
   329   1.703718E-04   1.586048E-04   1.703718E-06
   330   1.703363E-04   1.453529E-04   1.703363E-06
   331   1.703158E-04   1.578781E-04   1.703158E-06
   332   5.872799E-04   4.514527E-04   5.872799E-06
   333   5.868029E-04   5.939817E-04   5.868029E-06
   334   5.859793E-04   7.540095E-04   5.859793E-06
   335   5.850324E-04   5.554348E-04   5.850324E-06
   336   5.842158E-04   5.316733E-04   5.842158E-06
   337   5.837459E-04   6.591073E-04   5.837459E-06
   338   1.414072E-03   1.429467E-03   1.414072E-05
   339   1.409788E-03   1.369126E-03   1.409788E-05
   340   1.402423E-03   1.700513E-03   1.402423E-05
   341   1.394005E-03   1.440252E-03   1.394005E-05
   342   1.386790E-03   1.604605E-03   1.386790E-05
   343   1.382655E-03   8.473214E-04   1.382655E-05
   344   3.777827E-03   4.293713E-03   3.777827E-05
   345   3.750155E-03   4.607349E-03   3.750155E-05
   346   3.702890E-03   4.704528E-03   3.702890E-05
   347   3.649340E-03   4.815605E-03   3.649340E-05
   348   3.603836E-03   4.583870E-03   3.603836E-05
   349   3.577926E-03   4.639524E-03   3.577926E-05
   350   1.010091E-02   6.194299E-03   1.010091E-04
   351   9.973308E-03   5.644361E-03   9.973308E-05
   352   9.757142E-03   6.179644E-03   9.757142E-05
   353   9.514939E-03   5.976430E-03   9.514939E-05
   354   9.311376E-03   6.114477E-03   9.311376E-05
   355   9.196388E-03   5.235901E-03   9.196388E-05
   356   1.924983E-02   2.271476E-02   1.924983E-04
   357   1.892803E-02   2.161526E-02   1.892803E-04
   358   1.838664E-02   2.127425E-02   1.838664E-04
   359   1.778569E-02   2.151165E-02   1.778569E-04
   360   1.728524E-02   2.122453E-02   1.728524E-04
   361   1.700442E-02   2.092431E-02   1.700442E-04
   362   1.118719E-02   1.041229E-02   2.237438E-04
   363   5.701304E-03   5.519215E-03   1.140261E-04
   364   5.209374E-03   4.998252E-03   1.041875E-04
   365   3.638031E-03   3.268555E-03   7.276062E-05
   366   6.404468E-03   5.931872E-03   1.280894E-04
   367   1.844336E-03   1.955433E-03   3.688672E-05
   368   3.709114E-03   3.661964E-03   7.418228E-05
   369   3.716510E-03   3.265102E-03   7.433019E-05
   370   2.518294E-03   2.781821E-03   5.036589E-05
   371   3.562341E-03   3.413887E-03   7.124682E-05
   372   1.376420E-03   1.521223E-03   2.752839E-05
   373   1.302225E-02   1.187106E-02   2.604449E-04
   374   5.086731E-03   4.516386E-03   1.017346E-04
   375   1.064447E-02   1.043916E-02   2.128894E-04
   376   1.285141E-02   1.267447E-02   2.570282E-04
   377   2.636488E-03   2.675108E-03   5.272977E-05
   378   9.873560E-03   9.249408E-03   1.974712E-04
   379   1.535640E-03   1.408886E-03   3.071280E-05
   380   4.111067E-03   3.571905E-03   8.222135E-05
   381   4.096004E-03   4.017906E-03   8.192007E-05
   382   3.887665E-03   3.363229E-03   7.775329E-05
   383   1.023513E-02   9.869824E-03   2.047025E-04
   384   2.094854E-03   2.002728E-03   4.189708E-05
   385   7.168263E-03   7.274145E-03   1.433653E-04
   386   7.369448E-03   6.793355E-03   1.473890E-04
   387   1.036245E-02   1.053664E-02   2.072489E-04
   388   3.332118E-03   3.308924E-03   6.664236E-05
   389   1.261001E-03   1.353192E-03   2.522003E-05
   390   1.566815E-03   1.748506E-03   3.133630E-05
   391   3.476988E-03   3.127936E-03   6.953975E-05
   392   1.927492E-03   2.111139E-03   3.854983E-05
   393   1.034455E-02   1.010142E-02   2.068910E-04
   394   6.482766E-03   5.178332E-03   1.296553E-04
   395   3.293591E-03   3.065962E-03   6.587182E-05
   396   1.262959E-02   1.188946E-02   2.525917E-04
   397   1.325792E-03   1.462727E-03   2.651585E-05
   398   1.307184E-02   1.487902E-02   2.614368E-04
   399   5.209182E-03   4.161766E-03   1.041836E-04
   400   2.725570E-03   2.988416E-03   5.451141E-05
   401   1.273646E-02   1.085355E-02   2.547293E-04
   402   9.991806E-03   1.086550E-02   1.998361E-04
   403   6.424793E-03   5.834798E-03   1.284959E-04
   404   1.350663E-02   1.633910E-02   2.701326E-04
   405   3.013352E-03   2.395265E-03   6.026705E-05
   406   1.256803E-03   1.357699E-03   2.513607E-05
   407   1.650949E-03   1.807474E-03   3.301898E-05
   408   3.337900E-03   3.153155E-03   6.675800E-05
   409   4.745555E-03   4.677298E-03   9.491110E-05
   410   1.235833E-03   1.390887E-03   2.471667E-05
   411   1.694483E-03   1.818310E-03   3.388966E-05
   412   8.725576E-03   9.447312E-03   1.745115E-04
   413   3.850813E-03   3.519976E-03   7.701626E-05
   414   1.147973E-03   1.271257E-03   2.295945E-05
   415   2.586320E-03   2.457125E-03   5.172641E-05
   416   1.605471E-03   1.693142E-03   3.210943E-05
   417   2.410463E-03   2.321225E-03   4.820925E-05
   418   3.956459E-03   3.582667E-03   7.912919E-05
   419   7.334161E-03   6.892375E-03   1.466832E-04
   420   5.407697E-03   4.916365E-03   1.081539E-04
   421   1.008986E-03   1.088632E-03   2.017972E-05
   422   1.403111E-03   1.464537E-03   2.806223E-05
   423   2.087620E-03   1.998316E-03   4.175239E-05
   424   1.292623E-02   1.279624E-02   2.585247E-04
   425   3.361898E-03   2.979320E-03   6.723796E-05
   426   3.241457E-03   3.323688E-03   6.482913E-05
   427   1.622882E-02   1.525649E-02   3.245764E-04
   428   2.914416E-02   2.925083E-02   5.828833E-04
   429   1.287656E-02   1.316784E-02   2.575312E-04
   430   1.645070E-03   1.518936E-03   3.290140E-05
   431   6.081675E-03   5.536309E-03   1.216335E-04
   432   2.473586E-03   2.154679E-03   4.947173E-05
   433   9.355594E-03   8.383696E-03   1.871119E-04
   434   4.118656E-03   3.710584E-03   8.237313E-05
   435   3.887665E-03   3.344601E-03   7.775329E-05
   436   5.425307E-03   4.946752E-03   1.085061E-04
   437   1.285141E-02   1.270248E-02   2.570282E-04
   438   1.338775E-02   1.245349E-02   2.677550E-04
   439   9.138559E-03   5.918377E-03   1.827712E-04
   440   1.466686E-03   1.469075E-03   2.933372E-05
   441   1.230281E-03   1.163576E-03   2.460562E-05
   442   2.164850E-03   2.137669E-03   4.329701E-05
   443   1.715720E-03   1.535296E-03   3.431440E-05
   444   5.876696E-03   5.295075E-03   1.175339E-04
   445   2.395348E-03   2.046695E-03   4.790695E-05
   446   4.752106E-03   4.195111E-03   9.504212E-05
   447   1.186613E-03   1.103144E-03   2.373226E-05
   448   1.355002E-02   1.261267E-02   2.710003E-04
   449   3.184835E-03   2.736655E-03   6.369669E-05
   450   1.064447E-02   1.039218E-02   2.128894E-04
   451   1.535640E-03   1.392360E-03   3.071280E-05
   452   7.334161E-03   6.853190E-03   1.466832E-04
   453   1.522091E-03   1.519027E-03   3.044183E-05
   454   3.716510E-03   3.283718E-03   7.433019E-05
   455   1.901896E-03   1.705865E-03   3.803792E-05
   456   3.043952E-03   2.779718E-03   6.087904E-05
   457   1.038707E-02   9.698002E-03   2.077415E-04
   458   1.034628E-03   1.026559E-03   2.069256E-05
   459   1.230281E-03   1.174796E-03   2.460562E-05
   460   3.956459E-03   3.580144E-03   7.912919E-05
   461   3.638031E-03   3.254500E-03   7.276062E-05
   462   4.409992E-03   4.169273E-03   8.819983E-05
   463   4.650930E-03   4.269318E-03   9.301859E-05
   464   1.231562E-03   1.224916E-03   2.463124E-05
   465   9.854930E-03   9.731922E-03   1.970986E-04
   466   2.769166E-03   2.846443E-03   5.538331E-05
   467   2.087620E-03   1.974668E-03   4.175239E-05
   468   1.390723E-03   1.389145E-03   2.781447E-05
   469   5.588879E-03   5.342830E-03   1.117776E-04
   470   1.599592E-03   1.625176E-03   3.199184E-05
   471   2.410463E-03   2.304301E-03   4.820925E-05
   472   3.221398E-03   3.018443E-03   6.442796E-05
   473   2.655052E-03   2.702438E-03   5.310104E-05
   474   2.472990E-03   2.413594E-03   4.945980E-05
   475   1.470740E-03   1.550248E-03   2.941479E-05
   476   2.412098E-03   2.520842E-03   4.824195E-05
   477   4.859244E-03   4.670146E-03   9.718487E-05
   478   2.100401E-03   2.074234E-03   4.200802E-05
   479   2.684868E-03   2.739259E-03   5.369737E-05
   480   1.605471E-03   1.726196E-03   3.210943E-05
   481   8.038542E-03   7.663995E-03   1.607708E-04
   482   2.272565E-03   2.305726E-03   4.545130E-05
   483   2.835062E-03   3.080133E-03   5.670125E-05
   484   3.411151E-03   3.727786E-03   6.822303E-05
   485   2.930316E-03   3.219591E-03   5.860633E-05
   486   1.927492E-03   2.092982E-03   3.854983E-05
   487   1.650949E-03   1.808891E-03   3.301898E-05
   488   1.059652E-03   1.166942E-03   2.119304E-05
   489   1.147973E-03   1.299555E-03   2.295945E-05
   490   4.852275E-03   4.501877E-03   9.704551E-05
   491   3.679540E-03   3.297687E-03   7.359079E-05
   492   2.725570E-03   2.970309E-03   5.451141E-05
   493   2.896860E-03   2.930611E-03   5.793720E-05
   494   6.104997E-03   6.096442E-03   1.220999E-04
   495   1.261001E-03   1.339289E-03   2.522003E-05
   496   1.128739E-02   1.174646E-02   2.257477E-04
   497   1.256803E-03   1.362053E-03   2.513607E-05
   498   2.457652E-03   2.554164E-03   4.915305E-05
   499   3.209930E-03   3.255722E-03   6.419859E-05
   500   3.143110E-03   2.772686E-03   6.286221E-05
   501   2.161731E-03   1.968908E-03   4.323462E-05
   502   2.817515E-03   2.517560E-03   5.635030E-05
   503   7.381667E-03   6.581555E-03   1.476333E-04
   504   4.252131E-03   3.527704E-03   8.504262E-05
   505   1.365569E-02   1.406730E-02   2.731138E-04
   506   9.710843E-04   7.742116E-04   1.942169E-05
   507   5.731622E-03   4.963600E-03   1.146324E-04
   508   2.531445E-03   1.893481E-03   5.062890E-05
   509   7.573552E-03   6.736490E-03   1.514710E-04
   510   1.863807E-02   2.090090E-02   3.727614E-04
   511   1.360232E-02   1.320208E-02   2.720463E-04
   512   1.704174E-02   1.850562E-02   3.408349E-04
   513   2.837137E-02   2.489105E-02   5.674274E-04
   514   0.000000E+00  -2.728232E-06   8.571999E-05
   515   0.000000E+00  -2.212008E-04   4.928760E-05
   516   0.000000E+00  -3.347229E-04   6.938575E-05
   517   0.000000E+00  -1.026206E-04   3.784845E-05
   518   0.000000E+00  -1.286742E-04   5.833195E-05
   519   0.000000E+00  -1.793205E-04   3.567512E-05
   520   0.000000E+00  -3.517976E-04   4.791193E-05
   521   0.000000E+00  -7.310890E-05   3.792972E-05
   522   0.000000E+00  -3.035917E-04   4.420725E-05
   523   0.000000E+00  -2.395711E-04   4.893610E-05
   524   0.000000E+00  -1.221842E-04   2.576351E-05
   525   0.000000E+00  -1.201875E-05   8.947855E-05
   526   0.000000E+00  -3.528825E-05   5.100023E-05
   527   0.000000E+00  -7.708360E-05   7.263877E-05
   528   0.000000E+00  -8.855107E-05   1.112597E-04
   529   0.000000E+00  -1.564960E-04   5.354117E-05
   530   0.000000E+00  -1.683423E-04   1.905779E-04
   531   0.000000E+00  -3.310819E-05   3.233695E-05
   532   0.000000E+00  -8.777821E-05   4.774072E-05
   533   0.000000E+00  -1.547604E-04   7.106440E-05
   534   0.000000E+00   2.137485E-05   5.388827E-05
   535   0.000000E+00  -1.784238E-04   8.743535E-05
   536   0.000000E+00   1.677630E-05   3.275580E-05
   537   0.000000E+00   4.111900E-04   4.587356E-04
   538   0.000000E+00   3.908361E-04   3.185521E-04
   539   0.000000E+00   2.321309E-04   5.889728E-04
   540   0.000000E+00   1.029709E-04   7.864687E-05
   541   0.000000E+00  -9.684383E-05   2.646036E-05
   542   0.000000E+00  -1.415590E-04   2.638962E-05
   543   0.000000E+00   3.239050E-04   9.389042E-05
   544   0.000000E+00  -1.644001E-04   3.011639E-05
   545   0.000000E+00  -2.413259E-04   3.532326E-04
   546   0.000000E+00   3.094546E-05   1.419297E-04
   547   0.000000E+00  -7.011325E-05   6.301965E-05
   548   0.000000E+00   6.027056E-03   3.330377E-04
   549   0.000000E+00  -1.095612E-04   2.572478E-05
   550   0.000000E+00   3.462261E-03   6.532966E-04
   551   0.000000E+00   3.577660E-05   9.212542E-05
   552   0.000000E+00  -1.565221E-04   4.467353E-05
   553   0.000000E+00   6.220157E-03   8.249259E-04
   554   0.000000E+00   1.950392E-03   3.649289E-04
   555   0.000000E+00  -3.466134E-04   1.539804E-04
   556   0.000000E+00   5.668131E-03   6.346598E-04
   557   0.000000E+00   1.382169E-04   8.178753E-05
   558   0.000000E+00  -5.779717E-05   2.410946E-05
   559   0.000000E+00  -8.322412E-05   2.414284E-05
   560   0.000000E+00   1.707879E-04   6.979279E-05
   561   0.000000E+00  -3.454544E-04   5.179795E-05
   562   0.000000E+00  -6.098487E-05   1.919544E-05
   563   0.000000E+00  -1.472662E-04   2.376196E-05
   564   0.000000E+00  -5.005037E-04   3.452366E-04
   565   0.000000E+00  -1.780580E-04   3.292312E-05
   566   0.000000E+00  -8.829501E-05   2.041193E-05
   567   0.000000E+00   4.585124E-05   6.110786E-05
   568   0.000000E+00  -1.449574E-04   2.060922E-05
   569   0.000000E+00  -1.850570E-04   2.815692E-05
   570   0.000000E+00  -2.086599E-04   3.147130E-05
   571   0.000000E+00  -8.223191E-05   6.085316E-05
   572   0.000000E+00  -1.532211E-04   1.118133E-04
   573   0.000000E+00  -9.699473E-05   2.366837E-05
   574   0.000000E+00  -1.117906E-04   1.953068E-05
   575   0.000000E+00  -1.264655E-04   2.779137E-05
   576   0.000000E+00  -1.338582E-04   9.873027E-05
   577   0.000000E+00  -7.872188E-05   3.718324E-05
   578   0.000000E+00  -2.184421E-04   7.636247E-05
   579   0.000000E+00   6.813003E-05   1.113851E-04
   580   0.000000E+00  -9.984311E-04   1.625447E-04
   581   0.000000E+00  -1.073050E-03   6.834563E-04
   582   0.000000E+00  -6.048709E-05   1.925692E-05
   583   0.000000E+00  -6.593043E-05   1.158571E-04
   584   0.000000E+00  -3.166197E-05   3.991710E-05
   585   0.000000E+00   1.103073E-04   7.434996E-05
   586   0.000000E+00   3.431455E-05   3.911121E-05
   587   0.000000E+00  -1.655253E-05   5.388827E-05
   588   0.000000E+00  -2.748541E-04   1.845522E-04
   589   0.000000E+00   8.279252E-05   1.112597E-04
   590   0.000000E+00   4.728126E-03   8.013370E-04
   591   0.000000E+00   1.601431E-02   6.984900E-04
   592   0.000000E+00  -7.755744E-05   3.666105E-05
   593   0.000000E+00  -1.686527E-05   2.240563E-05
   594   0.000000E+00  -2.150550E-05   4.817192E-05
   595   0.000000E+00   2.978948E-05   3.031923E-05
   596   0.000000E+00  -1.142001E-04   5.235641E-05
   597   0.000000E+00   3.639594E-05   3.690730E-05
   598   0.000000E+00  -8.583750E-05   1.846210E-04
   599   0.000000E+00   7.782365E-06   2.179130E-05
   600   0.000000E+00   1.846568E-04   9.428622E-05
   601   0.000000E+00  -5.555214E-05   4.057387E-05
   602   0.000000E+00   5.218162E-05   7.263877E-05
   603   0.000000E+00   3.452261E-05   3.233695E-05
   604   0.000000E+00   7.746808E-05   6.085316E-05
   605   0.000000E+00   6.598623E-05   3.886744E-05
   606   0.000000E+00   6.862960E-05   3.792972E-05
   607   0.000000E+00   5.156070E-05   3.065130E-05
   608   0.000000E+00   5.810331E-05   1.055374E-04
   609   0.000000E+00   1.917557E-04   6.793450E-05
   610   0.000000E+00   5.898324E-05   2.506130E-05
   611   0.000000E+00   3.631099E-05   2.240563E-05
   612   0.000000E+00   2.043032E-04   3.147130E-05
   613   0.000000E+00   1.001315E-04   3.784845E-05
   614   0.000000E+00   2.655824E-04   5.626829E-05
   615   0.000000E+00  -6.637098E-07   5.365125E-05
   616   0.000000E+00   8.935850E-05   3.100760E-05
   617   0.000000E+00  -7.844741E-04   6.214445E-04
   618   0.000000E+00   1.169669E-04   7.379859E-05
   619   0.000000E+00   1.181878E-04   2.779137E-05
   620   0.000000E+00   1.397106E-04   3.134071E-05
   621   0.000000E+00   2.045013E-04   6.665645E-05
   622   0.000000E+00   1.225127E-04   3.974242E-05
   623   0.000000E+00   1.692027E-04   2.815692E-05
   624   0.000000E+00   1.000454E-04   3.335440E-05
   625   0.000000E+00   1.541981E-04   6.736173E-05
   626   0.000000E+00   2.246721E-04   3.504132E-05
   627   0.000000E+00   1.653106E-04   2.657622E-05
   628   0.000000E+00   2.052754E-04   2.873763E-05
   629   0.000000E+00   5.699625E-04   2.415488E-04
   630   0.000000E+00   2.073099E-04   4.024154E-05
   631   0.000000E+00   2.270199E-04   7.362440E-05
   632   0.000000E+00   1.394770E-04   2.060922E-05
   633   0.000000E+00   1.519769E-04   2.758659E-04
   634   0.000000E+00   1.878108E-04   3.847177E-05
   635   0.000000E+00   2.821036E-04   4.285841E-05
   636   0.000000E+00   3.350161E-04   4.331878E-05
   637   0.000000E+00   2.074257E-04   3.060131E-05
   638   0.000000E+00   1.592981E-04   3.011639E-05
   639   0.000000E+00   8.985960E-05   2.414284E-05
   640   0.000000E+00   1.344727E-04   2.575829E-05
   641   0.000000E+00   9.673372E-05   2.041193E-05
   642   0.000000E+00  -1.759904E-04   1.317718E-04
   643   0.000000E+00   9.942664E-05   1.116361E-04
   644   0.000000E+00   1.306311E-04   4.467353E-05
   645   0.000000E+00  -6.535354E-05   7.097436E-05
   646   0.000000E+00   5.047556E-04   1.717571E-04
   647   0.000000E+00   7.180428E-05   2.646036E-05
   648   0.000000E+00  -1.706170E-04   6.347788E-04
   649   0.000000E+00   6.932398E-05   2.410946E-05
   650   0.000000E+00   1.573357E-04   4.117016E-05
   651   0.000000E+00  -1.640690E-05   6.411905E-05
   652   0.000000E+00  -1.603499E-04   7.552702E-05
   653   0.000000E+00   2.652608E-05   5.065160E-05
   654   0.000000E+00  -1.957394E-04   7.019159E-05
   655   0.000000E+00  -2.001476E-04   2.141020E-04
   656   0.000000E+00  -5.860164E-05   1.031970E-04
   657   0.000000E+00  -4.570990E-03   8.124586E-04
   658   0.000000E+00  -3.291792E-05   2.755854E-05
   659   0.000000E+00   2.138938E-04   1.293177E-04
   660   0.000000E+00  -5.086468E-05   7.103876E-05
   661   0.000000E+00   5.964044E-04   2.108601E-04
   662   0.000000E+00  -5.943029E-03   6.538745E-04
   663   0.000000E+00   6.646292E-03   3.143698E-04
   664   0.000000E+00  -3.054211E-03   6.913460E-04
   665   0.000000E+00   2.864688E-03   1.143279E-03
   666   0.000000E+00   1.048625E-03   8.502500E-05
   667   0.000000E+00   1.050436E-03   5.345402E-05
   668   0.000000E+00   1.008584E-03   7.063079E-05
   669   0.000000E+00   4.392960E-04   3.726087E-05
   670   0.000000E+00   3.178832E-04   5.548086E-05
   671   0.000000E+00   3.869250E-04   3.610002E-05
   672   0.000000E+00   6.267841E-04   5.109268E-05
   673   0.000000E+00   2.971546E-04   3.979963E-05
   674   0.000000E+00   4.994849E-04   4.782883E-05
   675   0.000000E+00   3.917502E-04   5.004599E-05
   676   0.000000E+00   1.979355E-04   3.485687E-05
   677   0.000000E+00   3.389871E-04   8.669034E-05
   678   0.000000E+00   4.133416E-04   5.286713E-05
   679   0.000000E+00   3.838348E-04   8.780515E-05
   680   0.000000E+00   2.197365E-04   9.603366E-05
   681   0.000000E+00   1.946299E-04   5.963232E-05
   682   0.000000E+00   1.825223E-03   1.995973E-04
   683   0.000000E+00   1.887537E-04   3.154722E-05
   684   0.000000E+00   4.340635E-04   4.713132E-05
   685   0.000000E+00   3.736952E-04   7.136238E-05
   686   0.000000E+00   2.617722E-04   4.633345E-05
   687   0.000000E+00   3.575819E-04   8.080342E-05
   688   0.000000E+00   2.675617E-04   3.800434E-05
   689   0.000000E+00   1.323718E-03   4.553733E-04
   690   0.000000E+00   1.544714E-03   3.342714E-04
   691   0.000000E+00   1.920391E-03   5.170341E-04
   692   0.000000E+00   4.804144E-04   8.861092E-05
   693   0.000000E+00   1.867730E-04   2.645064E-05
   694   0.000000E+00   3.097461E-04   2.832537E-05
   695   0.000000E+00   5.514811E-04   1.000823E-04
   696   0.000000E+00   4.122251E-04   3.068300E-05
   697   0.000000E+00   2.899275E-03   3.578252E-04
   698   0.000000E+00   1.497800E-03   1.539400E-04
   699   0.000000E+00   4.563599E-04   6.082881E-05
   700   0.000000E+00   3.413459E-03   3.399691E-04
   701   0.000000E+00   2.165212E-04   2.538879E-05
   702   0.000000E+00   1.491507E-03   7.181558E-04
   703   0.000000E+00   9.978326E-04   1.031984E-04
   704   0.000000E+00   4.296975E-04   4.486014E-05
   705   0.000000E+00   2.285514E-03   9.890900E-04
   706   0.000000E+00   1.899500E-03   4.048614E-04
   707   0.000000E+00   1.660439E-03   1.716064E-04
   708   0.000000E+00   1.646897E-03   8.651080E-04
   709   0.000000E+00   5.809841E-04   8.641357E-05
   710   0.000000E+00   1.236964E-04   2.172030E-05
   711   0.000000E+00   2.070139E-04   2.603586E-05
   712   0.000000E+00   4.393913E-04   7.987421E-05
   713   0.000000E+00   9.472534E-04   5.287223E-05
   714   0.000000E+00   5.713937E-05   1.745297E-05
   715   0.000000E+00   1.999228E-04   2.384431E-05
   716   0.000000E+00   1.899029E-03   3.729572E-04
   717   0.000000E+00   3.340451E-04   3.140260E-05
   718   0.000000E+00   1.343828E-04   2.273269E-05
   719   0.000000E+00   5.010616E-04   5.746233E-05
   720   0.000000E+00   1.823571E-04   2.372358E-05
   721   0.000000E+00   3.542808E-04   3.016024E-05
   722   0.000000E+00   2.563763E-04   3.139118E-05
   723   0.000000E+00   2.936889E-04   5.136381E-05
   724   0.000000E+00   1.083847E-03   1.259637E-04
   725   0.000000E+00   1.551158E-04   2.901345E-05
   726   0.000000E+00   1.138496E-04   2.153188E-05
   727   0.000000E+00   3.080158E-04   2.747425E-05
   728   0.000000E+00   2.494466E-04   9.698348E-05
   729   0.000000E+00   2.306004E-04   3.958268E-05
   730   0.000000E+00   5.459162E-04   7.385422E-05
   731   0.000000E+00   4.817516E-04   1.024805E-04
   732   0.000000E+00   1.117849E-03   1.654751E-04
   733   0.000000E+00   1.915039E-03   5.877665E-04
   734   0.000000E+00   1.592658E-04   2.359301E-05
   735   0.000000E+00   6.627009E-04   1.328803E-04
   736   0.000000E+00   2.639948E-04   3.977570E-05
   737   0.000000E+00   4.035504E-04   7.343206E-05
   738   0.000000E+00   4.088675E-04   4.408569E-05
   739   0.000000E+00   2.527525E-04   4.633345E-05
   740   0.000000E+00   1.227311E-03   2.016173E-04
   741   0.000000E+00   2.434487E-04   9.603366E-05
   742   0.000000E+00   4.327278E-03   1.073694E-03
   743   0.000000E+00   1.549867E-03   1.042696E-03
   744   0.000000E+00   1.821002E-04   3.997074E-05
   745   0.000000E+00   1.769101E-04   2.547163E-05
   746   0.000000E+00   2.959266E-04   5.670562E-05
   747   0.000000E+00   1.969981E-04   3.014662E-05
   748   0.000000E+00   7.916337E-05   4.845909E-05
   749   0.000000E+00   2.412762E-04   3.622306E-05
   750   0.000000E+00   1.050654E-03   2.223257E-04
   751   0.000000E+00   1.511491E-04   2.507152E-05
   752   0.000000E+00   5.825062E-04   9.310043E-05
   753   0.000000E+00   1.646029E-04   4.310329E-05
   754   0.000000E+00   3.919750E-04   8.780515E-05
   755   0.000000E+00   1.857282E-04   3.154722E-05
   756   0.000000E+00   2.592554E-04   5.136381E-05
   757   0.000000E+00   2.091465E-04   4.158928E-05
   758   0.000000E+00   2.841541E-04   3.979963E-05
   759   0.000000E+00   1.950003E-04   3.079421E-05
   760   0.000000E+00   2.771678E-04   9.785477E-05
   761   0.000000E+00   7.523084E-04   6.676575E-05
   762   0.000000E+00   9.860432E-05   2.670224E-05
   763   0.000000E+00   1.808943E-04   2.547163E-05
   764   0.000000E+00   2.468063E-04   3.139118E-05
   765   0.000000E+00   4.390908E-04   3.726087E-05
   766   0.000000E+00   6.194036E-04   5.581810E-05
   767   0.000000E+00   5.803301E-04   5.138683E-05
   768   0.000000E+00   1.089551E-04   3.623462E-05
   769   0.000000E+00   1.512361E-03   6.309801E-04
   770   0.000000E+00   2.681697E-04   7.363586E-05
   771   0.000000E+00   2.838745E-04   2.747425E-05
   772   0.000000E+00   1.437936E-04   3.279285E-05
   773   0.000000E+00   9.912805E-04   7.198962E-05
   774   0.000000E+00   2.741083E-04   4.167816E-05
   775   0.000000E+00   3.518865E-04   3.016024E-05
   776   0.000000E+00   5.527178E-04   3.587868E-05
   777   0.000000E+00   4.507210E-04   6.433065E-05
   778   0.000000E+00   4.513773E-04   3.891477E-05
   779   0.000000E+00   2.721138E-04   3.053185E-05
   780   0.000000E+00   2.135541E-04   3.279801E-05
   781   0.000000E+00   1.181053E-03   2.583525E-04
   782   0.000000E+00   4.570036E-04   3.999934E-05
   783   0.000000E+00   4.632498E-04   7.473856E-05
   784   0.000000E+00   1.910415E-04   2.372358E-05
   785   0.000000E+00   2.017811E-03   2.849040E-04
   786   0.000000E+00   4.611462E-04   3.583350E-05
   787   0.000000E+00   4.506890E-04   5.229974E-05
   788   0.000000E+00   6.880990E-04   4.530177E-05
   789   0.000000E+00   2.708090E-04   2.922159E-05
   790   0.000000E+00   3.980168E-04   3.068300E-05
   791   0.000000E+00   2.332558E-04   2.603586E-05
   792   0.000000E+00   2.059446E-04   2.830580E-05
   793   0.000000E+00   1.413340E-04   2.273269E-05
   794   0.000000E+00   1.013427E-03   1.513282E-04
   795   0.000000E+00   6.767947E-04   1.230757E-04
   796   0.000000E+00   4.033462E-04   4.486014E-05
   797   0.000000E+00   3.766946E-04   7.670949E-05
   798   0.000000E+00   1.698767E-03   1.910509E-04
   799   0.000000E+00   1.760875E-04   2.645064E-05
   800   0.000000E+00   2.376141E-03   5.318033E-04
   801   0.000000E+00   1.147491E-04   2.172030E-05
   802   0.000000E+00   3.945617E-04   4.094920E-05
   803   0.000000E+00   4.470557E-04   7.061205E-05
   804   0.000000E+00   6.374966E-04   7.469525E-05
   805   0.000000E+00   2.854027E-04   4.777532E-05
   806   0.000000E+00   3.418671E-04   7.891373E-05
   807   0.000000E+00   1.976134E-03   2.245348E-04
   808   0.000000E+00   8.894737E-04   1.128870E-04
   809   0.000000E+00   2.842811E-03   8.263193E-04
   810   0.000000E+00   1.462067E-04   2.932472E-05
   811   0.000000E+00   1.410793E-03   1.452169E-04
   812   0.000000E+00   5.384862E-04   8.161353E-05
   813   0.000000E+00   2.130334E-03   2.181146E-04
   814   0.000000E+00   3.854651E-03   7.805474E-04
   815   0.000000E+00   3.299691E-03   3.362209E-04
   816   0.000000E+00   2.151974E-03   7.246632E-04
   817   0.000000E+00   4.689605E-03   1.567776E-03
   818   8.614137E-04   3.753653E-04   3.356157E-03
   819   5.735512E-04   4.338397E-04   1.710391E-03
   820   5.120814E-04   2.127315E-04   1.562812E-03
   821   3.019566E-04   1.447390E-05   1.091409E-03
   822   3.842681E-04   2.008374E-04   1.921340E-03
   823   1.977128E-04   2.741483E-04   5.533008E-04
   824   3.152747E-04   1.224571E-04   1.112734E-03
   825   2.363700E-04  -3.056800E-05   1.114953E-03
   826   2.593843E-04   2.192825E-04   7.554883E-04
   827   2.493639E-04   5.352235E-05   1.068702E-03
   828   1.666844E-04   2.442739E-04   4.129259E-04
   829   4.753119E-04   1.469116E-04   3.906674E-03
   830   2.650187E-04  -1.961414E-05   1.526019E-03
   831   5.130635E-04   4.400414E-04   3.193341E-03
   832   2.930122E-04   2.540442E-04   3.855424E-03
   833   1.426340E-04   1.169207E-04   7.909465E-04
   834   8.353032E-04  -2.488977E-04   2.962068E-03
   835   4.238366E-05   6.555645E-06   4.606920E-04
   836  -2.425530E-05  -1.348822E-05   1.233320E-03
   837   9.420808E-05   9.777105E-05   1.228801E-03
   838  -1.671696E-05   1.503074E-06   1.166299E-03
   839  -1.064453E-04  -3.721709E-05   3.070538E-03
   840  -2.094854E-07  -4.047376E-05   6.284562E-04
   841   4.064405E-04   5.833813E-04   2.150479E-03
   842   1.473890E-06   4.903672E-04   2.210834E-03
   843   1.265255E-03   8.630066E-04   3.108734E-03
   844   4.178476E-04  -1.872712E-04   9.996354E-04
   845   1.617865E-04   2.221993E-04   3.783004E-04
   846   1.869210E-04   3.792589E-04   4.700445E-04
   847   5.556226E-04  -1.926168E-04   1.043096E-03
   848   2.193485E-04   4.161158E-04   5.782475E-04
   849   1.908569E-03  -4.737927E-04   3.103364E-03
   850   1.128001E-03  -7.848658E-04   1.944830E-03
   851   4.406825E-04   1.820112E-05   9.880773E-04
   852   2.693891E-03  -1.834481E-03   3.788876E-03
   853   1.674476E-04   2.894675E-04   3.977377E-04
   854   2.955543E-03   1.316798E-03   3.921552E-03
   855   8.136742E-04  -6.569587E-04   1.562754E-03
   856   3.625008E-04   5.961512E-04   8.176711E-04
   857   3.516538E-03   2.722524E-03   3.820939E-03
   858   2.312104E-03  -5.997334E-05   2.997542E-03
   859   1.126909E-03  -7.262676E-04   1.927438E-03
   860   3.779155E-03   1.728560E-03   4.051989E-03
   861   4.782190E-04  -3.880726E-04   9.040057E-04
   862   1.616249E-04   2.233544E-04   3.770410E-04
   863   2.101658E-04   3.760880E-04   4.952847E-04
   864   4.579599E-04  -2.471895E-04   1.001370E-03
   865   4.612680E-04   4.384550E-04   1.423667E-03
   866   1.523783E-04   2.182080E-04   3.707500E-04
   867   1.948655E-04   2.932255E-04   5.083449E-04
   868   1.312327E-03   6.584881E-05   2.617673E-03
   869   2.787988E-04   1.539828E-04   1.155244E-03
   870   1.276546E-04   1.361930E-04   3.443918E-04
   871   3.302731E-04  -2.487197E-04   7.758961E-04
   872   1.629554E-04   1.764674E-04   4.816414E-04
   873   2.041662E-04   6.338044E-05   7.231388E-04
   874   2.156270E-04   3.459813E-05   1.186938E-03
   875   3.527731E-04   1.733682E-04   2.200248E-03
   876   5.337397E-04  -3.781243E-04   1.622309E-03
   877   9.282673E-05   8.727049E-05   3.026959E-04
   878   1.158970E-04   1.132369E-04   4.209334E-04
   879   1.436282E-04  -4.753153E-06   6.262859E-04
   880   2.998886E-04   3.017170E-04   3.877870E-03
   881   1.637244E-04  -3.214433E-05   1.008569E-03
   882   2.116671E-04   6.963894E-05   9.724370E-04
   883   2.207120E-04   9.309879E-05   4.868647E-03
   884  -8.043790E-04  -4.625080E-04   8.743249E-03
   885   9.966457E-04   2.543752E-04   3.862968E-03
   886   8.850477E-05   2.782725E-05   4.935210E-04
   887  -1.471765E-04   1.041117E-04   1.824502E-03
   888   6.876570E-05  -3.453135E-05   7.420759E-04
   889  -3.321236E-04  -1.398293E-05   2.806678E-03
   890  -1.836921E-04   3.417365E-05   1.235597E-03
   891   1.671696E-05  -5.620644E-06   1.166299E-03
   892   2.614998E-04  -5.274412E-04   1.627592E-03
   893  -2.930122E-04  -2.301368E-04   3.855424E-03
   894   2.907819E-03   3.950412E-03   4.016324E-03
   895   2.741568E-03   1.034167E-03   2.741568E-03
   896   5.470738E-05   3.071224E-05   4.400057E-04
   897   3.776962E-05   4.129982E-05   3.690843E-04
   898   4.546186E-05   7.072275E-05   6.494551E-04
   899   4.066256E-05   2.586422E-05   5.147159E-04
   900  -1.939310E-04  -2.515228E-05   1.763009E-03
   901  -2.083952E-05   1.881526E-05   7.186043E-04
   902   9.931902E-05  -2.215828E-04   1.425632E-03
   903  -9.730228E-06  -3.729410E-06   3.559840E-04
   904  -7.086659E-04  -3.175467E-04   4.065005E-03
   905  -1.678408E-04   2.632694E-05   9.554504E-04
   906  -5.130635E-04  -4.201300E-04   3.193341E-03
   907  -4.238366E-05  -6.799284E-06   4.606920E-04
   908  -3.527731E-04  -1.790040E-04   2.200248E-03
   909   3.500810E-06   4.744887E-06   4.566274E-04
   910  -2.363700E-04   2.708585E-05   1.114953E-03
   911  -9.775745E-05  -2.046238E-06   5.705688E-04
   912  -1.735053E-05   1.261624E-06   9.131856E-04
   913  -7.208630E-04  -3.579264E-04   3.116122E-03
   914  -3.517735E-05  -5.322814E-05   3.103884E-04
   915  -3.776962E-05  -3.492419E-05   3.690843E-04
   916  -2.156270E-04  -4.266916E-05   1.186938E-03
   917  -3.019566E-04  -2.243347E-05   1.091409E-03
   918  -3.430974E-04  -1.528178E-05   1.322998E-03
   919  -4.167233E-04  -1.348681E-04   1.395279E-03
   920  -6.638119E-05  -6.884026E-05   3.694686E-04
   921  -3.173288E-04  -1.042911E-03   2.956479E-03
   922  -1.420582E-04  -7.669570E-05   8.307497E-04
   923  -1.436282E-04   9.954480E-07   6.262859E-04
   924  -9.456918E-05  -6.837052E-05   4.172170E-04
   925  -5.940978E-04  -3.661599E-04   1.676664E-03
   926  -6.974222E-05  -3.952640E-05   4.798776E-04
   927  -2.041662E-04  -6.190951E-05   7.231388E-04
   928  -3.092542E-04  -1.688998E-04   9.664194E-04
   929  -1.956773E-04  -8.508661E-05   7.965155E-04
   930  -2.228164E-04  -1.903192E-04   7.418970E-04
   931  -1.251599E-04  -8.094990E-05   4.412219E-04
   932  -2.071992E-04  -2.243993E-04   7.236293E-04
   933  -1.482069E-04   4.785598E-04   1.457773E-03
   934  -2.020586E-04  -1.338094E-04   6.301204E-04
   935  -2.223071E-04  -1.140019E-04   8.054605E-04
   936  -1.629554E-04  -1.789431E-04   4.816414E-04
   937  -5.715403E-04   3.069071E-04   2.411563E-03
   938  -2.418009E-04  -3.079643E-04   6.817695E-04
   939  -3.274497E-04  -4.123650E-04   8.505187E-04
   940  -3.892124E-04  -6.695311E-04   1.023345E-03
   941  -3.487076E-04  -5.072481E-04   8.790949E-04
   942  -2.193485E-04  -4.220837E-04   5.782475E-04
   943  -2.101658E-04  -3.881237E-04   4.952847E-04
   944  -1.069189E-04  -6.348157E-05   3.178956E-04
   945  -1.276546E-04  -1.602023E-04   3.443918E-04
   946  -5.788765E-04   5.043468E-04   1.455683E-03
   947  -2.594075E-04   3.285229E-04   1.103862E-03
   948  -3.625008E-04  -5.637015E-04   8.176711E-04
   949  -3.884689E-04   1.763445E-05   8.690579E-04
   950  -7.374836E-04   3.987503E-04   1.831499E-03
   951  -1.617865E-04  -1.974525E-04   3.783004E-04
   952  -1.502351E-03  -8.121599E-04   3.386216E-03
   953  -1.616249E-04  -2.370819E-04   3.770410E-04
   954  -3.133507E-04  -3.418284E-04   7.372957E-04
   955  -3.697839E-04   8.388835E-05   9.629789E-04
   956  -4.346921E-04   4.845774E-04   9.429331E-04
   957  -2.931307E-04  -1.750237E-05   6.485193E-04
   958  -4.147382E-04   1.807181E-04   8.452545E-04
   959  -1.345678E-03   5.313682E-04   2.214500E-03
   960  -7.275396E-04   3.688670E-04   1.275639E-03
   961  -2.727041E-03  -2.257982E-03   4.096707E-03
   962  -1.428465E-04   9.715044E-05   2.913253E-04
   963  -9.439981E-04   6.835166E-04   1.719487E-03
   964  -4.126256E-04   4.255544E-04   7.594335E-04
   965  -1.460938E-03   1.289564E-03   2.272066E-03
   966  -4.797439E-03  -2.443084E-03   5.591420E-03
   967  -2.848325E-03   1.465496E-03   4.080695E-03
   968  -3.352111E-03  -1.871082E-03   5.112523E-03
   969  -8.142583E-03  -3.941826E-03   8.511411E-03
   970   0.000000E+00   6.294950E-04   3.356157E-03
   971   0.000000E+00   2.961536E-04   1.710391E-03
   972   0.000000E+00   3.327727E-04   1.562812E-03
   973   0.000000E+00   2.102318E-04   1.091409E-03
   974   0.000000E+00   2.430372E-04   1.921340E-03
   975   0.000000E+00   5.799392E-05   5.533008E-04
   976   0.000000E+00   1.340249E-04   1.112734E-03
   977   0.000000E+00   2.181465E-04   1.114953E-03
   978   0.000000E+00   4.080029E-05   7.554883E-04
   979   0.000000E+00   1.530320E-04   1.068702E-03
   980   0.000000E+00   4.904587E-05   4.129259E-04
   981   0.000000E+00   3.887562E-04   3.906674E-03
   982   0.000000E+00   2.501605E-04   1.526019E-03
   983   0.000000E+00   7.684626E-05   3.193341E-03
   984   0.000000E+00  -1.088139E-04   3.855424E-03
   985   0.000000E+00   5.314720E-05   7.909465E-04
   986   0.000000E+00   4.710427E-04   2.962068E-03
   987   0.000000E+00   5.905606E-05   4.606920E-04
   988   0.000000E+00   1.864775E-04   1.233320E-03
   989   0.000000E+00   1.217679E-04   1.228801E-03
   990   0.000000E+00   2.123678E-04   1.166299E-03
   991   0.000000E+00   2.037699E-05   3.070538E-03
   992   0.000000E+00   3.651066E-05   6.284562E-04
   993   0.000000E+00   5.871744E-04   2.150479E-03
   994   0.000000E+00   6.192715E-04   2.210834E-03
   995   0.000000E+00   8.163453E-04   3.108734E-03
   996   0.000000E+00   1.039585E-04   9.996354E-04
   997   0.000000E+00   8.961132E-05   3.783004E-04
   998   0.000000E+00   6.245887E-05   4.700445E-04
   999   0.000000E+00  -5.436002E-05   1.043096E-03
  1000   0.000000E+00   6.545884E-05   5.782475E-04
  1001   0.000000E+00   7.473493E-04   3.103364E-03
  1002   0.000000E+00   4.254642E-05   1.944830E-03
  1003   0.000000E+00   2.134644E-04   9.880773E-04
  1004   0.000000E+00   9.263439E-04   3.788876E-03
  1005   0.000000E+00   1.001955E-04   3.977377E-04
  1006   0.000000E+00   1.519788E-03   3.921552E-03
  1007   0.000000E+00   9.294049E-05   1.562754E-03
  1008   0.000000E+00   1.902763E-04   8.176711E-04
  1009   0.000000E+00   3.999277E-03   3.820939E-03
  1010   0.000000E+00   4.516681E-04   2.997542E-03
  1011   0.000000E+00   5.961742E-04   1.927438E-03
  1012   0.000000E+00   1.857760E-03   4.051989E-03
  1013   0.000000E+00  -3.450380E-05   9.040057E-04
  1014   0.000000E+00   6.191349E-05   3.770410E-04
  1015   0.000000E+00   7.395583E-05   4.952847E-04
  1016   0.000000E+00   4.503186E-05   1.001370E-03
  1017   0.000000E+00   2.035861E-04   1.423667E-03
  1018   0.000000E+00   3.385068E-05   3.707500E-04
  1019   0.000000E+00   1.713654E-05   5.083449E-04
  1020   0.000000E+00   1.282571E-03   2.617673E-03
  1021   0.000000E+00   1.399645E-04   1.155244E-03
  1022   0.000000E+00   4.071538E-06   3.443918E-04
  1023   0.000000E+00   7.987893E-05   7.758961E-04
  1024   0.000000E+00   2.598633E-05   4.816414E-04
  1025   0.000000E+00   1.023269E-04   7.231388E-04
  1026   0.000000E+00   1.509726E-04   1.186938E-03
  1027   0.000000E+00   1.946701E-04   2.200248E-03
  1028   0.000000E+00   2.650444E-04   1.622309E-03
  1029   0.000000E+00  -1.121254E-05   3.026959E-04
  1030   0.000000E+00  -1.067032E-06   4.209334E-04
  1031   0.000000E+00   1.008515E-04   6.262859E-04
  1032   0.000000E+00  -1.027575E-04   3.877870E-03
  1033   0.000000E+00   1.719357E-04   1.008569E-03
  1034   0.000000E+00  -4.421272E-06   9.724370E-04
  1035   0.000000E+00   2.077144E-04   4.868647E-03
  1036   0.000000E+00  -4.742532E-04   8.743249E-03
  1037   0.000000E+00   3.496137E-04   3.862968E-03
  1038   0.000000E+00   4.457964E-05   4.935210E-04
  1039   0.000000E+00   6.190899E-04   1.824502E-03
  1040   0.000000E+00   1.506760E-04   7.420759E-04
  1041   0.000000E+00   3.888153E-04   2.806678E-03
  1042   0.000000E+00   2.117197E-04   1.235597E-03
  1043   0.000000E+00   2.198697E-04   1.166299E-03
  1044   0.000000E+00   8.070844E-04   1.627592E-03
  1045   0.000000E+00  -1.070548E-04   3.855424E-03
  1046   0.000000E+00   2.277847E-03   4.016324E-03
  1047   0.000000E+00   1.065939E-03   2.741568E-03
  1048   0.000000E+00   2.368305E-05   4.400057E-04
  1049   0.000000E+00   3.926993E-05   3.690843E-04
  1050   0.000000E+00   1.033551E-04   6.494551E-04
  1051   0.000000E+00   6.223532E-05   5.147159E-04
  1052   0.000000E+00   1.904300E-04   1.763009E-03
  1053   0.000000E+00   1.188138E-04   7.186043E-04
  1054   0.000000E+00   7.297865E-04   1.425632E-03
  1055   0.000000E+00   2.954631E-05   3.559840E-04
  1056   0.000000E+00   4.063624E-04   4.065005E-03
  1057   0.000000E+00   1.522191E-04   9.554504E-04
  1058   0.000000E+00   8.937420E-05   3.193341E-03
  1059   0.000000E+00   6.007527E-05   4.606920E-04
  1060   0.000000E+00   1.917747E-04   2.200248E-03
  1061   0.000000E+00   3.620927E-05   4.566274E-04
  1062   0.000000E+00   1.999774E-04   1.114953E-03
  1063   0.000000E+00   9.023059E-05   5.705688E-04
  1064   0.000000E+00   3.167781E-04   9.131856E-04
  1065   0.000000E+00   4.337383E-04   3.116122E-03
  1066   0.000000E+00  -7.486994E-06   3.103884E-04
  1067   0.000000E+00   4.648100E-05   3.690843E-04
  1068   0.000000E+00   1.662071E-04   1.186938E-03
  1069   0.000000E+00   2.319246E-04   1.091409E-03
  1070   0.000000E+00   2.390374E-04   1.322998E-03
  1071   0.000000E+00   3.241695E-04   1.395279E-03
  1072   0.000000E+00   1.610361E-05   3.694686E-04
  1073   0.000000E+00   5.392564E-04   2.956479E-03
  1074   0.000000E+00   6.680484E-05   8.307497E-04
  1075   0.000000E+00   9.921791E-05   6.262859E-04
  1076   0.000000E+00   2.656186E-05   4.172170E-04
  1077   0.000000E+00   3.070933E-04   1.676664E-03
  1078   0.000000E+00  -3.041548E-06   4.798776E-04
  1079   0.000000E+00   1.044175E-04   7.231388E-04
  1080   0.000000E+00   2.217630E-04   9.664194E-04
  1081   0.000000E+00  -9.883180E-06   7.965155E-04
  1082   0.000000E+00   1.100530E-04   7.418970E-04
  1083   0.000000E+00   1.823463E-05   4.412219E-04
  1084   0.000000E+00   1.872839E-07   7.236293E-04
  1085   0.000000E+00   6.767609E-04   1.457773E-03
  1086   0.000000E+00   9.426728E-05   6.301204E-04
  1087   0.000000E+00  -1.746164E-05   8.054605E-04
  1088   0.000000E+00   1.589608E-05   4.816414E-04
  1089   0.000000E+00   1.049831E-03   2.411563E-03
  1090   0.000000E+00   9.745067E-05   6.817695E-04
  1091   0.000000E+00   7.011805E-05   8.505187E-04
  1092   0.000000E+00   1.387930E-04   1.023345E-03
  1093   0.000000E+00   7.434039E-05   8.790949E-04
  1094   0.000000E+00   6.897908E-05   5.782475E-04
  1095   0.000000E+00   6.058110E-05   4.952847E-04
  1096   0.000000E+00   2.051405E-05   3.178956E-04
  1097   0.000000E+00  -6.640018E-07   3.443918E-04
  1098   0.000000E+00   2.433573E-04   1.455683E-03
  1099   0.000000E+00   3.374855E-04   1.103862E-03
  1100   0.000000E+00   1.793493E-04   8.176711E-04
  1101   0.000000E+00   8.357954E-05   8.690579E-04
  1102   0.000000E+00   8.220479E-04   1.831499E-03
  1103   0.000000E+00   8.692130E-05   3.783004E-04
  1104   0.000000E+00   1.122745E-03   3.386216E-03
  1105   0.000000E+00   6.783240E-05   3.770410E-04
  1106   0.000000E+00   1.724152E-04   7.372957E-04
  1107   0.000000E+00   6.453059E-05   9.629789E-04
  1108   0.000000E+00   6.367433E-05   9.429331E-04
  1109   0.000000E+00   1.272948E-04   6.485193E-04
  1110   0.000000E+00   1.181537E-05   8.452545E-04
  1111   0.000000E+00   1.008727E-05   2.214500E-03
  1112   0.000000E+00   2.509541E-05   1.275639E-03
  1113   0.000000E+00   6.009591E-04   4.096707E-03
  1114   0.000000E+00   1.008497E-05   2.913253E-04
  1115   0.000000E+00   2.603989E-04   1.719487E-03
  1116   0.000000E+00   2.281068E-05   7.594335E-04
  1117   0.000000E+00   5.979570E-04   2.272066E-03
  1118   0.000000E+00   1.711297E-03   5.591420E-03
  1119   0.000000E+00   1.067318E-03   4.080695E-03
  1120   0.000000E+00   1.821014E-03   5.112523E-03
  1121   0.000000E+00   5.632202E-03   8.511411E-03
