 smom1,sph1,sth1,slr1
          16           6           6          10
 phi boundaries
  0.00000E+00  2.61799E-01  5.23599E-01  7.85398E-01  1.04720E+00  1.30900E+00  1.57080E+00
 theta boundaries
  0.00000E+00  2.61799E-01  5.23599E-01  7.85398E-01  1.04720E+00  1.30900E+00  1.57080E+00
 radius boundaries in arcsec
  0.00000E+00  1.19639E+00  1.80726E+00  2.73003E+00  4.12397E+00  6.22963E+00  9.41044E+00  1.42153E+01  2.14736E+01  3.24379E+01  9.80009E+03
                                                                              phi,theta,r,mgemass,fitmass,errmass,x,y,z 
                                           (in arcsec),vx,vy,vz,xv2,vy2,vz2,vxvy,vyvz,vzvx,orbit long, orbit short,boxes
       1       1       1  4.18099E-04  4.60449E-04  4.18099E-06  9.22409E-02  1.21405E-02  5.17560E-01 -2.79540E+00  7.18501E+00 -4.80680E+00  6.03231E+04  3.40439E+04  1.05925E+05  1.65708E+03  1.10688E+03  1.95117E+04  9.72889E-05  0.00000E+00  3.63160E-04
       1       1       2  1.19415E-04  9.42636E-05  1.19415E-06  2.66083E-01  4.17735E-02  1.47884E+00  1.01836E+01  1.60794E+02 -2.45786E+01  6.35136E+04  7.57595E+04  9.91630E+04 -6.63056E+03  4.67855E+03  2.25450E+04  5.14187E-05  0.00000E+00  4.28450E-05
       1       1       3  2.06210E-04  1.36835E-04  2.06210E-06  4.10238E-01  6.94122E-02  2.22612E+00 -1.25837E+01  3.70583E+01 -4.03562E+01  7.28209E+04  3.66511E+04  7.36209E+04  4.84680E+03 -6.58568E+02  1.88461E+04  4.46501E-05  0.00000E+00  9.21848E-05
       1       1       4  2.89887E-04  1.61187E-04  2.89887E-06  5.35259E-01  7.31199E-02  3.58192E+00  3.86964E-02  3.94155E+01  1.16255E+01  5.63922E+04  9.46571E+04  6.31196E+04  2.77581E+03 -3.98058E+03  9.68802E+03  1.25135E-04  0.00000E+00  3.60521E-05
       1       1       5  2.65241E-04  3.32201E-04  2.65241E-06  8.25732E-01  1.11860E-01  5.19791E+00  8.83871E-01  2.88146E+01  9.34678E+00  1.94053E+04  4.08648E+04  4.89533E+04  5.01414E+02 -1.24283E+03  5.95938E+03  2.66083E-04  0.00000E+00  6.61180E-05
       1       1       6  2.13231E-04  2.38684E-04  2.13231E-06  1.12937E+00  1.55877E-01  6.86761E+00 -4.10858E-02  1.59337E+01 -9.42366E+00  8.73219E+03  1.74623E+04  4.22049E+04  2.35505E+02  2.07795E+02  7.19157E+03  1.27541E-04  0.00000E+00  1.11143E-04
       1       1       7  2.17318E-04  2.19152E-04  2.17318E-06  1.98586E+00  2.63884E-01  1.22568E+01  6.60439E+00 -1.94703E+02  3.03576E+01  2.25876E+04  6.01017E+04  5.99582E+04 -1.92426E+02 -1.18007E+03  1.00222E+04  1.42414E-04  0.00000E+00  7.67376E-05
       1       1       8  3.63737E-04  3.94841E-04  3.63737E-06  3.10273E+00  3.99459E-01  1.79299E+01  4.70466E-01 -1.30837E+02  1.80496E+00  9.86293E+03  2.78052E+04  3.69657E+04  2.40648E+02 -1.77468E+02  5.11971E+03  2.52902E-04  0.00000E+00  1.41939E-04
       1       1       9  3.77903E-04  4.58964E-04  3.77903E-06  4.65392E+00  4.45658E-01  2.41854E+01  1.17306E+00 -4.34004E+01  4.16439E+00  3.02062E+03  7.59112E+03  1.25656E+04 -8.75641E+01 -2.79291E+02  2.43556E+03  1.26272E-04  0.00000E+00  3.32693E-04
       1       1      10  1.70469E-04  1.84494E-04  1.70469E-06  1.23298E+01  1.54465E+00  7.01997E+01 -1.20743E+00 -1.07905E+02  1.40091E+01  7.58840E+03  3.06460E+04  3.08040E+04  1.71176E+03 -3.47299E+02  5.77326E+03  7.14526E-05  0.00000E+00  1.13041E-04
       1       2       1  1.26321E-03  1.19431E-03  1.26321E-05  2.22016E-01  2.78545E-02  5.38920E-01  1.02687E+01 -8.45474E+01  5.04580E-01  5.86838E+04  4.39312E+04  7.89728E+04  4.77082E+02  2.01329E+03  1.97732E+04  0.00000E+00  2.81494E-04  9.12815E-04
       1       2       2  3.64276E-04  2.41827E-04  3.64276E-06  5.51216E-01  7.09509E-02  1.40427E+00  5.21140E+00 -2.44124E+00 -8.89178E+00  7.37792E+04  1.09345E+04  1.54006E+05  3.70433E+03  4.10252E+03  6.19263E+04  0.00000E+00  7.07996E-07  2.41119E-04
       1       2       3  6.26911E-04  6.10054E-04  6.26911E-06  8.02097E-01  1.00123E-01  2.11146E+00  2.37509E+00  2.93889E+00  1.10153E+00  3.75178E+04  5.06379E+03  6.09963E+04  4.15166E+03  2.78526E+03  2.62752E+04  0.00000E+00  0.00000E+00  6.10054E-04
       1       2       4  9.04588E-04  1.58275E-04  9.04588E-06  1.33915E+00  1.76157E-01  3.09997E+00 -1.70126E+01 -3.32890E+01 -4.14632E+01  9.76603E+04  2.15367E+04  1.93323E+05  1.31292E+04  1.67071E+04  8.79296E+04  0.00000E+00  8.02960E-06  1.50245E-04
       1       2       5  8.44125E-04  2.67123E-04  8.44125E-06  2.08026E+00  2.99437E-01  4.78460E+00 -2.16547E+00 -5.79696E+00 -3.14659E+00  2.62506E+04  2.89642E+03  1.43110E+05  3.59991E+03  8.80279E+03  5.52819E+04  0.00000E+00  6.53572E-07  2.66469E-04
       1       2       6  7.14229E-04  5.87509E-04  7.14229E-06  3.05078E+00  4.48236E-01  6.88133E+00  2.99326E+00  3.75166E-01  3.75268E+00  1.07231E+04  1.01058E+03  6.43884E+04  1.19129E+03  2.61066E+03  2.44934E+04  0.00000E+00  0.00000E+00  5.87509E-04
       1       2       7  7.04161E-04  3.19435E-04  7.04161E-06  4.53901E+00  5.07186E-01  1.09759E+01  1.16410E+00 -1.18174E+00 -1.21876E+01  2.18898E+04  2.99513E+03  1.33793E+05  1.66773E+03  4.85859E+03  5.13538E+04  0.00000E+00  1.94305E-06  3.17491E-04
       1       2       8  1.16136E-03  7.30883E-04  1.16136E-05  6.96522E+00  7.58095E-01  1.66870E+01  6.26400E+00  2.42831E+00  1.27182E+01  1.09958E+04  4.72836E+02  6.85672E+04  1.23151E+03  2.95461E+03  2.62636E+04  0.00000E+00  0.00000E+00  7.30883E-04
       1       2       9  1.29011E-03  1.64602E-03  1.29011E-05  9.83302E+00  1.04782E+00  2.35226E+01  9.44620E-01  3.02186E-01  2.68599E+00  2.61918E+03  1.86393E+02  1.53676E+04  2.71799E+02  6.23239E+02  5.88610E+03  0.00000E+00  0.00000E+00  1.64602E-03
       1       2      10  5.87280E-04  4.51453E-04  5.87280E-06  3.06333E+01  3.98116E+00  7.11781E+01 -5.22922E+00 -2.20526E+00 -1.10884E+01  8.11333E+03  2.04261E+02  4.47709E+04  9.68949E+02  2.16808E+03  1.86490E+04  0.00000E+00  0.00000E+00  4.51453E-04
       1       3       1  2.11940E-03  2.28219E-03  2.11940E-05  3.40531E-01  4.45930E-02  4.60470E-01  2.15519E+01 -1.66609E+02 -1.57587E+00  5.00718E+04  4.75787E+04  5.01877E+04 -8.49313E+02  4.23436E+02  3.51061E+03  0.00000E+00  1.71972E-03  5.62476E-04
       1       3       2  6.23691E-04  5.77066E-04  6.23691E-06  9.08960E-01  1.12558E-01  1.19412E+00  3.31535E+01 -1.26021E+02 -2.18486E+00  8.28669E+04  3.66762E+04  8.56826E+04  5.15134E+03  5.13807E+03  2.92916E+04  0.00000E+00  3.98979E-04  1.78087E-04
       1       3       3  1.06325E-03  1.15029E-03  1.06325E-05  1.35548E+00  1.82934E-01  1.79919E+00  3.55886E+00 -4.72684E+01  6.98376E-01  3.87863E+04  7.27902E+03  4.70833E+04  4.32655E+03  2.92548E+03  2.34005E+04  0.00000E+00  7.46401E-04  4.03890E-04
       1       3       4  1.61139E-03  1.09680E-03  1.61139E-05  2.02750E+00  2.68253E-01  2.81356E+00  3.67727E+01 -2.05291E+02  4.39966E+00  6.41893E+04  1.09865E+05  6.41249E+04 -9.36116E+03  3.55972E+03  3.33343E+04  0.00000E+00  7.26072E-04  3.70729E-04
       1       3       5  1.56780E-03  1.50322E-03  1.56780E-05  3.26412E+00  4.41015E-01  4.06767E+00  1.90795E+01 -1.07101E+02  2.52584E+00  4.27172E+04  3.42409E+04  4.49229E+04  4.77978E+02  2.69203E+03  2.34109E+04  0.00000E+00  9.60678E-04  5.42538E-04
       1       3       6  1.46715E-03  1.88703E-03  1.46715E-05  4.11495E+00  5.17046E-01  5.75266E+00  9.48911E+00 -6.80277E+01  5.66565E-01  1.26922E+04  1.87736E+04  2.56601E+04 -1.10150E+03  1.35993E+03  1.39268E+04  0.00000E+00  8.46206E-04  1.04082E-03
       1       3       7  1.41573E-03  1.19027E-03  1.41573E-05  7.26024E+00  9.33309E-01  9.82700E+00  2.93763E+01 -2.22803E+02  7.03788E-02  3.30208E+04  7.25704E+04  5.13496E+04 -5.99587E+03  1.98000E+03  2.15137E+04  0.00000E+00  8.46969E-04  3.43299E-04
       1       3       8  2.16362E-03  2.26215E-03  2.16362E-05  1.09043E+01  1.40202E+00  1.44261E+01  1.83390E+01 -1.38551E+02 -4.77777E+00  2.07206E+04  3.07308E+04  3.24855E+04 -1.92324E+03  1.79571E+03  1.36050E+04  0.00000E+00  1.48775E-03  7.74404E-04
       1       3       9  2.74450E-03  2.81383E-03  2.74450E-05  1.47592E+01  1.88267E+00  1.98818E+01  7.15394E+00 -5.06113E+01 -2.84297E+00  8.01005E+03  8.74033E+03  1.34220E+04 -1.34476E+02  7.21700E+02  6.77574E+03  0.00000E+00  9.09676E-04  1.90416E-03
       1       3      10  1.41407E-03  1.42947E-03  1.41407E-05  4.64337E+01  6.41177E+00  5.97291E+01 -3.94088E-01 -2.72796E+01 -5.10064E+00  2.10796E+04  2.76030E+03  3.43121E+04  2.61758E+03  2.34977E+03  1.73760E+04  0.00000E+00  5.05899E-04  9.23568E-04
       1       4       1  2.94286E-03  3.40739E-03  2.94286E-05  4.86151E-01  6.50757E-02  3.46391E-01  1.68354E+01 -1.50581E+02  4.61889E-02  5.34851E+04  6.54303E+04  3.91631E+04 -2.68521E+03  6.35269E+02  7.93037E+03  0.00000E+00  2.37719E-03  1.03020E-03
       1       4       2  8.92191E-04  9.70748E-04  8.92191E-06  1.22150E+00  1.67755E-01  8.54449E-01 -1.38428E+00 -4.34005E+01  1.38418E+00  8.86963E+04  5.91900E+04  3.99145E+04  6.41664E+03  1.05898E+03  6.32021E+03  0.00000E+00  7.34698E-04  2.36050E-04
       1       4       3  1.49509E-03  1.58677E-03  1.49509E-05  1.78772E+00  2.29416E-01  1.26090E+00  9.64772E+00 -3.66541E+01 -3.24681E+00  2.64909E+04  3.38821E+04  1.81797E+04 -1.13452E+02  9.92022E+02  5.66542E+03  0.00000E+00  1.06387E-03  5.22908E-04
       1       4       4  2.41243E-03  1.49419E-03  2.41243E-05  2.81240E+00  3.69122E-01  2.02121E+00  3.02161E+01 -2.10075E+02 -3.43122E-01  6.02755E+04  1.45884E+05  3.52049E+04 -1.35982E+04  1.97911E+03  7.65743E+03  0.00000E+00  1.34838E-03  1.45808E-04
       1       4       5  2.49653E-03  2.75469E-03  2.49653E-05  4.19898E+00  5.53188E-01  3.03435E+00  1.59872E+01 -1.15972E+02  1.33407E+00  5.75263E+04  4.30092E+04  3.40418E+04  2.46314E+03  1.12598E+03  1.03659E+04  0.00000E+00  2.25794E-03  4.96752E-04
       1       4       6  2.66658E-03  3.72525E-03  2.66658E-05  6.01864E+00  7.91392E-01  4.09571E+00  8.02181E+00 -5.90148E+01  4.45547E+00  2.36859E+04  1.80048E+04  1.23242E+04  7.13315E+01 -1.51596E+02  7.70951E+03  0.00000E+00  2.37493E-03  1.35033E-03
       1       4       7  2.76864E-03  2.27090E-03  2.76864E-05  9.84078E+00  1.31400E+00  6.91461E+00  3.46354E+01 -2.55274E+02  2.91511E+00  4.14124E+04  8.69918E+04  3.47882E+04 -6.48481E+03  1.04367E+03  1.15954E+04  0.00000E+00  1.90651E-03  3.64390E-04
       1       4       8  3.52153E-03  4.28071E-03  3.52153E-05  1.48451E+01  1.98530E+00  1.02771E+01  2.11081E+01 -1.50994E+02 -5.91049E-01  3.05449E+04  3.33829E+04  2.11317E+04 -4.31053E+02  1.08134E+03  7.96573E+03  0.00000E+00  3.43271E-03  8.48004E-04
       1       4       9  5.19488E-03  5.90598E-03  5.19488E-05  2.05168E+01  2.53747E+00  1.41788E+01  1.00049E+01 -6.77958E+01 -2.69285E-01  1.08900E+04  1.00875E+04  7.17187E+03 -4.84895E+00  4.57195E+02  3.38074E+03  0.00000E+00  3.75732E-03  2.14866E-03
       1       4      10  3.77783E-03  4.29371E-03  3.77783E-05  5.46996E+01  7.05622E+00  3.67200E+01  2.71520E+01 -2.02051E+02  3.45819E+00  1.94041E+04  5.65408E+04  1.00903E+04 -5.08332E+03  3.95904E+01  3.52567E+03  0.00000E+00  3.79806E-03  4.95657E-04
       1       5       1  3.62658E-03  3.57784E-03  3.62658E-05  5.30680E-01  7.12199E-02  2.29288E-01  1.54044E+01 -1.40953E+02 -1.96202E+00  4.88010E+04  5.86295E+04  4.52884E+04 -4.13374E+02  2.82038E+02  3.74666E+03  0.00000E+00  2.45180E-03  1.12603E-03
       1       5       2  1.13519E-03  1.07668E-03  1.13519E-05  1.37912E+00  1.88253E-01  5.97169E-01  1.35846E+01 -3.62966E+01  2.74177E+00  1.06002E+05  6.01879E+04  4.09788E+04  4.37645E+03 -8.00878E+02 -6.76050E+01  0.00000E+00  8.47089E-04  2.29589E-04
       1       5       3  1.86305E-03  1.95188E-03  1.86305E-05  1.99728E+00  2.73729E-01  8.64281E-01  1.54607E+00 -4.68323E+01  1.49308E+00  6.39366E+04  3.23272E+04  2.45390E+04  6.34874E+03 -1.10784E+03  5.65844E+02  0.00000E+00  1.31871E-03  6.33169E-04
       1       5       4  3.18941E-03  1.78735E-03  3.18941E-05  3.13063E+00  4.11894E-01  1.31887E+00  3.70094E+01 -1.64375E+02 -3.46311E+00  8.03133E+04  8.77229E+04  6.64945E+04 -4.34189E+03  4.84885E+03  4.54893E+03  0.00000E+00  1.63110E-03  1.56250E-04
       1       5       5  3.52734E-03  3.49065E-03  3.52734E-05  4.81532E+00  6.35664E-01  2.09708E+00  2.32434E-01 -1.07179E+02  5.07174E+00  5.75473E+04  3.93371E+04  3.41483E+04  4.18418E+03 -4.27088E+03  7.29923E+03  0.00000E+00  3.08588E-03  4.04774E-04
       1       5       6  4.26605E-03  4.69149E-03  4.26605E-05  6.62506E+00  8.86467E-01  2.88413E+00  1.15173E+01 -6.87889E+01 -4.08161E+00  4.15794E+04  1.83325E+04  1.75109E+04  3.64893E+03  3.17033E+03  6.50062E+03  0.00000E+00  3.42484E-03  1.26665E-03
       1       5       7  5.28807E-03  3.23240E-03  5.28807E-05  1.09140E+01  1.44935E+00  4.62022E+00  2.67836E+01 -1.82069E+02 -4.21522E+00  7.10848E+04  5.39320E+04  4.00140E+04  2.90785E+03  3.02060E+03  1.29430E+04  0.00000E+00  2.41646E-03  8.15933E-04
       1       5       8  5.58655E-03  6.16555E-03  5.58655E-05  1.65440E+01  2.21552E+00  6.86741E+00  1.75303E+01 -1.17676E+02  7.83606E+00  4.41291E+04  2.38863E+04  1.97903E+04  2.89825E+03 -4.10947E+01  8.35321E+03  0.00000E+00  4.47463E-03  1.69093E-03
       1       5       9  8.60873E-03  9.58806E-03  8.60873E-05  2.34685E+01  3.23194E+00  9.20178E+00  8.02447E+00 -5.10655E+01 -1.59163E+00  1.40223E+04  7.20323E+03  5.87669E+03  8.10182E+02  7.28219E+02  2.75476E+03  0.00000E+00  4.88319E-03  4.70488E-03
       1       5      10  1.01009E-02  6.19430E-03  1.01009E-04  6.10734E+01  8.01318E+00  2.61840E+01  2.20958E+01 -1.75352E+02 -1.17565E-01  2.50580E+04  4.50293E+04  1.43779E+04 -2.79584E+03 -2.82294E+02  2.13262E+03  0.00000E+00  5.28046E-03  9.13839E-04
       1       6       1  4.02400E-03  4.33578E-03  4.02400E-05  5.75737E-01  7.84467E-02  7.59910E-02  1.03391E+01 -1.02156E+02  1.36567E+00  6.13922E+04  3.82459E+04  3.98372E+04  3.61731E+03  1.77110E+02  2.52095E+03  0.00000E+00  2.51979E-03  1.81599E-03
       1       6       2  1.28670E-03  1.26482E-03  1.28670E-05  1.48476E+00  1.98284E-01  2.00984E-01 -2.78817E+00  3.02533E+01 -4.71355E+00  9.69621E+04  5.66181E+04  3.44798E+04  4.77772E+03  4.22636E+02 -3.39391E+03  0.00000E+00  1.02367E-03  2.41152E-04
       1       6       3  2.08080E-03  2.23541E-03  2.08080E-05  2.19607E+00  2.98737E-01  2.81973E-01  6.17481E+00 -4.20932E+01  6.58727E-01  7.25798E+04  2.22458E+04  2.33432E+04  8.00555E+03 -1.20236E+03 -4.20779E+03  0.00000E+00  1.48448E-03  7.50926E-04
       1       6       4  3.69308E-03  2.96915E-03  3.69308E-05  3.37658E+00  4.54188E-01  4.40259E-01  8.03592E+00 -5.88332E+01 -4.87820E+00  7.82528E+04  1.09895E+05  4.99880E+04 -3.05596E+03  2.23435E+03  6.52064E+03  0.00000E+00  2.39698E-03  5.72164E-04
       1       6       5  4.26931E-03  4.68684E-03  4.26931E-05  5.13762E+00  6.82781E-01  6.73396E-01  6.54936E+00 -3.71345E+01  4.11038E+00  6.70789E+04  5.29292E+04  1.97626E+04  2.16813E+03 -2.69320E+02  9.72925E+03  0.00000E+00  3.74678E-03  9.40066E-04
       1       6       6  5.56159E-03  6.43724E-03  5.56159E-05  7.10401E+00  1.00475E+00  9.50226E-01 -1.68342E+00 -3.09933E+01 -3.54599E+00  4.08262E+04  2.15568E+04  1.34215E+04  3.16866E+03  1.82500E+03  5.94870E+03  0.00000E+00  4.61361E-03  1.82362E-03
       1       6       7  8.01377E-03  6.07744E-03  8.01377E-05  1.17536E+01  1.57953E+00  1.64673E+00  3.33837E+01 -2.59829E+02  3.91030E-02  5.11209E+04  9.20606E+04  2.38533E+04 -4.76943E+03  9.44806E+02  6.00378E+03  0.00000E+00  4.91634E-03  1.16109E-03
       1       6       8  8.11872E-03  1.05104E-02  8.11872E-05  1.77269E+01  2.39004E+00  2.50589E+00  2.10751E+01 -1.66798E+02 -3.20448E-01  3.81810E+04  4.01943E+04  1.13791E+04  1.78288E+02  3.85623E+02  3.47004E+03  0.00000E+00  8.26491E-03  2.24549E-03
       1       6       9  1.15392E-02  1.37304E-02  1.15392E-04  2.43050E+01  3.42089E+00  3.76200E+00  1.09313E+01 -8.35206E+01  7.65541E-01  1.36089E+04  1.48524E+04  4.52752E+03  5.96287E+01  1.13316E+02  1.43521E+03  0.00000E+00  8.09229E-03  5.63808E-03
       1       6      10  1.92498E-02  2.27148E-02  1.92498E-04  6.13484E+01  8.18301E+00  7.92186E+00  3.51347E+01 -2.62831E+02  1.61528E+00  1.01687E+04  7.91533E+04  5.82483E+03 -9.17011E+03 -1.33954E+02  8.36510E+02  0.00000E+00  2.06882E-02  2.02660E-03
       2       1       1  4.18070E-04  4.21958E-04  4.18070E-06  9.61940E-02  3.89737E-02  5.63137E-01  1.45302E+00  1.43009E+01  1.26352E+01  6.87850E+04  4.44947E+04  1.33684E+05  7.45200E+03  4.15240E+03  2.21424E+04  1.03455E-04  0.00000E+00  3.18503E-04
       2       1       2  1.19405E-04  1.52936E-04  1.19405E-06  2.78880E-01  1.15095E-01  1.47491E+00  9.41650E+00  1.24000E+02  6.70134E+00  3.90143E+04  6.33404E+04  9.42217E+04  1.88817E+03 -1.44909E+03  2.02710E+04  6.62977E-05  0.00000E+00  8.66381E-05
       2       1       3  2.06197E-04  2.77663E-04  2.06197E-06  4.41317E-01  1.75604E-01  2.19352E+00 -2.56491E+00  1.83755E+01 -1.36177E+01  3.73045E+04  2.26820E+04  3.98088E+04  4.58503E+03  3.61728E+03  9.77561E+03  5.77474E-05  0.00000E+00  2.19915E-04
       2       1       4  2.89857E-04  2.28048E-04  2.89857E-06  5.88579E-01  2.50133E-01  3.58534E+00 -2.13900E+00  4.36567E+01 -1.09908E+01  6.02029E+04  9.54893E+04  4.50933E+04  5.96742E+03 -1.24318E+04  5.78229E+03  1.96640E-04  0.00000E+00  3.14073E-05
       2       1       5  2.65215E-04  4.15659E-04  2.65215E-06  8.79517E-01  3.67642E-01  5.20354E+00 -2.63201E+00  2.88340E+01 -1.08151E+01  2.26869E+04  4.13863E+04  3.76743E+04 -6.68481E+02 -3.35634E+03  3.01067E+03  3.63716E-04  0.00000E+00  5.19427E-05
       2       1       6  2.13207E-04  2.82937E-04  2.13207E-06  1.16337E+00  4.90959E-01  6.71505E+00  3.92398E+00  1.77473E+01  8.93511E+00  1.01761E+04  1.75840E+04  3.02536E+04  1.33036E+03 -1.31154E+03  4.57665E+03  1.65013E-04  0.00000E+00  1.17924E-04
       2       1       7  2.17301E-04  2.25744E-04  2.17301E-06  2.03908E+00  8.81258E-01  1.22743E+01  4.34199E+00 -2.36901E+02  3.84857E+01  2.77462E+04  7.21022E+04  4.02257E+04 -8.51047E+02 -9.39536E+03  4.29660E+03  1.79722E-04  0.00000E+00  4.60222E-05
       2       1       8  3.63710E-04  4.78999E-04  3.63710E-06  3.04999E+00  1.29826E+00  1.79328E+01 -1.84377E+00 -1.44616E+02  1.55524E+01  1.22867E+04  3.01719E+04  3.18040E+04  4.24552E+02 -9.51825E+02  3.34408E+03  3.48323E-04  0.00000E+00  1.30677E-04
       2       1       9  3.77854E-04  4.17206E-04  3.77854E-06  4.05689E+00  1.67837E+00  2.36797E+01 -1.54797E+00 -6.24475E+01  6.06902E+00  4.25493E+03  1.02081E+04  1.37510E+04  5.99341E+01 -8.90042E+02  1.97417E+03  1.63938E-04  0.00000E+00  2.53268E-04
       2       1      10  1.70448E-04  1.86819E-04  1.70448E-06  1.09465E+01  4.32201E+00  6.66607E+01 -9.48746E+00 -1.38033E+02  3.33957E+00  9.40193E+03  3.83391E+04  3.10100E+04  1.95699E+03 -2.16993E+03  4.80246E+03  9.20918E-05  0.00000E+00  9.47268E-05
       2       2       1  1.26279E-03  1.10871E-03  1.26279E-05  2.06126E-01  8.44268E-02  5.19598E-01  3.79827E+01 -8.21717E+01  4.48543E+00  6.39272E+04  4.80718E+04  7.77957E+04  2.47632E+03  4.22474E+03  1.86067E+04  1.18584E-04  2.98347E-04  6.91773E-04
       2       2       2  3.64125E-04  2.09819E-04  3.64125E-06  5.04616E-01  2.10544E-01  1.40163E+00  9.75567E+00  6.38505E+00  1.80130E+00  7.17236E+04  1.77969E+04  1.54065E+05  1.64918E+04  1.96346E+04  6.24006E+04  3.62729E-06  8.44627E-07  2.05347E-04
       2       2       3  6.26719E-04  5.60325E-04  6.26719E-06  7.58075E-01  3.11975E-01  2.11765E+00 -4.44803E+00 -2.16366E+00 -1.00158E+01  3.13834E+04  9.51796E+03  5.62341E+04  1.18201E+04  9.38406E+03  2.25716E+04  4.10326E-06  0.00000E+00  5.56222E-04
       2       2       4  9.04130E-04  1.82280E-04  9.04130E-06  1.24584E+00  5.29447E-01  3.16956E+00  1.60075E+01 -1.47931E+01 -4.35979E+00  8.35244E+04  4.10225E+04  1.74941E+05  2.72907E+04  2.77906E+04  7.39046E+04  2.02828E-05  9.15001E-06  1.52847E-04
       2       2       5  8.43691E-04  3.75973E-04  8.43691E-06  1.87937E+00  7.91894E-01  4.84639E+00 -6.15775E+00  3.00757E+00 -2.09967E+01  2.09290E+04  1.27319E+04  1.02023E+05  6.45645E+03  1.35965E+04  3.64673E+04  7.39120E-05  5.60205E-07  3.01501E-04
       2       2       6  7.13801E-04  8.32373E-04  7.13801E-06  2.73796E+00  1.11178E+00  6.82251E+00 -2.89174E+00 -3.69284E+00 -1.00665E+01  6.79130E+03  3.02458E+03  3.91701E+04  2.61164E+03  5.64065E+03  1.38142E+04  3.74717E-05  0.00000E+00  7.94902E-04
       2       2       7  7.03826E-04  2.54494E-04  7.03826E-06  4.30493E+00  1.87364E+00  1.09656E+01  4.61346E+00 -1.80553E+01  1.55303E+01  2.06179E+04  1.35742E+04  1.32015E+05  6.28528E+03  2.11765E+04  4.69648E+04  3.94599E-06  6.18242E-06  2.44365E-04
       2       2       8  1.16093E-03  5.72454E-04  1.16093E-05  6.31457E+00  2.75163E+00  1.66325E+01  7.91938E-02 -7.81070E+00  4.50256E+00  1.07603E+04  4.23594E+03  7.01599E+04  4.46302E+03  1.05751E+04  2.51136E+04  2.65457E-05  0.00000E+00  5.45908E-04
       2       2       9  1.28925E-03  1.25490E-03  1.28925E-05  8.92476E+00  3.73409E+00  2.36757E+01  1.04443E+00 -8.83056E-01  5.35899E+00  2.78528E+03  9.94811E+02  1.73681E+04  1.13848E+03  2.45964E+03  6.27088E+03  1.47078E-05  0.00000E+00  1.24019E-03
       2       2      10  5.86803E-04  5.93982E-04  5.86803E-06  2.77922E+01  1.22812E+01  6.94221E+01  7.97227E+00  2.30797E+00  1.33445E+01  8.06615E+03  1.61316E+03  4.88384E+04  3.45071E+03  8.58041E+03  1.94044E+04  0.00000E+00  0.00000E+00  5.93982E-04
       2       3       1  2.11769E-03  2.24573E-03  2.11769E-05  3.14107E-01  1.28786E-01  4.56917E-01  6.69718E+01 -1.56292E+02  3.54760E+00  4.92839E+04  4.58592E+04  4.89144E+04 -2.31556E+03 -6.89062E+02  2.03959E+03  7.51522E-05  1.70671E-03  4.63871E-04
       2       3       2  6.23016E-04  5.97553E-04  6.23016E-06  8.35808E-01  3.48932E-01  1.21755E+00  4.15333E+01 -1.23859E+02  1.30313E+00  6.73320E+04  3.95201E+04  8.15708E+04  1.19952E+04  8.28585E+03  2.21368E+04  0.00000E+00  4.37162E-04  1.60392E-04
       2       3       3  1.06246E-03  1.05227E-03  1.06246E-05  1.27638E+00  5.19587E-01  1.81492E+00  2.76684E+01 -4.65635E+01 -3.47546E-02  3.21078E+04  1.35115E+04  4.15554E+04  8.99079E+03  8.15472E+03  2.05072E+04  0.00000E+00  7.29308E-04  3.22965E-04
       2       3       4  1.60933E-03  9.98192E-04  1.60933E-05  1.87911E+00  7.67117E-01  2.83078E+00  8.23885E+01 -2.06918E+02 -3.81842E+00  6.28235E+04  1.09017E+05  6.22775E+04 -2.29055E+04  1.02788E+04  2.68163E+04  0.00000E+00  7.11927E-04  2.86265E-04
       2       3       5  1.56559E-03  1.40784E-03  1.56559E-05  3.06279E+00  1.26093E+00  4.05729E+00  4.89047E+01 -1.03622E+02 -2.94688E+00  4.16859E+04  3.56307E+04  4.40866E+04  3.88237E+02  7.96453E+03  1.98005E+04  0.00000E+00  9.50605E-04  4.57233E-04
       2       3       6  1.46477E-03  1.72112E-03  1.46477E-05  3.78149E+00  1.56724E+00  5.73526E+00  2.84226E+01 -6.83586E+01  3.65383E+00  1.40942E+04  1.90824E+04  2.62981E+04 -3.06977E+03  5.11630E+03  1.31847E+04  0.00000E+00  8.37584E-04  8.83537E-04
       2       3       7  1.41337E-03  1.13618E-03  1.41337E-05  6.72739E+00  2.76213E+00  9.86364E+00  9.78913E+01 -2.10609E+02  2.58492E-01  4.00203E+04  6.77383E+04  4.81210E+04 -1.76024E+04  7.59840E+03  1.87789E+04  0.00000E+00  8.39302E-04  2.96876E-04
       2       3       8  2.16151E-03  2.04768E-03  2.16151E-05  1.01020E+01  4.13847E+00  1.44730E+01  6.52297E+01 -1.38339E+02 -1.35620E+00  2.29836E+04  3.07624E+04  2.99509E+04 -6.23838E+03  3.90675E+03  1.07760E+04  0.00000E+00  1.47174E-03  5.75945E-04
       2       3       9  2.73959E-03  2.33202E-03  2.73959E-05  1.37445E+01  5.59215E+00  1.96385E+01  2.64217E+01 -5.59727E+01  6.93338E-01  9.00848E+03  1.00377E+04  1.40455E+04 -1.07520E+03  2.66119E+03  6.28734E+03  0.00000E+00  8.90920E-04  1.44110E-03
       2       3      10  1.40979E-03  1.36913E-03  1.40979E-05  4.21132E+01  1.75499E+01  6.07640E+01  1.20418E+01 -2.19844E+01  1.22938E+00  1.76848E+04  4.93956E+03  3.52632E+04  6.38053E+03  6.93914E+03  1.67504E+04  0.00000E+00  4.45488E-04  9.23638E-04
       2       4       1  2.93875E-03  3.22565E-03  2.93875E-05  4.48455E-01  1.82964E-01  3.42583E-01  5.98351E+01 -1.45939E+02  3.36827E+00  5.31921E+04  6.39388E+04  3.91882E+04 -8.57880E+03  1.08485E+03  4.55329E+03  5.97051E-05  2.35813E-03  8.07817E-04
       2       4       2  8.90395E-04  8.65855E-04  8.90395E-06  1.14396E+00  4.72711E-01  8.53542E-01  9.75445E+00 -3.57540E+01 -3.83870E+00  7.72887E+04  6.68714E+04  3.72790E+04  4.82061E+03  7.81411E+02  3.43422E+03  0.00000E+00  6.95400E-04  1.70454E-04
       2       4       3  1.49316E-03  1.43715E-03  1.49316E-05  1.65992E+00  6.86982E-01  1.27444E+00  5.95279E+00 -3.90353E+01  4.48658E+00  2.81190E+04  3.59334E+04  1.98562E+04 -2.98855E+03  1.28644E+03  5.48496E+03  0.00000E+00  1.00472E-03  4.32423E-04
       2       4       4  2.40691E-03  1.48730E-03  2.40691E-05  2.60246E+00  1.07618E+00  2.01433E+00  9.28040E+01 -1.89332E+02  1.90997E+00  7.58308E+04  1.31252E+05  3.76823E+04 -3.13407E+04  4.71015E+03  8.76476E+03  0.00000E+00  1.30306E-03  1.84241E-04
       2       4       5  2.48964E-03  2.74294E-03  2.48964E-05  3.90508E+00  1.64789E+00  3.00157E+00  4.50533E+01 -1.18071E+02  6.07425E-01  5.21295E+04  4.95615E+04  3.17858E+04  4.58656E+03  3.48280E+03  8.11346E+03  0.00000E+00  2.40280E-03  3.40141E-04
       2       4       6  2.65839E-03  3.00661E-03  2.65839E-05  5.58848E+00  2.23251E+00  4.05866E+00  4.05366E+01 -5.21405E+01  3.82013E-01  2.39428E+04  1.94976E+04  1.24674E+04 -9.71147E+02  2.60207E+03  6.84394E+03  0.00000E+00  2.06426E-03  9.42356E-04
       2       4       7  2.75698E-03  2.20179E-03  2.75698E-05  9.14736E+00  3.79198E+00  6.88670E+00  1.06498E+02 -2.43995E+02 -3.50825E+00  4.75034E+04  8.29036E+04  3.43490E+04 -1.85810E+04  3.96574E+03  8.57102E+03  0.00000E+00  1.92688E-03  2.74912E-04
       2       4       8  3.51352E-03  4.00487E-03  3.51352E-05  1.36857E+01  5.68268E+00  1.02374E+01  6.54282E+01 -1.52304E+02  3.20899E+00  3.10472E+04  3.53923E+04  2.09005E+04 -2.62295E+03  1.81944E+03  5.24214E+03  0.00000E+00  3.47578E-03  5.29089E-04
       2       4       9  5.17774E-03  4.96072E-03  5.17774E-05  1.88774E+01  7.61759E+00  1.40986E+01  3.51520E+01 -7.72071E+01  1.89506E+00  1.15404E+04  1.24781E+04  7.45356E+03 -6.94697E+02  6.67046E+02  2.68809E+03  0.00000E+00  3.68627E-03  1.27445E-03
       2       4      10  3.75016E-03  4.60735E-03  3.75016E-05  5.13324E+01  2.12373E+01  3.74070E+01  7.60937E+01 -1.80453E+02  1.95042E-01  2.50378E+04  4.86286E+04  1.02420E+04 -1.29520E+04  8.10672E+02  2.63913E+03  0.00000E+00  4.06719E-03  5.40159E-04
       2       5       1  3.61958E-03  3.37823E-03  3.61958E-05  4.91768E-01  2.01300E-01  2.27804E-01  5.24848E+01 -1.42928E+02  3.99430E+00  4.72947E+04  5.93490E+04  4.63573E+04 -6.36076E+03  2.88185E+02  3.87946E+03  5.11778E-05  2.49722E-03  8.29828E-04
       2       5       2  1.13181E-03  1.04014E-03  1.13181E-05  1.29293E+00  5.23585E-01  5.95088E-01  1.65993E+01 -3.73812E+01  4.49172E+00  9.16343E+04  6.21182E+04  4.11402E+04  9.88589E+03  1.97453E+03  2.51777E+03  0.00000E+00  8.69269E-04  1.70872E-04
       2       5       3  1.85970E-03  1.76458E-03  1.85970E-05  1.83981E+00  7.65137E-01  8.42116E-01  1.27398E+01 -5.28668E+01  5.94867E+00  5.40129E+04  4.08542E+04  2.44812E+04  7.29192E+03 -2.21265E+02  6.03462E+02  0.00000E+00  1.32335E-03  4.41234E-04
       2       5       4  3.17903E-03  1.75963E-03  3.17903E-05  2.95320E+00  1.21227E+00  1.34043E+00  6.18656E+01 -1.55846E+02 -2.67673E+00  7.55218E+04  8.57666E+04  6.30128E+04 -6.72733E+03  3.70818E+03  1.89741E+03  0.00000E+00  1.67085E-03  8.87835E-05
       2       5       5  3.51237E-03  3.32957E-03  3.51237E-05  4.45536E+00  1.83295E+00  2.08728E+00  4.35529E+01 -1.05409E+02  1.56131E+01  5.38763E+04  4.33375E+04  3.24717E+04  6.10038E+03 -2.95503E+03  6.57523E+03  0.00000E+00  3.04932E-03  2.80253E-04
       2       5       6  4.24662E-03  4.27943E-03  4.24662E-05  6.24098E+00  2.57104E+00  2.89118E+00  3.00894E+01 -6.83155E+01 -4.55223E+00  3.43053E+04  2.14383E+04  1.55296E+04  6.35539E+03  2.34574E+03  1.88021E+03  0.00000E+00  3.47296E-03  8.06461E-04
       2       5       7  5.24842E-03  2.89060E-03  5.24842E-05  1.02205E+01  4.22150E+00  4.61044E+00  7.98570E+01 -1.91386E+02  1.43106E+00  6.14318E+04  6.08102E+04  4.24619E+04  6.52054E+02  2.90540E+03  8.13278E+03  0.00000E+00  2.42135E-03  4.69251E-04
       2       5       8  5.55464E-03  5.34397E-03  5.55464E-05  1.54382E+01  6.40771E+00  6.97341E+00  4.89347E+01 -1.23241E+02 -3.15202E+00  3.83529E+04  2.85540E+04  2.01205E+04  5.42529E+03  2.12087E+03  5.51184E+03  0.00000E+00  4.33289E-03  1.01109E-03
       2       5       9  8.56696E-03  7.45301E-03  8.56696E-05  2.14806E+01  8.89613E+00  9.62733E+00  2.40309E+01 -6.08958E+01 -1.95188E+00  1.27974E+04  9.38601E+03  6.50149E+03  1.64141E+03  9.02128E+02  1.97769E+03  0.00000E+00  5.10206E-03  2.35095E-03
       2       5      10  9.97331E-03  5.64436E-03  9.97331E-05  5.64578E+01  2.31733E+01  2.61480E+01  7.66718E+01 -1.68222E+02  6.36868E+00  2.67854E+04  4.45981E+04  1.46037E+04 -9.02121E+03  5.79595E+02  3.30096E+03  0.00000E+00  4.67702E-03  9.67339E-04
       2       6       1  4.01492E-03  3.85936E-03  4.01492E-05  5.33495E-01  2.19888E-01  7.24079E-02  4.04371E+01 -1.10999E+02  6.81954E-01  5.49174E+04  4.44423E+04  4.36688E+04  5.00229E+03  8.07216E+01  1.58823E+03  4.79274E-05  2.58218E-03  1.22925E-03
       2       6       2  1.28206E-03  1.21407E-03  1.28206E-05  1.38457E+00  5.72405E-01  1.99932E-01 -6.18535E+00  2.50490E+01 -1.85102E+00  7.78936E+04  6.24631E+04  3.77486E+04  6.83072E+03 -8.86586E+02 -9.48820E+01  0.00000E+00  1.07218E-03  1.41889E-04
       2       6       3  2.07643E-03  2.03506E-03  2.07643E-05  2.04546E+00  8.49330E-01  2.83896E-01  1.29066E+01 -5.03358E+01  9.53120E+00  4.97364E+04  2.79458E+04  2.15774E+04  1.14050E+04 -3.27125E+03 -4.09042E+03  0.00000E+00  1.62183E-03  4.13234E-04
       2       6       4  3.67886E-03  2.66444E-03  3.67886E-05  3.14991E+00  1.30292E+00  4.55179E-01  2.16975E+01 -6.31532E+01 -3.47323E+00  6.53081E+04  1.12958E+05  5.16798E+04 -2.24067E+04  3.73457E+03  8.89684E+02  0.00000E+00  2.40057E-03  2.63865E-04
       2       6       5  4.24691E-03  4.29189E-03  4.24691E-05  4.80561E+00  1.99663E+00  6.75659E-01  1.34356E+01 -3.94291E+01  6.16502E+00  5.65606E+04  5.65744E+04  1.92700E+04 -3.40163E+02 -5.63876E+01  6.54933E+03  0.00000E+00  3.84962E-03  4.42268E-04
       2       6       6  5.53098E-03  5.53529E-03  5.53098E-05  6.45423E+00  2.67487E+00  9.47704E-01  1.41996E+01 -3.73280E+01  5.78751E-01  3.24832E+04  2.63614E+04  1.51332E+04  3.18966E+03  1.46723E+03  3.52948E+03  0.00000E+00  4.76688E-03  7.68406E-04
       2       6       7  7.93604E-03  5.53375E-03  7.93604E-05  1.09768E+01  4.54844E+00  1.65149E+00  1.08593E+02 -2.64554E+02 -1.52774E+00  4.94339E+04  9.21276E+04  2.38772E+04 -2.12889E+04  1.90265E+03  3.60838E+03  0.00000E+00  4.86953E-03  6.64217E-04
       2       6       8  8.03600E-03  9.58721E-03  8.03600E-05  1.65590E+01  6.83143E+00  2.42576E+00  7.08810E+01 -1.69943E+02  3.73710E+00  3.47029E+04  4.21141E+04  1.18452E+04 -3.88462E+03  4.55772E+02  2.46952E+03  0.00000E+00  8.27324E-03  1.31397E-03
       2       6       9  1.14674E-02  1.15516E-02  1.14674E-04  2.24595E+01  9.22380E+00  3.52442E+00  3.79776E+01 -9.24429E+01 -4.26478E+00  1.22935E+04  1.67503E+04  5.03710E+03 -2.26525E+03  7.43069E+02  7.84051E+02  0.00000E+00  8.02659E-03  3.52501E-03
       2       6      10  1.89280E-02  2.16153E-02  1.89280E-04  5.65078E+01  2.34236E+01  7.84744E+00  1.06224E+02 -2.58677E+02 -1.11659E+00  1.78633E+04  7.30532E+04  6.10019E+03 -2.76365E+04 -7.06855E+00  2.82140E+02  0.00000E+00  2.10448E-02  5.70414E-04
       3       1       1  4.18020E-04  4.29941E-04  4.18020E-06  7.87706E-02  6.12749E-02  5.44300E-01 -6.94607E+00  1.24056E+01 -2.43059E+00  5.60251E+04  4.33131E+04  1.18312E+05  9.18914E+03  1.07184E+04  1.78350E+04  7.17451E-05  0.00000E+00  3.58196E-04
       3       1       2  1.19388E-04  1.20334E-04  1.19388E-06  2.26364E-01  1.74548E-01  1.46878E+00  5.48108E+00  1.23434E+02 -7.56942E+00  3.88530E+04  6.06845E+04  1.16634E+05  9.16846E+03  4.92499E+03  2.46759E+04  5.30754E-05  0.00000E+00  6.72583E-05
       3       1       3  2.06174E-04  2.08007E-04  2.06174E-06  3.58161E-01  2.87521E-01  2.20177E+00  4.60165E+00  2.38489E+01 -1.45273E+00  3.58698E+04  3.19291E+04  5.93165E+04  1.58845E+04  7.45810E+03  1.16757E+04  3.70810E-05  0.00000E+00  1.70926E-04
       3       1       4  2.89807E-04  1.76069E-04  2.89807E-06  5.03984E-01  3.82941E-01  3.55692E+00 -5.52767E+00  3.30237E+01 -2.03084E+01  6.03477E+04  8.48406E+04  6.49473E+04  6.16088E+03 -9.09550E+03  5.39120E+03  1.35104E-04  0.00000E+00  4.09652E-05
       3       1       5  2.65170E-04  3.20524E-04  2.65170E-06  7.43122E-01  5.67674E-01  5.19243E+00  3.93004E-02  2.08850E+01 -2.73452E+01  2.30611E+04  3.27818E+04  5.15371E+04  2.35900E+03  2.29235E+02  4.86422E+03  2.40987E-04  0.00000E+00  7.95365E-05
       3       1       6  2.13164E-04  2.54752E-04  2.13164E-06  9.56648E-01  7.50410E-01  6.88997E+00 -9.16746E+00  5.69735E+00 -2.69033E+01  8.86177E+03  1.19825E+04  4.08989E+04 -7.17652E+02  2.28408E+03  5.35955E+03  1.06915E-04  0.00000E+00  1.47837E-04
       3       1       7  2.17271E-04  2.12526E-04  2.17271E-06  1.74298E+00  1.32670E+00  1.21539E+01 -8.65223E+00 -1.85047E+02  1.08285E+01  2.78603E+04  5.45933E+04  6.10367E+04  2.82064E+03 -3.65101E+03  6.25251E+03  1.38468E-04  0.00000E+00  7.40576E-05
       3       1       8  3.63664E-04  4.43946E-04  3.63664E-06  2.51602E+00  1.94148E+00  1.79504E+01  1.14500E+00 -1.14936E+02  1.65972E+01  1.32249E+04  2.27824E+04  3.78445E+04  3.80274E+02  7.22881E+01  3.43451E+03  2.75502E-04  0.00000E+00  1.68445E-04
       3       1       9  3.77770E-04  5.67057E-04  3.77770E-06  3.16850E+00  2.58783E+00  2.45127E+01 -9.62681E-01 -3.17733E+01 -7.93366E+00  2.51553E+03  4.84869E+03  1.18102E+04  3.18346E+02  7.97676E+02  1.38337E+03  1.08335E-04  0.00000E+00  4.58722E-04
       3       1      10  1.70413E-04  1.65875E-04  1.70413E-06  1.05852E+01  7.87883E+00  6.67071E+01 -7.87615E+00 -1.47346E+02  4.24261E+00  1.29308E+04  3.91090E+04  2.53982E+04  1.96129E+03 -2.77603E+03  3.73156E+03  9.01003E-05  0.00000E+00  7.57752E-05
       3       2       1  1.26207E-03  1.08529E-03  1.26207E-05  1.79289E-01  1.36824E-01  5.24309E-01  6.25828E+01 -7.17189E+01 -1.56637E+01  5.55104E+04  5.41907E+04  8.50123E+04 -2.09717E+02  4.10839E+03  1.29554E+04  1.16067E-04  3.27796E-04  6.41423E-04
       3       2       2  3.63864E-04  3.59201E-04  3.63864E-06  4.37450E-01  3.45385E-01  1.40190E+00 -1.83610E+00  9.97354E+01 -5.23021E+01  5.13677E+04  4.73169E+04  1.03533E+05  1.87148E+04  6.81883E+03  2.39154E+04  1.71188E-04  9.81258E-07  1.87032E-04
       3       2       3  6.26385E-04  5.18270E-04  6.26385E-06  6.64475E-01  4.94760E-01  2.06922E+00 -6.40098E+00  5.84708E+00 -6.16317E+00  2.64633E+04  1.74924E+04  5.73044E+04  1.60157E+04  1.20655E+04  1.79379E+04  5.16001E-05  9.33675E-08  4.66577E-04
       3       2       4  9.03339E-04  5.35814E-04  9.03339E-06  1.08978E+00  8.40961E-01  3.28318E+00  9.11167E+00  2.63081E+01 -1.14974E+01  6.36778E+04  7.09581E+04  9.05154E+04  1.45113E+04 -1.56992E+04  1.94529E+04  3.74717E-04  8.58981E-06  1.52508E-04
       3       2       5  8.42940E-04  1.01928E-03  8.42940E-06  1.62511E+00  1.23997E+00  4.86847E+00  3.97506E+00  2.20494E+01 -3.16991E+00  2.54703E+04  3.07184E+04  5.48239E+04  3.48209E+03 -2.01597E+03  1.03016E+04  7.46339E-04  1.10715E-06  2.71836E-04
       3       2       6  7.13060E-04  1.01908E-03  7.13060E-06  2.27486E+00  1.74043E+00  6.58419E+00  1.80428E+00  6.85586E+00  1.66182E-01  8.92082E+03  9.75024E+03  3.47828E+04  2.45980E+03  3.95840E+03  9.86613E+03  3.05618E-04  1.49052E-07  7.13314E-04
       3       2       7  7.03247E-04  5.70546E-04  7.03247E-06  3.65065E+00  2.92488E+00  1.13065E+01  9.59889E+00 -1.67866E+02  8.83665E+01  3.35142E+04  4.90360E+04  6.90570E+04  6.33869E+02 -1.07070E+04  1.57698E+04  3.52628E-04  1.77033E-05  2.00215E-04
       3       2       8  1.16019E-03  1.14748E-03  1.16019E-05  5.42824E+00  4.27142E+00  1.68282E+01  2.97531E+00 -1.06726E+02  5.30591E+01  1.50619E+04  2.24672E+04  4.12042E+04  2.08882E+03 -8.81151E+02  9.16517E+03  7.00951E-04  3.53281E-07  4.46175E-04
       3       2       9  1.28774E-03  1.40608E-03  1.28774E-05  7.41775E+00  5.69970E+00  2.29366E+01  7.97324E-01 -2.88152E+01  1.84077E+01  4.25699E+03  5.64750E+03  1.64584E+04  1.36818E+03  1.28213E+03  4.66511E+03  3.06711E-04  0.00000E+00  1.09937E-03
       3       2      10  5.85979E-04  7.54010E-04  5.85979E-06  2.32801E+01  1.72931E+01  6.84362E+01 -4.04630E-01 -3.77825E+01  1.69663E+01  7.52058E+03  1.28133E+04  4.13957E+04  3.97109E+03  6.59994E+03  1.37320E+04  1.09291E-04  0.00000E+00  6.44718E-04
       3       3       1  2.11472E-03  2.25552E-03  2.11472E-05  2.75170E-01  2.12232E-01  4.70453E-01  1.00847E+02 -1.36548E+02 -1.92515E+00  4.90117E+04  4.83324E+04  5.17442E+04 -3.54401E+03 -1.74900E+02  3.41219E+03  1.01867E-04  1.72716E-03  4.26492E-04
       3       3       2  6.21852E-04  6.32680E-04  6.21852E-06  7.15776E-01  5.60969E-01  1.19651E+00  8.21386E+01 -5.70141E+01 -2.87777E+01  5.75811E+04  4.75401E+04  7.03810E+04  1.41003E+04  5.12753E+03  1.44121E+04  8.45438E-05  3.88201E-04  1.59935E-04
       3       3       3  1.06108E-03  1.14630E-03  1.06108E-05  1.05416E+00  8.19185E-01  1.79412E+00  2.56871E+01 -3.62651E+01  2.81554E+00  2.07725E+04  1.57942E+04  3.56629E+04  1.20916E+04  6.68477E+03  1.07676E+04  5.66413E-05  7.76982E-04  3.12673E-04
       3       3       4  1.60577E-03  1.25147E-03  1.60577E-05  1.61545E+00  1.26194E+00  2.83576E+00  1.16297E+02 -1.35001E+02 -1.01182E+01  7.76038E+04  8.90967E+04  6.55975E+04 -2.61569E+04 -2.84499E+03  1.36196E+04  3.03211E-04  7.21040E-04  2.27222E-04
       3       3       5  1.56178E-03  1.99677E-03  1.56178E-05  2.58550E+00  2.02562E+00  4.12209E+00  5.58030E+01 -5.41060E+01 -6.80163E+00  3.91327E+04  3.48275E+04  4.25038E+04  1.54645E+03  1.89174E+03  1.15878E+04  6.30487E-04  9.82268E-04  3.84020E-04
       3       3       6  1.46067E-03  1.78521E-03  1.46067E-05  3.19062E+00  2.47596E+00  5.60132E+00  4.38138E+01 -5.40733E+01 -4.60952E+00  1.76238E+04  1.87449E+04  2.60366E+04 -3.49862E+03  5.42736E+03  1.03104E+04  2.55770E-04  8.25797E-04  7.03644E-04
       3       3       7  1.40931E-03  1.40124E-03  1.40931E-05  5.72756E+00  4.55074E+00  9.87145E+00  1.15940E+02 -1.77249E+02  3.19153E+01  4.85190E+04  5.25126E+04  5.33395E+04 -1.61234E+04  3.83602E+03  1.43223E+04  2.45369E-04  8.16089E-04  3.39778E-04
       3       3       8  2.15786E-03  2.85781E-03  2.15786E-05  8.59302E+00  6.80890E+00  1.44823E+01  7.14576E+01 -1.09879E+02  2.21603E+01  2.48951E+04  2.51017E+04  3.24837E+04 -3.65657E+03  4.49401E+03  9.74330E+03  4.70290E-04  1.51903E-03  8.68495E-04
       3       3       9  2.73111E-03  3.19642E-03  2.73111E-05  1.18500E+01  9.32976E+00  1.95484E+01  2.91258E+01 -4.08495E+01  8.58630E+00  9.14103E+03  8.29789E+03  1.39021E+04  1.29679E+02  3.24499E+03  5.35006E+03  2.10931E-04  9.13013E-04  2.07247E-03
       3       3      10  1.40242E-03  1.70051E-03  1.40242E-05  3.66574E+01  2.81421E+01  6.05008E+01  1.41961E+01 -1.87760E+01 -2.39591E+00  1.39757E+04  8.84513E+03  3.46408E+04  8.93610E+03  1.11369E+04  1.45560E+04  0.00000E+00  5.36281E-04  1.16423E-03
       3       4       1  2.93166E-03  3.28070E-03  2.93166E-05  3.88589E-01  3.01478E-01  3.47537E-01  9.05372E+01 -1.23778E+02 -4.13624E+00  5.76598E+04  6.02189E+04  4.06350E+04 -9.89341E+03  4.25508E+03  5.98346E+03  8.07025E-05  2.37267E-03  8.27327E-04
       3       4       2  8.87304E-04  9.20605E-04  8.87304E-06  9.66218E-01  7.57718E-01  8.64946E-01  1.63147E+01 -8.37971E+00 -2.28963E+01  6.72035E+04  6.10215E+04  4.17028E+04  1.69313E+03  2.74415E+03  7.56583E+03  7.34190E-05  6.53727E-04  1.93459E-04
       3       4       3  1.48983E-03  1.55416E-03  1.48983E-05  1.41482E+00  1.09586E+00  1.27359E+00  1.45119E+01 -1.89590E+01 -4.56326E+00  3.01774E+04  2.87399E+04  2.17972E+04 -1.99718E+03  4.73672E+03  7.34608E+03  3.14319E-05  9.04895E-04  6.17834E-04
       3       4       4  2.39740E-03  1.68912E-03  2.39740E-05  2.19500E+00  1.71310E+00  2.02745E+00  1.03771E+02 -1.42140E+02 -7.62151E+00  8.38947E+04  1.01399E+05  5.65955E+04 -3.45302E+04 -7.10006E+03  6.07494E+03  2.85678E-04  1.24426E-03  1.59180E-04
       3       4       5  2.47780E-03  3.26775E-03  2.47780E-05  3.32677E+00  2.59595E+00  3.04175E+00  6.60856E+01 -8.24962E+01 -3.16495E+00  4.73806E+04  4.88256E+04  3.64343E+04  1.89035E+03  1.45992E+03  7.71502E+03  5.46261E-04  2.38137E-03  3.40117E-04
       3       4       6  2.64428E-03  3.21651E-03  2.64428E-05  4.74367E+00  3.70197E+00  4.11077E+00  3.46155E+01 -4.77240E+01 -6.98096E+00  2.59390E+04  2.12148E+04  1.64300E+04  4.00277E+03  4.67498E+03  6.80308E+03  2.21048E-04  2.13353E-03  8.61936E-04
       3       4       7  2.73699E-03  2.61177E-03  2.73699E-05  7.77566E+00  6.04663E+00  6.95546E+00  1.39907E+02 -1.92557E+02  2.14067E+01  5.56288E+04  6.58206E+04  4.13978E+04 -1.80596E+04  5.23682E+03  9.61958E+03  2.03756E-04  1.99375E-03  4.14262E-04
       3       4       8  3.49978E-03  4.75922E-03  3.49978E-05  1.16134E+01  9.11042E+00  1.03543E+01  8.69973E+01 -1.18368E+02  1.88955E+01  3.09673E+04  3.11102E+04  2.39002E+04 -9.39634E+02  3.33114E+03  5.94249E+03  4.07871E-04  3.52376E-03  8.27588E-04
       3       4       9  5.14822E-03  5.87626E-03  5.14822E-05  1.58420E+01  1.25948E+01  1.42250E+01  4.41143E+01 -6.38953E+01  5.39439E+00  1.11204E+04  1.13512E+04  8.13806E+03 -2.48302E+02  1.49748E+03  2.41865E+03  1.54252E-04  3.95405E-03  1.76796E-03
       3       4      10  3.70289E-03  4.70453E-03  3.70289E-05  4.39376E+01  3.37737E+01  3.73206E+01  1.21135E+02 -1.52604E+02 -2.12415E-01  3.32633E+04  4.08285E+04  1.03347E+04 -1.75382E+04  2.33997E+03  3.08312E+03  0.00000E+00  3.93322E-03  7.71309E-04
       3       5       1  3.60748E-03  3.44820E-03  3.60748E-05  4.26077E-01  3.29180E-01  2.29744E-01  8.22877E+01 -1.20748E+02 -4.49766E+00  5.03839E+04  5.45230E+04  4.62195E+04 -6.61991E+03  1.68226E+03  3.21599E+03  7.01181E-05  2.46281E-03  9.15272E-04
       3       5       2  1.12601E-03  1.23271E-03  1.12601E-05  1.09536E+00  8.59612E-01  5.92724E-01  1.46819E+01 -2.54988E+01 -2.47011E+01  7.92829E+04  6.90501E+04  4.34695E+04  2.19197E+04 -1.09753E+03 -6.32218E+01  7.10287E-05  9.11124E-04  2.50558E-04
       3       5       3  1.85394E-03  1.88920E-03  1.85394E-05  1.59058E+00  1.22327E+00  8.54162E-01  3.25225E+01 -3.33401E+01 -8.39158E+00  4.48454E+04  4.16739E+04  2.52601E+04  1.16124E+04  1.51668E+03  9.07321E+02  1.60964E-05  1.28920E-03  5.83903E-04
       3       5       4  3.16118E-03  2.06998E-03  3.16118E-05  2.49980E+00  1.95178E+00  1.33989E+00  8.70977E+01 -1.14124E+02 -1.09434E+01  7.14731E+04  7.27585E+04  8.07234E+04 -7.31105E+03 -2.79307E+03 -9.11877E+02  2.71584E-04  1.67526E-03  1.23140E-04
       3       5       5  3.48673E-03  3.78621E-03  3.48673E-05  3.83539E+00  2.97984E+00  2.09895E+00  6.02828E+01 -7.32778E+01 -3.58049E+00  4.45337E+04  4.22621E+04  3.86767E+04  7.75017E+03 -1.46864E+03  3.65871E+03  4.97445E-04  2.97045E-03  3.18316E-04
       3       5       6  4.21327E-03  4.29811E-03  4.21327E-05  5.32069E+00  4.08484E+00  2.79570E+00  4.27771E+01 -5.36694E+01 -2.87220E+00  3.22132E+04  2.47748E+04  1.79331E+04  1.04512E+04  1.91094E+03  3.16135E+03  2.05578E-04  3.21276E-03  8.79778E-04
       3       5       7  5.18075E-03  3.19067E-03  5.18075E-05  8.69854E+00  6.82383E+00  4.57608E+00  1.12610E+02 -1.50143E+02  2.72116E+01  6.06214E+04  5.83187E+04  4.59534E+04  4.92855E+03  3.34525E+03  7.57326E+03  1.89766E-04  2.34315E-03  6.57750E-04
       3       5       8  5.50060E-03  6.12063E-03  5.50060E-05  1.31893E+01  1.03222E+01  6.86001E+00  7.01250E+01 -9.33832E+01  1.68255E+01  3.51775E+04  3.05442E+04  2.17549E+04  9.53095E+03  3.19000E+03  5.70081E+03  3.44018E-04  4.19174E-03  1.58487E-03
       3       5       9  8.49527E-03  9.57857E-03  8.49527E-05  1.87054E+01  1.44709E+01  9.24240E+00  2.91420E+01 -3.98308E+01  2.42002E+00  1.13211E+04  9.83521E+03  6.33605E+03  3.81562E+03  1.68263E+03  2.21753E+03  1.52100E-04  4.78640E-03  4.64007E-03
       3       5      10  9.75714E-03  6.17964E-03  9.75714E-05  4.90923E+01  3.78808E+01  2.62535E+01  1.03770E+02 -1.34334E+02  1.26593E-01  3.21373E+04  3.68845E+04  1.42535E+04 -8.52637E+03  2.35938E+03  3.19696E+03  0.00000E+00  5.13863E-03  1.04101E-03
       3       6       1  3.99927E-03  4.49407E-03  3.99927E-05  4.63209E-01  3.60999E-01  7.72064E-02  6.03721E+01 -8.56134E+01 -9.10088E-01  5.14770E+04  4.49202E+04  3.97766E+04  1.05781E+04  1.25706E+03  2.04893E+03  6.91301E-05  2.72457E-03  1.70037E-03
       3       6       2  1.27411E-03  1.37296E-03  1.27411E-05  1.17634E+00  9.23070E-01  2.02481E-01 -8.37050E+00  1.31276E+01 -1.90340E+01  7.57004E+04  6.68838E+04  4.11076E+04  1.71828E+04 -3.77974E+02 -1.83703E+03  4.60044E-05  1.14710E-03  1.79853E-04
       3       6       3  2.06889E-03  2.36698E-03  2.06889E-05  1.75186E+00  1.34649E+00  2.86649E-01  3.14738E+01 -3.57557E+01 -6.15872E+00  4.79430E+04  3.63730E+04  2.10947E+04  2.10700E+04 -2.83614E+03 -3.37325E+03  4.01246E-05  1.71483E-03  6.12022E-04
       3       6       4  3.65441E-03  3.11680E-03  3.65441E-05  2.69752E+00  2.08967E+00  4.47008E-01  3.83420E+01 -4.69088E+01 -4.66075E+00  7.89088E+04  9.11979E+04  6.27423E+04 -1.99652E+04 -7.36331E+02  6.81342E+02  2.68146E-04  2.50404E-03  3.44619E-04
       3       6       5  4.20865E-03  4.80254E-03  4.20865E-05  4.09494E+00  3.20161E+00  6.77359E-01  1.75613E+01 -3.04732E+01 -3.36543E+00  5.51658E+04  5.42423E+04  2.62939E+04  4.38554E+03  3.40247E+03  5.88711E+03  4.72005E-04  3.76980E-03  5.60736E-04
       3       6       6  5.47854E-03  6.53931E-03  5.47854E-05  5.60232E+00  4.32983E+00  9.37908E-01  2.39020E+01 -2.81740E+01 -4.51776E+00  3.09269E+04  2.84061E+04  1.59754E+04  7.87612E+03  3.65802E+03  3.55049E+03  1.99391E-04  5.29736E-03  1.04256E-03
       3       6       7  7.80371E-03  6.06816E-03  7.80371E-05  9.36309E+00  7.27820E+00  1.67961E+00  1.57195E+02 -2.06908E+02  1.09950E+01  6.22184E+04  7.59941E+04  2.71100E+04 -2.15936E+04  3.63652E+03  4.87885E+03  1.83309E-04  4.82553E-03  1.05932E-03
       3       6       8  7.89706E-03  1.05397E-02  7.89706E-05  1.41241E+01  1.09972E+01  2.51643E+00  1.01660E+02 -1.32716E+02  8.88471E+00  3.63665E+04  3.83041E+04  1.31719E+04 -2.30580E+03  1.61312E+03  2.52094E+03  3.21060E-04  8.24160E-03  1.97701E-03
       3       6       9  1.13450E-02  1.35023E-02  1.13450E-04  1.92603E+01  1.51053E+01  3.85609E+00  5.26545E+01 -6.72205E+01  3.35243E+00  1.26369E+04  1.37968E+04  4.90968E+03 -1.74517E+03  8.93777E+02  1.11494E+03  1.44925E-04  8.00967E-03  5.34772E-03
       3       6      10  1.83866E-02  2.12743E-02  1.83866E-04  4.83382E+01  3.70994E+01  7.96265E+00  1.72880E+02 -2.24592E+02  1.58702E+00  3.54862E+04  5.60875E+04  5.90209E+03 -3.88117E+04 -5.55602E+01  3.13206E+02  0.00000E+00  2.05954E-02  6.78897E-04
       4       1       1  4.17963E-04  3.83946E-04  4.17963E-06  6.00303E-02  7.73631E-02  5.45871E-01 -2.30900E+00  2.61555E+01 -2.69310E+00  5.57720E+04  6.52247E+04  1.45282E+05  9.22627E+03  1.44476E+04  1.66913E+04  5.30718E-05  0.00000E+00  3.30874E-04
       4       1       2  1.19368E-04  1.38879E-04  1.19368E-06  1.71437E-01  2.21866E-01  1.48162E+00  2.93259E+00  9.23461E+01 -9.74689E+00  4.62880E+04  6.40056E+04  1.29417E+05  1.06505E+04  1.46737E+04  1.39944E+04  4.93913E-05  0.00000E+00  8.94877E-05
       4       1       3  2.06148E-04  2.75567E-04  2.06148E-06  2.86034E-01  3.71184E-01  2.21614E+00  5.87230E+00  6.52150E+00 -6.05369E-01  2.77577E+04  2.92557E+04  5.86952E+04  1.05216E+04  8.27942E+03  8.24670E+03  2.18705E-05  0.00000E+00  2.53697E-04
       4       1       4  2.89748E-04  1.53223E-04  2.89748E-06  3.60798E-01  4.66256E-01  3.53338E+00  3.04824E+00  3.40620E+01 -1.92602E+01  5.53216E+04  7.50138E+04  8.95315E+04  6.88540E+03  1.09603E+03  9.45481E+03  1.05883E-04  0.00000E+00  4.73401E-05
       4       1       5  2.65118E-04  2.69766E-04  2.65118E-06  5.43442E-01  6.99984E-01  5.19726E+00 -8.84175E-01  2.06623E+01 -1.40019E+01  2.35387E+04  3.04835E+04  5.99447E+04  1.67024E+03  3.58713E+03  4.83666E+03  1.92859E-04  0.00000E+00  7.69074E-05
       4       1       6  2.13116E-04  2.13263E-04  2.13116E-06  6.91590E-01  9.09519E-01  6.92584E+00 -4.20095E+00  5.45079E+00 -1.95038E+01  8.64555E+03  1.19386E+04  5.10565E+04  1.69715E+02  4.94529E+03  4.70601E+03  8.80068E-05  0.00000E+00  1.25257E-04
       4       1       7  2.17237E-04  1.98420E-04  2.17237E-06  1.27485E+00  1.64730E+00  1.22293E+01 -6.37093E+00 -1.58346E+02  2.46123E+01  2.68410E+04  4.48909E+04  7.07358E+04  1.49883E+03  1.20290E+03  6.09222E+03  1.12640E-04  0.00000E+00  8.57802E-05
       4       1       8  3.63610E-04  3.85093E-04  3.63610E-06  1.78580E+00  2.29163E+00  1.77721E+01  3.52730E+00 -8.77127E+01  1.98796E+01  1.11514E+04  1.78783E+04  4.70622E+04  7.86904E+01  3.36274E+03  4.27124E+03  1.82233E-04  0.00000E+00  2.02861E-04
       4       1       9  3.77672E-04  5.10797E-04  3.77672E-06  2.50375E+00  3.20080E+00  2.43883E+01  1.63767E+00 -2.95225E+01  1.65827E+01  3.11418E+03  4.85222E+03  1.34060E+04  2.82924E+02  9.06606E+02  1.39851E+03  1.05824E-04  0.00000E+00  4.04973E-04
       4       1      10  1.70372E-04  1.58605E-04  1.70372E-06  8.17909E+00  1.11843E+01  6.97623E+01 -4.28811E+00 -1.08745E+02  8.43329E+00  1.19811E+04  2.82581E+04  2.86305E+04  1.35542E+03  3.92362E+02  3.27521E+03  6.58402E-05  0.00000E+00  9.27646E-05
       4       2       1  1.26123E-03  1.06872E-03  1.26123E-05  1.37278E-01  1.81197E-01  5.14047E-01  8.48216E+01 -6.54649E+01  8.47312E-01  5.82244E+04  5.74944E+04  7.96718E+04  3.35747E+03  3.96781E+03  9.80698E+03  7.99318E-05  3.76048E-04  6.12738E-04
       4       2       2  3.63562E-04  2.65112E-04  3.63562E-06  3.47661E-01  4.55988E-01  1.39119E+00  5.45746E+00  9.76233E+01 -4.96319E+01  3.61926E+04  6.32079E+04  1.15451E+05  2.31642E+04  1.91163E+04  2.39464E+04  1.07018E-04  1.04336E-06  1.57051E-04
       4       2       3  6.26001E-04  4.23906E-04  6.26001E-06  5.06929E-01  6.65365E-01  2.08893E+00 -6.24960E-01  1.78876E+01 -5.79259E+00  2.75822E+04  3.37230E+04  7.13167E+04  2.61013E+04  2.19325E+04  1.64463E+04  3.81896E-05  1.24210E-08  3.85704E-04
       4       2       4  9.02428E-04  3.55817E-04  9.02428E-06  8.50090E-01  1.11259E+00  3.21596E+00  1.64162E+01  4.61702E+00 -1.68998E+01  4.88408E+04  8.64462E+04  1.02470E+05  1.78219E+04  2.07074E+03  2.15797E+04  1.86327E-04  2.33043E-05  1.46186E-04
       4       2       5  8.42075E-04  6.16351E-04  8.42075E-06  1.25948E+00  1.64192E+00  4.84346E+00  3.08732E+00  2.19522E+01  5.04754E+00  1.62841E+04  3.48785E+04  6.36467E+04  2.93784E+03  5.97019E+03  1.18065E+04  3.71279E-04  1.46136E-06  2.43611E-04
       4       2       6  7.12206E-04  8.14494E-04  7.12206E-06  1.81565E+00  2.33854E+00  6.64614E+00  2.74765E+00  9.39840E+00  7.85808E+00  5.27019E+03  1.01711E+04  3.77915E+04  3.34233E+03  8.31522E+03  8.32770E+03  1.61919E-04  6.95575E-07  6.51879E-04
       4       2       7  7.02581E-04  5.02629E-04  7.02581E-06  3.01534E+00  3.86140E+00  1.10921E+01  5.45197E+01 -1.52020E+02  7.50506E+01  3.49358E+04  4.76988E+04  7.27785E+04 -6.67757E+03 -1.33047E+03  1.35238E+04  2.26715E-04  7.41243E-05  2.01790E-04
       4       2       8  1.15934E-03  8.57495E-04  1.15934E-05  4.36841E+00  5.52022E+00  1.66796E+01 -1.49862E+00 -9.41366E+01  4.42138E+01  1.00840E+04  2.29436E+04  4.60198E+04  3.06513E+03  3.98051E+03  7.96789E+03  4.30112E-04  2.29633E-06  4.25086E-04
       4       2       9  1.28601E-03  1.07178E-03  1.28601E-05  6.01802E+00  7.51721E+00  2.29099E+01  3.18606E+00 -2.35944E+01  1.35863E+01  2.57402E+03  5.85259E+03  1.58912E+04  9.41850E+02  2.32916E+03  3.58497E+03  1.94429E-04  0.00000E+00  8.77347E-04
       4       2      10  5.85032E-04  5.55435E-04  5.85032E-06  1.67098E+01  2.09419E+01  6.44501E+01 -4.15161E+00 -9.96135E+01  4.49947E+01  9.73254E+03  2.76949E+04  3.57573E+04  3.13243E+03 -1.64564E+03  7.32354E+03  2.17737E-04  0.00000E+00  3.37697E-04
       4       3       1  2.11130E-03  2.24038E-03  2.11130E-05  2.08346E-01  2.71156E-01  4.61253E-01  1.28136E+02 -9.82711E+01 -7.15122E+00  4.99246E+04  4.63887E+04  5.12100E+04 -6.85313E+02 -8.16124E+01  2.74418E+03  7.65021E-05  1.68133E-03  4.82546E-04
       4       3       2  6.20514E-04  6.78623E-04  6.20514E-06  5.41146E-01  6.98184E-01  1.22737E+00  9.19487E+01 -3.28117E+01 -3.76786E+01  4.68126E+04  5.29885E+04  7.36899E+04  1.32465E+04  2.61867E+03  7.84809E+03  1.12166E-04  4.54720E-04  1.11737E-04
       4       3       3  1.05950E-03  1.08263E-03  1.05950E-05  8.25173E-01  1.07983E+00  1.82925E+00  4.08538E+01 -1.36200E+01 -3.85291E-01  1.58468E+04  2.49224E+04  3.47266E+04  1.52435E+04  1.15062E+04  8.55075E+03  6.06480E-05  7.58496E-04  2.63484E-04
       4       3       4  1.60168E-03  1.13635E-03  1.60168E-05  1.24667E+00  1.60561E+00  2.84065E+00  1.58347E+02 -1.02604E+02 -2.15289E+00  9.23316E+04  7.71674E+04  6.72239E+04 -2.44011E+04  4.94119E+03  1.39729E+04  2.10048E-04  6.91306E-04  2.34993E-04
       4       3       5  1.55740E-03  1.79801E-03  1.55740E-05  2.00519E+00  2.58561E+00  4.11910E+00  7.72909E+01 -4.77114E+01 -1.21074E+01  3.68114E+04  3.80878E+04  4.37474E+04  2.07165E+03  7.44209E+03  1.01828E+04  4.08407E-04  9.95132E-04  3.94471E-04
       4       3       6  1.45595E-03  1.71378E-03  1.45595E-05  2.48191E+00  3.20364E+00  5.65532E+00  5.89446E+01 -3.92777E+01 -4.35111E+00  1.91637E+04  1.74293E+04  2.66652E+04 -2.67154E+03  9.22134E+03  8.73725E+03  1.62263E-04  8.11801E-04  7.39721E-04
       4       3       7  1.40466E-03  1.36673E-03  1.40466E-05  4.48416E+00  5.77492E+00  9.84615E+00  1.50057E+02 -1.37517E+02  5.13932E+01  5.30328E+04  4.63976E+04  5.30834E+04 -1.35393E+04  4.28773E+03  1.02344E+04  2.63305E-04  7.84521E-04  3.18904E-04
       4       3       8  2.15367E-03  2.69176E-03  2.15367E-05  6.64330E+00  8.55794E+00  1.45423E+01  1.00430E+02 -9.16442E+01  3.26584E+01  2.64966E+04  2.41134E+04  3.04375E+04 -4.38367E+03  4.06152E+03  6.03186E+03  5.39165E-04  1.48624E-03  6.66352E-04
       4       3       9  2.72137E-03  2.79165E-03  2.72137E-05  9.20603E+00  1.16421E+01  1.95392E+01  4.35580E+01 -3.54538E+01  1.00473E+01  9.26860E+03  8.58947E+03  1.28098E+04 -5.54615E+02  3.28632E+03  3.61786E+03  1.95506E-04  9.36055E-04  1.66009E-03
       4       3      10  1.39401E-03  1.44025E-03  1.39401E-05  2.64176E+01  3.45765E+01  5.84017E+01  2.02441E+01 -5.35766E+01  3.69456E+01  1.08007E+04  1.95391E+04  3.55182E+04  6.94910E+03  2.81673E+03  7.82775E+03  2.79293E-04  4.62799E-04  6.98160E-04
       4       4       1  2.92350E-03  3.14622E-03  2.92350E-05  2.96779E-01  3.83262E-01  3.44430E-01  1.26052E+02 -1.01462E+02 -3.69892E+00  6.31305E+04  5.45324E+04  3.95696E+04 -1.10849E+04  4.02169E+03  4.43120E+03  6.59498E-05  2.39228E-03  6.87987E-04
       4       4       2  8.83764E-04  9.97251E-04  8.83764E-06  7.57043E-01  9.78341E-01  8.63261E-01  2.49795E+01  9.25836E+00 -3.11186E+01  6.47323E+04  6.38612E+04  4.57220E+04  2.41712E+03  1.38694E+03  5.92339E+03  1.25807E-04  7.16103E-04  1.55341E-04
       4       4       3  1.48599E-03  1.37764E-03  1.48599E-05  1.08742E+00  1.39347E+00  1.27312E+00  2.41515E+01 -2.18753E+01 -6.78197E+00  3.49978E+04  3.45773E+04  2.36515E+04 -4.57803E+03  7.95730E+03  4.83043E+03  4.40150E-05  9.18925E-04  4.14701E-04
       4       4       4  2.38650E-03  1.60109E-03  2.38650E-05  1.69676E+00  2.19432E+00  2.01533E+00  1.44962E+02 -1.11905E+02 -1.02558E+01  1.05839E+05  8.88426E+04  5.22478E+04 -3.38080E+04 -3.27482E+03  4.03087E+03  2.13829E-04  1.20519E-03  1.82075E-04
       4       4       5  2.46428E-03  3.58694E-03  2.46428E-05  2.60569E+00  3.38871E+00  3.01549E+00  9.00378E+01 -6.46588E+01 -4.47931E+00  4.59214E+04  4.87102E+04  3.37125E+04  7.18382E+02  3.55559E+03  4.47023E+03  4.00844E-04  2.88292E-03  3.03175E-04
       4       4       6  2.62814E-03  2.53051E-03  2.62814E-05  3.56446E+00  4.64868E+00  3.98679E+00  5.69666E+01 -4.00919E+01  3.20280E+00  2.81339E+04  2.88367E+04  2.11637E+04  6.86649E+03  7.17052E+03  6.95727E+03  1.62950E-04  1.76783E-03  5.99730E-04
       4       4       7  2.71422E-03  2.74028E-03  2.71422E-05  6.05462E+00  7.81361E+00  7.01984E+00  1.78523E+02 -1.55426E+02  3.62123E+01  6.53868E+04  5.57692E+04  4.04087E+04 -1.79448E+04  3.77506E+03  7.67990E+03  2.91285E-04  2.03601E-03  4.12984E-04
       4       4       8  3.48412E-03  4.97091E-03  3.48412E-05  9.09540E+00  1.17203E+01  1.04333E+01  1.06857E+02 -1.02101E+02  1.21766E+01  3.05838E+04  3.10942E+04  2.26243E+04 -1.07340E+03  3.41501E+03  3.81823E+03  4.80693E-04  3.68625E-03  8.03962E-04
       4       4       9  5.11439E-03  6.32623E-03  5.11439E-05  1.24551E+01  1.61933E+01  1.43137E+01  5.28435E+01 -4.63020E+01  1.94529E+00  1.01821E+04  1.06130E+04  7.51728E+03  1.86053E+02  1.31691E+03  1.40183E+03  2.43216E-04  4.03330E-03  2.04971E-03
       4       4      10  3.64934E-03  4.81560E-03  3.64934E-05  3.31722E+01  4.31421E+01  3.70287E+01  1.57950E+02 -1.26900E+02  1.27025E+01  4.23897E+04  3.17300E+04  1.27227E+04 -1.79189E+04  3.07787E+00  1.33608E+03  2.65111E-04  4.20420E-03  3.46299E-04
       4       5       1  3.59360E-03  3.39914E-03  3.59360E-05  3.28435E-01  4.23193E-01  2.28305E-01  1.17769E+02 -9.42280E+01 -4.83667E+00  5.87156E+04  5.04971E+04  4.69535E+04 -5.04224E+03  9.05162E+02  1.45098E+03  6.10004E-05  2.53668E-03  8.01455E-04
       4       5       2  1.11939E-03  1.07329E-03  1.11939E-05  8.52543E-01  1.09417E+00  5.92015E-01  2.10242E+01 -1.17916E+01 -3.59613E+01  6.68529E+04  7.19279E+04  5.15431E+04  1.38835E+04  5.04875E+02  1.48091E+03  1.26829E-04  7.89093E-04  1.57371E-04
       4       5       3  1.84732E-03  1.87967E-03  1.84732E-05  1.24673E+00  1.59143E+00  8.53970E-01  4.32829E+01 -2.35809E+01 -7.26363E+00  3.98245E+04  4.46037E+04  2.52163E+04  9.72605E+03  3.27969E+03  1.11987E+03  3.60763E-05  1.40589E-03  4.37706E-04
       4       5       4  3.14074E-03  1.95680E-03  3.14074E-05  1.94066E+00  2.53010E+00  1.31313E+00  1.18753E+02 -9.11771E+01 -6.54764E+00  7.78195E+04  7.38105E+04  7.54529E+04 -8.26401E+03 -3.15636E+03  2.08443E+03  2.14173E-04  1.61061E-03  1.32020E-04
       4       5       5  3.45759E-03  3.49387E-03  3.45759E-05  2.95271E+00  3.84182E+00  2.10771E+00  7.67265E+01 -6.01309E+01 -9.03823E+00  4.11693E+04  4.96608E+04  3.76417E+04  7.87173E+03 -7.61534E-01  6.96740E+02  3.79530E-04  2.82696E-03  2.87377E-04
       4       5       6  4.17523E-03  4.08041E-03  4.17523E-05  4.06846E+00  5.33539E+00  2.79222E+00  5.95621E+01 -3.93313E+01  1.72366E+00  2.68552E+04  2.89039E+04  1.60226E+04  1.03955E+04  1.61708E+03  2.67495E+03  1.58481E-04  3.26305E-03  6.58879E-04
       4       5       7  5.10416E-03  3.05304E-03  5.10416E-05  6.71837E+00  8.74974E+00  4.58965E+00  1.46285E+02 -1.21583E+02  3.26438E+01  5.64467E+04  5.89547E+04  4.87480E+04  2.28883E+03  3.62233E+03  5.01668E+03  2.82317E-04  2.25842E-03  5.12305E-04
       4       5       8  5.44005E-03  5.76301E-03  5.44005E-05  1.01589E+01  1.32494E+01  6.92692E+00  9.55931E+01 -7.33442E+01  2.66441E+01  2.96095E+04  3.31489E+04  2.41975E+04  7.34650E+03  3.40312E+03  4.43864E+03  5.12978E-04  4.05370E-03  1.19634E-03
       4       5       9  8.41349E-03  8.23483E-03  8.41349E-05  1.41023E+01  1.84905E+01  9.47609E+00  4.75532E+01 -3.45789E+01  5.01554E+00  1.01702E+04  1.13052E+04  7.45414E+03  2.74485E+03  1.84200E+03  1.49795E+03  2.10213E-04  4.70302E-03  3.32160E-03
       4       5      10  9.51494E-03  5.97643E-03  9.51494E-05  3.75438E+01  4.87984E+01  2.57980E+01  1.33577E+02 -1.03937E+02  1.34399E+01  3.63985E+04  3.12146E+04  1.70887E+04 -9.21822E+03  3.43670E+02  1.49003E+03  2.62818E-04  4.63642E-03  1.07719E-03
       4       6       1  3.98132E-03  3.91240E-03  3.98132E-05  3.56498E-01  4.56311E-01  7.47869E-02  9.42745E+01 -7.68994E+01 -7.80598E+00  5.20603E+04  5.21324E+04  4.44950E+04  9.82146E+03  8.42847E+01 -5.20800E+02  6.24465E-05  2.90789E-03  9.42065E-04
       4       6       2  1.26505E-03  1.30768E-03  1.26505E-05  9.11677E-01  1.18175E+00  1.98072E-01 -1.73152E+01  1.45057E+01 -2.78446E+01  6.33348E+04  6.83460E+04  4.61340E+04  1.02821E+04 -3.15585E+03 -7.62218E+02  1.05820E-04  1.06704E-03  1.34819E-04
       4       6       3  2.06025E-03  2.29924E-03  2.06025E-05  1.35739E+00  1.75344E+00  2.89550E-01  4.01741E+01 -3.42656E+01 -1.25069E+01  3.16176E+04  3.89309E+04  2.13889E+04  1.26513E+04  1.73628E+02 -2.23412E+03  6.09209E-05  1.83979E-03  3.98530E-04
       4       6       4  3.62648E-03  2.97064E-03  3.62648E-05  2.09612E+00  2.71957E+00  4.63613E-01  5.50657E+01 -3.85849E+01 -6.85936E+00  8.99516E+04  7.51903E+04  5.93451E+04 -2.94336E+04  3.31420E+02  1.11484E+03  2.08329E-04  2.57150E-03  1.90804E-04
       4       6       5  4.16526E-03  4.32599E-03  4.16526E-05  3.16193E+00  4.12166E+00  6.82772E-01  2.69818E+01 -2.06650E+01 -3.18903E+00  5.31255E+04  5.30209E+04  2.36712E+04 -1.45279E+02  2.89364E+03  2.73166E+03  3.69216E-04  3.58401E-03  3.72769E-04
       4       6       6  5.41886E-03  6.39450E-03  5.41886E-05  4.31557E+00  5.57881E+00  9.30557E-01  3.30534E+01 -2.09588E+01 -9.06565E-01  2.52533E+04  2.78829E+04  1.56905E+04  3.48433E+03  1.88404E+03  1.87097E+03  1.57794E-04  5.46368E-03  7.73025E-04
       4       6       7  7.65445E-03  5.79853E-03  7.65445E-05  7.25591E+00  9.41651E+00  1.62391E+00  2.16267E+02 -1.66368E+02  1.95478E+01  7.42532E+04  6.04432E+04  3.00405E+04 -2.81886E+04  1.57035E+03  1.87760E+03  2.78371E-04  4.83885E-03  6.81310E-04
       4       6       8  7.74319E-03  9.91661E-03  7.74319E-05  1.09141E+01  1.41832E+01  2.43810E+00  1.39057E+02 -1.09388E+02  1.24065E+01  3.80935E+04  3.56519E+04  1.44020E+04 -5.27870E+03  1.20817E+03  8.91809E+02  5.01858E-04  8.14519E-03  1.26957E-03
       4       6       9  1.12065E-02  1.09577E-02  1.12065E-04  1.47040E+01  1.90799E+01  3.42253E+00  8.24320E+01 -6.40113E+01  6.26178E+00  1.55236E+04  1.36705E+04  5.85696E+03 -3.67866E+03  4.53524E+02  7.71038E+02  2.05909E-04  7.94837E-03  2.80344E-03
       4       6      10  1.77857E-02  2.15117E-02  1.77857E-04  3.71544E+01  4.82818E+01  8.00568E+00  2.22105E+02 -1.70448E+02  4.35278E+00  5.56812E+04  3.48160E+04  6.89927E+03 -3.81074E+04  9.31417E+01  2.85082E+02  2.59619E-04  2.07186E-02  5.33441E-04
       5       1       1  4.17914E-04  5.17049E-04  4.17914E-06  3.67333E-02  9.35438E-02  5.33639E-01  3.45692E+00  9.24334E+00 -6.02813E+00  3.56406E+04  5.46768E+04  1.28468E+05  9.12789E+03  2.03198E+04  1.17471E+04  4.57901E-05  0.00000E+00  4.71258E-04
       5       1       2  1.19351E-04  1.54319E-04  1.19351E-06  1.12437E-01  2.75819E-01  1.48482E+00  5.66617E+00  4.94807E+01 -6.59705E+00  3.57943E+04  4.91236E+04  1.27229E+05  4.17440E+03  2.10712E+04  1.51200E+04  4.20527E-05  0.00000E+00  1.12266E-04
       5       1       3  2.06126E-04  2.89831E-04  2.06126E-06  1.74903E-01  4.32716E-01  2.20792E+00 -7.22915E-01 -9.34686E+00 -3.98397E+00  2.33192E+04  3.84024E+04  3.86203E+04  8.03628E+03  6.91412E+03  4.90464E+03  1.73712E-05  0.00000E+00  2.72459E-04
       5       1       4  2.89697E-04  1.31496E-04  2.89697E-06  2.41566E-01  5.73501E-01  3.55050E+00  5.23357E-01  2.15206E+01 -1.52906E+01  5.35908E+04  7.96730E+04  7.98262E+04  6.33019E+03  1.54529E+03  4.84449E+03  8.93820E-05  0.00000E+00  4.21144E-05
       5       1       5  2.65073E-04  2.38086E-04  2.65073E-06  3.46146E-01  8.22109E-01  5.18243E+00 -1.47811E+00  2.30960E+01  2.32969E+00  2.21238E+04  3.03456E+04  5.58231E+04  3.71018E+02  3.74240E+03  1.68465E+03  1.67075E-04  0.00000E+00  7.10106E-05
       5       1       6  2.13074E-04  2.36530E-04  2.13074E-06  4.70085E-01  1.13483E+00  7.01535E+00  1.85990E+00  8.82965E+00 -3.74547E+00  7.26686E+03  1.02376E+04  4.10366E+04  2.12325E+02  5.21975E+03  2.22877E+03  8.04438E-05  0.00000E+00  1.56087E-04
       5       1       7  2.17207E-04  1.70045E-04  2.17207E-06  7.92718E-01  1.91770E+00  1.21637E+01  2.87035E+00 -1.59997E+02  3.89478E+01  2.85385E+04  4.67853E+04  6.94370E+04  2.81032E+02  1.85065E+03  4.43888E+03  1.01161E-04  0.00000E+00  6.88846E-05
       5       1       8  3.63563E-04  3.16631E-04  3.63563E-06  1.15328E+00  2.82045E+00  1.79395E+01 -4.85866E+00 -9.66136E+01  6.66499E+00  1.17527E+04  1.90776E+04  4.47629E+04  1.19497E+03  4.22384E+03  2.15668E+03  1.63938E-04  0.00000E+00  1.52694E-04
       5       1       9  3.77588E-04  3.81725E-04  3.77588E-06  1.67083E+00  4.12477E+00  2.41082E+01 -3.33939E-01 -3.99389E+01 -1.00568E+01  3.41906E+03  5.68905E+03  1.61017E+04 -1.18415E+02  1.69931E+03  1.08183E+03  9.03989E-05  0.00000E+00  2.91326E-04
       5       1      10  1.70336E-04  1.45353E-04  1.70336E-06  5.16624E+00  1.17225E+01  6.76989E+01 -6.99294E+00 -1.11688E+02 -1.77088E+01  1.24672E+04  2.77137E+04  3.56784E+04  1.65039E+03  2.31948E+03  3.11052E+03  5.96243E-05  0.00000E+00  8.57286E-05
       5       2       1  1.26050E-03  1.33584E-03  1.26050E-05  8.41464E-02  2.08928E-01  5.24171E-01  9.03313E+01 -2.96357E+01 -7.14409E+00  4.95447E+04  4.97230E+04  7.54288E+04  1.51926E+03  1.03994E+04  7.08927E+03  6.41814E-05  4.20170E-04  8.51492E-04
       5       2       2  3.63302E-04  2.07262E-04  3.63302E-06  2.19318E-01  5.31626E-01  1.38706E+00 -8.04625E-01  9.08258E+01 -5.30441E+01  3.04326E+04  8.02509E+04  1.17026E+05  2.35366E+04  3.64225E+04  1.92819E+04  6.83351E-05  1.69281E-06  1.37235E-04
       5       2       3  6.25668E-04  4.16279E-04  6.25668E-06  3.11224E-01  7.71775E-01  2.09680E+00 -1.41498E-01  1.25115E+01 -8.80182E+00  1.08788E+04  4.35121E+04  5.94439E+04  1.76359E+04  1.94153E+04  8.14693E+03  4.27095E-05  2.60841E-07  3.73309E-04
       5       2       4  9.01639E-04  4.04094E-04  9.01639E-06  5.81206E-01  1.41708E+00  3.24248E+00  1.04119E+02 -1.60103E+01 -3.46949E+00  6.78612E+04  7.02761E+04  7.67571E+04 -8.19924E+03  3.15520E+03  8.60076E+03  1.40948E-04  1.45825E-04  1.17320E-04
       5       2       5  8.41328E-04  5.18406E-04  8.41328E-06  8.10606E-01  1.90860E+00  4.81955E+00  2.19154E+00  2.50344E+01 -2.82455E-01  1.11245E+04  3.70483E+04  6.45791E+04  3.68135E+03  1.08990E+04  7.34946E+03  2.80522E-04  1.36241E-06  2.36522E-04
       5       2       6  7.11468E-04  7.46535E-04  7.11468E-06  1.11749E+00  2.66071E+00  6.71486E+00 -2.96130E+00  1.83900E+00 -5.52688E+00  2.59917E+03  9.77876E+03  3.05108E+04  1.64114E+03  7.78939E+03  3.82595E+03  1.23072E-04  4.70755E-06  6.18755E-04
       5       2       7  7.02005E-04  4.28752E-04  7.02005E-06  1.94914E+00  4.78337E+00  1.10665E+01  1.09488E+02 -1.45599E+02  5.56175E+01  5.13921E+04  4.33676E+04  5.80759E+04 -1.00725E+04  7.15472E+02  5.22135E+03  1.57839E-04  1.34845E-04  1.36067E-04
       5       2       8  1.15860E-03  6.51400E-04  1.15860E-05  2.62798E+00  6.46632E+00  1.66116E+01  1.74959E+01 -1.03956E+02  4.66632E+01  1.11557E+04  2.63057E+04  4.53270E+04  2.88001E+02  5.30887E+03  4.54989E+03  3.25723E-04  3.37535E-05  2.91923E-04
       5       2       9  1.28451E-03  8.08064E-04  1.28451E-05  3.64950E+00  8.74284E+00  2.31111E+01 -7.29118E-01 -3.11596E+01  8.94991E+00  1.94309E+03  7.03221E+03  1.78596E+04  1.09944E+03  3.84770E+03  1.99612E+03  1.31652E-04  5.82914E-06  6.70582E-04
       5       2      10  5.84216E-04  5.31673E-04  5.84216E-06  1.07611E+01  2.66562E+01  6.73697E+01  4.53008E+00 -5.86129E+01  2.55088E+01  5.58951E+03  2.04692E+04  3.81374E+04  2.50024E+03  5.45063E+03  4.50985E+03  1.19550E-04  3.60347E-05  3.76088E-04
       5       3       1  2.10834E-03  2.22189E-03  2.10834E-05  1.32020E-01  3.18370E-01  4.68499E-01  1.49055E+02 -6.15648E+01 -4.66198E+00  4.83861E+04  4.63455E+04  5.15573E+04 -6.24686E+02  1.73231E+03  8.03524E+02  5.39761E-05  1.67435E-03  4.93561E-04
       5       3       2  6.19361E-04  6.04377E-04  6.19361E-06  3.41121E-01  8.30270E-01  1.20689E+00  1.15348E+02 -1.19221E+01 -2.54640E+01  4.07218E+04  6.59072E+04  7.11484E+04  1.19426E+04  6.63920E+03  5.87048E+03  7.95329E-05  4.05152E-04  1.19692E-04
       5       3       3  1.05813E-03  1.17501E-03  1.05813E-05  5.06425E-01  1.21637E+00  1.81851E+00  4.20597E+01 -1.54198E+01 -2.51295E-01  9.81290E+03  3.27185E+04  3.97311E+04  1.17212E+04  1.56735E+04  6.67979E+03  3.19001E-05  8.29229E-04  3.13880E-04
       5       3       4  1.59815E-03  9.76164E-04  1.59815E-05  7.88111E-01  1.87595E+00  2.78989E+00  1.83551E+02 -7.29258E+01 -9.55225E+00  1.02743E+05  7.56967E+04  6.99889E+04 -1.81982E+04  1.30233E+04  1.02728E+04  1.45074E-04  5.87214E-04  2.43876E-04
       5       3       5  1.55364E-03  1.63658E-03  1.55364E-05  1.26619E+00  3.02715E+00  4.11362E+00  9.88212E+01 -2.95015E+01 -3.18172E-01  3.56224E+04  4.14149E+04  4.40269E+04  1.66256E+03  1.11444E+04  6.51179E+03  2.93585E-04  1.00031E-03  3.42691E-04
       5       3       6  1.45189E-03  1.65579E-03  1.45189E-05  1.56261E+00  3.75588E+00  5.67462E+00  7.18552E+01 -1.87080E+01  2.56196E+00  2.01262E+04  1.72756E+04  2.92118E+04 -1.68216E+03  1.34406E+04  6.51558E+03  1.17572E-04  8.03855E-04  7.34362E-04
       5       3       7  1.40066E-03  1.23627E-03  1.40066E-05  2.85449E+00  6.75278E+00  9.85210E+00  1.58624E+02 -9.48393E+01  3.75698E+01  5.31356E+04  4.30618E+04  5.76524E+04 -7.65052E+03  1.34951E+04  9.77903E+03  1.78646E-04  6.84685E-04  3.72939E-04
       5       3       8  2.15006E-03  2.59168E-03  2.15006E-05  4.20539E+00  9.92060E+00  1.45695E+01  1.13121E+02 -6.06218E+01  2.21698E+01  2.69881E+04  2.28957E+04  3.25104E+04 -2.12239E+03  9.10546E+03  5.15414E+03  3.05635E-04  1.47549E-03  8.10558E-04
       5       3       9  2.71296E-03  3.05988E-03  2.71296E-05  5.67949E+00  1.35785E+01  1.98805E+01  4.26970E+01 -2.49948E+01  9.45496E+00  8.14998E+03  8.14664E+03  1.33702E+04 -8.20362E+01  5.18149E+03  2.43018E+03  1.62862E-04  9.01993E-04  1.99502E-03
       5       3      10  1.38679E-03  1.60461E-03  1.38679E-05  1.73408E+01  4.04448E+01  6.07655E+01  1.98910E+01 -2.73283E+01  1.70363E+01  5.29303E+03  1.90787E+04  3.58575E+04  5.54332E+03  1.16795E+04  6.58728E+03  1.38983E-04  4.59796E-04  1.00583E-03
       5       4       1  2.91646E-03  3.34919E-03  2.91646E-05  1.83062E-01  4.49675E-01  3.44328E-01  1.43595E+02 -6.41421E+01 -4.98380E+00  6.63161E+04  5.52154E+04  4.01286E+04 -5.46638E+03  5.58233E+03  2.26544E+03  4.80367E-05  2.47481E-03  8.26347E-04
       5       4       2  8.80725E-04  1.02157E-03  8.80725E-06  4.64960E-01  1.13635E+00  8.63361E-01  2.93115E+01  1.75196E+00 -2.57513E+01  6.14450E+04  7.06470E+04  4.30056E+04  4.84338E+03  8.80517E+03  4.15572E+03  7.70851E-05  7.46431E-04  1.98054E-04
       5       4       3  1.48268E-03  1.47812E-03  1.48268E-05  6.61128E-01  1.64124E+00  1.25716E+00  2.35880E+01 -1.40923E+01 -1.35269E+01  3.15756E+04  2.85522E+04  2.03646E+04 -3.85504E+03  8.03634E+03  2.54763E+03  3.07064E-05  1.02484E-03  4.22573E-04
       5       4       4  2.37712E-03  1.51532E-03  2.37712E-05  1.06295E+00  2.54001E+00  2.01721E+00  1.85382E+02 -6.51185E+01 -2.43183E+00  1.28440E+05  7.70218E+04  4.86323E+04 -2.24274E+04 -3.82592E+02  3.82300E+03  1.49887E-04  1.17878E-03  1.86661E-04
       5       4       5  2.45270E-03  3.58652E-03  2.45270E-05  1.61632E+00  3.95491E+00  3.01257E+00  1.05844E+02 -5.03477E+01 -8.65529E+00  4.67843E+04  4.97567E+04  3.10448E+04 -2.68007E+03  5.19880E+03  1.92632E+03  2.68833E-04  2.97030E-03  3.47384E-04
       5       4       6  2.61427E-03  2.93079E-03  2.61427E-05  2.36601E+00  5.62127E+00  4.12797E+00  6.04335E+01 -1.16693E+01 -5.00121E-01  1.88276E+04  2.79572E+04  1.66257E+04  5.90021E+03  7.38693E+03  3.04218E+03  1.16884E-04  2.03185E-03  7.82054E-04
       5       4       7  2.69479E-03  2.61676E-03  2.69479E-05  3.75048E+00  9.11776E+00  6.99886E+00  2.20833E+02 -9.54628E+01  2.56022E+01  7.54976E+04  4.91516E+04  3.72061E+04 -1.38613E+04  6.08399E+03  3.72845E+03  1.67525E-04  2.03768E-03  4.11551E-04
       5       4       8  3.47072E-03  4.76807E-03  3.47072E-05  5.67097E+00  1.37334E+01  1.04525E+01  1.34827E+02 -5.74350E+01  2.14623E+01  3.17563E+04  3.02151E+04  2.22507E+04 -9.04406E+02  3.81805E+03  2.70169E+03  3.66618E-04  3.60511E-03  7.96341E-04
       5       4       9  5.08531E-03  5.91699E-03  5.08531E-05  7.88577E+00  1.86824E+01  1.43775E+01  6.90083E+01 -2.63874E+01  3.55981E+00  1.08229E+04  1.04750E+04  7.40737E+03 -1.14491E+02  1.85360E+03  9.81170E+02  1.10129E-04  3.95576E-03  1.85110E-03
       5       4      10  3.60384E-03  4.58387E-03  3.60384E-05  2.06578E+01  5.03498E+01  3.65602E+01  1.97686E+02 -8.30163E+01  7.31999E+00  5.34161E+04  2.35798E+04  1.06850E+04 -1.46403E+04 -4.77600E+02  2.02640E+02  1.41155E-04  4.27671E-03  1.66006E-04
       5       5       1  3.58164E-03  3.68807E-03  3.58164E-05  2.01122E-01  4.95728E-01  2.28839E-01  1.28686E+02 -5.31775E+01 -3.08464E+00  5.42623E+04  4.79645E+04  4.37052E+04 -2.30190E+03  2.07023E+03  3.28613E+02  4.47500E-05  2.53800E-03  1.10532E-03
       5       5       2  1.11372E-03  1.09393E-03  1.11372E-05  5.41104E-01  1.28407E+00  5.87785E-01  3.68245E+01 -1.23397E+00 -2.71530E+01  6.07035E+04  8.67383E+04  4.70879E+04  1.53579E+04 -1.38979E+03  1.03449E+03  7.20150E-05  8.59917E-04  1.61995E-04
       5       5       3  1.84161E-03  1.86086E-03  1.84161E-05  7.43955E-01  1.87984E+00  8.64256E-01  4.47691E+01 -2.28333E+01  6.03257E-01  3.60080E+04  5.29591E+04  2.64319E+04  8.15745E+03  2.49910E+03  8.41704E+02  3.01065E-05  1.29082E-03  5.39931E-04
       5       5       4  3.12321E-03  1.94212E-03  3.12321E-05  1.23225E+00  2.92667E+00  1.34638E+00  1.42524E+02 -5.31853E+01  2.56780E+00  7.91576E+04  7.50882E+04  6.97248E+04 -2.97760E+03 -8.61159E+02  4.31392E+03  1.38886E-04  1.66529E-03  1.37944E-04
       5       5       5  3.43274E-03  3.48280E-03  3.43274E-05  1.86686E+00  4.48482E+00  2.11064E+00  9.20705E+01 -4.04363E+01 -7.36262E+00  3.84587E+04  5.48997E+04  3.41236E+04  5.97099E+03  2.06445E+03 -1.72449E+03  2.58176E-04  2.92872E-03  2.95905E-04
       5       5       6  4.14269E-03  4.09926E-03  4.14269E-05  2.56751E+00  6.15931E+00  2.79907E+00  6.90972E+01 -1.70332E+01  4.27197E+00  2.14735E+04  3.30781E+04  1.50635E+04  8.52400E+03  6.59127E+02  2.22141E+03  1.11040E-04  3.25423E-03  7.33994E-04
       5       5       7  5.03914E-03  2.95143E-03  5.03914E-05  4.24316E+00  1.02313E+01  4.57185E+00  1.74519E+02 -8.00075E+01  1.59606E+01  5.63356E+04  6.06064E+04  4.66817E+04  1.59948E+03  6.29710E+03  3.46085E+03  1.71112E-04  2.28010E-03  5.00222E-04
       5       5       8  5.38917E-03  5.76328E-03  5.38917E-05  6.36062E+00  1.54380E+01  6.94169E+00  1.07501E+02 -5.14757E+01  3.85780E+00  2.56158E+04  3.88495E+04  2.19507E+04  5.77018E+03  5.99179E+03  1.38351E+03  3.12809E-04  4.13619E-03  1.31429E-03
       5       5       9  8.34352E-03  9.00217E-03  8.34352E-05  8.78610E+00  2.18231E+01  9.47113E+00  4.76235E+01 -1.95696E+01  8.77909E+00  7.80219E+03  1.24574E+04  6.50398E+03  2.22772E+03  2.25003E+03  1.42821E+03  1.38468E-04  4.72774E-03  4.13596E-03
       5       5      10  9.31138E-03  6.11448E-03  9.31138E-05  2.38693E+01  5.76623E+01  2.62902E+01  1.47099E+02 -6.39927E+01  4.35761E+00  3.90136E+04  2.76388E+04  1.52488E+04 -5.84712E+03  3.76930E+03  1.02135E+03  1.40491E-04  4.51939E-03  1.45459E-03
       5       6       1  3.96586E-03  4.20862E-03  3.96586E-05  2.19612E-01  5.40416E-01  7.85828E-02  1.04377E+02 -4.31981E+01 -1.97310E+00  4.27837E+04  5.47223E+04  4.28173E+04  7.94069E+03  7.58495E+02  5.99832E+02  4.10201E-05  3.24373E-03  9.23876E-04
       5       6       2  1.25731E-03  1.32347E-03  1.25731E-05  5.73215E-01  1.38088E+00  2.04595E-01 -2.12222E+01  1.06581E+01 -1.38733E+01  5.92077E+04  8.23123E+04  3.97455E+04  1.27689E+04 -3.11951E+03 -6.65441E+01  7.26864E-05  1.07721E-03  1.73574E-04
       5       6       3  2.05280E-03  2.13531E-03  2.05280E-05  8.36400E-01  2.03938E+00  2.79683E-01  4.49671E+01 -1.63140E+01  5.30991E+00  2.65265E+04  5.76971E+04  2.13943E+04  1.46057E+04 -6.11724E+03 -2.52732E+01  2.83656E-05  1.63182E-03  4.75121E-04
       5       6       4  3.60255E-03  3.03354E-03  3.60255E-05  1.31434E+00  3.18623E+00  4.52556E-01  6.44632E+01 -2.26301E+01 -3.41809E+00  1.05609E+05  7.00854E+04  5.48132E+04 -1.75872E+04  3.23662E+03  1.64038E+03  1.40605E-04  2.59299E-03  2.99936E-04
       5       6       5  4.12837E-03  4.01018E-03  4.12837E-05  1.98508E+00  4.78094E+00  6.89255E-01  2.50569E+01 -1.19492E+01 -5.02153E+00  5.52904E+04  6.23087E+04  2.22889E+04  2.83435E+03  5.94068E+03  9.82592E+02  2.52332E-04  3.21307E-03  5.44783E-04
       5       6       6  5.36793E-03  6.56667E-03  5.36793E-05  2.70019E+00  6.54168E+00  9.51856E-01  3.25760E+01 -1.72823E+01  1.65822E+00  2.41349E+04  3.67284E+04  1.52269E+04  4.54266E+03  3.83956E+03  2.67514E+03  1.02789E-04  5.34198E-03  1.12190E-03
       5       6       7  7.52819E-03  6.08211E-03  7.52819E-05  4.51004E+00  1.09907E+01  1.70049E+00  2.37257E+02 -1.01120E+02  1.02343E+01  8.40666E+04  5.49320E+04  2.53536E+04 -1.61262E+04  5.93566E+03  1.76103E+03  1.81874E-04  4.78012E-03  1.12012E-03
       5       6       8  7.61535E-03  1.05001E-02  7.61535E-05  6.78705E+00  1.65546E+01  2.50784E+00  1.54434E+02 -6.53123E+01  1.11426E+01  3.88743E+04  3.66966E+04  1.23764E+04 -1.86332E+03  3.16821E+03  1.71908E+03  2.92362E-04  8.17180E-03  2.03589E-03
       5       6       9  1.10889E-02  1.30435E-02  1.10889E-04  9.23600E+00  2.26054E+01  3.59447E+00  8.05550E+01 -3.48095E+01 -1.81767E+00  1.48326E+04  1.24528E+04  4.75918E+03 -1.39697E+03  1.32988E+03  2.37115E+02  1.40262E-04  8.00102E-03  4.90221E-03
       5       6      10  1.72852E-02  2.12245E-02  1.72852E-04  2.31825E+01  5.61215E+01  8.08693E+00  2.62376E+02 -1.08778E+02 -2.07882E-01  7.42137E+04  1.73217E+04  6.29813E+03 -2.84169E+04  3.09165E+02 -1.60644E+02  1.41155E-04  2.07629E-02  3.20480E-04
       6       1       1  4.17885E-04  4.14187E-04  4.17885E-06  1.26415E-02  8.10341E-02  4.79998E-01  2.96788E+00  1.76497E+01  6.18386E-01  3.87995E+04  6.91451E+04  1.31171E+05  4.24085E+03  1.67367E+04  5.08809E+03  4.33822E-05  0.00000E+00  3.70804E-04
       6       1       2  1.19342E-04  1.11898E-04  1.19342E-06  3.95228E-02  2.66473E-01  1.47952E+00  1.74547E+01  5.90843E+01  4.36000E-01  4.90611E+04  9.40909E+04  1.31191E+05  9.42524E+02  2.76656E+04  2.78627E+03  3.75092E-05  0.00000E+00  7.43891E-05
       6       1       3  2.06113E-04  1.72578E-04  2.06113E-06  6.20179E-02  4.23864E-01  2.16913E+00  2.02107E+00  4.35032E+01  2.68739E+01  3.20148E+04  8.04247E+04  5.30133E+04  5.86481E+03  5.81237E+03  6.04448E+03  2.12344E-05  0.00000E+00  1.51344E-04
       6       1       4  2.89668E-04  1.12732E-04  2.89668E-06  8.03849E-02  5.76618E-01  3.56658E+00 -7.04349E-01  4.15018E+01 -1.06931E+01  5.83592E+04  8.25021E+04  6.83686E+04 -1.05607E+03 -4.59289E+03  3.71496E+03  8.76631E-05  0.00000E+00  2.50690E-05
       6       1       5  2.65047E-04  2.14982E-04  2.65047E-06  1.16254E-01  8.62651E-01  5.22416E+00 -3.20814E+00  2.41795E+01 -2.87994E+00  2.40270E+04  3.21978E+04  5.46869E+04 -7.34496E+01  3.16278E+03 -2.19620E+01  1.63294E-04  0.00000E+00  5.16881E-05
       6       1       6  2.13049E-04  2.33340E-04  2.13049E-06  1.33109E-01  1.11018E+00  7.09793E+00  4.88675E+00  1.05628E+01  9.09185E+00  6.87951E+03  9.51646E+03  4.55405E+04  4.38210E+02  5.79262E+03  5.93180E+02  7.32244E-05  0.00000E+00  1.60116E-04
       6       1       7  2.17189E-04  1.52262E-04  2.17189E-06  2.69154E-01  2.05036E+00  1.21487E+01 -3.04327E+00 -1.56787E+02  2.10258E+01  2.85451E+04  4.54349E+04  7.27776E+04  8.13448E+02  3.93302E+03  1.83649E+03  8.78879E-05  0.00000E+00  6.43745E-05
       6       1       8  3.63537E-04  3.10051E-04  3.63537E-06  4.38826E-01  3.14773E+00  1.79266E+01 -5.84990E+00 -1.06145E+02  9.37747E+00  1.28841E+04  2.07208E+04  4.21906E+04  6.31472E+02  4.36971E+03  4.80795E+02  1.77211E-04  0.00000E+00  1.32840E-04
       6       1       9  3.77539E-04  3.83737E-04  3.77539E-06  5.08242E-01  4.02584E+00  2.47168E+01  3.17670E+00 -2.31803E+01  9.52707E+00  2.46309E+03  4.15573E+03  1.39527E+04 -2.69274E+02  1.80638E+03  5.57682E+01  6.45707E-05  0.00000E+00  3.19166E-04
       6       1      10  1.70316E-04  1.57878E-04  1.70316E-06  1.43166E+00  1.32741E+01  6.95983E+01 -4.95788E-01 -9.21062E+01  1.67766E+01  1.09049E+04  2.48056E+04  3.46669E+04  2.91795E+02  2.78685E+03  5.56663E+02  5.76931E-05  0.00000E+00  1.00185E-04
       6       2       1  1.26009E-03  1.06695E-03  1.26009E-05  3.18188E-02  2.18545E-01  4.86636E-01  1.26024E+02 -1.40588E+01 -1.66291E+00  6.03562E+04  6.24405E+04  8.14390E+04  1.48799E+03  6.16898E+03  2.22074E+03  5.72797E-05  4.46322E-04  5.63353E-04
       6       2       2  3.63152E-04  2.02047E-04  3.63152E-06  8.37505E-02  5.83436E-01  1.37746E+00  3.48752E+00  7.83515E+01 -3.63451E+01  2.15416E+04  1.19008E+05  1.22928E+05  1.56718E+04  3.79239E+04  6.03703E+03  5.57699E-05  6.10773E-06  1.40170E-04
       6       2       3  6.25476E-04  3.08693E-04  6.25476E-06  1.16594E-01  8.27821E-01  2.09132E+00  4.18952E-01  1.79099E+01 -8.41816E+00  5.01978E+03  7.54115E+04  6.75831E+04  1.04056E+04  2.65899E+04  3.94855E+03  4.31179E-05  7.57680E-07  2.64817E-04
       6       2       4  9.01185E-04  4.33935E-04  9.01185E-06  2.03709E-01  1.56577E+00  3.25355E+00  1.28792E+02 -3.23889E+00 -1.74294E+01  7.86156E+04  6.15028E+04  6.89049E+04 -2.46204E+03  4.72684E+03  2.78943E+03  1.34073E-04  1.91157E-04  1.08705E-04
       6       2       5  8.40898E-04  4.82411E-04  8.40898E-06  2.91433E-01  2.03109E+00  4.85762E+00 -1.43472E+00  1.51284E+01 -1.78063E+01  8.70773E+03  3.72516E+04  6.37349E+04  2.16593E+03  1.08273E+04  2.43619E+03  2.51988E-04  4.73618E-06  2.25687E-04
       6       2       6  7.11042E-04  5.68984E-04  7.11042E-06  3.50824E-01  2.71897E+00  6.70775E+00  8.26759E-01  7.51336E+00 -2.12048E-01  2.30195E+03  1.19911E+04  3.60339E+04  5.97741E+02  9.87793E+03  1.49318E+03  1.10009E-04  5.92481E-06  4.53050E-04
       6       2       7  7.01674E-04  4.93381E-04  7.01674E-06  6.97703E-01  5.25087E+00  1.10898E+01  1.43907E+02 -1.00609E+02  5.72073E+01  6.10226E+04  3.70267E+04  5.55951E+04 -5.51851E+03  4.83903E+03  1.45298E+03  1.51741E-04  1.91775E-04  1.49865E-04
       6       2       8  1.15818E-03  7.95446E-04  1.15818E-05  1.01617E+00  7.39015E+00  1.63734E+01  3.76376E+01 -7.22199E+01  3.51041E+01  1.36356E+04  2.29461E+04  4.70163E+04 -3.43763E+02  1.09087E+04  2.54390E+03  2.73349E-04  1.08645E-04  4.13452E-04
       6       2       9  1.28365E-03  1.21727E-03  1.28365E-05  1.53828E+00  1.00695E+01  2.30534E+01  1.48376E+00 -1.74995E+01  4.88314E+00  1.30460E+03  5.92001E+03  1.74477E+04  4.47341E+02  4.95626E+03  9.87618E+02  1.35598E-04  9.18532E-06  1.07248E-03
       6       2      10  5.83746E-04  6.59107E-04  5.83746E-06  3.72794E+00  2.86791E+01  6.80621E+01  8.69576E+00 -3.64390E+01  1.83429E+01  3.54848E+03  1.72680E+04  4.18826E+04  1.03149E+03  9.93627E+03  1.47973E+03  9.61955E-05  7.31292E-05  4.89783E-04
       6       3       1  2.10664E-03  2.10120E-03  2.10664E-05  4.63395E-02  3.37029E-01  4.63167E-01  1.61287E+02 -1.72259E+01 -2.89652E+00  4.98825E+04  4.89082E+04  5.22616E+04  5.27612E+03  6.05891E+02  1.80751E+02  4.50587E-05  1.60196E-03  4.54185E-04
       6       3       2  6.18698E-04  6.08002E-04  6.18698E-06  1.19672E-01  8.77917E-01  1.22267E+00  1.26503E+02  2.53829E+01 -2.62637E+01  3.46227E+04  6.56707E+04  7.51459E+04  4.75123E+03  9.19893E+03  1.60615E+03  7.53322E-05  4.39534E-04  9.31357E-05
       6       3       3  1.05734E-03  1.10694E-03  1.05734E-05  1.73680E-01  1.31297E+00  1.84104E+00  4.44786E+01 -6.33948E+00 -6.69504E+00  3.95282E+03  3.56131E+04  3.58885E+04  3.46691E+03  1.52596E+04  1.55422E+03  2.07306E-05  8.06167E-04  2.80043E-04
       6       3       4  1.59612E-03  8.39618E-04  1.59612E-05  2.58777E-01  2.01824E+00  2.77894E+00  2.04938E+02 -1.50598E+01 -2.12050E+00  1.11604E+05  6.77741E+04  6.90924E+04 -7.58102E+03  1.44510E+04  2.44802E+03  1.25135E-04  5.22668E-04  1.91815E-04
       6       3       5  1.55148E-03  1.60330E-03  1.55148E-05  4.27989E-01  3.25192E+00  4.10318E+00  1.06242E+02 -8.19611E+00 -4.43907E+00  3.49400E+04  4.29717E+04  4.24581E+04  4.16238E+02  1.32190E+04  2.37801E+03  2.54739E-04  1.00654E-03  3.42017E-04
       6       3       6  1.44955E-03  1.54028E-03  1.44955E-05  5.33396E-01  3.93706E+00  5.69869E+00  7.61834E+01 -8.60652E+00 -3.70153E+00  2.14162E+04  1.52999E+04  2.95628E+04 -8.68558E+02  1.40697E+04  2.21409E+03  1.01070E-04  7.88828E-04  6.50386E-04
       6       3       7  1.39837E-03  1.15146E-03  1.39837E-05  9.81098E-01  7.24028E+00  9.83056E+00  1.65970E+02 -5.68913E+01  1.85489E+01  5.44257E+04  3.91889E+04  5.82559E+04 -1.72860E+03  1.43512E+04  3.40349E+03  1.46719E-04  6.39006E-04  3.65736E-04
       6       3       8  2.14797E-03  2.41315E-03  2.14797E-05  1.41310E+00  1.06731E+01  1.46477E+01  1.15446E+02 -3.69613E+01  1.50625E+01  2.63059E+04  2.17367E+04  3.10622E+04 -6.16827E+02  8.61645E+03  1.32042E+03  3.00612E-04  1.37199E-03  7.40549E-04
       6       3       9  2.70813E-03  2.81918E-03  2.70813E-05  1.88846E+00  1.45976E+01  1.98219E+01  5.01348E+01 -1.08704E+01  4.48902E+00  8.65085E+03  6.96521E+03  1.08379E+04 -2.30764E+02  3.90905E+03  7.35502E+02  1.13357E-04  9.24715E-04  1.78110E-03
       6       3      10  1.38266E-03  8.47321E-04  1.38266E-05  5.79198E+00  4.39864E+01  5.96200E+01  3.61574E+01 -3.27443E+01  1.57638E+01  4.30756E+03  2.33353E+04  3.42040E+04  1.91241E+03  5.17612E+03  1.57955E+03  9.90319E-05  4.08923E-04  3.39366E-04
       6       4       1  2.91241E-03  2.99197E-03  2.91241E-05  6.66241E-02  4.85995E-01  3.51495E-01  1.79229E+02 -3.30983E+01 -2.07715E+00  7.82911E+04  4.75826E+04  4.13788E+04 -3.54887E+03  1.24086E+03  2.00855E+02  4.36758E-05  2.56201E-03  3.86280E-04
       6       4       2  8.78981E-04  9.73949E-04  8.78981E-06  1.60444E-01  1.21896E+00  8.65743E-01  3.43408E+01  6.68870E+00 -1.42279E+01  6.35228E+04  7.07076E+04  4.03758E+04  6.95143E+02  4.11867E+03  1.85114E+03  6.31369E-05  7.90582E-04  1.20230E-04
       6       4       3  1.48078E-03  1.36069E-03  1.48078E-05  2.44719E-01  1.75053E+00  1.26250E+00  3.85345E+01  1.47177E+01  5.12143E+00  3.77315E+04  2.48574E+04  1.88831E+04 -8.56755E+01  5.00620E+03  2.12901E+03  2.76789E-05  1.15304E-03  1.79966E-04
       6       4       4  2.37173E-03  1.48521E-03  2.37173E-05  3.62355E-01  2.72268E+00  2.01560E+00  2.08185E+02 -2.17935E+01 -3.80815E+00  1.42692E+05  6.94379E+04  4.43284E+04 -7.96136E+03  1.14435E+03  6.78744E+02  1.17572E-04  1.21508E-03  1.52554E-04
       6       4       5  2.44607E-03  3.70114E-03  2.44607E-05  5.62568E-01  4.25175E+00  3.00861E+00  1.18511E+02 -1.26274E+01 -3.92093E+00  4.82123E+04  4.63479E+04  3.01417E+04 -7.70918E+02  4.10407E+03  9.33153E+02  2.50957E-04  3.17283E-03  2.77354E-04
       6       4       6  2.60632E-03  2.92126E-03  2.60632E-05  7.60964E-01  6.07960E+00  4.16800E+00  5.94302E+01 -1.17611E+01 -5.68141E+00  1.41893E+04  2.81950E+04  1.58028E+04  1.14136E+03  7.12635E+03  3.85685E+02  8.42253E-05  2.13512E-03  7.01916E-04
       6       4       7  2.68368E-03  2.56173E-03  2.68368E-05  1.23904E+00  9.79137E+00  6.99245E+00  2.40089E+02 -4.39425E+01  1.41986E+01  8.20895E+04  4.32800E+04  3.64668E+04 -5.17824E+03  5.81656E+03  6.21742E+02  1.54611E-04  2.07314E-03  3.33987E-04
       6       4       8  3.46307E-03  4.65881E-03  3.46307E-05  1.87444E+00  1.46403E+01  1.03510E+01  1.48930E+02 -2.53104E+01  7.71190E+00  3.28802E+04  3.11559E+04  2.09923E+04 -1.07185E+02  3.58963E+03  5.14935E+02  2.56848E-04  3.73783E-03  6.64132E-04
       6       4       9  5.06862E-03  5.88768E-03  5.06862E-05  2.54416E+00  2.02825E+01  1.40345E+01  7.71650E+01 -1.12549E+01  4.26397E+00  1.16262E+04  1.07193E+04  6.83830E+03 -5.19877E+01  1.94284E+03  2.03556E+02  1.25554E-04  4.17208E-03  1.59004E-03
       6       4      10  3.57793E-03  4.63952E-03  3.57793E-05  7.21737E+00  5.38850E+01  3.69636E+01  2.08763E+02 -2.95134E+01  4.45147E+00  5.81964E+04  1.84289E+04  1.05810E+04 -5.12373E+03  2.25132E+02 -3.94333E+01  1.02713E-04  4.24582E-03  2.90995E-04
       6       5       1  3.57476E-03  3.03640E-03  3.57476E-05  6.97139E-02  5.05284E-01  2.16409E-01  1.69195E+02 -2.34505E+01 -3.45050E+00  6.68644E+04  4.75138E+04  4.86265E+04  4.48468E+02 -4.46823E+02 -9.41366E+02  3.91343E-05  2.66359E-03  3.33677E-04
       6       5       2  1.11048E-03  9.15705E-04  1.11048E-05  1.83225E-01  1.37977E+00  5.98316E-01  4.48163E+01  9.08534E+00 -1.40544E+01  6.28649E+04  8.85749E+04  4.83452E+04  5.62653E+03 -6.79012E+03  2.69961E+02  5.64587E-05  8.06036E-04  5.32107E-05
       6       5       3  1.83833E-03  1.53903E-03  1.83833E-05  2.80655E-01  1.97106E+00  8.58750E-01  5.84776E+01 -8.16963E+00 -4.35831E+00  3.76944E+04  6.07828E+04  2.72444E+04  6.34983E+02 -1.27996E+03 -7.82737E+02  3.30712E-05  1.25210E-03  2.53861E-04
       6       5       4  3.11315E-03  1.93037E-03  3.11315E-05  4.27346E-01  3.16935E+00  1.34558E+00  1.54393E+02 -8.22712E+00 -6.05554E+00  8.07225E+04  7.35655E+04  6.92893E+04 -2.81267E+02  1.60776E+02  3.76263E+03  1.23760E-04  1.72319E-03  8.34148E-05
       6       5       5  3.41856E-03  3.28868E-03  3.41856E-05  6.22960E-01  4.76254E+00  2.13204E+00  1.06001E+02 -2.05962E+01 -1.23377E+01  3.86542E+04  5.42189E+04  3.53897E+04  1.17144E+03  1.99056E+03 -5.65385E+03  2.19330E-04  2.85033E-03  2.19020E-04
       6       5       6  4.12407E-03  3.89779E-03  4.12407E-05  8.91462E-01  6.63342E+00  2.80494E+00  7.42590E+01 -4.92359E-01  2.09746E+00  1.88801E+04  3.73610E+04  1.53511E+04  3.51818E+03  1.24979E+03  2.02757E+03  9.11008E-05  3.23091E-03  5.75780E-04
       6       5       7  5.00215E-03  2.77172E-03  5.00215E-05  1.50177E+00  1.09875E+01  4.57297E+00  1.95842E+02 -3.25847E+01  2.70125E+01  5.81276E+04  6.05320E+04  4.44407E+04 -4.07831E+02  4.03878E+03  2.12662E+03  1.48154E-04  2.19082E-03  4.32741E-04
       6       5       8  5.36042E-03  5.30420E-03  5.36042E-05  2.34901E+00  1.65904E+01  6.88733E+00  1.21339E+02 -2.13454E+01  1.07740E+01  2.47529E+04  3.94723E+04  2.18259E+04  2.22294E+03  5.62813E+03  4.06667E+02  2.62229E-04  3.89917E-03  1.14280E-03
       6       5       9  8.30347E-03  7.68497E-03  8.30347E-05  3.44584E+00  2.30572E+01  9.48185E+00  5.64638E+01 -1.20778E+01  1.24305E+00  7.80201E+03  1.31113E+04  7.00069E+03  6.14232E+02  2.22853E+03  5.83271E+02  1.07618E-04  4.59371E-03  2.98365E-03
       6       5      10  9.19639E-03  5.23590E-03  9.19639E-05  7.73175E+00  6.01182E+01  2.56726E+01  1.87075E+02 -2.99154E+01  1.06985E+00  4.80319E+04  2.31642E+04  1.61060E+04 -3.57804E+03  2.17605E+03 -4.22354E+02  1.03618E-04  4.69695E-03  4.35329E-04
       6       6       1  3.95698E-03  4.23719E-03  3.95698E-05  7.43555E-02  5.68271E-01  7.88199E-02  1.09627E+02 -1.13198E+01 -4.67988E-01  3.85930E+04  5.60761E+04  3.76385E+04  3.04101E+03 -3.76747E+02 -1.65150E+02  3.49523E-05  3.91192E-03  2.90321E-04
       6       6       2  1.25288E-03  1.20037E-03  1.25288E-05  2.05456E-01  1.48158E+00  1.99179E-01 -2.79143E+01  7.52612E+00 -2.12107E+01  5.88988E+04  7.47701E+04  3.94316E+04  5.34286E+03 -1.97338E+03 -2.49066E+02  6.65162E-05  1.03551E-03  9.83373E-05
       6       6       3  2.04853E-03  1.79377E-03  2.04853E-05  3.03967E-01  2.17512E+00  2.87644E-01  5.33053E+01 -8.62184E+00 -5.38070E+00  2.59462E+04  5.08384E+04  2.20316E+04  5.08587E+03 -2.97553E+03 -2.68457E+03  1.69180E-05  1.55549E-03  2.21362E-04
       6       6       4  3.58883E-03  2.86925E-03  3.58883E-05  4.57166E-01  3.42369E+00  4.62695E-01  7.03096E+01 -3.74581E+00  1.07666E+00  1.18047E+05  4.89990E+04  5.56497E+04 -7.18266E+03  5.56446E+02  2.40197E+03  1.26510E-04  2.54262E-03  2.00127E-04
       6       6       5  4.10736E-03  3.72896E-03  4.10736E-05  7.15581E-01  5.14303E+00  6.92195E-01  2.80907E+01  2.05700E+00 -8.65696E+00  5.69034E+04  5.59227E+04  1.97808E+04  1.49710E+03  2.25424E+03 -1.83076E+03  2.01797E-04  3.17411E-03  3.53054E-04
       6       6       6  5.33884E-03  5.74968E-03  5.33884E-05  9.15809E-01  6.87463E+00  9.25063E-01  3.97396E+01 -1.21125E+01  1.46205E+00  2.64234E+04  3.01083E+04  1.61599E+04  8.12380E+02  2.84740E+03  9.10526E+02  1.01070E-04  5.03445E-03  6.14161E-04
       6       6       7  7.45654E-03  5.60132E-03  7.45654E-05  1.62539E+00  1.17776E+01  1.66063E+00  2.78348E+02 -3.80146E+01  9.67102E+00  9.85480E+04  3.91050E+04  2.62014E+04 -6.97217E+03  4.77067E+03  1.02683E+03  1.38827E-04  4.82712E-03  6.35373E-04
       6       6       8  7.54374E-03  9.67693E-03  7.54374E-05  2.43374E+00  1.77225E+01  2.47361E+00  1.81581E+02 -2.41355E+01  4.17313E+00  4.35096E+04  3.12142E+04  1.25912E+04 -1.15063E+03  1.36059E+03  5.45515E+01  2.61870E-04  8.29120E-03  1.12386E-03
       6       6       9  1.10220E-02  1.10350E-02  1.10220E-04  3.55442E+00  2.38742E+01  3.54317E+00  1.02311E+02 -1.18103E+01  4.15867E+00  1.81195E+04  1.02740E+04  5.09805E+03 -6.17578E+02  5.78376E+02  3.28776E+02  1.04748E-04  7.92477E-03  3.00545E-03
       6       6      10  1.70044E-02  2.09243E-02  1.70044E-04  7.96460E+00  6.01584E+01  8.10956E+00  2.84415E+02 -3.65791E+01  1.04015E+00  8.56082E+04  6.22356E+03  5.99201E+03 -1.05531E+04  8.69052E+01 -3.26541E+02  1.03860E-04  2.05369E-02  2.83550E-04
