         152           4
       1  1.11872E-02  1.03883E-02 -5.19119E+01 -5.51457E+01  2.09680E+00  2.14315E+02  1.93500E+02  2.07980E+00  4.23653E-02  7.70000E-02  3.00000E-01  1.25039E-02  0.00000E+00  3.00000E-01
       2  5.70130E-03  5.45297E-03 -8.29493E+01 -7.20331E+01  2.11870E+00  2.18397E+02  1.73297E+02  2.29780E+00  1.13992E-01  1.00600E-01  3.00000E-01 -1.09097E-02  0.00000E+00  3.00000E-01
       3  5.20937E-03  5.02480E-03 -8.33367E+01 -7.03214E+01  2.97040E+00  2.10059E+02  1.57694E+02  3.02370E+00  8.70089E-02  9.83000E-02  3.00000E-01 -1.61924E-03  0.00000E+00  3.00000E-01
       4  3.63803E-03  3.29901E-03 -6.61169E+01 -5.93916E+01  2.64100E+00  2.10908E+02  1.79503E+02  2.60000E+00  3.11703E-02  8.30000E-02  3.00000E-01  1.84312E-02  0.00000E+00  3.00000E-01
       5  6.40447E-03  5.96338E-03 -4.36209E+01 -4.29252E+01  2.62700E+00  2.07493E+02  2.03949E+02  2.49860E+00  2.95979E-02  6.00000E-02  3.00000E-01  1.74121E-02  0.00000E+00  3.00000E-01
       6  1.84434E-03  1.96250E-03 -9.33402E+01 -7.66923E+01  4.18970E+00  1.88456E+02  1.53159E+02  4.23960E+00  1.69825E-01  1.07200E-01  3.00000E-01  2.17099E-02  0.00000E+00  3.00000E-01
       7  3.70911E-03  3.76364E-03 -7.73179E+01 -6.08558E+01  2.81680E+00  1.91858E+02  1.54194E+02  3.00380E+00  6.60076E-02  8.50000E-02  3.00000E-01  7.90907E-03  0.00000E+00  3.00000E-01
       8  3.71651E-03  3.33084E-03 -4.42245E+01 -4.55340E+01  2.66940E+00  1.98476E+02  1.84950E+02  2.80100E+00 -2.45822E-04  6.36000E-02  3.00000E-01  3.90152E-02  0.00000E+00  3.00000E-01
       9  2.51829E-03  2.84403E-03 -9.05197E+01 -7.37064E+01  3.32630E+00  1.62943E+02  1.33986E+02  3.59880E+00  1.41815E-01  1.03000E-01  3.00000E-01  3.12963E-02  0.00000E+00  3.00000E-01
      10  3.56234E-03  3.47397E-03 -5.91474E+01 -5.00778E+01  3.24950E+00  1.86231E+02  1.67266E+02  3.32320E+00  1.80230E-02  7.00000E-02  3.00000E-01  2.69005E-02  0.00000E+00  3.00000E-01
      11  1.37642E-03  1.53386E-03 -9.61518E+01 -8.66754E+01  3.87500E+00  1.62519E+02  1.46387E+02  5.24270E+00  1.87601E-01  1.21100E-01  3.00000E-01  4.36454E-02  0.00000E+00  3.00000E-01
      12  1.30222E-02  1.20978E-02 -1.90864E+01 -2.61590E+01  1.95760E+00  1.93281E+02  2.01454E+02  1.89660E+00  6.63924E-03  3.65000E-02  3.00000E-01  2.71823E-02  0.00000E+00  3.00000E-01
      13  5.08673E-03  4.53704E-03 -2.92875E+01 -3.72943E+01  2.53240E+00  1.84316E+02  1.78601E+02  2.62510E+00 -1.08174E-02  5.21000E-02  3.00000E-01  5.42916E-02  0.00000E+00  3.00000E-01
      14  1.06445E-02  1.04139E-02 -3.05478E+01 -3.44990E+01  2.01780E+00  2.03632E+02  2.09083E+02  2.43910E+00  3.37767E-02  4.82000E-02  3.00000E-01 -2.94260E-04  0.00000E+00  3.00000E-01
      15  1.28514E-02  1.27968E-02 -1.42996E+01 -1.63027E+01  2.61890E+00  2.00609E+02  2.13903E+02  2.26050E+00  1.84771E-02  2.28000E-02  3.00000E-01 -1.03750E-02  0.00000E+00  3.00000E-01
      16  2.63649E-03  2.71751E-03 -3.92609E+01 -3.87077E+01  4.33610E+00  1.49778E+02  1.50981E+02  4.82940E+00  1.01156E-03  5.41000E-02  3.00000E-01  3.13999E-02  0.00000E+00  3.00000E-01
      17  9.87356E-03  9.50291E-03 -6.04658E+01 -6.05436E+01  3.43570E+00  1.56025E+02  1.25864E+02  3.59830E+00  2.14853E-02  8.46000E-02  3.00000E-01 -1.18930E-03  0.00000E+00  3.00000E-01
      18  1.53564E-03  1.42995E-03 -2.08647E+01 -1.97254E+01  4.73350E+00  1.77288E+02  1.58949E+02  4.61790E+00 -9.29351E-03  2.76000E-02  3.00000E-01  3.12247E-02  0.00000E+00  3.00000E-01
      19  4.11107E-03  3.62462E-03  5.90518E+00  4.25290E+00  2.76540E+00  1.81981E+02  1.68387E+02  2.73010E+00 -5.07565E-04 -5.90000E-03  3.00000E-01  3.80961E-02  0.00000E+00  3.00000E-01
      20  4.09600E-03  4.09786E-03 -2.18300E+01 -1.64615E+01  3.52970E+00  1.45505E+02  1.43857E+02  3.54450E+00 -6.22490E-03  2.30000E-02  3.00000E-01  3.13970E-02  0.00000E+00  3.00000E-01
      21  3.88766E-03  3.38605E-03  1.18548E+01  3.07820E+00  3.50300E+00  1.84121E+02  1.78698E+02  3.01190E+00  4.66187E-03 -4.30000E-03  3.00000E-01  5.47642E-02  0.00000E+00  3.00000E-01
      22  1.02351E-02  1.00125E-02  5.02425E+00  7.42610E+00  2.47200E+00  1.97308E+02  2.04616E+02  2.28450E+00 -5.17359E-03 -1.04000E-02  3.00000E-01 -2.05940E-04  0.00000E+00  3.00000E-01
      23  2.09485E-03  2.09404E-03  9.01377E+00  6.42000E-02  3.23530E+00  1.60114E+02  1.46307E+02  3.75370E+00 -2.35965E-03 -1.00000E-04  3.00000E-01  7.98151E-03  0.00000E+00  3.00000E-01
      24  7.16826E-03  6.87948E-03 -4.70515E+01 -4.05902E+01  1.00825E+01  1.39540E+02  1.11405E+02  1.00086E+01  8.42170E-04  5.67000E-02  3.00000E-01 -2.83487E-02  0.00000E+00  3.00000E-01
      25  7.36945E-03  6.38738E-03 -8.99327E+00 -1.27600E-01  6.76040E+00  1.55303E+02  1.10589E+02  7.09400E+00 -6.15092E-03  2.00000E-04  3.00000E-01 -2.63908E-02  0.00000E+00  3.00000E-01
      26  1.03624E-02  1.01270E-02 -7.95442E+01 -8.73687E+01  8.21170E+00  1.20980E+02  1.02161E+02  7.20870E+00  4.46182E-02  1.22100E-01  3.00000E-01 -3.00925E-03  0.00000E+00  3.00000E-01
      27  3.33212E-03  3.26551E-03 -9.16855E+01 -8.97611E+01  4.07440E+00  1.51862E+02  1.22064E+02  4.59060E+00  7.86538E-02  1.25400E-01  3.00000E-01  1.11617E-02  0.00000E+00  3.00000E-01
      28  1.26100E-03  1.35070E-03 -9.51086E+01 -9.18239E+01  4.08350E+00  1.56976E+02  1.37606E+02  4.08200E+00  1.85315E-01  1.28300E-01  3.00000E-01  6.07091E-02  0.00000E+00  3.00000E-01
      29  1.56682E-03  1.73929E-03 -9.22621E+01 -8.53951E+01  3.61540E+00  1.74705E+02  1.51784E+02  3.88060E+00  2.13319E-01  1.19300E-01  3.00000E-01  3.97843E-02  0.00000E+00  3.00000E-01
      30  3.47699E-03  2.95636E-03 -9.41115E+01 -1.14358E+02  4.66580E+00  1.52631E+02  1.22178E+02  4.97350E+00  4.93633E-02  1.59800E-01  3.00000E-01  2.73940E-02  0.00000E+00  3.00000E-01
      31  1.92749E-03  2.06601E-03 -8.74246E+01 -8.14300E+01  3.54520E+00  1.95273E+02  1.60441E+02  3.61190E+00  1.89133E-01  1.13800E-01  3.00000E-01 -6.69006E-04  0.00000E+00  3.00000E-01
      32  1.03445E-02  1.03002E-02 -1.29698E+02 -1.32051E+02  4.99940E+00  1.57598E+02  1.03527E+02  5.06440E+00  8.32518E-02  1.84500E-01  3.00000E-01 -4.29894E-02  0.00000E+00  3.00000E-01
      33  6.48277E-03  4.96351E-03 -1.38622E+02 -1.24535E+02  3.79810E+00  1.76577E+02  1.22670E+02  4.11950E+00  5.06833E-02  1.74000E-01  3.00000E-01 -5.43775E-02  0.00000E+00  3.00000E-01
      34  3.29359E-03  3.12088E-03 -9.49438E+01 -9.57580E+01  3.50070E+00  1.53062E+02  1.29370E+02  3.37900E+00  1.18398E-01  1.33800E-01  3.00000E-01  6.27176E-02  0.00000E+00  3.00000E-01
      35  1.26296E-02  1.22384E-02 -1.69640E+02 -1.52696E+02  3.72370E+00  1.54182E+02  9.98517E+01  3.80120E+00  8.00719E-02  2.13300E-01  3.00000E-01 -3.04935E-02  0.00000E+00  3.00000E-01
      36  1.32579E-03  1.46532E-03 -9.36564E+01 -9.03990E+01  3.94300E+00  1.61703E+02  1.43693E+02  3.89150E+00  2.23727E-01  1.26300E-01  3.00000E-01  7.22450E-02  0.00000E+00  3.00000E-01
      37  1.30718E-02  1.51231E-02 -1.06835E+02 -1.61801E+02  6.01230E+00  1.01375E+02  8.50652E+01  6.60920E+00  1.19643E-01  2.26100E-01  3.00000E-01  2.41946E-02  0.00000E+00  3.00000E-01
      38  5.20918E-03  4.10350E-03 -1.18812E+02 -1.11794E+02  2.99430E+00  1.68125E+02  1.19721E+02  3.35420E+00  3.86454E-02  1.56200E-01  3.00000E-01 -3.16505E-03  0.00000E+00  3.00000E-01
      39  2.72557E-03  2.96587E-03 -9.13759E+01 -9.52033E+01  3.35160E+00  1.65347E+02  1.44592E+02  3.36560E+00  2.05470E-01  1.33000E-01  3.00000E-01  5.45685E-02  0.00000E+00  3.00000E-01
      40  1.27365E-02  9.66265E-03 -6.22684E+01 -1.97637E+02  6.00790E+00  9.01518E+01  6.55906E+01  7.20350E+00 -1.76386E-01  2.76100E-01  3.00000E-01 -5.37576E-02  0.00000E+00  3.00000E-01
      41  9.99181E-03  1.08981E-02 -1.20010E+02 -1.65616E+02  4.30430E+00  1.11381E+02  8.33342E+01  4.77530E+00  8.22204E-02  2.31400E-01  3.00000E-01  8.17903E-02  0.00000E+00  3.00000E-01
      42  6.42479E-03  5.94909E-03 -1.47244E+02 -1.25516E+02  3.53720E+00  1.65739E+02  1.04361E+02  3.94210E+00  1.00923E-01  1.75400E-01  3.00000E-01 -5.74412E-02  0.00000E+00  3.00000E-01
      43  1.35066E-02  1.68848E-02 -1.35604E+02 -2.00253E+02  4.68790E+00  8.12173E+01  7.05455E+01  6.39010E+00  1.92796E-01  2.79800E-01  3.00000E-01  9.74196E-02  0.00000E+00  3.00000E-01
      44  3.01335E-03  2.26648E-03 -1.12312E+02 -1.13573E+02  4.52250E+00  1.66491E+02  1.17822E+02  4.77830E+00  3.79735E-02  1.58700E-01  3.00000E-01 -3.83737E-02  0.00000E+00  3.00000E-01
      45  1.25680E-03  1.37600E-03 -9.75104E+01 -9.20753E+01  3.96280E+00  1.56981E+02  1.46072E+02  3.57010E+00  1.88428E-01  1.28600E-01  3.00000E-01  5.93935E-02  0.00000E+00  3.00000E-01
      46  1.65095E-03  1.79677E-03 -9.34037E+01 -9.10898E+01  3.34400E+00  1.76796E+02  1.61695E+02  3.60620E+00  1.96453E-01  1.27300E-01  3.00000E-01  4.01596E-02  0.00000E+00  3.00000E-01
      47  3.33790E-03  3.10723E-03 -9.33112E+01 -9.81729E+01  3.58330E+00  1.53413E+02  1.21180E+02  4.10090E+00  7.28759E-02  1.37200E-01  3.00000E-01  1.60620E-02  0.00000E+00  3.00000E-01
      48  4.74556E-03  4.70152E-03 -8.71375E+01 -6.95816E+01  2.54100E+00  2.07000E+02  1.64613E+02  2.59370E+00  1.26968E-01  9.72000E-02  3.00000E-01 -1.76328E-03  0.00000E+00  3.00000E-01
      49  1.23583E-03  1.37813E-03 -9.66178E+01 -8.82302E+01  3.46790E+00  1.56715E+02  1.57875E+02  3.15310E+00  1.62673E-01  1.23300E-01  3.00000E-01  4.12068E-02  0.00000E+00  3.00000E-01
      50  1.69448E-03  1.85203E-03 -9.35300E+01 -8.23289E+01  3.31840E+00  1.81741E+02  1.67328E+02  3.32990E+00  1.43579E-01  1.15000E-01  3.00000E-01  2.15538E-02  0.00000E+00  3.00000E-01
      51  8.72558E-03  9.44797E-03 -9.96489E+01 -1.07611E+02  5.32290E+00  1.38372E+02  9.51285E+01  5.75030E+00  3.70294E-02  1.50400E-01  3.00000E-01 -9.20192E-03  0.00000E+00  3.00000E-01
      52  3.85081E-03  3.52664E-03 -6.82979E+01 -5.18417E+01  2.48570E+00  2.19817E+02  2.05582E+02  2.37090E+00  5.14057E-02  7.24000E-02  3.00000E-01  1.70078E-03  0.00000E+00  3.00000E-01
      53  1.14797E-03  1.30378E-03 -8.92913E+01 -7.95708E+01  3.64480E+00  1.56155E+02  1.44946E+02  4.05920E+00  1.41963E-01  1.11200E-01  3.00000E-01  2.63260E-02  0.00000E+00  3.00000E-01
      54  2.58632E-03  2.45348E-03 -9.32929E+01 -9.13735E+01  3.94420E+00  1.61511E+02  1.18040E+02  3.70890E+00  4.97242E-02  1.27700E-01  3.00000E-01 -3.29597E-02  0.00000E+00  3.00000E-01
      55  1.60547E-03  1.75054E-03 -8.45059E+01 -7.26749E+01  2.99110E+00  1.78015E+02  1.64762E+02  3.44310E+00  9.78775E-02  1.01500E-01  3.00000E-01  1.68342E-02  0.00000E+00  3.00000E-01
      56  2.41046E-03  2.28817E-03 -7.99468E+01 -6.05916E+01  2.90940E+00  2.04936E+02  1.76118E+02  3.11640E+00  6.40353E-02  8.47000E-02  3.00000E-01  6.11511E-06  0.00000E+00  3.00000E-01
      57  3.95646E-03  3.60828E-03 -6.03591E+01 -3.90104E+01  2.31750E+00  2.11908E+02  2.06014E+02  2.31160E+00  1.89209E-02  5.45000E-02  3.00000E-01  1.57078E-02  0.00000E+00  3.00000E-01
      58  7.33416E-03  6.93287E-03 -3.56359E+01 -3.44129E+01  2.42660E+00  2.02498E+02  2.06800E+02  2.04820E+00  2.30579E-02  4.81000E-02  3.00000E-01  1.89151E-02  0.00000E+00  3.00000E-01
      59  5.40770E-03  5.01400E-03 -7.17617E+01 -7.06768E+01  3.54790E+00  1.61545E+02  1.21332E+02  3.99690E+00  2.18309E-02  9.87000E-02  3.00000E-01 -2.88209E-02  0.00000E+00  3.00000E-01
      60  1.00899E-03  1.11532E-03 -7.26004E+01 -6.58570E+01  4.59500E+00  1.58654E+02  1.38512E+02  5.63270E+00  8.50674E-02  9.20000E-02  3.00000E-01  1.51137E-02  0.00000E+00  3.00000E-01
      61  1.40311E-03  1.48978E-03 -6.76811E+01 -5.91339E+01  3.37190E+00  1.76244E+02  1.71291E+02  3.71740E+00  5.16797E-02  8.26000E-02  3.00000E-01  1.11155E-02  0.00000E+00  3.00000E-01
      62  2.08762E-03  1.93812E-03 -6.15554E+01 -4.92578E+01  3.20750E+00  1.95019E+02  1.70370E+02  3.17090E+00  1.37986E-02  6.88000E-02  3.00000E-01  1.90380E-02  0.00000E+00  3.00000E-01
      63  1.29262E-02  1.28935E-02 -1.88030E+01 -1.66150E+01  2.31170E+00  2.01678E+02  2.14012E+02  2.27080E+00  2.39571E-02  2.32000E-02  3.00000E-01 -1.05905E-02  0.00000E+00  3.00000E-01
      64  3.36190E-03  3.00412E-03 -4.61132E+01 -3.48226E+01  3.01100E+00  2.01167E+02  1.92501E+02  3.20530E+00 -1.28220E-02  4.87000E-02  3.00000E-01  3.98163E-02  0.00000E+00  3.00000E-01
      65  3.24146E-03  3.34074E-03 -4.43585E+01 -4.67406E+01  4.32920E+00  1.48669E+02  1.29943E+02  4.18700E+00  4.61774E-03  6.53000E-02  3.00000E-01  1.57125E-02  0.00000E+00  3.00000E-01
      66  1.62288E-02  1.54833E-02 -1.19366E+01 -9.71960E+00  1.98640E+00  1.94968E+02  2.04650E+02  1.82760E+00  6.31227E-03  1.36000E-02  3.00000E-01  1.31007E-02  0.00000E+00  3.00000E-01
      67  2.91442E-02  2.94654E-02  8.34787E+00  1.97364E+01  1.65850E+00  2.02293E+02  2.10271E+02  1.68840E+00 -1.12842E-02 -2.76000E-02  3.00000E-01 -1.83836E-02  0.00000E+00  3.00000E-01
      68  1.28766E-02  1.25085E-02 -5.75312E+01 -5.53930E+01  7.43740E+00  1.19485E+02  9.90821E+01  6.39610E+00  3.21090E-02  7.74000E-02  3.00000E-01 -2.42849E-02  0.00000E+00  3.00000E-01
      69  1.64507E-03  1.54878E-03 -4.62470E+01 -3.85227E+01  2.88670E+00  1.76017E+02  1.74375E+02  3.53670E+00  1.16563E-02  5.38000E-02  3.00000E-01  3.14568E-02  0.00000E+00  3.00000E-01
      70  6.08167E-03  5.48340E-03  1.25270E+01  1.72862E+01  3.27700E+00  1.33700E+02  1.21636E+02  3.75850E+00  1.55397E-02 -2.42000E-02  3.00000E-01  7.79370E-02  0.00000E+00  3.00000E-01
      71  2.47359E-03  2.15297E-03 -3.14272E+01 -1.98976E+01  3.89570E+00  1.87297E+02  1.70702E+02  3.88190E+00 -1.36166E-02  2.78000E-02  3.00000E-01  3.95336E-02  0.00000E+00  3.00000E-01
      72  9.35559E-03  8.47745E-03  3.13888E+01  2.54342E+01  2.23560E+00  1.94548E+02  1.98916E+02  2.20800E+00 -3.34985E-03 -3.55000E-02  3.00000E-01  3.80201E-02  0.00000E+00  3.00000E-01
      73  4.11866E-03  3.73410E-03  3.69758E+01  3.19210E+01  2.31940E+00  1.82906E+02  1.72709E+02  2.61440E+00  1.20406E-02 -4.46000E-02  3.00000E-01  3.98223E-02  0.00000E+00  3.00000E-01
      74  3.88766E-03  3.40459E-03 -1.14249E+01 -3.07820E+00  3.50300E+00  1.82872E+02  1.78698E+02  3.01190E+00 -3.66376E-03  4.30000E-03  3.00000E-01  5.25629E-02  0.00000E+00  3.00000E-01
      75  5.42531E-03  4.74490E-03 -4.59315E+01 -3.44652E+01  5.16830E+00  1.59602E+02  1.07433E+02  5.64620E+00 -2.20001E-02  4.82000E-02  3.00000E-01 -1.51974E-02  0.00000E+00  3.00000E-01
      76  1.28514E-02  1.28440E-02  1.34195E+01  1.63027E+01  2.61890E+00  2.00789E+02  2.13903E+02  2.26050E+00 -1.70207E-02 -2.28000E-02  3.00000E-01 -1.07875E-02  0.00000E+00  3.00000E-01
      77  1.33877E-02  1.29437E-02 -5.65158E+01 -1.55468E+02  5.77590E+00  7.72086E+01  6.82334E+01  7.73900E+00 -1.37020E-01  2.17200E-01  3.00000E-01  1.54281E-02  0.00000E+00  3.00000E-01
      78  9.13856E-03  5.66740E-03 -3.01538E+01 -2.14718E+02  6.11990E+00  3.94439E+01  5.66170E+01  9.13570E+00 -9.79736E-02  3.00000E-01  3.00000E-01  1.60223E-01  0.00000E+00  3.00000E-01
      79  1.46669E-03  1.49101E-03 -3.29678E+01 -2.66730E+01  4.69660E+00  1.39580E+02  1.32862E+02  5.12060E+00 -1.61187E-03  3.73000E-02  3.00000E-01  2.60419E-02  0.00000E+00  3.00000E-01
      80  1.23028E-03  1.22060E-03 -3.55370E+01 -2.19635E+01  3.75400E+00  1.64136E+02  1.45756E+02  4.26770E+00  1.59505E-02  3.07000E-02  3.00000E-01  1.40333E-02  0.00000E+00  3.00000E-01
      81  2.16485E-03  2.17830E-03 -2.08928E+01 -1.50469E+01  4.04570E+00  1.42719E+02  1.28562E+02  4.76240E+00 -4.42271E-03  2.10000E-02  3.00000E-01  2.01807E-02  0.00000E+00  3.00000E-01
      82  1.71572E-03  1.56081E-03 -1.70522E+01 -1.69529E+01  4.11020E+00  1.78542E+02  1.64466E+02  4.08680E+00 -3.31251E-03  2.37000E-02  3.00000E-01  2.88715E-02  0.00000E+00  3.00000E-01
      83  5.87670E-03  5.36277E-03  9.30695E+00  2.36044E+01  2.54170E+00  1.87785E+02  2.01731E+02  2.35250E+00 -3.36992E-03 -3.30000E-02  3.00000E-01  3.38563E-02  0.00000E+00  3.00000E-01
      84  2.39535E-03  2.08751E-03  4.85979E+00  6.25090E+00  3.73800E+00  1.86667E+02  1.71546E+02  3.66870E+00 -5.57972E-04 -8.70000E-03  3.00000E-01  4.17152E-02  0.00000E+00  3.00000E-01
      85  4.75211E-03  3.90822E-03 -5.86014E+00 -1.49436E+01  5.71080E+00  1.66441E+02  1.03941E+02  6.87710E+00 -7.14007E-03  2.09000E-02  3.00000E-01 -1.78542E-02  0.00000E+00  3.00000E-01
      86  1.18661E-03  1.13684E-03 -1.90597E+00  5.89020E+00  3.99590E+00  1.61181E+02  1.53860E+02  4.59740E+00  7.45208E-03 -8.20000E-03  3.00000E-01  2.16318E-02  0.00000E+00  3.00000E-01
      87  1.35500E-02  1.27742E-02  3.49511E+01  3.74109E+01  1.99580E+00  2.02975E+02  2.02812E+02  1.97070E+00 -2.00457E-02 -5.23000E-02  3.00000E-01  1.90536E-02  0.00000E+00  3.00000E-01
      88  3.18483E-03  2.77265E-03  2.50179E+01  3.76838E+01  3.34130E+00  1.89734E+02  1.85456E+02  3.54960E+00  1.09445E-02 -5.27000E-02  3.00000E-01  4.42258E-02  0.00000E+00  3.00000E-01
      89  1.06445E-02  1.03602E-02  3.05555E+01  3.44990E+01  2.01780E+00  2.04066E+02  2.09083E+02  2.43910E+00 -3.31115E-02 -4.82000E-02  3.00000E-01 -2.37205E-04  0.00000E+00  3.00000E-01
      90  1.53564E-03  1.43210E-03  2.25056E+01  1.97254E+01  4.73350E+00  1.76040E+02  1.58949E+02  4.61790E+00  5.63182E-03 -2.76000E-02  3.00000E-01  3.21830E-02  0.00000E+00  3.00000E-01
      91  7.33416E-03  6.91460E-03  3.56072E+01  3.44129E+01  2.42660E+00  2.01987E+02  2.06800E+02  2.04820E+00 -2.56027E-02 -4.81000E-02  3.00000E-01  1.78629E-02  0.00000E+00  3.00000E-01
      92  1.52209E-03  1.54226E-03  4.64864E+00 -1.66190E+00  4.87370E+00  1.44037E+02  1.34958E+02  5.21500E+00  5.28449E-03  2.30000E-03  3.00000E-01  2.47111E-02  0.00000E+00  3.00000E-01
      93  3.71651E-03  3.32874E-03  4.49875E+01  4.55340E+01  2.66940E+00  2.01113E+02  1.84950E+02  2.80100E+00  4.88657E-03 -6.36000E-02  3.00000E-01  3.93556E-02  0.00000E+00  3.00000E-01
      94  1.90190E-03  1.75381E-03  3.94486E+01  3.67685E+01  3.88200E+00  1.82904E+02  1.70325E+02  3.90010E+00 -1.82010E-03 -5.14000E-02  3.00000E-01  3.97029E-02  0.00000E+00  3.00000E-01
      95  3.04395E-03  2.77007E-03  1.53887E+01  4.09800E+00  6.29160E+00  1.37913E+02  1.28315E+02  5.83360E+00  2.11490E-02 -5.70000E-03  3.00000E-01  7.44470E-02  0.00000E+00  3.00000E-01
      96  1.03871E-02  9.67479E-03  5.56752E+01  4.96517E+01  1.89490E+00  2.15918E+02  2.04868E+02  1.86230E+00 -4.32608E-02 -6.94000E-02  3.00000E-01  6.32050E-03  0.00000E+00  3.00000E-01
      97  1.03463E-03  1.06626E-03  2.87119E+01  2.43638E+01  5.29040E+00  1.55880E+02  1.54438E+02  5.63680E+00 -1.07304E-02 -3.40000E-02  3.00000E-01  1.52144E-02  0.00000E+00  3.00000E-01
      98  1.23028E-03  1.19881E-03  3.26312E+01  2.19635E+01  3.75400E+00  1.63566E+02  1.45756E+02  4.26770E+00 -1.24387E-02 -3.07000E-02  3.00000E-01  1.96569E-02  0.00000E+00  3.00000E-01
      99  3.95646E-03  3.56598E-03  5.84155E+01  3.90104E+01  2.31750E+00  2.11955E+02  2.06014E+02  2.31160E+00 -2.29749E-02 -5.45000E-02  3.00000E-01  1.46970E-02  0.00000E+00  3.00000E-01
     100  3.63803E-03  3.27944E-03  6.23847E+01  5.93916E+01  2.64100E+00  2.13781E+02  1.79503E+02  2.60000E+00 -2.26536E-02 -8.30000E-02  3.00000E-01  1.10575E-02  0.00000E+00  3.00000E-01
     101  4.40999E-03  4.16474E-03  6.72256E+01  5.56762E+01  3.02470E+00  1.97838E+02  1.67626E+02  3.00050E+00 -2.63981E-02 -7.78000E-02  3.00000E-01  1.46396E-02  0.00000E+00  3.00000E-01
     102  4.65093E-03  4.24155E-03  6.12922E+01  6.41298E+01  3.00430E+00  2.21018E+02  1.84157E+02  2.87750E+00 -4.97591E-02 -8.96000E-02  3.00000E-01  7.00693E-04  0.00000E+00  3.00000E-01
     103  1.23156E-03  1.24850E-03  4.38319E+01  3.85853E+01  5.73760E+00  1.60011E+02  1.61140E+02  6.70480E+00 -2.31541E-02 -5.39000E-02  3.00000E-01  2.70310E-02  0.00000E+00  3.00000E-01
     104  9.85493E-03  9.32221E-03  2.90444E+01  2.30641E+01  9.59970E+00  1.30858E+02  1.07645E+02  9.74700E+00  8.01874E-04 -3.22000E-02  3.00000E-01 -2.63636E-02  0.00000E+00  3.00000E-01
     105  2.76917E-03  2.87120E-03  3.62171E+01  3.67031E+01  5.26070E+00  1.40421E+02  1.39582E+02  5.24910E+00  4.60654E-04 -5.13000E-02  3.00000E-01  2.92730E-02  0.00000E+00  3.00000E-01
     106  2.08762E-03  1.99469E-03  6.18177E+01  4.92578E+01  3.20750E+00  1.92719E+02  1.70370E+02  3.17090E+00 -9.03676E-03 -6.88000E-02  3.00000E-01  2.54541E-02  0.00000E+00  3.00000E-01
     107  1.39072E-03  1.45083E-03  6.01604E+01  4.86514E+01  5.14740E+00  1.72045E+02  1.61512E+02  5.38590E+00 -3.80708E-02 -6.80000E-02  3.00000E-01  2.43019E-02  0.00000E+00  3.00000E-01
     108  5.58888E-03  5.35335E-03  8.17386E+01  7.60691E+01  2.84590E+00  2.16062E+02  1.68728E+02  3.07360E+00 -1.06002E-01 -1.06300E-01  3.00000E-01 -8.19733E-03  0.00000E+00  3.00000E-01
     109  1.59959E-03  1.64364E-03  3.73153E+01  3.12237E+01  4.52500E+00  1.42386E+02  1.28783E+02  4.74540E+00 -1.02330E-02 -4.36000E-02  3.00000E-01  6.02600E-03  0.00000E+00  3.00000E-01
     110  2.41046E-03  2.33272E-03  7.87035E+01  6.05916E+01  2.90940E+00  2.05643E+02  1.76118E+02  3.11640E+00 -4.70721E-02 -8.47000E-02  3.00000E-01 -1.43785E-03  0.00000E+00  3.00000E-01
     111  3.22140E-03  2.99105E-03  7.90156E+01  6.87448E+01  2.57530E+00  2.22494E+02  1.75875E+02  2.77020E+00 -9.82980E-02 -9.60000E-02  3.00000E-01 -1.18636E-02  0.00000E+00  3.00000E-01
     112  2.65505E-03  2.75637E-03  5.15867E+01  5.27820E+01  4.76920E+00  1.52173E+02  1.32920E+02  4.55460E+00 -2.83243E-02 -7.37000E-02  3.00000E-01  1.38590E-02  0.00000E+00  3.00000E-01
     113  2.47299E-03  2.41466E-03  8.82977E+01  6.44952E+01  3.38250E+00  2.09644E+02  1.68797E+02  3.75640E+00 -1.00018E-01 -9.01000E-02  3.00000E-01 -9.82819E-04  0.00000E+00  3.00000E-01
     114  1.47074E-03  1.58827E-03  7.88934E+01  6.09376E+01  3.68380E+00  1.75788E+02  1.44153E+02  4.23210E+00 -8.46820E-02 -8.51000E-02  3.00000E-01  2.11067E-02  0.00000E+00  3.00000E-01
     115  2.41210E-03  2.58348E-03  6.84467E+01  6.14871E+01  2.71850E+00  1.65217E+02  1.61346E+02  3.10260E+00 -7.43275E-02 -8.59000E-02  3.00000E-01  1.31308E-02  0.00000E+00  3.00000E-01
     116  4.85924E-03  4.28832E-03  4.67401E+01  2.17985E+01  7.38860E+00  1.63030E+02  1.05102E+02  7.90260E+00  1.09364E-02 -3.05000E-02  3.00000E-01 -5.63236E-02  0.00000E+00  3.00000E-01
     117  2.10040E-03  2.11914E-03  9.06651E+01  6.88558E+01  4.02080E+00  1.96880E+02  1.48397E+02  3.99660E+00 -1.14576E-01 -9.62000E-02  3.00000E-01  1.02652E-02  0.00000E+00  3.00000E-01
     118  2.68487E-03  2.88985E-03  6.21229E+01  5.92784E+01  5.08820E+00  1.54010E+02  1.31205E+02  5.16520E+00 -6.63215E-02 -8.28000E-02  3.00000E-01  1.25699E-02  0.00000E+00  3.00000E-01
     119  1.60547E-03  1.72827E-03  8.45856E+01  7.26749E+01  2.99110E+00  1.79076E+02  1.64762E+02  3.44310E+00 -9.45404E-02 -1.01500E-01  3.00000E-01  1.18990E-02  0.00000E+00  3.00000E-01
     120  8.03854E-03  7.41693E-03  6.54799E+01  5.09015E+01  5.64670E+00  1.64311E+02  1.16348E+02  5.83170E+00 -5.44203E-03 -7.11000E-02  3.00000E-01 -3.73106E-02  0.00000E+00  3.00000E-01
     121  2.27257E-03  2.30739E-03  8.73183E+01  7.61701E+01  3.84970E+00  2.04413E+02  1.60800E+02  3.58570E+00 -1.48331E-01 -1.06400E-01  3.00000E-01  1.45745E-03  0.00000E+00  3.00000E-01
     122  2.83506E-03  3.20267E-03  9.31914E+01  8.27018E+01  3.09000E+00  1.67239E+02  1.44534E+02  3.77070E+00 -1.60400E-01 -1.15500E-01  3.00000E-01  3.06484E-02  0.00000E+00  3.00000E-01
     123  3.41115E-03  3.69124E-03  9.03228E+01  8.16806E+01  2.73720E+00  1.81712E+02  1.52411E+02  2.86250E+00 -1.85044E-01 -1.14100E-01  3.00000E-01  2.52026E-02  0.00000E+00  3.00000E-01
     124  2.93032E-03  3.21941E-03  9.34623E+01  8.51497E+01  2.39760E+00  1.69647E+02  1.62344E+02  2.28950E+00 -1.53386E-01 -1.19000E-01  3.00000E-01  3.35489E-02  0.00000E+00  3.00000E-01
     125  1.92749E-03  2.11083E-03  9.05561E+01  8.14300E+01  3.54520E+00  1.90771E+02  1.60441E+02  3.61190E+00 -1.92574E-01 -1.13800E-01  3.00000E-01  1.92116E-02  0.00000E+00  3.00000E-01
     126  1.65095E-03  1.82566E-03  9.02375E+01  9.10898E+01  3.34400E+00  1.80386E+02  1.61695E+02  3.60620E+00 -1.86556E-01 -1.27300E-01  3.00000E-01  2.18844E-02  0.00000E+00  3.00000E-01
     127  1.05965E-03  1.22204E-03  8.98204E+01  7.22056E+01  4.37510E+00  1.54791E+02  1.27268E+02  4.80780E+00 -1.32725E-01 -1.00900E-01  3.00000E-01  1.53269E-02  0.00000E+00  3.00000E-01
     128  1.14797E-03  1.31196E-03  8.94234E+01  7.95708E+01  3.64480E+00  1.57847E+02  1.44946E+02  4.05920E+00 -1.33611E-01 -1.11200E-01  3.00000E-01  3.05687E-02  0.00000E+00  3.00000E-01
     129  4.85228E-03  4.47361E-03  8.60859E+01  8.53516E+01  4.42960E+00  1.62812E+02  1.15338E+02  5.08700E+00 -3.45003E-02 -1.19300E-01  3.00000E-01 -2.89189E-02  0.00000E+00  3.00000E-01
     130  3.67954E-03  3.24953E-03  4.92710E+01  5.04692E+01  5.06090E+00  1.53908E+02  1.17951E+02  5.57950E+00  2.81665E-02 -7.05000E-02  3.00000E-01  5.50660E-03  0.00000E+00  3.00000E-01
     131  2.72557E-03  2.98130E-03  9.55438E+01  9.52033E+01  3.35160E+00  1.64134E+02  1.44592E+02  3.36560E+00 -2.12300E-01 -1.33000E-01  3.00000E-01  6.82549E-02  0.00000E+00  3.00000E-01
     132  2.89686E-03  2.83382E-03  9.33524E+01  9.59976E+01  4.33880E+00  1.49251E+02  1.25222E+02  4.68940E+00 -9.79902E-02 -1.34100E-01  3.00000E-01  3.11084E-02  0.00000E+00  3.00000E-01
     133  6.10500E-03  6.01854E-03  9.91778E+01  8.64738E+01  4.31310E+00  1.65352E+02  1.08404E+02  4.79760E+00 -4.41216E-02 -1.20800E-01  3.00000E-01 -5.95992E-02  0.00000E+00  3.00000E-01
     134  1.26100E-03  1.33372E-03  9.52869E+01  9.18239E+01  4.08350E+00  1.54329E+02  1.37606E+02  4.08200E+00 -1.94121E-01 -1.28300E-01  3.00000E-01  7.36350E-02  0.00000E+00  3.00000E-01
     135  1.12874E-02  1.15794E-02  8.72687E+01  9.52826E+01  8.11970E+00  1.26442E+02  1.02093E+02  6.80250E+00 -4.39177E-02 -1.33100E-01  3.00000E-01 -4.88131E-03  0.00000E+00  3.00000E-01
     136  1.25680E-03  1.37849E-03  9.35467E+01  9.20753E+01  3.96280E+00  1.58782E+02  1.46072E+02  3.57010E+00 -1.75230E-01 -1.28600E-01  3.00000E-01  5.52695E-02  0.00000E+00  3.00000E-01
     137  2.45765E-03  2.58507E-03  9.21605E+01  9.12632E+01  3.29800E+00  1.60734E+02  1.39211E+02  3.28030E+00 -1.79480E-01 -1.27500E-01  3.00000E-01  5.87994E-02  0.00000E+00  3.00000E-01
     138  3.20993E-03  3.22334E-03  8.17681E+01  8.24222E+01  3.56590E+00  1.52839E+02  1.26230E+02  3.92700E+00 -7.21810E-02 -1.15200E-01  3.00000E-01  3.48078E-03  0.00000E+00  3.00000E-01
     139  3.14311E-03  2.74347E-03  1.01021E+02  9.89743E+01  3.80460E+00  1.65023E+02  1.11957E+02  3.76270E+00 -3.51005E-02 -1.38300E-01  3.00000E-01 -5.08950E-02  0.00000E+00  3.00000E-01
     140  2.16173E-03  2.00764E-03  9.63593E+01  9.70276E+01  4.30390E+00  1.56428E+02  1.29884E+02  4.05950E+00 -1.14515E-01 -1.35600E-01  3.00000E-01  6.11850E-02  0.00000E+00  3.00000E-01
     141  2.81751E-03  2.43865E-03  9.37984E+01  1.05362E+02  4.43740E+00  1.51902E+02  1.25949E+02  4.98880E+00 -7.68550E-02 -1.47200E-01  3.00000E-01  3.39891E-02  0.00000E+00  3.00000E-01
     142  7.38167E-03  6.59101E-03  1.29061E+02  1.30449E+02  4.55590E+00  1.65180E+02  1.11069E+02  4.77790E+00 -7.65383E-02 -1.82300E-01  3.00000E-01 -5.37983E-02  0.00000E+00  3.00000E-01
     143  4.25213E-03  3.30537E-03  1.24375E+02  1.22448E+02  4.22050E+00  1.68672E+02  1.22967E+02  4.61680E+00 -3.87608E-02 -1.71100E-01  3.00000E-01 -2.02040E-02  0.00000E+00  3.00000E-01
     144  1.36557E-02  1.47913E-02  7.40541E+01  1.42943E+02  7.38560E+00  9.31787E+01  8.77775E+01  7.51160E+00  3.68535E-02 -1.99700E-01  3.00000E-01 -3.97890E-02  0.00000E+00  3.00000E-01
     145  9.71084E-04  7.94855E-04  1.00258E+02  1.05273E+02  4.89950E+00  1.58422E+02  1.22078E+02  5.21350E+00 -3.09952E-02 -1.47100E-01  3.00000E-01  3.17026E-02  0.00000E+00  3.00000E-01
     146  5.73162E-03  5.07338E-03  1.36679E+02  1.17864E+02  3.54300E+00  1.67989E+02  1.11039E+02  3.97860E+00 -8.86774E-02 -1.64700E-01  3.00000E-01 -6.47067E-02  0.00000E+00  3.00000E-01
     147  2.53145E-03  1.89942E-03  1.30553E+02  1.16630E+02  4.58890E+00  1.69752E+02  1.15629E+02  5.27200E+00 -2.95077E-02 -1.63000E-01  3.00000E-01 -2.26417E-02  0.00000E+00  3.00000E-01
     148  7.57355E-03  6.72941E-03  1.73796E+02  1.38060E+02  4.37150E+00  1.67800E+02  1.11025E+02  4.52190E+00 -1.02174E-01 -1.92900E-01  3.00000E-01 -5.35230E-02  0.00000E+00  3.00000E-01
     149  1.86381E-02  2.03007E-02  1.18001E+02  1.84203E+02  4.12540E+00  1.05386E+02  8.31491E+01  4.92460E+00 -9.00998E-02 -2.57400E-01  3.00000E-01  2.94012E-02  0.00000E+00  3.00000E-01
     150  1.36023E-02  1.30500E-02  1.51697E+02  1.49848E+02  3.14210E+00  1.50404E+02  9.61340E+01  3.36050E+00 -6.54513E-02 -2.09400E-01  3.00000E-01 -1.25927E-02  0.00000E+00  3.00000E-01
     151  1.70417E-02  1.92351E-02  9.34996E+01  1.40762E+02  4.94690E+00  1.04520E+02  8.62257E+01  5.18530E+00 -8.89339E-02 -1.96700E-01  3.00000E-01  8.50514E-03  0.00000E+00  3.00000E-01
     152  2.83714E-02  2.43362E-02  8.98751E+01  2.05386E+02  3.59980E+00  1.00843E+02  6.31672E+01  4.93640E+00 -1.65808E-03 -2.87000E-01  3.00000E-01 -9.99570E-02  0.00000E+00  3.00000E-01
