        1121
     1   9.999999E-01   9.999999E-01   5.134112E-08
     2   4.206694E-04   4.517381E-04   4.206694E-06
     3   4.206213E-04   4.312127E-04   4.206213E-06
     4   4.205381E-04   4.112368E-04   4.205381E-06
     5   4.204420E-04   4.460229E-04   4.204420E-06
     6   4.203588E-04   4.121295E-04   4.203588E-06
     7   4.203108E-04   4.185950E-04   4.203108E-06
     8   1.270927E-03   1.227497E-03   1.270927E-05
     9   1.270222E-03   1.221662E-03   1.270222E-05
    10   1.269004E-03   1.211396E-03   1.269004E-05
    11   1.267599E-03   1.174806E-03   1.267599E-05
    12   1.266385E-03   1.341711E-03   1.266385E-05
    13   1.265685E-03   1.347087E-03   1.265685E-05
    14   2.132178E-03   2.295214E-03   2.132178E-05
    15   2.129298E-03   2.243691E-03   2.129298E-05
    16   2.124325E-03   2.259290E-03   2.124325E-05
    17   2.118606E-03   2.086282E-03   2.118606E-05
    18   2.113673E-03   2.097036E-03   2.113673E-05
    19   2.110833E-03   1.946286E-03   2.110833E-05
    20   2.960318E-03   3.321444E-03   2.960318E-05
    21   2.953434E-03   3.107281E-03   2.953434E-05
    22   2.941568E-03   3.362573E-03   2.941568E-05
    23   2.927957E-03   3.347167E-03   2.927957E-05
    24   2.916249E-03   3.426484E-03   2.916249E-05
    25   2.909521E-03   3.387061E-03   2.909521E-05
    26   3.647798E-03   3.519175E-03   3.647798E-05
    27   3.636054E-03   3.232074E-03   3.636054E-05
    28   3.615848E-03   3.366978E-03   3.615848E-05
    29   3.592726E-03   3.302362E-03   3.592726E-05
    30   3.572882E-03   3.429234E-03   3.572882E-05
    31   3.561501E-03   3.191032E-03   3.561501E-05
    32   4.047333E-03   4.312686E-03   4.047333E-05
    33   4.032128E-03   3.992788E-03   4.032128E-05
    34   4.005994E-03   4.332091E-03   4.005994E-05
    35   3.976130E-03   4.240238E-03   3.976130E-05
    36   3.950536E-03   4.411991E-03   3.950536E-05
    37   3.935871E-03   3.708618E-03   3.935871E-05
    38   1.205207E-04   1.349807E-04   1.205207E-06
    39   1.205041E-04   1.095245E-04   1.205041E-06
    40   1.204755E-04   1.346084E-04   1.204755E-06
    41   1.204425E-04   1.181376E-04   1.204425E-06
    42   1.204140E-04   1.018813E-04   1.204140E-06
    43   1.203975E-04   1.146978E-04   1.203975E-06
    44   3.676115E-04   2.658356E-04   3.676115E-06
    45   3.673569E-04   2.475817E-04   3.673569E-06
    46   3.669169E-04   2.684777E-04   3.669169E-06
    47   3.664107E-04   3.877291E-04   3.664107E-06
    48   3.659739E-04   3.683645E-04   3.659739E-06
    49   3.657224E-04   3.406274E-04   3.657224E-06
    50   6.292716E-04   6.467361E-04   6.292716E-06
    51   6.281366E-04   6.330115E-04   6.281366E-06
    52   6.261826E-04   6.109345E-04   6.261826E-06
    53   6.239450E-04   6.919672E-04   6.239450E-06
    54   6.220231E-04   6.180331E-04   6.220231E-06
    55   6.209202E-04   5.736563E-04   6.209202E-06
    56   8.999230E-04   9.003916E-04   8.999230E-06
    57   8.969067E-04   9.225899E-04   8.969067E-06
    58   8.917362E-04   9.427768E-04   8.917362E-06
    59   8.858496E-04   1.009767E-03   8.858496E-06
    60   8.808230E-04   9.897964E-04   8.808230E-06
    61   8.779506E-04   9.646422E-04   8.779506E-06
    62   1.144713E-03   1.154359E-03   1.144713E-05
    63   1.139046E-03   1.004176E-03   1.139046E-05
    64   1.129369E-03   1.054846E-03   1.129369E-05
    65   1.118411E-03   1.050366E-03   1.118411E-05
    66   1.109104E-03   1.051185E-03   1.109104E-05
    67   1.103806E-03   9.957932E-04   1.103806E-05
    68   1.297262E-03   1.307441E-03   1.297262E-05
    69   1.289488E-03   1.267146E-03   1.289488E-05
    70   1.276245E-03   1.268049E-03   1.276245E-05
    71   1.261298E-03   1.292112E-03   1.261298E-05
    72   1.248643E-03   1.328532E-03   1.248643E-05
    73   1.241456E-03   1.248984E-03   1.241456E-05
    74   2.083221E-04   2.409626E-04   2.083221E-06
    75   2.082999E-04   1.638412E-04   2.082999E-06
    76   2.082613E-04   2.443513E-04   2.082613E-06
    77   2.082167E-04   1.875811E-04   2.082167E-06
    78   2.081782E-04   1.928633E-04   2.081782E-06
    79   2.081559E-04   2.716869E-04   2.081559E-06
    80   6.333409E-04   7.309958E-04   6.333409E-06
    81   6.330125E-04   6.380593E-04   6.330125E-06
    82   6.324445E-04   6.249182E-04   6.324445E-06
    83   6.317896E-04   5.989942E-04   6.317896E-06
    84   6.312234E-04   6.242192E-04   6.312234E-06
    85   6.308969E-04   6.368481E-04   6.308969E-06
    86   1.074177E-03   1.156889E-03   1.074177E-05
    87   1.072821E-03   1.146456E-03   1.072821E-05
    88   1.070479E-03   1.127120E-03   1.070479E-05
    89   1.067784E-03   1.169570E-03   1.067784E-05
    90   1.065459E-03   1.011368E-03   1.065459E-05
    91   1.064120E-03   8.989266E-04   1.064120E-05
    92   1.510459E-03   1.570044E-03   1.510459E-05
    93   1.507172E-03   1.526213E-03   1.507172E-05
    94   1.501507E-03   1.618724E-03   1.501507E-05
    95   1.495007E-03   1.609119E-03   1.495007E-05
    96   1.489413E-03   1.605526E-03   1.489413E-05
    97   1.486197E-03   1.512138E-03   1.486197E-05
    98   1.882184E-03   2.032167E-03   1.882184E-05
    99   1.876498E-03   1.857988E-03   1.876498E-05
   100   1.866712E-03   1.931266E-03   1.866712E-05
   101   1.855513E-03   1.750546E-03   1.855513E-05
   102   1.845900E-03   1.694641E-03   1.845900E-05
   103   1.840385E-03   1.676419E-03   1.840385E-05
   104   2.102158E-03   2.246575E-03   2.102158E-05
   105   2.094722E-03   2.051143E-03   2.094722E-05
   106   2.081942E-03   2.239797E-03   2.081942E-05
   107   2.067340E-03   2.011008E-03   2.067340E-05
   108   2.054826E-03   2.215684E-03   2.054826E-05
   109   2.047656E-03   2.089223E-03   2.047656E-05
   110   2.929977E-04   1.417505E-04   2.929977E-06
   111   2.929475E-04   1.740276E-04   2.929475E-06
   112   2.928605E-04   1.878288E-04   2.928605E-06
   113   2.927602E-04   1.418403E-04   2.927602E-06
   114   2.926734E-04   1.311385E-04   2.926734E-06
   115   2.926233E-04   1.289805E-04   2.926233E-06
   116   9.143503E-04   2.061772E-04   9.143503E-06
   117   9.135695E-04   2.523748E-04   9.135695E-06
   118   9.122200E-04   4.482354E-04   9.122200E-06
   119   9.106665E-04   7.702030E-04   9.106665E-06
   120   9.093252E-04   6.582161E-04   9.093252E-06
   121   9.085525E-04   5.988461E-04   9.085525E-06
   122   1.628909E-03   9.654221E-04   1.628909E-05
   123   1.625393E-03   9.741527E-04   1.625393E-05
   124   1.619332E-03   7.803991E-04   1.619332E-05
   125   1.612382E-03   1.065685E-03   1.612382E-05
   126   1.606404E-03   8.250403E-04   1.606404E-05
   127   1.602970E-03   7.696508E-04   1.602970E-05
   128   2.438747E-03   1.474888E-03   2.438747E-05
   129   2.429345E-03   1.480466E-03   2.429345E-05
   130   2.413196E-03   1.532191E-03   2.413196E-05
   131   2.394758E-03   1.822251E-03   2.394758E-05
   132   2.378970E-03   1.767654E-03   2.378970E-05
   133   2.369930E-03   1.668182E-03   2.369930E-05
   134   3.224198E-03   1.988218E-03   3.224198E-05
   135   3.206524E-03   1.872796E-03   3.206524E-05
   136   3.176254E-03   1.886362E-03   3.176254E-05
   137   3.141831E-03   2.116662E-03   3.141831E-05
   138   3.112472E-03   2.013479E-03   3.112472E-05
   139   3.095709E-03   1.972494E-03   3.095709E-05
   140   3.733290E-03   2.974473E-03   3.733290E-05
   141   3.709087E-03   2.807503E-03   3.709087E-05
   142   3.667701E-03   2.863048E-03   3.667701E-05
   143   3.620746E-03   3.000629E-03   3.620746E-05
   144   3.580790E-03   3.019905E-03   3.580790E-05
   145   3.558017E-03   2.824228E-03   3.558017E-05
   146   2.688324E-04   2.879867E-04   2.688324E-06
   147   2.687874E-04   3.288555E-04   2.687874E-06
   148   2.687095E-04   3.848757E-04   2.687095E-06
   149   2.686197E-04   2.724658E-04   2.686197E-06
   150   2.685419E-04   2.433114E-04   2.685419E-06
   151   2.684971E-04   2.104158E-04   2.684971E-06
   152   8.557421E-04   2.877781E-04   8.557421E-06
   153   8.549932E-04   2.555252E-04   8.549932E-06
   154   8.537003E-04   5.629552E-04   8.537003E-06
   155   8.522141E-04   9.524918E-04   8.522141E-06
   156   8.509327E-04   6.798188E-04   8.509327E-06
   157   8.501953E-04   6.432724E-04   8.501953E-06
   158   1.589827E-03   1.713392E-03   1.589827E-05
   159   1.586026E-03   1.728819E-03   1.586026E-05
   160   1.579493E-03   1.634977E-03   1.579493E-05
   161   1.572030E-03   2.354648E-03   1.572030E-05
   162   1.565634E-03   1.948053E-03   1.565634E-05
   163   1.561970E-03   1.774963E-03   1.561970E-05
   164   2.532027E-03   2.907417E-03   2.532027E-05
   165   2.520210E-03   3.006707E-03   2.520210E-05
   166   2.500018E-03   3.121286E-03   2.500018E-05
   167   2.477131E-03   3.715936E-03   2.477131E-05
   168   2.457671E-03   3.746459E-03   2.457671E-05
   169   2.446585E-03   3.512626E-03   2.446585E-05
   170   3.577416E-03   3.734711E-03   3.577416E-05
   171   3.551810E-03   3.354928E-03   3.551810E-05
   172   3.508303E-03   3.289089E-03   3.508303E-05
   173   3.459355E-03   3.733959E-03   3.459355E-05
   174   3.418050E-03   3.457487E-03   3.418050E-05
   175   3.394648E-03   3.419214E-03   3.394648E-05
   176   4.329558E-03   4.759603E-03   4.329558E-05
   177   4.291314E-03   4.321890E-03   4.291314E-05
   178   4.226552E-03   4.491221E-03   4.226552E-05
   179   4.154030E-03   4.729997E-03   4.154030E-05
   180   4.093111E-03   4.548007E-03   4.093111E-05
   181   4.058712E-03   4.314366E-03   4.058712E-05
   182   2.170868E-04   2.726035E-04   2.170868E-06
   183   2.170440E-04   2.811477E-04   2.170440E-06
   184   2.169700E-04   2.798463E-04   2.169700E-06
   185   2.168846E-04   2.451859E-04   2.168846E-06
   186   2.168107E-04   2.624747E-04   2.168107E-06
   187   2.167680E-04   2.370670E-04   2.167680E-06
   188   7.273491E-04   5.713977E-04   7.273491E-06
   189   7.265978E-04   5.439490E-04   7.265978E-06
   190   7.252999E-04   6.978481E-04   7.252999E-06
   191   7.238065E-04   8.966783E-04   7.238065E-06
   192   7.225177E-04   8.150862E-04   7.225177E-06
   193   7.217755E-04   7.883846E-04   7.217755E-06
   194   1.494703E-03   1.601588E-03   1.494703E-05
   195   1.490539E-03   1.784793E-03   1.490539E-05
   196   1.483370E-03   1.603635E-03   1.483370E-05
   197   1.475161E-03   1.733024E-03   1.475161E-05
   198   1.468109E-03   1.423149E-03   1.468109E-05
   199   1.464063E-03   1.105076E-03   1.464063E-05
   200   2.717486E-03   3.012977E-03   2.717486E-05
   201   2.703163E-03   2.972623E-03   2.703163E-05
   202   2.678619E-03   2.989729E-03   2.678619E-05
   203   2.650683E-03   3.387005E-03   2.650683E-05
   204   2.626835E-03   3.305811E-03   2.626835E-05
   205   2.613209E-03   3.247910E-03   2.613209E-05
   206   4.347991E-03   4.724748E-03   4.347991E-05
   207   4.314094E-03   4.017018E-03   4.314094E-05
   208   4.256269E-03   4.149572E-03   4.256269E-05
   209   4.190862E-03   4.236427E-03   4.190862E-05
   210   4.135365E-03   4.143632E-03   4.135365E-05
   211   4.103796E-03   4.005258E-03   4.103796E-05
   212   5.668425E-03   6.860074E-03   5.668425E-05
   213   5.615089E-03   6.087407E-03   5.615089E-05
   214   5.524381E-03   6.291332E-03   5.524381E-05
   215   5.422193E-03   5.823519E-03   5.422193E-05
   216   5.335831E-03   6.239067E-03   5.335831E-05
   217   5.286844E-03   5.629255E-03   5.286844E-05
   218   2.212585E-04   2.041087E-04   2.212585E-06
   219   2.212282E-04   2.113094E-04   2.212282E-06
   220   2.211758E-04   2.325900E-04   2.211758E-06
   221   2.211153E-04   1.829627E-04   2.211153E-06
   222   2.210630E-04   1.755475E-04   2.210630E-06
   223   2.210328E-04   1.602317E-04   2.210328E-06
   224   7.170872E-04   3.427506E-04   7.170872E-06
   225   7.164997E-04   3.055379E-04   7.164997E-06
   226   7.154859E-04   4.754796E-04   7.154859E-06
   227   7.143211E-04   8.400570E-04   7.143211E-06
   228   7.133173E-04   7.249317E-04   7.133173E-06
   229   7.127399E-04   6.792466E-04   7.127399E-06
   230   1.442277E-03   1.373373E-03   1.442277E-05
   231   1.438147E-03   1.260578E-03   1.438147E-05
   232   1.431062E-03   1.165468E-03   1.431062E-05
   233   1.422988E-03   1.353679E-03   1.422988E-05
   234   1.416087E-03   1.160632E-03   1.416087E-05
   235   1.412140E-03   9.300390E-04   1.412140E-05
   236   2.821570E-03   2.361183E-03   2.821570E-05
   237   2.801175E-03   2.401433E-03   2.801175E-05
   238   2.766469E-03   2.432969E-03   2.766469E-05
   239   2.727351E-03   2.872980E-03   2.727351E-05
   240   2.694279E-03   2.819962E-03   2.694279E-05
   241   2.675519E-03   2.697087E-03   2.675519E-05
   242   5.389769E-03   3.228379E-03   5.389769E-05
   243   5.320552E-03   2.959371E-03   5.320552E-05
   244   5.203645E-03   2.932726E-03   5.203645E-05
   245   5.073212E-03   2.972291E-03   5.073212E-05
   246   4.964063E-03   2.855964E-03   4.964063E-05
   247   4.902606E-03   2.721570E-03   4.902606E-05
   248   8.167566E-03   6.206964E-03   8.167566E-05
   249   8.032006E-03   5.934179E-03   8.032006E-05
   250   7.804048E-03   6.075438E-03   7.804048E-05
   251   7.551233E-03   5.779024E-03   7.551233E-05
   252   7.340936E-03   6.088858E-03   7.340936E-05
   253   7.223047E-03   5.462434E-03   7.223047E-05
   254   3.698138E-04   4.154287E-04   3.698138E-06
   255   3.697667E-04   4.179273E-04   3.697667E-06
   256   3.696850E-04   4.148746E-04   3.696850E-06
   257   3.695908E-04   2.888761E-04   3.695908E-06
   258   3.695092E-04   3.491578E-04   3.695092E-06
   259   3.694622E-04   3.289495E-04   3.694622E-06
   260   1.181128E-03   8.161986E-04   1.181128E-05
   261   1.180378E-03   6.052149E-04   1.180378E-05
   262   1.179081E-03   8.966986E-04   1.179081E-05
   263   1.177586E-03   1.559723E-03   1.177586E-05
   264   1.176294E-03   1.228487E-03   1.176294E-05
   265   1.175549E-03   1.177251E-03   1.175549E-05
   266   2.201536E-03   2.508068E-03   2.201536E-05
   267   2.197836E-03   2.379733E-03   2.197836E-05
   268   2.191457E-03   2.355545E-03   2.191457E-05
   269   2.184139E-03   2.782950E-03   2.184139E-05
   270   2.177842E-03   2.337113E-03   2.177842E-05
   271   2.174223E-03   1.856069E-03   2.174223E-05
   272   3.585041E-03   4.419211E-03   3.585041E-05
   273   3.571028E-03   4.306386E-03   3.571028E-05
   274   3.547152E-03   4.386639E-03   3.547152E-05
   275   3.520183E-03   5.043260E-03   3.520183E-05
   276   3.497325E-03   4.995663E-03   3.497325E-05
   277   3.484331E-03   4.780802E-03   3.484331E-05
   278   5.688847E-03   6.260673E-03   5.688847E-05
   279   5.633312E-03   5.646022E-03   5.633312E-05
   280   5.540724E-03   5.613611E-03   5.540724E-05
   281   5.439166E-03   5.461662E-03   5.439166E-05
   282   5.355541E-03   5.372460E-03   5.355541E-05
   283   5.308983E-03   4.850663E-03   5.308983E-05
   284   8.266869E-03   1.044690E-02   8.266869E-05
   285   8.123388E-03   9.960593E-03   8.123388E-05
   286   7.887585E-03   1.056023E-02   7.887585E-05
   287   7.633968E-03   1.009837E-02   7.633968E-05
   288   7.429214E-03   1.043232E-02   7.429214E-05
   289   7.316855E-03   9.493612E-03   7.316855E-05
   290   3.831187E-04   4.504660E-04   3.831187E-06
   291   3.830332E-04   4.026625E-04   3.830332E-06
   292   3.828852E-04   4.345374E-04   3.828852E-06
   293   3.827144E-04   2.112794E-04   3.827144E-06
   294   3.825666E-04   3.369279E-04   3.825666E-06
   295   3.824813E-04   4.179133E-04   3.824813E-06
   296   1.309148E-03   1.923488E-03   1.309148E-05
   297   1.307622E-03   1.412967E-03   1.307622E-05
   298   1.304987E-03   1.621658E-03   1.304987E-05
   299   1.301954E-03   1.545228E-03   1.301954E-05
   300   1.299337E-03   1.336150E-03   1.299337E-05
   301   1.297830E-03   1.255518E-03   1.297830E-05
   302   2.788896E-03   3.418851E-03   2.788896E-05
   303   2.780282E-03   3.411228E-03   2.780282E-05
   304   2.765446E-03   3.236087E-03   2.765446E-05
   305   2.748450E-03   3.099301E-03   2.748450E-05
   306   2.733846E-03   2.579524E-03   2.733846E-05
   307   2.725463E-03   1.809615E-03   2.725463E-05
   308   5.285411E-03   6.090897E-03   5.285411E-05
   309   5.255375E-03   5.933366E-03   5.255375E-05
   310   5.203853E-03   5.986502E-03   5.203853E-05
   311   5.145141E-03   6.058123E-03   5.145141E-05
   312   5.094961E-03   6.276041E-03   5.094961E-05
   313   5.066268E-03   6.169805E-03   5.066268E-05
   314   8.765192E-03   1.065933E-02   8.765192E-05
   315   8.692110E-03   9.483772E-03   8.692110E-05
   316   8.567464E-03   8.808304E-03   8.567464E-05
   317   8.426486E-03   7.163679E-03   8.426486E-05
   318   8.306857E-03   7.450212E-03   8.306857E-05
   319   8.238797E-03   6.308267E-03   8.238797E-05
   320   1.175204E-02   1.291760E-02   1.175204E-04
   321   1.162676E-02   1.175193E-02   1.162676E-04
   322   1.141533E-02   1.369565E-02   1.141533E-04
   323   1.117935E-02   1.144278E-02   1.117935E-04
   324   1.098149E-02   1.222359E-02   1.098149E-04
   325   1.086983E-02   1.011399E-02   1.086983E-04
   326   1.715400E-04   1.365635E-04   1.715400E-06
   327   1.715039E-04   1.755689E-04   1.715039E-06
   328   1.714415E-04   1.891108E-04   1.714415E-06
   329   1.713695E-04   1.747677E-04   1.713695E-06
   330   1.713073E-04   1.472431E-04   1.713073E-06
   331   1.712714E-04   1.736195E-04   1.712714E-06
   332   5.922072E-04   6.130504E-04   5.922072E-06
   333   5.913706E-04   6.498844E-04   5.913706E-06
   334   5.899295E-04   5.362966E-04   5.899295E-06
   335   5.882775E-04   7.498673E-04   5.882775E-06
   336   5.868574E-04   6.600285E-04   5.868574E-06
   337   5.860419E-04   5.895654E-04   5.860419E-06
   338   1.431554E-03   1.573604E-03   1.431554E-05
   339   1.424053E-03   1.503766E-03   1.424053E-05
   340   1.411227E-03   1.740154E-03   1.411227E-05
   341   1.396677E-03   1.067944E-03   1.396677E-05
   342   1.384296E-03   1.060739E-03   1.384296E-05
   343   1.377239E-03   8.733318E-04   1.377239E-05
   344   3.838472E-03   4.018280E-03   3.838472E-05
   345   3.790150E-03   3.716520E-03   3.790150E-05
   346   3.708430E-03   4.073835E-03   3.708430E-05
   347   3.617092E-03   4.090360E-03   3.617092E-05
   348   3.540515E-03   5.356041E-03   3.540515E-05
   349   3.497337E-03   5.519017E-03   3.497337E-05
   350   1.027914E-02   5.965630E-03   1.027914E-04
   351   1.005705E-02   5.271401E-03   1.005705E-04
   352   9.686679E-03   5.201676E-03   9.686679E-05
   353   9.280420E-03   5.668616E-03   9.280420E-05
   354   8.946056E-03   5.511816E-03   8.946056E-05
   355   8.760023E-03   6.187934E-03   8.760023E-05
   356   1.959401E-02   2.370397E-02   1.959401E-04
   357   1.903548E-02   1.997134E-02   1.903548E-04
   358   1.811492E-02   2.266589E-02   1.811492E-04
   359   1.712087E-02   1.910316E-02   1.712087E-04
   360   1.631513E-02   1.978074E-02   1.631513E-04
   361   1.587170E-02   2.067372E-02   1.587170E-04
   362   1.118719E-02   1.040202E-02   2.237438E-04
   363   5.701304E-03   5.475679E-03   1.140261E-04
   364   5.209374E-03   4.947466E-03   1.041875E-04
   365   3.638031E-03   3.346646E-03   7.276062E-05
   366   6.404468E-03   5.980896E-03   1.280894E-04
   367   1.844336E-03   1.921658E-03   3.688672E-05
   368   3.709114E-03   3.715338E-03   7.418228E-05
   369   3.716510E-03   3.356120E-03   7.433019E-05
   370   2.518294E-03   2.729963E-03   5.036589E-05
   371   3.562341E-03   3.464936E-03   7.124682E-05
   372   1.376420E-03   1.485904E-03   2.752839E-05
   373   1.302225E-02   1.215076E-02   2.604449E-04
   374   5.086731E-03   4.650149E-03   1.017346E-04
   375   1.064447E-02   1.042797E-02   2.128894E-04
   376   1.285141E-02   1.291433E-02   2.570282E-04
   377   2.636488E-03   2.651138E-03   5.272977E-05
   378   9.873560E-03   9.142141E-03   1.974712E-04
   379   1.535640E-03   1.444912E-03   3.071280E-05
   380   4.111067E-03   3.785053E-03   8.222135E-05
   381   4.096004E-03   4.045920E-03   8.192007E-05
   382   3.887665E-03   3.461696E-03   7.775329E-05
   383   1.023513E-02   9.966542E-03   2.047025E-04
   384   2.094854E-03   2.125919E-03   4.189708E-05
   385   7.168263E-03   7.108244E-03   1.433653E-04
   386   7.369448E-03   6.686128E-03   1.473890E-04
   387   1.036245E-02   1.010900E-02   2.072489E-04
   388   3.332118E-03   3.193156E-03   6.664236E-05
   389   1.261001E-03   1.346635E-03   2.522003E-05
   390   1.566815E-03   1.737130E-03   3.133630E-05
   391   3.476988E-03   2.987039E-03   6.953975E-05
   392   1.927492E-03   2.049417E-03   3.854983E-05
   393   1.034455E-02   9.803203E-03   2.068910E-04
   394   6.482766E-03   5.188190E-03   1.296553E-04
   395   3.293591E-03   3.119108E-03   6.587182E-05
   396   1.262959E-02   1.189575E-02   2.525917E-04
   397   1.325792E-03   1.463249E-03   2.651585E-05
   398   1.307184E-02   1.459267E-02   2.614368E-04
   399   5.209182E-03   4.214104E-03   1.041836E-04
   400   2.725570E-03   2.987891E-03   5.451141E-05
   401   1.273646E-02   1.065169E-02   2.547293E-04
   402   9.991806E-03   1.062176E-02   1.998361E-04
   403   6.424793E-03   5.730998E-03   1.284959E-04
   404   1.350663E-02   1.662348E-02   2.701326E-04
   405   3.013352E-03   2.326538E-03   6.026705E-05
   406   1.256803E-03   1.348005E-03   2.513607E-05
   407   1.650949E-03   1.786139E-03   3.301898E-05
   408   3.337900E-03   3.097324E-03   6.675800E-05
   409   4.745555E-03   4.686496E-03   9.491110E-05
   410   1.235833E-03   1.340995E-03   2.471667E-05
   411   1.694483E-03   1.778363E-03   3.388966E-05
   412   8.725576E-03   9.018692E-03   1.745115E-04
   413   3.850813E-03   3.553620E-03   7.701626E-05
   414   1.147973E-03   1.272968E-03   2.295945E-05
   415   2.586320E-03   2.405745E-03   5.172641E-05
   416   1.605471E-03   1.695480E-03   3.210943E-05
   417   2.410463E-03   2.292370E-03   4.820925E-05
   418   3.956459E-03   3.610506E-03   7.912919E-05
   419   7.334161E-03   6.909138E-03   1.466832E-04
   420   5.407697E-03   4.749729E-03   1.081539E-04
   421   1.008986E-03   1.035732E-03   2.017972E-05
   422   1.403111E-03   1.451959E-03   2.806223E-05
   423   2.087620E-03   2.004047E-03   4.175239E-05
   424   1.292623E-02   1.290978E-02   2.585247E-04
   425   3.361898E-03   3.035823E-03   6.723796E-05
   426   3.241457E-03   3.248677E-03   6.482913E-05
   427   1.622882E-02   1.552062E-02   3.245764E-04
   428   2.914416E-02   2.953227E-02   5.828833E-04
   429   1.287656E-02   1.276720E-02   2.575312E-04
   430   1.645070E-03   1.608089E-03   3.290140E-05
   431   6.081675E-03   5.505506E-03   1.216335E-04
   432   2.473586E-03   2.257949E-03   4.947173E-05
   433   9.355594E-03   8.612364E-03   1.871119E-04
   434   4.118656E-03   3.838647E-03   8.237313E-05
   435   3.887665E-03   3.487265E-03   7.775329E-05
   436   5.425307E-03   4.991923E-03   1.085061E-04
   437   1.285141E-02   1.284288E-02   2.570282E-04
   438   1.338775E-02   1.304830E-02   2.677550E-04
   439   9.138559E-03   5.662204E-03   1.827712E-04
   440   1.466686E-03   1.478141E-03   2.933372E-05
   441   1.230281E-03   1.239394E-03   2.460562E-05
   442   2.164850E-03   2.171170E-03   4.329701E-05
   443   1.715720E-03   1.615086E-03   3.431440E-05
   444   5.876696E-03   5.469557E-03   1.175339E-04
   445   2.395348E-03   2.158875E-03   4.790695E-05
   446   4.752106E-03   4.191572E-03   9.504212E-05
   447   1.186613E-03   1.182397E-03   2.373226E-05
   448   1.355002E-02   1.271413E-02   2.710003E-04
   449   3.184835E-03   2.859228E-03   6.369669E-05
   450   1.064447E-02   1.039087E-02   2.128894E-04
   451   1.535640E-03   1.489003E-03   3.071280E-05
   452   7.334161E-03   6.962205E-03   1.466832E-04
   453   1.522091E-03   1.546737E-03   3.044183E-05
   454   3.716510E-03   3.355795E-03   7.433019E-05
   455   1.901896E-03   1.776727E-03   3.803792E-05
   456   3.043952E-03   2.709905E-03   6.087904E-05
   457   1.038707E-02   9.681958E-03   2.077415E-04
   458   1.034628E-03   1.062338E-03   2.069256E-05
   459   1.230281E-03   1.225310E-03   2.460562E-05
   460   3.956459E-03   3.615292E-03   7.912919E-05
   461   3.638031E-03   3.320107E-03   7.276062E-05
   462   4.409992E-03   4.207110E-03   8.819983E-05
   463   4.650930E-03   4.295829E-03   9.301859E-05
   464   1.231562E-03   1.270166E-03   2.463124E-05
   465   9.854930E-03   9.594526E-03   1.970986E-04
   466   2.769166E-03   2.793260E-03   5.538331E-05
   467   2.087620E-03   1.995960E-03   4.175239E-05
   468   1.390723E-03   1.422876E-03   2.781447E-05
   469   5.588879E-03   5.334587E-03   1.117776E-04
   470   1.599592E-03   1.626044E-03   3.199184E-05
   471   2.410463E-03   2.305929E-03   4.820925E-05
   472   3.221398E-03   3.028525E-03   6.442796E-05
   473   2.655052E-03   2.681845E-03   5.310104E-05
   474   2.472990E-03   2.402132E-03   4.945980E-05
   475   1.470740E-03   1.544708E-03   2.941479E-05
   476   2.412098E-03   2.511913E-03   4.824195E-05
   477   4.859244E-03   4.733503E-03   9.718487E-05
   478   2.100401E-03   2.067970E-03   4.200802E-05
   479   2.684868E-03   2.745409E-03   5.369737E-05
   480   1.605471E-03   1.695076E-03   3.210943E-05
   481   8.038542E-03   7.421029E-03   1.607708E-04
   482   2.272565E-03   2.266926E-03   4.545130E-05
   483   2.835062E-03   3.060303E-03   5.670125E-05
   484   3.411151E-03   3.650604E-03   6.822303E-05
   485   2.930316E-03   3.146041E-03   5.860633E-05
   486   1.927492E-03   2.051774E-03   3.854983E-05
   487   1.650949E-03   1.782724E-03   3.301898E-05
   488   1.059652E-03   1.139043E-03   2.119304E-05
   489   1.147973E-03   1.239211E-03   2.295945E-05
   490   4.852275E-03   4.332474E-03   9.704551E-05
   491   3.679540E-03   3.227879E-03   7.359079E-05
   492   2.725570E-03   2.931633E-03   5.451141E-05
   493   2.896860E-03   2.836366E-03   5.793720E-05
   494   6.104997E-03   5.747892E-03   1.220999E-04
   495   1.261001E-03   1.353067E-03   2.522003E-05
   496   1.128739E-02   1.127870E-02   2.257477E-04
   497   1.256803E-03   1.342422E-03   2.513607E-05
   498   2.457652E-03   2.569807E-03   4.915305E-05
   499   3.209930E-03   3.188976E-03   6.419859E-05
   500   3.143110E-03   2.674979E-03   6.286221E-05
   501   2.161731E-03   2.036740E-03   4.323462E-05
   502   2.817515E-03   2.478484E-03   5.635030E-05
   503   7.381667E-03   6.382422E-03   1.476333E-04
   504   4.252131E-03   3.552270E-03   8.504262E-05
   505   1.365569E-02   1.435646E-02   2.731138E-04
   506   9.710843E-04   8.123716E-04   1.942169E-05
   507   5.731622E-03   4.827286E-03   1.146324E-04
   508   2.531445E-03   1.958918E-03   5.062890E-05
   509   7.573552E-03   6.722828E-03   1.514710E-04
   510   1.863807E-02   2.068235E-02   3.727614E-04
   511   1.360232E-02   1.310103E-02   2.720463E-04
   512   1.704174E-02   1.801259E-02   3.408349E-04
   513   2.837137E-02   2.469600E-02   5.674274E-04
   514   0.000000E+00   7.596065E-05   8.571999E-05
   515   0.000000E+00  -2.439708E-04   4.928760E-05
   516   0.000000E+00  -2.701621E-04   6.938575E-05
   517   0.000000E+00  -2.964058E-05   3.784845E-05
   518   0.000000E+00  -8.886695E-05   5.833195E-05
   519   0.000000E+00  -1.957501E-04   3.567512E-05
   520   0.000000E+00  -2.956484E-04   4.791193E-05
   521   0.000000E+00   1.798616E-06   3.792972E-05
   522   0.000000E+00  -2.933901E-04   4.420725E-05
   523   0.000000E+00  -2.138805E-04   4.893610E-05
   524   0.000000E+00  -1.066871E-04   2.576351E-05
   525   0.000000E+00   9.155225E-05   8.947855E-05
   526   0.000000E+00   4.419965E-05   5.100023E-05
   527   0.000000E+00   2.585534E-05   7.263877E-05
   528   0.000000E+00  -7.605425E-05   1.112597E-04
   529   0.000000E+00  -6.979903E-05   5.354117E-05
   530   0.000000E+00  -5.740276E-05   1.905779E-04
   531   0.000000E+00  -3.523823E-05   3.233695E-05
   532   0.000000E+00  -9.206769E-05   4.774072E-05
   533   0.000000E+00  -1.547930E-04   7.106440E-05
   534   0.000000E+00  -2.576893E-05   5.388827E-05
   535   0.000000E+00  -2.319663E-04   8.743535E-05
   536   0.000000E+00  -3.406980E-06   3.275580E-05
   537   0.000000E+00   1.493719E-04   4.587356E-04
   538   0.000000E+00   1.622388E-04   3.185521E-04
   539   0.000000E+00   4.726415E-04   5.889728E-04
   540   0.000000E+00   1.143477E-04   7.864687E-05
   541   0.000000E+00  -7.389382E-05   2.646036E-05
   542   0.000000E+00  -1.240927E-04   2.638962E-05
   543   0.000000E+00   3.113337E-04   9.389042E-05
   544   0.000000E+00  -1.470001E-04   3.011639E-05
   545   0.000000E+00  -2.479578E-04   3.532326E-04
   546   0.000000E+00  -8.170272E-05   1.419297E-04
   547   0.000000E+00   5.224994E-06   6.301965E-05
   548   0.000000E+00   5.642691E-03   3.330377E-04
   549   0.000000E+00  -6.213128E-05   2.572478E-05
   550   0.000000E+00   4.113381E-03   6.532966E-04
   551   0.000000E+00   9.273335E-05   9.212542E-05
   552   0.000000E+00  -1.227026E-04   4.467353E-05
   553   0.000000E+00   8.816259E-03   8.249259E-04
   554   0.000000E+00   1.945851E-03   3.649289E-04
   555   0.000000E+00  -3.318679E-04   1.539804E-04
   556   0.000000E+00   6.542548E-03   6.346598E-04
   557   0.000000E+00   1.598328E-04   8.178753E-05
   558   0.000000E+00  -5.706585E-05   2.410946E-05
   559   0.000000E+00  -7.229145E-05   2.414284E-05
   560   0.000000E+00   1.611368E-04   6.979279E-05
   561   0.000000E+00  -3.688157E-04   5.179795E-05
   562   0.000000E+00  -5.989683E-05   1.919544E-05
   563   0.000000E+00  -1.180218E-04   2.376196E-05
   564   0.000000E+00  -3.128497E-04   3.452366E-04
   565   0.000000E+00  -1.749442E-04   3.292312E-05
   566   0.000000E+00  -8.969234E-05   2.041193E-05
   567   0.000000E+00   4.919130E-05   6.110786E-05
   568   0.000000E+00  -1.306964E-04   2.060922E-05
   569   0.000000E+00  -1.339328E-04   2.815692E-05
   570   0.000000E+00  -1.851138E-04   3.147130E-05
   571   0.000000E+00   2.162040E-05   6.085316E-05
   572   0.000000E+00  -1.188058E-05   1.118133E-04
   573   0.000000E+00  -6.236393E-05   2.366837E-05
   574   0.000000E+00  -1.104406E-04   1.953068E-05
   575   0.000000E+00  -9.282311E-05   2.779137E-05
   576   0.000000E+00  -9.456149E-05   9.873027E-05
   577   0.000000E+00  -5.663785E-05   3.718324E-05
   578   0.000000E+00  -1.379366E-04   7.636247E-05
   579   0.000000E+00   1.382757E-04   1.113851E-04
   580   0.000000E+00  -1.126526E-03   1.625447E-04
   581   0.000000E+00  -4.273749E-04   6.834563E-04
   582   0.000000E+00  -4.489205E-05   1.925692E-05
   583   0.000000E+00  -8.329462E-05   1.158571E-04
   584   0.000000E+00  -2.663351E-05   3.991710E-05
   585   0.000000E+00   6.000008E-05   7.434996E-05
   586   0.000000E+00   2.143450E-05   3.911121E-05
   587   0.000000E+00  -1.821701E-06   5.388827E-05
   588   0.000000E+00  -2.087198E-04   1.845522E-04
   589   0.000000E+00   3.721570E-05   1.112597E-04
   590   0.000000E+00   5.697503E-03   8.013370E-04
   591   0.000000E+00   1.754080E-02   6.984900E-04
   592   0.000000E+00  -4.958963E-05   3.666105E-05
   593   0.000000E+00  -1.079184E-05   2.240563E-05
   594   0.000000E+00  -2.065888E-05   4.817192E-05
   595   0.000000E+00   4.858359E-05   3.031923E-05
   596   0.000000E+00  -1.768725E-04   5.235641E-05
   597   0.000000E+00   5.608253E-05   3.690730E-05
   598   0.000000E+00   1.490582E-05   1.846210E-04
   599   0.000000E+00   3.113066E-06   2.179130E-05
   600   0.000000E+00   5.080501E-05   9.428622E-05
   601   0.000000E+00  -8.814352E-05   4.057387E-05
   602   0.000000E+00   2.485398E-05   7.263877E-05
   603   0.000000E+00   3.323202E-05   3.233695E-05
   604   0.000000E+00   3.351895E-08   6.085316E-05
   605   0.000000E+00   6.111516E-05   3.886744E-05
   606   0.000000E+00   1.694004E-05   3.792972E-05
   607   0.000000E+00   3.737010E-05   3.065130E-05
   608   0.000000E+00   8.916284E-05   1.055374E-04
   609   0.000000E+00   1.490528E-04   6.793450E-05
   610   0.000000E+00   4.207062E-05   2.506130E-05
   611   0.000000E+00   1.842135E-05   2.240563E-05
   612   0.000000E+00   1.876806E-04   3.147130E-05
   613   0.000000E+00   4.024977E-05   3.784845E-05
   614   0.000000E+00   2.258154E-04   5.626829E-05
   615   0.000000E+00  -2.543077E-05   5.365125E-05
   616   0.000000E+00   7.623110E-05   3.100760E-05
   617   0.000000E+00  -2.879631E-04   6.214445E-04
   618   0.000000E+00   8.178980E-05   7.379859E-05
   619   0.000000E+00   7.689345E-05   2.779137E-05
   620   0.000000E+00   1.121474E-04   3.134071E-05
   621   0.000000E+00   1.890032E-04   6.665645E-05
   622   0.000000E+00   7.569881E-05   3.974242E-05
   623   0.000000E+00   1.464466E-04   2.815692E-05
   624   0.000000E+00   9.534904E-05   3.335440E-05
   625   0.000000E+00   1.137116E-04   6.736173E-05
   626   0.000000E+00   1.950951E-04   3.504132E-05
   627   0.000000E+00   1.629479E-04   2.657622E-05
   628   0.000000E+00   1.838267E-04   2.873763E-05
   629   0.000000E+00   3.924389E-04   2.415488E-04
   630   0.000000E+00   1.983418E-04   4.024154E-05
   631   0.000000E+00   1.560086E-04   7.362440E-05
   632   0.000000E+00   1.379180E-04   2.060922E-05
   633   0.000000E+00   1.487546E-04   2.758659E-04
   634   0.000000E+00   1.649000E-04   3.847177E-05
   635   0.000000E+00   2.921842E-04   4.285841E-05
   636   0.000000E+00   3.131480E-04   4.331878E-05
   637   0.000000E+00   1.883732E-04   3.060131E-05
   638   0.000000E+00   1.517545E-04   3.011639E-05
   639   0.000000E+00   8.830953E-05   2.414284E-05
   640   0.000000E+00   1.038287E-04   2.575829E-05
   641   0.000000E+00   7.990662E-05   2.041193E-05
   642   0.000000E+00  -1.436702E-04   1.317718E-04
   643   0.000000E+00   3.111513E-05   1.116361E-04
   644   0.000000E+00   1.166820E-04   4.467353E-05
   645   0.000000E+00  -9.111738E-05   7.097436E-05
   646   0.000000E+00   3.666669E-04   1.717571E-04
   647   0.000000E+00   5.833645E-05   2.646036E-05
   648   0.000000E+00  -3.970187E-04   6.347788E-04
   649   0.000000E+00   4.667432E-05   2.410946E-05
   650   0.000000E+00   1.136190E-04   4.117016E-05
   651   0.000000E+00  -2.956069E-05   6.411905E-05
   652   0.000000E+00  -2.068789E-04   7.552702E-05
   653   0.000000E+00  -2.330007E-05   5.065160E-05
   654   0.000000E+00  -1.749981E-04   7.019159E-05
   655   0.000000E+00  -1.738287E-04   2.141020E-04
   656   0.000000E+00  -4.297241E-05   1.031970E-04
   657   0.000000E+00  -5.809106E-03   8.124586E-04
   658   0.000000E+00  -6.015798E-05   2.755854E-05
   659   0.000000E+00   1.976758E-04   1.293177E-04
   660   0.000000E+00  -4.176828E-05   7.103876E-05
   661   0.000000E+00   6.698942E-04   2.108601E-04
   662   0.000000E+00  -6.446972E-03   6.538745E-04
   663   0.000000E+00   6.548606E-03   3.143698E-04
   664   0.000000E+00  -3.778102E-03   6.913460E-04
   665   0.000000E+00   9.532119E-03   1.143279E-03
   666   0.000000E+00   4.690293E-04   8.502500E-05
   667   0.000000E+00   7.782609E-04   5.345402E-05
   668   0.000000E+00   7.949112E-04   7.063079E-05
   669   0.000000E+00   2.563471E-04   3.726087E-05
   670   0.000000E+00   6.351449E-06   5.548086E-05
   671   0.000000E+00   3.070496E-04   3.610002E-05
   672   0.000000E+00   5.624033E-04   5.109268E-05
   673   0.000000E+00   1.222151E-04   3.979963E-05
   674   0.000000E+00   4.295549E-04   4.782883E-05
   675   0.000000E+00   3.433972E-04   5.004599E-05
   676   0.000000E+00   1.496275E-04   3.485687E-05
   677   0.000000E+00  -1.172945E-04   8.669034E-05
   678   0.000000E+00   2.798276E-04   5.286713E-05
   679   0.000000E+00   2.137857E-06   8.780515E-05
   680   0.000000E+00  -6.895006E-05   9.603366E-05
   681   0.000000E+00   2.046466E-04   5.963232E-05
   682   0.000000E+00   1.672445E-03   1.995973E-04
   683   0.000000E+00   2.054534E-04   3.154722E-05
   684   0.000000E+00   3.754008E-04   4.713132E-05
   685   0.000000E+00   3.917485E-04   7.136238E-05
   686   0.000000E+00   1.552011E-04   4.633345E-05
   687   0.000000E+00   5.826575E-05   8.080342E-05
   688   0.000000E+00   3.282302E-04   3.800434E-05
   689   0.000000E+00   1.264570E-03   4.553733E-04
   690   0.000000E+00   1.530052E-03   3.342714E-04
   691   0.000000E+00   1.464508E-03   5.170341E-04
   692   0.000000E+00   4.065131E-04   8.861092E-05
   693   0.000000E+00   1.412897E-04   2.645064E-05
   694   0.000000E+00   2.494478E-04   2.832537E-05
   695   0.000000E+00   5.027291E-04   1.000823E-04
   696   0.000000E+00   3.340019E-04   3.068300E-05
   697   0.000000E+00   2.672247E-03   3.578252E-04
   698   0.000000E+00   1.476626E-03   1.539400E-04
   699   0.000000E+00   3.918556E-04   6.082881E-05
   700   0.000000E+00   3.415753E-03   3.399691E-04
   701   0.000000E+00   1.710306E-04   2.538879E-05
   702   0.000000E+00   1.528123E-03   7.181558E-04
   703   0.000000E+00   1.043770E-03   1.031984E-04
   704   0.000000E+00   3.139538E-04   4.486014E-05
   705   0.000000E+00   2.650675E-03   9.890900E-04
   706   0.000000E+00   1.812433E-03   4.048614E-04
   707   0.000000E+00   1.644074E-03   1.716064E-04
   708   0.000000E+00   1.948518E-03   8.651080E-04
   709   0.000000E+00   5.796268E-04   8.641357E-05
   710   0.000000E+00   9.678728E-05   2.172030E-05
   711   0.000000E+00   1.439362E-04   2.603586E-05
   712   0.000000E+00   4.163936E-04   7.987421E-05
   713   0.000000E+00   7.429565E-04   5.287223E-05
   714   0.000000E+00   3.601404E-05   1.745297E-05
   715   0.000000E+00   1.457766E-04   2.384431E-05
   716   0.000000E+00   1.874962E-03   3.729572E-04
   717   0.000000E+00   9.986954E-05   3.140260E-05
   718   0.000000E+00   1.099663E-04   2.273269E-05
   719   0.000000E+00   4.734567E-04   5.746233E-05
   720   0.000000E+00   1.505605E-04   2.372358E-05
   721   0.000000E+00   2.574739E-04   3.016024E-05
   722   0.000000E+00   3.833016E-05   3.139118E-05
   723   0.000000E+00  -5.689913E-05   5.136381E-05
   724   0.000000E+00   9.770709E-04   1.259637E-04
   725   0.000000E+00   1.280009E-04   2.901345E-05
   726   0.000000E+00   8.581412E-05   2.153188E-05
   727   0.000000E+00   2.237324E-04   2.747425E-05
   728   0.000000E+00  -9.099014E-05   9.698348E-05
   729   0.000000E+00   9.390052E-05   3.958268E-05
   730   0.000000E+00   5.166104E-04   7.385422E-05
   731   0.000000E+00  -4.733189E-06   1.024805E-04
   732   0.000000E+00   4.666146E-04   1.654751E-04
   733   0.000000E+00   1.756981E-03   5.877665E-04
   734   0.000000E+00   1.314030E-04   2.359301E-05
   735   0.000000E+00   7.220748E-04   1.328803E-04
   736   0.000000E+00   2.202157E-04   3.977570E-05
   737   0.000000E+00   7.988494E-05   7.343206E-05
   738   0.000000E+00   3.337433E-04   4.408569E-05
   739   0.000000E+00   1.539200E-04   4.633345E-05
   740   0.000000E+00   1.168483E-03   2.016173E-04
   741   0.000000E+00  -9.002823E-05   9.603366E-05
   742   0.000000E+00   5.205222E-03   1.073694E-03
   743   0.000000E+00   1.559161E-03   1.042696E-03
   744   0.000000E+00   1.998873E-04   3.997074E-05
   745   0.000000E+00   1.979092E-04   2.547163E-05
   746   0.000000E+00   3.325537E-04   5.670562E-05
   747   0.000000E+00   1.863256E-04   3.014662E-05
   748   0.000000E+00  -1.047901E-04   4.845909E-05
   749   0.000000E+00   1.927511E-04   3.622306E-05
   750   0.000000E+00   9.918310E-04   2.223257E-04
   751   0.000000E+00   1.686777E-04   2.507152E-05
   752   0.000000E+00  -3.768573E-05   9.310043E-05
   753   0.000000E+00   9.033487E-05   4.310329E-05
   754   0.000000E+00  -1.204907E-05   8.780515E-05
   755   0.000000E+00   1.925017E-04   3.154722E-05
   756   0.000000E+00  -6.688112E-06   5.136381E-05
   757   0.000000E+00   2.288846E-04   4.158928E-05
   758   0.000000E+00   1.602196E-04   3.979963E-05
   759   0.000000E+00   1.660847E-04   3.079421E-05
   760   0.000000E+00   3.198174E-04   9.785477E-05
   761   0.000000E+00   1.224845E-04   6.676575E-05
   762   0.000000E+00   1.019320E-04   2.670224E-05
   763   0.000000E+00   1.841790E-04   2.547163E-05
   764   0.000000E+00   3.724122E-05   3.139118E-05
   765   0.000000E+00   2.628416E-04   3.726087E-05
   766   0.000000E+00   5.004523E-04   5.581810E-05
   767   0.000000E+00   3.044726E-04   5.138683E-05
   768   0.000000E+00   1.003171E-04   3.623462E-05
   769   0.000000E+00   1.589160E-03   6.309801E-04
   770   0.000000E+00   2.680052E-04   7.363586E-05
   771   0.000000E+00   2.310980E-04   2.747425E-05
   772   0.000000E+00   1.389475E-04   3.279285E-05
   773   0.000000E+00   7.554371E-04   7.198962E-05
   774   0.000000E+00   2.761174E-04   4.167816E-05
   775   0.000000E+00   2.469985E-04   3.016024E-05
   776   0.000000E+00   3.965100E-04   3.587868E-05
   777   0.000000E+00   4.086377E-04   6.433065E-05
   778   0.000000E+00   3.498582E-04   3.891477E-05
   779   0.000000E+00   2.607025E-04   3.053185E-05
   780   0.000000E+00   1.923355E-04   3.279801E-05
   781   0.000000E+00   1.133689E-03   2.583525E-04
   782   0.000000E+00   3.778014E-04   3.999934E-05
   783   0.000000E+00   4.326266E-04   7.473856E-05
   784   0.000000E+00   1.557397E-04   2.372358E-05
   785   0.000000E+00   1.835673E-03   2.849040E-04
   786   0.000000E+00   3.858757E-04   3.583350E-05
   787   0.000000E+00   4.039789E-04   5.229974E-05
   788   0.000000E+00   5.418711E-04   4.530177E-05
   789   0.000000E+00   1.796181E-04   2.922159E-05
   790   0.000000E+00   3.319025E-04   3.068300E-05
   791   0.000000E+00   1.592679E-04   2.603586E-05
   792   0.000000E+00   1.687047E-04   2.830580E-05
   793   0.000000E+00   1.130356E-04   2.273269E-05
   794   0.000000E+00   9.250685E-04   1.513282E-04
   795   0.000000E+00   6.321851E-04   1.230757E-04
   796   0.000000E+00   3.187046E-04   4.486014E-05
   797   0.000000E+00   3.186322E-04   7.670949E-05
   798   0.000000E+00   1.597552E-03   1.910509E-04
   799   0.000000E+00   1.487481E-04   2.645064E-05
   800   0.000000E+00   1.953341E-03   5.318033E-04
   801   0.000000E+00   9.276187E-05   2.172030E-05
   802   0.000000E+00   2.973313E-04   4.094920E-05
   803   0.000000E+00   3.790746E-04   7.061205E-05
   804   0.000000E+00   6.285801E-04   7.469525E-05
   805   0.000000E+00   2.411752E-04   4.777532E-05
   806   0.000000E+00   3.256872E-04   7.891373E-05
   807   0.000000E+00   1.841646E-03   2.245348E-04
   808   0.000000E+00   8.996888E-04   1.128870E-04
   809   0.000000E+00   3.113359E-03   8.263193E-04
   810   0.000000E+00   1.467528E-04   2.932472E-05
   811   0.000000E+00   1.365065E-03   1.452169E-04
   812   0.000000E+00   5.715136E-04   8.161353E-05
   813   0.000000E+00   2.126612E-03   2.181146E-04
   814   0.000000E+00   3.798479E-03   7.805474E-04
   815   0.000000E+00   3.303672E-03   3.362209E-04
   816   0.000000E+00   2.176998E-03   7.246632E-04
   817   0.000000E+00   5.533452E-03   1.567776E-03
   818   8.614137E-04   2.997261E-04   3.356157E-03
   819   5.735512E-04   4.390696E-04   1.710391E-03
   820   5.120814E-04   2.148816E-04   1.562812E-03
   821   3.019566E-04   1.552989E-05   1.091409E-03
   822   3.842681E-04   1.797662E-04   1.921340E-03
   823   1.977128E-04   3.124193E-04   5.533008E-04
   824   3.152747E-04   1.602223E-04   1.112734E-03
   825   2.363700E-04  -1.653268E-05   1.114953E-03
   826   2.593843E-04   2.825721E-04   7.554883E-04
   827   2.493639E-04   1.292012E-04   1.068702E-03
   828   1.666844E-04   2.598761E-04   4.129259E-04
   829   4.753119E-04   1.644738E-04   3.906674E-03
   830   2.650187E-04  -2.098536E-05   1.526019E-03
   831   5.130635E-04   4.131479E-04   3.193341E-03
   832   2.930122E-04   2.807918E-04   3.855424E-03
   833   1.426340E-04   7.230292E-05   7.909465E-04
   834   8.353032E-04  -2.551403E-04   2.962068E-03
   835   4.238366E-05   2.123805E-05   4.606920E-04
   836  -2.425530E-05  -2.869653E-05   1.233320E-03
   837   9.420808E-05   8.006915E-05   1.228801E-03
   838  -1.671696E-05  -9.061857E-06   1.166299E-03
   839  -1.064453E-04   1.688343E-06   3.070538E-03
   840  -2.094854E-07  -3.790339E-05   6.284562E-04
   841   4.064405E-04   2.429347E-04   2.150479E-03
   842   1.473890E-06   2.572222E-04   2.210834E-03
   843   1.265255E-03   5.054770E-04   3.108734E-03
   844   4.178476E-04  -1.306829E-04   9.996354E-04
   845   1.617865E-04   2.119393E-04   3.783004E-04
   846   1.869210E-04   3.851529E-04   4.700445E-04
   847   5.556226E-04  -1.715588E-04   1.043096E-03
   848   2.193485E-04   4.012006E-04   5.782475E-04
   849   1.908569E-03  -3.131636E-04   3.103364E-03
   850   1.128001E-03  -7.142186E-04   1.944830E-03
   851   4.406825E-04   7.126266E-05   9.880773E-04
   852   2.693891E-03  -1.564716E-03   3.788876E-03
   853   1.674476E-04   2.952877E-04   3.977377E-04
   854   2.955543E-03   1.014043E-03   3.921552E-03
   855   8.136742E-04  -6.637772E-04   1.562754E-03
   856   3.625008E-04   6.111361E-04   8.176711E-04
   857   3.516538E-03   2.748750E-03   3.820939E-03
   858   2.312104E-03   4.577007E-06   2.997542E-03
   859   1.126909E-03  -6.398376E-04   1.927438E-03
   860   3.779155E-03   1.366002E-03   4.051989E-03
   861   4.782190E-04  -3.354924E-04   9.040057E-04
   862   1.616249E-04   2.429359E-04   3.770410E-04
   863   2.101658E-04   3.705083E-04   4.952847E-04
   864   4.579599E-04  -1.675688E-04   1.001370E-03
   865   4.612680E-04   4.550315E-04   1.423667E-03
   866   1.523783E-04   2.178715E-04   3.707500E-04
   867   1.948655E-04   2.761006E-04   5.083449E-04
   868   1.312327E-03   2.365478E-04   2.617673E-03
   869   2.787988E-04   1.319708E-04   1.155244E-03
   870   1.276546E-04   1.570738E-04   3.443918E-04
   871   3.302731E-04  -2.064724E-04   7.758961E-04
   872   1.629554E-04   1.858022E-04   4.816414E-04
   873   2.041662E-04   7.594517E-05   7.231388E-04
   874   2.156270E-04   3.376169E-05   1.186938E-03
   875   3.527731E-04   1.377977E-04   2.200248E-03
   876   5.337397E-04  -3.830425E-04   1.622309E-03
   877   9.282673E-05   8.166255E-05   3.026959E-04
   878   1.158970E-04   1.079785E-04   4.209334E-04
   879   1.436282E-04   2.707204E-05   6.262859E-04
   880   2.998886E-04   3.124388E-04   3.877870E-03
   881   1.637244E-04  -1.751643E-05   1.008569E-03
   882   2.116671E-04   6.956810E-05   9.724370E-04
   883   2.207120E-04   6.563485E-05   4.868647E-03
   884  -8.043790E-04  -4.241155E-04   8.743249E-03
   885   9.966457E-04   2.714767E-04   3.862968E-03
   886   8.850477E-05   3.896386E-05   4.935210E-04
   887  -1.471765E-04   7.105670E-05   1.824502E-03
   888   6.876570E-05  -1.194198E-06   7.420759E-04
   889  -3.321236E-04  -1.380652E-05   2.806678E-03
   890  -1.836921E-04  -1.636064E-05   1.235597E-03
   891   1.671696E-05   8.851516E-08   1.166299E-03
   892   2.614998E-04  -4.193240E-04   1.627592E-03
   893  -2.930122E-04  -2.864187E-04   3.855424E-03
   894   2.907819E-03   4.344901E-03   4.016324E-03
   895   2.741568E-03   1.178505E-03   2.741568E-03
   896   5.470738E-05   2.712036E-05   4.400057E-04
   897   3.776962E-05   4.572489E-05   3.690843E-04
   898   4.546186E-05   6.728219E-05   6.494551E-04
   899   4.066256E-05   2.167944E-05   5.147159E-04
   900  -1.939310E-04   1.653182E-06   1.763009E-03
   901  -2.083952E-05  -6.461451E-07   7.186043E-04
   902   9.931902E-05  -1.392520E-04   1.425632E-03
   903  -9.730228E-06   1.037672E-05   3.559840E-04
   904  -7.086659E-04  -3.179622E-04   4.065005E-03
   905  -1.678408E-04   2.832814E-05   9.554504E-04
   906  -5.130635E-04  -4.399438E-04   3.193341E-03
   907  -4.238366E-05  -9.532537E-06   4.606920E-04
   908  -3.527731E-04  -1.575620E-04   2.200248E-03
   909   3.500810E-06   1.904456E-05   4.566274E-04
   910  -2.363700E-04   2.488604E-05   1.114953E-03
   911  -9.775745E-05  -6.749782E-09   5.705688E-04
   912  -1.735053E-05   2.995792E-05   9.131856E-04
   913  -7.208630E-04  -3.346289E-04   3.116122E-03
   914  -3.517735E-05  -4.480571E-05   3.103884E-04
   915  -3.776962E-05  -4.338216E-05   3.690843E-04
   916  -2.156270E-04  -4.144259E-05   1.186938E-03
   917  -3.019566E-04   9.369357E-06   1.091409E-03
   918  -3.430974E-04  -7.044457E-05   1.322998E-03
   919  -4.167233E-04  -1.072620E-04   1.395279E-03
   920  -6.638119E-05  -5.827020E-05   3.694686E-04
   921  -3.173288E-04  -5.757978E-04   2.956479E-03
   922  -1.420582E-04  -6.618272E-05   8.307497E-04
   923  -1.436282E-04  -2.722706E-05   6.262859E-04
   924  -9.456918E-05  -8.468301E-05   4.172170E-04
   925  -5.940978E-04  -3.969840E-04   1.676664E-03
   926  -6.974222E-05  -4.424951E-05   4.798776E-04
   927  -2.041662E-04  -6.863418E-05   7.231388E-04
   928  -3.092542E-04  -1.504017E-04   9.664194E-04
   929  -1.956773E-04  -9.568973E-05   7.965155E-04
   930  -2.228164E-04  -1.427724E-04   7.418970E-04
   931  -1.251599E-04  -1.274108E-04   4.412219E-04
   932  -2.071992E-04  -2.090010E-04   7.236293E-04
   933  -1.482069E-04   3.400225E-04   1.457773E-03
   934  -2.020586E-04  -1.511391E-04   6.301204E-04
   935  -2.223071E-04  -1.320066E-04   8.054605E-04
   936  -1.629554E-04  -1.894330E-04   4.816414E-04
   937  -5.715403E-04   4.616593E-04   2.411563E-03
   938  -2.418009E-04  -2.886440E-04   6.817695E-04
   939  -3.274497E-04  -4.663502E-04   8.505187E-04
   940  -3.892124E-04  -6.977565E-04   1.023345E-03
   941  -3.487076E-04  -5.103279E-04   8.790949E-04
   942  -2.193485E-04  -4.230548E-04   5.782475E-04
   943  -2.101658E-04  -4.005437E-04   4.952847E-04
   944  -1.069189E-04  -7.532824E-05   3.178956E-04
   945  -1.276546E-04  -1.518177E-04   3.443918E-04
   946  -5.788765E-04   4.751252E-04   1.455683E-03
   947  -2.594075E-04   2.823429E-04   1.103862E-03
   948  -3.625008E-04  -5.909096E-04   8.176711E-04
   949  -3.884689E-04  -1.944671E-05   8.690579E-04
   950  -7.374836E-04   3.902711E-04   1.831499E-03
   951  -1.617865E-04  -2.166156E-04   3.783004E-04
   952  -1.502351E-03  -5.391494E-04   3.386216E-03
   953  -1.616249E-04  -2.403124E-04   3.770410E-04
   954  -3.133507E-04  -3.506318E-04   7.372957E-04
   955  -3.697839E-04   4.450043E-05   9.629789E-04
   956  -4.346921E-04   4.224090E-04   9.429331E-04
   957  -2.931307E-04  -2.386002E-05   6.485193E-04
   958  -4.147382E-04   8.715786E-05   8.452545E-04
   959  -1.345678E-03   4.155230E-04   2.214500E-03
   960  -7.275396E-04   3.792221E-04   1.275639E-03
   961  -2.727041E-03  -1.618971E-03   4.096707E-03
   962  -1.428465E-04   9.694976E-05   2.913253E-04
   963  -9.439981E-04   5.503171E-04   1.719487E-03
   964  -4.126256E-04   4.004187E-04   7.594335E-04
   965  -1.460938E-03   1.129852E-03   2.272066E-03
   966  -4.797439E-03  -2.343153E-03   5.591420E-03
   967  -2.848325E-03   1.213572E-03   4.080695E-03
   968  -3.352111E-03  -1.766138E-03   5.112523E-03
   969  -8.142583E-03  -4.135282E-03   8.511411E-03
   970   0.000000E+00   6.734372E-04   3.356157E-03
   971   0.000000E+00   2.935086E-04   1.710391E-03
   972   0.000000E+00   3.226383E-04   1.562812E-03
   973   0.000000E+00   2.588339E-04   1.091409E-03
   974   0.000000E+00   2.714222E-04   1.921340E-03
   975   0.000000E+00   6.114878E-05   5.533008E-04
   976   0.000000E+00   1.154393E-04   1.112734E-03
   977   0.000000E+00   2.497878E-04   1.114953E-03
   978   0.000000E+00   5.581666E-05   7.554883E-04
   979   0.000000E+00   1.297367E-04   1.068702E-03
   980   0.000000E+00   5.634778E-05   4.129259E-04
   981   0.000000E+00   4.213003E-04   3.906674E-03
   982   0.000000E+00   2.865979E-04   1.526019E-03
   983   0.000000E+00   1.242787E-05   3.193341E-03
   984   0.000000E+00  -2.880973E-04   3.855424E-03
   985   0.000000E+00   2.967811E-05   7.909465E-04
   986   0.000000E+00   4.925324E-04   2.962068E-03
   987   0.000000E+00   3.463388E-05   4.606920E-04
   988   0.000000E+00   2.461552E-04   1.233320E-03
   989   0.000000E+00   7.596702E-05   1.228801E-03
   990   0.000000E+00   2.693147E-04   1.166299E-03
   991   0.000000E+00  -7.282955E-05   3.070538E-03
   992   0.000000E+00   3.760621E-05   6.284562E-04
   993   0.000000E+00   5.182326E-04   2.150479E-03
   994   0.000000E+00   8.823553E-04   2.210834E-03
   995   0.000000E+00   6.484534E-04   3.108734E-03
   996   0.000000E+00   1.217226E-04   9.996354E-04
   997   0.000000E+00   6.457788E-05   3.783004E-04
   998   0.000000E+00   6.062388E-05   4.700445E-04
   999   0.000000E+00  -8.677013E-05   1.043096E-03
  1000   0.000000E+00   4.452613E-05   5.782475E-04
  1001   0.000000E+00   5.933410E-04   3.103364E-03
  1002   0.000000E+00  -6.485198E-05   1.944830E-03
  1003   0.000000E+00   1.500272E-04   9.880773E-04
  1004   0.000000E+00   6.455325E-04   3.788876E-03
  1005   0.000000E+00   7.783160E-05   3.977377E-04
  1006   0.000000E+00   1.548040E-03   3.921552E-03
  1007   0.000000E+00   2.205036E-06   1.562754E-03
  1008   0.000000E+00   1.928647E-04   8.176711E-04
  1009   0.000000E+00   4.014381E-03   3.820939E-03
  1010   0.000000E+00   4.033150E-04   2.997542E-03
  1011   0.000000E+00   4.335052E-04   1.927438E-03
  1012   0.000000E+00   2.072972E-03   4.051989E-03
  1013   0.000000E+00  -9.192291E-05   9.040057E-04
  1014   0.000000E+00   6.333554E-05   3.770410E-04
  1015   0.000000E+00   8.114252E-05   4.952847E-04
  1016   0.000000E+00   7.054212E-05   1.001370E-03
  1017   0.000000E+00   1.715970E-04   1.423667E-03
  1018   0.000000E+00   5.219273E-05   3.707500E-04
  1019   0.000000E+00   2.087515E-05   5.083449E-04
  1020   0.000000E+00   1.057284E-03   2.617673E-03
  1021   0.000000E+00   2.019629E-04   1.155244E-03
  1022   0.000000E+00   1.260421E-05   3.443918E-04
  1023   0.000000E+00   5.982660E-05   7.758961E-04
  1024   0.000000E+00   4.452229E-06   4.816414E-04
  1025   0.000000E+00   8.529458E-05   7.231388E-04
  1026   0.000000E+00   2.103537E-04   1.186938E-03
  1027   0.000000E+00   2.241277E-04   2.200248E-03
  1028   0.000000E+00   2.536388E-04   1.622309E-03
  1029   0.000000E+00  -8.439172E-07   3.026959E-04
  1030   0.000000E+00   6.793486E-06   4.209334E-04
  1031   0.000000E+00   8.287070E-05   6.262859E-04
  1032   0.000000E+00  -2.689451E-04   3.877870E-03
  1033   0.000000E+00   1.956815E-04   1.008569E-03
  1034   0.000000E+00   4.056961E-05   9.724370E-04
  1035   0.000000E+00   1.320247E-04   4.868647E-03
  1036   0.000000E+00  -9.630883E-04   8.743249E-03
  1037   0.000000E+00   4.924788E-04   3.862968E-03
  1038   0.000000E+00   4.218351E-05   4.935210E-04
  1039   0.000000E+00   6.099524E-04   1.824502E-03
  1040   0.000000E+00   1.526955E-04   7.420759E-04
  1041   0.000000E+00   3.842576E-04   2.806678E-03
  1042   0.000000E+00   2.143383E-04   1.235597E-03
  1043   0.000000E+00   2.455109E-04   1.166299E-03
  1044   0.000000E+00   7.952774E-04   1.627592E-03
  1045   0.000000E+00  -2.736318E-04   3.855424E-03
  1046   0.000000E+00   2.616053E-03   4.016324E-03
  1047   0.000000E+00   1.298439E-03   2.741568E-03
  1048   0.000000E+00   3.610314E-05   4.400057E-04
  1049   0.000000E+00   3.694885E-05   3.690843E-04
  1050   0.000000E+00   1.044582E-04   6.494551E-04
  1051   0.000000E+00   7.226722E-05   5.147159E-04
  1052   0.000000E+00   2.126690E-04   1.763009E-03
  1053   0.000000E+00   1.436678E-04   7.186043E-04
  1054   0.000000E+00   7.333686E-04   1.425632E-03
  1055   0.000000E+00   2.041366E-05   3.559840E-04
  1056   0.000000E+00   5.443377E-04   4.065005E-03
  1057   0.000000E+00   1.966394E-04   9.554504E-04
  1058   0.000000E+00   2.656769E-05   3.193341E-03
  1059   0.000000E+00   6.191477E-05   4.606920E-04
  1060   0.000000E+00   2.033399E-04   2.200248E-03
  1061   0.000000E+00   3.979447E-05   4.566274E-04
  1062   0.000000E+00   2.330747E-04   1.114953E-03
  1063   0.000000E+00   8.537690E-05   5.705688E-04
  1064   0.000000E+00   2.746850E-04   9.131856E-04
  1065   0.000000E+00   5.000884E-04   3.116122E-03
  1066   0.000000E+00  -4.735323E-06   3.103884E-04
  1067   0.000000E+00   3.377346E-05   3.690843E-04
  1068   0.000000E+00   2.028750E-04   1.186938E-03
  1069   0.000000E+00   2.621044E-04   1.091409E-03
  1070   0.000000E+00   1.875755E-04   1.322998E-03
  1071   0.000000E+00   3.760073E-04   1.395279E-03
  1072   0.000000E+00   7.032782E-06   3.694686E-04
  1073   0.000000E+00   7.025065E-04   2.956479E-03
  1074   0.000000E+00   5.701176E-05   8.307497E-04
  1075   0.000000E+00   7.792898E-05   6.262859E-04
  1076   0.000000E+00   1.536089E-06   4.172170E-04
  1077   0.000000E+00   2.992931E-04   1.676664E-03
  1078   0.000000E+00   1.708670E-05   4.798776E-04
  1079   0.000000E+00   9.775099E-05   7.231388E-04
  1080   0.000000E+00   2.150506E-04   9.664194E-04
  1081   0.000000E+00   2.777457E-05   7.965155E-04
  1082   0.000000E+00   1.148256E-04   7.418970E-04
  1083   0.000000E+00   2.790300E-06   4.412219E-04
  1084   0.000000E+00  -1.502835E-05   7.236293E-04
  1085   0.000000E+00   7.232611E-04   1.457773E-03
  1086   0.000000E+00   9.273666E-05   6.301204E-04
  1087   0.000000E+00   3.714196E-05   8.054605E-04
  1088   0.000000E+00   5.881400E-06   4.816414E-04
  1089   0.000000E+00   9.251661E-04   2.411563E-03
  1090   0.000000E+00   8.069144E-05   6.817695E-04
  1091   0.000000E+00   5.650405E-05   8.505187E-04
  1092   0.000000E+00   1.018167E-04   1.023345E-03
  1093   0.000000E+00   9.236228E-05   8.790949E-04
  1094   0.000000E+00   4.945793E-05   5.782475E-04
  1095   0.000000E+00   6.227809E-05   4.952847E-04
  1096   0.000000E+00   2.756588E-05   3.178956E-04
  1097   0.000000E+00   1.336504E-05   3.443918E-04
  1098   0.000000E+00   2.414180E-04   1.455683E-03
  1099   0.000000E+00   3.046529E-04   1.103862E-03
  1100   0.000000E+00   1.860852E-04   8.176711E-04
  1101   0.000000E+00   8.909841E-05   8.690579E-04
  1102   0.000000E+00   6.326339E-04   1.831499E-03
  1103   0.000000E+00   7.272562E-05   3.783004E-04
  1104   0.000000E+00   8.673384E-04   3.386216E-03
  1105   0.000000E+00   6.698103E-05   3.770410E-04
  1106   0.000000E+00   1.278128E-04   7.372957E-04
  1107   0.000000E+00   8.581659E-05   9.629789E-04
  1108   0.000000E+00   5.636176E-05   9.429331E-04
  1109   0.000000E+00   9.983420E-05   6.485193E-04
  1110   0.000000E+00   1.872680E-05   8.452545E-04
  1111   0.000000E+00  -9.586440E-05   2.214500E-03
  1112   0.000000E+00  -5.428462E-05   1.275639E-03
  1113   0.000000E+00   3.618564E-04   4.096707E-03
  1114   0.000000E+00  -7.045193E-06   2.913253E-04
  1115   0.000000E+00   1.307350E-04   1.719487E-03
  1116   0.000000E+00  -2.018354E-05   7.594335E-04
  1117   0.000000E+00   4.007396E-04   2.272066E-03
  1118   0.000000E+00   1.873598E-03   5.591420E-03
  1119   0.000000E+00   8.510023E-04   4.080695E-03
  1120   0.000000E+00   1.964412E-03   5.112523E-03
  1121   0.000000E+00   5.862497E-03   8.511411E-03
