 smom1,sph1,sth1,slr1
          16           6           6          10
 phi boundaries
  0.00000E+00  2.61799E-01  5.23599E-01  7.85398E-01  1.04720E+00  1.30900E+00  1.57080E+00
 theta boundaries
  0.00000E+00  2.61799E-01  5.23599E-01  7.85398E-01  1.04720E+00  1.30900E+00  1.57080E+00
 radius boundaries in arcsec
  0.00000E+00  1.19639E+00  1.80726E+00  2.73003E+00  4.12397E+00  6.22963E+00  9.41044E+00  1.42153E+01  2.14736E+01  3.24379E+01  9.80009E+03
                                                                              phi,theta,r,mgemass,fitmass,errmass,x,y,z 
                                           (in arcsec),vx,vy,vz,xv2,vy2,vz2,vxvy,vyvz,vzvx,orbit long, orbit short,boxes
       1       1       1  4.20669E-04  4.51738E-04  4.20669E-06  9.68038E-02  1.47203E-02  5.29983E-01 -3.71451E+00  3.56782E+01 -1.25860E+01  4.76553E+04  3.70825E+04  1.06656E+05  4.08055E+03  2.03020E+03  1.96663E+04  7.51176E-05  0.00000E+00  3.76621E-04
       1       1       2  1.20521E-04  1.34981E-04  1.20521E-06  2.86733E-01  3.82515E-02  1.48126E+00  9.41853E+00  9.14736E+01  2.83606E-01  4.94178E+04  4.34468E+04  1.23469E+05  3.50597E+02 -2.44879E+03  3.30657E+04  4.44084E-05  0.00000E+00  9.05723E-05
       1       1       3  2.08322E-04  2.40963E-04  2.08322E-06  4.43847E-01  6.21551E-02  2.20529E+00 -4.35923E+00  1.92200E+01  6.97066E+00  3.82571E+04  1.75661E+04  5.00451E+04  4.90146E+03  1.70772E+03  1.26547E+04  4.15120E-05  0.00000E+00  1.99451E-04
       1       1       4  2.92998E-04  1.41751E-04  2.92998E-06  5.42970E-01  7.31568E-02  3.56167E+00 -1.89405E+00  3.57023E+01  3.29640E+00  4.16295E+04  9.99251E+04  5.04936E+04  2.24039E+03 -3.23390E+03  9.56181E+03  1.07391E-04  0.00000E+00  3.43597E-05
       1       1       5  2.68832E-04  2.87987E-04  2.68832E-06  8.28351E-01  1.12043E-01  5.23386E+00  1.36466E-01  2.74814E+01 -9.60782E+00  8.79884E+03  4.19266E+04  4.74066E+04  9.18614E+02 -4.79739E+02  5.75313E+03  2.11844E-04  0.00000E+00  7.61427E-05
       1       1       6  2.17087E-04  2.72604E-04  2.17087E-06  1.10768E+00  1.48421E-01  6.94278E+00 -1.87170E+00  1.14976E+01 -1.19748E+01  4.66560E+03  1.42268E+04  3.59596E+04 -3.90327E+02  4.27369E+02  6.57611E+03  1.06738E-04  0.00000E+00  1.65865E-04
       1       1       7  2.21258E-04  2.04109E-04  2.21258E-06  1.94509E+00  2.37723E-01  1.22130E+01 -1.83275E+00 -9.53816E+01  2.19367E+00  1.23108E+04  6.85238E+04  5.29170E+04  8.60430E+02  1.23631E+02  1.00045E+04  1.34813E-04  0.00000E+00  6.92955E-05
       1       1       8  3.69814E-04  4.15429E-04  3.69814E-06  3.10621E+00  4.42004E-01  1.79833E+01  1.97274E+00 -5.80950E+01  1.19967E+01  5.64555E+03  2.86395E+04  3.49424E+04  3.93223E+02  5.16822E+02  5.27635E+03  2.57631E-04  0.00000E+00  1.57798E-04
       1       1       9  3.83119E-04  4.50466E-04  3.83119E-06  4.84533E+00  8.26853E-01  2.40471E+01  1.07053E+00 -2.07353E+01  3.94347E+00  1.79109E+03  8.21889E+03  1.32786E+04  2.29482E+02  3.60814E+02  2.26337E+03  1.24904E-04  0.00000E+00  3.25562E-04
       1       1      10  1.71540E-04  1.36564E-04  1.71540E-06  1.31705E+01  1.96645E+00  7.35552E+01 -7.76955E-01 -3.15057E+01 -8.73288E+00  2.09178E+03  2.84013E+03  5.08283E+04  2.33749E+02  1.48864E+03  6.13633E+03  5.55743E-05  0.00000E+00  8.09892E-05
       1       2       1  1.27093E-03  1.22750E-03  1.27093E-05  2.26390E-01  2.97867E-02  5.42135E-01  9.02219E+00 -5.90661E+01 -4.70054E+00  4.99415E+04  3.20445E+04  7.13461E+04  6.14914E+02  1.90558E+03  2.01389E+04  0.00000E+00  2.12619E-04  1.01488E-03
       1       2       2  3.67612E-04  2.65836E-04  3.67612E-06  5.63729E-01  6.92320E-02  1.40284E+00 -6.22680E-01 -5.64998E+00 -7.16071E+00  5.37031E+04  1.60464E+04  1.37975E+05  5.04169E+03  7.33028E+03  5.75543E+04  0.00000E+00  2.28585E-06  2.63550E-04
       1       2       3  6.33341E-04  7.30996E-04  6.33341E-06  8.57037E-01  1.15050E-01  2.09458E+00  3.09403E+00 -1.41517E+00  1.83096E+00  3.22462E+04  5.42247E+03  5.09501E+04  4.22163E+03  3.78046E+03  2.31917E+04  0.00000E+00  2.16485E-06  7.28831E-04
       1       2       4  9.14350E-04  2.06177E-04  9.14350E-06  1.31138E+00  1.72264E-01  3.12833E+00  1.45616E+01 -1.09312E+02 -1.35890E+01  9.06929E+04  6.56369E+04  1.57456E+05  3.51946E+03  9.88410E+03  6.22223E+04  0.00000E+00  4.81678E-05  1.58009E-04
       1       2       5  8.55742E-04  2.87778E-04  8.55742E-06  1.97520E+00  2.57352E-01  4.83061E+00 -8.09263E+00 -7.30304E+00 -1.82413E+01  2.50801E+04  4.15514E+03  1.38815E+05  3.60411E+03  7.08376E+03  5.25525E+04  0.00000E+00  1.62364E-06  2.86154E-04
       1       2       6  7.27349E-04  5.71398E-04  7.27349E-06  2.87642E+00  3.64060E-01  6.93529E+00 -7.70930E-02 -4.04293E+00 -5.61471E+00  1.06615E+04  1.35152E+03  6.47196E+04  1.20696E+03  2.93678E+03  2.40492E+04  0.00000E+00  0.00000E+00  5.71398E-04
       1       2       7  7.17087E-04  3.42751E-04  7.17087E-06  4.67232E+00  5.97629E-01  1.09632E+01  6.24664E+00 -6.81265E+00  2.45958E+00  1.95325E+04  6.74561E+03  1.21817E+05  8.72491E+02  4.99366E+03  4.62176E+04  0.00000E+00  6.34421E-06  3.36406E-04
       1       2       8  1.18113E-03  8.16199E-04  1.18113E-05  7.10077E+00  9.07712E-01  1.66417E+01  8.86915E+00  3.54048E+00  1.71528E+01  1.01780E+04  4.73090E+02  6.34995E+04  1.11412E+03  2.71243E+03  2.45705E+04  0.00000E+00  0.00000E+00  8.16199E-04
       1       2       9  1.30915E-03  1.92349E-03  1.30915E-05  1.00092E+01  1.20250E+00  2.35229E+01  7.40067E-01 -9.30817E-02  4.83839E+00  2.38858E+03  1.89884E+02  1.41148E+04  2.79664E+02  5.67891E+02  5.46189E+03  0.00000E+00  0.00000E+00  1.92349E-03
       1       2      10  5.92207E-04  6.13050E-04  5.92207E-06  3.04091E+01  4.14611E+00  7.05743E+01  5.53202E+00  1.48735E+00  1.39336E+01  7.75465E+03  2.35959E+02  4.19276E+04  9.90209E+02  2.31161E+03  1.75832E+04  0.00000E+00  0.00000E+00  6.13050E-04
       1       3       1  2.13218E-03  2.29521E-03  2.13218E-05  3.45496E-01  4.53688E-02  4.67187E-01  2.07236E+01 -1.54964E+02  1.40911E+00  4.49526E+04  4.73858E+04  4.63912E+04 -9.06512E+02 -1.33739E+02  4.89792E+03  0.00000E+00  1.56014E-03  7.35070E-04
       1       3       2  6.29272E-04  6.46736E-04  6.29272E-06  9.03352E-01  1.19291E-01  1.20175E+00 -6.34186E+00  6.79293E+01  1.38305E+00  5.91268E+04  4.02822E+04  6.35165E+04  9.09389E+02  1.40512E+03  2.05662E+04  0.00000E+00  4.61950E-04  1.84786E-04
       1       3       3  1.07418E-03  1.15689E-03  1.07418E-05  1.36069E+00  1.80466E-01  1.80201E+00  5.03559E+00 -5.90624E+01  2.27797E+00  2.75657E+04  1.64988E+04  3.50326E+04  1.67072E+03  1.27797E+03  1.33550E+04  0.00000E+00  7.50671E-04  4.06218E-04
       1       3       4  1.62891E-03  9.65422E-04  1.62891E-05  2.03900E+00  2.63563E-01  2.85854E+00  2.28069E+01 -1.94023E+02 -6.75695E+00  6.35451E+04  1.07169E+05  6.02666E+04 -6.42677E+03  3.33990E+03  2.48711E+04  0.00000E+00  7.26290E-04  2.39132E-04
       1       3       5  1.58983E-03  1.71339E-03  1.58983E-05  3.24183E+00  4.30296E-01  4.11363E+00  2.15963E+01 -1.09270E+02  1.53681E+00  4.26709E+04  3.86817E+04  4.13571E+04 -1.18862E+03  1.87546E+03  1.67962E+04  0.00000E+00  1.32286E-03  3.90529E-04
       1       3       6  1.49470E-03  1.60159E-03  1.49470E-05  4.21966E+00  5.65328E-01  5.72529E+00  1.12727E+01 -6.11894E+01  2.86681E+00  2.06179E+04  1.81106E+04  3.45875E+04  2.05695E+02  2.45165E+03  1.61842E+04  0.00000E+00  7.87445E-04  8.14143E-04
       1       3       7  1.44228E-03  1.37337E-03  1.44228E-05  7.19862E+00  9.47830E-01  9.69394E+00  3.14149E+01 -1.83493E+02 -3.55273E-01  3.61844E+04  5.52174E+04  5.53732E+04 -3.85377E+03  3.07457E+03  2.01877E+04  0.00000E+00  9.69439E-04  4.03934E-04
       1       3       8  2.20154E-03  2.50807E-03  2.20154E-05  1.08533E+01  1.43170E+00  1.44138E+01  2.53921E+01 -1.15246E+02  4.11058E+00  2.15955E+04  2.34760E+04  3.30194E+04 -1.10256E+03  1.68751E+03  1.16082E+04  0.00000E+00  1.69637E-03  8.11698E-04
       1       3       9  2.78890E-03  3.41885E-03  2.78890E-05  1.50719E+01  2.00719E+00  1.98071E+01  1.03541E+01 -4.68486E+01  1.53181E+00  7.49673E+03  6.61625E+03  1.18726E+04 -1.20922E+02  5.38818E+02  4.82020E+03  0.00000E+00  1.62492E-03  1.79393E-03
       1       3      10  1.43155E-03  1.57360E-03  1.43155E-05  4.58648E+01  6.12718E+00  5.98639E+01  3.89889E+00 -3.59616E+01 -2.19487E+00  1.90571E+04  3.25567E+03  3.14900E+04  2.04331E+03  1.58122E+03  1.19342E+04  0.00000E+00  8.12335E-04  7.61269E-04
       1       4       1  2.96032E-03  3.32144E-03  2.96032E-05  4.57969E-01  6.04560E-02  3.27754E-01  2.33552E+01 -1.96717E+02  1.22948E+00  5.41007E+04  6.00566E+04  3.69296E+04 -5.24883E+02 -1.24802E+02  4.30266E+03  0.00000E+00  2.58455E-03  7.36896E-04
       1       4       2  8.99923E-04  9.00392E-04  8.99923E-06  1.21882E+00  1.60385E-01  8.60100E-01 -6.85567E+00  7.57053E+01  1.54886E-01  7.44358E+04  4.91094E+04  3.77737E+04  1.92004E+03  3.61442E+02  9.14214E+03  0.00000E+00  7.38006E-04  1.62385E-04
       1       4       3  1.51046E-03  1.57004E-03  1.51046E-05  1.85044E+00  2.49527E-01  1.32045E+00  5.47513E+00 -6.95806E+01  1.72199E+00  3.31140E+04  2.32115E+04  2.36043E+04  1.62156E+03  6.47637E+02  6.58800E+03  0.00000E+00  1.01417E-03  5.55874E-04
       1       4       4  2.43875E-03  1.47489E-03  2.43875E-05  2.78127E+00  3.61442E-01  2.00571E+00  2.61173E+01 -1.99244E+02 -8.93881E-01  5.91627E+04  1.29690E+05  3.85428E+04 -9.66706E+03  1.08485E+03  6.36561E+03  0.00000E+00  1.30419E-03  1.70700E-04
       1       4       5  2.53203E-03  2.90742E-03  2.53203E-05  4.22095E+00  5.47710E-01  3.00423E+00  1.53216E+01 -1.13922E+02  4.26487E-01  5.14395E+04  4.39664E+04  3.13988E+04  4.88946E+02  7.64705E+02  7.87418E+03  0.00000E+00  2.55438E-03  3.53039E-04
       1       4       6  2.71749E-03  3.01298E-03  2.71749E-05  6.03862E+00  8.07058E-01  4.08923E+00  7.78459E+00 -6.75265E+01 -8.08136E-01  2.64727E+04  2.01240E+04  1.39565E+04  6.25925E+02  8.26084E+02  6.29249E+03  0.00000E+00  2.11912E-03  8.93855E-04
       1       4       7  2.82157E-03  2.36118E-03  2.82157E-05  9.76368E+00  1.27340E+00  6.87748E+00  3.02200E+01 -2.38920E+02  5.01244E+00  4.49801E+04  7.76555E+04  3.38954E+04 -4.92394E+03  2.73103E+02  7.19899E+03  0.00000E+00  2.04838E-03  3.12801E-04
       1       4       8  3.58504E-03  4.41921E-03  3.58504E-05  1.47700E+01  1.93753E+00  1.02528E+01  1.67523E+01 -1.39800E+02  7.82271E-01  3.39014E+04  2.89614E+04  2.12827E+04  8.73281E+02  7.39464E+02  6.35670E+03  0.00000E+00  3.76585E-03  6.53365E-04
       1       4       9  5.28541E-03  6.09090E-03  5.28541E-05  2.04424E+01  2.63385E+00  1.42412E+01  8.78794E+00 -7.05358E+01 -1.46879E+00  1.36933E+04  9.56151E+03  8.32189E+03  5.17602E+02  6.23915E+02  3.76535E+03  0.00000E+00  4.62440E-03  1.46650E-03
       1       4      10  3.83847E-03  4.01828E-03  3.83847E-05  6.21704E+01  9.15286E+00  4.24542E+01  5.96292E+00 -3.65399E+01  2.88285E+00  3.37764E+04  4.01716E+03  1.61789E+04  4.53966E+03  1.70513E+03  1.16293E+04  0.00000E+00  2.03850E-03  1.97978E-03
       1       5       1  3.64780E-03  3.51917E-03  3.64780E-05  4.99920E-01  6.50816E-02  2.15616E-01  2.16957E+01 -1.83147E+02  1.24476E+00  4.58807E+04  5.14260E+04  4.17918E+04 -3.56238E+02 -2.42564E+02  2.05894E+03  0.00000E+00  2.72811E-03  7.91069E-04
       1       5       2  1.14471E-03  1.15436E-03  1.14471E-05  1.37668E+00  1.79806E-01  5.90583E-01 -7.12781E+00  4.80040E+01 -2.35110E+00  1.04013E+05  4.59319E+04  4.26805E+04  6.33139E+03  2.04778E+02  5.14432E+03  0.00000E+00  8.82077E-04  2.72281E-04
       1       5       3  1.88218E-03  2.03217E-03  1.88218E-05  2.08171E+00  2.78630E-01  8.85209E-01  1.02425E+01 -7.56911E+01  1.18900E-01  6.48317E+04  1.95168E+04  2.41957E+04  6.92628E+03  6.27975E+02  5.46981E+03  0.00000E+00  1.44555E-03  5.86620E-04
       1       5       4  3.22420E-03  1.98822E-03  3.22420E-05  3.14361E+00  4.14519E-01  1.33240E+00  1.70320E+01 -1.45166E+02 -1.32253E+00  7.81892E+04  7.42525E+04  5.98000E+04  7.07061E+02  2.59902E+03  8.95107E+03  0.00000E+00  1.72104E-03  2.67177E-04
       1       5       5  3.57742E-03  3.73471E-03  3.57742E-05  4.77753E+00  6.38530E-01  2.09101E+00  1.31820E+01 -9.84720E+01  2.38230E+00  5.88052E+04  3.43733E+04  3.23726E+04  3.52358E+03 -1.41458E+03  4.27424E+03  0.00000E+00  3.22681E-03  5.07897E-04
       1       5       6  4.34799E-03  4.72475E-03  4.34799E-05  6.71157E+00  8.98157E-01  2.88658E+00  5.96399E+00 -7.13249E+01  1.01198E+00  4.15540E+04  1.78348E+04  1.57557E+04  3.99121E+03  1.16122E+03  6.67973E+03  0.00000E+00  3.58464E-03  1.14011E-03
       1       5       7  5.38977E-03  3.22838E-03  5.38977E-05  1.08817E+01  1.44569E+00  4.58623E+00  2.81561E+01 -1.75749E+02 -7.51887E-01  7.04038E+04  4.88224E+04  4.08306E+04  3.10163E+03  2.05976E+03  1.57544E+04  0.00000E+00  2.57860E-03  6.49775E-04
       1       5       8  5.68885E-03  6.26067E-03  5.68885E-05  1.65696E+01  2.20210E+00  6.88500E+00  1.73701E+01 -1.07685E+02 -3.99788E+00  4.53315E+04  2.04445E+04  1.96826E+04  3.32717E+03  1.47806E+03  9.10936E+03  0.00000E+00  4.63600E-03  1.62467E-03
       1       5       9  8.76519E-03  1.06593E-02  8.76519E-05  2.34863E+01  3.08426E+00  9.46718E+00  4.80800E+00 -4.75995E+01 -2.26589E+00  1.63029E+04  6.05568E+03  6.37069E+03  1.50155E+03  5.80852E+02  3.55372E+03  0.00000E+00  6.08773E-03  4.57159E-03
       1       5      10  1.02791E-02  5.96563E-03  1.02791E-04  6.95530E+01  9.14421E+00  2.96440E+01  1.37041E+01 -2.64810E+01  3.19564E+00  4.13589E+04  3.14215E+03  8.90315E+03  5.12741E+03  1.39102E+03  1.05121E+04  0.00000E+00  2.57005E-03  3.39558E-03
       1       6       1  4.04733E-03  4.31269E-03  4.04733E-05  5.43898E-01  7.13171E-02  7.29147E-02  1.37736E+01 -1.20805E+02  9.01278E-01  5.07204E+04  4.55282E+04  3.75739E+04  6.67395E+02 -1.14227E+02  8.91438E+02  0.00000E+00  3.03449E-03  1.27819E-03
       1       6       2  1.29726E-03  1.30744E-03  1.29726E-05  1.48060E+00  1.97055E-01  1.94026E-01 -5.52575E+00  7.44817E+01 -2.44613E+00  8.61194E+04  5.25100E+04  3.96962E+04  4.59164E+03  1.00033E+03  8.02251E+02  0.00000E+00  1.11339E-03  1.94053E-04
       1       6       3  2.10216E-03  2.24658E-03  2.10216E-05  2.25226E+00  2.98915E-01  3.01463E-01  1.20414E+01 -6.52794E+01  1.11421E+00  6.03183E+04  1.51392E+04  1.85121E+04  5.34384E+03 -1.51000E+02 -2.48453E+03  0.00000E+00  1.68521E-03  5.61362E-04
       1       6       4  3.73329E-03  2.97447E-03  3.73329E-05  3.39603E+00  4.49663E-01  4.50561E-01  7.43846E+00 -7.57113E+01  9.96326E-01  6.61580E+04  1.05054E+05  4.75369E+04 -4.06171E+03  5.95962E+01  2.81824E+03  0.00000E+00  2.59330E-03  3.81174E-04
       1       6       5  4.32956E-03  4.75960E-03  4.32956E-05  5.18106E+00  6.97524E-01  6.98284E-01  6.60237E+00 -4.84380E+01 -7.33410E-01  6.13439E+04  4.77574E+04  1.93495E+04  1.72313E+03  5.70587E+02  4.89938E+03  0.00000E+00  4.01139E-03  7.48212E-04
       1       6       6  5.66842E-03  6.86007E-03  5.66842E-05  7.11185E+00  9.57646E-01  9.08998E-01  6.91709E+00 -3.68643E+01 -1.26142E+00  3.93290E+04  2.03263E+04  1.32172E+04  2.41488E+03  8.36996E+02  3.72560E+03  0.00000E+00  5.02909E-03  1.83098E-03
       1       6       7  8.16757E-03  6.20696E-03  8.16757E-05  1.17235E+01  1.55240E+00  1.65486E+00  2.93623E+01 -2.50768E+02 -5.63403E-01  5.22274E+04  8.49953E+04  2.27057E+04 -3.75019E+03  7.88957E+02  5.99184E+03  0.00000E+00  5.15891E-03  1.04805E-03
       1       6       8  8.26687E-03  1.04469E-02  8.26687E-05  1.77254E+01  2.35322E+00  2.43882E+00  1.86191E+01 -1.63213E+02  4.00167E-02  3.99548E+04  3.75006E+04  1.09078E+04  7.31833E+02  5.11985E+02  3.17190E+03  0.00000E+00  8.68497E-03  1.76193E-03
       1       6       9  1.17520E-02  1.29176E-02  1.17520E-04  2.42261E+01  3.32001E+00  3.53506E+00  1.02244E+01 -8.82699E+01 -2.64152E-01  1.99633E+04  1.50034E+04  4.83926E+03  9.94683E+02  2.71613E+02  2.09503E+03  0.00000E+00  8.99600E-03  3.92160E-03
       1       6      10  1.95940E-02  2.37040E-02  1.95940E-04  6.57604E+01  9.00899E+00  7.71590E+00  2.36970E+01 -1.78768E+02 -4.09245E-01  2.17355E+04  5.23002E+04  2.13253E+03 -3.86024E+03  2.72558E+02  1.64566E+03  0.00000E+00  1.59493E-02  7.75469E-03
       2       1       1  4.20621E-04  4.31213E-04  4.20621E-06  8.54636E-02  3.41284E-02  5.04346E-01  2.65275E+00  3.19262E+01  7.56415E+00  4.91417E+04  3.67486E+04  1.04058E+05  6.40132E+03  5.61565E+03  2.14237E+04  9.42853E-05  0.00000E+00  3.36927E-04
       2       1       2  1.20504E-04  1.09524E-04  1.20504E-06  2.66365E-01  1.13119E-01  1.46851E+00 -5.59472E+00  1.18008E+02 -1.81192E+01  4.33378E+04  6.26575E+04  9.60448E+04  4.95562E+03  1.16659E+01  2.13096E+04  5.55321E-05  0.00000E+00  5.39924E-05
       2       1       3  2.08300E-04  1.63841E-04  2.08300E-06  4.10614E-01  1.59027E-01  2.21795E+00  5.67225E+00  2.32102E+01  1.09521E+01  5.61787E+04  3.01432E+04  5.94642E+04  1.70206E+04  5.86818E+03  1.52444E+04  5.12111E-05  0.00000E+00  1.12630E-04
       2       1       4  2.92947E-04  1.74028E-04  2.92947E-06  5.62543E-01  2.37365E-01  3.56389E+00 -5.68754E+00  3.67027E+01 -2.15040E+01  2.85174E+04  1.02767E+05  5.49374E+04  1.98370E+03 -6.50399E+03  6.87755E+03  1.38400E-04  0.00000E+00  3.56273E-05
       2       1       5  2.68787E-04  3.28855E-04  2.68787E-06  8.24959E-01  3.51474E-01  5.22122E+00  1.28091E-01  3.01108E+01 -7.51088E+00  9.51127E+03  4.63395E+04  3.47492E+04  1.90018E+03 -2.37231E+03  2.33627E+03  2.72884E-04  0.00000E+00  5.59717E-05
       2       1       6  2.17044E-04  2.81148E-04  2.17044E-06  1.08151E+00  4.53339E-01  6.84712E+00 -9.53474E-01  1.08512E+01 -8.49169E+00  3.97652E+03  1.68042E+04  1.92738E+04 -7.72590E+02 -6.91844E+02  2.93116E+03  1.31219E-04  0.00000E+00  1.49928E-04
       2       1       7  2.21228E-04  2.11309E-04  2.21228E-06  1.96854E+00  8.25106E-01  1.22804E+01 -2.96309E+00 -1.14463E+02 -6.55140E+00  1.35226E+04  8.24838E+04  3.64668E+04  6.56778E+02 -5.93754E+03  4.63537E+03  1.69850E-04  0.00000E+00  4.14595E-05
       2       1       8  3.69767E-04  4.17927E-04  3.69767E-06  2.90571E+00  1.24304E+00  1.78895E+01 -3.52791E+00 -7.29073E+01 -1.77973E+01  6.30634E+03  3.55343E+04  2.88631E+04  1.80981E+02 -1.06941E+03  3.26076E+03  3.23508E-04  0.00000E+00  9.44197E-05
       2       1       9  3.83033E-04  4.02663E-04  3.83033E-06  4.19696E+00  1.71398E+00  2.38542E+01 -1.63551E+00 -3.18728E+01 -1.57124E+01  2.19098E+03  1.16631E+04  1.32191E+04  2.21640E+02 -6.08747E+01  1.86485E+03  1.59291E-04  0.00000E+00  2.43372E-04
       2       1      10  1.71504E-04  1.75569E-04  1.71504E-06  1.36617E+01  5.56820E+00  7.58559E+01  1.70247E+00 -3.02472E+01  7.98394E+00  1.85102E+03  2.89434E+03  4.45841E+04  4.12897E+02  3.19270E+03  5.13204E+03  6.87367E-05  0.00000E+00  1.06832E-04
       2       2       1  1.27022E-03  1.22166E-03  1.27022E-05  2.08682E-01  8.60430E-02  5.36411E-01  3.05179E+01 -5.80649E+01  2.32089E+00  4.85059E+04  3.32653E+04  7.11352E+04  2.38072E+03  3.80338E+03  1.77539E+04  0.00000E+00  2.44853E-04  9.76809E-04
       2       2       2  3.67357E-04  2.47582E-04  3.67357E-06  5.11785E-01  2.19176E-01  1.40047E+00  2.57367E-03 -4.26618E+00 -4.82110E+00  5.43346E+04  2.54956E+04  1.34724E+05  1.71383E+04  1.44148E+04  4.84153E+04  0.00000E+00  2.55477E-06  2.45027E-04
       2       2       3  6.33013E-04  6.38059E-04  6.33013E-06  7.68812E-01  3.06647E-01  2.10662E+00 -5.01076E+00 -1.52660E+00 -5.04584E+00  3.20510E+04  9.14967E+03  5.99592E+04  1.03901E+04  8.90193E+03  2.48354E+04  0.00000E+00  1.65725E-06  6.36402E-04
       2       2       4  9.13569E-04  2.52375E-04  9.13569E-06  1.33233E+00  5.72121E-01  3.15100E+00  5.84893E+01 -1.08620E+02  2.08437E+01  8.22297E+04  6.89010E+04  1.38457E+05  4.01366E+03  2.02721E+04  5.62352E+04  0.00000E+00  8.14856E-05  1.70889E-04
       2       2       5  8.54993E-04  2.55525E-04  8.54993E-06  1.88990E+00  7.84947E-01  4.76264E+00  1.17624E+01 -2.45990E+00  1.40315E+01  2.60443E+04  7.91818E+03  1.24746E+05  8.41379E+03  2.13056E+04  4.62524E+04  0.00000E+00  5.57157E-06  2.49954E-04
       2       2       6  7.26598E-04  5.43949E-04  7.26598E-06  2.73781E+00  1.14700E+00  6.92427E+00 -2.09608E-01  2.46733E+00 -9.38645E-01  9.25673E+03  3.30850E+03  6.02313E+04  4.25471E+03  9.85314E+03  2.14411E+04  0.00000E+00  1.07569E-06  5.42873E-04
       2       2       7  7.16500E-04  3.05538E-04  7.16500E-06  4.40654E+00  1.80407E+00  1.08229E+01  9.60643E+00 -2.31560E+01 -1.52850E+01  2.10158E+04  1.40926E+04  1.23153E+05  1.63845E+03  1.87504E+04  4.28282E+04  0.00000E+00  1.57828E-05  2.89755E-04
       2       2       8  1.18038E-03  6.05215E-04  1.18038E-05  6.63439E+00  2.66358E+00  1.65276E+01 -7.07069E+00 -4.14290E+00 -2.08044E+01  9.22532E+03  2.12094E+03  6.66897E+04  3.74386E+03  1.01377E+04  2.36939E+04  0.00000E+00  8.27506E-07  6.04387E-04
       2       2       9  1.30762E-03  1.41297E-03  1.30762E-05  9.61730E+00  3.96015E+00  2.34106E+01 -5.51695E-01 -2.51554E-01 -4.67763E+00  2.50152E+03  6.60171E+02  1.56489E+04  1.07811E+03  2.53474E+03  5.86620E+03  0.00000E+00  0.00000E+00  1.41297E-03
       2       2      10  5.91371E-04  6.49884E-04  5.91371E-06  2.78770E+01  1.14073E+01  7.03927E+01 -6.22089E+00 -6.70600E-01 -1.53334E+01  6.86441E+03  1.23563E+03  4.30564E+04  2.76620E+03  6.89026E+03  1.67752E+04  0.00000E+00  0.00000E+00  6.49884E-04
       2       3       1  2.12930E-03  2.24369E-03  2.12930E-05  3.24373E-01  1.34343E-01  4.73674E-01  6.09224E+01 -1.42861E+02 -5.76704E-01  4.35881E+04  4.64596E+04  4.78168E+04 -2.53452E+03  5.33514E+02  5.03942E+03  0.00000E+00  1.54037E-03  7.03319E-04
       2       3       2  6.28137E-04  6.33012E-04  6.28137E-06  8.36113E-01  3.45102E-01  1.20589E+00 -3.32012E+01  5.96871E+01 -6.42538E+00  5.82243E+04  4.04128E+04  6.71386E+04  3.82029E+03  4.92346E+03  1.86899E+04  0.00000E+00  4.81559E-04  1.51453E-04
       2       3       3  1.07282E-03  1.14646E-03  1.07282E-05  1.26105E+00  5.20490E-01  1.80780E+00  2.95838E+01 -5.07675E+01  8.99708E-01  2.67364E+04  1.70570E+04  3.49456E+04  3.90610E+03  3.09828E+03  1.18407E+04  0.00000E+00  7.58378E-04  3.88078E-04
       2       3       4  1.62539E-03  9.74153E-04  1.62539E-05  1.88823E+00  7.74517E-01  2.85234E+00  8.60202E+01 -1.82186E+02  7.50260E+00  7.12897E+04  1.03682E+05  5.95159E+04 -1.92343E+04  9.67183E+03  2.29381E+04  0.00000E+00  7.19995E-04  2.54158E-04
       2       3       5  1.58603E-03  1.72882E-03  1.58603E-05  2.97445E+00  1.24212E+00  4.14556E+00  5.36292E+01 -9.17943E+01  5.78234E+00  4.25973E+04  3.57829E+04  4.22994E+04 -5.72331E+02  6.45548E+03  1.71617E+04  0.00000E+00  1.27142E-03  4.57400E-04
       2       3       6  1.49054E-03  1.78479E-03  1.49054E-05  3.95108E+00  1.64568E+00  5.74173E+00  2.56918E+01 -4.90203E+01  1.68099E+00  1.80967E+04  1.59846E+04  3.16742E+04  3.80916E+01  5.51361E+03  1.32009E+04  0.00000E+00  7.84656E-04  1.00014E-03
       2       3       7  1.43815E-03  1.26058E-03  1.43815E-05  6.59010E+00  2.71942E+00  9.80414E+00  9.24787E+01 -1.75183E+02 -5.27175E+00  4.05241E+04  5.21469E+04  5.30977E+04 -1.19631E+04  7.33417E+03  1.66106E+04  0.00000E+00  9.23901E-04  3.36677E-04
       2       3       8  2.19784E-03  2.37973E-03  2.19784E-05  1.00101E+01  4.17820E+00  1.45190E+01  5.95312E+01 -1.08229E+02  1.86593E+00  2.26929E+04  2.30133E+04  3.11822E+04 -2.74908E+03  4.28656E+03  1.08753E+04  0.00000E+00  1.65098E-03  7.28750E-04
       2       3       9  2.78028E-03  3.41123E-03  2.78028E-05  1.39711E+01  5.91528E+00  1.98066E+01  2.37790E+01 -4.08712E+01 -1.35933E+00  7.79849E+03  6.51642E+03  1.15768E+04  4.55858E+01  1.80279E+03  4.25360E+03  0.00000E+00  1.54705E-03  1.86418E-03
       2       3      10  1.42405E-03  1.50377E-03  1.42405E-05  4.18565E+01  1.72642E+01  6.00787E+01  2.07491E+01 -3.20186E+01  5.10865E+00  1.70514E+04  5.25406E+03  3.23687E+04  5.53101E+03  4.15354E+03  1.05753E+04  0.00000E+00  7.98819E-04  7.04947E-04
       2       4       1  2.95343E-03  3.10728E-03  2.95343E-05  4.26650E-01  1.76625E-01  3.27371E-01  7.73653E+01 -1.93813E+02 -1.12139E-01  4.92988E+04  5.97091E+04  3.74339E+04 -5.18591E+03  3.59044E+02  1.70653E+03  0.00000E+00  2.58933E-03  5.17946E-04
       2       4       2  8.96907E-04  9.22590E-04  8.96907E-06  1.13388E+00  4.68659E-01  8.66087E-01 -2.42615E+01  6.87901E+01 -2.84748E+00  7.14997E+04  5.11797E+04  3.75335E+04  7.17043E+03  2.71425E+03  8.28311E+03  0.00000E+00  7.43269E-04  1.79321E-04
       2       4       3  1.50717E-03  1.52621E-03  1.50717E-05  1.72788E+00  7.10482E-01  1.31406E+00  2.85594E+01 -6.76189E+01 -6.11884E+00  3.10019E+04  2.46577E+04  2.23535E+04  3.86276E+03  2.84312E+03  3.97218E+03  0.00000E+00  1.10844E-03  4.17769E-04
       2       4       4  2.42935E-03  1.48047E-03  2.42935E-05  2.60100E+00  1.07036E+00  2.02132E+00  7.83224E+01 -1.87576E+02  2.83957E+00  6.84891E+04  1.21019E+05  3.91518E+04 -2.68997E+04  2.32284E+03  6.73571E+03  0.00000E+00  1.32099E-03  1.59476E-04
       2       4       5  2.52021E-03  3.00671E-03  2.52021E-05  3.95296E+00  1.62985E+00  3.01147E+00  4.74313E+01 -1.04449E+02  5.92217E+00  4.83008E+04  4.44102E+04  2.95853E+04  1.84573E+03  1.13029E+03  6.36964E+03  0.00000E+00  2.67282E-03  3.33891E-04
       2       4       6  2.70316E-03  2.97262E-03  2.70316E-05  5.57098E+00  2.31924E+00  4.10109E+00  2.99561E+01 -6.60489E+01 -3.43456E+00  2.78110E+04  2.08193E+04  1.38015E+04  2.25392E+03  2.57826E+03  7.53226E+03  0.00000E+00  2.24146E-03  7.31163E-04
       2       4       7  2.80117E-03  2.40143E-03  2.80117E-05  9.12781E+00  3.79344E+00  6.86063E+00  9.21229E+01 -2.23615E+02 -8.99102E+00  4.93730E+04  7.36979E+04  3.29050E+04 -1.23785E+04  4.09565E+03  8.73246E+03  0.00000E+00  2.09970E-03  3.01728E-04
       2       4       8  3.57103E-03  4.30639E-03  3.57103E-05  1.37301E+01  5.72620E+00  1.02486E+01  5.53282E+01 -1.34110E+02 -4.59659E+00  3.10887E+04  2.98494E+04  2.10957E+04  3.69655E+02  2.27803E+03  5.05717E+03  0.00000E+00  3.74319E-03  5.63198E-04
       2       4       9  5.25538E-03  5.93337E-03  5.25538E-05  1.90140E+01  7.86250E+00  1.41947E+01  2.77441E+01 -6.89595E+01 -1.97665E+00  1.22968E+04  1.02175E+04  8.09821E+03  9.20229E+02  1.06995E+03  2.44426E+03  0.00000E+00  4.76252E-03  1.17084E-03
       2       4      10  3.79015E-03  3.71652E-03  3.79015E-05  5.85584E+01  2.40777E+01  4.30684E+01  1.27124E+01 -3.87383E+01 -1.56541E+00  2.88140E+04  7.61445E+03  1.54056E+04  1.01236E+04  3.51232E+03  9.22607E+03  0.00000E+00  2.07075E-03  1.64577E-03
       2       5       1  3.63605E-03  3.23207E-03  3.63605E-05  4.61141E-01  1.90361E-01  2.12290E-01  7.05227E+01 -1.87794E+02  1.99300E+00  4.49583E+04  5.43896E+04  4.33746E+04 -4.81376E+03 -6.53499E+02  2.72500E+02  0.00000E+00  2.71340E-03  5.18671E-04
       2       5       2  1.13905E-03  1.00418E-03  1.13905E-05  1.28063E+00  5.24903E-01  5.92445E-01 -2.05550E+01  5.53267E+01 -2.88067E+00  8.62143E+04  5.43844E+04  4.17698E+04  1.34405E+04  1.46201E+03  2.95923E+03  0.00000E+00  8.50660E-04  1.53516E-04
       2       5       3  1.87650E-03  1.85799E-03  1.87650E-05  1.94937E+00  7.94063E-01  8.89391E-01  2.95723E+01 -7.40493E+01  9.25911E-01  5.04178E+04  2.51193E+04  2.45661E+04  1.39045E+04  1.62302E+02  2.05105E+03  0.00000E+00  1.37526E-03  4.82726E-04
       2       5       4  3.20652E-03  1.87280E-03  3.20652E-05  2.93052E+00  1.21142E+00  1.34080E+00  6.51048E+01 -1.42830E+02  3.40448E+00  7.43906E+04  7.70696E+04  6.12514E+04 -3.43947E+03  3.01810E+02  5.01267E+02  0.00000E+00  1.72450E-03  1.48292E-04
       2       5       5  3.55181E-03  3.35493E-03  3.55181E-05  4.45904E+00  1.84759E+00  2.08364E+00  4.45432E+01 -9.77570E+01  2.28116E+00  5.41467E+04  3.88977E+04  3.21579E+04  6.25975E+03  7.35635E+02  5.54243E+03  0.00000E+00  3.10587E-03  2.49058E-04
       2       5       6  4.31409E-03  4.01702E-03  4.31409E-05  6.19744E+00  2.57909E+00  2.84449E+00  3.37264E+01 -7.13458E+01 -6.16241E+00  4.00097E+04  2.25283E+04  1.71867E+04  8.11669E+03  2.36411E+03  2.13190E+03  0.00000E+00  3.39934E-03  6.17673E-04
       2       5       7  5.32055E-03  2.95937E-03  5.32055E-05  1.01385E+01  4.17414E+00  4.64825E+00  6.97385E+01 -1.76097E+02  6.28407E+00  6.47228E+04  5.46360E+04  4.14534E+04  5.65121E+03  1.92713E+03  5.75275E+03  0.00000E+00  2.54404E-03  4.15326E-04
       2       5       8  5.63331E-03  5.64602E-03  5.63331E-05  1.54344E+01  6.34844E+00  6.97878E+00  4.36807E+01 -1.09497E+02  6.16743E+00  4.15924E+04  2.48308E+04  1.94455E+04  8.04343E+03  1.76122E+03  5.26512E+03  0.00000E+00  4.58172E-03  1.06431E-03
       2       5       9  8.69211E-03  9.48377E-03  8.69211E-05  2.17939E+01  8.96257E+00  9.54118E+00  2.06870E+01 -4.87534E+01  8.01155E+00  1.52420E+04  7.68214E+03  6.50799E+03  3.46893E+03  5.85887E+02  2.82382E+03  0.00000E+00  6.25128E-03  3.23249E-03
       2       5      10  1.00570E-02  5.27140E-03  1.00570E-04  6.48049E+01  2.67023E+01  2.93015E+01  7.71038E+00 -3.00885E+01 -3.53267E+00  3.65698E+04  8.41032E+03  8.96638E+03  1.38323E+04  3.69075E+03  8.68573E+03  0.00000E+00  2.55660E-03  2.71480E-03
       2       6       1  4.03213E-03  3.99279E-03  4.03213E-05  5.04137E-01  2.08479E-01  7.28395E-02  4.53128E+01 -1.22876E+02  1.71457E-01  4.68927E+04  4.85511E+04  3.76777E+04 -4.44064E+02  1.71626E+02  1.31182E+03  0.00000E+00  3.04990E-03  9.42885E-04
       2       6       2  1.28949E-03  1.26715E-03  1.28949E-05  1.38061E+00  5.66305E-01  1.98664E-01 -2.92429E+01  7.72875E+01 -3.77944E-01  7.24098E+04  5.27435E+04  3.68900E+04  8.10543E+03 -7.18424E+02 -9.91710E+02  0.00000E+00  1.12213E-03  1.45019E-04
       2       6       3  2.09472E-03  2.05114E-03  2.09472E-05  2.09798E+00  8.65807E-01  2.95620E-01  2.27073E+01 -6.53532E+01  3.19048E+00  4.62571E+04  1.99118E+04  1.82863E+04  1.31033E+04 -1.21856E+03 -2.68274E+02  0.00000E+00  1.64978E-03  4.01359E-04
       2       6       4  3.70909E-03  2.80750E-03  3.70909E-05  3.17393E+00  1.31199E+00  4.59029E-01  2.85403E+01 -7.59544E+01 -5.05718E+00  6.02310E+04  1.02996E+05  4.77966E+04 -2.03661E+04  1.02759E+03 -1.14031E+03  0.00000E+00  2.59263E-03  2.14876E-04
       2       6       5  4.29131E-03  4.32189E-03  4.29131E-05  4.81247E+00  1.99496E+00  6.82368E-01  1.78003E+01 -4.90757E+01  2.24087E+00  5.20875E+04  5.17057E+04  2.03754E+04  2.20253E+02  8.03244E+02  5.20077E+03  0.00000E+00  3.91313E-03  4.08764E-04
       2       6       6  5.61509E-03  6.08741E-03  5.61509E-05  6.55602E+00  2.70189E+00  9.33887E-01  1.57566E+01 -4.13583E+01 -3.80822E-01  3.12796E+04  2.43403E+04  1.43845E+04  3.88615E+03  1.81890E+03  3.81232E+03  0.00000E+00  5.25756E-03  8.29845E-04
       2       6       7  8.03201E-03  5.93418E-03  8.03201E-05  1.09449E+01  4.53329E+00  1.64485E+00  1.03041E+02 -2.43456E+02 -3.83060E+00  5.08320E+04  8.29111E+04  2.23344E+04 -1.53062E+04  1.81879E+03  2.85121E+03  0.00000E+00  5.20720E-03  7.26982E-04
       2       6       8  8.12339E-03  9.96059E-03  8.12339E-05  1.65293E+01  6.84821E+00  2.41508E+00  6.91479E+01 -1.58484E+02 -4.28775E-01  3.57030E+04  3.85525E+04  1.09129E+04 -1.49855E+03  5.69395E+02  1.70786E+03  0.00000E+00  8.71639E-03  1.24420E-03
       2       6       9  1.16268E-02  1.17519E-02  1.16268E-04  2.24370E+01  9.21871E+00  3.50170E+00  3.95920E+01 -8.96335E+01  9.83120E-02  1.54712E+04  1.60302E+04  5.08457E+03 -4.39741E+02  5.83892E+02  9.73812E+02  0.00000E+00  9.06169E-03  2.69024E-03
       2       6      10  1.90355E-02  1.99713E-02  1.90355E-04  5.97683E+01  2.44846E+01  7.78964E+00  8.20269E+01 -1.97723E+02  7.74836E-01  2.23855E+04  5.55389E+04  2.24588E+03 -1.68955E+04  3.08915E+02  8.85622E+02  0.00000E+00  1.58497E-02  4.12160E-03
       3       1       1  4.20538E-04  4.11237E-04  4.20538E-06  8.00514E-02  6.28374E-02  5.38887E-01  2.67524E-01  6.29302E+01 -1.43086E+01  4.97893E+04  5.12648E+04  1.16678E+05  6.19318E+03  5.91970E+03  1.86041E+04  1.19446E-04  0.00000E+00  2.91791E-04
       3       1       2  1.20476E-04  1.34608E-04  1.20476E-06  2.32889E-01  1.85952E-01  1.46344E+00 -2.01655E+00  1.04764E+02 -2.05718E+01  3.44235E+04  6.94725E+04  1.06709E+05  4.05001E+03  1.21292E+04  1.49546E+04  5.73237E-05  0.00000E+00  7.72848E-05
       3       1       3  2.08261E-04  2.44351E-04  2.08261E-06  3.74349E-01  3.02312E-01  2.21714E+00  9.05420E+00  1.36828E+01  2.04568E+00  3.43316E+04  2.54569E+04  4.62777E+04  1.18782E+04  7.13988E+03  9.89473E+03  5.16422E-05  0.00000E+00  1.92709E-04
       3       1       4  2.92861E-04  1.87829E-04  2.92861E-06  5.32848E-01  3.98220E-01  3.55316E+00  3.33995E+00  4.55929E+01 -2.00293E+00  3.25168E+04  1.01383E+05  4.85689E+04  1.59591E+03 -1.39420E+04  5.83505E+03  1.53742E-04  0.00000E+00  3.40868E-05
       3       1       5  2.68710E-04  3.84876E-04  2.68710E-06  7.84632E-01  5.88946E-01  5.16693E+00  1.46041E+00  2.60709E+01 -9.99465E+00  1.16913E+04  4.14540E+04  4.12000E+04  1.64647E+03 -1.68609E+03  2.35492E+03  2.99323E-04  0.00000E+00  8.55523E-05
       3       1       6  2.16970E-04  2.79846E-04  2.16970E-06  1.00058E+00  7.52965E-01  6.91595E+00 -1.24386E+00  7.70385E+00 -3.22037E+00  4.06480E+03  1.33094E+04  2.47011E+04 -5.21036E+02  5.38302E+02  3.38602E+03  1.07391E-04  0.00000E+00  1.72455E-04
       3       1       7  2.21176E-04  2.32590E-04  2.21176E-06  1.87495E+00  1.40888E+00  1.22505E+01 -3.54067E+00 -1.22006E+02  7.46106E+00  1.66850E+04  8.47200E+04  3.25311E+04  1.76556E+03 -1.15725E+04  2.85364E+03  1.99797E-04  0.00000E+00  3.27932E-05
       3       1       8  3.69685E-04  4.14875E-04  3.69685E-06  2.78501E+00  2.07358E+00  1.78513E+01 -6.53713E-01 -7.67689E+01  1.04661E+00  8.32094E+03  3.72088E+04  2.54876E+04  1.59995E+02 -1.65549E+03  1.67265E+03  3.47443E-04  0.00000E+00  6.74312E-05
       3       1       9  3.82885E-04  4.34537E-04  3.82885E-06  3.77155E+00  3.03146E+00  2.39969E+01 -6.82082E-01 -2.94522E+01 -5.40413E-01  2.49357E+03  1.09304E+04  1.15802E+04  2.62595E+02  6.14062E+01  1.19307E+03  1.67062E-04  0.00000E+00  2.67475E-04
       3       1      10  1.71441E-04  1.89111E-04  1.71441E-06  1.11053E+01  8.56411E+00  7.51177E+01  1.85834E+00 -3.00780E+01  1.14344E+01  1.48111E+03  3.31783E+03  4.67660E+04  4.56806E+02  5.07303E+03  3.96225E+03  7.66449E-05  0.00000E+00  1.12466E-04
       3       2       1  1.26900E-03  1.21140E-03  1.26900E-05  1.81458E-01  1.40399E-01  5.28254E-01  4.66769E+01 -5.13004E+01 -4.77062E-01  4.73486E+04  3.80519E+04  7.48839E+04  4.24835E+03  6.13966E+03  1.53268E+04  7.51858E-05  2.99732E-04  8.36478E-04
       3       2       2  3.66917E-04  2.68478E-04  3.66917E-06  4.27553E-01  3.32376E-01  1.41339E+00  9.09272E+00  2.69044E+01 -3.96137E+00  4.00396E+04  4.55508E+04  1.26102E+05  1.86161E+04  2.12050E+04  3.76782E+04  3.88324E-05  2.85731E-06  2.26788E-04
       3       2       3  6.32444E-04  6.24918E-04  6.32444E-06  6.34715E-01  4.87458E-01  2.11510E+00 -4.78231E+00 -2.05230E+00 -4.67721E+00  1.99305E+04  1.31062E+04  4.69814E+04  1.18738E+04  1.20204E+04  1.52195E+04  3.67703E-05  2.19510E-06  5.85953E-04
       3       2       4  9.12220E-04  4.48235E-04  9.12220E-06  1.15126E+00  9.23082E-01  3.27556E+00  9.56040E+01 -9.19603E+01 -5.96441E+00  7.20278E+04  8.65674E+04  7.21137E+04 -1.52609E+04  7.35167E+03  2.17364E+04  9.75984E-05  2.08006E-04  1.42631E-04
       3       2       5  8.53700E-04  5.62955E-04  8.53700E-06  1.46029E+00  1.18956E+00  4.84427E+00  1.38023E+01  7.12089E+00 -1.15263E+01  1.94818E+04  3.21986E+04  6.46912E+04  4.27371E+03  8.28481E+03  1.67681E+04  2.65703E-04  4.08125E-05  2.56440E-04
       3       2       6  7.25300E-04  6.97848E-04  7.25300E-06  2.22745E+00  1.74186E+00  6.68005E+00  1.23592E+00  5.37183E-01 -7.41746E+00  6.96667E+03  1.08169E+04  3.96188E+04  2.45868E+03  8.52298E+03  1.29127E+04  1.24038E-04  3.02526E-05  5.43557E-04
       3       2       7  7.15486E-04  4.75480E-04  7.15486E-06  3.80221E+00  3.03478E+00  1.10163E+01  7.01590E+01 -8.10346E+01  1.92331E+01  3.16007E+04  4.00579E+04  7.53290E+04 -9.21868E+03  1.27343E+04  2.23622E+04  9.63373E-05  1.10378E-04  2.68765E-04
       3       2       8  1.17908E-03  8.96699E-04  1.17908E-05  5.37326E+00  4.26505E+00  1.68215E+01  9.99172E+00 -2.39630E+01  2.08068E+01  8.15596E+03  1.57559E+04  5.00617E+04  3.16681E+03  8.39419E+03  1.39780E+04  2.35049E-04  2.34352E-05  6.38214E-04
       3       2       9  1.30499E-03  1.62166E-03  1.30499E-05  7.73615E+00  6.02187E+00  2.33063E+01  1.24116E+00 -6.31828E+00  5.12386E+00  2.00223E+03  3.25101E+03  1.43306E+04  1.09334E+03  2.38437E+03  3.97151E+03  1.14885E-04  2.74933E-05  1.47928E-03
       3       2      10  5.89929E-04  5.36297E-04  5.89929E-06  2.39100E+01  1.87788E+01  7.03315E+01  6.20460E+00 -1.10490E+01 -6.06827E+00  5.67679E+03  3.59931E+03  4.15917E+04  3.30708E+03  9.11390E+03  1.15189E+04  3.65079E-05  5.51670E-05  4.44622E-04
       3       3       1  2.12433E-03  2.25929E-03  2.12433E-05  2.77467E-01  2.12474E-01  4.72687E-01  8.99441E+01 -1.18854E+02  3.13416E-01  4.12202E+04  4.26706E+04  4.59918E+04 -3.59676E+03  8.50375E+02  3.30720E+03  0.00000E+00  1.51199E-03  7.47302E-04
       3       3       2  6.26183E-04  6.10935E-04  6.26183E-06  7.00224E-01  5.39111E-01  1.21948E+00 -4.90430E+01  5.50644E+01  4.12691E+00  5.43141E+04  4.29445E+04  6.48052E+04  6.08150E+03  7.78084E+03  1.31637E+04  0.00000E+00  4.82242E-04  1.28692E-04
       3       3       3  1.07048E-03  1.12712E-03  1.07048E-05  1.06485E+00  8.19989E-01  1.82468E+00  3.68465E+01 -4.05745E+01  2.32897E+00  2.17837E+04  1.79415E+04  3.26424E+04  8.00215E+03  6.26986E+03  8.59138E+03  0.00000E+00  7.96203E-04  3.30917E-04
       3       3       4  1.61933E-03  7.80399E-04  1.61933E-05  1.62789E+00  1.24231E+00  2.82007E+00  1.25130E+02 -1.57384E+02 -4.20918E+00  8.54530E+04  9.03687E+04  6.12890E+04 -2.30919E+04  1.66171E+04  2.02993E+04  0.00000E+00  5.73042E-04  2.07357E-04
       3       3       5  1.57949E-03  1.63498E-03  1.57949E-05  2.55851E+00  1.94816E+00  4.17289E+00  8.07772E+01 -7.80384E+01  1.42199E+00  4.26213E+04  3.50203E+04  3.75539E+04 -3.35196E+02  8.21321E+03  1.15260E+04  0.00000E+00  1.27358E-03  3.61399E-04
       3       3       6  1.48337E-03  1.60363E-03  1.48337E-05  3.31642E+00  2.53016E+00  5.76636E+00  3.74975E+01 -4.36617E+01 -2.80582E+00  1.78269E+04  1.66171E+04  3.03191E+04  9.99268E+01  7.61570E+03  9.82535E+03  0.00000E+00  7.49085E-04  8.54550E-04
       3       3       7  1.43106E-03  1.16547E-03  1.43106E-05  5.73103E+00  4.36243E+00  9.82254E+00  1.24391E+02 -1.36789E+02 -2.34127E+00  4.49288E+04  4.40910E+04  5.58363E+04 -9.07597E+03  1.09292E+04  1.45170E+04  0.00000E+00  8.42694E-04  3.22773E-04
       3       3       8  2.19146E-03  2.35554E-03  2.19146E-05  8.46944E+00  6.50147E+00  1.46169E+01  8.58760E+01 -8.86418E+01 -1.66391E+00  2.39010E+04  2.06673E+04  3.21482E+04 -2.61550E+03  6.11514E+03  8.15260E+03  0.00000E+00  1.68083E-03  6.74720E-04
       3       3       9  2.76545E-03  3.23609E-03  2.76545E-05  1.18262E+01  9.21832E+00  1.99036E+01  3.30835E+01 -3.72617E+01 -1.85382E+00  7.68709E+03  6.59190E+03  1.21032E+04  9.55083E+01  2.99683E+03  3.63499E+03  0.00000E+00  1.60949E-03  1.62660E-03
       3       3      10  1.41123E-03  1.74015E-03  1.41123E-05  3.50967E+01  2.75304E+01  6.15584E+01  2.28912E+01 -2.00782E+01  2.38687E+00  1.21427E+04  7.93051E+03  3.24793E+04  7.25667E+03  8.25581E+03  1.05018E+04  0.00000E+00  7.51099E-04  9.89055E-04
       3       4       1  2.94157E-03  3.36257E-03  2.94157E-05  3.70690E-01  2.86171E-01  3.33647E-01  1.16821E+02 -1.65341E+02  1.17996E+00  5.22329E+04  5.62315E+04  3.69170E+04 -5.98733E+03  1.36020E+03  2.42768E+03  0.00000E+00  2.70866E-03  6.53910E-04
       3       4       2  8.91736E-04  9.42777E-04  8.91736E-06  9.75908E-01  7.53920E-01  8.61406E-01 -4.10971E+01  5.95209E+01 -3.60030E-01  6.74061E+04  5.53010E+04  3.73571E+04  1.03823E+04  4.05362E+03  5.30328E+03  0.00000E+00  7.67739E-04  1.75037E-04
       3       4       3  1.50151E-03  1.61872E-03  1.50151E-05  1.48286E+00  1.15359E+00  1.31675E+00  4.17438E+01 -5.46283E+01  6.37733E+00  2.61701E+04  2.73003E+04  2.29338E+04  6.21761E+03  2.93694E+03  4.81245E+03  0.00000E+00  1.13462E-03  4.84106E-04
       3       4       4  2.41320E-03  1.53219E-03  2.41320E-05  2.22393E+00  1.70039E+00  2.02819E+00  1.25680E+02 -1.69143E+02 -8.89597E-01  8.77715E+04  1.05396E+05  3.62304E+04 -3.77756E+04  2.64179E+03  6.05107E+03  0.00000E+00  1.37162E-03  1.60569E-04
       3       4       5  2.50002E-03  3.12129E-03  2.50002E-05  3.39392E+00  2.60819E+00  3.00592E+00  7.12437E+01 -9.06046E+01 -2.46231E+00  4.77904E+04  4.54948E+04  2.89546E+04  2.14604E+03  4.35620E+03  4.59462E+03  0.00000E+00  2.77398E-03  3.47306E-04
       3       4       6  2.67862E-03  2.98973E-03  2.67862E-05  4.79348E+00  3.66627E+00  4.09472E+00  4.95718E+01 -5.06885E+01  3.51115E+00  2.64124E+04  2.16916E+04  1.42519E+04  4.37611E+03  3.88628E+03  4.86474E+03  0.00000E+00  2.27569E-03  7.14037E-04
       3       4       7  2.76647E-03  2.43297E-03  2.76647E-05  7.82684E+00  6.00948E+00  6.87056E+00  1.57575E+02 -1.88101E+02  8.94046E+00  5.81886E+04  6.56714E+04  3.34907E+04 -1.79342E+04  4.75883E+03  7.18071E+03  0.00000E+00  2.16942E-03  2.63549E-04
       3       4       8  3.54715E-03  4.38664E-03  3.54715E-05  1.18292E+01  9.04663E+00  1.03042E+01  9.51315E+01 -1.11736E+02  2.19331E+00  3.23104E+04  3.03377E+04  2.10476E+04  9.87443E+02  3.46326E+03  4.74581E+03  0.00000E+00  3.85339E-03  5.33252E-04
       3       4       9  5.20385E-03  5.98650E-03  5.20385E-05  1.62741E+01  1.25085E+01  1.42528E+01  4.98076E+01 -5.67335E+01  3.38960E+00  1.29076E+04  1.14152E+04  8.62715E+03  1.93928E+03  2.15685E+03  2.84985E+03  0.00000E+00  4.83381E-03  1.15269E-03
       3       4      10  3.70843E-03  4.07383E-03  3.70843E-05  4.89301E+01  3.88252E+01  4.24453E+01  2.42465E+01 -3.20194E+01  4.53081E-01  2.24788E+04  1.57887E+04  1.65911E+04  1.52035E+04  7.28243E+03  8.83157E+03  0.00000E+00  2.21589E-03  1.85794E-03
       3       5       1  3.61585E-03  3.36698E-03  3.61585E-05  3.98997E-01  3.06995E-01  2.14462E-01  1.10115E+02 -1.59137E+02  6.66768E-01  4.51651E+04  5.08638E+04  4.33024E+04 -4.97284E+03  2.12219E+02  9.44178E+02  0.00000E+00  2.74404E-03  6.22941E-04
       3       5       2  1.12937E-03  1.05485E-03  1.12937E-05  1.09786E+00  8.44391E-01  5.89022E-01 -3.89871E+01  3.42656E+01 -1.44173E+00  7.85959E+04  6.24601E+04  4.25168E+04  2.44733E+04  2.54031E+03  2.92887E+03  0.00000E+00  8.52733E-04  2.02113E-04
       3       5       3  1.86671E-03  1.93127E-03  1.86671E-05  1.65774E+00  1.28546E+00  8.97048E-01  5.24973E+01 -6.83821E+01  9.03815E-01  4.45534E+04  3.83793E+04  2.59859E+04  1.71206E+04  5.50487E+02  1.65390E+03  0.00000E+00  1.41484E-03  5.16422E-04
       3       5       4  3.17625E-03  1.88636E-03  3.17625E-05  2.52029E+00  1.93968E+00  1.34580E+00  9.61968E+01 -1.17558E+02  6.86004E-02  7.65762E+04  7.58311E+04  5.93869E+04 -1.22763E+03  3.44212E+03  2.45114E+03  0.00000E+00  1.71424E-03  1.72126E-04
       3       5       5  3.50830E-03  3.28909E-03  3.50830E-05  3.83968E+00  2.92389E+00  2.08127E+00  7.08122E+01 -7.58121E+01  6.16705E+00  5.01186E+04  4.25581E+04  3.20720E+04  1.06097E+04  1.31570E+03  4.30208E+03  0.00000E+00  2.98662E-03  3.02466E-04
       3       5       6  4.25627E-03  4.14957E-03  4.25627E-05  5.35273E+00  4.09877E+00  2.84710E+00  5.34171E+01 -5.34076E+01  8.99444E+00  3.40961E+04  2.63009E+04  1.61372E+04  1.18479E+04  1.65138E+03  4.46541E+03  0.00000E+00  3.43665E-03  7.12924E-04
       3       5       7  5.20365E-03  2.93273E-03  5.20365E-05  8.72778E+00  6.66374E+00  4.62130E+00  1.14701E+02 -1.44934E+02 -3.58417E-01  6.27524E+04  5.79693E+04  3.95454E+04  9.29402E+03  5.44440E+03  7.69339E+03  0.00000E+00  2.44714E-03  4.85591E-04
       3       5       8  5.54072E-03  5.61361E-03  5.54072E-05  1.32531E+01  1.01539E+01  6.89367E+00  7.41739E+01 -8.78990E+01 -7.27183E+00  3.69180E+04  2.98338E+04  1.92686E+04  1.17419E+04  4.25251E+03  4.77544E+03  0.00000E+00  4.42002E-03  1.19359E-03
       3       5       9  8.56746E-03  8.80830E-03  8.56746E-05  1.87337E+01  1.44031E+01  9.25191E+00  3.28836E+01 -4.12755E+01 -7.61158E+00  1.31408E+04  1.04900E+04  6.47145E+03  5.21288E+03  2.26991E+03  2.33673E+03  0.00000E+00  5.58897E-03  3.21934E-03
       3       5      10  9.68668E-03  5.20168E-03  9.68668E-05  5.57874E+01  4.24071E+01  2.94323E+01  1.26412E+01 -2.77261E+01 -2.72314E+00  2.76952E+04  1.68800E+04  9.14653E+03  1.91179E+04  6.47493E+03  8.39489E+03  0.00000E+00  2.23461E-03  2.96707E-03
       3       6       1  4.00599E-03  4.33209E-03  4.00599E-05  4.36809E-01  3.37977E-01  7.45069E-02  6.96633E+01 -9.76310E+01  1.38994E+00  4.64868E+04  4.58959E+04  3.58927E+04  1.79491E+03  3.21251E+02  5.68333E+02  0.00000E+00  3.06766E-03  1.26443E-03
       3       6       2  1.27625E-03  1.26805E-03  1.27625E-05  1.18490E+00  9.09965E-01  1.96609E-01 -4.72584E+01  7.12367E+01 -2.79585E+00  7.48868E+04  6.16185E+04  3.48924E+04  1.80482E+04 -1.39314E+03 -1.60105E+03  0.00000E+00  1.09139E-03  1.76658E-04
       3       6       3  2.08194E-03  2.23980E-03  2.08194E-05  1.79938E+00  1.38902E+00  2.99809E-01  4.04940E+01 -5.37618E+01  1.40844E+00  4.48596E+04  3.13197E+04  1.96076E+04  2.12882E+04 -1.73473E+03 -3.47482E+03  0.00000E+00  1.70337E-03  5.36424E-04
       3       6       4  3.66770E-03  2.86305E-03  3.66770E-05  2.72545E+00  2.09561E+00  4.52391E-01  4.39958E+01 -6.43144E+01  1.38933E+00  7.79243E+04  9.35169E+04  4.61135E+04 -2.18178E+04  1.27374E+03  2.92507E+03  0.00000E+00  2.55228E-03  3.10763E-04
       3       6       5  4.22655E-03  4.49122E-03  4.22655E-05  4.12713E+00  3.16770E+00  6.86531E-01  2.90557E+01 -4.07422E+01 -3.30577E+00  5.54684E+04  5.32805E+04  1.95983E+04  4.91621E+03  3.81543E+03  3.42829E+03  0.00000E+00  3.91328E-03  5.77942E-04
       3       6       6  5.52438E-03  6.29133E-03  5.52438E-05  5.63563E+00  4.34334E+00  9.46601E-01  2.39691E+01 -3.33810E+01  6.41608E-01  3.15989E+04  2.86412E+04  1.35397E+04  8.18044E+03  3.00072E+03  3.47591E+03  0.00000E+00  5.14262E-03  1.14871E-03
       3       6       7  7.80405E-03  6.07544E-03  7.80405E-05  9.37137E+00  7.23900E+00  1.68781E+00  1.53095E+02 -2.02559E+02  4.93008E+00  6.26154E+04  7.43395E+04  2.10047E+04 -1.66101E+04  3.42012E+03  4.89934E+03  0.00000E+00  5.04013E-03  1.03531E-03
       3       6       8  7.88758E-03  1.05602E-02  7.88758E-05  1.41565E+01  1.09361E+01  2.51207E+00  9.84466E+01 -1.29745E+02  5.52081E-01  3.78938E+04  3.84763E+04  1.00367E+04  1.23710E+03  2.32420E+03  2.64282E+03  0.00000E+00  8.68805E-03  1.87218E-03
       3       6       9  1.14153E-02  1.36956E-02  1.14153E-04  1.93589E+01  1.50548E+01  3.68526E+00  5.09603E+01 -6.69501E+01  5.73191E-01  1.61437E+04  1.57628E+04  4.46325E+03  2.10525E+03  1.13661E+03  1.70361E+03  0.00000E+00  9.33848E-03  4.35716E-03
       3       6      10  1.81149E-02  2.26659E-02  1.81149E-04  5.17985E+01  4.05937E+01  8.51646E+00  1.15814E+02 -1.48673E+02  3.72629E-01  3.25137E+04  4.23276E+04  2.15501E+03 -1.70083E+04  1.24459E+03  1.47847E+03  0.00000E+00  1.58954E-02  6.77050E-03
       4       1       1  4.20442E-04  4.46023E-04  4.20442E-06  6.02804E-02  7.79987E-02  5.16791E-01 -1.14766E+00  3.76350E+01 -9.58095E+00  4.11749E+04  4.26074E+04  1.08565E+05  7.63361E+03  1.05658E+04  1.46660E+04  8.97302E-05  0.00000E+00  3.56293E-04
       4       1       2  1.20443E-04  1.18138E-04  1.20443E-06  1.91965E-01  2.39847E-01  1.46813E+00  1.33787E+01  8.00455E+01 -2.59609E+01  3.47978E+04  4.56297E+04  1.12879E+05  7.28803E+03  1.22949E+04  1.62188E+04  4.12609E-05  1.34462E-07  7.67423E-05
       4       1       3  2.08217E-04  1.87581E-04  2.08217E-06  2.94284E-01  3.61191E-01  2.20568E+00  5.59982E+00  1.60580E+01 -1.25477E+01  4.04462E+04  3.38653E+04  5.30640E+04  1.01178E+04  4.16723E+03  2.85359E+03  3.82359E-05  0.00000E+00  1.49345E-04
       4       1       4  2.92760E-04  1.41840E-04  2.92760E-06  3.75412E-01  4.87690E-01  3.53766E+00 -6.49276E-01  4.23075E+01 -6.00546E+00  3.48522E+04  9.18055E+04  5.97671E+04  5.72369E+03 -1.00118E+04  3.56795E+03  1.08697E-04  0.00000E+00  3.31438E-05
       4       1       5  2.68620E-04  2.72466E-04  2.68620E-06  5.61259E-01  7.20435E-01  5.21289E+00 -1.62558E+00  2.49022E+01  1.32083E-01  1.37424E+04  3.84515E+04  4.28481E+04 -3.27685E+03 -6.96433E+02  3.22125E+03  2.12170E-04  0.00000E+00  6.02954E-05
       4       1       6  2.16885E-04  2.45186E-04  2.16885E-06  7.48690E-01  9.74160E-01  7.00029E+00  6.50574E+00  1.08541E+01  1.82610E+01  4.10683E+03  1.03929E+04  2.80401E+04  2.33998E+03  2.64280E+03  2.15530E+03  7.50757E-05  0.00000E+00  1.70110E-04
       4       1       7  2.21115E-04  1.82963E-04  2.21115E-06  1.31667E+00  1.73841E+00  1.21532E+01  6.88967E+00 -1.00019E+02  5.87029E+01  2.19158E+04  7.36431E+04  4.08581E+04 -9.73963E+02 -7.04499E+03  3.62845E+03  1.46158E-04  0.00000E+00  3.68044E-05
       4       1       8  3.69591E-04  2.88876E-04  3.69591E-06  2.03070E+00  2.51408E+00  1.80005E+01 -2.34614E-01 -6.61441E+01  2.41455E+01  9.14416E+03  3.15228E+04  3.05355E+04  1.10194E+03 -4.01356E+02  2.41917E+03  2.20266E-04  0.00000E+00  6.86103E-05
       4       1       9  3.82714E-04  2.11279E-04  3.82714E-06  2.69366E+00  3.28195E+00  2.36721E+01  5.37988E+00 -2.62237E+01  4.35693E+01  3.07625E+03  1.09968E+04  1.95534E+04  5.37009E+02  5.92541E+02  2.02656E+03  8.64012E-05  0.00000E+00  1.24878E-04
       4       1      10  1.71369E-04  1.74768E-04  1.71369E-06  8.77597E+00  1.17190E+01  7.55700E+01 -5.19895E-02 -2.14122E+01  4.42992E+00  1.04876E+03  2.95926E+03  4.59602E+04  5.89533E+02  6.71090E+03  3.71353E+03  5.42202E-05  0.00000E+00  1.20548E-04
       4       2       1  1.26760E-03  1.17481E-03  1.26760E-05  1.42775E-01  1.84792E-01  5.27798E-01  7.07062E+01 -1.92807E+01 -2.84283E+01  4.57708E+04  4.65155E+04  8.14660E+04  3.37142E+03  3.33656E+03  1.05837E+04  2.30798E-04  3.85464E-04  5.58545E-04
       4       2       2  3.66411E-04  3.87729E-04  3.66411E-06  3.67202E-01  4.85823E-01  1.37052E+00 -1.35140E+01  9.93467E+01 -3.71013E+01  3.35874E+04  5.50492E+04  8.68456E+04  9.32324E+03  8.15933E+03  1.45833E+04  1.37174E-04  8.85223E-05  1.62033E-04
       4       2       3  6.31790E-04  5.98994E-04  6.31790E-06  5.32837E-01  6.99844E-01  2.07589E+00  6.44297E+00  9.04499E+00 -7.55562E+00  1.31020E+04  1.87574E+04  4.14772E+04  1.14519E+04  1.24620E+04  8.25870E+03  1.15354E-04  7.31695E-05  4.10470E-04
       4       2       4  9.10666E-04  7.70203E-04  9.10666E-06  9.46020E-01  1.22137E+00  3.29223E+00  8.72528E+01 -3.35614E+01 -1.57477E+01  6.00089E+04  7.84006E+04  5.25002E+04 -1.58563E+04 -1.62567E+04  7.08513E+03  3.67871E-04  2.96651E-04  1.05681E-04
       4       2       5  8.52214E-04  9.52492E-04  8.52214E-06  1.32316E+00  1.65476E+00  4.77248E+00  1.98293E+01  1.42448E+01 -1.45736E+01  2.12653E+04  3.90281E+04  3.92750E+04 -1.67006E+03 -4.89260E+03  5.39093E+03  6.65562E-04  1.06353E-04  1.80576E-04
       4       2       6  7.23807E-04  8.96678E-04  7.23807E-06  1.76152E+00  2.26657E+00  6.27733E+00  2.38932E+01 -7.74980E+00 -6.67248E+00  1.04449E+04  1.48628E+04  2.31137E+04 -1.61444E+03  1.28717E+03  4.34390E+03  2.92795E-04  1.95208E-04  4.08675E-04
       4       2       7  7.14321E-04  8.40057E-04  7.14321E-06  3.13686E+00  4.02786E+00  1.11958E+01  8.07782E+01 -1.17349E+02  3.64755E+01  3.74855E+04  5.80934E+04  4.53230E+04 -1.18074E+04 -1.53295E+04  6.34469E+03  4.55831E-04  2.27317E-04  1.56909E-04
       4       2       8  1.17759E-03  1.55972E-03  1.17759E-05  4.54043E+00  5.87491E+00  1.64931E+01  3.37648E+01 -6.81903E+01  1.90919E+01  1.43172E+04  2.78033E+04  3.21219E+04 -1.70874E+03 -2.73948E+03  3.39785E+03  8.96496E-04  2.84682E-04  3.78545E-04
       4       2       9  1.30195E-03  1.54523E-03  1.30195E-05  6.19039E+00  7.89161E+00  2.23572E+01  1.23424E+01 -2.51455E+01  7.40081E+00  4.25184E+03  8.85617E+03  1.48105E+04  1.03693E+02  2.83859E+02  2.27417E+03  4.08422E-04  1.71264E-04  9.65542E-04
       4       2      10  5.88278E-04  7.49867E-04  5.88278E-06  1.90841E+01  2.55486E+01  6.88542E+01  2.40437E+01 -2.79188E+01  1.30694E+01  5.11629E+03  7.54847E+03  4.01680E+04  2.34130E+03  8.61902E+03  4.42505E+03  1.86819E-04  2.44114E-04  3.18935E-04
       4       3       1  2.11861E-03  2.08628E-03  2.11861E-05  2.11289E-01  2.75381E-01  4.70106E-01  1.24536E+02 -8.27183E+01 -1.59759E+01  4.98518E+04  4.50288E+04  5.12898E+04 -4.07479E+03 -7.79900E+02  2.95972E+03  2.07383E-04  1.46307E-03  4.15828E-04
       4       3       2  6.23945E-04  6.91967E-04  6.23945E-06  5.44635E-01  7.14985E-01  1.21206E+00 -4.84325E+01  6.47077E+01 -2.77189E+01  4.82936E+04  4.92753E+04  6.22361E+04  1.06580E+04  5.07309E+03  1.04738E+04  1.19167E-04  4.16970E-04  1.55830E-04
       4       3       3  1.06778E-03  1.16957E-03  1.06778E-05  8.16194E-01  1.05815E+00  1.81961E+00  3.77245E+01 -1.70480E+01 -8.24829E+00  1.45501E+04  1.98732E+04  3.16971E+04  7.88945E+03  7.71214E+03  5.76599E+03  9.07833E-05  7.35607E-04  3.43179E-04
       4       3       4  1.61238E-03  1.06568E-03  1.61238E-05  1.26467E+00  1.65792E+00  2.75921E+00  1.13001E+02 -7.80892E+01 -1.44118E+01  7.34394E+04  8.17918E+04  7.35249E+04 -1.57980E+04 -9.01736E+03  1.04359E+04  3.54814E-04  5.10636E-04  2.00235E-04
       4       3       5  1.57203E-03  2.35465E-03  1.57203E-05  1.95790E+00  2.56105E+00  4.19925E+00  6.47751E+01 -3.04130E+01 -7.12654E+00  3.18778E+04  3.63756E+04  3.71930E+04  1.30127E+03  3.02475E+02  5.86476E+03  7.19421E-04  1.26547E-03  3.69762E-04
       4       3       6  1.47516E-03  1.73302E-03  1.47516E-05  2.53261E+00  3.32579E+00  5.71497E+00  3.43656E+01 -2.08809E+01 -1.42354E+00  1.38231E+04  1.63699E+04  2.76829E+04  1.52285E+03  4.57712E+03  5.72928E+03  2.90510E-04  5.82113E-04  8.60401E-04
       4       3       7  1.42299E-03  1.35368E-03  1.42299E-05  4.36082E+00  5.82337E+00  9.75539E+00  1.10041E+02 -9.62389E+01  3.28890E+01  3.84547E+04  4.51305E+04  5.93069E+04 -4.58451E+03 -6.61611E+03  6.16788E+03  4.08988E-04  7.22079E-04  2.22612E-04
       4       3       8  2.18414E-03  2.78295E-03  2.18414E-05  6.55217E+00  8.67940E+00  1.45747E+01  7.41202E+01 -6.26610E+01  2.08574E+01  1.94886E+04  2.32440E+04  3.10728E+04 -4.38364E+02 -3.66149E+02  4.23340E+03  8.04626E-04  1.46630E-03  5.12021E-04
       4       3       9  2.74845E-03  3.09930E-03  2.74845E-05  8.99259E+00  1.15874E+01  1.96430E+01  4.17768E+01 -2.87307E+01  5.80986E+00  7.22291E+03  7.81762E+03  1.19923E+04  8.87483E+01  9.70257E+02  1.90293E+03  3.42246E-04  1.54923E-03  1.20782E-03
       4       3      10  1.39668E-03  1.06794E-03  1.39668E-05  2.69400E+01  3.60030E+01  6.00027E+01  2.99130E+01 -2.50287E+01  3.35364E+00  9.04011E+03  1.36050E+04  3.25355E+04  7.09494E+03  9.62655E+03  5.93676E+03  1.35794E-04  5.57187E-04  3.74962E-04
       4       4       1  2.92796E-03  3.34717E-03  2.92796E-05  2.83773E-01  3.69358E-01  3.31998E-01  1.62077E+02 -1.28800E+02 -8.46630E+00  5.82763E+04  5.23680E+04  3.88352E+04 -7.86227E+03 -8.07270E+02  1.29829E+03  1.62998E-04  2.82415E-03  3.60018E-04
       4       4       2  8.85850E-04  1.00977E-03  8.85850E-06  7.40618E-01  9.71342E-01  8.70096E-01 -5.71937E+01  5.75497E+01 -2.64477E+01  5.92103E+04  5.96244E+04  4.09392E+04  1.05613E+04  8.15453E+02  3.46086E+03  9.81556E-05  7.85898E-04  1.25713E-04
       4       4       3  1.49501E-03  1.60912E-03  1.49501E-05  1.12670E+00  1.47262E+00  1.33449E+00  5.50491E+01 -4.43093E+01 -7.27049E+00  2.33949E+04  2.96757E+04  2.16265E+04  4.17866E+03  3.68915E+03  2.04254E+03  6.38415E-05  1.23252E-03  3.12760E-04
       4       4       4  2.39476E-03  1.82225E-03  2.39476E-05  1.67907E+00  2.21769E+00  2.04346E+00  1.41853E+02 -9.78194E+01 -1.38973E+01  9.52475E+04  7.42822E+04  5.26348E+04 -3.06033E+04 -5.75362E+03  2.70557E+03  3.23478E-04  1.35316E-03  1.45609E-04
       4       4       5  2.47713E-03  3.71594E-03  2.47713E-05  2.58317E+00  3.40390E+00  3.03715E+00  7.87779E+01 -5.64481E+01 -4.20729E+00  4.12715E+04  4.49685E+04  3.24290E+04  1.63923E+03 -1.08320E+03  2.76381E+03  6.16273E-04  2.80467E-03  2.94996E-04
       4       4       6  2.65068E-03  3.38701E-03  2.65068E-05  3.63960E+00  4.74176E+00  4.08549E+00  5.59576E+01 -3.53724E+01  1.96636E+00  2.26107E+04  2.51476E+04  1.63451E+04  5.93515E+03  1.81140E+03  3.03431E+03  2.51721E-04  2.50279E-03  6.32491E-04
       4       4       7  2.72735E-03  2.87298E-03  2.72735E-05  5.91408E+00  7.81136E+00  6.96153E+00  1.74206E+02 -1.35405E+02  1.40469E+01  6.14330E+04  5.39939E+04  4.09897E+04 -1.53366E+04 -1.10786E+03  3.29561E+03  3.64285E-04  2.25066E-03  2.58035E-04
       4       4       8  3.52018E-03  5.04326E-03  3.52018E-05  8.92189E+00  1.17753E+01  1.04316E+01  1.07896E+02 -8.31302E+01  1.12711E+01  2.88687E+04  2.93046E+04  2.34690E+04  2.34675E+02 -3.85472E+02  1.83735E+03  6.62502E-04  3.98390E-03  3.96861E-04
       4       4       9  5.14514E-03  6.05812E-03  5.14514E-05  1.23628E+01  1.61466E+01  1.42331E+01  6.21805E+01 -4.71719E+01  3.47089E+00  1.15168E+04  1.21212E+04  8.96892E+03  1.24461E+03  9.31734E+02  1.37140E+03  2.81595E-04  5.08089E-03  6.95641E-04
       4       4      10  3.61709E-03  4.09036E-03  3.61709E-05  3.81595E+01  4.99249E+01  4.32968E+01  3.48398E+01 -2.18572E+01  3.08289E+00  1.44781E+04  2.20896E+04  1.60080E+04  1.38413E+04  7.86577E+03  5.75693E+03  9.78780E-05  2.26945E-03  1.72303E-03
       4       5       1  3.59273E-03  3.30236E-03  3.59273E-05  3.03961E-01  3.94948E-01  2.11215E-01  1.48523E+02 -1.23619E+02 -1.41568E+01  5.01274E+04  4.70153E+04  4.35527E+04 -5.55313E+03  6.43497E+02  5.57144E+02  1.39911E-04  2.73245E-03  4.30002E-04
       4       5       2  1.11841E-03  1.05037E-03  1.11841E-05  8.40744E-01  1.10017E+00  5.91163E-01 -3.50400E+01  3.85058E+01 -2.49995E+01  6.16435E+04  6.77244E+04  4.66547E+04  1.94619E+04 -1.22378E+03  7.46263E+02  8.68122E-05  8.62182E-04  1.01372E-04
       4       5       3  1.85551E-03  1.75055E-03  1.85551E-05  1.28451E+00  1.65783E+00  8.95463E-01  6.67758E+01 -5.22117E+01  1.16382E+00  3.48683E+04  4.65612E+04  2.59767E+04  1.81760E+04  1.48123E+03  3.06883E+03  5.72030E-05  1.39603E-03  2.97313E-04
       4       5       4  3.14183E-03  2.11666E-03  3.14183E-05  1.91416E+00  2.53091E+00  1.35072E+00  1.05266E+02 -7.88417E+01 -7.72571E+00  6.78601E+04  6.76115E+04  7.43347E+04 -1.35094E+03 -5.19875E+03  2.41379E+03  3.06505E-04  1.69604E-03  1.14121E-04
       4       5       5  3.45936E-03  3.73396E-03  3.45936E-05  2.92950E+00  3.84979E+00  2.08025E+00  7.37318E+01 -5.05563E+01 -9.40122E+00  3.88810E+04  4.33079E+04  3.87415E+04  8.51920E+03  6.97777E+02  1.33363E+03  5.53275E-04  2.94271E-03  2.37978E-04
       4       5       6  4.19086E-03  4.23643E-03  4.19086E-05  4.07309E+00  5.31124E+00  2.79980E+00  5.85361E+01 -3.72019E+01 -6.34934E+00  2.53923E+04  2.94219E+04  1.74206E+04  1.03630E+04  2.35791E+03  1.87636E+03  2.34472E-04  3.35916E-03  6.42796E-04
       4       5       7  5.07321E-03  2.97229E-03  5.07321E-05  6.62285E+00  8.74087E+00  4.63247E+00  1.41265E+02 -1.07664E+02  2.22512E+01  5.28797E+04  5.70939E+04  4.90048E+04  4.98421E+03  1.58765E+03  4.04728E+03  3.43544E-04  2.29944E-03  3.29308E-04
       4       5       8  5.43917E-03  5.46166E-03  5.43917E-05  1.00588E+01  1.32826E+01  6.98811E+00  9.15520E+01 -6.89443E+01  1.99253E+01  2.83141E+04  3.44839E+04  2.29012E+04  9.25501E+03  1.96073E+03  3.62045E+03  5.77943E-04  4.16625E-03  7.17465E-04
       4       5       9  8.42649E-03  7.16368E-03  8.42649E-05  1.41344E+01  1.84015E+01  9.53839E+00  5.09757E+01 -3.65322E+01  1.25094E+01  1.14818E+04  1.45432E+04  8.13207E+03  5.09615E+03  1.98670E+03  2.24528E+03  2.29960E-04  5.31734E-03  1.61638E-03
       4       5      10  9.28042E-03  5.66862E-03  9.28042E-05  4.31117E+01  5.64177E+01  2.91931E+01  2.55194E+01 -9.76938E+00  2.49535E+00  1.64276E+04  2.68825E+04  8.35356E+03  1.84801E+04  8.46467E+03  6.35959E+03  8.08157E-05  2.19673E-03  3.39107E-03
       4       6       1  3.97613E-03  4.24024E-03  3.97613E-05  3.33347E-01  4.32063E-01  7.45880E-02  9.47459E+01 -8.07047E+01 -1.09416E+01  4.64550E+04  4.65012E+04  3.68841E+04  2.40283E+02  3.08554E+02 -7.62474E+01  1.30989E-04  3.12486E-03  9.84392E-04
       4       6       2  1.26130E-03  1.29211E-03  1.26130E-05  9.03792E-01  1.18443E+00  1.98765E-01 -6.53660E+01  5.00073E+01 -1.68965E+01  5.92991E+04  6.29699E+04  4.09667E+04  1.19166E+04 -2.17611E+03 -1.65298E+03  8.40669E-05  1.09353E-03  1.14518E-04
       4       6       3  2.06734E-03  2.01101E-03  2.06734E-05  1.38204E+00  1.80445E+00  3.00554E-01  5.64852E+01 -4.31284E+01 -9.01224E+00  2.65996E+04  3.48375E+04  1.89306E+04  1.46300E+04 -2.11588E+01 -4.14379E+02  5.36251E-05  1.68305E-03  2.74334E-04
       4       6       4  3.62075E-03  3.00063E-03  3.62075E-05  2.07569E+00  2.73247E+00  4.68159E-01  6.02505E+01 -4.26502E+01 -6.04279E+00  8.03479E+04  6.53019E+04  5.93772E+04 -3.09051E+04 -2.47136E+02  4.42372E+01  2.98018E-04  2.55041E-03  1.52202E-04
       4       6       5  4.15403E-03  4.73000E-03  4.15403E-05  3.16591E+00  4.16136E+00  7.10867E-01  3.63813E+01 -2.85874E+01 -1.95714E+00  4.50381E+04  4.39109E+04  2.61328E+04 -2.23800E+03  3.94535E+02  2.73745E+03  5.44135E-04  3.91157E-03  2.74287E-04
       4       6       6  5.42219E-03  5.82352E-03  5.42219E-05  4.28321E+00  5.57288E+00  9.21425E-01  3.25616E+01 -2.57622E+01 -9.90607E-01  2.39328E+04  2.44114E+04  1.41057E+04  1.20962E+03  6.90342E+02  1.16512E+03  2.18642E-04  5.02153E-03  5.83350E-04
       4       6       7  7.55123E-03  5.77902E-03  7.55123E-05  7.21411E+00  9.43917E+00  1.65672E+00  2.08023E+02 -1.67075E+02  5.23116E+00  6.94152E+04  5.78731E+04  2.70447E+04 -2.60442E+04  9.74733E+02  8.07793E+02  3.11269E-04  5.01595E-03  4.51806E-04
       4       6       8  7.63397E-03  1.00984E-02  7.63397E-05  1.08607E+01  1.42492E+01  2.42384E+00  1.34208E+02 -1.05478E+02  5.13714E+00  3.60905E+04  3.41685E+04  1.32394E+04 -3.75187E+03  5.68265E+02  7.73864E+02  5.98358E-04  8.54739E-03  9.52621E-04
       4       6       9  1.11793E-02  1.14428E-02  1.11793E-04  1.47236E+01  1.91321E+01  3.32589E+00  7.78449E+01 -5.97735E+01  1.84055E+00  1.57627E+04  1.50361E+04  5.68530E+03 -9.68088E+02  6.69936E+02  4.72187E+02  2.71576E-04  8.62407E-03  2.54713E-03
       4       6      10  1.71209E-02  1.91032E-02  1.71209E-04  3.89348E+01  5.05963E+01  8.23263E+00  1.76333E+02 -1.36801E+02 -1.72559E-01  4.64589E+04  3.27967E+04  2.26766E+03 -2.47490E+04  8.67124E+02  6.83887E+02  7.22575E-05  1.57286E-02  3.30234E-03
       5       1       1  4.20359E-04  4.12129E-04  4.20359E-06  3.56917E-02  8.65191E-02  5.07887E-01  3.15103E+00  3.75962E+01 -6.79760E+00  3.81852E+04  5.10167E+04  1.14376E+05  5.58210E+03  1.05375E+04  1.06751E+04  7.50162E-05  0.00000E+00  3.37113E-04
       5       1       2  1.20414E-04  1.01881E-04  1.20414E-06  1.00768E-01  2.59448E-01  1.47929E+00  6.95946E-01  8.74484E+01 -1.09757E+01  3.64401E+04  6.33709E+04  1.33108E+05  7.95646E+03  8.99134E+03  9.89347E+03  3.43244E-05  1.34462E-07  6.74225E-05
       5       1       3  2.08178E-04  1.92863E-04  2.08178E-06  1.63314E-01  4.26495E-01  2.21986E+00 -6.21895E+00  1.92352E+01 -1.72125E+00  2.18104E+04  3.48412E+04  4.34191E+04  7.70320E+03  5.74131E+03  6.56514E+02  3.49598E-05  0.00000E+00  1.57904E-04
       5       1       4  2.92673E-04  1.31138E-04  2.92673E-06  2.34272E-01  5.62551E-01  3.57548E+00  4.14286E+00  3.74817E+01 -1.14739E+01  3.78949E+04  8.21292E+04  6.38362E+04  8.13058E+03 -8.62711E+03  1.88948E+03  9.53135E-05  0.00000E+00  3.58250E-05
       5       1       5  2.68542E-04  2.43311E-04  2.68542E-06  3.43349E-01  8.26850E-01  5.18315E+00 -1.25757E+00  2.40396E+01  3.13169E+00  1.28603E+04  3.33201E+04  5.05792E+04 -3.38069E+03  1.88466E+03  2.96755E+03  1.64187E-04  0.00000E+00  7.91241E-05
       5       1       6  2.16811E-04  2.62475E-04  2.16811E-06  4.69312E-01  1.13044E+00  7.02972E+00  3.93948E+00  6.60009E+00 -9.06097E+00  4.27868E+03  1.03550E+04  2.74468E+04  2.15581E+03  3.61045E+03  1.32196E+03  7.99719E-05  0.00000E+00  1.82503E-04
       5       1       7  2.21063E-04  1.75548E-04  2.21063E-06  7.86020E-01  1.90166E+00  1.22041E+01  1.53813E+00 -9.23758E+01  2.43329E+01  1.96998E+04  5.98487E+04  5.56193E+04  2.64378E+02 -3.65863E+03  3.17958E+03  1.16753E-04  0.00000E+00  5.87940E-05
       5       1       8  3.69509E-04  3.49158E-04  3.69509E-06  1.20363E+00  2.84159E+00  1.77763E+01 -1.31402E+00 -5.83966E+01  2.12227E+01  9.09358E+03  2.70320E+04  3.62263E+04  1.05065E+03  8.83862E+02  8.24440E+02  2.30501E-04  0.00000E+00  1.18657E-04
       5       1       9  3.82567E-04  3.36928E-04  3.82567E-06  1.66807E+00  4.29241E+00  2.37878E+01  6.52985E-01 -2.83438E+01  1.02700E+01  3.26271E+03  9.66900E+03  1.61683E+04 -2.34866E+02  1.55081E+03  7.62969E+02  1.22548E-04  0.00000E+00  2.14380E-04
       5       1      10  1.71307E-04  1.47243E-04  1.71307E-06  5.06499E+00  1.30655E+01  7.27111E+01 -1.18654E+00 -2.26829E+01 -1.14805E+00  7.74142E+02  3.65919E+03  5.30322E+04  5.34399E+02  9.22001E+03  2.62064E+03  4.38745E-05  0.00000E+00  1.03369E-04
       5       2       1  1.26638E-03  1.34171E-03  1.26638E-05  9.05824E-02  2.22227E-01  5.30548E-01  8.71536E+01 -1.52686E+01 -1.49358E+01  4.13521E+04  4.68366E+04  7.26320E+04  2.00912E+03  7.13952E+03  5.44129E+03  1.31252E-04  4.86288E-04  7.24170E-04
       5       2       2  3.65974E-04  3.68365E-04  3.65974E-06  2.38333E-01  5.86913E-01  1.37059E+00 -2.75358E+01  5.61938E+01 -2.85429E+01  3.64691E+04  5.46541E+04  8.66350E+04  4.63242E+03  6.98433E+03  5.19136E+03  8.01847E-05  1.54939E-04  1.33241E-04
       5       2       3  6.31223E-04  6.24219E-04  6.31223E-06  3.54723E-01  8.69483E-01  2.04775E+00  1.87058E+01 -2.42439E+00  3.71974E-01  7.52717E+03  2.09194E+04  4.09279E+04  7.38401E+03  1.13279E+04  4.54863E+03  6.74193E-05  2.03995E-04  3.52804E-04
       5       2       4  9.09325E-04  6.58216E-04  9.09325E-06  6.08209E-01  1.45173E+00  3.30990E+00  1.41449E+02 -2.50220E+01 -2.00975E+00  8.43531E+04  5.97413E+04  5.46231E+04 -1.63635E+04 -2.92847E+03  5.55160E+03  1.99767E-04  3.58304E-04  1.00145E-04
       5       2       5  8.50933E-04  6.79819E-04  8.50933E-06  8.17233E-01  1.96863E+00  4.72118E+00  4.63927E+01  1.01239E+01 -3.10246E+00  2.61648E+04  3.83265E+04  4.37685E+04  1.12062E+03  1.93914E+03  3.38336E+03  3.60690E-04  1.72146E-04  1.46984E-04
       5       2       6  7.22518E-04  8.15086E-04  7.22518E-06  1.14592E+00  2.73916E+00  6.15666E+00  5.37198E+01 -5.95535E+00  4.29396E+00  1.82511E+04  1.24522E+04  2.31833E+04 -4.09118E+03  4.67820E+03  2.98213E+03  1.71042E-04  3.59373E-04  2.84672E-04
       5       2       7  7.13317E-04  7.24932E-04  7.13317E-06  2.02761E+00  4.85120E+00  1.11490E+01  1.31984E+02 -9.08568E+01  1.97532E+01  5.26804E+04  4.51662E+04  4.31383E+04 -1.01233E+04 -6.58606E+03  2.78550E+03  2.85737E-04  3.06287E-04  1.32908E-04
       5       2       8  1.17629E-03  1.22849E-03  1.17629E-05  2.91111E+00  7.09662E+00  1.64967E+01  7.06678E+01 -5.78847E+01  8.10011E+00  1.96666E+04  2.17938E+04  3.23668E+04 -3.04925E+03  1.58131E+03  2.70614E+03  4.58646E-04  4.40194E-04  3.29647E-04
       5       2       9  1.29934E-03  1.33615E-03  1.29934E-05  3.86615E+00  9.48912E+00  2.23505E+01  3.01067E+01 -2.18711E+01  3.86464E-01  6.34269E+03  6.78708E+03  1.44352E+04 -3.36631E+02  2.19572E+03  1.34532E+03  1.96088E-04  3.42560E-04  7.97502E-04
       5       2      10  5.86857E-04  6.60028E-04  5.86857E-06  1.19953E+01  2.90793E+01  6.84009E+01  3.17818E+01 -2.40117E+01 -1.76969E+00  4.22528E+03  9.22293E+03  4.08617E+04  1.97425E+03  9.20378E+03  2.62146E+03  1.19057E-04  2.88524E-04  2.52448E-04
       5       3       1  2.11367E-03  2.09704E-03  2.11367E-05  1.31891E-01  3.21528E-01  4.69588E-01  1.37588E+02 -4.72583E+01 -1.84033E+01  4.82751E+04  4.30334E+04  5.30123E+04 -3.37079E+03  2.45996E+03  1.91089E+03  1.26829E-04  1.39643E-03  5.73778E-04
       5       3       2  6.22023E-04  6.18033E-04  6.22023E-06  3.42913E-01  8.25615E-01  1.20463E+00 -4.67932E+01  4.95169E+01 -2.69966E+01  3.47819E+04  5.76327E+04  6.73804E+04  9.36202E+03  1.26563E+04  7.90210E+03  9.56206E-05  3.48871E-04  1.73541E-04
       5       3       3  1.06546E-03  1.01137E-03  1.06546E-05  5.11037E-01  1.24230E+00  1.80732E+00  4.12112E+01 -1.40087E+00  1.78244E-01  9.87646E+03  2.40001E+04  3.01363E+04  7.74730E+03  9.34466E+03  3.86077E+03  6.58675E-05  6.24498E-04  3.21003E-04
       5       3       4  1.60640E-03  8.25040E-04  1.60640E-05  8.03321E-01  1.91602E+00  2.72686E+00  1.52163E+02 -5.51751E+01 -9.44426E+00  8.74460E+04  7.74236E+04  7.18215E+04 -1.68676E+04 -9.51498E+02  5.98664E+03  2.14782E-04  4.38907E-04  1.71351E-04
       5       3       5  1.56563E-03  1.94805E-03  1.56563E-05  1.23651E+00  2.95695E+00  4.18737E+00  7.91708E+01 -1.83627E+01 -7.05596E+00  3.10296E+04  3.72332E+04  3.78158E+04  2.07129E+03  3.89929E+03  3.63477E+03  4.39030E-04  1.13909E-03  3.69937E-04
       5       3       6  1.46811E-03  1.42315E-03  1.46811E-05  1.62439E+00  3.91130E+00  5.77263E+00  3.07249E+01 -1.39992E+01 -8.67383E+00  1.02257E+04  1.71402E+04  2.80101E+04  1.46371E+03  7.35303E+03  3.85673E+03  1.72674E-04  4.14782E-04  8.35693E-04
       5       3       7  1.41609E-03  1.16063E-03  1.41609E-05  2.83411E+00  6.73516E+00  9.73279E+00  1.23759E+02 -7.41710E+01  2.35103E+01  3.92586E+04  4.63829E+04  5.79613E+04 -2.07735E+03 -3.25516E+03  4.19569E+03  3.19095E-04  6.45891E-04  1.95645E-04
       5       3       8  2.17784E-03  2.33711E-03  2.17784E-05  4.23895E+00  1.00612E+01  1.44944E+01  8.31454E+01 -4.39174E+01  1.82620E+01  1.81387E+04  2.50754E+04  3.11449E+04  4.69889E+02  1.80488E+03  2.78928E+03  6.09569E-04  1.28658E-03  4.40967E-04
       5       3       9  2.73385E-03  2.57952E-03  2.73385E-05  5.77039E+00  1.37027E+01  1.96115E+01  4.50055E+01 -2.03605E+01  3.76420E+00  6.52360E+03  8.61717E+03  1.16269E+04  5.31993E+02  1.75305E+03  9.94463E+02  2.37272E-04  1.40507E-03  9.37177E-04
       5       3      10  1.38430E-03  1.06074E-03  1.38430E-05  1.74008E+01  4.21969E+01  6.04855E+01  2.92217E+01 -1.99225E+01  7.31550E+00  5.05556E+03  1.68194E+04  3.13208E+04  4.99908E+03  1.08492E+04  3.52285E+03  1.53886E-04  4.90435E-04  4.16418E-04
       5       4       1  2.91625E-03  3.42648E-03  2.91625E-05  1.77899E-01  4.32424E-01  3.35104E-01  1.90167E+02 -7.91015E+01 -1.40493E+01  5.75020E+04  4.63486E+04  3.78840E+04 -6.80100E+03  6.66914E+02  5.62245E+02  1.12111E-04  2.88143E-03  4.32948E-04
       5       4       2  8.80823E-04  9.89796E-04  8.80823E-06  4.69749E-01  1.12984E+00  8.71192E-01 -6.64226E+01  5.22954E+01 -2.10234E+01  5.47364E+04  6.70737E+04  3.96297E+04  9.64686E+03  2.56853E+03  1.91122E+03  8.99266E-05  7.97701E-04  1.02168E-04
       5       4       3  1.48941E-03  1.60553E-03  1.48941E-05  7.09155E-01  1.71874E+00  1.34036E+00  5.75368E+01 -2.36081E+01 -3.08321E+00  1.85630E+04  2.85777E+04  2.11414E+04  4.57169E+03  6.43277E+03  1.89485E+03  6.39277E-05  1.20940E-03  3.32198E-04
       5       4       4  2.37897E-03  1.76765E-03  2.37897E-05  1.06372E+00  2.57635E+00  2.05227E+00  1.74353E+02 -6.78522E+01 -5.55243E+00  1.12788E+05  6.76091E+04  4.43053E+04 -2.18018E+04 -2.94611E+03  2.41642E+03  2.12170E-04  1.40162E-03  1.53859E-04
       5       4       5  2.45767E-03  3.74646E-03  2.45767E-05  1.64666E+00  3.94667E+00  3.03737E+00  9.61027E+01 -3.23770E+01 -6.75216E+00  4.11549E+04  4.39402E+04  3.00367E+04  5.84901E+02  7.60798E+02  1.15511E+03  4.84728E-04  2.98037E-03  2.81362E-04
       5       4       6  2.62683E-03  3.30581E-03  2.62683E-05  2.29470E+00  5.55513E+00  4.09949E+00  6.29244E+01 -2.58512E+01  7.88791E-01  1.88794E+04  2.59777E+04  1.45450E+04  3.33424E+03  3.40145E+03  1.74380E+03  1.35026E-04  2.58015E-03  5.90640E-04
       5       4       7  2.69428E-03  2.81996E-03  2.69428E-05  3.77239E+00  9.07640E+00  6.97637E+00  2.05423E+02 -9.11538E+01  1.80774E+01  6.84674E+04  4.77278E+04  4.03450E+04 -1.14254E+04 -3.14859E+02  2.68897E+03  3.35098E-04  2.29754E-03  1.87326E-04
       5       4       8  3.49733E-03  4.99566E-03  3.49733E-05  5.67741E+00  1.36722E+01  1.04326E+01  1.22491E+02 -5.83046E+01  1.08069E+01  2.83051E+04  3.17376E+04  2.43613E+04  6.80989E+02  2.19543E+03  1.78632E+03  6.22376E-04  3.97915E-03  3.94137E-04
       5       4       9  5.09496E-03  6.27604E-03  5.09496E-05  7.70018E+00  1.87520E+01  1.43606E+01  6.95887E+01 -3.11440E+01  2.53591E+00  1.08309E+04  1.46993E+04  1.02403E+04  1.48514E+03  3.41472E+03  1.59421E+03  2.68112E-04  5.11880E-03  8.89131E-04
       5       4      10  3.54052E-03  5.35604E-03  3.54052E-05  2.25138E+01  5.75357E+01  4.38152E+01  2.91374E+01 -9.94833E+00  3.16547E+00  7.01912E+03  2.95366E+04  1.75538E+04  1.02906E+04  1.34685E+04  4.88046E+03  1.64448E-04  2.20635E-03  2.98524E-03
       5       5       1  3.57288E-03  3.42923E-03  3.57288E-05  1.90671E-01  4.65542E-01  2.10890E-01  1.69229E+02 -7.43660E+01 -1.22858E+01  5.03668E+04  4.38980E+04  4.30102E+04 -3.31455E+03 -6.20849E+02 -2.72960E+02  9.87515E-05  2.72581E-03  6.04672E-04
       5       5       2  1.10910E-03  1.05119E-03  1.10910E-05  5.28632E-01  1.27963E+00  5.85936E-01 -4.36535E+01  2.82149E+01 -2.05964E+01  4.91704E+04  8.05972E+04  4.68302E+04  1.66731E+04 -2.03019E+03 -4.96162E+01  9.11386E-05  8.25263E-04  1.34784E-04
       5       5       3  1.84590E-03  1.69464E-03  1.84590E-05  7.93557E-01  1.93417E+00  8.91349E-01  7.83176E+01 -3.74967E+01 -5.08272E+00  2.71646E+04  5.82972E+04  2.75187E+04  1.30415E+04  1.54596E+03  4.03181E+02  5.90997E-05  1.40307E-03  2.32467E-04
       5       5       4  3.11247E-03  2.01348E-03  3.11247E-05  1.20829E+00  2.93054E+00  1.34778E+00  1.25290E+02 -5.22239E+01 -7.54261E+00  6.87263E+04  7.15379E+04  7.05892E+04 -6.91950E+01 -2.55545E+03  1.18149E+03  2.31429E-04  1.65836E-03  1.23687E-04
       5       5       5  3.41805E-03  3.45749E-03  3.41805E-05  1.85737E+00  4.46245E+00  2.07829E+00  8.47839E+01 -3.34836E+01 -5.37557E+00  3.49712E+04  5.10115E+04  3.57891E+04  6.88951E+03  2.09638E+03  1.19487E+03  4.21077E-04  2.76763E-03  2.68786E-04
       5       5       6  4.13536E-03  4.14363E-03  4.13536E-05  2.55709E+00  6.20592E+00  2.81576E+00  6.36761E+01 -2.19903E+01  1.69896E+00  1.95274E+04  3.53074E+04  1.64374E+04  8.66053E+03  1.11133E+03  1.46852E+03  1.64072E-04  3.26906E-03  7.10502E-04
       5       5       7  4.96406E-03  2.85596E-03  4.96406E-05  4.21357E+00  1.01388E+01  4.66031E+00  1.62354E+02 -8.25985E+01  1.36837E+01  5.13934E+04  5.97315E+04  4.98266E+04  2.46526E+03 -1.26210E+03  1.56340E+03  3.28085E-04  2.26739E-03  2.60485E-04
       5       5       8  5.35554E-03  5.37246E-03  5.35554E-05  6.35643E+00  1.54267E+01  6.95314E+00  1.01883E+02 -4.93149E+01  7.13113E+00  2.35340E+04  3.87617E+04  2.36025E+04  6.15837E+03  1.49395E+03  1.17537E+03  6.78424E-04  4.04636E-03  6.47676E-04
       5       5       9  8.30686E-03  7.45021E-03  8.30686E-05  8.86343E+00  2.16632E+01  9.20023E+00  5.27167E+01 -2.35913E+01 -2.07433E+00  8.67070E+03  1.67546E+04  8.18002E+03  3.79105E+03  2.26394E+03  8.42926E+02  3.20316E-04  5.12810E-03  2.00179E-03
       5       5      10  8.94606E-03  5.51182E-03  8.94606E-05  2.71787E+01  6.42809E+01  2.97179E+01  2.30909E+01 -1.82005E+01  2.07959E-01  8.33389E+03  3.65399E+04  9.06486E+03  1.37652E+04  9.77809E+03  3.96479E+03  1.71165E-04  2.29124E-03  3.04942E-03
       5       6       1  3.95054E-03  4.41199E-03  3.95054E-05  2.09061E-01  5.14775E-01  7.58455E-02  1.09649E+02 -4.95676E+01 -5.10693E+00  4.35337E+04  4.71930E+04  3.68490E+04  5.31883E+02  1.03023E+03  1.27514E+03  9.29801E-05  3.19066E-03  1.12835E-03
       5       6       2  1.24864E-03  1.32853E-03  1.24864E-05  5.67326E-01  1.37701E+00  2.01560E-01 -7.20435E+01  3.16670E+01 -2.62507E+01  5.13319E+04  7.51006E+04  3.88650E+04  1.17928E+04 -2.62080E+03 -1.00143E+03  9.58231E-05  1.12761E-03  1.05102E-04
       5       6       3  2.05483E-03  2.21568E-03  2.05483E-05  8.64054E-01  2.10313E+00  2.97909E-01  6.31796E+01 -2.70438E+01 -1.14455E+00  1.97840E+04  4.58740E+04  1.78621E+04  1.18497E+04 -2.55264E+03 -9.94059E+01  5.13404E-05  1.85397E-03  3.10375E-04
       5       6       4  3.58079E-03  3.01990E-03  3.58079E-05  1.31642E+00  3.18876E+00  4.63457E-01  6.78856E+01 -2.85143E+01 -4.88928E+00  9.45253E+04  5.79898E+04  5.42150E+04 -1.96342E+04  4.12554E+02  1.21774E+03  2.49055E-04  2.55416E-03  2.16693E-04
       5       6       5  4.09311E-03  4.54801E-03  4.09311E-05  1.98786E+00  4.81492E+00  7.04057E-01  4.22110E+01 -1.79043E+01 -6.52623E+00  4.75357E+04  4.97948E+04  2.26188E+04 -4.79590E+00  4.22260E+03  3.26277E+02  3.49592E-04  3.80856E-03  3.89853E-04
       5       6       6  5.33583E-03  6.23907E-03  5.33583E-05  2.67735E+00  6.49582E+00  9.33886E-01  3.83267E+01 -1.48588E+01  5.13034E-01  2.26562E+04  2.92673E+04  1.41513E+04  2.50371E+03  2.95908E+03  1.61969E+03  2.06992E-04  5.21697E-03  8.15109E-04
       5       6       7  7.34094E-03  6.08886E-03  7.34094E-05  4.49658E+00  1.09792E+01  1.70309E+00  2.34056E+02 -9.79625E+01  1.34577E+01  7.86156E+04  4.88138E+04  2.67043E+04 -1.68460E+04  2.62719E+03  1.59835E+03  3.58816E-04  4.98081E-03  7.49235E-04
       5       6       8  7.42921E-03  1.04323E-02  7.42921E-05  6.79899E+00  1.65435E+01  2.52021E+00  1.52749E+02 -6.22333E+01  5.90925E+00  3.66618E+04  3.47074E+04  1.22213E+04 -1.78932E+03  1.57494E+03  6.85868E+02  5.23440E-04  8.59055E-03  1.31833E-03
       5       6       9  1.09815E-02  1.22236E-02  1.09815E-04  9.11720E+00  2.24555E+01  3.61943E+00  8.62105E+01 -3.49682E+01  1.58586E+00  1.52255E+04  1.51488E+04  4.92323E+03 -3.05665E+02  7.10568E+02  4.93988E+02  2.30043E-04  9.02647E-03  2.96708E-03
       5       6      10  1.63151E-02  1.97807E-02  1.63151E-04  2.42651E+01  5.96500E+01  8.20649E+00  1.99174E+02 -8.19377E+01  1.12930E+00  5.58892E+04  2.20768E+04  2.10619E+03 -1.72545E+04  8.79903E+02  3.82061E+02  1.73169E-04  1.56391E-02  3.96848E-03
       6       1       1  4.20311E-04  4.18595E-04  4.20311E-06  1.21492E-02  8.41075E-02  4.89438E-01 -6.94095E-01  3.29706E+01  4.38980E+00  3.68262E+04  5.85702E+04  1.36084E+05  4.19503E+03  2.14431E+04  5.97554E+03  6.69376E-05  0.00000E+00  3.51657E-04
       6       1       2  1.20397E-04  1.14698E-04  1.20397E-06  4.10472E-02  2.73680E-01  1.47795E+00  4.99330E+00  7.51300E+01 -6.69989E+00  2.45242E+04  4.43954E+04  1.24121E+05  6.47823E+03  2.28280E+04  1.42629E+03  3.52628E-05  2.35308E-07  7.91996E-05
       6       1       3  2.08156E-04  2.71687E-04  2.08156E-06  7.23679E-02  4.48278E-01  2.22174E+00  6.69046E+00 -3.40912E-01 -1.54002E+01  1.75564E+04  2.60739E+04  4.45921E+04  3.02137E+03  5.43673E+03  1.94639E+03  2.72436E-05  0.00000E+00  2.44443E-04
       6       1       4  2.92623E-04  1.28981E-04  2.92623E-06  7.67970E-02  5.89328E-01  3.55547E+00  9.17775E-01  3.25871E+01 -7.75725E-01  3.69711E+04  8.21190E+04  7.98387E+04  3.87603E+03 -3.90066E+03 -5.20763E+02  9.40078E-05  0.00000E+00  3.49727E-05
       6       1       5  2.68497E-04  2.10416E-04  2.68497E-06  1.13610E-01  8.53399E-01  5.21025E+00 -1.82212E+00  2.36861E+01  1.22886E+01  1.32367E+04  3.26523E+04  5.52707E+04 -1.79538E+03  3.26675E+03  6.60289E+02  1.40685E-04  0.00000E+00  6.97305E-05
       6       1       6  2.16768E-04  2.37067E-04  2.16768E-06  1.54317E-01  1.09620E+00  6.97076E+00  1.69346E+00  8.08600E+00  8.86767E-01  5.00554E+03  1.16633E+04  3.19898E+04  9.61837E+02  1.69513E+03  7.14712E+02  8.81323E-05  0.00000E+00  1.48935E-04
       6       1       7  2.21033E-04  1.60232E-04  2.21033E-06  2.95918E-01  2.06801E+00  1.21995E+01  4.04716E-01 -8.97130E+01  6.06624E+00  2.09882E+04  6.06804E+04  5.26019E+04  1.46238E+03 -2.89645E+03  8.85911E+02  1.11121E-04  0.00000E+00  4.91103E-05
       6       1       8  3.69462E-04  3.28949E-04  3.69462E-06  4.45566E-01  3.07884E+00  1.79711E+01 -1.36447E-01 -5.62145E+01 -1.76368E+01  8.53091E+03  2.51825E+04  3.59645E+04  2.15335E+02  2.22562E+03  3.13642E+02  2.04345E-04  0.00000E+00  1.24605E-04
       6       1       9  3.82481E-04  4.17913E-04  3.82481E-06  6.71243E-01  3.99037E+00  2.44467E+01 -8.13876E-01 -1.77755E+01 -1.36137E+01  2.03857E+03  5.94853E+03  1.35392E+04 -2.38793E+02  1.02273E+03  4.43982E+02  9.57423E-05  0.00000E+00  3.22171E-04
       6       1      10  1.71271E-04  1.73619E-04  1.71271E-06  1.67467E+00  1.30350E+01  7.65296E+01 -1.00018E+00 -2.23063E+01 -1.81636E+01  4.53520E+02  2.83634E+03  4.48647E+04  7.96812E+01  7.27443E+03  4.93670E+02  4.34953E-05  0.00000E+00  1.30124E-04
       6       2       1  1.26568E-03  1.34709E-03  1.26568E-05  3.07279E-02  2.34141E-01  5.17102E-01  9.58515E+01  6.00185E+00 -1.56433E+01  4.12069E+04  4.77681E+04  7.50794E+04  1.48371E+03  7.98362E+03  3.12279E+03  1.12217E-04  5.39600E-04  6.95270E-04
       6       2       2  3.65722E-04  3.40627E-04  3.65722E-06  8.59007E-02  6.31632E-01  1.36582E+00 -5.04280E+01  6.02165E+01 -2.28327E+01  4.03325E+04  5.48421E+04  7.60305E+04  1.65826E+03  9.24486E+03  1.74430E+03  6.65699E-05  1.59395E-04  1.14663E-04
       6       2       3  6.30897E-04  6.36848E-04  6.30897E-06  1.41971E-01  9.54378E-01  2.05219E+00  2.60023E+01  3.74889E+00 -7.00015E-01  4.13364E+03  2.15068E+04  3.21098E+04  3.17193E+03  9.48429E+03  1.29806E+03  5.64702E-05  2.78161E-04  3.02217E-04
       6       2       4  9.08553E-04  5.98846E-04  9.08553E-06  2.09172E-01  1.57183E+00  3.31634E+00  1.67652E+02 -8.46005E+00 -1.14063E+01  9.85094E+04  5.21401E+04  4.69392E+04 -8.81644E+03 -5.41468E+03  8.35508E+02  1.54721E-04  3.80459E-04  6.36655E-05
       6       2       5  8.50195E-04  6.43272E-04  8.50195E-06  2.84368E-01  2.14184E+00  4.71605E+00  5.41429E+01  1.50277E+01 -1.01118E+01  2.79628E+04  3.87750E+04  4.21677E+04  1.38551E+03 -3.38629E+02 -2.32768E+02  3.55141E-04  1.93297E-04  9.48348E-05
       6       2       6  7.21776E-04  7.88385E-04  7.21776E-06  3.67355E-01  2.94397E+00  6.17613E+00  6.46292E+01 -1.55211E-01  1.80082E+00  2.15690E+04  9.64000E+03  2.63282E+04 -1.69687E+03  5.07612E+03  1.33716E+03  1.12940E-04  4.15646E-04  2.59799E-04
       6       2       7  7.12740E-04  6.79247E-04  7.12740E-06  6.82174E-01  5.20897E+00  1.11206E+01  1.56474E+02 -5.83672E+01  2.46881E+01  6.00476E+04  3.80308E+04  4.34032E+04 -4.25868E+03 -4.85169E+03  1.40420E+03  2.21864E-04  3.39673E-04  1.17710E-04
       6       2       8  1.17555E-03  1.17725E-03  1.17555E-05  1.01506E+00  7.63705E+00  1.63129E+01  8.79920E+01 -3.85904E+01  2.11313E+01  2.29897E+04  2.08637E+04  3.12586E+04 -1.27776E+03  1.73435E+03  1.07292E+03  4.10287E-04  5.06972E-04  2.59991E-04
       6       2       9  1.29783E-03  1.25552E-03  1.29783E-05  1.48707E+00  1.01347E+01  2.21804E+01  4.48771E+01 -1.41329E+01  1.50161E+01  7.77209E+03  6.78065E+03  1.36082E+04 -2.30376E+02  1.30540E+03  7.28830E+02  1.91377E-04  4.69172E-04  5.94969E-04
       6       2      10  5.86042E-04  5.89565E-04  5.86042E-06  4.32246E+00  3.16396E+01  6.84020E+01  4.06705E+01 -1.48208E+01  3.46494E+00  3.83523E+03  9.68385E+03  4.03393E+04  6.43554E+02  7.77488E+03  4.20393E+02  9.36531E-05  3.10590E-04  1.85322E-04
       6       3       1  2.11083E-03  1.94629E-03  2.11083E-05  4.52575E-02  3.40683E-01  4.63687E-01  1.54314E+02 -1.35863E+01 -1.41546E+01  5.04676E+04  4.28269E+04  5.14429E+04 -4.39424E+02  8.21749E+02  8.01848E+02  1.02254E-04  1.37350E-03  4.70529E-04
       6       3       2  6.20920E-04  5.73656E-04  6.20920E-06  1.26707E-01  8.93232E-01  1.20901E+00 -4.51179E+01  3.14960E+01 -2.52904E+01  3.50092E+04  6.45049E+04  6.66764E+04  4.18579E+03  1.44980E+04  6.89790E+02  7.18597E-05  3.58128E-04  1.43669E-04
       6       3       3  1.06412E-03  8.98927E-04  1.06412E-05  1.91301E-01  1.33311E+00  1.80222E+00  3.98626E+01  4.98892E+00 -4.17074E+00  6.23795E+03  2.38181E+04  3.26434E+04  2.92949E+03  1.09871E+04  7.63926E+02  5.47459E-05  5.78570E-04  2.65611E-04
       6       3       4  1.60297E-03  7.69651E-04  1.60297E-05  2.69328E-01  2.06014E+00  2.71125E+00  1.79781E+02 -1.87368E+01 -1.07333E+01  1.03742E+05  6.54890E+04  6.94121E+04 -9.51114E+03  2.80324E+03  2.44000E+03  1.83119E-04  4.29062E-04  1.57470E-04
       6       3       5  1.56197E-03  1.77496E-03  1.56197E-05  4.28218E-01  3.17850E+00  4.20811E+00  8.60912E+01 -5.12015E+00 -7.08403E+00  3.09733E+04  3.69113E+04  3.41580E+04 -1.48828E+02  4.71321E+03  1.43438E+03  3.55793E-04  1.12193E-03  2.97235E-04
       6       3       6  1.46406E-03  1.10508E-03  1.46406E-05  5.82953E-01  4.14725E+00  5.77505E+00  3.17484E+01 -1.27365E+00 -8.41480E+00  9.49079E+03  1.66026E+04  2.53555E+04  6.85378E+02  7.13835E+03  1.18488E+03  1.32525E-04  3.19794E-04  6.52757E-04
       6       3       7  1.41214E-03  9.30039E-04  1.41214E-05  9.83355E-01  7.26327E+00  9.76724E+00  1.50556E+02 -4.86456E+01  2.69461E+01  4.50648E+04  4.41682E+04  5.44278E+04 -1.82182E+03 -5.10714E+03  9.67646E+02  2.46639E-04  5.73931E-04  1.09469E-04
       6       3       8  2.17422E-03  1.85607E-03  2.17422E-05  1.47514E+00  1.08121E+01  1.45399E+01  1.00368E+02 -3.00617E+01  9.98832E+00  2.01797E+04  2.44439E+04  2.97435E+04  5.47352E+01  4.95710E+02  4.62048E+02  4.51064E-04  1.16422E-03  2.40789E-04
       6       3       9  2.72546E-03  1.80962E-03  2.72546E-05  1.93350E+00  1.42803E+01  1.95760E+01  5.51488E+01 -1.56309E+01 -1.67535E+00  7.61262E+03  9.68379E+03  1.23332E+04 -6.83302E+01  1.31803E+03  1.03292E+02  2.00583E-04  1.07827E-03  5.30766E-04
       6       3      10  1.37724E-03  8.73332E-04  1.37724E-05  6.17086E+00  4.61666E+01  6.02293E+01  3.40336E+01 -1.51011E+01  4.53861E+00  2.99155E+03  1.88616E+04  3.01586E+04  1.83720E+03  1.01486E+04  1.09031E+03  1.12882E-04  4.67817E-04  2.92633E-04
       6       4       1  2.90952E-03  3.38706E-03  2.90952E-05  6.12448E-02  4.63001E-01  3.34143E-01  2.10697E+02 -2.53175E+01 -6.66446E+00  6.23409E+04  4.43132E+04  3.66251E+04 -1.46018E+03 -9.58660E+02  3.36102E+01  8.89718E-05  2.91840E-03  3.79689E-04
       6       4       2  8.77951E-04  9.64642E-04  8.77951E-06  1.65972E-01  1.21098E+00  8.70678E-01 -7.52647E+01  2.64201E+01 -1.79454E+01  5.04199E+04  7.17792E+04  3.72548E+04  4.19757E+03 -1.15209E+03 -2.34781E+02  7.65683E-05  8.04093E-04  8.39810E-05
       6       4       3  1.48620E-03  1.51214E-03  1.48620E-05  2.47964E-01  1.84135E+00  1.34445E+00  6.91971E+01 -1.22792E+01 -7.08627E+00  2.02206E+04  3.00776E+04  1.98356E+04  7.49616E+02  3.64409E+03 -2.41119E+02  5.06076E-05  1.21602E-03  2.45515E-04
       6       4       4  2.36993E-03  1.66818E-03  2.36993E-05  3.62416E-01  2.77087E+00  2.05994E+00  1.91403E+02 -2.22484E+01 -7.07466E+00  1.23031E+05  5.58962E+04  4.19043E+04 -8.73906E+03 -4.57911E+03  1.85857E+02  1.94218E-04  1.37610E-03  9.78670E-05
       6       4       5  2.44659E-03  3.51263E-03  2.44659E-05  5.59829E-01  4.24329E+00  3.01886E+00  1.10331E+02 -1.01000E+01 -3.02049E+00  4.35464E+04  4.55156E+04  2.87326E+04  1.43609E+02  1.18830E+03  6.83556E+02  2.93122E-04  2.99731E-03  2.22198E-04
       6       4       6  2.61321E-03  3.24791E-03  2.61321E-05  7.85563E-01  5.94405E+00  4.09406E+00  6.88814E+01 -8.57306E+00 -2.87930E+00  1.78130E+04  2.78936E+04  1.54527E+04  1.45154E+03  1.50965E+03  1.69689E+02  1.70443E-04  2.54601E-03  5.31453E-04
       6       4       7  2.67552E-03  2.69709E-03  2.67552E-05  1.27131E+00  9.73092E+00  6.97135E+00  2.31153E+02 -3.80267E+01  9.61749E+00  7.71825E+04  4.47049E+04  3.67692E+04 -4.60402E+03  1.38250E+01  2.53322E+02  2.48209E-04  2.28842E-03  1.60462E-04
       6       4       8  3.48433E-03  4.78080E-03  3.48433E-05  1.94244E+00  1.46633E+01  1.04607E+01  1.38365E+02 -2.56015E+01  7.45718E+00  2.91652E+04  3.19293E+04  2.26120E+04  1.01760E+02  1.28095E+03  4.75660E+02  4.72969E-04  4.00628E-03  3.01553E-04
       6       4       9  5.06627E-03  6.16981E-03  5.06627E-05  2.65560E+00  2.01841E+01  1.43191E+01  7.72015E+01 -1.32371E+01  2.94748E+00  1.05739E+04  1.52703E+04  9.80839E+03  6.66084E+02  3.20609E+03  6.08743E+02  1.79680E-04  5.30892E-03  6.81205E-04
       6       4      10  3.49734E-03  5.51902E-03  3.49734E-05  8.85872E+00  6.12316E+01  4.39068E+01  2.97183E+01 -1.18677E+01 -2.59175E+00  3.41141E+03  3.28663E+04  1.74559E+04  4.23174E+03  1.38346E+04  2.02570E+03  1.16511E-04  2.33509E-03  3.06742E-03
       6       5       1  3.56150E-03  3.19103E-03  3.56150E-05  6.59288E-02  4.94761E-01  2.11865E-01  1.97343E+02 -2.80252E+01 -9.53838E+00  5.53613E+04  4.10224E+04  4.45921E+04 -1.82647E+03  1.59762E+03  2.60347E+00  7.97295E-05  2.74522E-03  3.66082E-04
       6       5       2  1.10381E-03  9.95793E-04  1.10381E-05  1.86206E-01  1.37506E+00  5.91849E-01 -4.70016E+01  1.29097E+01 -1.88991E+01  4.35966E+04  8.55481E+04  4.49026E+04  5.56082E+03 -5.12344E+02 -8.04826E+02  7.05189E-05  8.46999E-04  7.82754E-05
       6       5       3  1.84038E-03  1.67642E-03  1.84038E-05  2.80244E-01  2.07990E+00  8.96432E-01  9.05996E+01 -6.06241E+00 -5.44317E-01  2.29750E+04  6.45267E+04  2.61014E+04  4.03638E+03  9.48458E+01  1.20371E+03  4.70297E-05  1.45768E-03  1.71709E-04
       6       5       4  3.09571E-03  1.97249E-03  3.09571E-05  4.12772E-01  3.15179E+00  1.35283E+00  1.43019E+02 -1.61505E+01 -3.35526E+00  7.28020E+04  7.47900E+04  6.76401E+04  1.43556E+03  1.20649E+03  2.58330E+03  1.83772E-04  1.67699E-03  1.11729E-04
       6       5       5  3.39465E-03  3.41921E-03  3.39465E-05  6.50490E-01  4.80113E+00  2.07123E+00  9.32181E+01 -6.49868E+00 -1.29324E+01  3.18186E+04  5.60203E+04  3.45426E+04  3.66176E+03  1.07891E+03 -3.05259E+03  3.09769E-04  2.87905E-03  2.30398E-04
       6       5       6  4.10380E-03  4.00526E-03  4.10380E-05  8.85316E-01  6.62775E+00  2.85991E+00  6.93452E+01 -7.32638E+00  5.28760E-01  1.68578E+04  3.89910E+04  1.62660E+04  2.85086E+03  5.36998E+03  1.42636E+03  1.43619E-04  3.31039E-03  5.51251E-04
       6       5       7  4.90261E-03  2.72157E-03  4.90261E-05  1.44340E+00  1.08972E+01  4.64628E+00  1.81680E+02 -2.17944E+01  1.62674E+01  5.13710E+04  6.41872E+04  4.72789E+04  1.86380E+03  7.92224E+03  1.20308E+03  2.49969E-04  2.23760E-03  2.33996E-04
       6       5       8  5.30898E-03  4.85066E-03  5.30898E-05  2.12662E+00  1.64743E+01  7.05065E+00  1.19558E+02 -1.40220E+01  1.12711E+01  2.25971E+04  4.38764E+04  2.31850E+04  2.85191E+03  4.66845E+03  7.72078E+02  3.83049E-04  4.04469E-03  4.22925E-04
       6       5       9  8.23880E-03  6.30827E-03  8.23880E-05  2.99595E+00  2.28139E+01  9.67718E+00  6.75848E+01 -8.06336E+00  3.89338E+00  8.46049E+03  2.17001E+04  9.34600E+03  1.71182E+03  4.19035E+03  6.80884E+02  1.68254E-04  5.25099E-03  8.89025E-04
       6       5      10  8.76002E-03  6.18793E-03  8.76002E-05  8.99195E+00  6.91349E+01  3.00739E+01  2.23967E+01  4.28938E+00  5.37720E+00  2.59008E+03  4.21984E+04  9.10151E+03  5.22638E+03  1.22986E+04  1.58946E+03  1.16511E-04  2.02142E-03  4.05000E-03
       6       6       1  3.93587E-03  3.70862E-03  3.93587E-05  7.37083E-02  5.41185E-01  7.43391E-02  1.42431E+02 -1.92153E+01 -9.00012E+00  5.25867E+04  4.80933E+04  4.14096E+04 -7.04578E+01 -8.17366E+02 -9.27609E+02  7.45049E-05  3.22794E-03  4.06176E-04
       6       6       2  1.24146E-03  1.24898E-03  1.24146E-05  1.95946E-01  1.47790E+00  2.01201E-01 -8.34859E+01  1.27587E+01 -1.35361E+01  4.85826E+04  6.94533E+04  3.55931E+04  2.83300E+03  1.85558E+03  2.72395E+02  6.85887E-05  1.11918E-03  6.12188E-05
       6       6       3  2.04766E-03  2.08922E-03  2.04766E-05  3.10094E-01  2.25733E+00  3.05473E-01  7.05852E+01 -9.97073E+00 -4.46933E+00  1.55976E+04  4.03583E+04  1.76643E+04  3.60184E+03 -7.91381E+02 -6.85375E+02  4.20293E-05  1.86627E-03  1.80925E-04
       6       6       4  3.55802E-03  2.82423E-03  3.55802E-05  4.52042E-01  3.42586E+00  4.77974E-01  7.97011E+01 -9.11403E+00 -2.81944E+00  1.09438E+05  4.15988E+04  5.12019E+04 -9.18677E+03  8.10265E+02  3.43897E+02  1.62229E-04  2.56088E-03  1.01121E-04
       6       6       5  4.05871E-03  4.31437E-03  4.05871E-05  6.86823E-01  5.16957E+00  7.10188E-01  4.68644E+01 -4.77781E+00 -3.68260E+00  4.93929E+04  4.16791E+04  2.24622E+04 -8.51538E+02 -1.16247E+03 -6.48272E+02  3.45348E-04  3.77646E-03  1.92557E-04
       6       6       6  5.28684E-03  5.62925E-03  5.28684E-05  9.14401E-01  6.96110E+00  9.24720E-01  4.37413E+01 -4.29993E+00 -1.44014E+00  2.35973E+04  2.31697E+04  1.29318E+04  2.50467E+02 -5.86659E+02  8.80801E+01  1.07712E-04  5.14905E-03  3.72494E-04
       6       6       7  7.22305E-03  5.46243E-03  7.22305E-05  1.55586E+00  1.18191E+01  1.64754E+00  2.78188E+02 -4.06182E+01  5.08488E+00  9.39307E+04  3.56954E+04  2.52611E+04 -8.00407E+03  1.16716E+03  2.16554E+01  2.36648E-04  5.01079E-03  2.14994E-04
       6       6       8  7.31685E-03  9.49361E-03  7.31685E-05  2.36923E+00  1.77691E+01  2.40656E+00  1.78506E+02 -2.84856E+01  5.66925E+00  4.07004E+04  3.11060E+04  1.22819E+04 -1.61746E+03  8.75950E+02  2.77080E+02  4.48546E-04  8.63655E-03  4.08516E-04
       6       6       9  1.08698E-02  1.01140E-02  1.08698E-04  3.06753E+00  2.37461E+01  3.15733E+00  1.10645E+02 -1.62705E+01  8.43866E-01  1.84207E+04  1.59191E+04  5.58303E+03 -4.90899E+02  1.28282E+03 -5.69831E+01  2.17181E-04  8.96971E-03  9.27101E-04
       6       6      10  1.58717E-02  2.06737E-02  1.58717E-04  8.38152E+00  6.43602E+01  8.79691E+00  2.04467E+02 -2.71115E+01  1.07873E-01  5.94869E+04  1.70400E+04  2.10411E+03 -5.74111E+03  1.60274E+03  1.35452E+02  1.14290E-04  1.57289E-02  4.83055E-03
